/home/anatole/jdk8u/build/linux-x86_64-normal-server-release/jdk/bin/java -Xmx20g -classpath /home/anatole/ycsb/conf:/home/anatole/ycsb/core/target/core-0.18.0-SNAPSHOT.jar:/home/anatole/ycsb/core/target/dependency/HdrHistogram-2.1.4.jar:/home/anatole/ycsb/core/target/dependency/guava-18.0.jar:/home/anatole/ycsb/core/target/dependency/htrace-core4-4.1.0-incubating.jar:/home/anatole/ycsb/core/target/dependency/jackson-core-asl-1.9.4.jar:/home/anatole/ycsb/core/target/dependency/jackson-mapper-asl-1.9.4.jar:/home/anatole/ycsb/core/target/dependency/javax.persistence-api-2.2.jar:/home/anatole/ycsb/core/target/dependency/jnvm-1.0-SNAPSHOT.jar:/home/anatole/ycsb/core/target/dependency/unsafe-helper-1.0.jar:/home/anatole/ycsb/infinispan/src/main/conf:/home/anatole/ycsb/infinispan/target/infinispan-binding-0.18.0-SNAPSHOT.jar:/home/anatole/ycsb/infinispan/target/dependency/caffeine-2.6.2.jar:/home/anatole/ycsb/infinispan/target/dependency/gson-2.8.2.jar:/home/anatole/ycsb/infinispan/target/dependency/guava-18.0.jar:/home/anatole/ycsb/infinispan/target/dependency/infinispan-cachestore-jnvm-1.0-SNAPSHOT.jar:/home/anatole/ycsb/infinispan/target/dependency/infinispan-client-hotrod-9.4.17.Final.jar:/home/anatole/ycsb/infinispan/target/dependency/infinispan-commons-9.4.17.Final.jar:/home/anatole/ycsb/infinispan/target/dependency/infinispan-core-9.4.17.Final.jar:/home/anatole/ycsb/infinispan/target/dependency/infinispan-embedded-9.0.1.Final.jar:/home/anatole/ycsb/infinispan/target/dependency/javax.persistence-api-2.2.jar:/home/anatole/ycsb/infinispan/target/dependency/jboss-logging-3.3.2.Final.jar:/home/anatole/ycsb/infinispan/target/dependency/jboss-marshalling-osgi-2.0.6.Final.jar:/home/anatole/ycsb/infinispan/target/dependency/jboss-transaction-api_1.1_spec-1.0.1.Final.jar:/home/anatole/ycsb/infinispan/target/dependency/jboss-transaction-api_1.2_spec-1.1.1.Final.jar:/home/anatole/ycsb/infinispan/target/dependency/jgroups-4.0.20.Final.jar:/home/anatole/ycsb/infinispan/target/dependency/jnvm-1.0-SNAPSHOT.jar:/home/anatole/ycsb/infinispan/target/dependency/metainf-services-1.7.jar:/home/anatole/ycsb/infinispan/target/dependency/netty-buffer-4.1.42.Final.jar:/home/anatole/ycsb/infinispan/target/dependency/netty-codec-4.1.42.Final.jar:/home/anatole/ycsb/infinispan/target/dependency/netty-common-4.1.42.Final.jar:/home/anatole/ycsb/infinispan/target/dependency/netty-handler-4.1.42.Final.jar:/home/anatole/ycsb/infinispan/target/dependency/netty-resolver-4.1.42.Final.jar:/home/anatole/ycsb/infinispan/target/dependency/netty-transport-4.1.42.Final.jar:/home/anatole/ycsb/infinispan/target/dependency/netty-transport-native-epoll-4.1.42.Final-linux-x86_64.jar:/home/anatole/ycsb/infinispan/target/dependency/netty-transport-native-unix-common-4.1.42.Final.jar:/home/anatole/ycsb/infinispan/target/dependency/reactive-streams-1.0.2.jar:/home/anatole/ycsb/infinispan/target/dependency/rxjava-2.2.4.jar:/home/anatole/ycsb/infinispan/target/dependency/unsafe-helper-1.0.jar site.ycsb.Client -t -db site.ycsb.db.InfinispanJNVMClient -P ../workloads/workloada -threads 1 -p dataintegrity=true -p offheap=true -p recordcount=30000 -p operationcount=100000 -p fieldlength=10000 -p requestdistribution=zipfian -p measurementtype=hdrhistogram -p hdrhistogram.output.path=./out/exp4.objsize.ref/log/infinispan-jnvm.run.workloada.true.30000.1.10000.zipfian.1.hdr.log
[OVERALL], RunTime(ms), 232057
[OVERALL], Throughput(ops/sec), 430.92860805750314
[TOTAL_GCS_PS_Scavenge], Count, 436
[TOTAL_GC_TIME_PS_Scavenge], Time(ms), 2093
[TOTAL_GC_TIME_%_PS_Scavenge], Time(%), 0.901933576664354
[TOTAL_GCS_PS_MarkSweep], Count, 1
[TOTAL_GC_TIME_PS_MarkSweep], Time(ms), 148
[TOTAL_GC_TIME_%_PS_MarkSweep], Time(%), 0.06377743399251046
[TOTAL_GCs], Count, 437
[TOTAL_GC_TIME], Time(ms), 2241
[TOTAL_GC_TIME_%], Time(%), 0.9657110106568645
[READ], Operations, 50068
[READ], AverageLatency(ns), 2548.73595909563
[READ], MinLatency(ns), 512
[READ], MaxLatency(ns), 8388607
[READ], 95thPercentileLatency(ns), 8191
[READ], 99thPercentileLatency(ns), 32767
[READ], Return=OK, 50068
[INIT], Operations, 1
[INIT], AverageLatency(ns), 8.05306368E8
[INIT], MinLatency(ns), 536870912
[INIT], MaxLatency(ns), 1073741823
[INIT], 95thPercentileLatency(ns), 1073741823
[INIT], 99thPercentileLatency(ns), 1073741823
[CLEANUP], Operations, 1
[CLEANUP], AverageLatency(ns), 2.01326592E8
[CLEANUP], MinLatency(ns), 134217728
[CLEANUP], MaxLatency(ns), 268435455
[CLEANUP], 95thPercentileLatency(ns), 268435455
[CLEANUP], 99thPercentileLatency(ns), 268435455
[UPDATE], Operations, 49932
[UPDATE], AverageLatency(ns), 26113.599615477047
[UPDATE], MinLatency(ns), 8192
[UPDATE], MaxLatency(ns), 4194303
[UPDATE], 95thPercentileLatency(ns), 32767
[UPDATE], 99thPercentileLatency(ns), 65535
[UPDATE], Return=OK, 49932
