/home/anatole/jdk8u/build/linux-x86_64-normal-server-release/jdk/bin/java -Xmx20g -XX:+UseG1GC -classpath /home/anatole/ycsb/conf:/home/anatole/ycsb/core/target/core-0.18.0-SNAPSHOT.jar:/home/anatole/ycsb/core/target/dependency/HdrHistogram-2.1.4.jar:/home/anatole/ycsb/core/target/dependency/guava-18.0.jar:/home/anatole/ycsb/core/target/dependency/htrace-core4-4.1.0-incubating.jar:/home/anatole/ycsb/core/target/dependency/jackson-core-asl-1.9.4.jar:/home/anatole/ycsb/core/target/dependency/jackson-mapper-asl-1.9.4.jar:/home/anatole/ycsb/core/target/dependency/javax.persistence-api-2.2.jar:/home/anatole/ycsb/core/target/dependency/jnvm-1.0-SNAPSHOT.jar:/home/anatole/ycsb/core/target/dependency/unsafe-helper-1.0.jar:/home/anatole/ycsb/infinispan/src/main/conf:/home/anatole/ycsb/infinispan/target/infinispan-binding-0.18.0-SNAPSHOT.jar:/home/anatole/ycsb/infinispan/target/dependency/caffeine-2.6.2.jar:/home/anatole/ycsb/infinispan/target/dependency/gson-2.8.2.jar:/home/anatole/ycsb/infinispan/target/dependency/guava-18.0.jar:/home/anatole/ycsb/infinispan/target/dependency/infinispan-cachestore-jnvm-1.0-SNAPSHOT.jar:/home/anatole/ycsb/infinispan/target/dependency/infinispan-client-hotrod-9.4.17.Final.jar:/home/anatole/ycsb/infinispan/target/dependency/infinispan-commons-9.4.17.Final.jar:/home/anatole/ycsb/infinispan/target/dependency/infinispan-core-9.4.17.Final.jar:/home/anatole/ycsb/infinispan/target/dependency/javax.persistence-api-2.2.jar:/home/anatole/ycsb/infinispan/target/dependency/jboss-logging-3.3.2.Final.jar:/home/anatole/ycsb/infinispan/target/dependency/jboss-marshalling-osgi-2.0.6.Final.jar:/home/anatole/ycsb/infinispan/target/dependency/jboss-transaction-api_1.2_spec-1.1.1.Final.jar:/home/anatole/ycsb/infinispan/target/dependency/jgroups-4.0.20.Final.jar:/home/anatole/ycsb/infinispan/target/dependency/jnvm-1.0-SNAPSHOT.jar:/home/anatole/ycsb/infinispan/target/dependency/metainf-services-1.7.jar:/home/anatole/ycsb/infinispan/target/dependency/netty-buffer-4.1.42.Final.jar:/home/anatole/ycsb/infinispan/target/dependency/netty-codec-4.1.42.Final.jar:/home/anatole/ycsb/infinispan/target/dependency/netty-common-4.1.42.Final.jar:/home/anatole/ycsb/infinispan/target/dependency/netty-handler-4.1.42.Final.jar:/home/anatole/ycsb/infinispan/target/dependency/netty-resolver-4.1.42.Final.jar:/home/anatole/ycsb/infinispan/target/dependency/netty-transport-4.1.42.Final.jar:/home/anatole/ycsb/infinispan/target/dependency/netty-transport-native-epoll-4.1.42.Final-linux-x86_64.jar:/home/anatole/ycsb/infinispan/target/dependency/netty-transport-native-unix-common-4.1.42.Final.jar:/home/anatole/ycsb/infinispan/target/dependency/reactive-streams-1.0.2.jar:/home/anatole/ycsb/infinispan/target/dependency/rxjava-2.2.4.jar:/home/anatole/ycsb/infinispan/target/dependency/unsafe-helper-1.0.jar site.ycsb.Client -t -db site.ycsb.db.InfinispanClient -P ../workloads/workloadf -threads 10 -p dataintegrity=true -p offheap=false -p recordcount=15000000 -p operationcount=100000000 -p fieldcount=10 -p requestdistribution=zipfian -p measurement.histogram.verbose=true -p measurementtype=hdrhistogram -p hdrhistogram.output.path=./out/exp00.heapsize.ref/log/infinispan.run.workloadf.true.15000000.150000.10.zipfian.10.false.false.hdr.log
[OVERALL], RunTime(ms), 761051
[OVERALL], Throughput(ops/sec), 131397.23881842347
[TOTAL_GCS_G1_Young_Generation], Count, 592
[TOTAL_GC_TIME_G1_Young_Generation], Time(ms), 64793
[TOTAL_GC_TIME_%_G1_Young_Generation], Time(%), 8.513621294762112
[TOTAL_GCS_G1_Old_Generation], Count, 0
[TOTAL_GC_TIME_G1_Old_Generation], Time(ms), 0
[TOTAL_GC_TIME_%_G1_Old_Generation], Time(%), 0.0
[TOTAL_GCs], Count, 592
[TOTAL_GC_TIME], Time(ms), 64793
[TOTAL_GC_TIME_%], Time(%), 8.513621294762112
[READ], Operations, 100000000
[READ], AverageLatency(ns), 36136.92165696
[READ], MinLatency(ns), 128
[READ], MaxLatency(ns), 2147483647
[READ], 95thPercentileLatency(ns), 131071
[READ], 99thPercentileLatency(ns), 131071
[READ], Return=OK, 100000000
[READ], 255, 40913.0
[READ], 511, 6407487.0
[READ], 1023, 3.3889467E7
[READ], 2047, 6931439.0
[READ], 4095, 1145488.0
[READ], 8191, 362417.0
[READ], 16383, 39158.0
[READ], 32767, 16406.0
[READ], 65535, 3.8212841E7
[READ], 131071, 1.2887415E7
[READ], 262143, 58716.0
[READ], 524287, 3465.0
[READ], 1048575, 1748.0
[READ], 2097151, 276.0
[READ], 4194303, 38.0
[READ], 8388607, 16.0
[READ], 16777215, 2.0
[READ], 33554431, 228.0
[READ], 67108863, 575.0
[READ], 134217727, 1143.0
[READ], 268435455, 638.0
[READ], 536870911, 46.0
[READ], 1073741823, 18.0
[READ], 2147483647, 60.0
[INIT], Operations, 10
[INIT], AverageLatency(ns), 5.1539607552E10
[INIT], MinLatency(ns), 34359738368
[INIT], MaxLatency(ns), 68719476735
[INIT], 95thPercentileLatency(ns), 68719476735
[INIT], 99thPercentileLatency(ns), 68719476735
[INIT], 68719476735, 10.0
[READ-MODIFY-WRITE], Operations, 50005452
[READ-MODIFY-WRITE], AverageLatency(ns), 108928.88553032177
[READ-MODIFY-WRITE], MinLatency(ns), 16384
[READ-MODIFY-WRITE], MaxLatency(ns), 2147483647
[READ-MODIFY-WRITE], 95thPercentileLatency(ns), 262143
[READ-MODIFY-WRITE], 99thPercentileLatency(ns), 262143
[READ-MODIFY-WRITE], 32767, 24726.0
[READ-MODIFY-WRITE], 65535, 1.770064E7
[READ-MODIFY-WRITE], 131071, 2.5485144E7
[READ-MODIFY-WRITE], 262143, 6517170.0
[READ-MODIFY-WRITE], 524287, 258232.0
[READ-MODIFY-WRITE], 1048575, 14113.0
[READ-MODIFY-WRITE], 2097151, 1066.0
[READ-MODIFY-WRITE], 4194303, 145.0
[READ-MODIFY-WRITE], 8388607, 25.0
[READ-MODIFY-WRITE], 16777215, 7.0
[READ-MODIFY-WRITE], 33554431, 341.0
[READ-MODIFY-WRITE], 67108863, 876.0
[READ-MODIFY-WRITE], 134217727, 1818.0
[READ-MODIFY-WRITE], 268435455, 935.0
[READ-MODIFY-WRITE], 536870911, 63.0
[READ-MODIFY-WRITE], 1073741823, 22.0
[READ-MODIFY-WRITE], 2147483647, 129.0
[CLEANUP], Operations, 10
[CLEANUP], AverageLatency(ns), 6.6135785472E9
[CLEANUP], MinLatency(ns), 67108864
[CLEANUP], MaxLatency(ns), 17179869183
[CLEANUP], 95thPercentileLatency(ns), 17179869183
[CLEANUP], 99thPercentileLatency(ns), 17179869183
[CLEANUP], 134217727, 1.0
[CLEANUP], 2147483647, 1.0
[CLEANUP], 8589934591, 6.0
[CLEANUP], 17179869183, 2.0
[UPDATE], Operations, 50005452
[UPDATE], AverageLatency(ns), 73298.30747703271
[UPDATE], MinLatency(ns), 16384
[UPDATE], MaxLatency(ns), 2147483647
[UPDATE], 95thPercentileLatency(ns), 131071
[UPDATE], 99thPercentileLatency(ns), 262143
[UPDATE], Return=OK, 50005452
[UPDATE], 32767, 78955.0
[UPDATE], 65535, 3.7251067E7
[UPDATE], 131071, 1.2060172E7
[UPDATE], 262143, 358692.0
[UPDATE], 524287, 240789.0
[UPDATE], 1048575, 12051.0
[UPDATE], 2097151, 745.0
[UPDATE], 4194303, 109.0
[UPDATE], 8388607, 14.0
[UPDATE], 16777215, 3.0
[UPDATE], 33554431, 235.0
[UPDATE], 67108863, 591.0
[UPDATE], 134217727, 1272.0
[UPDATE], 268435455, 606.0
[UPDATE], 536870911, 41.0
[UPDATE], 1073741823, 11.0
[UPDATE], 2147483647, 99.0
