/home/anatole/jdk8u/build/linux-x86_64-normal-server-release/jdk/bin/java -Xmx30g -XX:+UseG1GC -classpath /home/anatole/ycsb/conf:/home/anatole/ycsb/core/target/core-0.18.0-SNAPSHOT.jar:/home/anatole/ycsb/core/target/dependency/HdrHistogram-2.1.4.jar:/home/anatole/ycsb/core/target/dependency/guava-18.0.jar:/home/anatole/ycsb/core/target/dependency/htrace-core4-4.1.0-incubating.jar:/home/anatole/ycsb/core/target/dependency/jackson-core-asl-1.9.4.jar:/home/anatole/ycsb/core/target/dependency/jackson-mapper-asl-1.9.4.jar:/home/anatole/ycsb/core/target/dependency/javax.persistence-api-2.2.jar:/home/anatole/ycsb/core/target/dependency/jnvm-1.0-SNAPSHOT.jar:/home/anatole/ycsb/core/target/dependency/unsafe-helper-1.0.jar:/home/anatole/ycsb/infinispan/src/main/conf:/home/anatole/ycsb/infinispan/target/infinispan-binding-0.18.0-SNAPSHOT.jar:/home/anatole/ycsb/infinispan/target/dependency/caffeine-2.6.2.jar:/home/anatole/ycsb/infinispan/target/dependency/gson-2.8.2.jar:/home/anatole/ycsb/infinispan/target/dependency/guava-18.0.jar:/home/anatole/ycsb/infinispan/target/dependency/infinispan-cachestore-jnvm-1.0-SNAPSHOT.jar:/home/anatole/ycsb/infinispan/target/dependency/infinispan-client-hotrod-9.4.17.Final.jar:/home/anatole/ycsb/infinispan/target/dependency/infinispan-commons-9.4.17.Final.jar:/home/anatole/ycsb/infinispan/target/dependency/infinispan-core-9.4.17.Final.jar:/home/anatole/ycsb/infinispan/target/dependency/javax.persistence-api-2.2.jar:/home/anatole/ycsb/infinispan/target/dependency/jboss-logging-3.3.2.Final.jar:/home/anatole/ycsb/infinispan/target/dependency/jboss-marshalling-osgi-2.0.6.Final.jar:/home/anatole/ycsb/infinispan/target/dependency/jboss-transaction-api_1.2_spec-1.1.1.Final.jar:/home/anatole/ycsb/infinispan/target/dependency/jgroups-4.0.20.Final.jar:/home/anatole/ycsb/infinispan/target/dependency/jnvm-1.0-SNAPSHOT.jar:/home/anatole/ycsb/infinispan/target/dependency/metainf-services-1.7.jar:/home/anatole/ycsb/infinispan/target/dependency/netty-buffer-4.1.42.Final.jar:/home/anatole/ycsb/infinispan/target/dependency/netty-codec-4.1.42.Final.jar:/home/anatole/ycsb/infinispan/target/dependency/netty-common-4.1.42.Final.jar:/home/anatole/ycsb/infinispan/target/dependency/netty-handler-4.1.42.Final.jar:/home/anatole/ycsb/infinispan/target/dependency/netty-resolver-4.1.42.Final.jar:/home/anatole/ycsb/infinispan/target/dependency/netty-transport-4.1.42.Final.jar:/home/anatole/ycsb/infinispan/target/dependency/netty-transport-native-epoll-4.1.42.Final-linux-x86_64.jar:/home/anatole/ycsb/infinispan/target/dependency/netty-transport-native-unix-common-4.1.42.Final.jar:/home/anatole/ycsb/infinispan/target/dependency/reactive-streams-1.0.2.jar:/home/anatole/ycsb/infinispan/target/dependency/rxjava-2.2.4.jar:/home/anatole/ycsb/infinispan/target/dependency/unsafe-helper-1.0.jar site.ycsb.Client -t -db site.ycsb.db.InfinispanClient -P ../workloads/workloadf -threads 10 -p dataintegrity=true -p offheap=false -p recordcount=15000000 -p operationcount=100000000 -p fieldcount=10 -p requestdistribution=zipfian -p measurement.histogram.verbose=true -p measurementtype=hdrhistogram -p hdrhistogram.output.path=./out/exp00.heapsize.ref/log/infinispan.run.workloadf.true.15000000.1500000.10.zipfian.10.true.false.hdr.log
[OVERALL], RunTime(ms), 408949
[OVERALL], Throughput(ops/sec), 244529.26893084467
[TOTAL_GCS_G1_Young_Generation], Count, 456
[TOTAL_GC_TIME_G1_Young_Generation], Time(ms), 75037
[TOTAL_GC_TIME_%_G1_Young_Generation], Time(%), 18.34874275276379
[TOTAL_GCS_G1_Old_Generation], Count, 0
[TOTAL_GC_TIME_G1_Old_Generation], Time(ms), 0
[TOTAL_GC_TIME_%_G1_Old_Generation], Time(%), 0.0
[TOTAL_GCs], Count, 456
[TOTAL_GC_TIME], Time(ms), 75037
[TOTAL_GC_TIME_%], Time(%), 18.34874275276379
[READ], Operations, 100000000
[READ], AverageLatency(ns), 31070.56726848
[READ], MinLatency(ns), 128
[READ], MaxLatency(ns), 2147483647
[READ], 95thPercentileLatency(ns), 65535
[READ], 99thPercentileLatency(ns), 131071
[READ], Return=OK, 100000000
[READ], 255, 39587.0
[READ], 511, 5573214.0
[READ], 1023, 3.2079454E7
[READ], 2047, 1.8618797E7
[READ], 4095, 2005643.0
[READ], 8191, 1323544.0
[READ], 16383, 283046.0
[READ], 32767, 73347.0
[READ], 65535, 3.6553038E7
[READ], 131071, 3420338.0
[READ], 262143, 17658.0
[READ], 524287, 4153.0
[READ], 1048575, 3272.0
[READ], 2097151, 818.0
[READ], 4194303, 50.0
[READ], 8388607, 48.0
[READ], 16777215, 26.0
[READ], 33554431, 16.0
[READ], 67108863, 18.0
[READ], 134217727, 1201.0
[READ], 268435455, 2343.0
[READ], 536870911, 222.0
[READ], 1073741823, 78.0
[READ], 2147483647, 89.0
[INIT], Operations, 10
[INIT], AverageLatency(ns), 5.1539607552E10
[INIT], MinLatency(ns), 34359738368
[INIT], MaxLatency(ns), 68719476735
[INIT], 95thPercentileLatency(ns), 68719476735
[INIT], 99thPercentileLatency(ns), 68719476735
[INIT], 68719476735, 10.0
[READ-MODIFY-WRITE], Operations, 50007503
[READ-MODIFY-WRITE], AverageLatency(ns), 36548.093065154644
[READ-MODIFY-WRITE], MinLatency(ns), 1024
[READ-MODIFY-WRITE], MaxLatency(ns), 2147483647
[READ-MODIFY-WRITE], 95thPercentileLatency(ns), 131071
[READ-MODIFY-WRITE], 99thPercentileLatency(ns), 131071
[READ-MODIFY-WRITE], 2047, 8210.0
[READ-MODIFY-WRITE], 4095, 5389173.0
[READ-MODIFY-WRITE], 8191, 2.1009508E7
[READ-MODIFY-WRITE], 16383, 3168122.0
[READ-MODIFY-WRITE], 32767, 380198.0
[READ-MODIFY-WRITE], 65535, 1.6660694E7
[READ-MODIFY-WRITE], 131071, 3360147.0
[READ-MODIFY-WRITE], 262143, 23339.0
[READ-MODIFY-WRITE], 524287, 3010.0
[READ-MODIFY-WRITE], 1048575, 2281.0
[READ-MODIFY-WRITE], 2097151, 613.0
[READ-MODIFY-WRITE], 4194303, 49.0
[READ-MODIFY-WRITE], 8388607, 50.0
[READ-MODIFY-WRITE], 16777215, 24.0
[READ-MODIFY-WRITE], 33554431, 16.0
[READ-MODIFY-WRITE], 67108863, 16.0
[READ-MODIFY-WRITE], 134217727, 631.0
[READ-MODIFY-WRITE], 268435455, 1211.0
[READ-MODIFY-WRITE], 536870911, 116.0
[READ-MODIFY-WRITE], 1073741823, 41.0
[READ-MODIFY-WRITE], 2147483647, 54.0
[CLEANUP], Operations, 10
[CLEANUP], AverageLatency(ns), 9.0999619584E9
[CLEANUP], MinLatency(ns), 536870912
[CLEANUP], MaxLatency(ns), 17179869183
[CLEANUP], 95thPercentileLatency(ns), 17179869183
[CLEANUP], 99thPercentileLatency(ns), 17179869183
[CLEANUP], 1073741823, 1.0
[CLEANUP], 8589934591, 4.0
[CLEANUP], 17179869183, 5.0
[UPDATE], Operations, 50007503
[UPDATE], AverageLatency(ns), 5076.12221438051
[UPDATE], MinLatency(ns), 1024
[UPDATE], MaxLatency(ns), 2147483647
[UPDATE], 95thPercentileLatency(ns), 16383
[UPDATE], 99thPercentileLatency(ns), 16383
[UPDATE], Return=OK, 50007503
[UPDATE], 2047, 195405.0
[UPDATE], 4095, 3.7650604E7
[UPDATE], 8191, 9441346.0
[UPDATE], 16383, 2352338.0
[UPDATE], 32767, 317997.0
[UPDATE], 65535, 35379.0
[UPDATE], 131071, 9695.0
[UPDATE], 262143, 3190.0
[UPDATE], 524287, 819.0
[UPDATE], 1048575, 438.0
[UPDATE], 2097151, 106.0
[UPDATE], 4194303, 22.0
[UPDATE], 8388607, 16.0
[UPDATE], 16777215, 14.0
[UPDATE], 33554431, 20.0
[UPDATE], 134217727, 37.0
[UPDATE], 268435455, 57.0
[UPDATE], 536870911, 5.0
[UPDATE], 1073741823, 4.0
[UPDATE], 2147483647, 11.0
