/home/anatole/jdk8u/build/linux-x86_64-normal-server-release/jdk/bin/java -Xmx20g -XX:+UseG1GC -classpath /home/anatole/ycsb/conf:/home/anatole/ycsb/core/target/core-0.18.0-SNAPSHOT.jar:/home/anatole/ycsb/core/target/dependency/HdrHistogram-2.1.4.jar:/home/anatole/ycsb/core/target/dependency/guava-18.0.jar:/home/anatole/ycsb/core/target/dependency/htrace-core4-4.1.0-incubating.jar:/home/anatole/ycsb/core/target/dependency/jackson-core-asl-1.9.4.jar:/home/anatole/ycsb/core/target/dependency/jackson-mapper-asl-1.9.4.jar:/home/anatole/ycsb/core/target/dependency/javax.persistence-api-2.2.jar:/home/anatole/ycsb/core/target/dependency/jnvm-1.0-SNAPSHOT.jar:/home/anatole/ycsb/core/target/dependency/unsafe-helper-1.0.jar:/home/anatole/ycsb/infinispan/src/main/conf:/home/anatole/ycsb/infinispan/target/infinispan-binding-0.18.0-SNAPSHOT.jar:/home/anatole/ycsb/infinispan/target/dependency/caffeine-2.6.2.jar:/home/anatole/ycsb/infinispan/target/dependency/gson-2.8.2.jar:/home/anatole/ycsb/infinispan/target/dependency/guava-18.0.jar:/home/anatole/ycsb/infinispan/target/dependency/infinispan-cachestore-jnvm-1.0-SNAPSHOT.jar:/home/anatole/ycsb/infinispan/target/dependency/infinispan-client-hotrod-9.4.17.Final.jar:/home/anatole/ycsb/infinispan/target/dependency/infinispan-commons-9.4.17.Final.jar:/home/anatole/ycsb/infinispan/target/dependency/infinispan-core-9.4.17.Final.jar:/home/anatole/ycsb/infinispan/target/dependency/javax.persistence-api-2.2.jar:/home/anatole/ycsb/infinispan/target/dependency/jboss-logging-3.3.2.Final.jar:/home/anatole/ycsb/infinispan/target/dependency/jboss-marshalling-osgi-2.0.6.Final.jar:/home/anatole/ycsb/infinispan/target/dependency/jboss-transaction-api_1.2_spec-1.1.1.Final.jar:/home/anatole/ycsb/infinispan/target/dependency/jgroups-4.0.20.Final.jar:/home/anatole/ycsb/infinispan/target/dependency/jnvm-1.0-SNAPSHOT.jar:/home/anatole/ycsb/infinispan/target/dependency/metainf-services-1.7.jar:/home/anatole/ycsb/infinispan/target/dependency/netty-buffer-4.1.42.Final.jar:/home/anatole/ycsb/infinispan/target/dependency/netty-codec-4.1.42.Final.jar:/home/anatole/ycsb/infinispan/target/dependency/netty-common-4.1.42.Final.jar:/home/anatole/ycsb/infinispan/target/dependency/netty-handler-4.1.42.Final.jar:/home/anatole/ycsb/infinispan/target/dependency/netty-resolver-4.1.42.Final.jar:/home/anatole/ycsb/infinispan/target/dependency/netty-transport-4.1.42.Final.jar:/home/anatole/ycsb/infinispan/target/dependency/netty-transport-native-epoll-4.1.42.Final-linux-x86_64.jar:/home/anatole/ycsb/infinispan/target/dependency/netty-transport-native-unix-common-4.1.42.Final.jar:/home/anatole/ycsb/infinispan/target/dependency/reactive-streams-1.0.2.jar:/home/anatole/ycsb/infinispan/target/dependency/rxjava-2.2.4.jar:/home/anatole/ycsb/infinispan/target/dependency/unsafe-helper-1.0.jar site.ycsb.Client -t -db site.ycsb.db.InfinispanClient -P ../workloads/workloadf -threads 10 -p dataintegrity=true -p offheap=false -p recordcount=15000000 -p operationcount=100000000 -p fieldcount=10 -p requestdistribution=zipfian -p measurement.histogram.verbose=true -p measurementtype=hdrhistogram -p hdrhistogram.output.path=./out/exp00.heapsize.ref/log/infinispan.run.workloadf.true.15000000.150000.10.zipfian.10.true.false.hdr.log
[OVERALL], RunTime(ms), 396418
[OVERALL], Throughput(ops/sec), 252258.97915836313
[TOTAL_GCS_G1_Young_Generation], Count, 203
[TOTAL_GC_TIME_G1_Young_Generation], Time(ms), 26950
[TOTAL_GC_TIME_%_G1_Young_Generation], Time(%), 6.798379488317886
[TOTAL_GCS_G1_Old_Generation], Count, 0
[TOTAL_GC_TIME_G1_Old_Generation], Time(ms), 0
[TOTAL_GC_TIME_%_G1_Old_Generation], Time(%), 0.0
[TOTAL_GCs], Count, 203
[TOTAL_GC_TIME], Time(ms), 26950
[TOTAL_GC_TIME_%], Time(%), 6.798379488317886
[READ], Operations, 100000000
[READ], AverageLatency(ns), 29532.20230272
[READ], MinLatency(ns), 128
[READ], MaxLatency(ns), 2147483647
[READ], 95thPercentileLatency(ns), 65535
[READ], 99thPercentileLatency(ns), 131071
[READ], Return=OK, 100000000
[READ], 255, 104242.0
[READ], 511, 1.0370086E7
[READ], 1023, 3.0091432E7
[READ], 2047, 6569011.0
[READ], 4095, 1355617.0
[READ], 8191, 308729.0
[READ], 16383, 14168.0
[READ], 32767, 8991.0
[READ], 65535, 4.9370345E7
[READ], 131071, 1793184.0
[READ], 262143, 5499.0
[READ], 524287, 3769.0
[READ], 1048575, 2823.0
[READ], 2097151, 557.0
[READ], 4194303, 35.0
[READ], 8388607, 33.0
[READ], 16777215, 10.0
[READ], 33554431, 10.0
[READ], 67108863, 10.0
[READ], 134217727, 66.0
[READ], 268435455, 1364.0
[READ], 536870911, 10.0
[READ], 2147483647, 9.0
[INIT], Operations, 10
[INIT], AverageLatency(ns), 5.1539607552E10
[INIT], MinLatency(ns), 34359738368
[INIT], MaxLatency(ns), 68719476735
[INIT], 95thPercentileLatency(ns), 68719476735
[INIT], 99thPercentileLatency(ns), 68719476735
[INIT], 68719476735, 10.0
[READ-MODIFY-WRITE], Operations, 50000667
[READ-MODIFY-WRITE], AverageLatency(ns), 32170.095123571053
[READ-MODIFY-WRITE], MinLatency(ns), 1024
[READ-MODIFY-WRITE], MaxLatency(ns), 2147483647
[READ-MODIFY-WRITE], 95thPercentileLatency(ns), 65535
[READ-MODIFY-WRITE], 99thPercentileLatency(ns), 131071
[READ-MODIFY-WRITE], 2047, 39173.0
[READ-MODIFY-WRITE], 4095, 9855395.0
[READ-MODIFY-WRITE], 8191, 1.3749344E7
[READ-MODIFY-WRITE], 16383, 716253.0
[READ-MODIFY-WRITE], 32767, 42898.0
[READ-MODIFY-WRITE], 65535, 2.4251337E7
[READ-MODIFY-WRITE], 131071, 1332825.0
[READ-MODIFY-WRITE], 262143, 7803.0
[READ-MODIFY-WRITE], 524287, 2471.0
[READ-MODIFY-WRITE], 1048575, 1892.0
[READ-MODIFY-WRITE], 2097151, 409.0
[READ-MODIFY-WRITE], 4194303, 60.0
[READ-MODIFY-WRITE], 8388607, 27.0
[READ-MODIFY-WRITE], 16777215, 13.0
[READ-MODIFY-WRITE], 33554431, 4.0
[READ-MODIFY-WRITE], 67108863, 11.0
[READ-MODIFY-WRITE], 134217727, 30.0
[READ-MODIFY-WRITE], 268435455, 713.0
[READ-MODIFY-WRITE], 536870911, 5.0
[READ-MODIFY-WRITE], 2147483647, 4.0
[CLEANUP], Operations, 10
[CLEANUP], AverageLatency(ns), 2.3202889728E10
[CLEANUP], MinLatency(ns), 67108864
[CLEANUP], MaxLatency(ns), 34359738367
[CLEANUP], 95thPercentileLatency(ns), 34359738367
[CLEANUP], 99thPercentileLatency(ns), 34359738367
[CLEANUP], 134217727, 1.0
[CLEANUP], 34359738367, 9.0
[UPDATE], Operations, 50000667
[UPDATE], AverageLatency(ns), 3688.5309319573676
[UPDATE], MinLatency(ns), 1024
[UPDATE], MaxLatency(ns), 268435455
[UPDATE], 95thPercentileLatency(ns), 8191
[UPDATE], 99thPercentileLatency(ns), 16383
[UPDATE], Return=OK, 50000667
[UPDATE], 2047, 785586.0
[UPDATE], 4095, 4.2378377E7
[UPDATE], 8191, 6300593.0
[UPDATE], 16383, 461244.0
[UPDATE], 32767, 62029.0
[UPDATE], 65535, 7168.0
[UPDATE], 131071, 2768.0
[UPDATE], 262143, 1794.0
[UPDATE], 524287, 679.0
[UPDATE], 1048575, 260.0
[UPDATE], 2097151, 78.0
[UPDATE], 4194303, 40.0
[UPDATE], 8388607, 8.0
[UPDATE], 16777215, 8.0
[UPDATE], 33554431, 10.0
[UPDATE], 268435455, 25.0
