/home/anatole/jdk8u/build/linux-x86_64-normal-server-release/jdk/bin/java -Xmx30g -XX:+UseG1GC -classpath /home/anatole/ycsb/conf:/home/anatole/ycsb/core/target/core-0.18.0-SNAPSHOT.jar:/home/anatole/ycsb/core/target/dependency/HdrHistogram-2.1.4.jar:/home/anatole/ycsb/core/target/dependency/guava-18.0.jar:/home/anatole/ycsb/core/target/dependency/htrace-core4-4.1.0-incubating.jar:/home/anatole/ycsb/core/target/dependency/jackson-core-asl-1.9.4.jar:/home/anatole/ycsb/core/target/dependency/jackson-mapper-asl-1.9.4.jar:/home/anatole/ycsb/core/target/dependency/javax.persistence-api-2.2.jar:/home/anatole/ycsb/core/target/dependency/jnvm-1.0-SNAPSHOT.jar:/home/anatole/ycsb/core/target/dependency/unsafe-helper-1.0.jar:/home/anatole/ycsb/infinispan/src/main/conf:/home/anatole/ycsb/infinispan/target/infinispan-binding-0.18.0-SNAPSHOT.jar:/home/anatole/ycsb/infinispan/target/dependency/caffeine-2.6.2.jar:/home/anatole/ycsb/infinispan/target/dependency/gson-2.8.2.jar:/home/anatole/ycsb/infinispan/target/dependency/guava-18.0.jar:/home/anatole/ycsb/infinispan/target/dependency/infinispan-cachestore-jnvm-1.0-SNAPSHOT.jar:/home/anatole/ycsb/infinispan/target/dependency/infinispan-client-hotrod-9.4.17.Final.jar:/home/anatole/ycsb/infinispan/target/dependency/infinispan-commons-9.4.17.Final.jar:/home/anatole/ycsb/infinispan/target/dependency/infinispan-core-9.4.17.Final.jar:/home/anatole/ycsb/infinispan/target/dependency/javax.persistence-api-2.2.jar:/home/anatole/ycsb/infinispan/target/dependency/jboss-logging-3.3.2.Final.jar:/home/anatole/ycsb/infinispan/target/dependency/jboss-marshalling-osgi-2.0.6.Final.jar:/home/anatole/ycsb/infinispan/target/dependency/jboss-transaction-api_1.2_spec-1.1.1.Final.jar:/home/anatole/ycsb/infinispan/target/dependency/jgroups-4.0.20.Final.jar:/home/anatole/ycsb/infinispan/target/dependency/jnvm-1.0-SNAPSHOT.jar:/home/anatole/ycsb/infinispan/target/dependency/metainf-services-1.7.jar:/home/anatole/ycsb/infinispan/target/dependency/netty-buffer-4.1.42.Final.jar:/home/anatole/ycsb/infinispan/target/dependency/netty-codec-4.1.42.Final.jar:/home/anatole/ycsb/infinispan/target/dependency/netty-common-4.1.42.Final.jar:/home/anatole/ycsb/infinispan/target/dependency/netty-handler-4.1.42.Final.jar:/home/anatole/ycsb/infinispan/target/dependency/netty-resolver-4.1.42.Final.jar:/home/anatole/ycsb/infinispan/target/dependency/netty-transport-4.1.42.Final.jar:/home/anatole/ycsb/infinispan/target/dependency/netty-transport-native-epoll-4.1.42.Final-linux-x86_64.jar:/home/anatole/ycsb/infinispan/target/dependency/netty-transport-native-unix-common-4.1.42.Final.jar:/home/anatole/ycsb/infinispan/target/dependency/reactive-streams-1.0.2.jar:/home/anatole/ycsb/infinispan/target/dependency/rxjava-2.2.4.jar:/home/anatole/ycsb/infinispan/target/dependency/unsafe-helper-1.0.jar site.ycsb.Client -t -db site.ycsb.db.InfinispanClient -P ../workloads/workloadf -threads 10 -p dataintegrity=true -p offheap=false -p recordcount=15000000 -p operationcount=100000000 -p fieldcount=10 -p requestdistribution=zipfian -p measurement.histogram.verbose=true -p measurementtype=hdrhistogram -p hdrhistogram.output.path=./out/exp00.heapsize.ref/log/infinispan.run.workloadf.true.15000000.1500000.10.zipfian.10.true.true.hdr.log
[OVERALL], RunTime(ms), 499905
[OVERALL], Throughput(ops/sec), 200038.00722137207
[TOTAL_GCS_G1_Young_Generation], Count, 507
[TOTAL_GC_TIME_G1_Young_Generation], Time(ms), 75117
[TOTAL_GC_TIME_%_G1_Young_Generation], Time(%), 15.026254988447803
[TOTAL_GCS_G1_Old_Generation], Count, 0
[TOTAL_GC_TIME_G1_Old_Generation], Time(ms), 0
[TOTAL_GC_TIME_%_G1_Old_Generation], Time(%), 0.0
[TOTAL_GCs], Count, 507
[TOTAL_GC_TIME], Time(ms), 75117
[TOTAL_GC_TIME_%], Time(%), 15.026254988447803
[READ], Operations, 100000000
[READ], AverageLatency(ns), 31195.370832
[READ], MinLatency(ns), 128
[READ], MaxLatency(ns), 2147483647
[READ], 95thPercentileLatency(ns), 65535
[READ], 99thPercentileLatency(ns), 131071
[READ], Return=OK, 100000000
[READ], 255, 563.0
[READ], 511, 2021344.0
[READ], 1023, 3.1980411E7
[READ], 2047, 2.2718792E7
[READ], 4095, 1750413.0
[READ], 8191, 1262050.0
[READ], 16383, 260281.0
[READ], 32767, 59282.0
[READ], 65535, 3.6052924E7
[READ], 131071, 3865409.0
[READ], 262143, 16939.0
[READ], 524287, 3905.0
[READ], 1048575, 3148.0
[READ], 2097151, 663.0
[READ], 4194303, 36.0
[READ], 8388607, 11.0
[READ], 16777215, 11.0
[READ], 33554431, 4.0
[READ], 67108863, 165.0
[READ], 134217727, 1126.0
[READ], 268435455, 2106.0
[READ], 536870911, 242.0
[READ], 1073741823, 55.0
[READ], 2147483647, 120.0
[INIT], Operations, 10
[INIT], AverageLatency(ns), 2.06158430208E11
[INIT], MinLatency(ns), 137438953472
[INIT], MaxLatency(ns), 274877906943
[INIT], 95thPercentileLatency(ns), 274877906943
[INIT], 99thPercentileLatency(ns), 274877906943
[INIT], 274877906943, 10.0
[READ-MODIFY-WRITE], Operations, 50011872
[READ-MODIFY-WRITE], AverageLatency(ns), 37478.492174977975
[READ-MODIFY-WRITE], MinLatency(ns), 1024
[READ-MODIFY-WRITE], MaxLatency(ns), 2147483647
[READ-MODIFY-WRITE], 95thPercentileLatency(ns), 131071
[READ-MODIFY-WRITE], 99thPercentileLatency(ns), 131071
[READ-MODIFY-WRITE], 2047, 22.0
[READ-MODIFY-WRITE], 4095, 3072358.0
[READ-MODIFY-WRITE], 8191, 2.3278085E7
[READ-MODIFY-WRITE], 16383, 3291796.0
[READ-MODIFY-WRITE], 32767, 360633.0
[READ-MODIFY-WRITE], 65535, 1.6003811E7
[READ-MODIFY-WRITE], 131071, 3976677.0
[READ-MODIFY-WRITE], 262143, 20851.0
[READ-MODIFY-WRITE], 524287, 2744.0
[READ-MODIFY-WRITE], 1048575, 2215.0
[READ-MODIFY-WRITE], 2097151, 530.0
[READ-MODIFY-WRITE], 4194303, 39.0
[READ-MODIFY-WRITE], 8388607, 9.0
[READ-MODIFY-WRITE], 16777215, 3.0
[READ-MODIFY-WRITE], 33554431, 11.0
[READ-MODIFY-WRITE], 67108863, 98.0
[READ-MODIFY-WRITE], 134217727, 597.0
[READ-MODIFY-WRITE], 268435455, 1137.0
[READ-MODIFY-WRITE], 536870911, 159.0
[READ-MODIFY-WRITE], 1073741823, 34.0
[READ-MODIFY-WRITE], 2147483647, 63.0
[CLEANUP], Operations, 10
[CLEANUP], AverageLatency(ns), 8.2946555904E9
[CLEANUP], MinLatency(ns), 536870912
[CLEANUP], MaxLatency(ns), 17179869183
[CLEANUP], 95thPercentileLatency(ns), 17179869183
[CLEANUP], 99thPercentileLatency(ns), 17179869183
[CLEANUP], 1073741823, 1.0
[CLEANUP], 2147483647, 1.0
[CLEANUP], 4294967295, 1.0
[CLEANUP], 8589934591, 2.0
[CLEANUP], 17179869183, 5.0
[UPDATE], Operations, 50011872
[UPDATE], AverageLatency(ns), 5270.089592807084
[UPDATE], MinLatency(ns), 1024
[UPDATE], MaxLatency(ns), 2147483647
[UPDATE], 95thPercentileLatency(ns), 16383
[UPDATE], 99thPercentileLatency(ns), 16383
[UPDATE], Return=OK, 50011872
[UPDATE], 2047, 52065.0
[UPDATE], 4095, 3.5308282E7
[UPDATE], 8191, 1.1743909E7
[UPDATE], 16383, 2570618.0
[UPDATE], 32767, 297761.0
[UPDATE], 65535, 27171.0
[UPDATE], 131071, 8050.0
[UPDATE], 262143, 2582.0
[UPDATE], 524287, 734.0
[UPDATE], 1048575, 409.0
[UPDATE], 2097151, 96.0
[UPDATE], 4194303, 17.0
[UPDATE], 8388607, 5.0
[UPDATE], 16777215, 9.0
[UPDATE], 33554431, 8.0
[UPDATE], 67108863, 10.0
[UPDATE], 134217727, 40.0
[UPDATE], 268435455, 69.0
[UPDATE], 536870911, 30.0
[UPDATE], 1073741823, 2.0
[UPDATE], 2147483647, 5.0
