/home/anatole/jdk8u/build/linux-x86_64-normal-server-release/jdk/bin/java -Xmx100g -XX:+UseG1GC -XX:+UseNUMA -classpath /home/anatole/ycsb/conf:/home/anatole/ycsb/core/target/core-0.18.0-SNAPSHOT.jar:/home/anatole/ycsb/core/target/dependency/HdrHistogram-2.1.4.jar:/home/anatole/ycsb/core/target/dependency/guava-18.0.jar:/home/anatole/ycsb/core/target/dependency/htrace-core4-4.1.0-incubating.jar:/home/anatole/ycsb/core/target/dependency/jackson-core-asl-1.9.4.jar:/home/anatole/ycsb/core/target/dependency/jackson-mapper-asl-1.9.4.jar:/home/anatole/ycsb/core/target/dependency/javax.persistence-api-2.2.jar:/home/anatole/ycsb/core/target/dependency/jnvm-1.0-SNAPSHOT.jar:/home/anatole/ycsb/core/target/dependency/unsafe-helper-1.0.jar:/home/anatole/ycsb/infinispan/src/main/conf:/home/anatole/ycsb/infinispan/target/infinispan-binding-0.18.0-SNAPSHOT.jar:/home/anatole/ycsb/infinispan/target/dependency/caffeine-2.6.2.jar:/home/anatole/ycsb/infinispan/target/dependency/gson-2.8.2.jar:/home/anatole/ycsb/infinispan/target/dependency/guava-18.0.jar:/home/anatole/ycsb/infinispan/target/dependency/infinispan-cachestore-jnvm-1.0-SNAPSHOT.jar:/home/anatole/ycsb/infinispan/target/dependency/infinispan-client-hotrod-9.4.17.Final.jar:/home/anatole/ycsb/infinispan/target/dependency/infinispan-commons-9.4.17.Final.jar:/home/anatole/ycsb/infinispan/target/dependency/infinispan-core-9.4.17.Final.jar:/home/anatole/ycsb/infinispan/target/dependency/javax.persistence-api-2.2.jar:/home/anatole/ycsb/infinispan/target/dependency/jboss-logging-3.3.2.Final.jar:/home/anatole/ycsb/infinispan/target/dependency/jboss-marshalling-osgi-2.0.6.Final.jar:/home/anatole/ycsb/infinispan/target/dependency/jboss-transaction-api_1.2_spec-1.1.1.Final.jar:/home/anatole/ycsb/infinispan/target/dependency/jgroups-4.0.20.Final.jar:/home/anatole/ycsb/infinispan/target/dependency/jnvm-1.0-SNAPSHOT.jar:/home/anatole/ycsb/infinispan/target/dependency/metainf-services-1.7.jar:/home/anatole/ycsb/infinispan/target/dependency/netty-buffer-4.1.42.Final.jar:/home/anatole/ycsb/infinispan/target/dependency/netty-codec-4.1.42.Final.jar:/home/anatole/ycsb/infinispan/target/dependency/netty-common-4.1.42.Final.jar:/home/anatole/ycsb/infinispan/target/dependency/netty-handler-4.1.42.Final.jar:/home/anatole/ycsb/infinispan/target/dependency/netty-resolver-4.1.42.Final.jar:/home/anatole/ycsb/infinispan/target/dependency/netty-transport-4.1.42.Final.jar:/home/anatole/ycsb/infinispan/target/dependency/netty-transport-native-epoll-4.1.42.Final-linux-x86_64.jar:/home/anatole/ycsb/infinispan/target/dependency/netty-transport-native-unix-common-4.1.42.Final.jar:/home/anatole/ycsb/infinispan/target/dependency/reactive-streams-1.0.2.jar:/home/anatole/ycsb/infinispan/target/dependency/rxjava-2.2.4.jar:/home/anatole/ycsb/infinispan/target/dependency/unsafe-helper-1.0.jar site.ycsb.Client -t -db site.ycsb.db.InfinispanClient -P ../workloads/workloadf -threads 10 -p dataintegrity=true -p offheap=false -p recordcount=15000000 -p operationcount=100000000 -p fieldcount=10 -p requestdistribution=zipfian -p measurement.histogram.verbose=true -p measurementtype=hdrhistogram -p hdrhistogram.output.path=./out/exp00.heapsize.ref/log/infinispan.run.workloadf.true.15000000.15000000.10.zipfian.10.true.true.hdr.log
[OVERALL], RunTime(ms), 898153
[OVERALL], Throughput(ops/sec), 111339.60472213532
[TOTAL_GCS_G1_Young_Generation], Count, 255
[TOTAL_GC_TIME_G1_Young_Generation], Time(ms), 76935
[TOTAL_GC_TIME_%_G1_Young_Generation], Time(%), 8.565912489297482
[TOTAL_GCS_G1_Old_Generation], Count, 0
[TOTAL_GC_TIME_G1_Old_Generation], Time(ms), 0
[TOTAL_GC_TIME_%_G1_Old_Generation], Time(%), 0.0
[TOTAL_GCs], Count, 255
[TOTAL_GC_TIME], Time(ms), 76935
[TOTAL_GC_TIME_%], Time(%), 8.565912489297482
[READ], Operations, 100000000
[READ], AverageLatency(ns), 3554.15759232
[READ], MinLatency(ns), 128
[READ], MaxLatency(ns), 1073741823
[READ], 95thPercentileLatency(ns), 8191
[READ], 99thPercentileLatency(ns), 65535
[READ], Return=OK, 100000000
[READ], 255, 22158.0
[READ], 511, 2172858.0
[READ], 1023, 1.7561958E7
[READ], 2047, 5.9946331E7
[READ], 4095, 1.4400407E7
[READ], 8191, 1559662.0
[READ], 16383, 1382088.0
[READ], 32767, 1395493.0
[READ], 65535, 1235316.0
[READ], 131071, 314205.0
[READ], 262143, 8668.0
[READ], 524287, 481.0
[READ], 1048575, 124.0
[READ], 2097151, 78.0
[READ], 4194303, 48.0
[READ], 8388607, 18.0
[READ], 268435455, 48.0
[READ], 536870911, 18.0
[READ], 1073741823, 41.0
[INIT], Operations, 10
[INIT], AverageLatency(ns), 8.24633720832E11
[INIT], MinLatency(ns), 549755813888
[INIT], MaxLatency(ns), 1099511627775
[INIT], 95thPercentileLatency(ns), 1099511627775
[INIT], 99thPercentileLatency(ns), 1099511627775
[INIT], 1099511627775, 10.0
[READ-MODIFY-WRITE], Operations, 50005306
[READ-MODIFY-WRITE], AverageLatency(ns), 24215.2741509471
[READ-MODIFY-WRITE], MinLatency(ns), 1024
[READ-MODIFY-WRITE], MaxLatency(ns), 2147483647
[READ-MODIFY-WRITE], 95thPercentileLatency(ns), 65535
[READ-MODIFY-WRITE], 99thPercentileLatency(ns), 131071
[READ-MODIFY-WRITE], 2047, 568.0
[READ-MODIFY-WRITE], 4095, 102096.0
[READ-MODIFY-WRITE], 8191, 1.2858734E7
[READ-MODIFY-WRITE], 16383, 2.8083835E7
[READ-MODIFY-WRITE], 32767, 5612077.0
[READ-MODIFY-WRITE], 65535, 2214277.0
[READ-MODIFY-WRITE], 131071, 1018579.0
[READ-MODIFY-WRITE], 262143, 104635.0
[READ-MODIFY-WRITE], 524287, 4877.0
[READ-MODIFY-WRITE], 1048575, 2891.0
[READ-MODIFY-WRITE], 2097151, 1564.0
[READ-MODIFY-WRITE], 4194303, 436.0
[READ-MODIFY-WRITE], 8388607, 138.0
[READ-MODIFY-WRITE], 16777215, 12.0
[READ-MODIFY-WRITE], 33554431, 11.0
[READ-MODIFY-WRITE], 268435455, 211.0
[READ-MODIFY-WRITE], 536870911, 96.0
[READ-MODIFY-WRITE], 1073741823, 130.0
[READ-MODIFY-WRITE], 2147483647, 139.0
[CLEANUP], Operations, 10
[CLEANUP], AverageLatency(ns), 2.5769803776E10
[CLEANUP], MinLatency(ns), 17179869184
[CLEANUP], MaxLatency(ns), 34359738367
[CLEANUP], 95thPercentileLatency(ns), 34359738367
[CLEANUP], 99thPercentileLatency(ns), 34359738367
[CLEANUP], 34359738367, 10.0
[UPDATE], Operations, 50005306
[UPDATE], AverageLatency(ns), 17933.95213731919
[UPDATE], MinLatency(ns), 1024
[UPDATE], MaxLatency(ns), 2147483647
[UPDATE], 95thPercentileLatency(ns), 32767
[UPDATE], 99thPercentileLatency(ns), 131071
[UPDATE], Return=OK, 50005306
[UPDATE], 2047, 5242.0
[UPDATE], 4095, 3757043.0
[UPDATE], 8191, 3.3154068E7
[UPDATE], 16383, 8984446.0
[UPDATE], 32767, 2224341.0
[UPDATE], 65535, 1191316.0
[UPDATE], 131071, 603554.0
[UPDATE], 262143, 75978.0
[UPDATE], 524287, 4014.0
[UPDATE], 1048575, 2753.0
[UPDATE], 2097151, 1500.0
[UPDATE], 4194303, 402.0
[UPDATE], 8388607, 125.0
[UPDATE], 16777215, 12.0
[UPDATE], 33554431, 11.0
[UPDATE], 268435455, 175.0
[UPDATE], 536870911, 86.0
[UPDATE], 1073741823, 101.0
[UPDATE], 2147483647, 139.0
