/home/anatole/jdk8u/build/linux-x86_64-normal-server-release/jdk/bin/java -Xmx100g -XX:+UseG1GC -XX:+UseNUMA -classpath /home/anatole/ycsb/conf:/home/anatole/ycsb/core/target/core-0.18.0-SNAPSHOT.jar:/home/anatole/ycsb/core/target/dependency/HdrHistogram-2.1.4.jar:/home/anatole/ycsb/core/target/dependency/guava-18.0.jar:/home/anatole/ycsb/core/target/dependency/htrace-core4-4.1.0-incubating.jar:/home/anatole/ycsb/core/target/dependency/jackson-core-asl-1.9.4.jar:/home/anatole/ycsb/core/target/dependency/jackson-mapper-asl-1.9.4.jar:/home/anatole/ycsb/core/target/dependency/javax.persistence-api-2.2.jar:/home/anatole/ycsb/core/target/dependency/jnvm-1.0-SNAPSHOT.jar:/home/anatole/ycsb/core/target/dependency/unsafe-helper-1.0.jar:/home/anatole/ycsb/infinispan/src/main/conf:/home/anatole/ycsb/infinispan/target/infinispan-binding-0.18.0-SNAPSHOT.jar:/home/anatole/ycsb/infinispan/target/dependency/caffeine-2.6.2.jar:/home/anatole/ycsb/infinispan/target/dependency/gson-2.8.2.jar:/home/anatole/ycsb/infinispan/target/dependency/guava-18.0.jar:/home/anatole/ycsb/infinispan/target/dependency/infinispan-cachestore-jnvm-1.0-SNAPSHOT.jar:/home/anatole/ycsb/infinispan/target/dependency/infinispan-client-hotrod-9.4.17.Final.jar:/home/anatole/ycsb/infinispan/target/dependency/infinispan-commons-9.4.17.Final.jar:/home/anatole/ycsb/infinispan/target/dependency/infinispan-core-9.4.17.Final.jar:/home/anatole/ycsb/infinispan/target/dependency/javax.persistence-api-2.2.jar:/home/anatole/ycsb/infinispan/target/dependency/jboss-logging-3.3.2.Final.jar:/home/anatole/ycsb/infinispan/target/dependency/jboss-marshalling-osgi-2.0.6.Final.jar:/home/anatole/ycsb/infinispan/target/dependency/jboss-transaction-api_1.2_spec-1.1.1.Final.jar:/home/anatole/ycsb/infinispan/target/dependency/jgroups-4.0.20.Final.jar:/home/anatole/ycsb/infinispan/target/dependency/jnvm-1.0-SNAPSHOT.jar:/home/anatole/ycsb/infinispan/target/dependency/metainf-services-1.7.jar:/home/anatole/ycsb/infinispan/target/dependency/netty-buffer-4.1.42.Final.jar:/home/anatole/ycsb/infinispan/target/dependency/netty-codec-4.1.42.Final.jar:/home/anatole/ycsb/infinispan/target/dependency/netty-common-4.1.42.Final.jar:/home/anatole/ycsb/infinispan/target/dependency/netty-handler-4.1.42.Final.jar:/home/anatole/ycsb/infinispan/target/dependency/netty-resolver-4.1.42.Final.jar:/home/anatole/ycsb/infinispan/target/dependency/netty-transport-4.1.42.Final.jar:/home/anatole/ycsb/infinispan/target/dependency/netty-transport-native-epoll-4.1.42.Final-linux-x86_64.jar:/home/anatole/ycsb/infinispan/target/dependency/netty-transport-native-unix-common-4.1.42.Final.jar:/home/anatole/ycsb/infinispan/target/dependency/reactive-streams-1.0.2.jar:/home/anatole/ycsb/infinispan/target/dependency/rxjava-2.2.4.jar:/home/anatole/ycsb/infinispan/target/dependency/unsafe-helper-1.0.jar site.ycsb.Client -t -db site.ycsb.db.InfinispanClient -P ../workloads/workloadf -threads 10 -p dataintegrity=true -p offheap=false -p recordcount=15000000 -p operationcount=100000000 -p fieldcount=10 -p requestdistribution=zipfian -p measurement.histogram.verbose=true -p measurementtype=hdrhistogram -p hdrhistogram.output.path=./out/exp00.heapsize.ref/log/infinispan.run.workloadf.true.15000000.15000000.10.zipfian.10.false.false.hdr.log
[OVERALL], RunTime(ms), 981363
[OVERALL], Throughput(ops/sec), 101899.09340376599
[TOTAL_GCS_G1_Young_Generation], Count, 368
[TOTAL_GC_TIME_G1_Young_Generation], Time(ms), 92400
[TOTAL_GC_TIME_%_G1_Young_Generation], Time(%), 9.415476230507977
[TOTAL_GCS_G1_Old_Generation], Count, 0
[TOTAL_GC_TIME_G1_Old_Generation], Time(ms), 0
[TOTAL_GC_TIME_%_G1_Old_Generation], Time(%), 0.0
[TOTAL_GCs], Count, 368
[TOTAL_GC_TIME], Time(ms), 92400
[TOTAL_GC_TIME_%], Time(%), 9.415476230507977
[READ], Operations, 100000000
[READ], AverageLatency(ns), 20724.29850432
[READ], MinLatency(ns), 128
[READ], MaxLatency(ns), 4294967295
[READ], 95thPercentileLatency(ns), 131071
[READ], 99thPercentileLatency(ns), 262143
[READ], Return=OK, 100000000
[READ], 255, 174603.0
[READ], 511, 2480326.0
[READ], 1023, 2.307178E7
[READ], 2047, 5.2814029E7
[READ], 4095, 5989655.0
[READ], 8191, 612380.0
[READ], 16383, 462775.0
[READ], 32767, 334010.0
[READ], 65535, 2546563.0
[READ], 131071, 8175310.0
[READ], 262143, 3113613.0
[READ], 524287, 211541.0
[READ], 1048575, 10044.0
[READ], 2097151, 2202.0
[READ], 4194303, 229.0
[READ], 8388607, 49.0
[READ], 16777215, 22.0
[READ], 33554431, 21.0
[READ], 67108863, 26.0
[READ], 134217727, 29.0
[READ], 268435455, 567.0
[READ], 536870911, 121.0
[READ], 1073741823, 72.0
[READ], 2147483647, 20.0
[READ], 4294967295, 13.0
[INIT], Operations, 10
[INIT], AverageLatency(ns), 5.1539607552E10
[INIT], MinLatency(ns), 34359738368
[INIT], MaxLatency(ns), 68719476735
[INIT], 95thPercentileLatency(ns), 68719476735
[INIT], 99thPercentileLatency(ns), 68719476735
[INIT], 68719476735, 10.0
[READ-MODIFY-WRITE], Operations, 49997965
[READ-MODIFY-WRITE], AverageLatency(ns), 164747.21048378668
[READ-MODIFY-WRITE], MinLatency(ns), 16384
[READ-MODIFY-WRITE], MaxLatency(ns), 4294967295
[READ-MODIFY-WRITE], 95thPercentileLatency(ns), 524287
[READ-MODIFY-WRITE], 99thPercentileLatency(ns), 524287
[READ-MODIFY-WRITE], 32767, 16856.0
[READ-MODIFY-WRITE], 65535, 9203722.0
[READ-MODIFY-WRITE], 131071, 2.8338311E7
[READ-MODIFY-WRITE], 262143, 9932748.0
[READ-MODIFY-WRITE], 524287, 2302092.0
[READ-MODIFY-WRITE], 1048575, 187790.0
[READ-MODIFY-WRITE], 2097151, 11160.0
[READ-MODIFY-WRITE], 4194303, 1146.0
[READ-MODIFY-WRITE], 8388607, 360.0
[READ-MODIFY-WRITE], 16777215, 78.0
[READ-MODIFY-WRITE], 33554431, 15.0
[READ-MODIFY-WRITE], 67108863, 13.0
[READ-MODIFY-WRITE], 134217727, 43.0
[READ-MODIFY-WRITE], 268435455, 1934.0
[READ-MODIFY-WRITE], 536870911, 570.0
[READ-MODIFY-WRITE], 1073741823, 669.0
[READ-MODIFY-WRITE], 2147483647, 416.0
[READ-MODIFY-WRITE], 4294967295, 42.0
[CLEANUP], Operations, 10
[CLEANUP], AverageLatency(ns), 3.35007449088E10
[CLEANUP], MinLatency(ns), 17179869184
[CLEANUP], MaxLatency(ns), 68719476735
[CLEANUP], 95thPercentileLatency(ns), 68719476735
[CLEANUP], 99thPercentileLatency(ns), 68719476735
[CLEANUP], 34359738367, 7.0
[CLEANUP], 68719476735, 3.0
[UPDATE], Operations, 49997965
[UPDATE], AverageLatency(ns), 142600.6449956913
[UPDATE], MinLatency(ns), 16384
[UPDATE], MaxLatency(ns), 4294967295
[UPDATE], 95thPercentileLatency(ns), 262143
[UPDATE], 99thPercentileLatency(ns), 524287
[UPDATE], Return=OK, 49997965
[UPDATE], 32767, 28183.0
[UPDATE], 65535, 1.3227716E7
[UPDATE], 131071, 2.9745939E7
[UPDATE], 262143, 5552632.0
[UPDATE], 524287, 1276515.0
[UPDATE], 1048575, 154995.0
[UPDATE], 2097151, 7379.0
[UPDATE], 4194303, 932.0
[UPDATE], 8388607, 337.0
[UPDATE], 16777215, 63.0
[UPDATE], 33554431, 2.0
[UPDATE], 67108863, 4.0
[UPDATE], 134217727, 29.0
[UPDATE], 268435455, 1663.0
[UPDATE], 536870911, 503.0
[UPDATE], 1073741823, 629.0
[UPDATE], 2147483647, 407.0
[UPDATE], 4294967295, 37.0
