/home/anatole/jdk8u/build/linux-x86_64-normal-server-release/jdk/bin/java -Xmx20g -classpath /home/anatole/ycsb/conf:/home/anatole/ycsb/core/target/core-0.18.0-SNAPSHOT.jar:/home/anatole/ycsb/core/target/dependency/HdrHistogram-2.1.4.jar:/home/anatole/ycsb/core/target/dependency/guava-18.0.jar:/home/anatole/ycsb/core/target/dependency/htrace-core4-4.1.0-incubating.jar:/home/anatole/ycsb/core/target/dependency/jackson-core-asl-1.9.4.jar:/home/anatole/ycsb/core/target/dependency/jackson-mapper-asl-1.9.4.jar:/home/anatole/ycsb/core/target/dependency/javax.persistence-api-2.2.jar:/home/anatole/ycsb/core/target/dependency/jnvm-1.0-SNAPSHOT.jar:/home/anatole/ycsb/core/target/dependency/unsafe-helper-1.0.jar:/home/anatole/ycsb/infinispan/src/main/conf:/home/anatole/ycsb/infinispan/target/infinispan-binding-0.18.0-SNAPSHOT.jar:/home/anatole/ycsb/infinispan/target/dependency/caffeine-2.6.2.jar:/home/anatole/ycsb/infinispan/target/dependency/gson-2.8.2.jar:/home/anatole/ycsb/infinispan/target/dependency/guava-18.0.jar:/home/anatole/ycsb/infinispan/target/dependency/infinispan-cachestore-jnvm-1.0-SNAPSHOT.jar:/home/anatole/ycsb/infinispan/target/dependency/infinispan-client-hotrod-9.4.17.Final.jar:/home/anatole/ycsb/infinispan/target/dependency/infinispan-commons-9.4.17.Final.jar:/home/anatole/ycsb/infinispan/target/dependency/infinispan-core-9.4.17.Final.jar:/home/anatole/ycsb/infinispan/target/dependency/infinispan-embedded-9.0.1.Final.jar:/home/anatole/ycsb/infinispan/target/dependency/javax.persistence-api-2.2.jar:/home/anatole/ycsb/infinispan/target/dependency/jboss-logging-3.3.2.Final.jar:/home/anatole/ycsb/infinispan/target/dependency/jboss-marshalling-osgi-2.0.6.Final.jar:/home/anatole/ycsb/infinispan/target/dependency/jboss-transaction-api_1.1_spec-1.0.1.Final.jar:/home/anatole/ycsb/infinispan/target/dependency/jboss-transaction-api_1.2_spec-1.1.1.Final.jar:/home/anatole/ycsb/infinispan/target/dependency/jgroups-4.0.20.Final.jar:/home/anatole/ycsb/infinispan/target/dependency/jnvm-1.0-SNAPSHOT.jar:/home/anatole/ycsb/infinispan/target/dependency/metainf-services-1.7.jar:/home/anatole/ycsb/infinispan/target/dependency/netty-buffer-4.1.42.Final.jar:/home/anatole/ycsb/infinispan/target/dependency/netty-codec-4.1.42.Final.jar:/home/anatole/ycsb/infinispan/target/dependency/netty-common-4.1.42.Final.jar:/home/anatole/ycsb/infinispan/target/dependency/netty-handler-4.1.42.Final.jar:/home/anatole/ycsb/infinispan/target/dependency/netty-resolver-4.1.42.Final.jar:/home/anatole/ycsb/infinispan/target/dependency/netty-transport-4.1.42.Final.jar:/home/anatole/ycsb/infinispan/target/dependency/netty-transport-native-epoll-4.1.42.Final-linux-x86_64.jar:/home/anatole/ycsb/infinispan/target/dependency/netty-transport-native-unix-common-4.1.42.Final.jar:/home/anatole/ycsb/infinispan/target/dependency/reactive-streams-1.0.2.jar:/home/anatole/ycsb/infinispan/target/dependency/rxjava-2.2.4.jar:/home/anatole/ycsb/infinispan/target/dependency/unsafe-helper-1.0.jar site.ycsb.Client -load -db site.ycsb.db.InfinispanJNVMClient -P ../workloads/workloada -threads 1 -p dataintegrity=true -p offheap=true -p recordcount=3000 -p operationcount=3000 -p fieldcount=10000 -p requestdistribution=uniform -p measurementtype=hdrhistogram -p hdrhistogram.output.path=./out/exp3.distribution.ref/log/infinispan-jnvm.load.workloada.true.3000.1.10000.uniform.1.hdr.log
[OVERALL], RunTime(ms), 68165
[OVERALL], Throughput(ops/sec), 44.010856011149414
[TOTAL_GCS_PS_Scavenge], Count, 17
[TOTAL_GC_TIME_PS_Scavenge], Time(ms), 3979
[TOTAL_GC_TIME_%_PS_Scavenge], Time(%), 5.837306535612117
[TOTAL_GCS_PS_MarkSweep], Count, 2
[TOTAL_GC_TIME_PS_MarkSweep], Time(ms), 1940
[TOTAL_GC_TIME_%_PS_MarkSweep], Time(%), 2.846035355387662
[TOTAL_GCs], Count, 19
[TOTAL_GC_TIME], Time(ms), 5919
[TOTAL_GC_TIME_%], Time(%), 8.68334189099978
[INIT], Operations, 1
[INIT], AverageLatency(ns), 8.05306368E8
[INIT], MinLatency(ns), 536870912
[INIT], MaxLatency(ns), 1073741823
[INIT], 95thPercentileLatency(ns), 1073741823
[INIT], 99thPercentileLatency(ns), 1073741823
[CLEANUP], Operations, 1
[CLEANUP], AverageLatency(ns), 6291456.0
[CLEANUP], MinLatency(ns), 4194304
[CLEANUP], MaxLatency(ns), 8388607
[CLEANUP], 95thPercentileLatency(ns), 8388607
[CLEANUP], 99thPercentileLatency(ns), 8388607
[INSERT], Operations, 3000
[INSERT], AverageLatency(ns), 7134511.104
[INSERT], MinLatency(ns), 4194304
[INSERT], MaxLatency(ns), 67108863
[INSERT], 95thPercentileLatency(ns), 16777215
[INSERT], 99thPercentileLatency(ns), 16777215
[INSERT], Return=OK, 3000
