/home/anatole/jdk8u/build/linux-x86_64-normal-server-release/jdk/bin/java -Xmx20g -classpath /home/anatole/ycsb/conf:/home/anatole/ycsb/core/target/core-0.18.0-SNAPSHOT.jar:/home/anatole/ycsb/core/target/dependency/HdrHistogram-2.1.4.jar:/home/anatole/ycsb/core/target/dependency/guava-18.0.jar:/home/anatole/ycsb/core/target/dependency/htrace-core4-4.1.0-incubating.jar:/home/anatole/ycsb/core/target/dependency/jackson-core-asl-1.9.4.jar:/home/anatole/ycsb/core/target/dependency/jackson-mapper-asl-1.9.4.jar:/home/anatole/ycsb/core/target/dependency/javax.persistence-api-2.2.jar:/home/anatole/ycsb/core/target/dependency/jnvm-1.0-SNAPSHOT.jar:/home/anatole/ycsb/core/target/dependency/unsafe-helper-1.0.jar:/home/anatole/ycsb/infinispan/src/main/conf:/home/anatole/ycsb/infinispan/target/infinispan-binding-0.18.0-SNAPSHOT.jar:/home/anatole/ycsb/infinispan/target/dependency/caffeine-2.6.2.jar:/home/anatole/ycsb/infinispan/target/dependency/gson-2.8.2.jar:/home/anatole/ycsb/infinispan/target/dependency/guava-18.0.jar:/home/anatole/ycsb/infinispan/target/dependency/infinispan-cachestore-jnvm-1.0-SNAPSHOT.jar:/home/anatole/ycsb/infinispan/target/dependency/infinispan-client-hotrod-9.4.17.Final.jar:/home/anatole/ycsb/infinispan/target/dependency/infinispan-commons-9.4.17.Final.jar:/home/anatole/ycsb/infinispan/target/dependency/infinispan-core-9.4.17.Final.jar:/home/anatole/ycsb/infinispan/target/dependency/infinispan-embedded-9.0.1.Final.jar:/home/anatole/ycsb/infinispan/target/dependency/javax.persistence-api-2.2.jar:/home/anatole/ycsb/infinispan/target/dependency/jboss-logging-3.3.2.Final.jar:/home/anatole/ycsb/infinispan/target/dependency/jboss-marshalling-osgi-2.0.6.Final.jar:/home/anatole/ycsb/infinispan/target/dependency/jboss-transaction-api_1.1_spec-1.0.1.Final.jar:/home/anatole/ycsb/infinispan/target/dependency/jboss-transaction-api_1.2_spec-1.1.1.Final.jar:/home/anatole/ycsb/infinispan/target/dependency/jgroups-4.0.20.Final.jar:/home/anatole/ycsb/infinispan/target/dependency/jnvm-1.0-SNAPSHOT.jar:/home/anatole/ycsb/infinispan/target/dependency/metainf-services-1.7.jar:/home/anatole/ycsb/infinispan/target/dependency/netty-buffer-4.1.42.Final.jar:/home/anatole/ycsb/infinispan/target/dependency/netty-codec-4.1.42.Final.jar:/home/anatole/ycsb/infinispan/target/dependency/netty-common-4.1.42.Final.jar:/home/anatole/ycsb/infinispan/target/dependency/netty-handler-4.1.42.Final.jar:/home/anatole/ycsb/infinispan/target/dependency/netty-resolver-4.1.42.Final.jar:/home/anatole/ycsb/infinispan/target/dependency/netty-transport-4.1.42.Final.jar:/home/anatole/ycsb/infinispan/target/dependency/netty-transport-native-epoll-4.1.42.Final-linux-x86_64.jar:/home/anatole/ycsb/infinispan/target/dependency/netty-transport-native-unix-common-4.1.42.Final.jar:/home/anatole/ycsb/infinispan/target/dependency/reactive-streams-1.0.2.jar:/home/anatole/ycsb/infinispan/target/dependency/rxjava-2.2.4.jar:/home/anatole/ycsb/infinispan/target/dependency/unsafe-helper-1.0.jar site.ycsb.Client -t -db site.ycsb.db.InfinispanJNVMClient -P ../workloads/workloadb -threads 1 -p dataintegrity=true -p offheap=true -p recordcount=30000 -p operationcount=30000 -p fieldcount=1000 -p requestdistribution=uniform -p measurementtype=hdrhistogram -p hdrhistogram.output.path=./out/exp3.distribution.ref/log/infinispan-jnvm.run.workloadb.true.30000.1.1000.uniform.1.hdr.log
[OVERALL], RunTime(ms), 99095
[OVERALL], Throughput(ops/sec), 302.73979514607197
[TOTAL_GCS_PS_Scavenge], Count, 32
[TOTAL_GC_TIME_PS_Scavenge], Time(ms), 9252
[TOTAL_GC_TIME_%_PS_Scavenge], Time(%), 9.33649528230486
[TOTAL_GCS_PS_MarkSweep], Count, 3
[TOTAL_GC_TIME_PS_MarkSweep], Time(ms), 13414
[TOTAL_GC_TIME_%_PS_MarkSweep], Time(%), 13.536505373631364
[TOTAL_GCs], Count, 35
[TOTAL_GC_TIME], Time(ms), 22666
[TOTAL_GC_TIME_%], Time(%), 22.873000655936224
[READ], Operations, 28455
[READ], AverageLatency(ns), 12246.057564575645
[READ], MinLatency(ns), 1024
[READ], MaxLatency(ns), 8388607
[READ], 95thPercentileLatency(ns), 32767
[READ], 99thPercentileLatency(ns), 131071
[READ], Return=OK, 28455
[INIT], Operations, 1
[INIT], AverageLatency(ns), 5.1539607552E10
[INIT], MinLatency(ns), 34359738368
[INIT], MaxLatency(ns), 68719476735
[INIT], 95thPercentileLatency(ns), 68719476735
[INIT], 99thPercentileLatency(ns), 68719476735
[CLEANUP], Operations, 1
[CLEANUP], AverageLatency(ns), 6291456.0
[CLEANUP], MinLatency(ns), 4194304
[CLEANUP], MaxLatency(ns), 8388607
[CLEANUP], 95thPercentileLatency(ns), 8388607
[CLEANUP], 99thPercentileLatency(ns), 8388607
[VERIFY], Operations, 28455
[VERIFY], AverageLatency(ns), 1663902.7280969953
[VERIFY], MinLatency(ns), 1048576
[VERIFY], MaxLatency(ns), 1073741823
[VERIFY], 95thPercentileLatency(ns), 2097151
[VERIFY], 99thPercentileLatency(ns), 4194303
[VERIFY], Return=OK, 28455
[UPDATE], Operations, 1545
[UPDATE], AverageLatency(ns), 24273.77087378641
[UPDATE], MinLatency(ns), 4096
[UPDATE], MaxLatency(ns), 2097151
[UPDATE], 95thPercentileLatency(ns), 65535
[UPDATE], 99thPercentileLatency(ns), 131071
[UPDATE], Return=OK, 1545
