/home/anatole/jdk8u/build/linux-x86_64-normal-server-release/jdk/bin/java -Xmx20g -classpath /home/anatole/ycsb/conf:/home/anatole/ycsb/core/target/core-0.18.0-SNAPSHOT.jar:/home/anatole/ycsb/core/target/dependency/HdrHistogram-2.1.4.jar:/home/anatole/ycsb/core/target/dependency/guava-18.0.jar:/home/anatole/ycsb/core/target/dependency/htrace-core4-4.1.0-incubating.jar:/home/anatole/ycsb/core/target/dependency/jackson-core-asl-1.9.4.jar:/home/anatole/ycsb/core/target/dependency/jackson-mapper-asl-1.9.4.jar:/home/anatole/ycsb/core/target/dependency/javax.persistence-api-2.2.jar:/home/anatole/ycsb/core/target/dependency/jnvm-1.0-SNAPSHOT.jar:/home/anatole/ycsb/core/target/dependency/unsafe-helper-1.0.jar:/home/anatole/ycsb/infinispan/src/main/conf:/home/anatole/ycsb/infinispan/target/infinispan-binding-0.18.0-SNAPSHOT.jar:/home/anatole/ycsb/infinispan/target/dependency/caffeine-2.6.2.jar:/home/anatole/ycsb/infinispan/target/dependency/gson-2.8.2.jar:/home/anatole/ycsb/infinispan/target/dependency/guava-18.0.jar:/home/anatole/ycsb/infinispan/target/dependency/infinispan-cachestore-jnvm-1.0-SNAPSHOT.jar:/home/anatole/ycsb/infinispan/target/dependency/infinispan-client-hotrod-9.4.17.Final.jar:/home/anatole/ycsb/infinispan/target/dependency/infinispan-commons-9.4.17.Final.jar:/home/anatole/ycsb/infinispan/target/dependency/infinispan-core-9.4.17.Final.jar:/home/anatole/ycsb/infinispan/target/dependency/infinispan-embedded-9.0.1.Final.jar:/home/anatole/ycsb/infinispan/target/dependency/javax.persistence-api-2.2.jar:/home/anatole/ycsb/infinispan/target/dependency/jboss-logging-3.3.2.Final.jar:/home/anatole/ycsb/infinispan/target/dependency/jboss-marshalling-osgi-2.0.6.Final.jar:/home/anatole/ycsb/infinispan/target/dependency/jboss-transaction-api_1.1_spec-1.0.1.Final.jar:/home/anatole/ycsb/infinispan/target/dependency/jboss-transaction-api_1.2_spec-1.1.1.Final.jar:/home/anatole/ycsb/infinispan/target/dependency/jgroups-4.0.20.Final.jar:/home/anatole/ycsb/infinispan/target/dependency/jnvm-1.0-SNAPSHOT.jar:/home/anatole/ycsb/infinispan/target/dependency/metainf-services-1.7.jar:/home/anatole/ycsb/infinispan/target/dependency/netty-buffer-4.1.42.Final.jar:/home/anatole/ycsb/infinispan/target/dependency/netty-codec-4.1.42.Final.jar:/home/anatole/ycsb/infinispan/target/dependency/netty-common-4.1.42.Final.jar:/home/anatole/ycsb/infinispan/target/dependency/netty-handler-4.1.42.Final.jar:/home/anatole/ycsb/infinispan/target/dependency/netty-resolver-4.1.42.Final.jar:/home/anatole/ycsb/infinispan/target/dependency/netty-transport-4.1.42.Final.jar:/home/anatole/ycsb/infinispan/target/dependency/netty-transport-native-epoll-4.1.42.Final-linux-x86_64.jar:/home/anatole/ycsb/infinispan/target/dependency/netty-transport-native-unix-common-4.1.42.Final.jar:/home/anatole/ycsb/infinispan/target/dependency/reactive-streams-1.0.2.jar:/home/anatole/ycsb/infinispan/target/dependency/rxjava-2.2.4.jar:/home/anatole/ycsb/infinispan/target/dependency/unsafe-helper-1.0.jar site.ycsb.Client -t -db site.ycsb.db.InfinispanClient -P ../workloads/workloadb -threads 1 -p dataintegrity=true -p offheap=false -p recordcount=30000 -p operationcount=30000 -p fieldcount=1000 -p requestdistribution=uniform -p measurementtype=hdrhistogram -p hdrhistogram.output.path=./out/exp3.distribution.ref/log/infinispan.run.workloadb.true.30000.3000.1000.uniform.1.hdr.log
[OVERALL], RunTime(ms), 125455
[OVERALL], Throughput(ops/sec), 239.1295683711291
[TOTAL_GCS_PS_Scavenge], Count, 31
[TOTAL_GC_TIME_PS_Scavenge], Time(ms), 6683
[TOTAL_GC_TIME_%_PS_Scavenge], Time(%), 5.3270096847475195
[TOTAL_GCS_PS_MarkSweep], Count, 2
[TOTAL_GC_TIME_PS_MarkSweep], Time(ms), 673
[TOTAL_GC_TIME_%_PS_MarkSweep], Time(%), 0.5364473317125662
[TOTAL_GCs], Count, 33
[TOTAL_GC_TIME], Time(ms), 7356
[TOTAL_GC_TIME_%], Time(%), 5.863457016460085
[READ], Operations, 28481
[READ], AverageLatency(ns), 2915227.661950072
[READ], MinLatency(ns), 512
[READ], MaxLatency(ns), 536870911
[READ], 95thPercentileLatency(ns), 4194303
[READ], 99thPercentileLatency(ns), 4194303
[READ], Return=OK, 28481
[INIT], Operations, 1
[INIT], AverageLatency(ns), 1.2884901888E10
[INIT], MinLatency(ns), 8589934592
[INIT], MaxLatency(ns), 17179869183
[INIT], 95thPercentileLatency(ns), 17179869183
[INIT], 99thPercentileLatency(ns), 17179869183
[CLEANUP], Operations, 1
[CLEANUP], AverageLatency(ns), 1.2582912E7
[CLEANUP], MinLatency(ns), 8388608
[CLEANUP], MaxLatency(ns), 16777215
[CLEANUP], 95thPercentileLatency(ns), 16777215
[CLEANUP], 99thPercentileLatency(ns), 16777215
[VERIFY], Operations, 28481
[VERIFY], AverageLatency(ns), 919441.4780379903
[VERIFY], MinLatency(ns), 524288
[VERIFY], MaxLatency(ns), 536870911
[VERIFY], 95thPercentileLatency(ns), 1048575
[VERIFY], 99thPercentileLatency(ns), 2097151
[VERIFY], Return=OK, 28481
[UPDATE], Operations, 1519
[UPDATE], AverageLatency(ns), 6542037.361421988
[UPDATE], MinLatency(ns), 2097152
[UPDATE], MaxLatency(ns), 268435455
[UPDATE], 95thPercentileLatency(ns), 8388607
[UPDATE], 99thPercentileLatency(ns), 16777215
[UPDATE], Return=OK, 1519
