/home/anatole/jdk8u/build/linux-x86_64-normal-server-release/jdk/bin/java -Xmx20g -XX:+UseG1GC -classpath /home/anatole/ycsb/conf:/home/anatole/ycsb/core/target/core-0.18.0-SNAPSHOT.jar:/home/anatole/ycsb/core/target/dependency/HdrHistogram-2.1.4.jar:/home/anatole/ycsb/core/target/dependency/guava-18.0.jar:/home/anatole/ycsb/core/target/dependency/htrace-core4-4.1.0-incubating.jar:/home/anatole/ycsb/core/target/dependency/jackson-core-asl-1.9.4.jar:/home/anatole/ycsb/core/target/dependency/jackson-mapper-asl-1.9.4.jar:/home/anatole/ycsb/core/target/dependency/javax.persistence-api-2.2.jar:/home/anatole/ycsb/core/target/dependency/jnvm-1.0-SNAPSHOT.jar:/home/anatole/ycsb/core/target/dependency/pcj-1.0.jar:/home/anatole/ycsb/core/target/dependency/unsafe-helper-1.0.jar:/home/anatole/ycsb/infinispan/src/main/conf:/home/anatole/ycsb/infinispan/target/infinispan-binding-0.18.0-SNAPSHOT.jar:/home/anatole/ycsb/infinispan/target/dependency/caffeine-2.6.2.jar:/home/anatole/ycsb/infinispan/target/dependency/gson-2.8.2.jar:/home/anatole/ycsb/infinispan/target/dependency/guava-18.0.jar:/home/anatole/ycsb/infinispan/target/dependency/infinispan-cachestore-jnvm-1.0-SNAPSHOT.jar:/home/anatole/ycsb/infinispan/target/dependency/infinispan-cachestore-pcj-1.0-SNAPSHOT.jar:/home/anatole/ycsb/infinispan/target/dependency/infinispan-client-hotrod-9.4.17.Final.jar:/home/anatole/ycsb/infinispan/target/dependency/infinispan-commons-9.4.17.Final.jar:/home/anatole/ycsb/infinispan/target/dependency/infinispan-core-9.4.17.Final.jar:/home/anatole/ycsb/infinispan/target/dependency/infinispan-embedded-9.0.1.Final.jar:/home/anatole/ycsb/infinispan/target/dependency/javax.persistence-api-2.2.jar:/home/anatole/ycsb/infinispan/target/dependency/jboss-logging-3.3.2.Final.jar:/home/anatole/ycsb/infinispan/target/dependency/jboss-marshalling-osgi-2.0.6.Final.jar:/home/anatole/ycsb/infinispan/target/dependency/jboss-transaction-api_1.1_spec-1.0.1.Final.jar:/home/anatole/ycsb/infinispan/target/dependency/jboss-transaction-api_1.2_spec-1.1.1.Final.jar:/home/anatole/ycsb/infinispan/target/dependency/jgroups-4.0.20.Final.jar:/home/anatole/ycsb/infinispan/target/dependency/jnvm-1.0-SNAPSHOT.jar:/home/anatole/ycsb/infinispan/target/dependency/metainf-services-1.7.jar:/home/anatole/ycsb/infinispan/target/dependency/netty-buffer-4.1.42.Final.jar:/home/anatole/ycsb/infinispan/target/dependency/netty-codec-4.1.42.Final.jar:/home/anatole/ycsb/infinispan/target/dependency/netty-common-4.1.42.Final.jar:/home/anatole/ycsb/infinispan/target/dependency/netty-handler-4.1.42.Final.jar:/home/anatole/ycsb/infinispan/target/dependency/netty-resolver-4.1.42.Final.jar:/home/anatole/ycsb/infinispan/target/dependency/netty-transport-4.1.42.Final.jar:/home/anatole/ycsb/infinispan/target/dependency/netty-transport-native-epoll-4.1.42.Final-linux-x86_64.jar:/home/anatole/ycsb/infinispan/target/dependency/netty-transport-native-unix-common-4.1.42.Final.jar:/home/anatole/ycsb/infinispan/target/dependency/pcj-1.0.jar:/home/anatole/ycsb/infinispan/target/dependency/reactive-streams-1.0.2.jar:/home/anatole/ycsb/infinispan/target/dependency/rxjava-2.2.4.jar:/home/anatole/ycsb/infinispan/target/dependency/unsafe-helper-1.0.jar site.ycsb.Client -t -db site.ycsb.db.InfinispanClient -P ../workloads/workloada -threads 40 -p dataintegrity=true -p offheap=false -p recordcount=1000000 -p operationcount=10000000 -p fieldcount=10 -p requestdistribution=zipfian -p measurementtype=hdrhistogram -p hdrhistogram.output.path=./out/exp5.concurrent.ref/log/infinispan.run.workloada.true.1000000.1000000.10.zipfian.40.hdr.log
[OVERALL], RunTime(ms), 54184
[OVERALL], Throughput(ops/sec), 184556.32659087554
[TOTAL_GCS_G1_Young_Generation], Count, 70
[TOTAL_GC_TIME_G1_Young_Generation], Time(ms), 8199
[TOTAL_GC_TIME_%_G1_Young_Generation], Time(%), 15.131773217185884
[TOTAL_GCS_G1_Old_Generation], Count, 0
[TOTAL_GC_TIME_G1_Old_Generation], Time(ms), 0
[TOTAL_GC_TIME_%_G1_Old_Generation], Time(%), 0.0
[TOTAL_GCs], Count, 70
[TOTAL_GC_TIME], Time(ms), 8199
[TOTAL_GC_TIME_%], Time(%), 15.131773217185884
[READ], Operations, 5000701
[READ], AverageLatency(ns), 40991.053274130965
[READ], MinLatency(ns), 217
[READ], MaxLatency(ns), 281407487
[READ], 95thPercentileLatency(ns), 198747
[READ], 99thPercentileLatency(ns), 246452
[READ], Return=OK, 5000701
[INIT], Operations, 40
[INIT], AverageLatency(ns), 3.95451498496E10
[INIT], MinLatency(ns), 39538393088
[INIT], MaxLatency(ns), 39555956735
[INIT], 95thPercentileLatency(ns), 39555694591
[INIT], 99thPercentileLatency(ns), 39555956735
[CLEANUP], Operations, 40
[CLEANUP], AverageLatency(ns), 5.46427264E8
[CLEANUP], MinLatency(ns), 497418240
[CLEANUP], MaxLatency(ns), 659939327
[CLEANUP], 95thPercentileLatency(ns), 633643007
[CLEANUP], 99thPercentileLatency(ns), 659939327
[UPDATE], Operations, 4999299
[UPDATE], AverageLatency(ns), 57733.88451320875
[UPDATE], MinLatency(ns), 1825
[UPDATE], MaxLatency(ns), 281456639
[UPDATE], 95thPercentileLatency(ns), 205719
[UPDATE], 99thPercentileLatency(ns), 327447
[UPDATE], Return=OK, 4999299
[TRANSACTION], Operations, 40
[TRANSACTION], AverageLatency(ns), 1.38518757376E10
[TRANSACTION], MinLatency(ns), 13724155904
[TRANSACTION], MaxLatency(ns), 13902151679
[TRANSACTION], 95thPercentileLatency(ns), 13891403775
[TRANSACTION], 99thPercentileLatency(ns), 13902151679
