/home/anatole/jdk8u/build/linux-x86_64-normal-server-release/jdk/bin/java -Xmx20g -XX:+UseG1GC -classpath /home/anatole/ycsb/conf:/home/anatole/ycsb/core/target/core-0.18.0-SNAPSHOT.jar:/home/anatole/ycsb/core/target/dependency/HdrHistogram-2.1.4.jar:/home/anatole/ycsb/core/target/dependency/guava-18.0.jar:/home/anatole/ycsb/core/target/dependency/htrace-core4-4.1.0-incubating.jar:/home/anatole/ycsb/core/target/dependency/jackson-core-asl-1.9.4.jar:/home/anatole/ycsb/core/target/dependency/jackson-mapper-asl-1.9.4.jar:/home/anatole/ycsb/core/target/dependency/javax.persistence-api-2.2.jar:/home/anatole/ycsb/core/target/dependency/jnvm-1.0-SNAPSHOT.jar:/home/anatole/ycsb/core/target/dependency/pcj-1.0.jar:/home/anatole/ycsb/core/target/dependency/unsafe-helper-1.0.jar:/home/anatole/ycsb/infinispan/src/main/conf:/home/anatole/ycsb/infinispan/target/infinispan-binding-0.18.0-SNAPSHOT.jar:/home/anatole/ycsb/infinispan/target/dependency/caffeine-2.6.2.jar:/home/anatole/ycsb/infinispan/target/dependency/gson-2.8.2.jar:/home/anatole/ycsb/infinispan/target/dependency/guava-18.0.jar:/home/anatole/ycsb/infinispan/target/dependency/infinispan-cachestore-jnvm-1.0-SNAPSHOT.jar:/home/anatole/ycsb/infinispan/target/dependency/infinispan-cachestore-pcj-1.0-SNAPSHOT.jar:/home/anatole/ycsb/infinispan/target/dependency/infinispan-client-hotrod-9.4.17.Final.jar:/home/anatole/ycsb/infinispan/target/dependency/infinispan-commons-9.4.17.Final.jar:/home/anatole/ycsb/infinispan/target/dependency/infinispan-core-9.4.17.Final.jar:/home/anatole/ycsb/infinispan/target/dependency/infinispan-embedded-9.0.1.Final.jar:/home/anatole/ycsb/infinispan/target/dependency/javax.persistence-api-2.2.jar:/home/anatole/ycsb/infinispan/target/dependency/jboss-logging-3.3.2.Final.jar:/home/anatole/ycsb/infinispan/target/dependency/jboss-marshalling-osgi-2.0.6.Final.jar:/home/anatole/ycsb/infinispan/target/dependency/jboss-transaction-api_1.1_spec-1.0.1.Final.jar:/home/anatole/ycsb/infinispan/target/dependency/jboss-transaction-api_1.2_spec-1.1.1.Final.jar:/home/anatole/ycsb/infinispan/target/dependency/jgroups-4.0.20.Final.jar:/home/anatole/ycsb/infinispan/target/dependency/jnvm-1.0-SNAPSHOT.jar:/home/anatole/ycsb/infinispan/target/dependency/metainf-services-1.7.jar:/home/anatole/ycsb/infinispan/target/dependency/netty-buffer-4.1.42.Final.jar:/home/anatole/ycsb/infinispan/target/dependency/netty-codec-4.1.42.Final.jar:/home/anatole/ycsb/infinispan/target/dependency/netty-common-4.1.42.Final.jar:/home/anatole/ycsb/infinispan/target/dependency/netty-handler-4.1.42.Final.jar:/home/anatole/ycsb/infinispan/target/dependency/netty-resolver-4.1.42.Final.jar:/home/anatole/ycsb/infinispan/target/dependency/netty-transport-4.1.42.Final.jar:/home/anatole/ycsb/infinispan/target/dependency/netty-transport-native-epoll-4.1.42.Final-linux-x86_64.jar:/home/anatole/ycsb/infinispan/target/dependency/netty-transport-native-unix-common-4.1.42.Final.jar:/home/anatole/ycsb/infinispan/target/dependency/pcj-1.0.jar:/home/anatole/ycsb/infinispan/target/dependency/reactive-streams-1.0.2.jar:/home/anatole/ycsb/infinispan/target/dependency/rxjava-2.2.4.jar:/home/anatole/ycsb/infinispan/target/dependency/unsafe-helper-1.0.jar site.ycsb.Client -t -db site.ycsb.db.InfinispanClient -P ../workloads/workloadc -threads 8 -p dataintegrity=true -p offheap=false -p recordcount=1000000 -p operationcount=10000000 -p fieldcount=10 -p requestdistribution=zipfian -p measurementtype=hdrhistogram -p hdrhistogram.output.path=./out/exp5.concurrent.ref/log/infinispan.run.workloadc.true.1000000.1000000.10.zipfian.8.hdr.log
[OVERALL], RunTime(ms), 46343
[OVERALL], Throughput(ops/sec), 215782.3187967978
[TOTAL_GCS_G1_Young_Generation], Count, 46
[TOTAL_GC_TIME_G1_Young_Generation], Time(ms), 3335
[TOTAL_GC_TIME_%_G1_Young_Generation], Time(%), 7.196340331873206
[TOTAL_GCS_G1_Old_Generation], Count, 0
[TOTAL_GC_TIME_G1_Old_Generation], Time(ms), 0
[TOTAL_GC_TIME_%_G1_Old_Generation], Time(%), 0.0
[TOTAL_GCs], Count, 46
[TOTAL_GC_TIME], Time(ms), 3335
[TOTAL_GC_TIME_%], Time(%), 7.196340331873206
[READ], Operations, 10000000
[READ], AverageLatency(ns), 2109.2070175
[READ], MinLatency(ns), 170
[READ], MaxLatency(ns), 37787903
[READ], 95thPercentileLatency(ns), 10464
[READ], 99thPercentileLatency(ns), 30282
[READ], Return=OK, 10000000
[INIT], Operations, 8
[INIT], AverageLatency(ns), 3.9976894464E10
[INIT], MinLatency(ns), 39975387136
[INIT], MaxLatency(ns), 39979057151
[INIT], 95thPercentileLatency(ns), 39979057151
[INIT], 99thPercentileLatency(ns), 39979057151
[CLEANUP], Operations, 8
[CLEANUP], AverageLatency(ns), 1.166658304E9
[CLEANUP], MinLatency(ns), 653402112
[CLEANUP], MaxLatency(ns), 1532510207
[CLEANUP], 95thPercentileLatency(ns), 1532510207
[CLEANUP], 99thPercentileLatency(ns), 1532510207
[TRANSACTION], Operations, 8
[TRANSACTION], AverageLatency(ns), 5.012799488E9
[TRANSACTION], MinLatency(ns), 4624646144
[TRANSACTION], MaxLatency(ns), 5529272319
[TRANSACTION], 95thPercentileLatency(ns), 5529272319
[TRANSACTION], 99thPercentileLatency(ns), 5529272319
