/home/anatole/jdk8u/build/linux-x86_64-normal-server-release/jdk/bin/java -Xmx20g -XX:+UseG1GC -classpath /home/anatole/ycsb/conf:/home/anatole/ycsb/core/target/core-0.18.0-SNAPSHOT.jar:/home/anatole/ycsb/core/target/dependency/HdrHistogram-2.1.4.jar:/home/anatole/ycsb/core/target/dependency/guava-18.0.jar:/home/anatole/ycsb/core/target/dependency/htrace-core4-4.1.0-incubating.jar:/home/anatole/ycsb/core/target/dependency/jackson-core-asl-1.9.4.jar:/home/anatole/ycsb/core/target/dependency/jackson-mapper-asl-1.9.4.jar:/home/anatole/ycsb/core/target/dependency/javax.persistence-api-2.2.jar:/home/anatole/ycsb/core/target/dependency/jnvm-1.0-SNAPSHOT.jar:/home/anatole/ycsb/core/target/dependency/pcj-1.0.jar:/home/anatole/ycsb/core/target/dependency/unsafe-helper-1.0.jar:/home/anatole/ycsb/infinispan/src/main/conf:/home/anatole/ycsb/infinispan/target/infinispan-binding-0.18.0-SNAPSHOT.jar:/home/anatole/ycsb/infinispan/target/dependency/caffeine-2.6.2.jar:/home/anatole/ycsb/infinispan/target/dependency/gson-2.8.2.jar:/home/anatole/ycsb/infinispan/target/dependency/guava-18.0.jar:/home/anatole/ycsb/infinispan/target/dependency/infinispan-cachestore-jnvm-1.0-SNAPSHOT.jar:/home/anatole/ycsb/infinispan/target/dependency/infinispan-cachestore-pcj-1.0-SNAPSHOT.jar:/home/anatole/ycsb/infinispan/target/dependency/infinispan-client-hotrod-9.4.17.Final.jar:/home/anatole/ycsb/infinispan/target/dependency/infinispan-commons-9.4.17.Final.jar:/home/anatole/ycsb/infinispan/target/dependency/infinispan-core-9.4.17.Final.jar:/home/anatole/ycsb/infinispan/target/dependency/infinispan-embedded-9.0.1.Final.jar:/home/anatole/ycsb/infinispan/target/dependency/javax.persistence-api-2.2.jar:/home/anatole/ycsb/infinispan/target/dependency/jboss-logging-3.3.2.Final.jar:/home/anatole/ycsb/infinispan/target/dependency/jboss-marshalling-osgi-2.0.6.Final.jar:/home/anatole/ycsb/infinispan/target/dependency/jboss-transaction-api_1.1_spec-1.0.1.Final.jar:/home/anatole/ycsb/infinispan/target/dependency/jboss-transaction-api_1.2_spec-1.1.1.Final.jar:/home/anatole/ycsb/infinispan/target/dependency/jgroups-4.0.20.Final.jar:/home/anatole/ycsb/infinispan/target/dependency/jnvm-1.0-SNAPSHOT.jar:/home/anatole/ycsb/infinispan/target/dependency/metainf-services-1.7.jar:/home/anatole/ycsb/infinispan/target/dependency/netty-buffer-4.1.42.Final.jar:/home/anatole/ycsb/infinispan/target/dependency/netty-codec-4.1.42.Final.jar:/home/anatole/ycsb/infinispan/target/dependency/netty-common-4.1.42.Final.jar:/home/anatole/ycsb/infinispan/target/dependency/netty-handler-4.1.42.Final.jar:/home/anatole/ycsb/infinispan/target/dependency/netty-resolver-4.1.42.Final.jar:/home/anatole/ycsb/infinispan/target/dependency/netty-transport-4.1.42.Final.jar:/home/anatole/ycsb/infinispan/target/dependency/netty-transport-native-epoll-4.1.42.Final-linux-x86_64.jar:/home/anatole/ycsb/infinispan/target/dependency/netty-transport-native-unix-common-4.1.42.Final.jar:/home/anatole/ycsb/infinispan/target/dependency/pcj-1.0.jar:/home/anatole/ycsb/infinispan/target/dependency/reactive-streams-1.0.2.jar:/home/anatole/ycsb/infinispan/target/dependency/rxjava-2.2.4.jar:/home/anatole/ycsb/infinispan/target/dependency/unsafe-helper-1.0.jar site.ycsb.Client -t -db site.ycsb.db.InfinispanClient -P ../workloads/workloada -threads 28 -p dataintegrity=true -p offheap=false -p recordcount=1000000 -p operationcount=10000000 -p fieldcount=10 -p requestdistribution=zipfian -p measurementtype=hdrhistogram -p hdrhistogram.output.path=./out/exp5.concurrent.ref/log/infinispan.run.workloada.true.1000000.1000000.10.zipfian.28.hdr.log
[OVERALL], RunTime(ms), 53228
[OVERALL], Throughput(ops/sec), 187871.04531449612
[TOTAL_GCS_G1_Young_Generation], Count, 70
[TOTAL_GC_TIME_G1_Young_Generation], Time(ms), 7946
[TOTAL_GC_TIME_%_G1_Young_Generation], Time(%), 14.928233260689863
[TOTAL_GCS_G1_Old_Generation], Count, 0
[TOTAL_GC_TIME_G1_Old_Generation], Time(ms), 0
[TOTAL_GC_TIME_%_G1_Old_Generation], Time(%), 0.0
[TOTAL_GCs], Count, 70
[TOTAL_GC_TIME], Time(ms), 7946
[TOTAL_GC_TIME_%], Time(%), 14.928233260689863
[READ], Operations, 4999906
[READ], AverageLatency(ns), 24475.90944569758
[READ], MinLatency(ns), 197
[READ], MaxLatency(ns), 237899775
[READ], 95thPercentileLatency(ns), 106800
[READ], 99thPercentileLatency(ns), 134008
[READ], Return=OK, 4999906
[INIT], Operations, 28
[INIT], AverageLatency(ns), 3.930201409828571E10
[INIT], MinLatency(ns), 39294337024
[INIT], MaxLatency(ns), 39310327807
[INIT], 95thPercentileLatency(ns), 39310065663
[INIT], 99thPercentileLatency(ns), 39310327807
[CLEANUP], Operations, 28
[CLEANUP], AverageLatency(ns), 5.592973531428572E8
[CLEANUP], MinLatency(ns), 515641344
[CLEANUP], MaxLatency(ns), 642682879
[CLEANUP], 95thPercentileLatency(ns), 604631039
[CLEANUP], 99thPercentileLatency(ns), 642682879
[UPDATE], Operations, 5000094
[UPDATE], AverageLatency(ns), 39427.99964620665
[UPDATE], MinLatency(ns), 1658
[UPDATE], MaxLatency(ns), 239213567
[UPDATE], 95thPercentileLatency(ns), 113737
[UPDATE], 99thPercentileLatency(ns), 162732
[UPDATE], Return=OK, 5000094
[TRANSACTION], Operations, 28
[TRANSACTION], AverageLatency(ns), 1.3146594157714285E10
[TRANSACTION], MinLatency(ns), 13049004032
[TRANSACTION], MaxLatency(ns), 13190627327
[TRANSACTION], 95thPercentileLatency(ns), 13181124607
[TRANSACTION], 99thPercentileLatency(ns), 13190627327
