/home/anatole/jdk8u/build/linux-x86_64-normal-server-release/jdk/bin/java -Xmx20g -XX:+UseG1GC -classpath /home/anatole/ycsb/conf:/home/anatole/ycsb/core/target/core-0.18.0-SNAPSHOT.jar:/home/anatole/ycsb/core/target/dependency/HdrHistogram-2.1.4.jar:/home/anatole/ycsb/core/target/dependency/guava-18.0.jar:/home/anatole/ycsb/core/target/dependency/htrace-core4-4.1.0-incubating.jar:/home/anatole/ycsb/core/target/dependency/jackson-core-asl-1.9.4.jar:/home/anatole/ycsb/core/target/dependency/jackson-mapper-asl-1.9.4.jar:/home/anatole/ycsb/core/target/dependency/javax.persistence-api-2.2.jar:/home/anatole/ycsb/core/target/dependency/jnvm-1.0-SNAPSHOT.jar:/home/anatole/ycsb/core/target/dependency/pcj-1.0.jar:/home/anatole/ycsb/core/target/dependency/unsafe-helper-1.0.jar:/home/anatole/ycsb/infinispan/src/main/conf:/home/anatole/ycsb/infinispan/target/infinispan-binding-0.18.0-SNAPSHOT.jar:/home/anatole/ycsb/infinispan/target/dependency/caffeine-2.6.2.jar:/home/anatole/ycsb/infinispan/target/dependency/gson-2.8.2.jar:/home/anatole/ycsb/infinispan/target/dependency/guava-18.0.jar:/home/anatole/ycsb/infinispan/target/dependency/infinispan-cachestore-jnvm-1.0-SNAPSHOT.jar:/home/anatole/ycsb/infinispan/target/dependency/infinispan-cachestore-pcj-1.0-SNAPSHOT.jar:/home/anatole/ycsb/infinispan/target/dependency/infinispan-client-hotrod-9.4.17.Final.jar:/home/anatole/ycsb/infinispan/target/dependency/infinispan-commons-9.4.17.Final.jar:/home/anatole/ycsb/infinispan/target/dependency/infinispan-core-9.4.17.Final.jar:/home/anatole/ycsb/infinispan/target/dependency/infinispan-embedded-9.0.1.Final.jar:/home/anatole/ycsb/infinispan/target/dependency/javax.persistence-api-2.2.jar:/home/anatole/ycsb/infinispan/target/dependency/jboss-logging-3.3.2.Final.jar:/home/anatole/ycsb/infinispan/target/dependency/jboss-marshalling-osgi-2.0.6.Final.jar:/home/anatole/ycsb/infinispan/target/dependency/jboss-transaction-api_1.1_spec-1.0.1.Final.jar:/home/anatole/ycsb/infinispan/target/dependency/jboss-transaction-api_1.2_spec-1.1.1.Final.jar:/home/anatole/ycsb/infinispan/target/dependency/jgroups-4.0.20.Final.jar:/home/anatole/ycsb/infinispan/target/dependency/jnvm-1.0-SNAPSHOT.jar:/home/anatole/ycsb/infinispan/target/dependency/metainf-services-1.7.jar:/home/anatole/ycsb/infinispan/target/dependency/netty-buffer-4.1.42.Final.jar:/home/anatole/ycsb/infinispan/target/dependency/netty-codec-4.1.42.Final.jar:/home/anatole/ycsb/infinispan/target/dependency/netty-common-4.1.42.Final.jar:/home/anatole/ycsb/infinispan/target/dependency/netty-handler-4.1.42.Final.jar:/home/anatole/ycsb/infinispan/target/dependency/netty-resolver-4.1.42.Final.jar:/home/anatole/ycsb/infinispan/target/dependency/netty-transport-4.1.42.Final.jar:/home/anatole/ycsb/infinispan/target/dependency/netty-transport-native-epoll-4.1.42.Final-linux-x86_64.jar:/home/anatole/ycsb/infinispan/target/dependency/netty-transport-native-unix-common-4.1.42.Final.jar:/home/anatole/ycsb/infinispan/target/dependency/pcj-1.0.jar:/home/anatole/ycsb/infinispan/target/dependency/reactive-streams-1.0.2.jar:/home/anatole/ycsb/infinispan/target/dependency/rxjava-2.2.4.jar:/home/anatole/ycsb/infinispan/target/dependency/unsafe-helper-1.0.jar site.ycsb.Client -t -db site.ycsb.db.InfinispanClient -P ../workloads/workloada -threads 4 -p dataintegrity=true -p offheap=false -p recordcount=1000000 -p operationcount=10000000 -p fieldcount=10 -p requestdistribution=zipfian -p measurementtype=hdrhistogram -p hdrhistogram.output.path=./out/exp5.concurrent.ref/log/infinispan.run.workloada.true.1000000.1000000.10.zipfian.4.hdr.log
[OVERALL], RunTime(ms), 56878
[OVERALL], Throughput(ops/sec), 175814.90207109955
[TOTAL_GCS_G1_Young_Generation], Count, 70
[TOTAL_GC_TIME_G1_Young_Generation], Time(ms), 8365
[TOTAL_GC_TIME_%_G1_Young_Generation], Time(%), 14.706916558247476
[TOTAL_GCS_G1_Old_Generation], Count, 0
[TOTAL_GC_TIME_G1_Old_Generation], Time(ms), 0
[TOTAL_GC_TIME_%_G1_Old_Generation], Time(%), 0.0
[TOTAL_GCs], Count, 70
[TOTAL_GC_TIME], Time(ms), 8365
[TOTAL_GC_TIME_%], Time(%), 14.706916558247476
[READ], Operations, 5003827
[READ], AverageLatency(ns), 1448.8778556892555
[READ], MinLatency(ns), 227
[READ], MaxLatency(ns), 232564735
[READ], 95thPercentileLatency(ns), 1421
[READ], 99thPercentileLatency(ns), 9360
[READ], Return=OK, 5003827
[INIT], Operations, 4
[INIT], AverageLatency(ns), 3.8907609088E10
[INIT], MinLatency(ns), 38906101760
[INIT], MaxLatency(ns), 38908461055
[INIT], 95thPercentileLatency(ns), 38908461055
[INIT], 99thPercentileLatency(ns), 38908461055
[CLEANUP], Operations, 4
[CLEANUP], AverageLatency(ns), 1.056969472E9
[CLEANUP], MinLatency(ns), 494086144
[CLEANUP], MaxLatency(ns), 2244182015
[CLEANUP], 95thPercentileLatency(ns), 2244182015
[CLEANUP], 99thPercentileLatency(ns), 2244182015
[UPDATE], Operations, 4996173
[UPDATE], AverageLatency(ns), 6820.917596928689
[UPDATE], MinLatency(ns), 1443
[UPDATE], MaxLatency(ns), 266045439
[UPDATE], 95thPercentileLatency(ns), 12191
[UPDATE], 99thPercentileLatency(ns), 18994
[UPDATE], Return=OK, 4996173
[TRANSACTION], Operations, 4
[TRANSACTION], AverageLatency(ns), 1.6663748608E10
[TRANSACTION], MinLatency(ns), 15474884608
[TRANSACTION], MaxLatency(ns), 17211719679
[TRANSACTION], 95thPercentileLatency(ns), 17211719679
[TRANSACTION], 99thPercentileLatency(ns), 17211719679
