/home/anatole/jdk8u/build/linux-x86_64-normal-server-release/jdk/bin/java -Xmx20g -XX:+UseG1GC -classpath /home/anatole/ycsb/conf:/home/anatole/ycsb/core/target/core-0.18.0-SNAPSHOT.jar:/home/anatole/ycsb/core/target/dependency/HdrHistogram-2.1.4.jar:/home/anatole/ycsb/core/target/dependency/guava-18.0.jar:/home/anatole/ycsb/core/target/dependency/htrace-core4-4.1.0-incubating.jar:/home/anatole/ycsb/core/target/dependency/jackson-core-asl-1.9.4.jar:/home/anatole/ycsb/core/target/dependency/jackson-mapper-asl-1.9.4.jar:/home/anatole/ycsb/core/target/dependency/javax.persistence-api-2.2.jar:/home/anatole/ycsb/core/target/dependency/jnvm-1.0-SNAPSHOT.jar:/home/anatole/ycsb/core/target/dependency/pcj-1.0.jar:/home/anatole/ycsb/core/target/dependency/unsafe-helper-1.0.jar:/home/anatole/ycsb/infinispan/src/main/conf:/home/anatole/ycsb/infinispan/target/infinispan-binding-0.18.0-SNAPSHOT.jar:/home/anatole/ycsb/infinispan/target/dependency/caffeine-2.6.2.jar:/home/anatole/ycsb/infinispan/target/dependency/gson-2.8.2.jar:/home/anatole/ycsb/infinispan/target/dependency/guava-18.0.jar:/home/anatole/ycsb/infinispan/target/dependency/infinispan-cachestore-jnvm-1.0-SNAPSHOT.jar:/home/anatole/ycsb/infinispan/target/dependency/infinispan-cachestore-pcj-1.0-SNAPSHOT.jar:/home/anatole/ycsb/infinispan/target/dependency/infinispan-client-hotrod-9.4.17.Final.jar:/home/anatole/ycsb/infinispan/target/dependency/infinispan-commons-9.4.17.Final.jar:/home/anatole/ycsb/infinispan/target/dependency/infinispan-core-9.4.17.Final.jar:/home/anatole/ycsb/infinispan/target/dependency/infinispan-embedded-9.0.1.Final.jar:/home/anatole/ycsb/infinispan/target/dependency/javax.persistence-api-2.2.jar:/home/anatole/ycsb/infinispan/target/dependency/jboss-logging-3.3.2.Final.jar:/home/anatole/ycsb/infinispan/target/dependency/jboss-marshalling-osgi-2.0.6.Final.jar:/home/anatole/ycsb/infinispan/target/dependency/jboss-transaction-api_1.1_spec-1.0.1.Final.jar:/home/anatole/ycsb/infinispan/target/dependency/jboss-transaction-api_1.2_spec-1.1.1.Final.jar:/home/anatole/ycsb/infinispan/target/dependency/jgroups-4.0.20.Final.jar:/home/anatole/ycsb/infinispan/target/dependency/jnvm-1.0-SNAPSHOT.jar:/home/anatole/ycsb/infinispan/target/dependency/metainf-services-1.7.jar:/home/anatole/ycsb/infinispan/target/dependency/netty-buffer-4.1.42.Final.jar:/home/anatole/ycsb/infinispan/target/dependency/netty-codec-4.1.42.Final.jar:/home/anatole/ycsb/infinispan/target/dependency/netty-common-4.1.42.Final.jar:/home/anatole/ycsb/infinispan/target/dependency/netty-handler-4.1.42.Final.jar:/home/anatole/ycsb/infinispan/target/dependency/netty-resolver-4.1.42.Final.jar:/home/anatole/ycsb/infinispan/target/dependency/netty-transport-4.1.42.Final.jar:/home/anatole/ycsb/infinispan/target/dependency/netty-transport-native-epoll-4.1.42.Final-linux-x86_64.jar:/home/anatole/ycsb/infinispan/target/dependency/netty-transport-native-unix-common-4.1.42.Final.jar:/home/anatole/ycsb/infinispan/target/dependency/pcj-1.0.jar:/home/anatole/ycsb/infinispan/target/dependency/reactive-streams-1.0.2.jar:/home/anatole/ycsb/infinispan/target/dependency/rxjava-2.2.4.jar:/home/anatole/ycsb/infinispan/target/dependency/unsafe-helper-1.0.jar site.ycsb.Client -t -db site.ycsb.db.InfinispanClient -P ../workloads/workloada -threads 2 -p dataintegrity=true -p offheap=false -p recordcount=1000000 -p operationcount=10000000 -p fieldcount=10 -p requestdistribution=zipfian -p measurementtype=hdrhistogram -p hdrhistogram.output.path=./out/exp5.concurrent.ref/log/infinispan.run.workloada.true.1000000.1000000.10.zipfian.2.hdr.log
[OVERALL], RunTime(ms), 64156
[OVERALL], Throughput(ops/sec), 155870.06671238857
[TOTAL_GCS_G1_Young_Generation], Count, 71
[TOTAL_GC_TIME_G1_Young_Generation], Time(ms), 7912
[TOTAL_GC_TIME_%_G1_Young_Generation], Time(%), 12.332439678284182
[TOTAL_GCS_G1_Old_Generation], Count, 0
[TOTAL_GC_TIME_G1_Old_Generation], Time(ms), 0
[TOTAL_GC_TIME_%_G1_Old_Generation], Time(%), 0.0
[TOTAL_GCs], Count, 71
[TOTAL_GC_TIME], Time(ms), 7912
[TOTAL_GC_TIME_%], Time(%), 12.332439678284182
[READ], Operations, 5002865
[READ], AverageLatency(ns), 967.3548028979395
[READ], MinLatency(ns), 205
[READ], MaxLatency(ns), 259348479
[READ], 95thPercentileLatency(ns), 1204
[READ], 99thPercentileLatency(ns), 5042
[READ], Return=OK, 5002865
[INIT], Operations, 2
[INIT], AverageLatency(ns), 4.0114192384E10
[INIT], MinLatency(ns), 40113799168
[INIT], MaxLatency(ns), 40114585599
[INIT], 95thPercentileLatency(ns), 40114585599
[INIT], 99thPercentileLatency(ns), 40114585599
[CLEANUP], Operations, 2
[CLEANUP], AverageLatency(ns), 5.9260672E8
[CLEANUP], MinLatency(ns), 515182592
[CLEANUP], MaxLatency(ns), 670031871
[CLEANUP], 95thPercentileLatency(ns), 670031871
[CLEANUP], 99thPercentileLatency(ns), 670031871
[UPDATE], Operations, 4997135
[UPDATE], AverageLatency(ns), 4365.508933418849
[UPDATE], MinLatency(ns), 1372
[UPDATE], MaxLatency(ns), 252709887
[UPDATE], 95thPercentileLatency(ns), 7234
[UPDATE], 99thPercentileLatency(ns), 11305
[UPDATE], Return=OK, 4997135
[TRANSACTION], Operations, 2
[TRANSACTION], AverageLatency(ns), 2.3251386368E10
[TRANSACTION], MinLatency(ns), 23168942080
[TRANSACTION], MaxLatency(ns), 23333830655
[TRANSACTION], 95thPercentileLatency(ns), 23333830655
[TRANSACTION], 99thPercentileLatency(ns), 23333830655
