/home/anatole/jdk8u/build/linux-x86_64-normal-server-release/jdk/bin/java -Xmx30g -XX:+UseG1GC -classpath /home/anatole/ycsb/conf:/home/anatole/ycsb/core/target/core-0.18.0-SNAPSHOT.jar:/home/anatole/ycsb/core/target/dependency/HdrHistogram-2.1.4.jar:/home/anatole/ycsb/core/target/dependency/guava-18.0.jar:/home/anatole/ycsb/core/target/dependency/htrace-core4-4.1.0-incubating.jar:/home/anatole/ycsb/core/target/dependency/jackson-core-asl-1.9.4.jar:/home/anatole/ycsb/core/target/dependency/jackson-mapper-asl-1.9.4.jar:/home/anatole/ycsb/core/target/dependency/javax.persistence-api-2.2.jar:/home/anatole/ycsb/core/target/dependency/jnvm-1.0-SNAPSHOT.jar:/home/anatole/ycsb/core/target/dependency/unsafe-helper-1.0.jar:/home/anatole/ycsb/infinispan/src/main/conf:/home/anatole/ycsb/infinispan/target/infinispan-binding-0.18.0-SNAPSHOT.jar:/home/anatole/ycsb/infinispan/target/dependency/caffeine-2.6.2.jar:/home/anatole/ycsb/infinispan/target/dependency/gson-2.8.2.jar:/home/anatole/ycsb/infinispan/target/dependency/guava-18.0.jar:/home/anatole/ycsb/infinispan/target/dependency/infinispan-cachestore-jnvm-1.0-SNAPSHOT.jar:/home/anatole/ycsb/infinispan/target/dependency/infinispan-client-hotrod-9.4.17.Final.jar:/home/anatole/ycsb/infinispan/target/dependency/infinispan-commons-9.4.17.Final.jar:/home/anatole/ycsb/infinispan/target/dependency/infinispan-core-9.4.17.Final.jar:/home/anatole/ycsb/infinispan/target/dependency/javax.persistence-api-2.2.jar:/home/anatole/ycsb/infinispan/target/dependency/jboss-logging-3.3.2.Final.jar:/home/anatole/ycsb/infinispan/target/dependency/jboss-marshalling-osgi-2.0.6.Final.jar:/home/anatole/ycsb/infinispan/target/dependency/jboss-transaction-api_1.2_spec-1.1.1.Final.jar:/home/anatole/ycsb/infinispan/target/dependency/jgroups-4.0.20.Final.jar:/home/anatole/ycsb/infinispan/target/dependency/jnvm-1.0-SNAPSHOT.jar:/home/anatole/ycsb/infinispan/target/dependency/metainf-services-1.7.jar:/home/anatole/ycsb/infinispan/target/dependency/netty-buffer-4.1.42.Final.jar:/home/anatole/ycsb/infinispan/target/dependency/netty-codec-4.1.42.Final.jar:/home/anatole/ycsb/infinispan/target/dependency/netty-common-4.1.42.Final.jar:/home/anatole/ycsb/infinispan/target/dependency/netty-handler-4.1.42.Final.jar:/home/anatole/ycsb/infinispan/target/dependency/netty-resolver-4.1.42.Final.jar:/home/anatole/ycsb/infinispan/target/dependency/netty-transport-4.1.42.Final.jar:/home/anatole/ycsb/infinispan/target/dependency/netty-transport-native-epoll-4.1.42.Final-linux-x86_64.jar:/home/anatole/ycsb/infinispan/target/dependency/netty-transport-native-unix-common-4.1.42.Final.jar:/home/anatole/ycsb/infinispan/target/dependency/reactive-streams-1.0.2.jar:/home/anatole/ycsb/infinispan/target/dependency/rxjava-2.2.4.jar:/home/anatole/ycsb/infinispan/target/dependency/unsafe-helper-1.0.jar site.ycsb.Client -t -db site.ycsb.db.InfinispanClient -P ../workloads/workloadf -threads 10 -p dataintegrity=true -p offheap=false -p recordcount=15000000 -p operationcount=100000000 -p fieldcount=10 -p requestdistribution=zipfian -p measurement.histogram.verbose=true -p measurementtype=hdrhistogram -p hdrhistogram.output.path=./out/exp00.heapsize.ref/log/infinispan.run.workloadf.true.15000000.150000.10.zipfian.10.true.true.hdr.log
[OVERALL], RunTime(ms), 408735
[OVERALL], Throughput(ops/sec), 244657.29629221867
[TOTAL_GCS_G1_Young_Generation], Count, 166
[TOTAL_GC_TIME_G1_Young_Generation], Time(ms), 22258
[TOTAL_GC_TIME_%_G1_Young_Generation], Time(%), 5.445582100872203
[TOTAL_GCS_G1_Old_Generation], Count, 0
[TOTAL_GC_TIME_G1_Old_Generation], Time(ms), 0
[TOTAL_GC_TIME_%_G1_Old_Generation], Time(%), 0.0
[TOTAL_GCs], Count, 166
[TOTAL_GC_TIME], Time(ms), 22258
[TOTAL_GC_TIME_%], Time(%), 5.445582100872203
[READ], Operations, 100000000
[READ], AverageLatency(ns), 28697.16958272
[READ], MinLatency(ns), 128
[READ], MaxLatency(ns), 268435455
[READ], 95thPercentileLatency(ns), 65535
[READ], 99thPercentileLatency(ns), 131071
[READ], Return=OK, 100000000
[READ], 255, 56543.0
[READ], 511, 1.0779448E7
[READ], 1023, 3.0200775E7
[READ], 2047, 6271758.0
[READ], 4095, 1254390.0
[READ], 8191, 240562.0
[READ], 16383, 12896.0
[READ], 32767, 7613.0
[READ], 65535, 4.9134572E7
[READ], 131071, 2021443.0
[READ], 262143, 9321.0
[READ], 524287, 4064.0
[READ], 1048575, 4426.0
[READ], 2097151, 1098.0
[READ], 4194303, 25.0
[READ], 8388607, 7.0
[READ], 16777215, 6.0
[READ], 67108863, 10.0
[READ], 134217727, 60.0
[READ], 268435455, 983.0
[INIT], Operations, 10
[INIT], AverageLatency(ns), 1.03079215104E11
[INIT], MinLatency(ns), 68719476736
[INIT], MaxLatency(ns), 137438953471
[INIT], 95thPercentileLatency(ns), 137438953471
[INIT], 99thPercentileLatency(ns), 137438953471
[INIT], 137438953471, 10.0
[READ-MODIFY-WRITE], Operations, 50002102
[READ-MODIFY-WRITE], AverageLatency(ns), 31715.047381648077
[READ-MODIFY-WRITE], MinLatency(ns), 1024
[READ-MODIFY-WRITE], MaxLatency(ns), 2147483647
[READ-MODIFY-WRITE], 95thPercentileLatency(ns), 65535
[READ-MODIFY-WRITE], 99thPercentileLatency(ns), 131071
[READ-MODIFY-WRITE], 2047, 2163.0
[READ-MODIFY-WRITE], 4095, 1.006899E7
[READ-MODIFY-WRITE], 8191, 1.3719543E7
[READ-MODIFY-WRITE], 16383, 571876.0
[READ-MODIFY-WRITE], 32767, 40047.0
[READ-MODIFY-WRITE], 65535, 2.4057124E7
[READ-MODIFY-WRITE], 131071, 1524112.0
[READ-MODIFY-WRITE], 262143, 11333.0
[READ-MODIFY-WRITE], 524287, 2795.0
[READ-MODIFY-WRITE], 1048575, 2791.0
[READ-MODIFY-WRITE], 2097151, 714.0
[READ-MODIFY-WRITE], 4194303, 46.0
[READ-MODIFY-WRITE], 8388607, 1.0
[READ-MODIFY-WRITE], 16777215, 1.0
[READ-MODIFY-WRITE], 33554431, 9.0
[READ-MODIFY-WRITE], 67108863, 3.0
[READ-MODIFY-WRITE], 134217727, 25.0
[READ-MODIFY-WRITE], 268435455, 519.0
[READ-MODIFY-WRITE], 2147483647, 10.0
[CLEANUP], Operations, 10
[CLEANUP], AverageLatency(ns), 1.29754988544E10
[CLEANUP], MinLatency(ns), 67108864
[CLEANUP], MaxLatency(ns), 34359738367
[CLEANUP], 95thPercentileLatency(ns), 34359738367
[CLEANUP], 99thPercentileLatency(ns), 34359738367
[CLEANUP], 134217727, 1.0
[CLEANUP], 1073741823, 1.0
[CLEANUP], 8589934591, 2.0
[CLEANUP], 17179869183, 3.0
[CLEANUP], 34359738367, 3.0
[UPDATE], Operations, 50002102
[UPDATE], AverageLatency(ns), 3934.5276714966903
[UPDATE], MinLatency(ns), 1024
[UPDATE], MaxLatency(ns), 2147483647
[UPDATE], 95thPercentileLatency(ns), 8191
[UPDATE], 99thPercentileLatency(ns), 8191
[UPDATE], Return=OK, 50002102
[UPDATE], 2047, 319189.0
[UPDATE], 4095, 4.3041622E7
[UPDATE], 8191, 6203660.0
[UPDATE], 16383, 367659.0
[UPDATE], 32767, 57481.0
[UPDATE], 65535, 6798.0
[UPDATE], 131071, 2735.0
[UPDATE], 262143, 1594.0
[UPDATE], 524287, 714.0
[UPDATE], 1048575, 491.0
[UPDATE], 2097151, 103.0
[UPDATE], 4194303, 27.0
[UPDATE], 16777215, 2.0
[UPDATE], 33554431, 8.0
[UPDATE], 268435455, 9.0
[UPDATE], 2147483647, 10.0
