/home/anatole/jdk8u/build/linux-x86_64-normal-server-release/jdk/bin/java -Xmx30g -XX:+UseG1GC -classpath /home/anatole/ycsb/conf:/home/anatole/ycsb/core/target/core-0.18.0-SNAPSHOT.jar:/home/anatole/ycsb/core/target/dependency/HdrHistogram-2.1.4.jar:/home/anatole/ycsb/core/target/dependency/guava-18.0.jar:/home/anatole/ycsb/core/target/dependency/htrace-core4-4.1.0-incubating.jar:/home/anatole/ycsb/core/target/dependency/jackson-core-asl-1.9.4.jar:/home/anatole/ycsb/core/target/dependency/jackson-mapper-asl-1.9.4.jar:/home/anatole/ycsb/core/target/dependency/javax.persistence-api-2.2.jar:/home/anatole/ycsb/core/target/dependency/jnvm-1.0-SNAPSHOT.jar:/home/anatole/ycsb/core/target/dependency/unsafe-helper-1.0.jar:/home/anatole/ycsb/infinispan/src/main/conf:/home/anatole/ycsb/infinispan/target/infinispan-binding-0.18.0-SNAPSHOT.jar:/home/anatole/ycsb/infinispan/target/dependency/caffeine-2.6.2.jar:/home/anatole/ycsb/infinispan/target/dependency/gson-2.8.2.jar:/home/anatole/ycsb/infinispan/target/dependency/guava-18.0.jar:/home/anatole/ycsb/infinispan/target/dependency/infinispan-cachestore-jnvm-1.0-SNAPSHOT.jar:/home/anatole/ycsb/infinispan/target/dependency/infinispan-client-hotrod-9.4.17.Final.jar:/home/anatole/ycsb/infinispan/target/dependency/infinispan-commons-9.4.17.Final.jar:/home/anatole/ycsb/infinispan/target/dependency/infinispan-core-9.4.17.Final.jar:/home/anatole/ycsb/infinispan/target/dependency/javax.persistence-api-2.2.jar:/home/anatole/ycsb/infinispan/target/dependency/jboss-logging-3.3.2.Final.jar:/home/anatole/ycsb/infinispan/target/dependency/jboss-marshalling-osgi-2.0.6.Final.jar:/home/anatole/ycsb/infinispan/target/dependency/jboss-transaction-api_1.2_spec-1.1.1.Final.jar:/home/anatole/ycsb/infinispan/target/dependency/jgroups-4.0.20.Final.jar:/home/anatole/ycsb/infinispan/target/dependency/jnvm-1.0-SNAPSHOT.jar:/home/anatole/ycsb/infinispan/target/dependency/metainf-services-1.7.jar:/home/anatole/ycsb/infinispan/target/dependency/netty-buffer-4.1.42.Final.jar:/home/anatole/ycsb/infinispan/target/dependency/netty-codec-4.1.42.Final.jar:/home/anatole/ycsb/infinispan/target/dependency/netty-common-4.1.42.Final.jar:/home/anatole/ycsb/infinispan/target/dependency/netty-handler-4.1.42.Final.jar:/home/anatole/ycsb/infinispan/target/dependency/netty-resolver-4.1.42.Final.jar:/home/anatole/ycsb/infinispan/target/dependency/netty-transport-4.1.42.Final.jar:/home/anatole/ycsb/infinispan/target/dependency/netty-transport-native-epoll-4.1.42.Final-linux-x86_64.jar:/home/anatole/ycsb/infinispan/target/dependency/netty-transport-native-unix-common-4.1.42.Final.jar:/home/anatole/ycsb/infinispan/target/dependency/reactive-streams-1.0.2.jar:/home/anatole/ycsb/infinispan/target/dependency/rxjava-2.2.4.jar:/home/anatole/ycsb/infinispan/target/dependency/unsafe-helper-1.0.jar site.ycsb.Client -t -db site.ycsb.db.InfinispanClient -P ../workloads/workloadf -threads 10 -p dataintegrity=true -p offheap=false -p recordcount=15000000 -p operationcount=100000000 -p fieldcount=10 -p requestdistribution=zipfian -p measurement.histogram.verbose=true -p measurementtype=hdrhistogram -p hdrhistogram.output.path=./out/exp00.heapsize.ref/log/infinispan.run.workloadf.true.15000000.150000.10.zipfian.10.false.true.hdr.log
[OVERALL], RunTime(ms), 798042
[OVERALL], Throughput(ops/sec), 125306.68811917167
[TOTAL_GCS_G1_Young_Generation], Count, 566
[TOTAL_GC_TIME_G1_Young_Generation], Time(ms), 65568
[TOTAL_GC_TIME_%_G1_Young_Generation], Time(%), 8.216108926597848
[TOTAL_GCS_G1_Old_Generation], Count, 0
[TOTAL_GC_TIME_G1_Old_Generation], Time(ms), 0
[TOTAL_GC_TIME_%_G1_Old_Generation], Time(%), 0.0
[TOTAL_GCs], Count, 566
[TOTAL_GC_TIME], Time(ms), 65568
[TOTAL_GC_TIME_%], Time(%), 8.216108926597848
[READ], Operations, 100000000
[READ], AverageLatency(ns), 36569.3010624
[READ], MinLatency(ns), 128
[READ], MaxLatency(ns), 2147483647
[READ], 95thPercentileLatency(ns), 131071
[READ], 99thPercentileLatency(ns), 131071
[READ], Return=OK, 100000000
[READ], 255, 11528.0
[READ], 511, 3359261.0
[READ], 1023, 3.2737276E7
[READ], 2047, 1.1063909E7
[READ], 4095, 1241822.0
[READ], 8191, 359336.0
[READ], 16383, 36589.0
[READ], 32767, 13752.0
[READ], 65535, 3.7002413E7
[READ], 131071, 1.4100965E7
[READ], 262143, 64761.0
[READ], 524287, 3759.0
[READ], 1048575, 1792.0
[READ], 2097151, 312.0
[READ], 4194303, 7.0
[READ], 8388607, 1.0
[READ], 16777215, 11.0
[READ], 33554431, 62.0
[READ], 67108863, 484.0
[READ], 134217727, 1156.0
[READ], 268435455, 706.0
[READ], 536870911, 45.0
[READ], 1073741823, 3.0
[READ], 2147483647, 50.0
[INIT], Operations, 10
[INIT], AverageLatency(ns), 1.03079215104E11
[INIT], MinLatency(ns), 68719476736
[INIT], MaxLatency(ns), 137438953471
[INIT], 95thPercentileLatency(ns), 137438953471
[INIT], 99thPercentileLatency(ns), 137438953471
[INIT], 137438953471, 10.0
[READ-MODIFY-WRITE], Operations, 50003346
[READ-MODIFY-WRITE], AverageLatency(ns), 108741.54857460939
[READ-MODIFY-WRITE], MinLatency(ns), 16384
[READ-MODIFY-WRITE], MaxLatency(ns), 2147483647
[READ-MODIFY-WRITE], 95thPercentileLatency(ns), 262143
[READ-MODIFY-WRITE], 99thPercentileLatency(ns), 262143
[READ-MODIFY-WRITE], 32767, 76692.0
[READ-MODIFY-WRITE], 65535, 1.7755208E7
[READ-MODIFY-WRITE], 131071, 2.5294208E7
[READ-MODIFY-WRITE], 262143, 6614402.0
[READ-MODIFY-WRITE], 524287, 244093.0
[READ-MODIFY-WRITE], 1048575, 13228.0
[READ-MODIFY-WRITE], 2097151, 1404.0
[READ-MODIFY-WRITE], 4194303, 173.0
[READ-MODIFY-WRITE], 8388607, 11.0
[READ-MODIFY-WRITE], 16777215, 1.0
[READ-MODIFY-WRITE], 33554431, 99.0
[READ-MODIFY-WRITE], 67108863, 724.0
[READ-MODIFY-WRITE], 134217727, 1876.0
[READ-MODIFY-WRITE], 268435455, 1036.0
[READ-MODIFY-WRITE], 536870911, 58.0
[READ-MODIFY-WRITE], 1073741823, 9.0
[READ-MODIFY-WRITE], 2147483647, 124.0
[CLEANUP], Operations, 10
[CLEANUP], AverageLatency(ns), 1.28949682176E10
[CLEANUP], MinLatency(ns), 67108864
[CLEANUP], MaxLatency(ns), 34359738367
[CLEANUP], 95thPercentileLatency(ns), 34359738367
[CLEANUP], 99thPercentileLatency(ns), 34359738367
[CLEANUP], 134217727, 1.0
[CLEANUP], 17179869183, 8.0
[CLEANUP], 34359738367, 1.0
[UPDATE], Operations, 50003346
[UPDATE], AverageLatency(ns), 72782.74397589313
[UPDATE], MinLatency(ns), 16384
[UPDATE], MaxLatency(ns), 2147483647
[UPDATE], 95thPercentileLatency(ns), 131071
[UPDATE], 99thPercentileLatency(ns), 262143
[UPDATE], Return=OK, 50003346
[UPDATE], 32767, 174661.0
[UPDATE], 65535, 3.7494572E7
[UPDATE], 131071, 1.1746348E7
[UPDATE], 262143, 345932.0
[UPDATE], 524287, 227133.0
[UPDATE], 1048575, 10744.0
[UPDATE], 2097151, 1160.0
[UPDATE], 4194303, 161.0
[UPDATE], 8388607, 7.0
[UPDATE], 33554431, 68.0
[UPDATE], 67108863, 474.0
[UPDATE], 134217727, 1274.0
[UPDATE], 268435455, 671.0
[UPDATE], 536870911, 34.0
[UPDATE], 1073741823, 7.0
[UPDATE], 2147483647, 100.0
