/home/anatole/jdk8u/build/linux-x86_64-normal-server-release/jdk/bin/java -Xmx40g -XX:+UseG1GC -classpath /home/anatole/ycsb/conf:/home/anatole/ycsb/core/target/core-0.18.0-SNAPSHOT.jar:/home/anatole/ycsb/core/target/dependency/HdrHistogram-2.1.4.jar:/home/anatole/ycsb/core/target/dependency/guava-18.0.jar:/home/anatole/ycsb/core/target/dependency/htrace-core4-4.1.0-incubating.jar:/home/anatole/ycsb/core/target/dependency/jackson-core-asl-1.9.4.jar:/home/anatole/ycsb/core/target/dependency/jackson-mapper-asl-1.9.4.jar:/home/anatole/ycsb/core/target/dependency/javax.persistence-api-2.2.jar:/home/anatole/ycsb/core/target/dependency/jnvm-1.0-SNAPSHOT.jar:/home/anatole/ycsb/core/target/dependency/unsafe-helper-1.0.jar:/home/anatole/ycsb/infinispan/src/main/conf:/home/anatole/ycsb/infinispan/target/infinispan-binding-0.18.0-SNAPSHOT.jar:/home/anatole/ycsb/infinispan/target/dependency/caffeine-2.6.2.jar:/home/anatole/ycsb/infinispan/target/dependency/gson-2.8.2.jar:/home/anatole/ycsb/infinispan/target/dependency/guava-18.0.jar:/home/anatole/ycsb/infinispan/target/dependency/infinispan-cachestore-jnvm-1.0-SNAPSHOT.jar:/home/anatole/ycsb/infinispan/target/dependency/infinispan-client-hotrod-9.4.17.Final.jar:/home/anatole/ycsb/infinispan/target/dependency/infinispan-commons-9.4.17.Final.jar:/home/anatole/ycsb/infinispan/target/dependency/infinispan-core-9.4.17.Final.jar:/home/anatole/ycsb/infinispan/target/dependency/javax.persistence-api-2.2.jar:/home/anatole/ycsb/infinispan/target/dependency/jboss-logging-3.3.2.Final.jar:/home/anatole/ycsb/infinispan/target/dependency/jboss-marshalling-osgi-2.0.6.Final.jar:/home/anatole/ycsb/infinispan/target/dependency/jboss-transaction-api_1.2_spec-1.1.1.Final.jar:/home/anatole/ycsb/infinispan/target/dependency/jgroups-4.0.20.Final.jar:/home/anatole/ycsb/infinispan/target/dependency/jnvm-1.0-SNAPSHOT.jar:/home/anatole/ycsb/infinispan/target/dependency/metainf-services-1.7.jar:/home/anatole/ycsb/infinispan/target/dependency/netty-buffer-4.1.42.Final.jar:/home/anatole/ycsb/infinispan/target/dependency/netty-codec-4.1.42.Final.jar:/home/anatole/ycsb/infinispan/target/dependency/netty-common-4.1.42.Final.jar:/home/anatole/ycsb/infinispan/target/dependency/netty-handler-4.1.42.Final.jar:/home/anatole/ycsb/infinispan/target/dependency/netty-resolver-4.1.42.Final.jar:/home/anatole/ycsb/infinispan/target/dependency/netty-transport-4.1.42.Final.jar:/home/anatole/ycsb/infinispan/target/dependency/netty-transport-native-epoll-4.1.42.Final-linux-x86_64.jar:/home/anatole/ycsb/infinispan/target/dependency/netty-transport-native-unix-common-4.1.42.Final.jar:/home/anatole/ycsb/infinispan/target/dependency/reactive-streams-1.0.2.jar:/home/anatole/ycsb/infinispan/target/dependency/rxjava-2.2.4.jar:/home/anatole/ycsb/infinispan/target/dependency/unsafe-helper-1.0.jar site.ycsb.Client -t -db site.ycsb.db.InfinispanClient -P ../workloads/workloadf -threads 10 -p dataintegrity=true -p offheap=false -p recordcount=15000000 -p operationcount=100000000 -p fieldcount=10 -p requestdistribution=zipfian -p measurement.histogram.verbose=true -p measurementtype=hdrhistogram -p hdrhistogram.output.path=./out/exp00.heapsize.ref/log/infinispan.run.workloadf.true.15000000.1500000.10.zipfian.10.false.true.hdr.log
[OVERALL], RunTime(ms), 888780
[OVERALL], Throughput(ops/sec), 112513.78293840996
[TOTAL_GCS_G1_Young_Generation], Count, 627
[TOTAL_GC_TIME_G1_Young_Generation], Time(ms), 120971
[TOTAL_GC_TIME_%_G1_Young_Generation], Time(%), 13.61090483584239
[TOTAL_GCS_G1_Old_Generation], Count, 0
[TOTAL_GC_TIME_G1_Old_Generation], Time(ms), 0
[TOTAL_GC_TIME_%_G1_Old_Generation], Time(%), 0.0
[TOTAL_GCs], Count, 627
[TOTAL_GC_TIME], Time(ms), 120971
[TOTAL_GC_TIME_%], Time(%), 13.61090483584239
[READ], Operations, 100000000
[READ], AverageLatency(ns), 35247.0683424
[READ], MinLatency(ns), 128
[READ], MaxLatency(ns), 2147483647
[READ], 95thPercentileLatency(ns), 131071
[READ], 99thPercentileLatency(ns), 131071
[READ], Return=OK, 100000000
[READ], 255, 79509.0
[READ], 511, 9049485.0
[READ], 1023, 3.7312914E7
[READ], 2047, 1.0814461E7
[READ], 4095, 1720974.0
[READ], 8191, 834521.0
[READ], 16383, 212427.0
[READ], 32767, 40053.0
[READ], 65535, 2.2315047E7
[READ], 131071, 1.74042E7
[READ], 262143, 206912.0
[READ], 524287, 5333.0
[READ], 1048575, 1291.0
[READ], 2097151, 262.0
[READ], 4194303, 97.0
[READ], 8388607, 37.0
[READ], 16777215, 22.0
[READ], 33554431, 17.0
[READ], 67108863, 3.0
[READ], 134217727, 462.0
[READ], 268435455, 1674.0
[READ], 536870911, 155.0
[READ], 1073741823, 86.0
[READ], 2147483647, 58.0
[INIT], Operations, 10
[INIT], AverageLatency(ns), 1.03079215104E11
[INIT], MinLatency(ns), 68719476736
[INIT], MaxLatency(ns), 137438953471
[INIT], 95thPercentileLatency(ns), 137438953471
[INIT], 99thPercentileLatency(ns), 137438953471
[INIT], 137438953471, 10.0
[READ-MODIFY-WRITE], Operations, 50002568
[READ-MODIFY-WRITE], AverageLatency(ns), 119935.71196359355
[READ-MODIFY-WRITE], MinLatency(ns), 16384
[READ-MODIFY-WRITE], MaxLatency(ns), 2147483647
[READ-MODIFY-WRITE], 95thPercentileLatency(ns), 262143
[READ-MODIFY-WRITE], 99thPercentileLatency(ns), 262143
[READ-MODIFY-WRITE], 32767, 39087.0
[READ-MODIFY-WRITE], 65535, 1.9450224E7
[READ-MODIFY-WRITE], 131071, 2.2424429E7
[READ-MODIFY-WRITE], 262143, 7792067.0
[READ-MODIFY-WRITE], 524287, 279666.0
[READ-MODIFY-WRITE], 1048575, 11157.0
[READ-MODIFY-WRITE], 2097151, 1009.0
[READ-MODIFY-WRITE], 4194303, 286.0
[READ-MODIFY-WRITE], 8388607, 106.0
[READ-MODIFY-WRITE], 16777215, 33.0
[READ-MODIFY-WRITE], 33554431, 37.0
[READ-MODIFY-WRITE], 67108863, 12.0
[READ-MODIFY-WRITE], 134217727, 817.0
[READ-MODIFY-WRITE], 268435455, 3028.0
[READ-MODIFY-WRITE], 536870911, 308.0
[READ-MODIFY-WRITE], 1073741823, 152.0
[READ-MODIFY-WRITE], 2147483647, 150.0
[CLEANUP], Operations, 10
[CLEANUP], AverageLatency(ns), 6.5229815808E9
[CLEANUP], MinLatency(ns), 536870912
[CLEANUP], MaxLatency(ns), 17179869183
[CLEANUP], 95thPercentileLatency(ns), 17179869183
[CLEANUP], 99thPercentileLatency(ns), 17179869183
[CLEANUP], 1073741823, 1.0
[CLEANUP], 8589934591, 8.0
[CLEANUP], 17179869183, 1.0
[UPDATE], Operations, 50002568
[UPDATE], AverageLatency(ns), 84624.96367530564
[UPDATE], MinLatency(ns), 16384
[UPDATE], MaxLatency(ns), 2147483647
[UPDATE], 95thPercentileLatency(ns), 131071
[UPDATE], 99thPercentileLatency(ns), 262143
[UPDATE], Return=OK, 50002568
[UPDATE], 32767, 107336.0
[UPDATE], 65535, 3.440537E7
[UPDATE], 131071, 1.465452E7
[UPDATE], 262143, 594099.0
[UPDATE], 524287, 227738.0
[UPDATE], 1048575, 9348.0
[UPDATE], 2097151, 600.0
[UPDATE], 4194303, 191.0
[UPDATE], 8388607, 82.0
[UPDATE], 16777215, 21.0
[UPDATE], 33554431, 32.0
[UPDATE], 67108863, 12.0
[UPDATE], 134217727, 569.0
[UPDATE], 268435455, 2183.0
[UPDATE], 536870911, 231.0
[UPDATE], 1073741823, 112.0
[UPDATE], 2147483647, 124.0
