/home/anatole/jdk8u/build/linux-x86_64-normal-server-release/jdk/bin/java -Xmx100g -XX:+UseG1GC -XX:+UseNUMA -XX:InitiatingHeapOccupancyPercent=0 -classpath /home/anatole/ycsb/conf:/home/anatole/ycsb/core/target/core-0.18.0-SNAPSHOT.jar:/home/anatole/ycsb/core/target/dependency/HdrHistogram-2.1.4.jar:/home/anatole/ycsb/core/target/dependency/guava-18.0.jar:/home/anatole/ycsb/core/target/dependency/htrace-core4-4.1.0-incubating.jar:/home/anatole/ycsb/core/target/dependency/jackson-core-asl-1.9.4.jar:/home/anatole/ycsb/core/target/dependency/jackson-mapper-asl-1.9.4.jar:/home/anatole/ycsb/core/target/dependency/javax.persistence-api-2.2.jar:/home/anatole/ycsb/core/target/dependency/jnvm-1.0-SNAPSHOT.jar:/home/anatole/ycsb/core/target/dependency/unsafe-helper-1.0.jar:/home/anatole/ycsb/infinispan/src/main/conf:/home/anatole/ycsb/infinispan/target/infinispan-binding-0.18.0-SNAPSHOT.jar:/home/anatole/ycsb/infinispan/target/dependency/caffeine-2.6.2.jar:/home/anatole/ycsb/infinispan/target/dependency/gson-2.8.2.jar:/home/anatole/ycsb/infinispan/target/dependency/guava-18.0.jar:/home/anatole/ycsb/infinispan/target/dependency/infinispan-cachestore-jnvm-1.0-SNAPSHOT.jar:/home/anatole/ycsb/infinispan/target/dependency/infinispan-client-hotrod-9.4.17.Final.jar:/home/anatole/ycsb/infinispan/target/dependency/infinispan-commons-9.4.17.Final.jar:/home/anatole/ycsb/infinispan/target/dependency/infinispan-core-9.4.17.Final.jar:/home/anatole/ycsb/infinispan/target/dependency/javax.persistence-api-2.2.jar:/home/anatole/ycsb/infinispan/target/dependency/jboss-logging-3.3.2.Final.jar:/home/anatole/ycsb/infinispan/target/dependency/jboss-marshalling-osgi-2.0.6.Final.jar:/home/anatole/ycsb/infinispan/target/dependency/jboss-transaction-api_1.2_spec-1.1.1.Final.jar:/home/anatole/ycsb/infinispan/target/dependency/jgroups-4.0.20.Final.jar:/home/anatole/ycsb/infinispan/target/dependency/jnvm-1.0-SNAPSHOT.jar:/home/anatole/ycsb/infinispan/target/dependency/metainf-services-1.7.jar:/home/anatole/ycsb/infinispan/target/dependency/netty-buffer-4.1.42.Final.jar:/home/anatole/ycsb/infinispan/target/dependency/netty-codec-4.1.42.Final.jar:/home/anatole/ycsb/infinispan/target/dependency/netty-common-4.1.42.Final.jar:/home/anatole/ycsb/infinispan/target/dependency/netty-handler-4.1.42.Final.jar:/home/anatole/ycsb/infinispan/target/dependency/netty-resolver-4.1.42.Final.jar:/home/anatole/ycsb/infinispan/target/dependency/netty-transport-4.1.42.Final.jar:/home/anatole/ycsb/infinispan/target/dependency/netty-transport-native-epoll-4.1.42.Final-linux-x86_64.jar:/home/anatole/ycsb/infinispan/target/dependency/netty-transport-native-unix-common-4.1.42.Final.jar:/home/anatole/ycsb/infinispan/target/dependency/reactive-streams-1.0.2.jar:/home/anatole/ycsb/infinispan/target/dependency/rxjava-2.2.4.jar:/home/anatole/ycsb/infinispan/target/dependency/unsafe-helper-1.0.jar site.ycsb.Client -t -db site.ycsb.db.InfinispanClient -P ../workloads/workloadf -threads 10 -p dataintegrity=true -p offheap=false -p recordcount=15000000 -p operationcount=100000000 -p fieldcount=10 -p requestdistribution=zipfian -p measurement.histogram.verbose=true -p measurementtype=hdrhistogram -p hdrhistogram.output.path=./out/exp00.heapsize.ref/log/infinispan.run.workloadf.true.15000000.150000.10.zipfian.10.true.true.hdr.log
[OVERALL], RunTime(ms), 960694
[OVERALL], Throughput(ops/sec), 104091.41724628238
[TOTAL_GCS_G1_Young_Generation], Count, 157
[TOTAL_GC_TIME_G1_Young_Generation], Time(ms), 27997
[TOTAL_GC_TIME_%_G1_Young_Generation], Time(%), 2.9142474086441674
[TOTAL_GCS_G1_Old_Generation], Count, 0
[TOTAL_GC_TIME_G1_Old_Generation], Time(ms), 0
[TOTAL_GC_TIME_%_G1_Old_Generation], Time(%), 0.0
[TOTAL_GCs], Count, 157
[TOTAL_GC_TIME], Time(ms), 27997
[TOTAL_GC_TIME_%], Time(%), 2.9142474086441674
[READ], Operations, 100000000
[READ], AverageLatency(ns), 76416.97074624
[READ], MinLatency(ns), 128
[READ], MaxLatency(ns), 4294967295
[READ], 95thPercentileLatency(ns), 262143
[READ], 99thPercentileLatency(ns), 524287
[READ], Return=OK, 100000000
[READ], 255, 43653.0
[READ], 511, 607602.0
[READ], 1023, 6800983.0
[READ], 2047, 2.8156977E7
[READ], 4095, 1.0975931E7
[READ], 8191, 1000688.0
[READ], 16383, 916588.0
[READ], 32767, 314726.0
[READ], 65535, 8652901.0
[READ], 131071, 2.2828846E7
[READ], 262143, 1.6890039E7
[READ], 524287, 2788576.0
[READ], 1048575, 18804.0
[READ], 2097151, 2059.0
[READ], 4194303, 99.0
[READ], 8388607, 20.0
[READ], 16777215, 12.0
[READ], 33554431, 1.0
[READ], 67108863, 29.0
[READ], 134217727, 511.0
[READ], 268435455, 775.0
[READ], 536870911, 72.0
[READ], 1073741823, 41.0
[READ], 2147483647, 36.0
[READ], 4294967295, 31.0
[INIT], Operations, 10
[INIT], AverageLatency(ns), 1.03079215104E11
[INIT], MinLatency(ns), 68719476736
[INIT], MaxLatency(ns), 137438953471
[INIT], 95thPercentileLatency(ns), 137438953471
[INIT], 99thPercentileLatency(ns), 137438953471
[INIT], 137438953471, 10.0
[READ-MODIFY-WRITE], Operations, 49994591
[READ-MODIFY-WRITE], AverageLatency(ns), 87771.91727417072
[READ-MODIFY-WRITE], MinLatency(ns), 1024
[READ-MODIFY-WRITE], MaxLatency(ns), 4294967295
[READ-MODIFY-WRITE], 95thPercentileLatency(ns), 262143
[READ-MODIFY-WRITE], 99thPercentileLatency(ns), 524287
[READ-MODIFY-WRITE], 2047, 9816.0
[READ-MODIFY-WRITE], 4095, 372331.0
[READ-MODIFY-WRITE], 8191, 9130666.0
[READ-MODIFY-WRITE], 16383, 1.2375255E7
[READ-MODIFY-WRITE], 32767, 2115882.0
[READ-MODIFY-WRITE], 65535, 1645653.0
[READ-MODIFY-WRITE], 131071, 1.3383317E7
[READ-MODIFY-WRITE], 262143, 9296222.0
[READ-MODIFY-WRITE], 524287, 1651011.0
[READ-MODIFY-WRITE], 1048575, 11902.0
[READ-MODIFY-WRITE], 2097151, 1575.0
[READ-MODIFY-WRITE], 4194303, 98.0
[READ-MODIFY-WRITE], 8388607, 46.0
[READ-MODIFY-WRITE], 16777215, 3.0
[READ-MODIFY-WRITE], 33554431, 20.0
[READ-MODIFY-WRITE], 67108863, 22.0
[READ-MODIFY-WRITE], 134217727, 271.0
[READ-MODIFY-WRITE], 268435455, 391.0
[READ-MODIFY-WRITE], 536870911, 45.0
[READ-MODIFY-WRITE], 1073741823, 17.0
[READ-MODIFY-WRITE], 2147483647, 33.0
[READ-MODIFY-WRITE], 4294967295, 15.0
[CLEANUP], Operations, 10
[CLEANUP], AverageLatency(ns), 2.57899364352E10
[CLEANUP], MinLatency(ns), 134217728
[CLEANUP], MaxLatency(ns), 68719476735
[CLEANUP], 95thPercentileLatency(ns), 68719476735
[CLEANUP], 99thPercentileLatency(ns), 68719476735
[CLEANUP], 268435455, 1.0
[CLEANUP], 34359738367, 8.0
[CLEANUP], 68719476735, 1.0
[UPDATE], Operations, 49994591
[UPDATE], AverageLatency(ns), 9181.44557006177
[UPDATE], MinLatency(ns), 1024
[UPDATE], MaxLatency(ns), 4294967295
[UPDATE], 95thPercentileLatency(ns), 32767
[UPDATE], 99thPercentileLatency(ns), 32767
[UPDATE], Return=OK, 49994591
[UPDATE], 2047, 227411.0
[UPDATE], 4095, 4721969.0
[UPDATE], 8191, 3.1621335E7
[UPDATE], 16383, 1.0518726E7
[UPDATE], 32767, 2477218.0
[UPDATE], 65535, 393222.0
[UPDATE], 131071, 20115.0
[UPDATE], 262143, 12100.0
[UPDATE], 524287, 965.0
[UPDATE], 1048575, 1124.0
[UPDATE], 2097151, 258.0
[UPDATE], 4194303, 23.0
[UPDATE], 8388607, 38.0
[UPDATE], 16777215, 3.0
[UPDATE], 33554431, 23.0
[UPDATE], 67108863, 7.0
[UPDATE], 134217727, 11.0
[UPDATE], 268435455, 19.0
[UPDATE], 536870911, 8.0
[UPDATE], 1073741823, 3.0
[UPDATE], 2147483647, 12.0
[UPDATE], 4294967295, 1.0
[VERIFY], Operations, 49994591
[VERIFY], AverageLatency(ns), 13648.933985518554
[VERIFY], MinLatency(ns), 4096
[VERIFY], MaxLatency(ns), 4294967295
[VERIFY], 95thPercentileLatency(ns), 16383
[VERIFY], 99thPercentileLatency(ns), 32767
[VERIFY], Return=OK, 49994591
[VERIFY], 8191, 8900529.0
[VERIFY], 16383, 4.055949E7
[VERIFY], 32767, 488382.0
[VERIFY], 65535, 36788.0
[VERIFY], 131071, 993.0
[VERIFY], 262143, 303.0
[VERIFY], 524287, 1971.0
[VERIFY], 1048575, 5430.0
[VERIFY], 2097151, 540.0
[VERIFY], 4194303, 17.0
[VERIFY], 8388607, 1.0
[VERIFY], 67108863, 1.0
[VERIFY], 134217727, 22.0
[VERIFY], 268435455, 60.0
[VERIFY], 536870911, 24.0
[VERIFY], 1073741823, 6.0
[VERIFY], 2147483647, 18.0
[VERIFY], 4294967295, 16.0
