/home/anatole/jdk8u/build/linux-x86_64-normal-server-release/jdk/bin/java -Xmx100g -XX:+UseG1GC -XX:+UseNUMA -XX:InitiatingHeapOccupancyPercent=0 -classpath /home/anatole/ycsb/conf:/home/anatole/ycsb/core/target/core-0.18.0-SNAPSHOT.jar:/home/anatole/ycsb/core/target/dependency/HdrHistogram-2.1.4.jar:/home/anatole/ycsb/core/target/dependency/guava-18.0.jar:/home/anatole/ycsb/core/target/dependency/htrace-core4-4.1.0-incubating.jar:/home/anatole/ycsb/core/target/dependency/jackson-core-asl-1.9.4.jar:/home/anatole/ycsb/core/target/dependency/jackson-mapper-asl-1.9.4.jar:/home/anatole/ycsb/core/target/dependency/javax.persistence-api-2.2.jar:/home/anatole/ycsb/core/target/dependency/jnvm-1.0-SNAPSHOT.jar:/home/anatole/ycsb/core/target/dependency/unsafe-helper-1.0.jar:/home/anatole/ycsb/infinispan/src/main/conf:/home/anatole/ycsb/infinispan/target/infinispan-binding-0.18.0-SNAPSHOT.jar:/home/anatole/ycsb/infinispan/target/dependency/caffeine-2.6.2.jar:/home/anatole/ycsb/infinispan/target/dependency/gson-2.8.2.jar:/home/anatole/ycsb/infinispan/target/dependency/guava-18.0.jar:/home/anatole/ycsb/infinispan/target/dependency/infinispan-cachestore-jnvm-1.0-SNAPSHOT.jar:/home/anatole/ycsb/infinispan/target/dependency/infinispan-client-hotrod-9.4.17.Final.jar:/home/anatole/ycsb/infinispan/target/dependency/infinispan-commons-9.4.17.Final.jar:/home/anatole/ycsb/infinispan/target/dependency/infinispan-core-9.4.17.Final.jar:/home/anatole/ycsb/infinispan/target/dependency/javax.persistence-api-2.2.jar:/home/anatole/ycsb/infinispan/target/dependency/jboss-logging-3.3.2.Final.jar:/home/anatole/ycsb/infinispan/target/dependency/jboss-marshalling-osgi-2.0.6.Final.jar:/home/anatole/ycsb/infinispan/target/dependency/jboss-transaction-api_1.2_spec-1.1.1.Final.jar:/home/anatole/ycsb/infinispan/target/dependency/jgroups-4.0.20.Final.jar:/home/anatole/ycsb/infinispan/target/dependency/jnvm-1.0-SNAPSHOT.jar:/home/anatole/ycsb/infinispan/target/dependency/metainf-services-1.7.jar:/home/anatole/ycsb/infinispan/target/dependency/netty-buffer-4.1.42.Final.jar:/home/anatole/ycsb/infinispan/target/dependency/netty-codec-4.1.42.Final.jar:/home/anatole/ycsb/infinispan/target/dependency/netty-common-4.1.42.Final.jar:/home/anatole/ycsb/infinispan/target/dependency/netty-handler-4.1.42.Final.jar:/home/anatole/ycsb/infinispan/target/dependency/netty-resolver-4.1.42.Final.jar:/home/anatole/ycsb/infinispan/target/dependency/netty-transport-4.1.42.Final.jar:/home/anatole/ycsb/infinispan/target/dependency/netty-transport-native-epoll-4.1.42.Final-linux-x86_64.jar:/home/anatole/ycsb/infinispan/target/dependency/netty-transport-native-unix-common-4.1.42.Final.jar:/home/anatole/ycsb/infinispan/target/dependency/reactive-streams-1.0.2.jar:/home/anatole/ycsb/infinispan/target/dependency/rxjava-2.2.4.jar:/home/anatole/ycsb/infinispan/target/dependency/unsafe-helper-1.0.jar site.ycsb.Client -t -db site.ycsb.db.InfinispanClient -P ../workloads/workloadf -threads 10 -p dataintegrity=true -p offheap=false -p recordcount=15000000 -p operationcount=100000000 -p fieldcount=10 -p requestdistribution=zipfian -p measurement.histogram.verbose=true -p measurementtype=hdrhistogram -p hdrhistogram.output.path=./out/exp00.heapsize.ref/log/infinispan.run.workloadf.true.15000000.150000.10.zipfian.10.true.false.hdr.log
[OVERALL], RunTime(ms), 965041
[OVERALL], Throughput(ops/sec), 103622.54038947567
[TOTAL_GCS_G1_Young_Generation], Count, 167
[TOTAL_GC_TIME_G1_Young_Generation], Time(ms), 30589
[TOTAL_GC_TIME_%_G1_Young_Generation], Time(%), 3.1697098879736716
[TOTAL_GCS_G1_Old_Generation], Count, 0
[TOTAL_GC_TIME_G1_Old_Generation], Time(ms), 0
[TOTAL_GC_TIME_%_G1_Old_Generation], Time(%), 0.0
[TOTAL_GCs], Count, 167
[TOTAL_GC_TIME], Time(ms), 30589
[TOTAL_GC_TIME_%], Time(%), 3.1697098879736716
[READ], Operations, 100000000
[READ], AverageLatency(ns), 80053.98736128
[READ], MinLatency(ns), 128
[READ], MaxLatency(ns), 4294967295
[READ], 95thPercentileLatency(ns), 262143
[READ], 99thPercentileLatency(ns), 524287
[READ], Return=OK, 100000000
[READ], 255, 107386.0
[READ], 511, 977657.0
[READ], 1023, 1.104398E7
[READ], 2047, 3.0987928E7
[READ], 4095, 3876476.0
[READ], 8191, 1073265.0
[READ], 16383, 643812.0
[READ], 32767, 101926.0
[READ], 65535, 5723554.0
[READ], 131071, 2.3970343E7
[READ], 262143, 1.8724031E7
[READ], 524287, 2746492.0
[READ], 1048575, 16314.0
[READ], 2097151, 4608.0
[READ], 4194303, 522.0
[READ], 8388607, 81.0
[READ], 16777215, 18.0
[READ], 33554431, 20.0
[READ], 67108863, 26.0
[READ], 134217727, 103.0
[READ], 268435455, 1242.0
[READ], 536870911, 95.0
[READ], 1073741823, 34.0
[READ], 2147483647, 68.0
[READ], 4294967295, 19.0
[INIT], Operations, 10
[INIT], AverageLatency(ns), 5.1539607552E10
[INIT], MinLatency(ns), 34359738368
[INIT], MaxLatency(ns), 68719476735
[INIT], 95thPercentileLatency(ns), 68719476735
[INIT], 99thPercentileLatency(ns), 68719476735
[INIT], 68719476735, 10.0
[READ-MODIFY-WRITE], Operations, 50000443
[READ-MODIFY-WRITE], AverageLatency(ns), 90249.68712057211
[READ-MODIFY-WRITE], MinLatency(ns), 1024
[READ-MODIFY-WRITE], MaxLatency(ns), 4294967295
[READ-MODIFY-WRITE], 95thPercentileLatency(ns), 262143
[READ-MODIFY-WRITE], 99thPercentileLatency(ns), 524287
[READ-MODIFY-WRITE], 2047, 46869.0
[READ-MODIFY-WRITE], 4095, 516298.0
[READ-MODIFY-WRITE], 8191, 1.3156529E7
[READ-MODIFY-WRITE], 16383, 9338565.0
[READ-MODIFY-WRITE], 32767, 1225962.0
[READ-MODIFY-WRITE], 65535, 1114543.0
[READ-MODIFY-WRITE], 131071, 1.2772915E7
[READ-MODIFY-WRITE], 262143, 1.0202044E7
[READ-MODIFY-WRITE], 524287, 1612130.0
[READ-MODIFY-WRITE], 1048575, 10110.0
[READ-MODIFY-WRITE], 2097151, 3100.0
[READ-MODIFY-WRITE], 4194303, 405.0
[READ-MODIFY-WRITE], 8388607, 71.0
[READ-MODIFY-WRITE], 16777215, 11.0
[READ-MODIFY-WRITE], 33554431, 11.0
[READ-MODIFY-WRITE], 67108863, 19.0
[READ-MODIFY-WRITE], 134217727, 54.0
[READ-MODIFY-WRITE], 268435455, 652.0
[READ-MODIFY-WRITE], 536870911, 63.0
[READ-MODIFY-WRITE], 1073741823, 23.0
[READ-MODIFY-WRITE], 2147483647, 52.0
[READ-MODIFY-WRITE], 4294967295, 17.0
[CLEANUP], Operations, 10
[CLEANUP], AverageLatency(ns), 4.12518187008E10
[CLEANUP], MinLatency(ns), 134217728
[CLEANUP], MaxLatency(ns), 68719476735
[CLEANUP], 95thPercentileLatency(ns), 68719476735
[CLEANUP], 99thPercentileLatency(ns), 68719476735
[CLEANUP], 268435455, 1.0
[CLEANUP], 34359738367, 2.0
[CLEANUP], 68719476735, 7.0
[UPDATE], Operations, 50000443
[UPDATE], AverageLatency(ns), 8581.399388961414
[UPDATE], MinLatency(ns), 1024
[UPDATE], MaxLatency(ns), 4294967295
[UPDATE], 95thPercentileLatency(ns), 16383
[UPDATE], 99thPercentileLatency(ns), 32767
[UPDATE], Return=OK, 50000443
[UPDATE], 2047, 437209.0
[UPDATE], 4095, 8149023.0
[UPDATE], 8191, 3.4095066E7
[UPDATE], 16383, 5976623.0
[UPDATE], 32767, 1221735.0
[UPDATE], 65535, 104863.0
[UPDATE], 131071, 7997.0
[UPDATE], 262143, 5611.0
[UPDATE], 524287, 767.0
[UPDATE], 1048575, 966.0
[UPDATE], 2097151, 352.0
[UPDATE], 4194303, 120.0
[UPDATE], 8388607, 16.0
[UPDATE], 33554431, 10.0
[UPDATE], 67108863, 2.0
[UPDATE], 134217727, 10.0
[UPDATE], 268435455, 23.0
[UPDATE], 536870911, 15.0
[UPDATE], 1073741823, 4.0
[UPDATE], 2147483647, 21.0
[UPDATE], 4294967295, 10.0
[VERIFY], Operations, 50000443
[VERIFY], AverageLatency(ns), 13667.484737765224
[VERIFY], MinLatency(ns), 4096
[VERIFY], MaxLatency(ns), 4294967295
[VERIFY], 95thPercentileLatency(ns), 16383
[VERIFY], 99thPercentileLatency(ns), 32767
[VERIFY], Return=OK, 50000443
[VERIFY], 8191, 8872857.0
[VERIFY], 16383, 4.056486E7
[VERIFY], 32767, 512815.0
[VERIFY], 65535, 40444.0
[VERIFY], 131071, 1347.0
[VERIFY], 262143, 165.0
[VERIFY], 524287, 1884.0
[VERIFY], 1048575, 4533.0
[VERIFY], 2097151, 1196.0
[VERIFY], 4194303, 175.0
[VERIFY], 8388607, 5.0
[VERIFY], 16777215, 1.0
[VERIFY], 67108863, 1.0
[VERIFY], 134217727, 5.0
[VERIFY], 268435455, 82.0
[VERIFY], 536870911, 20.0
[VERIFY], 1073741823, 20.0
[VERIFY], 2147483647, 24.0
[VERIFY], 4294967295, 9.0
