/home/anatole/jdk8u/build/linux-x86_64-normal-server-release/jdk/bin/java -Xmx100g -XX:+UseG1GC -XX:+UseNUMA -XX:InitiatingHeapOccupancyPercent=0 -classpath /home/anatole/ycsb/conf:/home/anatole/ycsb/core/target/core-0.18.0-SNAPSHOT.jar:/home/anatole/ycsb/core/target/dependency/HdrHistogram-2.1.4.jar:/home/anatole/ycsb/core/target/dependency/guava-18.0.jar:/home/anatole/ycsb/core/target/dependency/htrace-core4-4.1.0-incubating.jar:/home/anatole/ycsb/core/target/dependency/jackson-core-asl-1.9.4.jar:/home/anatole/ycsb/core/target/dependency/jackson-mapper-asl-1.9.4.jar:/home/anatole/ycsb/core/target/dependency/javax.persistence-api-2.2.jar:/home/anatole/ycsb/core/target/dependency/jnvm-1.0-SNAPSHOT.jar:/home/anatole/ycsb/core/target/dependency/unsafe-helper-1.0.jar:/home/anatole/ycsb/infinispan/src/main/conf:/home/anatole/ycsb/infinispan/target/infinispan-binding-0.18.0-SNAPSHOT.jar:/home/anatole/ycsb/infinispan/target/dependency/caffeine-2.6.2.jar:/home/anatole/ycsb/infinispan/target/dependency/gson-2.8.2.jar:/home/anatole/ycsb/infinispan/target/dependency/guava-18.0.jar:/home/anatole/ycsb/infinispan/target/dependency/infinispan-cachestore-jnvm-1.0-SNAPSHOT.jar:/home/anatole/ycsb/infinispan/target/dependency/infinispan-client-hotrod-9.4.17.Final.jar:/home/anatole/ycsb/infinispan/target/dependency/infinispan-commons-9.4.17.Final.jar:/home/anatole/ycsb/infinispan/target/dependency/infinispan-core-9.4.17.Final.jar:/home/anatole/ycsb/infinispan/target/dependency/javax.persistence-api-2.2.jar:/home/anatole/ycsb/infinispan/target/dependency/jboss-logging-3.3.2.Final.jar:/home/anatole/ycsb/infinispan/target/dependency/jboss-marshalling-osgi-2.0.6.Final.jar:/home/anatole/ycsb/infinispan/target/dependency/jboss-transaction-api_1.2_spec-1.1.1.Final.jar:/home/anatole/ycsb/infinispan/target/dependency/jgroups-4.0.20.Final.jar:/home/anatole/ycsb/infinispan/target/dependency/jnvm-1.0-SNAPSHOT.jar:/home/anatole/ycsb/infinispan/target/dependency/metainf-services-1.7.jar:/home/anatole/ycsb/infinispan/target/dependency/netty-buffer-4.1.42.Final.jar:/home/anatole/ycsb/infinispan/target/dependency/netty-codec-4.1.42.Final.jar:/home/anatole/ycsb/infinispan/target/dependency/netty-common-4.1.42.Final.jar:/home/anatole/ycsb/infinispan/target/dependency/netty-handler-4.1.42.Final.jar:/home/anatole/ycsb/infinispan/target/dependency/netty-resolver-4.1.42.Final.jar:/home/anatole/ycsb/infinispan/target/dependency/netty-transport-4.1.42.Final.jar:/home/anatole/ycsb/infinispan/target/dependency/netty-transport-native-epoll-4.1.42.Final-linux-x86_64.jar:/home/anatole/ycsb/infinispan/target/dependency/netty-transport-native-unix-common-4.1.42.Final.jar:/home/anatole/ycsb/infinispan/target/dependency/reactive-streams-1.0.2.jar:/home/anatole/ycsb/infinispan/target/dependency/rxjava-2.2.4.jar:/home/anatole/ycsb/infinispan/target/dependency/unsafe-helper-1.0.jar site.ycsb.Client -t -db site.ycsb.db.InfinispanClient -P ../workloads/workloadf -threads 10 -p dataintegrity=true -p offheap=false -p recordcount=15000000 -p operationcount=100000000 -p fieldcount=10 -p requestdistribution=zipfian -p measurement.histogram.verbose=true -p measurementtype=hdrhistogram -p hdrhistogram.output.path=./out/exp00.heapsize.ref/log/infinispan.run.workloadf.true.15000000.1500000.10.zipfian.10.false.true.hdr.log
[OVERALL], RunTime(ms), 1368857
[OVERALL], Throughput(ops/sec), 73053.64986992798
[TOTAL_GCS_G1_Young_Generation], Count, 454
[TOTAL_GC_TIME_G1_Young_Generation], Time(ms), 98753
[TOTAL_GC_TIME_%_G1_Young_Generation], Time(%), 7.214267085604997
[TOTAL_GCS_G1_Old_Generation], Count, 0
[TOTAL_GC_TIME_G1_Old_Generation], Time(ms), 0
[TOTAL_GC_TIME_%_G1_Old_Generation], Time(%), 0.0
[TOTAL_GCs], Count, 454
[TOTAL_GC_TIME], Time(ms), 98753
[TOTAL_GC_TIME_%], Time(%), 7.214267085604997
[READ], Operations, 100000000
[READ], AverageLatency(ns), 52926.17681664
[READ], MinLatency(ns), 128
[READ], MaxLatency(ns), 4294967295
[READ], 95thPercentileLatency(ns), 262143
[READ], 99thPercentileLatency(ns), 262143
[READ], Return=OK, 100000000
[READ], 255, 58332.0
[READ], 511, 945926.0
[READ], 1023, 1.3313897E7
[READ], 2047, 3.9019861E7
[READ], 4095, 4431713.0
[READ], 8191, 1173881.0
[READ], 16383, 902856.0
[READ], 32767, 191882.0
[READ], 65535, 5991974.0
[READ], 131071, 2.7075183E7
[READ], 262143, 6722207.0
[READ], 524287, 161538.0
[READ], 1048575, 6694.0
[READ], 2097151, 1679.0
[READ], 4194303, 148.0
[READ], 8388607, 107.0
[READ], 16777215, 14.0
[READ], 33554431, 4.0
[READ], 67108863, 27.0
[READ], 134217727, 168.0
[READ], 268435455, 1078.0
[READ], 536870911, 609.0
[READ], 1073741823, 30.0
[READ], 2147483647, 179.0
[READ], 4294967295, 13.0
[INIT], Operations, 10
[INIT], AverageLatency(ns), 2.06158430208E11
[INIT], MinLatency(ns), 137438953472
[INIT], MaxLatency(ns), 274877906943
[INIT], 95thPercentileLatency(ns), 274877906943
[INIT], 99thPercentileLatency(ns), 274877906943
[INIT], 274877906943, 10.0
[READ-MODIFY-WRITE], Operations, 49996479
[READ-MODIFY-WRITE], AverageLatency(ns), 182081.61340129573
[READ-MODIFY-WRITE], MinLatency(ns), 16384
[READ-MODIFY-WRITE], MaxLatency(ns), 4294967295
[READ-MODIFY-WRITE], 95thPercentileLatency(ns), 524287
[READ-MODIFY-WRITE], 99thPercentileLatency(ns), 524287
[READ-MODIFY-WRITE], 32767, 47176.0
[READ-MODIFY-WRITE], 65535, 9247082.0
[READ-MODIFY-WRITE], 131071, 1.9742479E7
[READ-MODIFY-WRITE], 262143, 1.8459669E7
[READ-MODIFY-WRITE], 524287, 2436542.0
[READ-MODIFY-WRITE], 1048575, 52507.0
[READ-MODIFY-WRITE], 2097151, 5900.0
[READ-MODIFY-WRITE], 4194303, 779.0
[READ-MODIFY-WRITE], 8388607, 255.0
[READ-MODIFY-WRITE], 16777215, 9.0
[READ-MODIFY-WRITE], 33554431, 4.0
[READ-MODIFY-WRITE], 67108863, 23.0
[READ-MODIFY-WRITE], 134217727, 266.0
[READ-MODIFY-WRITE], 268435455, 1987.0
[READ-MODIFY-WRITE], 536870911, 1073.0
[READ-MODIFY-WRITE], 1073741823, 76.0
[READ-MODIFY-WRITE], 2147483647, 594.0
[READ-MODIFY-WRITE], 4294967295, 58.0
[CLEANUP], Operations, 10
[CLEANUP], AverageLatency(ns), 3.3822867456E10
[CLEANUP], MinLatency(ns), 2147483648
[CLEANUP], MaxLatency(ns), 68719476735
[CLEANUP], 95thPercentileLatency(ns), 68719476735
[CLEANUP], 99thPercentileLatency(ns), 68719476735
[CLEANUP], 4294967295, 1.0
[CLEANUP], 34359738367, 5.0
[CLEANUP], 68719476735, 4.0
[UPDATE], Operations, 49996479
[UPDATE], AverageLatency(ns), 127131.38901609452
[UPDATE], MinLatency(ns), 16384
[UPDATE], MaxLatency(ns), 4294967295
[UPDATE], 95thPercentileLatency(ns), 262143
[UPDATE], 99thPercentileLatency(ns), 262143
[UPDATE], Return=OK, 49996479
[UPDATE], 32767, 139325.0
[UPDATE], 65535, 1.7814229E7
[UPDATE], 131071, 2.6218521E7
[UPDATE], 262143, 5359294.0
[UPDATE], 524287, 421994.0
[UPDATE], 1048575, 35712.0
[UPDATE], 2097151, 3558.0
[UPDATE], 4194303, 640.0
[UPDATE], 8388607, 192.0
[UPDATE], 16777215, 7.0
[UPDATE], 33554431, 3.0
[UPDATE], 67108863, 24.0
[UPDATE], 134217727, 198.0
[UPDATE], 268435455, 1400.0
[UPDATE], 536870911, 762.0
[UPDATE], 1073741823, 59.0
[UPDATE], 2147483647, 510.0
[UPDATE], 4294967295, 51.0
[VERIFY], Operations, 49996479
[VERIFY], AverageLatency(ns), 13611.88856135249
[VERIFY], MinLatency(ns), 4096
[VERIFY], MaxLatency(ns), 4294967295
[VERIFY], 95thPercentileLatency(ns), 16383
[VERIFY], 99thPercentileLatency(ns), 32767
[VERIFY], Return=OK, 49996479
[VERIFY], 8191, 1.568001E7
[VERIFY], 16383, 3.3573345E7
[VERIFY], 32767, 666747.0
[VERIFY], 65535, 67955.0
[VERIFY], 131071, 3820.0
[VERIFY], 262143, 164.0
[VERIFY], 524287, 877.0
[VERIFY], 1048575, 2764.0
[VERIFY], 2097151, 576.0
[VERIFY], 4194303, 44.0
[VERIFY], 8388607, 14.0
[VERIFY], 134217727, 11.0
[VERIFY], 268435455, 37.0
[VERIFY], 536870911, 32.0
[VERIFY], 1073741823, 11.0
[VERIFY], 2147483647, 71.0
[VERIFY], 4294967295, 1.0
