/home/anatole/jdk8u/build/linux-x86_64-normal-server-release/jdk/bin/java -Xmx100g -XX:+UseG1GC -XX:+UseNUMA -XX:InitiatingHeapOccupancyPercent=0 -classpath /home/anatole/ycsb/conf:/home/anatole/ycsb/core/target/core-0.18.0-SNAPSHOT.jar:/home/anatole/ycsb/core/target/dependency/HdrHistogram-2.1.4.jar:/home/anatole/ycsb/core/target/dependency/guava-18.0.jar:/home/anatole/ycsb/core/target/dependency/htrace-core4-4.1.0-incubating.jar:/home/anatole/ycsb/core/target/dependency/jackson-core-asl-1.9.4.jar:/home/anatole/ycsb/core/target/dependency/jackson-mapper-asl-1.9.4.jar:/home/anatole/ycsb/core/target/dependency/javax.persistence-api-2.2.jar:/home/anatole/ycsb/core/target/dependency/jnvm-1.0-SNAPSHOT.jar:/home/anatole/ycsb/core/target/dependency/unsafe-helper-1.0.jar:/home/anatole/ycsb/infinispan/src/main/conf:/home/anatole/ycsb/infinispan/target/infinispan-binding-0.18.0-SNAPSHOT.jar:/home/anatole/ycsb/infinispan/target/dependency/caffeine-2.6.2.jar:/home/anatole/ycsb/infinispan/target/dependency/gson-2.8.2.jar:/home/anatole/ycsb/infinispan/target/dependency/guava-18.0.jar:/home/anatole/ycsb/infinispan/target/dependency/infinispan-cachestore-jnvm-1.0-SNAPSHOT.jar:/home/anatole/ycsb/infinispan/target/dependency/infinispan-client-hotrod-9.4.17.Final.jar:/home/anatole/ycsb/infinispan/target/dependency/infinispan-commons-9.4.17.Final.jar:/home/anatole/ycsb/infinispan/target/dependency/infinispan-core-9.4.17.Final.jar:/home/anatole/ycsb/infinispan/target/dependency/javax.persistence-api-2.2.jar:/home/anatole/ycsb/infinispan/target/dependency/jboss-logging-3.3.2.Final.jar:/home/anatole/ycsb/infinispan/target/dependency/jboss-marshalling-osgi-2.0.6.Final.jar:/home/anatole/ycsb/infinispan/target/dependency/jboss-transaction-api_1.2_spec-1.1.1.Final.jar:/home/anatole/ycsb/infinispan/target/dependency/jgroups-4.0.20.Final.jar:/home/anatole/ycsb/infinispan/target/dependency/jnvm-1.0-SNAPSHOT.jar:/home/anatole/ycsb/infinispan/target/dependency/metainf-services-1.7.jar:/home/anatole/ycsb/infinispan/target/dependency/netty-buffer-4.1.42.Final.jar:/home/anatole/ycsb/infinispan/target/dependency/netty-codec-4.1.42.Final.jar:/home/anatole/ycsb/infinispan/target/dependency/netty-common-4.1.42.Final.jar:/home/anatole/ycsb/infinispan/target/dependency/netty-handler-4.1.42.Final.jar:/home/anatole/ycsb/infinispan/target/dependency/netty-resolver-4.1.42.Final.jar:/home/anatole/ycsb/infinispan/target/dependency/netty-transport-4.1.42.Final.jar:/home/anatole/ycsb/infinispan/target/dependency/netty-transport-native-epoll-4.1.42.Final-linux-x86_64.jar:/home/anatole/ycsb/infinispan/target/dependency/netty-transport-native-unix-common-4.1.42.Final.jar:/home/anatole/ycsb/infinispan/target/dependency/reactive-streams-1.0.2.jar:/home/anatole/ycsb/infinispan/target/dependency/rxjava-2.2.4.jar:/home/anatole/ycsb/infinispan/target/dependency/unsafe-helper-1.0.jar site.ycsb.Client -t -db site.ycsb.db.InfinispanClient -P ../workloads/workloadf -threads 10 -p dataintegrity=true -p offheap=false -p recordcount=15000000 -p operationcount=100000000 -p fieldcount=10 -p requestdistribution=zipfian -p measurement.histogram.verbose=true -p measurementtype=hdrhistogram -p hdrhistogram.output.path=./out/exp00.heapsize.ref/log/infinispan.run.workloadf.true.15000000.150000.10.zipfian.10.false.false.hdr.log
[OVERALL], RunTime(ms), 1286888
[OVERALL], Throughput(ops/sec), 77706.84006689004
[TOTAL_GCS_G1_Young_Generation], Count, 359
[TOTAL_GC_TIME_G1_Young_Generation], Time(ms), 63415
[TOTAL_GC_TIME_%_G1_Young_Generation], Time(%), 4.927779262841833
[TOTAL_GCS_G1_Old_Generation], Count, 0
[TOTAL_GC_TIME_G1_Old_Generation], Time(ms), 0
[TOTAL_GC_TIME_%_G1_Old_Generation], Time(%), 0.0
[TOTAL_GCs], Count, 359
[TOTAL_GC_TIME], Time(ms), 63415
[TOTAL_GC_TIME_%], Time(%), 4.927779262841833
[READ], Operations, 100000000
[READ], AverageLatency(ns), 63442.14869952
[READ], MinLatency(ns), 128
[READ], MaxLatency(ns), 4294967295
[READ], 95thPercentileLatency(ns), 262143
[READ], 99thPercentileLatency(ns), 262143
[READ], Return=OK, 100000000
[READ], 255, 48683.0
[READ], 511, 902547.0
[READ], 1023, 1.3139377E7
[READ], 2047, 3.0275426E7
[READ], 4095, 2387623.0
[READ], 8191, 1219565.0
[READ], 16383, 755581.0
[READ], 32767, 102921.0
[READ], 65535, 8866889.0
[READ], 131071, 3.3426719E7
[READ], 262143, 8571916.0
[READ], 524287, 292957.0
[READ], 1048575, 6724.0
[READ], 2097151, 848.0
[READ], 4194303, 125.0
[READ], 8388607, 53.0
[READ], 16777215, 10.0
[READ], 33554431, 11.0
[READ], 67108863, 51.0
[READ], 134217727, 130.0
[READ], 268435455, 1589.0
[READ], 536870911, 49.0
[READ], 1073741823, 40.0
[READ], 2147483647, 119.0
[READ], 4294967295, 47.0
[INIT], Operations, 10
[INIT], AverageLatency(ns), 5.1539607552E10
[INIT], MinLatency(ns), 34359738368
[INIT], MaxLatency(ns), 68719476735
[INIT], 95thPercentileLatency(ns), 68719476735
[INIT], 99thPercentileLatency(ns), 68719476735
[INIT], 68719476735, 10.0
[READ-MODIFY-WRITE], Operations, 50005158
[READ-MODIFY-WRITE], AverageLatency(ns), 179594.5610148457
[READ-MODIFY-WRITE], MinLatency(ns), 16384
[READ-MODIFY-WRITE], MaxLatency(ns), 4294967295
[READ-MODIFY-WRITE], 95thPercentileLatency(ns), 524287
[READ-MODIFY-WRITE], 99thPercentileLatency(ns), 524287
[READ-MODIFY-WRITE], 32767, 5243.0
[READ-MODIFY-WRITE], 65535, 8978780.0
[READ-MODIFY-WRITE], 131071, 1.7042964E7
[READ-MODIFY-WRITE], 262143, 2.1352954E7
[READ-MODIFY-WRITE], 524287, 2579790.0
[READ-MODIFY-WRITE], 1048575, 39563.0
[READ-MODIFY-WRITE], 2097151, 2118.0
[READ-MODIFY-WRITE], 4194303, 375.0
[READ-MODIFY-WRITE], 8388607, 132.0
[READ-MODIFY-WRITE], 16777215, 15.0
[READ-MODIFY-WRITE], 67108863, 37.0
[READ-MODIFY-WRITE], 134217727, 169.0
[READ-MODIFY-WRITE], 268435455, 2268.0
[READ-MODIFY-WRITE], 536870911, 109.0
[READ-MODIFY-WRITE], 1073741823, 110.0
[READ-MODIFY-WRITE], 2147483647, 437.0
[READ-MODIFY-WRITE], 4294967295, 94.0
[CLEANUP], Operations, 10
[CLEANUP], AverageLatency(ns), 1.80791279616E10
[CLEANUP], MinLatency(ns), 268435456
[CLEANUP], MaxLatency(ns), 34359738367
[CLEANUP], 95thPercentileLatency(ns), 34359738367
[CLEANUP], 99thPercentileLatency(ns), 34359738367
[CLEANUP], 536870911, 1.0
[CLEANUP], 17179869183, 4.0
[CLEANUP], 34359738367, 5.0
[UPDATE], Operations, 50005158
[UPDATE], AverageLatency(ns), 114099.35788144096
[UPDATE], MinLatency(ns), 16384
[UPDATE], MaxLatency(ns), 4294967295
[UPDATE], 95thPercentileLatency(ns), 262143
[UPDATE], 99thPercentileLatency(ns), 262143
[UPDATE], Return=OK, 50005158
[UPDATE], 32767, 18989.0
[UPDATE], 65535, 2.0659344E7
[UPDATE], 131071, 2.4549648E7
[UPDATE], 262143, 4429127.0
[UPDATE], 524287, 321148.0
[UPDATE], 1048575, 23132.0
[UPDATE], 2097151, 1167.0
[UPDATE], 4194303, 286.0
[UPDATE], 8388607, 86.0
[UPDATE], 16777215, 6.0
[UPDATE], 67108863, 32.0
[UPDATE], 134217727, 132.0
[UPDATE], 268435455, 1441.0
[UPDATE], 536870911, 80.0
[UPDATE], 1073741823, 91.0
[UPDATE], 2147483647, 372.0
[UPDATE], 4294967295, 77.0
[VERIFY], Operations, 50005158
[VERIFY], AverageLatency(ns), 13594.325030869815
[VERIFY], MinLatency(ns), 4096
[VERIFY], MaxLatency(ns), 4294967295
[VERIFY], 95thPercentileLatency(ns), 16383
[VERIFY], 99thPercentileLatency(ns), 32767
[VERIFY], Return=OK, 50005158
[VERIFY], 8191, 1.5266455E7
[VERIFY], 16383, 3.4160043E7
[VERIFY], 32767, 535197.0
[VERIFY], 65535, 39075.0
[VERIFY], 131071, 735.0
[VERIFY], 262143, 77.0
[VERIFY], 524287, 852.0
[VERIFY], 1048575, 2425.0
[VERIFY], 2097151, 144.0
[VERIFY], 4194303, 7.0
[VERIFY], 134217727, 4.0
[VERIFY], 268435455, 52.0
[VERIFY], 536870911, 12.0
[VERIFY], 1073741823, 15.0
[VERIFY], 2147483647, 55.0
[VERIFY], 4294967295, 10.0
