/home/anatole/jdk8u/build/linux-x86_64-normal-server-release/jdk/bin/java -Xmx20g -XX:+UseG1GC -XX:-UseCompressedOops -classpath /home/anatole/ycsb/conf:/home/anatole/ycsb/core/target/core-0.18.0-SNAPSHOT.jar:/home/anatole/ycsb/core/target/dependency/HdrHistogram-2.1.4.jar:/home/anatole/ycsb/core/target/dependency/guava-18.0.jar:/home/anatole/ycsb/core/target/dependency/htrace-core4-4.1.0-incubating.jar:/home/anatole/ycsb/core/target/dependency/jackson-core-asl-1.9.4.jar:/home/anatole/ycsb/core/target/dependency/jackson-mapper-asl-1.9.4.jar:/home/anatole/ycsb/core/target/dependency/javax.persistence-api-2.2.jar:/home/anatole/ycsb/core/target/dependency/jnvm-1.0-SNAPSHOT.jar:/home/anatole/ycsb/core/target/dependency/pcj-1.0.jar:/home/anatole/ycsb/core/target/dependency/unsafe-helper-1.0.jar:/home/anatole/ycsb/infinispan/src/main/conf:/home/anatole/ycsb/infinispan/target/infinispan-binding-0.18.0-SNAPSHOT.jar:/home/anatole/ycsb/infinispan/target/dependency/caffeine-2.6.2.jar:/home/anatole/ycsb/infinispan/target/dependency/gson-2.8.2.jar:/home/anatole/ycsb/infinispan/target/dependency/guava-18.0.jar:/home/anatole/ycsb/infinispan/target/dependency/infinispan-cachestore-jnvm-1.0-SNAPSHOT.jar:/home/anatole/ycsb/infinispan/target/dependency/infinispan-cachestore-pcj-1.0-SNAPSHOT.jar:/home/anatole/ycsb/infinispan/target/dependency/infinispan-client-hotrod-9.4.17.Final.jar:/home/anatole/ycsb/infinispan/target/dependency/infinispan-commons-9.4.17.Final.jar:/home/anatole/ycsb/infinispan/target/dependency/infinispan-core-9.4.17.Final.jar:/home/anatole/ycsb/infinispan/target/dependency/infinispan-persistence-soft-index-9.4.17.Final.jar:/home/anatole/ycsb/infinispan/target/dependency/javax.persistence-api-2.2.jar:/home/anatole/ycsb/infinispan/target/dependency/jboss-logging-3.3.2.Final.jar:/home/anatole/ycsb/infinispan/target/dependency/jboss-marshalling-osgi-2.0.6.Final.jar:/home/anatole/ycsb/infinispan/target/dependency/jboss-transaction-api_1.2_spec-1.1.1.Final.jar:/home/anatole/ycsb/infinispan/target/dependency/jgroups-4.0.20.Final.jar:/home/anatole/ycsb/infinispan/target/dependency/jnvm-1.0-SNAPSHOT.jar:/home/anatole/ycsb/infinispan/target/dependency/metainf-services-1.7.jar:/home/anatole/ycsb/infinispan/target/dependency/netty-buffer-4.1.42.Final.jar:/home/anatole/ycsb/infinispan/target/dependency/netty-codec-4.1.42.Final.jar:/home/anatole/ycsb/infinispan/target/dependency/netty-common-4.1.42.Final.jar:/home/anatole/ycsb/infinispan/target/dependency/netty-handler-4.1.42.Final.jar:/home/anatole/ycsb/infinispan/target/dependency/netty-resolver-4.1.42.Final.jar:/home/anatole/ycsb/infinispan/target/dependency/netty-transport-4.1.42.Final.jar:/home/anatole/ycsb/infinispan/target/dependency/netty-transport-native-epoll-4.1.42.Final-linux-x86_64.jar:/home/anatole/ycsb/infinispan/target/dependency/netty-transport-native-unix-common-4.1.42.Final.jar:/home/anatole/ycsb/infinispan/target/dependency/pcj-1.0.jar:/home/anatole/ycsb/infinispan/target/dependency/reactive-streams-1.0.2.jar:/home/anatole/ycsb/infinispan/target/dependency/rxjava-2.2.4.jar:/home/anatole/ycsb/infinispan/target/dependency/unsafe-helper-1.0.jar site.ycsb.Client -load -db site.ycsb.db.InfinispanClient -P ../workloads/workloadf -threads 10 -p dataintegrity=true -p offheap=false -p recordcount=15000000 -p operationcount=100000000 -p fieldcount=10 -p requestdistribution=zipfian -p measurementtype=hdrhistogram -p hdrhistogram.output.path=./out/exp00.heapsize.ref/log/infinispan.load.workloadf.true.15000000.150000.10.zipfian.10.hdr.log
[OVERALL], RunTime(ms), 192755
[OVERALL], Throughput(ops/sec), 77818.9930222303
[TOTAL_GCS_G1_Young_Generation], Count, 95
[TOTAL_GC_TIME_G1_Young_Generation], Time(ms), 12055
[TOTAL_GC_TIME_%_G1_Young_Generation], Time(%), 6.254053072553241
[TOTAL_GCS_G1_Old_Generation], Count, 0
[TOTAL_GC_TIME_G1_Old_Generation], Time(ms), 0
[TOTAL_GC_TIME_%_G1_Old_Generation], Time(%), 0.0
[TOTAL_GCs], Count, 95
[TOTAL_GC_TIME], Time(ms), 12055
[TOTAL_GC_TIME_%], Time(%), 6.254053072553241
[INIT], Operations, 10
[INIT], AverageLatency(ns), 6.474698752E8
[INIT], MinLatency(ns), 645464064
[INIT], MaxLatency(ns), 649801727
[INIT], 95thPercentileLatency(ns), 649801727
[INIT], 99thPercentileLatency(ns), 649801727
[LOAD], Operations, 10
[LOAD], AverageLatency(ns), 1.892476256256E11
[LOAD], MinLatency(ns), 186250166272
[LOAD], MaxLatency(ns), 191897796607
[LOAD], 95thPercentileLatency(ns), 191897796607
[LOAD], 99thPercentileLatency(ns), 191897796607
[CLEANUP], Operations, 10
[CLEANUP], AverageLatency(ns), 2.7422517504E9
[CLEANUP], MinLatency(ns), 100998144
[CLEANUP], MaxLatency(ns), 5664833535
[CLEANUP], 95thPercentileLatency(ns), 5664833535
[CLEANUP], 99thPercentileLatency(ns), 5664833535
[MAIN_GCs_Count], Operations, 10
[MAIN_GCs_Count], AverageLatency(ns), 92.9
[MAIN_GCs_Count], MinLatency(ns), 92
[MAIN_GCs_Count], MaxLatency(ns), 94
[MAIN_GCs_Count], 95thPercentileLatency(ns), 94
[MAIN_GCs_Count], 99thPercentileLatency(ns), 94
[INSERT], Operations, 15000000
[INSERT], AverageLatency(ns), 115712.7195068
[INSERT], MinLatency(ns), 23382
[INSERT], MaxLatency(ns), 1504231423
[INSERT], 95thPercentileLatency(ns), 119450
[INSERT], 99thPercentileLatency(ns), 135125
[INSERT], Return=OK, 15000000
[MAIN_GCs_Time(ms)], Operations, 10
[MAIN_GCs_Time(ms)], AverageLatency(ns), 11890.5
[MAIN_GCs_Time(ms)], MinLatency(ns), 11781
[MAIN_GCs_Time(ms)], MaxLatency(ns), 12039
[MAIN_GCs_Time(ms)], 95thPercentileLatency(ns), 12039
[MAIN_GCs_Time(ms)], 99thPercentileLatency(ns), 12039
/home/anatole/jdk8u/build/linux-x86_64-normal-server-release/jdk/bin/java -Xmx20g -XX:+UseG1GC -XX:-UseCompressedOops -classpath /home/anatole/ycsb/conf:/home/anatole/ycsb/core/target/core-0.18.0-SNAPSHOT.jar:/home/anatole/ycsb/core/target/dependency/HdrHistogram-2.1.4.jar:/home/anatole/ycsb/core/target/dependency/guava-18.0.jar:/home/anatole/ycsb/core/target/dependency/htrace-core4-4.1.0-incubating.jar:/home/anatole/ycsb/core/target/dependency/jackson-core-asl-1.9.4.jar:/home/anatole/ycsb/core/target/dependency/jackson-mapper-asl-1.9.4.jar:/home/anatole/ycsb/core/target/dependency/javax.persistence-api-2.2.jar:/home/anatole/ycsb/core/target/dependency/jnvm-1.0-SNAPSHOT.jar:/home/anatole/ycsb/core/target/dependency/pcj-1.0.jar:/home/anatole/ycsb/core/target/dependency/unsafe-helper-1.0.jar:/home/anatole/ycsb/infinispan/src/main/conf:/home/anatole/ycsb/infinispan/target/infinispan-binding-0.18.0-SNAPSHOT.jar:/home/anatole/ycsb/infinispan/target/dependency/caffeine-2.6.2.jar:/home/anatole/ycsb/infinispan/target/dependency/gson-2.8.2.jar:/home/anatole/ycsb/infinispan/target/dependency/guava-18.0.jar:/home/anatole/ycsb/infinispan/target/dependency/infinispan-cachestore-jnvm-1.0-SNAPSHOT.jar:/home/anatole/ycsb/infinispan/target/dependency/infinispan-cachestore-pcj-1.0-SNAPSHOT.jar:/home/anatole/ycsb/infinispan/target/dependency/infinispan-client-hotrod-9.4.17.Final.jar:/home/anatole/ycsb/infinispan/target/dependency/infinispan-commons-9.4.17.Final.jar:/home/anatole/ycsb/infinispan/target/dependency/infinispan-core-9.4.17.Final.jar:/home/anatole/ycsb/infinispan/target/dependency/infinispan-persistence-soft-index-9.4.17.Final.jar:/home/anatole/ycsb/infinispan/target/dependency/javax.persistence-api-2.2.jar:/home/anatole/ycsb/infinispan/target/dependency/jboss-logging-3.3.2.Final.jar:/home/anatole/ycsb/infinispan/target/dependency/jboss-marshalling-osgi-2.0.6.Final.jar:/home/anatole/ycsb/infinispan/target/dependency/jboss-transaction-api_1.2_spec-1.1.1.Final.jar:/home/anatole/ycsb/infinispan/target/dependency/jgroups-4.0.20.Final.jar:/home/anatole/ycsb/infinispan/target/dependency/jnvm-1.0-SNAPSHOT.jar:/home/anatole/ycsb/infinispan/target/dependency/metainf-services-1.7.jar:/home/anatole/ycsb/infinispan/target/dependency/netty-buffer-4.1.42.Final.jar:/home/anatole/ycsb/infinispan/target/dependency/netty-codec-4.1.42.Final.jar:/home/anatole/ycsb/infinispan/target/dependency/netty-common-4.1.42.Final.jar:/home/anatole/ycsb/infinispan/target/dependency/netty-handler-4.1.42.Final.jar:/home/anatole/ycsb/infinispan/target/dependency/netty-resolver-4.1.42.Final.jar:/home/anatole/ycsb/infinispan/target/dependency/netty-transport-4.1.42.Final.jar:/home/anatole/ycsb/infinispan/target/dependency/netty-transport-native-epoll-4.1.42.Final-linux-x86_64.jar:/home/anatole/ycsb/infinispan/target/dependency/netty-transport-native-unix-common-4.1.42.Final.jar:/home/anatole/ycsb/infinispan/target/dependency/pcj-1.0.jar:/home/anatole/ycsb/infinispan/target/dependency/reactive-streams-1.0.2.jar:/home/anatole/ycsb/infinispan/target/dependency/rxjava-2.2.4.jar:/home/anatole/ycsb/infinispan/target/dependency/unsafe-helper-1.0.jar site.ycsb.Client -load -db site.ycsb.db.InfinispanClient -P ../workloads/workloadf -threads 10 -p dataintegrity=true -p offheap=false -p recordcount=15000000 -p operationcount=100000000 -p fieldcount=10 -p requestdistribution=zipfian -p measurementtype=hdrhistogram -p hdrhistogram.output.path=./out/exp00.heapsize.ref/log/infinispan.load.workloadf.true.15000000.150000.10.zipfian.10.hdr.log
[OVERALL], RunTime(ms), 194442
[OVERALL], Throughput(ops/sec), 77143.82695096738
[TOTAL_GCS_G1_Young_Generation], Count, 103
[TOTAL_GC_TIME_G1_Young_Generation], Time(ms), 14101
[TOTAL_GC_TIME_%_G1_Young_Generation], Time(%), 7.252034025570607
[TOTAL_GCS_G1_Old_Generation], Count, 0
[TOTAL_GC_TIME_G1_Old_Generation], Time(ms), 0
[TOTAL_GC_TIME_%_G1_Old_Generation], Time(%), 0.0
[TOTAL_GCs], Count, 103
[TOTAL_GC_TIME], Time(ms), 14101
[TOTAL_GC_TIME_%], Time(%), 7.252034025570607
[INIT], Operations, 10
[INIT], AverageLatency(ns), 1.971781632E9
[INIT], MinLatency(ns), 1969283072
[INIT], MaxLatency(ns), 1975042047
[INIT], 95thPercentileLatency(ns), 1975042047
[INIT], 99thPercentileLatency(ns), 1975042047
[LOAD], Operations, 10
[LOAD], AverageLatency(ns), 1.9016974336E11
[LOAD], MinLatency(ns), 185733218304
[LOAD], MaxLatency(ns), 192072908799
[LOAD], 95thPercentileLatency(ns), 192072908799
[LOAD], 99thPercentileLatency(ns), 192072908799
[CLEANUP], Operations, 10
[CLEANUP], AverageLatency(ns), 1.9887904E9
[CLEANUP], MinLatency(ns), 87291904
[CLEANUP], MaxLatency(ns), 6411517951
[CLEANUP], 95thPercentileLatency(ns), 6411517951
[CLEANUP], 99thPercentileLatency(ns), 6411517951
[MAIN_GCs_Count], Operations, 10
[MAIN_GCs_Count], AverageLatency(ns), 99.6
[MAIN_GCs_Count], MinLatency(ns), 97
[MAIN_GCs_Count], MaxLatency(ns), 101
[MAIN_GCs_Count], 95thPercentileLatency(ns), 101
[MAIN_GCs_Count], 99thPercentileLatency(ns), 101
[INSERT], Operations, 15000000
[INSERT], AverageLatency(ns), 116450.81865113333
[INSERT], MinLatency(ns), 23786
[INSERT], MaxLatency(ns), 1805180927
[INSERT], 95thPercentileLatency(ns), 118318
[INSERT], 99thPercentileLatency(ns), 135079
[INSERT], Return=OK, 15000000
[MAIN_GCs_Time(ms)], Operations, 10
[MAIN_GCs_Time(ms)], AverageLatency(ns), 13887.3
[MAIN_GCs_Time(ms)], MinLatency(ns), 13524
[MAIN_GCs_Time(ms)], MaxLatency(ns), 14032
[MAIN_GCs_Time(ms)], 95thPercentileLatency(ns), 14032
[MAIN_GCs_Time(ms)], 99thPercentileLatency(ns), 14032
/home/anatole/jdk8u/build/linux-x86_64-normal-server-release/jdk/bin/java -Xmx20g -XX:+UseG1GC -XX:-UseCompressedOops -classpath /home/anatole/ycsb/conf:/home/anatole/ycsb/core/target/core-0.18.0-SNAPSHOT.jar:/home/anatole/ycsb/core/target/dependency/HdrHistogram-2.1.4.jar:/home/anatole/ycsb/core/target/dependency/guava-18.0.jar:/home/anatole/ycsb/core/target/dependency/htrace-core4-4.1.0-incubating.jar:/home/anatole/ycsb/core/target/dependency/jackson-core-asl-1.9.4.jar:/home/anatole/ycsb/core/target/dependency/jackson-mapper-asl-1.9.4.jar:/home/anatole/ycsb/core/target/dependency/javax.persistence-api-2.2.jar:/home/anatole/ycsb/core/target/dependency/jnvm-1.0-SNAPSHOT.jar:/home/anatole/ycsb/core/target/dependency/pcj-1.0.jar:/home/anatole/ycsb/core/target/dependency/unsafe-helper-1.0.jar:/home/anatole/ycsb/infinispan/src/main/conf:/home/anatole/ycsb/infinispan/target/infinispan-binding-0.18.0-SNAPSHOT.jar:/home/anatole/ycsb/infinispan/target/dependency/caffeine-2.6.2.jar:/home/anatole/ycsb/infinispan/target/dependency/gson-2.8.2.jar:/home/anatole/ycsb/infinispan/target/dependency/guava-18.0.jar:/home/anatole/ycsb/infinispan/target/dependency/infinispan-cachestore-jnvm-1.0-SNAPSHOT.jar:/home/anatole/ycsb/infinispan/target/dependency/infinispan-cachestore-pcj-1.0-SNAPSHOT.jar:/home/anatole/ycsb/infinispan/target/dependency/infinispan-client-hotrod-9.4.17.Final.jar:/home/anatole/ycsb/infinispan/target/dependency/infinispan-commons-9.4.17.Final.jar:/home/anatole/ycsb/infinispan/target/dependency/infinispan-core-9.4.17.Final.jar:/home/anatole/ycsb/infinispan/target/dependency/infinispan-persistence-soft-index-9.4.17.Final.jar:/home/anatole/ycsb/infinispan/target/dependency/javax.persistence-api-2.2.jar:/home/anatole/ycsb/infinispan/target/dependency/jboss-logging-3.3.2.Final.jar:/home/anatole/ycsb/infinispan/target/dependency/jboss-marshalling-osgi-2.0.6.Final.jar:/home/anatole/ycsb/infinispan/target/dependency/jboss-transaction-api_1.2_spec-1.1.1.Final.jar:/home/anatole/ycsb/infinispan/target/dependency/jgroups-4.0.20.Final.jar:/home/anatole/ycsb/infinispan/target/dependency/jnvm-1.0-SNAPSHOT.jar:/home/anatole/ycsb/infinispan/target/dependency/metainf-services-1.7.jar:/home/anatole/ycsb/infinispan/target/dependency/netty-buffer-4.1.42.Final.jar:/home/anatole/ycsb/infinispan/target/dependency/netty-codec-4.1.42.Final.jar:/home/anatole/ycsb/infinispan/target/dependency/netty-common-4.1.42.Final.jar:/home/anatole/ycsb/infinispan/target/dependency/netty-handler-4.1.42.Final.jar:/home/anatole/ycsb/infinispan/target/dependency/netty-resolver-4.1.42.Final.jar:/home/anatole/ycsb/infinispan/target/dependency/netty-transport-4.1.42.Final.jar:/home/anatole/ycsb/infinispan/target/dependency/netty-transport-native-epoll-4.1.42.Final-linux-x86_64.jar:/home/anatole/ycsb/infinispan/target/dependency/netty-transport-native-unix-common-4.1.42.Final.jar:/home/anatole/ycsb/infinispan/target/dependency/pcj-1.0.jar:/home/anatole/ycsb/infinispan/target/dependency/reactive-streams-1.0.2.jar:/home/anatole/ycsb/infinispan/target/dependency/rxjava-2.2.4.jar:/home/anatole/ycsb/infinispan/target/dependency/unsafe-helper-1.0.jar site.ycsb.Client -load -db site.ycsb.db.InfinispanClient -P ../workloads/workloadf -threads 10 -p dataintegrity=true -p offheap=false -p recordcount=15000000 -p operationcount=100000000 -p fieldcount=10 -p requestdistribution=zipfian -p measurementtype=hdrhistogram -p hdrhistogram.output.path=./out/exp00.heapsize.ref/log/infinispan.load.workloadf.true.15000000.150000.10.zipfian.10.hdr.log
[OVERALL], RunTime(ms), 196008
[OVERALL], Throughput(ops/sec), 76527.48867393167
[TOTAL_GCS_G1_Young_Generation], Count, 103
[TOTAL_GC_TIME_G1_Young_Generation], Time(ms), 13213
[TOTAL_GC_TIME_%_G1_Young_Generation], Time(%), 6.7410513856577285
[TOTAL_GCS_G1_Old_Generation], Count, 0
[TOTAL_GC_TIME_G1_Old_Generation], Time(ms), 0
[TOTAL_GC_TIME_%_G1_Old_Generation], Time(%), 0.0
[TOTAL_GCs], Count, 103
[TOTAL_GC_TIME], Time(ms), 13213
[TOTAL_GC_TIME_%], Time(%), 6.7410513856577285
[INIT], Operations, 10
[INIT], AverageLatency(ns), 2.0393836544E9
[INIT], MinLatency(ns), 2036187136
[INIT], MaxLatency(ns), 2042658815
[INIT], 95thPercentileLatency(ns), 2042658815
[INIT], 99thPercentileLatency(ns), 2042658815
[LOAD], Operations, 10
[LOAD], AverageLatency(ns), 1.920083165184E11
[LOAD], MinLatency(ns), 188468953088
[LOAD], MaxLatency(ns), 193692958719
[LOAD], 95thPercentileLatency(ns), 193692958719
[LOAD], 99thPercentileLatency(ns), 193692958719
[CLEANUP], Operations, 10
[CLEANUP], AverageLatency(ns), 1.7962599168E9
[CLEANUP], MinLatency(ns), 113072640
[CLEANUP], MaxLatency(ns), 5322375167
[CLEANUP], 95thPercentileLatency(ns), 5322375167
[CLEANUP], 99thPercentileLatency(ns), 5322375167
[MAIN_GCs_Count], Operations, 10
[MAIN_GCs_Count], AverageLatency(ns), 101.0
[MAIN_GCs_Count], MinLatency(ns), 100
[MAIN_GCs_Count], MaxLatency(ns), 102
[MAIN_GCs_Count], 95thPercentileLatency(ns), 102
[MAIN_GCs_Count], 99thPercentileLatency(ns), 102
[INSERT], Operations, 15000000
[INSERT], AverageLatency(ns), 117674.04559746667
[INSERT], MinLatency(ns), 24563
[INSERT], MaxLatency(ns), 1394515967
[INSERT], 95thPercentileLatency(ns), 120956
[INSERT], 99thPercentileLatency(ns), 137085
[INSERT], Return=OK, 15000000
[MAIN_GCs_Time(ms)], Operations, 10
[MAIN_GCs_Time(ms)], AverageLatency(ns), 13020.3
[MAIN_GCs_Time(ms)], MinLatency(ns), 12873
[MAIN_GCs_Time(ms)], MaxLatency(ns), 13194
[MAIN_GCs_Time(ms)], 95thPercentileLatency(ns), 13194
[MAIN_GCs_Time(ms)], 99thPercentileLatency(ns), 13194
