/home/anatole/jdk8u/build/linux-x86_64-normal-server-release/jdk/bin/java -Xmx20g -XX:+UseG1GC -classpath /home/anatole/ycsb/conf:/home/anatole/ycsb/core/target/core-0.18.0-SNAPSHOT.jar:/home/anatole/ycsb/core/target/dependency/HdrHistogram-2.1.4.jar:/home/anatole/ycsb/core/target/dependency/guava-18.0.jar:/home/anatole/ycsb/core/target/dependency/htrace-core4-4.1.0-incubating.jar:/home/anatole/ycsb/core/target/dependency/jackson-core-asl-1.9.4.jar:/home/anatole/ycsb/core/target/dependency/jackson-mapper-asl-1.9.4.jar:/home/anatole/ycsb/core/target/dependency/javax.persistence-api-2.2.jar:/home/anatole/ycsb/core/target/dependency/jnvm-1.0-SNAPSHOT.jar:/home/anatole/ycsb/core/target/dependency/pcj-1.0.jar:/home/anatole/ycsb/core/target/dependency/unsafe-helper-1.0.jar:/home/anatole/ycsb/infinispan/src/main/conf:/home/anatole/ycsb/infinispan/target/infinispan-binding-0.18.0-SNAPSHOT.jar:/home/anatole/ycsb/infinispan/target/dependency/caffeine-2.6.2.jar:/home/anatole/ycsb/infinispan/target/dependency/gson-2.8.2.jar:/home/anatole/ycsb/infinispan/target/dependency/guava-18.0.jar:/home/anatole/ycsb/infinispan/target/dependency/infinispan-cachestore-jnvm-1.0-SNAPSHOT.jar:/home/anatole/ycsb/infinispan/target/dependency/infinispan-cachestore-pcj-1.0-SNAPSHOT.jar:/home/anatole/ycsb/infinispan/target/dependency/infinispan-client-hotrod-9.4.17.Final.jar:/home/anatole/ycsb/infinispan/target/dependency/infinispan-commons-9.4.17.Final.jar:/home/anatole/ycsb/infinispan/target/dependency/infinispan-core-9.4.17.Final.jar:/home/anatole/ycsb/infinispan/target/dependency/infinispan-embedded-9.0.1.Final.jar:/home/anatole/ycsb/infinispan/target/dependency/javax.persistence-api-2.2.jar:/home/anatole/ycsb/infinispan/target/dependency/jboss-logging-3.3.2.Final.jar:/home/anatole/ycsb/infinispan/target/dependency/jboss-marshalling-osgi-2.0.6.Final.jar:/home/anatole/ycsb/infinispan/target/dependency/jboss-transaction-api_1.1_spec-1.0.1.Final.jar:/home/anatole/ycsb/infinispan/target/dependency/jboss-transaction-api_1.2_spec-1.1.1.Final.jar:/home/anatole/ycsb/infinispan/target/dependency/jgroups-4.0.20.Final.jar:/home/anatole/ycsb/infinispan/target/dependency/jnvm-1.0-SNAPSHOT.jar:/home/anatole/ycsb/infinispan/target/dependency/metainf-services-1.7.jar:/home/anatole/ycsb/infinispan/target/dependency/netty-buffer-4.1.42.Final.jar:/home/anatole/ycsb/infinispan/target/dependency/netty-codec-4.1.42.Final.jar:/home/anatole/ycsb/infinispan/target/dependency/netty-common-4.1.42.Final.jar:/home/anatole/ycsb/infinispan/target/dependency/netty-handler-4.1.42.Final.jar:/home/anatole/ycsb/infinispan/target/dependency/netty-resolver-4.1.42.Final.jar:/home/anatole/ycsb/infinispan/target/dependency/netty-transport-4.1.42.Final.jar:/home/anatole/ycsb/infinispan/target/dependency/netty-transport-native-epoll-4.1.42.Final-linux-x86_64.jar:/home/anatole/ycsb/infinispan/target/dependency/netty-transport-native-unix-common-4.1.42.Final.jar:/home/anatole/ycsb/infinispan/target/dependency/pcj-1.0.jar:/home/anatole/ycsb/infinispan/target/dependency/reactive-streams-1.0.2.jar:/home/anatole/ycsb/infinispan/target/dependency/rxjava-2.2.4.jar:/home/anatole/ycsb/infinispan/target/dependency/unsafe-helper-1.0.jar site.ycsb.Client -t -db site.ycsb.db.InfinispanJNVMClient -P ../workloads/workloada -threads 20 -p dataintegrity=true -p offheap=true -p recordcount=1000000 -p operationcount=30000000 -p fieldcount=10 -p requestdistribution=zipfian -p measurementtype=hdrhistogram -p hdrhistogram.output.path=./out/exp5.concurrent.ref/log/infinispan-jnvm.run.workloada.true.1000000.1.10.zipfian.20.hdr.log
[OVERALL], RunTime(ms), 50508
[OVERALL], Throughput(ops/sec), 593965.3124257544
[TOTAL_GCS_G1_Young_Generation], Count, 100
[TOTAL_GC_TIME_G1_Young_Generation], Time(ms), 25602
[TOTAL_GC_TIME_%_G1_Young_Generation], Time(%), 50.68899976241388
[TOTAL_GCS_G1_Old_Generation], Count, 0
[TOTAL_GC_TIME_G1_Old_Generation], Time(ms), 0
[TOTAL_GC_TIME_%_G1_Old_Generation], Time(%), 0.0
[TOTAL_GCs], Count, 100
[TOTAL_GC_TIME], Time(ms), 25602
[TOTAL_GC_TIME_%], Time(%), 50.68899976241388
[READ], Operations, 15001682
[READ], AverageLatency(ns), 18631.896485474095
[READ], MinLatency(ns), 166
[READ], MaxLatency(ns), 366962687
[READ], 95thPercentileLatency(ns), 36991
[READ], 99thPercentileLatency(ns), 55626
[READ], Return=OK, 15001682
[INIT], Operations, 20
[INIT], AverageLatency(ns), 6.1142925312E9
[INIT], MinLatency(ns), 6108610560
[INIT], MaxLatency(ns), 6120112127
[INIT], 95thPercentileLatency(ns), 6119489535
[INIT], 99thPercentileLatency(ns), 6120112127
[CLEANUP], Operations, 20
[CLEANUP], AverageLatency(ns), 3.076979944E8
[CLEANUP], MinLatency(ns), 6164480
[CLEANUP], MaxLatency(ns), 1176862719
[CLEANUP], 95thPercentileLatency(ns), 718913535
[CLEANUP], 99thPercentileLatency(ns), 1176862719
[UPDATE], Operations, 14998318
[UPDATE], AverageLatency(ns), 23024.462261701614
[UPDATE], MinLatency(ns), 229
[UPDATE], MaxLatency(ns), 366467071
[UPDATE], 95thPercentileLatency(ns), 39722
[UPDATE], 99thPercentileLatency(ns), 58469
[UPDATE], Return=OK, 14998318
[TRANSACTION], Operations, 20
[TRANSACTION], AverageLatency(ns), 4.3879890944E10
[TRANSACTION], MinLatency(ns), 42991616000
[TRANSACTION], MaxLatency(ns), 44184109055
[TRANSACTION], 95thPercentileLatency(ns), 44163137535
[TRANSACTION], 99thPercentileLatency(ns), 44184109055
