/home/anatole/jdk8u/build/linux-x86_64-normal-server-release/jdk/bin/java -Xmx20g -XX:+UseG1GC -classpath /home/anatole/ycsb/conf:/home/anatole/ycsb/core/target/core-0.18.0-SNAPSHOT.jar:/home/anatole/ycsb/core/target/dependency/HdrHistogram-2.1.4.jar:/home/anatole/ycsb/core/target/dependency/guava-18.0.jar:/home/anatole/ycsb/core/target/dependency/htrace-core4-4.1.0-incubating.jar:/home/anatole/ycsb/core/target/dependency/jackson-core-asl-1.9.4.jar:/home/anatole/ycsb/core/target/dependency/jackson-mapper-asl-1.9.4.jar:/home/anatole/ycsb/core/target/dependency/javax.persistence-api-2.2.jar:/home/anatole/ycsb/core/target/dependency/jnvm-1.0-SNAPSHOT.jar:/home/anatole/ycsb/core/target/dependency/pcj-1.0.jar:/home/anatole/ycsb/core/target/dependency/unsafe-helper-1.0.jar:/home/anatole/ycsb/infinispan/src/main/conf:/home/anatole/ycsb/infinispan/target/infinispan-binding-0.18.0-SNAPSHOT.jar:/home/anatole/ycsb/infinispan/target/dependency/caffeine-2.6.2.jar:/home/anatole/ycsb/infinispan/target/dependency/gson-2.8.2.jar:/home/anatole/ycsb/infinispan/target/dependency/guava-18.0.jar:/home/anatole/ycsb/infinispan/target/dependency/infinispan-cachestore-jnvm-1.0-SNAPSHOT.jar:/home/anatole/ycsb/infinispan/target/dependency/infinispan-cachestore-pcj-1.0-SNAPSHOT.jar:/home/anatole/ycsb/infinispan/target/dependency/infinispan-client-hotrod-9.4.17.Final.jar:/home/anatole/ycsb/infinispan/target/dependency/infinispan-commons-9.4.17.Final.jar:/home/anatole/ycsb/infinispan/target/dependency/infinispan-core-9.4.17.Final.jar:/home/anatole/ycsb/infinispan/target/dependency/infinispan-embedded-9.0.1.Final.jar:/home/anatole/ycsb/infinispan/target/dependency/javax.persistence-api-2.2.jar:/home/anatole/ycsb/infinispan/target/dependency/jboss-logging-3.3.2.Final.jar:/home/anatole/ycsb/infinispan/target/dependency/jboss-marshalling-osgi-2.0.6.Final.jar:/home/anatole/ycsb/infinispan/target/dependency/jboss-transaction-api_1.1_spec-1.0.1.Final.jar:/home/anatole/ycsb/infinispan/target/dependency/jboss-transaction-api_1.2_spec-1.1.1.Final.jar:/home/anatole/ycsb/infinispan/target/dependency/jgroups-4.0.20.Final.jar:/home/anatole/ycsb/infinispan/target/dependency/jnvm-1.0-SNAPSHOT.jar:/home/anatole/ycsb/infinispan/target/dependency/metainf-services-1.7.jar:/home/anatole/ycsb/infinispan/target/dependency/netty-buffer-4.1.42.Final.jar:/home/anatole/ycsb/infinispan/target/dependency/netty-codec-4.1.42.Final.jar:/home/anatole/ycsb/infinispan/target/dependency/netty-common-4.1.42.Final.jar:/home/anatole/ycsb/infinispan/target/dependency/netty-handler-4.1.42.Final.jar:/home/anatole/ycsb/infinispan/target/dependency/netty-resolver-4.1.42.Final.jar:/home/anatole/ycsb/infinispan/target/dependency/netty-transport-4.1.42.Final.jar:/home/anatole/ycsb/infinispan/target/dependency/netty-transport-native-epoll-4.1.42.Final-linux-x86_64.jar:/home/anatole/ycsb/infinispan/target/dependency/netty-transport-native-unix-common-4.1.42.Final.jar:/home/anatole/ycsb/infinispan/target/dependency/pcj-1.0.jar:/home/anatole/ycsb/infinispan/target/dependency/reactive-streams-1.0.2.jar:/home/anatole/ycsb/infinispan/target/dependency/rxjava-2.2.4.jar:/home/anatole/ycsb/infinispan/target/dependency/unsafe-helper-1.0.jar site.ycsb.Client -t -db site.ycsb.db.InfinispanClient -P ../workloads/workloada -threads 12 -p dataintegrity=true -p offheap=false -p recordcount=1000000 -p operationcount=10000000 -p fieldcount=10 -p requestdistribution=zipfian -p measurementtype=hdrhistogram -p hdrhistogram.output.path=./out/exp5.concurrent.ref/log/infinispan.run.workloada.true.1000000.100000.10.zipfian.12.hdr.log
[OVERALL], RunTime(ms), 105622
[OVERALL], Throughput(ops/sec), 94677.2452708716
[TOTAL_GCS_G1_Young_Generation], Count, 59
[TOTAL_GC_TIME_G1_Young_Generation], Time(ms), 6052
[TOTAL_GC_TIME_%_G1_Young_Generation], Time(%), 5.729866883793149
[TOTAL_GCS_G1_Old_Generation], Count, 0
[TOTAL_GC_TIME_G1_Old_Generation], Time(ms), 0
[TOTAL_GC_TIME_%_G1_Old_Generation], Time(%), 0.0
[TOTAL_GCs], Count, 59
[TOTAL_GC_TIME], Time(ms), 6052
[TOTAL_GC_TIME_%], Time(%), 5.729866883793149
[READ], Operations, 4999808
[READ], AverageLatency(ns), 31207.49616225263
[READ], MinLatency(ns), 229
[READ], MaxLatency(ns), 160884735
[READ], 95thPercentileLatency(ns), 71610
[READ], 99thPercentileLatency(ns), 90334
[READ], Return=OK, 4999808
[INIT], Operations, 12
[INIT], AverageLatency(ns), 8.63379456E9
[INIT], MinLatency(ns), 8631353344
[INIT], MaxLatency(ns), 8636661759
[INIT], 95thPercentileLatency(ns), 8635940863
[INIT], 99thPercentileLatency(ns), 8636661759
[CLEANUP], Operations, 12
[CLEANUP], AverageLatency(ns), 1.4026054506666667E9
[CLEANUP], MinLatency(ns), 64621056
[CLEANUP], MaxLatency(ns), 1909039103
[CLEANUP], 95thPercentileLatency(ns), 1836990463
[CLEANUP], 99thPercentileLatency(ns), 1909039103
[UPDATE], Operations, 5000192
[UPDATE], AverageLatency(ns), 193706.75636775547
[UPDATE], MinLatency(ns), 46125
[UPDATE], MaxLatency(ns), 161928191
[UPDATE], 95thPercentileLatency(ns), 250708
[UPDATE], 99thPercentileLatency(ns), 587167
[UPDATE], Return=OK, 5000192
[TRANSACTION], Operations, 12
[TRANSACTION], AverageLatency(ns), 9.5457640448E10
[TRANSACTION], MinLatency(ns), 94940692480
[TRANSACTION], MaxLatency(ns), 96796671999
[TRANSACTION], 95thPercentileLatency(ns), 95717687295
[TRANSACTION], 99thPercentileLatency(ns), 96796671999
