/home/anatole/jdk8u/build/linux-x86_64-normal-server-release/jdk/bin/java -Xmx20g -XX:+UseG1GC -classpath /home/anatole/ycsb/conf:/home/anatole/ycsb/core/target/core-0.18.0-SNAPSHOT.jar:/home/anatole/ycsb/core/target/dependency/HdrHistogram-2.1.4.jar:/home/anatole/ycsb/core/target/dependency/guava-18.0.jar:/home/anatole/ycsb/core/target/dependency/htrace-core4-4.1.0-incubating.jar:/home/anatole/ycsb/core/target/dependency/jackson-core-asl-1.9.4.jar:/home/anatole/ycsb/core/target/dependency/jackson-mapper-asl-1.9.4.jar:/home/anatole/ycsb/core/target/dependency/javax.persistence-api-2.2.jar:/home/anatole/ycsb/core/target/dependency/jnvm-1.0-SNAPSHOT.jar:/home/anatole/ycsb/core/target/dependency/pcj-1.0.jar:/home/anatole/ycsb/core/target/dependency/unsafe-helper-1.0.jar:/home/anatole/ycsb/infinispan/src/main/conf:/home/anatole/ycsb/infinispan/target/infinispan-binding-0.18.0-SNAPSHOT.jar:/home/anatole/ycsb/infinispan/target/dependency/caffeine-2.6.2.jar:/home/anatole/ycsb/infinispan/target/dependency/gson-2.8.2.jar:/home/anatole/ycsb/infinispan/target/dependency/guava-18.0.jar:/home/anatole/ycsb/infinispan/target/dependency/infinispan-cachestore-jnvm-1.0-SNAPSHOT.jar:/home/anatole/ycsb/infinispan/target/dependency/infinispan-cachestore-pcj-1.0-SNAPSHOT.jar:/home/anatole/ycsb/infinispan/target/dependency/infinispan-client-hotrod-9.4.17.Final.jar:/home/anatole/ycsb/infinispan/target/dependency/infinispan-commons-9.4.17.Final.jar:/home/anatole/ycsb/infinispan/target/dependency/infinispan-core-9.4.17.Final.jar:/home/anatole/ycsb/infinispan/target/dependency/infinispan-embedded-9.0.1.Final.jar:/home/anatole/ycsb/infinispan/target/dependency/javax.persistence-api-2.2.jar:/home/anatole/ycsb/infinispan/target/dependency/jboss-logging-3.3.2.Final.jar:/home/anatole/ycsb/infinispan/target/dependency/jboss-marshalling-osgi-2.0.6.Final.jar:/home/anatole/ycsb/infinispan/target/dependency/jboss-transaction-api_1.1_spec-1.0.1.Final.jar:/home/anatole/ycsb/infinispan/target/dependency/jboss-transaction-api_1.2_spec-1.1.1.Final.jar:/home/anatole/ycsb/infinispan/target/dependency/jgroups-4.0.20.Final.jar:/home/anatole/ycsb/infinispan/target/dependency/jnvm-1.0-SNAPSHOT.jar:/home/anatole/ycsb/infinispan/target/dependency/metainf-services-1.7.jar:/home/anatole/ycsb/infinispan/target/dependency/netty-buffer-4.1.42.Final.jar:/home/anatole/ycsb/infinispan/target/dependency/netty-codec-4.1.42.Final.jar:/home/anatole/ycsb/infinispan/target/dependency/netty-common-4.1.42.Final.jar:/home/anatole/ycsb/infinispan/target/dependency/netty-handler-4.1.42.Final.jar:/home/anatole/ycsb/infinispan/target/dependency/netty-resolver-4.1.42.Final.jar:/home/anatole/ycsb/infinispan/target/dependency/netty-transport-4.1.42.Final.jar:/home/anatole/ycsb/infinispan/target/dependency/netty-transport-native-epoll-4.1.42.Final-linux-x86_64.jar:/home/anatole/ycsb/infinispan/target/dependency/netty-transport-native-unix-common-4.1.42.Final.jar:/home/anatole/ycsb/infinispan/target/dependency/pcj-1.0.jar:/home/anatole/ycsb/infinispan/target/dependency/reactive-streams-1.0.2.jar:/home/anatole/ycsb/infinispan/target/dependency/rxjava-2.2.4.jar:/home/anatole/ycsb/infinispan/target/dependency/unsafe-helper-1.0.jar site.ycsb.Client -t -db site.ycsb.db.InfinispanJNVMClient -P ../workloads/workloada -threads 4 -p dataintegrity=true -p offheap=true -p recordcount=1000000 -p operationcount=30000000 -p fieldcount=10 -p requestdistribution=zipfian -p measurementtype=hdrhistogram -p hdrhistogram.output.path=./out/exp5.concurrent.ref/log/infinispan-jnvm.run.workloada.true.1000000.1.10.zipfian.4.hdr.log
[OVERALL], RunTime(ms), 72507
[OVERALL], Throughput(ops/sec), 413753.1548678059
[TOTAL_GCS_G1_Young_Generation], Count, 104
[TOTAL_GC_TIME_G1_Young_Generation], Time(ms), 26752
[TOTAL_GC_TIME_%_G1_Young_Generation], Time(%), 36.89574799674514
[TOTAL_GCS_G1_Old_Generation], Count, 0
[TOTAL_GC_TIME_G1_Old_Generation], Time(ms), 0
[TOTAL_GC_TIME_%_G1_Old_Generation], Time(%), 0.0
[TOTAL_GCs], Count, 104
[TOTAL_GC_TIME], Time(ms), 26752
[TOTAL_GC_TIME_%], Time(%), 36.89574799674514
[READ], Operations, 14998784
[READ], AverageLatency(ns), 4474.50595321594
[READ], MinLatency(ns), 175
[READ], MaxLatency(ns), 385005567
[READ], 95thPercentileLatency(ns), 4585
[READ], 99thPercentileLatency(ns), 6000
[READ], Return=OK, 14998784
[INIT], Operations, 4
[INIT], AverageLatency(ns), 5.923905536E9
[INIT], MinLatency(ns), 5923274752
[INIT], MaxLatency(ns), 5924487167
[INIT], 95thPercentileLatency(ns), 5924487167
[INIT], 99thPercentileLatency(ns), 5924487167
[CLEANUP], Operations, 4
[CLEANUP], AverageLatency(ns), 1.205277316E9
[CLEANUP], MinLatency(ns), 6787584
[CLEANUP], MaxLatency(ns), 1992155135
[CLEANUP], 95thPercentileLatency(ns), 1992155135
[CLEANUP], 99thPercentileLatency(ns), 1992155135
[UPDATE], Operations, 15001216
[UPDATE], AverageLatency(ns), 5581.504464704728
[UPDATE], MinLatency(ns), 245
[UPDATE], MaxLatency(ns), 385429503
[UPDATE], 95thPercentileLatency(ns), 5765
[UPDATE], 99thPercentileLatency(ns), 7425
[UPDATE], Return=OK, 15001216
[TRANSACTION], Operations, 4
[TRANSACTION], AverageLatency(ns), 6.5298694144E10
[TRANSACTION], MinLatency(ns), 64499744768
[TRANSACTION], MaxLatency(ns), 66501214207
[TRANSACTION], 95thPercentileLatency(ns), 66501214207
[TRANSACTION], 99thPercentileLatency(ns), 66501214207
