/home/anatole/jdk8u/build/linux-x86_64-normal-server-release/jdk/bin/java -Xmx20g -XX:+UseG1GC -classpath /home/anatole/ycsb/conf:/home/anatole/ycsb/core/target/core-0.18.0-SNAPSHOT.jar:/home/anatole/ycsb/core/target/dependency/HdrHistogram-2.1.4.jar:/home/anatole/ycsb/core/target/dependency/guava-18.0.jar:/home/anatole/ycsb/core/target/dependency/htrace-core4-4.1.0-incubating.jar:/home/anatole/ycsb/core/target/dependency/jackson-core-asl-1.9.4.jar:/home/anatole/ycsb/core/target/dependency/jackson-mapper-asl-1.9.4.jar:/home/anatole/ycsb/core/target/dependency/javax.persistence-api-2.2.jar:/home/anatole/ycsb/core/target/dependency/jnvm-1.0-SNAPSHOT.jar:/home/anatole/ycsb/core/target/dependency/pcj-1.0.jar:/home/anatole/ycsb/core/target/dependency/unsafe-helper-1.0.jar:/home/anatole/ycsb/infinispan/src/main/conf:/home/anatole/ycsb/infinispan/target/infinispan-binding-0.18.0-SNAPSHOT.jar:/home/anatole/ycsb/infinispan/target/dependency/caffeine-2.6.2.jar:/home/anatole/ycsb/infinispan/target/dependency/gson-2.8.2.jar:/home/anatole/ycsb/infinispan/target/dependency/guava-18.0.jar:/home/anatole/ycsb/infinispan/target/dependency/infinispan-cachestore-jnvm-1.0-SNAPSHOT.jar:/home/anatole/ycsb/infinispan/target/dependency/infinispan-cachestore-pcj-1.0-SNAPSHOT.jar:/home/anatole/ycsb/infinispan/target/dependency/infinispan-client-hotrod-9.4.17.Final.jar:/home/anatole/ycsb/infinispan/target/dependency/infinispan-commons-9.4.17.Final.jar:/home/anatole/ycsb/infinispan/target/dependency/infinispan-core-9.4.17.Final.jar:/home/anatole/ycsb/infinispan/target/dependency/infinispan-embedded-9.0.1.Final.jar:/home/anatole/ycsb/infinispan/target/dependency/javax.persistence-api-2.2.jar:/home/anatole/ycsb/infinispan/target/dependency/jboss-logging-3.3.2.Final.jar:/home/anatole/ycsb/infinispan/target/dependency/jboss-marshalling-osgi-2.0.6.Final.jar:/home/anatole/ycsb/infinispan/target/dependency/jboss-transaction-api_1.1_spec-1.0.1.Final.jar:/home/anatole/ycsb/infinispan/target/dependency/jboss-transaction-api_1.2_spec-1.1.1.Final.jar:/home/anatole/ycsb/infinispan/target/dependency/jgroups-4.0.20.Final.jar:/home/anatole/ycsb/infinispan/target/dependency/jnvm-1.0-SNAPSHOT.jar:/home/anatole/ycsb/infinispan/target/dependency/metainf-services-1.7.jar:/home/anatole/ycsb/infinispan/target/dependency/netty-buffer-4.1.42.Final.jar:/home/anatole/ycsb/infinispan/target/dependency/netty-codec-4.1.42.Final.jar:/home/anatole/ycsb/infinispan/target/dependency/netty-common-4.1.42.Final.jar:/home/anatole/ycsb/infinispan/target/dependency/netty-handler-4.1.42.Final.jar:/home/anatole/ycsb/infinispan/target/dependency/netty-resolver-4.1.42.Final.jar:/home/anatole/ycsb/infinispan/target/dependency/netty-transport-4.1.42.Final.jar:/home/anatole/ycsb/infinispan/target/dependency/netty-transport-native-epoll-4.1.42.Final-linux-x86_64.jar:/home/anatole/ycsb/infinispan/target/dependency/netty-transport-native-unix-common-4.1.42.Final.jar:/home/anatole/ycsb/infinispan/target/dependency/pcj-1.0.jar:/home/anatole/ycsb/infinispan/target/dependency/reactive-streams-1.0.2.jar:/home/anatole/ycsb/infinispan/target/dependency/rxjava-2.2.4.jar:/home/anatole/ycsb/infinispan/target/dependency/unsafe-helper-1.0.jar site.ycsb.Client -t -db site.ycsb.db.InfinispanJNVMClient -P ../workloads/workloada -threads 8 -p dataintegrity=true -p offheap=true -p recordcount=1000000 -p operationcount=30000000 -p fieldcount=10 -p requestdistribution=zipfian -p measurementtype=hdrhistogram -p hdrhistogram.output.path=./out/exp5.concurrent.ref/log/infinispan-jnvm.run.workloada.true.1000000.1.10.zipfian.8.hdr.log
[OVERALL], RunTime(ms), 57081
[OVERALL], Throughput(ops/sec), 525568.9283649551
[TOTAL_GCS_G1_Young_Generation], Count, 108
[TOTAL_GC_TIME_G1_Young_Generation], Time(ms), 27479
[TOTAL_GC_TIME_%_G1_Young_Generation], Time(%), 48.140361941802
[TOTAL_GCS_G1_Old_Generation], Count, 0
[TOTAL_GC_TIME_G1_Old_Generation], Time(ms), 0
[TOTAL_GC_TIME_%_G1_Old_Generation], Time(%), 0.0
[TOTAL_GCs], Count, 108
[TOTAL_GC_TIME], Time(ms), 27479
[TOTAL_GC_TIME_%], Time(%), 48.140361941802
[READ], Operations, 15000021
[READ], AverageLatency(ns), 6619.861093527802
[READ], MinLatency(ns), 173
[READ], MaxLatency(ns), 370452479
[READ], 95thPercentileLatency(ns), 9741
[READ], 99thPercentileLatency(ns), 15492
[READ], Return=OK, 15000021
[INIT], Operations, 8
[INIT], AverageLatency(ns), 5.797834752E9
[INIT], MinLatency(ns), 5796429824
[INIT], MaxLatency(ns), 5799247871
[INIT], 95thPercentileLatency(ns), 5799247871
[INIT], 99thPercentileLatency(ns), 5799247871
[CLEANUP], Operations, 8
[CLEANUP], AverageLatency(ns), 3.47246094E8
[CLEANUP], MinLatency(ns), 6256608
[CLEANUP], MaxLatency(ns), 908759039
[CLEANUP], 95thPercentileLatency(ns), 908759039
[CLEANUP], 99thPercentileLatency(ns), 908759039
[UPDATE], Operations, 14999979
[UPDATE], AverageLatency(ns), 9253.175056911747
[UPDATE], MinLatency(ns), 284
[UPDATE], MaxLatency(ns), 370243583
[UPDATE], 95thPercentileLatency(ns), 10904
[UPDATE], 99thPercentileLatency(ns), 16720
[UPDATE], Return=OK, 14999979
[TRANSACTION], Operations, 8
[TRANSACTION], AverageLatency(ns), 5.086052352E10
[TRANSACTION], MinLatency(ns), 50283675648
[TRANSACTION], MaxLatency(ns), 51203538943
[TRANSACTION], 95thPercentileLatency(ns), 51203538943
[TRANSACTION], 99thPercentileLatency(ns), 51203538943
