/home/anatole/jdk8u/build/linux-x86_64-normal-server-release/jdk/bin/java -Xmx20g -XX:+UseG1GC -classpath /home/anatole/ycsb/conf:/home/anatole/ycsb/core/target/core-0.18.0-SNAPSHOT.jar:/home/anatole/ycsb/core/target/dependency/HdrHistogram-2.1.4.jar:/home/anatole/ycsb/core/target/dependency/guava-18.0.jar:/home/anatole/ycsb/core/target/dependency/htrace-core4-4.1.0-incubating.jar:/home/anatole/ycsb/core/target/dependency/jackson-core-asl-1.9.4.jar:/home/anatole/ycsb/core/target/dependency/jackson-mapper-asl-1.9.4.jar:/home/anatole/ycsb/core/target/dependency/javax.persistence-api-2.2.jar:/home/anatole/ycsb/core/target/dependency/jnvm-1.0-SNAPSHOT.jar:/home/anatole/ycsb/core/target/dependency/pcj-1.0.jar:/home/anatole/ycsb/core/target/dependency/unsafe-helper-1.0.jar:/home/anatole/ycsb/infinispan/src/main/conf:/home/anatole/ycsb/infinispan/target/infinispan-binding-0.18.0-SNAPSHOT.jar:/home/anatole/ycsb/infinispan/target/dependency/caffeine-2.6.2.jar:/home/anatole/ycsb/infinispan/target/dependency/gson-2.8.2.jar:/home/anatole/ycsb/infinispan/target/dependency/guava-18.0.jar:/home/anatole/ycsb/infinispan/target/dependency/infinispan-cachestore-jnvm-1.0-SNAPSHOT.jar:/home/anatole/ycsb/infinispan/target/dependency/infinispan-cachestore-pcj-1.0-SNAPSHOT.jar:/home/anatole/ycsb/infinispan/target/dependency/infinispan-client-hotrod-9.4.17.Final.jar:/home/anatole/ycsb/infinispan/target/dependency/infinispan-commons-9.4.17.Final.jar:/home/anatole/ycsb/infinispan/target/dependency/infinispan-core-9.4.17.Final.jar:/home/anatole/ycsb/infinispan/target/dependency/infinispan-embedded-9.0.1.Final.jar:/home/anatole/ycsb/infinispan/target/dependency/javax.persistence-api-2.2.jar:/home/anatole/ycsb/infinispan/target/dependency/jboss-logging-3.3.2.Final.jar:/home/anatole/ycsb/infinispan/target/dependency/jboss-marshalling-osgi-2.0.6.Final.jar:/home/anatole/ycsb/infinispan/target/dependency/jboss-transaction-api_1.1_spec-1.0.1.Final.jar:/home/anatole/ycsb/infinispan/target/dependency/jboss-transaction-api_1.2_spec-1.1.1.Final.jar:/home/anatole/ycsb/infinispan/target/dependency/jgroups-4.0.20.Final.jar:/home/anatole/ycsb/infinispan/target/dependency/jnvm-1.0-SNAPSHOT.jar:/home/anatole/ycsb/infinispan/target/dependency/metainf-services-1.7.jar:/home/anatole/ycsb/infinispan/target/dependency/netty-buffer-4.1.42.Final.jar:/home/anatole/ycsb/infinispan/target/dependency/netty-codec-4.1.42.Final.jar:/home/anatole/ycsb/infinispan/target/dependency/netty-common-4.1.42.Final.jar:/home/anatole/ycsb/infinispan/target/dependency/netty-handler-4.1.42.Final.jar:/home/anatole/ycsb/infinispan/target/dependency/netty-resolver-4.1.42.Final.jar:/home/anatole/ycsb/infinispan/target/dependency/netty-transport-4.1.42.Final.jar:/home/anatole/ycsb/infinispan/target/dependency/netty-transport-native-epoll-4.1.42.Final-linux-x86_64.jar:/home/anatole/ycsb/infinispan/target/dependency/netty-transport-native-unix-common-4.1.42.Final.jar:/home/anatole/ycsb/infinispan/target/dependency/pcj-1.0.jar:/home/anatole/ycsb/infinispan/target/dependency/reactive-streams-1.0.2.jar:/home/anatole/ycsb/infinispan/target/dependency/rxjava-2.2.4.jar:/home/anatole/ycsb/infinispan/target/dependency/unsafe-helper-1.0.jar site.ycsb.Client -t -db site.ycsb.db.InfinispanJNVMClient -P ../workloads/workloada -threads 24 -p dataintegrity=true -p offheap=true -p recordcount=1000000 -p operationcount=30000000 -p fieldcount=10 -p requestdistribution=zipfian -p measurementtype=hdrhistogram -p hdrhistogram.output.path=./out/exp5.concurrent.ref/log/infinispan-jnvm.run.workloada.true.1000000.1.10.zipfian.24.hdr.log
[OVERALL], RunTime(ms), 57666
[OVERALL], Throughput(ops/sec), 520237.22817604826
[TOTAL_GCS_G1_Young_Generation], Count, 103
[TOTAL_GC_TIME_G1_Young_Generation], Time(ms), 26768
[TOTAL_GC_TIME_%_G1_Young_Generation], Time(%), 46.419033746054865
[TOTAL_GCS_G1_Old_Generation], Count, 0
[TOTAL_GC_TIME_G1_Old_Generation], Time(ms), 0
[TOTAL_GC_TIME_%_G1_Old_Generation], Time(%), 0.0
[TOTAL_GCs], Count, 103
[TOTAL_GC_TIME], Time(ms), 26768
[TOTAL_GC_TIME_%], Time(%), 46.419033746054865
[READ], Operations, 14996361
[READ], AverageLatency(ns), 29142.54002481002
[READ], MinLatency(ns), 250
[READ], MaxLatency(ns), 368179199
[READ], 95thPercentileLatency(ns), 86723
[READ], 99thPercentileLatency(ns), 107792
[READ], Return=OK, 14996361
[INIT], Operations, 24
[INIT], AverageLatency(ns), 6.089971029333333E9
[INIT], MinLatency(ns), 6084067328
[INIT], MaxLatency(ns), 6098223103
[INIT], 95thPercentileLatency(ns), 6098157567
[INIT], 99thPercentileLatency(ns), 6098223103
[CLEANUP], Operations, 24
[CLEANUP], AverageLatency(ns), 1.8108648733333334E8
[CLEANUP], MinLatency(ns), 6511616
[CLEANUP], MaxLatency(ns), 528021503
[CLEANUP], 95thPercentileLatency(ns), 521291775
[CLEANUP], 99thPercentileLatency(ns), 528021503
[UPDATE], Operations, 15003639
[UPDATE], AverageLatency(ns), 35668.59365651226
[UPDATE], MinLatency(ns), 389
[UPDATE], MaxLatency(ns), 368097279
[UPDATE], 95thPercentileLatency(ns), 89707
[UPDATE], 99thPercentileLatency(ns), 111397
[UPDATE], Return=OK, 15003639
[TRANSACTION], Operations, 24
[TRANSACTION], AverageLatency(ns), 5.1200076458666664E10
[TRANSACTION], MinLatency(ns), 50841780224
[TRANSACTION], MaxLatency(ns), 51376029695
[TRANSACTION], 95thPercentileLatency(ns), 51368165375
[TRANSACTION], 99thPercentileLatency(ns), 51376029695
