/home/anatole/jdk8u/build/linux-x86_64-normal-server-release/jdk/bin/java -Xmx20g -classpath /home/anatole/ycsb/conf:/home/anatole/ycsb/core/target/core-0.18.0-SNAPSHOT.jar:/home/anatole/ycsb/core/target/dependency/HdrHistogram-2.1.4.jar:/home/anatole/ycsb/core/target/dependency/guava-18.0.jar:/home/anatole/ycsb/core/target/dependency/htrace-core4-4.1.0-incubating.jar:/home/anatole/ycsb/core/target/dependency/jackson-core-asl-1.9.4.jar:/home/anatole/ycsb/core/target/dependency/jackson-mapper-asl-1.9.4.jar:/home/anatole/ycsb/core/target/dependency/javax.persistence-api-2.2.jar:/home/anatole/ycsb/core/target/dependency/jnvm-1.0-SNAPSHOT.jar:/home/anatole/ycsb/core/target/dependency/unsafe-helper-1.0.jar:/home/anatole/ycsb/infinispan/src/main/conf:/home/anatole/ycsb/infinispan/target/infinispan-binding-0.18.0-SNAPSHOT.jar:/home/anatole/ycsb/infinispan/target/dependency/caffeine-2.6.2.jar:/home/anatole/ycsb/infinispan/target/dependency/gson-2.8.2.jar:/home/anatole/ycsb/infinispan/target/dependency/guava-18.0.jar:/home/anatole/ycsb/infinispan/target/dependency/infinispan-cachestore-jnvm-1.0-SNAPSHOT.jar:/home/anatole/ycsb/infinispan/target/dependency/infinispan-client-hotrod-9.4.17.Final.jar:/home/anatole/ycsb/infinispan/target/dependency/infinispan-commons-9.4.17.Final.jar:/home/anatole/ycsb/infinispan/target/dependency/infinispan-core-9.4.17.Final.jar:/home/anatole/ycsb/infinispan/target/dependency/infinispan-embedded-9.0.1.Final.jar:/home/anatole/ycsb/infinispan/target/dependency/javax.persistence-api-2.2.jar:/home/anatole/ycsb/infinispan/target/dependency/jboss-logging-3.3.2.Final.jar:/home/anatole/ycsb/infinispan/target/dependency/jboss-marshalling-osgi-2.0.6.Final.jar:/home/anatole/ycsb/infinispan/target/dependency/jboss-transaction-api_1.1_spec-1.0.1.Final.jar:/home/anatole/ycsb/infinispan/target/dependency/jboss-transaction-api_1.2_spec-1.1.1.Final.jar:/home/anatole/ycsb/infinispan/target/dependency/jgroups-4.0.20.Final.jar:/home/anatole/ycsb/infinispan/target/dependency/jnvm-1.0-SNAPSHOT.jar:/home/anatole/ycsb/infinispan/target/dependency/metainf-services-1.7.jar:/home/anatole/ycsb/infinispan/target/dependency/netty-buffer-4.1.42.Final.jar:/home/anatole/ycsb/infinispan/target/dependency/netty-codec-4.1.42.Final.jar:/home/anatole/ycsb/infinispan/target/dependency/netty-common-4.1.42.Final.jar:/home/anatole/ycsb/infinispan/target/dependency/netty-handler-4.1.42.Final.jar:/home/anatole/ycsb/infinispan/target/dependency/netty-resolver-4.1.42.Final.jar:/home/anatole/ycsb/infinispan/target/dependency/netty-transport-4.1.42.Final.jar:/home/anatole/ycsb/infinispan/target/dependency/netty-transport-native-epoll-4.1.42.Final-linux-x86_64.jar:/home/anatole/ycsb/infinispan/target/dependency/netty-transport-native-unix-common-4.1.42.Final.jar:/home/anatole/ycsb/infinispan/target/dependency/reactive-streams-1.0.2.jar:/home/anatole/ycsb/infinispan/target/dependency/rxjava-2.2.4.jar:/home/anatole/ycsb/infinispan/target/dependency/unsafe-helper-1.0.jar site.ycsb.Client -t -db site.ycsb.db.InfinispanClient -P ../workloads/workloadc -threads 1 -p dataintegrity=true -p offheap=false -p recordcount=10000 -p operationcount=3000000 -p measurementtype=hdrhistogram -p hdrhistogram.output.path=./out/exp2.keycount.ref/log/infinispan.run.workloadc.true.10000.1000.1.hdr.log
[OVERALL], RunTime(ms), 87501
[OVERALL], Throughput(ops/sec), 34285.32245345767
[TOTAL_GCS_PS_Scavenge], Count, 33
[TOTAL_GC_TIME_PS_Scavenge], Time(ms), 728
[TOTAL_GC_TIME_%_PS_Scavenge], Time(%), 0.8319904915372396
[TOTAL_GCS_PS_MarkSweep], Count, 1
[TOTAL_GC_TIME_PS_MarkSweep], Time(ms), 57
[TOTAL_GC_TIME_%_PS_MarkSweep], Time(%), 0.06514211266156958
[TOTAL_GCs], Count, 34
[TOTAL_GC_TIME], Time(ms), 785
[TOTAL_GC_TIME_%], Time(%), 0.8971326041988091
[READ], Operations, 3000000
[READ], AverageLatency(ns), 17040.243968
[READ], MinLatency(ns), 256
[READ], MaxLatency(ns), 33554431
[READ], 95thPercentileLatency(ns), 32767
[READ], 99thPercentileLatency(ns), 65535
[READ], Return=OK, 3000000
[INIT], Operations, 1
[INIT], AverageLatency(ns), 1.610612736E9
[INIT], MinLatency(ns), 1073741824
[INIT], MaxLatency(ns), 2147483647
[INIT], 95thPercentileLatency(ns), 2147483647
[INIT], 99thPercentileLatency(ns), 2147483647
[CLEANUP], Operations, 1
[CLEANUP], AverageLatency(ns), 1.2582912E7
[CLEANUP], MinLatency(ns), 8388608
[CLEANUP], MaxLatency(ns), 16777215
[CLEANUP], 95thPercentileLatency(ns), 16777215
[CLEANUP], 99thPercentileLatency(ns), 16777215
[VERIFY], Operations, 3000000
[VERIFY], AverageLatency(ns), 6686.373888
[VERIFY], MinLatency(ns), 4096
[VERIFY], MaxLatency(ns), 33554431
[VERIFY], 95thPercentileLatency(ns), 8191
[VERIFY], 99thPercentileLatency(ns), 16383
[VERIFY], Return=OK, 3000000
