/home/anatole/jdk8u/build/linux-x86_64-normal-server-release/jdk/bin/java -Xmx20g -classpath /home/anatole/ycsb/conf:/home/anatole/ycsb/core/target/core-0.18.0-SNAPSHOT.jar:/home/anatole/ycsb/core/target/dependency/HdrHistogram-2.1.4.jar:/home/anatole/ycsb/core/target/dependency/guava-18.0.jar:/home/anatole/ycsb/core/target/dependency/htrace-core4-4.1.0-incubating.jar:/home/anatole/ycsb/core/target/dependency/jackson-core-asl-1.9.4.jar:/home/anatole/ycsb/core/target/dependency/jackson-mapper-asl-1.9.4.jar:/home/anatole/ycsb/core/target/dependency/javax.persistence-api-2.2.jar:/home/anatole/ycsb/core/target/dependency/jnvm-1.0-SNAPSHOT.jar:/home/anatole/ycsb/core/target/dependency/unsafe-helper-1.0.jar:/home/anatole/ycsb/infinispan/src/main/conf:/home/anatole/ycsb/infinispan/target/infinispan-binding-0.18.0-SNAPSHOT.jar:/home/anatole/ycsb/infinispan/target/dependency/caffeine-2.6.2.jar:/home/anatole/ycsb/infinispan/target/dependency/gson-2.8.2.jar:/home/anatole/ycsb/infinispan/target/dependency/guava-18.0.jar:/home/anatole/ycsb/infinispan/target/dependency/infinispan-cachestore-jnvm-1.0-SNAPSHOT.jar:/home/anatole/ycsb/infinispan/target/dependency/infinispan-client-hotrod-9.4.17.Final.jar:/home/anatole/ycsb/infinispan/target/dependency/infinispan-commons-9.4.17.Final.jar:/home/anatole/ycsb/infinispan/target/dependency/infinispan-core-9.4.17.Final.jar:/home/anatole/ycsb/infinispan/target/dependency/infinispan-embedded-9.0.1.Final.jar:/home/anatole/ycsb/infinispan/target/dependency/javax.persistence-api-2.2.jar:/home/anatole/ycsb/infinispan/target/dependency/jboss-logging-3.3.2.Final.jar:/home/anatole/ycsb/infinispan/target/dependency/jboss-marshalling-osgi-2.0.6.Final.jar:/home/anatole/ycsb/infinispan/target/dependency/jboss-transaction-api_1.1_spec-1.0.1.Final.jar:/home/anatole/ycsb/infinispan/target/dependency/jboss-transaction-api_1.2_spec-1.1.1.Final.jar:/home/anatole/ycsb/infinispan/target/dependency/jgroups-4.0.20.Final.jar:/home/anatole/ycsb/infinispan/target/dependency/jnvm-1.0-SNAPSHOT.jar:/home/anatole/ycsb/infinispan/target/dependency/metainf-services-1.7.jar:/home/anatole/ycsb/infinispan/target/dependency/netty-buffer-4.1.42.Final.jar:/home/anatole/ycsb/infinispan/target/dependency/netty-codec-4.1.42.Final.jar:/home/anatole/ycsb/infinispan/target/dependency/netty-common-4.1.42.Final.jar:/home/anatole/ycsb/infinispan/target/dependency/netty-handler-4.1.42.Final.jar:/home/anatole/ycsb/infinispan/target/dependency/netty-resolver-4.1.42.Final.jar:/home/anatole/ycsb/infinispan/target/dependency/netty-transport-4.1.42.Final.jar:/home/anatole/ycsb/infinispan/target/dependency/netty-transport-native-epoll-4.1.42.Final-linux-x86_64.jar:/home/anatole/ycsb/infinispan/target/dependency/netty-transport-native-unix-common-4.1.42.Final.jar:/home/anatole/ycsb/infinispan/target/dependency/reactive-streams-1.0.2.jar:/home/anatole/ycsb/infinispan/target/dependency/rxjava-2.2.4.jar:/home/anatole/ycsb/infinispan/target/dependency/unsafe-helper-1.0.jar site.ycsb.Client -t -db site.ycsb.db.InfinispanClient -P ../workloads/workloadb -threads 1 -p dataintegrity=true -p offheap=false -p recordcount=10000000 -p operationcount=10000000 -p measurementtype=hdrhistogram -p hdrhistogram.output.path=./out/exp2.keycount.ref/log/infinispan.run.workloadb.true.10000000.1000000.1.hdr.log
[OVERALL], RunTime(ms), 466505
[OVERALL], Throughput(ops/sec), 21435.9974705523
[TOTAL_GCS_PS_Scavenge], Count, 95
[TOTAL_GC_TIME_PS_Scavenge], Time(ms), 56410
[TOTAL_GC_TIME_%_PS_Scavenge], Time(%), 12.092046173138552
[TOTAL_GCS_PS_MarkSweep], Count, 5
[TOTAL_GC_TIME_PS_MarkSweep], Time(ms), 59529
[TOTAL_GC_TIME_%_PS_MarkSweep], Time(%), 12.760634934245077
[TOTAL_GCs], Count, 100
[TOTAL_GC_TIME], Time(ms), 115939
[TOTAL_GC_TIME_%], Time(%), 24.852681107383628
[READ], Operations, 9500487
[READ], AverageLatency(ns), 26029.12908527742
[READ], MinLatency(ns), 256
[READ], MaxLatency(ns), 17179869183
[READ], 95thPercentileLatency(ns), 65535
[READ], 99thPercentileLatency(ns), 65535
[READ], Return=OK, 9500487
[INIT], Operations, 1
[INIT], AverageLatency(ns), 1.03079215104E11
[INIT], MinLatency(ns), 68719476736
[INIT], MaxLatency(ns), 137438953471
[INIT], 95thPercentileLatency(ns), 137438953471
[INIT], 99thPercentileLatency(ns), 137438953471
[CLEANUP], Operations, 1
[CLEANUP], AverageLatency(ns), 4.02653184E8
[CLEANUP], MinLatency(ns), 268435456
[CLEANUP], MaxLatency(ns), 536870911
[CLEANUP], 95thPercentileLatency(ns), 536870911
[CLEANUP], 99thPercentileLatency(ns), 536870911
[VERIFY], Operations, 9500487
[VERIFY], AverageLatency(ns), 10443.749171174068
[VERIFY], MinLatency(ns), 4096
[VERIFY], MaxLatency(ns), 17179869183
[VERIFY], 95thPercentileLatency(ns), 16383
[VERIFY], 99thPercentileLatency(ns), 16383
[VERIFY], Return=OK, 9500487
[UPDATE], Operations, 499513
[UPDATE], AverageLatency(ns), 79567.39099082506
[UPDATE], MinLatency(ns), 32768
[UPDATE], MaxLatency(ns), 1073741823
[UPDATE], 95thPercentileLatency(ns), 131071
[UPDATE], 99thPercentileLatency(ns), 131071
[UPDATE], Return=OK, 499513
