/home/anatole/jdk8u/build/linux-x86_64-normal-server-release/jdk/bin/java -Xmx20g -XX:+UseG1GC -classpath /home/anatole/ycsb/conf:/home/anatole/ycsb/core/target/core-0.18.0-SNAPSHOT.jar:/home/anatole/ycsb/core/target/dependency/HdrHistogram-2.1.4.jar:/home/anatole/ycsb/core/target/dependency/guava-18.0.jar:/home/anatole/ycsb/core/target/dependency/htrace-core4-4.1.0-incubating.jar:/home/anatole/ycsb/core/target/dependency/jackson-core-asl-1.9.4.jar:/home/anatole/ycsb/core/target/dependency/jackson-mapper-asl-1.9.4.jar:/home/anatole/ycsb/core/target/dependency/javax.persistence-api-2.2.jar:/home/anatole/ycsb/core/target/dependency/jnvm-1.0-SNAPSHOT.jar:/home/anatole/ycsb/core/target/dependency/pcj-1.0.jar:/home/anatole/ycsb/core/target/dependency/unsafe-helper-1.0.jar:/home/anatole/ycsb/infinispan/src/main/conf:/home/anatole/ycsb/infinispan/target/infinispan-binding-0.18.0-SNAPSHOT.jar:/home/anatole/ycsb/infinispan/target/dependency/caffeine-2.6.2.jar:/home/anatole/ycsb/infinispan/target/dependency/gson-2.8.2.jar:/home/anatole/ycsb/infinispan/target/dependency/guava-18.0.jar:/home/anatole/ycsb/infinispan/target/dependency/infinispan-cachestore-jnvm-1.0-SNAPSHOT.jar:/home/anatole/ycsb/infinispan/target/dependency/infinispan-cachestore-pcj-1.0-SNAPSHOT.jar:/home/anatole/ycsb/infinispan/target/dependency/infinispan-client-hotrod-9.4.17.Final.jar:/home/anatole/ycsb/infinispan/target/dependency/infinispan-commons-9.4.17.Final.jar:/home/anatole/ycsb/infinispan/target/dependency/infinispan-core-9.4.17.Final.jar:/home/anatole/ycsb/infinispan/target/dependency/infinispan-persistence-soft-index-9.4.17.Final.jar:/home/anatole/ycsb/infinispan/target/dependency/javax.persistence-api-2.2.jar:/home/anatole/ycsb/infinispan/target/dependency/jboss-logging-3.3.2.Final.jar:/home/anatole/ycsb/infinispan/target/dependency/jboss-marshalling-osgi-2.0.6.Final.jar:/home/anatole/ycsb/infinispan/target/dependency/jboss-transaction-api_1.2_spec-1.1.1.Final.jar:/home/anatole/ycsb/infinispan/target/dependency/jgroups-4.0.20.Final.jar:/home/anatole/ycsb/infinispan/target/dependency/jnvm-1.0-SNAPSHOT.jar:/home/anatole/ycsb/infinispan/target/dependency/metainf-services-1.7.jar:/home/anatole/ycsb/infinispan/target/dependency/netty-buffer-4.1.42.Final.jar:/home/anatole/ycsb/infinispan/target/dependency/netty-codec-4.1.42.Final.jar:/home/anatole/ycsb/infinispan/target/dependency/netty-common-4.1.42.Final.jar:/home/anatole/ycsb/infinispan/target/dependency/netty-handler-4.1.42.Final.jar:/home/anatole/ycsb/infinispan/target/dependency/netty-resolver-4.1.42.Final.jar:/home/anatole/ycsb/infinispan/target/dependency/netty-transport-4.1.42.Final.jar:/home/anatole/ycsb/infinispan/target/dependency/netty-transport-native-epoll-4.1.42.Final-linux-x86_64.jar:/home/anatole/ycsb/infinispan/target/dependency/netty-transport-native-unix-common-4.1.42.Final.jar:/home/anatole/ycsb/infinispan/target/dependency/pcj-1.0.jar:/home/anatole/ycsb/infinispan/target/dependency/reactive-streams-1.0.2.jar:/home/anatole/ycsb/infinispan/target/dependency/rxjava-2.2.4.jar:/home/anatole/ycsb/infinispan/target/dependency/unsafe-helper-1.0.jar site.ycsb.Client -load -db site.ycsb.db.InfinispanClient -P ../workloads/workloadf -threads 10 -p dataintegrity=true -p offheap=false -p recordcount=15000000 -p operationcount=30000000 -p fieldcount=10 -p requestdistribution=zipfian -p measurementtype=hdrhistogram -p hdrhistogram.output.path=./out/exp00.heapsize.ref/log/infinispan.load.workloadf.true.15000000.150000.10.zipfian.10.hdr.log
[OVERALL], RunTime(ms), 191119
[OVERALL], Throughput(ops/sec), 78485.13229977134
[TOTAL_GCS_G1_Young_Generation], Count, 93
[TOTAL_GC_TIME_G1_Young_Generation], Time(ms), 11616
[TOTAL_GC_TIME_%_G1_Young_Generation], Time(%), 6.077888645294293
[TOTAL_GCS_G1_Old_Generation], Count, 0
[TOTAL_GC_TIME_G1_Old_Generation], Time(ms), 0
[TOTAL_GC_TIME_%_G1_Old_Generation], Time(%), 0.0
[TOTAL_GCs], Count, 93
[TOTAL_GC_TIME], Time(ms), 11616
[TOTAL_GC_TIME_%], Time(%), 6.077888645294293
[INIT], Operations, 10
[INIT], AverageLatency(ns), 6.605893632E8
[INIT], MinLatency(ns), 659124224
[INIT], MaxLatency(ns), 662867967
[INIT], 95thPercentileLatency(ns), 662867967
[INIT], 99thPercentileLatency(ns), 662867967
[LOAD], Operations, 10
[LOAD], AverageLatency(ns), 1.891895345152E11
[LOAD], MinLatency(ns), 187833516032
[LOAD], MaxLatency(ns), 190152966143
[LOAD], 95thPercentileLatency(ns), 190152966143
[LOAD], 99thPercentileLatency(ns), 190152966143
[CLEANUP], Operations, 10
[CLEANUP], AverageLatency(ns), 1.0479239424E9
[CLEANUP], MinLatency(ns), 86306816
[CLEANUP], MaxLatency(ns), 2390179839
[CLEANUP], 95thPercentileLatency(ns), 2390179839
[CLEANUP], 99thPercentileLatency(ns), 2390179839
[MAIN_GCs_Count], Operations, 10
[MAIN_GCs_Count], AverageLatency(ns), 91.4
[MAIN_GCs_Count], MinLatency(ns), 91
[MAIN_GCs_Count], MaxLatency(ns), 92
[MAIN_GCs_Count], 95thPercentileLatency(ns), 92
[MAIN_GCs_Count], 99thPercentileLatency(ns), 92
[INSERT], Operations, 15000000
[INSERT], AverageLatency(ns), 115583.62642386666
[INSERT], MinLatency(ns), 24492
[INSERT], MaxLatency(ns), 1391853567
[INSERT], 95thPercentileLatency(ns), 120129
[INSERT], 99thPercentileLatency(ns), 136434
[INSERT], Return=OK, 15000000
[MAIN_GCs_Time(ms)], Operations, 10
[MAIN_GCs_Time(ms)], AverageLatency(ns), 11547.8
[MAIN_GCs_Time(ms)], MinLatency(ns), 11515
[MAIN_GCs_Time(ms)], MaxLatency(ns), 11597
[MAIN_GCs_Time(ms)], 95thPercentileLatency(ns), 11597
[MAIN_GCs_Time(ms)], 99thPercentileLatency(ns), 11597
