/home/anatole/jdk8u/build/linux-x86_64-normal-server-release/jdk/bin/java -Xmx20g -classpath /home/anatole/ycsb/conf:/home/anatole/ycsb/core/target/core-0.18.0-SNAPSHOT.jar:/home/anatole/ycsb/core/target/dependency/HdrHistogram-2.1.4.jar:/home/anatole/ycsb/core/target/dependency/guava-18.0.jar:/home/anatole/ycsb/core/target/dependency/htrace-core4-4.1.0-incubating.jar:/home/anatole/ycsb/core/target/dependency/jackson-core-asl-1.9.4.jar:/home/anatole/ycsb/core/target/dependency/jackson-mapper-asl-1.9.4.jar:/home/anatole/ycsb/core/target/dependency/javax.persistence-api-2.2.jar:/home/anatole/ycsb/core/target/dependency/jnvm-1.0-SNAPSHOT.jar:/home/anatole/ycsb/core/target/dependency/unsafe-helper-1.0.jar:/home/anatole/ycsb/infinispan/src/main/conf:/home/anatole/ycsb/infinispan/target/infinispan-binding-0.18.0-SNAPSHOT.jar:/home/anatole/ycsb/infinispan/target/dependency/caffeine-2.6.2.jar:/home/anatole/ycsb/infinispan/target/dependency/gson-2.8.2.jar:/home/anatole/ycsb/infinispan/target/dependency/guava-18.0.jar:/home/anatole/ycsb/infinispan/target/dependency/infinispan-cachestore-jnvm-1.0-SNAPSHOT.jar:/home/anatole/ycsb/infinispan/target/dependency/infinispan-client-hotrod-9.4.17.Final.jar:/home/anatole/ycsb/infinispan/target/dependency/infinispan-commons-9.4.17.Final.jar:/home/anatole/ycsb/infinispan/target/dependency/infinispan-core-9.4.17.Final.jar:/home/anatole/ycsb/infinispan/target/dependency/infinispan-embedded-9.0.1.Final.jar:/home/anatole/ycsb/infinispan/target/dependency/javax.persistence-api-2.2.jar:/home/anatole/ycsb/infinispan/target/dependency/jboss-logging-3.3.2.Final.jar:/home/anatole/ycsb/infinispan/target/dependency/jboss-marshalling-osgi-2.0.6.Final.jar:/home/anatole/ycsb/infinispan/target/dependency/jboss-transaction-api_1.1_spec-1.0.1.Final.jar:/home/anatole/ycsb/infinispan/target/dependency/jboss-transaction-api_1.2_spec-1.1.1.Final.jar:/home/anatole/ycsb/infinispan/target/dependency/jgroups-4.0.20.Final.jar:/home/anatole/ycsb/infinispan/target/dependency/jnvm-1.0-SNAPSHOT.jar:/home/anatole/ycsb/infinispan/target/dependency/metainf-services-1.7.jar:/home/anatole/ycsb/infinispan/target/dependency/netty-buffer-4.1.42.Final.jar:/home/anatole/ycsb/infinispan/target/dependency/netty-codec-4.1.42.Final.jar:/home/anatole/ycsb/infinispan/target/dependency/netty-common-4.1.42.Final.jar:/home/anatole/ycsb/infinispan/target/dependency/netty-handler-4.1.42.Final.jar:/home/anatole/ycsb/infinispan/target/dependency/netty-resolver-4.1.42.Final.jar:/home/anatole/ycsb/infinispan/target/dependency/netty-transport-4.1.42.Final.jar:/home/anatole/ycsb/infinispan/target/dependency/netty-transport-native-epoll-4.1.42.Final-linux-x86_64.jar:/home/anatole/ycsb/infinispan/target/dependency/netty-transport-native-unix-common-4.1.42.Final.jar:/home/anatole/ycsb/infinispan/target/dependency/reactive-streams-1.0.2.jar:/home/anatole/ycsb/infinispan/target/dependency/rxjava-2.2.4.jar:/home/anatole/ycsb/infinispan/target/dependency/unsafe-helper-1.0.jar site.ycsb.Client -t -db site.ycsb.db.InfinispanClient -P ../workloads/workloada -threads 1 -p dataintegrity=true -p offheap=false -p recordcount=3000000 -p operationcount=3000000 -p measurementtype=hdrhistogram -p hdrhistogram.output.path=./out/exp1.cachesize.ref/log/infinispan.run.workloada.true.3000000.2700000.1.hdr.log
[OVERALL], RunTime(ms), 273823
[OVERALL], Throughput(ops/sec), 10955.982514251908
[TOTAL_GCS_PS_Scavenge], Count, 49
[TOTAL_GC_TIME_PS_Scavenge], Time(ms), 35870
[TOTAL_GC_TIME_%_PS_Scavenge], Time(%), 13.099703092873863
[TOTAL_GCS_PS_MarkSweep], Count, 5
[TOTAL_GC_TIME_PS_MarkSweep], Time(ms), 28959
[TOTAL_GC_TIME_%_PS_MarkSweep], Time(%), 10.575809921007366
[TOTAL_GCs], Count, 54
[TOTAL_GC_TIME], Time(ms), 64829
[TOTAL_GC_TIME_%], Time(%), 23.67551301388123
[READ], Operations, 1500601
[READ], AverageLatency(ns), 5184.301831066353
[READ], MinLatency(ns), 256
[READ], MaxLatency(ns), 2097151
[READ], 95thPercentileLatency(ns), 65535
[READ], 99thPercentileLatency(ns), 65535
[READ], Return=OK, 1500601
[INIT], Operations, 1
[INIT], AverageLatency(ns), 2.06158430208E11
[INIT], MinLatency(ns), 137438953472
[INIT], MaxLatency(ns), 274877906943
[INIT], 95thPercentileLatency(ns), 274877906943
[INIT], 99thPercentileLatency(ns), 274877906943
[CLEANUP], Operations, 1
[CLEANUP], AverageLatency(ns), 1.610612736E9
[CLEANUP], MinLatency(ns), 1073741824
[CLEANUP], MaxLatency(ns), 2147483647
[CLEANUP], 95thPercentileLatency(ns), 2147483647
[CLEANUP], 99thPercentileLatency(ns), 2147483647
[UPDATE], Operations, 1499399
[UPDATE], AverageLatency(ns), 55322.9174089085
[UPDATE], MinLatency(ns), 32768
[UPDATE], MaxLatency(ns), 1073741823
[UPDATE], 95thPercentileLatency(ns), 131071
[UPDATE], 99thPercentileLatency(ns), 131071
[UPDATE], Return=OK, 1499399
[VERIFY], Operations, 1500601
[VERIFY], AverageLatency(ns), 12327.395927365102
[VERIFY], MinLatency(ns), 4096
[VERIFY], MaxLatency(ns), 1073741823
[VERIFY], 95thPercentileLatency(ns), 16383
[VERIFY], 99thPercentileLatency(ns), 16383
[VERIFY], Return=OK, 1500601
