/home/anatole/jdk8u/build/linux-x86_64-normal-server-release/jdk/bin/java -Xmx20g -classpath /home/anatole/ycsb/conf:/home/anatole/ycsb/core/target/core-0.18.0-SNAPSHOT.jar:/home/anatole/ycsb/core/target/dependency/HdrHistogram-2.1.4.jar:/home/anatole/ycsb/core/target/dependency/guava-18.0.jar:/home/anatole/ycsb/core/target/dependency/htrace-core4-4.1.0-incubating.jar:/home/anatole/ycsb/core/target/dependency/jackson-core-asl-1.9.4.jar:/home/anatole/ycsb/core/target/dependency/jackson-mapper-asl-1.9.4.jar:/home/anatole/ycsb/core/target/dependency/javax.persistence-api-2.2.jar:/home/anatole/ycsb/core/target/dependency/jnvm-1.0-SNAPSHOT.jar:/home/anatole/ycsb/core/target/dependency/unsafe-helper-1.0.jar:/home/anatole/ycsb/infinispan/src/main/conf:/home/anatole/ycsb/infinispan/target/infinispan-binding-0.18.0-SNAPSHOT.jar:/home/anatole/ycsb/infinispan/target/dependency/caffeine-2.6.2.jar:/home/anatole/ycsb/infinispan/target/dependency/gson-2.8.2.jar:/home/anatole/ycsb/infinispan/target/dependency/guava-18.0.jar:/home/anatole/ycsb/infinispan/target/dependency/infinispan-cachestore-jnvm-1.0-SNAPSHOT.jar:/home/anatole/ycsb/infinispan/target/dependency/infinispan-client-hotrod-9.4.17.Final.jar:/home/anatole/ycsb/infinispan/target/dependency/infinispan-commons-9.4.17.Final.jar:/home/anatole/ycsb/infinispan/target/dependency/infinispan-core-9.4.17.Final.jar:/home/anatole/ycsb/infinispan/target/dependency/infinispan-embedded-9.0.1.Final.jar:/home/anatole/ycsb/infinispan/target/dependency/javax.persistence-api-2.2.jar:/home/anatole/ycsb/infinispan/target/dependency/jboss-logging-3.3.2.Final.jar:/home/anatole/ycsb/infinispan/target/dependency/jboss-marshalling-osgi-2.0.6.Final.jar:/home/anatole/ycsb/infinispan/target/dependency/jboss-transaction-api_1.1_spec-1.0.1.Final.jar:/home/anatole/ycsb/infinispan/target/dependency/jboss-transaction-api_1.2_spec-1.1.1.Final.jar:/home/anatole/ycsb/infinispan/target/dependency/jgroups-4.0.20.Final.jar:/home/anatole/ycsb/infinispan/target/dependency/jnvm-1.0-SNAPSHOT.jar:/home/anatole/ycsb/infinispan/target/dependency/metainf-services-1.7.jar:/home/anatole/ycsb/infinispan/target/dependency/netty-buffer-4.1.42.Final.jar:/home/anatole/ycsb/infinispan/target/dependency/netty-codec-4.1.42.Final.jar:/home/anatole/ycsb/infinispan/target/dependency/netty-common-4.1.42.Final.jar:/home/anatole/ycsb/infinispan/target/dependency/netty-handler-4.1.42.Final.jar:/home/anatole/ycsb/infinispan/target/dependency/netty-resolver-4.1.42.Final.jar:/home/anatole/ycsb/infinispan/target/dependency/netty-transport-4.1.42.Final.jar:/home/anatole/ycsb/infinispan/target/dependency/netty-transport-native-epoll-4.1.42.Final-linux-x86_64.jar:/home/anatole/ycsb/infinispan/target/dependency/netty-transport-native-unix-common-4.1.42.Final.jar:/home/anatole/ycsb/infinispan/target/dependency/reactive-streams-1.0.2.jar:/home/anatole/ycsb/infinispan/target/dependency/rxjava-2.2.4.jar:/home/anatole/ycsb/infinispan/target/dependency/unsafe-helper-1.0.jar site.ycsb.Client -t -db site.ycsb.db.InfinispanJNVMClient -P ../workloads/workloada -threads 1 -p dataintegrity=true -p offheap=true -p recordcount=3000000 -p operationcount=3000000 -p measurementtype=hdrhistogram -p hdrhistogram.output.path=./out/exp1.cachesize.ref/log/infinispan-jnvm.run.workloada.true.3000000.1200000.1.hdr.log
[OVERALL], RunTime(ms), 72710
[OVERALL], Throughput(ops/sec), 41259.79920231055
[TOTAL_GCS_PS_Scavenge], Count, 16
[TOTAL_GC_TIME_PS_Scavenge], Time(ms), 6936
[TOTAL_GC_TIME_%_PS_Scavenge], Time(%), 9.539265575574198
[TOTAL_GCS_PS_MarkSweep], Count, 1
[TOTAL_GC_TIME_PS_MarkSweep], Time(ms), 4578
[TOTAL_GC_TIME_%_PS_MarkSweep], Time(%), 6.296245358272589
[TOTAL_GCs], Count, 17
[TOTAL_GC_TIME], Time(ms), 11514
[TOTAL_GC_TIME_%], Time(%), 15.83551093384679
[READ], Operations, 1498668
[READ], AverageLatency(ns), 16960.88193515842
[READ], MinLatency(ns), 1024
[READ], MaxLatency(ns), 1073741823
[READ], 95thPercentileLatency(ns), 32767
[READ], 99thPercentileLatency(ns), 32767
[READ], Return=OK, 1498668
[INIT], Operations, 1
[INIT], AverageLatency(ns), 6.442450944E9
[INIT], MinLatency(ns), 4294967296
[INIT], MaxLatency(ns), 8589934591
[INIT], 95thPercentileLatency(ns), 8589934591
[INIT], 99thPercentileLatency(ns), 8589934591
[CLEANUP], Operations, 1
[CLEANUP], AverageLatency(ns), 8.05306368E8
[CLEANUP], MinLatency(ns), 536870912
[CLEANUP], MaxLatency(ns), 1073741823
[CLEANUP], 95thPercentileLatency(ns), 1073741823
[CLEANUP], 99thPercentileLatency(ns), 1073741823
[VERIFY], Operations, 1498668
[VERIFY], AverageLatency(ns), 18181.905532112516
[VERIFY], MinLatency(ns), 8192
[VERIFY], MaxLatency(ns), 8589934591
[VERIFY], 95thPercentileLatency(ns), 16383
[VERIFY], 99thPercentileLatency(ns), 16383
[VERIFY], Return=OK, 1498668
[UPDATE], Operations, 1501332
[UPDATE], AverageLatency(ns), 7903.678493497774
[UPDATE], MinLatency(ns), 256
[UPDATE], MaxLatency(ns), 1073741823
[UPDATE], 95thPercentileLatency(ns), 16383
[UPDATE], 99thPercentileLatency(ns), 32767
[UPDATE], Return=OK, 1501332
