/home/anatole/jdk8u/build/linux-x86_64-normal-server-release/jdk/bin/java -Xmx20g -XX:+UseG1GC -classpath /home/anatole/ycsb/conf:/home/anatole/ycsb/core/target/core-0.18.0-SNAPSHOT.jar:/home/anatole/ycsb/core/target/dependency/HdrHistogram-2.1.4.jar:/home/anatole/ycsb/core/target/dependency/guava-18.0.jar:/home/anatole/ycsb/core/target/dependency/htrace-core4-4.1.0-incubating.jar:/home/anatole/ycsb/core/target/dependency/jackson-core-asl-1.9.4.jar:/home/anatole/ycsb/core/target/dependency/jackson-mapper-asl-1.9.4.jar:/home/anatole/ycsb/core/target/dependency/javax.persistence-api-2.2.jar:/home/anatole/ycsb/core/target/dependency/jnvm-1.0-SNAPSHOT.jar:/home/anatole/ycsb/core/target/dependency/pcj-1.0.jar:/home/anatole/ycsb/core/target/dependency/unsafe-helper-1.0.jar:/home/anatole/ycsb/infinispan/src/main/conf:/home/anatole/ycsb/infinispan/target/infinispan-binding-0.18.0-SNAPSHOT.jar:/home/anatole/ycsb/infinispan/target/dependency/caffeine-2.6.2.jar:/home/anatole/ycsb/infinispan/target/dependency/gson-2.8.2.jar:/home/anatole/ycsb/infinispan/target/dependency/guava-18.0.jar:/home/anatole/ycsb/infinispan/target/dependency/infinispan-cachestore-jnvm-1.0-SNAPSHOT.jar:/home/anatole/ycsb/infinispan/target/dependency/infinispan-cachestore-pcj-1.0-SNAPSHOT.jar:/home/anatole/ycsb/infinispan/target/dependency/infinispan-client-hotrod-9.4.20.Final.jar:/home/anatole/ycsb/infinispan/target/dependency/infinispan-commons-9.4.20.Final.jar:/home/anatole/ycsb/infinispan/target/dependency/infinispan-core-9.4.20.Final.jar:/home/anatole/ycsb/infinispan/target/dependency/javax.persistence-api-2.2.jar:/home/anatole/ycsb/infinispan/target/dependency/jboss-logging-3.3.2.Final.jar:/home/anatole/ycsb/infinispan/target/dependency/jboss-marshalling-osgi-2.0.6.Final.jar:/home/anatole/ycsb/infinispan/target/dependency/jboss-transaction-api_1.2_spec-1.1.1.Final.jar:/home/anatole/ycsb/infinispan/target/dependency/jgroups-4.0.21.Final.jar:/home/anatole/ycsb/infinispan/target/dependency/jnvm-1.0-SNAPSHOT.jar:/home/anatole/ycsb/infinispan/target/dependency/metainf-services-1.7.jar:/home/anatole/ycsb/infinispan/target/dependency/netty-buffer-4.1.51.Final.jar:/home/anatole/ycsb/infinispan/target/dependency/netty-codec-4.1.51.Final.jar:/home/anatole/ycsb/infinispan/target/dependency/netty-common-4.1.51.Final.jar:/home/anatole/ycsb/infinispan/target/dependency/netty-handler-4.1.51.Final.jar:/home/anatole/ycsb/infinispan/target/dependency/netty-resolver-4.1.51.Final.jar:/home/anatole/ycsb/infinispan/target/dependency/netty-transport-4.1.51.Final.jar:/home/anatole/ycsb/infinispan/target/dependency/netty-transport-native-epoll-4.1.51.Final-linux-x86_64.jar:/home/anatole/ycsb/infinispan/target/dependency/netty-transport-native-unix-common-4.1.51.Final.jar:/home/anatole/ycsb/infinispan/target/dependency/pcj-1.0.jar:/home/anatole/ycsb/infinispan/target/dependency/reactive-streams-1.0.2.jar:/home/anatole/ycsb/infinispan/target/dependency/rxjava-2.2.4.jar:/home/anatole/ycsb/infinispan/target/dependency/unsafe-helper-1.0.jar site.ycsb.Client -t -db site.ycsb.db.InfinispanAutoPersistClient -P ../workloads/workloadc -preload -s -threads 1 -p dataintegrity=true -p offheap=false -p pcj=false -p recordcount=1000000 -p operationcount=10000000 -p fieldcount=10 -p fieldlength=100 -p measurement.trackjvm=true -p measurementtype=hdrhistogram -p hdrhistogram.output.path=./out/exp0.exectime.ref/log/infinispan-autopersist.run.workloadc.true.1000000.1.10.100.default.1.false.true.default.default.none.r5.hdr.log
[OVERALL], RunTime(ms), 76224
[OVERALL], Throughput(ops/sec), 144311.50293870698
[TOTAL_GCS_G1_Young_Generation], Count, 160
[TOTAL_GC_TIME_G1_Young_Generation], Time(ms), 4053
[TOTAL_GC_TIME_%_G1_Young_Generation], Time(%), 5.317222921914358
[TOTAL_GCS_G1_Old_Generation], Count, 0
[TOTAL_GC_TIME_G1_Old_Generation], Time(ms), 0
[TOTAL_GC_TIME_%_G1_Old_Generation], Time(%), 0.0
[TOTAL_GCs], Count, 160
[TOTAL_GC_TIME], Time(ms), 4053
[TOTAL_GC_TIME_%], Time(%), 5.317222921914358
[MAX_MEM_USED], MBs, 5880
[MIN_MEM_USED], MBs, 48
[MAX_THREADS], Count, 7
[MIN_THREADS], Count, 3
[MAX_SYS_LOAD_AVG], Load, 6.38
[MIN_SYS_LOAD_AVG], Load, 2.88
[THREAD_COUNT], Operations, 9
[THREAD_COUNT], AverageLatency(ns), 6.222222222222222
[THREAD_COUNT], MinLatency(ns), 3
[THREAD_COUNT], MaxLatency(ns), 7
[THREAD_COUNT], 95thPercentileLatency(ns), 7
[THREAD_COUNT], 99thPercentileLatency(ns), 7
[SYS_LOAD_AVG], Operations, 9
[SYS_LOAD_AVG], AverageLatency(ns), 4.111111111111111
[SYS_LOAD_AVG], MinLatency(ns), 2
[SYS_LOAD_AVG], MaxLatency(ns), 6
[SYS_LOAD_AVG], 95thPercentileLatency(ns), 6
[SYS_LOAD_AVG], 99thPercentileLatency(ns), 6
[LOAD], Operations, 1
[LOAD], AverageLatency(ns), 5.2320927744E10
[LOAD], MinLatency(ns), 52320796672
[LOAD], MaxLatency(ns), 52321058815
[LOAD], 95thPercentileLatency(ns), 52321058815
[LOAD], 99thPercentileLatency(ns), 52321058815
[USED_MEM_MB], Operations, 9
[USED_MEM_MB], AverageLatency(ns), 3299.222222222222
[USED_MEM_MB], MinLatency(ns), 48
[USED_MEM_MB], MaxLatency(ns), 5880
[USED_MEM_MB], 95thPercentileLatency(ns), 5880
[USED_MEM_MB], 99thPercentileLatency(ns), 5880
[MAIN_GCs_Count], Operations, 1
[MAIN_GCs_Count], AverageLatency(ns), 8.0
[MAIN_GCs_Count], MinLatency(ns), 8
[MAIN_GCs_Count], MaxLatency(ns), 8
[MAIN_GCs_Count], 95thPercentileLatency(ns), 8
[MAIN_GCs_Count], 99thPercentileLatency(ns), 8
[MAIN_GCs_Time(ms)], Operations, 1
[MAIN_GCs_Time(ms)], AverageLatency(ns), 258.0
[MAIN_GCs_Time(ms)], MinLatency(ns), 258
[MAIN_GCs_Time(ms)], MaxLatency(ns), 258
[MAIN_GCs_Time(ms)], 95thPercentileLatency(ns), 258
[MAIN_GCs_Time(ms)], 99thPercentileLatency(ns), 258
[TRANSACTION], Operations, 1
[TRANSACTION], AverageLatency(ns), 2.1831811072E10
[TRANSACTION], MinLatency(ns), 21831745536
[TRANSACTION], MaxLatency(ns), 21831876607
[TRANSACTION], 95thPercentileLatency(ns), 21831876607
[TRANSACTION], 99thPercentileLatency(ns), 21831876607
[GCS_TIME], Operations, 9
[GCS_TIME], AverageLatency(ns), 450.3333333333333
[GCS_TIME], MinLatency(ns), 0
[GCS_TIME], MaxLatency(ns), 782
[GCS_TIME], 95thPercentileLatency(ns), 782
[GCS_TIME], 99thPercentileLatency(ns), 782
[LOAD_GCs_Time(ms)], Operations, 1
[LOAD_GCs_Time(ms)], AverageLatency(ns), 3747.0
[LOAD_GCs_Time(ms)], MinLatency(ns), 3747
[LOAD_GCs_Time(ms)], MaxLatency(ns), 3747
[LOAD_GCs_Time(ms)], 95thPercentileLatency(ns), 3747
[LOAD_GCs_Time(ms)], 99thPercentileLatency(ns), 3747
[READ], Operations, 10000000
[READ], AverageLatency(ns), 1521.3227558
[READ], MinLatency(ns), 260
[READ], MaxLatency(ns), 28935295
[READ], 95thPercentileLatency(ns), 1982
[READ], 99thPercentileLatency(ns), 2161
[READ], Return=OK, 10000000
[INIT], Operations, 1
[INIT], AverageLatency(ns), 1.67528448E9
[INIT], MinLatency(ns), 1675280384
[INIT], MaxLatency(ns), 1675288575
[INIT], 95thPercentileLatency(ns), 1675288575
[INIT], 99thPercentileLatency(ns), 1675288575
[GCS], Operations, 9
[GCS], AverageLatency(ns), 17.77777777777778
[GCS], MinLatency(ns), 0
[GCS], MaxLatency(ns), 48
[GCS], 95thPercentileLatency(ns), 48
[GCS], 99thPercentileLatency(ns), 48
[LOAD_GCs_Count], Operations, 1
[LOAD_GCs_Count], AverageLatency(ns), 150.0
[LOAD_GCs_Count], MinLatency(ns), 150
[LOAD_GCs_Count], MaxLatency(ns), 150
[LOAD_GCs_Count], 95thPercentileLatency(ns), 150
[LOAD_GCs_Count], 99thPercentileLatency(ns), 150
[CLEANUP], Operations, 1
[CLEANUP], AverageLatency(ns), 2.85303808E8
[CLEANUP], MinLatency(ns), 285302784
[CLEANUP], MaxLatency(ns), 285304831
[CLEANUP], 95thPercentileLatency(ns), 285304831
[CLEANUP], 99thPercentileLatency(ns), 285304831
[INSERT], Operations, 1000000
[INSERT], AverageLatency(ns), 41928.737319
[INSERT], MinLatency(ns), 26334
[INSERT], MaxLatency(ns), 128238079
[INSERT], 95thPercentileLatency(ns), 38013
[INSERT], 99thPercentileLatency(ns), 58669
[INSERT], Return=OK, 1000000
