/home/anatole/jdk8u/build/linux-x86_64-normal-server-release/jdk/bin/java -Xmx20g -XX:+UseG1GC -classpath /home/anatole/ycsb/conf:/home/anatole/ycsb/core/target/core-0.18.0-SNAPSHOT.jar:/home/anatole/ycsb/core/target/dependency/HdrHistogram-2.1.4.jar:/home/anatole/ycsb/core/target/dependency/guava-18.0.jar:/home/anatole/ycsb/core/target/dependency/htrace-core4-4.1.0-incubating.jar:/home/anatole/ycsb/core/target/dependency/jackson-core-asl-1.9.4.jar:/home/anatole/ycsb/core/target/dependency/jackson-mapper-asl-1.9.4.jar:/home/anatole/ycsb/core/target/dependency/javax.persistence-api-2.2.jar:/home/anatole/ycsb/core/target/dependency/jnvm-1.0-SNAPSHOT.jar:/home/anatole/ycsb/core/target/dependency/pcj-1.0.jar:/home/anatole/ycsb/core/target/dependency/unsafe-helper-1.0.jar:/home/anatole/ycsb/infinispan/src/main/conf:/home/anatole/ycsb/infinispan/target/infinispan-binding-0.18.0-SNAPSHOT.jar:/home/anatole/ycsb/infinispan/target/dependency/caffeine-2.6.2.jar:/home/anatole/ycsb/infinispan/target/dependency/gson-2.8.2.jar:/home/anatole/ycsb/infinispan/target/dependency/guava-18.0.jar:/home/anatole/ycsb/infinispan/target/dependency/infinispan-cachestore-jnvm-1.0-SNAPSHOT.jar:/home/anatole/ycsb/infinispan/target/dependency/infinispan-cachestore-pcj-1.0-SNAPSHOT.jar:/home/anatole/ycsb/infinispan/target/dependency/infinispan-client-hotrod-9.4.20.Final.jar:/home/anatole/ycsb/infinispan/target/dependency/infinispan-commons-9.4.20.Final.jar:/home/anatole/ycsb/infinispan/target/dependency/infinispan-core-9.4.20.Final.jar:/home/anatole/ycsb/infinispan/target/dependency/javax.persistence-api-2.2.jar:/home/anatole/ycsb/infinispan/target/dependency/jboss-logging-3.3.2.Final.jar:/home/anatole/ycsb/infinispan/target/dependency/jboss-marshalling-osgi-2.0.6.Final.jar:/home/anatole/ycsb/infinispan/target/dependency/jboss-transaction-api_1.2_spec-1.1.1.Final.jar:/home/anatole/ycsb/infinispan/target/dependency/jgroups-4.0.21.Final.jar:/home/anatole/ycsb/infinispan/target/dependency/jnvm-1.0-SNAPSHOT.jar:/home/anatole/ycsb/infinispan/target/dependency/metainf-services-1.7.jar:/home/anatole/ycsb/infinispan/target/dependency/netty-buffer-4.1.51.Final.jar:/home/anatole/ycsb/infinispan/target/dependency/netty-codec-4.1.51.Final.jar:/home/anatole/ycsb/infinispan/target/dependency/netty-common-4.1.51.Final.jar:/home/anatole/ycsb/infinispan/target/dependency/netty-handler-4.1.51.Final.jar:/home/anatole/ycsb/infinispan/target/dependency/netty-resolver-4.1.51.Final.jar:/home/anatole/ycsb/infinispan/target/dependency/netty-transport-4.1.51.Final.jar:/home/anatole/ycsb/infinispan/target/dependency/netty-transport-native-epoll-4.1.51.Final-linux-x86_64.jar:/home/anatole/ycsb/infinispan/target/dependency/netty-transport-native-unix-common-4.1.51.Final.jar:/home/anatole/ycsb/infinispan/target/dependency/pcj-1.0.jar:/home/anatole/ycsb/infinispan/target/dependency/reactive-streams-1.0.2.jar:/home/anatole/ycsb/infinispan/target/dependency/rxjava-2.2.4.jar:/home/anatole/ycsb/infinispan/target/dependency/unsafe-helper-1.0.jar site.ycsb.Client -t -db site.ycsb.db.InfinispanClient -P ../workloads/workloadf -preload -s -threads 1 -p dataintegrity=true -p offheap=false -p pcj=false -p recordcount=1000000 -p operationcount=10000000 -p fieldcount=10 -p fieldlength=100 -p measurement.trackjvm=true -p measurementtype=hdrhistogram -p hdrhistogram.output.path=./out/exp0.exectime.ref/log/infinispan.run.workloadf.true.1000000.1000000.10.100.default.1.false.true.default.default.none.r4.hdr.log
[OVERALL], RunTime(ms), 45387
[OVERALL], Throughput(ops/sec), 242360.14717870756
[TOTAL_GCS_G1_Young_Generation], Count, 50
[TOTAL_GC_TIME_G1_Young_Generation], Time(ms), 6753
[TOTAL_GC_TIME_%_G1_Young_Generation], Time(%), 14.878709762707384
[TOTAL_GCS_G1_Old_Generation], Count, 0
[TOTAL_GC_TIME_G1_Old_Generation], Time(ms), 0
[TOTAL_GC_TIME_%_G1_Old_Generation], Time(%), 0.0
[TOTAL_GCs], Count, 50
[TOTAL_GC_TIME], Time(ms), 6753
[TOTAL_GC_TIME_%], Time(%), 14.878709762707384
[MAX_MEM_USED], MBs, 6315
[MIN_MEM_USED], MBs, 48
[MAX_THREADS], Count, 6
[MIN_THREADS], Count, 3
[MAX_SYS_LOAD_AVG], Load, 6.75
[MIN_SYS_LOAD_AVG], Load, 5.1
[THREAD_COUNT], Operations, 6
[THREAD_COUNT], AverageLatency(ns), 5.166666666666667
[THREAD_COUNT], MinLatency(ns), 3
[THREAD_COUNT], MaxLatency(ns), 6
[THREAD_COUNT], 95thPercentileLatency(ns), 6
[THREAD_COUNT], 99thPercentileLatency(ns), 6
[SYS_LOAD_AVG], Operations, 6
[SYS_LOAD_AVG], AverageLatency(ns), 5.333333333333333
[SYS_LOAD_AVG], MinLatency(ns), 5
[SYS_LOAD_AVG], MaxLatency(ns), 6
[SYS_LOAD_AVG], 95thPercentileLatency(ns), 6
[SYS_LOAD_AVG], 99thPercentileLatency(ns), 6
[READ-MODIFY-WRITE], Operations, 4998640
[READ-MODIFY-WRITE], AverageLatency(ns), 2867.3919638141574
[READ-MODIFY-WRITE], MinLatency(ns), 1450
[READ-MODIFY-WRITE], MaxLatency(ns), 248937471
[READ-MODIFY-WRITE], 95thPercentileLatency(ns), 4131
[READ-MODIFY-WRITE], 99thPercentileLatency(ns), 4766
[LOAD], Operations, 1
[LOAD], AverageLatency(ns), 1.3484654592E10
[LOAD], MinLatency(ns), 13484621824
[LOAD], MaxLatency(ns), 13484687359
[LOAD], 95thPercentileLatency(ns), 13484687359
[LOAD], 99thPercentileLatency(ns), 13484687359
[USED_MEM_MB], Operations, 6
[USED_MEM_MB], AverageLatency(ns), 4455.666666666667
[USED_MEM_MB], MinLatency(ns), 48
[USED_MEM_MB], MaxLatency(ns), 6315
[USED_MEM_MB], 95thPercentileLatency(ns), 6315
[USED_MEM_MB], 99thPercentileLatency(ns), 6315
[MAIN_GCs_Count], Operations, 1
[MAIN_GCs_Count], AverageLatency(ns), 23.0
[MAIN_GCs_Count], MinLatency(ns), 23
[MAIN_GCs_Count], MaxLatency(ns), 23
[MAIN_GCs_Count], 95thPercentileLatency(ns), 23
[MAIN_GCs_Count], 99thPercentileLatency(ns), 23
[MAIN_GCs_Time(ms)], Operations, 1
[MAIN_GCs_Time(ms)], AverageLatency(ns), 4463.0
[MAIN_GCs_Time(ms)], MinLatency(ns), 4463
[MAIN_GCs_Time(ms)], MaxLatency(ns), 4463
[MAIN_GCs_Time(ms)], 95thPercentileLatency(ns), 4463
[MAIN_GCs_Time(ms)], 99thPercentileLatency(ns), 4463
[TRANSACTION], Operations, 1
[TRANSACTION], AverageLatency(ns), 3.0533943296E10
[TRANSACTION], MinLatency(ns), 30533877760
[TRANSACTION], MaxLatency(ns), 30534008831
[TRANSACTION], 95thPercentileLatency(ns), 30534008831
[TRANSACTION], 99thPercentileLatency(ns), 30534008831
[GCS_TIME], Operations, 6
[GCS_TIME], AverageLatency(ns), 1125.5
[GCS_TIME], MinLatency(ns), 0
[GCS_TIME], MaxLatency(ns), 1656
[GCS_TIME], 95thPercentileLatency(ns), 1656
[GCS_TIME], 99thPercentileLatency(ns), 1656
[LOAD_GCs_Time(ms)], Operations, 1
[LOAD_GCs_Time(ms)], AverageLatency(ns), 2079.0
[LOAD_GCs_Time(ms)], MinLatency(ns), 2079
[LOAD_GCs_Time(ms)], MaxLatency(ns), 2079
[LOAD_GCs_Time(ms)], 95thPercentileLatency(ns), 2079
[LOAD_GCs_Time(ms)], 99thPercentileLatency(ns), 2079
[READ], Operations, 10000000
[READ], AverageLatency(ns), 604.8711535
[READ], MinLatency(ns), 184
[READ], MaxLatency(ns), 1423727
[READ], 95thPercentileLatency(ns), 1450
[READ], 99thPercentileLatency(ns), 2282
[READ], Return=OK, 10000000
[INIT], Operations, 1
[INIT], AverageLatency(ns), 5.96035584E8
[INIT], MinLatency(ns), 596033536
[INIT], MaxLatency(ns), 596037631
[INIT], 95thPercentileLatency(ns), 596037631
[INIT], 99thPercentileLatency(ns), 596037631
[GCS], Operations, 6
[GCS], AverageLatency(ns), 8.333333333333334
[GCS], MinLatency(ns), 0
[GCS], MaxLatency(ns), 22
[GCS], 95thPercentileLatency(ns), 22
[GCS], 99thPercentileLatency(ns), 22
[LOAD_GCs_Count], Operations, 1
[LOAD_GCs_Count], AverageLatency(ns), 25.0
[LOAD_GCs_Count], MinLatency(ns), 25
[LOAD_GCs_Count], MaxLatency(ns), 25
[LOAD_GCs_Count], 95thPercentileLatency(ns), 25
[LOAD_GCs_Count], 99thPercentileLatency(ns), 25
[CLEANUP], Operations, 1
[CLEANUP], AverageLatency(ns), 6.96621056E8
[CLEANUP], MinLatency(ns), 696619008
[CLEANUP], MaxLatency(ns), 696623103
[CLEANUP], 95thPercentileLatency(ns), 696623103
[CLEANUP], 99thPercentileLatency(ns), 696623103
[INSERT], Operations, 1000000
[INSERT], AverageLatency(ns), 2202.022983
[INSERT], MinLatency(ns), 1174
[INSERT], MaxLatency(ns), 95719423
[INSERT], 95thPercentileLatency(ns), 2049
[INSERT], 99thPercentileLatency(ns), 3770
[INSERT], Return=OK, 1000000
[UPDATE], Operations, 4998640
[UPDATE], AverageLatency(ns), 1973.872857217163
[UPDATE], MinLatency(ns), 984
[UPDATE], MaxLatency(ns), 227947519
[UPDATE], 95thPercentileLatency(ns), 3174
[UPDATE], 99thPercentileLatency(ns), 3708
[UPDATE], Return=OK, 4998640
