/home/anatole/jdk8u/build/linux-x86_64-normal-server-release/jdk/bin/java -Xmx20g -XX:+UseG1GC -classpath /home/anatole/ycsb/conf:/home/anatole/ycsb/core/target/core-0.18.0-SNAPSHOT.jar:/home/anatole/ycsb/core/target/dependency/HdrHistogram-2.1.4.jar:/home/anatole/ycsb/core/target/dependency/guava-18.0.jar:/home/anatole/ycsb/core/target/dependency/htrace-core4-4.1.0-incubating.jar:/home/anatole/ycsb/core/target/dependency/jackson-core-asl-1.9.4.jar:/home/anatole/ycsb/core/target/dependency/jackson-mapper-asl-1.9.4.jar:/home/anatole/ycsb/core/target/dependency/javax.persistence-api-2.2.jar:/home/anatole/ycsb/core/target/dependency/jnvm-1.0-SNAPSHOT.jar:/home/anatole/ycsb/core/target/dependency/pcj-1.0.jar:/home/anatole/ycsb/core/target/dependency/unsafe-helper-1.0.jar:/home/anatole/ycsb/infinispan/src/main/conf:/home/anatole/ycsb/infinispan/target/infinispan-binding-0.18.0-SNAPSHOT.jar:/home/anatole/ycsb/infinispan/target/dependency/caffeine-2.6.2.jar:/home/anatole/ycsb/infinispan/target/dependency/gson-2.8.2.jar:/home/anatole/ycsb/infinispan/target/dependency/guava-18.0.jar:/home/anatole/ycsb/infinispan/target/dependency/infinispan-cachestore-jnvm-1.0-SNAPSHOT.jar:/home/anatole/ycsb/infinispan/target/dependency/infinispan-cachestore-pcj-1.0-SNAPSHOT.jar:/home/anatole/ycsb/infinispan/target/dependency/infinispan-client-hotrod-9.4.20.Final.jar:/home/anatole/ycsb/infinispan/target/dependency/infinispan-commons-9.4.20.Final.jar:/home/anatole/ycsb/infinispan/target/dependency/infinispan-core-9.4.20.Final.jar:/home/anatole/ycsb/infinispan/target/dependency/javax.persistence-api-2.2.jar:/home/anatole/ycsb/infinispan/target/dependency/jboss-logging-3.3.2.Final.jar:/home/anatole/ycsb/infinispan/target/dependency/jboss-marshalling-osgi-2.0.6.Final.jar:/home/anatole/ycsb/infinispan/target/dependency/jboss-transaction-api_1.2_spec-1.1.1.Final.jar:/home/anatole/ycsb/infinispan/target/dependency/jgroups-4.0.21.Final.jar:/home/anatole/ycsb/infinispan/target/dependency/jnvm-1.0-SNAPSHOT.jar:/home/anatole/ycsb/infinispan/target/dependency/metainf-services-1.7.jar:/home/anatole/ycsb/infinispan/target/dependency/netty-buffer-4.1.51.Final.jar:/home/anatole/ycsb/infinispan/target/dependency/netty-codec-4.1.51.Final.jar:/home/anatole/ycsb/infinispan/target/dependency/netty-common-4.1.51.Final.jar:/home/anatole/ycsb/infinispan/target/dependency/netty-handler-4.1.51.Final.jar:/home/anatole/ycsb/infinispan/target/dependency/netty-resolver-4.1.51.Final.jar:/home/anatole/ycsb/infinispan/target/dependency/netty-transport-4.1.51.Final.jar:/home/anatole/ycsb/infinispan/target/dependency/netty-transport-native-epoll-4.1.51.Final-linux-x86_64.jar:/home/anatole/ycsb/infinispan/target/dependency/netty-transport-native-unix-common-4.1.51.Final.jar:/home/anatole/ycsb/infinispan/target/dependency/pcj-1.0.jar:/home/anatole/ycsb/infinispan/target/dependency/reactive-streams-1.0.2.jar:/home/anatole/ycsb/infinispan/target/dependency/rxjava-2.2.4.jar:/home/anatole/ycsb/infinispan/target/dependency/unsafe-helper-1.0.jar site.ycsb.Client -t -db site.ycsb.db.InfinispanClient -P ../workloads/workloadd -preload -s -threads 1 -p dataintegrity=true -p offheap=false -p pcj=false -p recordcount=1000000 -p operationcount=10000000 -p fieldcount=10 -p fieldlength=100 -p measurement.trackjvm=true -p measurementtype=hdrhistogram -p hdrhistogram.output.path=./out/exp0.exectime.ref/log/infinispan.run.workloadd.true.1000000.1000000.10.100.default.1.false.true.default.default.none.r1.hdr.log
[OVERALL], RunTime(ms), 31994
[OVERALL], Throughput(ops/sec), 343814.4652122273
[TOTAL_GCS_G1_Young_Generation], Count, 34
[TOTAL_GC_TIME_G1_Young_Generation], Time(ms), 3376
[TOTAL_GC_TIME_%_G1_Young_Generation], Time(%), 10.551978495967994
[TOTAL_GCS_G1_Old_Generation], Count, 0
[TOTAL_GC_TIME_G1_Old_Generation], Time(ms), 0
[TOTAL_GC_TIME_%_G1_Old_Generation], Time(%), 0.0
[TOTAL_GCs], Count, 34
[TOTAL_GC_TIME], Time(ms), 3376
[TOTAL_GC_TIME_%], Time(%), 10.551978495967994
[MAX_MEM_USED], MBs, 8832
[MIN_MEM_USED], MBs, 48
[MAX_THREADS], Count, 6
[MIN_THREADS], Count, 3
[MAX_SYS_LOAD_AVG], Load, 3.85
[MIN_SYS_LOAD_AVG], Load, 2.72
[THREAD_COUNT], Operations, 5
[THREAD_COUNT], AverageLatency(ns), 5.0
[THREAD_COUNT], MinLatency(ns), 3
[THREAD_COUNT], MaxLatency(ns), 6
[THREAD_COUNT], 95thPercentileLatency(ns), 6
[THREAD_COUNT], 99thPercentileLatency(ns), 6
[SYS_LOAD_AVG], Operations, 5
[SYS_LOAD_AVG], AverageLatency(ns), 2.8
[SYS_LOAD_AVG], MinLatency(ns), 2
[SYS_LOAD_AVG], MaxLatency(ns), 3
[SYS_LOAD_AVG], 95thPercentileLatency(ns), 3
[SYS_LOAD_AVG], 99thPercentileLatency(ns), 3
[LOAD], Operations, 1
[LOAD], AverageLatency(ns), 1.3391069184E10
[LOAD], MinLatency(ns), 13391036416
[LOAD], MaxLatency(ns), 13391101951
[LOAD], 95thPercentileLatency(ns), 13391101951
[LOAD], 99thPercentileLatency(ns), 13391101951
[USED_MEM_MB], Operations, 5
[USED_MEM_MB], AverageLatency(ns), 5206.4
[USED_MEM_MB], MinLatency(ns), 48
[USED_MEM_MB], MaxLatency(ns), 8832
[USED_MEM_MB], 95thPercentileLatency(ns), 8832
[USED_MEM_MB], 99thPercentileLatency(ns), 8832
[MAIN_GCs_Count], Operations, 1
[MAIN_GCs_Count], AverageLatency(ns), 8.0
[MAIN_GCs_Count], MinLatency(ns), 8
[MAIN_GCs_Count], MaxLatency(ns), 8
[MAIN_GCs_Count], 95thPercentileLatency(ns), 8
[MAIN_GCs_Count], 99thPercentileLatency(ns), 8
[READ-FAILED], Operations, 185416
[READ-FAILED], AverageLatency(ns), 291.8290816326531
[READ-FAILED], MinLatency(ns), 143
[READ-FAILED], MaxLatency(ns), 113630
[READ-FAILED], 95thPercentileLatency(ns), 491
[READ-FAILED], 99thPercentileLatency(ns), 663
[MAIN_GCs_Time(ms)], Operations, 1
[MAIN_GCs_Time(ms)], AverageLatency(ns), 1271.0
[MAIN_GCs_Time(ms)], MinLatency(ns), 1271
[MAIN_GCs_Time(ms)], MaxLatency(ns), 1271
[MAIN_GCs_Time(ms)], 95thPercentileLatency(ns), 1271
[MAIN_GCs_Time(ms)], 99thPercentileLatency(ns), 1271
[TRANSACTION], Operations, 1
[TRANSACTION], AverageLatency(ns), 1.7466458112E10
[TRANSACTION], MinLatency(ns), 17466392576
[TRANSACTION], MaxLatency(ns), 17466523647
[TRANSACTION], 95thPercentileLatency(ns), 17466523647
[TRANSACTION], 99thPercentileLatency(ns), 17466523647
[GCS_TIME], Operations, 5
[GCS_TIME], AverageLatency(ns), 675.2
[GCS_TIME], MinLatency(ns), 0
[GCS_TIME], MaxLatency(ns), 1460
[GCS_TIME], 95thPercentileLatency(ns), 1460
[GCS_TIME], 99thPercentileLatency(ns), 1460
[LOAD_GCs_Time(ms)], Operations, 1
[LOAD_GCs_Time(ms)], AverageLatency(ns), 2087.0
[LOAD_GCs_Time(ms)], MinLatency(ns), 2087
[LOAD_GCs_Time(ms)], MaxLatency(ns), 2087
[LOAD_GCs_Time(ms)], 95thPercentileLatency(ns), 2087
[LOAD_GCs_Time(ms)], 99thPercentileLatency(ns), 2087
[READ], Operations, 9314847
[READ], AverageLatency(ns), 506.350437317972
[READ], MinLatency(ns), 169
[READ], MaxLatency(ns), 1594847
[READ], 95thPercentileLatency(ns), 921
[READ], 99thPercentileLatency(ns), 3044
[READ], Return=OK, 9314847
[READ], Return=ERROR, 185416
[INIT], Operations, 1
[INIT], AverageLatency(ns), 6.12186112E8
[INIT], MinLatency(ns), 612184064
[INIT], MaxLatency(ns), 612188159
[INIT], 95thPercentileLatency(ns), 612188159
[INIT], 99thPercentileLatency(ns), 612188159
[GCS], Operations, 5
[GCS], AverageLatency(ns), 6.8
[GCS], MinLatency(ns), 0
[GCS], MaxLatency(ns), 22
[GCS], 95thPercentileLatency(ns), 22
[GCS], 99thPercentileLatency(ns), 22
[LOAD_GCs_Count], Operations, 1
[LOAD_GCs_Count], AverageLatency(ns), 25.0
[LOAD_GCs_Count], MinLatency(ns), 25
[LOAD_GCs_Count], MaxLatency(ns), 25
[LOAD_GCs_Count], 95thPercentileLatency(ns), 25
[LOAD_GCs_Count], 99thPercentileLatency(ns), 25
[CLEANUP], Operations, 1
[CLEANUP], AverageLatency(ns), 4.49987584E8
[CLEANUP], MinLatency(ns), 449986560
[CLEANUP], MaxLatency(ns), 449988607
[CLEANUP], 95thPercentileLatency(ns), 449988607
[CLEANUP], 99thPercentileLatency(ns), 449988607
[INSERT], Operations, 1499737
[INSERT], AverageLatency(ns), 2694.7924429416626
[INSERT], MinLatency(ns), 1173
[INSERT], MaxLatency(ns), 164524031
[INSERT], 95thPercentileLatency(ns), 4416
[INSERT], 99thPercentileLatency(ns), 5416
[INSERT], Return=OK, 1499737
