/home/anatole/jdk8u/build/linux-x86_64-normal-server-release/jdk/bin/java -Xmx20g -XX:+UseG1GC -classpath /home/anatole/ycsb/conf:/home/anatole/ycsb/core/target/core-0.18.0-SNAPSHOT.jar:/home/anatole/ycsb/core/target/dependency/HdrHistogram-2.1.4.jar:/home/anatole/ycsb/core/target/dependency/guava-18.0.jar:/home/anatole/ycsb/core/target/dependency/htrace-core4-4.1.0-incubating.jar:/home/anatole/ycsb/core/target/dependency/jackson-core-asl-1.9.4.jar:/home/anatole/ycsb/core/target/dependency/jackson-mapper-asl-1.9.4.jar:/home/anatole/ycsb/core/target/dependency/javax.persistence-api-2.2.jar:/home/anatole/ycsb/core/target/dependency/jnvm-1.0-SNAPSHOT.jar:/home/anatole/ycsb/core/target/dependency/pcj-1.0.jar:/home/anatole/ycsb/core/target/dependency/unsafe-helper-1.0.jar:/home/anatole/ycsb/infinispan/src/main/conf:/home/anatole/ycsb/infinispan/target/infinispan-binding-0.18.0-SNAPSHOT.jar:/home/anatole/ycsb/infinispan/target/dependency/caffeine-2.6.2.jar:/home/anatole/ycsb/infinispan/target/dependency/gson-2.8.2.jar:/home/anatole/ycsb/infinispan/target/dependency/guava-18.0.jar:/home/anatole/ycsb/infinispan/target/dependency/infinispan-cachestore-jnvm-1.0-SNAPSHOT.jar:/home/anatole/ycsb/infinispan/target/dependency/infinispan-cachestore-pcj-1.0-SNAPSHOT.jar:/home/anatole/ycsb/infinispan/target/dependency/infinispan-client-hotrod-9.4.20.Final.jar:/home/anatole/ycsb/infinispan/target/dependency/infinispan-commons-9.4.20.Final.jar:/home/anatole/ycsb/infinispan/target/dependency/infinispan-core-9.4.20.Final.jar:/home/anatole/ycsb/infinispan/target/dependency/javax.persistence-api-2.2.jar:/home/anatole/ycsb/infinispan/target/dependency/jboss-logging-3.3.2.Final.jar:/home/anatole/ycsb/infinispan/target/dependency/jboss-marshalling-osgi-2.0.6.Final.jar:/home/anatole/ycsb/infinispan/target/dependency/jboss-transaction-api_1.2_spec-1.1.1.Final.jar:/home/anatole/ycsb/infinispan/target/dependency/jgroups-4.0.21.Final.jar:/home/anatole/ycsb/infinispan/target/dependency/jnvm-1.0-SNAPSHOT.jar:/home/anatole/ycsb/infinispan/target/dependency/metainf-services-1.7.jar:/home/anatole/ycsb/infinispan/target/dependency/netty-buffer-4.1.51.Final.jar:/home/anatole/ycsb/infinispan/target/dependency/netty-codec-4.1.51.Final.jar:/home/anatole/ycsb/infinispan/target/dependency/netty-common-4.1.51.Final.jar:/home/anatole/ycsb/infinispan/target/dependency/netty-handler-4.1.51.Final.jar:/home/anatole/ycsb/infinispan/target/dependency/netty-resolver-4.1.51.Final.jar:/home/anatole/ycsb/infinispan/target/dependency/netty-transport-4.1.51.Final.jar:/home/anatole/ycsb/infinispan/target/dependency/netty-transport-native-epoll-4.1.51.Final-linux-x86_64.jar:/home/anatole/ycsb/infinispan/target/dependency/netty-transport-native-unix-common-4.1.51.Final.jar:/home/anatole/ycsb/infinispan/target/dependency/pcj-1.0.jar:/home/anatole/ycsb/infinispan/target/dependency/reactive-streams-1.0.2.jar:/home/anatole/ycsb/infinispan/target/dependency/rxjava-2.2.4.jar:/home/anatole/ycsb/infinispan/target/dependency/unsafe-helper-1.0.jar site.ycsb.Client -t -db site.ycsb.db.InfinispanClient -P ../workloads/workloadd -preload -s -threads 1 -p dataintegrity=true -p offheap=false -p pcj=false -p recordcount=1000000 -p operationcount=10000000 -p fieldcount=10 -p fieldlength=100 -p measurement.trackjvm=true -p measurementtype=hdrhistogram -p hdrhistogram.output.path=./out/exp0.exectime.ref/log/infinispan.run.workloadd.true.1000000.1000000.10.100.default.1.false.true.default.default.none.r6.hdr.log
[OVERALL], RunTime(ms), 31834
[OVERALL], Throughput(ops/sec), 345542.5017277125
[TOTAL_GCS_G1_Young_Generation], Count, 34
[TOTAL_GC_TIME_G1_Young_Generation], Time(ms), 3340
[TOTAL_GC_TIME_%_G1_Young_Generation], Time(%), 10.491926870641452
[TOTAL_GCS_G1_Old_Generation], Count, 0
[TOTAL_GC_TIME_G1_Old_Generation], Time(ms), 0
[TOTAL_GC_TIME_%_G1_Old_Generation], Time(%), 0.0
[TOTAL_GCs], Count, 34
[TOTAL_GC_TIME], Time(ms), 3340
[TOTAL_GC_TIME_%], Time(%), 10.491926870641452
[MAX_MEM_USED], MBs, 7156
[MIN_MEM_USED], MBs, 48
[MAX_THREADS], Count, 6
[MIN_THREADS], Count, 3
[MAX_SYS_LOAD_AVG], Load, 4.62
[MIN_SYS_LOAD_AVG], Load, 3.25
[THREAD_COUNT], Operations, 5
[THREAD_COUNT], AverageLatency(ns), 5.0
[THREAD_COUNT], MinLatency(ns), 3
[THREAD_COUNT], MaxLatency(ns), 6
[THREAD_COUNT], 95thPercentileLatency(ns), 6
[THREAD_COUNT], 99thPercentileLatency(ns), 6
[SYS_LOAD_AVG], Operations, 5
[SYS_LOAD_AVG], AverageLatency(ns), 3.4
[SYS_LOAD_AVG], MinLatency(ns), 3
[SYS_LOAD_AVG], MaxLatency(ns), 4
[SYS_LOAD_AVG], 95thPercentileLatency(ns), 4
[SYS_LOAD_AVG], 99thPercentileLatency(ns), 4
[LOAD], Operations, 1
[LOAD], AverageLatency(ns), 1.3463748608E10
[LOAD], MinLatency(ns), 13463715840
[LOAD], MaxLatency(ns), 13463781375
[LOAD], 95thPercentileLatency(ns), 13463781375
[LOAD], 99thPercentileLatency(ns), 13463781375
[USED_MEM_MB], Operations, 5
[USED_MEM_MB], AverageLatency(ns), 4795.2
[USED_MEM_MB], MinLatency(ns), 48
[USED_MEM_MB], MaxLatency(ns), 7156
[USED_MEM_MB], 95thPercentileLatency(ns), 7156
[USED_MEM_MB], 99thPercentileLatency(ns), 7156
[MAIN_GCs_Count], Operations, 1
[MAIN_GCs_Count], AverageLatency(ns), 8.0
[MAIN_GCs_Count], MinLatency(ns), 8
[MAIN_GCs_Count], MaxLatency(ns), 8
[MAIN_GCs_Count], 95thPercentileLatency(ns), 8
[MAIN_GCs_Count], 99thPercentileLatency(ns), 8
[READ-FAILED], Operations, 173811
[READ-FAILED], AverageLatency(ns), 282.15932248246656
[READ-FAILED], MinLatency(ns), 127
[READ-FAILED], MaxLatency(ns), 59053
[READ-FAILED], 95thPercentileLatency(ns), 474
[READ-FAILED], 99thPercentileLatency(ns), 650
[MAIN_GCs_Time(ms)], Operations, 1
[MAIN_GCs_Time(ms)], AverageLatency(ns), 1219.0
[MAIN_GCs_Time(ms)], MinLatency(ns), 1219
[MAIN_GCs_Time(ms)], MaxLatency(ns), 1219
[MAIN_GCs_Time(ms)], 95thPercentileLatency(ns), 1219
[MAIN_GCs_Time(ms)], 99thPercentileLatency(ns), 1219
[TRANSACTION], Operations, 1
[TRANSACTION], AverageLatency(ns), 1.7182687232E10
[TRANSACTION], MinLatency(ns), 17182621696
[TRANSACTION], MaxLatency(ns), 17182752767
[TRANSACTION], 95thPercentileLatency(ns), 17182752767
[TRANSACTION], 99thPercentileLatency(ns), 17182752767
[GCS_TIME], Operations, 5
[GCS_TIME], AverageLatency(ns), 668.0
[GCS_TIME], MinLatency(ns), 0
[GCS_TIME], MaxLatency(ns), 1467
[GCS_TIME], 95thPercentileLatency(ns), 1467
[GCS_TIME], 99thPercentileLatency(ns), 1467
[LOAD_GCs_Time(ms)], Operations, 1
[LOAD_GCs_Time(ms)], AverageLatency(ns), 2101.0
[LOAD_GCs_Time(ms)], MinLatency(ns), 2101
[LOAD_GCs_Time(ms)], MaxLatency(ns), 2101
[LOAD_GCs_Time(ms)], 95thPercentileLatency(ns), 2101
[LOAD_GCs_Time(ms)], 99thPercentileLatency(ns), 2101
[READ], Operations, 9327969
[READ], AverageLatency(ns), 490.0835596687768
[READ], MinLatency(ns), 152
[READ], MaxLatency(ns), 2254655
[READ], 95thPercentileLatency(ns), 906
[READ], 99thPercentileLatency(ns), 2989
[READ], Return=OK, 9327969
[READ], Return=ERROR, 173811
[INIT], Operations, 1
[INIT], AverageLatency(ns), 6.05550592E8
[INIT], MinLatency(ns), 605548544
[INIT], MaxLatency(ns), 605552639
[INIT], 95thPercentileLatency(ns), 605552639
[INIT], 99thPercentileLatency(ns), 605552639
[GCS], Operations, 5
[GCS], AverageLatency(ns), 6.8
[GCS], MinLatency(ns), 0
[GCS], MaxLatency(ns), 22
[GCS], 95thPercentileLatency(ns), 22
[GCS], 99thPercentileLatency(ns), 22
[LOAD_GCs_Count], Operations, 1
[LOAD_GCs_Count], AverageLatency(ns), 25.0
[LOAD_GCs_Count], MinLatency(ns), 25
[LOAD_GCs_Count], MaxLatency(ns), 25
[LOAD_GCs_Count], 95thPercentileLatency(ns), 25
[LOAD_GCs_Count], 99thPercentileLatency(ns), 25
[CLEANUP], Operations, 1
[CLEANUP], AverageLatency(ns), 5.07137024E8
[CLEANUP], MinLatency(ns), 507136000
[CLEANUP], MaxLatency(ns), 507138047
[CLEANUP], 95thPercentileLatency(ns), 507138047
[CLEANUP], 99thPercentileLatency(ns), 507138047
[INSERT], Operations, 1498220
[INSERT], AverageLatency(ns), 2619.9298994807173
[INSERT], MinLatency(ns), 1203
[INSERT], MaxLatency(ns), 104040447
[INSERT], 95thPercentileLatency(ns), 4376
[INSERT], 99thPercentileLatency(ns), 5323
[INSERT], Return=OK, 1498220
