/home/anatole/jdk8u/build/linux-x86_64-normal-server-release/jdk/bin/java -Xmx20g -XX:+UseG1GC -classpath /home/anatole/ycsb/conf:/home/anatole/ycsb/core/target/core-0.18.0-SNAPSHOT.jar:/home/anatole/ycsb/core/target/dependency/HdrHistogram-2.1.4.jar:/home/anatole/ycsb/core/target/dependency/guava-18.0.jar:/home/anatole/ycsb/core/target/dependency/htrace-core4-4.1.0-incubating.jar:/home/anatole/ycsb/core/target/dependency/jackson-core-asl-1.9.4.jar:/home/anatole/ycsb/core/target/dependency/jackson-mapper-asl-1.9.4.jar:/home/anatole/ycsb/core/target/dependency/javax.persistence-api-2.2.jar:/home/anatole/ycsb/core/target/dependency/jnvm-1.0-SNAPSHOT.jar:/home/anatole/ycsb/core/target/dependency/pcj-1.0.jar:/home/anatole/ycsb/core/target/dependency/unsafe-helper-1.0.jar:/home/anatole/ycsb/infinispan/src/main/conf:/home/anatole/ycsb/infinispan/target/infinispan-binding-0.18.0-SNAPSHOT.jar:/home/anatole/ycsb/infinispan/target/dependency/caffeine-2.6.2.jar:/home/anatole/ycsb/infinispan/target/dependency/gson-2.8.2.jar:/home/anatole/ycsb/infinispan/target/dependency/guava-18.0.jar:/home/anatole/ycsb/infinispan/target/dependency/infinispan-cachestore-jnvm-1.0-SNAPSHOT.jar:/home/anatole/ycsb/infinispan/target/dependency/infinispan-cachestore-pcj-1.0-SNAPSHOT.jar:/home/anatole/ycsb/infinispan/target/dependency/infinispan-client-hotrod-9.4.17.Final.jar:/home/anatole/ycsb/infinispan/target/dependency/infinispan-commons-9.4.17.Final.jar:/home/anatole/ycsb/infinispan/target/dependency/infinispan-core-9.4.17.Final.jar:/home/anatole/ycsb/infinispan/target/dependency/infinispan-embedded-9.0.1.Final.jar:/home/anatole/ycsb/infinispan/target/dependency/javax.persistence-api-2.2.jar:/home/anatole/ycsb/infinispan/target/dependency/jboss-logging-3.3.2.Final.jar:/home/anatole/ycsb/infinispan/target/dependency/jboss-marshalling-osgi-2.0.6.Final.jar:/home/anatole/ycsb/infinispan/target/dependency/jboss-transaction-api_1.1_spec-1.0.1.Final.jar:/home/anatole/ycsb/infinispan/target/dependency/jboss-transaction-api_1.2_spec-1.1.1.Final.jar:/home/anatole/ycsb/infinispan/target/dependency/jgroups-4.0.20.Final.jar:/home/anatole/ycsb/infinispan/target/dependency/jnvm-1.0-SNAPSHOT.jar:/home/anatole/ycsb/infinispan/target/dependency/metainf-services-1.7.jar:/home/anatole/ycsb/infinispan/target/dependency/netty-buffer-4.1.42.Final.jar:/home/anatole/ycsb/infinispan/target/dependency/netty-codec-4.1.42.Final.jar:/home/anatole/ycsb/infinispan/target/dependency/netty-common-4.1.42.Final.jar:/home/anatole/ycsb/infinispan/target/dependency/netty-handler-4.1.42.Final.jar:/home/anatole/ycsb/infinispan/target/dependency/netty-resolver-4.1.42.Final.jar:/home/anatole/ycsb/infinispan/target/dependency/netty-transport-4.1.42.Final.jar:/home/anatole/ycsb/infinispan/target/dependency/netty-transport-native-epoll-4.1.42.Final-linux-x86_64.jar:/home/anatole/ycsb/infinispan/target/dependency/netty-transport-native-unix-common-4.1.42.Final.jar:/home/anatole/ycsb/infinispan/target/dependency/pcj-1.0.jar:/home/anatole/ycsb/infinispan/target/dependency/reactive-streams-1.0.2.jar:/home/anatole/ycsb/infinispan/target/dependency/rxjava-2.2.4.jar:/home/anatole/ycsb/infinispan/target/dependency/unsafe-helper-1.0.jar site.ycsb.Client -t -db site.ycsb.db.InfinispanPCJClient -P ../workloads/workloada -threads 1 -p dataintegrity=true -p offheap=false -p pcj=true -p recordcount=3000000 -p operationcount=10000000 -p fieldcount=10 -p measurementtype=hdrhistogram -p hdrhistogram.output.path=./out/exp0.exectime.ref/log/infinispan-pcj.run.workloada.true.3000000.300000.10.default.1.hdr.log
Opening heap... Cleaning up heap... Heap opened.
[OVERALL], RunTime(ms), 528029
[OVERALL], Throughput(ops/sec), 18938.353764660653
[TOTAL_GCS_G1_Young_Generation], Count, 160
[TOTAL_GC_TIME_G1_Young_Generation], Time(ms), 36053
[TOTAL_GC_TIME_%_G1_Young_Generation], Time(%), 6.827844682773105
[TOTAL_GCS_G1_Old_Generation], Count, 1
[TOTAL_GC_TIME_G1_Old_Generation], Time(ms), 47908
[TOTAL_GC_TIME_%_G1_Old_Generation], Time(%), 9.072986521573625
[TOTAL_GCs], Count, 161
[TOTAL_GC_TIME], Time(ms), 83961
[TOTAL_GC_TIME_%], Time(%), 15.90083120434673
[READ], Operations, 5000116
[READ], AverageLatency(ns), 10495.254636492433
[READ], MinLatency(ns), 521
[READ], MaxLatency(ns), 2458140671
[READ], 95thPercentileLatency(ns), 34784
[READ], 99thPercentileLatency(ns), 72941
[READ], Return=OK, 5000116
[INIT], Operations, 1
[INIT], AverageLatency(ns), 6.63300096E8
[INIT], MinLatency(ns), 663298048
[INIT], MaxLatency(ns), 663302143
[INIT], 95thPercentileLatency(ns), 663302143
[INIT], 99thPercentileLatency(ns), 663302143
[CLEANUP], Operations, 1
[CLEANUP], AverageLatency(ns), 1.847267328E9
[CLEANUP], MinLatency(ns), 1847263232
[CLEANUP], MaxLatency(ns), 1847271423
[CLEANUP], 95thPercentileLatency(ns), 1847271423
[CLEANUP], 99thPercentileLatency(ns), 1847271423
[UPDATE], Operations, 4999884
[UPDATE], AverageLatency(ns), 25516.83016045972
[UPDATE], MinLatency(ns), 4222
[UPDATE], MaxLatency(ns), 2139037695
[UPDATE], 95thPercentileLatency(ns), 70100
[UPDATE], 99thPercentileLatency(ns), 153062
[UPDATE], Return=OK, 4999884
[TRANSACTION], Operations, 1
[TRANSACTION], AverageLatency(ns), 5.25327138816E11
[TRANSACTION], MinLatency(ns), 525326090240
[TRANSACTION], MaxLatency(ns), 525328187391
[TRANSACTION], 95thPercentileLatency(ns), 525328187391
[TRANSACTION], 99thPercentileLatency(ns), 525328187391
