/home/anatole/jdk8u/build/linux-x86_64-normal-server-release/jdk/bin/java -Xmx20g -XX:+UseG1GC -classpath /home/anatole/ycsb/conf:/home/anatole/ycsb/core/target/core-0.18.0-SNAPSHOT.jar:/home/anatole/ycsb/core/target/dependency/HdrHistogram-2.1.4.jar:/home/anatole/ycsb/core/target/dependency/guava-18.0.jar:/home/anatole/ycsb/core/target/dependency/htrace-core4-4.1.0-incubating.jar:/home/anatole/ycsb/core/target/dependency/jackson-core-asl-1.9.4.jar:/home/anatole/ycsb/core/target/dependency/jackson-mapper-asl-1.9.4.jar:/home/anatole/ycsb/core/target/dependency/javax.persistence-api-2.2.jar:/home/anatole/ycsb/core/target/dependency/jnvm-1.0-SNAPSHOT.jar:/home/anatole/ycsb/core/target/dependency/pcj-1.0.jar:/home/anatole/ycsb/core/target/dependency/unsafe-helper-1.0.jar:/home/anatole/ycsb/infinispan/src/main/conf:/home/anatole/ycsb/infinispan/target/infinispan-binding-0.18.0-SNAPSHOT.jar:/home/anatole/ycsb/infinispan/target/dependency/caffeine-2.6.2.jar:/home/anatole/ycsb/infinispan/target/dependency/gson-2.8.2.jar:/home/anatole/ycsb/infinispan/target/dependency/guava-18.0.jar:/home/anatole/ycsb/infinispan/target/dependency/infinispan-cachestore-jnvm-1.0-SNAPSHOT.jar:/home/anatole/ycsb/infinispan/target/dependency/infinispan-cachestore-pcj-1.0-SNAPSHOT.jar:/home/anatole/ycsb/infinispan/target/dependency/infinispan-client-hotrod-9.4.20.Final.jar:/home/anatole/ycsb/infinispan/target/dependency/infinispan-commons-9.4.20.Final.jar:/home/anatole/ycsb/infinispan/target/dependency/infinispan-core-9.4.20.Final.jar:/home/anatole/ycsb/infinispan/target/dependency/javax.persistence-api-2.2.jar:/home/anatole/ycsb/infinispan/target/dependency/jboss-logging-3.3.2.Final.jar:/home/anatole/ycsb/infinispan/target/dependency/jboss-marshalling-osgi-2.0.6.Final.jar:/home/anatole/ycsb/infinispan/target/dependency/jboss-transaction-api_1.2_spec-1.1.1.Final.jar:/home/anatole/ycsb/infinispan/target/dependency/jgroups-4.0.21.Final.jar:/home/anatole/ycsb/infinispan/target/dependency/jnvm-1.0-SNAPSHOT.jar:/home/anatole/ycsb/infinispan/target/dependency/metainf-services-1.7.jar:/home/anatole/ycsb/infinispan/target/dependency/netty-buffer-4.1.51.Final.jar:/home/anatole/ycsb/infinispan/target/dependency/netty-codec-4.1.51.Final.jar:/home/anatole/ycsb/infinispan/target/dependency/netty-common-4.1.51.Final.jar:/home/anatole/ycsb/infinispan/target/dependency/netty-handler-4.1.51.Final.jar:/home/anatole/ycsb/infinispan/target/dependency/netty-resolver-4.1.51.Final.jar:/home/anatole/ycsb/infinispan/target/dependency/netty-transport-4.1.51.Final.jar:/home/anatole/ycsb/infinispan/target/dependency/netty-transport-native-epoll-4.1.51.Final-linux-x86_64.jar:/home/anatole/ycsb/infinispan/target/dependency/netty-transport-native-unix-common-4.1.51.Final.jar:/home/anatole/ycsb/infinispan/target/dependency/pcj-1.0.jar:/home/anatole/ycsb/infinispan/target/dependency/reactive-streams-1.0.2.jar:/home/anatole/ycsb/infinispan/target/dependency/rxjava-2.2.4.jar:/home/anatole/ycsb/infinispan/target/dependency/unsafe-helper-1.0.jar site.ycsb.Client -t -db site.ycsb.db.InfinispanAutoPersistClient -P ../workloads/workloadd -preload -s -threads 1 -p dataintegrity=true -p offheap=false -p pcj=false -p recordcount=1000000 -p operationcount=10000000 -p fieldcount=10 -p fieldlength=100 -p measurement.trackjvm=true -p measurementtype=hdrhistogram -p hdrhistogram.output.path=./out/exp0.exectime.ref/log/infinispan-autopersist.run.workloadd.true.1000000.1.10.100.default.1.false.true.default.default.none.r4.hdr.log
[OVERALL], RunTime(ms), 101069
[OVERALL], Throughput(ops/sec), 108836.5374150333
[TOTAL_GCS_G1_Young_Generation], Count, 167
[TOTAL_GC_TIME_G1_Young_Generation], Time(ms), 5685
[TOTAL_GC_TIME_%_G1_Young_Generation], Time(%), 5.624870138222403
[TOTAL_GCS_G1_Old_Generation], Count, 0
[TOTAL_GC_TIME_G1_Old_Generation], Time(ms), 0
[TOTAL_GC_TIME_%_G1_Old_Generation], Time(%), 0.0
[TOTAL_GCs], Count, 167
[TOTAL_GC_TIME], Time(ms), 5685
[TOTAL_GC_TIME_%], Time(%), 5.624870138222403
[MAX_MEM_USED], MBs, 8460
[MIN_MEM_USED], MBs, 48
[MAX_THREADS], Count, 7
[MIN_THREADS], Count, 3
[MAX_SYS_LOAD_AVG], Load, 5.54
[MIN_SYS_LOAD_AVG], Load, 2.95
[THREAD_COUNT], Operations, 12
[THREAD_COUNT], AverageLatency(ns), 6.083333333333333
[THREAD_COUNT], MinLatency(ns), 3
[THREAD_COUNT], MaxLatency(ns), 7
[THREAD_COUNT], 95thPercentileLatency(ns), 7
[THREAD_COUNT], 99thPercentileLatency(ns), 7
[SYS_LOAD_AVG], Operations, 12
[SYS_LOAD_AVG], AverageLatency(ns), 3.3333333333333335
[SYS_LOAD_AVG], MinLatency(ns), 2
[SYS_LOAD_AVG], MaxLatency(ns), 5
[SYS_LOAD_AVG], 95thPercentileLatency(ns), 4
[SYS_LOAD_AVG], 99thPercentileLatency(ns), 5
[LOAD], Operations, 1
[LOAD], AverageLatency(ns), 5.2286062592E10
[LOAD], MinLatency(ns), 52285931520
[LOAD], MaxLatency(ns), 52286193663
[LOAD], 95thPercentileLatency(ns), 52286193663
[LOAD], 99thPercentileLatency(ns), 52286193663
[USED_MEM_MB], Operations, 12
[USED_MEM_MB], AverageLatency(ns), 4464.583333333333
[USED_MEM_MB], MinLatency(ns), 48
[USED_MEM_MB], MaxLatency(ns), 8460
[USED_MEM_MB], 95thPercentileLatency(ns), 6733
[USED_MEM_MB], 99thPercentileLatency(ns), 8460
[MAIN_GCs_Count], Operations, 1
[MAIN_GCs_Count], AverageLatency(ns), 18.0
[MAIN_GCs_Count], MinLatency(ns), 18
[MAIN_GCs_Count], MaxLatency(ns), 18
[MAIN_GCs_Count], 95thPercentileLatency(ns), 18
[MAIN_GCs_Count], 99thPercentileLatency(ns), 18
[MAIN_GCs_Time(ms)], Operations, 1
[MAIN_GCs_Time(ms)], AverageLatency(ns), 2000.0
[MAIN_GCs_Time(ms)], MinLatency(ns), 2000
[MAIN_GCs_Time(ms)], MaxLatency(ns), 2000
[MAIN_GCs_Time(ms)], 95thPercentileLatency(ns), 2000
[MAIN_GCs_Time(ms)], 99thPercentileLatency(ns), 2000
[TRANSACTION], Operations, 1
[TRANSACTION], AverageLatency(ns), 4.6935441408E10
[TRANSACTION], MinLatency(ns), 46935310336
[TRANSACTION], MaxLatency(ns), 46935572479
[TRANSACTION], 95thPercentileLatency(ns), 46935572479
[TRANSACTION], 99thPercentileLatency(ns), 46935572479
[GCS_TIME], Operations, 12
[GCS_TIME], AverageLatency(ns), 473.75
[GCS_TIME], MinLatency(ns), 0
[GCS_TIME], MaxLatency(ns), 867
[GCS_TIME], 95thPercentileLatency(ns), 741
[GCS_TIME], 99thPercentileLatency(ns), 867
[LOAD_GCs_Time(ms)], Operations, 1
[LOAD_GCs_Time(ms)], AverageLatency(ns), 3667.0
[LOAD_GCs_Time(ms)], MinLatency(ns), 3667
[LOAD_GCs_Time(ms)], MaxLatency(ns), 3667
[LOAD_GCs_Time(ms)], 95thPercentileLatency(ns), 3667
[LOAD_GCs_Time(ms)], 99thPercentileLatency(ns), 3667
[READ], Operations, 9500112
[READ], AverageLatency(ns), 1924.8668524118452
[READ], MinLatency(ns), 242
[READ], MaxLatency(ns), 230765567
[READ], 95thPercentileLatency(ns), 4704
[READ], 99thPercentileLatency(ns), 6514
[READ], Return=OK, 9500112
[INIT], Operations, 1
[INIT], AverageLatency(ns), 1.778528256E9
[INIT], MinLatency(ns), 1778524160
[INIT], MaxLatency(ns), 1778532351
[INIT], 95thPercentileLatency(ns), 1778532351
[INIT], 99thPercentileLatency(ns), 1778532351
[GCS], Operations, 12
[GCS], AverageLatency(ns), 13.916666666666666
[GCS], MinLatency(ns), 0
[GCS], MaxLatency(ns), 51
[GCS], 95thPercentileLatency(ns), 46
[GCS], 99thPercentileLatency(ns), 51
[LOAD_GCs_Count], Operations, 1
[LOAD_GCs_Count], AverageLatency(ns), 148.0
[LOAD_GCs_Count], MinLatency(ns), 148
[LOAD_GCs_Count], MaxLatency(ns), 148
[LOAD_GCs_Count], 95thPercentileLatency(ns), 148
[LOAD_GCs_Count], 99thPercentileLatency(ns), 148
[CLEANUP], Operations, 1
[CLEANUP], AverageLatency(ns), 6955952.0
[CLEANUP], MinLatency(ns), 6955936
[CLEANUP], MaxLatency(ns), 6955967
[CLEANUP], 95thPercentileLatency(ns), 6955967
[CLEANUP], 99thPercentileLatency(ns), 6955967
[INSERT], Operations, 1499888
[INSERT], AverageLatency(ns), 39814.136467522905
[INSERT], MinLatency(ns), 21581
[INSERT], MaxLatency(ns), 127546879
[INSERT], 95thPercentileLatency(ns), 37270
[INSERT], 99thPercentileLatency(ns), 58123
[INSERT], Return=OK, 1499888
