/home/anatole/jdk8u/build/linux-x86_64-normal-server-release/jdk/bin/java -Xmx20g -XX:+UseG1GC -classpath /home/anatole/ycsb/conf:/home/anatole/ycsb/core/target/core-0.18.0-SNAPSHOT.jar:/home/anatole/ycsb/core/target/dependency/HdrHistogram-2.1.4.jar:/home/anatole/ycsb/core/target/dependency/guava-18.0.jar:/home/anatole/ycsb/core/target/dependency/htrace-core4-4.1.0-incubating.jar:/home/anatole/ycsb/core/target/dependency/jackson-core-asl-1.9.4.jar:/home/anatole/ycsb/core/target/dependency/jackson-mapper-asl-1.9.4.jar:/home/anatole/ycsb/core/target/dependency/javax.persistence-api-2.2.jar:/home/anatole/ycsb/core/target/dependency/jnvm-1.0-SNAPSHOT.jar:/home/anatole/ycsb/core/target/dependency/pcj-1.0.jar:/home/anatole/ycsb/core/target/dependency/unsafe-helper-1.0.jar:/home/anatole/ycsb/infinispan/src/main/conf:/home/anatole/ycsb/infinispan/target/infinispan-binding-0.18.0-SNAPSHOT.jar:/home/anatole/ycsb/infinispan/target/dependency/caffeine-2.6.2.jar:/home/anatole/ycsb/infinispan/target/dependency/gson-2.8.2.jar:/home/anatole/ycsb/infinispan/target/dependency/guava-18.0.jar:/home/anatole/ycsb/infinispan/target/dependency/infinispan-cachestore-jnvm-1.0-SNAPSHOT.jar:/home/anatole/ycsb/infinispan/target/dependency/infinispan-cachestore-pcj-1.0-SNAPSHOT.jar:/home/anatole/ycsb/infinispan/target/dependency/infinispan-client-hotrod-9.4.20.Final.jar:/home/anatole/ycsb/infinispan/target/dependency/infinispan-commons-9.4.20.Final.jar:/home/anatole/ycsb/infinispan/target/dependency/infinispan-core-9.4.20.Final.jar:/home/anatole/ycsb/infinispan/target/dependency/javax.persistence-api-2.2.jar:/home/anatole/ycsb/infinispan/target/dependency/jboss-logging-3.3.2.Final.jar:/home/anatole/ycsb/infinispan/target/dependency/jboss-marshalling-osgi-2.0.6.Final.jar:/home/anatole/ycsb/infinispan/target/dependency/jboss-transaction-api_1.2_spec-1.1.1.Final.jar:/home/anatole/ycsb/infinispan/target/dependency/jgroups-4.0.21.Final.jar:/home/anatole/ycsb/infinispan/target/dependency/jnvm-1.0-SNAPSHOT.jar:/home/anatole/ycsb/infinispan/target/dependency/metainf-services-1.7.jar:/home/anatole/ycsb/infinispan/target/dependency/netty-buffer-4.1.51.Final.jar:/home/anatole/ycsb/infinispan/target/dependency/netty-codec-4.1.51.Final.jar:/home/anatole/ycsb/infinispan/target/dependency/netty-common-4.1.51.Final.jar:/home/anatole/ycsb/infinispan/target/dependency/netty-handler-4.1.51.Final.jar:/home/anatole/ycsb/infinispan/target/dependency/netty-resolver-4.1.51.Final.jar:/home/anatole/ycsb/infinispan/target/dependency/netty-transport-4.1.51.Final.jar:/home/anatole/ycsb/infinispan/target/dependency/netty-transport-native-epoll-4.1.51.Final-linux-x86_64.jar:/home/anatole/ycsb/infinispan/target/dependency/netty-transport-native-unix-common-4.1.51.Final.jar:/home/anatole/ycsb/infinispan/target/dependency/pcj-1.0.jar:/home/anatole/ycsb/infinispan/target/dependency/reactive-streams-1.0.2.jar:/home/anatole/ycsb/infinispan/target/dependency/rxjava-2.2.4.jar:/home/anatole/ycsb/infinispan/target/dependency/unsafe-helper-1.0.jar site.ycsb.Client -t -db site.ycsb.db.InfinispanClient -P ../workloads/workloada -preload -s -threads 1 -p dataintegrity=true -p offheap=false -p pcj=false -p recordcount=1000000 -p operationcount=10000000 -p fieldcount=10 -p fieldlength=100 -p measurement.trackjvm=true -p measurementtype=hdrhistogram -p hdrhistogram.output.path=./out/exp0.exectime.ref/log/infinispan.run.workloada.true.1000000.1000000.10.100.default.1.false.true.default.default.none.r6.hdr.log
[OVERALL], RunTime(ms), 42721
[OVERALL], Throughput(ops/sec), 257484.60944266286
[TOTAL_GCS_G1_Young_Generation], Count, 48
[TOTAL_GC_TIME_G1_Young_Generation], Time(ms), 6208
[TOTAL_GC_TIME_%_G1_Young_Generation], Time(%), 14.531495049273191
[TOTAL_GCS_G1_Old_Generation], Count, 0
[TOTAL_GC_TIME_G1_Old_Generation], Time(ms), 0
[TOTAL_GC_TIME_%_G1_Old_Generation], Time(%), 0.0
[TOTAL_GCs], Count, 48
[TOTAL_GC_TIME], Time(ms), 6208
[TOTAL_GC_TIME_%], Time(%), 14.531495049273191
[MAX_MEM_USED], MBs, 6417
[MIN_MEM_USED], MBs, 48
[MAX_THREADS], Count, 6
[MIN_THREADS], Count, 3
[MAX_SYS_LOAD_AVG], Load, 8.97
[MIN_SYS_LOAD_AVG], Load, 7.14
[THREAD_COUNT], Operations, 6
[THREAD_COUNT], AverageLatency(ns), 5.166666666666667
[THREAD_COUNT], MinLatency(ns), 3
[THREAD_COUNT], MaxLatency(ns), 6
[THREAD_COUNT], 95thPercentileLatency(ns), 6
[THREAD_COUNT], 99thPercentileLatency(ns), 6
[SYS_LOAD_AVG], Operations, 6
[SYS_LOAD_AVG], AverageLatency(ns), 7.333333333333333
[SYS_LOAD_AVG], MinLatency(ns), 7
[SYS_LOAD_AVG], MaxLatency(ns), 8
[SYS_LOAD_AVG], 95thPercentileLatency(ns), 8
[SYS_LOAD_AVG], 99thPercentileLatency(ns), 8
[LOAD], Operations, 1
[LOAD], AverageLatency(ns), 1.3469646848E10
[LOAD], MinLatency(ns), 13469614080
[LOAD], MaxLatency(ns), 13469679615
[LOAD], 95thPercentileLatency(ns), 13469679615
[LOAD], 99thPercentileLatency(ns), 13469679615
[USED_MEM_MB], Operations, 6
[USED_MEM_MB], AverageLatency(ns), 4441.166666666667
[USED_MEM_MB], MinLatency(ns), 48
[USED_MEM_MB], MaxLatency(ns), 6417
[USED_MEM_MB], 95thPercentileLatency(ns), 6417
[USED_MEM_MB], 99thPercentileLatency(ns), 6417
[MAIN_GCs_Count], Operations, 1
[MAIN_GCs_Count], AverageLatency(ns), 22.0
[MAIN_GCs_Count], MinLatency(ns), 22
[MAIN_GCs_Count], MaxLatency(ns), 22
[MAIN_GCs_Count], 95thPercentileLatency(ns), 22
[MAIN_GCs_Count], 99thPercentileLatency(ns), 22
[MAIN_GCs_Time(ms)], Operations, 1
[MAIN_GCs_Time(ms)], AverageLatency(ns), 4110.0
[MAIN_GCs_Time(ms)], MinLatency(ns), 4110
[MAIN_GCs_Time(ms)], MaxLatency(ns), 4110
[MAIN_GCs_Time(ms)], 95thPercentileLatency(ns), 4110
[MAIN_GCs_Time(ms)], 99thPercentileLatency(ns), 4110
[TRANSACTION], Operations, 1
[TRANSACTION], AverageLatency(ns), 2.8084862976E10
[TRANSACTION], MinLatency(ns), 28084797440
[TRANSACTION], MaxLatency(ns), 28084928511
[TRANSACTION], 95thPercentileLatency(ns), 28084928511
[TRANSACTION], 99thPercentileLatency(ns), 28084928511
[GCS_TIME], Operations, 6
[GCS_TIME], AverageLatency(ns), 1034.6666666666667
[GCS_TIME], MinLatency(ns), 0
[GCS_TIME], MaxLatency(ns), 1600
[GCS_TIME], 95thPercentileLatency(ns), 1600
[GCS_TIME], 99thPercentileLatency(ns), 1600
[LOAD_GCs_Time(ms)], Operations, 1
[LOAD_GCs_Time(ms)], AverageLatency(ns), 2081.0
[LOAD_GCs_Time(ms)], MinLatency(ns), 2081
[LOAD_GCs_Time(ms)], MaxLatency(ns), 2081
[LOAD_GCs_Time(ms)], 95thPercentileLatency(ns), 2081
[LOAD_GCs_Time(ms)], 99thPercentileLatency(ns), 2081
[READ], Operations, 5002651
[READ], AverageLatency(ns), 603.7732570191284
[READ], MinLatency(ns), 173
[READ], MaxLatency(ns), 1796847
[READ], 95thPercentileLatency(ns), 1588
[READ], 99thPercentileLatency(ns), 2424
[READ], Return=OK, 5002651
[INIT], Operations, 1
[INIT], AverageLatency(ns), 5.92410624E8
[INIT], MinLatency(ns), 592408576
[INIT], MaxLatency(ns), 592412671
[INIT], 95thPercentileLatency(ns), 592412671
[INIT], 99thPercentileLatency(ns), 592412671
[GCS], Operations, 6
[GCS], AverageLatency(ns), 8.0
[GCS], MinLatency(ns), 0
[GCS], MaxLatency(ns), 22
[GCS], 95thPercentileLatency(ns), 22
[GCS], 99thPercentileLatency(ns), 22
[LOAD_GCs_Count], Operations, 1
[LOAD_GCs_Count], AverageLatency(ns), 25.0
[LOAD_GCs_Count], MinLatency(ns), 25
[LOAD_GCs_Count], MaxLatency(ns), 25
[LOAD_GCs_Count], 95thPercentileLatency(ns), 25
[LOAD_GCs_Count], 99thPercentileLatency(ns), 25
[CLEANUP], Operations, 1
[CLEANUP], AverageLatency(ns), 4.97744896E8
[CLEANUP], MinLatency(ns), 497743872
[CLEANUP], MaxLatency(ns), 497745919
[CLEANUP], 95thPercentileLatency(ns), 497745919
[CLEANUP], 99thPercentileLatency(ns), 497745919
[INSERT], Operations, 1000000
[INSERT], AverageLatency(ns), 2155.303837
[INSERT], MinLatency(ns), 1237
[INSERT], MaxLatency(ns), 110823935
[INSERT], 95thPercentileLatency(ns), 2068
[INSERT], 99thPercentileLatency(ns), 3880
[INSERT], Return=OK, 1000000
[UPDATE], Operations, 4997349
[UPDATE], AverageLatency(ns), 2397.856195554883
[UPDATE], MinLatency(ns), 1046
[UPDATE], MaxLatency(ns), 240003071
[UPDATE], 95thPercentileLatency(ns), 3698
[UPDATE], 99thPercentileLatency(ns), 4280
[UPDATE], Return=OK, 4997349
