/home/anatole/jdk8u/build/linux-x86_64-normal-server-release/jdk/bin/java -Xmx20g -XX:+UseG1GC -classpath /home/anatole/ycsb/conf:/home/anatole/ycsb/core/target/core-0.18.0-SNAPSHOT.jar:/home/anatole/ycsb/core/target/dependency/HdrHistogram-2.1.4.jar:/home/anatole/ycsb/core/target/dependency/guava-18.0.jar:/home/anatole/ycsb/core/target/dependency/htrace-core4-4.1.0-incubating.jar:/home/anatole/ycsb/core/target/dependency/jackson-core-asl-1.9.4.jar:/home/anatole/ycsb/core/target/dependency/jackson-mapper-asl-1.9.4.jar:/home/anatole/ycsb/core/target/dependency/javax.persistence-api-2.2.jar:/home/anatole/ycsb/core/target/dependency/jnvm-1.0-SNAPSHOT.jar:/home/anatole/ycsb/core/target/dependency/pcj-1.0.jar:/home/anatole/ycsb/core/target/dependency/unsafe-helper-1.0.jar:/home/anatole/ycsb/infinispan/src/main/conf:/home/anatole/ycsb/infinispan/target/infinispan-binding-0.18.0-SNAPSHOT.jar:/home/anatole/ycsb/infinispan/target/dependency/caffeine-2.6.2.jar:/home/anatole/ycsb/infinispan/target/dependency/gson-2.8.2.jar:/home/anatole/ycsb/infinispan/target/dependency/guava-18.0.jar:/home/anatole/ycsb/infinispan/target/dependency/infinispan-cachestore-jnvm-1.0-SNAPSHOT.jar:/home/anatole/ycsb/infinispan/target/dependency/infinispan-cachestore-pcj-1.0-SNAPSHOT.jar:/home/anatole/ycsb/infinispan/target/dependency/infinispan-client-hotrod-9.4.20.Final.jar:/home/anatole/ycsb/infinispan/target/dependency/infinispan-commons-9.4.20.Final.jar:/home/anatole/ycsb/infinispan/target/dependency/infinispan-core-9.4.20.Final.jar:/home/anatole/ycsb/infinispan/target/dependency/javax.persistence-api-2.2.jar:/home/anatole/ycsb/infinispan/target/dependency/jboss-logging-3.3.2.Final.jar:/home/anatole/ycsb/infinispan/target/dependency/jboss-marshalling-osgi-2.0.6.Final.jar:/home/anatole/ycsb/infinispan/target/dependency/jboss-transaction-api_1.2_spec-1.1.1.Final.jar:/home/anatole/ycsb/infinispan/target/dependency/jgroups-4.0.21.Final.jar:/home/anatole/ycsb/infinispan/target/dependency/jnvm-1.0-SNAPSHOT.jar:/home/anatole/ycsb/infinispan/target/dependency/metainf-services-1.7.jar:/home/anatole/ycsb/infinispan/target/dependency/netty-buffer-4.1.51.Final.jar:/home/anatole/ycsb/infinispan/target/dependency/netty-codec-4.1.51.Final.jar:/home/anatole/ycsb/infinispan/target/dependency/netty-common-4.1.51.Final.jar:/home/anatole/ycsb/infinispan/target/dependency/netty-handler-4.1.51.Final.jar:/home/anatole/ycsb/infinispan/target/dependency/netty-resolver-4.1.51.Final.jar:/home/anatole/ycsb/infinispan/target/dependency/netty-transport-4.1.51.Final.jar:/home/anatole/ycsb/infinispan/target/dependency/netty-transport-native-epoll-4.1.51.Final-linux-x86_64.jar:/home/anatole/ycsb/infinispan/target/dependency/netty-transport-native-unix-common-4.1.51.Final.jar:/home/anatole/ycsb/infinispan/target/dependency/pcj-1.0.jar:/home/anatole/ycsb/infinispan/target/dependency/reactive-streams-1.0.2.jar:/home/anatole/ycsb/infinispan/target/dependency/rxjava-2.2.4.jar:/home/anatole/ycsb/infinispan/target/dependency/unsafe-helper-1.0.jar site.ycsb.Client -t -db site.ycsb.db.InfinispanAutoPersistClient -P ../workloads/workloada -preload -s -threads 1 -p dataintegrity=true -p offheap=false -p pcj=false -p recordcount=1000000 -p operationcount=10000000 -p fieldcount=10 -p fieldlength=100 -p measurement.trackjvm=true -p measurementtype=hdrhistogram -p hdrhistogram.output.path=./out/exp0.exectime.ref/log/infinispan-autopersist.run.workloada.true.1000000.1.10.100.default.1.false.true.default.default.none.r5.hdr.log
[OVERALL], RunTime(ms), 114218
[OVERALL], Throughput(ops/sec), 96307.06193419601
[TOTAL_GCS_G1_Young_Generation], Count, 113
[TOTAL_GC_TIME_G1_Young_Generation], Time(ms), 13213
[TOTAL_GC_TIME_%_G1_Young_Generation], Time(%), 11.568229175786653
[TOTAL_GCS_G1_Old_Generation], Count, 0
[TOTAL_GC_TIME_G1_Old_Generation], Time(ms), 0
[TOTAL_GC_TIME_%_G1_Old_Generation], Time(%), 0.0
[TOTAL_GCs], Count, 113
[TOTAL_GC_TIME], Time(ms), 13213
[TOTAL_GC_TIME_%], Time(%), 11.568229175786653
[MAX_MEM_USED], MBs, 6232
[MIN_MEM_USED], MBs, 48
[MAX_THREADS], Count, 7
[MIN_THREADS], Count, 3
[MAX_SYS_LOAD_AVG], Load, 10.45
[MIN_SYS_LOAD_AVG], Load, 5.07
[THREAD_COUNT], Operations, 13
[THREAD_COUNT], AverageLatency(ns), 6.076923076923077
[THREAD_COUNT], MinLatency(ns), 3
[THREAD_COUNT], MaxLatency(ns), 7
[THREAD_COUNT], 95thPercentileLatency(ns), 7
[THREAD_COUNT], 99thPercentileLatency(ns), 7
[SYS_LOAD_AVG], Operations, 13
[SYS_LOAD_AVG], AverageLatency(ns), 7.3076923076923075
[SYS_LOAD_AVG], MinLatency(ns), 5
[SYS_LOAD_AVG], MaxLatency(ns), 10
[SYS_LOAD_AVG], 95thPercentileLatency(ns), 9
[SYS_LOAD_AVG], 99thPercentileLatency(ns), 10
[LOAD], Operations, 1
[LOAD], AverageLatency(ns), 5.0161647616E10
[LOAD], MinLatency(ns), 50161516544
[LOAD], MaxLatency(ns), 50161778687
[LOAD], 95thPercentileLatency(ns), 50161778687
[LOAD], 99thPercentileLatency(ns), 50161778687
[USED_MEM_MB], Operations, 13
[USED_MEM_MB], AverageLatency(ns), 4061.0
[USED_MEM_MB], MinLatency(ns), 48
[USED_MEM_MB], MaxLatency(ns), 6232
[USED_MEM_MB], 95thPercentileLatency(ns), 6024
[USED_MEM_MB], 99thPercentileLatency(ns), 6232
[MAIN_GCs_Count], Operations, 1
[MAIN_GCs_Count], AverageLatency(ns), 43.0
[MAIN_GCs_Count], MinLatency(ns), 43
[MAIN_GCs_Count], MaxLatency(ns), 43
[MAIN_GCs_Count], 95thPercentileLatency(ns), 43
[MAIN_GCs_Count], 99thPercentileLatency(ns), 43
[MAIN_GCs_Time(ms)], Operations, 1
[MAIN_GCs_Time(ms)], AverageLatency(ns), 10092.0
[MAIN_GCs_Time(ms)], MinLatency(ns), 10092
[MAIN_GCs_Time(ms)], MaxLatency(ns), 10092
[MAIN_GCs_Time(ms)], 95thPercentileLatency(ns), 10092
[MAIN_GCs_Time(ms)], 99thPercentileLatency(ns), 10092
[TRANSACTION], Operations, 1
[TRANSACTION], AverageLatency(ns), 6.2274535424E10
[TRANSACTION], MinLatency(ns), 62274404352
[TRANSACTION], MaxLatency(ns), 62274666495
[TRANSACTION], 95thPercentileLatency(ns), 62274666495
[TRANSACTION], 99thPercentileLatency(ns), 62274666495
[GCS_TIME], Operations, 13
[GCS_TIME], AverageLatency(ns), 1016.3846153846154
[GCS_TIME], MinLatency(ns), 0
[GCS_TIME], MaxLatency(ns), 1822
[GCS_TIME], 95thPercentileLatency(ns), 1742
[GCS_TIME], 99thPercentileLatency(ns), 1822
[LOAD_GCs_Time(ms)], Operations, 1
[LOAD_GCs_Time(ms)], AverageLatency(ns), 3100.0
[LOAD_GCs_Time(ms)], MinLatency(ns), 3100
[LOAD_GCs_Time(ms)], MaxLatency(ns), 3100
[LOAD_GCs_Time(ms)], 95thPercentileLatency(ns), 3100
[LOAD_GCs_Time(ms)], 99thPercentileLatency(ns), 3100
[READ], Operations, 5000289
[READ], AverageLatency(ns), 2153.6408051614617
[READ], MinLatency(ns), 257
[READ], MaxLatency(ns), 333920255
[READ], 95thPercentileLatency(ns), 2468
[READ], 99thPercentileLatency(ns), 2971
[READ], Return=OK, 5000289
[INIT], Operations, 1
[INIT], AverageLatency(ns), 1.713565696E9
[INIT], MinLatency(ns), 1713561600
[INIT], MaxLatency(ns), 1713569791
[INIT], 95thPercentileLatency(ns), 1713569791
[INIT], 99thPercentileLatency(ns), 1713569791
[GCS], Operations, 13
[GCS], AverageLatency(ns), 8.692307692307692
[GCS], MinLatency(ns), 0
[GCS], MaxLatency(ns), 40
[GCS], 95thPercentileLatency(ns), 19
[GCS], 99thPercentileLatency(ns), 40
[LOAD_GCs_Count], Operations, 1
[LOAD_GCs_Count], AverageLatency(ns), 69.0
[LOAD_GCs_Count], MinLatency(ns), 69
[LOAD_GCs_Count], MaxLatency(ns), 69
[LOAD_GCs_Count], 95thPercentileLatency(ns), 69
[LOAD_GCs_Count], 99thPercentileLatency(ns), 69
[CLEANUP], Operations, 1
[CLEANUP], AverageLatency(ns), 6296560.0
[CLEANUP], MinLatency(ns), 6296544
[CLEANUP], MaxLatency(ns), 6296575
[CLEANUP], 95thPercentileLatency(ns), 6296575
[CLEANUP], 99thPercentileLatency(ns), 6296575
[INSERT], Operations, 1000000
[INSERT], AverageLatency(ns), 40449.224664
[INSERT], MinLatency(ns), 25881
[INSERT], MaxLatency(ns), 236676095
[INSERT], 95thPercentileLatency(ns), 37438
[INSERT], 99thPercentileLatency(ns), 56262
[INSERT], Return=OK, 1000000
[UPDATE], Operations, 4999711
[UPDATE], AverageLatency(ns), 7167.818049083237
[UPDATE], MinLatency(ns), 2009
[UPDATE], MaxLatency(ns), 364199935
[UPDATE], 95thPercentileLatency(ns), 7294
[UPDATE], 99thPercentileLatency(ns), 8148
[UPDATE], Return=OK, 4999711
