/home/anatole/jdk8u/build/linux-x86_64-normal-server-release/jdk/bin/java -Xmx20g -XX:+UseG1GC -classpath /home/anatole/ycsb/conf:/home/anatole/ycsb/core/target/core-0.18.0-SNAPSHOT.jar:/home/anatole/ycsb/core/target/dependency/HdrHistogram-2.1.4.jar:/home/anatole/ycsb/core/target/dependency/guava-18.0.jar:/home/anatole/ycsb/core/target/dependency/htrace-core4-4.1.0-incubating.jar:/home/anatole/ycsb/core/target/dependency/jackson-core-asl-1.9.4.jar:/home/anatole/ycsb/core/target/dependency/jackson-mapper-asl-1.9.4.jar:/home/anatole/ycsb/core/target/dependency/javax.persistence-api-2.2.jar:/home/anatole/ycsb/core/target/dependency/jnvm-1.0-SNAPSHOT.jar:/home/anatole/ycsb/core/target/dependency/pcj-1.0.jar:/home/anatole/ycsb/core/target/dependency/unsafe-helper-1.0.jar:/home/anatole/ycsb/infinispan/src/main/conf:/home/anatole/ycsb/infinispan/target/infinispan-binding-0.18.0-SNAPSHOT.jar:/home/anatole/ycsb/infinispan/target/dependency/caffeine-2.6.2.jar:/home/anatole/ycsb/infinispan/target/dependency/gson-2.8.2.jar:/home/anatole/ycsb/infinispan/target/dependency/guava-18.0.jar:/home/anatole/ycsb/infinispan/target/dependency/infinispan-cachestore-jnvm-1.0-SNAPSHOT.jar:/home/anatole/ycsb/infinispan/target/dependency/infinispan-cachestore-pcj-1.0-SNAPSHOT.jar:/home/anatole/ycsb/infinispan/target/dependency/infinispan-client-hotrod-9.4.20.Final.jar:/home/anatole/ycsb/infinispan/target/dependency/infinispan-commons-9.4.20.Final.jar:/home/anatole/ycsb/infinispan/target/dependency/infinispan-core-9.4.20.Final.jar:/home/anatole/ycsb/infinispan/target/dependency/javax.persistence-api-2.2.jar:/home/anatole/ycsb/infinispan/target/dependency/jboss-logging-3.3.2.Final.jar:/home/anatole/ycsb/infinispan/target/dependency/jboss-marshalling-osgi-2.0.6.Final.jar:/home/anatole/ycsb/infinispan/target/dependency/jboss-transaction-api_1.2_spec-1.1.1.Final.jar:/home/anatole/ycsb/infinispan/target/dependency/jgroups-4.0.21.Final.jar:/home/anatole/ycsb/infinispan/target/dependency/jnvm-1.0-SNAPSHOT.jar:/home/anatole/ycsb/infinispan/target/dependency/metainf-services-1.7.jar:/home/anatole/ycsb/infinispan/target/dependency/netty-buffer-4.1.51.Final.jar:/home/anatole/ycsb/infinispan/target/dependency/netty-codec-4.1.51.Final.jar:/home/anatole/ycsb/infinispan/target/dependency/netty-common-4.1.51.Final.jar:/home/anatole/ycsb/infinispan/target/dependency/netty-handler-4.1.51.Final.jar:/home/anatole/ycsb/infinispan/target/dependency/netty-resolver-4.1.51.Final.jar:/home/anatole/ycsb/infinispan/target/dependency/netty-transport-4.1.51.Final.jar:/home/anatole/ycsb/infinispan/target/dependency/netty-transport-native-epoll-4.1.51.Final-linux-x86_64.jar:/home/anatole/ycsb/infinispan/target/dependency/netty-transport-native-unix-common-4.1.51.Final.jar:/home/anatole/ycsb/infinispan/target/dependency/pcj-1.0.jar:/home/anatole/ycsb/infinispan/target/dependency/reactive-streams-1.0.2.jar:/home/anatole/ycsb/infinispan/target/dependency/rxjava-2.2.4.jar:/home/anatole/ycsb/infinispan/target/dependency/unsafe-helper-1.0.jar site.ycsb.Client -t -db site.ycsb.db.InfinispanClient -P ../workloads/workloadc -preload -s -threads 1 -p dataintegrity=true -p offheap=false -p pcj=false -p recordcount=1000000 -p operationcount=10000000 -p fieldcount=10 -p fieldlength=100 -p measurement.trackjvm=true -p measurementtype=hdrhistogram -p hdrhistogram.output.path=./out/exp0.exectime.ref/log/infinispan.run.workloadc.true.1000000.1000000.10.100.default.1.false.true.default.default.none.r1.hdr.log
[OVERALL], RunTime(ms), 27829
[OVERALL], Throughput(ops/sec), 395271.12005461927
[TOTAL_GCS_G1_Young_Generation], Count, 28
[TOTAL_GC_TIME_G1_Young_Generation], Time(ms), 2320
[TOTAL_GC_TIME_%_G1_Young_Generation], Time(%), 8.336627259333788
[TOTAL_GCS_G1_Old_Generation], Count, 0
[TOTAL_GC_TIME_G1_Old_Generation], Time(ms), 0
[TOTAL_GC_TIME_%_G1_Old_Generation], Time(%), 0.0
[TOTAL_GCs], Count, 28
[TOTAL_GC_TIME], Time(ms), 2320
[TOTAL_GC_TIME_%], Time(%), 8.336627259333788
[MAX_MEM_USED], MBs, 10452
[MIN_MEM_USED], MBs, 46
[MAX_THREADS], Count, 6
[MIN_THREADS], Count, 3
[MAX_SYS_LOAD_AVG], Load, 4.38
[MIN_SYS_LOAD_AVG], Load, 3.08
[THREAD_COUNT], Operations, 4
[THREAD_COUNT], AverageLatency(ns), 4.75
[THREAD_COUNT], MinLatency(ns), 3
[THREAD_COUNT], MaxLatency(ns), 6
[THREAD_COUNT], 95thPercentileLatency(ns), 6
[THREAD_COUNT], 99thPercentileLatency(ns), 6
[SYS_LOAD_AVG], Operations, 4
[SYS_LOAD_AVG], AverageLatency(ns), 3.5
[SYS_LOAD_AVG], MinLatency(ns), 3
[SYS_LOAD_AVG], MaxLatency(ns), 4
[SYS_LOAD_AVG], 95thPercentileLatency(ns), 4
[SYS_LOAD_AVG], 99thPercentileLatency(ns), 4
[LOAD], Operations, 1
[LOAD], AverageLatency(ns), 1.3535707136E10
[LOAD], MinLatency(ns), 13535674368
[LOAD], MaxLatency(ns), 13535739903
[LOAD], 95thPercentileLatency(ns), 13535739903
[LOAD], 99thPercentileLatency(ns), 13535739903
[USED_MEM_MB], Operations, 4
[USED_MEM_MB], AverageLatency(ns), 5122.0
[USED_MEM_MB], MinLatency(ns), 46
[USED_MEM_MB], MaxLatency(ns), 10452
[USED_MEM_MB], 95thPercentileLatency(ns), 10452
[USED_MEM_MB], 99thPercentileLatency(ns), 10452
[MAIN_GCs_Count], Operations, 1
[MAIN_GCs_Count], AverageLatency(ns), 2.0
[MAIN_GCs_Count], MinLatency(ns), 2
[MAIN_GCs_Count], MaxLatency(ns), 2
[MAIN_GCs_Count], 95thPercentileLatency(ns), 2
[MAIN_GCs_Count], 99thPercentileLatency(ns), 2
[MAIN_GCs_Time(ms)], Operations, 1
[MAIN_GCs_Time(ms)], AverageLatency(ns), 209.0
[MAIN_GCs_Time(ms)], MinLatency(ns), 209
[MAIN_GCs_Time(ms)], MaxLatency(ns), 209
[MAIN_GCs_Time(ms)], 95thPercentileLatency(ns), 209
[MAIN_GCs_Time(ms)], 99thPercentileLatency(ns), 209
[TRANSACTION], Operations, 1
[TRANSACTION], AverageLatency(ns), 1.3104611328E10
[TRANSACTION], MinLatency(ns), 13104578560
[TRANSACTION], MaxLatency(ns), 13104644095
[TRANSACTION], 95thPercentileLatency(ns), 13104644095
[TRANSACTION], 99thPercentileLatency(ns), 13104644095
[GCS_TIME], Operations, 4
[GCS_TIME], AverageLatency(ns), 580.0
[GCS_TIME], MinLatency(ns), 0
[GCS_TIME], MaxLatency(ns), 1457
[GCS_TIME], 95thPercentileLatency(ns), 1457
[GCS_TIME], 99thPercentileLatency(ns), 1457
[LOAD_GCs_Time(ms)], Operations, 1
[LOAD_GCs_Time(ms)], AverageLatency(ns), 2093.0
[LOAD_GCs_Time(ms)], MinLatency(ns), 2093
[LOAD_GCs_Time(ms)], MaxLatency(ns), 2093
[LOAD_GCs_Time(ms)], 95thPercentileLatency(ns), 2093
[LOAD_GCs_Time(ms)], 99thPercentileLatency(ns), 2093
[READ], Operations, 10000000
[READ], AverageLatency(ns), 662.7215914
[READ], MinLatency(ns), 168
[READ], MaxLatency(ns), 1386711
[READ], 95thPercentileLatency(ns), 3143
[READ], 99thPercentileLatency(ns), 4028
[READ], Return=OK, 10000000
[INIT], Operations, 1
[INIT], AverageLatency(ns), 5.9687936E8
[INIT], MinLatency(ns), 596877312
[INIT], MaxLatency(ns), 596881407
[INIT], 95thPercentileLatency(ns), 596881407
[INIT], 99thPercentileLatency(ns), 596881407
[GCS], Operations, 4
[GCS], AverageLatency(ns), 7.0
[GCS], MinLatency(ns), 0
[GCS], MaxLatency(ns), 22
[GCS], 95thPercentileLatency(ns), 22
[GCS], 99thPercentileLatency(ns), 22
[LOAD_GCs_Count], Operations, 1
[LOAD_GCs_Count], AverageLatency(ns), 25.0
[LOAD_GCs_Count], MinLatency(ns), 25
[LOAD_GCs_Count], MaxLatency(ns), 25
[LOAD_GCs_Count], 95thPercentileLatency(ns), 25
[LOAD_GCs_Count], 99thPercentileLatency(ns), 25
[CLEANUP], Operations, 1
[CLEANUP], AverageLatency(ns), 5.16137984E8
[CLEANUP], MinLatency(ns), 516136960
[CLEANUP], MaxLatency(ns), 516139007
[CLEANUP], 95thPercentileLatency(ns), 516139007
[CLEANUP], 99thPercentileLatency(ns), 516139007
[INSERT], Operations, 1000000
[INSERT], AverageLatency(ns), 2250.92525
[INSERT], MinLatency(ns), 1204
[INSERT], MaxLatency(ns), 125310463
[INSERT], 95thPercentileLatency(ns), 2057
[INSERT], 99thPercentileLatency(ns), 4030
[INSERT], Return=OK, 1000000
