/home/anatole/jdk8u/build/linux-x86_64-normal-server-release/jdk/bin/java -Xmx20g -XX:+UseG1GC -classpath /home/anatole/ycsb/conf:/home/anatole/ycsb/core/target/core-0.18.0-SNAPSHOT.jar:/home/anatole/ycsb/core/target/dependency/HdrHistogram-2.1.4.jar:/home/anatole/ycsb/core/target/dependency/guava-18.0.jar:/home/anatole/ycsb/core/target/dependency/htrace-core4-4.1.0-incubating.jar:/home/anatole/ycsb/core/target/dependency/jackson-core-asl-1.9.4.jar:/home/anatole/ycsb/core/target/dependency/jackson-mapper-asl-1.9.4.jar:/home/anatole/ycsb/core/target/dependency/javax.persistence-api-2.2.jar:/home/anatole/ycsb/core/target/dependency/jnvm-1.0-SNAPSHOT.jar:/home/anatole/ycsb/core/target/dependency/pcj-1.0.jar:/home/anatole/ycsb/core/target/dependency/unsafe-helper-1.0.jar:/home/anatole/ycsb/infinispan/src/main/conf:/home/anatole/ycsb/infinispan/target/infinispan-binding-0.18.0-SNAPSHOT.jar:/home/anatole/ycsb/infinispan/target/dependency/caffeine-2.6.2.jar:/home/anatole/ycsb/infinispan/target/dependency/gson-2.8.2.jar:/home/anatole/ycsb/infinispan/target/dependency/guava-18.0.jar:/home/anatole/ycsb/infinispan/target/dependency/infinispan-cachestore-jnvm-1.0-SNAPSHOT.jar:/home/anatole/ycsb/infinispan/target/dependency/infinispan-cachestore-pcj-1.0-SNAPSHOT.jar:/home/anatole/ycsb/infinispan/target/dependency/infinispan-client-hotrod-9.4.20.Final.jar:/home/anatole/ycsb/infinispan/target/dependency/infinispan-commons-9.4.20.Final.jar:/home/anatole/ycsb/infinispan/target/dependency/infinispan-core-9.4.20.Final.jar:/home/anatole/ycsb/infinispan/target/dependency/javax.persistence-api-2.2.jar:/home/anatole/ycsb/infinispan/target/dependency/jboss-logging-3.3.2.Final.jar:/home/anatole/ycsb/infinispan/target/dependency/jboss-marshalling-osgi-2.0.6.Final.jar:/home/anatole/ycsb/infinispan/target/dependency/jboss-transaction-api_1.2_spec-1.1.1.Final.jar:/home/anatole/ycsb/infinispan/target/dependency/jgroups-4.0.21.Final.jar:/home/anatole/ycsb/infinispan/target/dependency/jnvm-1.0-SNAPSHOT.jar:/home/anatole/ycsb/infinispan/target/dependency/metainf-services-1.7.jar:/home/anatole/ycsb/infinispan/target/dependency/netty-buffer-4.1.51.Final.jar:/home/anatole/ycsb/infinispan/target/dependency/netty-codec-4.1.51.Final.jar:/home/anatole/ycsb/infinispan/target/dependency/netty-common-4.1.51.Final.jar:/home/anatole/ycsb/infinispan/target/dependency/netty-handler-4.1.51.Final.jar:/home/anatole/ycsb/infinispan/target/dependency/netty-resolver-4.1.51.Final.jar:/home/anatole/ycsb/infinispan/target/dependency/netty-transport-4.1.51.Final.jar:/home/anatole/ycsb/infinispan/target/dependency/netty-transport-native-epoll-4.1.51.Final-linux-x86_64.jar:/home/anatole/ycsb/infinispan/target/dependency/netty-transport-native-unix-common-4.1.51.Final.jar:/home/anatole/ycsb/infinispan/target/dependency/pcj-1.0.jar:/home/anatole/ycsb/infinispan/target/dependency/reactive-streams-1.0.2.jar:/home/anatole/ycsb/infinispan/target/dependency/rxjava-2.2.4.jar:/home/anatole/ycsb/infinispan/target/dependency/unsafe-helper-1.0.jar site.ycsb.Client -t -db site.ycsb.db.InfinispanAutoPersistClient -P ../workloads/workloadf -preload -s -threads 1 -p dataintegrity=true -p offheap=false -p pcj=false -p recordcount=1000000 -p operationcount=10000000 -p fieldcount=10 -p fieldlength=100 -p measurement.trackjvm=true -p measurementtype=hdrhistogram -p hdrhistogram.output.path=./out/exp0.exectime.ref/log/infinispan-autopersist.run.workloadf.true.1000000.1.10.100.default.1.false.true.default.default.none.r4.hdr.log
[OVERALL], RunTime(ms), 117011
[OVERALL], Throughput(ops/sec), 94008.25563408568
[TOTAL_GCS_G1_Young_Generation], Count, 121
[TOTAL_GC_TIME_G1_Young_Generation], Time(ms), 14555
[TOTAL_GC_TIME_%_G1_Young_Generation], Time(%), 12.439001461401066
[TOTAL_GCS_G1_Old_Generation], Count, 0
[TOTAL_GC_TIME_G1_Old_Generation], Time(ms), 0
[TOTAL_GC_TIME_%_G1_Old_Generation], Time(%), 0.0
[TOTAL_GCs], Count, 121
[TOTAL_GC_TIME], Time(ms), 14555
[TOTAL_GC_TIME_%], Time(%), 12.439001461401066
[MAX_MEM_USED], MBs, 5998
[MIN_MEM_USED], MBs, 48
[MAX_THREADS], Count, 7
[MIN_THREADS], Count, 3
[MAX_SYS_LOAD_AVG], Load, 5.9
[MIN_SYS_LOAD_AVG], Load, 3.05
[THREAD_COUNT], Operations, 13
[THREAD_COUNT], AverageLatency(ns), 6.076923076923077
[THREAD_COUNT], MinLatency(ns), 3
[THREAD_COUNT], MaxLatency(ns), 7
[THREAD_COUNT], 95thPercentileLatency(ns), 7
[THREAD_COUNT], 99thPercentileLatency(ns), 7
[SYS_LOAD_AVG], Operations, 13
[SYS_LOAD_AVG], AverageLatency(ns), 3.8461538461538463
[SYS_LOAD_AVG], MinLatency(ns), 3
[SYS_LOAD_AVG], MaxLatency(ns), 5
[SYS_LOAD_AVG], 95thPercentileLatency(ns), 5
[SYS_LOAD_AVG], 99thPercentileLatency(ns), 5
[READ-MODIFY-WRITE], Operations, 5000701
[READ-MODIFY-WRITE], AverageLatency(ns), 7556.194357751044
[READ-MODIFY-WRITE], MinLatency(ns), 2343
[READ-MODIFY-WRITE], MaxLatency(ns), 412528639
[READ-MODIFY-WRITE], 95thPercentileLatency(ns), 7831
[READ-MODIFY-WRITE], 99thPercentileLatency(ns), 9648
[LOAD], Operations, 1
[LOAD], AverageLatency(ns), 5.0125733888E10
[LOAD], MinLatency(ns), 50125602816
[LOAD], MaxLatency(ns), 50125864959
[LOAD], 95thPercentileLatency(ns), 50125864959
[LOAD], 99thPercentileLatency(ns), 50125864959
[USED_MEM_MB], Operations, 13
[USED_MEM_MB], AverageLatency(ns), 4052.769230769231
[USED_MEM_MB], MinLatency(ns), 48
[USED_MEM_MB], MaxLatency(ns), 5998
[USED_MEM_MB], 95thPercentileLatency(ns), 5613
[USED_MEM_MB], 99thPercentileLatency(ns), 5998
[MAIN_GCs_Count], Operations, 1
[MAIN_GCs_Count], AverageLatency(ns), 44.0
[MAIN_GCs_Count], MinLatency(ns), 44
[MAIN_GCs_Count], MaxLatency(ns), 44
[MAIN_GCs_Count], 95thPercentileLatency(ns), 44
[MAIN_GCs_Count], 99thPercentileLatency(ns), 44
[MAIN_GCs_Time(ms)], Operations, 1
[MAIN_GCs_Time(ms)], AverageLatency(ns), 11407.0
[MAIN_GCs_Time(ms)], MinLatency(ns), 11407
[MAIN_GCs_Time(ms)], MaxLatency(ns), 11407
[MAIN_GCs_Time(ms)], 95thPercentileLatency(ns), 11407
[MAIN_GCs_Time(ms)], 99thPercentileLatency(ns), 11407
[TRANSACTION], Operations, 1
[TRANSACTION], AverageLatency(ns), 6.5076330496E10
[TRANSACTION], MinLatency(ns), 65076199424
[TRANSACTION], MaxLatency(ns), 65076461567
[TRANSACTION], 95thPercentileLatency(ns), 65076461567
[TRANSACTION], 99thPercentileLatency(ns), 65076461567
[GCS_TIME], Operations, 13
[GCS_TIME], AverageLatency(ns), 1119.6153846153845
[GCS_TIME], MinLatency(ns), 0
[GCS_TIME], MaxLatency(ns), 2056
[GCS_TIME], 95thPercentileLatency(ns), 1962
[GCS_TIME], 99thPercentileLatency(ns), 2056
[LOAD_GCs_Time(ms)], Operations, 1
[LOAD_GCs_Time(ms)], AverageLatency(ns), 3130.0
[LOAD_GCs_Time(ms)], MinLatency(ns), 3130
[LOAD_GCs_Time(ms)], MaxLatency(ns), 3130
[LOAD_GCs_Time(ms)], 95thPercentileLatency(ns), 3130
[LOAD_GCs_Time(ms)], 99thPercentileLatency(ns), 3130
[READ], Operations, 10000000
[READ], AverageLatency(ns), 2130.9455759
[READ], MinLatency(ns), 212
[READ], MaxLatency(ns), 402059263
[READ], 95thPercentileLatency(ns), 2420
[READ], 99thPercentileLatency(ns), 3328
[READ], Return=OK, 10000000
[INIT], Operations, 1
[INIT], AverageLatency(ns), 1.737527296E9
[INIT], MinLatency(ns), 1737523200
[INIT], MaxLatency(ns), 1737531391
[INIT], 95thPercentileLatency(ns), 1737531391
[INIT], 99thPercentileLatency(ns), 1737531391
[GCS], Operations, 13
[GCS], AverageLatency(ns), 9.307692307692308
[GCS], MinLatency(ns), 0
[GCS], MaxLatency(ns), 43
[GCS], 95thPercentileLatency(ns), 20
[GCS], 99thPercentileLatency(ns), 43
[LOAD_GCs_Count], Operations, 1
[LOAD_GCs_Count], AverageLatency(ns), 76.0
[LOAD_GCs_Count], MinLatency(ns), 76
[LOAD_GCs_Count], MaxLatency(ns), 76
[LOAD_GCs_Count], 95thPercentileLatency(ns), 76
[LOAD_GCs_Count], 99thPercentileLatency(ns), 76
[CLEANUP], Operations, 1
[CLEANUP], AverageLatency(ns), 7561360.0
[CLEANUP], MinLatency(ns), 7561344
[CLEANUP], MaxLatency(ns), 7561375
[CLEANUP], 95thPercentileLatency(ns), 7561375
[CLEANUP], 99thPercentileLatency(ns), 7561375
[INSERT], Operations, 1000000
[INSERT], AverageLatency(ns), 40283.060789
[INSERT], MinLatency(ns), 25666
[INSERT], MaxLatency(ns), 295194623
[INSERT], 95thPercentileLatency(ns), 37243
[INSERT], 99thPercentileLatency(ns), 64336
[INSERT], Return=OK, 1000000
[UPDATE], Operations, 5000701
[UPDATE], AverageLatency(ns), 5019.3199133481485
[UPDATE], MinLatency(ns), 1655
[UPDATE], MaxLatency(ns), 397592575
[UPDATE], 95thPercentileLatency(ns), 5471
[UPDATE], 99thPercentileLatency(ns), 5890
[UPDATE], Return=OK, 5000701
