/home/anatole/jdk8u/build/linux-x86_64-normal-server-release/jdk/bin/java -Xmx20g -XX:+UseG1GC -classpath /home/anatole/ycsb/conf:/home/anatole/ycsb/core/target/core-0.18.0-SNAPSHOT.jar:/home/anatole/ycsb/core/target/dependency/HdrHistogram-2.1.4.jar:/home/anatole/ycsb/core/target/dependency/guava-18.0.jar:/home/anatole/ycsb/core/target/dependency/htrace-core4-4.1.0-incubating.jar:/home/anatole/ycsb/core/target/dependency/jackson-core-asl-1.9.4.jar:/home/anatole/ycsb/core/target/dependency/jackson-mapper-asl-1.9.4.jar:/home/anatole/ycsb/core/target/dependency/javax.persistence-api-2.2.jar:/home/anatole/ycsb/core/target/dependency/jnvm-1.0-SNAPSHOT.jar:/home/anatole/ycsb/core/target/dependency/pcj-1.0.jar:/home/anatole/ycsb/core/target/dependency/unsafe-helper-1.0.jar:/home/anatole/ycsb/infinispan/src/main/conf:/home/anatole/ycsb/infinispan/target/infinispan-binding-0.18.0-SNAPSHOT.jar:/home/anatole/ycsb/infinispan/target/dependency/caffeine-2.6.2.jar:/home/anatole/ycsb/infinispan/target/dependency/gson-2.8.2.jar:/home/anatole/ycsb/infinispan/target/dependency/guava-18.0.jar:/home/anatole/ycsb/infinispan/target/dependency/infinispan-cachestore-jnvm-1.0-SNAPSHOT.jar:/home/anatole/ycsb/infinispan/target/dependency/infinispan-cachestore-pcj-1.0-SNAPSHOT.jar:/home/anatole/ycsb/infinispan/target/dependency/infinispan-client-hotrod-9.4.20.Final.jar:/home/anatole/ycsb/infinispan/target/dependency/infinispan-commons-9.4.20.Final.jar:/home/anatole/ycsb/infinispan/target/dependency/infinispan-core-9.4.20.Final.jar:/home/anatole/ycsb/infinispan/target/dependency/javax.persistence-api-2.2.jar:/home/anatole/ycsb/infinispan/target/dependency/jboss-logging-3.3.2.Final.jar:/home/anatole/ycsb/infinispan/target/dependency/jboss-marshalling-osgi-2.0.6.Final.jar:/home/anatole/ycsb/infinispan/target/dependency/jboss-transaction-api_1.2_spec-1.1.1.Final.jar:/home/anatole/ycsb/infinispan/target/dependency/jgroups-4.0.21.Final.jar:/home/anatole/ycsb/infinispan/target/dependency/jnvm-1.0-SNAPSHOT.jar:/home/anatole/ycsb/infinispan/target/dependency/metainf-services-1.7.jar:/home/anatole/ycsb/infinispan/target/dependency/netty-buffer-4.1.51.Final.jar:/home/anatole/ycsb/infinispan/target/dependency/netty-codec-4.1.51.Final.jar:/home/anatole/ycsb/infinispan/target/dependency/netty-common-4.1.51.Final.jar:/home/anatole/ycsb/infinispan/target/dependency/netty-handler-4.1.51.Final.jar:/home/anatole/ycsb/infinispan/target/dependency/netty-resolver-4.1.51.Final.jar:/home/anatole/ycsb/infinispan/target/dependency/netty-transport-4.1.51.Final.jar:/home/anatole/ycsb/infinispan/target/dependency/netty-transport-native-epoll-4.1.51.Final-linux-x86_64.jar:/home/anatole/ycsb/infinispan/target/dependency/netty-transport-native-unix-common-4.1.51.Final.jar:/home/anatole/ycsb/infinispan/target/dependency/pcj-1.0.jar:/home/anatole/ycsb/infinispan/target/dependency/reactive-streams-1.0.2.jar:/home/anatole/ycsb/infinispan/target/dependency/rxjava-2.2.4.jar:/home/anatole/ycsb/infinispan/target/dependency/unsafe-helper-1.0.jar site.ycsb.Client -t -db site.ycsb.db.InfinispanAutoPersistClient -P ../workloads/workloadc -preload -s -threads 1 -p dataintegrity=true -p offheap=false -p pcj=false -p recordcount=1000000 -p operationcount=10000000 -p fieldcount=10 -p fieldlength=100 -p measurement.trackjvm=true -p measurementtype=hdrhistogram -p hdrhistogram.output.path=./out/exp0.exectime.ref/log/infinispan-autopersist.run.workloadc.true.1000000.1.10.100.default.1.false.true.default.default.none.r1.hdr.log
[OVERALL], RunTime(ms), 75569
[OVERALL], Throughput(ops/sec), 145562.3337611984
[TOTAL_GCS_G1_Young_Generation], Count, 96
[TOTAL_GC_TIME_G1_Young_Generation], Time(ms), 3702
[TOTAL_GC_TIME_%_G1_Young_Generation], Time(%), 4.898834178035967
[TOTAL_GCS_G1_Old_Generation], Count, 0
[TOTAL_GC_TIME_G1_Old_Generation], Time(ms), 0
[TOTAL_GC_TIME_%_G1_Old_Generation], Time(%), 0.0
[TOTAL_GCs], Count, 96
[TOTAL_GC_TIME], Time(ms), 3702
[TOTAL_GC_TIME_%], Time(%), 4.898834178035967
[MAX_MEM_USED], MBs, 4911
[MIN_MEM_USED], MBs, 48
[MAX_THREADS], Count, 7
[MIN_THREADS], Count, 3
[MAX_SYS_LOAD_AVG], Load, 5.26
[MIN_SYS_LOAD_AVG], Load, 2.52
[THREAD_COUNT], Operations, 9
[THREAD_COUNT], AverageLatency(ns), 6.222222222222222
[THREAD_COUNT], MinLatency(ns), 3
[THREAD_COUNT], MaxLatency(ns), 7
[THREAD_COUNT], 95thPercentileLatency(ns), 7
[THREAD_COUNT], 99thPercentileLatency(ns), 7
[SYS_LOAD_AVG], Operations, 9
[SYS_LOAD_AVG], AverageLatency(ns), 3.6666666666666665
[SYS_LOAD_AVG], MinLatency(ns), 2
[SYS_LOAD_AVG], MaxLatency(ns), 5
[SYS_LOAD_AVG], 95thPercentileLatency(ns), 5
[SYS_LOAD_AVG], 99thPercentileLatency(ns), 5
[LOAD], Operations, 1
[LOAD], AverageLatency(ns), 5.164433408E10
[LOAD], MinLatency(ns), 51644203008
[LOAD], MaxLatency(ns), 51644465151
[LOAD], 95thPercentileLatency(ns), 51644465151
[LOAD], 99thPercentileLatency(ns), 51644465151
[USED_MEM_MB], Operations, 9
[USED_MEM_MB], AverageLatency(ns), 3096.4444444444443
[USED_MEM_MB], MinLatency(ns), 48
[USED_MEM_MB], MaxLatency(ns), 4911
[USED_MEM_MB], 95thPercentileLatency(ns), 4911
[USED_MEM_MB], 99thPercentileLatency(ns), 4911
[MAIN_GCs_Count], Operations, 1
[MAIN_GCs_Count], AverageLatency(ns), 10.0
[MAIN_GCs_Count], MinLatency(ns), 10
[MAIN_GCs_Count], MaxLatency(ns), 10
[MAIN_GCs_Count], 95thPercentileLatency(ns), 10
[MAIN_GCs_Count], 99thPercentileLatency(ns), 10
[MAIN_GCs_Time(ms)], Operations, 1
[MAIN_GCs_Time(ms)], AverageLatency(ns), 197.0
[MAIN_GCs_Time(ms)], MinLatency(ns), 197
[MAIN_GCs_Time(ms)], MaxLatency(ns), 197
[MAIN_GCs_Time(ms)], 95thPercentileLatency(ns), 197
[MAIN_GCs_Time(ms)], 99thPercentileLatency(ns), 197
[TRANSACTION], Operations, 1
[TRANSACTION], AverageLatency(ns), 2.1839413248E10
[TRANSACTION], MinLatency(ns), 21839347712
[TRANSACTION], MaxLatency(ns), 21839478783
[TRANSACTION], 95thPercentileLatency(ns), 21839478783
[TRANSACTION], 99thPercentileLatency(ns), 21839478783
[GCS_TIME], Operations, 9
[GCS_TIME], AverageLatency(ns), 411.3333333333333
[GCS_TIME], MinLatency(ns), 0
[GCS_TIME], MaxLatency(ns), 699
[GCS_TIME], 95thPercentileLatency(ns), 699
[GCS_TIME], 99thPercentileLatency(ns), 699
[LOAD_GCs_Time(ms)], Operations, 1
[LOAD_GCs_Time(ms)], AverageLatency(ns), 3479.0
[LOAD_GCs_Time(ms)], MinLatency(ns), 3479
[LOAD_GCs_Time(ms)], MaxLatency(ns), 3479
[LOAD_GCs_Time(ms)], 95thPercentileLatency(ns), 3479
[LOAD_GCs_Time(ms)], 99thPercentileLatency(ns), 3479
[READ], Operations, 10000000
[READ], AverageLatency(ns), 1518.9870872
[READ], MinLatency(ns), 243
[READ], MaxLatency(ns), 11762239
[READ], 95thPercentileLatency(ns), 1993
[READ], 99thPercentileLatency(ns), 2170
[READ], Return=OK, 10000000
[INIT], Operations, 1
[INIT], AverageLatency(ns), 1.730514944E9
[INIT], MinLatency(ns), 1730510848
[INIT], MaxLatency(ns), 1730519039
[INIT], 95thPercentileLatency(ns), 1730519039
[INIT], 99thPercentileLatency(ns), 1730519039
[GCS], Operations, 9
[GCS], AverageLatency(ns), 10.666666666666666
[GCS], MinLatency(ns), 0
[GCS], MaxLatency(ns), 45
[GCS], 95thPercentileLatency(ns), 45
[GCS], 99thPercentileLatency(ns), 45
[LOAD_GCs_Count], Operations, 1
[LOAD_GCs_Count], AverageLatency(ns), 84.0
[LOAD_GCs_Count], MinLatency(ns), 84
[LOAD_GCs_Count], MaxLatency(ns), 84
[LOAD_GCs_Count], 95thPercentileLatency(ns), 84
[LOAD_GCs_Count], 99thPercentileLatency(ns), 84
[CLEANUP], Operations, 1
[CLEANUP], AverageLatency(ns), 2.80814592E8
[CLEANUP], MinLatency(ns), 280813568
[CLEANUP], MaxLatency(ns), 280815615
[CLEANUP], 95thPercentileLatency(ns), 280815615
[CLEANUP], 99thPercentileLatency(ns), 280815615
[INSERT], Operations, 1000000
[INSERT], AverageLatency(ns), 41082.764432
[INSERT], MinLatency(ns), 26299
[INSERT], MaxLatency(ns), 169787391
[INSERT], 95thPercentileLatency(ns), 38744
[INSERT], 99thPercentileLatency(ns), 62551
[INSERT], Return=OK, 1000000
