/home/anatole/jdk8u/build/linux-x86_64-normal-server-release/jdk/bin/java -Xmx20g -XX:+UseG1GC -classpath /home/anatole/ycsb/conf:/home/anatole/ycsb/core/target/core-0.18.0-SNAPSHOT.jar:/home/anatole/ycsb/core/target/dependency/HdrHistogram-2.1.4.jar:/home/anatole/ycsb/core/target/dependency/guava-18.0.jar:/home/anatole/ycsb/core/target/dependency/htrace-core4-4.1.0-incubating.jar:/home/anatole/ycsb/core/target/dependency/jackson-core-asl-1.9.4.jar:/home/anatole/ycsb/core/target/dependency/jackson-mapper-asl-1.9.4.jar:/home/anatole/ycsb/core/target/dependency/javax.persistence-api-2.2.jar:/home/anatole/ycsb/core/target/dependency/jnvm-1.0-SNAPSHOT.jar:/home/anatole/ycsb/core/target/dependency/pcj-1.0.jar:/home/anatole/ycsb/core/target/dependency/unsafe-helper-1.0.jar:/home/anatole/ycsb/infinispan/src/main/conf:/home/anatole/ycsb/infinispan/target/infinispan-binding-0.18.0-SNAPSHOT.jar:/home/anatole/ycsb/infinispan/target/dependency/caffeine-2.6.2.jar:/home/anatole/ycsb/infinispan/target/dependency/gson-2.8.2.jar:/home/anatole/ycsb/infinispan/target/dependency/guava-18.0.jar:/home/anatole/ycsb/infinispan/target/dependency/infinispan-cachestore-jnvm-1.0-SNAPSHOT.jar:/home/anatole/ycsb/infinispan/target/dependency/infinispan-cachestore-pcj-1.0-SNAPSHOT.jar:/home/anatole/ycsb/infinispan/target/dependency/infinispan-client-hotrod-9.4.20.Final.jar:/home/anatole/ycsb/infinispan/target/dependency/infinispan-commons-9.4.20.Final.jar:/home/anatole/ycsb/infinispan/target/dependency/infinispan-core-9.4.20.Final.jar:/home/anatole/ycsb/infinispan/target/dependency/javax.persistence-api-2.2.jar:/home/anatole/ycsb/infinispan/target/dependency/jboss-logging-3.3.2.Final.jar:/home/anatole/ycsb/infinispan/target/dependency/jboss-marshalling-osgi-2.0.6.Final.jar:/home/anatole/ycsb/infinispan/target/dependency/jboss-transaction-api_1.2_spec-1.1.1.Final.jar:/home/anatole/ycsb/infinispan/target/dependency/jgroups-4.0.21.Final.jar:/home/anatole/ycsb/infinispan/target/dependency/jnvm-1.0-SNAPSHOT.jar:/home/anatole/ycsb/infinispan/target/dependency/metainf-services-1.7.jar:/home/anatole/ycsb/infinispan/target/dependency/netty-buffer-4.1.51.Final.jar:/home/anatole/ycsb/infinispan/target/dependency/netty-codec-4.1.51.Final.jar:/home/anatole/ycsb/infinispan/target/dependency/netty-common-4.1.51.Final.jar:/home/anatole/ycsb/infinispan/target/dependency/netty-handler-4.1.51.Final.jar:/home/anatole/ycsb/infinispan/target/dependency/netty-resolver-4.1.51.Final.jar:/home/anatole/ycsb/infinispan/target/dependency/netty-transport-4.1.51.Final.jar:/home/anatole/ycsb/infinispan/target/dependency/netty-transport-native-epoll-4.1.51.Final-linux-x86_64.jar:/home/anatole/ycsb/infinispan/target/dependency/netty-transport-native-unix-common-4.1.51.Final.jar:/home/anatole/ycsb/infinispan/target/dependency/pcj-1.0.jar:/home/anatole/ycsb/infinispan/target/dependency/reactive-streams-1.0.2.jar:/home/anatole/ycsb/infinispan/target/dependency/rxjava-2.2.4.jar:/home/anatole/ycsb/infinispan/target/dependency/unsafe-helper-1.0.jar site.ycsb.Client -t -db site.ycsb.db.InfinispanClient -P ../workloads/workloadc -preload -s -threads 1 -p dataintegrity=true -p offheap=false -p pcj=false -p recordcount=1000000 -p operationcount=10000000 -p fieldcount=10 -p fieldlength=100 -p measurement.trackjvm=true -p measurementtype=hdrhistogram -p hdrhistogram.output.path=./out/exp0.exectime.ref/log/infinispan.run.workloadc.true.1000000.1000000.10.100.default.1.false.true.default.default.none.r6.hdr.log
[OVERALL], RunTime(ms), 27719
[OVERALL], Throughput(ops/sec), 396839.71283235325
[TOTAL_GCS_G1_Young_Generation], Count, 29
[TOTAL_GC_TIME_G1_Young_Generation], Time(ms), 2367
[TOTAL_GC_TIME_%_G1_Young_Generation], Time(%), 8.53926909340164
[TOTAL_GCS_G1_Old_Generation], Count, 0
[TOTAL_GC_TIME_G1_Old_Generation], Time(ms), 0
[TOTAL_GC_TIME_%_G1_Old_Generation], Time(%), 0.0
[TOTAL_GCs], Count, 29
[TOTAL_GC_TIME], Time(ms), 2367
[TOTAL_GC_TIME_%], Time(%), 8.53926909340164
[MAX_MEM_USED], MBs, 7442
[MIN_MEM_USED], MBs, 48
[MAX_THREADS], Count, 6
[MIN_THREADS], Count, 3
[MAX_SYS_LOAD_AVG], Load, 2.35
[MIN_SYS_LOAD_AVG], Load, 2.06
[THREAD_COUNT], Operations, 4
[THREAD_COUNT], AverageLatency(ns), 4.75
[THREAD_COUNT], MinLatency(ns), 3
[THREAD_COUNT], MaxLatency(ns), 6
[THREAD_COUNT], 95thPercentileLatency(ns), 6
[THREAD_COUNT], 99thPercentileLatency(ns), 6
[SYS_LOAD_AVG], Operations, 4
[SYS_LOAD_AVG], AverageLatency(ns), 2.0
[SYS_LOAD_AVG], MinLatency(ns), 2
[SYS_LOAD_AVG], MaxLatency(ns), 2
[SYS_LOAD_AVG], 95thPercentileLatency(ns), 2
[SYS_LOAD_AVG], 99thPercentileLatency(ns), 2
[LOAD], Operations, 1
[LOAD], AverageLatency(ns), 1.3465255936E10
[LOAD], MinLatency(ns), 13465223168
[LOAD], MaxLatency(ns), 13465288703
[LOAD], 95thPercentileLatency(ns), 13465288703
[LOAD], 99thPercentileLatency(ns), 13465288703
[USED_MEM_MB], Operations, 4
[USED_MEM_MB], AverageLatency(ns), 4213.0
[USED_MEM_MB], MinLatency(ns), 48
[USED_MEM_MB], MaxLatency(ns), 7442
[USED_MEM_MB], 95thPercentileLatency(ns), 7442
[USED_MEM_MB], 99thPercentileLatency(ns), 7442
[MAIN_GCs_Count], Operations, 1
[MAIN_GCs_Count], AverageLatency(ns), 3.0
[MAIN_GCs_Count], MinLatency(ns), 3
[MAIN_GCs_Count], MaxLatency(ns), 3
[MAIN_GCs_Count], 95thPercentileLatency(ns), 3
[MAIN_GCs_Count], 99thPercentileLatency(ns), 3
[MAIN_GCs_Time(ms)], Operations, 1
[MAIN_GCs_Time(ms)], AverageLatency(ns), 263.0
[MAIN_GCs_Time(ms)], MinLatency(ns), 263
[MAIN_GCs_Time(ms)], MaxLatency(ns), 263
[MAIN_GCs_Time(ms)], 95thPercentileLatency(ns), 263
[MAIN_GCs_Time(ms)], 99thPercentileLatency(ns), 263
[TRANSACTION], Operations, 1
[TRANSACTION], AverageLatency(ns), 1.302151168E10
[TRANSACTION], MinLatency(ns), 13021478912
[TRANSACTION], MaxLatency(ns), 13021544447
[TRANSACTION], 95thPercentileLatency(ns), 13021544447
[TRANSACTION], 99thPercentileLatency(ns), 13021544447
[GCS_TIME], Operations, 4
[GCS_TIME], AverageLatency(ns), 591.75
[GCS_TIME], MinLatency(ns), 0
[GCS_TIME], MaxLatency(ns), 1458
[GCS_TIME], 95thPercentileLatency(ns), 1458
[GCS_TIME], 99thPercentileLatency(ns), 1458
[LOAD_GCs_Time(ms)], Operations, 1
[LOAD_GCs_Time(ms)], AverageLatency(ns), 2085.0
[LOAD_GCs_Time(ms)], MinLatency(ns), 2085
[LOAD_GCs_Time(ms)], MaxLatency(ns), 2085
[LOAD_GCs_Time(ms)], 95thPercentileLatency(ns), 2085
[LOAD_GCs_Time(ms)], 99thPercentileLatency(ns), 2085
[READ], Operations, 10000000
[READ], AverageLatency(ns), 662.8451938
[READ], MinLatency(ns), 164
[READ], MaxLatency(ns), 2086695
[READ], 95thPercentileLatency(ns), 3209
[READ], 99thPercentileLatency(ns), 4032
[READ], Return=OK, 10000000
[INIT], Operations, 1
[INIT], AverageLatency(ns), 6.40247808E8
[INIT], MinLatency(ns), 640245760
[INIT], MaxLatency(ns), 640249855
[INIT], 95thPercentileLatency(ns), 640249855
[INIT], 99thPercentileLatency(ns), 640249855
[GCS], Operations, 4
[GCS], AverageLatency(ns), 7.25
[GCS], MinLatency(ns), 0
[GCS], MaxLatency(ns), 22
[GCS], 95thPercentileLatency(ns), 22
[GCS], 99thPercentileLatency(ns), 22
[LOAD_GCs_Count], Operations, 1
[LOAD_GCs_Count], AverageLatency(ns), 25.0
[LOAD_GCs_Count], MinLatency(ns), 25
[LOAD_GCs_Count], MaxLatency(ns), 25
[LOAD_GCs_Count], 95thPercentileLatency(ns), 25
[LOAD_GCs_Count], 99thPercentileLatency(ns), 25
[CLEANUP], Operations, 1
[CLEANUP], AverageLatency(ns), 5.20528896E8
[CLEANUP], MinLatency(ns), 520527872
[CLEANUP], MaxLatency(ns), 520529919
[CLEANUP], 95thPercentileLatency(ns), 520529919
[CLEANUP], 99thPercentileLatency(ns), 520529919
[INSERT], Operations, 1000000
[INSERT], AverageLatency(ns), 2272.292229
[INSERT], MinLatency(ns), 1207
[INSERT], MaxLatency(ns), 104524287
[INSERT], 95thPercentileLatency(ns), 2096
[INSERT], 99thPercentileLatency(ns), 4229
[INSERT], Return=OK, 1000000
