/home/anatole/jdk8u/build/linux-x86_64-normal-server-release/jdk/bin/java -Xmx20g -XX:+UseG1GC -classpath /home/anatole/ycsb/conf:/home/anatole/ycsb/core/target/core-0.18.0-SNAPSHOT.jar:/home/anatole/ycsb/core/target/dependency/HdrHistogram-2.1.4.jar:/home/anatole/ycsb/core/target/dependency/guava-18.0.jar:/home/anatole/ycsb/core/target/dependency/htrace-core4-4.1.0-incubating.jar:/home/anatole/ycsb/core/target/dependency/jackson-core-asl-1.9.4.jar:/home/anatole/ycsb/core/target/dependency/jackson-mapper-asl-1.9.4.jar:/home/anatole/ycsb/core/target/dependency/javax.persistence-api-2.2.jar:/home/anatole/ycsb/core/target/dependency/jnvm-1.0-SNAPSHOT.jar:/home/anatole/ycsb/core/target/dependency/pcj-1.0.jar:/home/anatole/ycsb/core/target/dependency/unsafe-helper-1.0.jar:/home/anatole/ycsb/infinispan/src/main/conf:/home/anatole/ycsb/infinispan/target/infinispan-binding-0.18.0-SNAPSHOT.jar:/home/anatole/ycsb/infinispan/target/dependency/caffeine-2.6.2.jar:/home/anatole/ycsb/infinispan/target/dependency/gson-2.8.2.jar:/home/anatole/ycsb/infinispan/target/dependency/guava-18.0.jar:/home/anatole/ycsb/infinispan/target/dependency/infinispan-cachestore-jnvm-1.0-SNAPSHOT.jar:/home/anatole/ycsb/infinispan/target/dependency/infinispan-cachestore-pcj-1.0-SNAPSHOT.jar:/home/anatole/ycsb/infinispan/target/dependency/infinispan-client-hotrod-9.4.20.Final.jar:/home/anatole/ycsb/infinispan/target/dependency/infinispan-commons-9.4.20.Final.jar:/home/anatole/ycsb/infinispan/target/dependency/infinispan-core-9.4.20.Final.jar:/home/anatole/ycsb/infinispan/target/dependency/javax.persistence-api-2.2.jar:/home/anatole/ycsb/infinispan/target/dependency/jboss-logging-3.3.2.Final.jar:/home/anatole/ycsb/infinispan/target/dependency/jboss-marshalling-osgi-2.0.6.Final.jar:/home/anatole/ycsb/infinispan/target/dependency/jboss-transaction-api_1.2_spec-1.1.1.Final.jar:/home/anatole/ycsb/infinispan/target/dependency/jgroups-4.0.21.Final.jar:/home/anatole/ycsb/infinispan/target/dependency/jnvm-1.0-SNAPSHOT.jar:/home/anatole/ycsb/infinispan/target/dependency/metainf-services-1.7.jar:/home/anatole/ycsb/infinispan/target/dependency/netty-buffer-4.1.51.Final.jar:/home/anatole/ycsb/infinispan/target/dependency/netty-codec-4.1.51.Final.jar:/home/anatole/ycsb/infinispan/target/dependency/netty-common-4.1.51.Final.jar:/home/anatole/ycsb/infinispan/target/dependency/netty-handler-4.1.51.Final.jar:/home/anatole/ycsb/infinispan/target/dependency/netty-resolver-4.1.51.Final.jar:/home/anatole/ycsb/infinispan/target/dependency/netty-transport-4.1.51.Final.jar:/home/anatole/ycsb/infinispan/target/dependency/netty-transport-native-epoll-4.1.51.Final-linux-x86_64.jar:/home/anatole/ycsb/infinispan/target/dependency/netty-transport-native-unix-common-4.1.51.Final.jar:/home/anatole/ycsb/infinispan/target/dependency/pcj-1.0.jar:/home/anatole/ycsb/infinispan/target/dependency/reactive-streams-1.0.2.jar:/home/anatole/ycsb/infinispan/target/dependency/rxjava-2.2.4.jar:/home/anatole/ycsb/infinispan/target/dependency/unsafe-helper-1.0.jar site.ycsb.Client -t -db site.ycsb.db.InfinispanClient -P ../workloads/workloadf -preload -s -threads 1 -p dataintegrity=true -p offheap=false -p pcj=false -p recordcount=1000000 -p operationcount=10000000 -p fieldcount=10 -p fieldlength=100 -p measurement.trackjvm=true -p measurementtype=hdrhistogram -p hdrhistogram.output.path=./out/exp0.exectime.ref/log/infinispan.run.workloadf.true.1000000.1000000.10.100.default.1.false.true.default.default.none.r6.hdr.log
[OVERALL], RunTime(ms), 44838
[OVERALL], Throughput(ops/sec), 245327.62389045008
[TOTAL_GCS_G1_Young_Generation], Count, 48
[TOTAL_GC_TIME_G1_Young_Generation], Time(ms), 6087
[TOTAL_GC_TIME_%_G1_Young_Generation], Time(%), 13.575538605646994
[TOTAL_GCS_G1_Old_Generation], Count, 0
[TOTAL_GC_TIME_G1_Old_Generation], Time(ms), 0
[TOTAL_GC_TIME_%_G1_Old_Generation], Time(%), 0.0
[TOTAL_GCs], Count, 48
[TOTAL_GC_TIME], Time(ms), 6087
[TOTAL_GC_TIME_%], Time(%), 13.575538605646994
[MAX_MEM_USED], MBs, 6499
[MIN_MEM_USED], MBs, 48
[MAX_THREADS], Count, 6
[MIN_THREADS], Count, 3
[MAX_SYS_LOAD_AVG], Load, 6.04
[MIN_SYS_LOAD_AVG], Load, 4.72
[THREAD_COUNT], Operations, 6
[THREAD_COUNT], AverageLatency(ns), 5.166666666666667
[THREAD_COUNT], MinLatency(ns), 3
[THREAD_COUNT], MaxLatency(ns), 6
[THREAD_COUNT], 95thPercentileLatency(ns), 6
[THREAD_COUNT], 99thPercentileLatency(ns), 6
[SYS_LOAD_AVG], Operations, 6
[SYS_LOAD_AVG], AverageLatency(ns), 5.0
[SYS_LOAD_AVG], MinLatency(ns), 4
[SYS_LOAD_AVG], MaxLatency(ns), 6
[SYS_LOAD_AVG], 95thPercentileLatency(ns), 6
[SYS_LOAD_AVG], 99thPercentileLatency(ns), 6
[READ-MODIFY-WRITE], Operations, 5000890
[READ-MODIFY-WRITE], AverageLatency(ns), 3050.55405117889
[READ-MODIFY-WRITE], MinLatency(ns), 1430
[READ-MODIFY-WRITE], MaxLatency(ns), 243214335
[READ-MODIFY-WRITE], 95thPercentileLatency(ns), 4229
[READ-MODIFY-WRITE], 99thPercentileLatency(ns), 4925
[LOAD], Operations, 1
[LOAD], AverageLatency(ns), 1.3464469504E10
[LOAD], MinLatency(ns), 13464436736
[LOAD], MaxLatency(ns), 13464502271
[LOAD], 95thPercentileLatency(ns), 13464502271
[LOAD], 99thPercentileLatency(ns), 13464502271
[USED_MEM_MB], Operations, 6
[USED_MEM_MB], AverageLatency(ns), 4507.666666666667
[USED_MEM_MB], MinLatency(ns), 48
[USED_MEM_MB], MaxLatency(ns), 6499
[USED_MEM_MB], 95thPercentileLatency(ns), 6499
[USED_MEM_MB], 99thPercentileLatency(ns), 6499
[MAIN_GCs_Count], Operations, 1
[MAIN_GCs_Count], AverageLatency(ns), 22.0
[MAIN_GCs_Count], MinLatency(ns), 22
[MAIN_GCs_Count], MaxLatency(ns), 22
[MAIN_GCs_Count], 95thPercentileLatency(ns), 22
[MAIN_GCs_Count], 99thPercentileLatency(ns), 22
[MAIN_GCs_Time(ms)], Operations, 1
[MAIN_GCs_Time(ms)], AverageLatency(ns), 3959.0
[MAIN_GCs_Time(ms)], MinLatency(ns), 3959
[MAIN_GCs_Time(ms)], MaxLatency(ns), 3959
[MAIN_GCs_Time(ms)], 95thPercentileLatency(ns), 3959
[MAIN_GCs_Time(ms)], 99thPercentileLatency(ns), 3959
[TRANSACTION], Operations, 1
[TRANSACTION], AverageLatency(ns), 3.0151344128E10
[TRANSACTION], MinLatency(ns), 30151278592
[TRANSACTION], MaxLatency(ns), 30151409663
[TRANSACTION], 95thPercentileLatency(ns), 30151409663
[TRANSACTION], 99thPercentileLatency(ns), 30151409663
[GCS_TIME], Operations, 6
[GCS_TIME], AverageLatency(ns), 1014.5
[GCS_TIME], MinLatency(ns), 0
[GCS_TIME], MaxLatency(ns), 1479
[GCS_TIME], 95thPercentileLatency(ns), 1479
[GCS_TIME], 99thPercentileLatency(ns), 1479
[LOAD_GCs_Time(ms)], Operations, 1
[LOAD_GCs_Time(ms)], AverageLatency(ns), 2107.0
[LOAD_GCs_Time(ms)], MinLatency(ns), 2107
[LOAD_GCs_Time(ms)], MaxLatency(ns), 2107
[LOAD_GCs_Time(ms)], 95thPercentileLatency(ns), 2107
[LOAD_GCs_Time(ms)], 99thPercentileLatency(ns), 2107
[READ], Operations, 10000000
[READ], AverageLatency(ns), 613.4881317
[READ], MinLatency(ns), 183
[READ], MaxLatency(ns), 1424055
[READ], 95thPercentileLatency(ns), 1501
[READ], 99thPercentileLatency(ns), 2369
[READ], Return=OK, 10000000
[INIT], Operations, 1
[INIT], AverageLatency(ns), 6.50565632E8
[INIT], MinLatency(ns), 650563584
[INIT], MaxLatency(ns), 650567679
[INIT], 95thPercentileLatency(ns), 650567679
[INIT], 99thPercentileLatency(ns), 650567679
[GCS], Operations, 6
[GCS], AverageLatency(ns), 8.0
[GCS], MinLatency(ns), 0
[GCS], MaxLatency(ns), 22
[GCS], 95thPercentileLatency(ns), 22
[GCS], 99thPercentileLatency(ns), 22
[LOAD_GCs_Count], Operations, 1
[LOAD_GCs_Count], AverageLatency(ns), 25.0
[LOAD_GCs_Count], MinLatency(ns), 25
[LOAD_GCs_Count], MaxLatency(ns), 25
[LOAD_GCs_Count], 95thPercentileLatency(ns), 25
[LOAD_GCs_Count], 99thPercentileLatency(ns), 25
[CLEANUP], Operations, 1
[CLEANUP], AverageLatency(ns), 4.95387648E8
[CLEANUP], MinLatency(ns), 495386624
[CLEANUP], MaxLatency(ns), 495388671
[CLEANUP], 95thPercentileLatency(ns), 495388671
[CLEANUP], 99thPercentileLatency(ns), 495388671
[INSERT], Operations, 1000000
[INSERT], AverageLatency(ns), 2043.576268
[INSERT], MinLatency(ns), 1224
[INSERT], MaxLatency(ns), 84040703
[INSERT], 95thPercentileLatency(ns), 2068
[INSERT], 99thPercentileLatency(ns), 4174
[INSERT], Return=OK, 1000000
[UPDATE], Operations, 5000890
[UPDATE], AverageLatency(ns), 2153.7088564235564
[UPDATE], MinLatency(ns), 987
[UPDATE], MaxLatency(ns), 229469183
[UPDATE], 95thPercentileLatency(ns), 3265
[UPDATE], 99thPercentileLatency(ns), 3853
[UPDATE], Return=OK, 5000890
