/home/anatole/jdk8u/build/linux-x86_64-normal-server-release/jdk/bin/java -Xmx20g -XX:+UseG1GC -classpath /home/anatole/ycsb/conf:/home/anatole/ycsb/core/target/core-0.18.0-SNAPSHOT.jar:/home/anatole/ycsb/core/target/dependency/HdrHistogram-2.1.4.jar:/home/anatole/ycsb/core/target/dependency/guava-18.0.jar:/home/anatole/ycsb/core/target/dependency/htrace-core4-4.1.0-incubating.jar:/home/anatole/ycsb/core/target/dependency/jackson-core-asl-1.9.4.jar:/home/anatole/ycsb/core/target/dependency/jackson-mapper-asl-1.9.4.jar:/home/anatole/ycsb/core/target/dependency/javax.persistence-api-2.2.jar:/home/anatole/ycsb/core/target/dependency/jnvm-1.0-SNAPSHOT.jar:/home/anatole/ycsb/core/target/dependency/pcj-1.0.jar:/home/anatole/ycsb/core/target/dependency/unsafe-helper-1.0.jar:/home/anatole/ycsb/infinispan/src/main/conf:/home/anatole/ycsb/infinispan/target/infinispan-binding-0.18.0-SNAPSHOT.jar:/home/anatole/ycsb/infinispan/target/dependency/caffeine-2.6.2.jar:/home/anatole/ycsb/infinispan/target/dependency/gson-2.8.2.jar:/home/anatole/ycsb/infinispan/target/dependency/guava-18.0.jar:/home/anatole/ycsb/infinispan/target/dependency/infinispan-cachestore-jnvm-1.0-SNAPSHOT.jar:/home/anatole/ycsb/infinispan/target/dependency/infinispan-cachestore-pcj-1.0-SNAPSHOT.jar:/home/anatole/ycsb/infinispan/target/dependency/infinispan-client-hotrod-9.4.20.Final.jar:/home/anatole/ycsb/infinispan/target/dependency/infinispan-commons-9.4.20.Final.jar:/home/anatole/ycsb/infinispan/target/dependency/infinispan-core-9.4.20.Final.jar:/home/anatole/ycsb/infinispan/target/dependency/javax.persistence-api-2.2.jar:/home/anatole/ycsb/infinispan/target/dependency/jboss-logging-3.3.2.Final.jar:/home/anatole/ycsb/infinispan/target/dependency/jboss-marshalling-osgi-2.0.6.Final.jar:/home/anatole/ycsb/infinispan/target/dependency/jboss-transaction-api_1.2_spec-1.1.1.Final.jar:/home/anatole/ycsb/infinispan/target/dependency/jgroups-4.0.21.Final.jar:/home/anatole/ycsb/infinispan/target/dependency/jnvm-1.0-SNAPSHOT.jar:/home/anatole/ycsb/infinispan/target/dependency/metainf-services-1.7.jar:/home/anatole/ycsb/infinispan/target/dependency/netty-buffer-4.1.51.Final.jar:/home/anatole/ycsb/infinispan/target/dependency/netty-codec-4.1.51.Final.jar:/home/anatole/ycsb/infinispan/target/dependency/netty-common-4.1.51.Final.jar:/home/anatole/ycsb/infinispan/target/dependency/netty-handler-4.1.51.Final.jar:/home/anatole/ycsb/infinispan/target/dependency/netty-resolver-4.1.51.Final.jar:/home/anatole/ycsb/infinispan/target/dependency/netty-transport-4.1.51.Final.jar:/home/anatole/ycsb/infinispan/target/dependency/netty-transport-native-epoll-4.1.51.Final-linux-x86_64.jar:/home/anatole/ycsb/infinispan/target/dependency/netty-transport-native-unix-common-4.1.51.Final.jar:/home/anatole/ycsb/infinispan/target/dependency/pcj-1.0.jar:/home/anatole/ycsb/infinispan/target/dependency/reactive-streams-1.0.2.jar:/home/anatole/ycsb/infinispan/target/dependency/rxjava-2.2.4.jar:/home/anatole/ycsb/infinispan/target/dependency/unsafe-helper-1.0.jar site.ycsb.Client -t -db site.ycsb.db.InfinispanClient -P ../workloads/workloadc -preload -s -threads 1 -p dataintegrity=true -p offheap=false -p pcj=false -p recordcount=1000000 -p operationcount=10000000 -p fieldcount=10 -p fieldlength=100 -p measurement.trackjvm=true -p measurementtype=hdrhistogram -p hdrhistogram.output.path=./out/exp0.exectime.ref/log/infinispan.run.workloadc.true.1000000.1000000.10.100.default.1.false.true.default.default.none.r3.hdr.log
[OVERALL], RunTime(ms), 27418
[OVERALL], Throughput(ops/sec), 401196.2944051353
[TOTAL_GCS_G1_Young_Generation], Count, 28
[TOTAL_GC_TIME_G1_Young_Generation], Time(ms), 2323
[TOTAL_GC_TIME_%_G1_Young_Generation], Time(%), 8.472536290028449
[TOTAL_GCS_G1_Old_Generation], Count, 0
[TOTAL_GC_TIME_G1_Old_Generation], Time(ms), 0
[TOTAL_GC_TIME_%_G1_Old_Generation], Time(%), 0.0
[TOTAL_GCs], Count, 28
[TOTAL_GC_TIME], Time(ms), 2323
[TOTAL_GC_TIME_%], Time(%), 8.472536290028449
[MAX_MEM_USED], MBs, 10454
[MIN_MEM_USED], MBs, 48
[MAX_THREADS], Count, 6
[MIN_THREADS], Count, 3
[MAX_SYS_LOAD_AVG], Load, 2.92
[MIN_SYS_LOAD_AVG], Load, 2.54
[THREAD_COUNT], Operations, 4
[THREAD_COUNT], AverageLatency(ns), 4.75
[THREAD_COUNT], MinLatency(ns), 3
[THREAD_COUNT], MaxLatency(ns), 6
[THREAD_COUNT], 95thPercentileLatency(ns), 6
[THREAD_COUNT], 99thPercentileLatency(ns), 6
[SYS_LOAD_AVG], Operations, 4
[SYS_LOAD_AVG], AverageLatency(ns), 2.0
[SYS_LOAD_AVG], MinLatency(ns), 2
[SYS_LOAD_AVG], MaxLatency(ns), 2
[SYS_LOAD_AVG], 95thPercentileLatency(ns), 2
[SYS_LOAD_AVG], 99thPercentileLatency(ns), 2
[LOAD], Operations, 1
[LOAD], AverageLatency(ns), 1.3431373824E10
[LOAD], MinLatency(ns), 13431341056
[LOAD], MaxLatency(ns), 13431406591
[LOAD], 95thPercentileLatency(ns), 13431406591
[LOAD], 99thPercentileLatency(ns), 13431406591
[USED_MEM_MB], Operations, 4
[USED_MEM_MB], AverageLatency(ns), 5208.5
[USED_MEM_MB], MinLatency(ns), 48
[USED_MEM_MB], MaxLatency(ns), 10454
[USED_MEM_MB], 95thPercentileLatency(ns), 10454
[USED_MEM_MB], 99thPercentileLatency(ns), 10454
[MAIN_GCs_Count], Operations, 1
[MAIN_GCs_Count], AverageLatency(ns), 2.0
[MAIN_GCs_Count], MinLatency(ns), 2
[MAIN_GCs_Count], MaxLatency(ns), 2
[MAIN_GCs_Count], 95thPercentileLatency(ns), 2
[MAIN_GCs_Count], 99thPercentileLatency(ns), 2
[MAIN_GCs_Time(ms)], Operations, 1
[MAIN_GCs_Time(ms)], AverageLatency(ns), 210.0
[MAIN_GCs_Time(ms)], MinLatency(ns), 210
[MAIN_GCs_Time(ms)], MaxLatency(ns), 210
[MAIN_GCs_Time(ms)], 95thPercentileLatency(ns), 210
[MAIN_GCs_Time(ms)], 99thPercentileLatency(ns), 210
[TRANSACTION], Operations, 1
[TRANSACTION], AverageLatency(ns), 1.2789645312E10
[TRANSACTION], MinLatency(ns), 12789612544
[TRANSACTION], MaxLatency(ns), 12789678079
[TRANSACTION], 95thPercentileLatency(ns), 12789678079
[TRANSACTION], 99thPercentileLatency(ns), 12789678079
[GCS_TIME], Operations, 4
[GCS_TIME], AverageLatency(ns), 580.75
[GCS_TIME], MinLatency(ns), 0
[GCS_TIME], MaxLatency(ns), 1467
[GCS_TIME], 95thPercentileLatency(ns), 1467
[GCS_TIME], 99thPercentileLatency(ns), 1467
[LOAD_GCs_Time(ms)], Operations, 1
[LOAD_GCs_Time(ms)], AverageLatency(ns), 2093.0
[LOAD_GCs_Time(ms)], MinLatency(ns), 2093
[LOAD_GCs_Time(ms)], MaxLatency(ns), 2093
[LOAD_GCs_Time(ms)], 95thPercentileLatency(ns), 2093
[LOAD_GCs_Time(ms)], 99thPercentileLatency(ns), 2093
[READ], Operations, 10000000
[READ], AverageLatency(ns), 661.3843872
[READ], MinLatency(ns), 154
[READ], MaxLatency(ns), 140214271
[READ], 95thPercentileLatency(ns), 3119
[READ], 99thPercentileLatency(ns), 4061
[READ], Return=OK, 10000000
[INIT], Operations, 1
[INIT], AverageLatency(ns), 5.99947264E8
[INIT], MinLatency(ns), 599945216
[INIT], MaxLatency(ns), 599949311
[INIT], 95thPercentileLatency(ns), 599949311
[INIT], 99thPercentileLatency(ns), 599949311
[GCS], Operations, 4
[GCS], AverageLatency(ns), 7.0
[GCS], MinLatency(ns), 0
[GCS], MaxLatency(ns), 22
[GCS], 95thPercentileLatency(ns), 22
[GCS], 99thPercentileLatency(ns), 22
[LOAD_GCs_Count], Operations, 1
[LOAD_GCs_Count], AverageLatency(ns), 25.0
[LOAD_GCs_Count], MinLatency(ns), 25
[LOAD_GCs_Count], MaxLatency(ns), 25
[LOAD_GCs_Count], 95thPercentileLatency(ns), 25
[LOAD_GCs_Count], 99thPercentileLatency(ns), 25
[CLEANUP], Operations, 1
[CLEANUP], AverageLatency(ns), 5.2363776E8
[CLEANUP], MinLatency(ns), 523636736
[CLEANUP], MaxLatency(ns), 523638783
[CLEANUP], 95thPercentileLatency(ns), 523638783
[CLEANUP], 99thPercentileLatency(ns), 523638783
[INSERT], Operations, 1000000
[INSERT], AverageLatency(ns), 2124.628135
[INSERT], MinLatency(ns), 1184
[INSERT], MaxLatency(ns), 102828543
[INSERT], 95thPercentileLatency(ns), 2018
[INSERT], 99thPercentileLatency(ns), 3901
[INSERT], Return=OK, 1000000
