/home/anatole/jdk8u/build/linux-x86_64-normal-server-release/jdk/bin/java -Xmx20g -XX:+UseG1GC -classpath /home/anatole/ycsb/conf:/home/anatole/ycsb/core/target/core-0.18.0-SNAPSHOT.jar:/home/anatole/ycsb/core/target/dependency/HdrHistogram-2.1.4.jar:/home/anatole/ycsb/core/target/dependency/guava-18.0.jar:/home/anatole/ycsb/core/target/dependency/htrace-core4-4.1.0-incubating.jar:/home/anatole/ycsb/core/target/dependency/jackson-core-asl-1.9.4.jar:/home/anatole/ycsb/core/target/dependency/jackson-mapper-asl-1.9.4.jar:/home/anatole/ycsb/core/target/dependency/javax.persistence-api-2.2.jar:/home/anatole/ycsb/core/target/dependency/jnvm-1.0-SNAPSHOT.jar:/home/anatole/ycsb/core/target/dependency/pcj-1.0.jar:/home/anatole/ycsb/core/target/dependency/unsafe-helper-1.0.jar:/home/anatole/ycsb/infinispan/src/main/conf:/home/anatole/ycsb/infinispan/target/infinispan-binding-0.18.0-SNAPSHOT.jar:/home/anatole/ycsb/infinispan/target/dependency/caffeine-2.6.2.jar:/home/anatole/ycsb/infinispan/target/dependency/gson-2.8.2.jar:/home/anatole/ycsb/infinispan/target/dependency/guava-18.0.jar:/home/anatole/ycsb/infinispan/target/dependency/infinispan-cachestore-jnvm-1.0-SNAPSHOT.jar:/home/anatole/ycsb/infinispan/target/dependency/infinispan-cachestore-pcj-1.0-SNAPSHOT.jar:/home/anatole/ycsb/infinispan/target/dependency/infinispan-client-hotrod-9.4.20.Final.jar:/home/anatole/ycsb/infinispan/target/dependency/infinispan-commons-9.4.20.Final.jar:/home/anatole/ycsb/infinispan/target/dependency/infinispan-core-9.4.20.Final.jar:/home/anatole/ycsb/infinispan/target/dependency/javax.persistence-api-2.2.jar:/home/anatole/ycsb/infinispan/target/dependency/jboss-logging-3.3.2.Final.jar:/home/anatole/ycsb/infinispan/target/dependency/jboss-marshalling-osgi-2.0.6.Final.jar:/home/anatole/ycsb/infinispan/target/dependency/jboss-transaction-api_1.2_spec-1.1.1.Final.jar:/home/anatole/ycsb/infinispan/target/dependency/jgroups-4.0.21.Final.jar:/home/anatole/ycsb/infinispan/target/dependency/jnvm-1.0-SNAPSHOT.jar:/home/anatole/ycsb/infinispan/target/dependency/metainf-services-1.7.jar:/home/anatole/ycsb/infinispan/target/dependency/netty-buffer-4.1.51.Final.jar:/home/anatole/ycsb/infinispan/target/dependency/netty-codec-4.1.51.Final.jar:/home/anatole/ycsb/infinispan/target/dependency/netty-common-4.1.51.Final.jar:/home/anatole/ycsb/infinispan/target/dependency/netty-handler-4.1.51.Final.jar:/home/anatole/ycsb/infinispan/target/dependency/netty-resolver-4.1.51.Final.jar:/home/anatole/ycsb/infinispan/target/dependency/netty-transport-4.1.51.Final.jar:/home/anatole/ycsb/infinispan/target/dependency/netty-transport-native-epoll-4.1.51.Final-linux-x86_64.jar:/home/anatole/ycsb/infinispan/target/dependency/netty-transport-native-unix-common-4.1.51.Final.jar:/home/anatole/ycsb/infinispan/target/dependency/pcj-1.0.jar:/home/anatole/ycsb/infinispan/target/dependency/reactive-streams-1.0.2.jar:/home/anatole/ycsb/infinispan/target/dependency/rxjava-2.2.4.jar:/home/anatole/ycsb/infinispan/target/dependency/unsafe-helper-1.0.jar site.ycsb.Client -t -db site.ycsb.db.InfinispanClient -P ../workloads/workloada -preload -s -threads 1 -p dataintegrity=true -p offheap=false -p pcj=false -p recordcount=1000000 -p operationcount=10000000 -p fieldcount=10 -p fieldlength=100 -p measurement.trackjvm=true -p measurementtype=hdrhistogram -p hdrhistogram.output.path=./out/exp0.exectime.ref/log/infinispan.run.workloada.true.1000000.1000000.10.100.default.1.false.true.default.default.none.r5.hdr.log
[OVERALL], RunTime(ms), 42864
[OVERALL], Throughput(ops/sec), 256625.60656961554
[TOTAL_GCS_G1_Young_Generation], Count, 49
[TOTAL_GC_TIME_G1_Young_Generation], Time(ms), 6535
[TOTAL_GC_TIME_%_G1_Young_Generation], Time(%), 15.245893990294887
[TOTAL_GCS_G1_Old_Generation], Count, 0
[TOTAL_GC_TIME_G1_Old_Generation], Time(ms), 0
[TOTAL_GC_TIME_%_G1_Old_Generation], Time(%), 0.0
[TOTAL_GCs], Count, 49
[TOTAL_GC_TIME], Time(ms), 6535
[TOTAL_GC_TIME_%], Time(%), 15.245893990294887
[MAX_MEM_USED], MBs, 6325
[MIN_MEM_USED], MBs, 50
[MAX_THREADS], Count, 6
[MIN_THREADS], Count, 3
[MAX_SYS_LOAD_AVG], Load, 9.19
[MIN_SYS_LOAD_AVG], Load, 4.08
[THREAD_COUNT], Operations, 6
[THREAD_COUNT], AverageLatency(ns), 5.166666666666667
[THREAD_COUNT], MinLatency(ns), 3
[THREAD_COUNT], MaxLatency(ns), 6
[THREAD_COUNT], 95thPercentileLatency(ns), 6
[THREAD_COUNT], 99thPercentileLatency(ns), 6
[SYS_LOAD_AVG], Operations, 6
[SYS_LOAD_AVG], AverageLatency(ns), 6.666666666666667
[SYS_LOAD_AVG], MinLatency(ns), 4
[SYS_LOAD_AVG], MaxLatency(ns), 9
[SYS_LOAD_AVG], 95thPercentileLatency(ns), 9
[SYS_LOAD_AVG], 99thPercentileLatency(ns), 9
[LOAD], Operations, 1
[LOAD], AverageLatency(ns), 1.3478494208E10
[LOAD], MinLatency(ns), 13478461440
[LOAD], MaxLatency(ns), 13478526975
[LOAD], 95thPercentileLatency(ns), 13478526975
[LOAD], 99thPercentileLatency(ns), 13478526975
[USED_MEM_MB], Operations, 6
[USED_MEM_MB], AverageLatency(ns), 4559.833333333333
[USED_MEM_MB], MinLatency(ns), 50
[USED_MEM_MB], MaxLatency(ns), 6325
[USED_MEM_MB], 95thPercentileLatency(ns), 6325
[USED_MEM_MB], 99thPercentileLatency(ns), 6325
[MAIN_GCs_Count], Operations, 1
[MAIN_GCs_Count], AverageLatency(ns), 23.0
[MAIN_GCs_Count], MinLatency(ns), 23
[MAIN_GCs_Count], MaxLatency(ns), 23
[MAIN_GCs_Count], 95thPercentileLatency(ns), 23
[MAIN_GCs_Count], 99thPercentileLatency(ns), 23
[MAIN_GCs_Time(ms)], Operations, 1
[MAIN_GCs_Time(ms)], AverageLatency(ns), 4434.0
[MAIN_GCs_Time(ms)], MinLatency(ns), 4434
[MAIN_GCs_Time(ms)], MaxLatency(ns), 4434
[MAIN_GCs_Time(ms)], 95thPercentileLatency(ns), 4434
[MAIN_GCs_Time(ms)], 99thPercentileLatency(ns), 4434
[TRANSACTION], Operations, 1
[TRANSACTION], AverageLatency(ns), 2.8139913216E10
[TRANSACTION], MinLatency(ns), 28139847680
[TRANSACTION], MaxLatency(ns), 28139978751
[TRANSACTION], 95thPercentileLatency(ns), 28139978751
[TRANSACTION], 99thPercentileLatency(ns), 28139978751
[GCS_TIME], Operations, 6
[GCS_TIME], AverageLatency(ns), 1089.1666666666667
[GCS_TIME], MinLatency(ns), 0
[GCS_TIME], MaxLatency(ns), 1644
[GCS_TIME], 95thPercentileLatency(ns), 1644
[GCS_TIME], 99thPercentileLatency(ns), 1644
[LOAD_GCs_Time(ms)], Operations, 1
[LOAD_GCs_Time(ms)], AverageLatency(ns), 2084.0
[LOAD_GCs_Time(ms)], MinLatency(ns), 2084
[LOAD_GCs_Time(ms)], MaxLatency(ns), 2084
[LOAD_GCs_Time(ms)], 95thPercentileLatency(ns), 2084
[LOAD_GCs_Time(ms)], 99thPercentileLatency(ns), 2084
[READ], Operations, 5000749
[READ], AverageLatency(ns), 605.7332085653569
[READ], MinLatency(ns), 181
[READ], MaxLatency(ns), 6326367
[READ], 95thPercentileLatency(ns), 1611
[READ], 99thPercentileLatency(ns), 2426
[READ], Return=OK, 5000749
[INIT], Operations, 1
[INIT], AverageLatency(ns), 6.17064448E8
[INIT], MinLatency(ns), 617062400
[INIT], MaxLatency(ns), 617066495
[INIT], 95thPercentileLatency(ns), 617066495
[INIT], 99thPercentileLatency(ns), 617066495
[GCS], Operations, 6
[GCS], AverageLatency(ns), 8.166666666666666
[GCS], MinLatency(ns), 0
[GCS], MaxLatency(ns), 22
[GCS], 95thPercentileLatency(ns), 22
[GCS], 99thPercentileLatency(ns), 22
[LOAD_GCs_Count], Operations, 1
[LOAD_GCs_Count], AverageLatency(ns), 25.0
[LOAD_GCs_Count], MinLatency(ns), 25
[LOAD_GCs_Count], MaxLatency(ns), 25
[LOAD_GCs_Count], 95thPercentileLatency(ns), 25
[LOAD_GCs_Count], 99thPercentileLatency(ns), 25
[CLEANUP], Operations, 1
[CLEANUP], AverageLatency(ns), 5.52491008E8
[CLEANUP], MinLatency(ns), 552488960
[CLEANUP], MaxLatency(ns), 552493055
[CLEANUP], 95thPercentileLatency(ns), 552493055
[CLEANUP], 99thPercentileLatency(ns), 552493055
[INSERT], Operations, 1000000
[INSERT], AverageLatency(ns), 2170.422898
[INSERT], MinLatency(ns), 1204
[INSERT], MaxLatency(ns), 103455743
[INSERT], 95thPercentileLatency(ns), 2057
[INSERT], 99thPercentileLatency(ns), 3962
[INSERT], Return=OK, 1000000
[UPDATE], Operations, 4999251
[UPDATE], AverageLatency(ns), 2289.004723907641
[UPDATE], MinLatency(ns), 993
[UPDATE], MaxLatency(ns), 225654783
[UPDATE], 95thPercentileLatency(ns), 3729
[UPDATE], 99thPercentileLatency(ns), 4328
[UPDATE], Return=OK, 4999251
