/home/anatole/jdk8u/build/linux-x86_64-normal-server-release/jdk/bin/java -Xmx20g -XX:+UseG1GC -classpath /home/anatole/ycsb/conf:/home/anatole/ycsb/core/target/core-0.18.0-SNAPSHOT.jar:/home/anatole/ycsb/core/target/dependency/HdrHistogram-2.1.4.jar:/home/anatole/ycsb/core/target/dependency/guava-18.0.jar:/home/anatole/ycsb/core/target/dependency/htrace-core4-4.1.0-incubating.jar:/home/anatole/ycsb/core/target/dependency/jackson-core-asl-1.9.4.jar:/home/anatole/ycsb/core/target/dependency/jackson-mapper-asl-1.9.4.jar:/home/anatole/ycsb/core/target/dependency/javax.persistence-api-2.2.jar:/home/anatole/ycsb/core/target/dependency/jnvm-1.0-SNAPSHOT.jar:/home/anatole/ycsb/core/target/dependency/pcj-1.0.jar:/home/anatole/ycsb/core/target/dependency/unsafe-helper-1.0.jar:/home/anatole/ycsb/infinispan/src/main/conf:/home/anatole/ycsb/infinispan/target/infinispan-binding-0.18.0-SNAPSHOT.jar:/home/anatole/ycsb/infinispan/target/dependency/caffeine-2.6.2.jar:/home/anatole/ycsb/infinispan/target/dependency/gson-2.8.2.jar:/home/anatole/ycsb/infinispan/target/dependency/guava-18.0.jar:/home/anatole/ycsb/infinispan/target/dependency/infinispan-cachestore-jnvm-1.0-SNAPSHOT.jar:/home/anatole/ycsb/infinispan/target/dependency/infinispan-cachestore-pcj-1.0-SNAPSHOT.jar:/home/anatole/ycsb/infinispan/target/dependency/infinispan-client-hotrod-9.4.20.Final.jar:/home/anatole/ycsb/infinispan/target/dependency/infinispan-commons-9.4.20.Final.jar:/home/anatole/ycsb/infinispan/target/dependency/infinispan-core-9.4.20.Final.jar:/home/anatole/ycsb/infinispan/target/dependency/javax.persistence-api-2.2.jar:/home/anatole/ycsb/infinispan/target/dependency/jboss-logging-3.3.2.Final.jar:/home/anatole/ycsb/infinispan/target/dependency/jboss-marshalling-osgi-2.0.6.Final.jar:/home/anatole/ycsb/infinispan/target/dependency/jboss-transaction-api_1.2_spec-1.1.1.Final.jar:/home/anatole/ycsb/infinispan/target/dependency/jgroups-4.0.21.Final.jar:/home/anatole/ycsb/infinispan/target/dependency/jnvm-1.0-SNAPSHOT.jar:/home/anatole/ycsb/infinispan/target/dependency/metainf-services-1.7.jar:/home/anatole/ycsb/infinispan/target/dependency/netty-buffer-4.1.51.Final.jar:/home/anatole/ycsb/infinispan/target/dependency/netty-codec-4.1.51.Final.jar:/home/anatole/ycsb/infinispan/target/dependency/netty-common-4.1.51.Final.jar:/home/anatole/ycsb/infinispan/target/dependency/netty-handler-4.1.51.Final.jar:/home/anatole/ycsb/infinispan/target/dependency/netty-resolver-4.1.51.Final.jar:/home/anatole/ycsb/infinispan/target/dependency/netty-transport-4.1.51.Final.jar:/home/anatole/ycsb/infinispan/target/dependency/netty-transport-native-epoll-4.1.51.Final-linux-x86_64.jar:/home/anatole/ycsb/infinispan/target/dependency/netty-transport-native-unix-common-4.1.51.Final.jar:/home/anatole/ycsb/infinispan/target/dependency/pcj-1.0.jar:/home/anatole/ycsb/infinispan/target/dependency/reactive-streams-1.0.2.jar:/home/anatole/ycsb/infinispan/target/dependency/rxjava-2.2.4.jar:/home/anatole/ycsb/infinispan/target/dependency/unsafe-helper-1.0.jar site.ycsb.Client -t -db site.ycsb.db.InfinispanAutoPersistClient -P ../workloads/workloadb -preload -s -threads 1 -p dataintegrity=true -p offheap=false -p pcj=false -p recordcount=1000000 -p operationcount=10000000 -p fieldcount=10 -p fieldlength=100 -p measurement.trackjvm=true -p measurementtype=hdrhistogram -p hdrhistogram.output.path=./out/exp0.exectime.ref/log/infinispan-autopersist.run.workloadb.true.1000000.1.10.100.default.1.false.true.default.default.none.r6.hdr.log
[OVERALL], RunTime(ms), 78866
[OVERALL], Throughput(ops/sec), 139477.08771840844
[TOTAL_GCS_G1_Young_Generation], Count, 150
[TOTAL_GC_TIME_G1_Young_Generation], Time(ms), 3992
[TOTAL_GC_TIME_%_G1_Young_Generation], Time(%), 5.0617503106535136
[TOTAL_GCS_G1_Old_Generation], Count, 0
[TOTAL_GC_TIME_G1_Old_Generation], Time(ms), 0
[TOTAL_GC_TIME_%_G1_Old_Generation], Time(%), 0.0
[TOTAL_GCs], Count, 150
[TOTAL_GC_TIME], Time(ms), 3992
[TOTAL_GC_TIME_%], Time(%), 5.0617503106535136
[MAX_MEM_USED], MBs, 6818
[MIN_MEM_USED], MBs, 46
[MAX_THREADS], Count, 7
[MIN_THREADS], Count, 3
[MAX_SYS_LOAD_AVG], Load, 3.83
[MIN_SYS_LOAD_AVG], Load, 2.45
[THREAD_COUNT], Operations, 9
[THREAD_COUNT], AverageLatency(ns), 6.111111111111111
[THREAD_COUNT], MinLatency(ns), 3
[THREAD_COUNT], MaxLatency(ns), 7
[THREAD_COUNT], 95thPercentileLatency(ns), 7
[THREAD_COUNT], 99thPercentileLatency(ns), 7
[SYS_LOAD_AVG], Operations, 9
[SYS_LOAD_AVG], AverageLatency(ns), 2.4444444444444446
[SYS_LOAD_AVG], MinLatency(ns), 2
[SYS_LOAD_AVG], MaxLatency(ns), 3
[SYS_LOAD_AVG], 95thPercentileLatency(ns), 3
[SYS_LOAD_AVG], 99thPercentileLatency(ns), 3
[LOAD], Operations, 1
[LOAD], AverageLatency(ns), 5.2712046592E10
[LOAD], MinLatency(ns), 52711915520
[LOAD], MaxLatency(ns), 52712177663
[LOAD], 95thPercentileLatency(ns), 52712177663
[LOAD], 99thPercentileLatency(ns), 52712177663
[USED_MEM_MB], Operations, 9
[USED_MEM_MB], AverageLatency(ns), 3185.8888888888887
[USED_MEM_MB], MinLatency(ns), 46
[USED_MEM_MB], MaxLatency(ns), 6818
[USED_MEM_MB], 95thPercentileLatency(ns), 6818
[USED_MEM_MB], 99thPercentileLatency(ns), 6818
[MAIN_GCs_Count], Operations, 1
[MAIN_GCs_Count], AverageLatency(ns), 4.0
[MAIN_GCs_Count], MinLatency(ns), 4
[MAIN_GCs_Count], MaxLatency(ns), 4
[MAIN_GCs_Count], 95thPercentileLatency(ns), 4
[MAIN_GCs_Count], 99thPercentileLatency(ns), 4
[MAIN_GCs_Time(ms)], Operations, 1
[MAIN_GCs_Time(ms)], AverageLatency(ns), 338.0
[MAIN_GCs_Time(ms)], MinLatency(ns), 338
[MAIN_GCs_Time(ms)], MaxLatency(ns), 338
[MAIN_GCs_Time(ms)], 95thPercentileLatency(ns), 338
[MAIN_GCs_Time(ms)], 99thPercentileLatency(ns), 338
[TRANSACTION], Operations, 1
[TRANSACTION], AverageLatency(ns), 2.369159168E10
[TRANSACTION], MinLatency(ns), 23691526144
[TRANSACTION], MaxLatency(ns), 23691657215
[TRANSACTION], 95thPercentileLatency(ns), 23691657215
[TRANSACTION], 99thPercentileLatency(ns), 23691657215
[GCS_TIME], Operations, 9
[GCS_TIME], AverageLatency(ns), 443.55555555555554
[GCS_TIME], MinLatency(ns), 0
[GCS_TIME], MaxLatency(ns), 837
[GCS_TIME], 95thPercentileLatency(ns), 837
[GCS_TIME], 99thPercentileLatency(ns), 837
[LOAD_GCs_Time(ms)], Operations, 1
[LOAD_GCs_Time(ms)], AverageLatency(ns), 3487.0
[LOAD_GCs_Time(ms)], MinLatency(ns), 3487
[LOAD_GCs_Time(ms)], MaxLatency(ns), 3487
[LOAD_GCs_Time(ms)], 95thPercentileLatency(ns), 3487
[LOAD_GCs_Time(ms)], 99thPercentileLatency(ns), 3487
[READ], Operations, 9500397
[READ], AverageLatency(ns), 1496.1349599390426
[READ], MinLatency(ns), 217
[READ], MaxLatency(ns), 177291263
[READ], 95thPercentileLatency(ns), 1985
[READ], 99thPercentileLatency(ns), 2255
[READ], Return=OK, 9500397
[INIT], Operations, 1
[INIT], AverageLatency(ns), 1.73058048E9
[INIT], MinLatency(ns), 1730576384
[INIT], MaxLatency(ns), 1730584575
[INIT], 95thPercentileLatency(ns), 1730584575
[INIT], 99thPercentileLatency(ns), 1730584575
[GCS], Operations, 9
[GCS], AverageLatency(ns), 16.666666666666668
[GCS], MinLatency(ns), 0
[GCS], MaxLatency(ns), 49
[GCS], 95thPercentileLatency(ns), 49
[GCS], 99thPercentileLatency(ns), 49
[LOAD_GCs_Count], Operations, 1
[LOAD_GCs_Count], AverageLatency(ns), 144.0
[LOAD_GCs_Count], MinLatency(ns), 144
[LOAD_GCs_Count], MaxLatency(ns), 144
[LOAD_GCs_Count], 95thPercentileLatency(ns), 144
[LOAD_GCs_Count], 99thPercentileLatency(ns), 144
[CLEANUP], Operations, 1
[CLEANUP], AverageLatency(ns), 1.0415904E7
[CLEANUP], MinLatency(ns), 10415872
[CLEANUP], MaxLatency(ns), 10415935
[CLEANUP], 95thPercentileLatency(ns), 10415935
[CLEANUP], 99thPercentileLatency(ns), 10415935
[INSERT], Operations, 1000000
[INSERT], AverageLatency(ns), 42404.34625
[INSERT], MinLatency(ns), 26171
[INSERT], MaxLatency(ns), 145485823
[INSERT], 95thPercentileLatency(ns), 38890
[INSERT], 99thPercentileLatency(ns), 61130
[INSERT], Return=OK, 1000000
[UPDATE], Operations, 499603
[UPDATE], AverageLatency(ns), 5876.118402011197
[UPDATE], MinLatency(ns), 2161
[UPDATE], MaxLatency(ns), 948743
[UPDATE], 95thPercentileLatency(ns), 6671
[UPDATE], 99thPercentileLatency(ns), 7240
[UPDATE], Return=OK, 499603
