/home/anatole/jdk8u/build/linux-x86_64-normal-server-release/jdk/bin/java -Xmx20g -XX:+UseG1GC -classpath /home/anatole/ycsb/conf:/home/anatole/ycsb/core/target/core-0.18.0-SNAPSHOT.jar:/home/anatole/ycsb/core/target/dependency/HdrHistogram-2.1.4.jar:/home/anatole/ycsb/core/target/dependency/guava-18.0.jar:/home/anatole/ycsb/core/target/dependency/htrace-core4-4.1.0-incubating.jar:/home/anatole/ycsb/core/target/dependency/jackson-core-asl-1.9.4.jar:/home/anatole/ycsb/core/target/dependency/jackson-mapper-asl-1.9.4.jar:/home/anatole/ycsb/core/target/dependency/javax.persistence-api-2.2.jar:/home/anatole/ycsb/core/target/dependency/jnvm-1.0-SNAPSHOT.jar:/home/anatole/ycsb/core/target/dependency/pcj-1.0.jar:/home/anatole/ycsb/core/target/dependency/unsafe-helper-1.0.jar:/home/anatole/ycsb/infinispan/src/main/conf:/home/anatole/ycsb/infinispan/target/infinispan-binding-0.18.0-SNAPSHOT.jar:/home/anatole/ycsb/infinispan/target/dependency/caffeine-2.6.2.jar:/home/anatole/ycsb/infinispan/target/dependency/gson-2.8.2.jar:/home/anatole/ycsb/infinispan/target/dependency/guava-18.0.jar:/home/anatole/ycsb/infinispan/target/dependency/infinispan-cachestore-jnvm-1.0-SNAPSHOT.jar:/home/anatole/ycsb/infinispan/target/dependency/infinispan-cachestore-pcj-1.0-SNAPSHOT.jar:/home/anatole/ycsb/infinispan/target/dependency/infinispan-client-hotrod-9.4.20.Final.jar:/home/anatole/ycsb/infinispan/target/dependency/infinispan-commons-9.4.20.Final.jar:/home/anatole/ycsb/infinispan/target/dependency/infinispan-core-9.4.20.Final.jar:/home/anatole/ycsb/infinispan/target/dependency/javax.persistence-api-2.2.jar:/home/anatole/ycsb/infinispan/target/dependency/jboss-logging-3.3.2.Final.jar:/home/anatole/ycsb/infinispan/target/dependency/jboss-marshalling-osgi-2.0.6.Final.jar:/home/anatole/ycsb/infinispan/target/dependency/jboss-transaction-api_1.2_spec-1.1.1.Final.jar:/home/anatole/ycsb/infinispan/target/dependency/jgroups-4.0.21.Final.jar:/home/anatole/ycsb/infinispan/target/dependency/jnvm-1.0-SNAPSHOT.jar:/home/anatole/ycsb/infinispan/target/dependency/metainf-services-1.7.jar:/home/anatole/ycsb/infinispan/target/dependency/netty-buffer-4.1.51.Final.jar:/home/anatole/ycsb/infinispan/target/dependency/netty-codec-4.1.51.Final.jar:/home/anatole/ycsb/infinispan/target/dependency/netty-common-4.1.51.Final.jar:/home/anatole/ycsb/infinispan/target/dependency/netty-handler-4.1.51.Final.jar:/home/anatole/ycsb/infinispan/target/dependency/netty-resolver-4.1.51.Final.jar:/home/anatole/ycsb/infinispan/target/dependency/netty-transport-4.1.51.Final.jar:/home/anatole/ycsb/infinispan/target/dependency/netty-transport-native-epoll-4.1.51.Final-linux-x86_64.jar:/home/anatole/ycsb/infinispan/target/dependency/netty-transport-native-unix-common-4.1.51.Final.jar:/home/anatole/ycsb/infinispan/target/dependency/pcj-1.0.jar:/home/anatole/ycsb/infinispan/target/dependency/reactive-streams-1.0.2.jar:/home/anatole/ycsb/infinispan/target/dependency/rxjava-2.2.4.jar:/home/anatole/ycsb/infinispan/target/dependency/unsafe-helper-1.0.jar site.ycsb.Client -t -db site.ycsb.db.InfinispanClient -P ../workloads/workloadf -preload -s -threads 1 -p dataintegrity=true -p offheap=false -p pcj=false -p recordcount=1000000 -p operationcount=10000000 -p fieldcount=10 -p fieldlength=100 -p measurement.trackjvm=true -p measurementtype=hdrhistogram -p hdrhistogram.output.path=./out/exp0.exectime.ref/log/infinispan.run.workloadf.true.1000000.1000000.10.100.default.1.false.true.default.default.none.r1.hdr.log
[OVERALL], RunTime(ms), 45040
[OVERALL], Throughput(ops/sec), 244227.35346358793
[TOTAL_GCS_G1_Young_Generation], Count, 50
[TOTAL_GC_TIME_G1_Young_Generation], Time(ms), 6565
[TOTAL_GC_TIME_%_G1_Young_Generation], Time(%), 14.575932504440498
[TOTAL_GCS_G1_Old_Generation], Count, 0
[TOTAL_GC_TIME_G1_Old_Generation], Time(ms), 0
[TOTAL_GC_TIME_%_G1_Old_Generation], Time(%), 0.0
[TOTAL_GCs], Count, 50
[TOTAL_GC_TIME], Time(ms), 6565
[TOTAL_GC_TIME_%], Time(%), 14.575932504440498
[MAX_MEM_USED], MBs, 6112
[MIN_MEM_USED], MBs, 50
[MAX_THREADS], Count, 6
[MIN_THREADS], Count, 3
[MAX_SYS_LOAD_AVG], Load, 6.26
[MIN_SYS_LOAD_AVG], Load, 2.75
[THREAD_COUNT], Operations, 6
[THREAD_COUNT], AverageLatency(ns), 5.166666666666667
[THREAD_COUNT], MinLatency(ns), 3
[THREAD_COUNT], MaxLatency(ns), 6
[THREAD_COUNT], 95thPercentileLatency(ns), 6
[THREAD_COUNT], 99thPercentileLatency(ns), 6
[SYS_LOAD_AVG], Operations, 6
[SYS_LOAD_AVG], AverageLatency(ns), 4.333333333333333
[SYS_LOAD_AVG], MinLatency(ns), 2
[SYS_LOAD_AVG], MaxLatency(ns), 6
[SYS_LOAD_AVG], 95thPercentileLatency(ns), 6
[SYS_LOAD_AVG], 99thPercentileLatency(ns), 6
[READ-MODIFY-WRITE], Operations, 4999017
[READ-MODIFY-WRITE], AverageLatency(ns), 2939.645287263476
[READ-MODIFY-WRITE], MinLatency(ns), 1452
[READ-MODIFY-WRITE], MaxLatency(ns), 222433279
[READ-MODIFY-WRITE], 95thPercentileLatency(ns), 4101
[READ-MODIFY-WRITE], 99thPercentileLatency(ns), 4761
[LOAD], Operations, 1
[LOAD], AverageLatency(ns), 1.3285425152E10
[LOAD], MinLatency(ns), 13285392384
[LOAD], MaxLatency(ns), 13285457919
[LOAD], 95thPercentileLatency(ns), 13285457919
[LOAD], 99thPercentileLatency(ns), 13285457919
[USED_MEM_MB], Operations, 6
[USED_MEM_MB], AverageLatency(ns), 4246.0
[USED_MEM_MB], MinLatency(ns), 50
[USED_MEM_MB], MaxLatency(ns), 6112
[USED_MEM_MB], 95thPercentileLatency(ns), 6112
[USED_MEM_MB], 99thPercentileLatency(ns), 6112
[MAIN_GCs_Count], Operations, 1
[MAIN_GCs_Count], AverageLatency(ns), 23.0
[MAIN_GCs_Count], MinLatency(ns), 23
[MAIN_GCs_Count], MaxLatency(ns), 23
[MAIN_GCs_Count], 95thPercentileLatency(ns), 23
[MAIN_GCs_Count], 99thPercentileLatency(ns), 23
[MAIN_GCs_Time(ms)], Operations, 1
[MAIN_GCs_Time(ms)], AverageLatency(ns), 4266.0
[MAIN_GCs_Time(ms)], MinLatency(ns), 4266
[MAIN_GCs_Time(ms)], MaxLatency(ns), 4266
[MAIN_GCs_Time(ms)], 95thPercentileLatency(ns), 4266
[MAIN_GCs_Time(ms)], 99thPercentileLatency(ns), 4266
[TRANSACTION], Operations, 1
[TRANSACTION], AverageLatency(ns), 3.0384652288E10
[TRANSACTION], MinLatency(ns), 30384586752
[TRANSACTION], MaxLatency(ns), 30384717823
[TRANSACTION], 95thPercentileLatency(ns), 30384717823
[TRANSACTION], 99thPercentileLatency(ns), 30384717823
[GCS_TIME], Operations, 6
[GCS_TIME], AverageLatency(ns), 1094.1666666666667
[GCS_TIME], MinLatency(ns), 0
[GCS_TIME], MaxLatency(ns), 1611
[GCS_TIME], 95thPercentileLatency(ns), 1611
[GCS_TIME], 99thPercentileLatency(ns), 1611
[LOAD_GCs_Time(ms)], Operations, 1
[LOAD_GCs_Time(ms)], AverageLatency(ns), 2087.0
[LOAD_GCs_Time(ms)], MinLatency(ns), 2087
[LOAD_GCs_Time(ms)], MaxLatency(ns), 2087
[LOAD_GCs_Time(ms)], 95thPercentileLatency(ns), 2087
[LOAD_GCs_Time(ms)], 99thPercentileLatency(ns), 2087
[READ], Operations, 10000000
[READ], AverageLatency(ns), 616.2916494
[READ], MinLatency(ns), 181
[READ], MaxLatency(ns), 218715135
[READ], 95thPercentileLatency(ns), 1457
[READ], 99thPercentileLatency(ns), 2323
[READ], Return=OK, 10000000
[INIT], Operations, 1
[INIT], AverageLatency(ns), 6.00844288E8
[INIT], MinLatency(ns), 600842240
[INIT], MaxLatency(ns), 600846335
[INIT], 95thPercentileLatency(ns), 600846335
[INIT], 99thPercentileLatency(ns), 600846335
[GCS], Operations, 6
[GCS], AverageLatency(ns), 8.333333333333334
[GCS], MinLatency(ns), 0
[GCS], MaxLatency(ns), 23
[GCS], 95thPercentileLatency(ns), 23
[GCS], 99thPercentileLatency(ns), 23
[LOAD_GCs_Count], Operations, 1
[LOAD_GCs_Count], AverageLatency(ns), 25.0
[LOAD_GCs_Count], MinLatency(ns), 25
[LOAD_GCs_Count], MaxLatency(ns), 25
[LOAD_GCs_Count], 95thPercentileLatency(ns), 25
[LOAD_GCs_Count], 99thPercentileLatency(ns), 25
[CLEANUP], Operations, 1
[CLEANUP], AverageLatency(ns), 6.946304E8
[CLEANUP], MinLatency(ns), 694628352
[CLEANUP], MaxLatency(ns), 694632447
[CLEANUP], 95thPercentileLatency(ns), 694632447
[CLEANUP], 99thPercentileLatency(ns), 694632447
[INSERT], Operations, 1000000
[INSERT], AverageLatency(ns), 2005.165891
[INSERT], MinLatency(ns), 1217
[INSERT], MaxLatency(ns), 76354047
[INSERT], 95thPercentileLatency(ns), 2039
[INSERT], 99thPercentileLatency(ns), 3541
[INSERT], Return=OK, 1000000
[UPDATE], Operations, 4999017
[UPDATE], AverageLatency(ns), 2055.180509488165
[UPDATE], MinLatency(ns), 1006
[UPDATE], MaxLatency(ns), 213262335
[UPDATE], 95thPercentileLatency(ns), 3133
[UPDATE], 99thPercentileLatency(ns), 3686
[UPDATE], Return=OK, 4999017
