/home/anatole/jdk8u/build/linux-x86_64-normal-server-release/jdk/bin/java -Xmx20g -XX:+UseG1GC -classpath /home/anatole/ycsb/conf:/home/anatole/ycsb/core/target/core-0.18.0-SNAPSHOT.jar:/home/anatole/ycsb/core/target/dependency/HdrHistogram-2.1.4.jar:/home/anatole/ycsb/core/target/dependency/guava-18.0.jar:/home/anatole/ycsb/core/target/dependency/htrace-core4-4.1.0-incubating.jar:/home/anatole/ycsb/core/target/dependency/jackson-core-asl-1.9.4.jar:/home/anatole/ycsb/core/target/dependency/jackson-mapper-asl-1.9.4.jar:/home/anatole/ycsb/core/target/dependency/javax.persistence-api-2.2.jar:/home/anatole/ycsb/core/target/dependency/jnvm-1.0-SNAPSHOT.jar:/home/anatole/ycsb/core/target/dependency/pcj-1.0.jar:/home/anatole/ycsb/core/target/dependency/unsafe-helper-1.0.jar:/home/anatole/ycsb/infinispan/src/main/conf:/home/anatole/ycsb/infinispan/target/infinispan-binding-0.18.0-SNAPSHOT.jar:/home/anatole/ycsb/infinispan/target/dependency/caffeine-2.6.2.jar:/home/anatole/ycsb/infinispan/target/dependency/gson-2.8.2.jar:/home/anatole/ycsb/infinispan/target/dependency/guava-18.0.jar:/home/anatole/ycsb/infinispan/target/dependency/infinispan-cachestore-jnvm-1.0-SNAPSHOT.jar:/home/anatole/ycsb/infinispan/target/dependency/infinispan-cachestore-pcj-1.0-SNAPSHOT.jar:/home/anatole/ycsb/infinispan/target/dependency/infinispan-client-hotrod-9.4.20.Final.jar:/home/anatole/ycsb/infinispan/target/dependency/infinispan-commons-9.4.20.Final.jar:/home/anatole/ycsb/infinispan/target/dependency/infinispan-core-9.4.20.Final.jar:/home/anatole/ycsb/infinispan/target/dependency/javax.persistence-api-2.2.jar:/home/anatole/ycsb/infinispan/target/dependency/jboss-logging-3.3.2.Final.jar:/home/anatole/ycsb/infinispan/target/dependency/jboss-marshalling-osgi-2.0.6.Final.jar:/home/anatole/ycsb/infinispan/target/dependency/jboss-transaction-api_1.2_spec-1.1.1.Final.jar:/home/anatole/ycsb/infinispan/target/dependency/jgroups-4.0.21.Final.jar:/home/anatole/ycsb/infinispan/target/dependency/jnvm-1.0-SNAPSHOT.jar:/home/anatole/ycsb/infinispan/target/dependency/metainf-services-1.7.jar:/home/anatole/ycsb/infinispan/target/dependency/netty-buffer-4.1.51.Final.jar:/home/anatole/ycsb/infinispan/target/dependency/netty-codec-4.1.51.Final.jar:/home/anatole/ycsb/infinispan/target/dependency/netty-common-4.1.51.Final.jar:/home/anatole/ycsb/infinispan/target/dependency/netty-handler-4.1.51.Final.jar:/home/anatole/ycsb/infinispan/target/dependency/netty-resolver-4.1.51.Final.jar:/home/anatole/ycsb/infinispan/target/dependency/netty-transport-4.1.51.Final.jar:/home/anatole/ycsb/infinispan/target/dependency/netty-transport-native-epoll-4.1.51.Final-linux-x86_64.jar:/home/anatole/ycsb/infinispan/target/dependency/netty-transport-native-unix-common-4.1.51.Final.jar:/home/anatole/ycsb/infinispan/target/dependency/pcj-1.0.jar:/home/anatole/ycsb/infinispan/target/dependency/reactive-streams-1.0.2.jar:/home/anatole/ycsb/infinispan/target/dependency/rxjava-2.2.4.jar:/home/anatole/ycsb/infinispan/target/dependency/unsafe-helper-1.0.jar site.ycsb.Client -t -db site.ycsb.db.InfinispanClient -P ../workloads/workloadb -preload -s -threads 1 -p dataintegrity=true -p offheap=false -p pcj=false -p recordcount=1000000 -p operationcount=10000000 -p fieldcount=10 -p fieldlength=100 -p measurement.trackjvm=true -p measurementtype=hdrhistogram -p hdrhistogram.output.path=./out/exp0.exectime.ref/log/infinispan.run.workloadb.true.1000000.1000000.10.100.default.1.false.true.default.default.none.r2.hdr.log
[OVERALL], RunTime(ms), 29373
[OVERALL], Throughput(ops/sec), 374493.5825417901
[TOTAL_GCS_G1_Young_Generation], Count, 28
[TOTAL_GC_TIME_G1_Young_Generation], Time(ms), 2336
[TOTAL_GC_TIME_%_G1_Young_Generation], Time(%), 7.9528818983420155
[TOTAL_GCS_G1_Old_Generation], Count, 0
[TOTAL_GC_TIME_G1_Old_Generation], Time(ms), 0
[TOTAL_GC_TIME_%_G1_Old_Generation], Time(%), 0.0
[TOTAL_GCs], Count, 28
[TOTAL_GC_TIME], Time(ms), 2336
[TOTAL_GC_TIME_%], Time(%), 7.9528818983420155
[MAX_MEM_USED], MBs, 11456
[MIN_MEM_USED], MBs, 48
[MAX_THREADS], Count, 6
[MIN_THREADS], Count, 3
[MAX_SYS_LOAD_AVG], Load, 5.55
[MIN_SYS_LOAD_AVG], Load, 4.48
[THREAD_COUNT], Operations, 4
[THREAD_COUNT], AverageLatency(ns), 4.75
[THREAD_COUNT], MinLatency(ns), 3
[THREAD_COUNT], MaxLatency(ns), 6
[THREAD_COUNT], 95thPercentileLatency(ns), 6
[THREAD_COUNT], 99thPercentileLatency(ns), 6
[SYS_LOAD_AVG], Operations, 4
[SYS_LOAD_AVG], AverageLatency(ns), 4.75
[SYS_LOAD_AVG], MinLatency(ns), 4
[SYS_LOAD_AVG], MaxLatency(ns), 5
[SYS_LOAD_AVG], 95thPercentileLatency(ns), 5
[SYS_LOAD_AVG], 99thPercentileLatency(ns), 5
[LOAD], Operations, 1
[LOAD], AverageLatency(ns), 1.35553024E10
[LOAD], MinLatency(ns), 13555269632
[LOAD], MaxLatency(ns), 13555335167
[LOAD], 95thPercentileLatency(ns), 13555335167
[LOAD], 99thPercentileLatency(ns), 13555335167
[USED_MEM_MB], Operations, 4
[USED_MEM_MB], AverageLatency(ns), 5384.5
[USED_MEM_MB], MinLatency(ns), 48
[USED_MEM_MB], MaxLatency(ns), 11456
[USED_MEM_MB], 95thPercentileLatency(ns), 11456
[USED_MEM_MB], 99thPercentileLatency(ns), 11456
[MAIN_GCs_Count], Operations, 1
[MAIN_GCs_Count], AverageLatency(ns), 2.0
[MAIN_GCs_Count], MinLatency(ns), 2
[MAIN_GCs_Count], MaxLatency(ns), 2
[MAIN_GCs_Count], 95thPercentileLatency(ns), 2
[MAIN_GCs_Count], 99thPercentileLatency(ns), 2
[MAIN_GCs_Time(ms)], Operations, 1
[MAIN_GCs_Time(ms)], AverageLatency(ns), 215.0
[MAIN_GCs_Time(ms)], MinLatency(ns), 215
[MAIN_GCs_Time(ms)], MaxLatency(ns), 215
[MAIN_GCs_Time(ms)], 95thPercentileLatency(ns), 215
[MAIN_GCs_Time(ms)], 99thPercentileLatency(ns), 215
[TRANSACTION], Operations, 1
[TRANSACTION], AverageLatency(ns), 1.4640316416E10
[TRANSACTION], MinLatency(ns), 14640283648
[TRANSACTION], MaxLatency(ns), 14640349183
[TRANSACTION], 95thPercentileLatency(ns), 14640349183
[TRANSACTION], 99thPercentileLatency(ns), 14640349183
[GCS_TIME], Operations, 4
[GCS_TIME], AverageLatency(ns), 584.0
[GCS_TIME], MinLatency(ns), 0
[GCS_TIME], MaxLatency(ns), 1463
[GCS_TIME], 95thPercentileLatency(ns), 1463
[GCS_TIME], 99thPercentileLatency(ns), 1463
[LOAD_GCs_Time(ms)], Operations, 1
[LOAD_GCs_Time(ms)], AverageLatency(ns), 2098.0
[LOAD_GCs_Time(ms)], MinLatency(ns), 2098
[LOAD_GCs_Time(ms)], MaxLatency(ns), 2098
[LOAD_GCs_Time(ms)], 95thPercentileLatency(ns), 2098
[LOAD_GCs_Time(ms)], 99thPercentileLatency(ns), 2098
[READ], Operations, 9500561
[READ], AverageLatency(ns), 676.7450066369765
[READ], MinLatency(ns), 184
[READ], MaxLatency(ns), 1587039
[READ], 95thPercentileLatency(ns), 2854
[READ], 99thPercentileLatency(ns), 4107
[READ], Return=OK, 9500561
[INIT], Operations, 1
[INIT], AverageLatency(ns), 5.825024E8
[INIT], MinLatency(ns), 582500352
[INIT], MaxLatency(ns), 582504447
[INIT], 95thPercentileLatency(ns), 582504447
[INIT], 99thPercentileLatency(ns), 582504447
[GCS], Operations, 4
[GCS], AverageLatency(ns), 7.0
[GCS], MinLatency(ns), 0
[GCS], MaxLatency(ns), 22
[GCS], 95thPercentileLatency(ns), 22
[GCS], 99thPercentileLatency(ns), 22
[LOAD_GCs_Count], Operations, 1
[LOAD_GCs_Count], AverageLatency(ns), 25.0
[LOAD_GCs_Count], MinLatency(ns), 25
[LOAD_GCs_Count], MaxLatency(ns), 25
[LOAD_GCs_Count], 95thPercentileLatency(ns), 25
[LOAD_GCs_Count], 99thPercentileLatency(ns), 25
[CLEANUP], Operations, 1
[CLEANUP], AverageLatency(ns), 5.18276096E8
[CLEANUP], MinLatency(ns), 518275072
[CLEANUP], MaxLatency(ns), 518277119
[CLEANUP], 95thPercentileLatency(ns), 518277119
[CLEANUP], 99thPercentileLatency(ns), 518277119
[INSERT], Operations, 1000000
[INSERT], AverageLatency(ns), 2201.923907
[INSERT], MinLatency(ns), 1214
[INSERT], MaxLatency(ns), 138356735
[INSERT], 95thPercentileLatency(ns), 2074
[INSERT], 99thPercentileLatency(ns), 3960
[INSERT], Return=OK, 1000000
[UPDATE], Operations, 499439
[UPDATE], AverageLatency(ns), 2585.7176351866797
[UPDATE], MinLatency(ns), 1031
[UPDATE], MaxLatency(ns), 482451
[UPDATE], 95thPercentileLatency(ns), 5268
[UPDATE], 99thPercentileLatency(ns), 5942
[UPDATE], Return=OK, 499439
