/home/anatole/jdk8u/build/linux-x86_64-normal-server-release/jdk/bin/java -Xmx20g -XX:+UseG1GC -classpath /home/anatole/ycsb/conf:/home/anatole/ycsb/core/target/core-0.18.0-SNAPSHOT.jar:/home/anatole/ycsb/core/target/dependency/HdrHistogram-2.1.4.jar:/home/anatole/ycsb/core/target/dependency/guava-18.0.jar:/home/anatole/ycsb/core/target/dependency/htrace-core4-4.1.0-incubating.jar:/home/anatole/ycsb/core/target/dependency/jackson-core-asl-1.9.4.jar:/home/anatole/ycsb/core/target/dependency/jackson-mapper-asl-1.9.4.jar:/home/anatole/ycsb/core/target/dependency/javax.persistence-api-2.2.jar:/home/anatole/ycsb/core/target/dependency/jnvm-1.0-SNAPSHOT.jar:/home/anatole/ycsb/core/target/dependency/pcj-1.0.jar:/home/anatole/ycsb/core/target/dependency/unsafe-helper-1.0.jar:/home/anatole/ycsb/infinispan/src/main/conf:/home/anatole/ycsb/infinispan/target/infinispan-binding-0.18.0-SNAPSHOT.jar:/home/anatole/ycsb/infinispan/target/dependency/caffeine-2.6.2.jar:/home/anatole/ycsb/infinispan/target/dependency/gson-2.8.2.jar:/home/anatole/ycsb/infinispan/target/dependency/guava-18.0.jar:/home/anatole/ycsb/infinispan/target/dependency/infinispan-cachestore-jnvm-1.0-SNAPSHOT.jar:/home/anatole/ycsb/infinispan/target/dependency/infinispan-cachestore-pcj-1.0-SNAPSHOT.jar:/home/anatole/ycsb/infinispan/target/dependency/infinispan-client-hotrod-9.4.20.Final.jar:/home/anatole/ycsb/infinispan/target/dependency/infinispan-commons-9.4.20.Final.jar:/home/anatole/ycsb/infinispan/target/dependency/infinispan-core-9.4.20.Final.jar:/home/anatole/ycsb/infinispan/target/dependency/javax.persistence-api-2.2.jar:/home/anatole/ycsb/infinispan/target/dependency/jboss-logging-3.3.2.Final.jar:/home/anatole/ycsb/infinispan/target/dependency/jboss-marshalling-osgi-2.0.6.Final.jar:/home/anatole/ycsb/infinispan/target/dependency/jboss-transaction-api_1.2_spec-1.1.1.Final.jar:/home/anatole/ycsb/infinispan/target/dependency/jgroups-4.0.21.Final.jar:/home/anatole/ycsb/infinispan/target/dependency/jnvm-1.0-SNAPSHOT.jar:/home/anatole/ycsb/infinispan/target/dependency/metainf-services-1.7.jar:/home/anatole/ycsb/infinispan/target/dependency/netty-buffer-4.1.51.Final.jar:/home/anatole/ycsb/infinispan/target/dependency/netty-codec-4.1.51.Final.jar:/home/anatole/ycsb/infinispan/target/dependency/netty-common-4.1.51.Final.jar:/home/anatole/ycsb/infinispan/target/dependency/netty-handler-4.1.51.Final.jar:/home/anatole/ycsb/infinispan/target/dependency/netty-resolver-4.1.51.Final.jar:/home/anatole/ycsb/infinispan/target/dependency/netty-transport-4.1.51.Final.jar:/home/anatole/ycsb/infinispan/target/dependency/netty-transport-native-epoll-4.1.51.Final-linux-x86_64.jar:/home/anatole/ycsb/infinispan/target/dependency/netty-transport-native-unix-common-4.1.51.Final.jar:/home/anatole/ycsb/infinispan/target/dependency/pcj-1.0.jar:/home/anatole/ycsb/infinispan/target/dependency/reactive-streams-1.0.2.jar:/home/anatole/ycsb/infinispan/target/dependency/rxjava-2.2.4.jar:/home/anatole/ycsb/infinispan/target/dependency/unsafe-helper-1.0.jar site.ycsb.Client -t -db site.ycsb.db.InfinispanAutoPersistClient -P ../workloads/workloadf -preload -s -threads 1 -p dataintegrity=true -p offheap=false -p pcj=false -p recordcount=1000000 -p operationcount=10000000 -p fieldcount=10 -p fieldlength=100 -p measurement.trackjvm=true -p measurementtype=hdrhistogram -p hdrhistogram.output.path=./out/exp0.exectime.ref/log/infinispan-autopersist.run.workloadf.true.1000000.1.10.100.default.1.false.true.default.default.none.r2.hdr.log
[OVERALL], RunTime(ms), 117362
[OVERALL], Throughput(ops/sec), 93727.10076515397
[TOTAL_GCS_G1_Young_Generation], Count, 115
[TOTAL_GC_TIME_G1_Young_Generation], Time(ms), 13170
[TOTAL_GC_TIME_%_G1_Young_Generation], Time(%), 11.221690155246161
[TOTAL_GCS_G1_Old_Generation], Count, 0
[TOTAL_GC_TIME_G1_Old_Generation], Time(ms), 0
[TOTAL_GC_TIME_%_G1_Old_Generation], Time(%), 0.0
[TOTAL_GCs], Count, 115
[TOTAL_GC_TIME], Time(ms), 13170
[TOTAL_GC_TIME_%], Time(%), 11.221690155246161
[MAX_MEM_USED], MBs, 6273
[MIN_MEM_USED], MBs, 48
[MAX_THREADS], Count, 7
[MIN_THREADS], Count, 3
[MAX_SYS_LOAD_AVG], Load, 5.76
[MIN_SYS_LOAD_AVG], Load, 2.71
[THREAD_COUNT], Operations, 13
[THREAD_COUNT], AverageLatency(ns), 6.076923076923077
[THREAD_COUNT], MinLatency(ns), 3
[THREAD_COUNT], MaxLatency(ns), 7
[THREAD_COUNT], 95thPercentileLatency(ns), 7
[THREAD_COUNT], 99thPercentileLatency(ns), 7
[SYS_LOAD_AVG], Operations, 13
[SYS_LOAD_AVG], AverageLatency(ns), 3.769230769230769
[SYS_LOAD_AVG], MinLatency(ns), 2
[SYS_LOAD_AVG], MaxLatency(ns), 5
[SYS_LOAD_AVG], 95thPercentileLatency(ns), 5
[SYS_LOAD_AVG], 99thPercentileLatency(ns), 5
[READ-MODIFY-WRITE], Operations, 5000813
[READ-MODIFY-WRITE], AverageLatency(ns), 7787.847823143957
[READ-MODIFY-WRITE], MinLatency(ns), 2664
[READ-MODIFY-WRITE], MaxLatency(ns), 414801919
[READ-MODIFY-WRITE], 95thPercentileLatency(ns), 7861
[READ-MODIFY-WRITE], 99thPercentileLatency(ns), 9514
[LOAD], Operations, 1
[LOAD], AverageLatency(ns), 5.0847940608E10
[LOAD], MinLatency(ns), 50847809536
[LOAD], MaxLatency(ns), 50848071679
[LOAD], 95thPercentileLatency(ns), 50848071679
[LOAD], 99thPercentileLatency(ns), 50848071679
[USED_MEM_MB], Operations, 13
[USED_MEM_MB], AverageLatency(ns), 4185.153846153846
[USED_MEM_MB], MinLatency(ns), 48
[USED_MEM_MB], MaxLatency(ns), 6273
[USED_MEM_MB], 95thPercentileLatency(ns), 5694
[USED_MEM_MB], 99thPercentileLatency(ns), 6273
[MAIN_GCs_Count], Operations, 1
[MAIN_GCs_Count], AverageLatency(ns), 42.0
[MAIN_GCs_Count], MinLatency(ns), 42
[MAIN_GCs_Count], MaxLatency(ns), 42
[MAIN_GCs_Count], 95thPercentileLatency(ns), 42
[MAIN_GCs_Count], 99thPercentileLatency(ns), 42
[MAIN_GCs_Time(ms)], Operations, 1
[MAIN_GCs_Time(ms)], AverageLatency(ns), 9839.0
[MAIN_GCs_Time(ms)], MinLatency(ns), 9839
[MAIN_GCs_Time(ms)], MaxLatency(ns), 9839
[MAIN_GCs_Time(ms)], 95thPercentileLatency(ns), 9839
[MAIN_GCs_Time(ms)], 99thPercentileLatency(ns), 9839
[TRANSACTION], Operations, 1
[TRANSACTION], AverageLatency(ns), 6.468861952E10
[TRANSACTION], MinLatency(ns), 64688488448
[TRANSACTION], MaxLatency(ns), 64688750591
[TRANSACTION], 95thPercentileLatency(ns), 64688750591
[TRANSACTION], 99thPercentileLatency(ns), 64688750591
[GCS_TIME], Operations, 13
[GCS_TIME], AverageLatency(ns), 1013.0769230769231
[GCS_TIME], MinLatency(ns), 0
[GCS_TIME], MaxLatency(ns), 1912
[GCS_TIME], 95thPercentileLatency(ns), 1874
[GCS_TIME], 99thPercentileLatency(ns), 1912
[LOAD_GCs_Time(ms)], Operations, 1
[LOAD_GCs_Time(ms)], AverageLatency(ns), 3308.0
[LOAD_GCs_Time(ms)], MinLatency(ns), 3308
[LOAD_GCs_Time(ms)], MaxLatency(ns), 3308
[LOAD_GCs_Time(ms)], 95thPercentileLatency(ns), 3308
[LOAD_GCs_Time(ms)], 99thPercentileLatency(ns), 3308
[READ], Operations, 10000000
[READ], AverageLatency(ns), 2226.0830989
[READ], MinLatency(ns), 268
[READ], MaxLatency(ns), 341694463
[READ], 95thPercentileLatency(ns), 2485
[READ], 99thPercentileLatency(ns), 3073
[READ], Return=OK, 10000000
[INIT], Operations, 1
[INIT], AverageLatency(ns), 1.758892032E9
[INIT], MinLatency(ns), 1758887936
[INIT], MaxLatency(ns), 1758896127
[INIT], 95thPercentileLatency(ns), 1758896127
[INIT], 99thPercentileLatency(ns), 1758896127
[GCS], Operations, 13
[GCS], AverageLatency(ns), 8.846153846153847
[GCS], MinLatency(ns), 0
[GCS], MaxLatency(ns), 41
[GCS], 95thPercentileLatency(ns), 18
[GCS], 99thPercentileLatency(ns), 41
[LOAD_GCs_Count], Operations, 1
[LOAD_GCs_Count], AverageLatency(ns), 72.0
[LOAD_GCs_Count], MinLatency(ns), 72
[LOAD_GCs_Count], MaxLatency(ns), 72
[LOAD_GCs_Count], 95thPercentileLatency(ns), 72
[LOAD_GCs_Count], 99thPercentileLatency(ns), 72
[CLEANUP], Operations, 1
[CLEANUP], AverageLatency(ns), 5940176.0
[CLEANUP], MinLatency(ns), 5940160
[CLEANUP], MaxLatency(ns), 5940191
[CLEANUP], 95thPercentileLatency(ns), 5940191
[CLEANUP], 99thPercentileLatency(ns), 5940191
[INSERT], Operations, 1000000
[INSERT], AverageLatency(ns), 40922.779192
[INSERT], MinLatency(ns), 26012
[INSERT], MaxLatency(ns), 265252863
[INSERT], 95thPercentileLatency(ns), 37948
[INSERT], 99thPercentileLatency(ns), 59234
[INSERT], Return=OK, 1000000
[UPDATE], Operations, 5000813
[UPDATE], AverageLatency(ns), 5095.963890471409
[UPDATE], MinLatency(ns), 1656
[UPDATE], MaxLatency(ns), 406775807
[UPDATE], 95thPercentileLatency(ns), 5435
[UPDATE], 99thPercentileLatency(ns), 5846
[UPDATE], Return=OK, 5000813
