/home/anatole/jdk8u/build/linux-x86_64-normal-server-release/jdk/bin/java -Xmx20g -XX:+UseG1GC -classpath /home/anatole/ycsb/conf:/home/anatole/ycsb/core/target/core-0.18.0-SNAPSHOT.jar:/home/anatole/ycsb/core/target/dependency/HdrHistogram-2.1.4.jar:/home/anatole/ycsb/core/target/dependency/guava-18.0.jar:/home/anatole/ycsb/core/target/dependency/htrace-core4-4.1.0-incubating.jar:/home/anatole/ycsb/core/target/dependency/jackson-core-asl-1.9.4.jar:/home/anatole/ycsb/core/target/dependency/jackson-mapper-asl-1.9.4.jar:/home/anatole/ycsb/core/target/dependency/javax.persistence-api-2.2.jar:/home/anatole/ycsb/core/target/dependency/jnvm-1.0-SNAPSHOT.jar:/home/anatole/ycsb/core/target/dependency/pcj-1.0.jar:/home/anatole/ycsb/core/target/dependency/unsafe-helper-1.0.jar:/home/anatole/ycsb/infinispan/src/main/conf:/home/anatole/ycsb/infinispan/target/infinispan-binding-0.18.0-SNAPSHOT.jar:/home/anatole/ycsb/infinispan/target/dependency/caffeine-2.6.2.jar:/home/anatole/ycsb/infinispan/target/dependency/gson-2.8.2.jar:/home/anatole/ycsb/infinispan/target/dependency/guava-18.0.jar:/home/anatole/ycsb/infinispan/target/dependency/infinispan-cachestore-jnvm-1.0-SNAPSHOT.jar:/home/anatole/ycsb/infinispan/target/dependency/infinispan-cachestore-pcj-1.0-SNAPSHOT.jar:/home/anatole/ycsb/infinispan/target/dependency/infinispan-client-hotrod-9.4.20.Final.jar:/home/anatole/ycsb/infinispan/target/dependency/infinispan-commons-9.4.20.Final.jar:/home/anatole/ycsb/infinispan/target/dependency/infinispan-core-9.4.20.Final.jar:/home/anatole/ycsb/infinispan/target/dependency/javax.persistence-api-2.2.jar:/home/anatole/ycsb/infinispan/target/dependency/jboss-logging-3.3.2.Final.jar:/home/anatole/ycsb/infinispan/target/dependency/jboss-marshalling-osgi-2.0.6.Final.jar:/home/anatole/ycsb/infinispan/target/dependency/jboss-transaction-api_1.2_spec-1.1.1.Final.jar:/home/anatole/ycsb/infinispan/target/dependency/jgroups-4.0.21.Final.jar:/home/anatole/ycsb/infinispan/target/dependency/jnvm-1.0-SNAPSHOT.jar:/home/anatole/ycsb/infinispan/target/dependency/metainf-services-1.7.jar:/home/anatole/ycsb/infinispan/target/dependency/netty-buffer-4.1.51.Final.jar:/home/anatole/ycsb/infinispan/target/dependency/netty-codec-4.1.51.Final.jar:/home/anatole/ycsb/infinispan/target/dependency/netty-common-4.1.51.Final.jar:/home/anatole/ycsb/infinispan/target/dependency/netty-handler-4.1.51.Final.jar:/home/anatole/ycsb/infinispan/target/dependency/netty-resolver-4.1.51.Final.jar:/home/anatole/ycsb/infinispan/target/dependency/netty-transport-4.1.51.Final.jar:/home/anatole/ycsb/infinispan/target/dependency/netty-transport-native-epoll-4.1.51.Final-linux-x86_64.jar:/home/anatole/ycsb/infinispan/target/dependency/netty-transport-native-unix-common-4.1.51.Final.jar:/home/anatole/ycsb/infinispan/target/dependency/pcj-1.0.jar:/home/anatole/ycsb/infinispan/target/dependency/reactive-streams-1.0.2.jar:/home/anatole/ycsb/infinispan/target/dependency/rxjava-2.2.4.jar:/home/anatole/ycsb/infinispan/target/dependency/unsafe-helper-1.0.jar site.ycsb.Client -t -db site.ycsb.db.InfinispanAutoPersistClient -P ../workloads/workloadd -preload -s -threads 1 -p dataintegrity=true -p offheap=false -p pcj=false -p recordcount=1000000 -p operationcount=10000000 -p fieldcount=10 -p fieldlength=100 -p measurement.trackjvm=true -p measurementtype=hdrhistogram -p hdrhistogram.output.path=./out/exp0.exectime.ref/log/infinispan-autopersist.run.workloadd.true.1000000.1.10.100.default.1.false.true.default.default.none.r5.hdr.log
[OVERALL], RunTime(ms), 101472
[OVERALL], Throughput(ops/sec), 108404.28886786502
[TOTAL_GCS_G1_Young_Generation], Count, 168
[TOTAL_GC_TIME_G1_Young_Generation], Time(ms), 5406
[TOTAL_GC_TIME_%_G1_Young_Generation], Time(%), 5.327578051087984
[TOTAL_GCS_G1_Old_Generation], Count, 0
[TOTAL_GC_TIME_G1_Old_Generation], Time(ms), 0
[TOTAL_GC_TIME_%_G1_Old_Generation], Time(%), 0.0
[TOTAL_GCs], Count, 168
[TOTAL_GC_TIME], Time(ms), 5406
[TOTAL_GC_TIME_%], Time(%), 5.327578051087984
[MAX_MEM_USED], MBs, 8472
[MIN_MEM_USED], MBs, 48
[MAX_THREADS], Count, 7
[MIN_THREADS], Count, 3
[MAX_SYS_LOAD_AVG], Load, 3.04
[MIN_SYS_LOAD_AVG], Load, 2.04
[THREAD_COUNT], Operations, 12
[THREAD_COUNT], AverageLatency(ns), 6.083333333333333
[THREAD_COUNT], MinLatency(ns), 3
[THREAD_COUNT], MaxLatency(ns), 7
[THREAD_COUNT], 95thPercentileLatency(ns), 7
[THREAD_COUNT], 99thPercentileLatency(ns), 7
[SYS_LOAD_AVG], Operations, 12
[SYS_LOAD_AVG], AverageLatency(ns), 2.0833333333333335
[SYS_LOAD_AVG], MinLatency(ns), 2
[SYS_LOAD_AVG], MaxLatency(ns), 3
[SYS_LOAD_AVG], 95thPercentileLatency(ns), 2
[SYS_LOAD_AVG], 99thPercentileLatency(ns), 3
[LOAD], Operations, 1
[LOAD], AverageLatency(ns), 5.2351336448E10
[LOAD], MinLatency(ns), 52351205376
[LOAD], MaxLatency(ns), 52351467519
[LOAD], 95thPercentileLatency(ns), 52351467519
[LOAD], 99thPercentileLatency(ns), 52351467519
[USED_MEM_MB], Operations, 12
[USED_MEM_MB], AverageLatency(ns), 4636.416666666667
[USED_MEM_MB], MinLatency(ns), 48
[USED_MEM_MB], MaxLatency(ns), 8472
[USED_MEM_MB], 95thPercentileLatency(ns), 7346
[USED_MEM_MB], 99thPercentileLatency(ns), 8472
[MAIN_GCs_Count], Operations, 1
[MAIN_GCs_Count], AverageLatency(ns), 17.0
[MAIN_GCs_Count], MinLatency(ns), 17
[MAIN_GCs_Count], MaxLatency(ns), 17
[MAIN_GCs_Count], 95thPercentileLatency(ns), 17
[MAIN_GCs_Count], 99thPercentileLatency(ns), 17
[MAIN_GCs_Time(ms)], Operations, 1
[MAIN_GCs_Time(ms)], AverageLatency(ns), 1867.0
[MAIN_GCs_Time(ms)], MinLatency(ns), 1867
[MAIN_GCs_Time(ms)], MaxLatency(ns), 1867
[MAIN_GCs_Time(ms)], 95thPercentileLatency(ns), 1867
[MAIN_GCs_Time(ms)], 99thPercentileLatency(ns), 1867
[TRANSACTION], Operations, 1
[TRANSACTION], AverageLatency(ns), 4.7313977344E10
[TRANSACTION], MinLatency(ns), 47313846272
[TRANSACTION], MaxLatency(ns), 47314108415
[TRANSACTION], 95thPercentileLatency(ns), 47314108415
[TRANSACTION], 99thPercentileLatency(ns), 47314108415
[GCS_TIME], Operations, 12
[GCS_TIME], AverageLatency(ns), 450.5
[GCS_TIME], MinLatency(ns), 0
[GCS_TIME], MaxLatency(ns), 810
[GCS_TIME], 95thPercentileLatency(ns), 723
[GCS_TIME], 99thPercentileLatency(ns), 810
[LOAD_GCs_Time(ms)], Operations, 1
[LOAD_GCs_Time(ms)], AverageLatency(ns), 3519.0
[LOAD_GCs_Time(ms)], MinLatency(ns), 3519
[LOAD_GCs_Time(ms)], MaxLatency(ns), 3519
[LOAD_GCs_Time(ms)], 95thPercentileLatency(ns), 3519
[LOAD_GCs_Time(ms)], 99thPercentileLatency(ns), 3519
[READ], Operations, 9501904
[READ], AverageLatency(ns), 1921.20817722427
[READ], MinLatency(ns), 260
[READ], MaxLatency(ns), 163465215
[READ], 95thPercentileLatency(ns), 4682
[READ], 99thPercentileLatency(ns), 6547
[READ], Return=OK, 9501904
[INIT], Operations, 1
[INIT], AverageLatency(ns), 1.718734848E9
[INIT], MinLatency(ns), 1718730752
[INIT], MaxLatency(ns), 1718738943
[INIT], 95thPercentileLatency(ns), 1718738943
[INIT], 99thPercentileLatency(ns), 1718738943
[GCS], Operations, 12
[GCS], AverageLatency(ns), 14.0
[GCS], MinLatency(ns), 0
[GCS], MaxLatency(ns), 50
[GCS], 95thPercentileLatency(ns), 46
[GCS], 99thPercentileLatency(ns), 50
[LOAD_GCs_Count], Operations, 1
[LOAD_GCs_Count], AverageLatency(ns), 150.0
[LOAD_GCs_Count], MinLatency(ns), 150
[LOAD_GCs_Count], MaxLatency(ns), 150
[LOAD_GCs_Count], 95thPercentileLatency(ns), 150
[LOAD_GCs_Count], 99thPercentileLatency(ns), 150
[CLEANUP], Operations, 1
[CLEANUP], AverageLatency(ns), 2.0968896E7
[CLEANUP], MinLatency(ns), 20968832
[CLEANUP], MaxLatency(ns), 20968959
[CLEANUP], 95thPercentileLatency(ns), 20968959
[CLEANUP], 99thPercentileLatency(ns), 20968959
[INSERT], Operations, 1498096
[INSERT], AverageLatency(ns), 39953.60463281392
[INSERT], MinLatency(ns), 22377
[INSERT], MaxLatency(ns), 176706559
[INSERT], 95thPercentileLatency(ns), 37289
[INSERT], 99thPercentileLatency(ns), 55583
[INSERT], Return=OK, 1498096
