/home/anatole/jdk8u/build/linux-x86_64-normal-server-release/jdk/bin/java -Xmx20g -XX:+UseG1GC -classpath /home/anatole/ycsb/conf:/home/anatole/ycsb/core/target/core-0.18.0-SNAPSHOT.jar:/home/anatole/ycsb/core/target/dependency/HdrHistogram-2.1.4.jar:/home/anatole/ycsb/core/target/dependency/guava-18.0.jar:/home/anatole/ycsb/core/target/dependency/htrace-core4-4.1.0-incubating.jar:/home/anatole/ycsb/core/target/dependency/jackson-core-asl-1.9.4.jar:/home/anatole/ycsb/core/target/dependency/jackson-mapper-asl-1.9.4.jar:/home/anatole/ycsb/core/target/dependency/javax.persistence-api-2.2.jar:/home/anatole/ycsb/core/target/dependency/jnvm-1.0-SNAPSHOT.jar:/home/anatole/ycsb/core/target/dependency/pcj-1.0.jar:/home/anatole/ycsb/core/target/dependency/unsafe-helper-1.0.jar:/home/anatole/ycsb/infinispan/src/main/conf:/home/anatole/ycsb/infinispan/target/infinispan-binding-0.18.0-SNAPSHOT.jar:/home/anatole/ycsb/infinispan/target/dependency/caffeine-2.6.2.jar:/home/anatole/ycsb/infinispan/target/dependency/gson-2.8.2.jar:/home/anatole/ycsb/infinispan/target/dependency/guava-18.0.jar:/home/anatole/ycsb/infinispan/target/dependency/infinispan-cachestore-jnvm-1.0-SNAPSHOT.jar:/home/anatole/ycsb/infinispan/target/dependency/infinispan-cachestore-pcj-1.0-SNAPSHOT.jar:/home/anatole/ycsb/infinispan/target/dependency/infinispan-client-hotrod-9.4.20.Final.jar:/home/anatole/ycsb/infinispan/target/dependency/infinispan-commons-9.4.20.Final.jar:/home/anatole/ycsb/infinispan/target/dependency/infinispan-core-9.4.20.Final.jar:/home/anatole/ycsb/infinispan/target/dependency/javax.persistence-api-2.2.jar:/home/anatole/ycsb/infinispan/target/dependency/jboss-logging-3.3.2.Final.jar:/home/anatole/ycsb/infinispan/target/dependency/jboss-marshalling-osgi-2.0.6.Final.jar:/home/anatole/ycsb/infinispan/target/dependency/jboss-transaction-api_1.2_spec-1.1.1.Final.jar:/home/anatole/ycsb/infinispan/target/dependency/jgroups-4.0.21.Final.jar:/home/anatole/ycsb/infinispan/target/dependency/jnvm-1.0-SNAPSHOT.jar:/home/anatole/ycsb/infinispan/target/dependency/metainf-services-1.7.jar:/home/anatole/ycsb/infinispan/target/dependency/netty-buffer-4.1.51.Final.jar:/home/anatole/ycsb/infinispan/target/dependency/netty-codec-4.1.51.Final.jar:/home/anatole/ycsb/infinispan/target/dependency/netty-common-4.1.51.Final.jar:/home/anatole/ycsb/infinispan/target/dependency/netty-handler-4.1.51.Final.jar:/home/anatole/ycsb/infinispan/target/dependency/netty-resolver-4.1.51.Final.jar:/home/anatole/ycsb/infinispan/target/dependency/netty-transport-4.1.51.Final.jar:/home/anatole/ycsb/infinispan/target/dependency/netty-transport-native-epoll-4.1.51.Final-linux-x86_64.jar:/home/anatole/ycsb/infinispan/target/dependency/netty-transport-native-unix-common-4.1.51.Final.jar:/home/anatole/ycsb/infinispan/target/dependency/pcj-1.0.jar:/home/anatole/ycsb/infinispan/target/dependency/reactive-streams-1.0.2.jar:/home/anatole/ycsb/infinispan/target/dependency/rxjava-2.2.4.jar:/home/anatole/ycsb/infinispan/target/dependency/unsafe-helper-1.0.jar site.ycsb.Client -t -db site.ycsb.db.InfinispanAutoPersistClient -P ../workloads/workloadf -preload -s -threads 1 -p dataintegrity=true -p offheap=false -p pcj=false -p recordcount=1000000 -p operationcount=10000000 -p fieldcount=10 -p fieldlength=100 -p measurement.trackjvm=true -p measurementtype=hdrhistogram -p hdrhistogram.output.path=./out/exp0.exectime.ref/log/infinispan-autopersist.run.workloadf.true.1000000.1.10.100.default.1.false.true.default.default.none.r3.hdr.log
[OVERALL], RunTime(ms), 119824
[OVERALL], Throughput(ops/sec), 91801.30858592603
[TOTAL_GCS_G1_Young_Generation], Count, 186
[TOTAL_GC_TIME_G1_Young_Generation], Time(ms), 14859
[TOTAL_GC_TIME_%_G1_Young_Generation], Time(%), 12.400687675257045
[TOTAL_GCS_G1_Old_Generation], Count, 0
[TOTAL_GC_TIME_G1_Old_Generation], Time(ms), 0
[TOTAL_GC_TIME_%_G1_Old_Generation], Time(%), 0.0
[TOTAL_GCs], Count, 186
[TOTAL_GC_TIME], Time(ms), 14859
[TOTAL_GC_TIME_%], Time(%), 12.400687675257045
[MAX_MEM_USED], MBs, 5674
[MIN_MEM_USED], MBs, 50
[MAX_THREADS], Count, 7
[MIN_THREADS], Count, 3
[MAX_SYS_LOAD_AVG], Load, 7.33
[MIN_SYS_LOAD_AVG], Load, 3.12
[THREAD_COUNT], Operations, 13
[THREAD_COUNT], AverageLatency(ns), 6.076923076923077
[THREAD_COUNT], MinLatency(ns), 3
[THREAD_COUNT], MaxLatency(ns), 7
[THREAD_COUNT], 95thPercentileLatency(ns), 7
[THREAD_COUNT], 99thPercentileLatency(ns), 7
[SYS_LOAD_AVG], Operations, 13
[SYS_LOAD_AVG], AverageLatency(ns), 4.230769230769231
[SYS_LOAD_AVG], MinLatency(ns), 3
[SYS_LOAD_AVG], MaxLatency(ns), 7
[SYS_LOAD_AVG], 95thPercentileLatency(ns), 6
[SYS_LOAD_AVG], 99thPercentileLatency(ns), 7
[READ-MODIFY-WRITE], Operations, 4999497
[READ-MODIFY-WRITE], AverageLatency(ns), 7985.652747466395
[READ-MODIFY-WRITE], MinLatency(ns), 2600
[READ-MODIFY-WRITE], MaxLatency(ns), 395411455
[READ-MODIFY-WRITE], 95thPercentileLatency(ns), 7827
[READ-MODIFY-WRITE], 99thPercentileLatency(ns), 9114
[LOAD], Operations, 1
[LOAD], AverageLatency(ns), 5.2383842304E10
[LOAD], MinLatency(ns), 52383711232
[LOAD], MaxLatency(ns), 52383973375
[LOAD], 95thPercentileLatency(ns), 52383973375
[LOAD], 99thPercentileLatency(ns), 52383973375
[USED_MEM_MB], Operations, 13
[USED_MEM_MB], AverageLatency(ns), 3939.923076923077
[USED_MEM_MB], MinLatency(ns), 50
[USED_MEM_MB], MaxLatency(ns), 5674
[USED_MEM_MB], 95thPercentileLatency(ns), 5569
[USED_MEM_MB], 99thPercentileLatency(ns), 5674
[MAIN_GCs_Count], Operations, 1
[MAIN_GCs_Count], AverageLatency(ns), 41.0
[MAIN_GCs_Count], MinLatency(ns), 41
[MAIN_GCs_Count], MaxLatency(ns), 41
[MAIN_GCs_Count], 95thPercentileLatency(ns), 41
[MAIN_GCs_Count], 99thPercentileLatency(ns), 41
[MAIN_GCs_Time(ms)], Operations, 1
[MAIN_GCs_Time(ms)], AverageLatency(ns), 11332.0
[MAIN_GCs_Time(ms)], MinLatency(ns), 11332
[MAIN_GCs_Time(ms)], MaxLatency(ns), 11332
[MAIN_GCs_Time(ms)], 95thPercentileLatency(ns), 11332
[MAIN_GCs_Time(ms)], 99thPercentileLatency(ns), 11332
[TRANSACTION], Operations, 1
[TRANSACTION], AverageLatency(ns), 6.5649115136E10
[TRANSACTION], MinLatency(ns), 65648984064
[TRANSACTION], MaxLatency(ns), 65649246207
[TRANSACTION], 95thPercentileLatency(ns), 65649246207
[TRANSACTION], 99thPercentileLatency(ns), 65649246207
[GCS_TIME], Operations, 13
[GCS_TIME], AverageLatency(ns), 1143.0
[GCS_TIME], MinLatency(ns), 0
[GCS_TIME], MaxLatency(ns), 1890
[GCS_TIME], 95thPercentileLatency(ns), 1871
[GCS_TIME], 99thPercentileLatency(ns), 1890
[LOAD_GCs_Time(ms)], Operations, 1
[LOAD_GCs_Time(ms)], AverageLatency(ns), 3512.0
[LOAD_GCs_Time(ms)], MinLatency(ns), 3512
[LOAD_GCs_Time(ms)], MaxLatency(ns), 3512
[LOAD_GCs_Time(ms)], 95thPercentileLatency(ns), 3512
[LOAD_GCs_Time(ms)], 99thPercentileLatency(ns), 3512
[READ], Operations, 10000000
[READ], AverageLatency(ns), 2256.2752922
[READ], MinLatency(ns), 257
[READ], MaxLatency(ns), 366428159
[READ], 95thPercentileLatency(ns), 2475
[READ], 99thPercentileLatency(ns), 3026
[READ], Return=OK, 10000000
[INIT], Operations, 1
[INIT], AverageLatency(ns), 1.724215296E9
[INIT], MinLatency(ns), 1724211200
[INIT], MaxLatency(ns), 1724219391
[INIT], 95thPercentileLatency(ns), 1724219391
[INIT], 99thPercentileLatency(ns), 1724219391
[GCS], Operations, 13
[GCS], AverageLatency(ns), 14.307692307692308
[GCS], MinLatency(ns), 0
[GCS], MaxLatency(ns), 48
[GCS], 95thPercentileLatency(ns), 46
[GCS], 99thPercentileLatency(ns), 48
[LOAD_GCs_Count], Operations, 1
[LOAD_GCs_Count], AverageLatency(ns), 144.0
[LOAD_GCs_Count], MinLatency(ns), 144
[LOAD_GCs_Count], MaxLatency(ns), 144
[LOAD_GCs_Count], 95thPercentileLatency(ns), 144
[LOAD_GCs_Count], 99thPercentileLatency(ns), 144
[CLEANUP], Operations, 1
[CLEANUP], AverageLatency(ns), 5486224.0
[CLEANUP], MinLatency(ns), 5486208
[CLEANUP], MaxLatency(ns), 5486239
[CLEANUP], 95thPercentileLatency(ns), 5486239
[CLEANUP], 99thPercentileLatency(ns), 5486239
[INSERT], Operations, 1000000
[INSERT], AverageLatency(ns), 42249.60202
[INSERT], MinLatency(ns), 25405
[INSERT], MaxLatency(ns), 114144767
[INSERT], 95thPercentileLatency(ns), 38612
[INSERT], 99thPercentileLatency(ns), 61496
[INSERT], Return=OK, 1000000
[UPDATE], Operations, 4999497
[UPDATE], AverageLatency(ns), 5347.965359315147
[UPDATE], MinLatency(ns), 1618
[UPDATE], MaxLatency(ns), 369147903
[UPDATE], 95thPercentileLatency(ns), 5440
[UPDATE], 99thPercentileLatency(ns), 5821
[UPDATE], Return=OK, 4999497
