/home/anatole/jdk8u/build/linux-x86_64-normal-server-release/jdk/bin/java -Xmx20g -XX:+UseG1GC -classpath /home/anatole/ycsb/conf:/home/anatole/ycsb/core/target/core-0.18.0-SNAPSHOT.jar:/home/anatole/ycsb/core/target/dependency/HdrHistogram-2.1.4.jar:/home/anatole/ycsb/core/target/dependency/guava-18.0.jar:/home/anatole/ycsb/core/target/dependency/htrace-core4-4.1.0-incubating.jar:/home/anatole/ycsb/core/target/dependency/jackson-core-asl-1.9.4.jar:/home/anatole/ycsb/core/target/dependency/jackson-mapper-asl-1.9.4.jar:/home/anatole/ycsb/core/target/dependency/javax.persistence-api-2.2.jar:/home/anatole/ycsb/core/target/dependency/jnvm-1.0-SNAPSHOT.jar:/home/anatole/ycsb/core/target/dependency/pcj-1.0.jar:/home/anatole/ycsb/core/target/dependency/unsafe-helper-1.0.jar:/home/anatole/ycsb/infinispan/src/main/conf:/home/anatole/ycsb/infinispan/target/infinispan-binding-0.18.0-SNAPSHOT.jar:/home/anatole/ycsb/infinispan/target/dependency/caffeine-2.6.2.jar:/home/anatole/ycsb/infinispan/target/dependency/gson-2.8.2.jar:/home/anatole/ycsb/infinispan/target/dependency/guava-18.0.jar:/home/anatole/ycsb/infinispan/target/dependency/infinispan-cachestore-jnvm-1.0-SNAPSHOT.jar:/home/anatole/ycsb/infinispan/target/dependency/infinispan-cachestore-pcj-1.0-SNAPSHOT.jar:/home/anatole/ycsb/infinispan/target/dependency/infinispan-client-hotrod-9.4.20.Final.jar:/home/anatole/ycsb/infinispan/target/dependency/infinispan-commons-9.4.20.Final.jar:/home/anatole/ycsb/infinispan/target/dependency/infinispan-core-9.4.20.Final.jar:/home/anatole/ycsb/infinispan/target/dependency/javax.persistence-api-2.2.jar:/home/anatole/ycsb/infinispan/target/dependency/jboss-logging-3.3.2.Final.jar:/home/anatole/ycsb/infinispan/target/dependency/jboss-marshalling-osgi-2.0.6.Final.jar:/home/anatole/ycsb/infinispan/target/dependency/jboss-transaction-api_1.2_spec-1.1.1.Final.jar:/home/anatole/ycsb/infinispan/target/dependency/jgroups-4.0.21.Final.jar:/home/anatole/ycsb/infinispan/target/dependency/jnvm-1.0-SNAPSHOT.jar:/home/anatole/ycsb/infinispan/target/dependency/metainf-services-1.7.jar:/home/anatole/ycsb/infinispan/target/dependency/netty-buffer-4.1.51.Final.jar:/home/anatole/ycsb/infinispan/target/dependency/netty-codec-4.1.51.Final.jar:/home/anatole/ycsb/infinispan/target/dependency/netty-common-4.1.51.Final.jar:/home/anatole/ycsb/infinispan/target/dependency/netty-handler-4.1.51.Final.jar:/home/anatole/ycsb/infinispan/target/dependency/netty-resolver-4.1.51.Final.jar:/home/anatole/ycsb/infinispan/target/dependency/netty-transport-4.1.51.Final.jar:/home/anatole/ycsb/infinispan/target/dependency/netty-transport-native-epoll-4.1.51.Final-linux-x86_64.jar:/home/anatole/ycsb/infinispan/target/dependency/netty-transport-native-unix-common-4.1.51.Final.jar:/home/anatole/ycsb/infinispan/target/dependency/pcj-1.0.jar:/home/anatole/ycsb/infinispan/target/dependency/reactive-streams-1.0.2.jar:/home/anatole/ycsb/infinispan/target/dependency/rxjava-2.2.4.jar:/home/anatole/ycsb/infinispan/target/dependency/unsafe-helper-1.0.jar site.ycsb.Client -t -db site.ycsb.db.InfinispanAutoPersistClient -P ../workloads/workloadb -preload -s -threads 1 -p dataintegrity=true -p offheap=false -p pcj=false -p recordcount=1000000 -p operationcount=10000000 -p fieldcount=10 -p fieldlength=100 -p measurement.trackjvm=true -p measurementtype=hdrhistogram -p hdrhistogram.output.path=./out/exp0.exectime.ref/log/infinispan-autopersist.run.workloadb.true.1000000.1.10.100.default.1.false.true.default.default.none.r5.hdr.log
[OVERALL], RunTime(ms), 79318
[OVERALL], Throughput(ops/sec), 138682.26632038126
[TOTAL_GCS_G1_Young_Generation], Count, 101
[TOTAL_GC_TIME_G1_Young_Generation], Time(ms), 4723
[TOTAL_GC_TIME_%_G1_Young_Generation], Time(%), 5.954512216646915
[TOTAL_GCS_G1_Old_Generation], Count, 0
[TOTAL_GC_TIME_G1_Old_Generation], Time(ms), 0
[TOTAL_GC_TIME_%_G1_Old_Generation], Time(%), 0.0
[TOTAL_GCs], Count, 101
[TOTAL_GC_TIME], Time(ms), 4723
[TOTAL_GC_TIME_%], Time(%), 5.954512216646915
[MAX_MEM_USED], MBs, 5828
[MIN_MEM_USED], MBs, 50
[MAX_THREADS], Count, 7
[MIN_THREADS], Count, 3
[MAX_SYS_LOAD_AVG], Load, 5.09
[MIN_SYS_LOAD_AVG], Load, 3.15
[THREAD_COUNT], Operations, 9
[THREAD_COUNT], AverageLatency(ns), 6.111111111111111
[THREAD_COUNT], MinLatency(ns), 3
[THREAD_COUNT], MaxLatency(ns), 7
[THREAD_COUNT], 95thPercentileLatency(ns), 7
[THREAD_COUNT], 99thPercentileLatency(ns), 7
[SYS_LOAD_AVG], Operations, 9
[SYS_LOAD_AVG], AverageLatency(ns), 3.7777777777777777
[SYS_LOAD_AVG], MinLatency(ns), 3
[SYS_LOAD_AVG], MaxLatency(ns), 5
[SYS_LOAD_AVG], 95thPercentileLatency(ns), 5
[SYS_LOAD_AVG], 99thPercentileLatency(ns), 5
[LOAD], Operations, 1
[LOAD], AverageLatency(ns), 5.0072256512E10
[LOAD], MinLatency(ns), 50072125440
[LOAD], MaxLatency(ns), 50072387583
[LOAD], 95thPercentileLatency(ns), 50072387583
[LOAD], 99thPercentileLatency(ns), 50072387583
[USED_MEM_MB], Operations, 9
[USED_MEM_MB], AverageLatency(ns), 3677.0
[USED_MEM_MB], MinLatency(ns), 50
[USED_MEM_MB], MaxLatency(ns), 5828
[USED_MEM_MB], 95thPercentileLatency(ns), 5828
[USED_MEM_MB], 99thPercentileLatency(ns), 5828
[MAIN_GCs_Count], Operations, 1
[MAIN_GCs_Count], AverageLatency(ns), 22.0
[MAIN_GCs_Count], MinLatency(ns), 22
[MAIN_GCs_Count], MaxLatency(ns), 22
[MAIN_GCs_Count], 95thPercentileLatency(ns), 22
[MAIN_GCs_Count], 99thPercentileLatency(ns), 22
[MAIN_GCs_Time(ms)], Operations, 1
[MAIN_GCs_Time(ms)], AverageLatency(ns), 1257.0
[MAIN_GCs_Time(ms)], MinLatency(ns), 1257
[MAIN_GCs_Time(ms)], MaxLatency(ns), 1257
[MAIN_GCs_Time(ms)], 95thPercentileLatency(ns), 1257
[MAIN_GCs_Time(ms)], 99thPercentileLatency(ns), 1257
[TRANSACTION], Operations, 1
[TRANSACTION], AverageLatency(ns), 2.7097759744E10
[TRANSACTION], MinLatency(ns), 27097694208
[TRANSACTION], MaxLatency(ns), 27097825279
[TRANSACTION], 95thPercentileLatency(ns), 27097825279
[TRANSACTION], 99thPercentileLatency(ns), 27097825279
[GCS_TIME], Operations, 9
[GCS_TIME], AverageLatency(ns), 524.7777777777778
[GCS_TIME], MinLatency(ns), 0
[GCS_TIME], MaxLatency(ns), 743
[GCS_TIME], 95thPercentileLatency(ns), 743
[GCS_TIME], 99thPercentileLatency(ns), 743
[LOAD_GCs_Time(ms)], Operations, 1
[LOAD_GCs_Time(ms)], AverageLatency(ns), 3333.0
[LOAD_GCs_Time(ms)], MinLatency(ns), 3333
[LOAD_GCs_Time(ms)], MaxLatency(ns), 3333
[LOAD_GCs_Time(ms)], 95thPercentileLatency(ns), 3333
[LOAD_GCs_Time(ms)], 99thPercentileLatency(ns), 3333
[READ], Operations, 9500228
[READ], AverageLatency(ns), 1672.1043172858588
[READ], MinLatency(ns), 273
[READ], MaxLatency(ns), 40730879
[READ], 95thPercentileLatency(ns), 2180
[READ], 99thPercentileLatency(ns), 2646
[READ], Return=OK, 9500228
[INIT], Operations, 1
[INIT], AverageLatency(ns), 1.708552192E9
[INIT], MinLatency(ns), 1708548096
[INIT], MaxLatency(ns), 1708556287
[INIT], 95thPercentileLatency(ns), 1708556287
[INIT], 99thPercentileLatency(ns), 1708556287
[GCS], Operations, 9
[GCS], AverageLatency(ns), 11.222222222222221
[GCS], MinLatency(ns), 0
[GCS], MaxLatency(ns), 46
[GCS], 95thPercentileLatency(ns), 46
[GCS], 99thPercentileLatency(ns), 46
[LOAD_GCs_Count], Operations, 1
[LOAD_GCs_Count], AverageLatency(ns), 77.0
[LOAD_GCs_Count], MinLatency(ns), 77
[LOAD_GCs_Count], MaxLatency(ns), 77
[LOAD_GCs_Count], 95thPercentileLatency(ns), 77
[LOAD_GCs_Count], 99thPercentileLatency(ns), 77
[CLEANUP], Operations, 1
[CLEANUP], AverageLatency(ns), 2.52697088E8
[CLEANUP], MinLatency(ns), 252696576
[CLEANUP], MaxLatency(ns), 252697599
[CLEANUP], 95thPercentileLatency(ns), 252697599
[CLEANUP], 99thPercentileLatency(ns), 252697599
[INSERT], Operations, 1000000
[INSERT], AverageLatency(ns), 39746.52978
[INSERT], MinLatency(ns), 25815
[INSERT], MaxLatency(ns), 162717695
[INSERT], 95thPercentileLatency(ns), 37236
[INSERT], 99thPercentileLatency(ns), 57305
[INSERT], Return=OK, 1000000
[UPDATE], Operations, 499772
[UPDATE], AverageLatency(ns), 6350.537901282985
[UPDATE], MinLatency(ns), 2290
[UPDATE], MaxLatency(ns), 31859583
[UPDATE], 95thPercentileLatency(ns), 7002
[UPDATE], 99thPercentileLatency(ns), 9329
[UPDATE], Return=OK, 499772
