/home/anatole/jdk8u/build/linux-x86_64-normal-server-release/jdk/bin/java -Xmx20g -XX:+UseG1GC -classpath /home/anatole/ycsb/conf:/home/anatole/ycsb/core/target/core-0.18.0-SNAPSHOT.jar:/home/anatole/ycsb/core/target/dependency/HdrHistogram-2.1.4.jar:/home/anatole/ycsb/core/target/dependency/guava-18.0.jar:/home/anatole/ycsb/core/target/dependency/htrace-core4-4.1.0-incubating.jar:/home/anatole/ycsb/core/target/dependency/jackson-core-asl-1.9.4.jar:/home/anatole/ycsb/core/target/dependency/jackson-mapper-asl-1.9.4.jar:/home/anatole/ycsb/core/target/dependency/javax.persistence-api-2.2.jar:/home/anatole/ycsb/core/target/dependency/jnvm-1.0-SNAPSHOT.jar:/home/anatole/ycsb/core/target/dependency/pcj-1.0.jar:/home/anatole/ycsb/core/target/dependency/unsafe-helper-1.0.jar:/home/anatole/ycsb/infinispan/src/main/conf:/home/anatole/ycsb/infinispan/target/infinispan-binding-0.18.0-SNAPSHOT.jar:/home/anatole/ycsb/infinispan/target/dependency/caffeine-2.6.2.jar:/home/anatole/ycsb/infinispan/target/dependency/gson-2.8.2.jar:/home/anatole/ycsb/infinispan/target/dependency/guava-18.0.jar:/home/anatole/ycsb/infinispan/target/dependency/infinispan-cachestore-jnvm-1.0-SNAPSHOT.jar:/home/anatole/ycsb/infinispan/target/dependency/infinispan-cachestore-pcj-1.0-SNAPSHOT.jar:/home/anatole/ycsb/infinispan/target/dependency/infinispan-client-hotrod-9.4.20.Final.jar:/home/anatole/ycsb/infinispan/target/dependency/infinispan-commons-9.4.20.Final.jar:/home/anatole/ycsb/infinispan/target/dependency/infinispan-core-9.4.20.Final.jar:/home/anatole/ycsb/infinispan/target/dependency/javax.persistence-api-2.2.jar:/home/anatole/ycsb/infinispan/target/dependency/jboss-logging-3.3.2.Final.jar:/home/anatole/ycsb/infinispan/target/dependency/jboss-marshalling-osgi-2.0.6.Final.jar:/home/anatole/ycsb/infinispan/target/dependency/jboss-transaction-api_1.2_spec-1.1.1.Final.jar:/home/anatole/ycsb/infinispan/target/dependency/jgroups-4.0.21.Final.jar:/home/anatole/ycsb/infinispan/target/dependency/jnvm-1.0-SNAPSHOT.jar:/home/anatole/ycsb/infinispan/target/dependency/metainf-services-1.7.jar:/home/anatole/ycsb/infinispan/target/dependency/netty-buffer-4.1.51.Final.jar:/home/anatole/ycsb/infinispan/target/dependency/netty-codec-4.1.51.Final.jar:/home/anatole/ycsb/infinispan/target/dependency/netty-common-4.1.51.Final.jar:/home/anatole/ycsb/infinispan/target/dependency/netty-handler-4.1.51.Final.jar:/home/anatole/ycsb/infinispan/target/dependency/netty-resolver-4.1.51.Final.jar:/home/anatole/ycsb/infinispan/target/dependency/netty-transport-4.1.51.Final.jar:/home/anatole/ycsb/infinispan/target/dependency/netty-transport-native-epoll-4.1.51.Final-linux-x86_64.jar:/home/anatole/ycsb/infinispan/target/dependency/netty-transport-native-unix-common-4.1.51.Final.jar:/home/anatole/ycsb/infinispan/target/dependency/pcj-1.0.jar:/home/anatole/ycsb/infinispan/target/dependency/reactive-streams-1.0.2.jar:/home/anatole/ycsb/infinispan/target/dependency/rxjava-2.2.4.jar:/home/anatole/ycsb/infinispan/target/dependency/unsafe-helper-1.0.jar site.ycsb.Client -t -db site.ycsb.db.InfinispanAutoPersistClient -P ../workloads/workloadb -preload -s -threads 1 -p dataintegrity=true -p offheap=false -p pcj=false -p recordcount=1000000 -p operationcount=10000000 -p fieldcount=10 -p fieldlength=100 -p measurement.trackjvm=true -p measurementtype=hdrhistogram -p hdrhistogram.output.path=./out/exp0.exectime.ref/log/infinispan-autopersist.run.workloadb.true.1000000.1.10.100.default.1.false.true.default.default.none.r4.hdr.log
[OVERALL], RunTime(ms), 78255
[OVERALL], Throughput(ops/sec), 140566.09801290653
[TOTAL_GCS_G1_Young_Generation], Count, 104
[TOTAL_GC_TIME_G1_Young_Generation], Time(ms), 4720
[TOTAL_GC_TIME_%_G1_Young_Generation], Time(%), 6.0315634783719885
[TOTAL_GCS_G1_Old_Generation], Count, 0
[TOTAL_GC_TIME_G1_Old_Generation], Time(ms), 0
[TOTAL_GC_TIME_%_G1_Old_Generation], Time(%), 0.0
[TOTAL_GCs], Count, 104
[TOTAL_GC_TIME], Time(ms), 4720
[TOTAL_GC_TIME_%], Time(%), 6.0315634783719885
[MAX_MEM_USED], MBs, 5983
[MIN_MEM_USED], MBs, 48
[MAX_THREADS], Count, 7
[MIN_THREADS], Count, 3
[MAX_SYS_LOAD_AVG], Load, 5.22
[MIN_SYS_LOAD_AVG], Load, 2.78
[THREAD_COUNT], Operations, 9
[THREAD_COUNT], AverageLatency(ns), 6.111111111111111
[THREAD_COUNT], MinLatency(ns), 3
[THREAD_COUNT], MaxLatency(ns), 7
[THREAD_COUNT], 95thPercentileLatency(ns), 7
[THREAD_COUNT], 99thPercentileLatency(ns), 7
[SYS_LOAD_AVG], Operations, 9
[SYS_LOAD_AVG], AverageLatency(ns), 3.4444444444444446
[SYS_LOAD_AVG], MinLatency(ns), 2
[SYS_LOAD_AVG], MaxLatency(ns), 5
[SYS_LOAD_AVG], 95thPercentileLatency(ns), 5
[SYS_LOAD_AVG], 99thPercentileLatency(ns), 5
[LOAD], Operations, 1
[LOAD], AverageLatency(ns), 5.0890145792E10
[LOAD], MinLatency(ns), 50890014720
[LOAD], MaxLatency(ns), 50890276863
[LOAD], 95thPercentileLatency(ns), 50890276863
[LOAD], 99thPercentileLatency(ns), 50890276863
[USED_MEM_MB], Operations, 9
[USED_MEM_MB], AverageLatency(ns), 3479.3333333333335
[USED_MEM_MB], MinLatency(ns), 48
[USED_MEM_MB], MaxLatency(ns), 5983
[USED_MEM_MB], 95thPercentileLatency(ns), 5983
[USED_MEM_MB], 99thPercentileLatency(ns), 5983
[MAIN_GCs_Count], Operations, 1
[MAIN_GCs_Count], AverageLatency(ns), 14.0
[MAIN_GCs_Count], MinLatency(ns), 14
[MAIN_GCs_Count], MaxLatency(ns), 14
[MAIN_GCs_Count], 95thPercentileLatency(ns), 14
[MAIN_GCs_Count], 99thPercentileLatency(ns), 14
[MAIN_GCs_Time(ms)], Operations, 1
[MAIN_GCs_Time(ms)], AverageLatency(ns), 811.0
[MAIN_GCs_Time(ms)], MinLatency(ns), 811
[MAIN_GCs_Time(ms)], MaxLatency(ns), 811
[MAIN_GCs_Time(ms)], 95thPercentileLatency(ns), 811
[MAIN_GCs_Time(ms)], 99thPercentileLatency(ns), 811
[TRANSACTION], Operations, 1
[TRANSACTION], AverageLatency(ns), 2.5539969024E10
[TRANSACTION], MinLatency(ns), 25539903488
[TRANSACTION], MaxLatency(ns), 25540034559
[TRANSACTION], 95thPercentileLatency(ns), 25540034559
[TRANSACTION], 99thPercentileLatency(ns), 25540034559
[GCS_TIME], Operations, 9
[GCS_TIME], AverageLatency(ns), 481.22222222222223
[GCS_TIME], MinLatency(ns), 0
[GCS_TIME], MaxLatency(ns), 779
[GCS_TIME], 95thPercentileLatency(ns), 779
[GCS_TIME], 99thPercentileLatency(ns), 779
[LOAD_GCs_Time(ms)], Operations, 1
[LOAD_GCs_Time(ms)], AverageLatency(ns), 3501.0
[LOAD_GCs_Time(ms)], MinLatency(ns), 3501
[LOAD_GCs_Time(ms)], MaxLatency(ns), 3501
[LOAD_GCs_Time(ms)], 95thPercentileLatency(ns), 3501
[LOAD_GCs_Time(ms)], 99thPercentileLatency(ns), 3501
[READ], Operations, 9500830
[READ], AverageLatency(ns), 1589.3378401676484
[READ], MinLatency(ns), 253
[READ], MaxLatency(ns), 69377535
[READ], 95thPercentileLatency(ns), 2082
[READ], 99thPercentileLatency(ns), 2490
[READ], Return=OK, 9500830
[INIT], Operations, 1
[INIT], AverageLatency(ns), 1.75556608E9
[INIT], MinLatency(ns), 1755561984
[INIT], MaxLatency(ns), 1755570175
[INIT], 95thPercentileLatency(ns), 1755570175
[INIT], 99thPercentileLatency(ns), 1755570175
[GCS], Operations, 9
[GCS], AverageLatency(ns), 11.444444444444445
[GCS], MinLatency(ns), 0
[GCS], MaxLatency(ns), 52
[GCS], 95thPercentileLatency(ns), 52
[GCS], 99thPercentileLatency(ns), 52
[LOAD_GCs_Count], Operations, 1
[LOAD_GCs_Count], AverageLatency(ns), 88.0
[LOAD_GCs_Count], MinLatency(ns), 88
[LOAD_GCs_Count], MaxLatency(ns), 88
[LOAD_GCs_Count], 95thPercentileLatency(ns), 88
[LOAD_GCs_Count], 99thPercentileLatency(ns), 88
[CLEANUP], Operations, 1
[CLEANUP], AverageLatency(ns), 5928496.0
[CLEANUP], MinLatency(ns), 5928480
[CLEANUP], MaxLatency(ns), 5928511
[CLEANUP], 95thPercentileLatency(ns), 5928511
[CLEANUP], 99thPercentileLatency(ns), 5928511
[INSERT], Operations, 1000000
[INSERT], AverageLatency(ns), 40800.336497
[INSERT], MinLatency(ns), 25574
[INSERT], MaxLatency(ns), 167783423
[INSERT], 95thPercentileLatency(ns), 37782
[INSERT], 99thPercentileLatency(ns), 59538
[INSERT], Return=OK, 1000000
[UPDATE], Operations, 499170
[UPDATE], AverageLatency(ns), 6058.422164793557
[UPDATE], MinLatency(ns), 2248
[UPDATE], MaxLatency(ns), 12440255
[UPDATE], 95thPercentileLatency(ns), 6897
[UPDATE], 99thPercentileLatency(ns), 8804
[UPDATE], Return=OK, 499170
