/home/anatole/jdk8u/build/linux-x86_64-normal-server-release/jdk/bin/java -Xmx20g -XX:+UseG1GC -classpath /home/anatole/ycsb/conf:/home/anatole/ycsb/core/target/core-0.18.0-SNAPSHOT.jar:/home/anatole/ycsb/core/target/dependency/HdrHistogram-2.1.4.jar:/home/anatole/ycsb/core/target/dependency/guava-18.0.jar:/home/anatole/ycsb/core/target/dependency/htrace-core4-4.1.0-incubating.jar:/home/anatole/ycsb/core/target/dependency/jackson-core-asl-1.9.4.jar:/home/anatole/ycsb/core/target/dependency/jackson-mapper-asl-1.9.4.jar:/home/anatole/ycsb/core/target/dependency/javax.persistence-api-2.2.jar:/home/anatole/ycsb/core/target/dependency/jnvm-1.0-SNAPSHOT.jar:/home/anatole/ycsb/core/target/dependency/pcj-1.0.jar:/home/anatole/ycsb/core/target/dependency/unsafe-helper-1.0.jar:/home/anatole/ycsb/infinispan/src/main/conf:/home/anatole/ycsb/infinispan/target/infinispan-binding-0.18.0-SNAPSHOT.jar:/home/anatole/ycsb/infinispan/target/dependency/caffeine-2.6.2.jar:/home/anatole/ycsb/infinispan/target/dependency/gson-2.8.2.jar:/home/anatole/ycsb/infinispan/target/dependency/guava-18.0.jar:/home/anatole/ycsb/infinispan/target/dependency/infinispan-cachestore-jnvm-1.0-SNAPSHOT.jar:/home/anatole/ycsb/infinispan/target/dependency/infinispan-cachestore-pcj-1.0-SNAPSHOT.jar:/home/anatole/ycsb/infinispan/target/dependency/infinispan-client-hotrod-9.4.20.Final.jar:/home/anatole/ycsb/infinispan/target/dependency/infinispan-commons-9.4.20.Final.jar:/home/anatole/ycsb/infinispan/target/dependency/infinispan-core-9.4.20.Final.jar:/home/anatole/ycsb/infinispan/target/dependency/javax.persistence-api-2.2.jar:/home/anatole/ycsb/infinispan/target/dependency/jboss-logging-3.3.2.Final.jar:/home/anatole/ycsb/infinispan/target/dependency/jboss-marshalling-osgi-2.0.6.Final.jar:/home/anatole/ycsb/infinispan/target/dependency/jboss-transaction-api_1.2_spec-1.1.1.Final.jar:/home/anatole/ycsb/infinispan/target/dependency/jgroups-4.0.21.Final.jar:/home/anatole/ycsb/infinispan/target/dependency/jnvm-1.0-SNAPSHOT.jar:/home/anatole/ycsb/infinispan/target/dependency/metainf-services-1.7.jar:/home/anatole/ycsb/infinispan/target/dependency/netty-buffer-4.1.51.Final.jar:/home/anatole/ycsb/infinispan/target/dependency/netty-codec-4.1.51.Final.jar:/home/anatole/ycsb/infinispan/target/dependency/netty-common-4.1.51.Final.jar:/home/anatole/ycsb/infinispan/target/dependency/netty-handler-4.1.51.Final.jar:/home/anatole/ycsb/infinispan/target/dependency/netty-resolver-4.1.51.Final.jar:/home/anatole/ycsb/infinispan/target/dependency/netty-transport-4.1.51.Final.jar:/home/anatole/ycsb/infinispan/target/dependency/netty-transport-native-epoll-4.1.51.Final-linux-x86_64.jar:/home/anatole/ycsb/infinispan/target/dependency/netty-transport-native-unix-common-4.1.51.Final.jar:/home/anatole/ycsb/infinispan/target/dependency/pcj-1.0.jar:/home/anatole/ycsb/infinispan/target/dependency/reactive-streams-1.0.2.jar:/home/anatole/ycsb/infinispan/target/dependency/rxjava-2.2.4.jar:/home/anatole/ycsb/infinispan/target/dependency/unsafe-helper-1.0.jar site.ycsb.Client -t -db site.ycsb.db.InfinispanAutoPersistClient -P ../workloads/workloadf -preload -s -threads 1 -p dataintegrity=true -p offheap=false -p pcj=false -p recordcount=1000000 -p operationcount=10000000 -p fieldcount=10 -p fieldlength=100 -p measurement.trackjvm=true -p measurementtype=hdrhistogram -p hdrhistogram.output.path=./out/exp0.exectime.ref/log/infinispan-autopersist.run.workloadf.true.1000000.1.10.100.default.1.false.true.default.default.none.r6.hdr.log
[OVERALL], RunTime(ms), 116987
[OVERALL], Throughput(ops/sec), 94027.54152170754
[TOTAL_GCS_G1_Young_Generation], Count, 124
[TOTAL_GC_TIME_G1_Young_Generation], Time(ms), 14106
[TOTAL_GC_TIME_%_G1_Young_Generation], Time(%), 12.05775000641097
[TOTAL_GCS_G1_Old_Generation], Count, 0
[TOTAL_GC_TIME_G1_Old_Generation], Time(ms), 0
[TOTAL_GC_TIME_%_G1_Old_Generation], Time(%), 0.0
[TOTAL_GCs], Count, 124
[TOTAL_GC_TIME], Time(ms), 14106
[TOTAL_GC_TIME_%], Time(%), 12.05775000641097
[MAX_MEM_USED], MBs, 5863
[MIN_MEM_USED], MBs, 48
[MAX_THREADS], Count, 7
[MIN_THREADS], Count, 3
[MAX_SYS_LOAD_AVG], Load, 7.35
[MIN_SYS_LOAD_AVG], Load, 3.67
[THREAD_COUNT], Operations, 13
[THREAD_COUNT], AverageLatency(ns), 6.076923076923077
[THREAD_COUNT], MinLatency(ns), 3
[THREAD_COUNT], MaxLatency(ns), 7
[THREAD_COUNT], 95thPercentileLatency(ns), 7
[THREAD_COUNT], 99thPercentileLatency(ns), 7
[SYS_LOAD_AVG], Operations, 13
[SYS_LOAD_AVG], AverageLatency(ns), 4.6923076923076925
[SYS_LOAD_AVG], MinLatency(ns), 3
[SYS_LOAD_AVG], MaxLatency(ns), 7
[SYS_LOAD_AVG], 95thPercentileLatency(ns), 6
[SYS_LOAD_AVG], 99thPercentileLatency(ns), 7
[READ-MODIFY-WRITE], Operations, 5000526
[READ-MODIFY-WRITE], AverageLatency(ns), 7661.4831967677
[READ-MODIFY-WRITE], MinLatency(ns), 2610
[READ-MODIFY-WRITE], MaxLatency(ns), 385634303
[READ-MODIFY-WRITE], 95thPercentileLatency(ns), 7861
[READ-MODIFY-WRITE], 99thPercentileLatency(ns), 9037
[LOAD], Operations, 1
[LOAD], AverageLatency(ns), 5.0020614144E10
[LOAD], MinLatency(ns), 50020483072
[LOAD], MaxLatency(ns), 50020745215
[LOAD], 95thPercentileLatency(ns), 50020745215
[LOAD], 99thPercentileLatency(ns), 50020745215
[USED_MEM_MB], Operations, 13
[USED_MEM_MB], AverageLatency(ns), 4015.6153846153848
[USED_MEM_MB], MinLatency(ns), 48
[USED_MEM_MB], MaxLatency(ns), 5863
[USED_MEM_MB], 95thPercentileLatency(ns), 5593
[USED_MEM_MB], 99thPercentileLatency(ns), 5863
[MAIN_GCs_Count], Operations, 1
[MAIN_GCs_Count], AverageLatency(ns), 45.0
[MAIN_GCs_Count], MinLatency(ns), 45
[MAIN_GCs_Count], MaxLatency(ns), 45
[MAIN_GCs_Count], 95thPercentileLatency(ns), 45
[MAIN_GCs_Count], 99thPercentileLatency(ns), 45
[MAIN_GCs_Time(ms)], Operations, 1
[MAIN_GCs_Time(ms)], AverageLatency(ns), 10828.0
[MAIN_GCs_Time(ms)], MinLatency(ns), 10828
[MAIN_GCs_Time(ms)], MaxLatency(ns), 10828
[MAIN_GCs_Time(ms)], 95thPercentileLatency(ns), 10828
[MAIN_GCs_Time(ms)], 99thPercentileLatency(ns), 10828
[TRANSACTION], Operations, 1
[TRANSACTION], AverageLatency(ns), 6.5150517248E10
[TRANSACTION], MinLatency(ns), 65150386176
[TRANSACTION], MaxLatency(ns), 65150648319
[TRANSACTION], 95thPercentileLatency(ns), 65150648319
[TRANSACTION], 99thPercentileLatency(ns), 65150648319
[GCS_TIME], Operations, 13
[GCS_TIME], AverageLatency(ns), 1085.076923076923
[GCS_TIME], MinLatency(ns), 0
[GCS_TIME], MaxLatency(ns), 1964
[GCS_TIME], 95thPercentileLatency(ns), 1935
[GCS_TIME], 99thPercentileLatency(ns), 1964
[LOAD_GCs_Time(ms)], Operations, 1
[LOAD_GCs_Time(ms)], AverageLatency(ns), 3261.0
[LOAD_GCs_Time(ms)], MinLatency(ns), 3261
[LOAD_GCs_Time(ms)], MaxLatency(ns), 3261
[LOAD_GCs_Time(ms)], 95thPercentileLatency(ns), 3261
[LOAD_GCs_Time(ms)], 99thPercentileLatency(ns), 3261
[READ], Operations, 10000000
[READ], AverageLatency(ns), 2224.6536206
[READ], MinLatency(ns), 253
[READ], MaxLatency(ns), 352104447
[READ], 95thPercentileLatency(ns), 2490
[READ], 99thPercentileLatency(ns), 3002
[READ], Return=OK, 10000000
[INIT], Operations, 1
[INIT], AverageLatency(ns), 1.746669568E9
[INIT], MinLatency(ns), 1746665472
[INIT], MaxLatency(ns), 1746673663
[INIT], 95thPercentileLatency(ns), 1746673663
[INIT], 99thPercentileLatency(ns), 1746673663
[GCS], Operations, 13
[GCS], AverageLatency(ns), 9.538461538461538
[GCS], MinLatency(ns), 0
[GCS], MaxLatency(ns), 46
[GCS], 95thPercentileLatency(ns), 19
[GCS], 99thPercentileLatency(ns), 46
[LOAD_GCs_Count], Operations, 1
[LOAD_GCs_Count], AverageLatency(ns), 78.0
[LOAD_GCs_Count], MinLatency(ns), 78
[LOAD_GCs_Count], MaxLatency(ns), 78
[LOAD_GCs_Count], 95thPercentileLatency(ns), 78
[LOAD_GCs_Count], 99thPercentileLatency(ns), 78
[CLEANUP], Operations, 1
[CLEANUP], AverageLatency(ns), 6475856.0
[CLEANUP], MinLatency(ns), 6475840
[CLEANUP], MaxLatency(ns), 6475871
[CLEANUP], 95thPercentileLatency(ns), 6475871
[CLEANUP], 99thPercentileLatency(ns), 6475871
[INSERT], Operations, 1000000
[INSERT], AverageLatency(ns), 40083.850485
[INSERT], MinLatency(ns), 25382
[INSERT], MaxLatency(ns), 234260479
[INSERT], 95thPercentileLatency(ns), 37163
[INSERT], 99thPercentileLatency(ns), 60535
[INSERT], Return=OK, 1000000
[UPDATE], Operations, 5000526
[UPDATE], AverageLatency(ns), 5084.09165455794
[UPDATE], MinLatency(ns), 1661
[UPDATE], MaxLatency(ns), 366174207
[UPDATE], 95thPercentileLatency(ns), 5408
[UPDATE], 99thPercentileLatency(ns), 5815
[UPDATE], Return=OK, 5000526
