/home/anatole/jdk8u/build/linux-x86_64-normal-server-release/jdk/bin/java -Xmx20g -XX:+UseG1GC -classpath /home/anatole/ycsb/conf:/home/anatole/ycsb/core/target/core-0.18.0-SNAPSHOT.jar:/home/anatole/ycsb/core/target/dependency/HdrHistogram-2.1.4.jar:/home/anatole/ycsb/core/target/dependency/guava-18.0.jar:/home/anatole/ycsb/core/target/dependency/htrace-core4-4.1.0-incubating.jar:/home/anatole/ycsb/core/target/dependency/jackson-core-asl-1.9.4.jar:/home/anatole/ycsb/core/target/dependency/jackson-mapper-asl-1.9.4.jar:/home/anatole/ycsb/core/target/dependency/javax.persistence-api-2.2.jar:/home/anatole/ycsb/core/target/dependency/jnvm-1.0-SNAPSHOT.jar:/home/anatole/ycsb/core/target/dependency/pcj-1.0.jar:/home/anatole/ycsb/core/target/dependency/unsafe-helper-1.0.jar:/home/anatole/ycsb/infinispan/src/main/conf:/home/anatole/ycsb/infinispan/target/infinispan-binding-0.18.0-SNAPSHOT.jar:/home/anatole/ycsb/infinispan/target/dependency/caffeine-2.6.2.jar:/home/anatole/ycsb/infinispan/target/dependency/gson-2.8.2.jar:/home/anatole/ycsb/infinispan/target/dependency/guava-18.0.jar:/home/anatole/ycsb/infinispan/target/dependency/infinispan-cachestore-jnvm-1.0-SNAPSHOT.jar:/home/anatole/ycsb/infinispan/target/dependency/infinispan-cachestore-pcj-1.0-SNAPSHOT.jar:/home/anatole/ycsb/infinispan/target/dependency/infinispan-client-hotrod-9.4.20.Final.jar:/home/anatole/ycsb/infinispan/target/dependency/infinispan-commons-9.4.20.Final.jar:/home/anatole/ycsb/infinispan/target/dependency/infinispan-core-9.4.20.Final.jar:/home/anatole/ycsb/infinispan/target/dependency/javax.persistence-api-2.2.jar:/home/anatole/ycsb/infinispan/target/dependency/jboss-logging-3.3.2.Final.jar:/home/anatole/ycsb/infinispan/target/dependency/jboss-marshalling-osgi-2.0.6.Final.jar:/home/anatole/ycsb/infinispan/target/dependency/jboss-transaction-api_1.2_spec-1.1.1.Final.jar:/home/anatole/ycsb/infinispan/target/dependency/jgroups-4.0.21.Final.jar:/home/anatole/ycsb/infinispan/target/dependency/jnvm-1.0-SNAPSHOT.jar:/home/anatole/ycsb/infinispan/target/dependency/metainf-services-1.7.jar:/home/anatole/ycsb/infinispan/target/dependency/netty-buffer-4.1.51.Final.jar:/home/anatole/ycsb/infinispan/target/dependency/netty-codec-4.1.51.Final.jar:/home/anatole/ycsb/infinispan/target/dependency/netty-common-4.1.51.Final.jar:/home/anatole/ycsb/infinispan/target/dependency/netty-handler-4.1.51.Final.jar:/home/anatole/ycsb/infinispan/target/dependency/netty-resolver-4.1.51.Final.jar:/home/anatole/ycsb/infinispan/target/dependency/netty-transport-4.1.51.Final.jar:/home/anatole/ycsb/infinispan/target/dependency/netty-transport-native-epoll-4.1.51.Final-linux-x86_64.jar:/home/anatole/ycsb/infinispan/target/dependency/netty-transport-native-unix-common-4.1.51.Final.jar:/home/anatole/ycsb/infinispan/target/dependency/pcj-1.0.jar:/home/anatole/ycsb/infinispan/target/dependency/reactive-streams-1.0.2.jar:/home/anatole/ycsb/infinispan/target/dependency/rxjava-2.2.4.jar:/home/anatole/ycsb/infinispan/target/dependency/unsafe-helper-1.0.jar site.ycsb.Client -t -db site.ycsb.db.InfinispanClient -P ../workloads/workloadb -preload -s -threads 1 -p dataintegrity=true -p offheap=false -p pcj=false -p recordcount=1000000 -p operationcount=10000000 -p fieldcount=10 -p fieldlength=100 -p measurement.trackjvm=true -p measurementtype=hdrhistogram -p hdrhistogram.output.path=./out/exp0.exectime.ref/log/infinispan.run.workloadb.true.1000000.1000000.10.100.default.1.false.true.default.default.none.r6.hdr.log
[OVERALL], RunTime(ms), 28804
[OVERALL], Throughput(ops/sec), 381891.4039716706
[TOTAL_GCS_G1_Young_Generation], Count, 28
[TOTAL_GC_TIME_G1_Young_Generation], Time(ms), 2319
[TOTAL_GC_TIME_%_G1_Young_Generation], Time(%), 8.050965143730037
[TOTAL_GCS_G1_Old_Generation], Count, 0
[TOTAL_GC_TIME_G1_Old_Generation], Time(ms), 0
[TOTAL_GC_TIME_%_G1_Old_Generation], Time(%), 0.0
[TOTAL_GCs], Count, 28
[TOTAL_GC_TIME], Time(ms), 2319
[TOTAL_GC_TIME_%], Time(%), 8.050965143730037
[MAX_MEM_USED], MBs, 11520
[MIN_MEM_USED], MBs, 48
[MAX_THREADS], Count, 6
[MIN_THREADS], Count, 3
[MAX_SYS_LOAD_AVG], Load, 3.86
[MIN_SYS_LOAD_AVG], Load, 3.27
[THREAD_COUNT], Operations, 4
[THREAD_COUNT], AverageLatency(ns), 4.75
[THREAD_COUNT], MinLatency(ns), 3
[THREAD_COUNT], MaxLatency(ns), 6
[THREAD_COUNT], 95thPercentileLatency(ns), 6
[THREAD_COUNT], 99thPercentileLatency(ns), 6
[SYS_LOAD_AVG], Operations, 4
[SYS_LOAD_AVG], AverageLatency(ns), 3.0
[SYS_LOAD_AVG], MinLatency(ns), 3
[SYS_LOAD_AVG], MaxLatency(ns), 3
[SYS_LOAD_AVG], 95thPercentileLatency(ns), 3
[SYS_LOAD_AVG], 99thPercentileLatency(ns), 3
[LOAD], Operations, 1
[LOAD], AverageLatency(ns), 1.3512441856E10
[LOAD], MinLatency(ns), 13512409088
[LOAD], MaxLatency(ns), 13512474623
[LOAD], 95thPercentileLatency(ns), 13512474623
[LOAD], 99thPercentileLatency(ns), 13512474623
[USED_MEM_MB], Operations, 4
[USED_MEM_MB], AverageLatency(ns), 5482.0
[USED_MEM_MB], MinLatency(ns), 48
[USED_MEM_MB], MaxLatency(ns), 11520
[USED_MEM_MB], 95thPercentileLatency(ns), 11520
[USED_MEM_MB], 99thPercentileLatency(ns), 11520
[MAIN_GCs_Count], Operations, 1
[MAIN_GCs_Count], AverageLatency(ns), 2.0
[MAIN_GCs_Count], MinLatency(ns), 2
[MAIN_GCs_Count], MaxLatency(ns), 2
[MAIN_GCs_Count], 95thPercentileLatency(ns), 2
[MAIN_GCs_Count], 99thPercentileLatency(ns), 2
[MAIN_GCs_Time(ms)], Operations, 1
[MAIN_GCs_Time(ms)], AverageLatency(ns), 213.0
[MAIN_GCs_Time(ms)], MinLatency(ns), 213
[MAIN_GCs_Time(ms)], MaxLatency(ns), 213
[MAIN_GCs_Time(ms)], 95thPercentileLatency(ns), 213
[MAIN_GCs_Time(ms)], 99thPercentileLatency(ns), 213
[TRANSACTION], Operations, 1
[TRANSACTION], AverageLatency(ns), 1.4103052288E10
[TRANSACTION], MinLatency(ns), 14103019520
[TRANSACTION], MaxLatency(ns), 14103085055
[TRANSACTION], 95thPercentileLatency(ns), 14103085055
[TRANSACTION], 99thPercentileLatency(ns), 14103085055
[GCS_TIME], Operations, 4
[GCS_TIME], AverageLatency(ns), 579.75
[GCS_TIME], MinLatency(ns), 0
[GCS_TIME], MaxLatency(ns), 1455
[GCS_TIME], 95thPercentileLatency(ns), 1455
[GCS_TIME], 99thPercentileLatency(ns), 1455
[LOAD_GCs_Time(ms)], Operations, 1
[LOAD_GCs_Time(ms)], AverageLatency(ns), 2084.0
[LOAD_GCs_Time(ms)], MinLatency(ns), 2084
[LOAD_GCs_Time(ms)], MaxLatency(ns), 2084
[LOAD_GCs_Time(ms)], 95thPercentileLatency(ns), 2084
[LOAD_GCs_Time(ms)], 99thPercentileLatency(ns), 2084
[READ], Operations, 9499320
[READ], AverageLatency(ns), 652.3761318704918
[READ], MinLatency(ns), 176
[READ], MaxLatency(ns), 1392223
[READ], 95thPercentileLatency(ns), 2729
[READ], 99thPercentileLatency(ns), 3890
[READ], Return=OK, 9499320
[INIT], Operations, 1
[INIT], AverageLatency(ns), 6.07664128E8
[INIT], MinLatency(ns), 607662080
[INIT], MaxLatency(ns), 607666175
[INIT], 95thPercentileLatency(ns), 607666175
[INIT], 99thPercentileLatency(ns), 607666175
[GCS], Operations, 4
[GCS], AverageLatency(ns), 7.0
[GCS], MinLatency(ns), 0
[GCS], MaxLatency(ns), 22
[GCS], 95thPercentileLatency(ns), 22
[GCS], 99thPercentileLatency(ns), 22
[LOAD_GCs_Count], Operations, 1
[LOAD_GCs_Count], AverageLatency(ns), 25.0
[LOAD_GCs_Count], MinLatency(ns), 25
[LOAD_GCs_Count], MaxLatency(ns), 25
[LOAD_GCs_Count], 95thPercentileLatency(ns), 25
[LOAD_GCs_Count], 99thPercentileLatency(ns), 25
[CLEANUP], Operations, 1
[CLEANUP], AverageLatency(ns), 5.05422848E8
[CLEANUP], MinLatency(ns), 505421824
[CLEANUP], MaxLatency(ns), 505423871
[CLEANUP], 95thPercentileLatency(ns), 505423871
[CLEANUP], 99thPercentileLatency(ns), 505423871
[INSERT], Operations, 1000000
[INSERT], AverageLatency(ns), 2011.30301
[INSERT], MinLatency(ns), 1216
[INSERT], MaxLatency(ns), 82695679
[INSERT], 95thPercentileLatency(ns), 2053
[INSERT], 99thPercentileLatency(ns), 3455
[INSERT], Return=OK, 1000000
[UPDATE], Operations, 500680
[UPDATE], AverageLatency(ns), 2570.621003435328
[UPDATE], MinLatency(ns), 1034
[UPDATE], MaxLatency(ns), 427995
[UPDATE], 95thPercentileLatency(ns), 5175
[UPDATE], 99thPercentileLatency(ns), 5749
[UPDATE], Return=OK, 500680
