/home/anatole/jdk8u/build/linux-x86_64-normal-server-release/jdk/bin/java -Xmx20g -XX:+UseG1GC -classpath /home/anatole/ycsb/conf:/home/anatole/ycsb/core/target/core-0.18.0-SNAPSHOT.jar:/home/anatole/ycsb/core/target/dependency/HdrHistogram-2.1.4.jar:/home/anatole/ycsb/core/target/dependency/guava-18.0.jar:/home/anatole/ycsb/core/target/dependency/htrace-core4-4.1.0-incubating.jar:/home/anatole/ycsb/core/target/dependency/jackson-core-asl-1.9.4.jar:/home/anatole/ycsb/core/target/dependency/jackson-mapper-asl-1.9.4.jar:/home/anatole/ycsb/core/target/dependency/javax.persistence-api-2.2.jar:/home/anatole/ycsb/core/target/dependency/jnvm-1.0-SNAPSHOT.jar:/home/anatole/ycsb/core/target/dependency/pcj-1.0.jar:/home/anatole/ycsb/core/target/dependency/unsafe-helper-1.0.jar:/home/anatole/ycsb/infinispan/src/main/conf:/home/anatole/ycsb/infinispan/target/infinispan-binding-0.18.0-SNAPSHOT.jar:/home/anatole/ycsb/infinispan/target/dependency/caffeine-2.6.2.jar:/home/anatole/ycsb/infinispan/target/dependency/gson-2.8.2.jar:/home/anatole/ycsb/infinispan/target/dependency/guava-18.0.jar:/home/anatole/ycsb/infinispan/target/dependency/infinispan-cachestore-jnvm-1.0-SNAPSHOT.jar:/home/anatole/ycsb/infinispan/target/dependency/infinispan-cachestore-pcj-1.0-SNAPSHOT.jar:/home/anatole/ycsb/infinispan/target/dependency/infinispan-client-hotrod-9.4.20.Final.jar:/home/anatole/ycsb/infinispan/target/dependency/infinispan-commons-9.4.20.Final.jar:/home/anatole/ycsb/infinispan/target/dependency/infinispan-core-9.4.20.Final.jar:/home/anatole/ycsb/infinispan/target/dependency/javax.persistence-api-2.2.jar:/home/anatole/ycsb/infinispan/target/dependency/jboss-logging-3.3.2.Final.jar:/home/anatole/ycsb/infinispan/target/dependency/jboss-marshalling-osgi-2.0.6.Final.jar:/home/anatole/ycsb/infinispan/target/dependency/jboss-transaction-api_1.2_spec-1.1.1.Final.jar:/home/anatole/ycsb/infinispan/target/dependency/jgroups-4.0.21.Final.jar:/home/anatole/ycsb/infinispan/target/dependency/jnvm-1.0-SNAPSHOT.jar:/home/anatole/ycsb/infinispan/target/dependency/metainf-services-1.7.jar:/home/anatole/ycsb/infinispan/target/dependency/netty-buffer-4.1.51.Final.jar:/home/anatole/ycsb/infinispan/target/dependency/netty-codec-4.1.51.Final.jar:/home/anatole/ycsb/infinispan/target/dependency/netty-common-4.1.51.Final.jar:/home/anatole/ycsb/infinispan/target/dependency/netty-handler-4.1.51.Final.jar:/home/anatole/ycsb/infinispan/target/dependency/netty-resolver-4.1.51.Final.jar:/home/anatole/ycsb/infinispan/target/dependency/netty-transport-4.1.51.Final.jar:/home/anatole/ycsb/infinispan/target/dependency/netty-transport-native-epoll-4.1.51.Final-linux-x86_64.jar:/home/anatole/ycsb/infinispan/target/dependency/netty-transport-native-unix-common-4.1.51.Final.jar:/home/anatole/ycsb/infinispan/target/dependency/pcj-1.0.jar:/home/anatole/ycsb/infinispan/target/dependency/reactive-streams-1.0.2.jar:/home/anatole/ycsb/infinispan/target/dependency/rxjava-2.2.4.jar:/home/anatole/ycsb/infinispan/target/dependency/unsafe-helper-1.0.jar site.ycsb.Client -t -db site.ycsb.db.InfinispanAutoPersistClient -P ../workloads/workloada -preload -s -threads 1 -p dataintegrity=true -p offheap=false -p pcj=false -p recordcount=1000000 -p operationcount=10000000 -p fieldcount=10 -p fieldlength=100 -p measurement.trackjvm=true -p measurementtype=hdrhistogram -p hdrhistogram.output.path=./out/exp0.exectime.ref/log/infinispan-autopersist.run.workloada.true.1000000.1.10.100.default.1.false.true.default.default.none.r6.hdr.log
[OVERALL], RunTime(ms), 113771
[OVERALL], Throughput(ops/sec), 96685.4470822969
[TOTAL_GCS_G1_Young_Generation], Count, 119
[TOTAL_GC_TIME_G1_Young_Generation], Time(ms), 13446
[TOTAL_GC_TIME_%_G1_Young_Generation], Time(%), 11.818477467896036
[TOTAL_GCS_G1_Old_Generation], Count, 0
[TOTAL_GC_TIME_G1_Old_Generation], Time(ms), 0
[TOTAL_GC_TIME_%_G1_Old_Generation], Time(%), 0.0
[TOTAL_GCs], Count, 119
[TOTAL_GC_TIME], Time(ms), 13446
[TOTAL_GC_TIME_%], Time(%), 11.818477467896036
[MAX_MEM_USED], MBs, 5670
[MIN_MEM_USED], MBs, 48
[MAX_THREADS], Count, 7
[MIN_THREADS], Count, 3
[MAX_SYS_LOAD_AVG], Load, 6.23
[MIN_SYS_LOAD_AVG], Load, 2.05
[THREAD_COUNT], Operations, 13
[THREAD_COUNT], AverageLatency(ns), 6.076923076923077
[THREAD_COUNT], MinLatency(ns), 3
[THREAD_COUNT], MaxLatency(ns), 7
[THREAD_COUNT], 95thPercentileLatency(ns), 7
[THREAD_COUNT], 99thPercentileLatency(ns), 7
[SYS_LOAD_AVG], Operations, 13
[SYS_LOAD_AVG], AverageLatency(ns), 3.3076923076923075
[SYS_LOAD_AVG], MinLatency(ns), 2
[SYS_LOAD_AVG], MaxLatency(ns), 6
[SYS_LOAD_AVG], 95thPercentileLatency(ns), 5
[SYS_LOAD_AVG], 99thPercentileLatency(ns), 6
[LOAD], Operations, 1
[LOAD], AverageLatency(ns), 5.0139103232E10
[LOAD], MinLatency(ns), 50138972160
[LOAD], MaxLatency(ns), 50139234303
[LOAD], 95thPercentileLatency(ns), 50139234303
[LOAD], 99thPercentileLatency(ns), 50139234303
[USED_MEM_MB], Operations, 13
[USED_MEM_MB], AverageLatency(ns), 4016.846153846154
[USED_MEM_MB], MinLatency(ns), 48
[USED_MEM_MB], MaxLatency(ns), 5670
[USED_MEM_MB], 95thPercentileLatency(ns), 5598
[USED_MEM_MB], 99thPercentileLatency(ns), 5670
[MAIN_GCs_Count], Operations, 1
[MAIN_GCs_Count], AverageLatency(ns), 43.0
[MAIN_GCs_Count], MinLatency(ns), 43
[MAIN_GCs_Count], MaxLatency(ns), 43
[MAIN_GCs_Count], 95thPercentileLatency(ns), 43
[MAIN_GCs_Count], 99thPercentileLatency(ns), 43
[MAIN_GCs_Time(ms)], Operations, 1
[MAIN_GCs_Time(ms)], AverageLatency(ns), 10041.0
[MAIN_GCs_Time(ms)], MinLatency(ns), 10041
[MAIN_GCs_Time(ms)], MaxLatency(ns), 10041
[MAIN_GCs_Time(ms)], 95thPercentileLatency(ns), 10041
[MAIN_GCs_Time(ms)], 99thPercentileLatency(ns), 10041
[TRANSACTION], Operations, 1
[TRANSACTION], AverageLatency(ns), 6.181289984E10
[TRANSACTION], MinLatency(ns), 61812768768
[TRANSACTION], MaxLatency(ns), 61813030911
[TRANSACTION], 95thPercentileLatency(ns), 61813030911
[TRANSACTION], 99thPercentileLatency(ns), 61813030911
[GCS_TIME], Operations, 13
[GCS_TIME], AverageLatency(ns), 1034.3076923076924
[GCS_TIME], MinLatency(ns), 0
[GCS_TIME], MaxLatency(ns), 1983
[GCS_TIME], 95thPercentileLatency(ns), 1913
[GCS_TIME], 99thPercentileLatency(ns), 1983
[LOAD_GCs_Time(ms)], Operations, 1
[LOAD_GCs_Time(ms)], AverageLatency(ns), 3386.0
[LOAD_GCs_Time(ms)], MinLatency(ns), 3386
[LOAD_GCs_Time(ms)], MaxLatency(ns), 3386
[LOAD_GCs_Time(ms)], 95thPercentileLatency(ns), 3386
[LOAD_GCs_Time(ms)], 99thPercentileLatency(ns), 3386
[READ], Operations, 4999114
[READ], AverageLatency(ns), 2244.4194553274842
[READ], MinLatency(ns), 287
[READ], MaxLatency(ns), 381435903
[READ], 95thPercentileLatency(ns), 2461
[READ], 99thPercentileLatency(ns), 3184
[READ], Return=OK, 4999114
[INIT], Operations, 1
[INIT], AverageLatency(ns), 1.750183936E9
[INIT], MinLatency(ns), 1750179840
[INIT], MaxLatency(ns), 1750188031
[INIT], 95thPercentileLatency(ns), 1750188031
[INIT], 99thPercentileLatency(ns), 1750188031
[GCS], Operations, 13
[GCS], AverageLatency(ns), 9.153846153846153
[GCS], MinLatency(ns), 0
[GCS], MaxLatency(ns), 43
[GCS], 95thPercentileLatency(ns), 19
[GCS], 99thPercentileLatency(ns), 43
[LOAD_GCs_Count], Operations, 1
[LOAD_GCs_Count], AverageLatency(ns), 75.0
[LOAD_GCs_Count], MinLatency(ns), 75
[LOAD_GCs_Count], MaxLatency(ns), 75
[LOAD_GCs_Count], 95thPercentileLatency(ns), 75
[LOAD_GCs_Count], 99thPercentileLatency(ns), 75
[CLEANUP], Operations, 1
[CLEANUP], AverageLatency(ns), 6378064.0
[CLEANUP], MinLatency(ns), 6378048
[CLEANUP], MaxLatency(ns), 6378079
[CLEANUP], 95thPercentileLatency(ns), 6378079
[CLEANUP], 99thPercentileLatency(ns), 6378079
[INSERT], Operations, 1000000
[INSERT], AverageLatency(ns), 40473.66767
[INSERT], MinLatency(ns), 25656
[INSERT], MaxLatency(ns), 315207679
[INSERT], 95thPercentileLatency(ns), 37012
[INSERT], 99thPercentileLatency(ns), 57592
[INSERT], Return=OK, 1000000
[UPDATE], Operations, 5000886
[UPDATE], AverageLatency(ns), 6965.711244767427
[UPDATE], MinLatency(ns), 2081
[UPDATE], MaxLatency(ns), 367159295
[UPDATE], 95thPercentileLatency(ns), 7281
[UPDATE], 99thPercentileLatency(ns), 8583
[UPDATE], Return=OK, 5000886
