/home/anatole/jdk8u/build/linux-x86_64-normal-server-release/jdk/bin/java -Xmx20g -XX:+UseG1GC -classpath /home/anatole/ycsb/conf:/home/anatole/ycsb/core/target/core-0.18.0-SNAPSHOT.jar:/home/anatole/ycsb/core/target/dependency/HdrHistogram-2.1.4.jar:/home/anatole/ycsb/core/target/dependency/guava-18.0.jar:/home/anatole/ycsb/core/target/dependency/htrace-core4-4.1.0-incubating.jar:/home/anatole/ycsb/core/target/dependency/jackson-core-asl-1.9.4.jar:/home/anatole/ycsb/core/target/dependency/jackson-mapper-asl-1.9.4.jar:/home/anatole/ycsb/core/target/dependency/javax.persistence-api-2.2.jar:/home/anatole/ycsb/core/target/dependency/jnvm-1.0-SNAPSHOT.jar:/home/anatole/ycsb/core/target/dependency/pcj-1.0.jar:/home/anatole/ycsb/core/target/dependency/unsafe-helper-1.0.jar:/home/anatole/ycsb/infinispan/src/main/conf:/home/anatole/ycsb/infinispan/target/infinispan-binding-0.18.0-SNAPSHOT.jar:/home/anatole/ycsb/infinispan/target/dependency/caffeine-2.6.2.jar:/home/anatole/ycsb/infinispan/target/dependency/gson-2.8.2.jar:/home/anatole/ycsb/infinispan/target/dependency/guava-18.0.jar:/home/anatole/ycsb/infinispan/target/dependency/infinispan-cachestore-jnvm-1.0-SNAPSHOT.jar:/home/anatole/ycsb/infinispan/target/dependency/infinispan-cachestore-pcj-1.0-SNAPSHOT.jar:/home/anatole/ycsb/infinispan/target/dependency/infinispan-client-hotrod-9.4.20.Final.jar:/home/anatole/ycsb/infinispan/target/dependency/infinispan-commons-9.4.20.Final.jar:/home/anatole/ycsb/infinispan/target/dependency/infinispan-core-9.4.20.Final.jar:/home/anatole/ycsb/infinispan/target/dependency/javax.persistence-api-2.2.jar:/home/anatole/ycsb/infinispan/target/dependency/jboss-logging-3.3.2.Final.jar:/home/anatole/ycsb/infinispan/target/dependency/jboss-marshalling-osgi-2.0.6.Final.jar:/home/anatole/ycsb/infinispan/target/dependency/jboss-transaction-api_1.2_spec-1.1.1.Final.jar:/home/anatole/ycsb/infinispan/target/dependency/jgroups-4.0.21.Final.jar:/home/anatole/ycsb/infinispan/target/dependency/jnvm-1.0-SNAPSHOT.jar:/home/anatole/ycsb/infinispan/target/dependency/metainf-services-1.7.jar:/home/anatole/ycsb/infinispan/target/dependency/netty-buffer-4.1.51.Final.jar:/home/anatole/ycsb/infinispan/target/dependency/netty-codec-4.1.51.Final.jar:/home/anatole/ycsb/infinispan/target/dependency/netty-common-4.1.51.Final.jar:/home/anatole/ycsb/infinispan/target/dependency/netty-handler-4.1.51.Final.jar:/home/anatole/ycsb/infinispan/target/dependency/netty-resolver-4.1.51.Final.jar:/home/anatole/ycsb/infinispan/target/dependency/netty-transport-4.1.51.Final.jar:/home/anatole/ycsb/infinispan/target/dependency/netty-transport-native-epoll-4.1.51.Final-linux-x86_64.jar:/home/anatole/ycsb/infinispan/target/dependency/netty-transport-native-unix-common-4.1.51.Final.jar:/home/anatole/ycsb/infinispan/target/dependency/pcj-1.0.jar:/home/anatole/ycsb/infinispan/target/dependency/reactive-streams-1.0.2.jar:/home/anatole/ycsb/infinispan/target/dependency/rxjava-2.2.4.jar:/home/anatole/ycsb/infinispan/target/dependency/unsafe-helper-1.0.jar site.ycsb.Client -t -db site.ycsb.db.InfinispanClient -P ../workloads/workloadf -preload -s -threads 1 -p dataintegrity=true -p offheap=false -p pcj=false -p recordcount=1000000 -p operationcount=10000000 -p fieldcount=10 -p fieldlength=100 -p measurement.trackjvm=true -p measurementtype=hdrhistogram -p hdrhistogram.output.path=./out/exp0.exectime.ref/log/infinispan.run.workloadf.true.1000000.1000000.10.100.default.1.false.true.default.default.none.r5.hdr.log
[OVERALL], RunTime(ms), 45417
[OVERALL], Throughput(ops/sec), 242200.05724728626
[TOTAL_GCS_G1_Young_Generation], Count, 50
[TOTAL_GC_TIME_G1_Young_Generation], Time(ms), 6721
[TOTAL_GC_TIME_%_G1_Young_Generation], Time(%), 14.79842349780919
[TOTAL_GCS_G1_Old_Generation], Count, 0
[TOTAL_GC_TIME_G1_Old_Generation], Time(ms), 0
[TOTAL_GC_TIME_%_G1_Old_Generation], Time(%), 0.0
[TOTAL_GCs], Count, 50
[TOTAL_GC_TIME], Time(ms), 6721
[TOTAL_GC_TIME_%], Time(%), 14.79842349780919
[MAX_MEM_USED], MBs, 6391
[MIN_MEM_USED], MBs, 52
[MAX_THREADS], Count, 6
[MIN_THREADS], Count, 3
[MAX_SYS_LOAD_AVG], Load, 6.61
[MIN_SYS_LOAD_AVG], Load, 4.64
[THREAD_COUNT], Operations, 6
[THREAD_COUNT], AverageLatency(ns), 5.166666666666667
[THREAD_COUNT], MinLatency(ns), 3
[THREAD_COUNT], MaxLatency(ns), 6
[THREAD_COUNT], 95thPercentileLatency(ns), 6
[THREAD_COUNT], 99thPercentileLatency(ns), 6
[SYS_LOAD_AVG], Operations, 6
[SYS_LOAD_AVG], AverageLatency(ns), 4.833333333333333
[SYS_LOAD_AVG], MinLatency(ns), 4
[SYS_LOAD_AVG], MaxLatency(ns), 6
[SYS_LOAD_AVG], 95thPercentileLatency(ns), 6
[SYS_LOAD_AVG], 99thPercentileLatency(ns), 6
[READ-MODIFY-WRITE], Operations, 4999900
[READ-MODIFY-WRITE], AverageLatency(ns), 3028.9855367107343
[READ-MODIFY-WRITE], MinLatency(ns), 1459
[READ-MODIFY-WRITE], MaxLatency(ns), 234270719
[READ-MODIFY-WRITE], 95thPercentileLatency(ns), 4134
[READ-MODIFY-WRITE], 99thPercentileLatency(ns), 4787
[LOAD], Operations, 1
[LOAD], AverageLatency(ns), 1.3416431616E10
[LOAD], MinLatency(ns), 13416398848
[LOAD], MaxLatency(ns), 13416464383
[LOAD], 95thPercentileLatency(ns), 13416464383
[LOAD], 99thPercentileLatency(ns), 13416464383
[USED_MEM_MB], Operations, 6
[USED_MEM_MB], AverageLatency(ns), 4594.333333333333
[USED_MEM_MB], MinLatency(ns), 52
[USED_MEM_MB], MaxLatency(ns), 6391
[USED_MEM_MB], 95thPercentileLatency(ns), 6391
[USED_MEM_MB], 99thPercentileLatency(ns), 6391
[MAIN_GCs_Count], Operations, 1
[MAIN_GCs_Count], AverageLatency(ns), 23.0
[MAIN_GCs_Count], MinLatency(ns), 23
[MAIN_GCs_Count], MaxLatency(ns), 23
[MAIN_GCs_Count], 95thPercentileLatency(ns), 23
[MAIN_GCs_Count], 99thPercentileLatency(ns), 23
[MAIN_GCs_Time(ms)], Operations, 1
[MAIN_GCs_Time(ms)], AverageLatency(ns), 4437.0
[MAIN_GCs_Time(ms)], MinLatency(ns), 4437
[MAIN_GCs_Time(ms)], MaxLatency(ns), 4437
[MAIN_GCs_Time(ms)], 95thPercentileLatency(ns), 4437
[MAIN_GCs_Time(ms)], 99thPercentileLatency(ns), 4437
[TRANSACTION], Operations, 1
[TRANSACTION], AverageLatency(ns), 3.0650728448E10
[TRANSACTION], MinLatency(ns), 30650662912
[TRANSACTION], MaxLatency(ns), 30650793983
[TRANSACTION], 95thPercentileLatency(ns), 30650793983
[TRANSACTION], 99thPercentileLatency(ns), 30650793983
[GCS_TIME], Operations, 6
[GCS_TIME], AverageLatency(ns), 1120.1666666666667
[GCS_TIME], MinLatency(ns), 0
[GCS_TIME], MaxLatency(ns), 1661
[GCS_TIME], 95thPercentileLatency(ns), 1661
[GCS_TIME], 99thPercentileLatency(ns), 1661
[LOAD_GCs_Time(ms)], Operations, 1
[LOAD_GCs_Time(ms)], AverageLatency(ns), 2078.0
[LOAD_GCs_Time(ms)], MinLatency(ns), 2078
[LOAD_GCs_Time(ms)], MaxLatency(ns), 2078
[LOAD_GCs_Time(ms)], 95thPercentileLatency(ns), 2078
[LOAD_GCs_Time(ms)], 99thPercentileLatency(ns), 2078
[READ], Operations, 10000000
[READ], AverageLatency(ns), 628.5353598
[READ], MinLatency(ns), 185
[READ], MaxLatency(ns), 221778943
[READ], 95thPercentileLatency(ns), 1452
[READ], 99thPercentileLatency(ns), 2292
[READ], Return=OK, 10000000
[INIT], Operations, 1
[INIT], AverageLatency(ns), 5.89129728E8
[INIT], MinLatency(ns), 589127680
[INIT], MaxLatency(ns), 589131775
[INIT], 95thPercentileLatency(ns), 589131775
[INIT], 99thPercentileLatency(ns), 589131775
[GCS], Operations, 6
[GCS], AverageLatency(ns), 8.333333333333334
[GCS], MinLatency(ns), 0
[GCS], MaxLatency(ns), 22
[GCS], 95thPercentileLatency(ns), 22
[GCS], 99thPercentileLatency(ns), 22
[LOAD_GCs_Count], Operations, 1
[LOAD_GCs_Count], AverageLatency(ns), 25.0
[LOAD_GCs_Count], MinLatency(ns), 25
[LOAD_GCs_Count], MaxLatency(ns), 25
[LOAD_GCs_Count], 95thPercentileLatency(ns), 25
[LOAD_GCs_Count], 99thPercentileLatency(ns), 25
[CLEANUP], Operations, 1
[CLEANUP], AverageLatency(ns), 6.8559872E8
[CLEANUP], MinLatency(ns), 685596672
[CLEANUP], MaxLatency(ns), 685600767
[CLEANUP], 95thPercentileLatency(ns), 685600767
[CLEANUP], 99thPercentileLatency(ns), 685600767
[INSERT], Operations, 1000000
[INSERT], AverageLatency(ns), 2172.329725
[INSERT], MinLatency(ns), 1180
[INSERT], MaxLatency(ns), 103030271
[INSERT], 95thPercentileLatency(ns), 2002
[INSERT], 99thPercentileLatency(ns), 3846
[INSERT], Return=OK, 1000000
[UPDATE], Operations, 4999900
[UPDATE], AverageLatency(ns), 2058.6385275705516
[UPDATE], MinLatency(ns), 998
[UPDATE], MaxLatency(ns), 220471295
[UPDATE], 95thPercentileLatency(ns), 3172
[UPDATE], 99thPercentileLatency(ns), 3716
[UPDATE], Return=OK, 4999900
