/home/anatole/jdk8u/build/linux-x86_64-normal-server-release/jdk/bin/java -Xmx20g -XX:+UseG1GC -classpath /home/anatole/ycsb/conf:/home/anatole/ycsb/core/target/core-0.18.0-SNAPSHOT.jar:/home/anatole/ycsb/core/target/dependency/HdrHistogram-2.1.4.jar:/home/anatole/ycsb/core/target/dependency/guava-18.0.jar:/home/anatole/ycsb/core/target/dependency/htrace-core4-4.1.0-incubating.jar:/home/anatole/ycsb/core/target/dependency/jackson-core-asl-1.9.4.jar:/home/anatole/ycsb/core/target/dependency/jackson-mapper-asl-1.9.4.jar:/home/anatole/ycsb/core/target/dependency/javax.persistence-api-2.2.jar:/home/anatole/ycsb/core/target/dependency/jnvm-1.0-SNAPSHOT.jar:/home/anatole/ycsb/core/target/dependency/pcj-1.0.jar:/home/anatole/ycsb/core/target/dependency/unsafe-helper-1.0.jar:/home/anatole/ycsb/infinispan/src/main/conf:/home/anatole/ycsb/infinispan/target/infinispan-binding-0.18.0-SNAPSHOT.jar:/home/anatole/ycsb/infinispan/target/dependency/caffeine-2.6.2.jar:/home/anatole/ycsb/infinispan/target/dependency/gson-2.8.2.jar:/home/anatole/ycsb/infinispan/target/dependency/guava-18.0.jar:/home/anatole/ycsb/infinispan/target/dependency/infinispan-cachestore-jnvm-1.0-SNAPSHOT.jar:/home/anatole/ycsb/infinispan/target/dependency/infinispan-cachestore-pcj-1.0-SNAPSHOT.jar:/home/anatole/ycsb/infinispan/target/dependency/infinispan-client-hotrod-9.4.20.Final.jar:/home/anatole/ycsb/infinispan/target/dependency/infinispan-commons-9.4.20.Final.jar:/home/anatole/ycsb/infinispan/target/dependency/infinispan-core-9.4.20.Final.jar:/home/anatole/ycsb/infinispan/target/dependency/javax.persistence-api-2.2.jar:/home/anatole/ycsb/infinispan/target/dependency/jboss-logging-3.3.2.Final.jar:/home/anatole/ycsb/infinispan/target/dependency/jboss-marshalling-osgi-2.0.6.Final.jar:/home/anatole/ycsb/infinispan/target/dependency/jboss-transaction-api_1.2_spec-1.1.1.Final.jar:/home/anatole/ycsb/infinispan/target/dependency/jgroups-4.0.21.Final.jar:/home/anatole/ycsb/infinispan/target/dependency/jnvm-1.0-SNAPSHOT.jar:/home/anatole/ycsb/infinispan/target/dependency/metainf-services-1.7.jar:/home/anatole/ycsb/infinispan/target/dependency/netty-buffer-4.1.51.Final.jar:/home/anatole/ycsb/infinispan/target/dependency/netty-codec-4.1.51.Final.jar:/home/anatole/ycsb/infinispan/target/dependency/netty-common-4.1.51.Final.jar:/home/anatole/ycsb/infinispan/target/dependency/netty-handler-4.1.51.Final.jar:/home/anatole/ycsb/infinispan/target/dependency/netty-resolver-4.1.51.Final.jar:/home/anatole/ycsb/infinispan/target/dependency/netty-transport-4.1.51.Final.jar:/home/anatole/ycsb/infinispan/target/dependency/netty-transport-native-epoll-4.1.51.Final-linux-x86_64.jar:/home/anatole/ycsb/infinispan/target/dependency/netty-transport-native-unix-common-4.1.51.Final.jar:/home/anatole/ycsb/infinispan/target/dependency/pcj-1.0.jar:/home/anatole/ycsb/infinispan/target/dependency/reactive-streams-1.0.2.jar:/home/anatole/ycsb/infinispan/target/dependency/rxjava-2.2.4.jar:/home/anatole/ycsb/infinispan/target/dependency/unsafe-helper-1.0.jar site.ycsb.Client -t -db site.ycsb.db.InfinispanClient -P ../workloads/workloadc -preload -s -threads 1 -p dataintegrity=true -p offheap=false -p pcj=false -p recordcount=1000000 -p operationcount=3000000 -p fieldcount=10 -p fieldlength=100 -p requestdistribution=zipfian -p measurement.trackjvm=true -p measurementtype=hdrhistogram -p hdrhistogram.output.path=./out/exp5.concurrent.ref/log/infinispan.run.workloadc.true.1000000.1000000.10.100.zipfian.1.true..default.default.none.r2.hdr.log
[OVERALL], RunTime(ms), 19377
[OVERALL], Throughput(ops/sec), 206430.30396862258
[TOTAL_GCS_G1_Young_Generation], Count, 28
[TOTAL_GC_TIME_G1_Young_Generation], Time(ms), 2322
[TOTAL_GC_TIME_%_G1_Young_Generation], Time(%), 11.983279145378543
[TOTAL_GCS_G1_Old_Generation], Count, 0
[TOTAL_GC_TIME_G1_Old_Generation], Time(ms), 0
[TOTAL_GC_TIME_%_G1_Old_Generation], Time(%), 0.0
[TOTAL_GCs], Count, 28
[TOTAL_GC_TIME], Time(ms), 2322
[TOTAL_GC_TIME_%], Time(%), 11.983279145378543
[MAX_MEM_USED], MBs, 4964
[MIN_MEM_USED], MBs, 50
[MAX_THREADS], Count, 7
[MIN_THREADS], Count, 3
[MAX_SYS_LOAD_AVG], Load, 1.55
[MIN_SYS_LOAD_AVG], Load, 1.36
[THREAD_COUNT], Operations, 3
[THREAD_COUNT], AverageLatency(ns), 4.666666666666667
[THREAD_COUNT], MinLatency(ns), 3
[THREAD_COUNT], MaxLatency(ns), 7
[THREAD_COUNT], 95thPercentileLatency(ns), 7
[THREAD_COUNT], 99thPercentileLatency(ns), 7
[SYS_LOAD_AVG], Operations, 3
[SYS_LOAD_AVG], AverageLatency(ns), 1.0
[SYS_LOAD_AVG], MinLatency(ns), 1
[SYS_LOAD_AVG], MaxLatency(ns), 1
[SYS_LOAD_AVG], 95thPercentileLatency(ns), 1
[SYS_LOAD_AVG], 99thPercentileLatency(ns), 1
[LOAD], Operations, 1
[LOAD], AverageLatency(ns), 1.4027096064E10
[LOAD], MinLatency(ns), 14027063296
[LOAD], MaxLatency(ns), 14027128831
[LOAD], 95thPercentileLatency(ns), 14027128831
[LOAD], 99thPercentileLatency(ns), 14027128831
[USED_MEM_MB], Operations, 3
[USED_MEM_MB], AverageLatency(ns), 2818.0
[USED_MEM_MB], MinLatency(ns), 50
[USED_MEM_MB], MaxLatency(ns), 4964
[USED_MEM_MB], 95thPercentileLatency(ns), 4964
[USED_MEM_MB], 99thPercentileLatency(ns), 4964
[MAIN_GCs_Count], Operations, 1
[MAIN_GCs_Count], AverageLatency(ns), 2.0
[MAIN_GCs_Count], MinLatency(ns), 2
[MAIN_GCs_Count], MaxLatency(ns), 2
[MAIN_GCs_Count], 95thPercentileLatency(ns), 2
[MAIN_GCs_Count], 99thPercentileLatency(ns), 2
[MAIN_GCs_Time(ms)], Operations, 1
[MAIN_GCs_Time(ms)], AverageLatency(ns), 203.0
[MAIN_GCs_Time(ms)], MinLatency(ns), 203
[MAIN_GCs_Time(ms)], MaxLatency(ns), 203
[MAIN_GCs_Time(ms)], 95thPercentileLatency(ns), 203
[MAIN_GCs_Time(ms)], 99thPercentileLatency(ns), 203
[TRANSACTION], Operations, 1
[TRANSACTION], AverageLatency(ns), 4.117061632E9
[TRANSACTION], MinLatency(ns), 4117053440
[TRANSACTION], MaxLatency(ns), 4117069823
[TRANSACTION], 95thPercentileLatency(ns), 4117069823
[TRANSACTION], 99thPercentileLatency(ns), 4117069823
[GCS_TIME], Operations, 3
[GCS_TIME], AverageLatency(ns), 774.0
[GCS_TIME], MinLatency(ns), 0
[GCS_TIME], MaxLatency(ns), 1468
[GCS_TIME], 95thPercentileLatency(ns), 1468
[GCS_TIME], 99thPercentileLatency(ns), 1468
[LOAD_GCs_Time(ms)], Operations, 1
[LOAD_GCs_Time(ms)], AverageLatency(ns), 2097.0
[LOAD_GCs_Time(ms)], MinLatency(ns), 2097
[LOAD_GCs_Time(ms)], MaxLatency(ns), 2097
[LOAD_GCs_Time(ms)], 95thPercentileLatency(ns), 2097
[LOAD_GCs_Time(ms)], 99thPercentileLatency(ns), 2097
[READ], Operations, 3000000
[READ], AverageLatency(ns), 738.270621
[READ], MinLatency(ns), 166
[READ], MaxLatency(ns), 137395199
[READ], 95thPercentileLatency(ns), 3064
[READ], 99thPercentileLatency(ns), 3925
[READ], Return=OK, 3000000
[INIT], Operations, 1
[INIT], AverageLatency(ns), 6.64963072E8
[INIT], MinLatency(ns), 664961024
[INIT], MaxLatency(ns), 664965119
[INIT], 95thPercentileLatency(ns), 664965119
[INIT], 99thPercentileLatency(ns), 664965119
[GCS], Operations, 3
[GCS], AverageLatency(ns), 9.333333333333334
[GCS], MinLatency(ns), 0
[GCS], MaxLatency(ns), 22
[GCS], 95thPercentileLatency(ns), 22
[GCS], 99thPercentileLatency(ns), 22
[LOAD_GCs_Count], Operations, 1
[LOAD_GCs_Count], AverageLatency(ns), 25.0
[LOAD_GCs_Count], MinLatency(ns), 25
[LOAD_GCs_Count], MaxLatency(ns), 25
[LOAD_GCs_Count], 95thPercentileLatency(ns), 25
[LOAD_GCs_Count], 99thPercentileLatency(ns), 25
[CLEANUP], Operations, 1
[CLEANUP], AverageLatency(ns), 4.94468096E8
[CLEANUP], MinLatency(ns), 494467072
[CLEANUP], MaxLatency(ns), 494469119
[CLEANUP], 95thPercentileLatency(ns), 494469119
[CLEANUP], 99thPercentileLatency(ns), 494469119
[INSERT], Operations, 1000000
[INSERT], AverageLatency(ns), 2924.299907
[INSERT], MinLatency(ns), 1583
[INSERT], MaxLatency(ns), 165102591
[INSERT], 95thPercentileLatency(ns), 2421
[INSERT], 99thPercentileLatency(ns), 5030
[INSERT], Return=OK, 1000000
