/home/anatole/jdk8u/build/linux-x86_64-normal-server-release/jdk/bin/java -Xmx20g -XX:+UseG1GC -classpath /home/anatole/ycsb/conf:/home/anatole/ycsb/core/target/core-0.18.0-SNAPSHOT.jar:/home/anatole/ycsb/core/target/dependency/HdrHistogram-2.1.4.jar:/home/anatole/ycsb/core/target/dependency/guava-18.0.jar:/home/anatole/ycsb/core/target/dependency/htrace-core4-4.1.0-incubating.jar:/home/anatole/ycsb/core/target/dependency/jackson-core-asl-1.9.4.jar:/home/anatole/ycsb/core/target/dependency/jackson-mapper-asl-1.9.4.jar:/home/anatole/ycsb/core/target/dependency/javax.persistence-api-2.2.jar:/home/anatole/ycsb/core/target/dependency/jnvm-1.0-SNAPSHOT.jar:/home/anatole/ycsb/core/target/dependency/pcj-1.0.jar:/home/anatole/ycsb/core/target/dependency/unsafe-helper-1.0.jar:/home/anatole/ycsb/infinispan/src/main/conf:/home/anatole/ycsb/infinispan/target/infinispan-binding-0.18.0-SNAPSHOT.jar:/home/anatole/ycsb/infinispan/target/dependency/caffeine-2.6.2.jar:/home/anatole/ycsb/infinispan/target/dependency/gson-2.8.2.jar:/home/anatole/ycsb/infinispan/target/dependency/guava-18.0.jar:/home/anatole/ycsb/infinispan/target/dependency/infinispan-cachestore-jnvm-1.0-SNAPSHOT.jar:/home/anatole/ycsb/infinispan/target/dependency/infinispan-cachestore-pcj-1.0-SNAPSHOT.jar:/home/anatole/ycsb/infinispan/target/dependency/infinispan-client-hotrod-9.4.20.Final.jar:/home/anatole/ycsb/infinispan/target/dependency/infinispan-commons-9.4.20.Final.jar:/home/anatole/ycsb/infinispan/target/dependency/infinispan-core-9.4.20.Final.jar:/home/anatole/ycsb/infinispan/target/dependency/javax.persistence-api-2.2.jar:/home/anatole/ycsb/infinispan/target/dependency/jboss-logging-3.3.2.Final.jar:/home/anatole/ycsb/infinispan/target/dependency/jboss-marshalling-osgi-2.0.6.Final.jar:/home/anatole/ycsb/infinispan/target/dependency/jboss-transaction-api_1.2_spec-1.1.1.Final.jar:/home/anatole/ycsb/infinispan/target/dependency/jgroups-4.0.21.Final.jar:/home/anatole/ycsb/infinispan/target/dependency/jnvm-1.0-SNAPSHOT.jar:/home/anatole/ycsb/infinispan/target/dependency/metainf-services-1.7.jar:/home/anatole/ycsb/infinispan/target/dependency/netty-buffer-4.1.51.Final.jar:/home/anatole/ycsb/infinispan/target/dependency/netty-codec-4.1.51.Final.jar:/home/anatole/ycsb/infinispan/target/dependency/netty-common-4.1.51.Final.jar:/home/anatole/ycsb/infinispan/target/dependency/netty-handler-4.1.51.Final.jar:/home/anatole/ycsb/infinispan/target/dependency/netty-resolver-4.1.51.Final.jar:/home/anatole/ycsb/infinispan/target/dependency/netty-transport-4.1.51.Final.jar:/home/anatole/ycsb/infinispan/target/dependency/netty-transport-native-epoll-4.1.51.Final-linux-x86_64.jar:/home/anatole/ycsb/infinispan/target/dependency/netty-transport-native-unix-common-4.1.51.Final.jar:/home/anatole/ycsb/infinispan/target/dependency/pcj-1.0.jar:/home/anatole/ycsb/infinispan/target/dependency/reactive-streams-1.0.2.jar:/home/anatole/ycsb/infinispan/target/dependency/rxjava-2.2.4.jar:/home/anatole/ycsb/infinispan/target/dependency/unsafe-helper-1.0.jar site.ycsb.Client -t -db site.ycsb.db.InfinispanJNVMClient -P ../workloads/workloada -preload -s -threads 8 -p dataintegrity=true -p offheap=true -p pcj=false -p recordcount=1000000 -p operationcount=24000000 -p fieldcount=10 -p fieldlength=100 -p requestdistribution=zipfian -p measurement.trackjvm=true -p measurementtype=hdrhistogram -p hdrhistogram.output.path=./out/exp5.concurrent.ref/log/infinispan-jnvm.run.workloada.true.1000000.1.10.100.zipfian.8.false..default.default.none.r2.hdr.log
[OVERALL], RunTime(ms), 44463
[OVERALL], Throughput(ops/sec), 562265.254256348
[TOTAL_GCS_G1_Young_Generation], Count, 87
[TOTAL_GC_TIME_G1_Young_Generation], Time(ms), 12023
[TOTAL_GC_TIME_%_G1_Young_Generation], Time(%), 27.040460607696286
[TOTAL_GCS_G1_Old_Generation], Count, 0
[TOTAL_GC_TIME_G1_Old_Generation], Time(ms), 0
[TOTAL_GC_TIME_%_G1_Old_Generation], Time(%), 0.0
[TOTAL_GCs], Count, 87
[TOTAL_GC_TIME], Time(ms), 12023
[TOTAL_GC_TIME_%], Time(%), 27.040460607696286
[MAX_MEM_USED], MBs, 4912
[MIN_MEM_USED], MBs, 64
[MAX_THREADS], Count, 14
[MIN_THREADS], Count, 4
[MAX_SYS_LOAD_AVG], Load, 11.8
[MIN_SYS_LOAD_AVG], Load, 8.23
[THREAD_COUNT], Operations, 6
[THREAD_COUNT], AverageLatency(ns), 11.666666666666666
[THREAD_COUNT], MinLatency(ns), 4
[THREAD_COUNT], MaxLatency(ns), 14
[THREAD_COUNT], 95thPercentileLatency(ns), 14
[THREAD_COUNT], 99thPercentileLatency(ns), 14
[SYS_LOAD_AVG], Operations, 6
[SYS_LOAD_AVG], AverageLatency(ns), 9.666666666666666
[SYS_LOAD_AVG], MinLatency(ns), 8
[SYS_LOAD_AVG], MaxLatency(ns), 11
[SYS_LOAD_AVG], 95thPercentileLatency(ns), 11
[SYS_LOAD_AVG], 99thPercentileLatency(ns), 11
[LOAD], Operations, 8
[LOAD], AverageLatency(ns), 1.4098546688E10
[LOAD], MinLatency(ns), 14001700864
[LOAD], MaxLatency(ns), 14160166911
[LOAD], 95thPercentileLatency(ns), 14160166911
[LOAD], 99thPercentileLatency(ns), 14160166911
[USED_MEM_MB], Operations, 6
[USED_MEM_MB], AverageLatency(ns), 3498.6666666666665
[USED_MEM_MB], MinLatency(ns), 64
[USED_MEM_MB], MaxLatency(ns), 4912
[USED_MEM_MB], 95thPercentileLatency(ns), 4912
[USED_MEM_MB], 99thPercentileLatency(ns), 4912
[MAIN_GCs_Count], Operations, 8
[MAIN_GCs_Count], AverageLatency(ns), 61.125
[MAIN_GCs_Count], MinLatency(ns), 60
[MAIN_GCs_Count], MaxLatency(ns), 62
[MAIN_GCs_Count], 95thPercentileLatency(ns), 62
[MAIN_GCs_Count], 99thPercentileLatency(ns), 62
[MAIN_GCs_Time(ms)], Operations, 8
[MAIN_GCs_Time(ms)], AverageLatency(ns), 10027.625
[MAIN_GCs_Time(ms)], MinLatency(ns), 9844
[MAIN_GCs_Time(ms)], MaxLatency(ns), 10146
[MAIN_GCs_Time(ms)], 95thPercentileLatency(ns), 10146
[MAIN_GCs_Time(ms)], 99thPercentileLatency(ns), 10146
[TRANSACTION], Operations, 8
[TRANSACTION], AverageLatency(ns), 2.8132327424E10
[TRANSACTION], MinLatency(ns), 27591049216
[TRANSACTION], MaxLatency(ns), 28559671295
[TRANSACTION], 95thPercentileLatency(ns), 28559671295
[TRANSACTION], 99thPercentileLatency(ns), 28559671295
[GCS_TIME], Operations, 6
[GCS_TIME], AverageLatency(ns), 2003.8333333333333
[GCS_TIME], MinLatency(ns), 0
[GCS_TIME], MaxLatency(ns), 3694
[GCS_TIME], 95thPercentileLatency(ns), 3694
[GCS_TIME], 99thPercentileLatency(ns), 3694
[LOAD_GCs_Time(ms)], Operations, 8
[LOAD_GCs_Time(ms)], AverageLatency(ns), 1857.0
[LOAD_GCs_Time(ms)], MinLatency(ns), 1857
[LOAD_GCs_Time(ms)], MaxLatency(ns), 1857
[LOAD_GCs_Time(ms)], 95thPercentileLatency(ns), 1857
[LOAD_GCs_Time(ms)], 99thPercentileLatency(ns), 1857
[READ], Operations, 12003169
[READ], AverageLatency(ns), 4040.7131105960434
[READ], MinLatency(ns), 213
[READ], MaxLatency(ns), 201547775
[READ], 95thPercentileLatency(ns), 8363
[READ], 99thPercentileLatency(ns), 12369
[READ], Return=OK, 12003169
[INIT], Operations, 8
[INIT], AverageLatency(ns), 1.618376704E9
[INIT], MinLatency(ns), 1616945152
[INIT], MaxLatency(ns), 1620164607
[INIT], 95thPercentileLatency(ns), 1620164607
[INIT], 99thPercentileLatency(ns), 1620164607
[GCS], Operations, 6
[GCS], AverageLatency(ns), 14.5
[GCS], MinLatency(ns), 0
[GCS], MaxLatency(ns), 22
[GCS], 95thPercentileLatency(ns), 22
[GCS], 99thPercentileLatency(ns), 22
[LOAD_GCs_Count], Operations, 8
[LOAD_GCs_Count], AverageLatency(ns), 24.0
[LOAD_GCs_Count], MinLatency(ns), 24
[LOAD_GCs_Count], MaxLatency(ns), 24
[LOAD_GCs_Count], 95thPercentileLatency(ns), 24
[LOAD_GCs_Count], 99thPercentileLatency(ns), 24
[CLEANUP], Operations, 8
[CLEANUP], AverageLatency(ns), 4.28441898E8
[CLEANUP], MinLatency(ns), 4972288
[CLEANUP], MaxLatency(ns), 940621823
[CLEANUP], 95thPercentileLatency(ns), 940621823
[CLEANUP], 99thPercentileLatency(ns), 940621823
[INSERT], Operations, 1000000
[INSERT], AverageLatency(ns), 45174.604848
[INSERT], MinLatency(ns), 2929
[INSERT], MaxLatency(ns), 161242111
[INSERT], 95thPercentileLatency(ns), 37688
[INSERT], 99thPercentileLatency(ns), 337005
[INSERT], Return=OK, 1000000
[UPDATE], Operations, 11996831
[UPDATE], AverageLatency(ns), 5992.669229732419
[UPDATE], MinLatency(ns), 397
[UPDATE], MaxLatency(ns), 201286655
[UPDATE], 95thPercentileLatency(ns), 9421
[UPDATE], 99thPercentileLatency(ns), 13385
[UPDATE], Return=OK, 11996831
