/home/anatole/jdk8u/build/linux-x86_64-normal-server-release/jdk/bin/java -Xmx20g -XX:+UseG1GC -classpath /home/anatole/ycsb/conf:/home/anatole/ycsb/core/target/core-0.18.0-SNAPSHOT.jar:/home/anatole/ycsb/core/target/dependency/HdrHistogram-2.1.4.jar:/home/anatole/ycsb/core/target/dependency/guava-18.0.jar:/home/anatole/ycsb/core/target/dependency/htrace-core4-4.1.0-incubating.jar:/home/anatole/ycsb/core/target/dependency/jackson-core-asl-1.9.4.jar:/home/anatole/ycsb/core/target/dependency/jackson-mapper-asl-1.9.4.jar:/home/anatole/ycsb/core/target/dependency/javax.persistence-api-2.2.jar:/home/anatole/ycsb/core/target/dependency/jnvm-1.0-SNAPSHOT.jar:/home/anatole/ycsb/core/target/dependency/pcj-1.0.jar:/home/anatole/ycsb/core/target/dependency/unsafe-helper-1.0.jar:/home/anatole/ycsb/infinispan/src/main/conf:/home/anatole/ycsb/infinispan/target/infinispan-binding-0.18.0-SNAPSHOT.jar:/home/anatole/ycsb/infinispan/target/dependency/caffeine-2.6.2.jar:/home/anatole/ycsb/infinispan/target/dependency/gson-2.8.2.jar:/home/anatole/ycsb/infinispan/target/dependency/guava-18.0.jar:/home/anatole/ycsb/infinispan/target/dependency/infinispan-cachestore-jnvm-1.0-SNAPSHOT.jar:/home/anatole/ycsb/infinispan/target/dependency/infinispan-cachestore-pcj-1.0-SNAPSHOT.jar:/home/anatole/ycsb/infinispan/target/dependency/infinispan-client-hotrod-9.4.20.Final.jar:/home/anatole/ycsb/infinispan/target/dependency/infinispan-commons-9.4.20.Final.jar:/home/anatole/ycsb/infinispan/target/dependency/infinispan-core-9.4.20.Final.jar:/home/anatole/ycsb/infinispan/target/dependency/javax.persistence-api-2.2.jar:/home/anatole/ycsb/infinispan/target/dependency/jboss-logging-3.3.2.Final.jar:/home/anatole/ycsb/infinispan/target/dependency/jboss-marshalling-osgi-2.0.6.Final.jar:/home/anatole/ycsb/infinispan/target/dependency/jboss-transaction-api_1.2_spec-1.1.1.Final.jar:/home/anatole/ycsb/infinispan/target/dependency/jgroups-4.0.21.Final.jar:/home/anatole/ycsb/infinispan/target/dependency/jnvm-1.0-SNAPSHOT.jar:/home/anatole/ycsb/infinispan/target/dependency/metainf-services-1.7.jar:/home/anatole/ycsb/infinispan/target/dependency/netty-buffer-4.1.51.Final.jar:/home/anatole/ycsb/infinispan/target/dependency/netty-codec-4.1.51.Final.jar:/home/anatole/ycsb/infinispan/target/dependency/netty-common-4.1.51.Final.jar:/home/anatole/ycsb/infinispan/target/dependency/netty-handler-4.1.51.Final.jar:/home/anatole/ycsb/infinispan/target/dependency/netty-resolver-4.1.51.Final.jar:/home/anatole/ycsb/infinispan/target/dependency/netty-transport-4.1.51.Final.jar:/home/anatole/ycsb/infinispan/target/dependency/netty-transport-native-epoll-4.1.51.Final-linux-x86_64.jar:/home/anatole/ycsb/infinispan/target/dependency/netty-transport-native-unix-common-4.1.51.Final.jar:/home/anatole/ycsb/infinispan/target/dependency/pcj-1.0.jar:/home/anatole/ycsb/infinispan/target/dependency/reactive-streams-1.0.2.jar:/home/anatole/ycsb/infinispan/target/dependency/rxjava-2.2.4.jar:/home/anatole/ycsb/infinispan/target/dependency/unsafe-helper-1.0.jar site.ycsb.Client -t -db site.ycsb.db.InfinispanClient -P ../workloads/workloada -preload -s -threads 4 -p dataintegrity=true -p offheap=false -p pcj=false -p recordcount=1000000 -p operationcount=24000000 -p fieldcount=10 -p fieldlength=100 -p requestdistribution=zipfian -p measurement.trackjvm=true -p measurementtype=hdrhistogram -p hdrhistogram.output.path=./out/exp5.concurrent.ref/log/infinispan.run.workloada.true.1000000.1000000.10.100.zipfian.4.false.true.default.default.volatile.r4.hdr.log
[OVERALL], RunTime(ms), 41426
[OVERALL], Throughput(ops/sec), 603485.7335972578
[TOTAL_GCS_G1_Young_Generation], Count, 78
[TOTAL_GC_TIME_G1_Young_Generation], Time(ms), 11877
[TOTAL_GC_TIME_%_G1_Young_Generation], Time(%), 28.670400231738526
[TOTAL_GCS_G1_Old_Generation], Count, 0
[TOTAL_GC_TIME_G1_Old_Generation], Time(ms), 0
[TOTAL_GC_TIME_%_G1_Old_Generation], Time(%), 0.0
[TOTAL_GCs], Count, 78
[TOTAL_GC_TIME], Time(ms), 11877
[TOTAL_GC_TIME_%], Time(%), 28.670400231738526
[MAX_MEM_USED], MBs, 8669
[MIN_MEM_USED], MBs, 56
[MAX_THREADS], Count, 35
[MIN_THREADS], Count, 4
[MAX_SYS_LOAD_AVG], Load, 15.41
[MIN_SYS_LOAD_AVG], Load, 12.16
[THREAD_COUNT], Operations, 6
[THREAD_COUNT], AverageLatency(ns), 25.0
[THREAD_COUNT], MinLatency(ns), 4
[THREAD_COUNT], MaxLatency(ns), 35
[THREAD_COUNT], 95thPercentileLatency(ns), 35
[THREAD_COUNT], 99thPercentileLatency(ns), 35
[SYS_LOAD_AVG], Operations, 6
[SYS_LOAD_AVG], AverageLatency(ns), 13.333333333333334
[SYS_LOAD_AVG], MinLatency(ns), 12
[SYS_LOAD_AVG], MaxLatency(ns), 15
[SYS_LOAD_AVG], 95thPercentileLatency(ns), 15
[SYS_LOAD_AVG], 99thPercentileLatency(ns), 15
[LOAD], Operations, 4
[LOAD], AverageLatency(ns), 6.233677824E9
[LOAD], MinLatency(ns), 6191710208
[LOAD], MaxLatency(ns), 6304628735
[LOAD], 95thPercentileLatency(ns), 6304628735
[LOAD], 99thPercentileLatency(ns), 6304628735
[USED_MEM_MB], Operations, 6
[USED_MEM_MB], AverageLatency(ns), 5990.166666666667
[USED_MEM_MB], MinLatency(ns), 56
[USED_MEM_MB], MaxLatency(ns), 8669
[USED_MEM_MB], 95thPercentileLatency(ns), 8669
[USED_MEM_MB], 99thPercentileLatency(ns), 8669
[MAIN_GCs_Count], Operations, 4
[MAIN_GCs_Count], AverageLatency(ns), 51.5
[MAIN_GCs_Count], MinLatency(ns), 51
[MAIN_GCs_Count], MaxLatency(ns), 52
[MAIN_GCs_Count], 95thPercentileLatency(ns), 52
[MAIN_GCs_Count], 99thPercentileLatency(ns), 52
[MAIN_GCs_Time(ms)], Operations, 4
[MAIN_GCs_Time(ms)], AverageLatency(ns), 9650.0
[MAIN_GCs_Time(ms)], MinLatency(ns), 9561
[MAIN_GCs_Time(ms)], MaxLatency(ns), 9739
[MAIN_GCs_Time(ms)], 95thPercentileLatency(ns), 9739
[MAIN_GCs_Time(ms)], 99thPercentileLatency(ns), 9739
[TRANSACTION], Operations, 4
[TRANSACTION], AverageLatency(ns), 3.323887616E10
[TRANSACTION], MinLatency(ns), 32693157888
[TRANSACTION], MaxLatency(ns), 33876213759
[TRANSACTION], 95thPercentileLatency(ns), 33876213759
[TRANSACTION], 99thPercentileLatency(ns), 33876213759
[GCS_TIME], Operations, 6
[GCS_TIME], AverageLatency(ns), 1979.5
[GCS_TIME], MinLatency(ns), 0
[GCS_TIME], MaxLatency(ns), 3324
[GCS_TIME], 95thPercentileLatency(ns), 3324
[GCS_TIME], 99thPercentileLatency(ns), 3324
[LOAD_GCs_Time(ms)], Operations, 4
[LOAD_GCs_Time(ms)], AverageLatency(ns), 2119.0
[LOAD_GCs_Time(ms)], MinLatency(ns), 2119
[LOAD_GCs_Time(ms)], MaxLatency(ns), 2119
[LOAD_GCs_Time(ms)], 95thPercentileLatency(ns), 2119
[LOAD_GCs_Time(ms)], 99thPercentileLatency(ns), 2119
[READ], Operations, 11996919
[READ], AverageLatency(ns), 1392.2450868427136
[READ], MinLatency(ns), 194
[READ], MaxLatency(ns), 232439807
[READ], 95thPercentileLatency(ns), 1509
[READ], 99thPercentileLatency(ns), 9613
[READ], Return=OK, 11996919
[INIT], Operations, 4
[INIT], AverageLatency(ns), 6.03348992E8
[INIT], MinLatency(ns), 602730496
[INIT], MaxLatency(ns), 604016639
[INIT], 95thPercentileLatency(ns), 604016639
[INIT], 99thPercentileLatency(ns), 604016639
[GCS], Operations, 6
[GCS], AverageLatency(ns), 13.0
[GCS], MinLatency(ns), 0
[GCS], MaxLatency(ns), 33
[GCS], 95thPercentileLatency(ns), 33
[GCS], 99thPercentileLatency(ns), 33
[LOAD_GCs_Count], Operations, 4
[LOAD_GCs_Count], AverageLatency(ns), 25.0
[LOAD_GCs_Count], MinLatency(ns), 25
[LOAD_GCs_Count], MaxLatency(ns), 25
[LOAD_GCs_Count], 95thPercentileLatency(ns), 25
[LOAD_GCs_Count], 99thPercentileLatency(ns), 25
[CLEANUP], Operations, 4
[CLEANUP], AverageLatency(ns), 1.106567424E9
[CLEANUP], MinLatency(ns), 482875392
[CLEANUP], MaxLatency(ns), 1632698367
[CLEANUP], 95thPercentileLatency(ns), 1632698367
[CLEANUP], 99thPercentileLatency(ns), 1632698367
[INSERT], Operations, 1000000
[INSERT], AverageLatency(ns), 6484.443102
[INSERT], MinLatency(ns), 1336
[INSERT], MaxLatency(ns), 166866943
[INSERT], 95thPercentileLatency(ns), 5293
[INSERT], 99thPercentileLatency(ns), 20170
[INSERT], Return=OK, 1000000
[UPDATE], Operations, 12003081
[UPDATE], AverageLatency(ns), 5132.950547613567
[UPDATE], MinLatency(ns), 1123
[UPDATE], MaxLatency(ns), 232546303
[UPDATE], 95thPercentileLatency(ns), 11566
[UPDATE], 99thPercentileLatency(ns), 14488
[UPDATE], Return=OK, 12003081
