/home/anatole/jdk8u/build/linux-x86_64-normal-server-release/jdk/bin/java -Xmx20g -XX:+UseG1GC -classpath /home/anatole/ycsb/conf:/home/anatole/ycsb/core/target/core-0.18.0-SNAPSHOT.jar:/home/anatole/ycsb/core/target/dependency/HdrHistogram-2.1.4.jar:/home/anatole/ycsb/core/target/dependency/guava-18.0.jar:/home/anatole/ycsb/core/target/dependency/htrace-core4-4.1.0-incubating.jar:/home/anatole/ycsb/core/target/dependency/jackson-core-asl-1.9.4.jar:/home/anatole/ycsb/core/target/dependency/jackson-mapper-asl-1.9.4.jar:/home/anatole/ycsb/core/target/dependency/javax.persistence-api-2.2.jar:/home/anatole/ycsb/core/target/dependency/jnvm-1.0-SNAPSHOT.jar:/home/anatole/ycsb/core/target/dependency/pcj-1.0.jar:/home/anatole/ycsb/core/target/dependency/unsafe-helper-1.0.jar:/home/anatole/ycsb/infinispan/src/main/conf:/home/anatole/ycsb/infinispan/target/infinispan-binding-0.18.0-SNAPSHOT.jar:/home/anatole/ycsb/infinispan/target/dependency/caffeine-2.6.2.jar:/home/anatole/ycsb/infinispan/target/dependency/gson-2.8.2.jar:/home/anatole/ycsb/infinispan/target/dependency/guava-18.0.jar:/home/anatole/ycsb/infinispan/target/dependency/infinispan-cachestore-jnvm-1.0-SNAPSHOT.jar:/home/anatole/ycsb/infinispan/target/dependency/infinispan-cachestore-pcj-1.0-SNAPSHOT.jar:/home/anatole/ycsb/infinispan/target/dependency/infinispan-client-hotrod-9.4.20.Final.jar:/home/anatole/ycsb/infinispan/target/dependency/infinispan-commons-9.4.20.Final.jar:/home/anatole/ycsb/infinispan/target/dependency/infinispan-core-9.4.20.Final.jar:/home/anatole/ycsb/infinispan/target/dependency/javax.persistence-api-2.2.jar:/home/anatole/ycsb/infinispan/target/dependency/jboss-logging-3.3.2.Final.jar:/home/anatole/ycsb/infinispan/target/dependency/jboss-marshalling-osgi-2.0.6.Final.jar:/home/anatole/ycsb/infinispan/target/dependency/jboss-transaction-api_1.2_spec-1.1.1.Final.jar:/home/anatole/ycsb/infinispan/target/dependency/jgroups-4.0.21.Final.jar:/home/anatole/ycsb/infinispan/target/dependency/jnvm-1.0-SNAPSHOT.jar:/home/anatole/ycsb/infinispan/target/dependency/metainf-services-1.7.jar:/home/anatole/ycsb/infinispan/target/dependency/netty-buffer-4.1.51.Final.jar:/home/anatole/ycsb/infinispan/target/dependency/netty-codec-4.1.51.Final.jar:/home/anatole/ycsb/infinispan/target/dependency/netty-common-4.1.51.Final.jar:/home/anatole/ycsb/infinispan/target/dependency/netty-handler-4.1.51.Final.jar:/home/anatole/ycsb/infinispan/target/dependency/netty-resolver-4.1.51.Final.jar:/home/anatole/ycsb/infinispan/target/dependency/netty-transport-4.1.51.Final.jar:/home/anatole/ycsb/infinispan/target/dependency/netty-transport-native-epoll-4.1.51.Final-linux-x86_64.jar:/home/anatole/ycsb/infinispan/target/dependency/netty-transport-native-unix-common-4.1.51.Final.jar:/home/anatole/ycsb/infinispan/target/dependency/pcj-1.0.jar:/home/anatole/ycsb/infinispan/target/dependency/reactive-streams-1.0.2.jar:/home/anatole/ycsb/infinispan/target/dependency/rxjava-2.2.4.jar:/home/anatole/ycsb/infinispan/target/dependency/unsafe-helper-1.0.jar site.ycsb.Client -t -db site.ycsb.db.InfinispanClient -P ../workloads/workloada -preload -s -threads 8 -p dataintegrity=true -p offheap=false -p pcj=false -p recordcount=1000000 -p operationcount=24000000 -p fieldcount=10 -p fieldlength=100 -p requestdistribution=zipfian -p measurement.trackjvm=true -p measurementtype=hdrhistogram -p hdrhistogram.output.path=./out/exp5.concurrent.ref/log/infinispan.run.workloada.true.1000000.100000.10.100.zipfian.8.false..default.default.none.r2.hdr.log
[OVERALL], RunTime(ms), 187058
[OVERALL], Throughput(ops/sec), 133648.3871312641
[TOTAL_GCS_G1_Young_Generation], Count, 89
[TOTAL_GC_TIME_G1_Young_Generation], Time(ms), 11123
[TOTAL_GC_TIME_%_G1_Young_Generation], Time(%), 5.946284040244202
[TOTAL_GCS_G1_Old_Generation], Count, 0
[TOTAL_GC_TIME_G1_Old_Generation], Time(ms), 0
[TOTAL_GC_TIME_%_G1_Old_Generation], Time(%), 0.0
[TOTAL_GCs], Count, 89
[TOTAL_GC_TIME], Time(ms), 11123
[TOTAL_GC_TIME_%], Time(%), 5.946284040244202
[MAX_MEM_USED], MBs, 11327
[MIN_MEM_USED], MBs, 60
[MAX_THREADS], Count, 40
[MIN_THREADS], Count, 2
[MAX_SYS_LOAD_AVG], Load, 9.94
[MIN_SYS_LOAD_AVG], Load, 7.64
[THREAD_COUNT], Operations, 20
[THREAD_COUNT], AverageLatency(ns), 34.6
[THREAD_COUNT], MinLatency(ns), 2
[THREAD_COUNT], MaxLatency(ns), 40
[THREAD_COUNT], 95thPercentileLatency(ns), 40
[THREAD_COUNT], 99thPercentileLatency(ns), 40
[SYS_LOAD_AVG], Operations, 20
[SYS_LOAD_AVG], AverageLatency(ns), 8.4
[SYS_LOAD_AVG], MinLatency(ns), 7
[SYS_LOAD_AVG], MaxLatency(ns), 9
[SYS_LOAD_AVG], 95thPercentileLatency(ns), 9
[SYS_LOAD_AVG], 99thPercentileLatency(ns), 9
[LOAD], Operations, 8
[LOAD], AverageLatency(ns), 1.2938452992E10
[LOAD], MinLatency(ns), 12702580736
[LOAD], MaxLatency(ns), 13090619391
[LOAD], 95thPercentileLatency(ns), 13090619391
[LOAD], 99thPercentileLatency(ns), 13090619391
[USED_MEM_MB], Operations, 20
[USED_MEM_MB], AverageLatency(ns), 6220.05
[USED_MEM_MB], MinLatency(ns), 60
[USED_MEM_MB], MaxLatency(ns), 11327
[USED_MEM_MB], 95thPercentileLatency(ns), 10686
[USED_MEM_MB], 99thPercentileLatency(ns), 11327
[MAIN_GCs_Count], Operations, 8
[MAIN_GCs_Count], AverageLatency(ns), 69.0
[MAIN_GCs_Count], MinLatency(ns), 69
[MAIN_GCs_Count], MaxLatency(ns), 69
[MAIN_GCs_Count], 95thPercentileLatency(ns), 69
[MAIN_GCs_Count], 99thPercentileLatency(ns), 69
[MAIN_GCs_Time(ms)], Operations, 8
[MAIN_GCs_Time(ms)], AverageLatency(ns), 10094.0
[MAIN_GCs_Time(ms)], MinLatency(ns), 10094
[MAIN_GCs_Time(ms)], MaxLatency(ns), 10094
[MAIN_GCs_Time(ms)], 95thPercentileLatency(ns), 10094
[MAIN_GCs_Time(ms)], 99thPercentileLatency(ns), 10094
[TRANSACTION], Operations, 8
[TRANSACTION], AverageLatency(ns), 1.71848630272E11
[TRANSACTION], MinLatency(ns), 171257626624
[TRANSACTION], MaxLatency(ns), 173184909311
[TRANSACTION], 95thPercentileLatency(ns), 173184909311
[TRANSACTION], 99thPercentileLatency(ns), 173184909311
[GCS_TIME], Operations, 20
[GCS_TIME], AverageLatency(ns), 556.15
[GCS_TIME], MinLatency(ns), 0
[GCS_TIME], MaxLatency(ns), 884
[GCS_TIME], 95thPercentileLatency(ns), 771
[GCS_TIME], 99thPercentileLatency(ns), 884
[LOAD_GCs_Time(ms)], Operations, 8
[LOAD_GCs_Time(ms)], AverageLatency(ns), 966.0
[LOAD_GCs_Time(ms)], MinLatency(ns), 837
[LOAD_GCs_Time(ms)], MaxLatency(ns), 1009
[LOAD_GCs_Time(ms)], 95thPercentileLatency(ns), 1009
[LOAD_GCs_Time(ms)], 99thPercentileLatency(ns), 1009
[READ], Operations, 12002486
[READ], AverageLatency(ns), 29048.405446838264
[READ], MinLatency(ns), 200
[READ], MaxLatency(ns), 375484415
[READ], 95thPercentileLatency(ns), 66698
[READ], 99thPercentileLatency(ns), 82428
[READ], Return=OK, 12002486
[INIT], Operations, 8
[INIT], AverageLatency(ns), 6.48666624E8
[INIT], MinLatency(ns), 647786496
[INIT], MaxLatency(ns), 650280959
[INIT], 95thPercentileLatency(ns), 650280959
[INIT], 99thPercentileLatency(ns), 650280959
[GCS], Operations, 20
[GCS], AverageLatency(ns), 4.45
[GCS], MinLatency(ns), 0
[GCS], MaxLatency(ns), 18
[GCS], 95thPercentileLatency(ns), 6
[GCS], 99thPercentileLatency(ns), 18
[LOAD_GCs_Count], Operations, 8
[LOAD_GCs_Count], AverageLatency(ns), 18.75
[LOAD_GCs_Count], MinLatency(ns), 18
[LOAD_GCs_Count], MaxLatency(ns), 19
[LOAD_GCs_Count], 95thPercentileLatency(ns), 19
[LOAD_GCs_Count], 99thPercentileLatency(ns), 19
[CLEANUP], Operations, 8
[CLEANUP], AverageLatency(ns), 1.40465264E9
[CLEANUP], MinLatency(ns), 70152704
[CLEANUP], MaxLatency(ns), 1982824447
[CLEANUP], 95thPercentileLatency(ns), 1982824447
[CLEANUP], 99thPercentileLatency(ns), 1982824447
[INSERT], Operations, 1000000
[INSERT], AverageLatency(ns), 91118.557757
[INSERT], MinLatency(ns), 25469
[INSERT], MaxLatency(ns), 172255231
[INSERT], 95thPercentileLatency(ns), 98230
[INSERT], 99thPercentileLatency(ns), 130805
[INSERT], Return=OK, 1000000
[UPDATE], Operations, 11997514
[UPDATE], AverageLatency(ns), 82136.29204841936
[UPDATE], MinLatency(ns), 25064
[UPDATE], MaxLatency(ns), 375181311
[UPDATE], 95thPercentileLatency(ns), 127223
[UPDATE], 99thPercentileLatency(ns), 164631
[UPDATE], Return=OK, 11997514
