/home/anatole/jdk8u/build/linux-x86_64-normal-server-release/jdk/bin/java -Xmx20g -XX:+UseG1GC -classpath /home/anatole/ycsb/conf:/home/anatole/ycsb/core/target/core-0.18.0-SNAPSHOT.jar:/home/anatole/ycsb/core/target/dependency/HdrHistogram-2.1.4.jar:/home/anatole/ycsb/core/target/dependency/guava-18.0.jar:/home/anatole/ycsb/core/target/dependency/htrace-core4-4.1.0-incubating.jar:/home/anatole/ycsb/core/target/dependency/jackson-core-asl-1.9.4.jar:/home/anatole/ycsb/core/target/dependency/jackson-mapper-asl-1.9.4.jar:/home/anatole/ycsb/core/target/dependency/javax.persistence-api-2.2.jar:/home/anatole/ycsb/core/target/dependency/jnvm-1.0-SNAPSHOT.jar:/home/anatole/ycsb/core/target/dependency/pcj-1.0.jar:/home/anatole/ycsb/core/target/dependency/unsafe-helper-1.0.jar:/home/anatole/ycsb/infinispan/src/main/conf:/home/anatole/ycsb/infinispan/target/infinispan-binding-0.18.0-SNAPSHOT.jar:/home/anatole/ycsb/infinispan/target/dependency/caffeine-2.6.2.jar:/home/anatole/ycsb/infinispan/target/dependency/gson-2.8.2.jar:/home/anatole/ycsb/infinispan/target/dependency/guava-18.0.jar:/home/anatole/ycsb/infinispan/target/dependency/infinispan-cachestore-jnvm-1.0-SNAPSHOT.jar:/home/anatole/ycsb/infinispan/target/dependency/infinispan-cachestore-pcj-1.0-SNAPSHOT.jar:/home/anatole/ycsb/infinispan/target/dependency/infinispan-client-hotrod-9.4.20.Final.jar:/home/anatole/ycsb/infinispan/target/dependency/infinispan-commons-9.4.20.Final.jar:/home/anatole/ycsb/infinispan/target/dependency/infinispan-core-9.4.20.Final.jar:/home/anatole/ycsb/infinispan/target/dependency/javax.persistence-api-2.2.jar:/home/anatole/ycsb/infinispan/target/dependency/jboss-logging-3.3.2.Final.jar:/home/anatole/ycsb/infinispan/target/dependency/jboss-marshalling-osgi-2.0.6.Final.jar:/home/anatole/ycsb/infinispan/target/dependency/jboss-transaction-api_1.2_spec-1.1.1.Final.jar:/home/anatole/ycsb/infinispan/target/dependency/jgroups-4.0.21.Final.jar:/home/anatole/ycsb/infinispan/target/dependency/jnvm-1.0-SNAPSHOT.jar:/home/anatole/ycsb/infinispan/target/dependency/metainf-services-1.7.jar:/home/anatole/ycsb/infinispan/target/dependency/netty-buffer-4.1.51.Final.jar:/home/anatole/ycsb/infinispan/target/dependency/netty-codec-4.1.51.Final.jar:/home/anatole/ycsb/infinispan/target/dependency/netty-common-4.1.51.Final.jar:/home/anatole/ycsb/infinispan/target/dependency/netty-handler-4.1.51.Final.jar:/home/anatole/ycsb/infinispan/target/dependency/netty-resolver-4.1.51.Final.jar:/home/anatole/ycsb/infinispan/target/dependency/netty-transport-4.1.51.Final.jar:/home/anatole/ycsb/infinispan/target/dependency/netty-transport-native-epoll-4.1.51.Final-linux-x86_64.jar:/home/anatole/ycsb/infinispan/target/dependency/netty-transport-native-unix-common-4.1.51.Final.jar:/home/anatole/ycsb/infinispan/target/dependency/pcj-1.0.jar:/home/anatole/ycsb/infinispan/target/dependency/reactive-streams-1.0.2.jar:/home/anatole/ycsb/infinispan/target/dependency/rxjava-2.2.4.jar:/home/anatole/ycsb/infinispan/target/dependency/unsafe-helper-1.0.jar site.ycsb.Client -t -db site.ycsb.db.InfinispanClient -P ../workloads/workloadc -preload -s -threads 24 -p dataintegrity=true -p offheap=false -p pcj=false -p recordcount=1000000 -p operationcount=60000000 -p fieldcount=10 -p fieldlength=100 -p requestdistribution=zipfian -p measurement.trackjvm=true -p measurementtype=hdrhistogram -p hdrhistogram.output.path=./out/exp5.concurrent.ref/log/infinispan.run.workloadc.true.1000000.100000.10.100.zipfian.24.false..default.default.none.r1.hdr.log
[OVERALL], RunTime(ms), 339979
[OVERALL], Throughput(ops/sec), 179422.84670523767
[TOTAL_GCS_G1_Young_Generation], Count, 100
[TOTAL_GC_TIME_G1_Young_Generation], Time(ms), 8143
[TOTAL_GC_TIME_%_G1_Young_Generation], Time(%), 2.395147935607788
[TOTAL_GCS_G1_Old_Generation], Count, 0
[TOTAL_GC_TIME_G1_Old_Generation], Time(ms), 0
[TOTAL_GC_TIME_%_G1_Old_Generation], Time(%), 0.0
[TOTAL_GCs], Count, 100
[TOTAL_GC_TIME], Time(ms), 8143
[TOTAL_GC_TIME_%], Time(%), 2.395147935607788
[MAX_MEM_USED], MBs, 10390
[MIN_MEM_USED], MBs, 84
[MAX_THREADS], Count, 30
[MIN_THREADS], Count, 2
[MAX_SYS_LOAD_AVG], Load, 22.5
[MIN_SYS_LOAD_AVG], Load, 10.72
[THREAD_COUNT], Operations, 35
[THREAD_COUNT], AverageLatency(ns), 27.82857142857143
[THREAD_COUNT], MinLatency(ns), 2
[THREAD_COUNT], MaxLatency(ns), 30
[THREAD_COUNT], 95thPercentileLatency(ns), 30
[THREAD_COUNT], 99thPercentileLatency(ns), 30
[SYS_LOAD_AVG], Operations, 35
[SYS_LOAD_AVG], AverageLatency(ns), 12.885714285714286
[SYS_LOAD_AVG], MinLatency(ns), 10
[SYS_LOAD_AVG], MaxLatency(ns), 22
[SYS_LOAD_AVG], 95thPercentileLatency(ns), 21
[SYS_LOAD_AVG], 99thPercentileLatency(ns), 22
[LOAD], Operations, 24
[LOAD], AverageLatency(ns), 1.2999221248E10
[LOAD], MinLatency(ns), 11502157824
[LOAD], MaxLatency(ns), 13905952767
[LOAD], 95thPercentileLatency(ns), 13879541759
[LOAD], 99thPercentileLatency(ns), 13905952767
[USED_MEM_MB], Operations, 35
[USED_MEM_MB], AverageLatency(ns), 5759.914285714286
[USED_MEM_MB], MinLatency(ns), 84
[USED_MEM_MB], MaxLatency(ns), 10390
[USED_MEM_MB], 95thPercentileLatency(ns), 9500
[USED_MEM_MB], 99thPercentileLatency(ns), 10390
[MAIN_GCs_Count], Operations, 24
[MAIN_GCs_Count], AverageLatency(ns), 79.95833333333333
[MAIN_GCs_Count], MinLatency(ns), 79
[MAIN_GCs_Count], MaxLatency(ns), 80
[MAIN_GCs_Count], 95thPercentileLatency(ns), 80
[MAIN_GCs_Count], 99thPercentileLatency(ns), 80
[MAIN_GCs_Time(ms)], Operations, 24
[MAIN_GCs_Time(ms)], AverageLatency(ns), 7203.208333333333
[MAIN_GCs_Time(ms)], MinLatency(ns), 7116
[MAIN_GCs_Time(ms)], MaxLatency(ns), 7207
[MAIN_GCs_Time(ms)], 95thPercentileLatency(ns), 7207
[MAIN_GCs_Time(ms)], 99thPercentileLatency(ns), 7207
[TRANSACTION], Operations, 24
[TRANSACTION], AverageLatency(ns), 3.244266181973333E11
[TRANSACTION], MinLatency(ns), 321579384832
[TRANSACTION], MaxLatency(ns), 325142446079
[TRANSACTION], 95thPercentileLatency(ns), 325115183103
[TRANSACTION], 99thPercentileLatency(ns), 325142446079
[GCS_TIME], Operations, 35
[GCS_TIME], AverageLatency(ns), 232.65714285714284
[GCS_TIME], MinLatency(ns), 0
[GCS_TIME], MaxLatency(ns), 754
[GCS_TIME], 95thPercentileLatency(ns), 309
[GCS_TIME], 99thPercentileLatency(ns), 754
[LOAD_GCs_Time(ms)], Operations, 24
[LOAD_GCs_Time(ms)], AverageLatency(ns), 839.625
[LOAD_GCs_Time(ms)], MinLatency(ns), 801
[LOAD_GCs_Time(ms)], MaxLatency(ns), 904
[LOAD_GCs_Time(ms)], 95thPercentileLatency(ns), 904
[LOAD_GCs_Time(ms)], 99thPercentileLatency(ns), 904
[READ], Operations, 60000000
[READ], AverageLatency(ns), 128103.30011683333
[READ], MinLatency(ns), 191
[READ], MaxLatency(ns), 211795967
[READ], 95thPercentileLatency(ns), 446387
[READ], 99thPercentileLatency(ns), 628735
[READ], Return=OK, 60000000
[INIT], Operations, 24
[INIT], AverageLatency(ns), 6.413989546666666E8
[INIT], MinLatency(ns), 636489728
[INIT], MaxLatency(ns), 646762495
[INIT], 95thPercentileLatency(ns), 646668287
[INIT], 99thPercentileLatency(ns), 646762495
[GCS], Operations, 35
[GCS], AverageLatency(ns), 2.857142857142857
[GCS], MinLatency(ns), 0
[GCS], MaxLatency(ns), 18
[GCS], 95thPercentileLatency(ns), 3
[GCS], 99thPercentileLatency(ns), 18
[LOAD_GCs_Count], Operations, 24
[LOAD_GCs_Count], AverageLatency(ns), 17.375
[LOAD_GCs_Count], MinLatency(ns), 17
[LOAD_GCs_Count], MaxLatency(ns), 18
[LOAD_GCs_Count], 95thPercentileLatency(ns), 18
[LOAD_GCs_Count], 99thPercentileLatency(ns), 18
[CLEANUP], Operations, 24
[CLEANUP], AverageLatency(ns), 7.775124213333334E8
[CLEANUP], MinLatency(ns), 63691264
[CLEANUP], MaxLatency(ns), 3602661375
[CLEANUP], 95thPercentileLatency(ns), 2382954495
[CLEANUP], 99thPercentileLatency(ns), 3602661375
[INSERT], Operations, 1000000
[INSERT], AverageLatency(ns), 295798.123985
[INSERT], MinLatency(ns), 22941
[INSERT], MaxLatency(ns), 1024233471
[INSERT], 95thPercentileLatency(ns), 326011
[INSERT], 99thPercentileLatency(ns), 507379
[INSERT], Return=OK, 1000000
