/home/anatole/jdk8u/build/linux-x86_64-normal-server-release/jdk/bin/java -Xmx20g -XX:+UseG1GC -classpath /home/anatole/ycsb/conf:/home/anatole/ycsb/core/target/core-0.18.0-SNAPSHOT.jar:/home/anatole/ycsb/core/target/dependency/HdrHistogram-2.1.4.jar:/home/anatole/ycsb/core/target/dependency/guava-18.0.jar:/home/anatole/ycsb/core/target/dependency/htrace-core4-4.1.0-incubating.jar:/home/anatole/ycsb/core/target/dependency/jackson-core-asl-1.9.4.jar:/home/anatole/ycsb/core/target/dependency/jackson-mapper-asl-1.9.4.jar:/home/anatole/ycsb/core/target/dependency/javax.persistence-api-2.2.jar:/home/anatole/ycsb/core/target/dependency/jnvm-1.0-SNAPSHOT.jar:/home/anatole/ycsb/core/target/dependency/pcj-1.0.jar:/home/anatole/ycsb/core/target/dependency/unsafe-helper-1.0.jar:/home/anatole/ycsb/infinispan/src/main/conf:/home/anatole/ycsb/infinispan/target/infinispan-binding-0.18.0-SNAPSHOT.jar:/home/anatole/ycsb/infinispan/target/dependency/caffeine-2.6.2.jar:/home/anatole/ycsb/infinispan/target/dependency/gson-2.8.2.jar:/home/anatole/ycsb/infinispan/target/dependency/guava-18.0.jar:/home/anatole/ycsb/infinispan/target/dependency/infinispan-cachestore-jnvm-1.0-SNAPSHOT.jar:/home/anatole/ycsb/infinispan/target/dependency/infinispan-cachestore-pcj-1.0-SNAPSHOT.jar:/home/anatole/ycsb/infinispan/target/dependency/infinispan-client-hotrod-9.4.20.Final.jar:/home/anatole/ycsb/infinispan/target/dependency/infinispan-commons-9.4.20.Final.jar:/home/anatole/ycsb/infinispan/target/dependency/infinispan-core-9.4.20.Final.jar:/home/anatole/ycsb/infinispan/target/dependency/javax.persistence-api-2.2.jar:/home/anatole/ycsb/infinispan/target/dependency/jboss-logging-3.3.2.Final.jar:/home/anatole/ycsb/infinispan/target/dependency/jboss-marshalling-osgi-2.0.6.Final.jar:/home/anatole/ycsb/infinispan/target/dependency/jboss-transaction-api_1.2_spec-1.1.1.Final.jar:/home/anatole/ycsb/infinispan/target/dependency/jgroups-4.0.21.Final.jar:/home/anatole/ycsb/infinispan/target/dependency/jnvm-1.0-SNAPSHOT.jar:/home/anatole/ycsb/infinispan/target/dependency/metainf-services-1.7.jar:/home/anatole/ycsb/infinispan/target/dependency/netty-buffer-4.1.51.Final.jar:/home/anatole/ycsb/infinispan/target/dependency/netty-codec-4.1.51.Final.jar:/home/anatole/ycsb/infinispan/target/dependency/netty-common-4.1.51.Final.jar:/home/anatole/ycsb/infinispan/target/dependency/netty-handler-4.1.51.Final.jar:/home/anatole/ycsb/infinispan/target/dependency/netty-resolver-4.1.51.Final.jar:/home/anatole/ycsb/infinispan/target/dependency/netty-transport-4.1.51.Final.jar:/home/anatole/ycsb/infinispan/target/dependency/netty-transport-native-epoll-4.1.51.Final-linux-x86_64.jar:/home/anatole/ycsb/infinispan/target/dependency/netty-transport-native-unix-common-4.1.51.Final.jar:/home/anatole/ycsb/infinispan/target/dependency/pcj-1.0.jar:/home/anatole/ycsb/infinispan/target/dependency/reactive-streams-1.0.2.jar:/home/anatole/ycsb/infinispan/target/dependency/rxjava-2.2.4.jar:/home/anatole/ycsb/infinispan/target/dependency/unsafe-helper-1.0.jar site.ycsb.Client -t -db site.ycsb.db.InfinispanClient -P ../workloads/workloada -preload -s -threads 4 -p dataintegrity=true -p offheap=false -p pcj=false -p recordcount=1000000 -p operationcount=12000000 -p fieldcount=10 -p fieldlength=100 -p requestdistribution=zipfian -p measurement.trackjvm=true -p measurementtype=hdrhistogram -p hdrhistogram.output.path=./out/exp5.concurrent.ref/log/infinispan.run.workloada.true.1000000.1000000.10.100.zipfian.4.true..default.default.none.r6.hdr.log
[OVERALL], RunTime(ms), 25300
[OVERALL], Throughput(ops/sec), 513833.99209486163
[TOTAL_GCS_G1_Young_Generation], Count, 55
[TOTAL_GC_TIME_G1_Young_Generation], Time(ms), 7186
[TOTAL_GC_TIME_%_G1_Young_Generation], Time(%), 28.40316205533597
[TOTAL_GCS_G1_Old_Generation], Count, 0
[TOTAL_GC_TIME_G1_Old_Generation], Time(ms), 0
[TOTAL_GC_TIME_%_G1_Old_Generation], Time(%), 0.0
[TOTAL_GCs], Count, 55
[TOTAL_GC_TIME], Time(ms), 7186
[TOTAL_GC_TIME_%], Time(%), 28.40316205533597
[MAX_MEM_USED], MBs, 6649
[MIN_MEM_USED], MBs, 54
[MAX_THREADS], Count, 36
[MIN_THREADS], Count, 4
[MAX_SYS_LOAD_AVG], Load, 16.3
[MIN_SYS_LOAD_AVG], Load, 14.58
[THREAD_COUNT], Operations, 4
[THREAD_COUNT], AverageLatency(ns), 20.5
[THREAD_COUNT], MinLatency(ns), 4
[THREAD_COUNT], MaxLatency(ns), 36
[THREAD_COUNT], 95thPercentileLatency(ns), 36
[THREAD_COUNT], 99thPercentileLatency(ns), 36
[SYS_LOAD_AVG], Operations, 4
[SYS_LOAD_AVG], AverageLatency(ns), 14.75
[SYS_LOAD_AVG], MinLatency(ns), 14
[SYS_LOAD_AVG], MaxLatency(ns), 16
[SYS_LOAD_AVG], 95thPercentileLatency(ns), 16
[SYS_LOAD_AVG], 99thPercentileLatency(ns), 16
[LOAD], Operations, 4
[LOAD], AverageLatency(ns), 6.564470784E9
[LOAD], MinLatency(ns), 6483378176
[LOAD], MaxLatency(ns), 6684311551
[LOAD], 95thPercentileLatency(ns), 6684311551
[LOAD], 99thPercentileLatency(ns), 6684311551
[USED_MEM_MB], Operations, 4
[USED_MEM_MB], AverageLatency(ns), 4529.5
[USED_MEM_MB], MinLatency(ns), 54
[USED_MEM_MB], MaxLatency(ns), 6649
[USED_MEM_MB], 95thPercentileLatency(ns), 6649
[USED_MEM_MB], 99thPercentileLatency(ns), 6649
[MAIN_GCs_Count], Operations, 4
[MAIN_GCs_Count], AverageLatency(ns), 28.5
[MAIN_GCs_Count], MinLatency(ns), 28
[MAIN_GCs_Count], MaxLatency(ns), 29
[MAIN_GCs_Count], 95thPercentileLatency(ns), 29
[MAIN_GCs_Count], 99thPercentileLatency(ns), 29
[MAIN_GCs_Time(ms)], Operations, 4
[MAIN_GCs_Time(ms)], AverageLatency(ns), 4968.5
[MAIN_GCs_Time(ms)], MinLatency(ns), 4877
[MAIN_GCs_Time(ms)], MaxLatency(ns), 5060
[MAIN_GCs_Time(ms)], 95thPercentileLatency(ns), 5060
[MAIN_GCs_Time(ms)], 99thPercentileLatency(ns), 5060
[TRANSACTION], Operations, 4
[TRANSACTION], AverageLatency(ns), 1.6893550592E10
[TRANSACTION], MinLatency(ns), 16545742848
[TRANSACTION], MaxLatency(ns), 17294688255
[TRANSACTION], 95thPercentileLatency(ns), 17294688255
[TRANSACTION], 99thPercentileLatency(ns), 17294688255
[GCS_TIME], Operations, 4
[GCS_TIME], AverageLatency(ns), 1796.5
[GCS_TIME], MinLatency(ns), 0
[GCS_TIME], MaxLatency(ns), 3369
[GCS_TIME], 95thPercentileLatency(ns), 3369
[GCS_TIME], 99thPercentileLatency(ns), 3369
[LOAD_GCs_Time(ms)], Operations, 4
[LOAD_GCs_Time(ms)], AverageLatency(ns), 2106.0
[LOAD_GCs_Time(ms)], MinLatency(ns), 2106
[LOAD_GCs_Time(ms)], MaxLatency(ns), 2106
[LOAD_GCs_Time(ms)], 95thPercentileLatency(ns), 2106
[LOAD_GCs_Time(ms)], 99thPercentileLatency(ns), 2106
[READ], Operations, 6001073
[READ], AverageLatency(ns), 1100.79717060599
[READ], MinLatency(ns), 192
[READ], MaxLatency(ns), 217868287
[READ], 95thPercentileLatency(ns), 1280
[READ], 99thPercentileLatency(ns), 9108
[READ], Return=OK, 6001073
[INIT], Operations, 4
[INIT], AverageLatency(ns), 6.45865472E8
[INIT], MinLatency(ns), 645394432
[INIT], MaxLatency(ns), 646287359
[INIT], 95thPercentileLatency(ns), 646287359
[INIT], 99thPercentileLatency(ns), 646287359
[GCS], Operations, 4
[GCS], AverageLatency(ns), 13.75
[GCS], MinLatency(ns), 0
[GCS], MaxLatency(ns), 34
[GCS], 95thPercentileLatency(ns), 34
[GCS], 99thPercentileLatency(ns), 34
[LOAD_GCs_Count], Operations, 4
[LOAD_GCs_Count], AverageLatency(ns), 25.0
[LOAD_GCs_Count], MinLatency(ns), 25
[LOAD_GCs_Count], MaxLatency(ns), 25
[LOAD_GCs_Count], 95thPercentileLatency(ns), 25
[LOAD_GCs_Count], 99thPercentileLatency(ns), 25
[CLEANUP], Operations, 4
[CLEANUP], AverageLatency(ns), 9.29124608E8
[CLEANUP], MinLatency(ns), 511027200
[CLEANUP], MaxLatency(ns), 1261076479
[CLEANUP], 95thPercentileLatency(ns), 1261076479
[CLEANUP], 99thPercentileLatency(ns), 1261076479
[INSERT], Operations, 1000000
[INSERT], AverageLatency(ns), 11585.287452
[INSERT], MinLatency(ns), 1842
[INSERT], MaxLatency(ns), 171428863
[INSERT], 95thPercentileLatency(ns), 7339
[INSERT], 99thPercentileLatency(ns), 24848
[INSERT], Return=OK, 1000000
[UPDATE], Operations, 5998927
[UPDATE], AverageLatency(ns), 5655.110127527806
[UPDATE], MinLatency(ns), 1300
[UPDATE], MaxLatency(ns), 217999359
[UPDATE], 95thPercentileLatency(ns), 11648
[UPDATE], 99thPercentileLatency(ns), 14570
[UPDATE], Return=OK, 5998927
