/home/anatole/jdk8u/build/linux-x86_64-normal-server-release/jdk/bin/java -Xmx20g -XX:+UseG1GC -classpath /home/anatole/ycsb/conf:/home/anatole/ycsb/core/target/core-0.18.0-SNAPSHOT.jar:/home/anatole/ycsb/core/target/dependency/HdrHistogram-2.1.4.jar:/home/anatole/ycsb/core/target/dependency/guava-18.0.jar:/home/anatole/ycsb/core/target/dependency/htrace-core4-4.1.0-incubating.jar:/home/anatole/ycsb/core/target/dependency/jackson-core-asl-1.9.4.jar:/home/anatole/ycsb/core/target/dependency/jackson-mapper-asl-1.9.4.jar:/home/anatole/ycsb/core/target/dependency/javax.persistence-api-2.2.jar:/home/anatole/ycsb/core/target/dependency/jnvm-1.0-SNAPSHOT.jar:/home/anatole/ycsb/core/target/dependency/pcj-1.0.jar:/home/anatole/ycsb/core/target/dependency/unsafe-helper-1.0.jar:/home/anatole/ycsb/infinispan/src/main/conf:/home/anatole/ycsb/infinispan/target/infinispan-binding-0.18.0-SNAPSHOT.jar:/home/anatole/ycsb/infinispan/target/dependency/caffeine-2.6.2.jar:/home/anatole/ycsb/infinispan/target/dependency/gson-2.8.2.jar:/home/anatole/ycsb/infinispan/target/dependency/guava-18.0.jar:/home/anatole/ycsb/infinispan/target/dependency/infinispan-cachestore-jnvm-1.0-SNAPSHOT.jar:/home/anatole/ycsb/infinispan/target/dependency/infinispan-cachestore-pcj-1.0-SNAPSHOT.jar:/home/anatole/ycsb/infinispan/target/dependency/infinispan-client-hotrod-9.4.20.Final.jar:/home/anatole/ycsb/infinispan/target/dependency/infinispan-commons-9.4.20.Final.jar:/home/anatole/ycsb/infinispan/target/dependency/infinispan-core-9.4.20.Final.jar:/home/anatole/ycsb/infinispan/target/dependency/javax.persistence-api-2.2.jar:/home/anatole/ycsb/infinispan/target/dependency/jboss-logging-3.3.2.Final.jar:/home/anatole/ycsb/infinispan/target/dependency/jboss-marshalling-osgi-2.0.6.Final.jar:/home/anatole/ycsb/infinispan/target/dependency/jboss-transaction-api_1.2_spec-1.1.1.Final.jar:/home/anatole/ycsb/infinispan/target/dependency/jgroups-4.0.21.Final.jar:/home/anatole/ycsb/infinispan/target/dependency/jnvm-1.0-SNAPSHOT.jar:/home/anatole/ycsb/infinispan/target/dependency/metainf-services-1.7.jar:/home/anatole/ycsb/infinispan/target/dependency/netty-buffer-4.1.51.Final.jar:/home/anatole/ycsb/infinispan/target/dependency/netty-codec-4.1.51.Final.jar:/home/anatole/ycsb/infinispan/target/dependency/netty-common-4.1.51.Final.jar:/home/anatole/ycsb/infinispan/target/dependency/netty-handler-4.1.51.Final.jar:/home/anatole/ycsb/infinispan/target/dependency/netty-resolver-4.1.51.Final.jar:/home/anatole/ycsb/infinispan/target/dependency/netty-transport-4.1.51.Final.jar:/home/anatole/ycsb/infinispan/target/dependency/netty-transport-native-epoll-4.1.51.Final-linux-x86_64.jar:/home/anatole/ycsb/infinispan/target/dependency/netty-transport-native-unix-common-4.1.51.Final.jar:/home/anatole/ycsb/infinispan/target/dependency/pcj-1.0.jar:/home/anatole/ycsb/infinispan/target/dependency/reactive-streams-1.0.2.jar:/home/anatole/ycsb/infinispan/target/dependency/rxjava-2.2.4.jar:/home/anatole/ycsb/infinispan/target/dependency/unsafe-helper-1.0.jar site.ycsb.Client -t -db site.ycsb.db.InfinispanJNVMClient -P ../workloads/workloadc -preload -s -threads 36 -p dataintegrity=true -p offheap=true -p pcj=false -p recordcount=1000000 -p operationcount=60000000 -p fieldcount=10 -p fieldlength=100 -p requestdistribution=zipfian -p measurement.trackjvm=true -p measurementtype=hdrhistogram -p hdrhistogram.output.path=./out/exp5.concurrent.ref/log/infinispan-jnvm.run.workloadc.true.1000000.1.10.100.zipfian.36.false..default.default.none.r4.hdr.log
[OVERALL], RunTime(ms), 98392
[OVERALL], Throughput(ops/sec), 619969.1031791202
[TOTAL_GCS_G1_Young_Generation], Count, 35
[TOTAL_GC_TIME_G1_Young_Generation], Time(ms), 2297
[TOTAL_GC_TIME_%_G1_Young_Generation], Time(%), 2.3345393934466214
[TOTAL_GCS_G1_Old_Generation], Count, 0
[TOTAL_GC_TIME_G1_Old_Generation], Time(ms), 0
[TOTAL_GC_TIME_%_G1_Old_Generation], Time(%), 0.0
[TOTAL_GCs], Count, 35
[TOTAL_GC_TIME], Time(ms), 2297
[TOTAL_GC_TIME_%], Time(%), 2.3345393934466214
[MAX_MEM_USED], MBs, 12667
[MIN_MEM_USED], MBs, 102
[MAX_THREADS], Count, 42
[MIN_THREADS], Count, 3
[MAX_SYS_LOAD_AVG], Load, 13.44
[MIN_SYS_LOAD_AVG], Load, 7.97
[THREAD_COUNT], Operations, 11
[THREAD_COUNT], AverageLatency(ns), 37.90909090909091
[THREAD_COUNT], MinLatency(ns), 3
[THREAD_COUNT], MaxLatency(ns), 42
[THREAD_COUNT], 95thPercentileLatency(ns), 42
[THREAD_COUNT], 99thPercentileLatency(ns), 42
[SYS_LOAD_AVG], Operations, 11
[SYS_LOAD_AVG], AverageLatency(ns), 10.181818181818182
[SYS_LOAD_AVG], MinLatency(ns), 7
[SYS_LOAD_AVG], MaxLatency(ns), 13
[SYS_LOAD_AVG], 95thPercentileLatency(ns), 12
[SYS_LOAD_AVG], 99thPercentileLatency(ns), 13
[LOAD], Operations, 36
[LOAD], AverageLatency(ns), 1.765139342222222E10
[LOAD], MinLatency(ns), 17211981824
[LOAD], MaxLatency(ns), 17742561279
[LOAD], 95thPercentileLatency(ns), 17729716223
[LOAD], 99thPercentileLatency(ns), 17742561279
[USED_MEM_MB], Operations, 11
[USED_MEM_MB], AverageLatency(ns), 5353.727272727273
[USED_MEM_MB], MinLatency(ns), 102
[USED_MEM_MB], MaxLatency(ns), 12667
[USED_MEM_MB], 95thPercentileLatency(ns), 9855
[USED_MEM_MB], 99thPercentileLatency(ns), 12667
[MAIN_GCs_Count], Operations, 36
[MAIN_GCs_Count], AverageLatency(ns), 9.0
[MAIN_GCs_Count], MinLatency(ns), 9
[MAIN_GCs_Count], MaxLatency(ns), 9
[MAIN_GCs_Count], 95thPercentileLatency(ns), 9
[MAIN_GCs_Count], 99thPercentileLatency(ns), 9
[MAIN_GCs_Time(ms)], Operations, 36
[MAIN_GCs_Time(ms)], AverageLatency(ns), 369.0
[MAIN_GCs_Time(ms)], MinLatency(ns), 369
[MAIN_GCs_Time(ms)], MaxLatency(ns), 369
[MAIN_GCs_Time(ms)], 95thPercentileLatency(ns), 369
[MAIN_GCs_Time(ms)], 99thPercentileLatency(ns), 369
[TRANSACTION], Operations, 36
[TRANSACTION], AverageLatency(ns), 7.868996357688889E10
[TRANSACTION], MinLatency(ns), 78188118016
[TRANSACTION], MaxLatency(ns), 78846623743
[TRANSACTION], 95thPercentileLatency(ns), 78831943679
[TRANSACTION], 99thPercentileLatency(ns), 78846623743
[GCS_TIME], Operations, 11
[GCS_TIME], AverageLatency(ns), 208.8181818181818
[GCS_TIME], MinLatency(ns), 0
[GCS_TIME], MaxLatency(ns), 1057
[GCS_TIME], 95thPercentileLatency(ns), 1006
[GCS_TIME], 99thPercentileLatency(ns), 1057
[LOAD_GCs_Time(ms)], Operations, 36
[LOAD_GCs_Time(ms)], AverageLatency(ns), 1884.0
[LOAD_GCs_Time(ms)], MinLatency(ns), 1741
[LOAD_GCs_Time(ms)], MaxLatency(ns), 1897
[LOAD_GCs_Time(ms)], 95thPercentileLatency(ns), 1897
[LOAD_GCs_Time(ms)], 99thPercentileLatency(ns), 1897
[READ], Operations, 60000000
[READ], AverageLatency(ns), 43746.7795748
[READ], MinLatency(ns), 349
[READ], MaxLatency(ns), 152424447
[READ], 95thPercentileLatency(ns), 322673
[READ], 99thPercentileLatency(ns), 360261
[READ], Return=OK, 60000000
[INIT], Operations, 36
[INIT], AverageLatency(ns), 1.6071645866666667E9
[INIT], MinLatency(ns), 1598472192
[INIT], MaxLatency(ns), 1631969279
[INIT], 95thPercentileLatency(ns), 1614233599
[INIT], 99thPercentileLatency(ns), 1631969279
[GCS], Operations, 11
[GCS], AverageLatency(ns), 3.1818181818181817
[GCS], MinLatency(ns), 0
[GCS], MaxLatency(ns), 20
[GCS], 95thPercentileLatency(ns), 7
[GCS], 99thPercentileLatency(ns), 20
[LOAD_GCs_Count], Operations, 36
[LOAD_GCs_Count], AverageLatency(ns), 23.916666666666668
[LOAD_GCs_Count], MinLatency(ns), 23
[LOAD_GCs_Count], MaxLatency(ns), 24
[LOAD_GCs_Count], 95thPercentileLatency(ns), 24
[LOAD_GCs_Count], 99thPercentileLatency(ns), 24
[CLEANUP], Operations, 36
[CLEANUP], AverageLatency(ns), 1.623137568888889E8
[CLEANUP], MinLatency(ns), 7673696
[CLEANUP], MaxLatency(ns), 641327103
[CLEANUP], 95thPercentileLatency(ns), 459255807
[CLEANUP], 99thPercentileLatency(ns), 641327103
[INSERT], Operations, 1000000
[INSERT], AverageLatency(ns), 252361.542415
[INSERT], MinLatency(ns), 5144
[INSERT], MaxLatency(ns), 231380991
[INSERT], 95thPercentileLatency(ns), 329107
[INSERT], 99thPercentileLatency(ns), 4356575
[INSERT], Return=OK, 1000000
