/home/anatole/jdk8u/build/linux-x86_64-normal-server-release/jdk/bin/java -Xmx20g -XX:+UseG1GC -classpath /home/anatole/ycsb/conf:/home/anatole/ycsb/core/target/core-0.18.0-SNAPSHOT.jar:/home/anatole/ycsb/core/target/dependency/HdrHistogram-2.1.4.jar:/home/anatole/ycsb/core/target/dependency/guava-18.0.jar:/home/anatole/ycsb/core/target/dependency/htrace-core4-4.1.0-incubating.jar:/home/anatole/ycsb/core/target/dependency/jackson-core-asl-1.9.4.jar:/home/anatole/ycsb/core/target/dependency/jackson-mapper-asl-1.9.4.jar:/home/anatole/ycsb/core/target/dependency/javax.persistence-api-2.2.jar:/home/anatole/ycsb/core/target/dependency/jnvm-1.0-SNAPSHOT.jar:/home/anatole/ycsb/core/target/dependency/pcj-1.0.jar:/home/anatole/ycsb/core/target/dependency/unsafe-helper-1.0.jar:/home/anatole/ycsb/infinispan/src/main/conf:/home/anatole/ycsb/infinispan/target/infinispan-binding-0.18.0-SNAPSHOT.jar:/home/anatole/ycsb/infinispan/target/dependency/caffeine-2.6.2.jar:/home/anatole/ycsb/infinispan/target/dependency/gson-2.8.2.jar:/home/anatole/ycsb/infinispan/target/dependency/guava-18.0.jar:/home/anatole/ycsb/infinispan/target/dependency/infinispan-cachestore-jnvm-1.0-SNAPSHOT.jar:/home/anatole/ycsb/infinispan/target/dependency/infinispan-cachestore-pcj-1.0-SNAPSHOT.jar:/home/anatole/ycsb/infinispan/target/dependency/infinispan-client-hotrod-9.4.20.Final.jar:/home/anatole/ycsb/infinispan/target/dependency/infinispan-commons-9.4.20.Final.jar:/home/anatole/ycsb/infinispan/target/dependency/infinispan-core-9.4.20.Final.jar:/home/anatole/ycsb/infinispan/target/dependency/javax.persistence-api-2.2.jar:/home/anatole/ycsb/infinispan/target/dependency/jboss-logging-3.3.2.Final.jar:/home/anatole/ycsb/infinispan/target/dependency/jboss-marshalling-osgi-2.0.6.Final.jar:/home/anatole/ycsb/infinispan/target/dependency/jboss-transaction-api_1.2_spec-1.1.1.Final.jar:/home/anatole/ycsb/infinispan/target/dependency/jgroups-4.0.21.Final.jar:/home/anatole/ycsb/infinispan/target/dependency/jnvm-1.0-SNAPSHOT.jar:/home/anatole/ycsb/infinispan/target/dependency/metainf-services-1.7.jar:/home/anatole/ycsb/infinispan/target/dependency/netty-buffer-4.1.51.Final.jar:/home/anatole/ycsb/infinispan/target/dependency/netty-codec-4.1.51.Final.jar:/home/anatole/ycsb/infinispan/target/dependency/netty-common-4.1.51.Final.jar:/home/anatole/ycsb/infinispan/target/dependency/netty-handler-4.1.51.Final.jar:/home/anatole/ycsb/infinispan/target/dependency/netty-resolver-4.1.51.Final.jar:/home/anatole/ycsb/infinispan/target/dependency/netty-transport-4.1.51.Final.jar:/home/anatole/ycsb/infinispan/target/dependency/netty-transport-native-epoll-4.1.51.Final-linux-x86_64.jar:/home/anatole/ycsb/infinispan/target/dependency/netty-transport-native-unix-common-4.1.51.Final.jar:/home/anatole/ycsb/infinispan/target/dependency/pcj-1.0.jar:/home/anatole/ycsb/infinispan/target/dependency/reactive-streams-1.0.2.jar:/home/anatole/ycsb/infinispan/target/dependency/rxjava-2.2.4.jar:/home/anatole/ycsb/infinispan/target/dependency/unsafe-helper-1.0.jar site.ycsb.Client -t -db site.ycsb.db.InfinispanJNVMClient -P ../workloads/workloada -preload -s -threads 4 -p dataintegrity=true -p offheap=true -p pcj=false -p recordcount=1000000 -p operationcount=12000000 -p fieldcount=10 -p fieldlength=100 -p requestdistribution=zipfian -p measurement.trackjvm=true -p measurementtype=hdrhistogram -p hdrhistogram.output.path=./out/exp5.concurrent.ref/log/infinispan-jnvm.run.workloada.true.1000000.1.10.100.zipfian.4.false..default.default.none.r2.hdr.log
[OVERALL], RunTime(ms), 37107
[OVERALL], Throughput(ops/sec), 350338.21111919585
[TOTAL_GCS_G1_Young_Generation], Count, 56
[TOTAL_GC_TIME_G1_Young_Generation], Time(ms), 6736
[TOTAL_GC_TIME_%_G1_Young_Generation], Time(%), 18.15290915460695
[TOTAL_GCS_G1_Old_Generation], Count, 0
[TOTAL_GC_TIME_G1_Old_Generation], Time(ms), 0
[TOTAL_GC_TIME_%_G1_Old_Generation], Time(%), 0.0
[TOTAL_GCs], Count, 56
[TOTAL_GC_TIME], Time(ms), 6736
[TOTAL_GC_TIME_%], Time(%), 18.15290915460695
[MAX_MEM_USED], MBs, 4579
[MIN_MEM_USED], MBs, 52
[MAX_THREADS], Count, 10
[MIN_THREADS], Count, 4
[MAX_SYS_LOAD_AVG], Load, 4.66
[MIN_SYS_LOAD_AVG], Load, 4.53
[THREAD_COUNT], Operations, 5
[THREAD_COUNT], AverageLatency(ns), 8.0
[THREAD_COUNT], MinLatency(ns), 4
[THREAD_COUNT], MaxLatency(ns), 10
[THREAD_COUNT], 95thPercentileLatency(ns), 10
[THREAD_COUNT], 99thPercentileLatency(ns), 10
[SYS_LOAD_AVG], Operations, 5
[SYS_LOAD_AVG], AverageLatency(ns), 4.0
[SYS_LOAD_AVG], MinLatency(ns), 4
[SYS_LOAD_AVG], MaxLatency(ns), 4
[SYS_LOAD_AVG], 95thPercentileLatency(ns), 4
[SYS_LOAD_AVG], 99thPercentileLatency(ns), 4
[LOAD], Operations, 4
[LOAD], AverageLatency(ns), 1.5893839872E10
[LOAD], MinLatency(ns), 15821963264
[LOAD], MaxLatency(ns), 15959392255
[LOAD], 95thPercentileLatency(ns), 15959392255
[LOAD], 99thPercentileLatency(ns), 15959392255
[USED_MEM_MB], Operations, 5
[USED_MEM_MB], AverageLatency(ns), 3295.6
[USED_MEM_MB], MinLatency(ns), 52
[USED_MEM_MB], MaxLatency(ns), 4579
[USED_MEM_MB], 95thPercentileLatency(ns), 4579
[USED_MEM_MB], 99thPercentileLatency(ns), 4579
[MAIN_GCs_Count], Operations, 4
[MAIN_GCs_Count], AverageLatency(ns), 30.0
[MAIN_GCs_Count], MinLatency(ns), 30
[MAIN_GCs_Count], MaxLatency(ns), 30
[MAIN_GCs_Count], 95thPercentileLatency(ns), 30
[MAIN_GCs_Count], 99thPercentileLatency(ns), 30
[MAIN_GCs_Time(ms)], Operations, 4
[MAIN_GCs_Time(ms)], AverageLatency(ns), 4756.0
[MAIN_GCs_Time(ms)], MinLatency(ns), 4756
[MAIN_GCs_Time(ms)], MaxLatency(ns), 4756
[MAIN_GCs_Time(ms)], 95thPercentileLatency(ns), 4756
[MAIN_GCs_Time(ms)], 99thPercentileLatency(ns), 4756
[TRANSACTION], Operations, 4
[TRANSACTION], AverageLatency(ns), 1.9372998656E10
[TRANSACTION], MinLatency(ns), 19344261120
[TRANSACTION], MaxLatency(ns), 19402063871
[TRANSACTION], 95thPercentileLatency(ns), 19402063871
[TRANSACTION], 99thPercentileLatency(ns), 19402063871
[GCS_TIME], Operations, 5
[GCS_TIME], AverageLatency(ns), 1347.2
[GCS_TIME], MinLatency(ns), 0
[GCS_TIME], MaxLatency(ns), 2496
[GCS_TIME], 95thPercentileLatency(ns), 2496
[GCS_TIME], 99thPercentileLatency(ns), 2496
[LOAD_GCs_Time(ms)], Operations, 4
[LOAD_GCs_Time(ms)], AverageLatency(ns), 1960.0
[LOAD_GCs_Time(ms)], MinLatency(ns), 1960
[LOAD_GCs_Time(ms)], MaxLatency(ns), 1960
[LOAD_GCs_Time(ms)], 95thPercentileLatency(ns), 1960
[LOAD_GCs_Time(ms)], 99thPercentileLatency(ns), 1960
[READ], Operations, 6000266
[READ], AverageLatency(ns), 2859.8273708198935
[READ], MinLatency(ns), 271
[READ], MaxLatency(ns), 201324543
[READ], 95thPercentileLatency(ns), 3857
[READ], 99thPercentileLatency(ns), 5212
[READ], Return=OK, 6000266
[INIT], Operations, 4
[INIT], AverageLatency(ns), 1.670230016E9
[INIT], MinLatency(ns), 1669578752
[INIT], MaxLatency(ns), 1671233535
[INIT], 95thPercentileLatency(ns), 1671233535
[INIT], 99thPercentileLatency(ns), 1671233535
[GCS], Operations, 5
[GCS], AverageLatency(ns), 11.2
[GCS], MinLatency(ns), 0
[GCS], MaxLatency(ns), 20
[GCS], 95thPercentileLatency(ns), 20
[GCS], 99thPercentileLatency(ns), 20
[LOAD_GCs_Count], Operations, 4
[LOAD_GCs_Count], AverageLatency(ns), 25.0
[LOAD_GCs_Count], MinLatency(ns), 25
[LOAD_GCs_Count], MaxLatency(ns), 25
[LOAD_GCs_Count], 95thPercentileLatency(ns), 25
[LOAD_GCs_Count], 99thPercentileLatency(ns), 25
[CLEANUP], Operations, 4
[CLEANUP], AverageLatency(ns), 2.3094476E7
[CLEANUP], MinLatency(ns), 7803648
[CLEANUP], MaxLatency(ns), 34382079
[CLEANUP], 95thPercentileLatency(ns), 34382079
[CLEANUP], 99thPercentileLatency(ns), 34382079
[INSERT], Operations, 1000000
[INSERT], AverageLatency(ns), 23978.147329
[INSERT], MinLatency(ns), 3126
[INSERT], MaxLatency(ns), 185731071
[INSERT], 95thPercentileLatency(ns), 20640
[INSERT], 99thPercentileLatency(ns), 60754
[INSERT], Return=OK, 1000000
[UPDATE], Operations, 5999734
[UPDATE], AverageLatency(ns), 3979.8613253520907
[UPDATE], MinLatency(ns), 361
[UPDATE], MaxLatency(ns), 206138367
[UPDATE], 95thPercentileLatency(ns), 4824
[UPDATE], 99thPercentileLatency(ns), 6316
[UPDATE], Return=OK, 5999734
