/home/anatole/jdk8u/build/linux-x86_64-normal-server-release/jdk/bin/java -Xmx20g -XX:+UseG1GC -classpath /home/anatole/ycsb/conf:/home/anatole/ycsb/core/target/core-0.18.0-SNAPSHOT.jar:/home/anatole/ycsb/core/target/dependency/HdrHistogram-2.1.4.jar:/home/anatole/ycsb/core/target/dependency/guava-18.0.jar:/home/anatole/ycsb/core/target/dependency/htrace-core4-4.1.0-incubating.jar:/home/anatole/ycsb/core/target/dependency/jackson-core-asl-1.9.4.jar:/home/anatole/ycsb/core/target/dependency/jackson-mapper-asl-1.9.4.jar:/home/anatole/ycsb/core/target/dependency/javax.persistence-api-2.2.jar:/home/anatole/ycsb/core/target/dependency/jnvm-1.0-SNAPSHOT.jar:/home/anatole/ycsb/core/target/dependency/pcj-1.0.jar:/home/anatole/ycsb/core/target/dependency/unsafe-helper-1.0.jar:/home/anatole/ycsb/infinispan/src/main/conf:/home/anatole/ycsb/infinispan/target/infinispan-binding-0.18.0-SNAPSHOT.jar:/home/anatole/ycsb/infinispan/target/dependency/caffeine-2.6.2.jar:/home/anatole/ycsb/infinispan/target/dependency/gson-2.8.2.jar:/home/anatole/ycsb/infinispan/target/dependency/guava-18.0.jar:/home/anatole/ycsb/infinispan/target/dependency/infinispan-cachestore-jnvm-1.0-SNAPSHOT.jar:/home/anatole/ycsb/infinispan/target/dependency/infinispan-cachestore-pcj-1.0-SNAPSHOT.jar:/home/anatole/ycsb/infinispan/target/dependency/infinispan-client-hotrod-9.4.20.Final.jar:/home/anatole/ycsb/infinispan/target/dependency/infinispan-commons-9.4.20.Final.jar:/home/anatole/ycsb/infinispan/target/dependency/infinispan-core-9.4.20.Final.jar:/home/anatole/ycsb/infinispan/target/dependency/javax.persistence-api-2.2.jar:/home/anatole/ycsb/infinispan/target/dependency/jboss-logging-3.3.2.Final.jar:/home/anatole/ycsb/infinispan/target/dependency/jboss-marshalling-osgi-2.0.6.Final.jar:/home/anatole/ycsb/infinispan/target/dependency/jboss-transaction-api_1.2_spec-1.1.1.Final.jar:/home/anatole/ycsb/infinispan/target/dependency/jgroups-4.0.21.Final.jar:/home/anatole/ycsb/infinispan/target/dependency/jnvm-1.0-SNAPSHOT.jar:/home/anatole/ycsb/infinispan/target/dependency/metainf-services-1.7.jar:/home/anatole/ycsb/infinispan/target/dependency/netty-buffer-4.1.51.Final.jar:/home/anatole/ycsb/infinispan/target/dependency/netty-codec-4.1.51.Final.jar:/home/anatole/ycsb/infinispan/target/dependency/netty-common-4.1.51.Final.jar:/home/anatole/ycsb/infinispan/target/dependency/netty-handler-4.1.51.Final.jar:/home/anatole/ycsb/infinispan/target/dependency/netty-resolver-4.1.51.Final.jar:/home/anatole/ycsb/infinispan/target/dependency/netty-transport-4.1.51.Final.jar:/home/anatole/ycsb/infinispan/target/dependency/netty-transport-native-epoll-4.1.51.Final-linux-x86_64.jar:/home/anatole/ycsb/infinispan/target/dependency/netty-transport-native-unix-common-4.1.51.Final.jar:/home/anatole/ycsb/infinispan/target/dependency/pcj-1.0.jar:/home/anatole/ycsb/infinispan/target/dependency/reactive-streams-1.0.2.jar:/home/anatole/ycsb/infinispan/target/dependency/rxjava-2.2.4.jar:/home/anatole/ycsb/infinispan/target/dependency/unsafe-helper-1.0.jar site.ycsb.Client -t -db site.ycsb.db.InfinispanClient -P ../workloads/workloadc -preload -s -threads 2 -p dataintegrity=true -p offheap=false -p pcj=false -p recordcount=1000000 -p operationcount=12000000 -p fieldcount=10 -p fieldlength=100 -p requestdistribution=zipfian -p measurement.trackjvm=true -p measurementtype=hdrhistogram -p hdrhistogram.output.path=./out/exp5.concurrent.ref/log/infinispan.run.workloadc.true.1000000.1000000.10.100.zipfian.2.false.true.default.default.volatile.r3.hdr.log
[OVERALL], RunTime(ms), 21104
[OVERALL], Throughput(ops/sec), 615996.9673995451
[TOTAL_GCS_G1_Young_Generation], Count, 29
[TOTAL_GC_TIME_G1_Young_Generation], Time(ms), 2384
[TOTAL_GC_TIME_%_G1_Young_Generation], Time(%), 11.296436694465504
[TOTAL_GCS_G1_Old_Generation], Count, 0
[TOTAL_GC_TIME_G1_Old_Generation], Time(ms), 0
[TOTAL_GC_TIME_%_G1_Old_Generation], Time(%), 0.0
[TOTAL_GCs], Count, 29
[TOTAL_GC_TIME], Time(ms), 2384
[TOTAL_GC_TIME_%], Time(%), 11.296436694465504
[MAX_MEM_USED], MBs, 8356
[MIN_MEM_USED], MBs, 54
[MAX_THREADS], Count, 7
[MIN_THREADS], Count, 4
[MAX_SYS_LOAD_AVG], Load, 7.28
[MIN_SYS_LOAD_AVG], Load, 6.25
[THREAD_COUNT], Operations, 4
[THREAD_COUNT], AverageLatency(ns), 5.5
[THREAD_COUNT], MinLatency(ns), 4
[THREAD_COUNT], MaxLatency(ns), 7
[THREAD_COUNT], 95thPercentileLatency(ns), 7
[THREAD_COUNT], 99thPercentileLatency(ns), 7
[SYS_LOAD_AVG], Operations, 4
[SYS_LOAD_AVG], AverageLatency(ns), 6.25
[SYS_LOAD_AVG], MinLatency(ns), 6
[SYS_LOAD_AVG], MaxLatency(ns), 7
[SYS_LOAD_AVG], 95thPercentileLatency(ns), 7
[SYS_LOAD_AVG], 99thPercentileLatency(ns), 7
[LOAD], Operations, 2
[LOAD], AverageLatency(ns), 8.867217408E9
[LOAD], MinLatency(ns), 8865251328
[LOAD], MaxLatency(ns), 8869183487
[LOAD], 95thPercentileLatency(ns), 8869183487
[LOAD], 99thPercentileLatency(ns), 8869183487
[USED_MEM_MB], Operations, 4
[USED_MEM_MB], AverageLatency(ns), 5222.5
[USED_MEM_MB], MinLatency(ns), 54
[USED_MEM_MB], MaxLatency(ns), 8356
[USED_MEM_MB], 95thPercentileLatency(ns), 8356
[USED_MEM_MB], 99thPercentileLatency(ns), 8356
[MAIN_GCs_Count], Operations, 2
[MAIN_GCs_Count], AverageLatency(ns), 3.0
[MAIN_GCs_Count], MinLatency(ns), 3
[MAIN_GCs_Count], MaxLatency(ns), 3
[MAIN_GCs_Count], 95thPercentileLatency(ns), 3
[MAIN_GCs_Count], 99thPercentileLatency(ns), 3
[MAIN_GCs_Time(ms)], Operations, 2
[MAIN_GCs_Time(ms)], AverageLatency(ns), 271.0
[MAIN_GCs_Time(ms)], MinLatency(ns), 271
[MAIN_GCs_Time(ms)], MaxLatency(ns), 271
[MAIN_GCs_Time(ms)], 95thPercentileLatency(ns), 271
[MAIN_GCs_Time(ms)], 99thPercentileLatency(ns), 271
[TRANSACTION], Operations, 2
[TRANSACTION], AverageLatency(ns), 1.0971578368E10
[TRANSACTION], MinLatency(ns), 10955128832
[TRANSACTION], MaxLatency(ns), 10988027903
[TRANSACTION], 95thPercentileLatency(ns), 10988027903
[TRANSACTION], 99thPercentileLatency(ns), 10988027903
[GCS_TIME], Operations, 4
[GCS_TIME], AverageLatency(ns), 596.0
[GCS_TIME], MinLatency(ns), 0
[GCS_TIME], MaxLatency(ns), 2244
[GCS_TIME], 95thPercentileLatency(ns), 2244
[GCS_TIME], 99thPercentileLatency(ns), 2244
[LOAD_GCs_Time(ms)], Operations, 2
[LOAD_GCs_Time(ms)], AverageLatency(ns), 2090.0
[LOAD_GCs_Time(ms)], MinLatency(ns), 2090
[LOAD_GCs_Time(ms)], MaxLatency(ns), 2090
[LOAD_GCs_Time(ms)], 95thPercentileLatency(ns), 2090
[LOAD_GCs_Time(ms)], 99thPercentileLatency(ns), 2090
[READ], Operations, 12000000
[READ], AverageLatency(ns), 885.4797489166667
[READ], MinLatency(ns), 181
[READ], MaxLatency(ns), 131952639
[READ], 95thPercentileLatency(ns), 3774
[READ], 99thPercentileLatency(ns), 5089
[READ], Return=OK, 12000000
[INIT], Operations, 2
[INIT], AverageLatency(ns), 6.38093312E8
[INIT], MinLatency(ns), 637808640
[INIT], MaxLatency(ns), 638377983
[INIT], 95thPercentileLatency(ns), 638377983
[INIT], 99thPercentileLatency(ns), 638377983
[GCS], Operations, 4
[GCS], AverageLatency(ns), 7.25
[GCS], MinLatency(ns), 0
[GCS], MaxLatency(ns), 27
[GCS], 95thPercentileLatency(ns), 27
[GCS], 99thPercentileLatency(ns), 27
[LOAD_GCs_Count], Operations, 2
[LOAD_GCs_Count], AverageLatency(ns), 25.0
[LOAD_GCs_Count], MinLatency(ns), 25
[LOAD_GCs_Count], MaxLatency(ns), 25
[LOAD_GCs_Count], 95thPercentileLatency(ns), 25
[LOAD_GCs_Count], 99thPercentileLatency(ns), 25
[CLEANUP], Operations, 2
[CLEANUP], AverageLatency(ns), 5.31820032E8
[CLEANUP], MinLatency(ns), 526213120
[CLEANUP], MaxLatency(ns), 537427967
[CLEANUP], 95thPercentileLatency(ns), 537427967
[CLEANUP], 99thPercentileLatency(ns), 537427967
[INSERT], Operations, 1000000
[INSERT], AverageLatency(ns), 3783.328838
[INSERT], MinLatency(ns), 1220
[INSERT], MaxLatency(ns), 165874687
[INSERT], 95thPercentileLatency(ns), 3809
[INSERT], 99thPercentileLatency(ns), 13060
[INSERT], Return=OK, 1000000
