/home/anatole/jdk8u/build/linux-x86_64-normal-server-release/jdk/bin/java -Xmx20g -XX:+UseG1GC -classpath /home/anatole/ycsb/conf:/home/anatole/ycsb/core/target/core-0.18.0-SNAPSHOT.jar:/home/anatole/ycsb/core/target/dependency/HdrHistogram-2.1.4.jar:/home/anatole/ycsb/core/target/dependency/guava-18.0.jar:/home/anatole/ycsb/core/target/dependency/htrace-core4-4.1.0-incubating.jar:/home/anatole/ycsb/core/target/dependency/jackson-core-asl-1.9.4.jar:/home/anatole/ycsb/core/target/dependency/jackson-mapper-asl-1.9.4.jar:/home/anatole/ycsb/core/target/dependency/javax.persistence-api-2.2.jar:/home/anatole/ycsb/core/target/dependency/jnvm-1.0-SNAPSHOT.jar:/home/anatole/ycsb/core/target/dependency/pcj-1.0.jar:/home/anatole/ycsb/core/target/dependency/unsafe-helper-1.0.jar:/home/anatole/ycsb/infinispan/src/main/conf:/home/anatole/ycsb/infinispan/target/infinispan-binding-0.18.0-SNAPSHOT.jar:/home/anatole/ycsb/infinispan/target/dependency/caffeine-2.6.2.jar:/home/anatole/ycsb/infinispan/target/dependency/gson-2.8.2.jar:/home/anatole/ycsb/infinispan/target/dependency/guava-18.0.jar:/home/anatole/ycsb/infinispan/target/dependency/infinispan-cachestore-jnvm-1.0-SNAPSHOT.jar:/home/anatole/ycsb/infinispan/target/dependency/infinispan-cachestore-pcj-1.0-SNAPSHOT.jar:/home/anatole/ycsb/infinispan/target/dependency/infinispan-client-hotrod-9.4.20.Final.jar:/home/anatole/ycsb/infinispan/target/dependency/infinispan-commons-9.4.20.Final.jar:/home/anatole/ycsb/infinispan/target/dependency/infinispan-core-9.4.20.Final.jar:/home/anatole/ycsb/infinispan/target/dependency/javax.persistence-api-2.2.jar:/home/anatole/ycsb/infinispan/target/dependency/jboss-logging-3.3.2.Final.jar:/home/anatole/ycsb/infinispan/target/dependency/jboss-marshalling-osgi-2.0.6.Final.jar:/home/anatole/ycsb/infinispan/target/dependency/jboss-transaction-api_1.2_spec-1.1.1.Final.jar:/home/anatole/ycsb/infinispan/target/dependency/jgroups-4.0.21.Final.jar:/home/anatole/ycsb/infinispan/target/dependency/jnvm-1.0-SNAPSHOT.jar:/home/anatole/ycsb/infinispan/target/dependency/metainf-services-1.7.jar:/home/anatole/ycsb/infinispan/target/dependency/netty-buffer-4.1.51.Final.jar:/home/anatole/ycsb/infinispan/target/dependency/netty-codec-4.1.51.Final.jar:/home/anatole/ycsb/infinispan/target/dependency/netty-common-4.1.51.Final.jar:/home/anatole/ycsb/infinispan/target/dependency/netty-handler-4.1.51.Final.jar:/home/anatole/ycsb/infinispan/target/dependency/netty-resolver-4.1.51.Final.jar:/home/anatole/ycsb/infinispan/target/dependency/netty-transport-4.1.51.Final.jar:/home/anatole/ycsb/infinispan/target/dependency/netty-transport-native-epoll-4.1.51.Final-linux-x86_64.jar:/home/anatole/ycsb/infinispan/target/dependency/netty-transport-native-unix-common-4.1.51.Final.jar:/home/anatole/ycsb/infinispan/target/dependency/pcj-1.0.jar:/home/anatole/ycsb/infinispan/target/dependency/reactive-streams-1.0.2.jar:/home/anatole/ycsb/infinispan/target/dependency/rxjava-2.2.4.jar:/home/anatole/ycsb/infinispan/target/dependency/unsafe-helper-1.0.jar site.ycsb.Client -t -db site.ycsb.db.InfinispanClient -P ../workloads/workloadc -preload -s -threads 4 -p dataintegrity=true -p offheap=false -p pcj=false -p recordcount=1000000 -p operationcount=12000000 -p fieldcount=10 -p fieldlength=100 -p requestdistribution=zipfian -p measurement.trackjvm=true -p measurementtype=hdrhistogram -p hdrhistogram.output.path=./out/exp5.concurrent.ref/log/infinispan.run.workloadc.true.1000000.1000000.10.100.zipfian.4.true..default.default.none.r6.hdr.log
[OVERALL], RunTime(ms), 15034
[OVERALL], Throughput(ops/sec), 864706.6648929093
[TOTAL_GCS_G1_Young_Generation], Count, 29
[TOTAL_GC_TIME_G1_Young_Generation], Time(ms), 2378
[TOTAL_GC_TIME_%_G1_Young_Generation], Time(%), 15.817480377810297
[TOTAL_GCS_G1_Old_Generation], Count, 0
[TOTAL_GC_TIME_G1_Old_Generation], Time(ms), 0
[TOTAL_GC_TIME_%_G1_Old_Generation], Time(%), 0.0
[TOTAL_GCs], Count, 29
[TOTAL_GC_TIME], Time(ms), 2378
[TOTAL_GC_TIME_%], Time(%), 15.817480377810297
[MAX_MEM_USED], MBs, 8228
[MIN_MEM_USED], MBs, 58
[MAX_THREADS], Count, 10
[MIN_THREADS], Count, 4
[MAX_SYS_LOAD_AVG], Load, 7.88
[MIN_SYS_LOAD_AVG], Load, 7.84
[THREAD_COUNT], Operations, 3
[THREAD_COUNT], AverageLatency(ns), 6.666666666666667
[THREAD_COUNT], MinLatency(ns), 4
[THREAD_COUNT], MaxLatency(ns), 10
[THREAD_COUNT], 95thPercentileLatency(ns), 10
[THREAD_COUNT], 99thPercentileLatency(ns), 10
[SYS_LOAD_AVG], Operations, 3
[SYS_LOAD_AVG], AverageLatency(ns), 7.0
[SYS_LOAD_AVG], MinLatency(ns), 7
[SYS_LOAD_AVG], MaxLatency(ns), 7
[SYS_LOAD_AVG], 95thPercentileLatency(ns), 7
[SYS_LOAD_AVG], 99thPercentileLatency(ns), 7
[LOAD], Operations, 4
[LOAD], AverageLatency(ns), 6.547136512E9
[LOAD], MinLatency(ns), 6464831488
[LOAD], MaxLatency(ns), 6671138815
[LOAD], 95thPercentileLatency(ns), 6671138815
[LOAD], 99thPercentileLatency(ns), 6671138815
[USED_MEM_MB], Operations, 3
[USED_MEM_MB], AverageLatency(ns), 4841.333333333333
[USED_MEM_MB], MinLatency(ns), 58
[USED_MEM_MB], MaxLatency(ns), 8228
[USED_MEM_MB], 95thPercentileLatency(ns), 8228
[USED_MEM_MB], 99thPercentileLatency(ns), 8228
[MAIN_GCs_Count], Operations, 4
[MAIN_GCs_Count], AverageLatency(ns), 3.0
[MAIN_GCs_Count], MinLatency(ns), 3
[MAIN_GCs_Count], MaxLatency(ns), 3
[MAIN_GCs_Count], 95thPercentileLatency(ns), 3
[MAIN_GCs_Count], 99thPercentileLatency(ns), 3
[MAIN_GCs_Time(ms)], Operations, 4
[MAIN_GCs_Time(ms)], AverageLatency(ns), 251.0
[MAIN_GCs_Time(ms)], MinLatency(ns), 251
[MAIN_GCs_Time(ms)], MaxLatency(ns), 251
[MAIN_GCs_Time(ms)], 95thPercentileLatency(ns), 251
[MAIN_GCs_Time(ms)], 99thPercentileLatency(ns), 251
[TRANSACTION], Operations, 4
[TRANSACTION], AverageLatency(ns), 6.545022976E9
[TRANSACTION], MinLatency(ns), 5957779456
[TRANSACTION], MaxLatency(ns), 7115079679
[TRANSACTION], 95thPercentileLatency(ns), 7115079679
[TRANSACTION], 99thPercentileLatency(ns), 7115079679
[GCS_TIME], Operations, 3
[GCS_TIME], AverageLatency(ns), 792.6666666666666
[GCS_TIME], MinLatency(ns), 0
[GCS_TIME], MaxLatency(ns), 2296
[GCS_TIME], 95thPercentileLatency(ns), 2296
[GCS_TIME], 99thPercentileLatency(ns), 2296
[LOAD_GCs_Time(ms)], Operations, 4
[LOAD_GCs_Time(ms)], AverageLatency(ns), 2109.0
[LOAD_GCs_Time(ms)], MinLatency(ns), 2109
[LOAD_GCs_Time(ms)], MaxLatency(ns), 2109
[LOAD_GCs_Time(ms)], 95thPercentileLatency(ns), 2109
[LOAD_GCs_Time(ms)], 99thPercentileLatency(ns), 2109
[READ], Operations, 12000000
[READ], AverageLatency(ns), 1019.1664388333334
[READ], MinLatency(ns), 192
[READ], MaxLatency(ns), 123414527
[READ], 95thPercentileLatency(ns), 1184
[READ], 99thPercentileLatency(ns), 15000
[READ], Return=OK, 12000000
[INIT], Operations, 4
[INIT], AverageLatency(ns), 6.51669504E8
[INIT], MinLatency(ns), 651251712
[INIT], MaxLatency(ns), 652062719
[INIT], 95thPercentileLatency(ns), 652062719
[INIT], 99thPercentileLatency(ns), 652062719
[GCS], Operations, 3
[GCS], AverageLatency(ns), 9.666666666666666
[GCS], MinLatency(ns), 0
[GCS], MaxLatency(ns), 28
[GCS], 95thPercentileLatency(ns), 28
[GCS], 99thPercentileLatency(ns), 28
[LOAD_GCs_Count], Operations, 4
[LOAD_GCs_Count], AverageLatency(ns), 25.0
[LOAD_GCs_Count], MinLatency(ns), 25
[LOAD_GCs_Count], MaxLatency(ns), 25
[LOAD_GCs_Count], 95thPercentileLatency(ns), 25
[LOAD_GCs_Count], 99thPercentileLatency(ns), 25
[CLEANUP], Operations, 4
[CLEANUP], AverageLatency(ns), 1.05863808E9
[CLEANUP], MinLatency(ns), 493123584
[CLEANUP], MaxLatency(ns), 1632436223
[CLEANUP], 95thPercentileLatency(ns), 1632436223
[CLEANUP], 99thPercentileLatency(ns), 1632436223
[INSERT], Operations, 1000000
[INSERT], AverageLatency(ns), 11663.430722
[INSERT], MinLatency(ns), 1813
[INSERT], MaxLatency(ns), 173041663
[INSERT], 95thPercentileLatency(ns), 7050
[INSERT], 99thPercentileLatency(ns), 26211
[INSERT], Return=OK, 1000000
