/home/anatole/jdk8u/build/linux-x86_64-normal-server-release/jdk/bin/java -Xmx20g -XX:+UseG1GC -classpath /home/anatole/ycsb/conf:/home/anatole/ycsb/core/target/core-0.18.0-SNAPSHOT.jar:/home/anatole/ycsb/core/target/dependency/HdrHistogram-2.1.4.jar:/home/anatole/ycsb/core/target/dependency/guava-18.0.jar:/home/anatole/ycsb/core/target/dependency/htrace-core4-4.1.0-incubating.jar:/home/anatole/ycsb/core/target/dependency/jackson-core-asl-1.9.4.jar:/home/anatole/ycsb/core/target/dependency/jackson-mapper-asl-1.9.4.jar:/home/anatole/ycsb/core/target/dependency/javax.persistence-api-2.2.jar:/home/anatole/ycsb/core/target/dependency/jnvm-1.0-SNAPSHOT.jar:/home/anatole/ycsb/core/target/dependency/pcj-1.0.jar:/home/anatole/ycsb/core/target/dependency/unsafe-helper-1.0.jar:/home/anatole/ycsb/infinispan/src/main/conf:/home/anatole/ycsb/infinispan/target/infinispan-binding-0.18.0-SNAPSHOT.jar:/home/anatole/ycsb/infinispan/target/dependency/caffeine-2.6.2.jar:/home/anatole/ycsb/infinispan/target/dependency/gson-2.8.2.jar:/home/anatole/ycsb/infinispan/target/dependency/guava-18.0.jar:/home/anatole/ycsb/infinispan/target/dependency/infinispan-cachestore-jnvm-1.0-SNAPSHOT.jar:/home/anatole/ycsb/infinispan/target/dependency/infinispan-cachestore-pcj-1.0-SNAPSHOT.jar:/home/anatole/ycsb/infinispan/target/dependency/infinispan-client-hotrod-9.4.20.Final.jar:/home/anatole/ycsb/infinispan/target/dependency/infinispan-commons-9.4.20.Final.jar:/home/anatole/ycsb/infinispan/target/dependency/infinispan-core-9.4.20.Final.jar:/home/anatole/ycsb/infinispan/target/dependency/javax.persistence-api-2.2.jar:/home/anatole/ycsb/infinispan/target/dependency/jboss-logging-3.3.2.Final.jar:/home/anatole/ycsb/infinispan/target/dependency/jboss-marshalling-osgi-2.0.6.Final.jar:/home/anatole/ycsb/infinispan/target/dependency/jboss-transaction-api_1.2_spec-1.1.1.Final.jar:/home/anatole/ycsb/infinispan/target/dependency/jgroups-4.0.21.Final.jar:/home/anatole/ycsb/infinispan/target/dependency/jnvm-1.0-SNAPSHOT.jar:/home/anatole/ycsb/infinispan/target/dependency/metainf-services-1.7.jar:/home/anatole/ycsb/infinispan/target/dependency/netty-buffer-4.1.51.Final.jar:/home/anatole/ycsb/infinispan/target/dependency/netty-codec-4.1.51.Final.jar:/home/anatole/ycsb/infinispan/target/dependency/netty-common-4.1.51.Final.jar:/home/anatole/ycsb/infinispan/target/dependency/netty-handler-4.1.51.Final.jar:/home/anatole/ycsb/infinispan/target/dependency/netty-resolver-4.1.51.Final.jar:/home/anatole/ycsb/infinispan/target/dependency/netty-transport-4.1.51.Final.jar:/home/anatole/ycsb/infinispan/target/dependency/netty-transport-native-epoll-4.1.51.Final-linux-x86_64.jar:/home/anatole/ycsb/infinispan/target/dependency/netty-transport-native-unix-common-4.1.51.Final.jar:/home/anatole/ycsb/infinispan/target/dependency/pcj-1.0.jar:/home/anatole/ycsb/infinispan/target/dependency/reactive-streams-1.0.2.jar:/home/anatole/ycsb/infinispan/target/dependency/rxjava-2.2.4.jar:/home/anatole/ycsb/infinispan/target/dependency/unsafe-helper-1.0.jar site.ycsb.Client -t -db site.ycsb.db.InfinispanClient -P ../workloads/workloada -preload -s -threads 8 -p dataintegrity=true -p offheap=false -p pcj=false -p recordcount=1000000 -p operationcount=48000000 -p fieldcount=10 -p fieldlength=100 -p requestdistribution=zipfian -p measurement.trackjvm=true -p measurementtype=hdrhistogram -p hdrhistogram.output.path=./out/exp5.concurrent.ref/log/infinispan.run.workloada.true.1000000.1000000.10.100.zipfian.8.false.true.default.default.volatile.r3.hdr.log
[OVERALL], RunTime(ms), 61079
[OVERALL], Throughput(ops/sec), 802239.7223268227
[TOTAL_GCS_G1_Young_Generation], Count, 136
[TOTAL_GC_TIME_G1_Young_Generation], Time(ms), 23612
[TOTAL_GC_TIME_%_G1_Young_Generation], Time(%), 38.658131272614156
[TOTAL_GCS_G1_Old_Generation], Count, 0
[TOTAL_GC_TIME_G1_Old_Generation], Time(ms), 0
[TOTAL_GC_TIME_%_G1_Old_Generation], Time(%), 0.0
[TOTAL_GCs], Count, 136
[TOTAL_GC_TIME], Time(ms), 23612
[TOTAL_GC_TIME_%], Time(%), 38.658131272614156
[MAX_MEM_USED], MBs, 9709
[MIN_MEM_USED], MBs, 60
[MAX_THREADS], Count, 39
[MIN_THREADS], Count, 4
[MAX_SYS_LOAD_AVG], Load, 21.28
[MIN_SYS_LOAD_AVG], Load, 17.95
[THREAD_COUNT], Operations, 8
[THREAD_COUNT], AverageLatency(ns), 26.625
[THREAD_COUNT], MinLatency(ns), 4
[THREAD_COUNT], MaxLatency(ns), 39
[THREAD_COUNT], 95thPercentileLatency(ns), 39
[THREAD_COUNT], 99thPercentileLatency(ns), 39
[SYS_LOAD_AVG], Operations, 8
[SYS_LOAD_AVG], AverageLatency(ns), 18.875
[SYS_LOAD_AVG], MinLatency(ns), 17
[SYS_LOAD_AVG], MaxLatency(ns), 21
[SYS_LOAD_AVG], 95thPercentileLatency(ns), 21
[SYS_LOAD_AVG], 99thPercentileLatency(ns), 21
[LOAD], Operations, 8
[LOAD], AverageLatency(ns), 5.237624832E9
[LOAD], MinLatency(ns), 5149720576
[LOAD], MaxLatency(ns), 5447942143
[LOAD], 95thPercentileLatency(ns), 5447942143
[LOAD], 99thPercentileLatency(ns), 5447942143
[USED_MEM_MB], Operations, 8
[USED_MEM_MB], AverageLatency(ns), 6276.75
[USED_MEM_MB], MinLatency(ns), 60
[USED_MEM_MB], MaxLatency(ns), 9709
[USED_MEM_MB], 95thPercentileLatency(ns), 9709
[USED_MEM_MB], 99thPercentileLatency(ns), 9709
[MAIN_GCs_Count], Operations, 8
[MAIN_GCs_Count], AverageLatency(ns), 108.5
[MAIN_GCs_Count], MinLatency(ns), 106
[MAIN_GCs_Count], MaxLatency(ns), 110
[MAIN_GCs_Count], 95thPercentileLatency(ns), 110
[MAIN_GCs_Count], 99thPercentileLatency(ns), 110
[MAIN_GCs_Time(ms)], Operations, 8
[MAIN_GCs_Time(ms)], AverageLatency(ns), 21261.875
[MAIN_GCs_Time(ms)], MinLatency(ns), 20879
[MAIN_GCs_Time(ms)], MaxLatency(ns), 21500
[MAIN_GCs_Time(ms)], 95thPercentileLatency(ns), 21500
[MAIN_GCs_Time(ms)], 99thPercentileLatency(ns), 21500
[TRANSACTION], Operations, 8
[TRANSACTION], AverageLatency(ns), 5.3497495552E10
[TRANSACTION], MinLatency(ns), 52087226368
[TRANSACTION], MaxLatency(ns), 54455697407
[TRANSACTION], 95thPercentileLatency(ns), 54455697407
[TRANSACTION], 99thPercentileLatency(ns), 54455697407
[GCS_TIME], Operations, 8
[GCS_TIME], AverageLatency(ns), 2951.5
[GCS_TIME], MinLatency(ns), 0
[GCS_TIME], MaxLatency(ns), 4979
[GCS_TIME], 95thPercentileLatency(ns), 4979
[GCS_TIME], 99thPercentileLatency(ns), 4979
[LOAD_GCs_Time(ms)], Operations, 8
[LOAD_GCs_Time(ms)], AverageLatency(ns), 1969.25
[LOAD_GCs_Time(ms)], MinLatency(ns), 1928
[LOAD_GCs_Time(ms)], MaxLatency(ns), 2093
[LOAD_GCs_Time(ms)], 95thPercentileLatency(ns), 2093
[LOAD_GCs_Time(ms)], 99thPercentileLatency(ns), 2093
[READ], Operations, 23996235
[READ], AverageLatency(ns), 2705.5315684731377
[READ], MinLatency(ns), 214
[READ], MaxLatency(ns), 1204142079
[READ], 95thPercentileLatency(ns), 2530
[READ], 99thPercentileLatency(ns), 19126
[READ], Return=OK, 23996235
[INIT], Operations, 8
[INIT], AverageLatency(ns), 5.86041856E8
[INIT], MinLatency(ns), 584511488
[INIT], MaxLatency(ns), 588001279
[INIT], 95thPercentileLatency(ns), 588001279
[INIT], 99thPercentileLatency(ns), 588001279
[GCS], Operations, 8
[GCS], AverageLatency(ns), 17.0
[GCS], MinLatency(ns), 0
[GCS], MaxLatency(ns), 39
[GCS], 95thPercentileLatency(ns), 39
[GCS], 99thPercentileLatency(ns), 39
[LOAD_GCs_Count], Operations, 8
[LOAD_GCs_Count], AverageLatency(ns), 24.25
[LOAD_GCs_Count], MinLatency(ns), 24
[LOAD_GCs_Count], MaxLatency(ns), 25
[LOAD_GCs_Count], 95thPercentileLatency(ns), 25
[LOAD_GCs_Count], 99thPercentileLatency(ns), 25
[CLEANUP], Operations, 8
[CLEANUP], AverageLatency(ns), 1.443931776E9
[CLEANUP], MinLatency(ns), 490663936
[CLEANUP], MaxLatency(ns), 2834857983
[CLEANUP], 95thPercentileLatency(ns), 2834857983
[CLEANUP], 99thPercentileLatency(ns), 2834857983
[INSERT], Operations, 1000000
[INSERT], AverageLatency(ns), 11062.445273
[INSERT], MinLatency(ns), 1542
[INSERT], MaxLatency(ns), 171854847
[INSERT], 95thPercentileLatency(ns), 11669
[INSERT], 99thPercentileLatency(ns), 33809
[INSERT], Return=OK, 1000000
[UPDATE], Operations, 24003765
[UPDATE], AverageLatency(ns), 8858.837267861938
[UPDATE], MinLatency(ns), 1235
[UPDATE], MaxLatency(ns), 1204363263
[UPDATE], 95thPercentileLatency(ns), 15238
[UPDATE], 99thPercentileLatency(ns), 31112
[UPDATE], Return=OK, 24003765
