/home/anatole/jdk8u/build/linux-x86_64-normal-server-release/jdk/bin/java -Xmx20g -XX:+UseG1GC -classpath /home/anatole/ycsb/conf:/home/anatole/ycsb/core/target/core-0.18.0-SNAPSHOT.jar:/home/anatole/ycsb/core/target/dependency/HdrHistogram-2.1.4.jar:/home/anatole/ycsb/core/target/dependency/guava-18.0.jar:/home/anatole/ycsb/core/target/dependency/htrace-core4-4.1.0-incubating.jar:/home/anatole/ycsb/core/target/dependency/jackson-core-asl-1.9.4.jar:/home/anatole/ycsb/core/target/dependency/jackson-mapper-asl-1.9.4.jar:/home/anatole/ycsb/core/target/dependency/javax.persistence-api-2.2.jar:/home/anatole/ycsb/core/target/dependency/jnvm-1.0-SNAPSHOT.jar:/home/anatole/ycsb/core/target/dependency/pcj-1.0.jar:/home/anatole/ycsb/core/target/dependency/unsafe-helper-1.0.jar:/home/anatole/ycsb/infinispan/src/main/conf:/home/anatole/ycsb/infinispan/target/infinispan-binding-0.18.0-SNAPSHOT.jar:/home/anatole/ycsb/infinispan/target/dependency/caffeine-2.6.2.jar:/home/anatole/ycsb/infinispan/target/dependency/gson-2.8.2.jar:/home/anatole/ycsb/infinispan/target/dependency/guava-18.0.jar:/home/anatole/ycsb/infinispan/target/dependency/infinispan-cachestore-jnvm-1.0-SNAPSHOT.jar:/home/anatole/ycsb/infinispan/target/dependency/infinispan-cachestore-pcj-1.0-SNAPSHOT.jar:/home/anatole/ycsb/infinispan/target/dependency/infinispan-client-hotrod-9.4.20.Final.jar:/home/anatole/ycsb/infinispan/target/dependency/infinispan-commons-9.4.20.Final.jar:/home/anatole/ycsb/infinispan/target/dependency/infinispan-core-9.4.20.Final.jar:/home/anatole/ycsb/infinispan/target/dependency/javax.persistence-api-2.2.jar:/home/anatole/ycsb/infinispan/target/dependency/jboss-logging-3.3.2.Final.jar:/home/anatole/ycsb/infinispan/target/dependency/jboss-marshalling-osgi-2.0.6.Final.jar:/home/anatole/ycsb/infinispan/target/dependency/jboss-transaction-api_1.2_spec-1.1.1.Final.jar:/home/anatole/ycsb/infinispan/target/dependency/jgroups-4.0.21.Final.jar:/home/anatole/ycsb/infinispan/target/dependency/jnvm-1.0-SNAPSHOT.jar:/home/anatole/ycsb/infinispan/target/dependency/metainf-services-1.7.jar:/home/anatole/ycsb/infinispan/target/dependency/netty-buffer-4.1.51.Final.jar:/home/anatole/ycsb/infinispan/target/dependency/netty-codec-4.1.51.Final.jar:/home/anatole/ycsb/infinispan/target/dependency/netty-common-4.1.51.Final.jar:/home/anatole/ycsb/infinispan/target/dependency/netty-handler-4.1.51.Final.jar:/home/anatole/ycsb/infinispan/target/dependency/netty-resolver-4.1.51.Final.jar:/home/anatole/ycsb/infinispan/target/dependency/netty-transport-4.1.51.Final.jar:/home/anatole/ycsb/infinispan/target/dependency/netty-transport-native-epoll-4.1.51.Final-linux-x86_64.jar:/home/anatole/ycsb/infinispan/target/dependency/netty-transport-native-unix-common-4.1.51.Final.jar:/home/anatole/ycsb/infinispan/target/dependency/pcj-1.0.jar:/home/anatole/ycsb/infinispan/target/dependency/reactive-streams-1.0.2.jar:/home/anatole/ycsb/infinispan/target/dependency/rxjava-2.2.4.jar:/home/anatole/ycsb/infinispan/target/dependency/unsafe-helper-1.0.jar site.ycsb.Client -t -db site.ycsb.db.InfinispanClient -P ../workloads/workloada -preload -s -threads 40 -p dataintegrity=true -p offheap=false -p pcj=false -p recordcount=1000000 -p operationcount=60000000 -p fieldcount=10 -p fieldlength=100 -p requestdistribution=zipfian -p measurement.trackjvm=true -p measurementtype=hdrhistogram -p hdrhistogram.output.path=./out/exp5.concurrent.ref/log/infinispan.run.workloada.true.1000000.1000000.10.100.zipfian.40.true..default.default.none.r1.hdr.log
[OVERALL], RunTime(ms), 71875
[OVERALL], Throughput(ops/sec), 848695.6521739131
[TOTAL_GCS_G1_Young_Generation], Count, 180
[TOTAL_GC_TIME_G1_Young_Generation], Time(ms), 28135
[TOTAL_GC_TIME_%_G1_Young_Generation], Time(%), 39.14434782608696
[TOTAL_GCS_G1_Old_Generation], Count, 0
[TOTAL_GC_TIME_G1_Old_Generation], Time(ms), 0
[TOTAL_GC_TIME_%_G1_Old_Generation], Time(%), 0.0
[TOTAL_GCs], Count, 180
[TOTAL_GC_TIME], Time(ms), 28135
[TOTAL_GC_TIME_%], Time(%), 39.14434782608696
[MAX_MEM_USED], MBs, 9933
[MIN_MEM_USED], MBs, 102
[MAX_THREADS], Count, 72
[MIN_THREADS], Count, 4
[MAX_SYS_LOAD_AVG], Load, 26.05
[MIN_SYS_LOAD_AVG], Load, 23.15
[THREAD_COUNT], Operations, 9
[THREAD_COUNT], AverageLatency(ns), 53.55555555555556
[THREAD_COUNT], MinLatency(ns), 4
[THREAD_COUNT], MaxLatency(ns), 72
[THREAD_COUNT], 95thPercentileLatency(ns), 72
[THREAD_COUNT], 99thPercentileLatency(ns), 72
[SYS_LOAD_AVG], Operations, 9
[SYS_LOAD_AVG], AverageLatency(ns), 24.444444444444443
[SYS_LOAD_AVG], MinLatency(ns), 23
[SYS_LOAD_AVG], MaxLatency(ns), 26
[SYS_LOAD_AVG], 95thPercentileLatency(ns), 26
[SYS_LOAD_AVG], 99thPercentileLatency(ns), 26
[LOAD], Operations, 40
[LOAD], AverageLatency(ns), 7.2886345728E9
[LOAD], MinLatency(ns), 6221987840
[LOAD], MaxLatency(ns), 7653163007
[LOAD], 95thPercentileLatency(ns), 7637041151
[LOAD], 99thPercentileLatency(ns), 7653163007
[USED_MEM_MB], Operations, 9
[USED_MEM_MB], AverageLatency(ns), 7118.888888888889
[USED_MEM_MB], MinLatency(ns), 102
[USED_MEM_MB], MaxLatency(ns), 9933
[USED_MEM_MB], 95thPercentileLatency(ns), 9933
[USED_MEM_MB], 99thPercentileLatency(ns), 9933
[MAIN_GCs_Count], Operations, 40
[MAIN_GCs_Count], AverageLatency(ns), 154.175
[MAIN_GCs_Count], MinLatency(ns), 152
[MAIN_GCs_Count], MaxLatency(ns), 155
[MAIN_GCs_Count], 95thPercentileLatency(ns), 155
[MAIN_GCs_Count], 99thPercentileLatency(ns), 155
[MAIN_GCs_Time(ms)], Operations, 40
[MAIN_GCs_Time(ms)], AverageLatency(ns), 25983.475
[MAIN_GCs_Time(ms)], MinLatency(ns), 25688
[MAIN_GCs_Time(ms)], MaxLatency(ns), 26095
[MAIN_GCs_Time(ms)], 95thPercentileLatency(ns), 26095
[MAIN_GCs_Time(ms)], 99thPercentileLatency(ns), 26095
[TRANSACTION], Operations, 40
[TRANSACTION], AverageLatency(ns), 6.20568772608E10
[TRANSACTION], MinLatency(ns), 61148495872
[TRANSACTION], MaxLatency(ns), 62504828927
[TRANSACTION], 95thPercentileLatency(ns), 62477565951
[TRANSACTION], 99thPercentileLatency(ns), 62504828927
[GCS_TIME], Operations, 9
[GCS_TIME], AverageLatency(ns), 3126.1111111111113
[GCS_TIME], MinLatency(ns), 0
[GCS_TIME], MaxLatency(ns), 5157
[GCS_TIME], 95thPercentileLatency(ns), 5157
[GCS_TIME], 99thPercentileLatency(ns), 5157
[LOAD_GCs_Time(ms)], Operations, 40
[LOAD_GCs_Time(ms)], AverageLatency(ns), 1903.8
[LOAD_GCs_Time(ms)], MinLatency(ns), 1522
[LOAD_GCs_Time(ms)], MaxLatency(ns), 2011
[LOAD_GCs_Time(ms)], 95thPercentileLatency(ns), 2011
[LOAD_GCs_Time(ms)], 99thPercentileLatency(ns), 2011
[READ], Operations, 30002567
[READ], AverageLatency(ns), 31644.87474081801
[READ], MinLatency(ns), 193
[READ], MaxLatency(ns), 1198317567
[READ], 95thPercentileLatency(ns), 171015
[READ], 99thPercentileLatency(ns), 213987
[READ], Return=OK, 30002567
[INIT], Operations, 40
[INIT], AverageLatency(ns), 6.079193088E8
[INIT], MinLatency(ns), 598007808
[INIT], MaxLatency(ns), 639746047
[INIT], 95thPercentileLatency(ns), 616062975
[INIT], 99thPercentileLatency(ns), 639746047
[GCS], Operations, 9
[GCS], AverageLatency(ns), 20.0
[GCS], MinLatency(ns), 0
[GCS], MaxLatency(ns), 38
[GCS], 95thPercentileLatency(ns), 38
[GCS], 99thPercentileLatency(ns), 38
[LOAD_GCs_Count], Operations, 40
[LOAD_GCs_Count], AverageLatency(ns), 22.35
[LOAD_GCs_Count], MinLatency(ns), 20
[LOAD_GCs_Count], MaxLatency(ns), 23
[LOAD_GCs_Count], 95thPercentileLatency(ns), 23
[LOAD_GCs_Count], 99thPercentileLatency(ns), 23
[CLEANUP], Operations, 40
[CLEANUP], AverageLatency(ns), 1.3843932672E9
[CLEANUP], MinLatency(ns), 937734144
[CLEANUP], MaxLatency(ns), 2261286911
[CLEANUP], 95thPercentileLatency(ns), 2231222271
[CLEANUP], 99thPercentileLatency(ns), 2261286911
[INSERT], Operations, 1000000
[INSERT], AverageLatency(ns), 153580.187205
[INSERT], MinLatency(ns), 1781
[INSERT], MaxLatency(ns), 344258559
[INSERT], 95thPercentileLatency(ns), 107626
[INSERT], 99thPercentileLatency(ns), 783591
[INSERT], Return=OK, 1000000
[UPDATE], Operations, 29997433
[UPDATE], AverageLatency(ns), 42032.860137165735
[UPDATE], MinLatency(ns), 1539
[UPDATE], MaxLatency(ns), 1198383103
[UPDATE], 95thPercentileLatency(ns), 176003
[UPDATE], 99thPercentileLatency(ns), 221293
[UPDATE], Return=OK, 29997433
