/home/anatole/jdk8u/build/linux-x86_64-normal-server-release/jdk/bin/java -Xmx20g -XX:+UseG1GC -classpath /home/anatole/ycsb/conf:/home/anatole/ycsb/core/target/core-0.18.0-SNAPSHOT.jar:/home/anatole/ycsb/core/target/dependency/HdrHistogram-2.1.4.jar:/home/anatole/ycsb/core/target/dependency/guava-18.0.jar:/home/anatole/ycsb/core/target/dependency/htrace-core4-4.1.0-incubating.jar:/home/anatole/ycsb/core/target/dependency/jackson-core-asl-1.9.4.jar:/home/anatole/ycsb/core/target/dependency/jackson-mapper-asl-1.9.4.jar:/home/anatole/ycsb/core/target/dependency/javax.persistence-api-2.2.jar:/home/anatole/ycsb/core/target/dependency/jnvm-1.0-SNAPSHOT.jar:/home/anatole/ycsb/core/target/dependency/pcj-1.0.jar:/home/anatole/ycsb/core/target/dependency/unsafe-helper-1.0.jar:/home/anatole/ycsb/infinispan/src/main/conf:/home/anatole/ycsb/infinispan/target/infinispan-binding-0.18.0-SNAPSHOT.jar:/home/anatole/ycsb/infinispan/target/dependency/caffeine-2.6.2.jar:/home/anatole/ycsb/infinispan/target/dependency/gson-2.8.2.jar:/home/anatole/ycsb/infinispan/target/dependency/guava-18.0.jar:/home/anatole/ycsb/infinispan/target/dependency/infinispan-cachestore-jnvm-1.0-SNAPSHOT.jar:/home/anatole/ycsb/infinispan/target/dependency/infinispan-cachestore-pcj-1.0-SNAPSHOT.jar:/home/anatole/ycsb/infinispan/target/dependency/infinispan-client-hotrod-9.4.20.Final.jar:/home/anatole/ycsb/infinispan/target/dependency/infinispan-commons-9.4.20.Final.jar:/home/anatole/ycsb/infinispan/target/dependency/infinispan-core-9.4.20.Final.jar:/home/anatole/ycsb/infinispan/target/dependency/javax.persistence-api-2.2.jar:/home/anatole/ycsb/infinispan/target/dependency/jboss-logging-3.3.2.Final.jar:/home/anatole/ycsb/infinispan/target/dependency/jboss-marshalling-osgi-2.0.6.Final.jar:/home/anatole/ycsb/infinispan/target/dependency/jboss-transaction-api_1.2_spec-1.1.1.Final.jar:/home/anatole/ycsb/infinispan/target/dependency/jgroups-4.0.21.Final.jar:/home/anatole/ycsb/infinispan/target/dependency/jnvm-1.0-SNAPSHOT.jar:/home/anatole/ycsb/infinispan/target/dependency/metainf-services-1.7.jar:/home/anatole/ycsb/infinispan/target/dependency/netty-buffer-4.1.51.Final.jar:/home/anatole/ycsb/infinispan/target/dependency/netty-codec-4.1.51.Final.jar:/home/anatole/ycsb/infinispan/target/dependency/netty-common-4.1.51.Final.jar:/home/anatole/ycsb/infinispan/target/dependency/netty-handler-4.1.51.Final.jar:/home/anatole/ycsb/infinispan/target/dependency/netty-resolver-4.1.51.Final.jar:/home/anatole/ycsb/infinispan/target/dependency/netty-transport-4.1.51.Final.jar:/home/anatole/ycsb/infinispan/target/dependency/netty-transport-native-epoll-4.1.51.Final-linux-x86_64.jar:/home/anatole/ycsb/infinispan/target/dependency/netty-transport-native-unix-common-4.1.51.Final.jar:/home/anatole/ycsb/infinispan/target/dependency/pcj-1.0.jar:/home/anatole/ycsb/infinispan/target/dependency/reactive-streams-1.0.2.jar:/home/anatole/ycsb/infinispan/target/dependency/rxjava-2.2.4.jar:/home/anatole/ycsb/infinispan/target/dependency/unsafe-helper-1.0.jar site.ycsb.Client -t -db site.ycsb.db.InfinispanClient -P ../workloads/workloadc -preload -s -threads 4 -p dataintegrity=true -p offheap=false -p pcj=false -p recordcount=1000000 -p operationcount=12000000 -p fieldcount=10 -p fieldlength=100 -p requestdistribution=zipfian -p measurement.trackjvm=true -p measurementtype=hdrhistogram -p hdrhistogram.output.path=./out/exp5.concurrent.ref/log/infinispan.run.workloadc.true.1000000.1000000.10.100.zipfian.4.true..default.default.none.r5.hdr.log
[OVERALL], RunTime(ms), 14907
[OVERALL], Throughput(ops/sec), 872073.5225062051
[TOTAL_GCS_G1_Young_Generation], Count, 29
[TOTAL_GC_TIME_G1_Young_Generation], Time(ms), 2345
[TOTAL_GC_TIME_%_G1_Young_Generation], Time(%), 15.730864694438853
[TOTAL_GCS_G1_Old_Generation], Count, 0
[TOTAL_GC_TIME_G1_Old_Generation], Time(ms), 0
[TOTAL_GC_TIME_%_G1_Old_Generation], Time(%), 0.0
[TOTAL_GCs], Count, 29
[TOTAL_GC_TIME], Time(ms), 2345
[TOTAL_GC_TIME_%], Time(%), 15.730864694438853
[MAX_MEM_USED], MBs, 5618
[MIN_MEM_USED], MBs, 56
[MAX_THREADS], Count, 10
[MIN_THREADS], Count, 4
[MAX_SYS_LOAD_AVG], Load, 7.88
[MIN_SYS_LOAD_AVG], Load, 6.79
[THREAD_COUNT], Operations, 3
[THREAD_COUNT], AverageLatency(ns), 6.666666666666667
[THREAD_COUNT], MinLatency(ns), 4
[THREAD_COUNT], MaxLatency(ns), 10
[THREAD_COUNT], 95thPercentileLatency(ns), 10
[THREAD_COUNT], 99thPercentileLatency(ns), 10
[SYS_LOAD_AVG], Operations, 3
[SYS_LOAD_AVG], AverageLatency(ns), 6.666666666666667
[SYS_LOAD_AVG], MinLatency(ns), 6
[SYS_LOAD_AVG], MaxLatency(ns), 7
[SYS_LOAD_AVG], 95thPercentileLatency(ns), 7
[SYS_LOAD_AVG], 99thPercentileLatency(ns), 7
[LOAD], Operations, 4
[LOAD], AverageLatency(ns), 6.525517824E9
[LOAD], MinLatency(ns), 6468599808
[LOAD], MaxLatency(ns), 6629490687
[LOAD], 95thPercentileLatency(ns), 6629490687
[LOAD], 99thPercentileLatency(ns), 6629490687
[USED_MEM_MB], Operations, 3
[USED_MEM_MB], AverageLatency(ns), 3761.3333333333335
[USED_MEM_MB], MinLatency(ns), 56
[USED_MEM_MB], MaxLatency(ns), 5618
[USED_MEM_MB], 95thPercentileLatency(ns), 5618
[USED_MEM_MB], 99thPercentileLatency(ns), 5618
[MAIN_GCs_Count], Operations, 4
[MAIN_GCs_Count], AverageLatency(ns), 3.0
[MAIN_GCs_Count], MinLatency(ns), 3
[MAIN_GCs_Count], MaxLatency(ns), 3
[MAIN_GCs_Count], 95thPercentileLatency(ns), 3
[MAIN_GCs_Count], 99thPercentileLatency(ns), 3
[MAIN_GCs_Time(ms)], Operations, 4
[MAIN_GCs_Time(ms)], AverageLatency(ns), 205.0
[MAIN_GCs_Time(ms)], MinLatency(ns), 205
[MAIN_GCs_Time(ms)], MaxLatency(ns), 205
[MAIN_GCs_Time(ms)], 95thPercentileLatency(ns), 205
[MAIN_GCs_Time(ms)], 99thPercentileLatency(ns), 205
[TRANSACTION], Operations, 4
[TRANSACTION], AverageLatency(ns), 6.52652544E9
[TRANSACTION], MinLatency(ns), 5936381952
[TRANSACTION], MaxLatency(ns), 7057768447
[TRANSACTION], 95thPercentileLatency(ns), 7057768447
[TRANSACTION], 99thPercentileLatency(ns), 7057768447
[GCS_TIME], Operations, 3
[GCS_TIME], AverageLatency(ns), 781.6666666666666
[GCS_TIME], MinLatency(ns), 0
[GCS_TIME], MaxLatency(ns), 2286
[GCS_TIME], 95thPercentileLatency(ns), 2286
[GCS_TIME], 99thPercentileLatency(ns), 2286
[LOAD_GCs_Time(ms)], Operations, 4
[LOAD_GCs_Time(ms)], AverageLatency(ns), 2122.0
[LOAD_GCs_Time(ms)], MinLatency(ns), 2122
[LOAD_GCs_Time(ms)], MaxLatency(ns), 2122
[LOAD_GCs_Time(ms)], 95thPercentileLatency(ns), 2122
[LOAD_GCs_Time(ms)], 99thPercentileLatency(ns), 2122
[READ], Operations, 12000000
[READ], AverageLatency(ns), 967.8663496666667
[READ], MinLatency(ns), 190
[READ], MaxLatency(ns), 59726079
[READ], 95thPercentileLatency(ns), 1178
[READ], 99thPercentileLatency(ns), 15174
[READ], Return=OK, 12000000
[INIT], Operations, 4
[INIT], AverageLatency(ns), 6.39458304E8
[INIT], MinLatency(ns), 639045632
[INIT], MaxLatency(ns), 639856639
[INIT], 95thPercentileLatency(ns), 639856639
[INIT], 99thPercentileLatency(ns), 639856639
[GCS], Operations, 3
[GCS], AverageLatency(ns), 9.666666666666666
[GCS], MinLatency(ns), 0
[GCS], MaxLatency(ns), 28
[GCS], 95thPercentileLatency(ns), 28
[GCS], 99thPercentileLatency(ns), 28
[LOAD_GCs_Count], Operations, 4
[LOAD_GCs_Count], AverageLatency(ns), 25.0
[LOAD_GCs_Count], MinLatency(ns), 25
[LOAD_GCs_Count], MaxLatency(ns), 25
[LOAD_GCs_Count], 95thPercentileLatency(ns), 25
[LOAD_GCs_Count], 99thPercentileLatency(ns), 25
[CLEANUP], Operations, 4
[CLEANUP], AverageLatency(ns), 1.026351616E9
[CLEANUP], MinLatency(ns), 499595264
[CLEANUP], MaxLatency(ns), 1603108863
[CLEANUP], 95thPercentileLatency(ns), 1603108863
[CLEANUP], 99thPercentileLatency(ns), 1603108863
[INSERT], Operations, 1000000
[INSERT], AverageLatency(ns), 10281.184204
[INSERT], MinLatency(ns), 1791
[INSERT], MaxLatency(ns), 171492351
[INSERT], 95thPercentileLatency(ns), 6791
[INSERT], 99thPercentileLatency(ns), 27681
[INSERT], Return=OK, 1000000
