/home/anatole/jdk8u/build/linux-x86_64-normal-server-release/jdk/bin/java -Xmx20g -XX:+UseG1GC -classpath /home/anatole/ycsb/conf:/home/anatole/ycsb/core/target/core-0.18.0-SNAPSHOT.jar:/home/anatole/ycsb/core/target/dependency/HdrHistogram-2.1.4.jar:/home/anatole/ycsb/core/target/dependency/guava-18.0.jar:/home/anatole/ycsb/core/target/dependency/htrace-core4-4.1.0-incubating.jar:/home/anatole/ycsb/core/target/dependency/jackson-core-asl-1.9.4.jar:/home/anatole/ycsb/core/target/dependency/jackson-mapper-asl-1.9.4.jar:/home/anatole/ycsb/core/target/dependency/javax.persistence-api-2.2.jar:/home/anatole/ycsb/core/target/dependency/jnvm-1.0-SNAPSHOT.jar:/home/anatole/ycsb/core/target/dependency/pcj-1.0.jar:/home/anatole/ycsb/core/target/dependency/unsafe-helper-1.0.jar:/home/anatole/ycsb/infinispan/src/main/conf:/home/anatole/ycsb/infinispan/target/infinispan-binding-0.18.0-SNAPSHOT.jar:/home/anatole/ycsb/infinispan/target/dependency/caffeine-2.6.2.jar:/home/anatole/ycsb/infinispan/target/dependency/gson-2.8.2.jar:/home/anatole/ycsb/infinispan/target/dependency/guava-18.0.jar:/home/anatole/ycsb/infinispan/target/dependency/infinispan-cachestore-jnvm-1.0-SNAPSHOT.jar:/home/anatole/ycsb/infinispan/target/dependency/infinispan-cachestore-pcj-1.0-SNAPSHOT.jar:/home/anatole/ycsb/infinispan/target/dependency/infinispan-client-hotrod-9.4.20.Final.jar:/home/anatole/ycsb/infinispan/target/dependency/infinispan-commons-9.4.20.Final.jar:/home/anatole/ycsb/infinispan/target/dependency/infinispan-core-9.4.20.Final.jar:/home/anatole/ycsb/infinispan/target/dependency/javax.persistence-api-2.2.jar:/home/anatole/ycsb/infinispan/target/dependency/jboss-logging-3.3.2.Final.jar:/home/anatole/ycsb/infinispan/target/dependency/jboss-marshalling-osgi-2.0.6.Final.jar:/home/anatole/ycsb/infinispan/target/dependency/jboss-transaction-api_1.2_spec-1.1.1.Final.jar:/home/anatole/ycsb/infinispan/target/dependency/jgroups-4.0.21.Final.jar:/home/anatole/ycsb/infinispan/target/dependency/jnvm-1.0-SNAPSHOT.jar:/home/anatole/ycsb/infinispan/target/dependency/metainf-services-1.7.jar:/home/anatole/ycsb/infinispan/target/dependency/netty-buffer-4.1.51.Final.jar:/home/anatole/ycsb/infinispan/target/dependency/netty-codec-4.1.51.Final.jar:/home/anatole/ycsb/infinispan/target/dependency/netty-common-4.1.51.Final.jar:/home/anatole/ycsb/infinispan/target/dependency/netty-handler-4.1.51.Final.jar:/home/anatole/ycsb/infinispan/target/dependency/netty-resolver-4.1.51.Final.jar:/home/anatole/ycsb/infinispan/target/dependency/netty-transport-4.1.51.Final.jar:/home/anatole/ycsb/infinispan/target/dependency/netty-transport-native-epoll-4.1.51.Final-linux-x86_64.jar:/home/anatole/ycsb/infinispan/target/dependency/netty-transport-native-unix-common-4.1.51.Final.jar:/home/anatole/ycsb/infinispan/target/dependency/pcj-1.0.jar:/home/anatole/ycsb/infinispan/target/dependency/reactive-streams-1.0.2.jar:/home/anatole/ycsb/infinispan/target/dependency/rxjava-2.2.4.jar:/home/anatole/ycsb/infinispan/target/dependency/unsafe-helper-1.0.jar site.ycsb.Client -t -db site.ycsb.db.InfinispanJNVMClient -P ../workloads/workloada -preload -s -threads 24 -p dataintegrity=true -p offheap=true -p pcj=false -p recordcount=1000000 -p operationcount=60000000 -p fieldcount=10 -p fieldlength=100 -p requestdistribution=zipfian -p measurement.trackjvm=true -p measurementtype=hdrhistogram -p hdrhistogram.output.path=./out/exp5.concurrent.ref/log/infinispan-jnvm.run.workloada.true.1000000.1.10.100.zipfian.24.false..default.default.none.r4.hdr.log
[OVERALL], RunTime(ms), 91073
[OVERALL], Throughput(ops/sec), 669792.3643670462
[TOTAL_GCS_G1_Young_Generation], Count, 171
[TOTAL_GC_TIME_G1_Young_Generation], Time(ms), 26496
[TOTAL_GC_TIME_%_G1_Young_Generation], Time(%), 29.093145059457797
[TOTAL_GCS_G1_Old_Generation], Count, 0
[TOTAL_GC_TIME_G1_Old_Generation], Time(ms), 0
[TOTAL_GC_TIME_%_G1_Old_Generation], Time(%), 0.0
[TOTAL_GCs], Count, 171
[TOTAL_GC_TIME], Time(ms), 26496
[TOTAL_GC_TIME_%], Time(%), 29.093145059457797
[MAX_MEM_USED], MBs, 7366
[MIN_MEM_USED], MBs, 82
[MAX_THREADS], Count, 30
[MIN_THREADS], Count, 3
[MAX_SYS_LOAD_AVG], Load, 19.39
[MIN_SYS_LOAD_AVG], Load, 14.94
[THREAD_COUNT], Operations, 11
[THREAD_COUNT], AverageLatency(ns), 24.636363636363637
[THREAD_COUNT], MinLatency(ns), 3
[THREAD_COUNT], MaxLatency(ns), 30
[THREAD_COUNT], 95thPercentileLatency(ns), 30
[THREAD_COUNT], 99thPercentileLatency(ns), 30
[SYS_LOAD_AVG], Operations, 11
[SYS_LOAD_AVG], AverageLatency(ns), 17.545454545454547
[SYS_LOAD_AVG], MinLatency(ns), 14
[SYS_LOAD_AVG], MaxLatency(ns), 19
[SYS_LOAD_AVG], 95thPercentileLatency(ns), 19
[SYS_LOAD_AVG], 99thPercentileLatency(ns), 19
[LOAD], Operations, 24
[LOAD], AverageLatency(ns), 1.6124818773333334E10
[LOAD], MinLatency(ns), 15777464320
[LOAD], MaxLatency(ns), 16319381503
[LOAD], 95thPercentileLatency(ns), 16261513215
[LOAD], 99thPercentileLatency(ns), 16319381503
[USED_MEM_MB], Operations, 11
[USED_MEM_MB], AverageLatency(ns), 5024.363636363636
[USED_MEM_MB], MinLatency(ns), 82
[USED_MEM_MB], MaxLatency(ns), 7366
[USED_MEM_MB], 95thPercentileLatency(ns), 7366
[USED_MEM_MB], 99thPercentileLatency(ns), 7366
[MAIN_GCs_Count], Operations, 24
[MAIN_GCs_Count], AverageLatency(ns), 145.91666666666666
[MAIN_GCs_Count], MinLatency(ns), 145
[MAIN_GCs_Count], MaxLatency(ns), 146
[MAIN_GCs_Count], 95thPercentileLatency(ns), 146
[MAIN_GCs_Count], 99thPercentileLatency(ns), 146
[MAIN_GCs_Time(ms)], Operations, 24
[MAIN_GCs_Time(ms)], AverageLatency(ns), 24572.75
[MAIN_GCs_Time(ms)], MinLatency(ns), 24405
[MAIN_GCs_Time(ms)], MaxLatency(ns), 24588
[MAIN_GCs_Time(ms)], 95thPercentileLatency(ns), 24588
[MAIN_GCs_Time(ms)], 99thPercentileLatency(ns), 24588
[TRANSACTION], Operations, 24
[TRANSACTION], AverageLatency(ns), 7.283030971733333E10
[TRANSACTION], MinLatency(ns), 72288829440
[TRANSACTION], MaxLatency(ns), 72965685247
[TRANSACTION], 95thPercentileLatency(ns), 72956772351
[TRANSACTION], 99thPercentileLatency(ns), 72965685247
[GCS_TIME], Operations, 11
[GCS_TIME], AverageLatency(ns), 2408.7272727272725
[GCS_TIME], MinLatency(ns), 0
[GCS_TIME], MaxLatency(ns), 3599
[GCS_TIME], 95thPercentileLatency(ns), 3483
[GCS_TIME], 99thPercentileLatency(ns), 3599
[LOAD_GCs_Time(ms)], Operations, 24
[LOAD_GCs_Time(ms)], AverageLatency(ns), 1876.0
[LOAD_GCs_Time(ms)], MinLatency(ns), 1876
[LOAD_GCs_Time(ms)], MaxLatency(ns), 1876
[LOAD_GCs_Time(ms)], 95thPercentileLatency(ns), 1876
[LOAD_GCs_Time(ms)], 99thPercentileLatency(ns), 1876
[READ], Operations, 29993052
[READ], AverageLatency(ns), 20144.467266285537
[READ], MinLatency(ns), 227
[READ], MaxLatency(ns), 226113535
[READ], 95thPercentileLatency(ns), 83943
[READ], 99thPercentileLatency(ns), 103724
[READ], Return=OK, 29993052
[INIT], Operations, 24
[INIT], AverageLatency(ns), 1.620808704E9
[INIT], MinLatency(ns), 1616543744
[INIT], MaxLatency(ns), 1625980927
[INIT], 95thPercentileLatency(ns), 1625358335
[INIT], 99thPercentileLatency(ns), 1625980927
[GCS], Operations, 11
[GCS], AverageLatency(ns), 15.545454545454545
[GCS], MinLatency(ns), 0
[GCS], MaxLatency(ns), 21
[GCS], 95thPercentileLatency(ns), 20
[GCS], 99thPercentileLatency(ns), 21
[LOAD_GCs_Count], Operations, 24
[LOAD_GCs_Count], AverageLatency(ns), 23.0
[LOAD_GCs_Count], MinLatency(ns), 23
[LOAD_GCs_Count], MaxLatency(ns), 23
[LOAD_GCs_Count], 95thPercentileLatency(ns), 23
[LOAD_GCs_Count], 99thPercentileLatency(ns), 23
[CLEANUP], Operations, 24
[CLEANUP], AverageLatency(ns), 1.4079560733333334E8
[CLEANUP], MinLatency(ns), 6215744
[CLEANUP], MaxLatency(ns), 665415679
[CLEANUP], 95thPercentileLatency(ns), 550756351
[CLEANUP], 99thPercentileLatency(ns), 665415679
[INSERT], Operations, 1000000
[INSERT], AverageLatency(ns), 146546.78854
[INSERT], MinLatency(ns), 5020
[INSERT], MaxLatency(ns), 193720319
[INSERT], 95thPercentileLatency(ns), 120348
[INSERT], 99thPercentileLatency(ns), 3471407
[INSERT], Return=OK, 1000000
[UPDATE], Operations, 30006948
[UPDATE], AverageLatency(ns), 24229.243709290262
[UPDATE], MinLatency(ns), 387
[UPDATE], MaxLatency(ns), 226121727
[UPDATE], 95thPercentileLatency(ns), 86490
[UPDATE], 99thPercentileLatency(ns), 105909
[UPDATE], Return=OK, 30006948
