/home/anatole/jdk8u/build/linux-x86_64-normal-server-release/jdk/bin/java -Xmx20g -XX:+UseG1GC -classpath /home/anatole/ycsb/conf:/home/anatole/ycsb/core/target/core-0.18.0-SNAPSHOT.jar:/home/anatole/ycsb/core/target/dependency/HdrHistogram-2.1.4.jar:/home/anatole/ycsb/core/target/dependency/guava-18.0.jar:/home/anatole/ycsb/core/target/dependency/htrace-core4-4.1.0-incubating.jar:/home/anatole/ycsb/core/target/dependency/jackson-core-asl-1.9.4.jar:/home/anatole/ycsb/core/target/dependency/jackson-mapper-asl-1.9.4.jar:/home/anatole/ycsb/core/target/dependency/javax.persistence-api-2.2.jar:/home/anatole/ycsb/core/target/dependency/jnvm-1.0-SNAPSHOT.jar:/home/anatole/ycsb/core/target/dependency/pcj-1.0.jar:/home/anatole/ycsb/core/target/dependency/unsafe-helper-1.0.jar:/home/anatole/ycsb/infinispan/src/main/conf:/home/anatole/ycsb/infinispan/target/infinispan-binding-0.18.0-SNAPSHOT.jar:/home/anatole/ycsb/infinispan/target/dependency/caffeine-2.6.2.jar:/home/anatole/ycsb/infinispan/target/dependency/gson-2.8.2.jar:/home/anatole/ycsb/infinispan/target/dependency/guava-18.0.jar:/home/anatole/ycsb/infinispan/target/dependency/infinispan-cachestore-jnvm-1.0-SNAPSHOT.jar:/home/anatole/ycsb/infinispan/target/dependency/infinispan-cachestore-pcj-1.0-SNAPSHOT.jar:/home/anatole/ycsb/infinispan/target/dependency/infinispan-client-hotrod-9.4.20.Final.jar:/home/anatole/ycsb/infinispan/target/dependency/infinispan-commons-9.4.20.Final.jar:/home/anatole/ycsb/infinispan/target/dependency/infinispan-core-9.4.20.Final.jar:/home/anatole/ycsb/infinispan/target/dependency/javax.persistence-api-2.2.jar:/home/anatole/ycsb/infinispan/target/dependency/jboss-logging-3.3.2.Final.jar:/home/anatole/ycsb/infinispan/target/dependency/jboss-marshalling-osgi-2.0.6.Final.jar:/home/anatole/ycsb/infinispan/target/dependency/jboss-transaction-api_1.2_spec-1.1.1.Final.jar:/home/anatole/ycsb/infinispan/target/dependency/jgroups-4.0.21.Final.jar:/home/anatole/ycsb/infinispan/target/dependency/jnvm-1.0-SNAPSHOT.jar:/home/anatole/ycsb/infinispan/target/dependency/metainf-services-1.7.jar:/home/anatole/ycsb/infinispan/target/dependency/netty-buffer-4.1.51.Final.jar:/home/anatole/ycsb/infinispan/target/dependency/netty-codec-4.1.51.Final.jar:/home/anatole/ycsb/infinispan/target/dependency/netty-common-4.1.51.Final.jar:/home/anatole/ycsb/infinispan/target/dependency/netty-handler-4.1.51.Final.jar:/home/anatole/ycsb/infinispan/target/dependency/netty-resolver-4.1.51.Final.jar:/home/anatole/ycsb/infinispan/target/dependency/netty-transport-4.1.51.Final.jar:/home/anatole/ycsb/infinispan/target/dependency/netty-transport-native-epoll-4.1.51.Final-linux-x86_64.jar:/home/anatole/ycsb/infinispan/target/dependency/netty-transport-native-unix-common-4.1.51.Final.jar:/home/anatole/ycsb/infinispan/target/dependency/pcj-1.0.jar:/home/anatole/ycsb/infinispan/target/dependency/reactive-streams-1.0.2.jar:/home/anatole/ycsb/infinispan/target/dependency/rxjava-2.2.4.jar:/home/anatole/ycsb/infinispan/target/dependency/unsafe-helper-1.0.jar site.ycsb.Client -t -db site.ycsb.db.InfinispanClient -P ../workloads/workloada -preload -s -threads 16 -p dataintegrity=true -p offheap=false -p pcj=false -p recordcount=1000000 -p operationcount=48000000 -p fieldcount=10 -p fieldlength=100 -p requestdistribution=zipfian -p measurement.trackjvm=true -p measurementtype=hdrhistogram -p hdrhistogram.output.path=./out/exp5.concurrent.ref/log/infinispan.run.workloada.true.1000000.1000000.10.100.zipfian.16.true..default.default.none.r6.hdr.log
[OVERALL], RunTime(ms), 63654
[OVERALL], Throughput(ops/sec), 769786.6591258994
[TOTAL_GCS_G1_Young_Generation], Count, 151
[TOTAL_GC_TIME_G1_Young_Generation], Time(ms), 24584
[TOTAL_GC_TIME_%_G1_Young_Generation], Time(%), 38.62129638357369
[TOTAL_GCS_G1_Old_Generation], Count, 0
[TOTAL_GC_TIME_G1_Old_Generation], Time(ms), 0
[TOTAL_GC_TIME_%_G1_Old_Generation], Time(%), 0.0
[TOTAL_GCs], Count, 151
[TOTAL_GC_TIME], Time(ms), 24584
[TOTAL_GC_TIME_%], Time(%), 38.62129638357369
[MAX_MEM_USED], MBs, 9464
[MIN_MEM_USED], MBs, 68
[MAX_THREADS], Count, 48
[MIN_THREADS], Count, 4
[MAX_SYS_LOAD_AVG], Load, 21.59
[MIN_SYS_LOAD_AVG], Load, 20.42
[THREAD_COUNT], Operations, 8
[THREAD_COUNT], AverageLatency(ns), 38.75
[THREAD_COUNT], MinLatency(ns), 4
[THREAD_COUNT], MaxLatency(ns), 48
[THREAD_COUNT], 95thPercentileLatency(ns), 48
[THREAD_COUNT], 99thPercentileLatency(ns), 48
[SYS_LOAD_AVG], Operations, 8
[SYS_LOAD_AVG], AverageLatency(ns), 20.625
[SYS_LOAD_AVG], MinLatency(ns), 20
[SYS_LOAD_AVG], MaxLatency(ns), 21
[SYS_LOAD_AVG], 95thPercentileLatency(ns), 21
[SYS_LOAD_AVG], 99thPercentileLatency(ns), 21
[LOAD], Operations, 16
[LOAD], AverageLatency(ns), 5.9363328E9
[LOAD], MinLatency(ns), 5429460992
[LOAD], MaxLatency(ns), 6197739519
[LOAD], 95thPercentileLatency(ns), 6143246335
[LOAD], 99thPercentileLatency(ns), 6197739519
[USED_MEM_MB], Operations, 8
[USED_MEM_MB], AverageLatency(ns), 6401.875
[USED_MEM_MB], MinLatency(ns), 68
[USED_MEM_MB], MaxLatency(ns), 9464
[USED_MEM_MB], 95thPercentileLatency(ns), 9464
[USED_MEM_MB], 99thPercentileLatency(ns), 9464
[MAIN_GCs_Count], Operations, 16
[MAIN_GCs_Count], AverageLatency(ns), 123.9375
[MAIN_GCs_Count], MinLatency(ns), 123
[MAIN_GCs_Count], MaxLatency(ns), 124
[MAIN_GCs_Count], 95thPercentileLatency(ns), 124
[MAIN_GCs_Count], 99thPercentileLatency(ns), 124
[MAIN_GCs_Time(ms)], Operations, 16
[MAIN_GCs_Time(ms)], AverageLatency(ns), 22310.6875
[MAIN_GCs_Time(ms)], MinLatency(ns), 22141
[MAIN_GCs_Time(ms)], MaxLatency(ns), 22322
[MAIN_GCs_Time(ms)], 95thPercentileLatency(ns), 22322
[MAIN_GCs_Time(ms)], 99thPercentileLatency(ns), 22322
[TRANSACTION], Operations, 16
[TRANSACTION], AverageLatency(ns), 5.5929667584E10
[TRANSACTION], MinLatency(ns), 55537565696
[TRANSACTION], MaxLatency(ns), 56074174463
[TRANSACTION], 95thPercentileLatency(ns), 56045600767
[TRANSACTION], 99thPercentileLatency(ns), 56074174463
[GCS_TIME], Operations, 8
[GCS_TIME], AverageLatency(ns), 3073.0
[GCS_TIME], MinLatency(ns), 0
[GCS_TIME], MaxLatency(ns), 4966
[GCS_TIME], 95thPercentileLatency(ns), 4966
[GCS_TIME], 99thPercentileLatency(ns), 4966
[LOAD_GCs_Time(ms)], Operations, 16
[LOAD_GCs_Time(ms)], AverageLatency(ns), 1991.75
[LOAD_GCs_Time(ms)], MinLatency(ns), 1756
[LOAD_GCs_Time(ms)], MaxLatency(ns), 2096
[LOAD_GCs_Time(ms)], 95thPercentileLatency(ns), 2096
[LOAD_GCs_Time(ms)], 99thPercentileLatency(ns), 2096
[READ], Operations, 24001057
[READ], AverageLatency(ns), 11413.621897277275
[READ], MinLatency(ns), 219
[READ], MaxLatency(ns), 1253638143
[READ], 95thPercentileLatency(ns), 43302
[READ], 99thPercentileLatency(ns), 55840
[READ], Return=OK, 24001057
[INIT], Operations, 16
[INIT], AverageLatency(ns), 6.52053248E8
[INIT], MinLatency(ns), 648888320
[INIT], MaxLatency(ns), 655581183
[INIT], 95thPercentileLatency(ns), 655503359
[INIT], 99thPercentileLatency(ns), 655581183
[GCS], Operations, 8
[GCS], AverageLatency(ns), 18.875
[GCS], MinLatency(ns), 0
[GCS], MaxLatency(ns), 38
[GCS], 95thPercentileLatency(ns), 38
[GCS], 99thPercentileLatency(ns), 38
[LOAD_GCs_Count], Operations, 16
[LOAD_GCs_Count], AverageLatency(ns), 24.375
[LOAD_GCs_Count], MinLatency(ns), 23
[LOAD_GCs_Count], MaxLatency(ns), 25
[LOAD_GCs_Count], 95thPercentileLatency(ns), 25
[LOAD_GCs_Count], 99thPercentileLatency(ns), 25
[CLEANUP], Operations, 16
[CLEANUP], AverageLatency(ns), 7.795232E8
[CLEANUP], MinLatency(ns), 636432384
[CLEANUP], MaxLatency(ns), 1155342335
[CLEANUP], 95thPercentileLatency(ns), 864505855
[CLEANUP], 99thPercentileLatency(ns), 1155342335
[INSERT], Operations, 1000000
[INSERT], AverageLatency(ns), 43960.05759
[INSERT], MinLatency(ns), 1778
[INSERT], MaxLatency(ns), 281114623
[INSERT], 95thPercentileLatency(ns), 31986
[INSERT], 99thPercentileLatency(ns), 87695
[INSERT], Return=OK, 1000000
[UPDATE], Operations, 23998943
[UPDATE], AverageLatency(ns), 19005.08373506283
[UPDATE], MinLatency(ns), 1446
[UPDATE], MaxLatency(ns), 1253654527
[UPDATE], 95thPercentileLatency(ns), 48042
[UPDATE], 99thPercentileLatency(ns), 63002
[UPDATE], Return=OK, 23998943
