/home/anatole/jdk8u/build/linux-x86_64-normal-server-release/jdk/bin/java -Xmx20g -XX:+UseG1GC -classpath /home/anatole/ycsb/conf:/home/anatole/ycsb/core/target/core-0.18.0-SNAPSHOT.jar:/home/anatole/ycsb/core/target/dependency/HdrHistogram-2.1.4.jar:/home/anatole/ycsb/core/target/dependency/guava-18.0.jar:/home/anatole/ycsb/core/target/dependency/htrace-core4-4.1.0-incubating.jar:/home/anatole/ycsb/core/target/dependency/jackson-core-asl-1.9.4.jar:/home/anatole/ycsb/core/target/dependency/jackson-mapper-asl-1.9.4.jar:/home/anatole/ycsb/core/target/dependency/javax.persistence-api-2.2.jar:/home/anatole/ycsb/core/target/dependency/jnvm-1.0-SNAPSHOT.jar:/home/anatole/ycsb/core/target/dependency/pcj-1.0.jar:/home/anatole/ycsb/core/target/dependency/unsafe-helper-1.0.jar:/home/anatole/ycsb/infinispan/src/main/conf:/home/anatole/ycsb/infinispan/target/infinispan-binding-0.18.0-SNAPSHOT.jar:/home/anatole/ycsb/infinispan/target/dependency/caffeine-2.6.2.jar:/home/anatole/ycsb/infinispan/target/dependency/gson-2.8.2.jar:/home/anatole/ycsb/infinispan/target/dependency/guava-18.0.jar:/home/anatole/ycsb/infinispan/target/dependency/infinispan-cachestore-jnvm-1.0-SNAPSHOT.jar:/home/anatole/ycsb/infinispan/target/dependency/infinispan-cachestore-pcj-1.0-SNAPSHOT.jar:/home/anatole/ycsb/infinispan/target/dependency/infinispan-client-hotrod-9.4.20.Final.jar:/home/anatole/ycsb/infinispan/target/dependency/infinispan-commons-9.4.20.Final.jar:/home/anatole/ycsb/infinispan/target/dependency/infinispan-core-9.4.20.Final.jar:/home/anatole/ycsb/infinispan/target/dependency/javax.persistence-api-2.2.jar:/home/anatole/ycsb/infinispan/target/dependency/jboss-logging-3.3.2.Final.jar:/home/anatole/ycsb/infinispan/target/dependency/jboss-marshalling-osgi-2.0.6.Final.jar:/home/anatole/ycsb/infinispan/target/dependency/jboss-transaction-api_1.2_spec-1.1.1.Final.jar:/home/anatole/ycsb/infinispan/target/dependency/jgroups-4.0.21.Final.jar:/home/anatole/ycsb/infinispan/target/dependency/jnvm-1.0-SNAPSHOT.jar:/home/anatole/ycsb/infinispan/target/dependency/metainf-services-1.7.jar:/home/anatole/ycsb/infinispan/target/dependency/netty-buffer-4.1.51.Final.jar:/home/anatole/ycsb/infinispan/target/dependency/netty-codec-4.1.51.Final.jar:/home/anatole/ycsb/infinispan/target/dependency/netty-common-4.1.51.Final.jar:/home/anatole/ycsb/infinispan/target/dependency/netty-handler-4.1.51.Final.jar:/home/anatole/ycsb/infinispan/target/dependency/netty-resolver-4.1.51.Final.jar:/home/anatole/ycsb/infinispan/target/dependency/netty-transport-4.1.51.Final.jar:/home/anatole/ycsb/infinispan/target/dependency/netty-transport-native-epoll-4.1.51.Final-linux-x86_64.jar:/home/anatole/ycsb/infinispan/target/dependency/netty-transport-native-unix-common-4.1.51.Final.jar:/home/anatole/ycsb/infinispan/target/dependency/pcj-1.0.jar:/home/anatole/ycsb/infinispan/target/dependency/reactive-streams-1.0.2.jar:/home/anatole/ycsb/infinispan/target/dependency/rxjava-2.2.4.jar:/home/anatole/ycsb/infinispan/target/dependency/unsafe-helper-1.0.jar site.ycsb.Client -t -db site.ycsb.db.InfinispanJNVMClient -P ../workloads/workloada -preload -s -threads 36 -p dataintegrity=true -p offheap=true -p pcj=false -p recordcount=1000000 -p operationcount=60000000 -p fieldcount=10 -p fieldlength=100 -p requestdistribution=zipfian -p measurement.trackjvm=true -p measurementtype=hdrhistogram -p hdrhistogram.output.path=./out/exp5.concurrent.ref/log/infinispan-jnvm.run.workloada.true.1000000.1.10.100.zipfian.36.false..default.default.none.r1.hdr.log
[OVERALL], RunTime(ms), 124965
[OVERALL], Throughput(ops/sec), 488136.6782699156
[TOTAL_GCS_G1_Young_Generation], Count, 182
[TOTAL_GC_TIME_G1_Young_Generation], Time(ms), 33233
[TOTAL_GC_TIME_%_G1_Young_Generation], Time(%), 26.59384627695755
[TOTAL_GCS_G1_Old_Generation], Count, 0
[TOTAL_GC_TIME_G1_Old_Generation], Time(ms), 0
[TOTAL_GC_TIME_%_G1_Old_Generation], Time(%), 0.0
[TOTAL_GCs], Count, 182
[TOTAL_GC_TIME], Time(ms), 33233
[TOTAL_GC_TIME_%], Time(%), 26.59384627695755
[MAX_MEM_USED], MBs, 7874
[MIN_MEM_USED], MBs, 98
[MAX_THREADS], Count, 42
[MIN_THREADS], Count, 3
[MAX_SYS_LOAD_AVG], Load, 20.7
[MIN_SYS_LOAD_AVG], Load, 7.92
[THREAD_COUNT], Operations, 14
[THREAD_COUNT], AverageLatency(ns), 38.57142857142857
[THREAD_COUNT], MinLatency(ns), 3
[THREAD_COUNT], MaxLatency(ns), 42
[THREAD_COUNT], 95thPercentileLatency(ns), 42
[THREAD_COUNT], 99thPercentileLatency(ns), 42
[SYS_LOAD_AVG], Operations, 14
[SYS_LOAD_AVG], AverageLatency(ns), 17.642857142857142
[SYS_LOAD_AVG], MinLatency(ns), 7
[SYS_LOAD_AVG], MaxLatency(ns), 20
[SYS_LOAD_AVG], 95thPercentileLatency(ns), 20
[SYS_LOAD_AVG], 99thPercentileLatency(ns), 20
[LOAD], Operations, 36
[LOAD], AverageLatency(ns), 1.7246052352E10
[LOAD], MinLatency(ns), 16847077376
[LOAD], MaxLatency(ns), 17350000639
[LOAD], 95thPercentileLatency(ns), 17340301311
[LOAD], 99thPercentileLatency(ns), 17350000639
[USED_MEM_MB], Operations, 14
[USED_MEM_MB], AverageLatency(ns), 4877.0
[USED_MEM_MB], MinLatency(ns), 98
[USED_MEM_MB], MaxLatency(ns), 7874
[USED_MEM_MB], 95thPercentileLatency(ns), 6964
[USED_MEM_MB], 99thPercentileLatency(ns), 7874
[MAIN_GCs_Count], Operations, 36
[MAIN_GCs_Count], AverageLatency(ns), 157.97222222222223
[MAIN_GCs_Count], MinLatency(ns), 157
[MAIN_GCs_Count], MaxLatency(ns), 158
[MAIN_GCs_Count], 95thPercentileLatency(ns), 158
[MAIN_GCs_Count], 99thPercentileLatency(ns), 158
[MAIN_GCs_Time(ms)], Operations, 36
[MAIN_GCs_Time(ms)], AverageLatency(ns), 31421.88888888889
[MAIN_GCs_Time(ms)], MinLatency(ns), 31208
[MAIN_GCs_Time(ms)], MaxLatency(ns), 31428
[MAIN_GCs_Time(ms)], 95thPercentileLatency(ns), 31428
[MAIN_GCs_Time(ms)], 99thPercentileLatency(ns), 31428
[TRANSACTION], Operations, 36
[TRANSACTION], AverageLatency(ns), 1.0565376045511111E11
[TRANSACTION], MinLatency(ns), 105118171136
[TRANSACTION], MaxLatency(ns), 105784016895
[TRANSACTION], 95thPercentileLatency(ns), 105754132479
[TRANSACTION], 99thPercentileLatency(ns), 105784016895
[GCS_TIME], Operations, 14
[GCS_TIME], AverageLatency(ns), 2373.785714285714
[GCS_TIME], MinLatency(ns), 0
[GCS_TIME], MaxLatency(ns), 3063
[GCS_TIME], 95thPercentileLatency(ns), 3044
[GCS_TIME], 99thPercentileLatency(ns), 3063
[LOAD_GCs_Time(ms)], Operations, 36
[LOAD_GCs_Time(ms)], AverageLatency(ns), 1775.0
[LOAD_GCs_Time(ms)], MinLatency(ns), 1775
[LOAD_GCs_Time(ms)], MaxLatency(ns), 1775
[LOAD_GCs_Time(ms)], 95thPercentileLatency(ns), 1775
[LOAD_GCs_Time(ms)], 99thPercentileLatency(ns), 1775
[READ], Operations, 30001563
[READ], AverageLatency(ns), 49264.298413152675
[READ], MinLatency(ns), 357
[READ], MaxLatency(ns), 258951167
[READ], 95thPercentileLatency(ns), 251845
[READ], 99thPercentileLatency(ns), 308245
[READ], Return=OK, 30001563
[INIT], Operations, 36
[INIT], AverageLatency(ns), 1.5883798755555556E9
[INIT], MinLatency(ns), 1580032000
[INIT], MaxLatency(ns), 1618567167
[INIT], 95thPercentileLatency(ns), 1596030975
[INIT], 99thPercentileLatency(ns), 1618567167
[GCS], Operations, 14
[GCS], AverageLatency(ns), 13.0
[GCS], MinLatency(ns), 0
[GCS], MaxLatency(ns), 19
[GCS], 95thPercentileLatency(ns), 15
[GCS], 99thPercentileLatency(ns), 19
[LOAD_GCs_Count], Operations, 36
[LOAD_GCs_Count], AverageLatency(ns), 22.0
[LOAD_GCs_Count], MinLatency(ns), 22
[LOAD_GCs_Count], MaxLatency(ns), 22
[LOAD_GCs_Count], 95thPercentileLatency(ns), 22
[LOAD_GCs_Count], 99thPercentileLatency(ns), 22
[CLEANUP], Operations, 36
[CLEANUP], AverageLatency(ns), 1.382560168888889E8
[CLEANUP], MinLatency(ns), 8476032
[CLEANUP], MaxLatency(ns), 652046335
[CLEANUP], 95thPercentileLatency(ns), 251359231
[CLEANUP], 99thPercentileLatency(ns), 652046335
[INSERT], Operations, 1000000
[INSERT], AverageLatency(ns), 255920.783507
[INSERT], MinLatency(ns), 5227
[INSERT], MaxLatency(ns), 182514687
[INSERT], 95thPercentileLatency(ns), 375677
[INSERT], 99thPercentileLatency(ns), 4343455
[INSERT], Return=OK, 1000000
[UPDATE], Operations, 29998437
[UPDATE], AverageLatency(ns), 54755.88017949068
[UPDATE], MinLatency(ns), 526
[UPDATE], MaxLatency(ns), 258947071
[UPDATE], 95thPercentileLatency(ns), 255876
[UPDATE], 99thPercentileLatency(ns), 310231
[UPDATE], Return=OK, 29998437
