/home/anatole/jdk8u/build/linux-x86_64-normal-server-release/jdk/bin/java -Xmx20g -XX:+UseG1GC -classpath /home/anatole/ycsb/conf:/home/anatole/ycsb/core/target/core-0.18.0-SNAPSHOT.jar:/home/anatole/ycsb/core/target/dependency/HdrHistogram-2.1.4.jar:/home/anatole/ycsb/core/target/dependency/guava-18.0.jar:/home/anatole/ycsb/core/target/dependency/htrace-core4-4.1.0-incubating.jar:/home/anatole/ycsb/core/target/dependency/jackson-core-asl-1.9.4.jar:/home/anatole/ycsb/core/target/dependency/jackson-mapper-asl-1.9.4.jar:/home/anatole/ycsb/core/target/dependency/javax.persistence-api-2.2.jar:/home/anatole/ycsb/core/target/dependency/jnvm-1.0-SNAPSHOT.jar:/home/anatole/ycsb/core/target/dependency/pcj-1.0.jar:/home/anatole/ycsb/core/target/dependency/unsafe-helper-1.0.jar:/home/anatole/ycsb/infinispan/src/main/conf:/home/anatole/ycsb/infinispan/target/infinispan-binding-0.18.0-SNAPSHOT.jar:/home/anatole/ycsb/infinispan/target/dependency/caffeine-2.6.2.jar:/home/anatole/ycsb/infinispan/target/dependency/gson-2.8.2.jar:/home/anatole/ycsb/infinispan/target/dependency/guava-18.0.jar:/home/anatole/ycsb/infinispan/target/dependency/infinispan-cachestore-jnvm-1.0-SNAPSHOT.jar:/home/anatole/ycsb/infinispan/target/dependency/infinispan-cachestore-pcj-1.0-SNAPSHOT.jar:/home/anatole/ycsb/infinispan/target/dependency/infinispan-client-hotrod-9.4.20.Final.jar:/home/anatole/ycsb/infinispan/target/dependency/infinispan-commons-9.4.20.Final.jar:/home/anatole/ycsb/infinispan/target/dependency/infinispan-core-9.4.20.Final.jar:/home/anatole/ycsb/infinispan/target/dependency/javax.persistence-api-2.2.jar:/home/anatole/ycsb/infinispan/target/dependency/jboss-logging-3.3.2.Final.jar:/home/anatole/ycsb/infinispan/target/dependency/jboss-marshalling-osgi-2.0.6.Final.jar:/home/anatole/ycsb/infinispan/target/dependency/jboss-transaction-api_1.2_spec-1.1.1.Final.jar:/home/anatole/ycsb/infinispan/target/dependency/jgroups-4.0.21.Final.jar:/home/anatole/ycsb/infinispan/target/dependency/jnvm-1.0-SNAPSHOT.jar:/home/anatole/ycsb/infinispan/target/dependency/metainf-services-1.7.jar:/home/anatole/ycsb/infinispan/target/dependency/netty-buffer-4.1.51.Final.jar:/home/anatole/ycsb/infinispan/target/dependency/netty-codec-4.1.51.Final.jar:/home/anatole/ycsb/infinispan/target/dependency/netty-common-4.1.51.Final.jar:/home/anatole/ycsb/infinispan/target/dependency/netty-handler-4.1.51.Final.jar:/home/anatole/ycsb/infinispan/target/dependency/netty-resolver-4.1.51.Final.jar:/home/anatole/ycsb/infinispan/target/dependency/netty-transport-4.1.51.Final.jar:/home/anatole/ycsb/infinispan/target/dependency/netty-transport-native-epoll-4.1.51.Final-linux-x86_64.jar:/home/anatole/ycsb/infinispan/target/dependency/netty-transport-native-unix-common-4.1.51.Final.jar:/home/anatole/ycsb/infinispan/target/dependency/pcj-1.0.jar:/home/anatole/ycsb/infinispan/target/dependency/reactive-streams-1.0.2.jar:/home/anatole/ycsb/infinispan/target/dependency/rxjava-2.2.4.jar:/home/anatole/ycsb/infinispan/target/dependency/unsafe-helper-1.0.jar site.ycsb.Client -t -db site.ycsb.db.InfinispanJNVMClient -P ../workloads/workloada -preload -s -threads 32 -p dataintegrity=true -p offheap=true -p pcj=false -p recordcount=1000000 -p operationcount=60000000 -p fieldcount=10 -p fieldlength=100 -p requestdistribution=zipfian -p measurement.trackjvm=true -p measurementtype=hdrhistogram -p hdrhistogram.output.path=./out/exp5.concurrent.ref/log/infinispan-jnvm.run.workloada.true.1000000.1.10.100.zipfian.32.false..default.default.none.r3.hdr.log
[OVERALL], RunTime(ms), 115510
[OVERALL], Throughput(ops/sec), 528092.8058176781
[TOTAL_GCS_G1_Young_Generation], Count, 180
[TOTAL_GC_TIME_G1_Young_Generation], Time(ms), 33321
[TOTAL_GC_TIME_%_G1_Young_Generation], Time(%), 28.846853086312873
[TOTAL_GCS_G1_Old_Generation], Count, 0
[TOTAL_GC_TIME_G1_Old_Generation], Time(ms), 0
[TOTAL_GC_TIME_%_G1_Old_Generation], Time(%), 0.0
[TOTAL_GCs], Count, 180
[TOTAL_GC_TIME], Time(ms), 33321
[TOTAL_GC_TIME_%], Time(%), 28.846853086312873
[MAX_MEM_USED], MBs, 7618
[MIN_MEM_USED], MBs, 96
[MAX_THREADS], Count, 38
[MIN_THREADS], Count, 3
[MAX_SYS_LOAD_AVG], Load, 25.16
[MIN_SYS_LOAD_AVG], Load, 20.76
[THREAD_COUNT], Operations, 13
[THREAD_COUNT], AverageLatency(ns), 34.69230769230769
[THREAD_COUNT], MinLatency(ns), 3
[THREAD_COUNT], MaxLatency(ns), 38
[THREAD_COUNT], 95thPercentileLatency(ns), 38
[THREAD_COUNT], 99thPercentileLatency(ns), 38
[SYS_LOAD_AVG], Operations, 13
[SYS_LOAD_AVG], AverageLatency(ns), 22.846153846153847
[SYS_LOAD_AVG], MinLatency(ns), 20
[SYS_LOAD_AVG], MaxLatency(ns), 25
[SYS_LOAD_AVG], 95thPercentileLatency(ns), 24
[SYS_LOAD_AVG], 99thPercentileLatency(ns), 25
[LOAD], Operations, 32
[LOAD], AverageLatency(ns), 1.6881467392E10
[LOAD], MinLatency(ns), 16109469696
[LOAD], MaxLatency(ns), 17073897471
[LOAD], 95thPercentileLatency(ns), 17057447935
[LOAD], 99thPercentileLatency(ns), 17073897471
[USED_MEM_MB], Operations, 13
[USED_MEM_MB], AverageLatency(ns), 5114.076923076923
[USED_MEM_MB], MinLatency(ns), 96
[USED_MEM_MB], MaxLatency(ns), 7618
[USED_MEM_MB], 95thPercentileLatency(ns), 6789
[USED_MEM_MB], 99thPercentileLatency(ns), 7618
[MAIN_GCs_Count], Operations, 32
[MAIN_GCs_Count], AverageLatency(ns), 154.75
[MAIN_GCs_Count], MinLatency(ns), 154
[MAIN_GCs_Count], MaxLatency(ns), 155
[MAIN_GCs_Count], 95thPercentileLatency(ns), 155
[MAIN_GCs_Count], 99thPercentileLatency(ns), 155
[MAIN_GCs_Time(ms)], Operations, 32
[MAIN_GCs_Time(ms)], AverageLatency(ns), 31324.25
[MAIN_GCs_Time(ms)], MinLatency(ns), 31163
[MAIN_GCs_Time(ms)], MaxLatency(ns), 31378
[MAIN_GCs_Time(ms)], 95thPercentileLatency(ns), 31378
[MAIN_GCs_Time(ms)], 99thPercentileLatency(ns), 31378
[TRANSACTION], Operations, 32
[TRANSACTION], AverageLatency(ns), 9.6315260928E10
[TRANSACTION], MinLatency(ns), 95835127808
[TRANSACTION], MaxLatency(ns), 96521945087
[TRANSACTION], 95thPercentileLatency(ns), 96492584959
[TRANSACTION], 99thPercentileLatency(ns), 96521945087
[GCS_TIME], Operations, 13
[GCS_TIME], AverageLatency(ns), 2563.153846153846
[GCS_TIME], MinLatency(ns), 0
[GCS_TIME], MaxLatency(ns), 3501
[GCS_TIME], 95thPercentileLatency(ns), 3322
[GCS_TIME], 99thPercentileLatency(ns), 3501
[LOAD_GCs_Time(ms)], Operations, 32
[LOAD_GCs_Time(ms)], AverageLatency(ns), 1906.0
[LOAD_GCs_Time(ms)], MinLatency(ns), 1756
[LOAD_GCs_Time(ms)], MaxLatency(ns), 1916
[LOAD_GCs_Time(ms)], 95thPercentileLatency(ns), 1916
[LOAD_GCs_Time(ms)], 99thPercentileLatency(ns), 1916
[READ], Operations, 30003923
[READ], AverageLatency(ns), 38996.72281451329
[READ], MinLatency(ns), 273
[READ], MaxLatency(ns), 260495359
[READ], 95thPercentileLatency(ns), 182462
[READ], 99thPercentileLatency(ns), 224451
[READ], Return=OK, 30003923
[INIT], Operations, 32
[INIT], AverageLatency(ns), 1.651067648E9
[INIT], MinLatency(ns), 1644298240
[INIT], MaxLatency(ns), 1669578751
[INIT], 95thPercentileLatency(ns), 1657872383
[INIT], 99thPercentileLatency(ns), 1669578751
[GCS], Operations, 13
[GCS], AverageLatency(ns), 13.846153846153847
[GCS], MinLatency(ns), 0
[GCS], MaxLatency(ns), 19
[GCS], 95thPercentileLatency(ns), 17
[GCS], 99thPercentileLatency(ns), 19
[LOAD_GCs_Count], Operations, 32
[LOAD_GCs_Count], AverageLatency(ns), 22.9375
[LOAD_GCs_Count], MinLatency(ns), 22
[LOAD_GCs_Count], MaxLatency(ns), 23
[LOAD_GCs_Count], 95thPercentileLatency(ns), 23
[LOAD_GCs_Count], 99thPercentileLatency(ns), 23
[CLEANUP], Operations, 32
[CLEANUP], AverageLatency(ns), 2.132489825E8
[CLEANUP], MinLatency(ns), 8273536
[CLEANUP], MaxLatency(ns), 651726847
[CLEANUP], 95thPercentileLatency(ns), 596348927
[CLEANUP], 99thPercentileLatency(ns), 651726847
[INSERT], Operations, 1000000
[INSERT], AverageLatency(ns), 206177.612002
[INSERT], MinLatency(ns), 5072
[INSERT], MaxLatency(ns), 207154175
[INSERT], 95thPercentileLatency(ns), 200544
[INSERT], 99thPercentileLatency(ns), 4054767
[INSERT], Return=OK, 1000000
[UPDATE], Operations, 29996077
[UPDATE], AverageLatency(ns), 43754.13848300896
[UPDATE], MinLatency(ns), 452
[UPDATE], MaxLatency(ns), 260469759
[UPDATE], 95thPercentileLatency(ns), 185571
[UPDATE], 99thPercentileLatency(ns), 226823
[UPDATE], Return=OK, 29996077
