/home/anatole/jdk8u/build/linux-x86_64-normal-server-release/jdk/bin/java -Xmx20g -XX:+UseG1GC -classpath /home/anatole/ycsb/conf:/home/anatole/ycsb/core/target/core-0.18.0-SNAPSHOT.jar:/home/anatole/ycsb/core/target/dependency/HdrHistogram-2.1.4.jar:/home/anatole/ycsb/core/target/dependency/guava-18.0.jar:/home/anatole/ycsb/core/target/dependency/htrace-core4-4.1.0-incubating.jar:/home/anatole/ycsb/core/target/dependency/jackson-core-asl-1.9.4.jar:/home/anatole/ycsb/core/target/dependency/jackson-mapper-asl-1.9.4.jar:/home/anatole/ycsb/core/target/dependency/javax.persistence-api-2.2.jar:/home/anatole/ycsb/core/target/dependency/jnvm-1.0-SNAPSHOT.jar:/home/anatole/ycsb/core/target/dependency/pcj-1.0.jar:/home/anatole/ycsb/core/target/dependency/unsafe-helper-1.0.jar:/home/anatole/ycsb/infinispan/src/main/conf:/home/anatole/ycsb/infinispan/target/infinispan-binding-0.18.0-SNAPSHOT.jar:/home/anatole/ycsb/infinispan/target/dependency/caffeine-2.6.2.jar:/home/anatole/ycsb/infinispan/target/dependency/gson-2.8.2.jar:/home/anatole/ycsb/infinispan/target/dependency/guava-18.0.jar:/home/anatole/ycsb/infinispan/target/dependency/infinispan-cachestore-jnvm-1.0-SNAPSHOT.jar:/home/anatole/ycsb/infinispan/target/dependency/infinispan-cachestore-pcj-1.0-SNAPSHOT.jar:/home/anatole/ycsb/infinispan/target/dependency/infinispan-client-hotrod-9.4.20.Final.jar:/home/anatole/ycsb/infinispan/target/dependency/infinispan-commons-9.4.20.Final.jar:/home/anatole/ycsb/infinispan/target/dependency/infinispan-core-9.4.20.Final.jar:/home/anatole/ycsb/infinispan/target/dependency/javax.persistence-api-2.2.jar:/home/anatole/ycsb/infinispan/target/dependency/jboss-logging-3.3.2.Final.jar:/home/anatole/ycsb/infinispan/target/dependency/jboss-marshalling-osgi-2.0.6.Final.jar:/home/anatole/ycsb/infinispan/target/dependency/jboss-transaction-api_1.2_spec-1.1.1.Final.jar:/home/anatole/ycsb/infinispan/target/dependency/jgroups-4.0.21.Final.jar:/home/anatole/ycsb/infinispan/target/dependency/jnvm-1.0-SNAPSHOT.jar:/home/anatole/ycsb/infinispan/target/dependency/metainf-services-1.7.jar:/home/anatole/ycsb/infinispan/target/dependency/netty-buffer-4.1.51.Final.jar:/home/anatole/ycsb/infinispan/target/dependency/netty-codec-4.1.51.Final.jar:/home/anatole/ycsb/infinispan/target/dependency/netty-common-4.1.51.Final.jar:/home/anatole/ycsb/infinispan/target/dependency/netty-handler-4.1.51.Final.jar:/home/anatole/ycsb/infinispan/target/dependency/netty-resolver-4.1.51.Final.jar:/home/anatole/ycsb/infinispan/target/dependency/netty-transport-4.1.51.Final.jar:/home/anatole/ycsb/infinispan/target/dependency/netty-transport-native-epoll-4.1.51.Final-linux-x86_64.jar:/home/anatole/ycsb/infinispan/target/dependency/netty-transport-native-unix-common-4.1.51.Final.jar:/home/anatole/ycsb/infinispan/target/dependency/pcj-1.0.jar:/home/anatole/ycsb/infinispan/target/dependency/reactive-streams-1.0.2.jar:/home/anatole/ycsb/infinispan/target/dependency/rxjava-2.2.4.jar:/home/anatole/ycsb/infinispan/target/dependency/unsafe-helper-1.0.jar site.ycsb.Client -t -db site.ycsb.db.InfinispanClient -P ../workloads/workloada -preload -s -threads 2 -p dataintegrity=true -p offheap=false -p pcj=false -p recordcount=1000000 -p operationcount=6000000 -p fieldcount=10 -p fieldlength=100 -p requestdistribution=zipfian -p measurement.trackjvm=true -p measurementtype=hdrhistogram -p hdrhistogram.output.path=./out/exp5.concurrent.ref/log/infinispan.run.workloada.true.1000000.1000000.10.100.zipfian.2.true..default.default.none.r6.hdr.log
[OVERALL], RunTime(ms), 23705
[OVERALL], Throughput(ops/sec), 295296.35098080576
[TOTAL_GCS_G1_Young_Generation], Count, 41
[TOTAL_GC_TIME_G1_Young_Generation], Time(ms), 4913
[TOTAL_GC_TIME_%_G1_Young_Generation], Time(%), 20.725585319552835
[TOTAL_GCS_G1_Old_Generation], Count, 0
[TOTAL_GC_TIME_G1_Old_Generation], Time(ms), 0
[TOTAL_GC_TIME_%_G1_Old_Generation], Time(%), 0.0
[TOTAL_GCs], Count, 41
[TOTAL_GC_TIME], Time(ms), 4913
[TOTAL_GC_TIME_%], Time(%), 20.725585319552835
[MAX_MEM_USED], MBs, 5646
[MIN_MEM_USED], MBs, 52
[MAX_THREADS], Count, 34
[MIN_THREADS], Count, 4
[MAX_SYS_LOAD_AVG], Load, 8.78
[MIN_SYS_LOAD_AVG], Load, 7.53
[THREAD_COUNT], Operations, 4
[THREAD_COUNT], AverageLatency(ns), 15.5
[THREAD_COUNT], MinLatency(ns), 4
[THREAD_COUNT], MaxLatency(ns), 34
[THREAD_COUNT], 95thPercentileLatency(ns), 34
[THREAD_COUNT], 99thPercentileLatency(ns), 34
[SYS_LOAD_AVG], Operations, 4
[SYS_LOAD_AVG], AverageLatency(ns), 7.25
[SYS_LOAD_AVG], MinLatency(ns), 7
[SYS_LOAD_AVG], MaxLatency(ns), 8
[SYS_LOAD_AVG], 95thPercentileLatency(ns), 8
[SYS_LOAD_AVG], 99thPercentileLatency(ns), 8
[LOAD], Operations, 2
[LOAD], AverageLatency(ns), 9.293070336E9
[LOAD], MinLatency(ns), 9209249792
[LOAD], MaxLatency(ns), 9376890879
[LOAD], 95thPercentileLatency(ns), 9376890879
[LOAD], 99thPercentileLatency(ns), 9376890879
[USED_MEM_MB], Operations, 4
[USED_MEM_MB], AverageLatency(ns), 3981.75
[USED_MEM_MB], MinLatency(ns), 52
[USED_MEM_MB], MaxLatency(ns), 5646
[USED_MEM_MB], 95thPercentileLatency(ns), 5646
[USED_MEM_MB], 99thPercentileLatency(ns), 5646
[MAIN_GCs_Count], Operations, 2
[MAIN_GCs_Count], AverageLatency(ns), 15.0
[MAIN_GCs_Count], MinLatency(ns), 15
[MAIN_GCs_Count], MaxLatency(ns), 15
[MAIN_GCs_Count], 95thPercentileLatency(ns), 15
[MAIN_GCs_Count], 99thPercentileLatency(ns), 15
[MAIN_GCs_Time(ms)], Operations, 2
[MAIN_GCs_Time(ms)], AverageLatency(ns), 2765.0
[MAIN_GCs_Time(ms)], MinLatency(ns), 2765
[MAIN_GCs_Time(ms)], MaxLatency(ns), 2765
[MAIN_GCs_Time(ms)], 95thPercentileLatency(ns), 2765
[MAIN_GCs_Time(ms)], 99thPercentileLatency(ns), 2765
[TRANSACTION], Operations, 2
[TRANSACTION], AverageLatency(ns), 1.2980355072E10
[TRANSACTION], MinLatency(ns), 12912820224
[TRANSACTION], MaxLatency(ns), 13047889919
[TRANSACTION], 95thPercentileLatency(ns), 13047889919
[TRANSACTION], 99thPercentileLatency(ns), 13047889919
[GCS_TIME], Operations, 4
[GCS_TIME], AverageLatency(ns), 1228.25
[GCS_TIME], MinLatency(ns), 0
[GCS_TIME], MaxLatency(ns), 2307
[GCS_TIME], 95thPercentileLatency(ns), 2307
[GCS_TIME], 99thPercentileLatency(ns), 2307
[LOAD_GCs_Time(ms)], Operations, 2
[LOAD_GCs_Time(ms)], AverageLatency(ns), 2126.0
[LOAD_GCs_Time(ms)], MinLatency(ns), 2126
[LOAD_GCs_Time(ms)], MaxLatency(ns), 2126
[LOAD_GCs_Time(ms)], 95thPercentileLatency(ns), 2126
[LOAD_GCs_Time(ms)], 99thPercentileLatency(ns), 2126
[READ], Operations, 2999736
[READ], AverageLatency(ns), 936.0761160315441
[READ], MinLatency(ns), 204
[READ], MaxLatency(ns), 209788927
[READ], 95thPercentileLatency(ns), 1179
[READ], 99thPercentileLatency(ns), 4887
[READ], Return=OK, 2999736
[INIT], Operations, 2
[INIT], AverageLatency(ns), 6.78744064E8
[INIT], MinLatency(ns), 678707200
[INIT], MaxLatency(ns), 678780927
[INIT], 95thPercentileLatency(ns), 678780927
[INIT], 99thPercentileLatency(ns), 678780927
[GCS], Operations, 4
[GCS], AverageLatency(ns), 10.25
[GCS], MinLatency(ns), 0
[GCS], MaxLatency(ns), 27
[GCS], 95thPercentileLatency(ns), 27
[GCS], 99thPercentileLatency(ns), 27
[LOAD_GCs_Count], Operations, 2
[LOAD_GCs_Count], AverageLatency(ns), 25.0
[LOAD_GCs_Count], MinLatency(ns), 25
[LOAD_GCs_Count], MaxLatency(ns), 25
[LOAD_GCs_Count], 95thPercentileLatency(ns), 25
[LOAD_GCs_Count], 99thPercentileLatency(ns), 25
[CLEANUP], Operations, 2
[CLEANUP], AverageLatency(ns), 5.7076992E8
[CLEANUP], MinLatency(ns), 517072896
[CLEANUP], MaxLatency(ns), 624467967
[CLEANUP], 95thPercentileLatency(ns), 624467967
[CLEANUP], 99thPercentileLatency(ns), 624467967
[INSERT], Operations, 1000000
[INSERT], AverageLatency(ns), 4996.530085
[INSERT], MinLatency(ns), 1574
[INSERT], MaxLatency(ns), 172526591
[INSERT], 95thPercentileLatency(ns), 4937
[INSERT], 99thPercentileLatency(ns), 13899
[INSERT], Return=OK, 1000000
[UPDATE], Operations, 3000264
[UPDATE], AverageLatency(ns), 4060.55762192927
[UPDATE], MinLatency(ns), 1303
[UPDATE], MaxLatency(ns), 226974719
[UPDATE], 95thPercentileLatency(ns), 7037
[UPDATE], 99thPercentileLatency(ns), 8768
[UPDATE], Return=OK, 3000264
