/home/anatole/jdk8u/build/linux-x86_64-normal-server-release/jdk/bin/java -Xmx20g -XX:+UseG1GC -classpath /home/anatole/ycsb/conf:/home/anatole/ycsb/core/target/core-0.18.0-SNAPSHOT.jar:/home/anatole/ycsb/core/target/dependency/HdrHistogram-2.1.4.jar:/home/anatole/ycsb/core/target/dependency/guava-18.0.jar:/home/anatole/ycsb/core/target/dependency/htrace-core4-4.1.0-incubating.jar:/home/anatole/ycsb/core/target/dependency/jackson-core-asl-1.9.4.jar:/home/anatole/ycsb/core/target/dependency/jackson-mapper-asl-1.9.4.jar:/home/anatole/ycsb/core/target/dependency/javax.persistence-api-2.2.jar:/home/anatole/ycsb/core/target/dependency/jnvm-1.0-SNAPSHOT.jar:/home/anatole/ycsb/core/target/dependency/pcj-1.0.jar:/home/anatole/ycsb/core/target/dependency/unsafe-helper-1.0.jar:/home/anatole/ycsb/infinispan/src/main/conf:/home/anatole/ycsb/infinispan/target/infinispan-binding-0.18.0-SNAPSHOT.jar:/home/anatole/ycsb/infinispan/target/dependency/caffeine-2.6.2.jar:/home/anatole/ycsb/infinispan/target/dependency/gson-2.8.2.jar:/home/anatole/ycsb/infinispan/target/dependency/guava-18.0.jar:/home/anatole/ycsb/infinispan/target/dependency/infinispan-cachestore-jnvm-1.0-SNAPSHOT.jar:/home/anatole/ycsb/infinispan/target/dependency/infinispan-cachestore-pcj-1.0-SNAPSHOT.jar:/home/anatole/ycsb/infinispan/target/dependency/infinispan-client-hotrod-9.4.17.Final.jar:/home/anatole/ycsb/infinispan/target/dependency/infinispan-commons-9.4.17.Final.jar:/home/anatole/ycsb/infinispan/target/dependency/infinispan-core-9.4.17.Final.jar:/home/anatole/ycsb/infinispan/target/dependency/infinispan-embedded-9.0.1.Final.jar:/home/anatole/ycsb/infinispan/target/dependency/javax.persistence-api-2.2.jar:/home/anatole/ycsb/infinispan/target/dependency/jboss-logging-3.3.2.Final.jar:/home/anatole/ycsb/infinispan/target/dependency/jboss-marshalling-osgi-2.0.6.Final.jar:/home/anatole/ycsb/infinispan/target/dependency/jboss-transaction-api_1.1_spec-1.0.1.Final.jar:/home/anatole/ycsb/infinispan/target/dependency/jboss-transaction-api_1.2_spec-1.1.1.Final.jar:/home/anatole/ycsb/infinispan/target/dependency/jgroups-4.0.20.Final.jar:/home/anatole/ycsb/infinispan/target/dependency/jnvm-1.0-SNAPSHOT.jar:/home/anatole/ycsb/infinispan/target/dependency/metainf-services-1.7.jar:/home/anatole/ycsb/infinispan/target/dependency/netty-buffer-4.1.42.Final.jar:/home/anatole/ycsb/infinispan/target/dependency/netty-codec-4.1.42.Final.jar:/home/anatole/ycsb/infinispan/target/dependency/netty-common-4.1.42.Final.jar:/home/anatole/ycsb/infinispan/target/dependency/netty-handler-4.1.42.Final.jar:/home/anatole/ycsb/infinispan/target/dependency/netty-resolver-4.1.42.Final.jar:/home/anatole/ycsb/infinispan/target/dependency/netty-transport-4.1.42.Final.jar:/home/anatole/ycsb/infinispan/target/dependency/netty-transport-native-epoll-4.1.42.Final-linux-x86_64.jar:/home/anatole/ycsb/infinispan/target/dependency/netty-transport-native-unix-common-4.1.42.Final.jar:/home/anatole/ycsb/infinispan/target/dependency/pcj-1.0.jar:/home/anatole/ycsb/infinispan/target/dependency/reactive-streams-1.0.2.jar:/home/anatole/ycsb/infinispan/target/dependency/rxjava-2.2.4.jar:/home/anatole/ycsb/infinispan/target/dependency/unsafe-helper-1.0.jar site.ycsb.Client -t -db site.ycsb.db.InfinispanClient -P ../workloads/workloada -threads 36 -p dataintegrity=true -p offheap=false -p recordcount=1000000 -p operationcount=10000000 -p fieldcount=10 -p requestdistribution=zipfian -p measurementtype=hdrhistogram -p hdrhistogram.output.path=./out/exp5.concurrent.ref/log/infinispan.run.workloada.true.1000000.100000.10.zipfian.36.hdr.log
[OVERALL], RunTime(ms), 79317
[OVERALL], Throughput(ops/sec), 126076.37706922853
[TOTAL_GCS_G1_Young_Generation], Count, 54
[TOTAL_GC_TIME_G1_Young_Generation], Time(ms), 5386
[TOTAL_GC_TIME_%_G1_Young_Generation], Time(%), 6.790473668948649
[TOTAL_GCS_G1_Old_Generation], Count, 0
[TOTAL_GC_TIME_G1_Old_Generation], Time(ms), 0
[TOTAL_GC_TIME_%_G1_Old_Generation], Time(%), 0.0
[TOTAL_GCs], Count, 54
[TOTAL_GC_TIME], Time(ms), 5386
[TOTAL_GC_TIME_%], Time(%), 6.790473668948649
[READ], Operations, 4997846
[READ], AverageLatency(ns), 101810.20952866494
[READ], MinLatency(ns), 195
[READ], MaxLatency(ns), 166667263
[READ], 95thPercentileLatency(ns), 339593
[READ], 99thPercentileLatency(ns), 551563
[READ], Return=OK, 4997846
[INIT], Operations, 36
[INIT], AverageLatency(ns), 8.660735317333334E9
[INIT], MinLatency(ns), 8654159872
[INIT], MaxLatency(ns), 8670347263
[INIT], 95thPercentileLatency(ns), 8669560831
[INIT], 99thPercentileLatency(ns), 8670347263
[CLEANUP], Operations, 36
[CLEANUP], AverageLatency(ns), 4.337719857777778E8
[CLEANUP], MinLatency(ns), 55470336
[CLEANUP], MaxLatency(ns), 785924095
[CLEANUP], 95thPercentileLatency(ns), 680521727
[CLEANUP], 99thPercentileLatency(ns), 785924095
[UPDATE], Operations, 5002154
[UPDATE], AverageLatency(ns), 395610.05556906085
[UPDATE], MinLatency(ns), 47136
[UPDATE], MaxLatency(ns), 167112703
[UPDATE], 95thPercentileLatency(ns), 677239
[UPDATE], 99thPercentileLatency(ns), 988387
[UPDATE], Return=OK, 5002154
[TRANSACTION], Operations, 36
[TRANSACTION], AverageLatency(ns), 6.992366432711111E10
[TRANSACTION], MinLatency(ns), 69552570368
[TRANSACTION], MaxLatency(ns), 70300729343
[TRANSACTION], 95thPercentileLatency(ns), 70210027519
[TRANSACTION], 99thPercentileLatency(ns), 70300729343
