/home/anatole/jdk8u/build/linux-x86_64-normal-server-release/jdk/bin/java -Xmx20g -XX:+UseG1GC -classpath /home/anatole/ycsb/conf:/home/anatole/ycsb/core/target/core-0.18.0-SNAPSHOT.jar:/home/anatole/ycsb/core/target/dependency/HdrHistogram-2.1.4.jar:/home/anatole/ycsb/core/target/dependency/guava-18.0.jar:/home/anatole/ycsb/core/target/dependency/htrace-core4-4.1.0-incubating.jar:/home/anatole/ycsb/core/target/dependency/jackson-core-asl-1.9.4.jar:/home/anatole/ycsb/core/target/dependency/jackson-mapper-asl-1.9.4.jar:/home/anatole/ycsb/core/target/dependency/javax.persistence-api-2.2.jar:/home/anatole/ycsb/core/target/dependency/jnvm-1.0-SNAPSHOT.jar:/home/anatole/ycsb/core/target/dependency/pcj-1.0.jar:/home/anatole/ycsb/core/target/dependency/unsafe-helper-1.0.jar:/home/anatole/ycsb/infinispan/src/main/conf:/home/anatole/ycsb/infinispan/target/infinispan-binding-0.18.0-SNAPSHOT.jar:/home/anatole/ycsb/infinispan/target/dependency/caffeine-2.6.2.jar:/home/anatole/ycsb/infinispan/target/dependency/gson-2.8.2.jar:/home/anatole/ycsb/infinispan/target/dependency/guava-18.0.jar:/home/anatole/ycsb/infinispan/target/dependency/infinispan-cachestore-jnvm-1.0-SNAPSHOT.jar:/home/anatole/ycsb/infinispan/target/dependency/infinispan-cachestore-pcj-1.0-SNAPSHOT.jar:/home/anatole/ycsb/infinispan/target/dependency/infinispan-client-hotrod-9.4.20.Final.jar:/home/anatole/ycsb/infinispan/target/dependency/infinispan-commons-9.4.20.Final.jar:/home/anatole/ycsb/infinispan/target/dependency/infinispan-core-9.4.20.Final.jar:/home/anatole/ycsb/infinispan/target/dependency/javax.persistence-api-2.2.jar:/home/anatole/ycsb/infinispan/target/dependency/jboss-logging-3.3.2.Final.jar:/home/anatole/ycsb/infinispan/target/dependency/jboss-marshalling-osgi-2.0.6.Final.jar:/home/anatole/ycsb/infinispan/target/dependency/jboss-transaction-api_1.2_spec-1.1.1.Final.jar:/home/anatole/ycsb/infinispan/target/dependency/jgroups-4.0.21.Final.jar:/home/anatole/ycsb/infinispan/target/dependency/jnvm-1.0-SNAPSHOT.jar:/home/anatole/ycsb/infinispan/target/dependency/metainf-services-1.7.jar:/home/anatole/ycsb/infinispan/target/dependency/netty-buffer-4.1.51.Final.jar:/home/anatole/ycsb/infinispan/target/dependency/netty-codec-4.1.51.Final.jar:/home/anatole/ycsb/infinispan/target/dependency/netty-common-4.1.51.Final.jar:/home/anatole/ycsb/infinispan/target/dependency/netty-handler-4.1.51.Final.jar:/home/anatole/ycsb/infinispan/target/dependency/netty-resolver-4.1.51.Final.jar:/home/anatole/ycsb/infinispan/target/dependency/netty-transport-4.1.51.Final.jar:/home/anatole/ycsb/infinispan/target/dependency/netty-transport-native-epoll-4.1.51.Final-linux-x86_64.jar:/home/anatole/ycsb/infinispan/target/dependency/netty-transport-native-unix-common-4.1.51.Final.jar:/home/anatole/ycsb/infinispan/target/dependency/pcj-1.0.jar:/home/anatole/ycsb/infinispan/target/dependency/reactive-streams-1.0.2.jar:/home/anatole/ycsb/infinispan/target/dependency/rxjava-2.2.4.jar:/home/anatole/ycsb/infinispan/target/dependency/unsafe-helper-1.0.jar site.ycsb.Client -t -db site.ycsb.db.InfinispanJNVMClient -P ../workloads/workloada -preload -s -threads 36 -p dataintegrity=true -p offheap=true -p pcj=false -p recordcount=1000000 -p operationcount=60000000 -p fieldcount=10 -p fieldlength=100 -p requestdistribution=zipfian -p measurement.trackjvm=true -p measurementtype=hdrhistogram -p hdrhistogram.output.path=./out/exp5.concurrent.ref/log/infinispan-jnvm.run.workloada.true.1000000.1.10.100.zipfian.36.false..default.default.none.r6.hdr.log
[OVERALL], RunTime(ms), 123937
[OVERALL], Throughput(ops/sec), 492185.5458821821
[TOTAL_GCS_G1_Young_Generation], Count, 180
[TOTAL_GC_TIME_G1_Young_Generation], Time(ms), 32301
[TOTAL_GC_TIME_%_G1_Young_Generation], Time(%), 26.062434946787484
[TOTAL_GCS_G1_Old_Generation], Count, 0
[TOTAL_GC_TIME_G1_Old_Generation], Time(ms), 0
[TOTAL_GC_TIME_%_G1_Old_Generation], Time(%), 0.0
[TOTAL_GCs], Count, 180
[TOTAL_GC_TIME], Time(ms), 32301
[TOTAL_GC_TIME_%], Time(%), 26.062434946787484
[MAX_MEM_USED], MBs, 7733
[MIN_MEM_USED], MBs, 96
[MAX_THREADS], Count, 42
[MIN_THREADS], Count, 3
[MAX_SYS_LOAD_AVG], Load, 22.92
[MIN_SYS_LOAD_AVG], Load, 18.06
[THREAD_COUNT], Operations, 14
[THREAD_COUNT], AverageLatency(ns), 38.57142857142857
[THREAD_COUNT], MinLatency(ns), 3
[THREAD_COUNT], MaxLatency(ns), 42
[THREAD_COUNT], 95thPercentileLatency(ns), 42
[THREAD_COUNT], 99thPercentileLatency(ns), 42
[SYS_LOAD_AVG], Operations, 14
[SYS_LOAD_AVG], AverageLatency(ns), 20.357142857142858
[SYS_LOAD_AVG], MinLatency(ns), 18
[SYS_LOAD_AVG], MaxLatency(ns), 22
[SYS_LOAD_AVG], 95thPercentileLatency(ns), 22
[SYS_LOAD_AVG], 99thPercentileLatency(ns), 22
[LOAD], Operations, 36
[LOAD], AverageLatency(ns), 1.740280536177778E10
[LOAD], MinLatency(ns), 17134125056
[LOAD], MaxLatency(ns), 17522229247
[LOAD], 95thPercentileLatency(ns), 17512923135
[LOAD], 99thPercentileLatency(ns), 17522229247
[USED_MEM_MB], Operations, 14
[USED_MEM_MB], AverageLatency(ns), 4884.857142857143
[USED_MEM_MB], MinLatency(ns), 96
[USED_MEM_MB], MaxLatency(ns), 7733
[USED_MEM_MB], 95thPercentileLatency(ns), 6804
[USED_MEM_MB], 99thPercentileLatency(ns), 7733
[MAIN_GCs_Count], Operations, 36
[MAIN_GCs_Count], AverageLatency(ns), 153.80555555555554
[MAIN_GCs_Count], MinLatency(ns), 152
[MAIN_GCs_Count], MaxLatency(ns), 154
[MAIN_GCs_Count], 95thPercentileLatency(ns), 154
[MAIN_GCs_Count], 99thPercentileLatency(ns), 154
[MAIN_GCs_Time(ms)], Operations, 36
[MAIN_GCs_Time(ms)], AverageLatency(ns), 30369.61111111111
[MAIN_GCs_Time(ms)], MinLatency(ns), 29996
[MAIN_GCs_Time(ms)], MaxLatency(ns), 30404
[MAIN_GCs_Time(ms)], 95thPercentileLatency(ns), 30404
[MAIN_GCs_Time(ms)], 99thPercentileLatency(ns), 30404
[TRANSACTION], Operations, 36
[TRANSACTION], AverageLatency(ns), 1.0424402284088889E11
[TRANSACTION], MinLatency(ns), 103252230144
[TRANSACTION], MaxLatency(ns), 104493744127
[TRANSACTION], 95thPercentileLatency(ns), 104431353855
[TRANSACTION], 99thPercentileLatency(ns), 104493744127
[GCS_TIME], Operations, 14
[GCS_TIME], AverageLatency(ns), 2307.214285714286
[GCS_TIME], MinLatency(ns), 0
[GCS_TIME], MaxLatency(ns), 3006
[GCS_TIME], 95thPercentileLatency(ns), 3002
[GCS_TIME], 99thPercentileLatency(ns), 3006
[LOAD_GCs_Time(ms)], Operations, 36
[LOAD_GCs_Time(ms)], AverageLatency(ns), 1865.0
[LOAD_GCs_Time(ms)], MinLatency(ns), 1865
[LOAD_GCs_Time(ms)], MaxLatency(ns), 1865
[LOAD_GCs_Time(ms)], 95thPercentileLatency(ns), 1865
[LOAD_GCs_Time(ms)], 99thPercentileLatency(ns), 1865
[READ], Operations, 30000994
[READ], AverageLatency(ns), 48531.22901264538
[READ], MinLatency(ns), 356
[READ], MaxLatency(ns), 255794175
[READ], 95thPercentileLatency(ns), 252174
[READ], 99thPercentileLatency(ns), 307299
[READ], Return=OK, 30000994
[INIT], Operations, 36
[INIT], AverageLatency(ns), 1.622532096E9
[INIT], MinLatency(ns), 1614290944
[INIT], MaxLatency(ns), 1630560255
[INIT], 95thPercentileLatency(ns), 1629224959
[INIT], 99thPercentileLatency(ns), 1630560255
[GCS], Operations, 14
[GCS], AverageLatency(ns), 12.857142857142858
[GCS], MinLatency(ns), 0
[GCS], MaxLatency(ns), 21
[GCS], 95thPercentileLatency(ns), 15
[GCS], 99thPercentileLatency(ns), 21
[LOAD_GCs_Count], Operations, 36
[LOAD_GCs_Count], AverageLatency(ns), 24.0
[LOAD_GCs_Count], MinLatency(ns), 24
[LOAD_GCs_Count], MaxLatency(ns), 24
[LOAD_GCs_Count], 95thPercentileLatency(ns), 24
[LOAD_GCs_Count], 99thPercentileLatency(ns), 24
[CLEANUP], Operations, 36
[CLEANUP], AverageLatency(ns), 2.5819951733333334E8
[CLEANUP], MinLatency(ns), 9580928
[CLEANUP], MaxLatency(ns), 1207795711
[CLEANUP], 95thPercentileLatency(ns), 685805567
[CLEANUP], 99thPercentileLatency(ns), 1207795711
[INSERT], Operations, 1000000
[INSERT], AverageLatency(ns), 248889.539573
[INSERT], MinLatency(ns), 5085
[INSERT], MaxLatency(ns), 204755967
[INSERT], 95thPercentileLatency(ns), 271491
[INSERT], 99thPercentileLatency(ns), 4258431
[INSERT], Return=OK, 1000000
[UPDATE], Operations, 29999006
[UPDATE], AverageLatency(ns), 53867.5914013951
[UPDATE], MinLatency(ns), 517
[UPDATE], MaxLatency(ns), 255793151
[UPDATE], 95thPercentileLatency(ns), 256302
[UPDATE], 99thPercentileLatency(ns), 309115
[UPDATE], Return=OK, 29999006
