/home/anatole/jdk8u/build/linux-x86_64-normal-server-release/jdk/bin/java -Xmx20g -XX:+UseG1GC -classpath /home/anatole/ycsb/conf:/home/anatole/ycsb/core/target/core-0.18.0-SNAPSHOT.jar:/home/anatole/ycsb/core/target/dependency/HdrHistogram-2.1.4.jar:/home/anatole/ycsb/core/target/dependency/guava-18.0.jar:/home/anatole/ycsb/core/target/dependency/htrace-core4-4.1.0-incubating.jar:/home/anatole/ycsb/core/target/dependency/jackson-core-asl-1.9.4.jar:/home/anatole/ycsb/core/target/dependency/jackson-mapper-asl-1.9.4.jar:/home/anatole/ycsb/core/target/dependency/javax.persistence-api-2.2.jar:/home/anatole/ycsb/core/target/dependency/jnvm-1.0-SNAPSHOT.jar:/home/anatole/ycsb/core/target/dependency/pcj-1.0.jar:/home/anatole/ycsb/core/target/dependency/unsafe-helper-1.0.jar:/home/anatole/ycsb/infinispan/src/main/conf:/home/anatole/ycsb/infinispan/target/infinispan-binding-0.18.0-SNAPSHOT.jar:/home/anatole/ycsb/infinispan/target/dependency/caffeine-2.6.2.jar:/home/anatole/ycsb/infinispan/target/dependency/gson-2.8.2.jar:/home/anatole/ycsb/infinispan/target/dependency/guava-18.0.jar:/home/anatole/ycsb/infinispan/target/dependency/infinispan-cachestore-jnvm-1.0-SNAPSHOT.jar:/home/anatole/ycsb/infinispan/target/dependency/infinispan-cachestore-pcj-1.0-SNAPSHOT.jar:/home/anatole/ycsb/infinispan/target/dependency/infinispan-client-hotrod-9.4.20.Final.jar:/home/anatole/ycsb/infinispan/target/dependency/infinispan-commons-9.4.20.Final.jar:/home/anatole/ycsb/infinispan/target/dependency/infinispan-core-9.4.20.Final.jar:/home/anatole/ycsb/infinispan/target/dependency/javax.persistence-api-2.2.jar:/home/anatole/ycsb/infinispan/target/dependency/jboss-logging-3.3.2.Final.jar:/home/anatole/ycsb/infinispan/target/dependency/jboss-marshalling-osgi-2.0.6.Final.jar:/home/anatole/ycsb/infinispan/target/dependency/jboss-transaction-api_1.2_spec-1.1.1.Final.jar:/home/anatole/ycsb/infinispan/target/dependency/jgroups-4.0.21.Final.jar:/home/anatole/ycsb/infinispan/target/dependency/jnvm-1.0-SNAPSHOT.jar:/home/anatole/ycsb/infinispan/target/dependency/metainf-services-1.7.jar:/home/anatole/ycsb/infinispan/target/dependency/netty-buffer-4.1.51.Final.jar:/home/anatole/ycsb/infinispan/target/dependency/netty-codec-4.1.51.Final.jar:/home/anatole/ycsb/infinispan/target/dependency/netty-common-4.1.51.Final.jar:/home/anatole/ycsb/infinispan/target/dependency/netty-handler-4.1.51.Final.jar:/home/anatole/ycsb/infinispan/target/dependency/netty-resolver-4.1.51.Final.jar:/home/anatole/ycsb/infinispan/target/dependency/netty-transport-4.1.51.Final.jar:/home/anatole/ycsb/infinispan/target/dependency/netty-transport-native-epoll-4.1.51.Final-linux-x86_64.jar:/home/anatole/ycsb/infinispan/target/dependency/netty-transport-native-unix-common-4.1.51.Final.jar:/home/anatole/ycsb/infinispan/target/dependency/pcj-1.0.jar:/home/anatole/ycsb/infinispan/target/dependency/reactive-streams-1.0.2.jar:/home/anatole/ycsb/infinispan/target/dependency/rxjava-2.2.4.jar:/home/anatole/ycsb/infinispan/target/dependency/unsafe-helper-1.0.jar site.ycsb.Client -t -db site.ycsb.db.InfinispanClient -P ../workloads/workloada -preload -s -threads 20 -p dataintegrity=true -p offheap=false -p pcj=false -p recordcount=1000000 -p operationcount=60000000 -p fieldcount=10 -p fieldlength=100 -p requestdistribution=zipfian -p measurement.trackjvm=true -p measurementtype=hdrhistogram -p hdrhistogram.output.path=./out/exp5.concurrent.ref/log/infinispan.run.workloada.true.1000000.1000000.10.100.zipfian.20.false.true.default.default.volatile.r6.hdr.log
[OVERALL], RunTime(ms), 70904
[OVERALL], Throughput(ops/sec), 860318.1766896085
[TOTAL_GCS_G1_Young_Generation], Count, 167
[TOTAL_GC_TIME_G1_Young_Generation], Time(ms), 26812
[TOTAL_GC_TIME_%_G1_Young_Generation], Time(%), 37.814509759675055
[TOTAL_GCS_G1_Old_Generation], Count, 0
[TOTAL_GC_TIME_G1_Old_Generation], Time(ms), 0
[TOTAL_GC_TIME_%_G1_Old_Generation], Time(%), 0.0
[TOTAL_GCs], Count, 167
[TOTAL_GC_TIME], Time(ms), 26812
[TOTAL_GC_TIME_%], Time(%), 37.814509759675055
[MAX_MEM_USED], MBs, 9520
[MIN_MEM_USED], MBs, 76
[MAX_THREADS], Count, 51
[MIN_THREADS], Count, 4
[MAX_SYS_LOAD_AVG], Load, 24.02
[MIN_SYS_LOAD_AVG], Load, 20.85
[THREAD_COUNT], Operations, 9
[THREAD_COUNT], AverageLatency(ns), 37.333333333333336
[THREAD_COUNT], MinLatency(ns), 4
[THREAD_COUNT], MaxLatency(ns), 51
[THREAD_COUNT], 95thPercentileLatency(ns), 51
[THREAD_COUNT], 99thPercentileLatency(ns), 51
[SYS_LOAD_AVG], Operations, 9
[SYS_LOAD_AVG], AverageLatency(ns), 22.11111111111111
[SYS_LOAD_AVG], MinLatency(ns), 20
[SYS_LOAD_AVG], MaxLatency(ns), 24
[SYS_LOAD_AVG], 95thPercentileLatency(ns), 24
[SYS_LOAD_AVG], 99thPercentileLatency(ns), 24
[LOAD], Operations, 20
[LOAD], AverageLatency(ns), 6.0858368E9
[LOAD], MinLatency(ns), 5659099136
[LOAD], MaxLatency(ns), 6370459647
[LOAD], 95thPercentileLatency(ns), 6347456511
[LOAD], 99thPercentileLatency(ns), 6370459647
[USED_MEM_MB], Operations, 9
[USED_MEM_MB], AverageLatency(ns), 6829.0
[USED_MEM_MB], MinLatency(ns), 76
[USED_MEM_MB], MaxLatency(ns), 9520
[USED_MEM_MB], 95thPercentileLatency(ns), 9520
[USED_MEM_MB], 99thPercentileLatency(ns), 9520
[MAIN_GCs_Count], Operations, 20
[MAIN_GCs_Count], AverageLatency(ns), 136.85
[MAIN_GCs_Count], MinLatency(ns), 133
[MAIN_GCs_Count], MaxLatency(ns), 140
[MAIN_GCs_Count], 95thPercentileLatency(ns), 139
[MAIN_GCs_Count], 99thPercentileLatency(ns), 140
[MAIN_GCs_Time(ms)], Operations, 20
[MAIN_GCs_Time(ms)], AverageLatency(ns), 24065.2
[MAIN_GCs_Time(ms)], MinLatency(ns), 23436
[MAIN_GCs_Time(ms)], MaxLatency(ns), 24565
[MAIN_GCs_Time(ms)], 95thPercentileLatency(ns), 24418
[MAIN_GCs_Time(ms)], 99thPercentileLatency(ns), 24565
[TRANSACTION], Operations, 20
[TRANSACTION], AverageLatency(ns), 6.19029856256E10
[TRANSACTION], MinLatency(ns), 60321693696
[TRANSACTION], MaxLatency(ns), 63268978687
[TRANSACTION], 95thPercentileLatency(ns), 63023087615
[TRANSACTION], 99thPercentileLatency(ns), 63268978687
[GCS_TIME], Operations, 9
[GCS_TIME], AverageLatency(ns), 2962.4444444444443
[GCS_TIME], MinLatency(ns), 0
[GCS_TIME], MaxLatency(ns), 4940
[GCS_TIME], 95thPercentileLatency(ns), 4940
[GCS_TIME], 99thPercentileLatency(ns), 4940
[LOAD_GCs_Time(ms)], Operations, 20
[LOAD_GCs_Time(ms)], AverageLatency(ns), 1937.0
[LOAD_GCs_Time(ms)], MinLatency(ns), 1740
[LOAD_GCs_Time(ms)], MaxLatency(ns), 2080
[LOAD_GCs_Time(ms)], 95thPercentileLatency(ns), 2080
[LOAD_GCs_Time(ms)], 99thPercentileLatency(ns), 2080
[READ], Operations, 29992866
[READ], AverageLatency(ns), 13948.905533035755
[READ], MinLatency(ns), 176
[READ], MaxLatency(ns), 1207902207
[READ], 95thPercentileLatency(ns), 57878
[READ], 99thPercentileLatency(ns), 73140
[READ], Return=OK, 29992866
[INIT], Operations, 20
[INIT], AverageLatency(ns), 6.716485632E8
[INIT], MinLatency(ns), 667922432
[INIT], MaxLatency(ns), 676577279
[INIT], 95thPercentileLatency(ns), 676560895
[INIT], 99thPercentileLatency(ns), 676577279
[GCS], Operations, 9
[GCS], AverageLatency(ns), 18.444444444444443
[GCS], MinLatency(ns), 0
[GCS], MaxLatency(ns), 38
[GCS], 95thPercentileLatency(ns), 38
[GCS], 99thPercentileLatency(ns), 38
[LOAD_GCs_Count], Operations, 20
[LOAD_GCs_Count], AverageLatency(ns), 24.15
[LOAD_GCs_Count], MinLatency(ns), 23
[LOAD_GCs_Count], MaxLatency(ns), 25
[LOAD_GCs_Count], 95thPercentileLatency(ns), 25
[LOAD_GCs_Count], 99thPercentileLatency(ns), 25
[CLEANUP], Operations, 20
[CLEANUP], AverageLatency(ns), 1.8359208448E9
[CLEANUP], MinLatency(ns), 488198144
[CLEANUP], MaxLatency(ns), 3238494207
[CLEANUP], 95thPercentileLatency(ns), 3095216127
[CLEANUP], 99thPercentileLatency(ns), 3238494207
[INSERT], Operations, 1000000
[INSERT], AverageLatency(ns), 39710.77763
[INSERT], MinLatency(ns), 1277
[INSERT], MaxLatency(ns), 287735807
[INSERT], 95thPercentileLatency(ns), 32199
[INSERT], 99thPercentileLatency(ns), 89814
[INSERT], Return=OK, 1000000
[UPDATE], Operations, 30007134
[UPDATE], AverageLatency(ns), 19662.94546520171
[UPDATE], MinLatency(ns), 1211
[UPDATE], MaxLatency(ns), 1207951359
[UPDATE], 95thPercentileLatency(ns), 61346
[UPDATE], 99thPercentileLatency(ns), 78140
[UPDATE], Return=OK, 30007134
