/home/anatole/jdk8u/build/linux-x86_64-normal-server-release/jdk/bin/java -Xmx20g -XX:+UseG1GC -classpath /home/anatole/ycsb/conf:/home/anatole/ycsb/core/target/core-0.18.0-SNAPSHOT.jar:/home/anatole/ycsb/core/target/dependency/HdrHistogram-2.1.4.jar:/home/anatole/ycsb/core/target/dependency/guava-18.0.jar:/home/anatole/ycsb/core/target/dependency/htrace-core4-4.1.0-incubating.jar:/home/anatole/ycsb/core/target/dependency/jackson-core-asl-1.9.4.jar:/home/anatole/ycsb/core/target/dependency/jackson-mapper-asl-1.9.4.jar:/home/anatole/ycsb/core/target/dependency/javax.persistence-api-2.2.jar:/home/anatole/ycsb/core/target/dependency/jnvm-1.0-SNAPSHOT.jar:/home/anatole/ycsb/core/target/dependency/pcj-1.0.jar:/home/anatole/ycsb/core/target/dependency/unsafe-helper-1.0.jar:/home/anatole/ycsb/infinispan/src/main/conf:/home/anatole/ycsb/infinispan/target/infinispan-binding-0.18.0-SNAPSHOT.jar:/home/anatole/ycsb/infinispan/target/dependency/caffeine-2.6.2.jar:/home/anatole/ycsb/infinispan/target/dependency/gson-2.8.2.jar:/home/anatole/ycsb/infinispan/target/dependency/guava-18.0.jar:/home/anatole/ycsb/infinispan/target/dependency/infinispan-cachestore-jnvm-1.0-SNAPSHOT.jar:/home/anatole/ycsb/infinispan/target/dependency/infinispan-cachestore-pcj-1.0-SNAPSHOT.jar:/home/anatole/ycsb/infinispan/target/dependency/infinispan-client-hotrod-9.4.20.Final.jar:/home/anatole/ycsb/infinispan/target/dependency/infinispan-commons-9.4.20.Final.jar:/home/anatole/ycsb/infinispan/target/dependency/infinispan-core-9.4.20.Final.jar:/home/anatole/ycsb/infinispan/target/dependency/javax.persistence-api-2.2.jar:/home/anatole/ycsb/infinispan/target/dependency/jboss-logging-3.3.2.Final.jar:/home/anatole/ycsb/infinispan/target/dependency/jboss-marshalling-osgi-2.0.6.Final.jar:/home/anatole/ycsb/infinispan/target/dependency/jboss-transaction-api_1.2_spec-1.1.1.Final.jar:/home/anatole/ycsb/infinispan/target/dependency/jgroups-4.0.21.Final.jar:/home/anatole/ycsb/infinispan/target/dependency/jnvm-1.0-SNAPSHOT.jar:/home/anatole/ycsb/infinispan/target/dependency/metainf-services-1.7.jar:/home/anatole/ycsb/infinispan/target/dependency/netty-buffer-4.1.51.Final.jar:/home/anatole/ycsb/infinispan/target/dependency/netty-codec-4.1.51.Final.jar:/home/anatole/ycsb/infinispan/target/dependency/netty-common-4.1.51.Final.jar:/home/anatole/ycsb/infinispan/target/dependency/netty-handler-4.1.51.Final.jar:/home/anatole/ycsb/infinispan/target/dependency/netty-resolver-4.1.51.Final.jar:/home/anatole/ycsb/infinispan/target/dependency/netty-transport-4.1.51.Final.jar:/home/anatole/ycsb/infinispan/target/dependency/netty-transport-native-epoll-4.1.51.Final-linux-x86_64.jar:/home/anatole/ycsb/infinispan/target/dependency/netty-transport-native-unix-common-4.1.51.Final.jar:/home/anatole/ycsb/infinispan/target/dependency/pcj-1.0.jar:/home/anatole/ycsb/infinispan/target/dependency/reactive-streams-1.0.2.jar:/home/anatole/ycsb/infinispan/target/dependency/rxjava-2.2.4.jar:/home/anatole/ycsb/infinispan/target/dependency/unsafe-helper-1.0.jar site.ycsb.Client -t -db site.ycsb.db.InfinispanJNVMClient -P ../workloads/workloada -preload -s -threads 2 -p dataintegrity=true -p offheap=true -p pcj=false -p recordcount=1000000 -p operationcount=6000000 -p fieldcount=10 -p fieldlength=100 -p requestdistribution=zipfian -p measurement.trackjvm=true -p measurementtype=hdrhistogram -p hdrhistogram.output.path=./out/exp5.concurrent.ref/log/infinispan-jnvm.run.workloada.true.1000000.1.10.100.zipfian.2.false..default.default.none.r5.hdr.log
[OVERALL], RunTime(ms), 35136
[OVERALL], Throughput(ops/sec), 199225.86520947175
[TOTAL_GCS_G1_Young_Generation], Count, 38
[TOTAL_GC_TIME_G1_Young_Generation], Time(ms), 3837
[TOTAL_GC_TIME_%_G1_Young_Generation], Time(%), 10.92042349726776
[TOTAL_GCS_G1_Old_Generation], Count, 0
[TOTAL_GC_TIME_G1_Old_Generation], Time(ms), 0
[TOTAL_GC_TIME_%_G1_Old_Generation], Time(%), 0.0
[TOTAL_GCs], Count, 38
[TOTAL_GC_TIME], Time(ms), 3837
[TOTAL_GC_TIME_%], Time(%), 10.92042349726776
[MAX_MEM_USED], MBs, 4650
[MIN_MEM_USED], MBs, 52
[MAX_THREADS], Count, 8
[MIN_THREADS], Count, 4
[MAX_SYS_LOAD_AVG], Load, 5.28
[MIN_SYS_LOAD_AVG], Load, 4.47
[THREAD_COUNT], Operations, 5
[THREAD_COUNT], AverageLatency(ns), 6.4
[THREAD_COUNT], MinLatency(ns), 4
[THREAD_COUNT], MaxLatency(ns), 8
[THREAD_COUNT], 95thPercentileLatency(ns), 8
[THREAD_COUNT], 99thPercentileLatency(ns), 8
[SYS_LOAD_AVG], Operations, 5
[SYS_LOAD_AVG], AverageLatency(ns), 4.2
[SYS_LOAD_AVG], MinLatency(ns), 4
[SYS_LOAD_AVG], MaxLatency(ns), 5
[SYS_LOAD_AVG], 95thPercentileLatency(ns), 5
[SYS_LOAD_AVG], 99thPercentileLatency(ns), 5
[LOAD], Operations, 2
[LOAD], AverageLatency(ns), 1.886388224E10
[LOAD], MinLatency(ns), 18824298496
[LOAD], MaxLatency(ns), 18903465983
[LOAD], 95thPercentileLatency(ns), 18903465983
[LOAD], 99thPercentileLatency(ns), 18903465983
[USED_MEM_MB], Operations, 5
[USED_MEM_MB], AverageLatency(ns), 2946.2
[USED_MEM_MB], MinLatency(ns), 52
[USED_MEM_MB], MaxLatency(ns), 4650
[USED_MEM_MB], 95thPercentileLatency(ns), 4650
[USED_MEM_MB], 99thPercentileLatency(ns), 4650
[MAIN_GCs_Count], Operations, 2
[MAIN_GCs_Count], AverageLatency(ns), 12.0
[MAIN_GCs_Count], MinLatency(ns), 12
[MAIN_GCs_Count], MaxLatency(ns), 12
[MAIN_GCs_Count], 95thPercentileLatency(ns), 12
[MAIN_GCs_Count], 99thPercentileLatency(ns), 12
[MAIN_GCs_Time(ms)], Operations, 2
[MAIN_GCs_Time(ms)], AverageLatency(ns), 1853.0
[MAIN_GCs_Time(ms)], MinLatency(ns), 1853
[MAIN_GCs_Time(ms)], MaxLatency(ns), 1853
[MAIN_GCs_Time(ms)], 95thPercentileLatency(ns), 1853
[MAIN_GCs_Time(ms)], 99thPercentileLatency(ns), 1853
[TRANSACTION], Operations, 2
[TRANSACTION], AverageLatency(ns), 1.4414053376E10
[TRANSACTION], MinLatency(ns), 14340259840
[TRANSACTION], MaxLatency(ns), 14487846911
[TRANSACTION], 95thPercentileLatency(ns), 14487846911
[TRANSACTION], 99thPercentileLatency(ns), 14487846911
[GCS_TIME], Operations, 5
[GCS_TIME], AverageLatency(ns), 767.4
[GCS_TIME], MinLatency(ns), 0
[GCS_TIME], MaxLatency(ns), 1211
[GCS_TIME], 95thPercentileLatency(ns), 1211
[GCS_TIME], 99thPercentileLatency(ns), 1211
[LOAD_GCs_Time(ms)], Operations, 2
[LOAD_GCs_Time(ms)], AverageLatency(ns), 1963.0
[LOAD_GCs_Time(ms)], MinLatency(ns), 1963
[LOAD_GCs_Time(ms)], MaxLatency(ns), 1963
[LOAD_GCs_Time(ms)], 95thPercentileLatency(ns), 1963
[LOAD_GCs_Time(ms)], 99thPercentileLatency(ns), 1963
[READ], Operations, 2998752
[READ], AverageLatency(ns), 2145.9645115701464
[READ], MinLatency(ns), 232
[READ], MaxLatency(ns), 168023039
[READ], 95thPercentileLatency(ns), 2685
[READ], 99thPercentileLatency(ns), 3966
[READ], Return=OK, 2998752
[INIT], Operations, 2
[INIT], AverageLatency(ns), 1.674919936E9
[INIT], MinLatency(ns), 1674887168
[INIT], MaxLatency(ns), 1674952703
[INIT], 95thPercentileLatency(ns), 1674952703
[INIT], 99thPercentileLatency(ns), 1674952703
[GCS], Operations, 5
[GCS], AverageLatency(ns), 7.6
[GCS], MinLatency(ns), 0
[GCS], MaxLatency(ns), 19
[GCS], 95thPercentileLatency(ns), 19
[GCS], 99thPercentileLatency(ns), 19
[LOAD_GCs_Count], Operations, 2
[LOAD_GCs_Count], AverageLatency(ns), 25.0
[LOAD_GCs_Count], MinLatency(ns), 25
[LOAD_GCs_Count], MaxLatency(ns), 25
[LOAD_GCs_Count], 95thPercentileLatency(ns), 25
[LOAD_GCs_Count], 99thPercentileLatency(ns), 25
[CLEANUP], Operations, 2
[CLEANUP], AverageLatency(ns), 7.6198104E7
[CLEANUP], MinLatency(ns), 8218528
[CLEANUP], MaxLatency(ns), 144178175
[CLEANUP], 95thPercentileLatency(ns), 144178175
[CLEANUP], 99thPercentileLatency(ns), 144178175
[INSERT], Operations, 1000000
[INSERT], AverageLatency(ns), 12632.520271
[INSERT], MinLatency(ns), 2560
[INSERT], MaxLatency(ns), 150884351
[INSERT], 95thPercentileLatency(ns), 11971
[INSERT], 99thPercentileLatency(ns), 31126
[INSERT], Return=OK, 1000000
[UPDATE], Operations, 3001248
[UPDATE], AverageLatency(ns), 3061.8099767163526
[UPDATE], MinLatency(ns), 339
[UPDATE], MaxLatency(ns), 239423487
[UPDATE], 95thPercentileLatency(ns), 3729
[UPDATE], 99thPercentileLatency(ns), 5099
[UPDATE], Return=OK, 3001248
