/home/anatole/jdk8u/build/linux-x86_64-normal-server-release/jdk/bin/java -Xmx20g -XX:+UseG1GC -classpath /home/anatole/ycsb/conf:/home/anatole/ycsb/core/target/core-0.18.0-SNAPSHOT.jar:/home/anatole/ycsb/core/target/dependency/HdrHistogram-2.1.4.jar:/home/anatole/ycsb/core/target/dependency/guava-18.0.jar:/home/anatole/ycsb/core/target/dependency/htrace-core4-4.1.0-incubating.jar:/home/anatole/ycsb/core/target/dependency/jackson-core-asl-1.9.4.jar:/home/anatole/ycsb/core/target/dependency/jackson-mapper-asl-1.9.4.jar:/home/anatole/ycsb/core/target/dependency/javax.persistence-api-2.2.jar:/home/anatole/ycsb/core/target/dependency/jnvm-1.0-SNAPSHOT.jar:/home/anatole/ycsb/core/target/dependency/pcj-1.0.jar:/home/anatole/ycsb/core/target/dependency/unsafe-helper-1.0.jar:/home/anatole/ycsb/infinispan/src/main/conf:/home/anatole/ycsb/infinispan/target/infinispan-binding-0.18.0-SNAPSHOT.jar:/home/anatole/ycsb/infinispan/target/dependency/caffeine-2.6.2.jar:/home/anatole/ycsb/infinispan/target/dependency/gson-2.8.2.jar:/home/anatole/ycsb/infinispan/target/dependency/guava-18.0.jar:/home/anatole/ycsb/infinispan/target/dependency/infinispan-cachestore-jnvm-1.0-SNAPSHOT.jar:/home/anatole/ycsb/infinispan/target/dependency/infinispan-cachestore-pcj-1.0-SNAPSHOT.jar:/home/anatole/ycsb/infinispan/target/dependency/infinispan-client-hotrod-9.4.20.Final.jar:/home/anatole/ycsb/infinispan/target/dependency/infinispan-commons-9.4.20.Final.jar:/home/anatole/ycsb/infinispan/target/dependency/infinispan-core-9.4.20.Final.jar:/home/anatole/ycsb/infinispan/target/dependency/javax.persistence-api-2.2.jar:/home/anatole/ycsb/infinispan/target/dependency/jboss-logging-3.3.2.Final.jar:/home/anatole/ycsb/infinispan/target/dependency/jboss-marshalling-osgi-2.0.6.Final.jar:/home/anatole/ycsb/infinispan/target/dependency/jboss-transaction-api_1.2_spec-1.1.1.Final.jar:/home/anatole/ycsb/infinispan/target/dependency/jgroups-4.0.21.Final.jar:/home/anatole/ycsb/infinispan/target/dependency/jnvm-1.0-SNAPSHOT.jar:/home/anatole/ycsb/infinispan/target/dependency/metainf-services-1.7.jar:/home/anatole/ycsb/infinispan/target/dependency/netty-buffer-4.1.51.Final.jar:/home/anatole/ycsb/infinispan/target/dependency/netty-codec-4.1.51.Final.jar:/home/anatole/ycsb/infinispan/target/dependency/netty-common-4.1.51.Final.jar:/home/anatole/ycsb/infinispan/target/dependency/netty-handler-4.1.51.Final.jar:/home/anatole/ycsb/infinispan/target/dependency/netty-resolver-4.1.51.Final.jar:/home/anatole/ycsb/infinispan/target/dependency/netty-transport-4.1.51.Final.jar:/home/anatole/ycsb/infinispan/target/dependency/netty-transport-native-epoll-4.1.51.Final-linux-x86_64.jar:/home/anatole/ycsb/infinispan/target/dependency/netty-transport-native-unix-common-4.1.51.Final.jar:/home/anatole/ycsb/infinispan/target/dependency/pcj-1.0.jar:/home/anatole/ycsb/infinispan/target/dependency/reactive-streams-1.0.2.jar:/home/anatole/ycsb/infinispan/target/dependency/rxjava-2.2.4.jar:/home/anatole/ycsb/infinispan/target/dependency/unsafe-helper-1.0.jar site.ycsb.Client -t -db site.ycsb.db.InfinispanJNVMClient -P ../workloads/workloada -preload -s -threads 16 -p dataintegrity=true -p offheap=true -p pcj=false -p recordcount=1000000 -p operationcount=48000000 -p fieldcount=10 -p fieldlength=100 -p requestdistribution=zipfian -p measurement.trackjvm=true -p measurementtype=hdrhistogram -p hdrhistogram.output.path=./out/exp5.concurrent.ref/log/infinispan-jnvm.run.workloada.true.1000000.1.10.100.zipfian.16.false..default.default.none.r5.hdr.log
[OVERALL], RunTime(ms), 70843
[OVERALL], Throughput(ops/sec), 691670.3132278419
[TOTAL_GCS_G1_Young_Generation], Count, 148
[TOTAL_GC_TIME_G1_Young_Generation], Time(ms), 22185
[TOTAL_GC_TIME_%_G1_Young_Generation], Time(%), 31.315726324407496
[TOTAL_GCS_G1_Old_Generation], Count, 0
[TOTAL_GC_TIME_G1_Old_Generation], Time(ms), 0
[TOTAL_GC_TIME_%_G1_Old_Generation], Time(%), 0.0
[TOTAL_GCs], Count, 148
[TOTAL_GC_TIME], Time(ms), 22185
[TOTAL_GC_TIME_%], Time(%), 31.315726324407496
[MAX_MEM_USED], MBs, 6443
[MIN_MEM_USED], MBs, 70
[MAX_THREADS], Count, 22
[MIN_THREADS], Count, 4
[MAX_SYS_LOAD_AVG], Load, 21.2
[MIN_SYS_LOAD_AVG], Load, 18.88
[THREAD_COUNT], Operations, 9
[THREAD_COUNT], AverageLatency(ns), 17.555555555555557
[THREAD_COUNT], MinLatency(ns), 4
[THREAD_COUNT], MaxLatency(ns), 22
[THREAD_COUNT], 95thPercentileLatency(ns), 22
[THREAD_COUNT], 99thPercentileLatency(ns), 22
[SYS_LOAD_AVG], Operations, 9
[SYS_LOAD_AVG], AverageLatency(ns), 19.77777777777778
[SYS_LOAD_AVG], MinLatency(ns), 18
[SYS_LOAD_AVG], MaxLatency(ns), 21
[SYS_LOAD_AVG], 95thPercentileLatency(ns), 21
[SYS_LOAD_AVG], 99thPercentileLatency(ns), 21
[LOAD], Operations, 16
[LOAD], AverageLatency(ns), 1.5005413376E10
[LOAD], MinLatency(ns), 14519828480
[LOAD], MaxLatency(ns), 15197601791
[LOAD], 95thPercentileLatency(ns), 15182594047
[LOAD], 99thPercentileLatency(ns), 15197601791
[USED_MEM_MB], Operations, 9
[USED_MEM_MB], AverageLatency(ns), 4507.222222222223
[USED_MEM_MB], MinLatency(ns), 70
[USED_MEM_MB], MaxLatency(ns), 6443
[USED_MEM_MB], 95thPercentileLatency(ns), 6443
[USED_MEM_MB], 99thPercentileLatency(ns), 6443
[MAIN_GCs_Count], Operations, 16
[MAIN_GCs_Count], AverageLatency(ns), 122.625
[MAIN_GCs_Count], MinLatency(ns), 122
[MAIN_GCs_Count], MaxLatency(ns), 123
[MAIN_GCs_Count], 95thPercentileLatency(ns), 123
[MAIN_GCs_Count], 99thPercentileLatency(ns), 123
[MAIN_GCs_Time(ms)], Operations, 16
[MAIN_GCs_Time(ms)], AverageLatency(ns), 20251.5
[MAIN_GCs_Time(ms)], MinLatency(ns), 20134
[MAIN_GCs_Time(ms)], MaxLatency(ns), 20322
[MAIN_GCs_Time(ms)], 95thPercentileLatency(ns), 20322
[MAIN_GCs_Time(ms)], 99thPercentileLatency(ns), 20322
[TRANSACTION], Operations, 16
[TRANSACTION], AverageLatency(ns), 5.3599813632E10
[TRANSACTION], MinLatency(ns), 53231484928
[TRANSACTION], MaxLatency(ns), 53822619647
[TRANSACTION], 95thPercentileLatency(ns), 53810298879
[TRANSACTION], 99thPercentileLatency(ns), 53822619647
[GCS_TIME], Operations, 9
[GCS_TIME], AverageLatency(ns), 2465.0
[GCS_TIME], MinLatency(ns), 0
[GCS_TIME], MaxLatency(ns), 3996
[GCS_TIME], 95thPercentileLatency(ns), 3996
[GCS_TIME], 99thPercentileLatency(ns), 3996
[LOAD_GCs_Time(ms)], Operations, 16
[LOAD_GCs_Time(ms)], AverageLatency(ns), 1831.0
[LOAD_GCs_Time(ms)], MinLatency(ns), 1831
[LOAD_GCs_Time(ms)], MaxLatency(ns), 1831
[LOAD_GCs_Time(ms)], 95thPercentileLatency(ns), 1831
[LOAD_GCs_Time(ms)], 99thPercentileLatency(ns), 1831
[READ], Operations, 23997048
[READ], AverageLatency(ns), 10938.951015683262
[READ], MinLatency(ns), 239
[READ], MaxLatency(ns), 203240447
[READ], 95thPercentileLatency(ns), 33374
[READ], 99thPercentileLatency(ns), 46314
[READ], Return=OK, 23997048
[INIT], Operations, 16
[INIT], AverageLatency(ns), 1.648338432E9
[INIT], MinLatency(ns), 1645346816
[INIT], MaxLatency(ns), 1652301823
[INIT], 95thPercentileLatency(ns), 1651376127
[INIT], 99thPercentileLatency(ns), 1652301823
[GCS], Operations, 9
[GCS], AverageLatency(ns), 16.444444444444443
[GCS], MinLatency(ns), 0
[GCS], MaxLatency(ns), 24
[GCS], 95thPercentileLatency(ns), 24
[GCS], 99thPercentileLatency(ns), 24
[LOAD_GCs_Count], Operations, 16
[LOAD_GCs_Count], AverageLatency(ns), 23.0
[LOAD_GCs_Count], MinLatency(ns), 23
[LOAD_GCs_Count], MaxLatency(ns), 23
[LOAD_GCs_Count], 95thPercentileLatency(ns), 23
[LOAD_GCs_Count], 99thPercentileLatency(ns), 23
[CLEANUP], Operations, 16
[CLEANUP], AverageLatency(ns), 2.23762367E8
[CLEANUP], MinLatency(ns), 5537824
[CLEANUP], MaxLatency(ns), 550203391
[CLEANUP], 95thPercentileLatency(ns), 471316479
[CLEANUP], 99thPercentileLatency(ns), 550203391
[INSERT], Operations, 1000000
[INSERT], AverageLatency(ns), 92707.60688
[INSERT], MinLatency(ns), 2864
[INSERT], MaxLatency(ns), 192561151
[INSERT], 95thPercentileLatency(ns), 74517
[INSERT], 99thPercentileLatency(ns), 2464319
[INSERT], Return=OK, 1000000
[UPDATE], Operations, 24002952
[UPDATE], AverageLatency(ns), 13457.564017000908
[UPDATE], MinLatency(ns), 322
[UPDATE], MaxLatency(ns), 203601919
[UPDATE], 95thPercentileLatency(ns), 34958
[UPDATE], 99thPercentileLatency(ns), 47577
[UPDATE], Return=OK, 24002952
