/home/anatole/jdk8u/build/linux-x86_64-normal-server-release/jdk/bin/java -Xmx20g -XX:+UseG1GC -classpath /home/anatole/ycsb/conf:/home/anatole/ycsb/core/target/core-0.18.0-SNAPSHOT.jar:/home/anatole/ycsb/core/target/dependency/HdrHistogram-2.1.4.jar:/home/anatole/ycsb/core/target/dependency/guava-18.0.jar:/home/anatole/ycsb/core/target/dependency/htrace-core4-4.1.0-incubating.jar:/home/anatole/ycsb/core/target/dependency/jackson-core-asl-1.9.4.jar:/home/anatole/ycsb/core/target/dependency/jackson-mapper-asl-1.9.4.jar:/home/anatole/ycsb/core/target/dependency/javax.persistence-api-2.2.jar:/home/anatole/ycsb/core/target/dependency/jnvm-1.0-SNAPSHOT.jar:/home/anatole/ycsb/core/target/dependency/pcj-1.0.jar:/home/anatole/ycsb/core/target/dependency/unsafe-helper-1.0.jar:/home/anatole/ycsb/infinispan/src/main/conf:/home/anatole/ycsb/infinispan/target/infinispan-binding-0.18.0-SNAPSHOT.jar:/home/anatole/ycsb/infinispan/target/dependency/caffeine-2.6.2.jar:/home/anatole/ycsb/infinispan/target/dependency/gson-2.8.2.jar:/home/anatole/ycsb/infinispan/target/dependency/guava-18.0.jar:/home/anatole/ycsb/infinispan/target/dependency/infinispan-cachestore-jnvm-1.0-SNAPSHOT.jar:/home/anatole/ycsb/infinispan/target/dependency/infinispan-cachestore-pcj-1.0-SNAPSHOT.jar:/home/anatole/ycsb/infinispan/target/dependency/infinispan-client-hotrod-9.4.20.Final.jar:/home/anatole/ycsb/infinispan/target/dependency/infinispan-commons-9.4.20.Final.jar:/home/anatole/ycsb/infinispan/target/dependency/infinispan-core-9.4.20.Final.jar:/home/anatole/ycsb/infinispan/target/dependency/javax.persistence-api-2.2.jar:/home/anatole/ycsb/infinispan/target/dependency/jboss-logging-3.3.2.Final.jar:/home/anatole/ycsb/infinispan/target/dependency/jboss-marshalling-osgi-2.0.6.Final.jar:/home/anatole/ycsb/infinispan/target/dependency/jboss-transaction-api_1.2_spec-1.1.1.Final.jar:/home/anatole/ycsb/infinispan/target/dependency/jgroups-4.0.21.Final.jar:/home/anatole/ycsb/infinispan/target/dependency/jnvm-1.0-SNAPSHOT.jar:/home/anatole/ycsb/infinispan/target/dependency/metainf-services-1.7.jar:/home/anatole/ycsb/infinispan/target/dependency/netty-buffer-4.1.51.Final.jar:/home/anatole/ycsb/infinispan/target/dependency/netty-codec-4.1.51.Final.jar:/home/anatole/ycsb/infinispan/target/dependency/netty-common-4.1.51.Final.jar:/home/anatole/ycsb/infinispan/target/dependency/netty-handler-4.1.51.Final.jar:/home/anatole/ycsb/infinispan/target/dependency/netty-resolver-4.1.51.Final.jar:/home/anatole/ycsb/infinispan/target/dependency/netty-transport-4.1.51.Final.jar:/home/anatole/ycsb/infinispan/target/dependency/netty-transport-native-epoll-4.1.51.Final-linux-x86_64.jar:/home/anatole/ycsb/infinispan/target/dependency/netty-transport-native-unix-common-4.1.51.Final.jar:/home/anatole/ycsb/infinispan/target/dependency/pcj-1.0.jar:/home/anatole/ycsb/infinispan/target/dependency/reactive-streams-1.0.2.jar:/home/anatole/ycsb/infinispan/target/dependency/rxjava-2.2.4.jar:/home/anatole/ycsb/infinispan/target/dependency/unsafe-helper-1.0.jar site.ycsb.Client -t -db site.ycsb.db.InfinispanJNVMClient -P ../workloads/workloada -preload -s -threads 16 -p dataintegrity=true -p offheap=true -p pcj=false -p recordcount=1000000 -p operationcount=48000000 -p fieldcount=10 -p fieldlength=100 -p requestdistribution=zipfian -p measurement.trackjvm=true -p measurementtype=hdrhistogram -p hdrhistogram.output.path=./out/exp5.concurrent.ref/log/infinispan-jnvm.run.workloada.true.1000000.1.10.100.zipfian.16.false..default.default.none.r3.hdr.log
[OVERALL], RunTime(ms), 73941
[OVERALL], Throughput(ops/sec), 662690.5235255136
[TOTAL_GCS_G1_Young_Generation], Count, 150
[TOTAL_GC_TIME_G1_Young_Generation], Time(ms), 21958
[TOTAL_GC_TIME_%_G1_Young_Generation], Time(%), 29.696650031782095
[TOTAL_GCS_G1_Old_Generation], Count, 0
[TOTAL_GC_TIME_G1_Old_Generation], Time(ms), 0
[TOTAL_GC_TIME_%_G1_Old_Generation], Time(%), 0.0
[TOTAL_GCs], Count, 150
[TOTAL_GC_TIME], Time(ms), 21958
[TOTAL_GC_TIME_%], Time(%), 29.696650031782095
[MAX_MEM_USED], MBs, 6380
[MIN_MEM_USED], MBs, 72
[MAX_THREADS], Count, 22
[MIN_THREADS], Count, 4
[MAX_SYS_LOAD_AVG], Load, 18.49
[MIN_SYS_LOAD_AVG], Load, 16.75
[THREAD_COUNT], Operations, 9
[THREAD_COUNT], AverageLatency(ns), 19.555555555555557
[THREAD_COUNT], MinLatency(ns), 4
[THREAD_COUNT], MaxLatency(ns), 22
[THREAD_COUNT], 95thPercentileLatency(ns), 22
[THREAD_COUNT], 99thPercentileLatency(ns), 22
[SYS_LOAD_AVG], Operations, 9
[SYS_LOAD_AVG], AverageLatency(ns), 17.444444444444443
[SYS_LOAD_AVG], MinLatency(ns), 16
[SYS_LOAD_AVG], MaxLatency(ns), 18
[SYS_LOAD_AVG], 95thPercentileLatency(ns), 18
[SYS_LOAD_AVG], 99thPercentileLatency(ns), 18
[LOAD], Operations, 16
[LOAD], AverageLatency(ns), 1.5232237568E10
[LOAD], MinLatency(ns), 14928904192
[LOAD], MaxLatency(ns), 15331819519
[LOAD], 95thPercentileLatency(ns), 15314780159
[LOAD], 99thPercentileLatency(ns), 15331819519
[USED_MEM_MB], Operations, 9
[USED_MEM_MB], AverageLatency(ns), 4632.444444444444
[USED_MEM_MB], MinLatency(ns), 72
[USED_MEM_MB], MaxLatency(ns), 6380
[USED_MEM_MB], 95thPercentileLatency(ns), 6380
[USED_MEM_MB], 99thPercentileLatency(ns), 6380
[MAIN_GCs_Count], Operations, 16
[MAIN_GCs_Count], AverageLatency(ns), 124.6875
[MAIN_GCs_Count], MinLatency(ns), 124
[MAIN_GCs_Count], MaxLatency(ns), 125
[MAIN_GCs_Count], 95thPercentileLatency(ns), 125
[MAIN_GCs_Count], 99thPercentileLatency(ns), 125
[MAIN_GCs_Time(ms)], Operations, 16
[MAIN_GCs_Time(ms)], AverageLatency(ns), 19974.75
[MAIN_GCs_Time(ms)], MinLatency(ns), 19851
[MAIN_GCs_Time(ms)], MaxLatency(ns), 20031
[MAIN_GCs_Time(ms)], 95thPercentileLatency(ns), 20031
[MAIN_GCs_Time(ms)], 99thPercentileLatency(ns), 20031
[TRANSACTION], Operations, 16
[TRANSACTION], AverageLatency(ns), 5.66734848E10
[TRANSACTION], MinLatency(ns), 56346804224
[TRANSACTION], MaxLatency(ns), 56853004287
[TRANSACTION], 95thPercentileLatency(ns), 56846188543
[TRANSACTION], 99thPercentileLatency(ns), 56853004287
[GCS_TIME], Operations, 9
[GCS_TIME], AverageLatency(ns), 2439.777777777778
[GCS_TIME], MinLatency(ns), 0
[GCS_TIME], MaxLatency(ns), 3608
[GCS_TIME], 95thPercentileLatency(ns), 3608
[GCS_TIME], 99thPercentileLatency(ns), 3608
[LOAD_GCs_Time(ms)], Operations, 16
[LOAD_GCs_Time(ms)], AverageLatency(ns), 1896.0
[LOAD_GCs_Time(ms)], MinLatency(ns), 1896
[LOAD_GCs_Time(ms)], MaxLatency(ns), 1896
[LOAD_GCs_Time(ms)], 95thPercentileLatency(ns), 1896
[LOAD_GCs_Time(ms)], 99thPercentileLatency(ns), 1896
[READ], Operations, 24002553
[READ], AverageLatency(ns), 12255.816720371371
[READ], MinLatency(ns), 256
[READ], MaxLatency(ns), 195397631
[READ], 95thPercentileLatency(ns), 40753
[READ], 99thPercentileLatency(ns), 54422
[READ], Return=OK, 24002553
[INIT], Operations, 16
[INIT], AverageLatency(ns), 1.620861952E9
[INIT], MinLatency(ns), 1618075648
[INIT], MaxLatency(ns), 1624563711
[INIT], 95thPercentileLatency(ns), 1624555519
[INIT], 99thPercentileLatency(ns), 1624563711
[GCS], Operations, 9
[GCS], AverageLatency(ns), 16.666666666666668
[GCS], MinLatency(ns), 0
[GCS], MaxLatency(ns), 22
[GCS], 95thPercentileLatency(ns), 22
[GCS], 99thPercentileLatency(ns), 22
[LOAD_GCs_Count], Operations, 16
[LOAD_GCs_Count], AverageLatency(ns), 23.0
[LOAD_GCs_Count], MinLatency(ns), 23
[LOAD_GCs_Count], MaxLatency(ns), 23
[LOAD_GCs_Count], 95thPercentileLatency(ns), 23
[LOAD_GCs_Count], 99thPercentileLatency(ns), 23
[CLEANUP], Operations, 16
[CLEANUP], AverageLatency(ns), 1.81616945E8
[CLEANUP], MinLatency(ns), 5345952
[CLEANUP], MaxLatency(ns), 468488191
[CLEANUP], 95thPercentileLatency(ns), 446855167
[CLEANUP], 99thPercentileLatency(ns), 468488191
[INSERT], Operations, 1000000
[INSERT], AverageLatency(ns), 91593.676127
[INSERT], MinLatency(ns), 4163
[INSERT], MaxLatency(ns), 198188031
[INSERT], 95thPercentileLatency(ns), 72786
[INSERT], 99thPercentileLatency(ns), 2477263
[INSERT], Return=OK, 1000000
[UPDATE], Operations, 23997447
[UPDATE], AverageLatency(ns), 14775.824443491843
[UPDATE], MinLatency(ns), 365
[UPDATE], MaxLatency(ns), 195393535
[UPDATE], 95thPercentileLatency(ns), 42328
[UPDATE], 99thPercentileLatency(ns), 55843
[UPDATE], Return=OK, 23997447
