/home/anatole/jdk8u/build/linux-x86_64-normal-server-release/jdk/bin/java -Xmx20g -XX:+UseG1GC -classpath /home/anatole/ycsb/conf:/home/anatole/ycsb/core/target/core-0.18.0-SNAPSHOT.jar:/home/anatole/ycsb/core/target/dependency/HdrHistogram-2.1.4.jar:/home/anatole/ycsb/core/target/dependency/guava-18.0.jar:/home/anatole/ycsb/core/target/dependency/htrace-core4-4.1.0-incubating.jar:/home/anatole/ycsb/core/target/dependency/jackson-core-asl-1.9.4.jar:/home/anatole/ycsb/core/target/dependency/jackson-mapper-asl-1.9.4.jar:/home/anatole/ycsb/core/target/dependency/javax.persistence-api-2.2.jar:/home/anatole/ycsb/core/target/dependency/jnvm-1.0-SNAPSHOT.jar:/home/anatole/ycsb/core/target/dependency/pcj-1.0.jar:/home/anatole/ycsb/core/target/dependency/unsafe-helper-1.0.jar:/home/anatole/ycsb/infinispan/src/main/conf:/home/anatole/ycsb/infinispan/target/infinispan-binding-0.18.0-SNAPSHOT.jar:/home/anatole/ycsb/infinispan/target/dependency/caffeine-2.6.2.jar:/home/anatole/ycsb/infinispan/target/dependency/gson-2.8.2.jar:/home/anatole/ycsb/infinispan/target/dependency/guava-18.0.jar:/home/anatole/ycsb/infinispan/target/dependency/infinispan-cachestore-jnvm-1.0-SNAPSHOT.jar:/home/anatole/ycsb/infinispan/target/dependency/infinispan-cachestore-pcj-1.0-SNAPSHOT.jar:/home/anatole/ycsb/infinispan/target/dependency/infinispan-client-hotrod-9.4.20.Final.jar:/home/anatole/ycsb/infinispan/target/dependency/infinispan-commons-9.4.20.Final.jar:/home/anatole/ycsb/infinispan/target/dependency/infinispan-core-9.4.20.Final.jar:/home/anatole/ycsb/infinispan/target/dependency/javax.persistence-api-2.2.jar:/home/anatole/ycsb/infinispan/target/dependency/jboss-logging-3.3.2.Final.jar:/home/anatole/ycsb/infinispan/target/dependency/jboss-marshalling-osgi-2.0.6.Final.jar:/home/anatole/ycsb/infinispan/target/dependency/jboss-transaction-api_1.2_spec-1.1.1.Final.jar:/home/anatole/ycsb/infinispan/target/dependency/jgroups-4.0.21.Final.jar:/home/anatole/ycsb/infinispan/target/dependency/jnvm-1.0-SNAPSHOT.jar:/home/anatole/ycsb/infinispan/target/dependency/metainf-services-1.7.jar:/home/anatole/ycsb/infinispan/target/dependency/netty-buffer-4.1.51.Final.jar:/home/anatole/ycsb/infinispan/target/dependency/netty-codec-4.1.51.Final.jar:/home/anatole/ycsb/infinispan/target/dependency/netty-common-4.1.51.Final.jar:/home/anatole/ycsb/infinispan/target/dependency/netty-handler-4.1.51.Final.jar:/home/anatole/ycsb/infinispan/target/dependency/netty-resolver-4.1.51.Final.jar:/home/anatole/ycsb/infinispan/target/dependency/netty-transport-4.1.51.Final.jar:/home/anatole/ycsb/infinispan/target/dependency/netty-transport-native-epoll-4.1.51.Final-linux-x86_64.jar:/home/anatole/ycsb/infinispan/target/dependency/netty-transport-native-unix-common-4.1.51.Final.jar:/home/anatole/ycsb/infinispan/target/dependency/pcj-1.0.jar:/home/anatole/ycsb/infinispan/target/dependency/reactive-streams-1.0.2.jar:/home/anatole/ycsb/infinispan/target/dependency/rxjava-2.2.4.jar:/home/anatole/ycsb/infinispan/target/dependency/unsafe-helper-1.0.jar site.ycsb.Client -t -db site.ycsb.db.InfinispanClient -P ../workloads/workloada -preload -s -threads 24 -p dataintegrity=true -p offheap=false -p pcj=false -p recordcount=1000000 -p operationcount=60000000 -p fieldcount=10 -p fieldlength=100 -p requestdistribution=zipfian -p measurement.trackjvm=true -p measurementtype=hdrhistogram -p hdrhistogram.output.path=./out/exp5.concurrent.ref/log/infinispan.run.workloada.true.1000000.1000000.10.100.zipfian.24.true..default.default.none.r4.hdr.log
[OVERALL], RunTime(ms), 74626
[OVERALL], Throughput(ops/sec), 817409.4819499906
[TOTAL_GCS_G1_Young_Generation], Count, 178
[TOTAL_GC_TIME_G1_Young_Generation], Time(ms), 28338
[TOTAL_GC_TIME_%_G1_Young_Generation], Time(%), 37.9733604909817
[TOTAL_GCS_G1_Old_Generation], Count, 0
[TOTAL_GC_TIME_G1_Old_Generation], Time(ms), 0
[TOTAL_GC_TIME_%_G1_Old_Generation], Time(%), 0.0
[TOTAL_GCs], Count, 178
[TOTAL_GC_TIME], Time(ms), 28338
[TOTAL_GC_TIME_%], Time(%), 37.9733604909817
[MAX_MEM_USED], MBs, 9478
[MIN_MEM_USED], MBs, 84
[MAX_THREADS], Count, 56
[MIN_THREADS], Count, 4
[MAX_SYS_LOAD_AVG], Load, 24.77
[MIN_SYS_LOAD_AVG], Load, 23.41
[THREAD_COUNT], Operations, 9
[THREAD_COUNT], AverageLatency(ns), 46.888888888888886
[THREAD_COUNT], MinLatency(ns), 4
[THREAD_COUNT], MaxLatency(ns), 56
[THREAD_COUNT], 95thPercentileLatency(ns), 56
[THREAD_COUNT], 99thPercentileLatency(ns), 56
[SYS_LOAD_AVG], Operations, 9
[SYS_LOAD_AVG], AverageLatency(ns), 23.555555555555557
[SYS_LOAD_AVG], MinLatency(ns), 23
[SYS_LOAD_AVG], MaxLatency(ns), 24
[SYS_LOAD_AVG], 95thPercentileLatency(ns), 24
[SYS_LOAD_AVG], 99thPercentileLatency(ns), 24
[LOAD], Operations, 24
[LOAD], AverageLatency(ns), 6.377689088E9
[LOAD], MinLatency(ns), 5661491200
[LOAD], MaxLatency(ns), 6798802943
[LOAD], 95thPercentileLatency(ns), 6797852671
[LOAD], 99thPercentileLatency(ns), 6798802943
[USED_MEM_MB], Operations, 9
[USED_MEM_MB], AverageLatency(ns), 6845.0
[USED_MEM_MB], MinLatency(ns), 84
[USED_MEM_MB], MaxLatency(ns), 9478
[USED_MEM_MB], 95thPercentileLatency(ns), 9478
[USED_MEM_MB], 99thPercentileLatency(ns), 9478
[MAIN_GCs_Count], Operations, 24
[MAIN_GCs_Count], AverageLatency(ns), 150.08333333333334
[MAIN_GCs_Count], MinLatency(ns), 146
[MAIN_GCs_Count], MaxLatency(ns), 152
[MAIN_GCs_Count], 95thPercentileLatency(ns), 152
[MAIN_GCs_Count], 99thPercentileLatency(ns), 152
[MAIN_GCs_Time(ms)], Operations, 24
[MAIN_GCs_Time(ms)], AverageLatency(ns), 25890.0
[MAIN_GCs_Time(ms)], MinLatency(ns), 25276
[MAIN_GCs_Time(ms)], MaxLatency(ns), 26169
[MAIN_GCs_Time(ms)], 95thPercentileLatency(ns), 26169
[MAIN_GCs_Time(ms)], 99thPercentileLatency(ns), 26169
[TRANSACTION], Operations, 24
[TRANSACTION], AverageLatency(ns), 6.5244943701333336E10
[TRANSACTION], MinLatency(ns), 63644631040
[TRANSACTION], MaxLatency(ns), 66209972223
[TRANSACTION], 95thPercentileLatency(ns), 66136047615
[TRANSACTION], 99thPercentileLatency(ns), 66209972223
[GCS_TIME], Operations, 9
[GCS_TIME], AverageLatency(ns), 3148.6666666666665
[GCS_TIME], MinLatency(ns), 0
[GCS_TIME], MaxLatency(ns), 4916
[GCS_TIME], 95thPercentileLatency(ns), 4916
[GCS_TIME], 99thPercentileLatency(ns), 4916
[LOAD_GCs_Time(ms)], Operations, 24
[LOAD_GCs_Time(ms)], AverageLatency(ns), 1950.4166666666667
[LOAD_GCs_Time(ms)], MinLatency(ns), 1643
[LOAD_GCs_Time(ms)], MaxLatency(ns), 2140
[LOAD_GCs_Time(ms)], 95thPercentileLatency(ns), 2140
[LOAD_GCs_Time(ms)], 99thPercentileLatency(ns), 2140
[READ], Operations, 29992888
[READ], AverageLatency(ns), 18851.39069532084
[READ], MinLatency(ns), 203
[READ], MaxLatency(ns), 1138057215
[READ], 95thPercentileLatency(ns), 80504
[READ], 99thPercentileLatency(ns), 99428
[READ], Return=OK, 29992888
[INIT], Operations, 24
[INIT], AverageLatency(ns), 6.340794026666666E8
[INIT], MinLatency(ns), 629219328
[INIT], MaxLatency(ns), 639815679
[INIT], 95thPercentileLatency(ns), 639737855
[INIT], 99thPercentileLatency(ns), 639815679
[GCS], Operations, 9
[GCS], AverageLatency(ns), 19.77777777777778
[GCS], MinLatency(ns), 0
[GCS], MaxLatency(ns), 39
[GCS], 95thPercentileLatency(ns), 39
[GCS], 99thPercentileLatency(ns), 39
[LOAD_GCs_Count], Operations, 24
[LOAD_GCs_Count], AverageLatency(ns), 22.833333333333332
[LOAD_GCs_Count], MinLatency(ns), 21
[LOAD_GCs_Count], MaxLatency(ns), 24
[LOAD_GCs_Count], 95thPercentileLatency(ns), 24
[LOAD_GCs_Count], 99thPercentileLatency(ns), 24
[CLEANUP], Operations, 24
[CLEANUP], AverageLatency(ns), 1.8241093973333333E9
[CLEANUP], MinLatency(ns), 866168832
[CLEANUP], MaxLatency(ns), 3252191231
[CLEANUP], 95thPercentileLatency(ns), 3172286463
[CLEANUP], 99thPercentileLatency(ns), 3252191231
[INSERT], Operations, 1000000
[INSERT], AverageLatency(ns), 74655.514664
[INSERT], MinLatency(ns), 1719
[INSERT], MaxLatency(ns), 338290687
[INSERT], 95thPercentileLatency(ns), 57204
[INSERT], 99thPercentileLatency(ns), 164077
[INSERT], Return=OK, 1000000
[UPDATE], Operations, 30007112
[UPDATE], AverageLatency(ns), 25590.87812809177
[UPDATE], MinLatency(ns), 1686
[UPDATE], MaxLatency(ns), 1137999871
[UPDATE], 95thPercentileLatency(ns), 84818
[UPDATE], 99thPercentileLatency(ns), 105508
[UPDATE], Return=OK, 30007112
