/home/anatole/jdk8u/build/linux-x86_64-normal-server-release/jdk/bin/java -Xmx20g -XX:+UseG1GC -classpath /home/anatole/ycsb/conf:/home/anatole/ycsb/core/target/core-0.18.0-SNAPSHOT.jar:/home/anatole/ycsb/core/target/dependency/HdrHistogram-2.1.4.jar:/home/anatole/ycsb/core/target/dependency/guava-18.0.jar:/home/anatole/ycsb/core/target/dependency/htrace-core4-4.1.0-incubating.jar:/home/anatole/ycsb/core/target/dependency/jackson-core-asl-1.9.4.jar:/home/anatole/ycsb/core/target/dependency/jackson-mapper-asl-1.9.4.jar:/home/anatole/ycsb/core/target/dependency/javax.persistence-api-2.2.jar:/home/anatole/ycsb/core/target/dependency/jnvm-1.0-SNAPSHOT.jar:/home/anatole/ycsb/core/target/dependency/pcj-1.0.jar:/home/anatole/ycsb/core/target/dependency/unsafe-helper-1.0.jar:/home/anatole/ycsb/infinispan/src/main/conf:/home/anatole/ycsb/infinispan/target/infinispan-binding-0.18.0-SNAPSHOT.jar:/home/anatole/ycsb/infinispan/target/dependency/caffeine-2.6.2.jar:/home/anatole/ycsb/infinispan/target/dependency/gson-2.8.2.jar:/home/anatole/ycsb/infinispan/target/dependency/guava-18.0.jar:/home/anatole/ycsb/infinispan/target/dependency/infinispan-cachestore-jnvm-1.0-SNAPSHOT.jar:/home/anatole/ycsb/infinispan/target/dependency/infinispan-cachestore-pcj-1.0-SNAPSHOT.jar:/home/anatole/ycsb/infinispan/target/dependency/infinispan-client-hotrod-9.4.20.Final.jar:/home/anatole/ycsb/infinispan/target/dependency/infinispan-commons-9.4.20.Final.jar:/home/anatole/ycsb/infinispan/target/dependency/infinispan-core-9.4.20.Final.jar:/home/anatole/ycsb/infinispan/target/dependency/javax.persistence-api-2.2.jar:/home/anatole/ycsb/infinispan/target/dependency/jboss-logging-3.3.2.Final.jar:/home/anatole/ycsb/infinispan/target/dependency/jboss-marshalling-osgi-2.0.6.Final.jar:/home/anatole/ycsb/infinispan/target/dependency/jboss-transaction-api_1.2_spec-1.1.1.Final.jar:/home/anatole/ycsb/infinispan/target/dependency/jgroups-4.0.21.Final.jar:/home/anatole/ycsb/infinispan/target/dependency/jnvm-1.0-SNAPSHOT.jar:/home/anatole/ycsb/infinispan/target/dependency/metainf-services-1.7.jar:/home/anatole/ycsb/infinispan/target/dependency/netty-buffer-4.1.51.Final.jar:/home/anatole/ycsb/infinispan/target/dependency/netty-codec-4.1.51.Final.jar:/home/anatole/ycsb/infinispan/target/dependency/netty-common-4.1.51.Final.jar:/home/anatole/ycsb/infinispan/target/dependency/netty-handler-4.1.51.Final.jar:/home/anatole/ycsb/infinispan/target/dependency/netty-resolver-4.1.51.Final.jar:/home/anatole/ycsb/infinispan/target/dependency/netty-transport-4.1.51.Final.jar:/home/anatole/ycsb/infinispan/target/dependency/netty-transport-native-epoll-4.1.51.Final-linux-x86_64.jar:/home/anatole/ycsb/infinispan/target/dependency/netty-transport-native-unix-common-4.1.51.Final.jar:/home/anatole/ycsb/infinispan/target/dependency/pcj-1.0.jar:/home/anatole/ycsb/infinispan/target/dependency/reactive-streams-1.0.2.jar:/home/anatole/ycsb/infinispan/target/dependency/rxjava-2.2.4.jar:/home/anatole/ycsb/infinispan/target/dependency/unsafe-helper-1.0.jar site.ycsb.Client -t -db site.ycsb.db.InfinispanJNVMClient -P ../workloads/workloada -preload -s -threads 20 -p dataintegrity=true -p offheap=true -p pcj=false -p recordcount=1000000 -p operationcount=60000000 -p fieldcount=10 -p fieldlength=100 -p requestdistribution=zipfian -p measurement.trackjvm=true -p measurementtype=hdrhistogram -p hdrhistogram.output.path=./out/exp5.concurrent.ref/log/infinispan-jnvm.run.workloada.true.1000000.1.10.100.zipfian.20.false..default.default.none.r6.hdr.log
[OVERALL], RunTime(ms), 87971
[OVERALL], Throughput(ops/sec), 693410.3284036785
[TOTAL_GCS_G1_Young_Generation], Count, 181
[TOTAL_GC_TIME_G1_Young_Generation], Time(ms), 26519
[TOTAL_GC_TIME_%_G1_Young_Generation], Time(%), 30.145161473667457
[TOTAL_GCS_G1_Old_Generation], Count, 0
[TOTAL_GC_TIME_G1_Old_Generation], Time(ms), 0
[TOTAL_GC_TIME_%_G1_Old_Generation], Time(%), 0.0
[TOTAL_GCs], Count, 181
[TOTAL_GC_TIME], Time(ms), 26519
[TOTAL_GC_TIME_%], Time(%), 30.145161473667457
[MAX_MEM_USED], MBs, 6975
[MIN_MEM_USED], MBs, 74
[MAX_THREADS], Count, 26
[MIN_THREADS], Count, 3
[MAX_SYS_LOAD_AVG], Load, 19.43
[MIN_SYS_LOAD_AVG], Load, 16.27
[THREAD_COUNT], Operations, 10
[THREAD_COUNT], AverageLatency(ns), 23.2
[THREAD_COUNT], MinLatency(ns), 3
[THREAD_COUNT], MaxLatency(ns), 26
[THREAD_COUNT], 95thPercentileLatency(ns), 26
[THREAD_COUNT], 99thPercentileLatency(ns), 26
[SYS_LOAD_AVG], Operations, 10
[SYS_LOAD_AVG], AverageLatency(ns), 17.2
[SYS_LOAD_AVG], MinLatency(ns), 16
[SYS_LOAD_AVG], MaxLatency(ns), 19
[SYS_LOAD_AVG], 95thPercentileLatency(ns), 19
[SYS_LOAD_AVG], 99thPercentileLatency(ns), 19
[LOAD], Operations, 20
[LOAD], AverageLatency(ns), 1.54712408064E10
[LOAD], MinLatency(ns), 15174074368
[LOAD], MaxLatency(ns), 15640428543
[LOAD], 95thPercentileLatency(ns), 15633285119
[LOAD], 99thPercentileLatency(ns), 15640428543
[USED_MEM_MB], Operations, 10
[USED_MEM_MB], AverageLatency(ns), 4766.9
[USED_MEM_MB], MinLatency(ns), 74
[USED_MEM_MB], MaxLatency(ns), 6975
[USED_MEM_MB], 95thPercentileLatency(ns), 6975
[USED_MEM_MB], 99thPercentileLatency(ns), 6975
[MAIN_GCs_Count], Operations, 20
[MAIN_GCs_Count], AverageLatency(ns), 155.25
[MAIN_GCs_Count], MinLatency(ns), 154
[MAIN_GCs_Count], MaxLatency(ns), 156
[MAIN_GCs_Count], 95thPercentileLatency(ns), 156
[MAIN_GCs_Count], 99thPercentileLatency(ns), 156
[MAIN_GCs_Time(ms)], Operations, 20
[MAIN_GCs_Time(ms)], AverageLatency(ns), 24624.35
[MAIN_GCs_Time(ms)], MinLatency(ns), 24428
[MAIN_GCs_Time(ms)], MaxLatency(ns), 24747
[MAIN_GCs_Time(ms)], 95thPercentileLatency(ns), 24747
[MAIN_GCs_Time(ms)], 99thPercentileLatency(ns), 24747
[TRANSACTION], Operations, 20
[TRANSACTION], AverageLatency(ns), 7.02576590848E10
[TRANSACTION], MinLatency(ns), 69827297280
[TRANSACTION], MaxLatency(ns), 70577029119
[TRANSACTION], 95thPercentileLatency(ns), 70542426111
[TRANSACTION], 99thPercentileLatency(ns), 70577029119
[GCS_TIME], Operations, 10
[GCS_TIME], AverageLatency(ns), 2651.9
[GCS_TIME], MinLatency(ns), 0
[GCS_TIME], MaxLatency(ns), 3657
[GCS_TIME], 95thPercentileLatency(ns), 3657
[GCS_TIME], 99thPercentileLatency(ns), 3657
[LOAD_GCs_Time(ms)], Operations, 20
[LOAD_GCs_Time(ms)], AverageLatency(ns), 1739.0
[LOAD_GCs_Time(ms)], MinLatency(ns), 1739
[LOAD_GCs_Time(ms)], MaxLatency(ns), 1739
[LOAD_GCs_Time(ms)], 95thPercentileLatency(ns), 1739
[LOAD_GCs_Time(ms)], 99thPercentileLatency(ns), 1739
[READ], Operations, 29996665
[READ], AverageLatency(ns), 15449.258763632557
[READ], MinLatency(ns), 208
[READ], MaxLatency(ns), 198361087
[READ], 95thPercentileLatency(ns), 59262
[READ], 99thPercentileLatency(ns), 75052
[READ], Return=OK, 29996665
[INIT], Operations, 20
[INIT], AverageLatency(ns), 1.5936507904E9
[INIT], MinLatency(ns), 1590091776
[INIT], MaxLatency(ns), 1598218239
[INIT], 95thPercentileLatency(ns), 1598119935
[INIT], 99thPercentileLatency(ns), 1598218239
[GCS], Operations, 10
[GCS], AverageLatency(ns), 18.1
[GCS], MinLatency(ns), 0
[GCS], MaxLatency(ns), 23
[GCS], 95thPercentileLatency(ns), 23
[GCS], 99thPercentileLatency(ns), 23
[LOAD_GCs_Count], Operations, 20
[LOAD_GCs_Count], AverageLatency(ns), 23.0
[LOAD_GCs_Count], MinLatency(ns), 23
[LOAD_GCs_Count], MaxLatency(ns), 23
[LOAD_GCs_Count], 95thPercentileLatency(ns), 23
[LOAD_GCs_Count], 99thPercentileLatency(ns), 23
[CLEANUP], Operations, 20
[CLEANUP], AverageLatency(ns), 3.242981576E8
[CLEANUP], MinLatency(ns), 6783232
[CLEANUP], MaxLatency(ns), 741654527
[CLEANUP], 95thPercentileLatency(ns), 741629951
[CLEANUP], 99thPercentileLatency(ns), 741654527
[INSERT], Operations, 1000000
[INSERT], AverageLatency(ns), 116349.569281
[INSERT], MinLatency(ns), 5166
[INSERT], MaxLatency(ns), 184524799
[INSERT], 95thPercentileLatency(ns), 97316
[INSERT], 99thPercentileLatency(ns), 3042015
[INSERT], Return=OK, 1000000
[UPDATE], Operations, 30003335
[UPDATE], AverageLatency(ns), 18825.68433919096
[UPDATE], MinLatency(ns), 267
[UPDATE], MaxLatency(ns), 198340607
[UPDATE], 95thPercentileLatency(ns), 61347
[UPDATE], 99thPercentileLatency(ns), 76975
[UPDATE], Return=OK, 30003335
