/home/anatole/jdk8u/build/linux-x86_64-normal-server-release/jdk/bin/java -Xmx20g -XX:+UseG1GC -classpath /home/anatole/ycsb/conf:/home/anatole/ycsb/core/target/core-0.18.0-SNAPSHOT.jar:/home/anatole/ycsb/core/target/dependency/HdrHistogram-2.1.4.jar:/home/anatole/ycsb/core/target/dependency/guava-18.0.jar:/home/anatole/ycsb/core/target/dependency/htrace-core4-4.1.0-incubating.jar:/home/anatole/ycsb/core/target/dependency/jackson-core-asl-1.9.4.jar:/home/anatole/ycsb/core/target/dependency/jackson-mapper-asl-1.9.4.jar:/home/anatole/ycsb/core/target/dependency/javax.persistence-api-2.2.jar:/home/anatole/ycsb/core/target/dependency/jnvm-1.0-SNAPSHOT.jar:/home/anatole/ycsb/core/target/dependency/pcj-1.0.jar:/home/anatole/ycsb/core/target/dependency/unsafe-helper-1.0.jar:/home/anatole/ycsb/infinispan/src/main/conf:/home/anatole/ycsb/infinispan/target/infinispan-binding-0.18.0-SNAPSHOT.jar:/home/anatole/ycsb/infinispan/target/dependency/caffeine-2.6.2.jar:/home/anatole/ycsb/infinispan/target/dependency/gson-2.8.2.jar:/home/anatole/ycsb/infinispan/target/dependency/guava-18.0.jar:/home/anatole/ycsb/infinispan/target/dependency/infinispan-cachestore-jnvm-1.0-SNAPSHOT.jar:/home/anatole/ycsb/infinispan/target/dependency/infinispan-cachestore-pcj-1.0-SNAPSHOT.jar:/home/anatole/ycsb/infinispan/target/dependency/infinispan-client-hotrod-9.4.20.Final.jar:/home/anatole/ycsb/infinispan/target/dependency/infinispan-commons-9.4.20.Final.jar:/home/anatole/ycsb/infinispan/target/dependency/infinispan-core-9.4.20.Final.jar:/home/anatole/ycsb/infinispan/target/dependency/javax.persistence-api-2.2.jar:/home/anatole/ycsb/infinispan/target/dependency/jboss-logging-3.3.2.Final.jar:/home/anatole/ycsb/infinispan/target/dependency/jboss-marshalling-osgi-2.0.6.Final.jar:/home/anatole/ycsb/infinispan/target/dependency/jboss-transaction-api_1.2_spec-1.1.1.Final.jar:/home/anatole/ycsb/infinispan/target/dependency/jgroups-4.0.21.Final.jar:/home/anatole/ycsb/infinispan/target/dependency/jnvm-1.0-SNAPSHOT.jar:/home/anatole/ycsb/infinispan/target/dependency/metainf-services-1.7.jar:/home/anatole/ycsb/infinispan/target/dependency/netty-buffer-4.1.51.Final.jar:/home/anatole/ycsb/infinispan/target/dependency/netty-codec-4.1.51.Final.jar:/home/anatole/ycsb/infinispan/target/dependency/netty-common-4.1.51.Final.jar:/home/anatole/ycsb/infinispan/target/dependency/netty-handler-4.1.51.Final.jar:/home/anatole/ycsb/infinispan/target/dependency/netty-resolver-4.1.51.Final.jar:/home/anatole/ycsb/infinispan/target/dependency/netty-transport-4.1.51.Final.jar:/home/anatole/ycsb/infinispan/target/dependency/netty-transport-native-epoll-4.1.51.Final-linux-x86_64.jar:/home/anatole/ycsb/infinispan/target/dependency/netty-transport-native-unix-common-4.1.51.Final.jar:/home/anatole/ycsb/infinispan/target/dependency/pcj-1.0.jar:/home/anatole/ycsb/infinispan/target/dependency/reactive-streams-1.0.2.jar:/home/anatole/ycsb/infinispan/target/dependency/rxjava-2.2.4.jar:/home/anatole/ycsb/infinispan/target/dependency/unsafe-helper-1.0.jar site.ycsb.Client -t -db site.ycsb.db.InfinispanClient -P ../workloads/workloadc -preload -s -threads 2 -p dataintegrity=true -p offheap=false -p pcj=false -p recordcount=1000000 -p operationcount=6000000 -p fieldcount=10 -p fieldlength=100 -p requestdistribution=zipfian -p measurement.trackjvm=true -p measurementtype=hdrhistogram -p hdrhistogram.output.path=./out/exp5.concurrent.ref/log/infinispan.run.workloadc.true.1000000.1000000.10.100.zipfian.2.true..default.default.none.r4.hdr.log
[OVERALL], RunTime(ms), 16420
[OVERALL], Throughput(ops/sec), 426309.37880633376
[TOTAL_GCS_G1_Young_Generation], Count, 28
[TOTAL_GC_TIME_G1_Young_Generation], Time(ms), 2318
[TOTAL_GC_TIME_%_G1_Young_Generation], Time(%), 14.116930572472594
[TOTAL_GCS_G1_Old_Generation], Count, 0
[TOTAL_GC_TIME_G1_Old_Generation], Time(ms), 0
[TOTAL_GC_TIME_%_G1_Old_Generation], Time(%), 0.0
[TOTAL_GCs], Count, 28
[TOTAL_GC_TIME], Time(ms), 2318
[TOTAL_GC_TIME_%], Time(%), 14.116930572472594
[MAX_MEM_USED], MBs, 6514
[MIN_MEM_USED], MBs, 52
[MAX_THREADS], Count, 8
[MIN_THREADS], Count, 4
[MAX_SYS_LOAD_AVG], Load, 6.2
[MIN_SYS_LOAD_AVG], Load, 5.65
[THREAD_COUNT], Operations, 3
[THREAD_COUNT], AverageLatency(ns), 5.333333333333333
[THREAD_COUNT], MinLatency(ns), 4
[THREAD_COUNT], MaxLatency(ns), 8
[THREAD_COUNT], 95thPercentileLatency(ns), 8
[THREAD_COUNT], 99thPercentileLatency(ns), 8
[SYS_LOAD_AVG], Operations, 3
[SYS_LOAD_AVG], AverageLatency(ns), 5.333333333333333
[SYS_LOAD_AVG], MinLatency(ns), 5
[SYS_LOAD_AVG], MaxLatency(ns), 6
[SYS_LOAD_AVG], 95thPercentileLatency(ns), 6
[SYS_LOAD_AVG], 99thPercentileLatency(ns), 6
[LOAD], Operations, 2
[LOAD], AverageLatency(ns), 9.443278848E9
[LOAD], MinLatency(ns), 9434955776
[LOAD], MaxLatency(ns), 9451601919
[LOAD], 95thPercentileLatency(ns), 9451601919
[LOAD], 99thPercentileLatency(ns), 9451601919
[USED_MEM_MB], Operations, 3
[USED_MEM_MB], AverageLatency(ns), 3941.3333333333335
[USED_MEM_MB], MinLatency(ns), 52
[USED_MEM_MB], MaxLatency(ns), 6514
[USED_MEM_MB], 95thPercentileLatency(ns), 6514
[USED_MEM_MB], 99thPercentileLatency(ns), 6514
[MAIN_GCs_Count], Operations, 2
[MAIN_GCs_Count], AverageLatency(ns), 2.0
[MAIN_GCs_Count], MinLatency(ns), 2
[MAIN_GCs_Count], MaxLatency(ns), 2
[MAIN_GCs_Count], 95thPercentileLatency(ns), 2
[MAIN_GCs_Count], 99thPercentileLatency(ns), 2
[MAIN_GCs_Time(ms)], Operations, 2
[MAIN_GCs_Time(ms)], AverageLatency(ns), 182.0
[MAIN_GCs_Time(ms)], MinLatency(ns), 182
[MAIN_GCs_Time(ms)], MaxLatency(ns), 182
[MAIN_GCs_Time(ms)], 95thPercentileLatency(ns), 182
[MAIN_GCs_Time(ms)], 99thPercentileLatency(ns), 182
[TRANSACTION], Operations, 2
[TRANSACTION], AverageLatency(ns), 5.6213504E9
[TRANSACTION], MinLatency(ns), 5520850944
[TRANSACTION], MaxLatency(ns), 5721849855
[TRANSACTION], 95thPercentileLatency(ns), 5721849855
[TRANSACTION], 99thPercentileLatency(ns), 5721849855
[GCS_TIME], Operations, 3
[GCS_TIME], AverageLatency(ns), 772.6666666666666
[GCS_TIME], MinLatency(ns), 0
[GCS_TIME], MaxLatency(ns), 2136
[GCS_TIME], 95thPercentileLatency(ns), 2136
[GCS_TIME], 99thPercentileLatency(ns), 2136
[LOAD_GCs_Time(ms)], Operations, 2
[LOAD_GCs_Time(ms)], AverageLatency(ns), 2116.0
[LOAD_GCs_Time(ms)], MinLatency(ns), 2116
[LOAD_GCs_Time(ms)], MaxLatency(ns), 2116
[LOAD_GCs_Time(ms)], 95thPercentileLatency(ns), 2116
[LOAD_GCs_Time(ms)], 99thPercentileLatency(ns), 2116
[READ], Operations, 6000000
[READ], AverageLatency(ns), 924.8107468333334
[READ], MinLatency(ns), 198
[READ], MaxLatency(ns), 131835391
[READ], 95thPercentileLatency(ns), 3891
[READ], 99thPercentileLatency(ns), 5254
[READ], Return=OK, 6000000
[INIT], Operations, 2
[INIT], AverageLatency(ns), 6.46160384E8
[INIT], MinLatency(ns), 646123520
[INIT], MaxLatency(ns), 646197247
[INIT], 95thPercentileLatency(ns), 646197247
[INIT], 99thPercentileLatency(ns), 646197247
[GCS], Operations, 3
[GCS], AverageLatency(ns), 9.333333333333334
[GCS], MinLatency(ns), 0
[GCS], MaxLatency(ns), 26
[GCS], 95thPercentileLatency(ns), 26
[GCS], 99thPercentileLatency(ns), 26
[LOAD_GCs_Count], Operations, 2
[LOAD_GCs_Count], AverageLatency(ns), 25.0
[LOAD_GCs_Count], MinLatency(ns), 25
[LOAD_GCs_Count], MaxLatency(ns), 25
[LOAD_GCs_Count], 95thPercentileLatency(ns), 25
[LOAD_GCs_Count], 99thPercentileLatency(ns), 25
[CLEANUP], Operations, 2
[CLEANUP], AverageLatency(ns), 6.26663936E8
[CLEANUP], MinLatency(ns), 533432320
[CLEANUP], MaxLatency(ns), 719896575
[CLEANUP], 95thPercentileLatency(ns), 719896575
[CLEANUP], 99thPercentileLatency(ns), 719896575
[INSERT], Operations, 1000000
[INSERT], AverageLatency(ns), 5949.471544
[INSERT], MinLatency(ns), 1650
[INSERT], MaxLatency(ns), 169957375
[INSERT], 95thPercentileLatency(ns), 5272
[INSERT], 99thPercentileLatency(ns), 19021
[INSERT], Return=OK, 1000000
