/home/anatole/jdk8u/build/linux-x86_64-normal-server-release/jdk/bin/java -Xmx20g -XX:+UseG1GC -classpath /home/anatole/ycsb/conf:/home/anatole/ycsb/core/target/core-0.18.0-SNAPSHOT.jar:/home/anatole/ycsb/core/target/dependency/HdrHistogram-2.1.4.jar:/home/anatole/ycsb/core/target/dependency/guava-18.0.jar:/home/anatole/ycsb/core/target/dependency/htrace-core4-4.1.0-incubating.jar:/home/anatole/ycsb/core/target/dependency/jackson-core-asl-1.9.4.jar:/home/anatole/ycsb/core/target/dependency/jackson-mapper-asl-1.9.4.jar:/home/anatole/ycsb/core/target/dependency/javax.persistence-api-2.2.jar:/home/anatole/ycsb/core/target/dependency/jnvm-1.0-SNAPSHOT.jar:/home/anatole/ycsb/core/target/dependency/pcj-1.0.jar:/home/anatole/ycsb/core/target/dependency/unsafe-helper-1.0.jar:/home/anatole/ycsb/infinispan/src/main/conf:/home/anatole/ycsb/infinispan/target/infinispan-binding-0.18.0-SNAPSHOT.jar:/home/anatole/ycsb/infinispan/target/dependency/caffeine-2.6.2.jar:/home/anatole/ycsb/infinispan/target/dependency/gson-2.8.2.jar:/home/anatole/ycsb/infinispan/target/dependency/guava-18.0.jar:/home/anatole/ycsb/infinispan/target/dependency/infinispan-cachestore-jnvm-1.0-SNAPSHOT.jar:/home/anatole/ycsb/infinispan/target/dependency/infinispan-cachestore-pcj-1.0-SNAPSHOT.jar:/home/anatole/ycsb/infinispan/target/dependency/infinispan-client-hotrod-9.4.20.Final.jar:/home/anatole/ycsb/infinispan/target/dependency/infinispan-commons-9.4.20.Final.jar:/home/anatole/ycsb/infinispan/target/dependency/infinispan-core-9.4.20.Final.jar:/home/anatole/ycsb/infinispan/target/dependency/javax.persistence-api-2.2.jar:/home/anatole/ycsb/infinispan/target/dependency/jboss-logging-3.3.2.Final.jar:/home/anatole/ycsb/infinispan/target/dependency/jboss-marshalling-osgi-2.0.6.Final.jar:/home/anatole/ycsb/infinispan/target/dependency/jboss-transaction-api_1.2_spec-1.1.1.Final.jar:/home/anatole/ycsb/infinispan/target/dependency/jgroups-4.0.21.Final.jar:/home/anatole/ycsb/infinispan/target/dependency/jnvm-1.0-SNAPSHOT.jar:/home/anatole/ycsb/infinispan/target/dependency/metainf-services-1.7.jar:/home/anatole/ycsb/infinispan/target/dependency/netty-buffer-4.1.51.Final.jar:/home/anatole/ycsb/infinispan/target/dependency/netty-codec-4.1.51.Final.jar:/home/anatole/ycsb/infinispan/target/dependency/netty-common-4.1.51.Final.jar:/home/anatole/ycsb/infinispan/target/dependency/netty-handler-4.1.51.Final.jar:/home/anatole/ycsb/infinispan/target/dependency/netty-resolver-4.1.51.Final.jar:/home/anatole/ycsb/infinispan/target/dependency/netty-transport-4.1.51.Final.jar:/home/anatole/ycsb/infinispan/target/dependency/netty-transport-native-epoll-4.1.51.Final-linux-x86_64.jar:/home/anatole/ycsb/infinispan/target/dependency/netty-transport-native-unix-common-4.1.51.Final.jar:/home/anatole/ycsb/infinispan/target/dependency/pcj-1.0.jar:/home/anatole/ycsb/infinispan/target/dependency/reactive-streams-1.0.2.jar:/home/anatole/ycsb/infinispan/target/dependency/rxjava-2.2.4.jar:/home/anatole/ycsb/infinispan/target/dependency/unsafe-helper-1.0.jar site.ycsb.Client -t -db site.ycsb.db.InfinispanJNVMClient -P ../workloads/workloadc -preload -s -threads 1 -p dataintegrity=true -p offheap=true -p pcj=false -p recordcount=1000000 -p operationcount=3000000 -p fieldcount=10 -p fieldlength=100 -p requestdistribution=zipfian -p measurement.trackjvm=true -p measurementtype=hdrhistogram -p hdrhistogram.output.path=./out/exp5.concurrent.ref/log/infinispan-jnvm.run.workloadc.true.1000000.1.10.100.zipfian.1.false..default.default.none.r3.hdr.log
[OVERALL], RunTime(ms), 30170
[OVERALL], Throughput(ops/sec), 132582.0351342393
[TOTAL_GCS_G1_Young_Generation], Count, 27
[TOTAL_GC_TIME_G1_Young_Generation], Time(ms), 2173
[TOTAL_GC_TIME_%_G1_Young_Generation], Time(%), 7.2025190586675505
[TOTAL_GCS_G1_Old_Generation], Count, 0
[TOTAL_GC_TIME_G1_Old_Generation], Time(ms), 0
[TOTAL_GC_TIME_%_G1_Old_Generation], Time(%), 0.0
[TOTAL_GCs], Count, 27
[TOTAL_GC_TIME], Time(ms), 2173
[TOTAL_GC_TIME_%], Time(%), 7.2025190586675505
[MAX_MEM_USED], MBs, 3862
[MIN_MEM_USED], MBs, 52
[MAX_THREADS], Count, 7
[MIN_THREADS], Count, 3
[MAX_SYS_LOAD_AVG], Load, 1.63
[MIN_SYS_LOAD_AVG], Load, 1.46
[THREAD_COUNT], Operations, 5
[THREAD_COUNT], AverageLatency(ns), 5.0
[THREAD_COUNT], MinLatency(ns), 3
[THREAD_COUNT], MaxLatency(ns), 7
[THREAD_COUNT], 95thPercentileLatency(ns), 7
[THREAD_COUNT], 99thPercentileLatency(ns), 7
[SYS_LOAD_AVG], Operations, 5
[SYS_LOAD_AVG], AverageLatency(ns), 1.0
[SYS_LOAD_AVG], MinLatency(ns), 1
[SYS_LOAD_AVG], MaxLatency(ns), 1
[SYS_LOAD_AVG], 95thPercentileLatency(ns), 1
[SYS_LOAD_AVG], 99thPercentileLatency(ns), 1
[LOAD], Operations, 1
[LOAD], AverageLatency(ns), 2.283569152E10
[LOAD], MinLatency(ns), 22835625984
[LOAD], MaxLatency(ns), 22835757055
[LOAD], 95thPercentileLatency(ns), 22835757055
[LOAD], 99thPercentileLatency(ns), 22835757055
[USED_MEM_MB], Operations, 5
[USED_MEM_MB], AverageLatency(ns), 2546.4
[USED_MEM_MB], MinLatency(ns), 52
[USED_MEM_MB], MaxLatency(ns), 3862
[USED_MEM_MB], 95thPercentileLatency(ns), 3862
[USED_MEM_MB], 99thPercentileLatency(ns), 3862
[MAIN_GCs_Count], Operations, 1
[MAIN_GCs_Count], AverageLatency(ns), 2.0
[MAIN_GCs_Count], MinLatency(ns), 2
[MAIN_GCs_Count], MaxLatency(ns), 2
[MAIN_GCs_Count], 95thPercentileLatency(ns), 2
[MAIN_GCs_Count], 99thPercentileLatency(ns), 2
[MAIN_GCs_Time(ms)], Operations, 1
[MAIN_GCs_Time(ms)], AverageLatency(ns), 218.0
[MAIN_GCs_Time(ms)], MinLatency(ns), 218
[MAIN_GCs_Time(ms)], MaxLatency(ns), 218
[MAIN_GCs_Time(ms)], 95thPercentileLatency(ns), 218
[MAIN_GCs_Time(ms)], 99thPercentileLatency(ns), 218
[TRANSACTION], Operations, 1
[TRANSACTION], AverageLatency(ns), 5.626052608E9
[TRANSACTION], MinLatency(ns), 5626036224
[TRANSACTION], MaxLatency(ns), 5626068991
[TRANSACTION], 95thPercentileLatency(ns), 5626068991
[TRANSACTION], 99thPercentileLatency(ns), 5626068991
[GCS_TIME], Operations, 5
[GCS_TIME], AverageLatency(ns), 434.6
[GCS_TIME], MinLatency(ns), 0
[GCS_TIME], MaxLatency(ns), 809
[GCS_TIME], 95thPercentileLatency(ns), 809
[GCS_TIME], 99thPercentileLatency(ns), 809
[LOAD_GCs_Time(ms)], Operations, 1
[LOAD_GCs_Time(ms)], AverageLatency(ns), 1934.0
[LOAD_GCs_Time(ms)], MinLatency(ns), 1934
[LOAD_GCs_Time(ms)], MaxLatency(ns), 1934
[LOAD_GCs_Time(ms)], 95thPercentileLatency(ns), 1934
[LOAD_GCs_Time(ms)], 99thPercentileLatency(ns), 1934
[READ], Operations, 3000000
[READ], AverageLatency(ns), 1247.38268
[READ], MinLatency(ns), 218
[READ], MaxLatency(ns), 173299711
[READ], 95thPercentileLatency(ns), 1507
[READ], 99thPercentileLatency(ns), 1755
[READ], Return=OK, 3000000
[INIT], Operations, 1
[INIT], AverageLatency(ns), 1.633202176E9
[INIT], MinLatency(ns), 1633198080
[INIT], MaxLatency(ns), 1633206271
[INIT], 95thPercentileLatency(ns), 1633206271
[INIT], 99thPercentileLatency(ns), 1633206271
[GCS], Operations, 5
[GCS], AverageLatency(ns), 5.4
[GCS], MinLatency(ns), 0
[GCS], MaxLatency(ns), 17
[GCS], 95thPercentileLatency(ns), 17
[GCS], 99thPercentileLatency(ns), 17
[LOAD_GCs_Count], Operations, 1
[LOAD_GCs_Count], AverageLatency(ns), 24.0
[LOAD_GCs_Count], MinLatency(ns), 24
[LOAD_GCs_Count], MaxLatency(ns), 24
[LOAD_GCs_Count], 95thPercentileLatency(ns), 24
[LOAD_GCs_Count], 99thPercentileLatency(ns), 24
[CLEANUP], Operations, 1
[CLEANUP], AverageLatency(ns), 6730672.0
[CLEANUP], MinLatency(ns), 6730656
[CLEANUP], MaxLatency(ns), 6730687
[CLEANUP], 95thPercentileLatency(ns), 6730687
[CLEANUP], 99thPercentileLatency(ns), 6730687
[INSERT], Operations, 1000000
[INSERT], AverageLatency(ns), 6699.262572
[INSERT], MinLatency(ns), 2550
[INSERT], MaxLatency(ns), 161860607
[INSERT], 95thPercentileLatency(ns), 5633
[INSERT], 99thPercentileLatency(ns), 10059
[INSERT], Return=OK, 1000000
