/home/anatole/jdk8u/build/linux-x86_64-normal-server-release/jdk/bin/java -Xmx20g -XX:+UseG1GC -classpath /home/anatole/ycsb/conf:/home/anatole/ycsb/core/target/core-0.18.0-SNAPSHOT.jar:/home/anatole/ycsb/core/target/dependency/HdrHistogram-2.1.4.jar:/home/anatole/ycsb/core/target/dependency/guava-18.0.jar:/home/anatole/ycsb/core/target/dependency/htrace-core4-4.1.0-incubating.jar:/home/anatole/ycsb/core/target/dependency/jackson-core-asl-1.9.4.jar:/home/anatole/ycsb/core/target/dependency/jackson-mapper-asl-1.9.4.jar:/home/anatole/ycsb/core/target/dependency/javax.persistence-api-2.2.jar:/home/anatole/ycsb/core/target/dependency/jnvm-1.0-SNAPSHOT.jar:/home/anatole/ycsb/core/target/dependency/pcj-1.0.jar:/home/anatole/ycsb/core/target/dependency/unsafe-helper-1.0.jar:/home/anatole/ycsb/infinispan/src/main/conf:/home/anatole/ycsb/infinispan/target/infinispan-binding-0.18.0-SNAPSHOT.jar:/home/anatole/ycsb/infinispan/target/dependency/caffeine-2.6.2.jar:/home/anatole/ycsb/infinispan/target/dependency/gson-2.8.2.jar:/home/anatole/ycsb/infinispan/target/dependency/guava-18.0.jar:/home/anatole/ycsb/infinispan/target/dependency/infinispan-cachestore-jnvm-1.0-SNAPSHOT.jar:/home/anatole/ycsb/infinispan/target/dependency/infinispan-cachestore-pcj-1.0-SNAPSHOT.jar:/home/anatole/ycsb/infinispan/target/dependency/infinispan-client-hotrod-9.4.20.Final.jar:/home/anatole/ycsb/infinispan/target/dependency/infinispan-commons-9.4.20.Final.jar:/home/anatole/ycsb/infinispan/target/dependency/infinispan-core-9.4.20.Final.jar:/home/anatole/ycsb/infinispan/target/dependency/javax.persistence-api-2.2.jar:/home/anatole/ycsb/infinispan/target/dependency/jboss-logging-3.3.2.Final.jar:/home/anatole/ycsb/infinispan/target/dependency/jboss-marshalling-osgi-2.0.6.Final.jar:/home/anatole/ycsb/infinispan/target/dependency/jboss-transaction-api_1.2_spec-1.1.1.Final.jar:/home/anatole/ycsb/infinispan/target/dependency/jgroups-4.0.21.Final.jar:/home/anatole/ycsb/infinispan/target/dependency/jnvm-1.0-SNAPSHOT.jar:/home/anatole/ycsb/infinispan/target/dependency/metainf-services-1.7.jar:/home/anatole/ycsb/infinispan/target/dependency/netty-buffer-4.1.51.Final.jar:/home/anatole/ycsb/infinispan/target/dependency/netty-codec-4.1.51.Final.jar:/home/anatole/ycsb/infinispan/target/dependency/netty-common-4.1.51.Final.jar:/home/anatole/ycsb/infinispan/target/dependency/netty-handler-4.1.51.Final.jar:/home/anatole/ycsb/infinispan/target/dependency/netty-resolver-4.1.51.Final.jar:/home/anatole/ycsb/infinispan/target/dependency/netty-transport-4.1.51.Final.jar:/home/anatole/ycsb/infinispan/target/dependency/netty-transport-native-epoll-4.1.51.Final-linux-x86_64.jar:/home/anatole/ycsb/infinispan/target/dependency/netty-transport-native-unix-common-4.1.51.Final.jar:/home/anatole/ycsb/infinispan/target/dependency/pcj-1.0.jar:/home/anatole/ycsb/infinispan/target/dependency/reactive-streams-1.0.2.jar:/home/anatole/ycsb/infinispan/target/dependency/rxjava-2.2.4.jar:/home/anatole/ycsb/infinispan/target/dependency/unsafe-helper-1.0.jar site.ycsb.Client -t -db site.ycsb.db.InfinispanClient -P ../workloads/workloada -preload -s -threads 4 -p dataintegrity=true -p offheap=false -p pcj=false -p recordcount=1000000 -p operationcount=12000000 -p fieldcount=10 -p fieldlength=100 -p requestdistribution=zipfian -p measurement.trackjvm=true -p measurementtype=hdrhistogram -p hdrhistogram.output.path=./out/exp5.concurrent.ref/log/infinispan.run.workloada.true.1000000.100000.10.100.zipfian.4.false..default.default.none.r4.hdr.log
[OVERALL], RunTime(ms), 151600
[OVERALL], Throughput(ops/sec), 85751.97889182057
[TOTAL_GCS_G1_Young_Generation], Count, 62
[TOTAL_GC_TIME_G1_Young_Generation], Time(ms), 7129
[TOTAL_GC_TIME_%_G1_Young_Generation], Time(%), 4.702506596306068
[TOTAL_GCS_G1_Old_Generation], Count, 0
[TOTAL_GC_TIME_G1_Old_Generation], Time(ms), 0
[TOTAL_GC_TIME_%_G1_Old_Generation], Time(%), 0.0
[TOTAL_GCs], Count, 62
[TOTAL_GC_TIME], Time(ms), 7129
[TOTAL_GC_TIME_%], Time(%), 4.702506596306068
[MAX_MEM_USED], MBs, 10394
[MIN_MEM_USED], MBs, 54
[MAX_THREADS], Count, 36
[MIN_THREADS], Count, 3
[MAX_SYS_LOAD_AVG], Load, 7.56
[MIN_SYS_LOAD_AVG], Load, 4.73
[THREAD_COUNT], Operations, 17
[THREAD_COUNT], AverageLatency(ns), 30.294117647058822
[THREAD_COUNT], MinLatency(ns), 3
[THREAD_COUNT], MaxLatency(ns), 36
[THREAD_COUNT], 95thPercentileLatency(ns), 36
[THREAD_COUNT], 99thPercentileLatency(ns), 36
[SYS_LOAD_AVG], Operations, 17
[SYS_LOAD_AVG], AverageLatency(ns), 5.764705882352941
[SYS_LOAD_AVG], MinLatency(ns), 4
[SYS_LOAD_AVG], MaxLatency(ns), 7
[SYS_LOAD_AVG], 95thPercentileLatency(ns), 7
[SYS_LOAD_AVG], 99thPercentileLatency(ns), 7
[LOAD], Operations, 4
[LOAD], AverageLatency(ns), 1.4720499712E10
[LOAD], MinLatency(ns), 14682357760
[LOAD], MaxLatency(ns), 14793506815
[LOAD], 95thPercentileLatency(ns), 14793506815
[LOAD], 99thPercentileLatency(ns), 14793506815
[USED_MEM_MB], Operations, 17
[USED_MEM_MB], AverageLatency(ns), 6051.470588235294
[USED_MEM_MB], MinLatency(ns), 54
[USED_MEM_MB], MaxLatency(ns), 10394
[USED_MEM_MB], 95thPercentileLatency(ns), 9717
[USED_MEM_MB], 99thPercentileLatency(ns), 10394
[MAIN_GCs_Count], Operations, 4
[MAIN_GCs_Count], AverageLatency(ns), 43.0
[MAIN_GCs_Count], MinLatency(ns), 43
[MAIN_GCs_Count], MaxLatency(ns), 43
[MAIN_GCs_Count], 95thPercentileLatency(ns), 43
[MAIN_GCs_Count], 99thPercentileLatency(ns), 43
[MAIN_GCs_Time(ms)], Operations, 4
[MAIN_GCs_Time(ms)], AverageLatency(ns), 6255.0
[MAIN_GCs_Time(ms)], MinLatency(ns), 6255
[MAIN_GCs_Time(ms)], MaxLatency(ns), 6255
[MAIN_GCs_Time(ms)], 95thPercentileLatency(ns), 6255
[MAIN_GCs_Time(ms)], 99thPercentileLatency(ns), 6255
[TRANSACTION], Operations, 4
[TRANSACTION], AverageLatency(ns), 1.34728515584E11
[TRANSACTION], MinLatency(ns), 133842862080
[TRANSACTION], MaxLatency(ns), 135999782911
[TRANSACTION], 95thPercentileLatency(ns), 135999782911
[TRANSACTION], 99thPercentileLatency(ns), 135999782911
[GCS_TIME], Operations, 17
[GCS_TIME], AverageLatency(ns), 419.3529411764706
[GCS_TIME], MinLatency(ns), 0
[GCS_TIME], MaxLatency(ns), 953
[GCS_TIME], 95thPercentileLatency(ns), 681
[GCS_TIME], 99thPercentileLatency(ns), 953
[LOAD_GCs_Time(ms)], Operations, 4
[LOAD_GCs_Time(ms)], AverageLatency(ns), 854.0
[LOAD_GCs_Time(ms)], MinLatency(ns), 854
[LOAD_GCs_Time(ms)], MaxLatency(ns), 854
[LOAD_GCs_Time(ms)], 95thPercentileLatency(ns), 854
[LOAD_GCs_Time(ms)], 99thPercentileLatency(ns), 854
[READ], Operations, 5998774
[READ], AverageLatency(ns), 24008.718704188555
[READ], MinLatency(ns), 197
[READ], MaxLatency(ns), 540123135
[READ], 95thPercentileLatency(ns), 50868
[READ], 99thPercentileLatency(ns), 59440
[READ], Return=OK, 5998774
[INIT], Operations, 4
[INIT], AverageLatency(ns), 6.57833984E8
[INIT], MinLatency(ns), 657461248
[INIT], MaxLatency(ns), 658231295
[INIT], 95thPercentileLatency(ns), 658231295
[INIT], 99thPercentileLatency(ns), 658231295
[GCS], Operations, 17
[GCS], AverageLatency(ns), 3.6470588235294117
[GCS], MinLatency(ns), 0
[GCS], MaxLatency(ns), 17
[GCS], 95thPercentileLatency(ns), 6
[GCS], 99thPercentileLatency(ns), 17
[LOAD_GCs_Count], Operations, 4
[LOAD_GCs_Count], AverageLatency(ns), 18.0
[LOAD_GCs_Count], MinLatency(ns), 18
[LOAD_GCs_Count], MaxLatency(ns), 18
[LOAD_GCs_Count], 95thPercentileLatency(ns), 18
[LOAD_GCs_Count], 99thPercentileLatency(ns), 18
[CLEANUP], Operations, 4
[CLEANUP], AverageLatency(ns), 1.329620768E9
[CLEANUP], MinLatency(ns), 65747968
[CLEANUP], MaxLatency(ns), 2205876223
[CLEANUP], 95thPercentileLatency(ns), 2205876223
[CLEANUP], 99thPercentileLatency(ns), 2205876223
[INSERT], Operations, 1000000
[INSERT], AverageLatency(ns), 48116.270366
[INSERT], MinLatency(ns), 24409
[INSERT], MaxLatency(ns), 111125503
[INSERT], 95thPercentileLatency(ns), 54520
[INSERT], 99thPercentileLatency(ns), 77922
[INSERT], Return=OK, 1000000
[UPDATE], Operations, 6001226
[UPDATE], AverageLatency(ns), 62725.07572419369
[UPDATE], MinLatency(ns), 23250
[UPDATE], MaxLatency(ns), 540180479
[UPDATE], 95thPercentileLatency(ns), 91559
[UPDATE], 99thPercentileLatency(ns), 107230
[UPDATE], Return=OK, 6001226
