/home/anatole/jdk8u/build/linux-x86_64-normal-server-release/jdk/bin/java -Xmx20g -XX:+UseG1GC -classpath /home/anatole/ycsb/conf:/home/anatole/ycsb/core/target/core-0.18.0-SNAPSHOT.jar:/home/anatole/ycsb/core/target/dependency/HdrHistogram-2.1.4.jar:/home/anatole/ycsb/core/target/dependency/guava-18.0.jar:/home/anatole/ycsb/core/target/dependency/htrace-core4-4.1.0-incubating.jar:/home/anatole/ycsb/core/target/dependency/jackson-core-asl-1.9.4.jar:/home/anatole/ycsb/core/target/dependency/jackson-mapper-asl-1.9.4.jar:/home/anatole/ycsb/core/target/dependency/javax.persistence-api-2.2.jar:/home/anatole/ycsb/core/target/dependency/jnvm-1.0-SNAPSHOT.jar:/home/anatole/ycsb/core/target/dependency/pcj-1.0.jar:/home/anatole/ycsb/core/target/dependency/unsafe-helper-1.0.jar:/home/anatole/ycsb/infinispan/src/main/conf:/home/anatole/ycsb/infinispan/target/infinispan-binding-0.18.0-SNAPSHOT.jar:/home/anatole/ycsb/infinispan/target/dependency/caffeine-2.6.2.jar:/home/anatole/ycsb/infinispan/target/dependency/gson-2.8.2.jar:/home/anatole/ycsb/infinispan/target/dependency/guava-18.0.jar:/home/anatole/ycsb/infinispan/target/dependency/infinispan-cachestore-jnvm-1.0-SNAPSHOT.jar:/home/anatole/ycsb/infinispan/target/dependency/infinispan-cachestore-pcj-1.0-SNAPSHOT.jar:/home/anatole/ycsb/infinispan/target/dependency/infinispan-client-hotrod-9.4.20.Final.jar:/home/anatole/ycsb/infinispan/target/dependency/infinispan-commons-9.4.20.Final.jar:/home/anatole/ycsb/infinispan/target/dependency/infinispan-core-9.4.20.Final.jar:/home/anatole/ycsb/infinispan/target/dependency/javax.persistence-api-2.2.jar:/home/anatole/ycsb/infinispan/target/dependency/jboss-logging-3.3.2.Final.jar:/home/anatole/ycsb/infinispan/target/dependency/jboss-marshalling-osgi-2.0.6.Final.jar:/home/anatole/ycsb/infinispan/target/dependency/jboss-transaction-api_1.2_spec-1.1.1.Final.jar:/home/anatole/ycsb/infinispan/target/dependency/jgroups-4.0.21.Final.jar:/home/anatole/ycsb/infinispan/target/dependency/jnvm-1.0-SNAPSHOT.jar:/home/anatole/ycsb/infinispan/target/dependency/metainf-services-1.7.jar:/home/anatole/ycsb/infinispan/target/dependency/netty-buffer-4.1.51.Final.jar:/home/anatole/ycsb/infinispan/target/dependency/netty-codec-4.1.51.Final.jar:/home/anatole/ycsb/infinispan/target/dependency/netty-common-4.1.51.Final.jar:/home/anatole/ycsb/infinispan/target/dependency/netty-handler-4.1.51.Final.jar:/home/anatole/ycsb/infinispan/target/dependency/netty-resolver-4.1.51.Final.jar:/home/anatole/ycsb/infinispan/target/dependency/netty-transport-4.1.51.Final.jar:/home/anatole/ycsb/infinispan/target/dependency/netty-transport-native-epoll-4.1.51.Final-linux-x86_64.jar:/home/anatole/ycsb/infinispan/target/dependency/netty-transport-native-unix-common-4.1.51.Final.jar:/home/anatole/ycsb/infinispan/target/dependency/pcj-1.0.jar:/home/anatole/ycsb/infinispan/target/dependency/reactive-streams-1.0.2.jar:/home/anatole/ycsb/infinispan/target/dependency/rxjava-2.2.4.jar:/home/anatole/ycsb/infinispan/target/dependency/unsafe-helper-1.0.jar site.ycsb.Client -t -db site.ycsb.db.InfinispanClient -P ../workloads/workloada -preload -s -threads 36 -p dataintegrity=true -p offheap=false -p pcj=false -p recordcount=1000000 -p operationcount=60000000 -p fieldcount=10 -p fieldlength=100 -p requestdistribution=zipfian -p measurement.trackjvm=true -p measurementtype=hdrhistogram -p hdrhistogram.output.path=./out/exp5.concurrent.ref/log/infinispan.run.workloada.true.1000000.100000.10.100.zipfian.36.false..default.default.none.r3.hdr.log
[OVERALL], RunTime(ms), 409375
[OVERALL], Throughput(ops/sec), 149007.63358778626
[TOTAL_GCS_G1_Young_Generation], Count, 169
[TOTAL_GC_TIME_G1_Young_Generation], Time(ms), 22995
[TOTAL_GC_TIME_%_G1_Young_Generation], Time(%), 5.617099236641222
[TOTAL_GCS_G1_Old_Generation], Count, 0
[TOTAL_GC_TIME_G1_Old_Generation], Time(ms), 0
[TOTAL_GC_TIME_%_G1_Old_Generation], Time(%), 0.0
[TOTAL_GCs], Count, 169
[TOTAL_GC_TIME], Time(ms), 22995
[TOTAL_GC_TIME_%], Time(%), 5.617099236641222
[MAX_MEM_USED], MBs, 13612
[MIN_MEM_USED], MBs, 102
[MAX_THREADS], Count, 68
[MIN_THREADS], Count, 2
[MAX_SYS_LOAD_AVG], Load, 30.63
[MIN_SYS_LOAD_AVG], Load, 22.87
[THREAD_COUNT], Operations, 42
[THREAD_COUNT], AverageLatency(ns), 63.714285714285715
[THREAD_COUNT], MinLatency(ns), 2
[THREAD_COUNT], MaxLatency(ns), 68
[THREAD_COUNT], 95thPercentileLatency(ns), 68
[THREAD_COUNT], 99thPercentileLatency(ns), 68
[SYS_LOAD_AVG], Operations, 42
[SYS_LOAD_AVG], AverageLatency(ns), 26.261904761904763
[SYS_LOAD_AVG], MinLatency(ns), 22
[SYS_LOAD_AVG], MaxLatency(ns), 30
[SYS_LOAD_AVG], 95thPercentileLatency(ns), 30
[SYS_LOAD_AVG], 99thPercentileLatency(ns), 30
[LOAD], Operations, 36
[LOAD], AverageLatency(ns), 1.3464525937777779E10
[LOAD], MinLatency(ns), 11189420032
[LOAD], MaxLatency(ns), 14254145535
[LOAD], 95thPercentileLatency(ns), 14185660415
[LOAD], 99thPercentileLatency(ns), 14254145535
[USED_MEM_MB], Operations, 42
[USED_MEM_MB], AverageLatency(ns), 6898.190476190476
[USED_MEM_MB], MinLatency(ns), 102
[USED_MEM_MB], MaxLatency(ns), 13612
[USED_MEM_MB], 95thPercentileLatency(ns), 11404
[USED_MEM_MB], 99thPercentileLatency(ns), 13612
[MAIN_GCs_Count], Operations, 36
[MAIN_GCs_Count], AverageLatency(ns), 150.47222222222223
[MAIN_GCs_Count], MinLatency(ns), 149
[MAIN_GCs_Count], MaxLatency(ns), 151
[MAIN_GCs_Count], 95thPercentileLatency(ns), 151
[MAIN_GCs_Count], 99thPercentileLatency(ns), 151
[MAIN_GCs_Time(ms)], Operations, 36
[MAIN_GCs_Time(ms)], AverageLatency(ns), 22099.027777777777
[MAIN_GCs_Time(ms)], MinLatency(ns), 21862
[MAIN_GCs_Time(ms)], MaxLatency(ns), 22184
[MAIN_GCs_Time(ms)], 95thPercentileLatency(ns), 22184
[MAIN_GCs_Time(ms)], 99thPercentileLatency(ns), 22184
[TRANSACTION], Operations, 36
[TRANSACTION], AverageLatency(ns), 3.933384503751111E11
[TRANSACTION], MinLatency(ns), 388593876992
[TRANSACTION], MaxLatency(ns), 394264575999
[TRANSACTION], 95thPercentileLatency(ns), 394094706687
[TRANSACTION], 99thPercentileLatency(ns), 394264575999
[GCS_TIME], Operations, 42
[GCS_TIME], AverageLatency(ns), 547.5
[GCS_TIME], MinLatency(ns), 0
[GCS_TIME], MaxLatency(ns), 750
[GCS_TIME], 95thPercentileLatency(ns), 726
[GCS_TIME], 99thPercentileLatency(ns), 750
[LOAD_GCs_Time(ms)], Operations, 36
[LOAD_GCs_Time(ms)], AverageLatency(ns), 778.7777777777778
[LOAD_GCs_Time(ms)], MinLatency(ns), 713
[LOAD_GCs_Time(ms)], MaxLatency(ns), 787
[LOAD_GCs_Time(ms)], 95thPercentileLatency(ns), 787
[LOAD_GCs_Time(ms)], 99thPercentileLatency(ns), 787
[READ], Operations, 29997638
[READ], AverageLatency(ns), 172975.4032375149
[READ], MinLatency(ns), 207
[READ], MaxLatency(ns), 233438207
[READ], 95thPercentileLatency(ns), 579031
[READ], 99thPercentileLatency(ns), 768919
[READ], Return=OK, 29997638
[INIT], Operations, 36
[INIT], AverageLatency(ns), 6.014212551111112E8
[INIT], MinLatency(ns), 592113664
[INIT], MaxLatency(ns), 626638847
[INIT], 95thPercentileLatency(ns), 609021951
[INIT], 99thPercentileLatency(ns), 626638847
[GCS], Operations, 42
[GCS], AverageLatency(ns), 4.023809523809524
[GCS], MinLatency(ns), 0
[GCS], MaxLatency(ns), 17
[GCS], 95thPercentileLatency(ns), 5
[GCS], 99thPercentileLatency(ns), 17
[LOAD_GCs_Count], Operations, 36
[LOAD_GCs_Count], AverageLatency(ns), 15.88888888888889
[LOAD_GCs_Count], MinLatency(ns), 15
[LOAD_GCs_Count], MaxLatency(ns), 16
[LOAD_GCs_Count], 95thPercentileLatency(ns), 16
[LOAD_GCs_Count], 99thPercentileLatency(ns), 16
[CLEANUP], Operations, 36
[CLEANUP], AverageLatency(ns), 1.0013722382222222E9
[CLEANUP], MinLatency(ns), 75376128
[CLEANUP], MaxLatency(ns), 5723127807
[CLEANUP], 95thPercentileLatency(ns), 2012651519
[CLEANUP], 99thPercentileLatency(ns), 5723127807
[INSERT], Operations, 1000000
[INSERT], AverageLatency(ns), 464857.587975
[INSERT], MinLatency(ns), 23423
[INSERT], MaxLatency(ns), 1044377599
[INSERT], 95thPercentileLatency(ns), 506665
[INSERT], 99thPercentileLatency(ns), 762587
[INSERT], Return=OK, 1000000
[UPDATE], Operations, 30002362
[UPDATE], AverageLatency(ns), 292075.19136566645
[UPDATE], MinLatency(ns), 23512
[UPDATE], MaxLatency(ns), 233469951
[UPDATE], 95thPercentileLatency(ns), 710083
[UPDATE], 99thPercentileLatency(ns), 924783
[UPDATE], Return=OK, 30002362
