/home/anatole/jdk8u/build/linux-x86_64-normal-server-release/jdk/bin/java -Xmx20g -XX:+UseG1GC -classpath /home/anatole/ycsb/conf:/home/anatole/ycsb/core/target/core-0.18.0-SNAPSHOT.jar:/home/anatole/ycsb/core/target/dependency/HdrHistogram-2.1.4.jar:/home/anatole/ycsb/core/target/dependency/guava-18.0.jar:/home/anatole/ycsb/core/target/dependency/htrace-core4-4.1.0-incubating.jar:/home/anatole/ycsb/core/target/dependency/jackson-core-asl-1.9.4.jar:/home/anatole/ycsb/core/target/dependency/jackson-mapper-asl-1.9.4.jar:/home/anatole/ycsb/core/target/dependency/javax.persistence-api-2.2.jar:/home/anatole/ycsb/core/target/dependency/jnvm-1.0-SNAPSHOT.jar:/home/anatole/ycsb/core/target/dependency/pcj-1.0.jar:/home/anatole/ycsb/core/target/dependency/unsafe-helper-1.0.jar:/home/anatole/ycsb/infinispan/src/main/conf:/home/anatole/ycsb/infinispan/target/infinispan-binding-0.18.0-SNAPSHOT.jar:/home/anatole/ycsb/infinispan/target/dependency/caffeine-2.6.2.jar:/home/anatole/ycsb/infinispan/target/dependency/gson-2.8.2.jar:/home/anatole/ycsb/infinispan/target/dependency/guava-18.0.jar:/home/anatole/ycsb/infinispan/target/dependency/infinispan-cachestore-jnvm-1.0-SNAPSHOT.jar:/home/anatole/ycsb/infinispan/target/dependency/infinispan-cachestore-pcj-1.0-SNAPSHOT.jar:/home/anatole/ycsb/infinispan/target/dependency/infinispan-client-hotrod-9.4.17.Final.jar:/home/anatole/ycsb/infinispan/target/dependency/infinispan-commons-9.4.17.Final.jar:/home/anatole/ycsb/infinispan/target/dependency/infinispan-core-9.4.17.Final.jar:/home/anatole/ycsb/infinispan/target/dependency/infinispan-embedded-9.0.1.Final.jar:/home/anatole/ycsb/infinispan/target/dependency/javax.persistence-api-2.2.jar:/home/anatole/ycsb/infinispan/target/dependency/jboss-logging-3.3.2.Final.jar:/home/anatole/ycsb/infinispan/target/dependency/jboss-marshalling-osgi-2.0.6.Final.jar:/home/anatole/ycsb/infinispan/target/dependency/jboss-transaction-api_1.1_spec-1.0.1.Final.jar:/home/anatole/ycsb/infinispan/target/dependency/jboss-transaction-api_1.2_spec-1.1.1.Final.jar:/home/anatole/ycsb/infinispan/target/dependency/jgroups-4.0.20.Final.jar:/home/anatole/ycsb/infinispan/target/dependency/jnvm-1.0-SNAPSHOT.jar:/home/anatole/ycsb/infinispan/target/dependency/metainf-services-1.7.jar:/home/anatole/ycsb/infinispan/target/dependency/netty-buffer-4.1.42.Final.jar:/home/anatole/ycsb/infinispan/target/dependency/netty-codec-4.1.42.Final.jar:/home/anatole/ycsb/infinispan/target/dependency/netty-common-4.1.42.Final.jar:/home/anatole/ycsb/infinispan/target/dependency/netty-handler-4.1.42.Final.jar:/home/anatole/ycsb/infinispan/target/dependency/netty-resolver-4.1.42.Final.jar:/home/anatole/ycsb/infinispan/target/dependency/netty-transport-4.1.42.Final.jar:/home/anatole/ycsb/infinispan/target/dependency/netty-transport-native-epoll-4.1.42.Final-linux-x86_64.jar:/home/anatole/ycsb/infinispan/target/dependency/netty-transport-native-unix-common-4.1.42.Final.jar:/home/anatole/ycsb/infinispan/target/dependency/pcj-1.0.jar:/home/anatole/ycsb/infinispan/target/dependency/reactive-streams-1.0.2.jar:/home/anatole/ycsb/infinispan/target/dependency/rxjava-2.2.4.jar:/home/anatole/ycsb/infinispan/target/dependency/unsafe-helper-1.0.jar site.ycsb.Client -t -db site.ycsb.db.InfinispanClient -P ../workloads/workloada -threads 28 -p dataintegrity=true -p offheap=false -p recordcount=1000000 -p operationcount=10000000 -p fieldcount=10 -p requestdistribution=zipfian -p measurementtype=hdrhistogram -p hdrhistogram.output.path=./out/exp5.concurrent.ref/log/infinispan.run.workloada.true.1000000.100000.10.zipfian.28.hdr.log
[OVERALL], RunTime(ms), 79292
[OVERALL], Throughput(ops/sec), 126116.12773041417
[TOTAL_GCS_G1_Young_Generation], Count, 52
[TOTAL_GC_TIME_G1_Young_Generation], Time(ms), 4922
[TOTAL_GC_TIME_%_G1_Young_Generation], Time(%), 6.207435806890985
[TOTAL_GCS_G1_Old_Generation], Count, 0
[TOTAL_GC_TIME_G1_Old_Generation], Time(ms), 0
[TOTAL_GC_TIME_%_G1_Old_Generation], Time(%), 0.0
[TOTAL_GCs], Count, 52
[TOTAL_GC_TIME], Time(ms), 4922
[TOTAL_GC_TIME_%], Time(%), 6.207435806890985
[READ], Operations, 4998110
[READ], AverageLatency(ns), 65852.6802267257
[READ], MinLatency(ns), 209
[READ], MaxLatency(ns), 168945663
[READ], 95thPercentileLatency(ns), 194558
[READ], 99thPercentileLatency(ns), 315977
[READ], Return=OK, 4998110
[INIT], Operations, 28
[INIT], AverageLatency(ns), 8.491685595428572E9
[INIT], MinLatency(ns), 8484945920
[INIT], MaxLatency(ns), 8500183039
[INIT], 95thPercentileLatency(ns), 8499658751
[INIT], 99thPercentileLatency(ns), 8500183039
[CLEANUP], Operations, 28
[CLEANUP], AverageLatency(ns), 6.175845805714285E8
[CLEANUP], MinLatency(ns), 60084480
[CLEANUP], MaxLatency(ns), 1199628287
[CLEANUP], 95thPercentileLatency(ns), 1113964543
[CLEANUP], 99thPercentileLatency(ns), 1199628287
[UPDATE], Operations, 5001890
[UPDATE], AverageLatency(ns), 320050.343497358
[UPDATE], MinLatency(ns), 46343
[UPDATE], MaxLatency(ns), 169402367
[UPDATE], 95thPercentileLatency(ns), 495075
[UPDATE], 99thPercentileLatency(ns), 729823
[UPDATE], Return=OK, 5001890
[TRANSACTION], Operations, 28
[TRANSACTION], AverageLatency(ns), 6.992560128E10
[TRANSACTION], MinLatency(ns), 69318213632
[TRANSACTION], MaxLatency(ns), 70486851583
[TRANSACTION], 95thPercentileLatency(ns), 70234669055
[TRANSACTION], 99thPercentileLatency(ns), 70486851583
