/home/anatole/jdk8u/build/linux-x86_64-normal-server-release/jdk/bin/java -Xmx20g -XX:+UseG1GC -classpath /home/anatole/ycsb/conf:/home/anatole/ycsb/core/target/core-0.18.0-SNAPSHOT.jar:/home/anatole/ycsb/core/target/dependency/HdrHistogram-2.1.4.jar:/home/anatole/ycsb/core/target/dependency/guava-18.0.jar:/home/anatole/ycsb/core/target/dependency/htrace-core4-4.1.0-incubating.jar:/home/anatole/ycsb/core/target/dependency/jackson-core-asl-1.9.4.jar:/home/anatole/ycsb/core/target/dependency/jackson-mapper-asl-1.9.4.jar:/home/anatole/ycsb/core/target/dependency/javax.persistence-api-2.2.jar:/home/anatole/ycsb/core/target/dependency/jnvm-1.0-SNAPSHOT.jar:/home/anatole/ycsb/core/target/dependency/pcj-1.0.jar:/home/anatole/ycsb/core/target/dependency/unsafe-helper-1.0.jar:/home/anatole/ycsb/infinispan/src/main/conf:/home/anatole/ycsb/infinispan/target/infinispan-binding-0.18.0-SNAPSHOT.jar:/home/anatole/ycsb/infinispan/target/dependency/caffeine-2.6.2.jar:/home/anatole/ycsb/infinispan/target/dependency/gson-2.8.2.jar:/home/anatole/ycsb/infinispan/target/dependency/guava-18.0.jar:/home/anatole/ycsb/infinispan/target/dependency/infinispan-cachestore-jnvm-1.0-SNAPSHOT.jar:/home/anatole/ycsb/infinispan/target/dependency/infinispan-cachestore-pcj-1.0-SNAPSHOT.jar:/home/anatole/ycsb/infinispan/target/dependency/infinispan-client-hotrod-9.4.20.Final.jar:/home/anatole/ycsb/infinispan/target/dependency/infinispan-commons-9.4.20.Final.jar:/home/anatole/ycsb/infinispan/target/dependency/infinispan-core-9.4.20.Final.jar:/home/anatole/ycsb/infinispan/target/dependency/javax.persistence-api-2.2.jar:/home/anatole/ycsb/infinispan/target/dependency/jboss-logging-3.3.2.Final.jar:/home/anatole/ycsb/infinispan/target/dependency/jboss-marshalling-osgi-2.0.6.Final.jar:/home/anatole/ycsb/infinispan/target/dependency/jboss-transaction-api_1.2_spec-1.1.1.Final.jar:/home/anatole/ycsb/infinispan/target/dependency/jgroups-4.0.21.Final.jar:/home/anatole/ycsb/infinispan/target/dependency/jnvm-1.0-SNAPSHOT.jar:/home/anatole/ycsb/infinispan/target/dependency/metainf-services-1.7.jar:/home/anatole/ycsb/infinispan/target/dependency/netty-buffer-4.1.51.Final.jar:/home/anatole/ycsb/infinispan/target/dependency/netty-codec-4.1.51.Final.jar:/home/anatole/ycsb/infinispan/target/dependency/netty-common-4.1.51.Final.jar:/home/anatole/ycsb/infinispan/target/dependency/netty-handler-4.1.51.Final.jar:/home/anatole/ycsb/infinispan/target/dependency/netty-resolver-4.1.51.Final.jar:/home/anatole/ycsb/infinispan/target/dependency/netty-transport-4.1.51.Final.jar:/home/anatole/ycsb/infinispan/target/dependency/netty-transport-native-epoll-4.1.51.Final-linux-x86_64.jar:/home/anatole/ycsb/infinispan/target/dependency/netty-transport-native-unix-common-4.1.51.Final.jar:/home/anatole/ycsb/infinispan/target/dependency/pcj-1.0.jar:/home/anatole/ycsb/infinispan/target/dependency/reactive-streams-1.0.2.jar:/home/anatole/ycsb/infinispan/target/dependency/rxjava-2.2.4.jar:/home/anatole/ycsb/infinispan/target/dependency/unsafe-helper-1.0.jar site.ycsb.Client -t -db site.ycsb.db.InfinispanClient -P ../workloads/workloadc -preload -s -threads 36 -p dataintegrity=true -p offheap=false -p pcj=false -p recordcount=1000000 -p operationcount=60000000 -p fieldcount=10 -p fieldlength=100 -p requestdistribution=zipfian -p measurement.trackjvm=true -p measurementtype=hdrhistogram -p hdrhistogram.output.path=./out/exp5.concurrent.ref/log/infinispan.run.workloadc.true.1000000.100000.10.100.zipfian.36.false..default.default.none.r6.hdr.log
[OVERALL], RunTime(ms), 505315
[OVERALL], Throughput(ops/sec), 120716.78062198826
[TOTAL_GCS_G1_Young_Generation], Count, 91
[TOTAL_GC_TIME_G1_Young_Generation], Time(ms), 8066
[TOTAL_GC_TIME_%_G1_Young_Generation], Time(%), 1.5962320532737007
[TOTAL_GCS_G1_Old_Generation], Count, 0
[TOTAL_GC_TIME_G1_Old_Generation], Time(ms), 0
[TOTAL_GC_TIME_%_G1_Old_Generation], Time(%), 0.0
[TOTAL_GCs], Count, 91
[TOTAL_GC_TIME], Time(ms), 8066
[TOTAL_GC_TIME_%], Time(%), 1.5962320532737007
[MAX_MEM_USED], MBs, 12099
[MIN_MEM_USED], MBs, 96
[MAX_THREADS], Count, 42
[MIN_THREADS], Count, 2
[MAX_SYS_LOAD_AVG], Load, 14.76
[MIN_SYS_LOAD_AVG], Load, 9.93
[THREAD_COUNT], Operations, 52
[THREAD_COUNT], AverageLatency(ns), 39.65384615384615
[THREAD_COUNT], MinLatency(ns), 2
[THREAD_COUNT], MaxLatency(ns), 42
[THREAD_COUNT], 95thPercentileLatency(ns), 42
[THREAD_COUNT], 99thPercentileLatency(ns), 42
[SYS_LOAD_AVG], Operations, 52
[SYS_LOAD_AVG], AverageLatency(ns), 10.961538461538462
[SYS_LOAD_AVG], MinLatency(ns), 9
[SYS_LOAD_AVG], MaxLatency(ns), 14
[SYS_LOAD_AVG], 95thPercentileLatency(ns), 13
[SYS_LOAD_AVG], 99thPercentileLatency(ns), 14
[LOAD], Operations, 36
[LOAD], AverageLatency(ns), 1.273255071288889E10
[LOAD], MinLatency(ns), 10071375872
[LOAD], MaxLatency(ns), 14126153727
[LOAD], 95thPercentileLatency(ns), 13832617983
[LOAD], 99thPercentileLatency(ns), 14126153727
[USED_MEM_MB], Operations, 52
[USED_MEM_MB], AverageLatency(ns), 6956.9807692307695
[USED_MEM_MB], MinLatency(ns), 96
[USED_MEM_MB], MaxLatency(ns), 12099
[USED_MEM_MB], 95thPercentileLatency(ns), 11583
[USED_MEM_MB], 99thPercentileLatency(ns), 11960
[MAIN_GCs_Count], Operations, 36
[MAIN_GCs_Count], AverageLatency(ns), 71.94444444444444
[MAIN_GCs_Count], MinLatency(ns), 71
[MAIN_GCs_Count], MaxLatency(ns), 72
[MAIN_GCs_Count], 95thPercentileLatency(ns), 72
[MAIN_GCs_Count], 99thPercentileLatency(ns), 72
[MAIN_GCs_Time(ms)], Operations, 36
[MAIN_GCs_Time(ms)], AverageLatency(ns), 7205.166666666667
[MAIN_GCs_Time(ms)], MinLatency(ns), 7106
[MAIN_GCs_Time(ms)], MaxLatency(ns), 7211
[MAIN_GCs_Time(ms)], 95thPercentileLatency(ns), 7211
[MAIN_GCs_Time(ms)], 99thPercentileLatency(ns), 7211
[TRANSACTION], Operations, 36
[TRANSACTION], AverageLatency(ns), 4.895011999288889E11
[TRANSACTION], MinLatency(ns), 488074379264
[TRANSACTION], MaxLatency(ns), 490211377151
[TRANSACTION], 95thPercentileLatency(ns), 490106519551
[TRANSACTION], 99thPercentileLatency(ns), 490211377151
[GCS_TIME], Operations, 52
[GCS_TIME], AverageLatency(ns), 155.1153846153846
[GCS_TIME], MinLatency(ns), 0
[GCS_TIME], MaxLatency(ns), 682
[GCS_TIME], 95thPercentileLatency(ns), 208
[GCS_TIME], 99thPercentileLatency(ns), 397
[LOAD_GCs_Time(ms)], Operations, 36
[LOAD_GCs_Time(ms)], AverageLatency(ns), 758.3055555555555
[LOAD_GCs_Time(ms)], MinLatency(ns), 654
[LOAD_GCs_Time(ms)], MaxLatency(ns), 827
[LOAD_GCs_Time(ms)], 95thPercentileLatency(ns), 827
[LOAD_GCs_Time(ms)], 99thPercentileLatency(ns), 827
[READ], Operations, 60000000
[READ], AverageLatency(ns), 290118.26952565
[READ], MinLatency(ns), 288
[READ], MaxLatency(ns), 226043903
[READ], 95thPercentileLatency(ns), 1290815
[READ], 99thPercentileLatency(ns), 2112383
[READ], Return=OK, 60000000
[INIT], Operations, 36
[INIT], AverageLatency(ns), 6.039866026666666E8
[INIT], MinLatency(ns), 595963904
[INIT], MaxLatency(ns), 611766271
[INIT], 95thPercentileLatency(ns), 610242559
[INIT], 99thPercentileLatency(ns), 611766271
[GCS], Operations, 52
[GCS], AverageLatency(ns), 1.75
[GCS], MinLatency(ns), 0
[GCS], MaxLatency(ns), 17
[GCS], 95thPercentileLatency(ns), 2
[GCS], 99thPercentileLatency(ns), 3
[LOAD_GCs_Count], Operations, 36
[LOAD_GCs_Count], AverageLatency(ns), 16.305555555555557
[LOAD_GCs_Count], MinLatency(ns), 15
[LOAD_GCs_Count], MaxLatency(ns), 17
[LOAD_GCs_Count], 95thPercentileLatency(ns), 17
[LOAD_GCs_Count], 99thPercentileLatency(ns), 17
[CLEANUP], Operations, 36
[CLEANUP], AverageLatency(ns), 7.820999466666666E8
[CLEANUP], MinLatency(ns), 73264640
[CLEANUP], MaxLatency(ns), 2165473279
[CLEANUP], 95thPercentileLatency(ns), 1734418431
[CLEANUP], 99thPercentileLatency(ns), 2165473279
[INSERT], Operations, 1000000
[INSERT], AverageLatency(ns), 440440.794179
[INSERT], MinLatency(ns), 23467
[INSERT], MaxLatency(ns), 1380499455
[INSERT], 95thPercentileLatency(ns), 504201
[INSERT], 99thPercentileLatency(ns), 770375
[INSERT], Return=OK, 1000000
