/home/anatole/jdk8u/build/linux-x86_64-normal-server-release/jdk/bin/java -Xmx20g -XX:+UseG1GC -classpath /home/anatole/ycsb/conf:/home/anatole/ycsb/core/target/core-0.18.0-SNAPSHOT.jar:/home/anatole/ycsb/core/target/dependency/HdrHistogram-2.1.4.jar:/home/anatole/ycsb/core/target/dependency/guava-18.0.jar:/home/anatole/ycsb/core/target/dependency/htrace-core4-4.1.0-incubating.jar:/home/anatole/ycsb/core/target/dependency/jackson-core-asl-1.9.4.jar:/home/anatole/ycsb/core/target/dependency/jackson-mapper-asl-1.9.4.jar:/home/anatole/ycsb/core/target/dependency/javax.persistence-api-2.2.jar:/home/anatole/ycsb/core/target/dependency/jnvm-1.0-SNAPSHOT.jar:/home/anatole/ycsb/core/target/dependency/pcj-1.0.jar:/home/anatole/ycsb/core/target/dependency/unsafe-helper-1.0.jar:/home/anatole/ycsb/infinispan/src/main/conf:/home/anatole/ycsb/infinispan/target/infinispan-binding-0.18.0-SNAPSHOT.jar:/home/anatole/ycsb/infinispan/target/dependency/caffeine-2.6.2.jar:/home/anatole/ycsb/infinispan/target/dependency/gson-2.8.2.jar:/home/anatole/ycsb/infinispan/target/dependency/guava-18.0.jar:/home/anatole/ycsb/infinispan/target/dependency/infinispan-cachestore-jnvm-1.0-SNAPSHOT.jar:/home/anatole/ycsb/infinispan/target/dependency/infinispan-cachestore-pcj-1.0-SNAPSHOT.jar:/home/anatole/ycsb/infinispan/target/dependency/infinispan-client-hotrod-9.4.20.Final.jar:/home/anatole/ycsb/infinispan/target/dependency/infinispan-commons-9.4.20.Final.jar:/home/anatole/ycsb/infinispan/target/dependency/infinispan-core-9.4.20.Final.jar:/home/anatole/ycsb/infinispan/target/dependency/javax.persistence-api-2.2.jar:/home/anatole/ycsb/infinispan/target/dependency/jboss-logging-3.3.2.Final.jar:/home/anatole/ycsb/infinispan/target/dependency/jboss-marshalling-osgi-2.0.6.Final.jar:/home/anatole/ycsb/infinispan/target/dependency/jboss-transaction-api_1.2_spec-1.1.1.Final.jar:/home/anatole/ycsb/infinispan/target/dependency/jgroups-4.0.21.Final.jar:/home/anatole/ycsb/infinispan/target/dependency/jnvm-1.0-SNAPSHOT.jar:/home/anatole/ycsb/infinispan/target/dependency/metainf-services-1.7.jar:/home/anatole/ycsb/infinispan/target/dependency/netty-buffer-4.1.51.Final.jar:/home/anatole/ycsb/infinispan/target/dependency/netty-codec-4.1.51.Final.jar:/home/anatole/ycsb/infinispan/target/dependency/netty-common-4.1.51.Final.jar:/home/anatole/ycsb/infinispan/target/dependency/netty-handler-4.1.51.Final.jar:/home/anatole/ycsb/infinispan/target/dependency/netty-resolver-4.1.51.Final.jar:/home/anatole/ycsb/infinispan/target/dependency/netty-transport-4.1.51.Final.jar:/home/anatole/ycsb/infinispan/target/dependency/netty-transport-native-epoll-4.1.51.Final-linux-x86_64.jar:/home/anatole/ycsb/infinispan/target/dependency/netty-transport-native-unix-common-4.1.51.Final.jar:/home/anatole/ycsb/infinispan/target/dependency/pcj-1.0.jar:/home/anatole/ycsb/infinispan/target/dependency/reactive-streams-1.0.2.jar:/home/anatole/ycsb/infinispan/target/dependency/rxjava-2.2.4.jar:/home/anatole/ycsb/infinispan/target/dependency/unsafe-helper-1.0.jar site.ycsb.Client -t -db site.ycsb.db.InfinispanClient -P ../workloads/workloadc -preload -s -threads 32 -p dataintegrity=true -p offheap=false -p pcj=false -p recordcount=1000000 -p operationcount=60000000 -p fieldcount=10 -p fieldlength=100 -p requestdistribution=zipfian -p measurement.trackjvm=true -p measurementtype=hdrhistogram -p hdrhistogram.output.path=./out/exp5.concurrent.ref/log/infinispan.run.workloadc.true.1000000.1000000.10.100.zipfian.32.true..default.default.none.r2.hdr.log
[OVERALL], RunTime(ms), 85151
[OVERALL], Throughput(ops/sec), 716374.4406994634
[TOTAL_GCS_G1_Young_Generation], Count, 40
[TOTAL_GC_TIME_G1_Young_Generation], Time(ms), 2581
[TOTAL_GC_TIME_%_G1_Young_Generation], Time(%), 3.0310859531890406
[TOTAL_GCS_G1_Old_Generation], Count, 0
[TOTAL_GC_TIME_G1_Old_Generation], Time(ms), 0
[TOTAL_GC_TIME_%_G1_Old_Generation], Time(%), 0.0
[TOTAL_GCs], Count, 40
[TOTAL_GC_TIME], Time(ms), 2581
[TOTAL_GC_TIME_%], Time(%), 3.0310859531890406
[MAX_MEM_USED], MBs, 14478
[MIN_MEM_USED], MBs, 88
[MAX_THREADS], Count, 38
[MIN_THREADS], Count, 3
[MAX_SYS_LOAD_AVG], Load, 9.79
[MIN_SYS_LOAD_AVG], Load, 7.93
[THREAD_COUNT], Operations, 10
[THREAD_COUNT], AverageLatency(ns), 34.0
[THREAD_COUNT], MinLatency(ns), 3
[THREAD_COUNT], MaxLatency(ns), 38
[THREAD_COUNT], 95thPercentileLatency(ns), 38
[THREAD_COUNT], 99thPercentileLatency(ns), 38
[SYS_LOAD_AVG], Operations, 10
[SYS_LOAD_AVG], AverageLatency(ns), 8.4
[SYS_LOAD_AVG], MinLatency(ns), 7
[SYS_LOAD_AVG], MaxLatency(ns), 9
[SYS_LOAD_AVG], 95thPercentileLatency(ns), 9
[SYS_LOAD_AVG], 99thPercentileLatency(ns), 9
[LOAD], Operations, 32
[LOAD], AverageLatency(ns), 7.040791552E9
[LOAD], MinLatency(ns), 6114770944
[LOAD], MaxLatency(ns), 7339966463
[LOAD], 95thPercentileLatency(ns), 7323713535
[LOAD], 99thPercentileLatency(ns), 7339966463
[USED_MEM_MB], Operations, 10
[USED_MEM_MB], AverageLatency(ns), 7119.1
[USED_MEM_MB], MinLatency(ns), 88
[USED_MEM_MB], MaxLatency(ns), 14478
[USED_MEM_MB], 95thPercentileLatency(ns), 14478
[USED_MEM_MB], 99thPercentileLatency(ns), 14478
[MAIN_GCs_Count], Operations, 32
[MAIN_GCs_Count], AverageLatency(ns), 14.0
[MAIN_GCs_Count], MinLatency(ns), 14
[MAIN_GCs_Count], MaxLatency(ns), 14
[MAIN_GCs_Count], 95thPercentileLatency(ns), 14
[MAIN_GCs_Count], 99thPercentileLatency(ns), 14
[MAIN_GCs_Time(ms)], Operations, 32
[MAIN_GCs_Time(ms)], AverageLatency(ns), 443.0
[MAIN_GCs_Time(ms)], MinLatency(ns), 443
[MAIN_GCs_Time(ms)], MaxLatency(ns), 443
[MAIN_GCs_Time(ms)], 95thPercentileLatency(ns), 443
[MAIN_GCs_Time(ms)], 99thPercentileLatency(ns), 443
[TRANSACTION], Operations, 32
[TRANSACTION], AverageLatency(ns), 7.6211503104E10
[TRANSACTION], MinLatency(ns), 75151966208
[TRANSACTION], MaxLatency(ns), 76487852031
[TRANSACTION], 95thPercentileLatency(ns), 76394004479
[TRANSACTION], 99thPercentileLatency(ns), 76487852031
[GCS_TIME], Operations, 10
[GCS_TIME], AverageLatency(ns), 258.1
[GCS_TIME], MinLatency(ns), 0
[GCS_TIME], MaxLatency(ns), 2262
[GCS_TIME], 95thPercentileLatency(ns), 2262
[GCS_TIME], 99thPercentileLatency(ns), 2262
[LOAD_GCs_Time(ms)], Operations, 32
[LOAD_GCs_Time(ms)], AverageLatency(ns), 1989.59375
[LOAD_GCs_Time(ms)], MinLatency(ns), 1621
[LOAD_GCs_Time(ms)], MaxLatency(ns), 2110
[LOAD_GCs_Time(ms)], 95thPercentileLatency(ns), 2110
[LOAD_GCs_Time(ms)], 99thPercentileLatency(ns), 2110
[READ], Operations, 60000000
[READ], AverageLatency(ns), 37241.86794655
[READ], MinLatency(ns), 245
[READ], MaxLatency(ns), 131104255
[READ], 95thPercentileLatency(ns), 318307
[READ], 99thPercentileLatency(ns), 349723
[READ], Return=OK, 60000000
[INIT], Operations, 32
[INIT], AverageLatency(ns), 6.6024448E8
[INIT], MinLatency(ns), 652754944
[INIT], MaxLatency(ns), 666730495
[INIT], 95thPercentileLatency(ns), 666292223
[INIT], 99thPercentileLatency(ns), 666730495
[GCS], Operations, 10
[GCS], AverageLatency(ns), 4.0
[GCS], MinLatency(ns), 0
[GCS], MaxLatency(ns), 27
[GCS], 95thPercentileLatency(ns), 27
[GCS], 99thPercentileLatency(ns), 27
[LOAD_GCs_Count], Operations, 32
[LOAD_GCs_Count], AverageLatency(ns), 23.25
[LOAD_GCs_Count], MinLatency(ns), 21
[LOAD_GCs_Count], MaxLatency(ns), 24
[LOAD_GCs_Count], 95thPercentileLatency(ns), 24
[LOAD_GCs_Count], 99thPercentileLatency(ns), 24
[CLEANUP], Operations, 32
[CLEANUP], AverageLatency(ns), 8.02947232E8
[CLEANUP], MinLatency(ns), 527319040
[CLEANUP], MaxLatency(ns), 1843257343
[CLEANUP], 95thPercentileLatency(ns), 1090584575
[CLEANUP], 99thPercentileLatency(ns), 1843257343
[INSERT], Operations, 1000000
[INSERT], AverageLatency(ns), 114835.612235
[INSERT], MinLatency(ns), 1723
[INSERT], MaxLatency(ns), 330213375
[INSERT], 95thPercentileLatency(ns), 80738
[INSERT], 99thPercentileLatency(ns), 338355
[INSERT], Return=OK, 1000000
