/home/anatole/jdk8u/build/linux-x86_64-normal-server-release/jdk/bin/java -Xmx20g -XX:+UseG1GC -classpath /home/anatole/ycsb/conf:/home/anatole/ycsb/core/target/core-0.18.0-SNAPSHOT.jar:/home/anatole/ycsb/core/target/dependency/HdrHistogram-2.1.4.jar:/home/anatole/ycsb/core/target/dependency/guava-18.0.jar:/home/anatole/ycsb/core/target/dependency/htrace-core4-4.1.0-incubating.jar:/home/anatole/ycsb/core/target/dependency/jackson-core-asl-1.9.4.jar:/home/anatole/ycsb/core/target/dependency/jackson-mapper-asl-1.9.4.jar:/home/anatole/ycsb/core/target/dependency/javax.persistence-api-2.2.jar:/home/anatole/ycsb/core/target/dependency/jnvm-1.0-SNAPSHOT.jar:/home/anatole/ycsb/core/target/dependency/pcj-1.0.jar:/home/anatole/ycsb/core/target/dependency/unsafe-helper-1.0.jar:/home/anatole/ycsb/infinispan/src/main/conf:/home/anatole/ycsb/infinispan/target/infinispan-binding-0.18.0-SNAPSHOT.jar:/home/anatole/ycsb/infinispan/target/dependency/caffeine-2.6.2.jar:/home/anatole/ycsb/infinispan/target/dependency/gson-2.8.2.jar:/home/anatole/ycsb/infinispan/target/dependency/guava-18.0.jar:/home/anatole/ycsb/infinispan/target/dependency/infinispan-cachestore-jnvm-1.0-SNAPSHOT.jar:/home/anatole/ycsb/infinispan/target/dependency/infinispan-cachestore-pcj-1.0-SNAPSHOT.jar:/home/anatole/ycsb/infinispan/target/dependency/infinispan-client-hotrod-9.4.20.Final.jar:/home/anatole/ycsb/infinispan/target/dependency/infinispan-commons-9.4.20.Final.jar:/home/anatole/ycsb/infinispan/target/dependency/infinispan-core-9.4.20.Final.jar:/home/anatole/ycsb/infinispan/target/dependency/javax.persistence-api-2.2.jar:/home/anatole/ycsb/infinispan/target/dependency/jboss-logging-3.3.2.Final.jar:/home/anatole/ycsb/infinispan/target/dependency/jboss-marshalling-osgi-2.0.6.Final.jar:/home/anatole/ycsb/infinispan/target/dependency/jboss-transaction-api_1.2_spec-1.1.1.Final.jar:/home/anatole/ycsb/infinispan/target/dependency/jgroups-4.0.21.Final.jar:/home/anatole/ycsb/infinispan/target/dependency/jnvm-1.0-SNAPSHOT.jar:/home/anatole/ycsb/infinispan/target/dependency/metainf-services-1.7.jar:/home/anatole/ycsb/infinispan/target/dependency/netty-buffer-4.1.51.Final.jar:/home/anatole/ycsb/infinispan/target/dependency/netty-codec-4.1.51.Final.jar:/home/anatole/ycsb/infinispan/target/dependency/netty-common-4.1.51.Final.jar:/home/anatole/ycsb/infinispan/target/dependency/netty-handler-4.1.51.Final.jar:/home/anatole/ycsb/infinispan/target/dependency/netty-resolver-4.1.51.Final.jar:/home/anatole/ycsb/infinispan/target/dependency/netty-transport-4.1.51.Final.jar:/home/anatole/ycsb/infinispan/target/dependency/netty-transport-native-epoll-4.1.51.Final-linux-x86_64.jar:/home/anatole/ycsb/infinispan/target/dependency/netty-transport-native-unix-common-4.1.51.Final.jar:/home/anatole/ycsb/infinispan/target/dependency/pcj-1.0.jar:/home/anatole/ycsb/infinispan/target/dependency/reactive-streams-1.0.2.jar:/home/anatole/ycsb/infinispan/target/dependency/rxjava-2.2.4.jar:/home/anatole/ycsb/infinispan/target/dependency/unsafe-helper-1.0.jar site.ycsb.Client -t -db site.ycsb.db.InfinispanClient -P ../workloads/workloadc -preload -s -threads 40 -p dataintegrity=true -p offheap=false -p pcj=false -p recordcount=1000000 -p operationcount=60000000 -p fieldcount=10 -p fieldlength=100 -p requestdistribution=zipfian -p measurement.trackjvm=true -p measurementtype=hdrhistogram -p hdrhistogram.output.path=./out/exp5.concurrent.ref/log/infinispan.run.workloadc.true.1000000.1000000.10.100.zipfian.40.true..default.default.none.r4.hdr.log
[OVERALL], RunTime(ms), 91239
[OVERALL], Throughput(ops/sec), 668573.7458762152
[TOTAL_GCS_G1_Young_Generation], Count, 35
[TOTAL_GC_TIME_G1_Young_Generation], Time(ms), 2639
[TOTAL_GC_TIME_%_G1_Young_Generation], Time(%), 2.8924034678152983
[TOTAL_GCS_G1_Old_Generation], Count, 0
[TOTAL_GC_TIME_G1_Old_Generation], Time(ms), 0
[TOTAL_GC_TIME_%_G1_Old_Generation], Time(%), 0.0
[TOTAL_GCs], Count, 35
[TOTAL_GC_TIME], Time(ms), 2639
[TOTAL_GC_TIME_%], Time(%), 2.8924034678152983
[MAX_MEM_USED], MBs, 15326
[MIN_MEM_USED], MBs, 104
[MAX_THREADS], Count, 46
[MIN_THREADS], Count, 3
[MAX_SYS_LOAD_AVG], Load, 11.95
[MIN_SYS_LOAD_AVG], Load, 7.99
[THREAD_COUNT], Operations, 11
[THREAD_COUNT], AverageLatency(ns), 41.54545454545455
[THREAD_COUNT], MinLatency(ns), 3
[THREAD_COUNT], MaxLatency(ns), 46
[THREAD_COUNT], 95thPercentileLatency(ns), 46
[THREAD_COUNT], 99thPercentileLatency(ns), 46
[SYS_LOAD_AVG], Operations, 11
[SYS_LOAD_AVG], AverageLatency(ns), 9.090909090909092
[SYS_LOAD_AVG], MinLatency(ns), 7
[SYS_LOAD_AVG], MaxLatency(ns), 11
[SYS_LOAD_AVG], 95thPercentileLatency(ns), 11
[SYS_LOAD_AVG], 99thPercentileLatency(ns), 11
[LOAD], Operations, 40
[LOAD], AverageLatency(ns), 6.897524736E9
[LOAD], MinLatency(ns), 5885263872
[LOAD], MaxLatency(ns), 7394852863
[LOAD], 95thPercentileLatency(ns), 7361691647
[LOAD], 99thPercentileLatency(ns), 7394852863
[USED_MEM_MB], Operations, 11
[USED_MEM_MB], AverageLatency(ns), 9257.0
[USED_MEM_MB], MinLatency(ns), 104
[USED_MEM_MB], MaxLatency(ns), 15326
[USED_MEM_MB], 95thPercentileLatency(ns), 15148
[USED_MEM_MB], 99thPercentileLatency(ns), 15326
[MAIN_GCs_Count], Operations, 40
[MAIN_GCs_Count], AverageLatency(ns), 10.0
[MAIN_GCs_Count], MinLatency(ns), 10
[MAIN_GCs_Count], MaxLatency(ns), 10
[MAIN_GCs_Count], 95thPercentileLatency(ns), 10
[MAIN_GCs_Count], 99thPercentileLatency(ns), 10
[MAIN_GCs_Time(ms)], Operations, 40
[MAIN_GCs_Time(ms)], AverageLatency(ns), 371.0
[MAIN_GCs_Time(ms)], MinLatency(ns), 371
[MAIN_GCs_Time(ms)], MaxLatency(ns), 371
[MAIN_GCs_Time(ms)], 95thPercentileLatency(ns), 371
[MAIN_GCs_Time(ms)], 99thPercentileLatency(ns), 371
[TRANSACTION], Operations, 40
[TRANSACTION], AverageLatency(ns), 8.2441142272E10
[TRANSACTION], MinLatency(ns), 81992876032
[TRANSACTION], MaxLatency(ns), 82578505727
[TRANSACTION], 95thPercentileLatency(ns), 82567495679
[TRANSACTION], 99thPercentileLatency(ns), 82578505727
[GCS_TIME], Operations, 11
[GCS_TIME], AverageLatency(ns), 239.9090909090909
[GCS_TIME], MinLatency(ns), 0
[GCS_TIME], MaxLatency(ns), 2394
[GCS_TIME], 95thPercentileLatency(ns), 103
[GCS_TIME], 99thPercentileLatency(ns), 2394
[LOAD_GCs_Time(ms)], Operations, 40
[LOAD_GCs_Time(ms)], AverageLatency(ns), 2014.825
[LOAD_GCs_Time(ms)], MinLatency(ns), 1607
[LOAD_GCs_Time(ms)], MaxLatency(ns), 2236
[LOAD_GCs_Time(ms)], 95thPercentileLatency(ns), 2236
[LOAD_GCs_Time(ms)], 99thPercentileLatency(ns), 2236
[READ], Operations, 60000000
[READ], AverageLatency(ns), 51207.42912933333
[READ], MinLatency(ns), 217
[READ], MaxLatency(ns), 113940991
[READ], 95thPercentileLatency(ns), 432871
[READ], 99thPercentileLatency(ns), 466021
[READ], Return=OK, 60000000
[INIT], Operations, 40
[INIT], AverageLatency(ns), 5.737148416E8
[INIT], MinLatency(ns), 564424704
[INIT], MaxLatency(ns), 583192575
[INIT], 95thPercentileLatency(ns), 581849087
[INIT], 99thPercentileLatency(ns), 583192575
[GCS], Operations, 11
[GCS], AverageLatency(ns), 3.1818181818181817
[GCS], MinLatency(ns), 0
[GCS], MaxLatency(ns), 27
[GCS], 95thPercentileLatency(ns), 4
[GCS], 99thPercentileLatency(ns), 27
[LOAD_GCs_Count], Operations, 40
[LOAD_GCs_Count], AverageLatency(ns), 21.325
[LOAD_GCs_Count], MinLatency(ns), 18
[LOAD_GCs_Count], MaxLatency(ns), 23
[LOAD_GCs_Count], 95thPercentileLatency(ns), 23
[LOAD_GCs_Count], 99thPercentileLatency(ns), 23
[CLEANUP], Operations, 40
[CLEANUP], AverageLatency(ns), 6.779087872E8
[CLEANUP], MinLatency(ns), 541876224
[CLEANUP], MaxLatency(ns), 1109065727
[CLEANUP], 95thPercentileLatency(ns), 954843135
[CLEANUP], 99thPercentileLatency(ns), 1109065727
[INSERT], Operations, 1000000
[INSERT], AverageLatency(ns), 151623.009026
[INSERT], MinLatency(ns), 1812
[INSERT], MaxLatency(ns), 360398847
[INSERT], 95thPercentileLatency(ns), 116128
[INSERT], 99thPercentileLatency(ns), 844751
[INSERT], Return=OK, 1000000
