/home/anatole/jdk8u/build/linux-x86_64-normal-server-release/jdk/bin/java -Xmx20g -XX:+UseG1GC -classpath /home/anatole/ycsb/conf:/home/anatole/ycsb/core/target/core-0.18.0-SNAPSHOT.jar:/home/anatole/ycsb/core/target/dependency/HdrHistogram-2.1.4.jar:/home/anatole/ycsb/core/target/dependency/guava-18.0.jar:/home/anatole/ycsb/core/target/dependency/htrace-core4-4.1.0-incubating.jar:/home/anatole/ycsb/core/target/dependency/jackson-core-asl-1.9.4.jar:/home/anatole/ycsb/core/target/dependency/jackson-mapper-asl-1.9.4.jar:/home/anatole/ycsb/core/target/dependency/javax.persistence-api-2.2.jar:/home/anatole/ycsb/core/target/dependency/jnvm-1.0-SNAPSHOT.jar:/home/anatole/ycsb/core/target/dependency/pcj-1.0.jar:/home/anatole/ycsb/core/target/dependency/unsafe-helper-1.0.jar:/home/anatole/ycsb/infinispan/src/main/conf:/home/anatole/ycsb/infinispan/target/infinispan-binding-0.18.0-SNAPSHOT.jar:/home/anatole/ycsb/infinispan/target/dependency/caffeine-2.6.2.jar:/home/anatole/ycsb/infinispan/target/dependency/gson-2.8.2.jar:/home/anatole/ycsb/infinispan/target/dependency/guava-18.0.jar:/home/anatole/ycsb/infinispan/target/dependency/infinispan-cachestore-jnvm-1.0-SNAPSHOT.jar:/home/anatole/ycsb/infinispan/target/dependency/infinispan-cachestore-pcj-1.0-SNAPSHOT.jar:/home/anatole/ycsb/infinispan/target/dependency/infinispan-client-hotrod-9.4.20.Final.jar:/home/anatole/ycsb/infinispan/target/dependency/infinispan-commons-9.4.20.Final.jar:/home/anatole/ycsb/infinispan/target/dependency/infinispan-core-9.4.20.Final.jar:/home/anatole/ycsb/infinispan/target/dependency/javax.persistence-api-2.2.jar:/home/anatole/ycsb/infinispan/target/dependency/jboss-logging-3.3.2.Final.jar:/home/anatole/ycsb/infinispan/target/dependency/jboss-marshalling-osgi-2.0.6.Final.jar:/home/anatole/ycsb/infinispan/target/dependency/jboss-transaction-api_1.2_spec-1.1.1.Final.jar:/home/anatole/ycsb/infinispan/target/dependency/jgroups-4.0.21.Final.jar:/home/anatole/ycsb/infinispan/target/dependency/jnvm-1.0-SNAPSHOT.jar:/home/anatole/ycsb/infinispan/target/dependency/metainf-services-1.7.jar:/home/anatole/ycsb/infinispan/target/dependency/netty-buffer-4.1.51.Final.jar:/home/anatole/ycsb/infinispan/target/dependency/netty-codec-4.1.51.Final.jar:/home/anatole/ycsb/infinispan/target/dependency/netty-common-4.1.51.Final.jar:/home/anatole/ycsb/infinispan/target/dependency/netty-handler-4.1.51.Final.jar:/home/anatole/ycsb/infinispan/target/dependency/netty-resolver-4.1.51.Final.jar:/home/anatole/ycsb/infinispan/target/dependency/netty-transport-4.1.51.Final.jar:/home/anatole/ycsb/infinispan/target/dependency/netty-transport-native-epoll-4.1.51.Final-linux-x86_64.jar:/home/anatole/ycsb/infinispan/target/dependency/netty-transport-native-unix-common-4.1.51.Final.jar:/home/anatole/ycsb/infinispan/target/dependency/pcj-1.0.jar:/home/anatole/ycsb/infinispan/target/dependency/reactive-streams-1.0.2.jar:/home/anatole/ycsb/infinispan/target/dependency/rxjava-2.2.4.jar:/home/anatole/ycsb/infinispan/target/dependency/unsafe-helper-1.0.jar site.ycsb.Client -t -db site.ycsb.db.InfinispanClient -P ../workloads/workloada -preload -s -threads 36 -p dataintegrity=true -p offheap=false -p pcj=false -p recordcount=1000000 -p operationcount=60000000 -p fieldcount=10 -p fieldlength=100 -p requestdistribution=zipfian -p measurement.trackjvm=true -p measurementtype=hdrhistogram -p hdrhistogram.output.path=./out/exp5.concurrent.ref/log/infinispan.run.workloada.true.1000000.1000000.10.100.zipfian.36.true..default.default.none.r2.hdr.log
[OVERALL], RunTime(ms), 73993
[OVERALL], Throughput(ops/sec), 824402.3083264633
[TOTAL_GCS_G1_Young_Generation], Count, 182
[TOTAL_GC_TIME_G1_Young_Generation], Time(ms), 28423
[TOTAL_GC_TIME_%_G1_Young_Generation], Time(%), 38.41309313043126
[TOTAL_GCS_G1_Old_Generation], Count, 0
[TOTAL_GC_TIME_G1_Old_Generation], Time(ms), 0
[TOTAL_GC_TIME_%_G1_Old_Generation], Time(%), 0.0
[TOTAL_GCs], Count, 182
[TOTAL_GC_TIME], Time(ms), 28423
[TOTAL_GC_TIME_%], Time(%), 38.41309313043126
[MAX_MEM_USED], MBs, 9875
[MIN_MEM_USED], MBs, 96
[MAX_THREADS], Count, 68
[MIN_THREADS], Count, 4
[MAX_SYS_LOAD_AVG], Load, 24.73
[MIN_SYS_LOAD_AVG], Load, 20.2
[THREAD_COUNT], Operations, 9
[THREAD_COUNT], AverageLatency(ns), 57.55555555555556
[THREAD_COUNT], MinLatency(ns), 4
[THREAD_COUNT], MaxLatency(ns), 68
[THREAD_COUNT], 95thPercentileLatency(ns), 68
[THREAD_COUNT], 99thPercentileLatency(ns), 68
[SYS_LOAD_AVG], Operations, 9
[SYS_LOAD_AVG], AverageLatency(ns), 22.555555555555557
[SYS_LOAD_AVG], MinLatency(ns), 20
[SYS_LOAD_AVG], MaxLatency(ns), 24
[SYS_LOAD_AVG], 95thPercentileLatency(ns), 24
[SYS_LOAD_AVG], 99thPercentileLatency(ns), 24
[LOAD], Operations, 36
[LOAD], AverageLatency(ns), 7.093439146666667E9
[LOAD], MinLatency(ns), 6150651904
[LOAD], MaxLatency(ns), 7695499263
[LOAD], 95thPercentileLatency(ns), 7684849663
[LOAD], 99thPercentileLatency(ns), 7695499263
[USED_MEM_MB], Operations, 9
[USED_MEM_MB], AverageLatency(ns), 7116.222222222223
[USED_MEM_MB], MinLatency(ns), 96
[USED_MEM_MB], MaxLatency(ns), 9875
[USED_MEM_MB], 95thPercentileLatency(ns), 9875
[USED_MEM_MB], 99thPercentileLatency(ns), 9875
[MAIN_GCs_Count], Operations, 36
[MAIN_GCs_Count], AverageLatency(ns), 154.88888888888889
[MAIN_GCs_Count], MinLatency(ns), 152
[MAIN_GCs_Count], MaxLatency(ns), 156
[MAIN_GCs_Count], 95thPercentileLatency(ns), 156
[MAIN_GCs_Count], 99thPercentileLatency(ns), 156
[MAIN_GCs_Time(ms)], Operations, 36
[MAIN_GCs_Time(ms)], AverageLatency(ns), 26097.944444444445
[MAIN_GCs_Time(ms)], MinLatency(ns), 25798
[MAIN_GCs_Time(ms)], MaxLatency(ns), 26240
[MAIN_GCs_Time(ms)], 95thPercentileLatency(ns), 26240
[MAIN_GCs_Time(ms)], 99thPercentileLatency(ns), 26240
[TRANSACTION], Operations, 36
[TRANSACTION], AverageLatency(ns), 6.428083996444444E10
[TRANSACTION], MinLatency(ns), 62948638720
[TRANSACTION], MaxLatency(ns), 64813268991
[TRANSACTION], 95thPercentileLatency(ns), 64736460799
[TRANSACTION], 99thPercentileLatency(ns), 64813268991
[GCS_TIME], Operations, 9
[GCS_TIME], AverageLatency(ns), 3158.1111111111113
[GCS_TIME], MinLatency(ns), 0
[GCS_TIME], MaxLatency(ns), 4978
[GCS_TIME], 95thPercentileLatency(ns), 4978
[GCS_TIME], 99thPercentileLatency(ns), 4978
[LOAD_GCs_Time(ms)], Operations, 36
[LOAD_GCs_Time(ms)], AverageLatency(ns), 1878.3333333333333
[LOAD_GCs_Time(ms)], MinLatency(ns), 1508
[LOAD_GCs_Time(ms)], MaxLatency(ns), 2154
[LOAD_GCs_Time(ms)], 95thPercentileLatency(ns), 2154
[LOAD_GCs_Time(ms)], 99thPercentileLatency(ns), 2154
[READ], Operations, 29997383
[READ], AverageLatency(ns), 28815.735874759474
[READ], MinLatency(ns), 190
[READ], MaxLatency(ns), 1172455423
[READ], 95thPercentileLatency(ns), 151078
[READ], 99thPercentileLatency(ns), 182688
[READ], Return=OK, 29997383
[INIT], Operations, 36
[INIT], AverageLatency(ns), 6.366225066666666E8
[INIT], MinLatency(ns), 628813824
[INIT], MaxLatency(ns), 644808703
[INIT], 95thPercentileLatency(ns), 643424255
[INIT], 99thPercentileLatency(ns), 644808703
[GCS], Operations, 9
[GCS], AverageLatency(ns), 20.22222222222222
[GCS], MinLatency(ns), 0
[GCS], MaxLatency(ns), 36
[GCS], 95thPercentileLatency(ns), 36
[GCS], 99thPercentileLatency(ns), 36
[LOAD_GCs_Count], Operations, 36
[LOAD_GCs_Count], AverageLatency(ns), 22.305555555555557
[LOAD_GCs_Count], MinLatency(ns), 20
[LOAD_GCs_Count], MaxLatency(ns), 24
[LOAD_GCs_Count], 95thPercentileLatency(ns), 24
[LOAD_GCs_Count], 99thPercentileLatency(ns), 24
[CLEANUP], Operations, 36
[CLEANUP], AverageLatency(ns), 1.2208461937777777E9
[CLEANUP], MinLatency(ns), 689532928
[CLEANUP], MaxLatency(ns), 2520399871
[CLEANUP], 95thPercentileLatency(ns), 2260287487
[CLEANUP], 99thPercentileLatency(ns), 2520399871
[INSERT], Operations, 1000000
[INSERT], AverageLatency(ns), 125182.539887
[INSERT], MinLatency(ns), 1722
[INSERT], MaxLatency(ns), 298713087
[INSERT], 95thPercentileLatency(ns), 91860
[INSERT], 99thPercentileLatency(ns), 436823
[INSERT], Return=OK, 1000000
[UPDATE], Operations, 30002617
[UPDATE], AverageLatency(ns), 39121.01264919657
[UPDATE], MinLatency(ns), 1413
[UPDATE], MaxLatency(ns), 1172471807
[UPDATE], 95thPercentileLatency(ns), 155596
[UPDATE], 99thPercentileLatency(ns), 189275
[UPDATE], Return=OK, 30002617
