/home/anatole/jdk8u/build/linux-x86_64-normal-server-release/jdk/bin/java -Xmx20g -XX:+UseG1GC -classpath /home/anatole/ycsb/conf:/home/anatole/ycsb/core/target/core-0.18.0-SNAPSHOT.jar:/home/anatole/ycsb/core/target/dependency/HdrHistogram-2.1.4.jar:/home/anatole/ycsb/core/target/dependency/guava-18.0.jar:/home/anatole/ycsb/core/target/dependency/htrace-core4-4.1.0-incubating.jar:/home/anatole/ycsb/core/target/dependency/jackson-core-asl-1.9.4.jar:/home/anatole/ycsb/core/target/dependency/jackson-mapper-asl-1.9.4.jar:/home/anatole/ycsb/core/target/dependency/javax.persistence-api-2.2.jar:/home/anatole/ycsb/core/target/dependency/jnvm-1.0-SNAPSHOT.jar:/home/anatole/ycsb/core/target/dependency/pcj-1.0.jar:/home/anatole/ycsb/core/target/dependency/unsafe-helper-1.0.jar:/home/anatole/ycsb/infinispan/src/main/conf:/home/anatole/ycsb/infinispan/target/infinispan-binding-0.18.0-SNAPSHOT.jar:/home/anatole/ycsb/infinispan/target/dependency/caffeine-2.6.2.jar:/home/anatole/ycsb/infinispan/target/dependency/gson-2.8.2.jar:/home/anatole/ycsb/infinispan/target/dependency/guava-18.0.jar:/home/anatole/ycsb/infinispan/target/dependency/infinispan-cachestore-jnvm-1.0-SNAPSHOT.jar:/home/anatole/ycsb/infinispan/target/dependency/infinispan-cachestore-pcj-1.0-SNAPSHOT.jar:/home/anatole/ycsb/infinispan/target/dependency/infinispan-client-hotrod-9.4.20.Final.jar:/home/anatole/ycsb/infinispan/target/dependency/infinispan-commons-9.4.20.Final.jar:/home/anatole/ycsb/infinispan/target/dependency/infinispan-core-9.4.20.Final.jar:/home/anatole/ycsb/infinispan/target/dependency/javax.persistence-api-2.2.jar:/home/anatole/ycsb/infinispan/target/dependency/jboss-logging-3.3.2.Final.jar:/home/anatole/ycsb/infinispan/target/dependency/jboss-marshalling-osgi-2.0.6.Final.jar:/home/anatole/ycsb/infinispan/target/dependency/jboss-transaction-api_1.2_spec-1.1.1.Final.jar:/home/anatole/ycsb/infinispan/target/dependency/jgroups-4.0.21.Final.jar:/home/anatole/ycsb/infinispan/target/dependency/jnvm-1.0-SNAPSHOT.jar:/home/anatole/ycsb/infinispan/target/dependency/metainf-services-1.7.jar:/home/anatole/ycsb/infinispan/target/dependency/netty-buffer-4.1.51.Final.jar:/home/anatole/ycsb/infinispan/target/dependency/netty-codec-4.1.51.Final.jar:/home/anatole/ycsb/infinispan/target/dependency/netty-common-4.1.51.Final.jar:/home/anatole/ycsb/infinispan/target/dependency/netty-handler-4.1.51.Final.jar:/home/anatole/ycsb/infinispan/target/dependency/netty-resolver-4.1.51.Final.jar:/home/anatole/ycsb/infinispan/target/dependency/netty-transport-4.1.51.Final.jar:/home/anatole/ycsb/infinispan/target/dependency/netty-transport-native-epoll-4.1.51.Final-linux-x86_64.jar:/home/anatole/ycsb/infinispan/target/dependency/netty-transport-native-unix-common-4.1.51.Final.jar:/home/anatole/ycsb/infinispan/target/dependency/pcj-1.0.jar:/home/anatole/ycsb/infinispan/target/dependency/reactive-streams-1.0.2.jar:/home/anatole/ycsb/infinispan/target/dependency/rxjava-2.2.4.jar:/home/anatole/ycsb/infinispan/target/dependency/unsafe-helper-1.0.jar site.ycsb.Client -t -db site.ycsb.db.InfinispanJNVMClient -P ../workloads/workloadc -preload -s -threads 2 -p dataintegrity=true -p offheap=true -p pcj=false -p recordcount=1000000 -p operationcount=6000000 -p fieldcount=10 -p fieldlength=100 -p requestdistribution=zipfian -p measurement.trackjvm=true -p measurementtype=hdrhistogram -p hdrhistogram.output.path=./out/exp5.concurrent.ref/log/infinispan-jnvm.run.workloadc.true.1000000.1.10.100.zipfian.2.false..default.default.none.r2.hdr.log
[OVERALL], RunTime(ms), 29286
[OVERALL], Throughput(ops/sec), 239022.05832138224
[TOTAL_GCS_G1_Young_Generation], Count, 28
[TOTAL_GC_TIME_G1_Young_Generation], Time(ms), 2264
[TOTAL_GC_TIME_%_G1_Young_Generation], Time(%), 7.730656286280134
[TOTAL_GCS_G1_Old_Generation], Count, 0
[TOTAL_GC_TIME_G1_Old_Generation], Time(ms), 0
[TOTAL_GC_TIME_%_G1_Old_Generation], Time(%), 0.0
[TOTAL_GCs], Count, 28
[TOTAL_GC_TIME], Time(ms), 2264
[TOTAL_GC_TIME_%], Time(%), 7.730656286280134
[MAX_MEM_USED], MBs, 4354
[MIN_MEM_USED], MBs, 52
[MAX_THREADS], Count, 8
[MIN_THREADS], Count, 4
[MAX_SYS_LOAD_AVG], Load, 5.46
[MIN_SYS_LOAD_AVG], Load, 4.2
[THREAD_COUNT], Operations, 4
[THREAD_COUNT], AverageLatency(ns), 6.0
[THREAD_COUNT], MinLatency(ns), 4
[THREAD_COUNT], MaxLatency(ns), 8
[THREAD_COUNT], 95thPercentileLatency(ns), 8
[THREAD_COUNT], 99thPercentileLatency(ns), 8
[SYS_LOAD_AVG], Operations, 4
[SYS_LOAD_AVG], AverageLatency(ns), 4.5
[SYS_LOAD_AVG], MinLatency(ns), 4
[SYS_LOAD_AVG], MaxLatency(ns), 5
[SYS_LOAD_AVG], 95thPercentileLatency(ns), 5
[SYS_LOAD_AVG], 99thPercentileLatency(ns), 5
[LOAD], Operations, 2
[LOAD], AverageLatency(ns), 1.9037487104E10
[LOAD], MinLatency(ns), 19023527936
[LOAD], MaxLatency(ns), 19051446271
[LOAD], 95thPercentileLatency(ns), 19051446271
[LOAD], 99thPercentileLatency(ns), 19051446271
[USED_MEM_MB], Operations, 4
[USED_MEM_MB], AverageLatency(ns), 2471.75
[USED_MEM_MB], MinLatency(ns), 52
[USED_MEM_MB], MaxLatency(ns), 4354
[USED_MEM_MB], 95thPercentileLatency(ns), 4354
[USED_MEM_MB], 99thPercentileLatency(ns), 4354
[MAIN_GCs_Count], Operations, 2
[MAIN_GCs_Count], AverageLatency(ns), 3.0
[MAIN_GCs_Count], MinLatency(ns), 3
[MAIN_GCs_Count], MaxLatency(ns), 3
[MAIN_GCs_Count], 95thPercentileLatency(ns), 3
[MAIN_GCs_Count], 99thPercentileLatency(ns), 3
[MAIN_GCs_Time(ms)], Operations, 2
[MAIN_GCs_Time(ms)], AverageLatency(ns), 281.0
[MAIN_GCs_Time(ms)], MinLatency(ns), 281
[MAIN_GCs_Time(ms)], MaxLatency(ns), 281
[MAIN_GCs_Time(ms)], 95thPercentileLatency(ns), 281
[MAIN_GCs_Time(ms)], 99thPercentileLatency(ns), 281
[TRANSACTION], Operations, 2
[TRANSACTION], AverageLatency(ns), 8.574042112E9
[TRANSACTION], MinLatency(ns), 8566636544
[TRANSACTION], MaxLatency(ns), 8581447679
[TRANSACTION], 95thPercentileLatency(ns), 8581447679
[TRANSACTION], 99thPercentileLatency(ns), 8581447679
[GCS_TIME], Operations, 4
[GCS_TIME], AverageLatency(ns), 566.0
[GCS_TIME], MinLatency(ns), 0
[GCS_TIME], MaxLatency(ns), 1067
[GCS_TIME], 95thPercentileLatency(ns), 1067
[GCS_TIME], 99thPercentileLatency(ns), 1067
[LOAD_GCs_Time(ms)], Operations, 2
[LOAD_GCs_Time(ms)], AverageLatency(ns), 1962.0
[LOAD_GCs_Time(ms)], MinLatency(ns), 1962
[LOAD_GCs_Time(ms)], MaxLatency(ns), 1962
[LOAD_GCs_Time(ms)], 95thPercentileLatency(ns), 1962
[LOAD_GCs_Time(ms)], 99thPercentileLatency(ns), 1962
[READ], Operations, 6000000
[READ], AverageLatency(ns), 1950.6247433333333
[READ], MinLatency(ns), 221
[READ], MaxLatency(ns), 123342847
[READ], 95thPercentileLatency(ns), 2491
[READ], 99thPercentileLatency(ns), 3511
[READ], Return=OK, 6000000
[INIT], Operations, 2
[INIT], AverageLatency(ns), 1.59543296E9
[INIT], MinLatency(ns), 1595416576
[INIT], MaxLatency(ns), 1595449343
[INIT], 95thPercentileLatency(ns), 1595449343
[INIT], 99thPercentileLatency(ns), 1595449343
[GCS], Operations, 4
[GCS], AverageLatency(ns), 7.0
[GCS], MinLatency(ns), 0
[GCS], MaxLatency(ns), 19
[GCS], 95thPercentileLatency(ns), 19
[GCS], 99thPercentileLatency(ns), 19
[LOAD_GCs_Count], Operations, 2
[LOAD_GCs_Count], AverageLatency(ns), 24.0
[LOAD_GCs_Count], MinLatency(ns), 24
[LOAD_GCs_Count], MaxLatency(ns), 24
[LOAD_GCs_Count], 95thPercentileLatency(ns), 24
[LOAD_GCs_Count], 99thPercentileLatency(ns), 24
[CLEANUP], Operations, 2
[CLEANUP], AverageLatency(ns), 7689832.0
[CLEANUP], MinLatency(ns), 6000800
[CLEANUP], MaxLatency(ns), 9378879
[CLEANUP], 95thPercentileLatency(ns), 9378879
[CLEANUP], 99thPercentileLatency(ns), 9378879
[INSERT], Operations, 1000000
[INSERT], AverageLatency(ns), 12393.517544
[INSERT], MinLatency(ns), 2566
[INSERT], MaxLatency(ns), 105415679
[INSERT], 95thPercentileLatency(ns), 11824
[INSERT], 99thPercentileLatency(ns), 30186
[INSERT], Return=OK, 1000000
