/home/anatole/jdk8u/build/linux-x86_64-normal-server-release/jdk/bin/java -Xmx20g -XX:+UseG1GC -classpath /home/anatole/ycsb/conf:/home/anatole/ycsb/core/target/core-0.18.0-SNAPSHOT.jar:/home/anatole/ycsb/core/target/dependency/HdrHistogram-2.1.4.jar:/home/anatole/ycsb/core/target/dependency/guava-18.0.jar:/home/anatole/ycsb/core/target/dependency/htrace-core4-4.1.0-incubating.jar:/home/anatole/ycsb/core/target/dependency/jackson-core-asl-1.9.4.jar:/home/anatole/ycsb/core/target/dependency/jackson-mapper-asl-1.9.4.jar:/home/anatole/ycsb/core/target/dependency/javax.persistence-api-2.2.jar:/home/anatole/ycsb/core/target/dependency/jnvm-1.0-SNAPSHOT.jar:/home/anatole/ycsb/core/target/dependency/pcj-1.0.jar:/home/anatole/ycsb/core/target/dependency/unsafe-helper-1.0.jar:/home/anatole/ycsb/infinispan/src/main/conf:/home/anatole/ycsb/infinispan/target/infinispan-binding-0.18.0-SNAPSHOT.jar:/home/anatole/ycsb/infinispan/target/dependency/caffeine-2.6.2.jar:/home/anatole/ycsb/infinispan/target/dependency/gson-2.8.2.jar:/home/anatole/ycsb/infinispan/target/dependency/guava-18.0.jar:/home/anatole/ycsb/infinispan/target/dependency/infinispan-cachestore-jnvm-1.0-SNAPSHOT.jar:/home/anatole/ycsb/infinispan/target/dependency/infinispan-cachestore-pcj-1.0-SNAPSHOT.jar:/home/anatole/ycsb/infinispan/target/dependency/infinispan-client-hotrod-9.4.20.Final.jar:/home/anatole/ycsb/infinispan/target/dependency/infinispan-commons-9.4.20.Final.jar:/home/anatole/ycsb/infinispan/target/dependency/infinispan-core-9.4.20.Final.jar:/home/anatole/ycsb/infinispan/target/dependency/javax.persistence-api-2.2.jar:/home/anatole/ycsb/infinispan/target/dependency/jboss-logging-3.3.2.Final.jar:/home/anatole/ycsb/infinispan/target/dependency/jboss-marshalling-osgi-2.0.6.Final.jar:/home/anatole/ycsb/infinispan/target/dependency/jboss-transaction-api_1.2_spec-1.1.1.Final.jar:/home/anatole/ycsb/infinispan/target/dependency/jgroups-4.0.21.Final.jar:/home/anatole/ycsb/infinispan/target/dependency/jnvm-1.0-SNAPSHOT.jar:/home/anatole/ycsb/infinispan/target/dependency/metainf-services-1.7.jar:/home/anatole/ycsb/infinispan/target/dependency/netty-buffer-4.1.51.Final.jar:/home/anatole/ycsb/infinispan/target/dependency/netty-codec-4.1.51.Final.jar:/home/anatole/ycsb/infinispan/target/dependency/netty-common-4.1.51.Final.jar:/home/anatole/ycsb/infinispan/target/dependency/netty-handler-4.1.51.Final.jar:/home/anatole/ycsb/infinispan/target/dependency/netty-resolver-4.1.51.Final.jar:/home/anatole/ycsb/infinispan/target/dependency/netty-transport-4.1.51.Final.jar:/home/anatole/ycsb/infinispan/target/dependency/netty-transport-native-epoll-4.1.51.Final-linux-x86_64.jar:/home/anatole/ycsb/infinispan/target/dependency/netty-transport-native-unix-common-4.1.51.Final.jar:/home/anatole/ycsb/infinispan/target/dependency/pcj-1.0.jar:/home/anatole/ycsb/infinispan/target/dependency/reactive-streams-1.0.2.jar:/home/anatole/ycsb/infinispan/target/dependency/rxjava-2.2.4.jar:/home/anatole/ycsb/infinispan/target/dependency/unsafe-helper-1.0.jar site.ycsb.Client -t -db site.ycsb.db.InfinispanClient -P ../workloads/workloadc -preload -s -threads 36 -p dataintegrity=true -p offheap=false -p pcj=false -p recordcount=1000000 -p operationcount=60000000 -p fieldcount=10 -p fieldlength=100 -p requestdistribution=zipfian -p measurement.trackjvm=true -p measurementtype=hdrhistogram -p hdrhistogram.output.path=./out/exp5.concurrent.ref/log/infinispan.run.workloadc.true.1000000.1000000.10.100.zipfian.36.true..default.default.none.r1.hdr.log
[OVERALL], RunTime(ms), 92068
[OVERALL], Throughput(ops/sec), 662553.7646087675
[TOTAL_GCS_G1_Young_Generation], Count, 34
[TOTAL_GC_TIME_G1_Young_Generation], Time(ms), 2489
[TOTAL_GC_TIME_%_G1_Young_Generation], Time(%), 2.7034365903462656
[TOTAL_GCS_G1_Old_Generation], Count, 0
[TOTAL_GC_TIME_G1_Old_Generation], Time(ms), 0
[TOTAL_GC_TIME_%_G1_Old_Generation], Time(%), 0.0
[TOTAL_GCs], Count, 34
[TOTAL_GC_TIME], Time(ms), 2489
[TOTAL_GC_TIME_%], Time(%), 2.7034365903462656
[MAX_MEM_USED], MBs, 15842
[MIN_MEM_USED], MBs, 96
[MAX_THREADS], Count, 42
[MIN_THREADS], Count, 3
[MAX_SYS_LOAD_AVG], Load, 13.58
[MIN_SYS_LOAD_AVG], Load, 8.78
[THREAD_COUNT], Operations, 11
[THREAD_COUNT], AverageLatency(ns), 37.90909090909091
[THREAD_COUNT], MinLatency(ns), 3
[THREAD_COUNT], MaxLatency(ns), 42
[THREAD_COUNT], 95thPercentileLatency(ns), 42
[THREAD_COUNT], 99thPercentileLatency(ns), 42
[SYS_LOAD_AVG], Operations, 11
[SYS_LOAD_AVG], AverageLatency(ns), 10.090909090909092
[SYS_LOAD_AVG], MinLatency(ns), 8
[SYS_LOAD_AVG], MaxLatency(ns), 13
[SYS_LOAD_AVG], 95thPercentileLatency(ns), 12
[SYS_LOAD_AVG], 99thPercentileLatency(ns), 13
[LOAD], Operations, 36
[LOAD], AverageLatency(ns), 6.904680903111111E9
[LOAD], MinLatency(ns), 6512246784
[LOAD], MaxLatency(ns), 7063142399
[LOAD], 95thPercentileLatency(ns), 7046037503
[LOAD], 99thPercentileLatency(ns), 7063142399
[USED_MEM_MB], Operations, 11
[USED_MEM_MB], AverageLatency(ns), 8985.181818181818
[USED_MEM_MB], MinLatency(ns), 96
[USED_MEM_MB], MaxLatency(ns), 15842
[USED_MEM_MB], 95thPercentileLatency(ns), 15396
[USED_MEM_MB], 99thPercentileLatency(ns), 15842
[MAIN_GCs_Count], Operations, 36
[MAIN_GCs_Count], AverageLatency(ns), 10.0
[MAIN_GCs_Count], MinLatency(ns), 10
[MAIN_GCs_Count], MaxLatency(ns), 10
[MAIN_GCs_Count], 95thPercentileLatency(ns), 10
[MAIN_GCs_Count], 99thPercentileLatency(ns), 10
[MAIN_GCs_Time(ms)], Operations, 36
[MAIN_GCs_Time(ms)], AverageLatency(ns), 347.0
[MAIN_GCs_Time(ms)], MinLatency(ns), 347
[MAIN_GCs_Time(ms)], MaxLatency(ns), 347
[MAIN_GCs_Time(ms)], 95thPercentileLatency(ns), 347
[MAIN_GCs_Time(ms)], 99thPercentileLatency(ns), 347
[TRANSACTION], Operations, 36
[TRANSACTION], AverageLatency(ns), 8.347981505422223E10
[TRANSACTION], MinLatency(ns), 83047743488
[TRANSACTION], MaxLatency(ns), 83685801983
[TRANSACTION], 95thPercentileLatency(ns), 83665879039
[TRANSACTION], 99thPercentileLatency(ns), 83685801983
[GCS_TIME], Operations, 11
[GCS_TIME], AverageLatency(ns), 226.27272727272728
[GCS_TIME], MinLatency(ns), 0
[GCS_TIME], MaxLatency(ns), 2355
[GCS_TIME], 95thPercentileLatency(ns), 40
[GCS_TIME], 99thPercentileLatency(ns), 2355
[LOAD_GCs_Time(ms)], Operations, 36
[LOAD_GCs_Time(ms)], AverageLatency(ns), 2089.3333333333335
[LOAD_GCs_Time(ms)], MinLatency(ns), 1951
[LOAD_GCs_Time(ms)], MaxLatency(ns), 2117
[LOAD_GCs_Time(ms)], 95thPercentileLatency(ns), 2117
[LOAD_GCs_Time(ms)], 99thPercentileLatency(ns), 2117
[READ], Operations, 60000000
[READ], AverageLatency(ns), 46453.52121856667
[READ], MinLatency(ns), 253
[READ], MaxLatency(ns), 159141887
[READ], 95thPercentileLatency(ns), 401227
[READ], 99thPercentileLatency(ns), 437129
[READ], Return=OK, 60000000
[INIT], Operations, 36
[INIT], AverageLatency(ns), 6.010996053333334E8
[INIT], MinLatency(ns), 593649664
[INIT], MaxLatency(ns), 609341439
[INIT], 95thPercentileLatency(ns), 608067583
[INIT], 99thPercentileLatency(ns), 609341439
[GCS], Operations, 11
[GCS], AverageLatency(ns), 3.090909090909091
[GCS], MinLatency(ns), 0
[GCS], MaxLatency(ns), 26
[GCS], 95thPercentileLatency(ns), 3
[GCS], 99thPercentileLatency(ns), 26
[LOAD_GCs_Count], Operations, 36
[LOAD_GCs_Count], AverageLatency(ns), 21.833333333333332
[LOAD_GCs_Count], MinLatency(ns), 21
[LOAD_GCs_Count], MaxLatency(ns), 22
[LOAD_GCs_Count], 95thPercentileLatency(ns), 22
[LOAD_GCs_Count], 99thPercentileLatency(ns), 22
[CLEANUP], Operations, 36
[CLEANUP], AverageLatency(ns), 7.478533688888888E8
[CLEANUP], MinLatency(ns), 542937088
[CLEANUP], MaxLatency(ns), 1144340479
[CLEANUP], 95thPercentileLatency(ns), 1126563839
[CLEANUP], 99thPercentileLatency(ns), 1144340479
[INSERT], Operations, 1000000
[INSERT], AverageLatency(ns), 142859.453856
[INSERT], MinLatency(ns), 1737
[INSERT], MaxLatency(ns), 342142975
[INSERT], 95thPercentileLatency(ns), 110740
[INSERT], 99thPercentileLatency(ns), 507987
[INSERT], Return=OK, 1000000
