/home/anatole/jdk8u/build/linux-x86_64-normal-server-release/jdk/bin/java -Xmx20g -XX:+UseG1GC -classpath /home/anatole/ycsb/conf:/home/anatole/ycsb/core/target/core-0.18.0-SNAPSHOT.jar:/home/anatole/ycsb/core/target/dependency/HdrHistogram-2.1.4.jar:/home/anatole/ycsb/core/target/dependency/guava-18.0.jar:/home/anatole/ycsb/core/target/dependency/htrace-core4-4.1.0-incubating.jar:/home/anatole/ycsb/core/target/dependency/jackson-core-asl-1.9.4.jar:/home/anatole/ycsb/core/target/dependency/jackson-mapper-asl-1.9.4.jar:/home/anatole/ycsb/core/target/dependency/javax.persistence-api-2.2.jar:/home/anatole/ycsb/core/target/dependency/jnvm-1.0-SNAPSHOT.jar:/home/anatole/ycsb/core/target/dependency/pcj-1.0.jar:/home/anatole/ycsb/core/target/dependency/unsafe-helper-1.0.jar:/home/anatole/ycsb/infinispan/src/main/conf:/home/anatole/ycsb/infinispan/target/infinispan-binding-0.18.0-SNAPSHOT.jar:/home/anatole/ycsb/infinispan/target/dependency/caffeine-2.6.2.jar:/home/anatole/ycsb/infinispan/target/dependency/gson-2.8.2.jar:/home/anatole/ycsb/infinispan/target/dependency/guava-18.0.jar:/home/anatole/ycsb/infinispan/target/dependency/infinispan-cachestore-jnvm-1.0-SNAPSHOT.jar:/home/anatole/ycsb/infinispan/target/dependency/infinispan-cachestore-pcj-1.0-SNAPSHOT.jar:/home/anatole/ycsb/infinispan/target/dependency/infinispan-client-hotrod-9.4.20.Final.jar:/home/anatole/ycsb/infinispan/target/dependency/infinispan-commons-9.4.20.Final.jar:/home/anatole/ycsb/infinispan/target/dependency/infinispan-core-9.4.20.Final.jar:/home/anatole/ycsb/infinispan/target/dependency/javax.persistence-api-2.2.jar:/home/anatole/ycsb/infinispan/target/dependency/jboss-logging-3.3.2.Final.jar:/home/anatole/ycsb/infinispan/target/dependency/jboss-marshalling-osgi-2.0.6.Final.jar:/home/anatole/ycsb/infinispan/target/dependency/jboss-transaction-api_1.2_spec-1.1.1.Final.jar:/home/anatole/ycsb/infinispan/target/dependency/jgroups-4.0.21.Final.jar:/home/anatole/ycsb/infinispan/target/dependency/jnvm-1.0-SNAPSHOT.jar:/home/anatole/ycsb/infinispan/target/dependency/metainf-services-1.7.jar:/home/anatole/ycsb/infinispan/target/dependency/netty-buffer-4.1.51.Final.jar:/home/anatole/ycsb/infinispan/target/dependency/netty-codec-4.1.51.Final.jar:/home/anatole/ycsb/infinispan/target/dependency/netty-common-4.1.51.Final.jar:/home/anatole/ycsb/infinispan/target/dependency/netty-handler-4.1.51.Final.jar:/home/anatole/ycsb/infinispan/target/dependency/netty-resolver-4.1.51.Final.jar:/home/anatole/ycsb/infinispan/target/dependency/netty-transport-4.1.51.Final.jar:/home/anatole/ycsb/infinispan/target/dependency/netty-transport-native-epoll-4.1.51.Final-linux-x86_64.jar:/home/anatole/ycsb/infinispan/target/dependency/netty-transport-native-unix-common-4.1.51.Final.jar:/home/anatole/ycsb/infinispan/target/dependency/pcj-1.0.jar:/home/anatole/ycsb/infinispan/target/dependency/reactive-streams-1.0.2.jar:/home/anatole/ycsb/infinispan/target/dependency/rxjava-2.2.4.jar:/home/anatole/ycsb/infinispan/target/dependency/unsafe-helper-1.0.jar site.ycsb.Client -t -db site.ycsb.db.InfinispanJNVMClient -P ../workloads/workloada -preload -s -threads 2 -p dataintegrity=true -p offheap=true -p pcj=false -p recordcount=1000000 -p operationcount=6000000 -p fieldcount=10 -p fieldlength=100 -p requestdistribution=zipfian -p measurement.trackjvm=true -p measurementtype=hdrhistogram -p hdrhistogram.output.path=./out/exp5.concurrent.ref/log/infinispan-jnvm.run.workloada.true.1000000.1.10.100.zipfian.2.false..default.default.none.r4.hdr.log
[OVERALL], RunTime(ms), 35436
[OVERALL], Throughput(ops/sec), 197539.22564623546
[TOTAL_GCS_G1_Young_Generation], Count, 38
[TOTAL_GC_TIME_G1_Young_Generation], Time(ms), 4047
[TOTAL_GC_TIME_%_G1_Young_Generation], Time(%), 11.420589231290213
[TOTAL_GCS_G1_Old_Generation], Count, 0
[TOTAL_GC_TIME_G1_Old_Generation], Time(ms), 0
[TOTAL_GC_TIME_%_G1_Old_Generation], Time(%), 0.0
[TOTAL_GCs], Count, 38
[TOTAL_GC_TIME], Time(ms), 4047
[TOTAL_GC_TIME_%], Time(%), 11.420589231290213
[MAX_MEM_USED], MBs, 4441
[MIN_MEM_USED], MBs, 54
[MAX_THREADS], Count, 8
[MIN_THREADS], Count, 4
[MAX_SYS_LOAD_AVG], Load, 5.39
[MIN_SYS_LOAD_AVG], Load, 3.55
[THREAD_COUNT], Operations, 5
[THREAD_COUNT], AverageLatency(ns), 6.4
[THREAD_COUNT], MinLatency(ns), 4
[THREAD_COUNT], MaxLatency(ns), 8
[THREAD_COUNT], 95thPercentileLatency(ns), 8
[THREAD_COUNT], 99thPercentileLatency(ns), 8
[SYS_LOAD_AVG], Operations, 5
[SYS_LOAD_AVG], AverageLatency(ns), 4.0
[SYS_LOAD_AVG], MinLatency(ns), 3
[SYS_LOAD_AVG], MaxLatency(ns), 5
[SYS_LOAD_AVG], 95thPercentileLatency(ns), 5
[SYS_LOAD_AVG], 99thPercentileLatency(ns), 5
[LOAD], Operations, 2
[LOAD], AverageLatency(ns), 1.8787729408E10
[LOAD], MinLatency(ns), 18773573632
[LOAD], MaxLatency(ns), 18801885183
[LOAD], 95thPercentileLatency(ns), 18801885183
[LOAD], 99thPercentileLatency(ns), 18801885183
[USED_MEM_MB], Operations, 5
[USED_MEM_MB], AverageLatency(ns), 3094.4
[USED_MEM_MB], MinLatency(ns), 54
[USED_MEM_MB], MaxLatency(ns), 4441
[USED_MEM_MB], 95thPercentileLatency(ns), 4441
[USED_MEM_MB], 99thPercentileLatency(ns), 4441
[MAIN_GCs_Count], Operations, 2
[MAIN_GCs_Count], AverageLatency(ns), 13.0
[MAIN_GCs_Count], MinLatency(ns), 13
[MAIN_GCs_Count], MaxLatency(ns), 13
[MAIN_GCs_Count], 95thPercentileLatency(ns), 13
[MAIN_GCs_Count], 99thPercentileLatency(ns), 13
[MAIN_GCs_Time(ms)], Operations, 2
[MAIN_GCs_Time(ms)], AverageLatency(ns), 2134.0
[MAIN_GCs_Time(ms)], MinLatency(ns), 2134
[MAIN_GCs_Time(ms)], MaxLatency(ns), 2134
[MAIN_GCs_Time(ms)], 95thPercentileLatency(ns), 2134
[MAIN_GCs_Time(ms)], 99thPercentileLatency(ns), 2134
[TRANSACTION], Operations, 2
[TRANSACTION], AverageLatency(ns), 1.4874148864E10
[TRANSACTION], MinLatency(ns), 14813560832
[TRANSACTION], MaxLatency(ns), 14934736895
[TRANSACTION], 95thPercentileLatency(ns), 14934736895
[TRANSACTION], 99thPercentileLatency(ns), 14934736895
[GCS_TIME], Operations, 5
[GCS_TIME], AverageLatency(ns), 809.4
[GCS_TIME], MinLatency(ns), 0
[GCS_TIME], MaxLatency(ns), 1478
[GCS_TIME], 95thPercentileLatency(ns), 1478
[GCS_TIME], 99thPercentileLatency(ns), 1478
[LOAD_GCs_Time(ms)], Operations, 2
[LOAD_GCs_Time(ms)], AverageLatency(ns), 1891.0
[LOAD_GCs_Time(ms)], MinLatency(ns), 1891
[LOAD_GCs_Time(ms)], MaxLatency(ns), 1891
[LOAD_GCs_Time(ms)], 95thPercentileLatency(ns), 1891
[LOAD_GCs_Time(ms)], 99thPercentileLatency(ns), 1891
[READ], Operations, 3001236
[READ], AverageLatency(ns), 2316.9057358368354
[READ], MinLatency(ns), 207
[READ], MaxLatency(ns), 169087999
[READ], 95thPercentileLatency(ns), 2937
[READ], 99thPercentileLatency(ns), 4383
[READ], Return=OK, 3001236
[INIT], Operations, 2
[INIT], AverageLatency(ns), 1.643667456E9
[INIT], MinLatency(ns), 1643659264
[INIT], MaxLatency(ns), 1643675647
[INIT], 95thPercentileLatency(ns), 1643675647
[INIT], 99thPercentileLatency(ns), 1643675647
[GCS], Operations, 5
[GCS], AverageLatency(ns), 7.6
[GCS], MinLatency(ns), 0
[GCS], MaxLatency(ns), 18
[GCS], 95thPercentileLatency(ns), 18
[GCS], 99thPercentileLatency(ns), 18
[LOAD_GCs_Count], Operations, 2
[LOAD_GCs_Count], AverageLatency(ns), 24.0
[LOAD_GCs_Count], MinLatency(ns), 24
[LOAD_GCs_Count], MaxLatency(ns), 24
[LOAD_GCs_Count], 95thPercentileLatency(ns), 24
[LOAD_GCs_Count], 99thPercentileLatency(ns), 24
[CLEANUP], Operations, 2
[CLEANUP], AverageLatency(ns), 6.0633224E7
[CLEANUP], MinLatency(ns), 5865984
[CLEANUP], MaxLatency(ns), 115400703
[CLEANUP], 95thPercentileLatency(ns), 115400703
[CLEANUP], 99thPercentileLatency(ns), 115400703
[INSERT], Operations, 1000000
[INSERT], AverageLatency(ns), 13159.843737
[INSERT], MinLatency(ns), 2543
[INSERT], MaxLatency(ns), 157355007
[INSERT], 95thPercentileLatency(ns), 12114
[INSERT], 99thPercentileLatency(ns), 29755
[INSERT], Return=OK, 1000000
[UPDATE], Operations, 2998764
[UPDATE], AverageLatency(ns), 3333.4212388837536
[UPDATE], MinLatency(ns), 284
[UPDATE], MaxLatency(ns), 208527359
[UPDATE], 95thPercentileLatency(ns), 3958
[UPDATE], 99thPercentileLatency(ns), 5463
[UPDATE], Return=OK, 2998764
