/home/anatole/jdk8u/build/linux-x86_64-normal-server-release/jdk/bin/java -Xmx20g -XX:+UseG1GC -classpath /home/anatole/ycsb/conf:/home/anatole/ycsb/core/target/core-0.18.0-SNAPSHOT.jar:/home/anatole/ycsb/core/target/dependency/HdrHistogram-2.1.4.jar:/home/anatole/ycsb/core/target/dependency/guava-18.0.jar:/home/anatole/ycsb/core/target/dependency/htrace-core4-4.1.0-incubating.jar:/home/anatole/ycsb/core/target/dependency/jackson-core-asl-1.9.4.jar:/home/anatole/ycsb/core/target/dependency/jackson-mapper-asl-1.9.4.jar:/home/anatole/ycsb/core/target/dependency/javax.persistence-api-2.2.jar:/home/anatole/ycsb/core/target/dependency/jnvm-1.0-SNAPSHOT.jar:/home/anatole/ycsb/core/target/dependency/pcj-1.0.jar:/home/anatole/ycsb/core/target/dependency/unsafe-helper-1.0.jar:/home/anatole/ycsb/infinispan/src/main/conf:/home/anatole/ycsb/infinispan/target/infinispan-binding-0.18.0-SNAPSHOT.jar:/home/anatole/ycsb/infinispan/target/dependency/caffeine-2.6.2.jar:/home/anatole/ycsb/infinispan/target/dependency/gson-2.8.2.jar:/home/anatole/ycsb/infinispan/target/dependency/guava-18.0.jar:/home/anatole/ycsb/infinispan/target/dependency/infinispan-cachestore-jnvm-1.0-SNAPSHOT.jar:/home/anatole/ycsb/infinispan/target/dependency/infinispan-cachestore-pcj-1.0-SNAPSHOT.jar:/home/anatole/ycsb/infinispan/target/dependency/infinispan-client-hotrod-9.4.20.Final.jar:/home/anatole/ycsb/infinispan/target/dependency/infinispan-commons-9.4.20.Final.jar:/home/anatole/ycsb/infinispan/target/dependency/infinispan-core-9.4.20.Final.jar:/home/anatole/ycsb/infinispan/target/dependency/javax.persistence-api-2.2.jar:/home/anatole/ycsb/infinispan/target/dependency/jboss-logging-3.3.2.Final.jar:/home/anatole/ycsb/infinispan/target/dependency/jboss-marshalling-osgi-2.0.6.Final.jar:/home/anatole/ycsb/infinispan/target/dependency/jboss-transaction-api_1.2_spec-1.1.1.Final.jar:/home/anatole/ycsb/infinispan/target/dependency/jgroups-4.0.21.Final.jar:/home/anatole/ycsb/infinispan/target/dependency/jnvm-1.0-SNAPSHOT.jar:/home/anatole/ycsb/infinispan/target/dependency/metainf-services-1.7.jar:/home/anatole/ycsb/infinispan/target/dependency/netty-buffer-4.1.51.Final.jar:/home/anatole/ycsb/infinispan/target/dependency/netty-codec-4.1.51.Final.jar:/home/anatole/ycsb/infinispan/target/dependency/netty-common-4.1.51.Final.jar:/home/anatole/ycsb/infinispan/target/dependency/netty-handler-4.1.51.Final.jar:/home/anatole/ycsb/infinispan/target/dependency/netty-resolver-4.1.51.Final.jar:/home/anatole/ycsb/infinispan/target/dependency/netty-transport-4.1.51.Final.jar:/home/anatole/ycsb/infinispan/target/dependency/netty-transport-native-epoll-4.1.51.Final-linux-x86_64.jar:/home/anatole/ycsb/infinispan/target/dependency/netty-transport-native-unix-common-4.1.51.Final.jar:/home/anatole/ycsb/infinispan/target/dependency/pcj-1.0.jar:/home/anatole/ycsb/infinispan/target/dependency/reactive-streams-1.0.2.jar:/home/anatole/ycsb/infinispan/target/dependency/rxjava-2.2.4.jar:/home/anatole/ycsb/infinispan/target/dependency/unsafe-helper-1.0.jar site.ycsb.Client -t -db site.ycsb.db.InfinispanClient -P ../workloads/workloadc -preload -s -threads 12 -p dataintegrity=true -p offheap=false -p pcj=false -p recordcount=1000000 -p operationcount=60000000 -p fieldcount=10 -p fieldlength=100 -p requestdistribution=zipfian -p measurement.trackjvm=true -p measurementtype=hdrhistogram -p hdrhistogram.output.path=./out/exp5.concurrent.ref/log/infinispan.run.workloadc.true.1000000.1000000.10.100.zipfian.12.false.true.default.default.volatile.r4.hdr.log
[OVERALL], RunTime(ms), 35293
[OVERALL], Throughput(ops/sec), 1728388.065622078
[TOTAL_GCS_G1_Young_Generation], Count, 32
[TOTAL_GC_TIME_G1_Young_Generation], Time(ms), 2409
[TOTAL_GC_TIME_%_G1_Young_Generation], Time(%), 6.82571614767801
[TOTAL_GCS_G1_Old_Generation], Count, 0
[TOTAL_GC_TIME_G1_Old_Generation], Time(ms), 0
[TOTAL_GC_TIME_%_G1_Old_Generation], Time(%), 0.0
[TOTAL_GCs], Count, 32
[TOTAL_GC_TIME], Time(ms), 2409
[TOTAL_GC_TIME_%], Time(%), 6.82571614767801
[MAX_MEM_USED], MBs, 14981
[MIN_MEM_USED], MBs, 66
[MAX_THREADS], Count, 17
[MIN_THREADS], Count, 4
[MAX_SYS_LOAD_AVG], Load, 15.05
[MIN_SYS_LOAD_AVG], Load, 14.52
[THREAD_COUNT], Operations, 5
[THREAD_COUNT], AverageLatency(ns), 13.8
[THREAD_COUNT], MinLatency(ns), 4
[THREAD_COUNT], MaxLatency(ns), 17
[THREAD_COUNT], 95thPercentileLatency(ns), 17
[THREAD_COUNT], 99thPercentileLatency(ns), 17
[SYS_LOAD_AVG], Operations, 5
[SYS_LOAD_AVG], AverageLatency(ns), 14.2
[SYS_LOAD_AVG], MinLatency(ns), 14
[SYS_LOAD_AVG], MaxLatency(ns), 15
[SYS_LOAD_AVG], 95thPercentileLatency(ns), 15
[SYS_LOAD_AVG], 99thPercentileLatency(ns), 15
[LOAD], Operations, 12
[LOAD], AverageLatency(ns), 5.504139264E9
[LOAD], MinLatency(ns), 5324537856
[LOAD], MaxLatency(ns), 5628329983
[LOAD], 95thPercentileLatency(ns), 5622169599
[LOAD], 99thPercentileLatency(ns), 5628329983
[USED_MEM_MB], Operations, 5
[USED_MEM_MB], AverageLatency(ns), 7863.2
[USED_MEM_MB], MinLatency(ns), 66
[USED_MEM_MB], MaxLatency(ns), 14981
[USED_MEM_MB], 95thPercentileLatency(ns), 14981
[USED_MEM_MB], 99thPercentileLatency(ns), 14981
[MAIN_GCs_Count], Operations, 12
[MAIN_GCs_Count], AverageLatency(ns), 5.416666666666667
[MAIN_GCs_Count], MinLatency(ns), 5
[MAIN_GCs_Count], MaxLatency(ns), 6
[MAIN_GCs_Count], 95thPercentileLatency(ns), 6
[MAIN_GCs_Count], 99thPercentileLatency(ns), 6
[MAIN_GCs_Time(ms)], Operations, 12
[MAIN_GCs_Time(ms)], AverageLatency(ns), 268.25
[MAIN_GCs_Time(ms)], MinLatency(ns), 252
[MAIN_GCs_Time(ms)], MaxLatency(ns), 291
[MAIN_GCs_Time(ms)], 95thPercentileLatency(ns), 291
[MAIN_GCs_Time(ms)], 99thPercentileLatency(ns), 291
[TRANSACTION], Operations, 12
[TRANSACTION], AverageLatency(ns), 2.7372945408E10
[TRANSACTION], MinLatency(ns), 26719420416
[TRANSACTION], MaxLatency(ns), 28439871487
[TRANSACTION], 95thPercentileLatency(ns), 28332654591
[TRANSACTION], 99thPercentileLatency(ns), 28439871487
[GCS_TIME], Operations, 5
[GCS_TIME], AverageLatency(ns), 481.8
[GCS_TIME], MinLatency(ns), 0
[GCS_TIME], MaxLatency(ns), 2254
[GCS_TIME], 95thPercentileLatency(ns), 2254
[GCS_TIME], 99thPercentileLatency(ns), 2254
[LOAD_GCs_Time(ms)], Operations, 12
[LOAD_GCs_Time(ms)], AverageLatency(ns), 2030.5833333333333
[LOAD_GCs_Time(ms)], MinLatency(ns), 1932
[LOAD_GCs_Time(ms)], MaxLatency(ns), 2101
[LOAD_GCs_Time(ms)], 95thPercentileLatency(ns), 2101
[LOAD_GCs_Time(ms)], 99thPercentileLatency(ns), 2101
[READ], Operations, 60000000
[READ], AverageLatency(ns), 3360.9060130666667
[READ], MinLatency(ns), 162
[READ], MaxLatency(ns), 112368639
[READ], 95thPercentileLatency(ns), 27614
[READ], 99thPercentileLatency(ns), 42249
[READ], Return=OK, 60000000
[INIT], Operations, 12
[INIT], AverageLatency(ns), 5.83309312E8
[INIT], MinLatency(ns), 581132288
[INIT], MaxLatency(ns), 586211327
[INIT], 95thPercentileLatency(ns), 585658367
[INIT], 99thPercentileLatency(ns), 586211327
[GCS], Operations, 5
[GCS], AverageLatency(ns), 6.4
[GCS], MinLatency(ns), 0
[GCS], MaxLatency(ns), 28
[GCS], 95thPercentileLatency(ns), 28
[GCS], 99thPercentileLatency(ns), 28
[LOAD_GCs_Count], Operations, 12
[LOAD_GCs_Count], AverageLatency(ns), 24.583333333333332
[LOAD_GCs_Count], MinLatency(ns), 24
[LOAD_GCs_Count], MaxLatency(ns), 25
[LOAD_GCs_Count], 95thPercentileLatency(ns), 25
[LOAD_GCs_Count], 99thPercentileLatency(ns), 25
[CLEANUP], Operations, 12
[CLEANUP], AverageLatency(ns), 1.542573824E9
[CLEANUP], MinLatency(ns), 478631936
[CLEANUP], MaxLatency(ns), 2161623039
[CLEANUP], 95thPercentileLatency(ns), 2123546623
[CLEANUP], 99thPercentileLatency(ns), 2161623039
[INSERT], Operations, 1000000
[INSERT], AverageLatency(ns), 18461.197616
[INSERT], MinLatency(ns), 1175
[INSERT], MaxLatency(ns), 178823167
[INSERT], 95thPercentileLatency(ns), 20384
[INSERT], 99thPercentileLatency(ns), 47242
[INSERT], Return=OK, 1000000
