/home/anatole/jdk8u/build/linux-x86_64-normal-server-release/jdk/bin/java -Xmx20g -XX:+UseG1GC -classpath /home/anatole/ycsb/conf:/home/anatole/ycsb/core/target/core-0.18.0-SNAPSHOT.jar:/home/anatole/ycsb/core/target/dependency/HdrHistogram-2.1.4.jar:/home/anatole/ycsb/core/target/dependency/guava-18.0.jar:/home/anatole/ycsb/core/target/dependency/htrace-core4-4.1.0-incubating.jar:/home/anatole/ycsb/core/target/dependency/jackson-core-asl-1.9.4.jar:/home/anatole/ycsb/core/target/dependency/jackson-mapper-asl-1.9.4.jar:/home/anatole/ycsb/core/target/dependency/javax.persistence-api-2.2.jar:/home/anatole/ycsb/core/target/dependency/jnvm-1.0-SNAPSHOT.jar:/home/anatole/ycsb/core/target/dependency/pcj-1.0.jar:/home/anatole/ycsb/core/target/dependency/unsafe-helper-1.0.jar:/home/anatole/ycsb/infinispan/src/main/conf:/home/anatole/ycsb/infinispan/target/infinispan-binding-0.18.0-SNAPSHOT.jar:/home/anatole/ycsb/infinispan/target/dependency/caffeine-2.6.2.jar:/home/anatole/ycsb/infinispan/target/dependency/gson-2.8.2.jar:/home/anatole/ycsb/infinispan/target/dependency/guava-18.0.jar:/home/anatole/ycsb/infinispan/target/dependency/infinispan-cachestore-jnvm-1.0-SNAPSHOT.jar:/home/anatole/ycsb/infinispan/target/dependency/infinispan-cachestore-pcj-1.0-SNAPSHOT.jar:/home/anatole/ycsb/infinispan/target/dependency/infinispan-client-hotrod-9.4.20.Final.jar:/home/anatole/ycsb/infinispan/target/dependency/infinispan-commons-9.4.20.Final.jar:/home/anatole/ycsb/infinispan/target/dependency/infinispan-core-9.4.20.Final.jar:/home/anatole/ycsb/infinispan/target/dependency/javax.persistence-api-2.2.jar:/home/anatole/ycsb/infinispan/target/dependency/jboss-logging-3.3.2.Final.jar:/home/anatole/ycsb/infinispan/target/dependency/jboss-marshalling-osgi-2.0.6.Final.jar:/home/anatole/ycsb/infinispan/target/dependency/jboss-transaction-api_1.2_spec-1.1.1.Final.jar:/home/anatole/ycsb/infinispan/target/dependency/jgroups-4.0.21.Final.jar:/home/anatole/ycsb/infinispan/target/dependency/jnvm-1.0-SNAPSHOT.jar:/home/anatole/ycsb/infinispan/target/dependency/metainf-services-1.7.jar:/home/anatole/ycsb/infinispan/target/dependency/netty-buffer-4.1.51.Final.jar:/home/anatole/ycsb/infinispan/target/dependency/netty-codec-4.1.51.Final.jar:/home/anatole/ycsb/infinispan/target/dependency/netty-common-4.1.51.Final.jar:/home/anatole/ycsb/infinispan/target/dependency/netty-handler-4.1.51.Final.jar:/home/anatole/ycsb/infinispan/target/dependency/netty-resolver-4.1.51.Final.jar:/home/anatole/ycsb/infinispan/target/dependency/netty-transport-4.1.51.Final.jar:/home/anatole/ycsb/infinispan/target/dependency/netty-transport-native-epoll-4.1.51.Final-linux-x86_64.jar:/home/anatole/ycsb/infinispan/target/dependency/netty-transport-native-unix-common-4.1.51.Final.jar:/home/anatole/ycsb/infinispan/target/dependency/pcj-1.0.jar:/home/anatole/ycsb/infinispan/target/dependency/reactive-streams-1.0.2.jar:/home/anatole/ycsb/infinispan/target/dependency/rxjava-2.2.4.jar:/home/anatole/ycsb/infinispan/target/dependency/unsafe-helper-1.0.jar site.ycsb.Client -t -db site.ycsb.db.InfinispanClient -P ../workloads/workloadc -preload -s -threads 2 -p dataintegrity=true -p offheap=false -p pcj=false -p recordcount=1000000 -p operationcount=6000000 -p fieldcount=10 -p fieldlength=100 -p requestdistribution=zipfian -p measurement.trackjvm=true -p measurementtype=hdrhistogram -p hdrhistogram.output.path=./out/exp5.concurrent.ref/log/infinispan.run.workloadc.true.1000000.100000.10.100.zipfian.2.false..default.default.none.r1.hdr.log
[OVERALL], RunTime(ms), 92536
[OVERALL], Throughput(ops/sec), 75646.23497881905
[TOTAL_GCS_G1_Young_Generation], Count, 30
[TOTAL_GC_TIME_G1_Young_Generation], Time(ms), 2130
[TOTAL_GC_TIME_%_G1_Young_Generation], Time(%), 2.3018068643554943
[TOTAL_GCS_G1_Old_Generation], Count, 0
[TOTAL_GC_TIME_G1_Old_Generation], Time(ms), 0
[TOTAL_GC_TIME_%_G1_Old_Generation], Time(%), 0.0
[TOTAL_GCs], Count, 30
[TOTAL_GC_TIME], Time(ms), 2130
[TOTAL_GC_TIME_%], Time(%), 2.3018068643554943
[MAX_MEM_USED], MBs, 8450
[MIN_MEM_USED], MBs, 54
[MAX_THREADS], Count, 8
[MIN_THREADS], Count, 3
[MAX_SYS_LOAD_AVG], Load, 7.0
[MIN_SYS_LOAD_AVG], Load, 3.11
[THREAD_COUNT], Operations, 11
[THREAD_COUNT], AverageLatency(ns), 7.0
[THREAD_COUNT], MinLatency(ns), 3
[THREAD_COUNT], MaxLatency(ns), 8
[THREAD_COUNT], 95thPercentileLatency(ns), 8
[THREAD_COUNT], 99thPercentileLatency(ns), 8
[SYS_LOAD_AVG], Operations, 11
[SYS_LOAD_AVG], AverageLatency(ns), 4.181818181818182
[SYS_LOAD_AVG], MinLatency(ns), 3
[SYS_LOAD_AVG], MaxLatency(ns), 7
[SYS_LOAD_AVG], 95thPercentileLatency(ns), 6
[SYS_LOAD_AVG], 99thPercentileLatency(ns), 7
[LOAD], Operations, 2
[LOAD], AverageLatency(ns), 2.5316753408E10
[LOAD], MinLatency(ns), 25304629248
[LOAD], MaxLatency(ns), 25328877567
[LOAD], 95thPercentileLatency(ns), 25328877567
[LOAD], 99thPercentileLatency(ns), 25328877567
[USED_MEM_MB], Operations, 11
[USED_MEM_MB], AverageLatency(ns), 5409.0
[USED_MEM_MB], MinLatency(ns), 54
[USED_MEM_MB], MaxLatency(ns), 8450
[USED_MEM_MB], 95thPercentileLatency(ns), 7958
[USED_MEM_MB], 99thPercentileLatency(ns), 8450
[MAIN_GCs_Count], Operations, 2
[MAIN_GCs_Count], AverageLatency(ns), 9.0
[MAIN_GCs_Count], MinLatency(ns), 9
[MAIN_GCs_Count], MaxLatency(ns), 9
[MAIN_GCs_Count], 95thPercentileLatency(ns), 9
[MAIN_GCs_Count], 99thPercentileLatency(ns), 9
[MAIN_GCs_Time(ms)], Operations, 2
[MAIN_GCs_Time(ms)], AverageLatency(ns), 1098.0
[MAIN_GCs_Time(ms)], MinLatency(ns), 1098
[MAIN_GCs_Time(ms)], MaxLatency(ns), 1098
[MAIN_GCs_Time(ms)], 95thPercentileLatency(ns), 1098
[MAIN_GCs_Time(ms)], 99thPercentileLatency(ns), 1098
[TRANSACTION], Operations, 2
[TRANSACTION], AverageLatency(ns), 6.6243002368E10
[TRANSACTION], MinLatency(ns), 66015723520
[TRANSACTION], MaxLatency(ns), 66470281215
[TRANSACTION], 95thPercentileLatency(ns), 66470281215
[TRANSACTION], 99thPercentileLatency(ns), 66470281215
[GCS_TIME], Operations, 11
[GCS_TIME], AverageLatency(ns), 193.63636363636363
[GCS_TIME], MinLatency(ns), 0
[GCS_TIME], MaxLatency(ns), 692
[GCS_TIME], 95thPercentileLatency(ns), 450
[GCS_TIME], 99thPercentileLatency(ns), 692
[LOAD_GCs_Time(ms)], Operations, 2
[LOAD_GCs_Time(ms)], AverageLatency(ns), 1013.0
[LOAD_GCs_Time(ms)], MinLatency(ns), 1013
[LOAD_GCs_Time(ms)], MaxLatency(ns), 1013
[LOAD_GCs_Time(ms)], 95thPercentileLatency(ns), 1013
[LOAD_GCs_Time(ms)], 99thPercentileLatency(ns), 1013
[READ], Operations, 6000000
[READ], AverageLatency(ns), 21249.136711166666
[READ], MinLatency(ns), 199
[READ], MaxLatency(ns), 228585471
[READ], 95thPercentileLatency(ns), 42238
[READ], 99thPercentileLatency(ns), 51183
[READ], Return=OK, 6000000
[INIT], Operations, 2
[INIT], AverageLatency(ns), 6.15735296E8
[INIT], MinLatency(ns), 615485440
[INIT], MaxLatency(ns), 615985151
[INIT], 95thPercentileLatency(ns), 615985151
[INIT], 99thPercentileLatency(ns), 615985151
[GCS], Operations, 11
[GCS], AverageLatency(ns), 2.727272727272727
[GCS], MinLatency(ns), 0
[GCS], MaxLatency(ns), 17
[GCS], 95thPercentileLatency(ns), 2
[GCS], 99thPercentileLatency(ns), 17
[LOAD_GCs_Count], Operations, 2
[LOAD_GCs_Count], AverageLatency(ns), 20.0
[LOAD_GCs_Count], MinLatency(ns), 20
[LOAD_GCs_Count], MaxLatency(ns), 20
[LOAD_GCs_Count], 95thPercentileLatency(ns), 20
[LOAD_GCs_Count], 99thPercentileLatency(ns), 20
[CLEANUP], Operations, 2
[CLEANUP], AverageLatency(ns), 2.82016832E8
[CLEANUP], MinLatency(ns), 61512704
[CLEANUP], MaxLatency(ns), 502521855
[CLEANUP], 95thPercentileLatency(ns), 502521855
[CLEANUP], 99thPercentileLatency(ns), 502521855
[INSERT], Operations, 1000000
[INSERT], AverageLatency(ns), 40831.425202
[INSERT], MinLatency(ns), 24463
[INSERT], MaxLatency(ns), 107981311
[INSERT], 95thPercentileLatency(ns), 46828
[INSERT], 99thPercentileLatency(ns), 64643
[INSERT], Return=OK, 1000000
