/home/anatole/jdk8u/build/linux-x86_64-normal-server-release/jdk/bin/java -Xmx20g -XX:+UseG1GC -classpath /home/anatole/ycsb/conf:/home/anatole/ycsb/core/target/core-0.18.0-SNAPSHOT.jar:/home/anatole/ycsb/core/target/dependency/HdrHistogram-2.1.4.jar:/home/anatole/ycsb/core/target/dependency/guava-18.0.jar:/home/anatole/ycsb/core/target/dependency/htrace-core4-4.1.0-incubating.jar:/home/anatole/ycsb/core/target/dependency/jackson-core-asl-1.9.4.jar:/home/anatole/ycsb/core/target/dependency/jackson-mapper-asl-1.9.4.jar:/home/anatole/ycsb/core/target/dependency/javax.persistence-api-2.2.jar:/home/anatole/ycsb/core/target/dependency/jnvm-1.0-SNAPSHOT.jar:/home/anatole/ycsb/core/target/dependency/pcj-1.0.jar:/home/anatole/ycsb/core/target/dependency/unsafe-helper-1.0.jar:/home/anatole/ycsb/infinispan/src/main/conf:/home/anatole/ycsb/infinispan/target/infinispan-binding-0.18.0-SNAPSHOT.jar:/home/anatole/ycsb/infinispan/target/dependency/caffeine-2.6.2.jar:/home/anatole/ycsb/infinispan/target/dependency/gson-2.8.2.jar:/home/anatole/ycsb/infinispan/target/dependency/guava-18.0.jar:/home/anatole/ycsb/infinispan/target/dependency/infinispan-cachestore-jnvm-1.0-SNAPSHOT.jar:/home/anatole/ycsb/infinispan/target/dependency/infinispan-cachestore-pcj-1.0-SNAPSHOT.jar:/home/anatole/ycsb/infinispan/target/dependency/infinispan-client-hotrod-9.4.17.Final.jar:/home/anatole/ycsb/infinispan/target/dependency/infinispan-commons-9.4.17.Final.jar:/home/anatole/ycsb/infinispan/target/dependency/infinispan-core-9.4.17.Final.jar:/home/anatole/ycsb/infinispan/target/dependency/infinispan-embedded-9.0.1.Final.jar:/home/anatole/ycsb/infinispan/target/dependency/javax.persistence-api-2.2.jar:/home/anatole/ycsb/infinispan/target/dependency/jboss-logging-3.3.2.Final.jar:/home/anatole/ycsb/infinispan/target/dependency/jboss-marshalling-osgi-2.0.6.Final.jar:/home/anatole/ycsb/infinispan/target/dependency/jboss-transaction-api_1.1_spec-1.0.1.Final.jar:/home/anatole/ycsb/infinispan/target/dependency/jboss-transaction-api_1.2_spec-1.1.1.Final.jar:/home/anatole/ycsb/infinispan/target/dependency/jgroups-4.0.20.Final.jar:/home/anatole/ycsb/infinispan/target/dependency/jnvm-1.0-SNAPSHOT.jar:/home/anatole/ycsb/infinispan/target/dependency/metainf-services-1.7.jar:/home/anatole/ycsb/infinispan/target/dependency/netty-buffer-4.1.42.Final.jar:/home/anatole/ycsb/infinispan/target/dependency/netty-codec-4.1.42.Final.jar:/home/anatole/ycsb/infinispan/target/dependency/netty-common-4.1.42.Final.jar:/home/anatole/ycsb/infinispan/target/dependency/netty-handler-4.1.42.Final.jar:/home/anatole/ycsb/infinispan/target/dependency/netty-resolver-4.1.42.Final.jar:/home/anatole/ycsb/infinispan/target/dependency/netty-transport-4.1.42.Final.jar:/home/anatole/ycsb/infinispan/target/dependency/netty-transport-native-epoll-4.1.42.Final-linux-x86_64.jar:/home/anatole/ycsb/infinispan/target/dependency/netty-transport-native-unix-common-4.1.42.Final.jar:/home/anatole/ycsb/infinispan/target/dependency/pcj-1.0.jar:/home/anatole/ycsb/infinispan/target/dependency/reactive-streams-1.0.2.jar:/home/anatole/ycsb/infinispan/target/dependency/rxjava-2.2.4.jar:/home/anatole/ycsb/infinispan/target/dependency/unsafe-helper-1.0.jar site.ycsb.Client -t -db site.ycsb.db.InfinispanClient -P ../workloads/workloada -threads 36 -p dataintegrity=true -p offheap=false -p recordcount=1000000 -p operationcount=30000000 -p fieldcount=10 -p requestdistribution=zipfian -p measurementtype=hdrhistogram -p hdrhistogram.output.path=./out/exp5.concurrent.ref/log/infinispan.run.workloada.true.1000000.1000000.10.zipfian.36.hdr.log
[OVERALL], RunTime(ms), 80506
[OVERALL], Throughput(ops/sec), 372643.03281742975
[TOTAL_GCS_G1_Young_Generation], Count, 122
[TOTAL_GC_TIME_G1_Young_Generation], Time(ms), 18540
[TOTAL_GC_TIME_%_G1_Young_Generation], Time(%), 23.02933942811716
[TOTAL_GCS_G1_Old_Generation], Count, 0
[TOTAL_GC_TIME_G1_Old_Generation], Time(ms), 0
[TOTAL_GC_TIME_%_G1_Old_Generation], Time(%), 0.0
[TOTAL_GCs], Count, 122
[TOTAL_GC_TIME], Time(ms), 18540
[TOTAL_GC_TIME_%], Time(%), 23.02933942811716
[READ], Operations, 14998452
[READ], AverageLatency(ns), 36043.3217626059
[READ], MinLatency(ns), 184
[READ], MaxLatency(ns), 279580671
[READ], 95thPercentileLatency(ns), 179881
[READ], 99thPercentileLatency(ns), 214291
[READ], Return=OK, 14998452
[INIT], Operations, 36
[INIT], AverageLatency(ns), 4.031854091377778E10
[INIT], MinLatency(ns), 40311980032
[INIT], MaxLatency(ns), 40329543679
[INIT], 95thPercentileLatency(ns), 40328232959
[INIT], 99thPercentileLatency(ns), 40329543679
[CLEANUP], Operations, 36
[CLEANUP], AverageLatency(ns), 7.732709831111112E8
[CLEANUP], MinLatency(ns), 710475776
[CLEANUP], MaxLatency(ns), 880431103
[CLEANUP], 95thPercentileLatency(ns), 855408639
[CLEANUP], 99thPercentileLatency(ns), 880431103
[UPDATE], Operations, 15001548
[UPDATE], AverageLatency(ns), 47982.73141225159
[UPDATE], MinLatency(ns), 1675
[UPDATE], MaxLatency(ns), 279617535
[UPDATE], 95thPercentileLatency(ns), 186299
[UPDATE], 99thPercentileLatency(ns), 225950
[UPDATE], Return=OK, 15001548
[TRANSACTION], Operations, 36
[TRANSACTION], AverageLatency(ns), 3.883112129422222E10
[TRANSACTION], MinLatency(ns), 38702153728
[TRANSACTION], MaxLatency(ns), 38896140287
[TRANSACTION], 95thPercentileLatency(ns), 38878314495
[TRANSACTION], 99thPercentileLatency(ns), 38896140287
