/home/anatole/jdk8u/build/linux-x86_64-normal-server-release/jdk/bin/java -Xmx20g -XX:+UseG1GC -classpath /home/anatole/ycsb/conf:/home/anatole/ycsb/core/target/core-0.18.0-SNAPSHOT.jar:/home/anatole/ycsb/core/target/dependency/HdrHistogram-2.1.4.jar:/home/anatole/ycsb/core/target/dependency/guava-18.0.jar:/home/anatole/ycsb/core/target/dependency/htrace-core4-4.1.0-incubating.jar:/home/anatole/ycsb/core/target/dependency/jackson-core-asl-1.9.4.jar:/home/anatole/ycsb/core/target/dependency/jackson-mapper-asl-1.9.4.jar:/home/anatole/ycsb/core/target/dependency/javax.persistence-api-2.2.jar:/home/anatole/ycsb/core/target/dependency/jnvm-1.0-SNAPSHOT.jar:/home/anatole/ycsb/core/target/dependency/pcj-1.0.jar:/home/anatole/ycsb/core/target/dependency/unsafe-helper-1.0.jar:/home/anatole/ycsb/infinispan/src/main/conf:/home/anatole/ycsb/infinispan/target/infinispan-binding-0.18.0-SNAPSHOT.jar:/home/anatole/ycsb/infinispan/target/dependency/caffeine-2.6.2.jar:/home/anatole/ycsb/infinispan/target/dependency/gson-2.8.2.jar:/home/anatole/ycsb/infinispan/target/dependency/guava-18.0.jar:/home/anatole/ycsb/infinispan/target/dependency/infinispan-cachestore-jnvm-1.0-SNAPSHOT.jar:/home/anatole/ycsb/infinispan/target/dependency/infinispan-cachestore-pcj-1.0-SNAPSHOT.jar:/home/anatole/ycsb/infinispan/target/dependency/infinispan-client-hotrod-9.4.20.Final.jar:/home/anatole/ycsb/infinispan/target/dependency/infinispan-commons-9.4.20.Final.jar:/home/anatole/ycsb/infinispan/target/dependency/infinispan-core-9.4.20.Final.jar:/home/anatole/ycsb/infinispan/target/dependency/javax.persistence-api-2.2.jar:/home/anatole/ycsb/infinispan/target/dependency/jboss-logging-3.3.2.Final.jar:/home/anatole/ycsb/infinispan/target/dependency/jboss-marshalling-osgi-2.0.6.Final.jar:/home/anatole/ycsb/infinispan/target/dependency/jboss-transaction-api_1.2_spec-1.1.1.Final.jar:/home/anatole/ycsb/infinispan/target/dependency/jgroups-4.0.21.Final.jar:/home/anatole/ycsb/infinispan/target/dependency/jnvm-1.0-SNAPSHOT.jar:/home/anatole/ycsb/infinispan/target/dependency/metainf-services-1.7.jar:/home/anatole/ycsb/infinispan/target/dependency/netty-buffer-4.1.51.Final.jar:/home/anatole/ycsb/infinispan/target/dependency/netty-codec-4.1.51.Final.jar:/home/anatole/ycsb/infinispan/target/dependency/netty-common-4.1.51.Final.jar:/home/anatole/ycsb/infinispan/target/dependency/netty-handler-4.1.51.Final.jar:/home/anatole/ycsb/infinispan/target/dependency/netty-resolver-4.1.51.Final.jar:/home/anatole/ycsb/infinispan/target/dependency/netty-transport-4.1.51.Final.jar:/home/anatole/ycsb/infinispan/target/dependency/netty-transport-native-epoll-4.1.51.Final-linux-x86_64.jar:/home/anatole/ycsb/infinispan/target/dependency/netty-transport-native-unix-common-4.1.51.Final.jar:/home/anatole/ycsb/infinispan/target/dependency/pcj-1.0.jar:/home/anatole/ycsb/infinispan/target/dependency/reactive-streams-1.0.2.jar:/home/anatole/ycsb/infinispan/target/dependency/rxjava-2.2.4.jar:/home/anatole/ycsb/infinispan/target/dependency/unsafe-helper-1.0.jar site.ycsb.Client -t -db site.ycsb.db.InfinispanClient -P ../workloads/workloadc -preload -s -threads 24 -p dataintegrity=true -p offheap=false -p pcj=false -p recordcount=1000000 -p operationcount=60000000 -p fieldcount=10 -p fieldlength=100 -p requestdistribution=zipfian -p measurement.trackjvm=true -p measurementtype=hdrhistogram -p hdrhistogram.output.path=./out/exp5.concurrent.ref/log/infinispan.run.workloadc.true.1000000.1000000.10.100.zipfian.24.true..default.default.none.r5.hdr.log
[OVERALL], RunTime(ms), 63862
[OVERALL], Throughput(ops/sec), 955184.6168300398
[TOTAL_GCS_G1_Young_Generation], Count, 32
[TOTAL_GC_TIME_G1_Young_Generation], Time(ms), 2535
[TOTAL_GC_TIME_%_G1_Young_Generation], Time(%), 3.96949672731828
[TOTAL_GCS_G1_Old_Generation], Count, 0
[TOTAL_GC_TIME_G1_Old_Generation], Time(ms), 0
[TOTAL_GC_TIME_%_G1_Old_Generation], Time(%), 0.0
[TOTAL_GCs], Count, 32
[TOTAL_GC_TIME], Time(ms), 2535
[TOTAL_GC_TIME_%], Time(%), 3.96949672731828
[MAX_MEM_USED], MBs, 13531
[MIN_MEM_USED], MBs, 84
[MAX_THREADS], Count, 30
[MIN_THREADS], Count, 4
[MAX_SYS_LOAD_AVG], Load, 11.48
[MIN_SYS_LOAD_AVG], Load, 9.19
[THREAD_COUNT], Operations, 8
[THREAD_COUNT], AverageLatency(ns), 26.25
[THREAD_COUNT], MinLatency(ns), 4
[THREAD_COUNT], MaxLatency(ns), 30
[THREAD_COUNT], 95thPercentileLatency(ns), 30
[THREAD_COUNT], 99thPercentileLatency(ns), 30
[SYS_LOAD_AVG], Operations, 8
[SYS_LOAD_AVG], AverageLatency(ns), 10.0
[SYS_LOAD_AVG], MinLatency(ns), 9
[SYS_LOAD_AVG], MaxLatency(ns), 11
[SYS_LOAD_AVG], 95thPercentileLatency(ns), 11
[SYS_LOAD_AVG], 99thPercentileLatency(ns), 11
[LOAD], Operations, 24
[LOAD], AverageLatency(ns), 6.615314432E9
[LOAD], MinLatency(ns), 6124699648
[LOAD], MaxLatency(ns), 6844055551
[LOAD], 95thPercentileLatency(ns), 6838648831
[LOAD], 99thPercentileLatency(ns), 6844055551
[USED_MEM_MB], Operations, 8
[USED_MEM_MB], AverageLatency(ns), 7750.75
[USED_MEM_MB], MinLatency(ns), 84
[USED_MEM_MB], MaxLatency(ns), 13531
[USED_MEM_MB], 95thPercentileLatency(ns), 13531
[USED_MEM_MB], 99thPercentileLatency(ns), 13531
[MAIN_GCs_Count], Operations, 24
[MAIN_GCs_Count], AverageLatency(ns), 6.0
[MAIN_GCs_Count], MinLatency(ns), 6
[MAIN_GCs_Count], MaxLatency(ns), 6
[MAIN_GCs_Count], 95thPercentileLatency(ns), 6
[MAIN_GCs_Count], 99thPercentileLatency(ns), 6
[MAIN_GCs_Time(ms)], Operations, 24
[MAIN_GCs_Time(ms)], AverageLatency(ns), 373.0
[MAIN_GCs_Time(ms)], MinLatency(ns), 373
[MAIN_GCs_Time(ms)], MaxLatency(ns), 373
[MAIN_GCs_Time(ms)], 95thPercentileLatency(ns), 373
[MAIN_GCs_Time(ms)], 99thPercentileLatency(ns), 373
[TRANSACTION], Operations, 24
[TRANSACTION], AverageLatency(ns), 5.5594855082666664E10
[TRANSACTION], MinLatency(ns), 55097688064
[TRANSACTION], MaxLatency(ns), 55767728127
[TRANSACTION], 95thPercentileLatency(ns), 55761698815
[TRANSACTION], 99thPercentileLatency(ns), 55767728127
[GCS_TIME], Operations, 8
[GCS_TIME], AverageLatency(ns), 316.875
[GCS_TIME], MinLatency(ns), 0
[GCS_TIME], MaxLatency(ns), 2275
[GCS_TIME], 95thPercentileLatency(ns), 2275
[GCS_TIME], 99thPercentileLatency(ns), 2275
[LOAD_GCs_Time(ms)], Operations, 24
[LOAD_GCs_Time(ms)], AverageLatency(ns), 2017.8333333333333
[LOAD_GCs_Time(ms)], MinLatency(ns), 1791
[LOAD_GCs_Time(ms)], MaxLatency(ns), 2129
[LOAD_GCs_Time(ms)], 95thPercentileLatency(ns), 2129
[LOAD_GCs_Time(ms)], 99thPercentileLatency(ns), 2129
[READ], Operations, 60000000
[READ], AverageLatency(ns), 19618.685864166666
[READ], MinLatency(ns), 242
[READ], MaxLatency(ns), 117849599
[READ], 95thPercentileLatency(ns), 162295
[READ], 99thPercentileLatency(ns), 180679
[READ], Return=OK, 60000000
[INIT], Operations, 24
[INIT], AverageLatency(ns), 6.140632746666666E8
[INIT], MinLatency(ns), 609284096
[INIT], MaxLatency(ns), 620253183
[INIT], 95thPercentileLatency(ns), 619589631
[INIT], 99thPercentileLatency(ns), 620253183
[GCS], Operations, 8
[GCS], AverageLatency(ns), 4.0
[GCS], MinLatency(ns), 0
[GCS], MaxLatency(ns), 27
[GCS], 95thPercentileLatency(ns), 27
[GCS], 99thPercentileLatency(ns), 27
[LOAD_GCs_Count], Operations, 24
[LOAD_GCs_Count], AverageLatency(ns), 23.333333333333332
[LOAD_GCs_Count], MinLatency(ns), 22
[LOAD_GCs_Count], MaxLatency(ns), 24
[LOAD_GCs_Count], 95thPercentileLatency(ns), 24
[LOAD_GCs_Count], 99thPercentileLatency(ns), 24
[CLEANUP], Operations, 24
[CLEANUP], AverageLatency(ns), 6.8998912E8
[CLEANUP], MinLatency(ns), 517623808
[CLEANUP], MaxLatency(ns), 1172848639
[CLEANUP], 95thPercentileLatency(ns), 1121656831
[CLEANUP], 99thPercentileLatency(ns), 1172848639
[INSERT], Operations, 1000000
[INSERT], AverageLatency(ns), 68682.4123
[INSERT], MinLatency(ns), 1917
[INSERT], MaxLatency(ns), 194666495
[INSERT], 95thPercentileLatency(ns), 49374
[INSERT], 99thPercentileLatency(ns), 119104
[INSERT], Return=OK, 1000000
