/home/anatole/jdk8u/build/linux-x86_64-normal-server-release/jdk/bin/java -Xmx20g -XX:+UseG1GC -classpath /home/anatole/ycsb/conf:/home/anatole/ycsb/core/target/core-0.18.0-SNAPSHOT.jar:/home/anatole/ycsb/core/target/dependency/HdrHistogram-2.1.4.jar:/home/anatole/ycsb/core/target/dependency/guava-18.0.jar:/home/anatole/ycsb/core/target/dependency/htrace-core4-4.1.0-incubating.jar:/home/anatole/ycsb/core/target/dependency/jackson-core-asl-1.9.4.jar:/home/anatole/ycsb/core/target/dependency/jackson-mapper-asl-1.9.4.jar:/home/anatole/ycsb/core/target/dependency/javax.persistence-api-2.2.jar:/home/anatole/ycsb/core/target/dependency/jnvm-1.0-SNAPSHOT.jar:/home/anatole/ycsb/core/target/dependency/pcj-1.0.jar:/home/anatole/ycsb/core/target/dependency/unsafe-helper-1.0.jar:/home/anatole/ycsb/infinispan/src/main/conf:/home/anatole/ycsb/infinispan/target/infinispan-binding-0.18.0-SNAPSHOT.jar:/home/anatole/ycsb/infinispan/target/dependency/caffeine-2.6.2.jar:/home/anatole/ycsb/infinispan/target/dependency/gson-2.8.2.jar:/home/anatole/ycsb/infinispan/target/dependency/guava-18.0.jar:/home/anatole/ycsb/infinispan/target/dependency/infinispan-cachestore-jnvm-1.0-SNAPSHOT.jar:/home/anatole/ycsb/infinispan/target/dependency/infinispan-cachestore-pcj-1.0-SNAPSHOT.jar:/home/anatole/ycsb/infinispan/target/dependency/infinispan-client-hotrod-9.4.20.Final.jar:/home/anatole/ycsb/infinispan/target/dependency/infinispan-commons-9.4.20.Final.jar:/home/anatole/ycsb/infinispan/target/dependency/infinispan-core-9.4.20.Final.jar:/home/anatole/ycsb/infinispan/target/dependency/javax.persistence-api-2.2.jar:/home/anatole/ycsb/infinispan/target/dependency/jboss-logging-3.3.2.Final.jar:/home/anatole/ycsb/infinispan/target/dependency/jboss-marshalling-osgi-2.0.6.Final.jar:/home/anatole/ycsb/infinispan/target/dependency/jboss-transaction-api_1.2_spec-1.1.1.Final.jar:/home/anatole/ycsb/infinispan/target/dependency/jgroups-4.0.21.Final.jar:/home/anatole/ycsb/infinispan/target/dependency/jnvm-1.0-SNAPSHOT.jar:/home/anatole/ycsb/infinispan/target/dependency/metainf-services-1.7.jar:/home/anatole/ycsb/infinispan/target/dependency/netty-buffer-4.1.51.Final.jar:/home/anatole/ycsb/infinispan/target/dependency/netty-codec-4.1.51.Final.jar:/home/anatole/ycsb/infinispan/target/dependency/netty-common-4.1.51.Final.jar:/home/anatole/ycsb/infinispan/target/dependency/netty-handler-4.1.51.Final.jar:/home/anatole/ycsb/infinispan/target/dependency/netty-resolver-4.1.51.Final.jar:/home/anatole/ycsb/infinispan/target/dependency/netty-transport-4.1.51.Final.jar:/home/anatole/ycsb/infinispan/target/dependency/netty-transport-native-epoll-4.1.51.Final-linux-x86_64.jar:/home/anatole/ycsb/infinispan/target/dependency/netty-transport-native-unix-common-4.1.51.Final.jar:/home/anatole/ycsb/infinispan/target/dependency/pcj-1.0.jar:/home/anatole/ycsb/infinispan/target/dependency/reactive-streams-1.0.2.jar:/home/anatole/ycsb/infinispan/target/dependency/rxjava-2.2.4.jar:/home/anatole/ycsb/infinispan/target/dependency/unsafe-helper-1.0.jar site.ycsb.Client -t -db site.ycsb.db.InfinispanClient -P ../workloads/workloada -preload -s -threads 1 -p dataintegrity=true -p offheap=false -p pcj=false -p recordcount=1000000 -p operationcount=6000000 -p fieldcount=10 -p fieldlength=100 -p requestdistribution=zipfian -p measurement.trackjvm=true -p measurementtype=hdrhistogram -p hdrhistogram.output.path=./out/exp5.concurrent.ref/log/infinispan.run.workloada.true.1000000.1000000.10.100.zipfian.1.false.true.default.default.volatile.r6.hdr.log
[OVERALL], RunTime(ms), 32135
[OVERALL], Throughput(ops/sec), 217831.0253617551
[TOTAL_GCS_G1_Young_Generation], Count, 40
[TOTAL_GC_TIME_G1_Young_Generation], Time(ms), 4804
[TOTAL_GC_TIME_%_G1_Young_Generation], Time(%), 14.949432083398165
[TOTAL_GCS_G1_Old_Generation], Count, 0
[TOTAL_GC_TIME_G1_Old_Generation], Time(ms), 0
[TOTAL_GC_TIME_%_G1_Old_Generation], Time(%), 0.0
[TOTAL_GCs], Count, 40
[TOTAL_GC_TIME], Time(ms), 4804
[TOTAL_GC_TIME_%], Time(%), 14.949432083398165
[MAX_MEM_USED], MBs, 5313
[MIN_MEM_USED], MBs, 50
[MAX_THREADS], Count, 6
[MIN_THREADS], Count, 3
[MAX_SYS_LOAD_AVG], Load, 5.74
[MIN_SYS_LOAD_AVG], Load, 4.31
[THREAD_COUNT], Operations, 5
[THREAD_COUNT], AverageLatency(ns), 5.0
[THREAD_COUNT], MinLatency(ns), 3
[THREAD_COUNT], MaxLatency(ns), 6
[THREAD_COUNT], 95thPercentileLatency(ns), 6
[THREAD_COUNT], 99thPercentileLatency(ns), 6
[SYS_LOAD_AVG], Operations, 5
[SYS_LOAD_AVG], AverageLatency(ns), 4.4
[SYS_LOAD_AVG], MinLatency(ns), 4
[SYS_LOAD_AVG], MaxLatency(ns), 5
[SYS_LOAD_AVG], 95thPercentileLatency(ns), 5
[SYS_LOAD_AVG], 99thPercentileLatency(ns), 5
[LOAD], Operations, 1
[LOAD], AverageLatency(ns), 1.3705248768E10
[LOAD], MinLatency(ns), 13705216000
[LOAD], MaxLatency(ns), 13705281535
[LOAD], 95thPercentileLatency(ns), 13705281535
[LOAD], 99thPercentileLatency(ns), 13705281535
[USED_MEM_MB], Operations, 5
[USED_MEM_MB], AverageLatency(ns), 3920.8
[USED_MEM_MB], MinLatency(ns), 50
[USED_MEM_MB], MaxLatency(ns), 5313
[USED_MEM_MB], 95thPercentileLatency(ns), 5313
[USED_MEM_MB], 99thPercentileLatency(ns), 5313
[MAIN_GCs_Count], Operations, 1
[MAIN_GCs_Count], AverageLatency(ns), 13.0
[MAIN_GCs_Count], MinLatency(ns), 13
[MAIN_GCs_Count], MaxLatency(ns), 13
[MAIN_GCs_Count], 95thPercentileLatency(ns), 13
[MAIN_GCs_Count], 99thPercentileLatency(ns), 13
[MAIN_GCs_Time(ms)], Operations, 1
[MAIN_GCs_Time(ms)], AverageLatency(ns), 2503.0
[MAIN_GCs_Time(ms)], MinLatency(ns), 2503
[MAIN_GCs_Time(ms)], MaxLatency(ns), 2503
[MAIN_GCs_Time(ms)], 95thPercentileLatency(ns), 2503
[MAIN_GCs_Time(ms)], 99thPercentileLatency(ns), 2503
[TRANSACTION], Operations, 1
[TRANSACTION], AverageLatency(ns), 1.7029431296E10
[TRANSACTION], MinLatency(ns), 17029398528
[TRANSACTION], MaxLatency(ns), 17029464063
[TRANSACTION], 95thPercentileLatency(ns), 17029464063
[TRANSACTION], 99thPercentileLatency(ns), 17029464063
[GCS_TIME], Operations, 5
[GCS_TIME], AverageLatency(ns), 960.8
[GCS_TIME], MinLatency(ns), 0
[GCS_TIME], MaxLatency(ns), 1671
[GCS_TIME], 95thPercentileLatency(ns), 1671
[GCS_TIME], 99thPercentileLatency(ns), 1671
[LOAD_GCs_Time(ms)], Operations, 1
[LOAD_GCs_Time(ms)], AverageLatency(ns), 2088.0
[LOAD_GCs_Time(ms)], MinLatency(ns), 2088
[LOAD_GCs_Time(ms)], MaxLatency(ns), 2088
[LOAD_GCs_Time(ms)], 95thPercentileLatency(ns), 2088
[LOAD_GCs_Time(ms)], 99thPercentileLatency(ns), 2088
[READ], Operations, 3001609
[READ], AverageLatency(ns), 612.5297272229661
[READ], MinLatency(ns), 179
[READ], MaxLatency(ns), 388961
[READ], 95thPercentileLatency(ns), 1633
[READ], 99thPercentileLatency(ns), 2494
[READ], Return=OK, 3001609
[INIT], Operations, 1
[INIT], AverageLatency(ns), 5.93983488E8
[INIT], MinLatency(ns), 593981440
[INIT], MaxLatency(ns), 593985535
[INIT], 95thPercentileLatency(ns), 593985535
[INIT], 99thPercentileLatency(ns), 593985535
[GCS], Operations, 5
[GCS], AverageLatency(ns), 8.0
[GCS], MinLatency(ns), 0
[GCS], MaxLatency(ns), 22
[GCS], 95thPercentileLatency(ns), 22
[GCS], 99thPercentileLatency(ns), 22
[LOAD_GCs_Count], Operations, 1
[LOAD_GCs_Count], AverageLatency(ns), 25.0
[LOAD_GCs_Count], MinLatency(ns), 25
[LOAD_GCs_Count], MaxLatency(ns), 25
[LOAD_GCs_Count], 95thPercentileLatency(ns), 25
[LOAD_GCs_Count], 99thPercentileLatency(ns), 25
[CLEANUP], Operations, 1
[CLEANUP], AverageLatency(ns), 7.23830784E8
[CLEANUP], MinLatency(ns), 723828736
[CLEANUP], MaxLatency(ns), 723832831
[CLEANUP], 95thPercentileLatency(ns), 723832831
[CLEANUP], 99thPercentileLatency(ns), 723832831
[INSERT], Operations, 1000000
[INSERT], AverageLatency(ns), 2417.7085
[INSERT], MinLatency(ns), 1243
[INSERT], MaxLatency(ns), 138421247
[INSERT], 95thPercentileLatency(ns), 2094
[INSERT], 99thPercentileLatency(ns), 4124
[INSERT], Return=OK, 1000000
[UPDATE], Operations, 2998391
[UPDATE], AverageLatency(ns), 2521.0288004466397
[UPDATE], MinLatency(ns), 1023
[UPDATE], MaxLatency(ns), 219542527
[UPDATE], 95thPercentileLatency(ns), 3822
[UPDATE], 99thPercentileLatency(ns), 4597
[UPDATE], Return=OK, 2998391
