/home/anatole/jdk8u/build/linux-x86_64-normal-server-release/jdk/bin/java -Xmx20g -XX:+UseG1GC -classpath /home/anatole/ycsb/conf:/home/anatole/ycsb/core/target/core-0.18.0-SNAPSHOT.jar:/home/anatole/ycsb/core/target/dependency/HdrHistogram-2.1.4.jar:/home/anatole/ycsb/core/target/dependency/guava-18.0.jar:/home/anatole/ycsb/core/target/dependency/htrace-core4-4.1.0-incubating.jar:/home/anatole/ycsb/core/target/dependency/jackson-core-asl-1.9.4.jar:/home/anatole/ycsb/core/target/dependency/jackson-mapper-asl-1.9.4.jar:/home/anatole/ycsb/core/target/dependency/javax.persistence-api-2.2.jar:/home/anatole/ycsb/core/target/dependency/jnvm-1.0-SNAPSHOT.jar:/home/anatole/ycsb/core/target/dependency/pcj-1.0.jar:/home/anatole/ycsb/core/target/dependency/unsafe-helper-1.0.jar:/home/anatole/ycsb/infinispan/src/main/conf:/home/anatole/ycsb/infinispan/target/infinispan-binding-0.18.0-SNAPSHOT.jar:/home/anatole/ycsb/infinispan/target/dependency/caffeine-2.6.2.jar:/home/anatole/ycsb/infinispan/target/dependency/gson-2.8.2.jar:/home/anatole/ycsb/infinispan/target/dependency/guava-18.0.jar:/home/anatole/ycsb/infinispan/target/dependency/infinispan-cachestore-jnvm-1.0-SNAPSHOT.jar:/home/anatole/ycsb/infinispan/target/dependency/infinispan-cachestore-pcj-1.0-SNAPSHOT.jar:/home/anatole/ycsb/infinispan/target/dependency/infinispan-client-hotrod-9.4.20.Final.jar:/home/anatole/ycsb/infinispan/target/dependency/infinispan-commons-9.4.20.Final.jar:/home/anatole/ycsb/infinispan/target/dependency/infinispan-core-9.4.20.Final.jar:/home/anatole/ycsb/infinispan/target/dependency/javax.persistence-api-2.2.jar:/home/anatole/ycsb/infinispan/target/dependency/jboss-logging-3.3.2.Final.jar:/home/anatole/ycsb/infinispan/target/dependency/jboss-marshalling-osgi-2.0.6.Final.jar:/home/anatole/ycsb/infinispan/target/dependency/jboss-transaction-api_1.2_spec-1.1.1.Final.jar:/home/anatole/ycsb/infinispan/target/dependency/jgroups-4.0.21.Final.jar:/home/anatole/ycsb/infinispan/target/dependency/jnvm-1.0-SNAPSHOT.jar:/home/anatole/ycsb/infinispan/target/dependency/metainf-services-1.7.jar:/home/anatole/ycsb/infinispan/target/dependency/netty-buffer-4.1.51.Final.jar:/home/anatole/ycsb/infinispan/target/dependency/netty-codec-4.1.51.Final.jar:/home/anatole/ycsb/infinispan/target/dependency/netty-common-4.1.51.Final.jar:/home/anatole/ycsb/infinispan/target/dependency/netty-handler-4.1.51.Final.jar:/home/anatole/ycsb/infinispan/target/dependency/netty-resolver-4.1.51.Final.jar:/home/anatole/ycsb/infinispan/target/dependency/netty-transport-4.1.51.Final.jar:/home/anatole/ycsb/infinispan/target/dependency/netty-transport-native-epoll-4.1.51.Final-linux-x86_64.jar:/home/anatole/ycsb/infinispan/target/dependency/netty-transport-native-unix-common-4.1.51.Final.jar:/home/anatole/ycsb/infinispan/target/dependency/pcj-1.0.jar:/home/anatole/ycsb/infinispan/target/dependency/reactive-streams-1.0.2.jar:/home/anatole/ycsb/infinispan/target/dependency/rxjava-2.2.4.jar:/home/anatole/ycsb/infinispan/target/dependency/unsafe-helper-1.0.jar site.ycsb.Client -t -db site.ycsb.db.InfinispanClient -P ../workloads/workloada -preload -s -threads 16 -p dataintegrity=true -p offheap=false -p pcj=false -p recordcount=1000000 -p operationcount=60000000 -p fieldcount=10 -p fieldlength=100 -p requestdistribution=zipfian -p measurement.trackjvm=true -p measurementtype=hdrhistogram -p hdrhistogram.output.path=./out/exp5.concurrent.ref/log/infinispan.run.workloada.true.1000000.1000000.10.100.zipfian.16.false.true.default.default.volatile.r4.hdr.log
[OVERALL], RunTime(ms), 68841
[OVERALL], Throughput(ops/sec), 886099.8532851062
[TOTAL_GCS_G1_Young_Generation], Count, 164
[TOTAL_GC_TIME_G1_Young_Generation], Time(ms), 26319
[TOTAL_GC_TIME_%_G1_Young_Generation], Time(%), 38.23157711247658
[TOTAL_GCS_G1_Old_Generation], Count, 0
[TOTAL_GC_TIME_G1_Old_Generation], Time(ms), 0
[TOTAL_GC_TIME_%_G1_Old_Generation], Time(%), 0.0
[TOTAL_GCs], Count, 164
[TOTAL_GC_TIME], Time(ms), 26319
[TOTAL_GC_TIME_%], Time(%), 38.23157711247658
[MAX_MEM_USED], MBs, 9789
[MIN_MEM_USED], MBs, 72
[MAX_THREADS], Count, 47
[MIN_THREADS], Count, 4
[MAX_SYS_LOAD_AVG], Load, 23.82
[MIN_SYS_LOAD_AVG], Load, 20.8
[THREAD_COUNT], Operations, 8
[THREAD_COUNT], AverageLatency(ns), 38.0
[THREAD_COUNT], MinLatency(ns), 4
[THREAD_COUNT], MaxLatency(ns), 47
[THREAD_COUNT], 95thPercentileLatency(ns), 47
[THREAD_COUNT], 99thPercentileLatency(ns), 47
[SYS_LOAD_AVG], Operations, 8
[SYS_LOAD_AVG], AverageLatency(ns), 22.0
[SYS_LOAD_AVG], MinLatency(ns), 20
[SYS_LOAD_AVG], MaxLatency(ns), 23
[SYS_LOAD_AVG], 95thPercentileLatency(ns), 23
[SYS_LOAD_AVG], 99thPercentileLatency(ns), 23
[LOAD], Operations, 16
[LOAD], AverageLatency(ns), 5.795239936E9
[LOAD], MinLatency(ns), 5573935104
[LOAD], MaxLatency(ns), 6048317439
[LOAD], 95thPercentileLatency(ns), 6024364031
[LOAD], 99thPercentileLatency(ns), 6048317439
[USED_MEM_MB], Operations, 8
[USED_MEM_MB], AverageLatency(ns), 6667.5
[USED_MEM_MB], MinLatency(ns), 72
[USED_MEM_MB], MaxLatency(ns), 9789
[USED_MEM_MB], 95thPercentileLatency(ns), 9789
[USED_MEM_MB], 99thPercentileLatency(ns), 9789
[MAIN_GCs_Count], Operations, 16
[MAIN_GCs_Count], AverageLatency(ns), 134.4375
[MAIN_GCs_Count], MinLatency(ns), 130
[MAIN_GCs_Count], MaxLatency(ns), 138
[MAIN_GCs_Count], 95thPercentileLatency(ns), 138
[MAIN_GCs_Count], 99thPercentileLatency(ns), 138
[MAIN_GCs_Time(ms)], Operations, 16
[MAIN_GCs_Time(ms)], AverageLatency(ns), 23682.8125
[MAIN_GCs_Time(ms)], MinLatency(ns), 23007
[MAIN_GCs_Time(ms)], MaxLatency(ns), 24216
[MAIN_GCs_Time(ms)], 95thPercentileLatency(ns), 24216
[MAIN_GCs_Time(ms)], 99thPercentileLatency(ns), 24216
[TRANSACTION], Operations, 16
[TRANSACTION], AverageLatency(ns), 5.9754102784E10
[TRANSACTION], MinLatency(ns), 57765527552
[TRANSACTION], MaxLatency(ns), 61599121407
[TRANSACTION], 95thPercentileLatency(ns), 61471457279
[TRANSACTION], 99thPercentileLatency(ns), 61599121407
[GCS_TIME], Operations, 8
[GCS_TIME], AverageLatency(ns), 3289.875
[GCS_TIME], MinLatency(ns), 0
[GCS_TIME], MaxLatency(ns), 5200
[GCS_TIME], 95thPercentileLatency(ns), 5200
[GCS_TIME], 99thPercentileLatency(ns), 5200
[LOAD_GCs_Time(ms)], Operations, 16
[LOAD_GCs_Time(ms)], AverageLatency(ns), 1973.9375
[LOAD_GCs_Time(ms)], MinLatency(ns), 1923
[LOAD_GCs_Time(ms)], MaxLatency(ns), 2086
[LOAD_GCs_Time(ms)], 95thPercentileLatency(ns), 2086
[LOAD_GCs_Time(ms)], 99thPercentileLatency(ns), 2086
[READ], Operations, 29998738
[READ], AverageLatency(ns), 9204.424100940512
[READ], MinLatency(ns), 198
[READ], MaxLatency(ns), 1367982079
[READ], 95thPercentileLatency(ns), 35159
[READ], 99thPercentileLatency(ns), 50017
[READ], Return=OK, 29998738
[INIT], Operations, 16
[INIT], AverageLatency(ns), 5.72367872E8
[INIT], MinLatency(ns), 569655296
[INIT], MaxLatency(ns), 576610303
[INIT], 95thPercentileLatency(ns), 575901695
[INIT], 99thPercentileLatency(ns), 576610303
[GCS], Operations, 8
[GCS], AverageLatency(ns), 20.5
[GCS], MinLatency(ns), 0
[GCS], MaxLatency(ns), 40
[GCS], 95thPercentileLatency(ns), 40
[GCS], 99thPercentileLatency(ns), 40
[LOAD_GCs_Count], Operations, 16
[LOAD_GCs_Count], AverageLatency(ns), 24.3125
[LOAD_GCs_Count], MinLatency(ns), 24
[LOAD_GCs_Count], MaxLatency(ns), 25
[LOAD_GCs_Count], 95thPercentileLatency(ns), 25
[LOAD_GCs_Count], 99thPercentileLatency(ns), 25
[CLEANUP], Operations, 16
[CLEANUP], AverageLatency(ns), 2.319621312E9
[CLEANUP], MinLatency(ns), 476235776
[CLEANUP], MaxLatency(ns), 4284317695
[CLEANUP], 95thPercentileLatency(ns), 4138729471
[CLEANUP], 99thPercentileLatency(ns), 4284317695
[INSERT], Operations, 1000000
[INSERT], AverageLatency(ns), 27204.822183
[INSERT], MinLatency(ns), 1172
[INSERT], MaxLatency(ns), 394672127
[INSERT], 95thPercentileLatency(ns), 23343
[INSERT], 99thPercentileLatency(ns), 51919
[INSERT], Return=OK, 1000000
[UPDATE], Operations, 30001262
[UPDATE], AverageLatency(ns), 15422.710072496284
[UPDATE], MinLatency(ns), 1214
[UPDATE], MaxLatency(ns), 1368023039
[UPDATE], 95thPercentileLatency(ns), 40324
[UPDATE], 99thPercentileLatency(ns), 59963
[UPDATE], Return=OK, 30001262
