/home/anatole/jdk8u/build/linux-x86_64-normal-server-release/jdk/bin/java -Xmx20g -XX:+UseG1GC -classpath /home/anatole/ycsb/conf:/home/anatole/ycsb/core/target/core-0.18.0-SNAPSHOT.jar:/home/anatole/ycsb/core/target/dependency/HdrHistogram-2.1.4.jar:/home/anatole/ycsb/core/target/dependency/guava-18.0.jar:/home/anatole/ycsb/core/target/dependency/htrace-core4-4.1.0-incubating.jar:/home/anatole/ycsb/core/target/dependency/jackson-core-asl-1.9.4.jar:/home/anatole/ycsb/core/target/dependency/jackson-mapper-asl-1.9.4.jar:/home/anatole/ycsb/core/target/dependency/javax.persistence-api-2.2.jar:/home/anatole/ycsb/core/target/dependency/jnvm-1.0-SNAPSHOT.jar:/home/anatole/ycsb/core/target/dependency/pcj-1.0.jar:/home/anatole/ycsb/core/target/dependency/unsafe-helper-1.0.jar:/home/anatole/ycsb/infinispan/src/main/conf:/home/anatole/ycsb/infinispan/target/infinispan-binding-0.18.0-SNAPSHOT.jar:/home/anatole/ycsb/infinispan/target/dependency/caffeine-2.6.2.jar:/home/anatole/ycsb/infinispan/target/dependency/gson-2.8.2.jar:/home/anatole/ycsb/infinispan/target/dependency/guava-18.0.jar:/home/anatole/ycsb/infinispan/target/dependency/infinispan-cachestore-jnvm-1.0-SNAPSHOT.jar:/home/anatole/ycsb/infinispan/target/dependency/infinispan-cachestore-pcj-1.0-SNAPSHOT.jar:/home/anatole/ycsb/infinispan/target/dependency/infinispan-client-hotrod-9.4.20.Final.jar:/home/anatole/ycsb/infinispan/target/dependency/infinispan-commons-9.4.20.Final.jar:/home/anatole/ycsb/infinispan/target/dependency/infinispan-core-9.4.20.Final.jar:/home/anatole/ycsb/infinispan/target/dependency/javax.persistence-api-2.2.jar:/home/anatole/ycsb/infinispan/target/dependency/jboss-logging-3.3.2.Final.jar:/home/anatole/ycsb/infinispan/target/dependency/jboss-marshalling-osgi-2.0.6.Final.jar:/home/anatole/ycsb/infinispan/target/dependency/jboss-transaction-api_1.2_spec-1.1.1.Final.jar:/home/anatole/ycsb/infinispan/target/dependency/jgroups-4.0.21.Final.jar:/home/anatole/ycsb/infinispan/target/dependency/jnvm-1.0-SNAPSHOT.jar:/home/anatole/ycsb/infinispan/target/dependency/metainf-services-1.7.jar:/home/anatole/ycsb/infinispan/target/dependency/netty-buffer-4.1.51.Final.jar:/home/anatole/ycsb/infinispan/target/dependency/netty-codec-4.1.51.Final.jar:/home/anatole/ycsb/infinispan/target/dependency/netty-common-4.1.51.Final.jar:/home/anatole/ycsb/infinispan/target/dependency/netty-handler-4.1.51.Final.jar:/home/anatole/ycsb/infinispan/target/dependency/netty-resolver-4.1.51.Final.jar:/home/anatole/ycsb/infinispan/target/dependency/netty-transport-4.1.51.Final.jar:/home/anatole/ycsb/infinispan/target/dependency/netty-transport-native-epoll-4.1.51.Final-linux-x86_64.jar:/home/anatole/ycsb/infinispan/target/dependency/netty-transport-native-unix-common-4.1.51.Final.jar:/home/anatole/ycsb/infinispan/target/dependency/pcj-1.0.jar:/home/anatole/ycsb/infinispan/target/dependency/reactive-streams-1.0.2.jar:/home/anatole/ycsb/infinispan/target/dependency/rxjava-2.2.4.jar:/home/anatole/ycsb/infinispan/target/dependency/unsafe-helper-1.0.jar site.ycsb.Client -t -db site.ycsb.db.InfinispanJNVMClient -P ../workloads/workloada -preload -s -threads 2 -p dataintegrity=true -p offheap=true -p pcj=false -p recordcount=1000000 -p operationcount=6000000 -p fieldcount=10 -p fieldlength=100 -p requestdistribution=zipfian -p measurement.trackjvm=true -p measurementtype=hdrhistogram -p hdrhistogram.output.path=./out/exp5.concurrent.ref/log/infinispan-jnvm.run.workloada.true.1000000.1.10.100.zipfian.2.false..default.default.none.r6.hdr.log
[OVERALL], RunTime(ms), 35142
[OVERALL], Throughput(ops/sec), 199191.85020772865
[TOTAL_GCS_G1_Young_Generation], Count, 40
[TOTAL_GC_TIME_G1_Young_Generation], Time(ms), 4276
[TOTAL_GC_TIME_%_G1_Young_Generation], Time(%), 12.16777644983211
[TOTAL_GCS_G1_Old_Generation], Count, 0
[TOTAL_GC_TIME_G1_Old_Generation], Time(ms), 0
[TOTAL_GC_TIME_%_G1_Old_Generation], Time(%), 0.0
[TOTAL_GCs], Count, 40
[TOTAL_GC_TIME], Time(ms), 4276
[TOTAL_GC_TIME_%], Time(%), 12.16777644983211
[MAX_MEM_USED], MBs, 4680
[MIN_MEM_USED], MBs, 52
[MAX_THREADS], Count, 8
[MIN_THREADS], Count, 4
[MAX_SYS_LOAD_AVG], Load, 6.08
[MIN_SYS_LOAD_AVG], Load, 3.82
[THREAD_COUNT], Operations, 5
[THREAD_COUNT], AverageLatency(ns), 6.4
[THREAD_COUNT], MinLatency(ns), 4
[THREAD_COUNT], MaxLatency(ns), 8
[THREAD_COUNT], 95thPercentileLatency(ns), 8
[THREAD_COUNT], 99thPercentileLatency(ns), 8
[SYS_LOAD_AVG], Operations, 5
[SYS_LOAD_AVG], AverageLatency(ns), 4.4
[SYS_LOAD_AVG], MinLatency(ns), 3
[SYS_LOAD_AVG], MaxLatency(ns), 6
[SYS_LOAD_AVG], 95thPercentileLatency(ns), 6
[SYS_LOAD_AVG], 99thPercentileLatency(ns), 6
[LOAD], Operations, 2
[LOAD], AverageLatency(ns), 1.861353472E10
[LOAD], MinLatency(ns), 18598461440
[LOAD], MaxLatency(ns), 18628607999
[LOAD], 95thPercentileLatency(ns), 18628607999
[LOAD], 99thPercentileLatency(ns), 18628607999
[USED_MEM_MB], Operations, 5
[USED_MEM_MB], AverageLatency(ns), 2846.8
[USED_MEM_MB], MinLatency(ns), 52
[USED_MEM_MB], MaxLatency(ns), 4680
[USED_MEM_MB], 95thPercentileLatency(ns), 4680
[USED_MEM_MB], 99thPercentileLatency(ns), 4680
[MAIN_GCs_Count], Operations, 2
[MAIN_GCs_Count], AverageLatency(ns), 15.0
[MAIN_GCs_Count], MinLatency(ns), 15
[MAIN_GCs_Count], MaxLatency(ns), 15
[MAIN_GCs_Count], 95thPercentileLatency(ns), 15
[MAIN_GCs_Count], 99thPercentileLatency(ns), 15
[MAIN_GCs_Time(ms)], Operations, 2
[MAIN_GCs_Time(ms)], AverageLatency(ns), 2303.0
[MAIN_GCs_Time(ms)], MinLatency(ns), 2303
[MAIN_GCs_Time(ms)], MaxLatency(ns), 2303
[MAIN_GCs_Time(ms)], 95thPercentileLatency(ns), 2303
[MAIN_GCs_Time(ms)], 99thPercentileLatency(ns), 2303
[TRANSACTION], Operations, 2
[TRANSACTION], AverageLatency(ns), 1.4842527744E10
[TRANSACTION], MinLatency(ns), 14823391232
[TRANSACTION], MaxLatency(ns), 14861664255
[TRANSACTION], 95thPercentileLatency(ns), 14861664255
[TRANSACTION], 99thPercentileLatency(ns), 14861664255
[GCS_TIME], Operations, 5
[GCS_TIME], AverageLatency(ns), 855.2
[GCS_TIME], MinLatency(ns), 0
[GCS_TIME], MaxLatency(ns), 1661
[GCS_TIME], 95thPercentileLatency(ns), 1661
[GCS_TIME], 99thPercentileLatency(ns), 1661
[LOAD_GCs_Time(ms)], Operations, 2
[LOAD_GCs_Time(ms)], AverageLatency(ns), 1956.0
[LOAD_GCs_Time(ms)], MinLatency(ns), 1956
[LOAD_GCs_Time(ms)], MaxLatency(ns), 1956
[LOAD_GCs_Time(ms)], 95thPercentileLatency(ns), 1956
[LOAD_GCs_Time(ms)], 99thPercentileLatency(ns), 1956
[READ], Operations, 3000869
[READ], AverageLatency(ns), 2275.532694362866
[READ], MinLatency(ns), 211
[READ], MaxLatency(ns), 185585663
[READ], 95thPercentileLatency(ns), 2733
[READ], 99thPercentileLatency(ns), 4221
[READ], Return=OK, 3000869
[INIT], Operations, 2
[INIT], AverageLatency(ns), 1.605840896E9
[INIT], MinLatency(ns), 1605787648
[INIT], MaxLatency(ns), 1605894143
[INIT], 95thPercentileLatency(ns), 1605894143
[INIT], 99thPercentileLatency(ns), 1605894143
[GCS], Operations, 5
[GCS], AverageLatency(ns), 8.0
[GCS], MinLatency(ns), 0
[GCS], MaxLatency(ns), 19
[GCS], 95thPercentileLatency(ns), 19
[GCS], 99thPercentileLatency(ns), 19
[LOAD_GCs_Count], Operations, 2
[LOAD_GCs_Count], AverageLatency(ns), 24.0
[LOAD_GCs_Count], MinLatency(ns), 24
[LOAD_GCs_Count], MaxLatency(ns), 24
[LOAD_GCs_Count], 95thPercentileLatency(ns), 24
[LOAD_GCs_Count], 99thPercentileLatency(ns), 24
[CLEANUP], Operations, 2
[CLEANUP], AverageLatency(ns), 1.9404968E7
[CLEANUP], MinLatency(ns), 6169088
[CLEANUP], MaxLatency(ns), 32640895
[CLEANUP], 95thPercentileLatency(ns), 32640895
[CLEANUP], 99thPercentileLatency(ns), 32640895
[INSERT], Operations, 1000000
[INSERT], AverageLatency(ns), 12442.075472
[INSERT], MinLatency(ns), 2626
[INSERT], MaxLatency(ns), 187114495
[INSERT], 95thPercentileLatency(ns), 11555
[INSERT], 99thPercentileLatency(ns), 28090
[INSERT], Return=OK, 1000000
[UPDATE], Operations, 2999131
[UPDATE], AverageLatency(ns), 3177.632699938749
[UPDATE], MinLatency(ns), 288
[UPDATE], MaxLatency(ns), 195557375
[UPDATE], 95thPercentileLatency(ns), 3759
[UPDATE], 99thPercentileLatency(ns), 5289
[UPDATE], Return=OK, 2999131
