/home/anatole/jdk8u/build/linux-x86_64-normal-server-release/jdk/bin/java -Xmx20g -XX:+UseG1GC -classpath /home/anatole/ycsb/conf:/home/anatole/ycsb/core/target/core-0.18.0-SNAPSHOT.jar:/home/anatole/ycsb/core/target/dependency/HdrHistogram-2.1.4.jar:/home/anatole/ycsb/core/target/dependency/guava-18.0.jar:/home/anatole/ycsb/core/target/dependency/htrace-core4-4.1.0-incubating.jar:/home/anatole/ycsb/core/target/dependency/jackson-core-asl-1.9.4.jar:/home/anatole/ycsb/core/target/dependency/jackson-mapper-asl-1.9.4.jar:/home/anatole/ycsb/core/target/dependency/javax.persistence-api-2.2.jar:/home/anatole/ycsb/core/target/dependency/jnvm-1.0-SNAPSHOT.jar:/home/anatole/ycsb/core/target/dependency/pcj-1.0.jar:/home/anatole/ycsb/core/target/dependency/unsafe-helper-1.0.jar:/home/anatole/ycsb/infinispan/src/main/conf:/home/anatole/ycsb/infinispan/target/infinispan-binding-0.18.0-SNAPSHOT.jar:/home/anatole/ycsb/infinispan/target/dependency/caffeine-2.6.2.jar:/home/anatole/ycsb/infinispan/target/dependency/gson-2.8.2.jar:/home/anatole/ycsb/infinispan/target/dependency/guava-18.0.jar:/home/anatole/ycsb/infinispan/target/dependency/infinispan-cachestore-jnvm-1.0-SNAPSHOT.jar:/home/anatole/ycsb/infinispan/target/dependency/infinispan-cachestore-pcj-1.0-SNAPSHOT.jar:/home/anatole/ycsb/infinispan/target/dependency/infinispan-client-hotrod-9.4.20.Final.jar:/home/anatole/ycsb/infinispan/target/dependency/infinispan-commons-9.4.20.Final.jar:/home/anatole/ycsb/infinispan/target/dependency/infinispan-core-9.4.20.Final.jar:/home/anatole/ycsb/infinispan/target/dependency/javax.persistence-api-2.2.jar:/home/anatole/ycsb/infinispan/target/dependency/jboss-logging-3.3.2.Final.jar:/home/anatole/ycsb/infinispan/target/dependency/jboss-marshalling-osgi-2.0.6.Final.jar:/home/anatole/ycsb/infinispan/target/dependency/jboss-transaction-api_1.2_spec-1.1.1.Final.jar:/home/anatole/ycsb/infinispan/target/dependency/jgroups-4.0.21.Final.jar:/home/anatole/ycsb/infinispan/target/dependency/jnvm-1.0-SNAPSHOT.jar:/home/anatole/ycsb/infinispan/target/dependency/metainf-services-1.7.jar:/home/anatole/ycsb/infinispan/target/dependency/netty-buffer-4.1.51.Final.jar:/home/anatole/ycsb/infinispan/target/dependency/netty-codec-4.1.51.Final.jar:/home/anatole/ycsb/infinispan/target/dependency/netty-common-4.1.51.Final.jar:/home/anatole/ycsb/infinispan/target/dependency/netty-handler-4.1.51.Final.jar:/home/anatole/ycsb/infinispan/target/dependency/netty-resolver-4.1.51.Final.jar:/home/anatole/ycsb/infinispan/target/dependency/netty-transport-4.1.51.Final.jar:/home/anatole/ycsb/infinispan/target/dependency/netty-transport-native-epoll-4.1.51.Final-linux-x86_64.jar:/home/anatole/ycsb/infinispan/target/dependency/netty-transport-native-unix-common-4.1.51.Final.jar:/home/anatole/ycsb/infinispan/target/dependency/pcj-1.0.jar:/home/anatole/ycsb/infinispan/target/dependency/reactive-streams-1.0.2.jar:/home/anatole/ycsb/infinispan/target/dependency/rxjava-2.2.4.jar:/home/anatole/ycsb/infinispan/target/dependency/unsafe-helper-1.0.jar site.ycsb.Client -t -db site.ycsb.db.InfinispanClient -P ../workloads/workloadc -preload -s -threads 8 -p dataintegrity=true -p offheap=false -p pcj=false -p recordcount=1000000 -p operationcount=48000000 -p fieldcount=10 -p fieldlength=100 -p requestdistribution=zipfian -p measurement.trackjvm=true -p measurementtype=hdrhistogram -p hdrhistogram.output.path=./out/exp5.concurrent.ref/log/infinispan.run.workloadc.true.1000000.1000000.10.100.zipfian.8.false.true.default.default.volatile.r1.hdr.log
[OVERALL], RunTime(ms), 31838
[OVERALL], Throughput(ops/sec), 1539041.3970726805
[TOTAL_GCS_G1_Young_Generation], Count, 39
[TOTAL_GC_TIME_G1_Young_Generation], Time(ms), 2519
[TOTAL_GC_TIME_%_G1_Young_Generation], Time(%), 7.911929141277718
[TOTAL_GCS_G1_Old_Generation], Count, 0
[TOTAL_GC_TIME_G1_Old_Generation], Time(ms), 0
[TOTAL_GC_TIME_%_G1_Old_Generation], Time(%), 0.0
[TOTAL_GCs], Count, 39
[TOTAL_GC_TIME], Time(ms), 2519
[TOTAL_GC_TIME_%], Time(%), 7.911929141277718
[MAX_MEM_USED], MBs, 16062
[MIN_MEM_USED], MBs, 62
[MAX_THREADS], Count, 13
[MIN_THREADS], Count, 4
[MAX_SYS_LOAD_AVG], Load, 18.08
[MIN_SYS_LOAD_AVG], Load, 14.56
[THREAD_COUNT], Operations, 5
[THREAD_COUNT], AverageLatency(ns), 10.6
[THREAD_COUNT], MinLatency(ns), 4
[THREAD_COUNT], MaxLatency(ns), 13
[THREAD_COUNT], 95thPercentileLatency(ns), 13
[THREAD_COUNT], 99thPercentileLatency(ns), 13
[SYS_LOAD_AVG], Operations, 5
[SYS_LOAD_AVG], AverageLatency(ns), 15.6
[SYS_LOAD_AVG], MinLatency(ns), 14
[SYS_LOAD_AVG], MaxLatency(ns), 18
[SYS_LOAD_AVG], 95thPercentileLatency(ns), 18
[SYS_LOAD_AVG], 99thPercentileLatency(ns), 18
[LOAD], Operations, 8
[LOAD], AverageLatency(ns), 5.322579968E9
[LOAD], MinLatency(ns), 5117542400
[LOAD], MaxLatency(ns), 5449678847
[LOAD], 95thPercentileLatency(ns), 5449678847
[LOAD], 99thPercentileLatency(ns), 5449678847
[USED_MEM_MB], Operations, 5
[USED_MEM_MB], AverageLatency(ns), 6781.6
[USED_MEM_MB], MinLatency(ns), 62
[USED_MEM_MB], MaxLatency(ns), 16062
[USED_MEM_MB], 95thPercentileLatency(ns), 16062
[USED_MEM_MB], 99thPercentileLatency(ns), 16062
[MAIN_GCs_Count], Operations, 8
[MAIN_GCs_Count], AverageLatency(ns), 12.0
[MAIN_GCs_Count], MinLatency(ns), 12
[MAIN_GCs_Count], MaxLatency(ns), 12
[MAIN_GCs_Count], 95thPercentileLatency(ns), 12
[MAIN_GCs_Count], 99thPercentileLatency(ns), 12
[MAIN_GCs_Time(ms)], Operations, 8
[MAIN_GCs_Time(ms)], AverageLatency(ns), 390.0
[MAIN_GCs_Time(ms)], MinLatency(ns), 390
[MAIN_GCs_Time(ms)], MaxLatency(ns), 390
[MAIN_GCs_Time(ms)], 95thPercentileLatency(ns), 390
[MAIN_GCs_Time(ms)], 99thPercentileLatency(ns), 390
[TRANSACTION], Operations, 8
[TRANSACTION], AverageLatency(ns), 2.4007671808E10
[TRANSACTION], MinLatency(ns), 23195156480
[TRANSACTION], MaxLatency(ns), 25138036735
[TRANSACTION], 95thPercentileLatency(ns), 25138036735
[TRANSACTION], 99thPercentileLatency(ns), 25138036735
[GCS_TIME], Operations, 5
[GCS_TIME], AverageLatency(ns), 503.8
[GCS_TIME], MinLatency(ns), 0
[GCS_TIME], MaxLatency(ns), 2258
[GCS_TIME], 95thPercentileLatency(ns), 2258
[GCS_TIME], 99thPercentileLatency(ns), 2258
[LOAD_GCs_Time(ms)], Operations, 8
[LOAD_GCs_Time(ms)], AverageLatency(ns), 2055.375
[LOAD_GCs_Time(ms)], MinLatency(ns), 1911
[LOAD_GCs_Time(ms)], MaxLatency(ns), 2076
[LOAD_GCs_Time(ms)], 95thPercentileLatency(ns), 2076
[LOAD_GCs_Time(ms)], 99thPercentileLatency(ns), 2076
[READ], Operations, 48000000
[READ], AverageLatency(ns), 2506.8411650416665
[READ], MinLatency(ns), 176
[READ], MaxLatency(ns), 121586687
[READ], 95thPercentileLatency(ns), 17479
[READ], 99thPercentileLatency(ns), 28204
[READ], Return=OK, 48000000
[INIT], Operations, 8
[INIT], AverageLatency(ns), 5.86355712E8
[INIT], MinLatency(ns), 584761344
[INIT], MaxLatency(ns), 588349439
[INIT], 95thPercentileLatency(ns), 588349439
[INIT], 99thPercentileLatency(ns), 588349439
[GCS], Operations, 5
[GCS], AverageLatency(ns), 7.8
[GCS], MinLatency(ns), 0
[GCS], MaxLatency(ns), 28
[GCS], 95thPercentileLatency(ns), 28
[GCS], 99thPercentileLatency(ns), 28
[LOAD_GCs_Count], Operations, 8
[LOAD_GCs_Count], AverageLatency(ns), 24.875
[LOAD_GCs_Count], MinLatency(ns), 24
[LOAD_GCs_Count], MaxLatency(ns), 25
[LOAD_GCs_Count], 95thPercentileLatency(ns), 25
[LOAD_GCs_Count], 99thPercentileLatency(ns), 25
[CLEANUP], Operations, 8
[CLEANUP], AverageLatency(ns), 1.64836416E9
[CLEANUP], MinLatency(ns), 524670976
[CLEANUP], MaxLatency(ns), 2436005887
[CLEANUP], 95thPercentileLatency(ns), 2436005887
[CLEANUP], 99thPercentileLatency(ns), 2436005887
[INSERT], Operations, 1000000
[INSERT], AverageLatency(ns), 10785.771666
[INSERT], MinLatency(ns), 1385
[INSERT], MaxLatency(ns), 171476991
[INSERT], 95thPercentileLatency(ns), 11846
[INSERT], 99thPercentileLatency(ns), 33588
[INSERT], Return=OK, 1000000
