/home/anatole/jdk8u/build/linux-x86_64-normal-server-release/jdk/bin/java -Xmx20g -XX:+UseG1GC -classpath /home/anatole/ycsb/conf:/home/anatole/ycsb/core/target/core-0.18.0-SNAPSHOT.jar:/home/anatole/ycsb/core/target/dependency/HdrHistogram-2.1.4.jar:/home/anatole/ycsb/core/target/dependency/guava-18.0.jar:/home/anatole/ycsb/core/target/dependency/htrace-core4-4.1.0-incubating.jar:/home/anatole/ycsb/core/target/dependency/jackson-core-asl-1.9.4.jar:/home/anatole/ycsb/core/target/dependency/jackson-mapper-asl-1.9.4.jar:/home/anatole/ycsb/core/target/dependency/javax.persistence-api-2.2.jar:/home/anatole/ycsb/core/target/dependency/jnvm-1.0-SNAPSHOT.jar:/home/anatole/ycsb/core/target/dependency/pcj-1.0.jar:/home/anatole/ycsb/core/target/dependency/unsafe-helper-1.0.jar:/home/anatole/ycsb/infinispan/src/main/conf:/home/anatole/ycsb/infinispan/target/infinispan-binding-0.18.0-SNAPSHOT.jar:/home/anatole/ycsb/infinispan/target/dependency/caffeine-2.6.2.jar:/home/anatole/ycsb/infinispan/target/dependency/gson-2.8.2.jar:/home/anatole/ycsb/infinispan/target/dependency/guava-18.0.jar:/home/anatole/ycsb/infinispan/target/dependency/infinispan-cachestore-jnvm-1.0-SNAPSHOT.jar:/home/anatole/ycsb/infinispan/target/dependency/infinispan-cachestore-pcj-1.0-SNAPSHOT.jar:/home/anatole/ycsb/infinispan/target/dependency/infinispan-client-hotrod-9.4.20.Final.jar:/home/anatole/ycsb/infinispan/target/dependency/infinispan-commons-9.4.20.Final.jar:/home/anatole/ycsb/infinispan/target/dependency/infinispan-core-9.4.20.Final.jar:/home/anatole/ycsb/infinispan/target/dependency/javax.persistence-api-2.2.jar:/home/anatole/ycsb/infinispan/target/dependency/jboss-logging-3.3.2.Final.jar:/home/anatole/ycsb/infinispan/target/dependency/jboss-marshalling-osgi-2.0.6.Final.jar:/home/anatole/ycsb/infinispan/target/dependency/jboss-transaction-api_1.2_spec-1.1.1.Final.jar:/home/anatole/ycsb/infinispan/target/dependency/jgroups-4.0.21.Final.jar:/home/anatole/ycsb/infinispan/target/dependency/jnvm-1.0-SNAPSHOT.jar:/home/anatole/ycsb/infinispan/target/dependency/metainf-services-1.7.jar:/home/anatole/ycsb/infinispan/target/dependency/netty-buffer-4.1.51.Final.jar:/home/anatole/ycsb/infinispan/target/dependency/netty-codec-4.1.51.Final.jar:/home/anatole/ycsb/infinispan/target/dependency/netty-common-4.1.51.Final.jar:/home/anatole/ycsb/infinispan/target/dependency/netty-handler-4.1.51.Final.jar:/home/anatole/ycsb/infinispan/target/dependency/netty-resolver-4.1.51.Final.jar:/home/anatole/ycsb/infinispan/target/dependency/netty-transport-4.1.51.Final.jar:/home/anatole/ycsb/infinispan/target/dependency/netty-transport-native-epoll-4.1.51.Final-linux-x86_64.jar:/home/anatole/ycsb/infinispan/target/dependency/netty-transport-native-unix-common-4.1.51.Final.jar:/home/anatole/ycsb/infinispan/target/dependency/pcj-1.0.jar:/home/anatole/ycsb/infinispan/target/dependency/reactive-streams-1.0.2.jar:/home/anatole/ycsb/infinispan/target/dependency/rxjava-2.2.4.jar:/home/anatole/ycsb/infinispan/target/dependency/unsafe-helper-1.0.jar site.ycsb.Client -t -db site.ycsb.db.InfinispanClient -P ../workloads/workloadc -preload -s -threads 16 -p dataintegrity=true -p offheap=false -p pcj=false -p recordcount=1000000 -p operationcount=48000000 -p fieldcount=10 -p fieldlength=100 -p requestdistribution=zipfian -p measurement.trackjvm=true -p measurementtype=hdrhistogram -p hdrhistogram.output.path=./out/exp5.concurrent.ref/log/infinispan.run.workloadc.true.1000000.100000.10.100.zipfian.16.false..default.default.none.r6.hdr.log
[OVERALL], RunTime(ms), 228328
[OVERALL], Throughput(ops/sec), 214603.55278371467
[TOTAL_GCS_G1_Young_Generation], Count, 80
[TOTAL_GC_TIME_G1_Young_Generation], Time(ms), 6440
[TOTAL_GC_TIME_%_G1_Young_Generation], Time(%), 2.820503836585964
[TOTAL_GCS_G1_Old_Generation], Count, 0
[TOTAL_GC_TIME_G1_Old_Generation], Time(ms), 0
[TOTAL_GC_TIME_%_G1_Old_Generation], Time(%), 0.0
[TOTAL_GCs], Count, 80
[TOTAL_GC_TIME], Time(ms), 6440
[TOTAL_GC_TIME_%], Time(%), 2.820503836585964
[MAX_MEM_USED], MBs, 10692
[MIN_MEM_USED], MBs, 72
[MAX_THREADS], Count, 22
[MIN_THREADS], Count, 2
[MAX_SYS_LOAD_AVG], Load, 10.56
[MIN_SYS_LOAD_AVG], Load, 9.06
[THREAD_COUNT], Operations, 24
[THREAD_COUNT], AverageLatency(ns), 20.083333333333332
[THREAD_COUNT], MinLatency(ns), 2
[THREAD_COUNT], MaxLatency(ns), 22
[THREAD_COUNT], 95thPercentileLatency(ns), 22
[THREAD_COUNT], 99thPercentileLatency(ns), 22
[SYS_LOAD_AVG], Operations, 24
[SYS_LOAD_AVG], AverageLatency(ns), 9.833333333333334
[SYS_LOAD_AVG], MinLatency(ns), 9
[SYS_LOAD_AVG], MaxLatency(ns), 10
[SYS_LOAD_AVG], 95thPercentileLatency(ns), 10
[SYS_LOAD_AVG], 99thPercentileLatency(ns), 10
[LOAD], Operations, 16
[LOAD], AverageLatency(ns), 1.2903575552E10
[LOAD], MinLatency(ns), 11880759296
[LOAD], MaxLatency(ns), 13610844159
[LOAD], 95thPercentileLatency(ns), 13551861759
[LOAD], 99thPercentileLatency(ns), 13610844159
[USED_MEM_MB], Operations, 24
[USED_MEM_MB], AverageLatency(ns), 6520.791666666667
[USED_MEM_MB], MinLatency(ns), 72
[USED_MEM_MB], MaxLatency(ns), 10692
[USED_MEM_MB], 95thPercentileLatency(ns), 10466
[USED_MEM_MB], 99thPercentileLatency(ns), 10692
[MAIN_GCs_Count], Operations, 16
[MAIN_GCs_Count], AverageLatency(ns), 59.75
[MAIN_GCs_Count], MinLatency(ns), 59
[MAIN_GCs_Count], MaxLatency(ns), 60
[MAIN_GCs_Count], 95thPercentileLatency(ns), 60
[MAIN_GCs_Count], 99thPercentileLatency(ns), 60
[MAIN_GCs_Time(ms)], Operations, 16
[MAIN_GCs_Time(ms)], AverageLatency(ns), 5547.0
[MAIN_GCs_Time(ms)], MinLatency(ns), 5478
[MAIN_GCs_Time(ms)], MaxLatency(ns), 5570
[MAIN_GCs_Time(ms)], 95thPercentileLatency(ns), 5570
[MAIN_GCs_Time(ms)], 99thPercentileLatency(ns), 5570
[TRANSACTION], Operations, 16
[TRANSACTION], AverageLatency(ns), 2.12806074368E11
[TRANSACTION], MinLatency(ns), 211561742336
[TRANSACTION], MaxLatency(ns), 213815132159
[TRANSACTION], 95thPercentileLatency(ns), 213813035007
[TRANSACTION], 99thPercentileLatency(ns), 213815132159
[GCS_TIME], Operations, 24
[GCS_TIME], AverageLatency(ns), 268.3333333333333
[GCS_TIME], MinLatency(ns), 0
[GCS_TIME], MaxLatency(ns), 678
[GCS_TIME], 95thPercentileLatency(ns), 619
[GCS_TIME], 99thPercentileLatency(ns), 678
[LOAD_GCs_Time(ms)], Operations, 16
[LOAD_GCs_Time(ms)], AverageLatency(ns), 771.25
[LOAD_GCs_Time(ms)], MinLatency(ns), 744
[LOAD_GCs_Time(ms)], MaxLatency(ns), 853
[LOAD_GCs_Time(ms)], 95thPercentileLatency(ns), 853
[LOAD_GCs_Time(ms)], 99thPercentileLatency(ns), 853
[READ], Operations, 48000000
[READ], AverageLatency(ns), 69734.75312354167
[READ], MinLatency(ns), 201
[READ], MaxLatency(ns), 225785855
[READ], 95thPercentileLatency(ns), 219060
[READ], 99thPercentileLatency(ns), 289603
[READ], Return=OK, 48000000
[INIT], Operations, 16
[INIT], AverageLatency(ns), 6.54387712E8
[INIT], MinLatency(ns), 651378688
[INIT], MaxLatency(ns), 658087935
[INIT], 95thPercentileLatency(ns), 658006015
[INIT], 99thPercentileLatency(ns), 658087935
[GCS], Operations, 24
[GCS], AverageLatency(ns), 3.3333333333333335
[GCS], MinLatency(ns), 0
[GCS], MaxLatency(ns), 18
[GCS], 95thPercentileLatency(ns), 4
[GCS], 99thPercentileLatency(ns), 18
[LOAD_GCs_Count], Operations, 16
[LOAD_GCs_Count], AverageLatency(ns), 18.25
[LOAD_GCs_Count], MinLatency(ns), 18
[LOAD_GCs_Count], MaxLatency(ns), 19
[LOAD_GCs_Count], 95thPercentileLatency(ns), 19
[LOAD_GCs_Count], 99thPercentileLatency(ns), 19
[CLEANUP], Operations, 16
[CLEANUP], AverageLatency(ns), 1.0700624E9
[CLEANUP], MinLatency(ns), 63458560
[CLEANUP], MaxLatency(ns), 2296250367
[CLEANUP], 95thPercentileLatency(ns), 1791123455
[CLEANUP], 99thPercentileLatency(ns), 2296250367
[INSERT], Operations, 1000000
[INSERT], AverageLatency(ns), 191830.612832
[INSERT], MinLatency(ns), 23804
[INSERT], MaxLatency(ns), 928190463
[INSERT], 95thPercentileLatency(ns), 209887
[INSERT], 99thPercentileLatency(ns), 332733
[INSERT], Return=OK, 1000000
