/home/anatole/jdk8u/build/linux-x86_64-normal-server-release/jdk/bin/java -Xmx20g -XX:+UseG1GC -classpath /home/anatole/ycsb/conf:/home/anatole/ycsb/core/target/core-0.18.0-SNAPSHOT.jar:/home/anatole/ycsb/core/target/dependency/HdrHistogram-2.1.4.jar:/home/anatole/ycsb/core/target/dependency/guava-18.0.jar:/home/anatole/ycsb/core/target/dependency/htrace-core4-4.1.0-incubating.jar:/home/anatole/ycsb/core/target/dependency/jackson-core-asl-1.9.4.jar:/home/anatole/ycsb/core/target/dependency/jackson-mapper-asl-1.9.4.jar:/home/anatole/ycsb/core/target/dependency/javax.persistence-api-2.2.jar:/home/anatole/ycsb/core/target/dependency/jnvm-1.0-SNAPSHOT.jar:/home/anatole/ycsb/core/target/dependency/pcj-1.0.jar:/home/anatole/ycsb/core/target/dependency/unsafe-helper-1.0.jar:/home/anatole/ycsb/infinispan/src/main/conf:/home/anatole/ycsb/infinispan/target/infinispan-binding-0.18.0-SNAPSHOT.jar:/home/anatole/ycsb/infinispan/target/dependency/caffeine-2.6.2.jar:/home/anatole/ycsb/infinispan/target/dependency/gson-2.8.2.jar:/home/anatole/ycsb/infinispan/target/dependency/guava-18.0.jar:/home/anatole/ycsb/infinispan/target/dependency/infinispan-cachestore-jnvm-1.0-SNAPSHOT.jar:/home/anatole/ycsb/infinispan/target/dependency/infinispan-cachestore-pcj-1.0-SNAPSHOT.jar:/home/anatole/ycsb/infinispan/target/dependency/infinispan-client-hotrod-9.4.20.Final.jar:/home/anatole/ycsb/infinispan/target/dependency/infinispan-commons-9.4.20.Final.jar:/home/anatole/ycsb/infinispan/target/dependency/infinispan-core-9.4.20.Final.jar:/home/anatole/ycsb/infinispan/target/dependency/javax.persistence-api-2.2.jar:/home/anatole/ycsb/infinispan/target/dependency/jboss-logging-3.3.2.Final.jar:/home/anatole/ycsb/infinispan/target/dependency/jboss-marshalling-osgi-2.0.6.Final.jar:/home/anatole/ycsb/infinispan/target/dependency/jboss-transaction-api_1.2_spec-1.1.1.Final.jar:/home/anatole/ycsb/infinispan/target/dependency/jgroups-4.0.21.Final.jar:/home/anatole/ycsb/infinispan/target/dependency/jnvm-1.0-SNAPSHOT.jar:/home/anatole/ycsb/infinispan/target/dependency/metainf-services-1.7.jar:/home/anatole/ycsb/infinispan/target/dependency/netty-buffer-4.1.51.Final.jar:/home/anatole/ycsb/infinispan/target/dependency/netty-codec-4.1.51.Final.jar:/home/anatole/ycsb/infinispan/target/dependency/netty-common-4.1.51.Final.jar:/home/anatole/ycsb/infinispan/target/dependency/netty-handler-4.1.51.Final.jar:/home/anatole/ycsb/infinispan/target/dependency/netty-resolver-4.1.51.Final.jar:/home/anatole/ycsb/infinispan/target/dependency/netty-transport-4.1.51.Final.jar:/home/anatole/ycsb/infinispan/target/dependency/netty-transport-native-epoll-4.1.51.Final-linux-x86_64.jar:/home/anatole/ycsb/infinispan/target/dependency/netty-transport-native-unix-common-4.1.51.Final.jar:/home/anatole/ycsb/infinispan/target/dependency/pcj-1.0.jar:/home/anatole/ycsb/infinispan/target/dependency/reactive-streams-1.0.2.jar:/home/anatole/ycsb/infinispan/target/dependency/rxjava-2.2.4.jar:/home/anatole/ycsb/infinispan/target/dependency/unsafe-helper-1.0.jar site.ycsb.Client -t -db site.ycsb.db.InfinispanClient -P ../workloads/workloada -preload -s -threads 4 -p dataintegrity=true -p offheap=false -p pcj=false -p recordcount=1000000 -p operationcount=12000000 -p fieldcount=10 -p fieldlength=100 -p requestdistribution=zipfian -p measurement.trackjvm=true -p measurementtype=hdrhistogram -p hdrhistogram.output.path=./out/exp5.concurrent.ref/log/infinispan.run.workloada.true.1000000.100000.10.100.zipfian.4.false..default.default.none.r2.hdr.log
[OVERALL], RunTime(ms), 152831
[OVERALL], Throughput(ops/sec), 85061.27683519704
[TOTAL_GCS_G1_Young_Generation], Count, 57
[TOTAL_GC_TIME_G1_Young_Generation], Time(ms), 6251
[TOTAL_GC_TIME_%_G1_Young_Generation], Time(%), 4.090138780744744
[TOTAL_GCS_G1_Old_Generation], Count, 0
[TOTAL_GC_TIME_G1_Old_Generation], Time(ms), 0
[TOTAL_GC_TIME_%_G1_Old_Generation], Time(%), 0.0
[TOTAL_GCs], Count, 57
[TOTAL_GC_TIME], Time(ms), 6251
[TOTAL_GC_TIME_%], Time(%), 4.090138780744744
[MAX_MEM_USED], MBs, 12806
[MIN_MEM_USED], MBs, 58
[MAX_THREADS], Count, 36
[MIN_THREADS], Count, 3
[MAX_SYS_LOAD_AVG], Load, 6.71
[MIN_SYS_LOAD_AVG], Load, 4.33
[THREAD_COUNT], Operations, 17
[THREAD_COUNT], AverageLatency(ns), 30.294117647058822
[THREAD_COUNT], MinLatency(ns), 3
[THREAD_COUNT], MaxLatency(ns), 36
[THREAD_COUNT], 95thPercentileLatency(ns), 36
[THREAD_COUNT], 99thPercentileLatency(ns), 36
[SYS_LOAD_AVG], Operations, 17
[SYS_LOAD_AVG], AverageLatency(ns), 4.647058823529412
[SYS_LOAD_AVG], MinLatency(ns), 4
[SYS_LOAD_AVG], MaxLatency(ns), 6
[SYS_LOAD_AVG], 95thPercentileLatency(ns), 6
[SYS_LOAD_AVG], 99thPercentileLatency(ns), 6
[LOAD], Operations, 4
[LOAD], AverageLatency(ns), 1.4976892928E10
[LOAD], MinLatency(ns), 14924251136
[LOAD], MaxLatency(ns), 15058206719
[LOAD], 95thPercentileLatency(ns), 15058206719
[LOAD], 99thPercentileLatency(ns), 15058206719
[USED_MEM_MB], Operations, 17
[USED_MEM_MB], AverageLatency(ns), 5332.64705882353
[USED_MEM_MB], MinLatency(ns), 58
[USED_MEM_MB], MaxLatency(ns), 12806
[USED_MEM_MB], 95thPercentileLatency(ns), 12207
[USED_MEM_MB], 99thPercentileLatency(ns), 12806
[MAIN_GCs_Count], Operations, 4
[MAIN_GCs_Count], AverageLatency(ns), 38.0
[MAIN_GCs_Count], MinLatency(ns), 38
[MAIN_GCs_Count], MaxLatency(ns), 38
[MAIN_GCs_Count], 95thPercentileLatency(ns), 38
[MAIN_GCs_Count], 99thPercentileLatency(ns), 38
[MAIN_GCs_Time(ms)], Operations, 4
[MAIN_GCs_Time(ms)], AverageLatency(ns), 5310.0
[MAIN_GCs_Time(ms)], MinLatency(ns), 5310
[MAIN_GCs_Time(ms)], MaxLatency(ns), 5310
[MAIN_GCs_Time(ms)], 95thPercentileLatency(ns), 5310
[MAIN_GCs_Time(ms)], 99thPercentileLatency(ns), 5310
[TRANSACTION], Operations, 4
[TRANSACTION], AverageLatency(ns), 1.33873139712E11
[TRANSACTION], MinLatency(ns), 132432527360
[TRANSACTION], MaxLatency(ns), 136959229951
[TRANSACTION], 95thPercentileLatency(ns), 136959229951
[TRANSACTION], 99thPercentileLatency(ns), 136959229951
[GCS_TIME], Operations, 17
[GCS_TIME], AverageLatency(ns), 367.70588235294116
[GCS_TIME], MinLatency(ns), 0
[GCS_TIME], MaxLatency(ns), 852
[GCS_TIME], 95thPercentileLatency(ns), 764
[GCS_TIME], 99thPercentileLatency(ns), 852
[LOAD_GCs_Time(ms)], Operations, 4
[LOAD_GCs_Time(ms)], AverageLatency(ns), 923.0
[LOAD_GCs_Time(ms)], MinLatency(ns), 923
[LOAD_GCs_Time(ms)], MaxLatency(ns), 923
[LOAD_GCs_Time(ms)], 95thPercentileLatency(ns), 923
[LOAD_GCs_Time(ms)], 99thPercentileLatency(ns), 923
[READ], Operations, 6004067
[READ], AverageLatency(ns), 23409.68210098255
[READ], MinLatency(ns), 197
[READ], MaxLatency(ns), 231147519
[READ], 95thPercentileLatency(ns), 50211
[READ], 99thPercentileLatency(ns), 60000
[READ], Return=OK, 6004067
[INIT], Operations, 4
[INIT], AverageLatency(ns), 6.21978624E8
[INIT], MinLatency(ns), 621686784
[INIT], MaxLatency(ns), 622735359
[INIT], 95thPercentileLatency(ns), 622735359
[INIT], 99thPercentileLatency(ns), 622735359
[GCS], Operations, 17
[GCS], AverageLatency(ns), 3.3529411764705883
[GCS], MinLatency(ns), 0
[GCS], MaxLatency(ns), 18
[GCS], 95thPercentileLatency(ns), 5
[GCS], 99thPercentileLatency(ns), 18
[LOAD_GCs_Count], Operations, 4
[LOAD_GCs_Count], AverageLatency(ns), 18.0
[LOAD_GCs_Count], MinLatency(ns), 18
[LOAD_GCs_Count], MaxLatency(ns), 18
[LOAD_GCs_Count], 95thPercentileLatency(ns), 18
[LOAD_GCs_Count], 99thPercentileLatency(ns), 18
[CLEANUP], Operations, 4
[CLEANUP], AverageLatency(ns), 3.173507136E9
[CLEANUP], MinLatency(ns), 77012992
[CLEANUP], MaxLatency(ns), 4604428287
[CLEANUP], 95thPercentileLatency(ns), 4604428287
[CLEANUP], 99thPercentileLatency(ns), 4604428287
[INSERT], Operations, 1000000
[INSERT], AverageLatency(ns), 48815.005381
[INSERT], MinLatency(ns), 24121
[INSERT], MaxLatency(ns), 100877823
[INSERT], 95thPercentileLatency(ns), 56222
[INSERT], 99thPercentileLatency(ns), 90664
[INSERT], Return=OK, 1000000
[UPDATE], Operations, 5995933
[UPDATE], AverageLatency(ns), 62727.092652969935
[UPDATE], MinLatency(ns), 23028
[UPDATE], MaxLatency(ns), 255428607
[UPDATE], 95thPercentileLatency(ns), 91620
[UPDATE], 99thPercentileLatency(ns), 109107
[UPDATE], Return=OK, 5995933
