/home/anatole/jdk8u/build/linux-x86_64-normal-server-release/jdk/bin/java -Xmx20g -XX:+UseG1GC -classpath /home/anatole/ycsb/conf:/home/anatole/ycsb/core/target/core-0.18.0-SNAPSHOT.jar:/home/anatole/ycsb/core/target/dependency/HdrHistogram-2.1.4.jar:/home/anatole/ycsb/core/target/dependency/guava-18.0.jar:/home/anatole/ycsb/core/target/dependency/htrace-core4-4.1.0-incubating.jar:/home/anatole/ycsb/core/target/dependency/jackson-core-asl-1.9.4.jar:/home/anatole/ycsb/core/target/dependency/jackson-mapper-asl-1.9.4.jar:/home/anatole/ycsb/core/target/dependency/javax.persistence-api-2.2.jar:/home/anatole/ycsb/core/target/dependency/jnvm-1.0-SNAPSHOT.jar:/home/anatole/ycsb/core/target/dependency/pcj-1.0.jar:/home/anatole/ycsb/core/target/dependency/unsafe-helper-1.0.jar:/home/anatole/ycsb/infinispan/src/main/conf:/home/anatole/ycsb/infinispan/target/infinispan-binding-0.18.0-SNAPSHOT.jar:/home/anatole/ycsb/infinispan/target/dependency/caffeine-2.6.2.jar:/home/anatole/ycsb/infinispan/target/dependency/gson-2.8.2.jar:/home/anatole/ycsb/infinispan/target/dependency/guava-18.0.jar:/home/anatole/ycsb/infinispan/target/dependency/infinispan-cachestore-jnvm-1.0-SNAPSHOT.jar:/home/anatole/ycsb/infinispan/target/dependency/infinispan-cachestore-pcj-1.0-SNAPSHOT.jar:/home/anatole/ycsb/infinispan/target/dependency/infinispan-client-hotrod-9.4.20.Final.jar:/home/anatole/ycsb/infinispan/target/dependency/infinispan-commons-9.4.20.Final.jar:/home/anatole/ycsb/infinispan/target/dependency/infinispan-core-9.4.20.Final.jar:/home/anatole/ycsb/infinispan/target/dependency/javax.persistence-api-2.2.jar:/home/anatole/ycsb/infinispan/target/dependency/jboss-logging-3.3.2.Final.jar:/home/anatole/ycsb/infinispan/target/dependency/jboss-marshalling-osgi-2.0.6.Final.jar:/home/anatole/ycsb/infinispan/target/dependency/jboss-transaction-api_1.2_spec-1.1.1.Final.jar:/home/anatole/ycsb/infinispan/target/dependency/jgroups-4.0.21.Final.jar:/home/anatole/ycsb/infinispan/target/dependency/jnvm-1.0-SNAPSHOT.jar:/home/anatole/ycsb/infinispan/target/dependency/metainf-services-1.7.jar:/home/anatole/ycsb/infinispan/target/dependency/netty-buffer-4.1.51.Final.jar:/home/anatole/ycsb/infinispan/target/dependency/netty-codec-4.1.51.Final.jar:/home/anatole/ycsb/infinispan/target/dependency/netty-common-4.1.51.Final.jar:/home/anatole/ycsb/infinispan/target/dependency/netty-handler-4.1.51.Final.jar:/home/anatole/ycsb/infinispan/target/dependency/netty-resolver-4.1.51.Final.jar:/home/anatole/ycsb/infinispan/target/dependency/netty-transport-4.1.51.Final.jar:/home/anatole/ycsb/infinispan/target/dependency/netty-transport-native-epoll-4.1.51.Final-linux-x86_64.jar:/home/anatole/ycsb/infinispan/target/dependency/netty-transport-native-unix-common-4.1.51.Final.jar:/home/anatole/ycsb/infinispan/target/dependency/pcj-1.0.jar:/home/anatole/ycsb/infinispan/target/dependency/reactive-streams-1.0.2.jar:/home/anatole/ycsb/infinispan/target/dependency/rxjava-2.2.4.jar:/home/anatole/ycsb/infinispan/target/dependency/unsafe-helper-1.0.jar site.ycsb.Client -t -db site.ycsb.db.InfinispanClient -P ../workloads/workloada -preload -s -threads 2 -p dataintegrity=true -p offheap=false -p pcj=false -p recordcount=1000000 -p operationcount=6000000 -p fieldcount=10 -p fieldlength=100 -p requestdistribution=zipfian -p measurement.trackjvm=true -p measurementtype=hdrhistogram -p hdrhistogram.output.path=./out/exp5.concurrent.ref/log/infinispan.run.workloada.true.1000000.100000.10.100.zipfian.2.false..default.default.none.r3.hdr.log
[OVERALL], RunTime(ms), 145195
[OVERALL], Throughput(ops/sec), 48211.026550501054
[TOTAL_GCS_G1_Young_Generation], Count, 48
[TOTAL_GC_TIME_G1_Young_Generation], Time(ms), 4599
[TOTAL_GC_TIME_%_G1_Young_Generation], Time(%), 3.167464444367919
[TOTAL_GCS_G1_Old_Generation], Count, 0
[TOTAL_GC_TIME_G1_Old_Generation], Time(ms), 0
[TOTAL_GC_TIME_%_G1_Old_Generation], Time(%), 0.0
[TOTAL_GCs], Count, 48
[TOTAL_GC_TIME], Time(ms), 4599
[TOTAL_GC_TIME_%], Time(%), 3.167464444367919
[MAX_MEM_USED], MBs, 7214
[MIN_MEM_USED], MBs, 52
[MAX_THREADS], Count, 34
[MIN_THREADS], Count, 3
[MAX_SYS_LOAD_AVG], Load, 4.94
[MIN_SYS_LOAD_AVG], Load, 2.88
[THREAD_COUNT], Operations, 16
[THREAD_COUNT], AverageLatency(ns), 25.1875
[THREAD_COUNT], MinLatency(ns), 3
[THREAD_COUNT], MaxLatency(ns), 34
[THREAD_COUNT], 95thPercentileLatency(ns), 34
[THREAD_COUNT], 99thPercentileLatency(ns), 34
[SYS_LOAD_AVG], Operations, 16
[SYS_LOAD_AVG], AverageLatency(ns), 3.25
[SYS_LOAD_AVG], MinLatency(ns), 2
[SYS_LOAD_AVG], MaxLatency(ns), 4
[SYS_LOAD_AVG], 95thPercentileLatency(ns), 4
[SYS_LOAD_AVG], 99thPercentileLatency(ns), 4
[LOAD], Operations, 2
[LOAD], AverageLatency(ns), 2.5545670656E10
[LOAD], MinLatency(ns), 25531645952
[LOAD], MaxLatency(ns), 25559695359
[LOAD], 95thPercentileLatency(ns), 25559695359
[LOAD], 99thPercentileLatency(ns), 25559695359
[USED_MEM_MB], Operations, 16
[USED_MEM_MB], AverageLatency(ns), 4276.75
[USED_MEM_MB], MinLatency(ns), 52
[USED_MEM_MB], MaxLatency(ns), 7214
[USED_MEM_MB], 95thPercentileLatency(ns), 6732
[USED_MEM_MB], 99thPercentileLatency(ns), 7214
[MAIN_GCs_Count], Operations, 2
[MAIN_GCs_Count], AverageLatency(ns), 27.0
[MAIN_GCs_Count], MinLatency(ns), 27
[MAIN_GCs_Count], MaxLatency(ns), 27
[MAIN_GCs_Count], 95thPercentileLatency(ns), 27
[MAIN_GCs_Count], 99thPercentileLatency(ns), 27
[MAIN_GCs_Time(ms)], Operations, 2
[MAIN_GCs_Time(ms)], AverageLatency(ns), 3587.0
[MAIN_GCs_Time(ms)], MinLatency(ns), 3587
[MAIN_GCs_Time(ms)], MaxLatency(ns), 3587
[MAIN_GCs_Time(ms)], 95thPercentileLatency(ns), 3587
[MAIN_GCs_Time(ms)], 99thPercentileLatency(ns), 3587
[TRANSACTION], Operations, 2
[TRANSACTION], AverageLatency(ns), 1.18458417152E11
[TRANSACTION], MinLatency(ns), 118067560448
[TRANSACTION], MaxLatency(ns), 118849273855
[TRANSACTION], 95thPercentileLatency(ns), 118849273855
[TRANSACTION], 99thPercentileLatency(ns), 118849273855
[GCS_TIME], Operations, 16
[GCS_TIME], AverageLatency(ns), 287.4375
[GCS_TIME], MinLatency(ns), 0
[GCS_TIME], MaxLatency(ns), 679
[GCS_TIME], 95thPercentileLatency(ns), 439
[GCS_TIME], 99thPercentileLatency(ns), 679
[LOAD_GCs_Time(ms)], Operations, 2
[LOAD_GCs_Time(ms)], AverageLatency(ns), 990.0
[LOAD_GCs_Time(ms)], MinLatency(ns), 990
[LOAD_GCs_Time(ms)], MaxLatency(ns), 990
[LOAD_GCs_Time(ms)], 95thPercentileLatency(ns), 990
[LOAD_GCs_Time(ms)], 99thPercentileLatency(ns), 990
[READ], Operations, 2999690
[READ], AverageLatency(ns), 21695.649212418615
[READ], MinLatency(ns), 192
[READ], MaxLatency(ns), 147751935
[READ], 95thPercentileLatency(ns), 44648
[READ], 99thPercentileLatency(ns), 53281
[READ], Return=OK, 2999690
[INIT], Operations, 2
[INIT], AverageLatency(ns), 6.51419648E8
[INIT], MinLatency(ns), 651390976
[INIT], MaxLatency(ns), 651448319
[INIT], 95thPercentileLatency(ns), 651448319
[INIT], 99thPercentileLatency(ns), 651448319
[GCS], Operations, 16
[GCS], AverageLatency(ns), 3.0
[GCS], MinLatency(ns), 0
[GCS], MaxLatency(ns), 16
[GCS], 95thPercentileLatency(ns), 3
[GCS], 99thPercentileLatency(ns), 16
[LOAD_GCs_Count], Operations, 2
[LOAD_GCs_Count], AverageLatency(ns), 20.0
[LOAD_GCs_Count], MinLatency(ns), 20
[LOAD_GCs_Count], MaxLatency(ns), 20
[LOAD_GCs_Count], 95thPercentileLatency(ns), 20
[LOAD_GCs_Count], 99thPercentileLatency(ns), 20
[CLEANUP], Operations, 2
[CLEANUP], AverageLatency(ns), 4.47467968E8
[CLEANUP], MinLatency(ns), 64432896
[CLEANUP], MaxLatency(ns), 830504959
[CLEANUP], 95thPercentileLatency(ns), 830504959
[CLEANUP], 99thPercentileLatency(ns), 830504959
[INSERT], Operations, 1000000
[INSERT], AverageLatency(ns), 41314.552665
[INSERT], MinLatency(ns), 24692
[INSERT], MaxLatency(ns), 100347391
[INSERT], 95thPercentileLatency(ns), 47461
[INSERT], 99thPercentileLatency(ns), 66284
[INSERT], Return=OK, 1000000
[UPDATE], Operations, 3000310
[UPDATE], AverageLatency(ns), 54506.97158560282
[UPDATE], MinLatency(ns), 22967
[UPDATE], MaxLatency(ns), 202961919
[UPDATE], 95thPercentileLatency(ns), 79043
[UPDATE], 99thPercentileLatency(ns), 92872
[UPDATE], Return=OK, 3000310
