/home/anatole/jdk8u/build/linux-x86_64-normal-server-release/jdk/bin/java -Xmx20g -XX:+UseG1GC -classpath /home/anatole/ycsb/conf:/home/anatole/ycsb/core/target/core-0.18.0-SNAPSHOT.jar:/home/anatole/ycsb/core/target/dependency/HdrHistogram-2.1.4.jar:/home/anatole/ycsb/core/target/dependency/guava-18.0.jar:/home/anatole/ycsb/core/target/dependency/htrace-core4-4.1.0-incubating.jar:/home/anatole/ycsb/core/target/dependency/jackson-core-asl-1.9.4.jar:/home/anatole/ycsb/core/target/dependency/jackson-mapper-asl-1.9.4.jar:/home/anatole/ycsb/core/target/dependency/javax.persistence-api-2.2.jar:/home/anatole/ycsb/core/target/dependency/jnvm-1.0-SNAPSHOT.jar:/home/anatole/ycsb/core/target/dependency/pcj-1.0.jar:/home/anatole/ycsb/core/target/dependency/unsafe-helper-1.0.jar:/home/anatole/ycsb/infinispan/src/main/conf:/home/anatole/ycsb/infinispan/target/infinispan-binding-0.18.0-SNAPSHOT.jar:/home/anatole/ycsb/infinispan/target/dependency/caffeine-2.6.2.jar:/home/anatole/ycsb/infinispan/target/dependency/gson-2.8.2.jar:/home/anatole/ycsb/infinispan/target/dependency/guava-18.0.jar:/home/anatole/ycsb/infinispan/target/dependency/infinispan-cachestore-jnvm-1.0-SNAPSHOT.jar:/home/anatole/ycsb/infinispan/target/dependency/infinispan-cachestore-pcj-1.0-SNAPSHOT.jar:/home/anatole/ycsb/infinispan/target/dependency/infinispan-client-hotrod-9.4.20.Final.jar:/home/anatole/ycsb/infinispan/target/dependency/infinispan-commons-9.4.20.Final.jar:/home/anatole/ycsb/infinispan/target/dependency/infinispan-core-9.4.20.Final.jar:/home/anatole/ycsb/infinispan/target/dependency/javax.persistence-api-2.2.jar:/home/anatole/ycsb/infinispan/target/dependency/jboss-logging-3.3.2.Final.jar:/home/anatole/ycsb/infinispan/target/dependency/jboss-marshalling-osgi-2.0.6.Final.jar:/home/anatole/ycsb/infinispan/target/dependency/jboss-transaction-api_1.2_spec-1.1.1.Final.jar:/home/anatole/ycsb/infinispan/target/dependency/jgroups-4.0.21.Final.jar:/home/anatole/ycsb/infinispan/target/dependency/jnvm-1.0-SNAPSHOT.jar:/home/anatole/ycsb/infinispan/target/dependency/metainf-services-1.7.jar:/home/anatole/ycsb/infinispan/target/dependency/netty-buffer-4.1.51.Final.jar:/home/anatole/ycsb/infinispan/target/dependency/netty-codec-4.1.51.Final.jar:/home/anatole/ycsb/infinispan/target/dependency/netty-common-4.1.51.Final.jar:/home/anatole/ycsb/infinispan/target/dependency/netty-handler-4.1.51.Final.jar:/home/anatole/ycsb/infinispan/target/dependency/netty-resolver-4.1.51.Final.jar:/home/anatole/ycsb/infinispan/target/dependency/netty-transport-4.1.51.Final.jar:/home/anatole/ycsb/infinispan/target/dependency/netty-transport-native-epoll-4.1.51.Final-linux-x86_64.jar:/home/anatole/ycsb/infinispan/target/dependency/netty-transport-native-unix-common-4.1.51.Final.jar:/home/anatole/ycsb/infinispan/target/dependency/pcj-1.0.jar:/home/anatole/ycsb/infinispan/target/dependency/reactive-streams-1.0.2.jar:/home/anatole/ycsb/infinispan/target/dependency/rxjava-2.2.4.jar:/home/anatole/ycsb/infinispan/target/dependency/unsafe-helper-1.0.jar site.ycsb.Client -t -db site.ycsb.db.InfinispanClient -P ../workloads/workloadc -preload -s -threads 12 -p dataintegrity=true -p offheap=false -p pcj=false -p recordcount=1000000 -p operationcount=36000000 -p fieldcount=10 -p fieldlength=100 -p requestdistribution=zipfian -p measurement.trackjvm=true -p measurementtype=hdrhistogram -p hdrhistogram.output.path=./out/exp5.concurrent.ref/log/infinispan.run.workloadc.true.1000000.1000000.10.100.zipfian.12.true..default.default.none.r5.hdr.log
[OVERALL], RunTime(ms), 28172
[OVERALL], Throughput(ops/sec), 1313360.7837569218
[TOTAL_GCS_G1_Young_Generation], Count, 30
[TOTAL_GC_TIME_G1_Young_Generation], Time(ms), 2329
[TOTAL_GC_TIME_%_G1_Young_Generation], Time(%), 8.267073690188841
[TOTAL_GCS_G1_Old_Generation], Count, 0
[TOTAL_GC_TIME_G1_Old_Generation], Time(ms), 0
[TOTAL_GC_TIME_%_G1_Old_Generation], Time(%), 0.0
[TOTAL_GCs], Count, 30
[TOTAL_GC_TIME], Time(ms), 2329
[TOTAL_GC_TIME_%], Time(%), 8.267073690188841
[MAX_MEM_USED], MBs, 7733
[MIN_MEM_USED], MBs, 66
[MAX_THREADS], Count, 18
[MIN_THREADS], Count, 4
[MAX_SYS_LOAD_AVG], Load, 9.57
[MIN_SYS_LOAD_AVG], Load, 9.06
[THREAD_COUNT], Operations, 4
[THREAD_COUNT], AverageLatency(ns), 13.5
[THREAD_COUNT], MinLatency(ns), 4
[THREAD_COUNT], MaxLatency(ns), 18
[THREAD_COUNT], 95thPercentileLatency(ns), 18
[THREAD_COUNT], 99thPercentileLatency(ns), 18
[SYS_LOAD_AVG], Operations, 4
[SYS_LOAD_AVG], AverageLatency(ns), 9.0
[SYS_LOAD_AVG], MinLatency(ns), 9
[SYS_LOAD_AVG], MaxLatency(ns), 9
[SYS_LOAD_AVG], 95thPercentileLatency(ns), 9
[SYS_LOAD_AVG], 99thPercentileLatency(ns), 9
[LOAD], Operations, 12
[LOAD], AverageLatency(ns), 5.681790976E9
[LOAD], MinLatency(ns), 5487493120
[LOAD], MaxLatency(ns), 5849645055
[LOAD], 95thPercentileLatency(ns), 5840928767
[LOAD], 99thPercentileLatency(ns), 5849645055
[USED_MEM_MB], Operations, 4
[USED_MEM_MB], AverageLatency(ns), 5387.0
[USED_MEM_MB], MinLatency(ns), 66
[USED_MEM_MB], MaxLatency(ns), 7733
[USED_MEM_MB], 95thPercentileLatency(ns), 7733
[USED_MEM_MB], 99thPercentileLatency(ns), 7733
[MAIN_GCs_Count], Operations, 12
[MAIN_GCs_Count], AverageLatency(ns), 4.0
[MAIN_GCs_Count], MinLatency(ns), 4
[MAIN_GCs_Count], MaxLatency(ns), 4
[MAIN_GCs_Count], 95thPercentileLatency(ns), 4
[MAIN_GCs_Count], 99thPercentileLatency(ns), 4
[MAIN_GCs_Time(ms)], Operations, 12
[MAIN_GCs_Time(ms)], AverageLatency(ns), 198.0
[MAIN_GCs_Time(ms)], MinLatency(ns), 198
[MAIN_GCs_Time(ms)], MaxLatency(ns), 198
[MAIN_GCs_Time(ms)], 95thPercentileLatency(ns), 198
[MAIN_GCs_Time(ms)], 99thPercentileLatency(ns), 198
[TRANSACTION], Operations, 12
[TRANSACTION], AverageLatency(ns), 2.0735787008E10
[TRANSACTION], MinLatency(ns), 20444086272
[TRANSACTION], MaxLatency(ns), 21042298879
[TRANSACTION], 95thPercentileLatency(ns), 20968898559
[TRANSACTION], 99thPercentileLatency(ns), 21042298879
[GCS_TIME], Operations, 4
[GCS_TIME], AverageLatency(ns), 582.25
[GCS_TIME], MinLatency(ns), 0
[GCS_TIME], MaxLatency(ns), 2266
[GCS_TIME], 95thPercentileLatency(ns), 2266
[GCS_TIME], 99thPercentileLatency(ns), 2266
[LOAD_GCs_Time(ms)], Operations, 12
[LOAD_GCs_Time(ms)], AverageLatency(ns), 2029.5
[LOAD_GCs_Time(ms)], MinLatency(ns), 1946
[LOAD_GCs_Time(ms)], MaxLatency(ns), 2113
[LOAD_GCs_Time(ms)], 95thPercentileLatency(ns), 2113
[LOAD_GCs_Time(ms)], 99thPercentileLatency(ns), 2113
[READ], Operations, 36000000
[READ], AverageLatency(ns), 5272.079376194444
[READ], MinLatency(ns), 187
[READ], MaxLatency(ns), 112333823
[READ], 95thPercentileLatency(ns), 39550
[READ], 99thPercentileLatency(ns), 50529
[READ], Return=OK, 36000000
[INIT], Operations, 12
[INIT], AverageLatency(ns), 6.739032746666666E8
[INIT], MinLatency(ns), 671670272
[INIT], MaxLatency(ns), 676782079
[INIT], 95thPercentileLatency(ns), 676052991
[INIT], 99thPercentileLatency(ns), 676782079
[GCS], Operations, 4
[GCS], AverageLatency(ns), 7.5
[GCS], MinLatency(ns), 0
[GCS], MaxLatency(ns), 28
[GCS], 95thPercentileLatency(ns), 28
[GCS], 99thPercentileLatency(ns), 28
[LOAD_GCs_Count], Operations, 12
[LOAD_GCs_Count], AverageLatency(ns), 24.5
[LOAD_GCs_Count], MinLatency(ns), 24
[LOAD_GCs_Count], MaxLatency(ns), 25
[LOAD_GCs_Count], 95thPercentileLatency(ns), 25
[LOAD_GCs_Count], 99thPercentileLatency(ns), 25
[CLEANUP], Operations, 12
[CLEANUP], AverageLatency(ns), 7.94057984E8
[CLEANUP], MinLatency(ns), 490414080
[CLEANUP], MaxLatency(ns), 1052635135
[CLEANUP], 95thPercentileLatency(ns), 1019359231
[CLEANUP], 99thPercentileLatency(ns), 1052635135
[INSERT], Operations, 1000000
[INSERT], AverageLatency(ns), 32288.292503
[INSERT], MinLatency(ns), 1850
[INSERT], MaxLatency(ns), 173709311
[INSERT], 95thPercentileLatency(ns), 27704
[INSERT], 99thPercentileLatency(ns), 62559
[INSERT], Return=OK, 1000000
