/home/anatole/jdk8u/build/linux-x86_64-normal-server-release/jdk/bin/java -Xmx20g -XX:+UseG1GC -classpath /home/anatole/ycsb/conf:/home/anatole/ycsb/core/target/core-0.18.0-SNAPSHOT.jar:/home/anatole/ycsb/core/target/dependency/HdrHistogram-2.1.4.jar:/home/anatole/ycsb/core/target/dependency/guava-18.0.jar:/home/anatole/ycsb/core/target/dependency/htrace-core4-4.1.0-incubating.jar:/home/anatole/ycsb/core/target/dependency/jackson-core-asl-1.9.4.jar:/home/anatole/ycsb/core/target/dependency/jackson-mapper-asl-1.9.4.jar:/home/anatole/ycsb/core/target/dependency/javax.persistence-api-2.2.jar:/home/anatole/ycsb/core/target/dependency/jnvm-1.0-SNAPSHOT.jar:/home/anatole/ycsb/core/target/dependency/pcj-1.0.jar:/home/anatole/ycsb/core/target/dependency/unsafe-helper-1.0.jar:/home/anatole/ycsb/infinispan/src/main/conf:/home/anatole/ycsb/infinispan/target/infinispan-binding-0.18.0-SNAPSHOT.jar:/home/anatole/ycsb/infinispan/target/dependency/caffeine-2.6.2.jar:/home/anatole/ycsb/infinispan/target/dependency/gson-2.8.2.jar:/home/anatole/ycsb/infinispan/target/dependency/guava-18.0.jar:/home/anatole/ycsb/infinispan/target/dependency/infinispan-cachestore-jnvm-1.0-SNAPSHOT.jar:/home/anatole/ycsb/infinispan/target/dependency/infinispan-cachestore-pcj-1.0-SNAPSHOT.jar:/home/anatole/ycsb/infinispan/target/dependency/infinispan-client-hotrod-9.4.20.Final.jar:/home/anatole/ycsb/infinispan/target/dependency/infinispan-commons-9.4.20.Final.jar:/home/anatole/ycsb/infinispan/target/dependency/infinispan-core-9.4.20.Final.jar:/home/anatole/ycsb/infinispan/target/dependency/javax.persistence-api-2.2.jar:/home/anatole/ycsb/infinispan/target/dependency/jboss-logging-3.3.2.Final.jar:/home/anatole/ycsb/infinispan/target/dependency/jboss-marshalling-osgi-2.0.6.Final.jar:/home/anatole/ycsb/infinispan/target/dependency/jboss-transaction-api_1.2_spec-1.1.1.Final.jar:/home/anatole/ycsb/infinispan/target/dependency/jgroups-4.0.21.Final.jar:/home/anatole/ycsb/infinispan/target/dependency/jnvm-1.0-SNAPSHOT.jar:/home/anatole/ycsb/infinispan/target/dependency/metainf-services-1.7.jar:/home/anatole/ycsb/infinispan/target/dependency/netty-buffer-4.1.51.Final.jar:/home/anatole/ycsb/infinispan/target/dependency/netty-codec-4.1.51.Final.jar:/home/anatole/ycsb/infinispan/target/dependency/netty-common-4.1.51.Final.jar:/home/anatole/ycsb/infinispan/target/dependency/netty-handler-4.1.51.Final.jar:/home/anatole/ycsb/infinispan/target/dependency/netty-resolver-4.1.51.Final.jar:/home/anatole/ycsb/infinispan/target/dependency/netty-transport-4.1.51.Final.jar:/home/anatole/ycsb/infinispan/target/dependency/netty-transport-native-epoll-4.1.51.Final-linux-x86_64.jar:/home/anatole/ycsb/infinispan/target/dependency/netty-transport-native-unix-common-4.1.51.Final.jar:/home/anatole/ycsb/infinispan/target/dependency/pcj-1.0.jar:/home/anatole/ycsb/infinispan/target/dependency/reactive-streams-1.0.2.jar:/home/anatole/ycsb/infinispan/target/dependency/rxjava-2.2.4.jar:/home/anatole/ycsb/infinispan/target/dependency/unsafe-helper-1.0.jar site.ycsb.Client -t -db site.ycsb.db.InfinispanJNVMClient -P ../workloads/workloadc -preload -s -threads 4 -p dataintegrity=true -p offheap=true -p pcj=false -p recordcount=1000000 -p operationcount=12000000 -p fieldcount=10 -p fieldlength=100 -p requestdistribution=zipfian -p measurement.trackjvm=true -p measurementtype=hdrhistogram -p hdrhistogram.output.path=./out/exp5.concurrent.ref/log/infinispan-jnvm.run.workloadc.true.1000000.1.10.100.zipfian.4.false..default.default.none.r1.hdr.log
[OVERALL], RunTime(ms), 27901
[OVERALL], Throughput(ops/sec), 465933.12067667826
[TOTAL_GCS_G1_Young_Generation], Count, 28
[TOTAL_GC_TIME_G1_Young_Generation], Time(ms), 2162
[TOTAL_GC_TIME_%_G1_Young_Generation], Time(%), 7.748826206945987
[TOTAL_GCS_G1_Old_Generation], Count, 0
[TOTAL_GC_TIME_G1_Old_Generation], Time(ms), 0
[TOTAL_GC_TIME_%_G1_Old_Generation], Time(%), 0.0
[TOTAL_GCs], Count, 28
[TOTAL_GC_TIME], Time(ms), 2162
[TOTAL_GC_TIME_%], Time(%), 7.748826206945987
[MAX_MEM_USED], MBs, 4844
[MIN_MEM_USED], MBs, 56
[MAX_THREADS], Count, 10
[MIN_THREADS], Count, 4
[MAX_SYS_LOAD_AVG], Load, 11.43
[MIN_SYS_LOAD_AVG], Load, 8.35
[THREAD_COUNT], Operations, 4
[THREAD_COUNT], AverageLatency(ns), 7.5
[THREAD_COUNT], MinLatency(ns), 4
[THREAD_COUNT], MaxLatency(ns), 10
[THREAD_COUNT], 95thPercentileLatency(ns), 10
[THREAD_COUNT], 99thPercentileLatency(ns), 10
[SYS_LOAD_AVG], Operations, 4
[SYS_LOAD_AVG], AverageLatency(ns), 9.5
[SYS_LOAD_AVG], MinLatency(ns), 8
[SYS_LOAD_AVG], MaxLatency(ns), 11
[SYS_LOAD_AVG], 95thPercentileLatency(ns), 11
[SYS_LOAD_AVG], 99thPercentileLatency(ns), 11
[LOAD], Operations, 4
[LOAD], AverageLatency(ns), 1.5774564352E10
[LOAD], MinLatency(ns), 15718481920
[LOAD], MaxLatency(ns), 15813902335
[LOAD], 95thPercentileLatency(ns), 15813902335
[LOAD], 99thPercentileLatency(ns), 15813902335
[USED_MEM_MB], Operations, 4
[USED_MEM_MB], AverageLatency(ns), 2922.75
[USED_MEM_MB], MinLatency(ns), 56
[USED_MEM_MB], MaxLatency(ns), 4844
[USED_MEM_MB], 95thPercentileLatency(ns), 4844
[USED_MEM_MB], 99thPercentileLatency(ns), 4844
[MAIN_GCs_Count], Operations, 4
[MAIN_GCs_Count], AverageLatency(ns), 3.0
[MAIN_GCs_Count], MinLatency(ns), 3
[MAIN_GCs_Count], MaxLatency(ns), 3
[MAIN_GCs_Count], 95thPercentileLatency(ns), 3
[MAIN_GCs_Count], 99thPercentileLatency(ns), 3
[MAIN_GCs_Time(ms)], Operations, 4
[MAIN_GCs_Time(ms)], AverageLatency(ns), 232.0
[MAIN_GCs_Time(ms)], MinLatency(ns), 232
[MAIN_GCs_Time(ms)], MaxLatency(ns), 232
[MAIN_GCs_Time(ms)], 95thPercentileLatency(ns), 232
[MAIN_GCs_Time(ms)], 99thPercentileLatency(ns), 232
[TRANSACTION], Operations, 4
[TRANSACTION], AverageLatency(ns), 1.0233413632E10
[TRANSACTION], MinLatency(ns), 10166403072
[TRANSACTION], MaxLatency(ns), 10340663295
[TRANSACTION], 95thPercentileLatency(ns), 10340663295
[TRANSACTION], 99thPercentileLatency(ns), 10340663295
[GCS_TIME], Operations, 4
[GCS_TIME], AverageLatency(ns), 540.5
[GCS_TIME], MinLatency(ns), 0
[GCS_TIME], MaxLatency(ns), 1132
[GCS_TIME], 95thPercentileLatency(ns), 1132
[GCS_TIME], 99thPercentileLatency(ns), 1132
[LOAD_GCs_Time(ms)], Operations, 4
[LOAD_GCs_Time(ms)], AverageLatency(ns), 1911.0
[LOAD_GCs_Time(ms)], MinLatency(ns), 1911
[LOAD_GCs_Time(ms)], MaxLatency(ns), 1911
[LOAD_GCs_Time(ms)], 95thPercentileLatency(ns), 1911
[LOAD_GCs_Time(ms)], 99thPercentileLatency(ns), 1911
[READ], Operations, 12000000
[READ], AverageLatency(ns), 2322.32784325
[READ], MinLatency(ns), 214
[READ], MaxLatency(ns), 156572671
[READ], 95thPercentileLatency(ns), 4356
[READ], 99thPercentileLatency(ns), 5820
[READ], Return=OK, 12000000
[INIT], Operations, 4
[INIT], AverageLatency(ns), 1.68111104E9
[INIT], MinLatency(ns), 1680687104
[INIT], MaxLatency(ns), 1681514495
[INIT], 95thPercentileLatency(ns), 1681514495
[INIT], 99thPercentileLatency(ns), 1681514495
[GCS], Operations, 4
[GCS], AverageLatency(ns), 7.0
[GCS], MinLatency(ns), 0
[GCS], MaxLatency(ns), 20
[GCS], 95thPercentileLatency(ns), 20
[GCS], 99thPercentileLatency(ns), 20
[LOAD_GCs_Count], Operations, 4
[LOAD_GCs_Count], AverageLatency(ns), 24.0
[LOAD_GCs_Count], MinLatency(ns), 24
[LOAD_GCs_Count], MaxLatency(ns), 24
[LOAD_GCs_Count], 95thPercentileLatency(ns), 24
[LOAD_GCs_Count], 99thPercentileLatency(ns), 24
[CLEANUP], Operations, 4
[CLEANUP], AverageLatency(ns), 1.09649468E8
[CLEANUP], MinLatency(ns), 5994976
[CLEANUP], MaxLatency(ns), 166197247
[CLEANUP], 95thPercentileLatency(ns), 166197247
[CLEANUP], 99thPercentileLatency(ns), 166197247
[INSERT], Operations, 1000000
[INSERT], AverageLatency(ns), 24153.413082
[INSERT], MinLatency(ns), 2863
[INSERT], MaxLatency(ns), 192840703
[INSERT], 95thPercentileLatency(ns), 20692
[INSERT], 99thPercentileLatency(ns), 57858
[INSERT], Return=OK, 1000000
