/home/anatole/jdk8u/build/linux-x86_64-normal-server-release/jdk/bin/java -Xmx20g -XX:+UseG1GC -classpath /home/anatole/ycsb/conf:/home/anatole/ycsb/core/target/core-0.18.0-SNAPSHOT.jar:/home/anatole/ycsb/core/target/dependency/HdrHistogram-2.1.4.jar:/home/anatole/ycsb/core/target/dependency/guava-18.0.jar:/home/anatole/ycsb/core/target/dependency/htrace-core4-4.1.0-incubating.jar:/home/anatole/ycsb/core/target/dependency/jackson-core-asl-1.9.4.jar:/home/anatole/ycsb/core/target/dependency/jackson-mapper-asl-1.9.4.jar:/home/anatole/ycsb/core/target/dependency/javax.persistence-api-2.2.jar:/home/anatole/ycsb/core/target/dependency/jnvm-1.0-SNAPSHOT.jar:/home/anatole/ycsb/core/target/dependency/pcj-1.0.jar:/home/anatole/ycsb/core/target/dependency/unsafe-helper-1.0.jar:/home/anatole/ycsb/infinispan/src/main/conf:/home/anatole/ycsb/infinispan/target/infinispan-binding-0.18.0-SNAPSHOT.jar:/home/anatole/ycsb/infinispan/target/dependency/caffeine-2.6.2.jar:/home/anatole/ycsb/infinispan/target/dependency/gson-2.8.2.jar:/home/anatole/ycsb/infinispan/target/dependency/guava-18.0.jar:/home/anatole/ycsb/infinispan/target/dependency/infinispan-cachestore-jnvm-1.0-SNAPSHOT.jar:/home/anatole/ycsb/infinispan/target/dependency/infinispan-cachestore-pcj-1.0-SNAPSHOT.jar:/home/anatole/ycsb/infinispan/target/dependency/infinispan-client-hotrod-9.4.20.Final.jar:/home/anatole/ycsb/infinispan/target/dependency/infinispan-commons-9.4.20.Final.jar:/home/anatole/ycsb/infinispan/target/dependency/infinispan-core-9.4.20.Final.jar:/home/anatole/ycsb/infinispan/target/dependency/javax.persistence-api-2.2.jar:/home/anatole/ycsb/infinispan/target/dependency/jboss-logging-3.3.2.Final.jar:/home/anatole/ycsb/infinispan/target/dependency/jboss-marshalling-osgi-2.0.6.Final.jar:/home/anatole/ycsb/infinispan/target/dependency/jboss-transaction-api_1.2_spec-1.1.1.Final.jar:/home/anatole/ycsb/infinispan/target/dependency/jgroups-4.0.21.Final.jar:/home/anatole/ycsb/infinispan/target/dependency/jnvm-1.0-SNAPSHOT.jar:/home/anatole/ycsb/infinispan/target/dependency/metainf-services-1.7.jar:/home/anatole/ycsb/infinispan/target/dependency/netty-buffer-4.1.51.Final.jar:/home/anatole/ycsb/infinispan/target/dependency/netty-codec-4.1.51.Final.jar:/home/anatole/ycsb/infinispan/target/dependency/netty-common-4.1.51.Final.jar:/home/anatole/ycsb/infinispan/target/dependency/netty-handler-4.1.51.Final.jar:/home/anatole/ycsb/infinispan/target/dependency/netty-resolver-4.1.51.Final.jar:/home/anatole/ycsb/infinispan/target/dependency/netty-transport-4.1.51.Final.jar:/home/anatole/ycsb/infinispan/target/dependency/netty-transport-native-epoll-4.1.51.Final-linux-x86_64.jar:/home/anatole/ycsb/infinispan/target/dependency/netty-transport-native-unix-common-4.1.51.Final.jar:/home/anatole/ycsb/infinispan/target/dependency/pcj-1.0.jar:/home/anatole/ycsb/infinispan/target/dependency/reactive-streams-1.0.2.jar:/home/anatole/ycsb/infinispan/target/dependency/rxjava-2.2.4.jar:/home/anatole/ycsb/infinispan/target/dependency/unsafe-helper-1.0.jar site.ycsb.Client -t -db site.ycsb.db.InfinispanJNVMClient -P ../workloads/workloadc -preload -s -threads 24 -p dataintegrity=true -p offheap=true -p pcj=false -p recordcount=1000000 -p operationcount=60000000 -p fieldcount=10 -p fieldlength=100 -p requestdistribution=zipfian -p measurement.trackjvm=true -p measurementtype=hdrhistogram -p hdrhistogram.output.path=./out/exp5.concurrent.ref/log/infinispan-jnvm.run.workloadc.true.1000000.1.10.100.zipfian.24.false..default.default.none.r2.hdr.log
[OVERALL], RunTime(ms), 73360
[OVERALL], Throughput(ops/sec), 831515.812431843
[TOTAL_GCS_G1_Young_Generation], Count, 34
[TOTAL_GC_TIME_G1_Young_Generation], Time(ms), 2176
[TOTAL_GC_TIME_%_G1_Young_Generation], Time(%), 2.966194111232279
[TOTAL_GCS_G1_Old_Generation], Count, 0
[TOTAL_GC_TIME_G1_Old_Generation], Time(ms), 0
[TOTAL_GC_TIME_%_G1_Old_Generation], Time(%), 0.0
[TOTAL_GCs], Count, 34
[TOTAL_GC_TIME], Time(ms), 2176
[TOTAL_GC_TIME_%], Time(%), 2.966194111232279
[MAX_MEM_USED], MBs, 14558
[MIN_MEM_USED], MBs, 84
[MAX_THREADS], Count, 30
[MIN_THREADS], Count, 4
[MAX_SYS_LOAD_AVG], Load, 16.31
[MIN_SYS_LOAD_AVG], Load, 11.73
[THREAD_COUNT], Operations, 9
[THREAD_COUNT], AverageLatency(ns), 26.666666666666668
[THREAD_COUNT], MinLatency(ns), 4
[THREAD_COUNT], MaxLatency(ns), 30
[THREAD_COUNT], 95thPercentileLatency(ns), 30
[THREAD_COUNT], 99thPercentileLatency(ns), 30
[SYS_LOAD_AVG], Operations, 9
[SYS_LOAD_AVG], AverageLatency(ns), 13.333333333333334
[SYS_LOAD_AVG], MinLatency(ns), 11
[SYS_LOAD_AVG], MaxLatency(ns), 16
[SYS_LOAD_AVG], 95thPercentileLatency(ns), 16
[SYS_LOAD_AVG], 99thPercentileLatency(ns), 16
[LOAD], Operations, 24
[LOAD], AverageLatency(ns), 1.6174107306666666E10
[LOAD], MinLatency(ns), 15538192384
[LOAD], MaxLatency(ns), 16481910783
[LOAD], 95thPercentileLatency(ns), 16454254591
[LOAD], 99thPercentileLatency(ns), 16481910783
[USED_MEM_MB], Operations, 9
[USED_MEM_MB], AverageLatency(ns), 6538.444444444444
[USED_MEM_MB], MinLatency(ns), 84
[USED_MEM_MB], MaxLatency(ns), 14558
[USED_MEM_MB], 95thPercentileLatency(ns), 14558
[USED_MEM_MB], 99thPercentileLatency(ns), 14558
[MAIN_GCs_Count], Operations, 24
[MAIN_GCs_Count], AverageLatency(ns), 8.625
[MAIN_GCs_Count], MinLatency(ns), 8
[MAIN_GCs_Count], MaxLatency(ns), 9
[MAIN_GCs_Count], 95thPercentileLatency(ns), 9
[MAIN_GCs_Count], 99thPercentileLatency(ns), 9
[MAIN_GCs_Time(ms)], Operations, 24
[MAIN_GCs_Time(ms)], AverageLatency(ns), 294.0
[MAIN_GCs_Time(ms)], MinLatency(ns), 274
[MAIN_GCs_Time(ms)], MaxLatency(ns), 306
[MAIN_GCs_Time(ms)], 95thPercentileLatency(ns), 306
[MAIN_GCs_Time(ms)], 99thPercentileLatency(ns), 306
[TRANSACTION], Operations, 24
[TRANSACTION], AverageLatency(ns), 5.4695307946666664E10
[TRANSACTION], MinLatency(ns), 53750005760
[TRANSACTION], MaxLatency(ns), 55059152895
[TRANSACTION], 95thPercentileLatency(ns), 55045259263
[TRANSACTION], 99thPercentileLatency(ns), 55059152895
[GCS_TIME], Operations, 9
[GCS_TIME], AverageLatency(ns), 241.77777777777777
[GCS_TIME], MinLatency(ns), 0
[GCS_TIME], MaxLatency(ns), 1068
[GCS_TIME], 95thPercentileLatency(ns), 1068
[GCS_TIME], 99thPercentileLatency(ns), 1068
[LOAD_GCs_Time(ms)], Operations, 24
[LOAD_GCs_Time(ms)], AverageLatency(ns), 1755.5
[LOAD_GCs_Time(ms)], MinLatency(ns), 1672
[LOAD_GCs_Time(ms)], MaxLatency(ns), 1839
[LOAD_GCs_Time(ms)], 95thPercentileLatency(ns), 1839
[LOAD_GCs_Time(ms)], 99thPercentileLatency(ns), 1839
[READ], Operations, 60000000
[READ], AverageLatency(ns), 19477.640467933332
[READ], MinLatency(ns), 295
[READ], MaxLatency(ns), 134916095
[READ], 95thPercentileLatency(ns), 148458
[READ], 99thPercentileLatency(ns), 176716
[READ], Return=OK, 60000000
[INIT], Operations, 24
[INIT], AverageLatency(ns), 1.6164662613333333E9
[INIT], MinLatency(ns), 1611849728
[INIT], MaxLatency(ns), 1621688319
[INIT], 95thPercentileLatency(ns), 1620893695
[INIT], 99thPercentileLatency(ns), 1621688319
[GCS], Operations, 9
[GCS], AverageLatency(ns), 3.7777777777777777
[GCS], MinLatency(ns), 0
[GCS], MaxLatency(ns), 20
[GCS], 95thPercentileLatency(ns), 20
[GCS], 99thPercentileLatency(ns), 20
[LOAD_GCs_Count], Operations, 24
[LOAD_GCs_Count], AverageLatency(ns), 22.5
[LOAD_GCs_Count], MinLatency(ns), 22
[LOAD_GCs_Count], MaxLatency(ns), 23
[LOAD_GCs_Count], 95thPercentileLatency(ns), 23
[LOAD_GCs_Count], 99thPercentileLatency(ns), 23
[CLEANUP], Operations, 24
[CLEANUP], AverageLatency(ns), 3.697924606666667E8
[CLEANUP], MinLatency(ns), 7375072
[CLEANUP], MaxLatency(ns), 1294295039
[CLEANUP], 95thPercentileLatency(ns), 765894655
[CLEANUP], 99thPercentileLatency(ns), 1294295039
[INSERT], Operations, 1000000
[INSERT], AverageLatency(ns), 145766.743182
[INSERT], MinLatency(ns), 5003
[INSERT], MaxLatency(ns), 185471999
[INSERT], 95thPercentileLatency(ns), 118884
[INSERT], 99thPercentileLatency(ns), 3516607
[INSERT], Return=OK, 1000000
