/home/anatole/jdk8u/build/linux-x86_64-normal-server-release/jdk/bin/java -Xmx20g -XX:+UseG1GC -classpath /home/anatole/ycsb/conf:/home/anatole/ycsb/core/target/core-0.18.0-SNAPSHOT.jar:/home/anatole/ycsb/core/target/dependency/HdrHistogram-2.1.4.jar:/home/anatole/ycsb/core/target/dependency/guava-18.0.jar:/home/anatole/ycsb/core/target/dependency/htrace-core4-4.1.0-incubating.jar:/home/anatole/ycsb/core/target/dependency/jackson-core-asl-1.9.4.jar:/home/anatole/ycsb/core/target/dependency/jackson-mapper-asl-1.9.4.jar:/home/anatole/ycsb/core/target/dependency/javax.persistence-api-2.2.jar:/home/anatole/ycsb/core/target/dependency/jnvm-1.0-SNAPSHOT.jar:/home/anatole/ycsb/core/target/dependency/pcj-1.0.jar:/home/anatole/ycsb/core/target/dependency/unsafe-helper-1.0.jar:/home/anatole/ycsb/infinispan/src/main/conf:/home/anatole/ycsb/infinispan/target/infinispan-binding-0.18.0-SNAPSHOT.jar:/home/anatole/ycsb/infinispan/target/dependency/caffeine-2.6.2.jar:/home/anatole/ycsb/infinispan/target/dependency/gson-2.8.2.jar:/home/anatole/ycsb/infinispan/target/dependency/guava-18.0.jar:/home/anatole/ycsb/infinispan/target/dependency/infinispan-cachestore-jnvm-1.0-SNAPSHOT.jar:/home/anatole/ycsb/infinispan/target/dependency/infinispan-cachestore-pcj-1.0-SNAPSHOT.jar:/home/anatole/ycsb/infinispan/target/dependency/infinispan-client-hotrod-9.4.20.Final.jar:/home/anatole/ycsb/infinispan/target/dependency/infinispan-commons-9.4.20.Final.jar:/home/anatole/ycsb/infinispan/target/dependency/infinispan-core-9.4.20.Final.jar:/home/anatole/ycsb/infinispan/target/dependency/javax.persistence-api-2.2.jar:/home/anatole/ycsb/infinispan/target/dependency/jboss-logging-3.3.2.Final.jar:/home/anatole/ycsb/infinispan/target/dependency/jboss-marshalling-osgi-2.0.6.Final.jar:/home/anatole/ycsb/infinispan/target/dependency/jboss-transaction-api_1.2_spec-1.1.1.Final.jar:/home/anatole/ycsb/infinispan/target/dependency/jgroups-4.0.21.Final.jar:/home/anatole/ycsb/infinispan/target/dependency/jnvm-1.0-SNAPSHOT.jar:/home/anatole/ycsb/infinispan/target/dependency/metainf-services-1.7.jar:/home/anatole/ycsb/infinispan/target/dependency/netty-buffer-4.1.51.Final.jar:/home/anatole/ycsb/infinispan/target/dependency/netty-codec-4.1.51.Final.jar:/home/anatole/ycsb/infinispan/target/dependency/netty-common-4.1.51.Final.jar:/home/anatole/ycsb/infinispan/target/dependency/netty-handler-4.1.51.Final.jar:/home/anatole/ycsb/infinispan/target/dependency/netty-resolver-4.1.51.Final.jar:/home/anatole/ycsb/infinispan/target/dependency/netty-transport-4.1.51.Final.jar:/home/anatole/ycsb/infinispan/target/dependency/netty-transport-native-epoll-4.1.51.Final-linux-x86_64.jar:/home/anatole/ycsb/infinispan/target/dependency/netty-transport-native-unix-common-4.1.51.Final.jar:/home/anatole/ycsb/infinispan/target/dependency/pcj-1.0.jar:/home/anatole/ycsb/infinispan/target/dependency/reactive-streams-1.0.2.jar:/home/anatole/ycsb/infinispan/target/dependency/rxjava-2.2.4.jar:/home/anatole/ycsb/infinispan/target/dependency/unsafe-helper-1.0.jar site.ycsb.Client -t -db site.ycsb.db.InfinispanJNVMClient -P ../workloads/workloada -preload -s -threads 40 -p dataintegrity=true -p offheap=true -p pcj=false -p recordcount=1000000 -p operationcount=60000000 -p fieldcount=10 -p fieldlength=100 -p requestdistribution=zipfian -p measurement.trackjvm=true -p measurementtype=hdrhistogram -p hdrhistogram.output.path=./out/exp5.concurrent.ref/log/infinispan-jnvm.run.workloada.true.1000000.1.10.100.zipfian.40.false..default.default.none.r2.hdr.log
[OVERALL], RunTime(ms), 134657
[OVERALL], Throughput(ops/sec), 453002.8145584708
[TOTAL_GCS_G1_Young_Generation], Count, 179
[TOTAL_GC_TIME_G1_Young_Generation], Time(ms), 34331
[TOTAL_GC_TIME_%_G1_Young_Generation], Time(%), 25.495146928863704
[TOTAL_GCS_G1_Old_Generation], Count, 0
[TOTAL_GC_TIME_G1_Old_Generation], Time(ms), 0
[TOTAL_GC_TIME_%_G1_Old_Generation], Time(%), 0.0
[TOTAL_GCs], Count, 179
[TOTAL_GC_TIME], Time(ms), 34331
[TOTAL_GC_TIME_%], Time(%), 25.495146928863704
[MAX_MEM_USED], MBs, 7494
[MIN_MEM_USED], MBs, 108
[MAX_THREADS], Count, 46
[MIN_THREADS], Count, 3
[MAX_SYS_LOAD_AVG], Load, 25.12
[MIN_SYS_LOAD_AVG], Load, 19.55
[THREAD_COUNT], Operations, 15
[THREAD_COUNT], AverageLatency(ns), 42.46666666666667
[THREAD_COUNT], MinLatency(ns), 3
[THREAD_COUNT], MaxLatency(ns), 46
[THREAD_COUNT], 95thPercentileLatency(ns), 46
[THREAD_COUNT], 99thPercentileLatency(ns), 46
[SYS_LOAD_AVG], Operations, 15
[SYS_LOAD_AVG], AverageLatency(ns), 21.6
[SYS_LOAD_AVG], MinLatency(ns), 19
[SYS_LOAD_AVG], MaxLatency(ns), 25
[SYS_LOAD_AVG], 95thPercentileLatency(ns), 24
[SYS_LOAD_AVG], 99thPercentileLatency(ns), 25
[LOAD], Operations, 40
[LOAD], AverageLatency(ns), 1.74380187648E10
[LOAD], MinLatency(ns), 17261133824
[LOAD], MaxLatency(ns), 17515282431
[LOAD], 95thPercentileLatency(ns), 17498636287
[LOAD], 99thPercentileLatency(ns), 17515282431
[USED_MEM_MB], Operations, 15
[USED_MEM_MB], AverageLatency(ns), 5084.933333333333
[USED_MEM_MB], MinLatency(ns), 108
[USED_MEM_MB], MaxLatency(ns), 7494
[USED_MEM_MB], 95thPercentileLatency(ns), 7365
[USED_MEM_MB], 99thPercentileLatency(ns), 7494
[MAIN_GCs_Count], Operations, 40
[MAIN_GCs_Count], AverageLatency(ns), 154.1
[MAIN_GCs_Count], MinLatency(ns), 152
[MAIN_GCs_Count], MaxLatency(ns), 155
[MAIN_GCs_Count], 95thPercentileLatency(ns), 155
[MAIN_GCs_Count], 99thPercentileLatency(ns), 155
[MAIN_GCs_Time(ms)], Operations, 40
[MAIN_GCs_Time(ms)], AverageLatency(ns), 32349.85
[MAIN_GCs_Time(ms)], MinLatency(ns), 31886
[MAIN_GCs_Time(ms)], MaxLatency(ns), 32525
[MAIN_GCs_Time(ms)], 95thPercentileLatency(ns), 32525
[MAIN_GCs_Time(ms)], 99thPercentileLatency(ns), 32525
[TRANSACTION], Operations, 40
[TRANSACTION], AverageLatency(ns), 1.149291855872E11
[TRANSACTION], MinLatency(ns), 113556586496
[TRANSACTION], MaxLatency(ns), 115300368383
[TRANSACTION], 95thPercentileLatency(ns), 115278348287
[TRANSACTION], 99thPercentileLatency(ns), 115300368383
[GCS_TIME], Operations, 15
[GCS_TIME], AverageLatency(ns), 2288.733333333333
[GCS_TIME], MinLatency(ns), 0
[GCS_TIME], MaxLatency(ns), 3002
[GCS_TIME], 95thPercentileLatency(ns), 2959
[GCS_TIME], 99thPercentileLatency(ns), 3002
[LOAD_GCs_Time(ms)], Operations, 40
[LOAD_GCs_Time(ms)], AverageLatency(ns), 1781.0
[LOAD_GCs_Time(ms)], MinLatency(ns), 1781
[LOAD_GCs_Time(ms)], MaxLatency(ns), 1781
[LOAD_GCs_Time(ms)], 95thPercentileLatency(ns), 1781
[LOAD_GCs_Time(ms)], 99thPercentileLatency(ns), 1781
[READ], Operations, 30002094
[READ], AverageLatency(ns), 60986.47706920057
[READ], MinLatency(ns), 358
[READ], MaxLatency(ns), 279076863
[READ], 95thPercentileLatency(ns), 332455
[READ], 99thPercentileLatency(ns), 390315
[READ], Return=OK, 30002094
[INIT], Operations, 40
[INIT], AverageLatency(ns), 1.5744436224E9
[INIT], MinLatency(ns), 1566605312
[INIT], MaxLatency(ns), 1583931391
[INIT], 95thPercentileLatency(ns), 1582571519
[INIT], 99thPercentileLatency(ns), 1583931391
[GCS], Operations, 15
[GCS], AverageLatency(ns), 11.933333333333334
[GCS], MinLatency(ns), 0
[GCS], MaxLatency(ns), 19
[GCS], 95thPercentileLatency(ns), 14
[GCS], 99thPercentileLatency(ns), 19
[LOAD_GCs_Count], Operations, 40
[LOAD_GCs_Count], AverageLatency(ns), 22.0
[LOAD_GCs_Count], MinLatency(ns), 22
[LOAD_GCs_Count], MaxLatency(ns), 22
[LOAD_GCs_Count], 95thPercentileLatency(ns), 22
[LOAD_GCs_Count], 99thPercentileLatency(ns), 22
[CLEANUP], Operations, 40
[CLEANUP], AverageLatency(ns), 3.78428544E8
[CLEANUP], MinLatency(ns), 8587520
[CLEANUP], MaxLatency(ns), 1695678463
[CLEANUP], 95thPercentileLatency(ns), 983097343
[CLEANUP], 99thPercentileLatency(ns), 1695678463
[INSERT], Operations, 1000000
[INSERT], AverageLatency(ns), 290596.04461
[INSERT], MinLatency(ns), 5182
[INSERT], MaxLatency(ns), 201317375
[INSERT], 95thPercentileLatency(ns), 541755
[INSERT], 99thPercentileLatency(ns), 4687327
[INSERT], Return=OK, 1000000
[UPDATE], Operations, 29997906
[UPDATE], AverageLatency(ns), 65846.66732054565
[UPDATE], MinLatency(ns), 507
[UPDATE], MaxLatency(ns), 279089151
[UPDATE], 95thPercentileLatency(ns), 336519
[UPDATE], 99thPercentileLatency(ns), 391849
[UPDATE], Return=OK, 29997906
