/home/anatole/jdk8u/build/linux-x86_64-normal-server-release/jdk/bin/java -Xmx20g -XX:+UseG1GC -classpath /home/anatole/ycsb/conf:/home/anatole/ycsb/core/target/core-0.18.0-SNAPSHOT.jar:/home/anatole/ycsb/core/target/dependency/HdrHistogram-2.1.4.jar:/home/anatole/ycsb/core/target/dependency/guava-18.0.jar:/home/anatole/ycsb/core/target/dependency/htrace-core4-4.1.0-incubating.jar:/home/anatole/ycsb/core/target/dependency/jackson-core-asl-1.9.4.jar:/home/anatole/ycsb/core/target/dependency/jackson-mapper-asl-1.9.4.jar:/home/anatole/ycsb/core/target/dependency/javax.persistence-api-2.2.jar:/home/anatole/ycsb/core/target/dependency/jnvm-1.0-SNAPSHOT.jar:/home/anatole/ycsb/core/target/dependency/pcj-1.0.jar:/home/anatole/ycsb/core/target/dependency/unsafe-helper-1.0.jar:/home/anatole/ycsb/infinispan/src/main/conf:/home/anatole/ycsb/infinispan/target/infinispan-binding-0.18.0-SNAPSHOT.jar:/home/anatole/ycsb/infinispan/target/dependency/caffeine-2.6.2.jar:/home/anatole/ycsb/infinispan/target/dependency/gson-2.8.2.jar:/home/anatole/ycsb/infinispan/target/dependency/guava-18.0.jar:/home/anatole/ycsb/infinispan/target/dependency/infinispan-cachestore-jnvm-1.0-SNAPSHOT.jar:/home/anatole/ycsb/infinispan/target/dependency/infinispan-cachestore-pcj-1.0-SNAPSHOT.jar:/home/anatole/ycsb/infinispan/target/dependency/infinispan-client-hotrod-9.4.20.Final.jar:/home/anatole/ycsb/infinispan/target/dependency/infinispan-commons-9.4.20.Final.jar:/home/anatole/ycsb/infinispan/target/dependency/infinispan-core-9.4.20.Final.jar:/home/anatole/ycsb/infinispan/target/dependency/javax.persistence-api-2.2.jar:/home/anatole/ycsb/infinispan/target/dependency/jboss-logging-3.3.2.Final.jar:/home/anatole/ycsb/infinispan/target/dependency/jboss-marshalling-osgi-2.0.6.Final.jar:/home/anatole/ycsb/infinispan/target/dependency/jboss-transaction-api_1.2_spec-1.1.1.Final.jar:/home/anatole/ycsb/infinispan/target/dependency/jgroups-4.0.21.Final.jar:/home/anatole/ycsb/infinispan/target/dependency/jnvm-1.0-SNAPSHOT.jar:/home/anatole/ycsb/infinispan/target/dependency/metainf-services-1.7.jar:/home/anatole/ycsb/infinispan/target/dependency/netty-buffer-4.1.51.Final.jar:/home/anatole/ycsb/infinispan/target/dependency/netty-codec-4.1.51.Final.jar:/home/anatole/ycsb/infinispan/target/dependency/netty-common-4.1.51.Final.jar:/home/anatole/ycsb/infinispan/target/dependency/netty-handler-4.1.51.Final.jar:/home/anatole/ycsb/infinispan/target/dependency/netty-resolver-4.1.51.Final.jar:/home/anatole/ycsb/infinispan/target/dependency/netty-transport-4.1.51.Final.jar:/home/anatole/ycsb/infinispan/target/dependency/netty-transport-native-epoll-4.1.51.Final-linux-x86_64.jar:/home/anatole/ycsb/infinispan/target/dependency/netty-transport-native-unix-common-4.1.51.Final.jar:/home/anatole/ycsb/infinispan/target/dependency/pcj-1.0.jar:/home/anatole/ycsb/infinispan/target/dependency/reactive-streams-1.0.2.jar:/home/anatole/ycsb/infinispan/target/dependency/rxjava-2.2.4.jar:/home/anatole/ycsb/infinispan/target/dependency/unsafe-helper-1.0.jar site.ycsb.Client -t -db site.ycsb.db.InfinispanClient -P ../workloads/workloada -preload -s -threads 20 -p dataintegrity=true -p offheap=false -p pcj=false -p recordcount=1000000 -p operationcount=60000000 -p fieldcount=10 -p fieldlength=100 -p requestdistribution=zipfian -p measurement.trackjvm=true -p measurementtype=hdrhistogram -p hdrhistogram.output.path=./out/exp5.concurrent.ref/log/infinispan.run.workloada.true.1000000.1000000.10.100.zipfian.20.true..default.default.none.r5.hdr.log
[OVERALL], RunTime(ms), 81280
[OVERALL], Throughput(ops/sec), 750492.125984252
[TOTAL_GCS_G1_Young_Generation], Count, 181
[TOTAL_GC_TIME_G1_Young_Generation], Time(ms), 29959
[TOTAL_GC_TIME_%_G1_Young_Generation], Time(%), 36.85900590551181
[TOTAL_GCS_G1_Old_Generation], Count, 0
[TOTAL_GC_TIME_G1_Old_Generation], Time(ms), 0
[TOTAL_GC_TIME_%_G1_Old_Generation], Time(%), 0.0
[TOTAL_GCs], Count, 181
[TOTAL_GC_TIME], Time(ms), 29959
[TOTAL_GC_TIME_%], Time(%), 36.85900590551181
[MAX_MEM_USED], MBs, 9519
[MIN_MEM_USED], MBs, 76
[MAX_THREADS], Count, 52
[MIN_THREADS], Count, 3
[MAX_SYS_LOAD_AVG], Load, 21.86
[MIN_SYS_LOAD_AVG], Load, 18.69
[THREAD_COUNT], Operations, 10
[THREAD_COUNT], AverageLatency(ns), 39.2
[THREAD_COUNT], MinLatency(ns), 3
[THREAD_COUNT], MaxLatency(ns), 52
[THREAD_COUNT], 95thPercentileLatency(ns), 52
[THREAD_COUNT], 99thPercentileLatency(ns), 52
[SYS_LOAD_AVG], Operations, 10
[SYS_LOAD_AVG], AverageLatency(ns), 19.6
[SYS_LOAD_AVG], MinLatency(ns), 18
[SYS_LOAD_AVG], MaxLatency(ns), 21
[SYS_LOAD_AVG], 95thPercentileLatency(ns), 21
[SYS_LOAD_AVG], 99thPercentileLatency(ns), 21
[LOAD], Operations, 20
[LOAD], AverageLatency(ns), 6.2230413312E9
[LOAD], MinLatency(ns), 5585272832
[LOAD], MaxLatency(ns), 6445465599
[LOAD], 95thPercentileLatency(ns), 6414008319
[LOAD], 99thPercentileLatency(ns), 6445465599
[USED_MEM_MB], Operations, 10
[USED_MEM_MB], AverageLatency(ns), 6860.6
[USED_MEM_MB], MinLatency(ns), 76
[USED_MEM_MB], MaxLatency(ns), 9519
[USED_MEM_MB], 95thPercentileLatency(ns), 9519
[USED_MEM_MB], 99thPercentileLatency(ns), 9519
[MAIN_GCs_Count], Operations, 20
[MAIN_GCs_Count], AverageLatency(ns), 153.15
[MAIN_GCs_Count], MinLatency(ns), 151
[MAIN_GCs_Count], MaxLatency(ns), 154
[MAIN_GCs_Count], 95thPercentileLatency(ns), 154
[MAIN_GCs_Count], 99thPercentileLatency(ns), 154
[MAIN_GCs_Time(ms)], Operations, 20
[MAIN_GCs_Time(ms)], AverageLatency(ns), 27547.05
[MAIN_GCs_Time(ms)], MinLatency(ns), 27197
[MAIN_GCs_Time(ms)], MaxLatency(ns), 27686
[MAIN_GCs_Time(ms)], 95thPercentileLatency(ns), 27686
[MAIN_GCs_Time(ms)], 99thPercentileLatency(ns), 27686
[TRANSACTION], Operations, 20
[TRANSACTION], AverageLatency(ns), 7.24877180928E10
[TRANSACTION], MinLatency(ns), 71480377344
[TRANSACTION], MaxLatency(ns), 73232547839
[TRANSACTION], 95thPercentileLatency(ns), 73127165951
[TRANSACTION], 99thPercentileLatency(ns), 73232547839
[GCS_TIME], Operations, 10
[GCS_TIME], AverageLatency(ns), 2995.9
[GCS_TIME], MinLatency(ns), 0
[GCS_TIME], MaxLatency(ns), 5248
[GCS_TIME], 95thPercentileLatency(ns), 5248
[GCS_TIME], 99thPercentileLatency(ns), 5248
[LOAD_GCs_Time(ms)], Operations, 20
[LOAD_GCs_Time(ms)], AverageLatency(ns), 1989.15
[LOAD_GCs_Time(ms)], MinLatency(ns), 1723
[LOAD_GCs_Time(ms)], MaxLatency(ns), 2079
[LOAD_GCs_Time(ms)], 95thPercentileLatency(ns), 2079
[LOAD_GCs_Time(ms)], 99thPercentileLatency(ns), 2079
[READ], Operations, 29995982
[READ], AverageLatency(ns), 16868.082484447415
[READ], MinLatency(ns), 223
[READ], MaxLatency(ns), 1138286591
[READ], 95thPercentileLatency(ns), 70164
[READ], 99thPercentileLatency(ns), 84618
[READ], Return=OK, 29995982
[INIT], Operations, 20
[INIT], AverageLatency(ns), 6.487977984E8
[INIT], MinLatency(ns), 644538368
[INIT], MaxLatency(ns), 653586431
[INIT], 95thPercentileLatency(ns), 653459455
[INIT], 99thPercentileLatency(ns), 653586431
[GCS], Operations, 10
[GCS], AverageLatency(ns), 18.1
[GCS], MinLatency(ns), 0
[GCS], MaxLatency(ns), 38
[GCS], 95thPercentileLatency(ns), 38
[GCS], 99thPercentileLatency(ns), 38
[LOAD_GCs_Count], Operations, 20
[LOAD_GCs_Count], AverageLatency(ns), 23.7
[LOAD_GCs_Count], MinLatency(ns), 22
[LOAD_GCs_Count], MaxLatency(ns), 25
[LOAD_GCs_Count], 95thPercentileLatency(ns), 25
[LOAD_GCs_Count], 99thPercentileLatency(ns), 25
[CLEANUP], Operations, 20
[CLEANUP], AverageLatency(ns), 1.604286464E9
[CLEANUP], MinLatency(ns), 869748736
[CLEANUP], MaxLatency(ns), 2432024575
[CLEANUP], 95thPercentileLatency(ns), 2340782079
[CLEANUP], 99thPercentileLatency(ns), 2432024575
[INSERT], Operations, 1000000
[INSERT], AverageLatency(ns), 61639.041179
[INSERT], MinLatency(ns), 1732
[INSERT], MaxLatency(ns), 312190975
[INSERT], 95thPercentileLatency(ns), 47280
[INSERT], 99thPercentileLatency(ns), 119944
[INSERT], Return=OK, 1000000
[UPDATE], Operations, 30004018
[UPDATE], AverageLatency(ns), 23992.705349563515
[UPDATE], MinLatency(ns), 1620
[UPDATE], MaxLatency(ns), 1138278399
[UPDATE], 95thPercentileLatency(ns), 73323
[UPDATE], 99thPercentileLatency(ns), 88858
[UPDATE], Return=OK, 30004018
