/home/anatole/jdk8u/build/linux-x86_64-normal-server-release/jdk/bin/java -Xmx20g -XX:+UseG1GC -classpath /home/anatole/ycsb/conf:/home/anatole/ycsb/core/target/core-0.18.0-SNAPSHOT.jar:/home/anatole/ycsb/core/target/dependency/HdrHistogram-2.1.4.jar:/home/anatole/ycsb/core/target/dependency/guava-18.0.jar:/home/anatole/ycsb/core/target/dependency/htrace-core4-4.1.0-incubating.jar:/home/anatole/ycsb/core/target/dependency/jackson-core-asl-1.9.4.jar:/home/anatole/ycsb/core/target/dependency/jackson-mapper-asl-1.9.4.jar:/home/anatole/ycsb/core/target/dependency/javax.persistence-api-2.2.jar:/home/anatole/ycsb/core/target/dependency/jnvm-1.0-SNAPSHOT.jar:/home/anatole/ycsb/core/target/dependency/pcj-1.0.jar:/home/anatole/ycsb/core/target/dependency/unsafe-helper-1.0.jar:/home/anatole/ycsb/infinispan/src/main/conf:/home/anatole/ycsb/infinispan/target/infinispan-binding-0.18.0-SNAPSHOT.jar:/home/anatole/ycsb/infinispan/target/dependency/caffeine-2.6.2.jar:/home/anatole/ycsb/infinispan/target/dependency/gson-2.8.2.jar:/home/anatole/ycsb/infinispan/target/dependency/guava-18.0.jar:/home/anatole/ycsb/infinispan/target/dependency/infinispan-cachestore-jnvm-1.0-SNAPSHOT.jar:/home/anatole/ycsb/infinispan/target/dependency/infinispan-cachestore-pcj-1.0-SNAPSHOT.jar:/home/anatole/ycsb/infinispan/target/dependency/infinispan-client-hotrod-9.4.20.Final.jar:/home/anatole/ycsb/infinispan/target/dependency/infinispan-commons-9.4.20.Final.jar:/home/anatole/ycsb/infinispan/target/dependency/infinispan-core-9.4.20.Final.jar:/home/anatole/ycsb/infinispan/target/dependency/javax.persistence-api-2.2.jar:/home/anatole/ycsb/infinispan/target/dependency/jboss-logging-3.3.2.Final.jar:/home/anatole/ycsb/infinispan/target/dependency/jboss-marshalling-osgi-2.0.6.Final.jar:/home/anatole/ycsb/infinispan/target/dependency/jboss-transaction-api_1.2_spec-1.1.1.Final.jar:/home/anatole/ycsb/infinispan/target/dependency/jgroups-4.0.21.Final.jar:/home/anatole/ycsb/infinispan/target/dependency/jnvm-1.0-SNAPSHOT.jar:/home/anatole/ycsb/infinispan/target/dependency/metainf-services-1.7.jar:/home/anatole/ycsb/infinispan/target/dependency/netty-buffer-4.1.51.Final.jar:/home/anatole/ycsb/infinispan/target/dependency/netty-codec-4.1.51.Final.jar:/home/anatole/ycsb/infinispan/target/dependency/netty-common-4.1.51.Final.jar:/home/anatole/ycsb/infinispan/target/dependency/netty-handler-4.1.51.Final.jar:/home/anatole/ycsb/infinispan/target/dependency/netty-resolver-4.1.51.Final.jar:/home/anatole/ycsb/infinispan/target/dependency/netty-transport-4.1.51.Final.jar:/home/anatole/ycsb/infinispan/target/dependency/netty-transport-native-epoll-4.1.51.Final-linux-x86_64.jar:/home/anatole/ycsb/infinispan/target/dependency/netty-transport-native-unix-common-4.1.51.Final.jar:/home/anatole/ycsb/infinispan/target/dependency/pcj-1.0.jar:/home/anatole/ycsb/infinispan/target/dependency/reactive-streams-1.0.2.jar:/home/anatole/ycsb/infinispan/target/dependency/rxjava-2.2.4.jar:/home/anatole/ycsb/infinispan/target/dependency/unsafe-helper-1.0.jar site.ycsb.Client -t -db site.ycsb.db.InfinispanClient -P ../workloads/workloadc -preload -s -threads 1 -p dataintegrity=true -p offheap=false -p pcj=false -p recordcount=1000000 -p operationcount=3000000 -p fieldcount=10 -p fieldlength=100 -p requestdistribution=zipfian -p measurement.trackjvm=true -p measurementtype=hdrhistogram -p hdrhistogram.output.path=./out/exp5.concurrent.ref/log/infinispan.run.workloadc.true.1000000.100000.10.100.zipfian.1.false..default.default.none.r1.hdr.log
[OVERALL], RunTime(ms), 104300
[OVERALL], Throughput(ops/sec), 38350.91083413231
[TOTAL_GCS_G1_Young_Generation], Count, 148
[TOTAL_GC_TIME_G1_Young_Generation], Time(ms), 3123
[TOTAL_GC_TIME_%_G1_Young_Generation], Time(%), 2.99424736337488
[TOTAL_GCS_G1_Old_Generation], Count, 0
[TOTAL_GC_TIME_G1_Old_Generation], Time(ms), 0
[TOTAL_GC_TIME_%_G1_Old_Generation], Time(%), 0.0
[TOTAL_GCs], Count, 148
[TOTAL_GC_TIME], Time(ms), 3123
[TOTAL_GC_TIME_%], Time(%), 2.99424736337488
[MAX_MEM_USED], MBs, 1639
[MIN_MEM_USED], MBs, 52
[MAX_THREADS], Count, 7
[MIN_THREADS], Count, 3
[MAX_SYS_LOAD_AVG], Load, 7.34
[MIN_SYS_LOAD_AVG], Load, 2.11
[THREAD_COUNT], Operations, 12
[THREAD_COUNT], AverageLatency(ns), 6.083333333333333
[THREAD_COUNT], MinLatency(ns), 3
[THREAD_COUNT], MaxLatency(ns), 7
[THREAD_COUNT], 95thPercentileLatency(ns), 7
[THREAD_COUNT], 99thPercentileLatency(ns), 7
[SYS_LOAD_AVG], Operations, 12
[SYS_LOAD_AVG], AverageLatency(ns), 3.5833333333333335
[SYS_LOAD_AVG], MinLatency(ns), 2
[SYS_LOAD_AVG], MaxLatency(ns), 7
[SYS_LOAD_AVG], 95thPercentileLatency(ns), 6
[SYS_LOAD_AVG], 99thPercentileLatency(ns), 7
[LOAD], Operations, 1
[LOAD], AverageLatency(ns), 4.3767693312E10
[LOAD], MinLatency(ns), 43767562240
[LOAD], MaxLatency(ns), 43767824383
[LOAD], 95thPercentileLatency(ns), 43767824383
[LOAD], 99thPercentileLatency(ns), 43767824383
[USED_MEM_MB], Operations, 12
[USED_MEM_MB], AverageLatency(ns), 1252.5
[USED_MEM_MB], MinLatency(ns), 52
[USED_MEM_MB], MaxLatency(ns), 1639
[USED_MEM_MB], 95thPercentileLatency(ns), 1576
[USED_MEM_MB], 99thPercentileLatency(ns), 1639
[MAIN_GCs_Count], Operations, 1
[MAIN_GCs_Count], AverageLatency(ns), 87.0
[MAIN_GCs_Count], MinLatency(ns), 87
[MAIN_GCs_Count], MaxLatency(ns), 87
[MAIN_GCs_Count], 95thPercentileLatency(ns), 87
[MAIN_GCs_Count], 99thPercentileLatency(ns), 87
[MAIN_GCs_Time(ms)], Operations, 1
[MAIN_GCs_Time(ms)], AverageLatency(ns), 1557.0
[MAIN_GCs_Time(ms)], MinLatency(ns), 1557
[MAIN_GCs_Time(ms)], MaxLatency(ns), 1557
[MAIN_GCs_Time(ms)], 95thPercentileLatency(ns), 1557
[MAIN_GCs_Time(ms)], 99thPercentileLatency(ns), 1557
[TRANSACTION], Operations, 1
[TRANSACTION], AverageLatency(ns), 5.9587821568E10
[TRANSACTION], MinLatency(ns), 59587690496
[TRANSACTION], MaxLatency(ns), 59587952639
[TRANSACTION], 95thPercentileLatency(ns), 59587952639
[TRANSACTION], 99thPercentileLatency(ns), 59587952639
[GCS_TIME], Operations, 12
[GCS_TIME], AverageLatency(ns), 260.25
[GCS_TIME], MinLatency(ns), 0
[GCS_TIME], MaxLatency(ns), 611
[GCS_TIME], 95thPercentileLatency(ns), 397
[GCS_TIME], 99thPercentileLatency(ns), 611
[LOAD_GCs_Time(ms)], Operations, 1
[LOAD_GCs_Time(ms)], AverageLatency(ns), 1522.0
[LOAD_GCs_Time(ms)], MinLatency(ns), 1522
[LOAD_GCs_Time(ms)], MaxLatency(ns), 1522
[LOAD_GCs_Time(ms)], 95thPercentileLatency(ns), 1522
[LOAD_GCs_Time(ms)], 99thPercentileLatency(ns), 1522
[READ], Operations, 3000000
[READ], AverageLatency(ns), 19163.940596
[READ], MinLatency(ns), 169
[READ], MaxLatency(ns), 138964991
[READ], 95thPercentileLatency(ns), 36979
[READ], 99thPercentileLatency(ns), 45316
[READ], Return=OK, 3000000
[INIT], Operations, 1
[INIT], AverageLatency(ns), 6.70312448E8
[INIT], MinLatency(ns), 670310400
[INIT], MaxLatency(ns), 670314495
[INIT], 95thPercentileLatency(ns), 670314495
[INIT], 99thPercentileLatency(ns), 670314495
[GCS], Operations, 12
[GCS], AverageLatency(ns), 12.333333333333334
[GCS], MinLatency(ns), 0
[GCS], MaxLatency(ns), 17
[GCS], 95thPercentileLatency(ns), 16
[GCS], 99thPercentileLatency(ns), 17
[LOAD_GCs_Count], Operations, 1
[LOAD_GCs_Count], AverageLatency(ns), 58.0
[LOAD_GCs_Count], MinLatency(ns), 58
[LOAD_GCs_Count], MaxLatency(ns), 58
[LOAD_GCs_Count], 95thPercentileLatency(ns), 58
[LOAD_GCs_Count], 99thPercentileLatency(ns), 58
[CLEANUP], Operations, 1
[CLEANUP], AverageLatency(ns), 1.74516736E8
[CLEANUP], MinLatency(ns), 174516224
[CLEANUP], MaxLatency(ns), 174517247
[CLEANUP], 95thPercentileLatency(ns), 174517247
[CLEANUP], 99thPercentileLatency(ns), 174517247
[INSERT], Operations, 1000000
[INSERT], AverageLatency(ns), 34950.244781
[INSERT], MinLatency(ns), 23082
[INSERT], MaxLatency(ns), 68304895
[INSERT], 95thPercentileLatency(ns), 40053
[INSERT], 99thPercentileLatency(ns), 46619
[INSERT], Return=OK, 1000000
