/home/anatole/jdk8u/build/linux-x86_64-normal-server-release/jdk/bin/java -Xmx20g -XX:+UseG1GC -classpath /home/anatole/ycsb/conf:/home/anatole/ycsb/core/target/core-0.18.0-SNAPSHOT.jar:/home/anatole/ycsb/core/target/dependency/HdrHistogram-2.1.4.jar:/home/anatole/ycsb/core/target/dependency/guava-18.0.jar:/home/anatole/ycsb/core/target/dependency/htrace-core4-4.1.0-incubating.jar:/home/anatole/ycsb/core/target/dependency/jackson-core-asl-1.9.4.jar:/home/anatole/ycsb/core/target/dependency/jackson-mapper-asl-1.9.4.jar:/home/anatole/ycsb/core/target/dependency/javax.persistence-api-2.2.jar:/home/anatole/ycsb/core/target/dependency/jnvm-1.0-SNAPSHOT.jar:/home/anatole/ycsb/core/target/dependency/pcj-1.0.jar:/home/anatole/ycsb/core/target/dependency/unsafe-helper-1.0.jar:/home/anatole/ycsb/infinispan/src/main/conf:/home/anatole/ycsb/infinispan/target/infinispan-binding-0.18.0-SNAPSHOT.jar:/home/anatole/ycsb/infinispan/target/dependency/caffeine-2.6.2.jar:/home/anatole/ycsb/infinispan/target/dependency/gson-2.8.2.jar:/home/anatole/ycsb/infinispan/target/dependency/guava-18.0.jar:/home/anatole/ycsb/infinispan/target/dependency/infinispan-cachestore-jnvm-1.0-SNAPSHOT.jar:/home/anatole/ycsb/infinispan/target/dependency/infinispan-cachestore-pcj-1.0-SNAPSHOT.jar:/home/anatole/ycsb/infinispan/target/dependency/infinispan-client-hotrod-9.4.20.Final.jar:/home/anatole/ycsb/infinispan/target/dependency/infinispan-commons-9.4.20.Final.jar:/home/anatole/ycsb/infinispan/target/dependency/infinispan-core-9.4.20.Final.jar:/home/anatole/ycsb/infinispan/target/dependency/javax.persistence-api-2.2.jar:/home/anatole/ycsb/infinispan/target/dependency/jboss-logging-3.3.2.Final.jar:/home/anatole/ycsb/infinispan/target/dependency/jboss-marshalling-osgi-2.0.6.Final.jar:/home/anatole/ycsb/infinispan/target/dependency/jboss-transaction-api_1.2_spec-1.1.1.Final.jar:/home/anatole/ycsb/infinispan/target/dependency/jgroups-4.0.21.Final.jar:/home/anatole/ycsb/infinispan/target/dependency/jnvm-1.0-SNAPSHOT.jar:/home/anatole/ycsb/infinispan/target/dependency/metainf-services-1.7.jar:/home/anatole/ycsb/infinispan/target/dependency/netty-buffer-4.1.51.Final.jar:/home/anatole/ycsb/infinispan/target/dependency/netty-codec-4.1.51.Final.jar:/home/anatole/ycsb/infinispan/target/dependency/netty-common-4.1.51.Final.jar:/home/anatole/ycsb/infinispan/target/dependency/netty-handler-4.1.51.Final.jar:/home/anatole/ycsb/infinispan/target/dependency/netty-resolver-4.1.51.Final.jar:/home/anatole/ycsb/infinispan/target/dependency/netty-transport-4.1.51.Final.jar:/home/anatole/ycsb/infinispan/target/dependency/netty-transport-native-epoll-4.1.51.Final-linux-x86_64.jar:/home/anatole/ycsb/infinispan/target/dependency/netty-transport-native-unix-common-4.1.51.Final.jar:/home/anatole/ycsb/infinispan/target/dependency/pcj-1.0.jar:/home/anatole/ycsb/infinispan/target/dependency/reactive-streams-1.0.2.jar:/home/anatole/ycsb/infinispan/target/dependency/rxjava-2.2.4.jar:/home/anatole/ycsb/infinispan/target/dependency/unsafe-helper-1.0.jar site.ycsb.Client -t -db site.ycsb.db.InfinispanClient -P ../workloads/workloada -preload -s -threads 16 -p dataintegrity=true -p offheap=false -p pcj=false -p recordcount=1000000 -p operationcount=48000000 -p fieldcount=10 -p fieldlength=100 -p requestdistribution=zipfian -p measurement.trackjvm=true -p measurementtype=hdrhistogram -p hdrhistogram.output.path=./out/exp5.concurrent.ref/log/infinispan.run.workloada.true.1000000.100000.10.100.zipfian.16.false..default.default.none.r4.hdr.log
[OVERALL], RunTime(ms), 307107
[OVERALL], Throughput(ops/sec), 159553.51066566375
[TOTAL_GCS_G1_Young_Generation], Count, 158
[TOTAL_GC_TIME_G1_Young_Generation], Time(ms), 21123
[TOTAL_GC_TIME_%_G1_Young_Generation], Time(%), 6.878058787328195
[TOTAL_GCS_G1_Old_Generation], Count, 0
[TOTAL_GC_TIME_G1_Old_Generation], Time(ms), 0
[TOTAL_GC_TIME_%_G1_Old_Generation], Time(%), 0.0
[TOTAL_GCs], Count, 158
[TOTAL_GC_TIME], Time(ms), 21123
[TOTAL_GC_TIME_%], Time(%), 6.878058787328195
[MAX_MEM_USED], MBs, 10950
[MIN_MEM_USED], MBs, 76
[MAX_THREADS], Count, 48
[MIN_THREADS], Count, 2
[MAX_SYS_LOAD_AVG], Load, 17.06
[MIN_SYS_LOAD_AVG], Load, 15.39
[THREAD_COUNT], Operations, 32
[THREAD_COUNT], AverageLatency(ns), 43.625
[THREAD_COUNT], MinLatency(ns), 2
[THREAD_COUNT], MaxLatency(ns), 48
[THREAD_COUNT], 95thPercentileLatency(ns), 48
[THREAD_COUNT], 99thPercentileLatency(ns), 48
[SYS_LOAD_AVG], Operations, 32
[SYS_LOAD_AVG], AverageLatency(ns), 15.5
[SYS_LOAD_AVG], MinLatency(ns), 15
[SYS_LOAD_AVG], MaxLatency(ns), 17
[SYS_LOAD_AVG], 95thPercentileLatency(ns), 16
[SYS_LOAD_AVG], 99thPercentileLatency(ns), 17
[LOAD], Operations, 16
[LOAD], AverageLatency(ns), 1.3308268544E10
[LOAD], MinLatency(ns), 12622233600
[LOAD], MaxLatency(ns), 13648068607
[LOAD], 95thPercentileLatency(ns), 13617004543
[LOAD], 99thPercentileLatency(ns), 13648068607
[USED_MEM_MB], Operations, 32
[USED_MEM_MB], AverageLatency(ns), 6701.03125
[USED_MEM_MB], MinLatency(ns), 76
[USED_MEM_MB], MaxLatency(ns), 10950
[USED_MEM_MB], 95thPercentileLatency(ns), 10293
[USED_MEM_MB], 99thPercentileLatency(ns), 10950
[MAIN_GCs_Count], Operations, 16
[MAIN_GCs_Count], AverageLatency(ns), 137.0
[MAIN_GCs_Count], MinLatency(ns), 136
[MAIN_GCs_Count], MaxLatency(ns), 138
[MAIN_GCs_Count], 95thPercentileLatency(ns), 137
[MAIN_GCs_Count], 99thPercentileLatency(ns), 138
[MAIN_GCs_Time(ms)], Operations, 16
[MAIN_GCs_Time(ms)], AverageLatency(ns), 19999.9375
[MAIN_GCs_Time(ms)], MinLatency(ns), 19839
[MAIN_GCs_Time(ms)], MaxLatency(ns), 20146
[MAIN_GCs_Time(ms)], 95thPercentileLatency(ns), 20001
[MAIN_GCs_Time(ms)], 99thPercentileLatency(ns), 20146
[TRANSACTION], Operations, 16
[TRANSACTION], AverageLatency(ns), 2.89745403904E11
[TRANSACTION], MinLatency(ns), 287790071808
[TRANSACTION], MaxLatency(ns), 292592549887
[TRANSACTION], 95thPercentileLatency(ns), 290919022591
[TRANSACTION], 99thPercentileLatency(ns), 292592549887
[GCS_TIME], Operations, 32
[GCS_TIME], AverageLatency(ns), 660.09375
[GCS_TIME], MinLatency(ns), 0
[GCS_TIME], MaxLatency(ns), 864
[GCS_TIME], 95thPercentileLatency(ns), 808
[GCS_TIME], 99thPercentileLatency(ns), 864
[LOAD_GCs_Time(ms)], Operations, 16
[LOAD_GCs_Time(ms)], AverageLatency(ns), 960.0
[LOAD_GCs_Time(ms)], MinLatency(ns), 960
[LOAD_GCs_Time(ms)], MaxLatency(ns), 960
[LOAD_GCs_Time(ms)], 95thPercentileLatency(ns), 960
[LOAD_GCs_Time(ms)], 99thPercentileLatency(ns), 960
[READ], Operations, 23996280
[READ], AverageLatency(ns), 53406.59532502538
[READ], MinLatency(ns), 190
[READ], MaxLatency(ns), 213644287
[READ], 95thPercentileLatency(ns), 163210
[READ], 99thPercentileLatency(ns), 220505
[READ], Return=OK, 23996280
[INIT], Operations, 16
[INIT], AverageLatency(ns), 6.75456256E8
[INIT], MinLatency(ns), 672722944
[INIT], MaxLatency(ns), 679493631
[INIT], 95thPercentileLatency(ns), 679362559
[INIT], 99thPercentileLatency(ns), 679493631
[GCS], Operations, 32
[GCS], AverageLatency(ns), 4.9375
[GCS], MinLatency(ns), 0
[GCS], MaxLatency(ns), 18
[GCS], 95thPercentileLatency(ns), 6
[GCS], 99thPercentileLatency(ns), 18
[LOAD_GCs_Count], Operations, 16
[LOAD_GCs_Count], AverageLatency(ns), 19.0
[LOAD_GCs_Count], MinLatency(ns), 19
[LOAD_GCs_Count], MaxLatency(ns), 19
[LOAD_GCs_Count], 95thPercentileLatency(ns), 19
[LOAD_GCs_Count], 99thPercentileLatency(ns), 19
[CLEANUP], Operations, 16
[CLEANUP], AverageLatency(ns), 2.909546104E9
[CLEANUP], MinLatency(ns), 65091328
[CLEANUP], MaxLatency(ns), 4848484351
[CLEANUP], 95thPercentileLatency(ns), 3683893247
[CLEANUP], 99thPercentileLatency(ns), 4848484351
[INSERT], Operations, 1000000
[INSERT], AverageLatency(ns), 197855.304954
[INSERT], MinLatency(ns), 24286
[INSERT], MaxLatency(ns), 523784191
[INSERT], 95thPercentileLatency(ns), 211548
[INSERT], 99thPercentileLatency(ns), 324843
[INSERT], Return=OK, 1000000
[UPDATE], Operations, 24003720
[UPDATE], AverageLatency(ns), 135305.03014128644
[UPDATE], MinLatency(ns), 23951
[UPDATE], MaxLatency(ns), 213715967
[UPDATE], 95thPercentileLatency(ns), 261355
[UPDATE], 99thPercentileLatency(ns), 337941
[UPDATE], Return=OK, 24003720
