/home/anatole/jdk8u/build/linux-x86_64-normal-server-release/jdk/bin/java -Xmx20g -XX:+UseG1GC -classpath /home/anatole/ycsb/conf:/home/anatole/ycsb/core/target/core-0.18.0-SNAPSHOT.jar:/home/anatole/ycsb/core/target/dependency/HdrHistogram-2.1.4.jar:/home/anatole/ycsb/core/target/dependency/guava-18.0.jar:/home/anatole/ycsb/core/target/dependency/htrace-core4-4.1.0-incubating.jar:/home/anatole/ycsb/core/target/dependency/jackson-core-asl-1.9.4.jar:/home/anatole/ycsb/core/target/dependency/jackson-mapper-asl-1.9.4.jar:/home/anatole/ycsb/core/target/dependency/javax.persistence-api-2.2.jar:/home/anatole/ycsb/core/target/dependency/jnvm-1.0-SNAPSHOT.jar:/home/anatole/ycsb/core/target/dependency/pcj-1.0.jar:/home/anatole/ycsb/core/target/dependency/unsafe-helper-1.0.jar:/home/anatole/ycsb/infinispan/src/main/conf:/home/anatole/ycsb/infinispan/target/infinispan-binding-0.18.0-SNAPSHOT.jar:/home/anatole/ycsb/infinispan/target/dependency/caffeine-2.6.2.jar:/home/anatole/ycsb/infinispan/target/dependency/gson-2.8.2.jar:/home/anatole/ycsb/infinispan/target/dependency/guava-18.0.jar:/home/anatole/ycsb/infinispan/target/dependency/infinispan-cachestore-jnvm-1.0-SNAPSHOT.jar:/home/anatole/ycsb/infinispan/target/dependency/infinispan-cachestore-pcj-1.0-SNAPSHOT.jar:/home/anatole/ycsb/infinispan/target/dependency/infinispan-client-hotrod-9.4.20.Final.jar:/home/anatole/ycsb/infinispan/target/dependency/infinispan-commons-9.4.20.Final.jar:/home/anatole/ycsb/infinispan/target/dependency/infinispan-core-9.4.20.Final.jar:/home/anatole/ycsb/infinispan/target/dependency/javax.persistence-api-2.2.jar:/home/anatole/ycsb/infinispan/target/dependency/jboss-logging-3.3.2.Final.jar:/home/anatole/ycsb/infinispan/target/dependency/jboss-marshalling-osgi-2.0.6.Final.jar:/home/anatole/ycsb/infinispan/target/dependency/jboss-transaction-api_1.2_spec-1.1.1.Final.jar:/home/anatole/ycsb/infinispan/target/dependency/jgroups-4.0.21.Final.jar:/home/anatole/ycsb/infinispan/target/dependency/jnvm-1.0-SNAPSHOT.jar:/home/anatole/ycsb/infinispan/target/dependency/metainf-services-1.7.jar:/home/anatole/ycsb/infinispan/target/dependency/netty-buffer-4.1.51.Final.jar:/home/anatole/ycsb/infinispan/target/dependency/netty-codec-4.1.51.Final.jar:/home/anatole/ycsb/infinispan/target/dependency/netty-common-4.1.51.Final.jar:/home/anatole/ycsb/infinispan/target/dependency/netty-handler-4.1.51.Final.jar:/home/anatole/ycsb/infinispan/target/dependency/netty-resolver-4.1.51.Final.jar:/home/anatole/ycsb/infinispan/target/dependency/netty-transport-4.1.51.Final.jar:/home/anatole/ycsb/infinispan/target/dependency/netty-transport-native-epoll-4.1.51.Final-linux-x86_64.jar:/home/anatole/ycsb/infinispan/target/dependency/netty-transport-native-unix-common-4.1.51.Final.jar:/home/anatole/ycsb/infinispan/target/dependency/pcj-1.0.jar:/home/anatole/ycsb/infinispan/target/dependency/reactive-streams-1.0.2.jar:/home/anatole/ycsb/infinispan/target/dependency/rxjava-2.2.4.jar:/home/anatole/ycsb/infinispan/target/dependency/unsafe-helper-1.0.jar site.ycsb.Client -t -db site.ycsb.db.InfinispanClient -P ../workloads/workloadc -preload -s -threads 8 -p dataintegrity=true -p offheap=false -p pcj=false -p recordcount=1000000 -p operationcount=24000000 -p fieldcount=10 -p fieldlength=100 -p requestdistribution=zipfian -p measurement.trackjvm=true -p measurementtype=hdrhistogram -p hdrhistogram.output.path=./out/exp5.concurrent.ref/log/infinispan.run.workloadc.true.1000000.100000.10.100.zipfian.8.false..default.default.none.r3.hdr.log
[OVERALL], RunTime(ms), 89925
[OVERALL], Throughput(ops/sec), 278009.4523213789
[TOTAL_GCS_G1_Young_Generation], Count, 50
[TOTAL_GC_TIME_G1_Young_Generation], Time(ms), 3843
[TOTAL_GC_TIME_%_G1_Young_Generation], Time(%), 4.273561301084237
[TOTAL_GCS_G1_Old_Generation], Count, 0
[TOTAL_GC_TIME_G1_Old_Generation], Time(ms), 0
[TOTAL_GC_TIME_%_G1_Old_Generation], Time(%), 0.0
[TOTAL_GCs], Count, 50
[TOTAL_GC_TIME], Time(ms), 3843
[TOTAL_GC_TIME_%], Time(%), 4.273561301084237
[MAX_MEM_USED], MBs, 11050
[MIN_MEM_USED], MBs, 62
[MAX_THREADS], Count, 14
[MIN_THREADS], Count, 3
[MAX_SYS_LOAD_AVG], Load, 9.32
[MIN_SYS_LOAD_AVG], Load, 7.49
[THREAD_COUNT], Operations, 10
[THREAD_COUNT], AverageLatency(ns), 12.4
[THREAD_COUNT], MinLatency(ns), 3
[THREAD_COUNT], MaxLatency(ns), 14
[THREAD_COUNT], 95thPercentileLatency(ns), 14
[THREAD_COUNT], 99thPercentileLatency(ns), 14
[SYS_LOAD_AVG], Operations, 10
[SYS_LOAD_AVG], AverageLatency(ns), 7.9
[SYS_LOAD_AVG], MinLatency(ns), 7
[SYS_LOAD_AVG], MaxLatency(ns), 9
[SYS_LOAD_AVG], 95thPercentileLatency(ns), 9
[SYS_LOAD_AVG], 99thPercentileLatency(ns), 9
[LOAD], Operations, 8
[LOAD], AverageLatency(ns), 1.2864618496E10
[LOAD], MinLatency(ns), 12755337216
[LOAD], MaxLatency(ns), 13088718847
[LOAD], 95thPercentileLatency(ns), 13088718847
[LOAD], 99thPercentileLatency(ns), 13088718847
[USED_MEM_MB], Operations, 10
[USED_MEM_MB], AverageLatency(ns), 4888.9
[USED_MEM_MB], MinLatency(ns), 62
[USED_MEM_MB], MaxLatency(ns), 11050
[USED_MEM_MB], 95thPercentileLatency(ns), 11050
[USED_MEM_MB], 99thPercentileLatency(ns), 11050
[MAIN_GCs_Count], Operations, 8
[MAIN_GCs_Count], AverageLatency(ns), 31.0
[MAIN_GCs_Count], MinLatency(ns), 31
[MAIN_GCs_Count], MaxLatency(ns), 31
[MAIN_GCs_Count], 95thPercentileLatency(ns), 31
[MAIN_GCs_Count], 99thPercentileLatency(ns), 31
[MAIN_GCs_Time(ms)], Operations, 8
[MAIN_GCs_Time(ms)], AverageLatency(ns), 2990.0
[MAIN_GCs_Time(ms)], MinLatency(ns), 2990
[MAIN_GCs_Time(ms)], MaxLatency(ns), 2990
[MAIN_GCs_Time(ms)], 95thPercentileLatency(ns), 2990
[MAIN_GCs_Time(ms)], 99thPercentileLatency(ns), 2990
[TRANSACTION], Operations, 8
[TRANSACTION], AverageLatency(ns), 7.487488E10
[TRANSACTION], MinLatency(ns), 74384932864
[TRANSACTION], MaxLatency(ns), 75984535551
[TRANSACTION], 95thPercentileLatency(ns), 75984535551
[TRANSACTION], 99thPercentileLatency(ns), 75984535551
[GCS_TIME], Operations, 10
[GCS_TIME], AverageLatency(ns), 384.3
[GCS_TIME], MinLatency(ns), 0
[GCS_TIME], MaxLatency(ns), 760
[GCS_TIME], 95thPercentileLatency(ns), 760
[GCS_TIME], 99thPercentileLatency(ns), 760
[LOAD_GCs_Time(ms)], Operations, 8
[LOAD_GCs_Time(ms)], AverageLatency(ns), 833.0
[LOAD_GCs_Time(ms)], MinLatency(ns), 833
[LOAD_GCs_Time(ms)], MaxLatency(ns), 833
[LOAD_GCs_Time(ms)], 95thPercentileLatency(ns), 833
[LOAD_GCs_Time(ms)], 99thPercentileLatency(ns), 833
[READ], Operations, 24000000
[READ], AverageLatency(ns), 23953.652415333334
[READ], MinLatency(ns), 187
[READ], MaxLatency(ns), 214807551
[READ], 95thPercentileLatency(ns), 48157
[READ], 99thPercentileLatency(ns), 58990
[READ], Return=OK, 24000000
[INIT], Operations, 8
[INIT], AverageLatency(ns), 6.69610496E8
[INIT], MinLatency(ns), 668082176
[INIT], MaxLatency(ns), 671289343
[INIT], 95thPercentileLatency(ns), 671289343
[INIT], 99thPercentileLatency(ns), 671289343
[GCS], Operations, 10
[GCS], AverageLatency(ns), 5.0
[GCS], MinLatency(ns), 0
[GCS], MaxLatency(ns), 18
[GCS], 95thPercentileLatency(ns), 18
[GCS], 99thPercentileLatency(ns), 18
[LOAD_GCs_Count], Operations, 8
[LOAD_GCs_Count], AverageLatency(ns), 18.0
[LOAD_GCs_Count], MinLatency(ns), 18
[LOAD_GCs_Count], MaxLatency(ns), 18
[LOAD_GCs_Count], 95thPercentileLatency(ns), 18
[LOAD_GCs_Count], 99thPercentileLatency(ns), 18
[CLEANUP], Operations, 8
[CLEANUP], AverageLatency(ns), 1.171541488E9
[CLEANUP], MinLatency(ns), 64040704
[CLEANUP], MaxLatency(ns), 1647575039
[CLEANUP], 95thPercentileLatency(ns), 1647575039
[CLEANUP], 99thPercentileLatency(ns), 1647575039
[INSERT], Operations, 1000000
[INSERT], AverageLatency(ns), 90544.035239
[INSERT], MinLatency(ns), 24433
[INSERT], MaxLatency(ns), 192687103
[INSERT], 95thPercentileLatency(ns), 98818
[INSERT], 99thPercentileLatency(ns), 133608
[INSERT], Return=OK, 1000000
