/home/anatole/jdk8u/build/linux-x86_64-normal-server-release/jdk/bin/java -Xmx20g -XX:+UseG1GC -classpath /home/anatole/ycsb/conf:/home/anatole/ycsb/core/target/core-0.18.0-SNAPSHOT.jar:/home/anatole/ycsb/core/target/dependency/HdrHistogram-2.1.4.jar:/home/anatole/ycsb/core/target/dependency/guava-18.0.jar:/home/anatole/ycsb/core/target/dependency/htrace-core4-4.1.0-incubating.jar:/home/anatole/ycsb/core/target/dependency/jackson-core-asl-1.9.4.jar:/home/anatole/ycsb/core/target/dependency/jackson-mapper-asl-1.9.4.jar:/home/anatole/ycsb/core/target/dependency/javax.persistence-api-2.2.jar:/home/anatole/ycsb/core/target/dependency/jnvm-1.0-SNAPSHOT.jar:/home/anatole/ycsb/core/target/dependency/pcj-1.0.jar:/home/anatole/ycsb/core/target/dependency/unsafe-helper-1.0.jar:/home/anatole/ycsb/infinispan/src/main/conf:/home/anatole/ycsb/infinispan/target/infinispan-binding-0.18.0-SNAPSHOT.jar:/home/anatole/ycsb/infinispan/target/dependency/caffeine-2.6.2.jar:/home/anatole/ycsb/infinispan/target/dependency/gson-2.8.2.jar:/home/anatole/ycsb/infinispan/target/dependency/guava-18.0.jar:/home/anatole/ycsb/infinispan/target/dependency/infinispan-cachestore-jnvm-1.0-SNAPSHOT.jar:/home/anatole/ycsb/infinispan/target/dependency/infinispan-cachestore-pcj-1.0-SNAPSHOT.jar:/home/anatole/ycsb/infinispan/target/dependency/infinispan-client-hotrod-9.4.20.Final.jar:/home/anatole/ycsb/infinispan/target/dependency/infinispan-commons-9.4.20.Final.jar:/home/anatole/ycsb/infinispan/target/dependency/infinispan-core-9.4.20.Final.jar:/home/anatole/ycsb/infinispan/target/dependency/javax.persistence-api-2.2.jar:/home/anatole/ycsb/infinispan/target/dependency/jboss-logging-3.3.2.Final.jar:/home/anatole/ycsb/infinispan/target/dependency/jboss-marshalling-osgi-2.0.6.Final.jar:/home/anatole/ycsb/infinispan/target/dependency/jboss-transaction-api_1.2_spec-1.1.1.Final.jar:/home/anatole/ycsb/infinispan/target/dependency/jgroups-4.0.21.Final.jar:/home/anatole/ycsb/infinispan/target/dependency/jnvm-1.0-SNAPSHOT.jar:/home/anatole/ycsb/infinispan/target/dependency/metainf-services-1.7.jar:/home/anatole/ycsb/infinispan/target/dependency/netty-buffer-4.1.51.Final.jar:/home/anatole/ycsb/infinispan/target/dependency/netty-codec-4.1.51.Final.jar:/home/anatole/ycsb/infinispan/target/dependency/netty-common-4.1.51.Final.jar:/home/anatole/ycsb/infinispan/target/dependency/netty-handler-4.1.51.Final.jar:/home/anatole/ycsb/infinispan/target/dependency/netty-resolver-4.1.51.Final.jar:/home/anatole/ycsb/infinispan/target/dependency/netty-transport-4.1.51.Final.jar:/home/anatole/ycsb/infinispan/target/dependency/netty-transport-native-epoll-4.1.51.Final-linux-x86_64.jar:/home/anatole/ycsb/infinispan/target/dependency/netty-transport-native-unix-common-4.1.51.Final.jar:/home/anatole/ycsb/infinispan/target/dependency/pcj-1.0.jar:/home/anatole/ycsb/infinispan/target/dependency/reactive-streams-1.0.2.jar:/home/anatole/ycsb/infinispan/target/dependency/rxjava-2.2.4.jar:/home/anatole/ycsb/infinispan/target/dependency/unsafe-helper-1.0.jar site.ycsb.Client -t -db site.ycsb.db.InfinispanJNVMClient -P ../workloads/workloadc -preload -s -threads 8 -p dataintegrity=true -p offheap=true -p pcj=false -p recordcount=1000000 -p operationcount=24000000 -p fieldcount=10 -p fieldlength=100 -p requestdistribution=zipfian -p measurement.trackjvm=true -p measurementtype=hdrhistogram -p hdrhistogram.output.path=./out/exp5.concurrent.ref/log/infinispan-jnvm.run.workloadc.true.1000000.1.10.100.zipfian.8.false..default.default.none.r2.hdr.log
[OVERALL], RunTime(ms), 26384
[OVERALL], Throughput(ops/sec), 947543.9660400243
[TOTAL_GCS_G1_Young_Generation], Count, 29
[TOTAL_GC_TIME_G1_Young_Generation], Time(ms), 2129
[TOTAL_GC_TIME_%_G1_Young_Generation], Time(%), 8.069284414796847
[TOTAL_GCS_G1_Old_Generation], Count, 0
[TOTAL_GC_TIME_G1_Old_Generation], Time(ms), 0
[TOTAL_GC_TIME_%_G1_Old_Generation], Time(%), 0.0
[TOTAL_GCs], Count, 29
[TOTAL_GC_TIME], Time(ms), 2129
[TOTAL_GC_TIME_%], Time(%), 8.069284414796847
[MAX_MEM_USED], MBs, 14086
[MIN_MEM_USED], MBs, 60
[MAX_THREADS], Count, 14
[MIN_THREADS], Count, 4
[MAX_SYS_LOAD_AVG], Load, 12.21
[MIN_SYS_LOAD_AVG], Load, 11.18
[THREAD_COUNT], Operations, 4
[THREAD_COUNT], AverageLatency(ns), 10.5
[THREAD_COUNT], MinLatency(ns), 4
[THREAD_COUNT], MaxLatency(ns), 14
[THREAD_COUNT], 95thPercentileLatency(ns), 14
[THREAD_COUNT], 99thPercentileLatency(ns), 14
[SYS_LOAD_AVG], Operations, 4
[SYS_LOAD_AVG], AverageLatency(ns), 11.25
[SYS_LOAD_AVG], MinLatency(ns), 11
[SYS_LOAD_AVG], MaxLatency(ns), 12
[SYS_LOAD_AVG], 95thPercentileLatency(ns), 12
[SYS_LOAD_AVG], 99thPercentileLatency(ns), 12
[LOAD], Operations, 8
[LOAD], AverageLatency(ns), 1.436758016E10
[LOAD], MinLatency(ns), 14334427136
[LOAD], MaxLatency(ns), 14404157439
[LOAD], 95thPercentileLatency(ns), 14404157439
[LOAD], 99thPercentileLatency(ns), 14404157439
[USED_MEM_MB], Operations, 4
[USED_MEM_MB], AverageLatency(ns), 6993.75
[USED_MEM_MB], MinLatency(ns), 60
[USED_MEM_MB], MaxLatency(ns), 14086
[USED_MEM_MB], 95thPercentileLatency(ns), 14086
[USED_MEM_MB], 99thPercentileLatency(ns), 14086
[MAIN_GCs_Count], Operations, 8
[MAIN_GCs_Count], AverageLatency(ns), 4.0
[MAIN_GCs_Count], MinLatency(ns), 4
[MAIN_GCs_Count], MaxLatency(ns), 4
[MAIN_GCs_Count], 95thPercentileLatency(ns), 4
[MAIN_GCs_Count], 99thPercentileLatency(ns), 4
[MAIN_GCs_Time(ms)], Operations, 8
[MAIN_GCs_Time(ms)], AverageLatency(ns), 216.0
[MAIN_GCs_Time(ms)], MinLatency(ns), 216
[MAIN_GCs_Time(ms)], MaxLatency(ns), 216
[MAIN_GCs_Time(ms)], 95thPercentileLatency(ns), 216
[MAIN_GCs_Time(ms)], 99thPercentileLatency(ns), 216
[TRANSACTION], Operations, 8
[TRANSACTION], AverageLatency(ns), 1.0048299008E10
[TRANSACTION], MinLatency(ns), 9900589056
[TRANSACTION], MaxLatency(ns), 10265165823
[TRANSACTION], 95thPercentileLatency(ns), 10265165823
[TRANSACTION], 99thPercentileLatency(ns), 10265165823
[GCS_TIME], Operations, 4
[GCS_TIME], AverageLatency(ns), 532.25
[GCS_TIME], MinLatency(ns), 0
[GCS_TIME], MaxLatency(ns), 1137
[GCS_TIME], 95thPercentileLatency(ns), 1137
[GCS_TIME], 99thPercentileLatency(ns), 1137
[LOAD_GCs_Time(ms)], Operations, 8
[LOAD_GCs_Time(ms)], AverageLatency(ns), 1896.0
[LOAD_GCs_Time(ms)], MinLatency(ns), 1896
[LOAD_GCs_Time(ms)], MaxLatency(ns), 1896
[LOAD_GCs_Time(ms)], 95thPercentileLatency(ns), 1896
[LOAD_GCs_Time(ms)], 99thPercentileLatency(ns), 1896
[READ], Operations, 24000000
[READ], AverageLatency(ns), 2008.212186625
[READ], MinLatency(ns), 229
[READ], MaxLatency(ns), 139033599
[READ], 95thPercentileLatency(ns), 2208
[READ], 99thPercentileLatency(ns), 4621
[READ], Return=OK, 24000000
[INIT], Operations, 8
[INIT], AverageLatency(ns), 1.630716928E9
[INIT], MinLatency(ns), 1629437952
[INIT], MaxLatency(ns), 1632419839
[INIT], 95thPercentileLatency(ns), 1632419839
[INIT], 99thPercentileLatency(ns), 1632419839
[GCS], Operations, 4
[GCS], AverageLatency(ns), 7.25
[GCS], MinLatency(ns), 0
[GCS], MaxLatency(ns), 20
[GCS], 95thPercentileLatency(ns), 20
[GCS], 99thPercentileLatency(ns), 20
[LOAD_GCs_Count], Operations, 8
[LOAD_GCs_Count], AverageLatency(ns), 24.0
[LOAD_GCs_Count], MinLatency(ns), 24
[LOAD_GCs_Count], MaxLatency(ns), 24
[LOAD_GCs_Count], 95thPercentileLatency(ns), 24
[LOAD_GCs_Count], 99thPercentileLatency(ns), 24
[CLEANUP], Operations, 8
[CLEANUP], AverageLatency(ns), 2.22298226E8
[CLEANUP], MinLatency(ns), 7104768
[CLEANUP], MaxLatency(ns), 356038655
[CLEANUP], 95thPercentileLatency(ns), 356038655
[CLEANUP], 99thPercentileLatency(ns), 356038655
[INSERT], Operations, 1000000
[INSERT], AverageLatency(ns), 45299.770825
[INSERT], MinLatency(ns), 3155
[INSERT], MaxLatency(ns), 173991935
[INSERT], 95thPercentileLatency(ns), 35351
[INSERT], 99thPercentileLatency(ns), 282553
[INSERT], Return=OK, 1000000
