/home/anatole/jdk8u/build/linux-x86_64-normal-server-release/jdk/bin/java -Xmx20g -XX:+UseG1GC -classpath /home/anatole/ycsb/conf:/home/anatole/ycsb/core/target/core-0.18.0-SNAPSHOT.jar:/home/anatole/ycsb/core/target/dependency/HdrHistogram-2.1.4.jar:/home/anatole/ycsb/core/target/dependency/guava-18.0.jar:/home/anatole/ycsb/core/target/dependency/htrace-core4-4.1.0-incubating.jar:/home/anatole/ycsb/core/target/dependency/jackson-core-asl-1.9.4.jar:/home/anatole/ycsb/core/target/dependency/jackson-mapper-asl-1.9.4.jar:/home/anatole/ycsb/core/target/dependency/javax.persistence-api-2.2.jar:/home/anatole/ycsb/core/target/dependency/jnvm-1.0-SNAPSHOT.jar:/home/anatole/ycsb/core/target/dependency/pcj-1.0.jar:/home/anatole/ycsb/core/target/dependency/unsafe-helper-1.0.jar:/home/anatole/ycsb/infinispan/src/main/conf:/home/anatole/ycsb/infinispan/target/infinispan-binding-0.18.0-SNAPSHOT.jar:/home/anatole/ycsb/infinispan/target/dependency/caffeine-2.6.2.jar:/home/anatole/ycsb/infinispan/target/dependency/gson-2.8.2.jar:/home/anatole/ycsb/infinispan/target/dependency/guava-18.0.jar:/home/anatole/ycsb/infinispan/target/dependency/infinispan-cachestore-jnvm-1.0-SNAPSHOT.jar:/home/anatole/ycsb/infinispan/target/dependency/infinispan-cachestore-pcj-1.0-SNAPSHOT.jar:/home/anatole/ycsb/infinispan/target/dependency/infinispan-client-hotrod-9.4.20.Final.jar:/home/anatole/ycsb/infinispan/target/dependency/infinispan-commons-9.4.20.Final.jar:/home/anatole/ycsb/infinispan/target/dependency/infinispan-core-9.4.20.Final.jar:/home/anatole/ycsb/infinispan/target/dependency/javax.persistence-api-2.2.jar:/home/anatole/ycsb/infinispan/target/dependency/jboss-logging-3.3.2.Final.jar:/home/anatole/ycsb/infinispan/target/dependency/jboss-marshalling-osgi-2.0.6.Final.jar:/home/anatole/ycsb/infinispan/target/dependency/jboss-transaction-api_1.2_spec-1.1.1.Final.jar:/home/anatole/ycsb/infinispan/target/dependency/jgroups-4.0.21.Final.jar:/home/anatole/ycsb/infinispan/target/dependency/jnvm-1.0-SNAPSHOT.jar:/home/anatole/ycsb/infinispan/target/dependency/metainf-services-1.7.jar:/home/anatole/ycsb/infinispan/target/dependency/netty-buffer-4.1.51.Final.jar:/home/anatole/ycsb/infinispan/target/dependency/netty-codec-4.1.51.Final.jar:/home/anatole/ycsb/infinispan/target/dependency/netty-common-4.1.51.Final.jar:/home/anatole/ycsb/infinispan/target/dependency/netty-handler-4.1.51.Final.jar:/home/anatole/ycsb/infinispan/target/dependency/netty-resolver-4.1.51.Final.jar:/home/anatole/ycsb/infinispan/target/dependency/netty-transport-4.1.51.Final.jar:/home/anatole/ycsb/infinispan/target/dependency/netty-transport-native-epoll-4.1.51.Final-linux-x86_64.jar:/home/anatole/ycsb/infinispan/target/dependency/netty-transport-native-unix-common-4.1.51.Final.jar:/home/anatole/ycsb/infinispan/target/dependency/pcj-1.0.jar:/home/anatole/ycsb/infinispan/target/dependency/reactive-streams-1.0.2.jar:/home/anatole/ycsb/infinispan/target/dependency/rxjava-2.2.4.jar:/home/anatole/ycsb/infinispan/target/dependency/unsafe-helper-1.0.jar site.ycsb.Client -t -db site.ycsb.db.InfinispanClient -P ../workloads/workloada -preload -s -threads 12 -p dataintegrity=true -p offheap=false -p pcj=false -p recordcount=1000000 -p operationcount=36000000 -p fieldcount=10 -p fieldlength=100 -p requestdistribution=zipfian -p measurement.trackjvm=true -p measurementtype=hdrhistogram -p hdrhistogram.output.path=./out/exp5.concurrent.ref/log/infinispan.run.workloada.true.1000000.1000000.10.100.zipfian.12.true..default.default.none.r5.hdr.log
[OVERALL], RunTime(ms), 49125
[OVERALL], Throughput(ops/sec), 753180.6615776081
[TOTAL_GCS_G1_Young_Generation], Count, 117
[TOTAL_GC_TIME_G1_Young_Generation], Time(ms), 19516
[TOTAL_GC_TIME_%_G1_Young_Generation], Time(%), 39.72722646310432
[TOTAL_GCS_G1_Old_Generation], Count, 0
[TOTAL_GC_TIME_G1_Old_Generation], Time(ms), 0
[TOTAL_GC_TIME_%_G1_Old_Generation], Time(%), 0.0
[TOTAL_GCs], Count, 117
[TOTAL_GC_TIME], Time(ms), 19516
[TOTAL_GC_TIME_%], Time(%), 39.72722646310432
[MAX_MEM_USED], MBs, 9637
[MIN_MEM_USED], MBs, 66
[MAX_THREADS], Count, 44
[MIN_THREADS], Count, 4
[MAX_SYS_LOAD_AVG], Load, 23.54
[MIN_SYS_LOAD_AVG], Load, 21.7
[THREAD_COUNT], Operations, 6
[THREAD_COUNT], AverageLatency(ns), 32.333333333333336
[THREAD_COUNT], MinLatency(ns), 4
[THREAD_COUNT], MaxLatency(ns), 44
[THREAD_COUNT], 95thPercentileLatency(ns), 44
[THREAD_COUNT], 99thPercentileLatency(ns), 44
[SYS_LOAD_AVG], Operations, 6
[SYS_LOAD_AVG], AverageLatency(ns), 21.666666666666668
[SYS_LOAD_AVG], MinLatency(ns), 21
[SYS_LOAD_AVG], MaxLatency(ns), 23
[SYS_LOAD_AVG], 95thPercentileLatency(ns), 23
[SYS_LOAD_AVG], 99thPercentileLatency(ns), 23
[LOAD], Operations, 12
[LOAD], AverageLatency(ns), 5.711284906666667E9
[LOAD], MinLatency(ns), 5533892608
[LOAD], MaxLatency(ns), 5829722111
[LOAD], 95thPercentileLatency(ns), 5819596799
[LOAD], 99thPercentileLatency(ns), 5829722111
[USED_MEM_MB], Operations, 6
[USED_MEM_MB], AverageLatency(ns), 6022.0
[USED_MEM_MB], MinLatency(ns), 66
[USED_MEM_MB], MaxLatency(ns), 9637
[USED_MEM_MB], 95thPercentileLatency(ns), 9637
[USED_MEM_MB], 99thPercentileLatency(ns), 9637
[MAIN_GCs_Count], Operations, 12
[MAIN_GCs_Count], AverageLatency(ns), 90.16666666666667
[MAIN_GCs_Count], MinLatency(ns), 85
[MAIN_GCs_Count], MaxLatency(ns), 91
[MAIN_GCs_Count], 95thPercentileLatency(ns), 91
[MAIN_GCs_Count], 99thPercentileLatency(ns), 91
[MAIN_GCs_Time(ms)], Operations, 12
[MAIN_GCs_Time(ms)], AverageLatency(ns), 16993.583333333332
[MAIN_GCs_Time(ms)], MinLatency(ns), 14167
[MAIN_GCs_Time(ms)], MaxLatency(ns), 17386
[MAIN_GCs_Time(ms)], 95thPercentileLatency(ns), 17386
[MAIN_GCs_Time(ms)], 99thPercentileLatency(ns), 17386
[TRANSACTION], Operations, 12
[TRANSACTION], AverageLatency(ns), 4.1335412053333336E10
[TRANSACTION], MinLatency(ns), 37057200128
[TRANSACTION], MaxLatency(ns), 42065461247
[TRANSACTION], 95thPercentileLatency(ns), 42021945343
[TRANSACTION], 99thPercentileLatency(ns), 42065461247
[GCS_TIME], Operations, 6
[GCS_TIME], AverageLatency(ns), 3252.6666666666665
[GCS_TIME], MinLatency(ns), 0
[GCS_TIME], MaxLatency(ns), 4391
[GCS_TIME], 95thPercentileLatency(ns), 4391
[GCS_TIME], 99thPercentileLatency(ns), 4391
[LOAD_GCs_Time(ms)], Operations, 12
[LOAD_GCs_Time(ms)], AverageLatency(ns), 2056.0
[LOAD_GCs_Time(ms)], MinLatency(ns), 1946
[LOAD_GCs_Time(ms)], MaxLatency(ns), 2111
[LOAD_GCs_Time(ms)], 95thPercentileLatency(ns), 2111
[LOAD_GCs_Time(ms)], 99thPercentileLatency(ns), 2111
[READ], Operations, 18006381
[READ], AverageLatency(ns), 6354.108076908958
[READ], MinLatency(ns), 202
[READ], MaxLatency(ns), 1251246079
[READ], 95thPercentileLatency(ns), 22439
[READ], 99thPercentileLatency(ns), 35247
[READ], Return=OK, 18006381
[INIT], Operations, 12
[INIT], AverageLatency(ns), 6.268586666666666E8
[INIT], MinLatency(ns), 624926720
[INIT], MaxLatency(ns), 629641215
[INIT], 95thPercentileLatency(ns), 629637119
[INIT], 99thPercentileLatency(ns), 629641215
[GCS], Operations, 6
[GCS], AverageLatency(ns), 19.5
[GCS], MinLatency(ns), 0
[GCS], MaxLatency(ns), 40
[GCS], 95thPercentileLatency(ns), 40
[GCS], 99thPercentileLatency(ns), 40
[LOAD_GCs_Count], Operations, 12
[LOAD_GCs_Count], AverageLatency(ns), 24.666666666666668
[LOAD_GCs_Count], MinLatency(ns), 24
[LOAD_GCs_Count], MaxLatency(ns), 25
[LOAD_GCs_Count], 95thPercentileLatency(ns), 25
[LOAD_GCs_Count], 99thPercentileLatency(ns), 25
[CLEANUP], Operations, 12
[CLEANUP], AverageLatency(ns), 1.216963072E9
[CLEANUP], MinLatency(ns), 488605696
[CLEANUP], MaxLatency(ns), 5476909055
[CLEANUP], 95thPercentileLatency(ns), 2493890559
[CLEANUP], 99thPercentileLatency(ns), 5476909055
[INSERT], Operations, 1000000
[INSERT], AverageLatency(ns), 33375.425058
[INSERT], MinLatency(ns), 1960
[INSERT], MaxLatency(ns), 174606335
[INSERT], 95thPercentileLatency(ns), 29296
[INSERT], 99thPercentileLatency(ns), 62569
[INSERT], Return=OK, 1000000
[UPDATE], Operations, 17993619
[UPDATE], AverageLatency(ns), 13686.115639883228
[UPDATE], MinLatency(ns), 1324
[UPDATE], MaxLatency(ns), 1251237887
[UPDATE], 95thPercentileLatency(ns), 29241
[UPDATE], 99thPercentileLatency(ns), 48388
[UPDATE], Return=OK, 17993619
