/home/anatole/jdk8u/build/linux-x86_64-normal-server-release/jdk/bin/java -Xmx20g -XX:+UseG1GC -classpath /home/anatole/ycsb/conf:/home/anatole/ycsb/core/target/core-0.18.0-SNAPSHOT.jar:/home/anatole/ycsb/core/target/dependency/HdrHistogram-2.1.4.jar:/home/anatole/ycsb/core/target/dependency/guava-18.0.jar:/home/anatole/ycsb/core/target/dependency/htrace-core4-4.1.0-incubating.jar:/home/anatole/ycsb/core/target/dependency/jackson-core-asl-1.9.4.jar:/home/anatole/ycsb/core/target/dependency/jackson-mapper-asl-1.9.4.jar:/home/anatole/ycsb/core/target/dependency/javax.persistence-api-2.2.jar:/home/anatole/ycsb/core/target/dependency/jnvm-1.0-SNAPSHOT.jar:/home/anatole/ycsb/core/target/dependency/pcj-1.0.jar:/home/anatole/ycsb/core/target/dependency/unsafe-helper-1.0.jar:/home/anatole/ycsb/infinispan/src/main/conf:/home/anatole/ycsb/infinispan/target/infinispan-binding-0.18.0-SNAPSHOT.jar:/home/anatole/ycsb/infinispan/target/dependency/caffeine-2.6.2.jar:/home/anatole/ycsb/infinispan/target/dependency/gson-2.8.2.jar:/home/anatole/ycsb/infinispan/target/dependency/guava-18.0.jar:/home/anatole/ycsb/infinispan/target/dependency/infinispan-cachestore-jnvm-1.0-SNAPSHOT.jar:/home/anatole/ycsb/infinispan/target/dependency/infinispan-cachestore-pcj-1.0-SNAPSHOT.jar:/home/anatole/ycsb/infinispan/target/dependency/infinispan-client-hotrod-9.4.20.Final.jar:/home/anatole/ycsb/infinispan/target/dependency/infinispan-commons-9.4.20.Final.jar:/home/anatole/ycsb/infinispan/target/dependency/infinispan-core-9.4.20.Final.jar:/home/anatole/ycsb/infinispan/target/dependency/javax.persistence-api-2.2.jar:/home/anatole/ycsb/infinispan/target/dependency/jboss-logging-3.3.2.Final.jar:/home/anatole/ycsb/infinispan/target/dependency/jboss-marshalling-osgi-2.0.6.Final.jar:/home/anatole/ycsb/infinispan/target/dependency/jboss-transaction-api_1.2_spec-1.1.1.Final.jar:/home/anatole/ycsb/infinispan/target/dependency/jgroups-4.0.21.Final.jar:/home/anatole/ycsb/infinispan/target/dependency/jnvm-1.0-SNAPSHOT.jar:/home/anatole/ycsb/infinispan/target/dependency/metainf-services-1.7.jar:/home/anatole/ycsb/infinispan/target/dependency/netty-buffer-4.1.51.Final.jar:/home/anatole/ycsb/infinispan/target/dependency/netty-codec-4.1.51.Final.jar:/home/anatole/ycsb/infinispan/target/dependency/netty-common-4.1.51.Final.jar:/home/anatole/ycsb/infinispan/target/dependency/netty-handler-4.1.51.Final.jar:/home/anatole/ycsb/infinispan/target/dependency/netty-resolver-4.1.51.Final.jar:/home/anatole/ycsb/infinispan/target/dependency/netty-transport-4.1.51.Final.jar:/home/anatole/ycsb/infinispan/target/dependency/netty-transport-native-epoll-4.1.51.Final-linux-x86_64.jar:/home/anatole/ycsb/infinispan/target/dependency/netty-transport-native-unix-common-4.1.51.Final.jar:/home/anatole/ycsb/infinispan/target/dependency/pcj-1.0.jar:/home/anatole/ycsb/infinispan/target/dependency/reactive-streams-1.0.2.jar:/home/anatole/ycsb/infinispan/target/dependency/rxjava-2.2.4.jar:/home/anatole/ycsb/infinispan/target/dependency/unsafe-helper-1.0.jar site.ycsb.Client -t -db site.ycsb.db.InfinispanClient -P ../workloads/workloada -preload -s -threads 2 -p dataintegrity=true -p offheap=false -p pcj=false -p recordcount=1000000 -p operationcount=6000000 -p fieldcount=10 -p fieldlength=100 -p requestdistribution=zipfian -p measurement.trackjvm=true -p measurementtype=hdrhistogram -p hdrhistogram.output.path=./out/exp5.concurrent.ref/log/infinispan.run.workloada.true.1000000.100000.10.100.zipfian.2.false..default.default.none.r5.hdr.log
[OVERALL], RunTime(ms), 145590
[OVERALL], Throughput(ops/sec), 48080.225290198505
[TOTAL_GCS_G1_Young_Generation], Count, 60
[TOTAL_GC_TIME_G1_Young_Generation], Time(ms), 5704
[TOTAL_GC_TIME_%_G1_Young_Generation], Time(%), 3.9178515007898893
[TOTAL_GCS_G1_Old_Generation], Count, 0
[TOTAL_GC_TIME_G1_Old_Generation], Time(ms), 0
[TOTAL_GC_TIME_%_G1_Old_Generation], Time(%), 0.0
[TOTAL_GCs], Count, 60
[TOTAL_GC_TIME], Time(ms), 5704
[TOTAL_GC_TIME_%], Time(%), 3.9178515007898893
[MAX_MEM_USED], MBs, 5096
[MIN_MEM_USED], MBs, 52
[MAX_THREADS], Count, 34
[MIN_THREADS], Count, 3
[MAX_SYS_LOAD_AVG], Load, 2.21
[MIN_SYS_LOAD_AVG], Load, 2.02
[THREAD_COUNT], Operations, 16
[THREAD_COUNT], AverageLatency(ns), 25.5625
[THREAD_COUNT], MinLatency(ns), 3
[THREAD_COUNT], MaxLatency(ns), 34
[THREAD_COUNT], 95thPercentileLatency(ns), 34
[THREAD_COUNT], 99thPercentileLatency(ns), 34
[SYS_LOAD_AVG], Operations, 16
[SYS_LOAD_AVG], AverageLatency(ns), 2.0
[SYS_LOAD_AVG], MinLatency(ns), 2
[SYS_LOAD_AVG], MaxLatency(ns), 2
[SYS_LOAD_AVG], 95thPercentileLatency(ns), 2
[SYS_LOAD_AVG], 99thPercentileLatency(ns), 2
[LOAD], Operations, 2
[LOAD], AverageLatency(ns), 2.5272188928E10
[LOAD], MinLatency(ns), 25210912768
[LOAD], MaxLatency(ns), 25333465087
[LOAD], 95thPercentileLatency(ns), 25333465087
[LOAD], 99thPercentileLatency(ns), 25333465087
[USED_MEM_MB], Operations, 16
[USED_MEM_MB], AverageLatency(ns), 3180.5
[USED_MEM_MB], MinLatency(ns), 52
[USED_MEM_MB], MaxLatency(ns), 5096
[USED_MEM_MB], 95thPercentileLatency(ns), 4715
[USED_MEM_MB], 99thPercentileLatency(ns), 5096
[MAIN_GCs_Count], Operations, 2
[MAIN_GCs_Count], AverageLatency(ns), 36.5
[MAIN_GCs_Count], MinLatency(ns), 36
[MAIN_GCs_Count], MaxLatency(ns), 37
[MAIN_GCs_Count], 95thPercentileLatency(ns), 37
[MAIN_GCs_Count], 99thPercentileLatency(ns), 37
[MAIN_GCs_Time(ms)], Operations, 2
[MAIN_GCs_Time(ms)], AverageLatency(ns), 4553.5
[MAIN_GCs_Time(ms)], MinLatency(ns), 4486
[MAIN_GCs_Time(ms)], MaxLatency(ns), 4621
[MAIN_GCs_Time(ms)], 95thPercentileLatency(ns), 4621
[MAIN_GCs_Time(ms)], 99thPercentileLatency(ns), 4621
[TRANSACTION], Operations, 2
[TRANSACTION], AverageLatency(ns), 1.18768795648E11
[TRANSACTION], MinLatency(ns), 118052356096
[TRANSACTION], MaxLatency(ns), 119485235199
[TRANSACTION], 95thPercentileLatency(ns), 119485235199
[TRANSACTION], 99thPercentileLatency(ns), 119485235199
[GCS_TIME], Operations, 16
[GCS_TIME], AverageLatency(ns), 356.5
[GCS_TIME], MinLatency(ns), 0
[GCS_TIME], MaxLatency(ns), 636
[GCS_TIME], 95thPercentileLatency(ns), 537
[GCS_TIME], 99thPercentileLatency(ns), 636
[LOAD_GCs_Time(ms)], Operations, 2
[LOAD_GCs_Time(ms)], AverageLatency(ns), 1061.0
[LOAD_GCs_Time(ms)], MinLatency(ns), 1061
[LOAD_GCs_Time(ms)], MaxLatency(ns), 1061
[LOAD_GCs_Time(ms)], 95thPercentileLatency(ns), 1061
[LOAD_GCs_Time(ms)], 99thPercentileLatency(ns), 1061
[READ], Operations, 2997412
[READ], AverageLatency(ns), 21835.5431855881
[READ], MinLatency(ns), 185
[READ], MaxLatency(ns), 212423679
[READ], 95thPercentileLatency(ns), 44698
[READ], 99thPercentileLatency(ns), 52921
[READ], Return=OK, 2997412
[INIT], Operations, 2
[INIT], AverageLatency(ns), 6.64469504E8
[INIT], MinLatency(ns), 664449024
[INIT], MaxLatency(ns), 664489983
[INIT], 95thPercentileLatency(ns), 664489983
[INIT], 99thPercentileLatency(ns), 664489983
[GCS], Operations, 16
[GCS], AverageLatency(ns), 3.75
[GCS], MinLatency(ns), 0
[GCS], MaxLatency(ns), 17
[GCS], 95thPercentileLatency(ns), 4
[GCS], 99thPercentileLatency(ns), 17
[LOAD_GCs_Count], Operations, 2
[LOAD_GCs_Count], AverageLatency(ns), 22.0
[LOAD_GCs_Count], MinLatency(ns), 22
[LOAD_GCs_Count], MaxLatency(ns), 22
[LOAD_GCs_Count], 95thPercentileLatency(ns), 22
[LOAD_GCs_Count], 99thPercentileLatency(ns), 22
[CLEANUP], Operations, 2
[CLEANUP], AverageLatency(ns), 7.75198784E8
[CLEANUP], MinLatency(ns), 65470464
[CLEANUP], MaxLatency(ns), 1484931071
[CLEANUP], 95thPercentileLatency(ns), 1484931071
[CLEANUP], 99thPercentileLatency(ns), 1484931071
[INSERT], Operations, 1000000
[INSERT], AverageLatency(ns), 40872.298978
[INSERT], MinLatency(ns), 23945
[INSERT], MaxLatency(ns), 93067263
[INSERT], 95thPercentileLatency(ns), 48218
[INSERT], 99thPercentileLatency(ns), 70457
[INSERT], Return=OK, 1000000
[UPDATE], Operations, 3002588
[UPDATE], AverageLatency(ns), 54569.26296614787
[UPDATE], MinLatency(ns), 22896
[UPDATE], MaxLatency(ns), 179103743
[UPDATE], 95thPercentileLatency(ns), 78628
[UPDATE], 99thPercentileLatency(ns), 92195
[UPDATE], Return=OK, 3002588
