/home/anatole/jdk8u/build/linux-x86_64-normal-server-release/jdk/bin/java -Xmx20g -XX:+UseG1GC -classpath /home/anatole/ycsb/conf:/home/anatole/ycsb/core/target/core-0.18.0-SNAPSHOT.jar:/home/anatole/ycsb/core/target/dependency/HdrHistogram-2.1.4.jar:/home/anatole/ycsb/core/target/dependency/guava-18.0.jar:/home/anatole/ycsb/core/target/dependency/htrace-core4-4.1.0-incubating.jar:/home/anatole/ycsb/core/target/dependency/jackson-core-asl-1.9.4.jar:/home/anatole/ycsb/core/target/dependency/jackson-mapper-asl-1.9.4.jar:/home/anatole/ycsb/core/target/dependency/javax.persistence-api-2.2.jar:/home/anatole/ycsb/core/target/dependency/jnvm-1.0-SNAPSHOT.jar:/home/anatole/ycsb/core/target/dependency/pcj-1.0.jar:/home/anatole/ycsb/core/target/dependency/unsafe-helper-1.0.jar:/home/anatole/ycsb/infinispan/src/main/conf:/home/anatole/ycsb/infinispan/target/infinispan-binding-0.18.0-SNAPSHOT.jar:/home/anatole/ycsb/infinispan/target/dependency/caffeine-2.6.2.jar:/home/anatole/ycsb/infinispan/target/dependency/gson-2.8.2.jar:/home/anatole/ycsb/infinispan/target/dependency/guava-18.0.jar:/home/anatole/ycsb/infinispan/target/dependency/infinispan-cachestore-jnvm-1.0-SNAPSHOT.jar:/home/anatole/ycsb/infinispan/target/dependency/infinispan-cachestore-pcj-1.0-SNAPSHOT.jar:/home/anatole/ycsb/infinispan/target/dependency/infinispan-client-hotrod-9.4.20.Final.jar:/home/anatole/ycsb/infinispan/target/dependency/infinispan-commons-9.4.20.Final.jar:/home/anatole/ycsb/infinispan/target/dependency/infinispan-core-9.4.20.Final.jar:/home/anatole/ycsb/infinispan/target/dependency/javax.persistence-api-2.2.jar:/home/anatole/ycsb/infinispan/target/dependency/jboss-logging-3.3.2.Final.jar:/home/anatole/ycsb/infinispan/target/dependency/jboss-marshalling-osgi-2.0.6.Final.jar:/home/anatole/ycsb/infinispan/target/dependency/jboss-transaction-api_1.2_spec-1.1.1.Final.jar:/home/anatole/ycsb/infinispan/target/dependency/jgroups-4.0.21.Final.jar:/home/anatole/ycsb/infinispan/target/dependency/jnvm-1.0-SNAPSHOT.jar:/home/anatole/ycsb/infinispan/target/dependency/metainf-services-1.7.jar:/home/anatole/ycsb/infinispan/target/dependency/netty-buffer-4.1.51.Final.jar:/home/anatole/ycsb/infinispan/target/dependency/netty-codec-4.1.51.Final.jar:/home/anatole/ycsb/infinispan/target/dependency/netty-common-4.1.51.Final.jar:/home/anatole/ycsb/infinispan/target/dependency/netty-handler-4.1.51.Final.jar:/home/anatole/ycsb/infinispan/target/dependency/netty-resolver-4.1.51.Final.jar:/home/anatole/ycsb/infinispan/target/dependency/netty-transport-4.1.51.Final.jar:/home/anatole/ycsb/infinispan/target/dependency/netty-transport-native-epoll-4.1.51.Final-linux-x86_64.jar:/home/anatole/ycsb/infinispan/target/dependency/netty-transport-native-unix-common-4.1.51.Final.jar:/home/anatole/ycsb/infinispan/target/dependency/pcj-1.0.jar:/home/anatole/ycsb/infinispan/target/dependency/reactive-streams-1.0.2.jar:/home/anatole/ycsb/infinispan/target/dependency/rxjava-2.2.4.jar:/home/anatole/ycsb/infinispan/target/dependency/unsafe-helper-1.0.jar site.ycsb.Client -t -db site.ycsb.db.InfinispanClient -P ../workloads/workloadc -preload -s -threads 8 -p dataintegrity=true -p offheap=false -p pcj=false -p recordcount=1000000 -p operationcount=24000000 -p fieldcount=10 -p fieldlength=100 -p requestdistribution=zipfian -p measurement.trackjvm=true -p measurementtype=hdrhistogram -p hdrhistogram.output.path=./out/exp5.concurrent.ref/log/infinispan.run.workloadc.true.1000000.1000000.10.100.zipfian.8.true..default.default.none.r2.hdr.log
[OVERALL], RunTime(ms), 19199
[OVERALL], Throughput(ops/sec), 1302151.1537059222
[TOTAL_GCS_G1_Young_Generation], Count, 31
[TOTAL_GC_TIME_G1_Young_Generation], Time(ms), 2513
[TOTAL_GC_TIME_%_G1_Young_Generation], Time(%), 13.08922339705193
[TOTAL_GCS_G1_Old_Generation], Count, 0
[TOTAL_GC_TIME_G1_Old_Generation], Time(ms), 0
[TOTAL_GC_TIME_%_G1_Old_Generation], Time(%), 0.0
[TOTAL_GCs], Count, 31
[TOTAL_GC_TIME], Time(ms), 2513
[TOTAL_GC_TIME_%], Time(%), 13.08922339705193
[MAX_MEM_USED], MBs, 8426
[MIN_MEM_USED], MBs, 64
[MAX_THREADS], Count, 14
[MIN_THREADS], Count, 4
[MAX_SYS_LOAD_AVG], Load, 9.54
[MIN_SYS_LOAD_AVG], Load, 9.32
[THREAD_COUNT], Operations, 3
[THREAD_COUNT], AverageLatency(ns), 9.333333333333334
[THREAD_COUNT], MinLatency(ns), 4
[THREAD_COUNT], MaxLatency(ns), 14
[THREAD_COUNT], 95thPercentileLatency(ns), 14
[THREAD_COUNT], 99thPercentileLatency(ns), 14
[SYS_LOAD_AVG], Operations, 3
[SYS_LOAD_AVG], AverageLatency(ns), 9.0
[SYS_LOAD_AVG], MinLatency(ns), 9
[SYS_LOAD_AVG], MaxLatency(ns), 9
[SYS_LOAD_AVG], 95thPercentileLatency(ns), 9
[SYS_LOAD_AVG], 99thPercentileLatency(ns), 9
[LOAD], Operations, 8
[LOAD], AverageLatency(ns), 5.492903936E9
[LOAD], MinLatency(ns), 5336825856
[LOAD], MaxLatency(ns), 5660082175
[LOAD], 95thPercentileLatency(ns), 5660082175
[LOAD], 99thPercentileLatency(ns), 5660082175
[USED_MEM_MB], Operations, 3
[USED_MEM_MB], AverageLatency(ns), 4527.0
[USED_MEM_MB], MinLatency(ns), 64
[USED_MEM_MB], MaxLatency(ns), 8426
[USED_MEM_MB], 95thPercentileLatency(ns), 8426
[USED_MEM_MB], 99thPercentileLatency(ns), 8426
[MAIN_GCs_Count], Operations, 8
[MAIN_GCs_Count], AverageLatency(ns), 4.375
[MAIN_GCs_Count], MinLatency(ns), 4
[MAIN_GCs_Count], MaxLatency(ns), 5
[MAIN_GCs_Count], 95thPercentileLatency(ns), 5
[MAIN_GCs_Count], 99thPercentileLatency(ns), 5
[MAIN_GCs_Time(ms)], Operations, 8
[MAIN_GCs_Time(ms)], AverageLatency(ns), 300.375
[MAIN_GCs_Time(ms)], MinLatency(ns), 273
[MAIN_GCs_Time(ms)], MaxLatency(ns), 346
[MAIN_GCs_Time(ms)], 95thPercentileLatency(ns), 346
[MAIN_GCs_Time(ms)], 99thPercentileLatency(ns), 346
[TRANSACTION], Operations, 8
[TRANSACTION], AverageLatency(ns), 1.1616026624E10
[TRANSACTION], MinLatency(ns), 11159207936
[TRANSACTION], MaxLatency(ns), 12299993087
[TRANSACTION], 95thPercentileLatency(ns), 12299993087
[TRANSACTION], 99thPercentileLatency(ns), 12299993087
[GCS_TIME], Operations, 3
[GCS_TIME], AverageLatency(ns), 837.6666666666666
[GCS_TIME], MinLatency(ns), 0
[GCS_TIME], MaxLatency(ns), 2314
[GCS_TIME], 95thPercentileLatency(ns), 2314
[GCS_TIME], 99thPercentileLatency(ns), 2314
[LOAD_GCs_Time(ms)], Operations, 8
[LOAD_GCs_Time(ms)], AverageLatency(ns), 2064.0
[LOAD_GCs_Time(ms)], MinLatency(ns), 1981
[LOAD_GCs_Time(ms)], MaxLatency(ns), 2147
[LOAD_GCs_Time(ms)], 95thPercentileLatency(ns), 2147
[LOAD_GCs_Time(ms)], 99thPercentileLatency(ns), 2147
[READ], Operations, 24000000
[READ], AverageLatency(ns), 2392.196706
[READ], MinLatency(ns), 191
[READ], MaxLatency(ns), 115911167
[READ], 95thPercentileLatency(ns), 15613
[READ], 99thPercentileLatency(ns), 28459
[READ], Return=OK, 24000000
[INIT], Operations, 8
[INIT], AverageLatency(ns), 6.49046528E8
[INIT], MinLatency(ns), 647868416
[INIT], MaxLatency(ns), 650928127
[INIT], 95thPercentileLatency(ns), 650928127
[INIT], 99thPercentileLatency(ns), 650928127
[GCS], Operations, 3
[GCS], AverageLatency(ns), 10.333333333333334
[GCS], MinLatency(ns), 0
[GCS], MaxLatency(ns), 28
[GCS], 95thPercentileLatency(ns), 28
[GCS], 99thPercentileLatency(ns), 28
[LOAD_GCs_Count], Operations, 8
[LOAD_GCs_Count], AverageLatency(ns), 24.5
[LOAD_GCs_Count], MinLatency(ns), 24
[LOAD_GCs_Count], MaxLatency(ns), 25
[LOAD_GCs_Count], 95thPercentileLatency(ns), 25
[LOAD_GCs_Count], 99thPercentileLatency(ns), 25
[CLEANUP], Operations, 8
[CLEANUP], AverageLatency(ns), 1.167124608E9
[CLEANUP], MinLatency(ns), 487583744
[CLEANUP], MaxLatency(ns), 1606967295
[CLEANUP], 95thPercentileLatency(ns), 1606967295
[CLEANUP], 99thPercentileLatency(ns), 1606967295
[INSERT], Operations, 1000000
[INSERT], AverageLatency(ns), 21730.988496
[INSERT], MinLatency(ns), 1828
[INSERT], MaxLatency(ns), 175875071
[INSERT], 95thPercentileLatency(ns), 13191
[INSERT], 99thPercentileLatency(ns), 40775
[INSERT], Return=OK, 1000000
