/home/anatole/jdk8u/build/linux-x86_64-normal-server-release/jdk/bin/java -Xmx20g -XX:+UseG1GC -classpath /home/anatole/ycsb/conf:/home/anatole/ycsb/core/target/core-0.18.0-SNAPSHOT.jar:/home/anatole/ycsb/core/target/dependency/HdrHistogram-2.1.4.jar:/home/anatole/ycsb/core/target/dependency/guava-18.0.jar:/home/anatole/ycsb/core/target/dependency/htrace-core4-4.1.0-incubating.jar:/home/anatole/ycsb/core/target/dependency/jackson-core-asl-1.9.4.jar:/home/anatole/ycsb/core/target/dependency/jackson-mapper-asl-1.9.4.jar:/home/anatole/ycsb/core/target/dependency/javax.persistence-api-2.2.jar:/home/anatole/ycsb/core/target/dependency/jnvm-1.0-SNAPSHOT.jar:/home/anatole/ycsb/core/target/dependency/pcj-1.0.jar:/home/anatole/ycsb/core/target/dependency/unsafe-helper-1.0.jar:/home/anatole/ycsb/infinispan/src/main/conf:/home/anatole/ycsb/infinispan/target/infinispan-binding-0.18.0-SNAPSHOT.jar:/home/anatole/ycsb/infinispan/target/dependency/caffeine-2.6.2.jar:/home/anatole/ycsb/infinispan/target/dependency/gson-2.8.2.jar:/home/anatole/ycsb/infinispan/target/dependency/guava-18.0.jar:/home/anatole/ycsb/infinispan/target/dependency/infinispan-cachestore-jnvm-1.0-SNAPSHOT.jar:/home/anatole/ycsb/infinispan/target/dependency/infinispan-cachestore-pcj-1.0-SNAPSHOT.jar:/home/anatole/ycsb/infinispan/target/dependency/infinispan-client-hotrod-9.4.20.Final.jar:/home/anatole/ycsb/infinispan/target/dependency/infinispan-commons-9.4.20.Final.jar:/home/anatole/ycsb/infinispan/target/dependency/infinispan-core-9.4.20.Final.jar:/home/anatole/ycsb/infinispan/target/dependency/javax.persistence-api-2.2.jar:/home/anatole/ycsb/infinispan/target/dependency/jboss-logging-3.3.2.Final.jar:/home/anatole/ycsb/infinispan/target/dependency/jboss-marshalling-osgi-2.0.6.Final.jar:/home/anatole/ycsb/infinispan/target/dependency/jboss-transaction-api_1.2_spec-1.1.1.Final.jar:/home/anatole/ycsb/infinispan/target/dependency/jgroups-4.0.21.Final.jar:/home/anatole/ycsb/infinispan/target/dependency/jnvm-1.0-SNAPSHOT.jar:/home/anatole/ycsb/infinispan/target/dependency/metainf-services-1.7.jar:/home/anatole/ycsb/infinispan/target/dependency/netty-buffer-4.1.51.Final.jar:/home/anatole/ycsb/infinispan/target/dependency/netty-codec-4.1.51.Final.jar:/home/anatole/ycsb/infinispan/target/dependency/netty-common-4.1.51.Final.jar:/home/anatole/ycsb/infinispan/target/dependency/netty-handler-4.1.51.Final.jar:/home/anatole/ycsb/infinispan/target/dependency/netty-resolver-4.1.51.Final.jar:/home/anatole/ycsb/infinispan/target/dependency/netty-transport-4.1.51.Final.jar:/home/anatole/ycsb/infinispan/target/dependency/netty-transport-native-epoll-4.1.51.Final-linux-x86_64.jar:/home/anatole/ycsb/infinispan/target/dependency/netty-transport-native-unix-common-4.1.51.Final.jar:/home/anatole/ycsb/infinispan/target/dependency/pcj-1.0.jar:/home/anatole/ycsb/infinispan/target/dependency/reactive-streams-1.0.2.jar:/home/anatole/ycsb/infinispan/target/dependency/rxjava-2.2.4.jar:/home/anatole/ycsb/infinispan/target/dependency/unsafe-helper-1.0.jar site.ycsb.Client -t -db site.ycsb.db.InfinispanJNVMClient -P ../workloads/workloadc -preload -s -threads 4 -p dataintegrity=true -p offheap=true -p pcj=false -p recordcount=1000000 -p operationcount=12000000 -p fieldcount=10 -p fieldlength=100 -p requestdistribution=zipfian -p measurement.trackjvm=true -p measurementtype=hdrhistogram -p hdrhistogram.output.path=./out/exp5.concurrent.ref/log/infinispan-jnvm.run.workloadc.true.1000000.1.10.100.zipfian.4.false..default.default.none.r3.hdr.log
[OVERALL], RunTime(ms), 27703
[OVERALL], Throughput(ops/sec), 469263.2566870014
[TOTAL_GCS_G1_Young_Generation], Count, 28
[TOTAL_GC_TIME_G1_Young_Generation], Time(ms), 2115
[TOTAL_GC_TIME_%_G1_Young_Generation], Time(%), 7.634552214561601
[TOTAL_GCS_G1_Old_Generation], Count, 0
[TOTAL_GC_TIME_G1_Old_Generation], Time(ms), 0
[TOTAL_GC_TIME_%_G1_Old_Generation], Time(%), 0.0
[TOTAL_GCs], Count, 28
[TOTAL_GC_TIME], Time(ms), 2115
[TOTAL_GC_TIME_%], Time(%), 7.634552214561601
[MAX_MEM_USED], MBs, 13752
[MIN_MEM_USED], MBs, 56
[MAX_THREADS], Count, 10
[MIN_THREADS], Count, 4
[MAX_SYS_LOAD_AVG], Load, 9.78
[MIN_SYS_LOAD_AVG], Load, 7.48
[THREAD_COUNT], Operations, 4
[THREAD_COUNT], AverageLatency(ns), 7.5
[THREAD_COUNT], MinLatency(ns), 4
[THREAD_COUNT], MaxLatency(ns), 10
[THREAD_COUNT], 95thPercentileLatency(ns), 10
[THREAD_COUNT], 99thPercentileLatency(ns), 10
[SYS_LOAD_AVG], Operations, 4
[SYS_LOAD_AVG], AverageLatency(ns), 7.75
[SYS_LOAD_AVG], MinLatency(ns), 7
[SYS_LOAD_AVG], MaxLatency(ns), 9
[SYS_LOAD_AVG], 95thPercentileLatency(ns), 9
[SYS_LOAD_AVG], 99thPercentileLatency(ns), 9
[LOAD], Operations, 4
[LOAD], AverageLatency(ns), 1.5782313984E10
[LOAD], MinLatency(ns), 15714025472
[LOAD], MaxLatency(ns), 15817113599
[LOAD], 95thPercentileLatency(ns), 15817113599
[LOAD], 99thPercentileLatency(ns), 15817113599
[USED_MEM_MB], Operations, 4
[USED_MEM_MB], AverageLatency(ns), 6022.5
[USED_MEM_MB], MinLatency(ns), 56
[USED_MEM_MB], MaxLatency(ns), 13752
[USED_MEM_MB], 95thPercentileLatency(ns), 13752
[USED_MEM_MB], 99thPercentileLatency(ns), 13752
[MAIN_GCs_Count], Operations, 4
[MAIN_GCs_Count], AverageLatency(ns), 3.0
[MAIN_GCs_Count], MinLatency(ns), 3
[MAIN_GCs_Count], MaxLatency(ns), 3
[MAIN_GCs_Count], 95thPercentileLatency(ns), 3
[MAIN_GCs_Count], 99thPercentileLatency(ns), 3
[MAIN_GCs_Time(ms)], Operations, 4
[MAIN_GCs_Time(ms)], AverageLatency(ns), 287.0
[MAIN_GCs_Time(ms)], MinLatency(ns), 287
[MAIN_GCs_Time(ms)], MaxLatency(ns), 287
[MAIN_GCs_Time(ms)], 95thPercentileLatency(ns), 287
[MAIN_GCs_Time(ms)], 99thPercentileLatency(ns), 287
[TRANSACTION], Operations, 4
[TRANSACTION], AverageLatency(ns), 1.0084368384E10
[TRANSACTION], MinLatency(ns), 9976348672
[TRANSACTION], MaxLatency(ns), 10170728447
[TRANSACTION], 95thPercentileLatency(ns), 10170728447
[TRANSACTION], 99thPercentileLatency(ns), 10170728447
[GCS_TIME], Operations, 4
[GCS_TIME], AverageLatency(ns), 528.75
[GCS_TIME], MinLatency(ns), 0
[GCS_TIME], MaxLatency(ns), 1071
[GCS_TIME], 95thPercentileLatency(ns), 1071
[GCS_TIME], 99thPercentileLatency(ns), 1071
[LOAD_GCs_Time(ms)], Operations, 4
[LOAD_GCs_Time(ms)], AverageLatency(ns), 1809.0
[LOAD_GCs_Time(ms)], MinLatency(ns), 1809
[LOAD_GCs_Time(ms)], MaxLatency(ns), 1809
[LOAD_GCs_Time(ms)], 95thPercentileLatency(ns), 1809
[LOAD_GCs_Time(ms)], 99thPercentileLatency(ns), 1809
[READ], Operations, 12000000
[READ], AverageLatency(ns), 2218.2071565833335
[READ], MinLatency(ns), 211
[READ], MaxLatency(ns), 153775103
[READ], 95thPercentileLatency(ns), 4177
[READ], 99thPercentileLatency(ns), 5655
[READ], Return=OK, 12000000
[INIT], Operations, 4
[INIT], AverageLatency(ns), 1.624795136E9
[INIT], MinLatency(ns), 1624547328
[INIT], MaxLatency(ns), 1625350143
[INIT], 95thPercentileLatency(ns), 1625350143
[INIT], 99thPercentileLatency(ns), 1625350143
[GCS], Operations, 4
[GCS], AverageLatency(ns), 7.0
[GCS], MinLatency(ns), 0
[GCS], MaxLatency(ns), 20
[GCS], 95thPercentileLatency(ns), 20
[GCS], 99thPercentileLatency(ns), 20
[LOAD_GCs_Count], Operations, 4
[LOAD_GCs_Count], AverageLatency(ns), 24.0
[LOAD_GCs_Count], MinLatency(ns), 24
[LOAD_GCs_Count], MaxLatency(ns), 24
[LOAD_GCs_Count], 95thPercentileLatency(ns), 24
[LOAD_GCs_Count], 99thPercentileLatency(ns), 24
[CLEANUP], Operations, 4
[CLEANUP], AverageLatency(ns), 8.9452356E7
[CLEANUP], MinLatency(ns), 5809024
[CLEANUP], MaxLatency(ns), 188782591
[CLEANUP], 95thPercentileLatency(ns), 188782591
[CLEANUP], 99thPercentileLatency(ns), 188782591
[INSERT], Operations, 1000000
[INSERT], AverageLatency(ns), 23684.661646
[INSERT], MinLatency(ns), 2977
[INSERT], MaxLatency(ns), 200513535
[INSERT], 95thPercentileLatency(ns), 20431
[INSERT], 99thPercentileLatency(ns), 56292
[INSERT], Return=OK, 1000000
