/home/anatole/jdk8u/build/linux-x86_64-normal-server-release/jdk/bin/java -Xmx20g -XX:+UseG1GC -classpath /home/anatole/ycsb/conf:/home/anatole/ycsb/core/target/core-0.18.0-SNAPSHOT.jar:/home/anatole/ycsb/core/target/dependency/HdrHistogram-2.1.4.jar:/home/anatole/ycsb/core/target/dependency/guava-18.0.jar:/home/anatole/ycsb/core/target/dependency/htrace-core4-4.1.0-incubating.jar:/home/anatole/ycsb/core/target/dependency/jackson-core-asl-1.9.4.jar:/home/anatole/ycsb/core/target/dependency/jackson-mapper-asl-1.9.4.jar:/home/anatole/ycsb/core/target/dependency/javax.persistence-api-2.2.jar:/home/anatole/ycsb/core/target/dependency/jnvm-1.0-SNAPSHOT.jar:/home/anatole/ycsb/core/target/dependency/pcj-1.0.jar:/home/anatole/ycsb/core/target/dependency/unsafe-helper-1.0.jar:/home/anatole/ycsb/infinispan/src/main/conf:/home/anatole/ycsb/infinispan/target/infinispan-binding-0.18.0-SNAPSHOT.jar:/home/anatole/ycsb/infinispan/target/dependency/caffeine-2.6.2.jar:/home/anatole/ycsb/infinispan/target/dependency/gson-2.8.2.jar:/home/anatole/ycsb/infinispan/target/dependency/guava-18.0.jar:/home/anatole/ycsb/infinispan/target/dependency/infinispan-cachestore-jnvm-1.0-SNAPSHOT.jar:/home/anatole/ycsb/infinispan/target/dependency/infinispan-cachestore-pcj-1.0-SNAPSHOT.jar:/home/anatole/ycsb/infinispan/target/dependency/infinispan-client-hotrod-9.4.20.Final.jar:/home/anatole/ycsb/infinispan/target/dependency/infinispan-commons-9.4.20.Final.jar:/home/anatole/ycsb/infinispan/target/dependency/infinispan-core-9.4.20.Final.jar:/home/anatole/ycsb/infinispan/target/dependency/javax.persistence-api-2.2.jar:/home/anatole/ycsb/infinispan/target/dependency/jboss-logging-3.3.2.Final.jar:/home/anatole/ycsb/infinispan/target/dependency/jboss-marshalling-osgi-2.0.6.Final.jar:/home/anatole/ycsb/infinispan/target/dependency/jboss-transaction-api_1.2_spec-1.1.1.Final.jar:/home/anatole/ycsb/infinispan/target/dependency/jgroups-4.0.21.Final.jar:/home/anatole/ycsb/infinispan/target/dependency/jnvm-1.0-SNAPSHOT.jar:/home/anatole/ycsb/infinispan/target/dependency/metainf-services-1.7.jar:/home/anatole/ycsb/infinispan/target/dependency/netty-buffer-4.1.51.Final.jar:/home/anatole/ycsb/infinispan/target/dependency/netty-codec-4.1.51.Final.jar:/home/anatole/ycsb/infinispan/target/dependency/netty-common-4.1.51.Final.jar:/home/anatole/ycsb/infinispan/target/dependency/netty-handler-4.1.51.Final.jar:/home/anatole/ycsb/infinispan/target/dependency/netty-resolver-4.1.51.Final.jar:/home/anatole/ycsb/infinispan/target/dependency/netty-transport-4.1.51.Final.jar:/home/anatole/ycsb/infinispan/target/dependency/netty-transport-native-epoll-4.1.51.Final-linux-x86_64.jar:/home/anatole/ycsb/infinispan/target/dependency/netty-transport-native-unix-common-4.1.51.Final.jar:/home/anatole/ycsb/infinispan/target/dependency/pcj-1.0.jar:/home/anatole/ycsb/infinispan/target/dependency/reactive-streams-1.0.2.jar:/home/anatole/ycsb/infinispan/target/dependency/rxjava-2.2.4.jar:/home/anatole/ycsb/infinispan/target/dependency/unsafe-helper-1.0.jar site.ycsb.Client -t -db site.ycsb.db.InfinispanJNVMClient -P ../workloads/workloada -preload -s -threads 36 -p dataintegrity=true -p offheap=true -p pcj=false -p recordcount=1000000 -p operationcount=60000000 -p fieldcount=10 -p fieldlength=100 -p requestdistribution=zipfian -p measurement.trackjvm=true -p measurementtype=hdrhistogram -p hdrhistogram.output.path=./out/exp5.concurrent.ref/log/infinispan-jnvm.run.workloada.true.1000000.1.10.100.zipfian.36.false..default.default.none.r3.hdr.log
[OVERALL], RunTime(ms), 149332
[OVERALL], Throughput(ops/sec), 408485.7900516969
[TOTAL_GCS_G1_Young_Generation], Count, 183
[TOTAL_GC_TIME_G1_Young_Generation], Time(ms), 34614
[TOTAL_GC_TIME_%_G1_Young_Generation], Time(%), 23.179224814507272
[TOTAL_GCS_G1_Old_Generation], Count, 0
[TOTAL_GC_TIME_G1_Old_Generation], Time(ms), 0
[TOTAL_GC_TIME_%_G1_Old_Generation], Time(%), 0.0
[TOTAL_GCs], Count, 183
[TOTAL_GC_TIME], Time(ms), 34614
[TOTAL_GC_TIME_%], Time(%), 23.179224814507272
[MAX_MEM_USED], MBs, 7957
[MIN_MEM_USED], MBs, 98
[MAX_THREADS], Count, 42
[MIN_THREADS], Count, 3
[MAX_SYS_LOAD_AVG], Load, 22.07
[MIN_SYS_LOAD_AVG], Load, 14.6
[THREAD_COUNT], Operations, 16
[THREAD_COUNT], AverageLatency(ns), 38.875
[THREAD_COUNT], MinLatency(ns), 3
[THREAD_COUNT], MaxLatency(ns), 42
[THREAD_COUNT], 95thPercentileLatency(ns), 42
[THREAD_COUNT], 99thPercentileLatency(ns), 42
[SYS_LOAD_AVG], Operations, 16
[SYS_LOAD_AVG], AverageLatency(ns), 17.4375
[SYS_LOAD_AVG], MinLatency(ns), 14
[SYS_LOAD_AVG], MaxLatency(ns), 22
[SYS_LOAD_AVG], 95thPercentileLatency(ns), 20
[SYS_LOAD_AVG], 99thPercentileLatency(ns), 22
[LOAD], Operations, 36
[LOAD], AverageLatency(ns), 1.7429026133333332E10
[LOAD], MinLatency(ns), 17217486848
[LOAD], MaxLatency(ns), 17506762751
[LOAD], 95thPercentileLatency(ns), 17501126655
[LOAD], 99thPercentileLatency(ns), 17506762751
[USED_MEM_MB], Operations, 16
[USED_MEM_MB], AverageLatency(ns), 5197.4375
[USED_MEM_MB], MinLatency(ns), 98
[USED_MEM_MB], MaxLatency(ns), 7957
[USED_MEM_MB], 95thPercentileLatency(ns), 7501
[USED_MEM_MB], 99thPercentileLatency(ns), 7957
[MAIN_GCs_Count], Operations, 36
[MAIN_GCs_Count], AverageLatency(ns), 156.91666666666666
[MAIN_GCs_Count], MinLatency(ns), 152
[MAIN_GCs_Count], MaxLatency(ns), 158
[MAIN_GCs_Count], 95thPercentileLatency(ns), 158
[MAIN_GCs_Count], 99thPercentileLatency(ns), 158
[MAIN_GCs_Time(ms)], Operations, 36
[MAIN_GCs_Time(ms)], AverageLatency(ns), 32498.805555555555
[MAIN_GCs_Time(ms)], MinLatency(ns), 31470
[MAIN_GCs_Time(ms)], MaxLatency(ns), 32730
[MAIN_GCs_Time(ms)], 95thPercentileLatency(ns), 32730
[MAIN_GCs_Time(ms)], 99thPercentileLatency(ns), 32730
[TRANSACTION], Operations, 36
[TRANSACTION], AverageLatency(ns), 1.2933497560177777E11
[TRANSACTION], MinLatency(ns), 125400776704
[TRANSACTION], MaxLatency(ns), 130090008575
[TRANSACTION], 95thPercentileLatency(ns), 130004549631
[TRANSACTION], 99thPercentileLatency(ns), 130090008575
[GCS_TIME], Operations, 16
[GCS_TIME], AverageLatency(ns), 2163.375
[GCS_TIME], MinLatency(ns), 0
[GCS_TIME], MaxLatency(ns), 2722
[GCS_TIME], 95thPercentileLatency(ns), 2549
[GCS_TIME], 99thPercentileLatency(ns), 2722
[LOAD_GCs_Time(ms)], Operations, 36
[LOAD_GCs_Time(ms)], AverageLatency(ns), 1852.0
[LOAD_GCs_Time(ms)], MinLatency(ns), 1852
[LOAD_GCs_Time(ms)], MaxLatency(ns), 1852
[LOAD_GCs_Time(ms)], 95thPercentileLatency(ns), 1852
[LOAD_GCs_Time(ms)], 99thPercentileLatency(ns), 1852
[READ], Operations, 29999091
[READ], AverageLatency(ns), 63479.20160667535
[READ], MinLatency(ns), 221
[READ], MaxLatency(ns), 273207295
[READ], 95thPercentileLatency(ns), 320323
[READ], 99thPercentileLatency(ns), 377093
[READ], Return=OK, 29999091
[INIT], Operations, 36
[INIT], AverageLatency(ns), 1.573588992E9
[INIT], MinLatency(ns), 1565523968
[INIT], MaxLatency(ns), 1581981695
[INIT], 95thPercentileLatency(ns), 1580630015
[INIT], 99thPercentileLatency(ns), 1581981695
[GCS], Operations, 16
[GCS], AverageLatency(ns), 11.4375
[GCS], MinLatency(ns), 0
[GCS], MaxLatency(ns), 20
[GCS], 95thPercentileLatency(ns), 13
[GCS], 99thPercentileLatency(ns), 20
[LOAD_GCs_Count], Operations, 36
[LOAD_GCs_Count], AverageLatency(ns), 23.0
[LOAD_GCs_Count], MinLatency(ns), 23
[LOAD_GCs_Count], MaxLatency(ns), 23
[LOAD_GCs_Count], 95thPercentileLatency(ns), 23
[LOAD_GCs_Count], 99thPercentileLatency(ns), 23
[CLEANUP], Operations, 36
[CLEANUP], AverageLatency(ns), 7.60437268E8
[CLEANUP], MinLatency(ns), 8275264
[CLEANUP], MaxLatency(ns), 4634738687
[CLEANUP], 95thPercentileLatency(ns), 1269743615
[CLEANUP], 99thPercentileLatency(ns), 4634738687
[INSERT], Operations, 1000000
[INSERT], AverageLatency(ns), 290243.799777
[INSERT], MinLatency(ns), 5234
[INSERT], MaxLatency(ns), 209160191
[INSERT], 95thPercentileLatency(ns), 654539
[INSERT], 99thPercentileLatency(ns), 4521983
[INSERT], Return=OK, 1000000
[UPDATE], Operations, 30000909
[UPDATE], AverageLatency(ns), 67530.60962252844
[UPDATE], MinLatency(ns), 297
[UPDATE], MaxLatency(ns), 273172479
[UPDATE], 95thPercentileLatency(ns), 323413
[UPDATE], 99thPercentileLatency(ns), 378281
[UPDATE], Return=OK, 30000909
