/home/anatole/jdk8u/build/linux-x86_64-normal-server-release/jdk/bin/java -Xmx20g -XX:+UseG1GC -classpath /home/anatole/ycsb/conf:/home/anatole/ycsb/core/target/core-0.18.0-SNAPSHOT.jar:/home/anatole/ycsb/core/target/dependency/HdrHistogram-2.1.4.jar:/home/anatole/ycsb/core/target/dependency/guava-18.0.jar:/home/anatole/ycsb/core/target/dependency/htrace-core4-4.1.0-incubating.jar:/home/anatole/ycsb/core/target/dependency/jackson-core-asl-1.9.4.jar:/home/anatole/ycsb/core/target/dependency/jackson-mapper-asl-1.9.4.jar:/home/anatole/ycsb/core/target/dependency/javax.persistence-api-2.2.jar:/home/anatole/ycsb/core/target/dependency/jnvm-1.0-SNAPSHOT.jar:/home/anatole/ycsb/core/target/dependency/pcj-1.0.jar:/home/anatole/ycsb/core/target/dependency/unsafe-helper-1.0.jar:/home/anatole/ycsb/infinispan/src/main/conf:/home/anatole/ycsb/infinispan/target/infinispan-binding-0.18.0-SNAPSHOT.jar:/home/anatole/ycsb/infinispan/target/dependency/caffeine-2.6.2.jar:/home/anatole/ycsb/infinispan/target/dependency/gson-2.8.2.jar:/home/anatole/ycsb/infinispan/target/dependency/guava-18.0.jar:/home/anatole/ycsb/infinispan/target/dependency/infinispan-cachestore-jnvm-1.0-SNAPSHOT.jar:/home/anatole/ycsb/infinispan/target/dependency/infinispan-cachestore-pcj-1.0-SNAPSHOT.jar:/home/anatole/ycsb/infinispan/target/dependency/infinispan-client-hotrod-9.4.20.Final.jar:/home/anatole/ycsb/infinispan/target/dependency/infinispan-commons-9.4.20.Final.jar:/home/anatole/ycsb/infinispan/target/dependency/infinispan-core-9.4.20.Final.jar:/home/anatole/ycsb/infinispan/target/dependency/javax.persistence-api-2.2.jar:/home/anatole/ycsb/infinispan/target/dependency/jboss-logging-3.3.2.Final.jar:/home/anatole/ycsb/infinispan/target/dependency/jboss-marshalling-osgi-2.0.6.Final.jar:/home/anatole/ycsb/infinispan/target/dependency/jboss-transaction-api_1.2_spec-1.1.1.Final.jar:/home/anatole/ycsb/infinispan/target/dependency/jgroups-4.0.21.Final.jar:/home/anatole/ycsb/infinispan/target/dependency/jnvm-1.0-SNAPSHOT.jar:/home/anatole/ycsb/infinispan/target/dependency/metainf-services-1.7.jar:/home/anatole/ycsb/infinispan/target/dependency/netty-buffer-4.1.51.Final.jar:/home/anatole/ycsb/infinispan/target/dependency/netty-codec-4.1.51.Final.jar:/home/anatole/ycsb/infinispan/target/dependency/netty-common-4.1.51.Final.jar:/home/anatole/ycsb/infinispan/target/dependency/netty-handler-4.1.51.Final.jar:/home/anatole/ycsb/infinispan/target/dependency/netty-resolver-4.1.51.Final.jar:/home/anatole/ycsb/infinispan/target/dependency/netty-transport-4.1.51.Final.jar:/home/anatole/ycsb/infinispan/target/dependency/netty-transport-native-epoll-4.1.51.Final-linux-x86_64.jar:/home/anatole/ycsb/infinispan/target/dependency/netty-transport-native-unix-common-4.1.51.Final.jar:/home/anatole/ycsb/infinispan/target/dependency/pcj-1.0.jar:/home/anatole/ycsb/infinispan/target/dependency/reactive-streams-1.0.2.jar:/home/anatole/ycsb/infinispan/target/dependency/rxjava-2.2.4.jar:/home/anatole/ycsb/infinispan/target/dependency/unsafe-helper-1.0.jar site.ycsb.Client -t -db site.ycsb.db.InfinispanClient -P ../workloads/workloada -preload -s -threads 40 -p dataintegrity=true -p offheap=false -p pcj=false -p recordcount=1000000 -p operationcount=60000000 -p fieldcount=10 -p fieldlength=100 -p requestdistribution=zipfian -p measurement.trackjvm=true -p measurementtype=hdrhistogram -p hdrhistogram.output.path=./out/exp5.concurrent.ref/log/infinispan.run.workloada.true.1000000.1000000.10.100.zipfian.40.true..default.default.none.r4.hdr.log
[OVERALL], RunTime(ms), 87423
[OVERALL], Throughput(ops/sec), 697756.8832000733
[TOTAL_GCS_G1_Young_Generation], Count, 171
[TOTAL_GC_TIME_G1_Young_Generation], Time(ms), 29435
[TOTAL_GC_TIME_%_G1_Young_Generation], Time(%), 33.66962927376091
[TOTAL_GCS_G1_Old_Generation], Count, 0
[TOTAL_GC_TIME_G1_Old_Generation], Time(ms), 0
[TOTAL_GC_TIME_%_G1_Old_Generation], Time(%), 0.0
[TOTAL_GCs], Count, 171
[TOTAL_GC_TIME], Time(ms), 29435
[TOTAL_GC_TIME_%], Time(%), 33.66962927376091
[MAX_MEM_USED], MBs, 9413
[MIN_MEM_USED], MBs, 108
[MAX_THREADS], Count, 72
[MIN_THREADS], Count, 3
[MAX_SYS_LOAD_AVG], Load, 23.53
[MIN_SYS_LOAD_AVG], Load, 20.64
[THREAD_COUNT], Operations, 10
[THREAD_COUNT], AverageLatency(ns), 62.0
[THREAD_COUNT], MinLatency(ns), 3
[THREAD_COUNT], MaxLatency(ns), 72
[THREAD_COUNT], 95thPercentileLatency(ns), 72
[THREAD_COUNT], 99thPercentileLatency(ns), 72
[SYS_LOAD_AVG], Operations, 10
[SYS_LOAD_AVG], AverageLatency(ns), 21.9
[SYS_LOAD_AVG], MinLatency(ns), 20
[SYS_LOAD_AVG], MaxLatency(ns), 23
[SYS_LOAD_AVG], 95thPercentileLatency(ns), 23
[SYS_LOAD_AVG], 99thPercentileLatency(ns), 23
[LOAD], Operations, 40
[LOAD], AverageLatency(ns), 7.169368064E9
[LOAD], MinLatency(ns), 6434652160
[LOAD], MaxLatency(ns), 7507902463
[LOAD], 95thPercentileLatency(ns), 7504265215
[LOAD], 99thPercentileLatency(ns), 7507902463
[USED_MEM_MB], Operations, 10
[USED_MEM_MB], AverageLatency(ns), 6269.8
[USED_MEM_MB], MinLatency(ns), 108
[USED_MEM_MB], MaxLatency(ns), 9413
[USED_MEM_MB], 95thPercentileLatency(ns), 9413
[USED_MEM_MB], 99thPercentileLatency(ns), 9413
[MAIN_GCs_Count], Operations, 40
[MAIN_GCs_Count], AverageLatency(ns), 144.775
[MAIN_GCs_Count], MinLatency(ns), 144
[MAIN_GCs_Count], MaxLatency(ns), 145
[MAIN_GCs_Count], 95thPercentileLatency(ns), 145
[MAIN_GCs_Count], 99thPercentileLatency(ns), 145
[MAIN_GCs_Time(ms)], Operations, 40
[MAIN_GCs_Time(ms)], AverageLatency(ns), 27094.55
[MAIN_GCs_Time(ms)], MinLatency(ns), 27031
[MAIN_GCs_Time(ms)], MaxLatency(ns), 27113
[MAIN_GCs_Time(ms)], 95thPercentileLatency(ns), 27113
[MAIN_GCs_Time(ms)], 99thPercentileLatency(ns), 27113
[TRANSACTION], Operations, 40
[TRANSACTION], AverageLatency(ns), 7.81290962944E10
[TRANSACTION], MinLatency(ns), 77698433024
[TRANSACTION], MaxLatency(ns), 78300839935
[TRANSACTION], 95thPercentileLatency(ns), 78296121343
[TRANSACTION], 99thPercentileLatency(ns), 78300839935
[GCS_TIME], Operations, 10
[GCS_TIME], AverageLatency(ns), 2943.5
[GCS_TIME], MinLatency(ns), 0
[GCS_TIME], MaxLatency(ns), 4653
[GCS_TIME], 95thPercentileLatency(ns), 4653
[GCS_TIME], 99thPercentileLatency(ns), 4653
[LOAD_GCs_Time(ms)], Operations, 40
[LOAD_GCs_Time(ms)], AverageLatency(ns), 1995.975
[LOAD_GCs_Time(ms)], MinLatency(ns), 1662
[LOAD_GCs_Time(ms)], MaxLatency(ns), 2139
[LOAD_GCs_Time(ms)], 95thPercentileLatency(ns), 2139
[LOAD_GCs_Time(ms)], 99thPercentileLatency(ns), 2139
[READ], Operations, 30005820
[READ], AverageLatency(ns), 42819.2700237154
[READ], MinLatency(ns), 207
[READ], MaxLatency(ns), 1172226047
[READ], 95thPercentileLatency(ns), 226769
[READ], 99thPercentileLatency(ns), 258337
[READ], Return=OK, 30005820
[INIT], Operations, 40
[INIT], AverageLatency(ns), 5.872770048E8
[INIT], MinLatency(ns), 578932736
[INIT], MaxLatency(ns), 596512767
[INIT], 95thPercentileLatency(ns), 595111935
[INIT], 99thPercentileLatency(ns), 596512767
[GCS], Operations, 10
[GCS], AverageLatency(ns), 17.1
[GCS], MinLatency(ns), 0
[GCS], MaxLatency(ns), 33
[GCS], 95thPercentileLatency(ns), 33
[GCS], 99thPercentileLatency(ns), 33
[LOAD_GCs_Count], Operations, 40
[LOAD_GCs_Count], AverageLatency(ns), 22.1
[LOAD_GCs_Count], MinLatency(ns), 20
[LOAD_GCs_Count], MaxLatency(ns), 23
[LOAD_GCs_Count], 95thPercentileLatency(ns), 23
[LOAD_GCs_Count], 99thPercentileLatency(ns), 23
[CLEANUP], Operations, 40
[CLEANUP], AverageLatency(ns), 7.05713792E8
[CLEANUP], MinLatency(ns), 535990272
[CLEANUP], MaxLatency(ns), 1104338943
[CLEANUP], 95thPercentileLatency(ns), 1097515007
[CLEANUP], 99thPercentileLatency(ns), 1104338943
[INSERT], Operations, 1000000
[INSERT], AverageLatency(ns), 157029.757264
[INSERT], MinLatency(ns), 1783
[INSERT], MaxLatency(ns), 454201343
[INSERT], 95thPercentileLatency(ns), 118612
[INSERT], 99thPercentileLatency(ns), 858959
[INSERT], Return=OK, 1000000
[UPDATE], Operations, 29994180
[UPDATE], AverageLatency(ns), 51794.863354590794
[UPDATE], MinLatency(ns), 1684
[UPDATE], MaxLatency(ns), 1172348927
[UPDATE], 95thPercentileLatency(ns), 231270
[UPDATE], 99thPercentileLatency(ns), 263699
[UPDATE], Return=OK, 29994180
