/home/anatole/jdk8u/build/linux-x86_64-normal-server-release/jdk/bin/java -Xmx20g -XX:+UseG1GC -classpath /home/anatole/ycsb/conf:/home/anatole/ycsb/core/target/core-0.18.0-SNAPSHOT.jar:/home/anatole/ycsb/core/target/dependency/HdrHistogram-2.1.4.jar:/home/anatole/ycsb/core/target/dependency/guava-18.0.jar:/home/anatole/ycsb/core/target/dependency/htrace-core4-4.1.0-incubating.jar:/home/anatole/ycsb/core/target/dependency/jackson-core-asl-1.9.4.jar:/home/anatole/ycsb/core/target/dependency/jackson-mapper-asl-1.9.4.jar:/home/anatole/ycsb/core/target/dependency/javax.persistence-api-2.2.jar:/home/anatole/ycsb/core/target/dependency/jnvm-1.0-SNAPSHOT.jar:/home/anatole/ycsb/core/target/dependency/pcj-1.0.jar:/home/anatole/ycsb/core/target/dependency/unsafe-helper-1.0.jar:/home/anatole/ycsb/infinispan/src/main/conf:/home/anatole/ycsb/infinispan/target/infinispan-binding-0.18.0-SNAPSHOT.jar:/home/anatole/ycsb/infinispan/target/dependency/caffeine-2.6.2.jar:/home/anatole/ycsb/infinispan/target/dependency/gson-2.8.2.jar:/home/anatole/ycsb/infinispan/target/dependency/guava-18.0.jar:/home/anatole/ycsb/infinispan/target/dependency/infinispan-cachestore-jnvm-1.0-SNAPSHOT.jar:/home/anatole/ycsb/infinispan/target/dependency/infinispan-cachestore-pcj-1.0-SNAPSHOT.jar:/home/anatole/ycsb/infinispan/target/dependency/infinispan-client-hotrod-9.4.20.Final.jar:/home/anatole/ycsb/infinispan/target/dependency/infinispan-commons-9.4.20.Final.jar:/home/anatole/ycsb/infinispan/target/dependency/infinispan-core-9.4.20.Final.jar:/home/anatole/ycsb/infinispan/target/dependency/javax.persistence-api-2.2.jar:/home/anatole/ycsb/infinispan/target/dependency/jboss-logging-3.3.2.Final.jar:/home/anatole/ycsb/infinispan/target/dependency/jboss-marshalling-osgi-2.0.6.Final.jar:/home/anatole/ycsb/infinispan/target/dependency/jboss-transaction-api_1.2_spec-1.1.1.Final.jar:/home/anatole/ycsb/infinispan/target/dependency/jgroups-4.0.21.Final.jar:/home/anatole/ycsb/infinispan/target/dependency/jnvm-1.0-SNAPSHOT.jar:/home/anatole/ycsb/infinispan/target/dependency/metainf-services-1.7.jar:/home/anatole/ycsb/infinispan/target/dependency/netty-buffer-4.1.51.Final.jar:/home/anatole/ycsb/infinispan/target/dependency/netty-codec-4.1.51.Final.jar:/home/anatole/ycsb/infinispan/target/dependency/netty-common-4.1.51.Final.jar:/home/anatole/ycsb/infinispan/target/dependency/netty-handler-4.1.51.Final.jar:/home/anatole/ycsb/infinispan/target/dependency/netty-resolver-4.1.51.Final.jar:/home/anatole/ycsb/infinispan/target/dependency/netty-transport-4.1.51.Final.jar:/home/anatole/ycsb/infinispan/target/dependency/netty-transport-native-epoll-4.1.51.Final-linux-x86_64.jar:/home/anatole/ycsb/infinispan/target/dependency/netty-transport-native-unix-common-4.1.51.Final.jar:/home/anatole/ycsb/infinispan/target/dependency/pcj-1.0.jar:/home/anatole/ycsb/infinispan/target/dependency/reactive-streams-1.0.2.jar:/home/anatole/ycsb/infinispan/target/dependency/rxjava-2.2.4.jar:/home/anatole/ycsb/infinispan/target/dependency/unsafe-helper-1.0.jar site.ycsb.Client -t -db site.ycsb.db.InfinispanClient -P ../workloads/workloadc -preload -s -threads 4 -p dataintegrity=true -p offheap=false -p pcj=false -p recordcount=1000000 -p operationcount=24000000 -p fieldcount=10 -p fieldlength=100 -p requestdistribution=zipfian -p measurement.trackjvm=true -p measurementtype=hdrhistogram -p hdrhistogram.output.path=./out/exp5.concurrent.ref/log/infinispan.run.workloadc.true.1000000.1000000.10.100.zipfian.4.false.true.default.default.volatile.r5.hdr.log
[OVERALL], RunTime(ms), 21718
[OVERALL], Throughput(ops/sec), 1151118.887558707
[TOTAL_GCS_G1_Young_Generation], Count, 29
[TOTAL_GC_TIME_G1_Young_Generation], Time(ms), 2330
[TOTAL_GC_TIME_%_G1_Young_Generation], Time(%), 10.72842803204715
[TOTAL_GCS_G1_Old_Generation], Count, 0
[TOTAL_GC_TIME_G1_Old_Generation], Time(ms), 0
[TOTAL_GC_TIME_%_G1_Old_Generation], Time(%), 0.0
[TOTAL_GCs], Count, 29
[TOTAL_GC_TIME], Time(ms), 2330
[TOTAL_GC_TIME_%], Time(%), 10.72842803204715
[MAX_MEM_USED], MBs, 9722
[MIN_MEM_USED], MBs, 56
[MAX_THREADS], Count, 9
[MIN_THREADS], Count, 4
[MAX_SYS_LOAD_AVG], Load, 10.64
[MIN_SYS_LOAD_AVG], Load, 9.17
[THREAD_COUNT], Operations, 4
[THREAD_COUNT], AverageLatency(ns), 7.0
[THREAD_COUNT], MinLatency(ns), 4
[THREAD_COUNT], MaxLatency(ns), 9
[THREAD_COUNT], 95thPercentileLatency(ns), 9
[THREAD_COUNT], 99thPercentileLatency(ns), 9
[SYS_LOAD_AVG], Operations, 4
[SYS_LOAD_AVG], AverageLatency(ns), 9.25
[SYS_LOAD_AVG], MinLatency(ns), 9
[SYS_LOAD_AVG], MaxLatency(ns), 10
[SYS_LOAD_AVG], 95thPercentileLatency(ns), 10
[SYS_LOAD_AVG], 99thPercentileLatency(ns), 10
[LOAD], Operations, 4
[LOAD], AverageLatency(ns), 6.224699392E9
[LOAD], MinLatency(ns), 6145277952
[LOAD], MaxLatency(ns), 6331334655
[LOAD], 95thPercentileLatency(ns), 6331334655
[LOAD], 99thPercentileLatency(ns), 6331334655
[USED_MEM_MB], Operations, 4
[USED_MEM_MB], AverageLatency(ns), 6544.0
[USED_MEM_MB], MinLatency(ns), 56
[USED_MEM_MB], MaxLatency(ns), 9722
[USED_MEM_MB], 95thPercentileLatency(ns), 9722
[USED_MEM_MB], 99thPercentileLatency(ns), 9722
[MAIN_GCs_Count], Operations, 4
[MAIN_GCs_Count], AverageLatency(ns), 3.0
[MAIN_GCs_Count], MinLatency(ns), 3
[MAIN_GCs_Count], MaxLatency(ns), 3
[MAIN_GCs_Count], 95thPercentileLatency(ns), 3
[MAIN_GCs_Count], 99thPercentileLatency(ns), 3
[MAIN_GCs_Time(ms)], Operations, 4
[MAIN_GCs_Time(ms)], AverageLatency(ns), 214.0
[MAIN_GCs_Time(ms)], MinLatency(ns), 214
[MAIN_GCs_Time(ms)], MaxLatency(ns), 214
[MAIN_GCs_Time(ms)], 95thPercentileLatency(ns), 214
[MAIN_GCs_Time(ms)], 99thPercentileLatency(ns), 214
[TRANSACTION], Operations, 4
[TRANSACTION], AverageLatency(ns), 1.3051691008E10
[TRANSACTION], MinLatency(ns), 11917918208
[TRANSACTION], MaxLatency(ns), 14122156031
[TRANSACTION], 95thPercentileLatency(ns), 14122156031
[TRANSACTION], 99thPercentileLatency(ns), 14122156031
[GCS_TIME], Operations, 4
[GCS_TIME], AverageLatency(ns), 582.5
[GCS_TIME], MinLatency(ns), 0
[GCS_TIME], MaxLatency(ns), 2309
[GCS_TIME], 95thPercentileLatency(ns), 2309
[GCS_TIME], 99thPercentileLatency(ns), 2309
[LOAD_GCs_Time(ms)], Operations, 4
[LOAD_GCs_Time(ms)], AverageLatency(ns), 2098.0
[LOAD_GCs_Time(ms)], MinLatency(ns), 2098
[LOAD_GCs_Time(ms)], MaxLatency(ns), 2098
[LOAD_GCs_Time(ms)], 95thPercentileLatency(ns), 2098
[LOAD_GCs_Time(ms)], 99thPercentileLatency(ns), 2098
[READ], Operations, 24000000
[READ], AverageLatency(ns), 989.674099625
[READ], MinLatency(ns), 189
[READ], MaxLatency(ns), 64258815
[READ], 95thPercentileLatency(ns), 1234
[READ], 99thPercentileLatency(ns), 14834
[READ], Return=OK, 24000000
[INIT], Operations, 4
[INIT], AverageLatency(ns), 6.12072448E8
[INIT], MinLatency(ns), 611500032
[INIT], MaxLatency(ns), 613097471
[INIT], 95thPercentileLatency(ns), 613097471
[INIT], 99thPercentileLatency(ns), 613097471
[GCS], Operations, 4
[GCS], AverageLatency(ns), 7.25
[GCS], MinLatency(ns), 0
[GCS], MaxLatency(ns), 28
[GCS], 95thPercentileLatency(ns), 28
[GCS], 99thPercentileLatency(ns), 28
[LOAD_GCs_Count], Operations, 4
[LOAD_GCs_Count], AverageLatency(ns), 25.0
[LOAD_GCs_Count], MinLatency(ns), 25
[LOAD_GCs_Count], MaxLatency(ns), 25
[LOAD_GCs_Count], 95thPercentileLatency(ns), 25
[LOAD_GCs_Count], 99thPercentileLatency(ns), 25
[CLEANUP], Operations, 4
[CLEANUP], AverageLatency(ns), 1.582182144E9
[CLEANUP], MinLatency(ns), 523743232
[CLEANUP], MaxLatency(ns), 2698952703
[CLEANUP], 95thPercentileLatency(ns), 2698952703
[CLEANUP], 99thPercentileLatency(ns), 2698952703
[INSERT], Operations, 1000000
[INSERT], AverageLatency(ns), 5974.812522
[INSERT], MinLatency(ns), 1406
[INSERT], MaxLatency(ns), 166012927
[INSERT], 95thPercentileLatency(ns), 5484
[INSERT], 99thPercentileLatency(ns), 20320
[INSERT], Return=OK, 1000000
