/home/anatole/jdk8u/build/linux-x86_64-normal-server-release/jdk/bin/java -Xmx20g -XX:+UseG1GC -classpath /home/anatole/ycsb/conf:/home/anatole/ycsb/core/target/core-0.18.0-SNAPSHOT.jar:/home/anatole/ycsb/core/target/dependency/HdrHistogram-2.1.4.jar:/home/anatole/ycsb/core/target/dependency/guava-18.0.jar:/home/anatole/ycsb/core/target/dependency/htrace-core4-4.1.0-incubating.jar:/home/anatole/ycsb/core/target/dependency/jackson-core-asl-1.9.4.jar:/home/anatole/ycsb/core/target/dependency/jackson-mapper-asl-1.9.4.jar:/home/anatole/ycsb/core/target/dependency/javax.persistence-api-2.2.jar:/home/anatole/ycsb/core/target/dependency/jnvm-1.0-SNAPSHOT.jar:/home/anatole/ycsb/core/target/dependency/pcj-1.0.jar:/home/anatole/ycsb/core/target/dependency/unsafe-helper-1.0.jar:/home/anatole/ycsb/infinispan/src/main/conf:/home/anatole/ycsb/infinispan/target/infinispan-binding-0.18.0-SNAPSHOT.jar:/home/anatole/ycsb/infinispan/target/dependency/caffeine-2.6.2.jar:/home/anatole/ycsb/infinispan/target/dependency/gson-2.8.2.jar:/home/anatole/ycsb/infinispan/target/dependency/guava-18.0.jar:/home/anatole/ycsb/infinispan/target/dependency/infinispan-cachestore-jnvm-1.0-SNAPSHOT.jar:/home/anatole/ycsb/infinispan/target/dependency/infinispan-cachestore-pcj-1.0-SNAPSHOT.jar:/home/anatole/ycsb/infinispan/target/dependency/infinispan-client-hotrod-9.4.20.Final.jar:/home/anatole/ycsb/infinispan/target/dependency/infinispan-commons-9.4.20.Final.jar:/home/anatole/ycsb/infinispan/target/dependency/infinispan-core-9.4.20.Final.jar:/home/anatole/ycsb/infinispan/target/dependency/javax.persistence-api-2.2.jar:/home/anatole/ycsb/infinispan/target/dependency/jboss-logging-3.3.2.Final.jar:/home/anatole/ycsb/infinispan/target/dependency/jboss-marshalling-osgi-2.0.6.Final.jar:/home/anatole/ycsb/infinispan/target/dependency/jboss-transaction-api_1.2_spec-1.1.1.Final.jar:/home/anatole/ycsb/infinispan/target/dependency/jgroups-4.0.21.Final.jar:/home/anatole/ycsb/infinispan/target/dependency/jnvm-1.0-SNAPSHOT.jar:/home/anatole/ycsb/infinispan/target/dependency/metainf-services-1.7.jar:/home/anatole/ycsb/infinispan/target/dependency/netty-buffer-4.1.51.Final.jar:/home/anatole/ycsb/infinispan/target/dependency/netty-codec-4.1.51.Final.jar:/home/anatole/ycsb/infinispan/target/dependency/netty-common-4.1.51.Final.jar:/home/anatole/ycsb/infinispan/target/dependency/netty-handler-4.1.51.Final.jar:/home/anatole/ycsb/infinispan/target/dependency/netty-resolver-4.1.51.Final.jar:/home/anatole/ycsb/infinispan/target/dependency/netty-transport-4.1.51.Final.jar:/home/anatole/ycsb/infinispan/target/dependency/netty-transport-native-epoll-4.1.51.Final-linux-x86_64.jar:/home/anatole/ycsb/infinispan/target/dependency/netty-transport-native-unix-common-4.1.51.Final.jar:/home/anatole/ycsb/infinispan/target/dependency/pcj-1.0.jar:/home/anatole/ycsb/infinispan/target/dependency/reactive-streams-1.0.2.jar:/home/anatole/ycsb/infinispan/target/dependency/rxjava-2.2.4.jar:/home/anatole/ycsb/infinispan/target/dependency/unsafe-helper-1.0.jar site.ycsb.Client -t -db site.ycsb.db.InfinispanClient -P ../workloads/workloada -preload -s -threads 28 -p dataintegrity=true -p offheap=false -p pcj=false -p recordcount=1000000 -p operationcount=60000000 -p fieldcount=10 -p fieldlength=100 -p requestdistribution=zipfian -p measurement.trackjvm=true -p measurementtype=hdrhistogram -p hdrhistogram.output.path=./out/exp5.concurrent.ref/log/infinispan.run.workloada.true.1000000.1000000.10.100.zipfian.28.true..default.default.none.r3.hdr.log
[OVERALL], RunTime(ms), 82277
[OVERALL], Throughput(ops/sec), 741397.9605479053
[TOTAL_GCS_G1_Young_Generation], Count, 178
[TOTAL_GC_TIME_G1_Young_Generation], Time(ms), 29664
[TOTAL_GC_TIME_%_G1_Young_Generation], Time(%), 36.053818199496824
[TOTAL_GCS_G1_Old_Generation], Count, 0
[TOTAL_GC_TIME_G1_Old_Generation], Time(ms), 0
[TOTAL_GC_TIME_%_G1_Old_Generation], Time(%), 0.0
[TOTAL_GCs], Count, 178
[TOTAL_GC_TIME], Time(ms), 29664
[TOTAL_GC_TIME_%], Time(%), 36.053818199496824
[MAX_MEM_USED], MBs, 9772
[MIN_MEM_USED], MBs, 88
[MAX_THREADS], Count, 60
[MIN_THREADS], Count, 3
[MAX_SYS_LOAD_AVG], Load, 26.06
[MIN_SYS_LOAD_AVG], Load, 24.45
[THREAD_COUNT], Operations, 10
[THREAD_COUNT], AverageLatency(ns), 51.2
[THREAD_COUNT], MinLatency(ns), 3
[THREAD_COUNT], MaxLatency(ns), 60
[THREAD_COUNT], 95thPercentileLatency(ns), 60
[THREAD_COUNT], 99thPercentileLatency(ns), 60
[SYS_LOAD_AVG], Operations, 10
[SYS_LOAD_AVG], AverageLatency(ns), 24.7
[SYS_LOAD_AVG], MinLatency(ns), 24
[SYS_LOAD_AVG], MaxLatency(ns), 26
[SYS_LOAD_AVG], 95thPercentileLatency(ns), 26
[SYS_LOAD_AVG], 99thPercentileLatency(ns), 26
[LOAD], Operations, 28
[LOAD], AverageLatency(ns), 6.754583698285714E9
[LOAD], MinLatency(ns), 6205243392
[LOAD], MaxLatency(ns), 6973784063
[LOAD], 95thPercentileLatency(ns), 6970277887
[LOAD], 99thPercentileLatency(ns), 6973784063
[USED_MEM_MB], Operations, 10
[USED_MEM_MB], AverageLatency(ns), 7005.7
[USED_MEM_MB], MinLatency(ns), 88
[USED_MEM_MB], MaxLatency(ns), 9772
[USED_MEM_MB], 95thPercentileLatency(ns), 9772
[USED_MEM_MB], 99thPercentileLatency(ns), 9772
[MAIN_GCs_Count], Operations, 28
[MAIN_GCs_Count], AverageLatency(ns), 152.60714285714286
[MAIN_GCs_Count], MinLatency(ns), 151
[MAIN_GCs_Count], MaxLatency(ns), 153
[MAIN_GCs_Count], 95thPercentileLatency(ns), 153
[MAIN_GCs_Count], 99thPercentileLatency(ns), 153
[MAIN_GCs_Time(ms)], Operations, 28
[MAIN_GCs_Time(ms)], AverageLatency(ns), 27356.25
[MAIN_GCs_Time(ms)], MinLatency(ns), 27150
[MAIN_GCs_Time(ms)], MaxLatency(ns), 27399
[MAIN_GCs_Time(ms)], 95thPercentileLatency(ns), 27399
[MAIN_GCs_Time(ms)], 99thPercentileLatency(ns), 27399
[TRANSACTION], Operations, 28
[TRANSACTION], AverageLatency(ns), 7.338401089828572E10
[TRANSACTION], MinLatency(ns), 72608645120
[TRANSACTION], MaxLatency(ns), 73678192639
[TRANSACTION], 95thPercentileLatency(ns), 73653026815
[TRANSACTION], 99thPercentileLatency(ns), 73678192639
[GCS_TIME], Operations, 10
[GCS_TIME], AverageLatency(ns), 2966.4
[GCS_TIME], MinLatency(ns), 0
[GCS_TIME], MaxLatency(ns), 5213
[GCS_TIME], 95thPercentileLatency(ns), 5213
[GCS_TIME], 99thPercentileLatency(ns), 5213
[LOAD_GCs_Time(ms)], Operations, 28
[LOAD_GCs_Time(ms)], AverageLatency(ns), 2131.5
[LOAD_GCs_Time(ms)], MinLatency(ns), 1914
[LOAD_GCs_Time(ms)], MaxLatency(ns), 2232
[LOAD_GCs_Time(ms)], 95thPercentileLatency(ns), 2232
[LOAD_GCs_Time(ms)], 99thPercentileLatency(ns), 2232
[READ], Operations, 29997587
[READ], AverageLatency(ns), 26320.26954918074
[READ], MinLatency(ns), 224
[READ], MaxLatency(ns), 1147273215
[READ], 95thPercentileLatency(ns), 121704
[READ], 99thPercentileLatency(ns), 142291
[READ], Return=OK, 29997587
[INIT], Operations, 28
[INIT], AverageLatency(ns), 6.542355017142857E8
[INIT], MinLatency(ns), 648015872
[INIT], MaxLatency(ns), 660934655
[INIT], 95thPercentileLatency(ns), 660226047
[INIT], 99thPercentileLatency(ns), 660934655
[GCS], Operations, 10
[GCS], AverageLatency(ns), 17.8
[GCS], MinLatency(ns), 0
[GCS], MaxLatency(ns), 36
[GCS], 95thPercentileLatency(ns), 36
[GCS], 99thPercentileLatency(ns), 36
[LOAD_GCs_Count], Operations, 28
[LOAD_GCs_Count], AverageLatency(ns), 22.357142857142858
[LOAD_GCs_Count], MinLatency(ns), 21
[LOAD_GCs_Count], MaxLatency(ns), 23
[LOAD_GCs_Count], 95thPercentileLatency(ns), 23
[LOAD_GCs_Count], 99thPercentileLatency(ns), 23
[CLEANUP], Operations, 28
[CLEANUP], AverageLatency(ns), 1.094721974857143E9
[CLEANUP], MinLatency(ns), 801656832
[CLEANUP], MaxLatency(ns), 1838317567
[CLEANUP], 95thPercentileLatency(ns), 1757134847
[CLEANUP], 99thPercentileLatency(ns), 1838317567
[INSERT], Operations, 1000000
[INSERT], AverageLatency(ns), 97396.223139
[INSERT], MinLatency(ns), 1899
[INSERT], MaxLatency(ns), 359856127
[INSERT], 95thPercentileLatency(ns), 85732
[INSERT], 99thPercentileLatency(ns), 245977
[INSERT], Return=OK, 1000000
[UPDATE], Operations, 30002413
[UPDATE], AverageLatency(ns), 33607.76907667393
[UPDATE], MinLatency(ns), 1655
[UPDATE], MaxLatency(ns), 1147248639
[UPDATE], 95thPercentileLatency(ns), 126010
[UPDATE], 99thPercentileLatency(ns), 147498
[UPDATE], Return=OK, 30002413
