/home/anatole/jdk8u/build/linux-x86_64-normal-server-release/jdk/bin/java -Xmx20g -XX:+UseG1GC -classpath /home/anatole/ycsb/conf:/home/anatole/ycsb/core/target/core-0.18.0-SNAPSHOT.jar:/home/anatole/ycsb/core/target/dependency/HdrHistogram-2.1.4.jar:/home/anatole/ycsb/core/target/dependency/guava-18.0.jar:/home/anatole/ycsb/core/target/dependency/htrace-core4-4.1.0-incubating.jar:/home/anatole/ycsb/core/target/dependency/jackson-core-asl-1.9.4.jar:/home/anatole/ycsb/core/target/dependency/jackson-mapper-asl-1.9.4.jar:/home/anatole/ycsb/core/target/dependency/javax.persistence-api-2.2.jar:/home/anatole/ycsb/core/target/dependency/jnvm-1.0-SNAPSHOT.jar:/home/anatole/ycsb/core/target/dependency/pcj-1.0.jar:/home/anatole/ycsb/core/target/dependency/unsafe-helper-1.0.jar:/home/anatole/ycsb/infinispan/src/main/conf:/home/anatole/ycsb/infinispan/target/infinispan-binding-0.18.0-SNAPSHOT.jar:/home/anatole/ycsb/infinispan/target/dependency/caffeine-2.6.2.jar:/home/anatole/ycsb/infinispan/target/dependency/gson-2.8.2.jar:/home/anatole/ycsb/infinispan/target/dependency/guava-18.0.jar:/home/anatole/ycsb/infinispan/target/dependency/infinispan-cachestore-jnvm-1.0-SNAPSHOT.jar:/home/anatole/ycsb/infinispan/target/dependency/infinispan-cachestore-pcj-1.0-SNAPSHOT.jar:/home/anatole/ycsb/infinispan/target/dependency/infinispan-client-hotrod-9.4.20.Final.jar:/home/anatole/ycsb/infinispan/target/dependency/infinispan-commons-9.4.20.Final.jar:/home/anatole/ycsb/infinispan/target/dependency/infinispan-core-9.4.20.Final.jar:/home/anatole/ycsb/infinispan/target/dependency/javax.persistence-api-2.2.jar:/home/anatole/ycsb/infinispan/target/dependency/jboss-logging-3.3.2.Final.jar:/home/anatole/ycsb/infinispan/target/dependency/jboss-marshalling-osgi-2.0.6.Final.jar:/home/anatole/ycsb/infinispan/target/dependency/jboss-transaction-api_1.2_spec-1.1.1.Final.jar:/home/anatole/ycsb/infinispan/target/dependency/jgroups-4.0.21.Final.jar:/home/anatole/ycsb/infinispan/target/dependency/jnvm-1.0-SNAPSHOT.jar:/home/anatole/ycsb/infinispan/target/dependency/metainf-services-1.7.jar:/home/anatole/ycsb/infinispan/target/dependency/netty-buffer-4.1.51.Final.jar:/home/anatole/ycsb/infinispan/target/dependency/netty-codec-4.1.51.Final.jar:/home/anatole/ycsb/infinispan/target/dependency/netty-common-4.1.51.Final.jar:/home/anatole/ycsb/infinispan/target/dependency/netty-handler-4.1.51.Final.jar:/home/anatole/ycsb/infinispan/target/dependency/netty-resolver-4.1.51.Final.jar:/home/anatole/ycsb/infinispan/target/dependency/netty-transport-4.1.51.Final.jar:/home/anatole/ycsb/infinispan/target/dependency/netty-transport-native-epoll-4.1.51.Final-linux-x86_64.jar:/home/anatole/ycsb/infinispan/target/dependency/netty-transport-native-unix-common-4.1.51.Final.jar:/home/anatole/ycsb/infinispan/target/dependency/pcj-1.0.jar:/home/anatole/ycsb/infinispan/target/dependency/reactive-streams-1.0.2.jar:/home/anatole/ycsb/infinispan/target/dependency/rxjava-2.2.4.jar:/home/anatole/ycsb/infinispan/target/dependency/unsafe-helper-1.0.jar site.ycsb.Client -t -db site.ycsb.db.InfinispanClient -P ../workloads/workloadc -preload -s -threads 12 -p dataintegrity=true -p offheap=false -p pcj=false -p recordcount=1000000 -p operationcount=60000000 -p fieldcount=10 -p fieldlength=100 -p requestdistribution=zipfian -p measurement.trackjvm=true -p measurementtype=hdrhistogram -p hdrhistogram.output.path=./out/exp5.concurrent.ref/log/infinispan.run.workloadc.true.1000000.1000000.10.100.zipfian.12.false.true.default.default.volatile.r6.hdr.log
[OVERALL], RunTime(ms), 57629
[OVERALL], Throughput(ops/sec), 1058494.8550209096
[TOTAL_GCS_G1_Young_Generation], Count, 31
[TOTAL_GC_TIME_G1_Young_Generation], Time(ms), 2297
[TOTAL_GC_TIME_%_G1_Young_Generation], Time(%), 3.9858404622672614
[TOTAL_GCS_G1_Old_Generation], Count, 0
[TOTAL_GC_TIME_G1_Old_Generation], Time(ms), 0
[TOTAL_GC_TIME_%_G1_Old_Generation], Time(%), 0.0
[TOTAL_GCs], Count, 31
[TOTAL_GC_TIME], Time(ms), 2297
[TOTAL_GC_TIME_%], Time(%), 3.9858404622672614
[MAX_MEM_USED], MBs, 14215
[MIN_MEM_USED], MBs, 64
[MAX_THREADS], Count, 17
[MIN_THREADS], Count, 4
[MAX_SYS_LOAD_AVG], Load, 13.73
[MIN_SYS_LOAD_AVG], Load, 10.27
[THREAD_COUNT], Operations, 7
[THREAD_COUNT], AverageLatency(ns), 14.714285714285714
[THREAD_COUNT], MinLatency(ns), 4
[THREAD_COUNT], MaxLatency(ns), 17
[THREAD_COUNT], 95thPercentileLatency(ns), 17
[THREAD_COUNT], 99thPercentileLatency(ns), 17
[SYS_LOAD_AVG], Operations, 7
[SYS_LOAD_AVG], AverageLatency(ns), 11.142857142857142
[SYS_LOAD_AVG], MinLatency(ns), 10
[SYS_LOAD_AVG], MaxLatency(ns), 13
[SYS_LOAD_AVG], 95thPercentileLatency(ns), 13
[SYS_LOAD_AVG], 99thPercentileLatency(ns), 13
[LOAD], Operations, 12
[LOAD], AverageLatency(ns), 5.389074432E9
[LOAD], MinLatency(ns), 5307105280
[LOAD], MaxLatency(ns), 5610438655
[LOAD], 95thPercentileLatency(ns), 5584912383
[LOAD], 99thPercentileLatency(ns), 5610438655
[USED_MEM_MB], Operations, 7
[USED_MEM_MB], AverageLatency(ns), 8654.714285714286
[USED_MEM_MB], MinLatency(ns), 64
[USED_MEM_MB], MaxLatency(ns), 14215
[USED_MEM_MB], 95thPercentileLatency(ns), 14215
[USED_MEM_MB], 99thPercentileLatency(ns), 14215
[MAIN_GCs_Count], Operations, 12
[MAIN_GCs_Count], AverageLatency(ns), 5.0
[MAIN_GCs_Count], MinLatency(ns), 5
[MAIN_GCs_Count], MaxLatency(ns), 5
[MAIN_GCs_Count], 95thPercentileLatency(ns), 5
[MAIN_GCs_Count], 99thPercentileLatency(ns), 5
[MAIN_GCs_Time(ms)], Operations, 12
[MAIN_GCs_Time(ms)], AverageLatency(ns), 180.0
[MAIN_GCs_Time(ms)], MinLatency(ns), 180
[MAIN_GCs_Time(ms)], MaxLatency(ns), 180
[MAIN_GCs_Time(ms)], 95thPercentileLatency(ns), 180
[MAIN_GCs_Time(ms)], 99thPercentileLatency(ns), 180
[TRANSACTION], Operations, 12
[TRANSACTION], AverageLatency(ns), 5.0377479509333336E10
[TRANSACTION], MinLatency(ns), 49833312256
[TRANSACTION], MaxLatency(ns), 50803245055
[TRANSACTION], 95thPercentileLatency(ns), 50724339711
[TRANSACTION], 99thPercentileLatency(ns), 50803245055
[GCS_TIME], Operations, 7
[GCS_TIME], AverageLatency(ns), 328.14285714285717
[GCS_TIME], MinLatency(ns), 0
[GCS_TIME], MaxLatency(ns), 2234
[GCS_TIME], 95thPercentileLatency(ns), 2234
[GCS_TIME], 99thPercentileLatency(ns), 2234
[LOAD_GCs_Time(ms)], Operations, 12
[LOAD_GCs_Time(ms)], AverageLatency(ns), 1956.1666666666667
[LOAD_GCs_Time(ms)], MinLatency(ns), 1928
[LOAD_GCs_Time(ms)], MaxLatency(ns), 2097
[LOAD_GCs_Time(ms)], 95thPercentileLatency(ns), 2097
[LOAD_GCs_Time(ms)], 99thPercentileLatency(ns), 2097
[READ], Operations, 60000000
[READ], AverageLatency(ns), 8369.398215116667
[READ], MinLatency(ns), 172
[READ], MaxLatency(ns), 104433663
[READ], 95thPercentileLatency(ns), 54357
[READ], 99thPercentileLatency(ns), 65353
[READ], Return=OK, 60000000
[INIT], Operations, 12
[INIT], AverageLatency(ns), 6.012061013333334E8
[INIT], MinLatency(ns), 599310336
[INIT], MaxLatency(ns), 604221439
[INIT], 95thPercentileLatency(ns), 604024831
[INIT], 99thPercentileLatency(ns), 604221439
[GCS], Operations, 7
[GCS], AverageLatency(ns), 4.428571428571429
[GCS], MinLatency(ns), 0
[GCS], MaxLatency(ns), 28
[GCS], 95thPercentileLatency(ns), 28
[GCS], 99thPercentileLatency(ns), 28
[LOAD_GCs_Count], Operations, 12
[LOAD_GCs_Count], AverageLatency(ns), 24.166666666666668
[LOAD_GCs_Count], MinLatency(ns), 24
[LOAD_GCs_Count], MaxLatency(ns), 25
[LOAD_GCs_Count], 95thPercentileLatency(ns), 25
[LOAD_GCs_Count], 99thPercentileLatency(ns), 25
[CLEANUP], Operations, 12
[CLEANUP], AverageLatency(ns), 9.026026666666666E8
[CLEANUP], MinLatency(ns), 480520192
[CLEANUP], MaxLatency(ns), 1405280255
[CLEANUP], 95thPercentileLatency(ns), 1064185855
[CLEANUP], 99thPercentileLatency(ns), 1405280255
[INSERT], Operations, 1000000
[INSERT], AverageLatency(ns), 20058.971679
[INSERT], MinLatency(ns), 1339
[INSERT], MaxLatency(ns), 177092607
[INSERT], 95thPercentileLatency(ns), 25758
[INSERT], 99thPercentileLatency(ns), 62867
[INSERT], Return=OK, 1000000
