/home/anatole/jdk8u/build/linux-x86_64-normal-server-release/jdk/bin/java -Xmx20g -XX:+UseG1GC -classpath /home/anatole/ycsb/conf:/home/anatole/ycsb/core/target/core-0.18.0-SNAPSHOT.jar:/home/anatole/ycsb/core/target/dependency/HdrHistogram-2.1.4.jar:/home/anatole/ycsb/core/target/dependency/guava-18.0.jar:/home/anatole/ycsb/core/target/dependency/htrace-core4-4.1.0-incubating.jar:/home/anatole/ycsb/core/target/dependency/jackson-core-asl-1.9.4.jar:/home/anatole/ycsb/core/target/dependency/jackson-mapper-asl-1.9.4.jar:/home/anatole/ycsb/core/target/dependency/javax.persistence-api-2.2.jar:/home/anatole/ycsb/core/target/dependency/jnvm-1.0-SNAPSHOT.jar:/home/anatole/ycsb/core/target/dependency/pcj-1.0.jar:/home/anatole/ycsb/core/target/dependency/unsafe-helper-1.0.jar:/home/anatole/ycsb/infinispan/src/main/conf:/home/anatole/ycsb/infinispan/target/infinispan-binding-0.18.0-SNAPSHOT.jar:/home/anatole/ycsb/infinispan/target/dependency/caffeine-2.6.2.jar:/home/anatole/ycsb/infinispan/target/dependency/gson-2.8.2.jar:/home/anatole/ycsb/infinispan/target/dependency/guava-18.0.jar:/home/anatole/ycsb/infinispan/target/dependency/infinispan-cachestore-jnvm-1.0-SNAPSHOT.jar:/home/anatole/ycsb/infinispan/target/dependency/infinispan-cachestore-pcj-1.0-SNAPSHOT.jar:/home/anatole/ycsb/infinispan/target/dependency/infinispan-client-hotrod-9.4.20.Final.jar:/home/anatole/ycsb/infinispan/target/dependency/infinispan-commons-9.4.20.Final.jar:/home/anatole/ycsb/infinispan/target/dependency/infinispan-core-9.4.20.Final.jar:/home/anatole/ycsb/infinispan/target/dependency/javax.persistence-api-2.2.jar:/home/anatole/ycsb/infinispan/target/dependency/jboss-logging-3.3.2.Final.jar:/home/anatole/ycsb/infinispan/target/dependency/jboss-marshalling-osgi-2.0.6.Final.jar:/home/anatole/ycsb/infinispan/target/dependency/jboss-transaction-api_1.2_spec-1.1.1.Final.jar:/home/anatole/ycsb/infinispan/target/dependency/jgroups-4.0.21.Final.jar:/home/anatole/ycsb/infinispan/target/dependency/jnvm-1.0-SNAPSHOT.jar:/home/anatole/ycsb/infinispan/target/dependency/metainf-services-1.7.jar:/home/anatole/ycsb/infinispan/target/dependency/netty-buffer-4.1.51.Final.jar:/home/anatole/ycsb/infinispan/target/dependency/netty-codec-4.1.51.Final.jar:/home/anatole/ycsb/infinispan/target/dependency/netty-common-4.1.51.Final.jar:/home/anatole/ycsb/infinispan/target/dependency/netty-handler-4.1.51.Final.jar:/home/anatole/ycsb/infinispan/target/dependency/netty-resolver-4.1.51.Final.jar:/home/anatole/ycsb/infinispan/target/dependency/netty-transport-4.1.51.Final.jar:/home/anatole/ycsb/infinispan/target/dependency/netty-transport-native-epoll-4.1.51.Final-linux-x86_64.jar:/home/anatole/ycsb/infinispan/target/dependency/netty-transport-native-unix-common-4.1.51.Final.jar:/home/anatole/ycsb/infinispan/target/dependency/pcj-1.0.jar:/home/anatole/ycsb/infinispan/target/dependency/reactive-streams-1.0.2.jar:/home/anatole/ycsb/infinispan/target/dependency/rxjava-2.2.4.jar:/home/anatole/ycsb/infinispan/target/dependency/unsafe-helper-1.0.jar site.ycsb.Client -t -db site.ycsb.db.InfinispanJNVMClient -P ../workloads/workloada -preload -s -threads 32 -p dataintegrity=true -p offheap=true -p pcj=false -p recordcount=1000000 -p operationcount=60000000 -p fieldcount=10 -p fieldlength=100 -p requestdistribution=zipfian -p measurement.trackjvm=true -p measurementtype=hdrhistogram -p hdrhistogram.output.path=./out/exp5.concurrent.ref/log/infinispan-jnvm.run.workloada.true.1000000.1.10.100.zipfian.32.false..default.default.none.r6.hdr.log
[OVERALL], RunTime(ms), 118152
[OVERALL], Throughput(ops/sec), 516284.10860586364
[TOTAL_GCS_G1_Young_Generation], Count, 181
[TOTAL_GC_TIME_G1_Young_Generation], Time(ms), 32263
[TOTAL_GC_TIME_%_G1_Young_Generation], Time(%), 27.306351140903246
[TOTAL_GCS_G1_Old_Generation], Count, 0
[TOTAL_GC_TIME_G1_Old_Generation], Time(ms), 0
[TOTAL_GC_TIME_%_G1_Old_Generation], Time(%), 0.0
[TOTAL_GCs], Count, 181
[TOTAL_GC_TIME], Time(ms), 32263
[TOTAL_GC_TIME_%], Time(%), 27.306351140903246
[MAX_MEM_USED], MBs, 7198
[MIN_MEM_USED], MBs, 92
[MAX_THREADS], Count, 38
[MIN_THREADS], Count, 3
[MAX_SYS_LOAD_AVG], Load, 21.54
[MIN_SYS_LOAD_AVG], Load, 13.88
[THREAD_COUNT], Operations, 13
[THREAD_COUNT], AverageLatency(ns), 34.69230769230769
[THREAD_COUNT], MinLatency(ns), 3
[THREAD_COUNT], MaxLatency(ns), 38
[THREAD_COUNT], 95thPercentileLatency(ns), 38
[THREAD_COUNT], 99thPercentileLatency(ns), 38
[SYS_LOAD_AVG], Operations, 13
[SYS_LOAD_AVG], AverageLatency(ns), 18.53846153846154
[SYS_LOAD_AVG], MinLatency(ns), 13
[SYS_LOAD_AVG], MaxLatency(ns), 21
[SYS_LOAD_AVG], 95thPercentileLatency(ns), 20
[SYS_LOAD_AVG], 99thPercentileLatency(ns), 21
[LOAD], Operations, 32
[LOAD], AverageLatency(ns), 1.703809024E10
[LOAD], MinLatency(ns), 16261644288
[LOAD], MaxLatency(ns), 17291018239
[LOAD], 95thPercentileLatency(ns), 17284071423
[LOAD], 99thPercentileLatency(ns), 17291018239
[USED_MEM_MB], Operations, 13
[USED_MEM_MB], AverageLatency(ns), 4969.692307692308
[USED_MEM_MB], MinLatency(ns), 92
[USED_MEM_MB], MaxLatency(ns), 7198
[USED_MEM_MB], 95thPercentileLatency(ns), 6633
[USED_MEM_MB], 99thPercentileLatency(ns), 7198
[MAIN_GCs_Count], Operations, 32
[MAIN_GCs_Count], AverageLatency(ns), 153.25
[MAIN_GCs_Count], MinLatency(ns), 152
[MAIN_GCs_Count], MaxLatency(ns), 154
[MAIN_GCs_Count], 95thPercentileLatency(ns), 154
[MAIN_GCs_Count], 99thPercentileLatency(ns), 154
[MAIN_GCs_Time(ms)], Operations, 32
[MAIN_GCs_Time(ms)], AverageLatency(ns), 30009.1875
[MAIN_GCs_Time(ms)], MinLatency(ns), 29732
[MAIN_GCs_Time(ms)], MaxLatency(ns), 30167
[MAIN_GCs_Time(ms)], 95thPercentileLatency(ns), 30167
[MAIN_GCs_Time(ms)], 99thPercentileLatency(ns), 30167
[TRANSACTION], Operations, 32
[TRANSACTION], AverageLatency(ns), 9.8633121792E10
[TRANSACTION], MinLatency(ns), 97783382016
[TRANSACTION], MaxLatency(ns), 98994487295
[TRANSACTION], 95thPercentileLatency(ns), 98949922815
[TRANSACTION], 99thPercentileLatency(ns), 98994487295
[GCS_TIME], Operations, 13
[GCS_TIME], AverageLatency(ns), 2481.769230769231
[GCS_TIME], MinLatency(ns), 0
[GCS_TIME], MaxLatency(ns), 3198
[GCS_TIME], 95thPercentileLatency(ns), 3187
[GCS_TIME], 99thPercentileLatency(ns), 3198
[LOAD_GCs_Time(ms)], Operations, 32
[LOAD_GCs_Time(ms)], AverageLatency(ns), 2009.34375
[LOAD_GCs_Time(ms)], MinLatency(ns), 1905
[LOAD_GCs_Time(ms)], MaxLatency(ns), 2064
[LOAD_GCs_Time(ms)], 95thPercentileLatency(ns), 2064
[LOAD_GCs_Time(ms)], 99thPercentileLatency(ns), 2064
[READ], Operations, 29998697
[READ], AverageLatency(ns), 39967.223339800395
[READ], MinLatency(ns), 275
[READ], MaxLatency(ns), 246718463
[READ], 95thPercentileLatency(ns), 194432
[READ], 99thPercentileLatency(ns), 238855
[READ], Return=OK, 29998697
[INIT], Operations, 32
[INIT], AverageLatency(ns), 1.616938752E9
[INIT], MinLatency(ns), 1610792960
[INIT], MaxLatency(ns), 1623867391
[INIT], 95thPercentileLatency(ns), 1623220223
[INIT], 99thPercentileLatency(ns), 1623867391
[GCS], Operations, 13
[GCS], AverageLatency(ns), 13.923076923076923
[GCS], MinLatency(ns), 0
[GCS], MaxLatency(ns), 21
[GCS], 95thPercentileLatency(ns), 16
[GCS], 99thPercentileLatency(ns), 21
[LOAD_GCs_Count], Operations, 32
[LOAD_GCs_Count], AverageLatency(ns), 24.65625
[LOAD_GCs_Count], MinLatency(ns), 24
[LOAD_GCs_Count], MaxLatency(ns), 25
[LOAD_GCs_Count], 95thPercentileLatency(ns), 25
[LOAD_GCs_Count], 99thPercentileLatency(ns), 25
[CLEANUP], Operations, 32
[CLEANUP], AverageLatency(ns), 3.68455675E8
[CLEANUP], MinLatency(ns), 8710208
[CLEANUP], MaxLatency(ns), 1200381951
[CLEANUP], 95thPercentileLatency(ns), 678424575
[CLEANUP], 99thPercentileLatency(ns), 1200381951
[INSERT], Operations, 1000000
[INSERT], AverageLatency(ns), 207810.321955
[INSERT], MinLatency(ns), 5142
[INSERT], MaxLatency(ns), 202470399
[INSERT], 95thPercentileLatency(ns), 222134
[INSERT], 99thPercentileLatency(ns), 4038319
[INSERT], Return=OK, 1000000
[UPDATE], Operations, 30001303
[UPDATE], AverageLatency(ns), 45460.96124061678
[UPDATE], MinLatency(ns), 499
[UPDATE], MaxLatency(ns), 246710271
[UPDATE], 95thPercentileLatency(ns), 199384
[UPDATE], 99thPercentileLatency(ns), 242031
[UPDATE], Return=OK, 30001303
