/home/anatole/jdk8u/build/linux-x86_64-normal-server-release/jdk/bin/java -Xmx20g -XX:+UseG1GC -classpath /home/anatole/ycsb/conf:/home/anatole/ycsb/core/target/core-0.18.0-SNAPSHOT.jar:/home/anatole/ycsb/core/target/dependency/HdrHistogram-2.1.4.jar:/home/anatole/ycsb/core/target/dependency/guava-18.0.jar:/home/anatole/ycsb/core/target/dependency/htrace-core4-4.1.0-incubating.jar:/home/anatole/ycsb/core/target/dependency/jackson-core-asl-1.9.4.jar:/home/anatole/ycsb/core/target/dependency/jackson-mapper-asl-1.9.4.jar:/home/anatole/ycsb/core/target/dependency/javax.persistence-api-2.2.jar:/home/anatole/ycsb/core/target/dependency/jnvm-1.0-SNAPSHOT.jar:/home/anatole/ycsb/core/target/dependency/pcj-1.0.jar:/home/anatole/ycsb/core/target/dependency/unsafe-helper-1.0.jar:/home/anatole/ycsb/infinispan/src/main/conf:/home/anatole/ycsb/infinispan/target/infinispan-binding-0.18.0-SNAPSHOT.jar:/home/anatole/ycsb/infinispan/target/dependency/caffeine-2.6.2.jar:/home/anatole/ycsb/infinispan/target/dependency/gson-2.8.2.jar:/home/anatole/ycsb/infinispan/target/dependency/guava-18.0.jar:/home/anatole/ycsb/infinispan/target/dependency/infinispan-cachestore-jnvm-1.0-SNAPSHOT.jar:/home/anatole/ycsb/infinispan/target/dependency/infinispan-cachestore-pcj-1.0-SNAPSHOT.jar:/home/anatole/ycsb/infinispan/target/dependency/infinispan-client-hotrod-9.4.20.Final.jar:/home/anatole/ycsb/infinispan/target/dependency/infinispan-commons-9.4.20.Final.jar:/home/anatole/ycsb/infinispan/target/dependency/infinispan-core-9.4.20.Final.jar:/home/anatole/ycsb/infinispan/target/dependency/javax.persistence-api-2.2.jar:/home/anatole/ycsb/infinispan/target/dependency/jboss-logging-3.3.2.Final.jar:/home/anatole/ycsb/infinispan/target/dependency/jboss-marshalling-osgi-2.0.6.Final.jar:/home/anatole/ycsb/infinispan/target/dependency/jboss-transaction-api_1.2_spec-1.1.1.Final.jar:/home/anatole/ycsb/infinispan/target/dependency/jgroups-4.0.21.Final.jar:/home/anatole/ycsb/infinispan/target/dependency/jnvm-1.0-SNAPSHOT.jar:/home/anatole/ycsb/infinispan/target/dependency/metainf-services-1.7.jar:/home/anatole/ycsb/infinispan/target/dependency/netty-buffer-4.1.51.Final.jar:/home/anatole/ycsb/infinispan/target/dependency/netty-codec-4.1.51.Final.jar:/home/anatole/ycsb/infinispan/target/dependency/netty-common-4.1.51.Final.jar:/home/anatole/ycsb/infinispan/target/dependency/netty-handler-4.1.51.Final.jar:/home/anatole/ycsb/infinispan/target/dependency/netty-resolver-4.1.51.Final.jar:/home/anatole/ycsb/infinispan/target/dependency/netty-transport-4.1.51.Final.jar:/home/anatole/ycsb/infinispan/target/dependency/netty-transport-native-epoll-4.1.51.Final-linux-x86_64.jar:/home/anatole/ycsb/infinispan/target/dependency/netty-transport-native-unix-common-4.1.51.Final.jar:/home/anatole/ycsb/infinispan/target/dependency/pcj-1.0.jar:/home/anatole/ycsb/infinispan/target/dependency/reactive-streams-1.0.2.jar:/home/anatole/ycsb/infinispan/target/dependency/rxjava-2.2.4.jar:/home/anatole/ycsb/infinispan/target/dependency/unsafe-helper-1.0.jar site.ycsb.Client -t -db site.ycsb.db.InfinispanClient -P ../workloads/workloadc -preload -s -threads 28 -p dataintegrity=true -p offheap=false -p pcj=false -p recordcount=1000000 -p operationcount=60000000 -p fieldcount=10 -p fieldlength=100 -p requestdistribution=zipfian -p measurement.trackjvm=true -p measurementtype=hdrhistogram -p hdrhistogram.output.path=./out/exp5.concurrent.ref/log/infinispan.run.workloadc.true.1000000.100000.10.100.zipfian.28.false..default.default.none.r6.hdr.log
[OVERALL], RunTime(ms), 546190
[OVERALL], Throughput(ops/sec), 111682.74776176788
[TOTAL_GCS_G1_Young_Generation], Count, 102
[TOTAL_GC_TIME_G1_Young_Generation], Time(ms), 9102
[TOTAL_GC_TIME_%_G1_Young_Generation], Time(%), 1.6664530657829695
[TOTAL_GCS_G1_Old_Generation], Count, 0
[TOTAL_GC_TIME_G1_Old_Generation], Time(ms), 0
[TOTAL_GC_TIME_%_G1_Old_Generation], Time(%), 0.0
[TOTAL_GCs], Count, 102
[TOTAL_GC_TIME], Time(ms), 9102
[TOTAL_GC_TIME_%], Time(%), 1.6664530657829695
[MAX_MEM_USED], MBs, 10231
[MIN_MEM_USED], MBs, 88
[MAX_THREADS], Count, 34
[MIN_THREADS], Count, 2
[MAX_SYS_LOAD_AVG], Load, 11.36
[MIN_SYS_LOAD_AVG], Load, 8.33
[THREAD_COUNT], Operations, 56
[THREAD_COUNT], AverageLatency(ns), 31.821428571428573
[THREAD_COUNT], MinLatency(ns), 2
[THREAD_COUNT], MaxLatency(ns), 34
[THREAD_COUNT], 95thPercentileLatency(ns), 34
[THREAD_COUNT], 99thPercentileLatency(ns), 34
[SYS_LOAD_AVG], Operations, 56
[SYS_LOAD_AVG], AverageLatency(ns), 8.714285714285714
[SYS_LOAD_AVG], MinLatency(ns), 8
[SYS_LOAD_AVG], MaxLatency(ns), 11
[SYS_LOAD_AVG], 95thPercentileLatency(ns), 10
[SYS_LOAD_AVG], 99thPercentileLatency(ns), 10
[LOAD], Operations, 28
[LOAD], AverageLatency(ns), 1.2936972580571428E10
[LOAD], MinLatency(ns), 11345461248
[LOAD], MaxLatency(ns), 14072610815
[LOAD], 95thPercentileLatency(ns), 13798998015
[LOAD], 99thPercentileLatency(ns), 14072610815
[USED_MEM_MB], Operations, 56
[USED_MEM_MB], AverageLatency(ns), 6233.0
[USED_MEM_MB], MinLatency(ns), 88
[USED_MEM_MB], MaxLatency(ns), 10231
[USED_MEM_MB], 95thPercentileLatency(ns), 9680
[USED_MEM_MB], 99thPercentileLatency(ns), 10100
[MAIN_GCs_Count], Operations, 28
[MAIN_GCs_Count], AverageLatency(ns), 81.92857142857143
[MAIN_GCs_Count], MinLatency(ns), 81
[MAIN_GCs_Count], MaxLatency(ns), 82
[MAIN_GCs_Count], 95thPercentileLatency(ns), 82
[MAIN_GCs_Count], 99thPercentileLatency(ns), 82
[MAIN_GCs_Time(ms)], Operations, 28
[MAIN_GCs_Time(ms)], AverageLatency(ns), 8227.857142857143
[MAIN_GCs_Time(ms)], MinLatency(ns), 8122
[MAIN_GCs_Time(ms)], MaxLatency(ns), 8236
[MAIN_GCs_Time(ms)], 95thPercentileLatency(ns), 8236
[MAIN_GCs_Time(ms)], 99thPercentileLatency(ns), 8236
[TRANSACTION], Operations, 28
[TRANSACTION], AverageLatency(ns), 5.301229509485714E11
[TRANSACTION], MinLatency(ns), 524996837376
[TRANSACTION], MaxLatency(ns), 531183435775
[TRANSACTION], 95thPercentileLatency(ns), 531179241471
[TRANSACTION], 99thPercentileLatency(ns), 531183435775
[GCS_TIME], Operations, 56
[GCS_TIME], AverageLatency(ns), 162.53571428571428
[GCS_TIME], MinLatency(ns), 0
[GCS_TIME], MaxLatency(ns), 698
[GCS_TIME], 95thPercentileLatency(ns), 242
[GCS_TIME], 99thPercentileLatency(ns), 609
[LOAD_GCs_Time(ms)], Operations, 28
[LOAD_GCs_Time(ms)], AverageLatency(ns), 813.5714285714286
[LOAD_GCs_Time(ms)], MinLatency(ns), 738
[LOAD_GCs_Time(ms)], MaxLatency(ns), 830
[LOAD_GCs_Time(ms)], 95thPercentileLatency(ns), 830
[LOAD_GCs_Time(ms)], 99thPercentileLatency(ns), 830
[READ], Operations, 60000000
[READ], AverageLatency(ns), 244483.35188646667
[READ], MinLatency(ns), 186
[READ], MaxLatency(ns), 232013823
[READ], 95thPercentileLatency(ns), 971647
[READ], 99thPercentileLatency(ns), 1432471
[READ], Return=OK, 60000000
[INIT], Operations, 28
[INIT], AverageLatency(ns), 6.331488548571428E8
[INIT], MinLatency(ns), 626905088
[INIT], MaxLatency(ns), 639889407
[INIT], 95thPercentileLatency(ns), 639795199
[INIT], 99thPercentileLatency(ns), 639889407
[GCS], Operations, 56
[GCS], AverageLatency(ns), 1.8214285714285714
[GCS], MinLatency(ns), 0
[GCS], MaxLatency(ns), 18
[GCS], 95thPercentileLatency(ns), 2
[GCS], 99thPercentileLatency(ns), 4
[LOAD_GCs_Count], Operations, 28
[LOAD_GCs_Count], AverageLatency(ns), 17.821428571428573
[LOAD_GCs_Count], MinLatency(ns), 17
[LOAD_GCs_Count], MaxLatency(ns), 18
[LOAD_GCs_Count], 95thPercentileLatency(ns), 18
[LOAD_GCs_Count], 99thPercentileLatency(ns), 18
[CLEANUP], Operations, 28
[CLEANUP], AverageLatency(ns), 1.1206475154285715E9
[CLEANUP], MinLatency(ns), 61562624
[CLEANUP], MaxLatency(ns), 6223855615
[CLEANUP], 95thPercentileLatency(ns), 4739596287
[CLEANUP], 99thPercentileLatency(ns), 6223855615
[INSERT], Operations, 1000000
[INSERT], AverageLatency(ns), 346191.017748
[INSERT], MinLatency(ns), 23167
[INSERT], MaxLatency(ns), 1252163583
[INSERT], 95thPercentileLatency(ns), 391405
[INSERT], 99thPercentileLatency(ns), 591055
[INSERT], Return=OK, 1000000
