/home/anatole/jdk8u/build/linux-x86_64-normal-server-release/jdk/bin/java -Xmx20g -XX:+UseG1GC -classpath /home/anatole/ycsb/conf:/home/anatole/ycsb/core/target/core-0.18.0-SNAPSHOT.jar:/home/anatole/ycsb/core/target/dependency/HdrHistogram-2.1.4.jar:/home/anatole/ycsb/core/target/dependency/guava-18.0.jar:/home/anatole/ycsb/core/target/dependency/htrace-core4-4.1.0-incubating.jar:/home/anatole/ycsb/core/target/dependency/jackson-core-asl-1.9.4.jar:/home/anatole/ycsb/core/target/dependency/jackson-mapper-asl-1.9.4.jar:/home/anatole/ycsb/core/target/dependency/javax.persistence-api-2.2.jar:/home/anatole/ycsb/core/target/dependency/jnvm-1.0-SNAPSHOT.jar:/home/anatole/ycsb/core/target/dependency/pcj-1.0.jar:/home/anatole/ycsb/core/target/dependency/unsafe-helper-1.0.jar:/home/anatole/ycsb/infinispan/src/main/conf:/home/anatole/ycsb/infinispan/target/infinispan-binding-0.18.0-SNAPSHOT.jar:/home/anatole/ycsb/infinispan/target/dependency/caffeine-2.6.2.jar:/home/anatole/ycsb/infinispan/target/dependency/gson-2.8.2.jar:/home/anatole/ycsb/infinispan/target/dependency/guava-18.0.jar:/home/anatole/ycsb/infinispan/target/dependency/infinispan-cachestore-jnvm-1.0-SNAPSHOT.jar:/home/anatole/ycsb/infinispan/target/dependency/infinispan-cachestore-pcj-1.0-SNAPSHOT.jar:/home/anatole/ycsb/infinispan/target/dependency/infinispan-client-hotrod-9.4.20.Final.jar:/home/anatole/ycsb/infinispan/target/dependency/infinispan-commons-9.4.20.Final.jar:/home/anatole/ycsb/infinispan/target/dependency/infinispan-core-9.4.20.Final.jar:/home/anatole/ycsb/infinispan/target/dependency/javax.persistence-api-2.2.jar:/home/anatole/ycsb/infinispan/target/dependency/jboss-logging-3.3.2.Final.jar:/home/anatole/ycsb/infinispan/target/dependency/jboss-marshalling-osgi-2.0.6.Final.jar:/home/anatole/ycsb/infinispan/target/dependency/jboss-transaction-api_1.2_spec-1.1.1.Final.jar:/home/anatole/ycsb/infinispan/target/dependency/jgroups-4.0.21.Final.jar:/home/anatole/ycsb/infinispan/target/dependency/jnvm-1.0-SNAPSHOT.jar:/home/anatole/ycsb/infinispan/target/dependency/metainf-services-1.7.jar:/home/anatole/ycsb/infinispan/target/dependency/netty-buffer-4.1.51.Final.jar:/home/anatole/ycsb/infinispan/target/dependency/netty-codec-4.1.51.Final.jar:/home/anatole/ycsb/infinispan/target/dependency/netty-common-4.1.51.Final.jar:/home/anatole/ycsb/infinispan/target/dependency/netty-handler-4.1.51.Final.jar:/home/anatole/ycsb/infinispan/target/dependency/netty-resolver-4.1.51.Final.jar:/home/anatole/ycsb/infinispan/target/dependency/netty-transport-4.1.51.Final.jar:/home/anatole/ycsb/infinispan/target/dependency/netty-transport-native-epoll-4.1.51.Final-linux-x86_64.jar:/home/anatole/ycsb/infinispan/target/dependency/netty-transport-native-unix-common-4.1.51.Final.jar:/home/anatole/ycsb/infinispan/target/dependency/pcj-1.0.jar:/home/anatole/ycsb/infinispan/target/dependency/reactive-streams-1.0.2.jar:/home/anatole/ycsb/infinispan/target/dependency/rxjava-2.2.4.jar:/home/anatole/ycsb/infinispan/target/dependency/unsafe-helper-1.0.jar site.ycsb.Client -t -db site.ycsb.db.InfinispanClient -P ../workloads/workloada -preload -s -threads 1 -p dataintegrity=true -p offheap=false -p pcj=false -p recordcount=1000000 -p operationcount=3000000 -p fieldcount=10 -p fieldlength=100 -p requestdistribution=zipfian -p measurement.trackjvm=true -p measurementtype=hdrhistogram -p hdrhistogram.output.path=./out/exp5.concurrent.ref/log/infinispan.run.workloada.true.1000000.1000000.10.100.zipfian.1.true..default.default.none.r3.hdr.log
[OVERALL], RunTime(ms), 24030
[OVERALL], Throughput(ops/sec), 166458.59342488556
[TOTAL_GCS_G1_Young_Generation], Count, 33
[TOTAL_GC_TIME_G1_Young_Generation], Time(ms), 3200
[TOTAL_GC_TIME_%_G1_Young_Generation], Time(%), 13.316687473990847
[TOTAL_GCS_G1_Old_Generation], Count, 0
[TOTAL_GC_TIME_G1_Old_Generation], Time(ms), 0
[TOTAL_GC_TIME_%_G1_Old_Generation], Time(%), 0.0
[TOTAL_GCs], Count, 33
[TOTAL_GC_TIME], Time(ms), 3200
[TOTAL_GC_TIME_%], Time(%), 13.316687473990847
[MAX_MEM_USED], MBs, 5379
[MIN_MEM_USED], MBs, 50
[MAX_THREADS], Count, 7
[MIN_THREADS], Count, 3
[MAX_SYS_LOAD_AVG], Load, 6.74
[MIN_SYS_LOAD_AVG], Load, 4.7
[THREAD_COUNT], Operations, 4
[THREAD_COUNT], AverageLatency(ns), 5.25
[THREAD_COUNT], MinLatency(ns), 3
[THREAD_COUNT], MaxLatency(ns), 7
[THREAD_COUNT], 95thPercentileLatency(ns), 7
[THREAD_COUNT], 99thPercentileLatency(ns), 7
[SYS_LOAD_AVG], Operations, 4
[SYS_LOAD_AVG], AverageLatency(ns), 5.25
[SYS_LOAD_AVG], MinLatency(ns), 4
[SYS_LOAD_AVG], MaxLatency(ns), 6
[SYS_LOAD_AVG], 95thPercentileLatency(ns), 6
[SYS_LOAD_AVG], 99thPercentileLatency(ns), 6
[LOAD], Operations, 1
[LOAD], AverageLatency(ns), 1.3944193024E10
[LOAD], MinLatency(ns), 13944160256
[LOAD], MaxLatency(ns), 13944225791
[LOAD], 95thPercentileLatency(ns), 13944225791
[LOAD], 99thPercentileLatency(ns), 13944225791
[USED_MEM_MB], Operations, 4
[USED_MEM_MB], AverageLatency(ns), 3488.75
[USED_MEM_MB], MinLatency(ns), 50
[USED_MEM_MB], MaxLatency(ns), 5379
[USED_MEM_MB], 95thPercentileLatency(ns), 5379
[USED_MEM_MB], 99thPercentileLatency(ns), 5379
[MAIN_GCs_Count], Operations, 1
[MAIN_GCs_Count], AverageLatency(ns), 7.0
[MAIN_GCs_Count], MinLatency(ns), 7
[MAIN_GCs_Count], MaxLatency(ns), 7
[MAIN_GCs_Count], 95thPercentileLatency(ns), 7
[MAIN_GCs_Count], 99thPercentileLatency(ns), 7
[MAIN_GCs_Time(ms)], Operations, 1
[MAIN_GCs_Time(ms)], AverageLatency(ns), 1048.0
[MAIN_GCs_Time(ms)], MinLatency(ns), 1048
[MAIN_GCs_Time(ms)], MaxLatency(ns), 1048
[MAIN_GCs_Time(ms)], 95thPercentileLatency(ns), 1048
[MAIN_GCs_Time(ms)], 99thPercentileLatency(ns), 1048
[TRANSACTION], Operations, 1
[TRANSACTION], AverageLatency(ns), 8.851980288E9
[TRANSACTION], MinLatency(ns), 8851947520
[TRANSACTION], MaxLatency(ns), 8852013055
[TRANSACTION], 95thPercentileLatency(ns), 8852013055
[TRANSACTION], 99thPercentileLatency(ns), 8852013055
[GCS_TIME], Operations, 4
[GCS_TIME], AverageLatency(ns), 800.0
[GCS_TIME], MinLatency(ns), 0
[GCS_TIME], MaxLatency(ns), 1502
[GCS_TIME], 95thPercentileLatency(ns), 1502
[GCS_TIME], 99thPercentileLatency(ns), 1502
[LOAD_GCs_Time(ms)], Operations, 1
[LOAD_GCs_Time(ms)], AverageLatency(ns), 2130.0
[LOAD_GCs_Time(ms)], MinLatency(ns), 2130
[LOAD_GCs_Time(ms)], MaxLatency(ns), 2130
[LOAD_GCs_Time(ms)], 95thPercentileLatency(ns), 2130
[LOAD_GCs_Time(ms)], 99thPercentileLatency(ns), 2130
[READ], Operations, 1500292
[READ], AverageLatency(ns), 680.8334904138661
[READ], MinLatency(ns), 240
[READ], MaxLatency(ns), 1613391
[READ], 95thPercentileLatency(ns), 1699
[READ], 99thPercentileLatency(ns), 2487
[READ], Return=OK, 1500292
[INIT], Operations, 1
[INIT], AverageLatency(ns), 6.72974848E8
[INIT], MinLatency(ns), 672972800
[INIT], MaxLatency(ns), 672976895
[INIT], 95thPercentileLatency(ns), 672976895
[INIT], 99thPercentileLatency(ns), 672976895
[GCS], Operations, 4
[GCS], AverageLatency(ns), 8.25
[GCS], MinLatency(ns), 0
[GCS], MaxLatency(ns), 22
[GCS], 95thPercentileLatency(ns), 22
[GCS], 99thPercentileLatency(ns), 22
[LOAD_GCs_Count], Operations, 1
[LOAD_GCs_Count], AverageLatency(ns), 25.0
[LOAD_GCs_Count], MinLatency(ns), 25
[LOAD_GCs_Count], MaxLatency(ns), 25
[LOAD_GCs_Count], 95thPercentileLatency(ns), 25
[LOAD_GCs_Count], 99thPercentileLatency(ns), 25
[CLEANUP], Operations, 1
[CLEANUP], AverageLatency(ns), 4.8501248E8
[CLEANUP], MinLatency(ns), 485011456
[CLEANUP], MaxLatency(ns), 485013503
[CLEANUP], 95thPercentileLatency(ns), 485013503
[CLEANUP], 99thPercentileLatency(ns), 485013503
[INSERT], Operations, 1000000
[INSERT], AverageLatency(ns), 2751.179717
[INSERT], MinLatency(ns), 1600
[INSERT], MaxLatency(ns), 172866559
[INSERT], 95thPercentileLatency(ns), 2528
[INSERT], 99thPercentileLatency(ns), 5523
[INSERT], Return=OK, 1000000
[UPDATE], Operations, 1499708
[UPDATE], AverageLatency(ns), 2797.1107195534064
[UPDATE], MinLatency(ns), 1220
[UPDATE], MaxLatency(ns), 237248511
[UPDATE], 95thPercentileLatency(ns), 4002
[UPDATE], 99thPercentileLatency(ns), 4958
[UPDATE], Return=OK, 1499708
