/home/anatole/jdk8u/build/linux-x86_64-normal-server-release/jdk/bin/java -Xmx20g -XX:+UseG1GC -classpath /home/anatole/ycsb/conf:/home/anatole/ycsb/core/target/core-0.18.0-SNAPSHOT.jar:/home/anatole/ycsb/core/target/dependency/HdrHistogram-2.1.4.jar:/home/anatole/ycsb/core/target/dependency/guava-18.0.jar:/home/anatole/ycsb/core/target/dependency/htrace-core4-4.1.0-incubating.jar:/home/anatole/ycsb/core/target/dependency/jackson-core-asl-1.9.4.jar:/home/anatole/ycsb/core/target/dependency/jackson-mapper-asl-1.9.4.jar:/home/anatole/ycsb/core/target/dependency/javax.persistence-api-2.2.jar:/home/anatole/ycsb/core/target/dependency/jnvm-1.0-SNAPSHOT.jar:/home/anatole/ycsb/core/target/dependency/pcj-1.0.jar:/home/anatole/ycsb/core/target/dependency/unsafe-helper-1.0.jar:/home/anatole/ycsb/infinispan/src/main/conf:/home/anatole/ycsb/infinispan/target/infinispan-binding-0.18.0-SNAPSHOT.jar:/home/anatole/ycsb/infinispan/target/dependency/caffeine-2.6.2.jar:/home/anatole/ycsb/infinispan/target/dependency/gson-2.8.2.jar:/home/anatole/ycsb/infinispan/target/dependency/guava-18.0.jar:/home/anatole/ycsb/infinispan/target/dependency/infinispan-cachestore-jnvm-1.0-SNAPSHOT.jar:/home/anatole/ycsb/infinispan/target/dependency/infinispan-cachestore-pcj-1.0-SNAPSHOT.jar:/home/anatole/ycsb/infinispan/target/dependency/infinispan-client-hotrod-9.4.20.Final.jar:/home/anatole/ycsb/infinispan/target/dependency/infinispan-commons-9.4.20.Final.jar:/home/anatole/ycsb/infinispan/target/dependency/infinispan-core-9.4.20.Final.jar:/home/anatole/ycsb/infinispan/target/dependency/javax.persistence-api-2.2.jar:/home/anatole/ycsb/infinispan/target/dependency/jboss-logging-3.3.2.Final.jar:/home/anatole/ycsb/infinispan/target/dependency/jboss-marshalling-osgi-2.0.6.Final.jar:/home/anatole/ycsb/infinispan/target/dependency/jboss-transaction-api_1.2_spec-1.1.1.Final.jar:/home/anatole/ycsb/infinispan/target/dependency/jgroups-4.0.21.Final.jar:/home/anatole/ycsb/infinispan/target/dependency/jnvm-1.0-SNAPSHOT.jar:/home/anatole/ycsb/infinispan/target/dependency/metainf-services-1.7.jar:/home/anatole/ycsb/infinispan/target/dependency/netty-buffer-4.1.51.Final.jar:/home/anatole/ycsb/infinispan/target/dependency/netty-codec-4.1.51.Final.jar:/home/anatole/ycsb/infinispan/target/dependency/netty-common-4.1.51.Final.jar:/home/anatole/ycsb/infinispan/target/dependency/netty-handler-4.1.51.Final.jar:/home/anatole/ycsb/infinispan/target/dependency/netty-resolver-4.1.51.Final.jar:/home/anatole/ycsb/infinispan/target/dependency/netty-transport-4.1.51.Final.jar:/home/anatole/ycsb/infinispan/target/dependency/netty-transport-native-epoll-4.1.51.Final-linux-x86_64.jar:/home/anatole/ycsb/infinispan/target/dependency/netty-transport-native-unix-common-4.1.51.Final.jar:/home/anatole/ycsb/infinispan/target/dependency/pcj-1.0.jar:/home/anatole/ycsb/infinispan/target/dependency/reactive-streams-1.0.2.jar:/home/anatole/ycsb/infinispan/target/dependency/rxjava-2.2.4.jar:/home/anatole/ycsb/infinispan/target/dependency/unsafe-helper-1.0.jar site.ycsb.Client -t -db site.ycsb.db.InfinispanJNVMClient -P ../workloads/workloadc -preload -s -threads 16 -p dataintegrity=true -p offheap=true -p pcj=false -p recordcount=1000000 -p operationcount=48000000 -p fieldcount=10 -p fieldlength=100 -p requestdistribution=zipfian -p measurement.trackjvm=true -p measurementtype=hdrhistogram -p hdrhistogram.output.path=./out/exp5.concurrent.ref/log/infinispan-jnvm.run.workloadc.true.1000000.1.10.100.zipfian.16.false..default.default.none.r2.hdr.log
[OVERALL], RunTime(ms), 39707
[OVERALL], Throughput(ops/sec), 1234039.3381519632
[TOTAL_GCS_G1_Young_Generation], Count, 33
[TOTAL_GC_TIME_G1_Young_Generation], Time(ms), 2439
[TOTAL_GC_TIME_%_G1_Young_Generation], Time(%), 6.142493766842119
[TOTAL_GCS_G1_Old_Generation], Count, 0
[TOTAL_GC_TIME_G1_Old_Generation], Time(ms), 0
[TOTAL_GC_TIME_%_G1_Old_Generation], Time(%), 0.0
[TOTAL_GCs], Count, 33
[TOTAL_GC_TIME], Time(ms), 2439
[TOTAL_GC_TIME_%], Time(%), 6.142493766842119
[MAX_MEM_USED], MBs, 14102
[MIN_MEM_USED], MBs, 72
[MAX_THREADS], Count, 22
[MIN_THREADS], Count, 4
[MAX_SYS_LOAD_AVG], Load, 10.65
[MIN_SYS_LOAD_AVG], Load, 9.22
[THREAD_COUNT], Operations, 5
[THREAD_COUNT], AverageLatency(ns), 17.6
[THREAD_COUNT], MinLatency(ns), 4
[THREAD_COUNT], MaxLatency(ns), 22
[THREAD_COUNT], 95thPercentileLatency(ns), 22
[THREAD_COUNT], 99thPercentileLatency(ns), 22
[SYS_LOAD_AVG], Operations, 5
[SYS_LOAD_AVG], AverageLatency(ns), 9.6
[SYS_LOAD_AVG], MinLatency(ns), 9
[SYS_LOAD_AVG], MaxLatency(ns), 10
[SYS_LOAD_AVG], 95thPercentileLatency(ns), 10
[SYS_LOAD_AVG], 99thPercentileLatency(ns), 10
[LOAD], Operations, 16
[LOAD], AverageLatency(ns), 1.5275413504E10
[LOAD], MinLatency(ns), 14850523136
[LOAD], MaxLatency(ns), 15415836671
[LOAD], 95thPercentileLatency(ns), 15408431103
[LOAD], 99thPercentileLatency(ns), 15415836671
[USED_MEM_MB], Operations, 5
[USED_MEM_MB], AverageLatency(ns), 5347.6
[USED_MEM_MB], MinLatency(ns), 72
[USED_MEM_MB], MaxLatency(ns), 14102
[USED_MEM_MB], 95thPercentileLatency(ns), 14102
[USED_MEM_MB], 99thPercentileLatency(ns), 14102
[MAIN_GCs_Count], Operations, 16
[MAIN_GCs_Count], AverageLatency(ns), 6.3125
[MAIN_GCs_Count], MinLatency(ns), 5
[MAIN_GCs_Count], MaxLatency(ns), 8
[MAIN_GCs_Count], 95thPercentileLatency(ns), 8
[MAIN_GCs_Count], 99thPercentileLatency(ns), 8
[MAIN_GCs_Time(ms)], Operations, 16
[MAIN_GCs_Time(ms)], AverageLatency(ns), 395.8125
[MAIN_GCs_Time(ms)], MinLatency(ns), 307
[MAIN_GCs_Time(ms)], MaxLatency(ns), 510
[MAIN_GCs_Time(ms)], 95thPercentileLatency(ns), 510
[MAIN_GCs_Time(ms)], 99thPercentileLatency(ns), 510
[TRANSACTION], Operations, 16
[TRANSACTION], AverageLatency(ns), 1.685001216E10
[TRANSACTION], MinLatency(ns), 12388073472
[TRANSACTION], MaxLatency(ns), 22506766335
[TRANSACTION], 95thPercentileLatency(ns), 22301114367
[TRANSACTION], 99thPercentileLatency(ns), 22506766335
[GCS_TIME], Operations, 5
[GCS_TIME], AverageLatency(ns), 487.8
[GCS_TIME], MinLatency(ns), 0
[GCS_TIME], MaxLatency(ns), 1107
[GCS_TIME], 95thPercentileLatency(ns), 1107
[GCS_TIME], 99thPercentileLatency(ns), 1107
[LOAD_GCs_Time(ms)], Operations, 16
[LOAD_GCs_Time(ms)], AverageLatency(ns), 1885.4375
[LOAD_GCs_Time(ms)], MinLatency(ns), 1727
[LOAD_GCs_Time(ms)], MaxLatency(ns), 1896
[LOAD_GCs_Time(ms)], 95thPercentileLatency(ns), 1896
[LOAD_GCs_Time(ms)], 99thPercentileLatency(ns), 1896
[READ], Operations, 48000000
[READ], AverageLatency(ns), 4235.257302333333
[READ], MinLatency(ns), 219
[READ], MaxLatency(ns), 11111694335
[READ], 95thPercentileLatency(ns), 2906
[READ], 99thPercentileLatency(ns), 18626
[READ], Return=OK, 48000000
[INIT], Operations, 16
[INIT], AverageLatency(ns), 1.663107584E9
[INIT], MinLatency(ns), 1660018688
[INIT], MaxLatency(ns), 1666981887
[INIT], 95thPercentileLatency(ns), 1666940927
[INIT], 99thPercentileLatency(ns), 1666981887
[GCS], Operations, 5
[GCS], AverageLatency(ns), 6.6
[GCS], MinLatency(ns), 0
[GCS], MaxLatency(ns), 20
[GCS], 95thPercentileLatency(ns), 20
[GCS], 99thPercentileLatency(ns), 20
[LOAD_GCs_Count], Operations, 16
[LOAD_GCs_Count], AverageLatency(ns), 22.9375
[LOAD_GCs_Count], MinLatency(ns), 22
[LOAD_GCs_Count], MaxLatency(ns), 23
[LOAD_GCs_Count], 95thPercentileLatency(ns), 23
[LOAD_GCs_Count], 99thPercentileLatency(ns), 23
[CLEANUP], Operations, 16
[CLEANUP], AverageLatency(ns), 5.653303277E9
[CLEANUP], MinLatency(ns), 5588160
[CLEANUP], MaxLatency(ns), 10113646591
[CLEANUP], 95thPercentileLatency(ns), 10111025151
[CLEANUP], 99thPercentileLatency(ns), 10113646591
[INSERT], Operations, 1000000
[INSERT], AverageLatency(ns), 92638.821546
[INSERT], MinLatency(ns), 3830
[INSERT], MaxLatency(ns), 196187135
[INSERT], 95thPercentileLatency(ns), 72875
[INSERT], 99thPercentileLatency(ns), 2546959
[INSERT], Return=OK, 1000000
