/home/anatole/jdk8u/build/linux-x86_64-normal-server-release/jdk/bin/java -Xmx20g -XX:+UseG1GC -classpath /home/anatole/ycsb/conf:/home/anatole/ycsb/core/target/core-0.18.0-SNAPSHOT.jar:/home/anatole/ycsb/core/target/dependency/HdrHistogram-2.1.4.jar:/home/anatole/ycsb/core/target/dependency/guava-18.0.jar:/home/anatole/ycsb/core/target/dependency/htrace-core4-4.1.0-incubating.jar:/home/anatole/ycsb/core/target/dependency/jackson-core-asl-1.9.4.jar:/home/anatole/ycsb/core/target/dependency/jackson-mapper-asl-1.9.4.jar:/home/anatole/ycsb/core/target/dependency/javax.persistence-api-2.2.jar:/home/anatole/ycsb/core/target/dependency/jnvm-1.0-SNAPSHOT.jar:/home/anatole/ycsb/core/target/dependency/pcj-1.0.jar:/home/anatole/ycsb/core/target/dependency/unsafe-helper-1.0.jar:/home/anatole/ycsb/infinispan/src/main/conf:/home/anatole/ycsb/infinispan/target/infinispan-binding-0.18.0-SNAPSHOT.jar:/home/anatole/ycsb/infinispan/target/dependency/caffeine-2.6.2.jar:/home/anatole/ycsb/infinispan/target/dependency/gson-2.8.2.jar:/home/anatole/ycsb/infinispan/target/dependency/guava-18.0.jar:/home/anatole/ycsb/infinispan/target/dependency/infinispan-cachestore-jnvm-1.0-SNAPSHOT.jar:/home/anatole/ycsb/infinispan/target/dependency/infinispan-cachestore-pcj-1.0-SNAPSHOT.jar:/home/anatole/ycsb/infinispan/target/dependency/infinispan-client-hotrod-9.4.17.Final.jar:/home/anatole/ycsb/infinispan/target/dependency/infinispan-commons-9.4.17.Final.jar:/home/anatole/ycsb/infinispan/target/dependency/infinispan-core-9.4.17.Final.jar:/home/anatole/ycsb/infinispan/target/dependency/infinispan-embedded-9.0.1.Final.jar:/home/anatole/ycsb/infinispan/target/dependency/javax.persistence-api-2.2.jar:/home/anatole/ycsb/infinispan/target/dependency/jboss-logging-3.3.2.Final.jar:/home/anatole/ycsb/infinispan/target/dependency/jboss-marshalling-osgi-2.0.6.Final.jar:/home/anatole/ycsb/infinispan/target/dependency/jboss-transaction-api_1.1_spec-1.0.1.Final.jar:/home/anatole/ycsb/infinispan/target/dependency/jboss-transaction-api_1.2_spec-1.1.1.Final.jar:/home/anatole/ycsb/infinispan/target/dependency/jgroups-4.0.20.Final.jar:/home/anatole/ycsb/infinispan/target/dependency/jnvm-1.0-SNAPSHOT.jar:/home/anatole/ycsb/infinispan/target/dependency/metainf-services-1.7.jar:/home/anatole/ycsb/infinispan/target/dependency/netty-buffer-4.1.42.Final.jar:/home/anatole/ycsb/infinispan/target/dependency/netty-codec-4.1.42.Final.jar:/home/anatole/ycsb/infinispan/target/dependency/netty-common-4.1.42.Final.jar:/home/anatole/ycsb/infinispan/target/dependency/netty-handler-4.1.42.Final.jar:/home/anatole/ycsb/infinispan/target/dependency/netty-resolver-4.1.42.Final.jar:/home/anatole/ycsb/infinispan/target/dependency/netty-transport-4.1.42.Final.jar:/home/anatole/ycsb/infinispan/target/dependency/netty-transport-native-epoll-4.1.42.Final-linux-x86_64.jar:/home/anatole/ycsb/infinispan/target/dependency/netty-transport-native-unix-common-4.1.42.Final.jar:/home/anatole/ycsb/infinispan/target/dependency/pcj-1.0.jar:/home/anatole/ycsb/infinispan/target/dependency/reactive-streams-1.0.2.jar:/home/anatole/ycsb/infinispan/target/dependency/rxjava-2.2.4.jar:/home/anatole/ycsb/infinispan/target/dependency/unsafe-helper-1.0.jar site.ycsb.Client -t -db site.ycsb.db.InfinispanClient -P ../workloads/workloada -threads 1 -p dataintegrity=true -p offheap=false -p recordcount=1000000 -p operationcount=10000000 -p fieldcount=10 -p requestdistribution=zipfian -p measurementtype=hdrhistogram -p hdrhistogram.output.path=./out/exp5.concurrent.ref/log/infinispan.run.workloada.true.1000000.100000.10.zipfian.1.hdr.log
[OVERALL], RunTime(ms), 460631
[OVERALL], Throughput(ops/sec), 21709.350868699676
[TOTAL_GCS_G1_Young_Generation], Count, 375
[TOTAL_GC_TIME_G1_Young_Generation], Time(ms), 13041
[TOTAL_GC_TIME_%_G1_Young_Generation], Time(%), 2.8311164467871244
[TOTAL_GCS_G1_Old_Generation], Count, 0
[TOTAL_GC_TIME_G1_Old_Generation], Time(ms), 0
[TOTAL_GC_TIME_%_G1_Old_Generation], Time(%), 0.0
[TOTAL_GCs], Count, 375
[TOTAL_GC_TIME], Time(ms), 13041
[TOTAL_GC_TIME_%], Time(%), 2.8311164467871244
[READ], Operations, 5001174
[READ], AverageLatency(ns), 17747.778121097166
[READ], MinLatency(ns), 220
[READ], MaxLatency(ns), 70035455
[READ], 95thPercentileLatency(ns), 34910
[READ], 99thPercentileLatency(ns), 38762
[READ], Return=OK, 5001174
[INIT], Operations, 1
[INIT], AverageLatency(ns), 8.489811968E9
[INIT], MinLatency(ns), 8489795584
[INIT], MaxLatency(ns), 8489828351
[INIT], 95thPercentileLatency(ns), 8489828351
[INIT], 99thPercentileLatency(ns), 8489828351
[CLEANUP], Operations, 1
[CLEANUP], AverageLatency(ns), 8.1392384E7
[CLEANUP], MinLatency(ns), 81392128
[CLEANUP], MaxLatency(ns), 81392639
[CLEANUP], 95thPercentileLatency(ns), 81392639
[CLEANUP], 99thPercentileLatency(ns), 81392639
[UPDATE], Operations, 4998826
[UPDATE], AverageLatency(ns), 70369.66383746904
[UPDATE], MinLatency(ns), 45438
[UPDATE], MaxLatency(ns), 99673087
[UPDATE], 95thPercentileLatency(ns), 87616
[UPDATE], 99thPercentileLatency(ns), 98953
[UPDATE], Return=OK, 4998826
[TRANSACTION], Operations, 1
[TRANSACTION], AverageLatency(ns), 4.5198344192E11
[TRANSACTION], MinLatency(ns), 451982393344
[TRANSACTION], MaxLatency(ns), 451984490495
[TRANSACTION], 95thPercentileLatency(ns), 451984490495
[TRANSACTION], 99thPercentileLatency(ns), 451984490495
