/home/anatole/jdk8u/build/linux-x86_64-normal-server-release/jdk/bin/java -Xmx20g -XX:+UseG1GC -classpath /home/anatole/ycsb/conf:/home/anatole/ycsb/core/target/core-0.18.0-SNAPSHOT.jar:/home/anatole/ycsb/core/target/dependency/HdrHistogram-2.1.4.jar:/home/anatole/ycsb/core/target/dependency/guava-18.0.jar:/home/anatole/ycsb/core/target/dependency/htrace-core4-4.1.0-incubating.jar:/home/anatole/ycsb/core/target/dependency/jackson-core-asl-1.9.4.jar:/home/anatole/ycsb/core/target/dependency/jackson-mapper-asl-1.9.4.jar:/home/anatole/ycsb/core/target/dependency/javax.persistence-api-2.2.jar:/home/anatole/ycsb/core/target/dependency/jnvm-1.0-SNAPSHOT.jar:/home/anatole/ycsb/core/target/dependency/pcj-1.0.jar:/home/anatole/ycsb/core/target/dependency/unsafe-helper-1.0.jar:/home/anatole/ycsb/infinispan/src/main/conf:/home/anatole/ycsb/infinispan/target/infinispan-binding-0.18.0-SNAPSHOT.jar:/home/anatole/ycsb/infinispan/target/dependency/caffeine-2.6.2.jar:/home/anatole/ycsb/infinispan/target/dependency/gson-2.8.2.jar:/home/anatole/ycsb/infinispan/target/dependency/guava-18.0.jar:/home/anatole/ycsb/infinispan/target/dependency/infinispan-cachestore-jnvm-1.0-SNAPSHOT.jar:/home/anatole/ycsb/infinispan/target/dependency/infinispan-cachestore-pcj-1.0-SNAPSHOT.jar:/home/anatole/ycsb/infinispan/target/dependency/infinispan-client-hotrod-9.4.20.Final.jar:/home/anatole/ycsb/infinispan/target/dependency/infinispan-commons-9.4.20.Final.jar:/home/anatole/ycsb/infinispan/target/dependency/infinispan-core-9.4.20.Final.jar:/home/anatole/ycsb/infinispan/target/dependency/javax.persistence-api-2.2.jar:/home/anatole/ycsb/infinispan/target/dependency/jboss-logging-3.3.2.Final.jar:/home/anatole/ycsb/infinispan/target/dependency/jboss-marshalling-osgi-2.0.6.Final.jar:/home/anatole/ycsb/infinispan/target/dependency/jboss-transaction-api_1.2_spec-1.1.1.Final.jar:/home/anatole/ycsb/infinispan/target/dependency/jgroups-4.0.21.Final.jar:/home/anatole/ycsb/infinispan/target/dependency/jnvm-1.0-SNAPSHOT.jar:/home/anatole/ycsb/infinispan/target/dependency/metainf-services-1.7.jar:/home/anatole/ycsb/infinispan/target/dependency/netty-buffer-4.1.51.Final.jar:/home/anatole/ycsb/infinispan/target/dependency/netty-codec-4.1.51.Final.jar:/home/anatole/ycsb/infinispan/target/dependency/netty-common-4.1.51.Final.jar:/home/anatole/ycsb/infinispan/target/dependency/netty-handler-4.1.51.Final.jar:/home/anatole/ycsb/infinispan/target/dependency/netty-resolver-4.1.51.Final.jar:/home/anatole/ycsb/infinispan/target/dependency/netty-transport-4.1.51.Final.jar:/home/anatole/ycsb/infinispan/target/dependency/netty-transport-native-epoll-4.1.51.Final-linux-x86_64.jar:/home/anatole/ycsb/infinispan/target/dependency/netty-transport-native-unix-common-4.1.51.Final.jar:/home/anatole/ycsb/infinispan/target/dependency/pcj-1.0.jar:/home/anatole/ycsb/infinispan/target/dependency/reactive-streams-1.0.2.jar:/home/anatole/ycsb/infinispan/target/dependency/rxjava-2.2.4.jar:/home/anatole/ycsb/infinispan/target/dependency/unsafe-helper-1.0.jar site.ycsb.Client -t -db site.ycsb.db.InfinispanJNVMClient -P ../workloads/workloadc -preload -s -threads 4 -p dataintegrity=true -p offheap=true -p pcj=false -p recordcount=1000000 -p operationcount=12000000 -p fieldcount=10 -p fieldlength=100 -p requestdistribution=zipfian -p measurement.trackjvm=true -p measurementtype=hdrhistogram -p hdrhistogram.output.path=./out/exp5.concurrent.ref/log/infinispan-jnvm.run.workloadc.true.1000000.1.10.100.zipfian.4.false..default.default.none.r5.hdr.log
[OVERALL], RunTime(ms), 28356
[OVERALL], Throughput(ops/sec), 458456.76400056423
[TOTAL_GCS_G1_Young_Generation], Count, 29
[TOTAL_GC_TIME_G1_Young_Generation], Time(ms), 2170
[TOTAL_GC_TIME_%_G1_Young_Generation], Time(%), 7.652701368317111
[TOTAL_GCS_G1_Old_Generation], Count, 0
[TOTAL_GC_TIME_G1_Old_Generation], Time(ms), 0
[TOTAL_GC_TIME_%_G1_Old_Generation], Time(%), 0.0
[TOTAL_GCs], Count, 29
[TOTAL_GC_TIME], Time(ms), 2170
[TOTAL_GC_TIME_%], Time(%), 7.652701368317111
[MAX_MEM_USED], MBs, 15426
[MIN_MEM_USED], MBs, 54
[MAX_THREADS], Count, 10
[MIN_THREADS], Count, 4
[MAX_SYS_LOAD_AVG], Load, 6.94
[MIN_SYS_LOAD_AVG], Load, 5.38
[THREAD_COUNT], Operations, 4
[THREAD_COUNT], AverageLatency(ns), 7.5
[THREAD_COUNT], MinLatency(ns), 4
[THREAD_COUNT], MaxLatency(ns), 10
[THREAD_COUNT], 95thPercentileLatency(ns), 10
[THREAD_COUNT], 99thPercentileLatency(ns), 10
[SYS_LOAD_AVG], Operations, 4
[SYS_LOAD_AVG], AverageLatency(ns), 5.5
[SYS_LOAD_AVG], MinLatency(ns), 5
[SYS_LOAD_AVG], MaxLatency(ns), 6
[SYS_LOAD_AVG], 95thPercentileLatency(ns), 6
[SYS_LOAD_AVG], 99thPercentileLatency(ns), 6
[LOAD], Operations, 4
[LOAD], AverageLatency(ns), 1.619197952E10
[LOAD], MinLatency(ns), 16158949376
[LOAD], MaxLatency(ns), 16233070591
[LOAD], 95thPercentileLatency(ns), 16233070591
[LOAD], 99thPercentileLatency(ns), 16233070591
[USED_MEM_MB], Operations, 4
[USED_MEM_MB], AverageLatency(ns), 6054.75
[USED_MEM_MB], MinLatency(ns), 54
[USED_MEM_MB], MaxLatency(ns), 15426
[USED_MEM_MB], 95thPercentileLatency(ns), 15426
[USED_MEM_MB], 99thPercentileLatency(ns), 15426
[MAIN_GCs_Count], Operations, 4
[MAIN_GCs_Count], AverageLatency(ns), 2.0
[MAIN_GCs_Count], MinLatency(ns), 2
[MAIN_GCs_Count], MaxLatency(ns), 2
[MAIN_GCs_Count], 95thPercentileLatency(ns), 2
[MAIN_GCs_Count], 99thPercentileLatency(ns), 2
[MAIN_GCs_Time(ms)], Operations, 4
[MAIN_GCs_Time(ms)], AverageLatency(ns), 190.0
[MAIN_GCs_Time(ms)], MinLatency(ns), 190
[MAIN_GCs_Time(ms)], MaxLatency(ns), 190
[MAIN_GCs_Time(ms)], 95thPercentileLatency(ns), 190
[MAIN_GCs_Time(ms)], 99thPercentileLatency(ns), 190
[TRANSACTION], Operations, 4
[TRANSACTION], AverageLatency(ns), 1.0186244096E10
[TRANSACTION], MinLatency(ns), 10028843008
[TRANSACTION], MaxLatency(ns), 10411573247
[TRANSACTION], 95thPercentileLatency(ns), 10411573247
[TRANSACTION], 99thPercentileLatency(ns), 10411573247
[GCS_TIME], Operations, 4
[GCS_TIME], AverageLatency(ns), 542.5
[GCS_TIME], MinLatency(ns), 0
[GCS_TIME], MaxLatency(ns), 1179
[GCS_TIME], 95thPercentileLatency(ns), 1179
[GCS_TIME], 99thPercentileLatency(ns), 1179
[LOAD_GCs_Time(ms)], Operations, 4
[LOAD_GCs_Time(ms)], AverageLatency(ns), 1957.0
[LOAD_GCs_Time(ms)], MinLatency(ns), 1957
[LOAD_GCs_Time(ms)], MaxLatency(ns), 1957
[LOAD_GCs_Time(ms)], 95thPercentileLatency(ns), 1957
[LOAD_GCs_Time(ms)], 99thPercentileLatency(ns), 1957
[READ], Operations, 12000000
[READ], AverageLatency(ns), 2296.541656916667
[READ], MinLatency(ns), 206
[READ], MaxLatency(ns), 169908223
[READ], 95thPercentileLatency(ns), 4219
[READ], 99thPercentileLatency(ns), 5757
[READ], Return=OK, 12000000
[INIT], Operations, 4
[INIT], AverageLatency(ns), 1.645950976E9
[INIT], MinLatency(ns), 1645305856
[INIT], MaxLatency(ns), 1646583807
[INIT], 95thPercentileLatency(ns), 1646583807
[INIT], 99thPercentileLatency(ns), 1646583807
[GCS], Operations, 4
[GCS], AverageLatency(ns), 7.25
[GCS], MinLatency(ns), 0
[GCS], MaxLatency(ns), 22
[GCS], 95thPercentileLatency(ns), 22
[GCS], 99thPercentileLatency(ns), 22
[LOAD_GCs_Count], Operations, 4
[LOAD_GCs_Count], AverageLatency(ns), 26.0
[LOAD_GCs_Count], MinLatency(ns), 26
[LOAD_GCs_Count], MaxLatency(ns), 26
[LOAD_GCs_Count], 95thPercentileLatency(ns), 26
[LOAD_GCs_Count], 99thPercentileLatency(ns), 26
[CLEANUP], Operations, 4
[CLEANUP], AverageLatency(ns), 2.29048356E8
[CLEANUP], MinLatency(ns), 6863488
[CLEANUP], MaxLatency(ns), 377556991
[CLEANUP], 95thPercentileLatency(ns), 377556991
[CLEANUP], 99thPercentileLatency(ns), 377556991
[INSERT], Operations, 1000000
[INSERT], AverageLatency(ns), 25203.032577
[INSERT], MinLatency(ns), 2812
[INSERT], MaxLatency(ns), 226465791
[INSERT], 95thPercentileLatency(ns), 20853
[INSERT], 99thPercentileLatency(ns), 58240
[INSERT], Return=OK, 1000000
