/home/anatole/jdk8u/build/linux-x86_64-normal-server-release/jdk/bin/java -Xmx20g -XX:+UseG1GC -classpath /home/anatole/ycsb/conf:/home/anatole/ycsb/core/target/core-0.18.0-SNAPSHOT.jar:/home/anatole/ycsb/core/target/dependency/HdrHistogram-2.1.4.jar:/home/anatole/ycsb/core/target/dependency/guava-18.0.jar:/home/anatole/ycsb/core/target/dependency/htrace-core4-4.1.0-incubating.jar:/home/anatole/ycsb/core/target/dependency/jackson-core-asl-1.9.4.jar:/home/anatole/ycsb/core/target/dependency/jackson-mapper-asl-1.9.4.jar:/home/anatole/ycsb/core/target/dependency/javax.persistence-api-2.2.jar:/home/anatole/ycsb/core/target/dependency/jnvm-1.0-SNAPSHOT.jar:/home/anatole/ycsb/core/target/dependency/pcj-1.0.jar:/home/anatole/ycsb/core/target/dependency/unsafe-helper-1.0.jar:/home/anatole/ycsb/infinispan/src/main/conf:/home/anatole/ycsb/infinispan/target/infinispan-binding-0.18.0-SNAPSHOT.jar:/home/anatole/ycsb/infinispan/target/dependency/caffeine-2.6.2.jar:/home/anatole/ycsb/infinispan/target/dependency/gson-2.8.2.jar:/home/anatole/ycsb/infinispan/target/dependency/guava-18.0.jar:/home/anatole/ycsb/infinispan/target/dependency/infinispan-cachestore-jnvm-1.0-SNAPSHOT.jar:/home/anatole/ycsb/infinispan/target/dependency/infinispan-cachestore-pcj-1.0-SNAPSHOT.jar:/home/anatole/ycsb/infinispan/target/dependency/infinispan-client-hotrod-9.4.20.Final.jar:/home/anatole/ycsb/infinispan/target/dependency/infinispan-commons-9.4.20.Final.jar:/home/anatole/ycsb/infinispan/target/dependency/infinispan-core-9.4.20.Final.jar:/home/anatole/ycsb/infinispan/target/dependency/javax.persistence-api-2.2.jar:/home/anatole/ycsb/infinispan/target/dependency/jboss-logging-3.3.2.Final.jar:/home/anatole/ycsb/infinispan/target/dependency/jboss-marshalling-osgi-2.0.6.Final.jar:/home/anatole/ycsb/infinispan/target/dependency/jboss-transaction-api_1.2_spec-1.1.1.Final.jar:/home/anatole/ycsb/infinispan/target/dependency/jgroups-4.0.21.Final.jar:/home/anatole/ycsb/infinispan/target/dependency/jnvm-1.0-SNAPSHOT.jar:/home/anatole/ycsb/infinispan/target/dependency/metainf-services-1.7.jar:/home/anatole/ycsb/infinispan/target/dependency/netty-buffer-4.1.51.Final.jar:/home/anatole/ycsb/infinispan/target/dependency/netty-codec-4.1.51.Final.jar:/home/anatole/ycsb/infinispan/target/dependency/netty-common-4.1.51.Final.jar:/home/anatole/ycsb/infinispan/target/dependency/netty-handler-4.1.51.Final.jar:/home/anatole/ycsb/infinispan/target/dependency/netty-resolver-4.1.51.Final.jar:/home/anatole/ycsb/infinispan/target/dependency/netty-transport-4.1.51.Final.jar:/home/anatole/ycsb/infinispan/target/dependency/netty-transport-native-epoll-4.1.51.Final-linux-x86_64.jar:/home/anatole/ycsb/infinispan/target/dependency/netty-transport-native-unix-common-4.1.51.Final.jar:/home/anatole/ycsb/infinispan/target/dependency/pcj-1.0.jar:/home/anatole/ycsb/infinispan/target/dependency/reactive-streams-1.0.2.jar:/home/anatole/ycsb/infinispan/target/dependency/rxjava-2.2.4.jar:/home/anatole/ycsb/infinispan/target/dependency/unsafe-helper-1.0.jar site.ycsb.Client -t -db site.ycsb.db.InfinispanClient -P ../workloads/workloada -preload -s -threads 24 -p dataintegrity=true -p offheap=false -p pcj=false -p recordcount=1000000 -p operationcount=60000000 -p fieldcount=10 -p fieldlength=100 -p requestdistribution=zipfian -p measurement.trackjvm=true -p measurementtype=hdrhistogram -p hdrhistogram.output.path=./out/exp5.concurrent.ref/log/infinispan.run.workloada.true.1000000.100000.10.100.zipfian.24.false..default.default.none.r5.hdr.log
[OVERALL], RunTime(ms), 395346
[OVERALL], Throughput(ops/sec), 154295.22494220253
[TOTAL_GCS_G1_Young_Generation], Count, 202
[TOTAL_GC_TIME_G1_Young_Generation], Time(ms), 27291
[TOTAL_GC_TIME_%_G1_Young_Generation], Time(%), 6.903067186717457
[TOTAL_GCS_G1_Old_Generation], Count, 0
[TOTAL_GC_TIME_G1_Old_Generation], Time(ms), 0
[TOTAL_GC_TIME_%_G1_Old_Generation], Time(%), 0.0
[TOTAL_GCs], Count, 202
[TOTAL_GC_TIME], Time(ms), 27291
[TOTAL_GC_TIME_%], Time(%), 6.903067186717457
[MAX_MEM_USED], MBs, 12297
[MIN_MEM_USED], MBs, 82
[MAX_THREADS], Count, 56
[MIN_THREADS], Count, 2
[MAX_SYS_LOAD_AVG], Load, 22.68
[MIN_SYS_LOAD_AVG], Load, 18.03
[THREAD_COUNT], Operations, 41
[THREAD_COUNT], AverageLatency(ns), 51.951219512195124
[THREAD_COUNT], MinLatency(ns), 2
[THREAD_COUNT], MaxLatency(ns), 56
[THREAD_COUNT], 95thPercentileLatency(ns), 56
[THREAD_COUNT], 99thPercentileLatency(ns), 56
[SYS_LOAD_AVG], Operations, 41
[SYS_LOAD_AVG], AverageLatency(ns), 20.024390243902438
[SYS_LOAD_AVG], MinLatency(ns), 18
[SYS_LOAD_AVG], MaxLatency(ns), 22
[SYS_LOAD_AVG], 95thPercentileLatency(ns), 22
[SYS_LOAD_AVG], 99thPercentileLatency(ns), 22
[LOAD], Operations, 24
[LOAD], AverageLatency(ns), 1.2586609322666666E10
[LOAD], MinLatency(ns), 10413604864
[LOAD], MaxLatency(ns), 13758365695
[LOAD], 95thPercentileLatency(ns), 13671661567
[LOAD], 99thPercentileLatency(ns), 13758365695
[USED_MEM_MB], Operations, 41
[USED_MEM_MB], AverageLatency(ns), 7233.682926829269
[USED_MEM_MB], MinLatency(ns), 82
[USED_MEM_MB], MaxLatency(ns), 12297
[USED_MEM_MB], 95thPercentileLatency(ns), 11093
[USED_MEM_MB], 99thPercentileLatency(ns), 12297
[MAIN_GCs_Count], Operations, 24
[MAIN_GCs_Count], AverageLatency(ns), 182.41666666666666
[MAIN_GCs_Count], MinLatency(ns), 181
[MAIN_GCs_Count], MaxLatency(ns), 183
[MAIN_GCs_Count], 95thPercentileLatency(ns), 183
[MAIN_GCs_Count], 99thPercentileLatency(ns), 183
[MAIN_GCs_Time(ms)], Operations, 24
[MAIN_GCs_Time(ms)], AverageLatency(ns), 26391.083333333332
[MAIN_GCs_Time(ms)], MinLatency(ns), 26210
[MAIN_GCs_Time(ms)], MaxLatency(ns), 26460
[MAIN_GCs_Time(ms)], 95thPercentileLatency(ns), 26460
[MAIN_GCs_Time(ms)], 99thPercentileLatency(ns), 26460
[TRANSACTION], Operations, 24
[TRANSACTION], AverageLatency(ns), 3.764247156053333E11
[TRANSACTION], MinLatency(ns), 375012720640
[TRANSACTION], MaxLatency(ns), 380752625663
[TRANSACTION], 95thPercentileLatency(ns), 379651620863
[TRANSACTION], 99thPercentileLatency(ns), 380752625663
[GCS_TIME], Operations, 41
[GCS_TIME], AverageLatency(ns), 665.6341463414634
[GCS_TIME], MinLatency(ns), 0
[GCS_TIME], MaxLatency(ns), 909
[GCS_TIME], 95thPercentileLatency(ns), 815
[GCS_TIME], 99thPercentileLatency(ns), 909
[LOAD_GCs_Time(ms)], Operations, 24
[LOAD_GCs_Time(ms)], AverageLatency(ns), 753.0
[LOAD_GCs_Time(ms)], MinLatency(ns), 701
[LOAD_GCs_Time(ms)], MaxLatency(ns), 797
[LOAD_GCs_Time(ms)], 95thPercentileLatency(ns), 797
[LOAD_GCs_Time(ms)], 99thPercentileLatency(ns), 797
[READ], Operations, 30000465
[READ], AverageLatency(ns), 100264.2617157434
[READ], MinLatency(ns), 183
[READ], MaxLatency(ns), 429242367
[READ], 95thPercentileLatency(ns), 323711
[READ], 99thPercentileLatency(ns), 414425
[READ], Return=OK, 30000465
[INIT], Operations, 24
[INIT], AverageLatency(ns), 6.233772373333334E8
[INIT], MinLatency(ns), 618098688
[INIT], MaxLatency(ns), 629309439
[INIT], 95thPercentileLatency(ns), 628510719
[INIT], 99thPercentileLatency(ns), 629309439
[GCS], Operations, 41
[GCS], AverageLatency(ns), 4.926829268292683
[GCS], MinLatency(ns), 0
[GCS], MaxLatency(ns), 18
[GCS], 95thPercentileLatency(ns), 6
[GCS], 99thPercentileLatency(ns), 18
[LOAD_GCs_Count], Operations, 24
[LOAD_GCs_Count], AverageLatency(ns), 16.541666666666668
[LOAD_GCs_Count], MinLatency(ns), 16
[LOAD_GCs_Count], MaxLatency(ns), 17
[LOAD_GCs_Count], 95thPercentileLatency(ns), 17
[LOAD_GCs_Count], 99thPercentileLatency(ns), 17
[CLEANUP], Operations, 24
[CLEANUP], AverageLatency(ns), 4.400408053333333E9
[CLEANUP], MinLatency(ns), 74006016
[CLEANUP], MaxLatency(ns), 5796691967
[CLEANUP], 95thPercentileLatency(ns), 5297733631
[CLEANUP], 99thPercentileLatency(ns), 5796691967
[INSERT], Operations, 1000000
[INSERT], AverageLatency(ns), 286352.351731
[INSERT], MinLatency(ns), 23130
[INSERT], MaxLatency(ns), 1346994175
[INSERT], 95thPercentileLatency(ns), 323339
[INSERT], 99thPercentileLatency(ns), 503329
[INSERT], Return=OK, 1000000
[UPDATE], Operations, 29999535
[UPDATE], AverageLatency(ns), 195475.43448853458
[UPDATE], MinLatency(ns), 22974
[UPDATE], MaxLatency(ns), 429355007
[UPDATE], 95thPercentileLatency(ns), 427021
[UPDATE], 99thPercentileLatency(ns), 543279
[UPDATE], Return=OK, 29999535
