/home/anatole/jdk8u/build/linux-x86_64-normal-server-release/jdk/bin/java -Xmx20g -XX:+UseG1GC -classpath /home/anatole/ycsb/conf:/home/anatole/ycsb/core/target/core-0.18.0-SNAPSHOT.jar:/home/anatole/ycsb/core/target/dependency/HdrHistogram-2.1.4.jar:/home/anatole/ycsb/core/target/dependency/guava-18.0.jar:/home/anatole/ycsb/core/target/dependency/htrace-core4-4.1.0-incubating.jar:/home/anatole/ycsb/core/target/dependency/jackson-core-asl-1.9.4.jar:/home/anatole/ycsb/core/target/dependency/jackson-mapper-asl-1.9.4.jar:/home/anatole/ycsb/core/target/dependency/javax.persistence-api-2.2.jar:/home/anatole/ycsb/core/target/dependency/jnvm-1.0-SNAPSHOT.jar:/home/anatole/ycsb/core/target/dependency/pcj-1.0.jar:/home/anatole/ycsb/core/target/dependency/unsafe-helper-1.0.jar:/home/anatole/ycsb/infinispan/src/main/conf:/home/anatole/ycsb/infinispan/target/infinispan-binding-0.18.0-SNAPSHOT.jar:/home/anatole/ycsb/infinispan/target/dependency/caffeine-2.6.2.jar:/home/anatole/ycsb/infinispan/target/dependency/gson-2.8.2.jar:/home/anatole/ycsb/infinispan/target/dependency/guava-18.0.jar:/home/anatole/ycsb/infinispan/target/dependency/infinispan-cachestore-jnvm-1.0-SNAPSHOT.jar:/home/anatole/ycsb/infinispan/target/dependency/infinispan-cachestore-pcj-1.0-SNAPSHOT.jar:/home/anatole/ycsb/infinispan/target/dependency/infinispan-client-hotrod-9.4.20.Final.jar:/home/anatole/ycsb/infinispan/target/dependency/infinispan-commons-9.4.20.Final.jar:/home/anatole/ycsb/infinispan/target/dependency/infinispan-core-9.4.20.Final.jar:/home/anatole/ycsb/infinispan/target/dependency/javax.persistence-api-2.2.jar:/home/anatole/ycsb/infinispan/target/dependency/jboss-logging-3.3.2.Final.jar:/home/anatole/ycsb/infinispan/target/dependency/jboss-marshalling-osgi-2.0.6.Final.jar:/home/anatole/ycsb/infinispan/target/dependency/jboss-transaction-api_1.2_spec-1.1.1.Final.jar:/home/anatole/ycsb/infinispan/target/dependency/jgroups-4.0.21.Final.jar:/home/anatole/ycsb/infinispan/target/dependency/jnvm-1.0-SNAPSHOT.jar:/home/anatole/ycsb/infinispan/target/dependency/metainf-services-1.7.jar:/home/anatole/ycsb/infinispan/target/dependency/netty-buffer-4.1.51.Final.jar:/home/anatole/ycsb/infinispan/target/dependency/netty-codec-4.1.51.Final.jar:/home/anatole/ycsb/infinispan/target/dependency/netty-common-4.1.51.Final.jar:/home/anatole/ycsb/infinispan/target/dependency/netty-handler-4.1.51.Final.jar:/home/anatole/ycsb/infinispan/target/dependency/netty-resolver-4.1.51.Final.jar:/home/anatole/ycsb/infinispan/target/dependency/netty-transport-4.1.51.Final.jar:/home/anatole/ycsb/infinispan/target/dependency/netty-transport-native-epoll-4.1.51.Final-linux-x86_64.jar:/home/anatole/ycsb/infinispan/target/dependency/netty-transport-native-unix-common-4.1.51.Final.jar:/home/anatole/ycsb/infinispan/target/dependency/pcj-1.0.jar:/home/anatole/ycsb/infinispan/target/dependency/reactive-streams-1.0.2.jar:/home/anatole/ycsb/infinispan/target/dependency/rxjava-2.2.4.jar:/home/anatole/ycsb/infinispan/target/dependency/unsafe-helper-1.0.jar site.ycsb.Client -t -db site.ycsb.db.InfinispanClient -P ../workloads/workloadc -preload -s -threads 24 -p dataintegrity=true -p offheap=false -p pcj=false -p recordcount=1000000 -p operationcount=60000000 -p fieldcount=10 -p fieldlength=100 -p requestdistribution=zipfian -p measurement.trackjvm=true -p measurementtype=hdrhistogram -p hdrhistogram.output.path=./out/exp5.concurrent.ref/log/infinispan.run.workloadc.true.1000000.100000.10.100.zipfian.24.false..default.default.none.r5.hdr.log
[OVERALL], RunTime(ms), 308308
[OVERALL], Throughput(ops/sec), 197854.09395799006
[TOTAL_GCS_G1_Young_Generation], Count, 108
[TOTAL_GC_TIME_G1_Young_Generation], Time(ms), 8571
[TOTAL_GC_TIME_%_G1_Young_Generation], Time(%), 2.780012195596611
[TOTAL_GCS_G1_Old_Generation], Count, 0
[TOTAL_GC_TIME_G1_Old_Generation], Time(ms), 0
[TOTAL_GC_TIME_%_G1_Old_Generation], Time(%), 0.0
[TOTAL_GCs], Count, 108
[TOTAL_GC_TIME], Time(ms), 8571
[TOTAL_GC_TIME_%], Time(%), 2.780012195596611
[MAX_MEM_USED], MBs, 10336
[MIN_MEM_USED], MBs, 84
[MAX_THREADS], Count, 30
[MIN_THREADS], Count, 2
[MAX_SYS_LOAD_AVG], Load, 12.58
[MIN_SYS_LOAD_AVG], Load, 9.49
[THREAD_COUNT], Operations, 32
[THREAD_COUNT], AverageLatency(ns), 27.8125
[THREAD_COUNT], MinLatency(ns), 2
[THREAD_COUNT], MaxLatency(ns), 30
[THREAD_COUNT], 95thPercentileLatency(ns), 30
[THREAD_COUNT], 99thPercentileLatency(ns), 30
[SYS_LOAD_AVG], Operations, 32
[SYS_LOAD_AVG], AverageLatency(ns), 10.71875
[SYS_LOAD_AVG], MinLatency(ns), 9
[SYS_LOAD_AVG], MaxLatency(ns), 12
[SYS_LOAD_AVG], 95thPercentileLatency(ns), 12
[SYS_LOAD_AVG], 99thPercentileLatency(ns), 12
[LOAD], Operations, 24
[LOAD], AverageLatency(ns), 1.3035039402666666E10
[LOAD], MinLatency(ns), 11266228224
[LOAD], MaxLatency(ns), 13990166527
[LOAD], 95thPercentileLatency(ns), 13936689151
[LOAD], 99thPercentileLatency(ns), 13990166527
[USED_MEM_MB], Operations, 32
[USED_MEM_MB], AverageLatency(ns), 5202.25
[USED_MEM_MB], MinLatency(ns), 84
[USED_MEM_MB], MaxLatency(ns), 10336
[USED_MEM_MB], 95thPercentileLatency(ns), 7435
[USED_MEM_MB], 99thPercentileLatency(ns), 10336
[MAIN_GCs_Count], Operations, 24
[MAIN_GCs_Count], AverageLatency(ns), 88.0
[MAIN_GCs_Count], MinLatency(ns), 88
[MAIN_GCs_Count], MaxLatency(ns), 88
[MAIN_GCs_Count], 95thPercentileLatency(ns), 88
[MAIN_GCs_Count], 99thPercentileLatency(ns), 88
[MAIN_GCs_Time(ms)], Operations, 24
[MAIN_GCs_Time(ms)], AverageLatency(ns), 7590.0
[MAIN_GCs_Time(ms)], MinLatency(ns), 7590
[MAIN_GCs_Time(ms)], MaxLatency(ns), 7590
[MAIN_GCs_Time(ms)], 95thPercentileLatency(ns), 7590
[MAIN_GCs_Time(ms)], 99thPercentileLatency(ns), 7590
[TRANSACTION], Operations, 24
[TRANSACTION], AverageLatency(ns), 2.928607232E11
[TRANSACTION], MinLatency(ns), 291357327360
[TRANSACTION], MaxLatency(ns), 293460770815
[TRANSACTION], 95thPercentileLatency(ns), 293251055615
[TRANSACTION], 99thPercentileLatency(ns), 293460770815
[GCS_TIME], Operations, 32
[GCS_TIME], AverageLatency(ns), 267.84375
[GCS_TIME], MinLatency(ns), 0
[GCS_TIME], MaxLatency(ns), 862
[GCS_TIME], 95thPercentileLatency(ns), 309
[GCS_TIME], 99thPercentileLatency(ns), 862
[LOAD_GCs_Time(ms)], Operations, 24
[LOAD_GCs_Time(ms)], AverageLatency(ns), 905.875
[LOAD_GCs_Time(ms)], MinLatency(ns), 880
[LOAD_GCs_Time(ms)], MaxLatency(ns), 949
[LOAD_GCs_Time(ms)], 95thPercentileLatency(ns), 949
[LOAD_GCs_Time(ms)], 99thPercentileLatency(ns), 949
[READ], Operations, 60000000
[READ], AverageLatency(ns), 115437.00222828334
[READ], MinLatency(ns), 180
[READ], MaxLatency(ns), 204567551
[READ], 95thPercentileLatency(ns), 408061
[READ], 99thPercentileLatency(ns), 578147
[READ], Return=OK, 60000000
[INIT], Operations, 24
[INIT], AverageLatency(ns), 6.126501546666666E8
[INIT], MinLatency(ns), 607969280
[INIT], MaxLatency(ns), 618065919
[INIT], 95thPercentileLatency(ns), 618000383
[INIT], 99thPercentileLatency(ns), 618065919
[GCS], Operations, 32
[GCS], AverageLatency(ns), 3.375
[GCS], MinLatency(ns), 0
[GCS], MaxLatency(ns), 18
[GCS], 95thPercentileLatency(ns), 3
[GCS], 99thPercentileLatency(ns), 18
[LOAD_GCs_Count], Operations, 24
[LOAD_GCs_Count], AverageLatency(ns), 17.375
[LOAD_GCs_Count], MinLatency(ns), 17
[LOAD_GCs_Count], MaxLatency(ns), 18
[LOAD_GCs_Count], 95thPercentileLatency(ns), 18
[LOAD_GCs_Count], 99thPercentileLatency(ns), 18
[CLEANUP], Operations, 24
[CLEANUP], AverageLatency(ns), 6.697528213333334E8
[CLEANUP], MinLatency(ns), 70297088
[CLEANUP], MaxLatency(ns), 2157740031
[CLEANUP], 95thPercentileLatency(ns), 1566449663
[CLEANUP], 99thPercentileLatency(ns), 2157740031
[INSERT], Operations, 1000000
[INSERT], AverageLatency(ns), 295903.081957
[INSERT], MinLatency(ns), 23784
[INSERT], MaxLatency(ns), 900141055
[INSERT], 95thPercentileLatency(ns), 328457
[INSERT], 99thPercentileLatency(ns), 509253
[INSERT], Return=OK, 1000000
