/home/anatole/jdk8u/build/linux-x86_64-normal-server-release/jdk/bin/java -Xmx20g -XX:+UseG1GC -classpath /home/anatole/ycsb/conf:/home/anatole/ycsb/core/target/core-0.18.0-SNAPSHOT.jar:/home/anatole/ycsb/core/target/dependency/HdrHistogram-2.1.4.jar:/home/anatole/ycsb/core/target/dependency/guava-18.0.jar:/home/anatole/ycsb/core/target/dependency/htrace-core4-4.1.0-incubating.jar:/home/anatole/ycsb/core/target/dependency/jackson-core-asl-1.9.4.jar:/home/anatole/ycsb/core/target/dependency/jackson-mapper-asl-1.9.4.jar:/home/anatole/ycsb/core/target/dependency/javax.persistence-api-2.2.jar:/home/anatole/ycsb/core/target/dependency/jnvm-1.0-SNAPSHOT.jar:/home/anatole/ycsb/core/target/dependency/pcj-1.0.jar:/home/anatole/ycsb/core/target/dependency/unsafe-helper-1.0.jar:/home/anatole/ycsb/infinispan/src/main/conf:/home/anatole/ycsb/infinispan/target/infinispan-binding-0.18.0-SNAPSHOT.jar:/home/anatole/ycsb/infinispan/target/dependency/caffeine-2.6.2.jar:/home/anatole/ycsb/infinispan/target/dependency/gson-2.8.2.jar:/home/anatole/ycsb/infinispan/target/dependency/guava-18.0.jar:/home/anatole/ycsb/infinispan/target/dependency/infinispan-cachestore-jnvm-1.0-SNAPSHOT.jar:/home/anatole/ycsb/infinispan/target/dependency/infinispan-cachestore-pcj-1.0-SNAPSHOT.jar:/home/anatole/ycsb/infinispan/target/dependency/infinispan-client-hotrod-9.4.20.Final.jar:/home/anatole/ycsb/infinispan/target/dependency/infinispan-commons-9.4.20.Final.jar:/home/anatole/ycsb/infinispan/target/dependency/infinispan-core-9.4.20.Final.jar:/home/anatole/ycsb/infinispan/target/dependency/javax.persistence-api-2.2.jar:/home/anatole/ycsb/infinispan/target/dependency/jboss-logging-3.3.2.Final.jar:/home/anatole/ycsb/infinispan/target/dependency/jboss-marshalling-osgi-2.0.6.Final.jar:/home/anatole/ycsb/infinispan/target/dependency/jboss-transaction-api_1.2_spec-1.1.1.Final.jar:/home/anatole/ycsb/infinispan/target/dependency/jgroups-4.0.21.Final.jar:/home/anatole/ycsb/infinispan/target/dependency/jnvm-1.0-SNAPSHOT.jar:/home/anatole/ycsb/infinispan/target/dependency/metainf-services-1.7.jar:/home/anatole/ycsb/infinispan/target/dependency/netty-buffer-4.1.51.Final.jar:/home/anatole/ycsb/infinispan/target/dependency/netty-codec-4.1.51.Final.jar:/home/anatole/ycsb/infinispan/target/dependency/netty-common-4.1.51.Final.jar:/home/anatole/ycsb/infinispan/target/dependency/netty-handler-4.1.51.Final.jar:/home/anatole/ycsb/infinispan/target/dependency/netty-resolver-4.1.51.Final.jar:/home/anatole/ycsb/infinispan/target/dependency/netty-transport-4.1.51.Final.jar:/home/anatole/ycsb/infinispan/target/dependency/netty-transport-native-epoll-4.1.51.Final-linux-x86_64.jar:/home/anatole/ycsb/infinispan/target/dependency/netty-transport-native-unix-common-4.1.51.Final.jar:/home/anatole/ycsb/infinispan/target/dependency/pcj-1.0.jar:/home/anatole/ycsb/infinispan/target/dependency/reactive-streams-1.0.2.jar:/home/anatole/ycsb/infinispan/target/dependency/rxjava-2.2.4.jar:/home/anatole/ycsb/infinispan/target/dependency/unsafe-helper-1.0.jar site.ycsb.Client -t -db site.ycsb.db.InfinispanClient -P ../workloads/workloadc -preload -s -threads 16 -p dataintegrity=true -p offheap=false -p pcj=false -p recordcount=1000000 -p operationcount=48000000 -p fieldcount=10 -p fieldlength=100 -p requestdistribution=zipfian -p measurement.trackjvm=true -p measurementtype=hdrhistogram -p hdrhistogram.output.path=./out/exp5.concurrent.ref/log/infinispan.run.workloadc.true.1000000.100000.10.100.zipfian.16.false..default.default.none.r5.hdr.log
[OVERALL], RunTime(ms), 226771
[OVERALL], Throughput(ops/sec), 216077.01161083207
[TOTAL_GCS_G1_Young_Generation], Count, 91
[TOTAL_GC_TIME_G1_Young_Generation], Time(ms), 6896
[TOTAL_GC_TIME_%_G1_Young_Generation], Time(%), 3.040953208302649
[TOTAL_GCS_G1_Old_Generation], Count, 0
[TOTAL_GC_TIME_G1_Old_Generation], Time(ms), 0
[TOTAL_GC_TIME_%_G1_Old_Generation], Time(%), 0.0
[TOTAL_GCs], Count, 91
[TOTAL_GC_TIME], Time(ms), 6896
[TOTAL_GC_TIME_%], Time(%), 3.040953208302649
[MAX_MEM_USED], MBs, 9815
[MIN_MEM_USED], MBs, 72
[MAX_THREADS], Count, 22
[MIN_THREADS], Count, 2
[MAX_SYS_LOAD_AVG], Load, 12.41
[MIN_SYS_LOAD_AVG], Load, 9.22
[THREAD_COUNT], Operations, 24
[THREAD_COUNT], AverageLatency(ns), 20.083333333333332
[THREAD_COUNT], MinLatency(ns), 2
[THREAD_COUNT], MaxLatency(ns), 22
[THREAD_COUNT], 95thPercentileLatency(ns), 22
[THREAD_COUNT], 99thPercentileLatency(ns), 22
[SYS_LOAD_AVG], Operations, 24
[SYS_LOAD_AVG], AverageLatency(ns), 10.208333333333334
[SYS_LOAD_AVG], MinLatency(ns), 9
[SYS_LOAD_AVG], MaxLatency(ns), 12
[SYS_LOAD_AVG], 95thPercentileLatency(ns), 12
[SYS_LOAD_AVG], 99thPercentileLatency(ns), 12
[LOAD], Operations, 16
[LOAD], AverageLatency(ns), 1.300594688E10
[LOAD], MinLatency(ns), 12177899520
[LOAD], MaxLatency(ns), 13581090815
[LOAD], 95thPercentileLatency(ns), 13461422079
[LOAD], 99thPercentileLatency(ns), 13581090815
[USED_MEM_MB], Operations, 24
[USED_MEM_MB], AverageLatency(ns), 5627.708333333333
[USED_MEM_MB], MinLatency(ns), 72
[USED_MEM_MB], MaxLatency(ns), 9815
[USED_MEM_MB], 95thPercentileLatency(ns), 9745
[USED_MEM_MB], 99thPercentileLatency(ns), 9815
[MAIN_GCs_Count], Operations, 16
[MAIN_GCs_Count], AverageLatency(ns), 71.6875
[MAIN_GCs_Count], MinLatency(ns), 71
[MAIN_GCs_Count], MaxLatency(ns), 72
[MAIN_GCs_Count], 95thPercentileLatency(ns), 72
[MAIN_GCs_Count], 99thPercentileLatency(ns), 72
[MAIN_GCs_Time(ms)], Operations, 16
[MAIN_GCs_Time(ms)], AverageLatency(ns), 6044.1875
[MAIN_GCs_Time(ms)], MinLatency(ns), 5983
[MAIN_GCs_Time(ms)], MaxLatency(ns), 6072
[MAIN_GCs_Time(ms)], 95thPercentileLatency(ns), 6072
[MAIN_GCs_Time(ms)], 99thPercentileLatency(ns), 6072
[TRANSACTION], Operations, 16
[TRANSACTION], AverageLatency(ns), 2.10588598272E11
[TRANSACTION], MinLatency(ns), 208952885248
[TRANSACTION], MaxLatency(ns), 212380680191
[TRANSACTION], 95thPercentileLatency(ns), 211905675263
[TRANSACTION], 99thPercentileLatency(ns), 212380680191
[GCS_TIME], Operations, 24
[GCS_TIME], AverageLatency(ns), 287.3333333333333
[GCS_TIME], MinLatency(ns), 0
[GCS_TIME], MaxLatency(ns), 756
[GCS_TIME], 95thPercentileLatency(ns), 660
[GCS_TIME], 99thPercentileLatency(ns), 756
[LOAD_GCs_Time(ms)], Operations, 16
[LOAD_GCs_Time(ms)], AverageLatency(ns), 808.0
[LOAD_GCs_Time(ms)], MinLatency(ns), 808
[LOAD_GCs_Time(ms)], MaxLatency(ns), 808
[LOAD_GCs_Time(ms)], 95thPercentileLatency(ns), 808
[LOAD_GCs_Time(ms)], 99thPercentileLatency(ns), 808
[READ], Operations, 48000000
[READ], AverageLatency(ns), 68946.03760570833
[READ], MinLatency(ns), 197
[READ], MaxLatency(ns), 217109503
[READ], 95thPercentileLatency(ns), 214679
[READ], 99thPercentileLatency(ns), 282067
[READ], Return=OK, 48000000
[INIT], Operations, 16
[INIT], AverageLatency(ns), 6.081152E8
[INIT], MinLatency(ns), 605331456
[INIT], MaxLatency(ns), 611663871
[INIT], 95thPercentileLatency(ns), 611573759
[INIT], 99thPercentileLatency(ns), 611663871
[GCS], Operations, 24
[GCS], AverageLatency(ns), 3.7916666666666665
[GCS], MinLatency(ns), 0
[GCS], MaxLatency(ns), 18
[GCS], 95thPercentileLatency(ns), 5
[GCS], 99thPercentileLatency(ns), 18
[LOAD_GCs_Count], Operations, 16
[LOAD_GCs_Count], AverageLatency(ns), 18.0
[LOAD_GCs_Count], MinLatency(ns), 18
[LOAD_GCs_Count], MaxLatency(ns), 18
[LOAD_GCs_Count], 95thPercentileLatency(ns), 18
[LOAD_GCs_Count], 99thPercentileLatency(ns), 18
[CLEANUP], Operations, 16
[CLEANUP], AverageLatency(ns), 1.849182536E9
[CLEANUP], MinLatency(ns), 59281408
[CLEANUP], MaxLatency(ns), 3466985471
[CLEANUP], 95thPercentileLatency(ns), 3466969087
[CLEANUP], 99thPercentileLatency(ns), 3466985471
[INSERT], Operations, 1000000
[INSERT], AverageLatency(ns), 194712.166606
[INSERT], MinLatency(ns), 23979
[INSERT], MaxLatency(ns), 772575231
[INSERT], 95thPercentileLatency(ns), 209988
[INSERT], 99thPercentileLatency(ns), 310119
[INSERT], Return=OK, 1000000
