/home/anatole/jdk8u/build/linux-x86_64-normal-server-release/jdk/bin/java -Xmx20g -XX:+UseG1GC -classpath /home/anatole/ycsb/conf:/home/anatole/ycsb/core/target/core-0.18.0-SNAPSHOT.jar:/home/anatole/ycsb/core/target/dependency/HdrHistogram-2.1.4.jar:/home/anatole/ycsb/core/target/dependency/guava-18.0.jar:/home/anatole/ycsb/core/target/dependency/htrace-core4-4.1.0-incubating.jar:/home/anatole/ycsb/core/target/dependency/jackson-core-asl-1.9.4.jar:/home/anatole/ycsb/core/target/dependency/jackson-mapper-asl-1.9.4.jar:/home/anatole/ycsb/core/target/dependency/javax.persistence-api-2.2.jar:/home/anatole/ycsb/core/target/dependency/jnvm-1.0-SNAPSHOT.jar:/home/anatole/ycsb/core/target/dependency/pcj-1.0.jar:/home/anatole/ycsb/core/target/dependency/unsafe-helper-1.0.jar:/home/anatole/ycsb/infinispan/src/main/conf:/home/anatole/ycsb/infinispan/target/infinispan-binding-0.18.0-SNAPSHOT.jar:/home/anatole/ycsb/infinispan/target/dependency/caffeine-2.6.2.jar:/home/anatole/ycsb/infinispan/target/dependency/gson-2.8.2.jar:/home/anatole/ycsb/infinispan/target/dependency/guava-18.0.jar:/home/anatole/ycsb/infinispan/target/dependency/infinispan-cachestore-jnvm-1.0-SNAPSHOT.jar:/home/anatole/ycsb/infinispan/target/dependency/infinispan-cachestore-pcj-1.0-SNAPSHOT.jar:/home/anatole/ycsb/infinispan/target/dependency/infinispan-client-hotrod-9.4.20.Final.jar:/home/anatole/ycsb/infinispan/target/dependency/infinispan-commons-9.4.20.Final.jar:/home/anatole/ycsb/infinispan/target/dependency/infinispan-core-9.4.20.Final.jar:/home/anatole/ycsb/infinispan/target/dependency/javax.persistence-api-2.2.jar:/home/anatole/ycsb/infinispan/target/dependency/jboss-logging-3.3.2.Final.jar:/home/anatole/ycsb/infinispan/target/dependency/jboss-marshalling-osgi-2.0.6.Final.jar:/home/anatole/ycsb/infinispan/target/dependency/jboss-transaction-api_1.2_spec-1.1.1.Final.jar:/home/anatole/ycsb/infinispan/target/dependency/jgroups-4.0.21.Final.jar:/home/anatole/ycsb/infinispan/target/dependency/jnvm-1.0-SNAPSHOT.jar:/home/anatole/ycsb/infinispan/target/dependency/metainf-services-1.7.jar:/home/anatole/ycsb/infinispan/target/dependency/netty-buffer-4.1.51.Final.jar:/home/anatole/ycsb/infinispan/target/dependency/netty-codec-4.1.51.Final.jar:/home/anatole/ycsb/infinispan/target/dependency/netty-common-4.1.51.Final.jar:/home/anatole/ycsb/infinispan/target/dependency/netty-handler-4.1.51.Final.jar:/home/anatole/ycsb/infinispan/target/dependency/netty-resolver-4.1.51.Final.jar:/home/anatole/ycsb/infinispan/target/dependency/netty-transport-4.1.51.Final.jar:/home/anatole/ycsb/infinispan/target/dependency/netty-transport-native-epoll-4.1.51.Final-linux-x86_64.jar:/home/anatole/ycsb/infinispan/target/dependency/netty-transport-native-unix-common-4.1.51.Final.jar:/home/anatole/ycsb/infinispan/target/dependency/pcj-1.0.jar:/home/anatole/ycsb/infinispan/target/dependency/reactive-streams-1.0.2.jar:/home/anatole/ycsb/infinispan/target/dependency/rxjava-2.2.4.jar:/home/anatole/ycsb/infinispan/target/dependency/unsafe-helper-1.0.jar site.ycsb.Client -t -db site.ycsb.db.InfinispanClient -P ../workloads/workloada -preload -s -threads 8 -p dataintegrity=true -p offheap=false -p pcj=false -p recordcount=1000000 -p operationcount=48000000 -p fieldcount=10 -p fieldlength=100 -p requestdistribution=zipfian -p measurement.trackjvm=true -p measurementtype=hdrhistogram -p hdrhistogram.output.path=./out/exp5.concurrent.ref/log/infinispan.run.workloada.true.1000000.1000000.10.100.zipfian.8.false.true.default.default.volatile.r1.hdr.log
[OVERALL], RunTime(ms), 59508
[OVERALL], Throughput(ops/sec), 823418.7000067218
[TOTAL_GCS_G1_Young_Generation], Count, 136
[TOTAL_GC_TIME_G1_Young_Generation], Time(ms), 22989
[TOTAL_GC_TIME_%_G1_Young_Generation], Time(%), 38.631780600927605
[TOTAL_GCS_G1_Old_Generation], Count, 0
[TOTAL_GC_TIME_G1_Old_Generation], Time(ms), 0
[TOTAL_GC_TIME_%_G1_Old_Generation], Time(%), 0.0
[TOTAL_GCs], Count, 136
[TOTAL_GC_TIME], Time(ms), 22989
[TOTAL_GC_TIME_%], Time(%), 38.631780600927605
[MAX_MEM_USED], MBs, 9104
[MIN_MEM_USED], MBs, 60
[MAX_THREADS], Count, 39
[MIN_THREADS], Count, 4
[MAX_SYS_LOAD_AVG], Load, 17.8
[MIN_SYS_LOAD_AVG], Load, 8.5
[THREAD_COUNT], Operations, 7
[THREAD_COUNT], AverageLatency(ns), 29.857142857142858
[THREAD_COUNT], MinLatency(ns), 4
[THREAD_COUNT], MaxLatency(ns), 39
[THREAD_COUNT], 95thPercentileLatency(ns), 39
[THREAD_COUNT], 99thPercentileLatency(ns), 39
[SYS_LOAD_AVG], Operations, 7
[SYS_LOAD_AVG], AverageLatency(ns), 12.857142857142858
[SYS_LOAD_AVG], MinLatency(ns), 8
[SYS_LOAD_AVG], MaxLatency(ns), 17
[SYS_LOAD_AVG], 95thPercentileLatency(ns), 17
[SYS_LOAD_AVG], 99thPercentileLatency(ns), 17
[LOAD], Operations, 8
[LOAD], AverageLatency(ns), 5.280702464E9
[LOAD], MinLatency(ns), 5095260160
[LOAD], MaxLatency(ns), 5442895871
[LOAD], 95thPercentileLatency(ns), 5442895871
[LOAD], 99thPercentileLatency(ns), 5442895871
[USED_MEM_MB], Operations, 7
[USED_MEM_MB], AverageLatency(ns), 6048.142857142857
[USED_MEM_MB], MinLatency(ns), 60
[USED_MEM_MB], MaxLatency(ns), 9104
[USED_MEM_MB], 95thPercentileLatency(ns), 9104
[USED_MEM_MB], 99thPercentileLatency(ns), 9104
[MAIN_GCs_Count], Operations, 8
[MAIN_GCs_Count], AverageLatency(ns), 108.75
[MAIN_GCs_Count], MinLatency(ns), 107
[MAIN_GCs_Count], MaxLatency(ns), 110
[MAIN_GCs_Count], 95thPercentileLatency(ns), 110
[MAIN_GCs_Count], 99thPercentileLatency(ns), 110
[MAIN_GCs_Time(ms)], Operations, 8
[MAIN_GCs_Time(ms)], AverageLatency(ns), 20686.75
[MAIN_GCs_Time(ms)], MinLatency(ns), 20428
[MAIN_GCs_Time(ms)], MaxLatency(ns), 20862
[MAIN_GCs_Time(ms)], 95thPercentileLatency(ns), 20862
[MAIN_GCs_Time(ms)], 99thPercentileLatency(ns), 20862
[TRANSACTION], Operations, 8
[TRANSACTION], AverageLatency(ns), 5.2015726592E10
[TRANSACTION], MinLatency(ns), 50982551552
[TRANSACTION], MaxLatency(ns), 52880736255
[TRANSACTION], 95thPercentileLatency(ns), 52880736255
[TRANSACTION], 99thPercentileLatency(ns), 52880736255
[GCS_TIME], Operations, 7
[GCS_TIME], AverageLatency(ns), 3284.1428571428573
[GCS_TIME], MinLatency(ns), 0
[GCS_TIME], MaxLatency(ns), 4882
[GCS_TIME], 95thPercentileLatency(ns), 4882
[GCS_TIME], 99thPercentileLatency(ns), 4882
[LOAD_GCs_Time(ms)], Operations, 8
[LOAD_GCs_Time(ms)], AverageLatency(ns), 2043.0
[LOAD_GCs_Time(ms)], MinLatency(ns), 1938
[LOAD_GCs_Time(ms)], MaxLatency(ns), 2106
[LOAD_GCs_Time(ms)], 95thPercentileLatency(ns), 2106
[LOAD_GCs_Time(ms)], 99thPercentileLatency(ns), 2106
[READ], Operations, 23998975
[READ], AverageLatency(ns), 2247.8245332977763
[READ], MinLatency(ns), 191
[READ], MaxLatency(ns), 1165230079
[READ], 95thPercentileLatency(ns), 2054
[READ], 99thPercentileLatency(ns), 18669
[READ], Return=OK, 23998975
[INIT], Operations, 8
[INIT], AverageLatency(ns), 6.1750272E8
[INIT], MinLatency(ns), 616316928
[INIT], MaxLatency(ns), 619249663
[INIT], 95thPercentileLatency(ns), 619249663
[INIT], 99thPercentileLatency(ns), 619249663
[GCS], Operations, 7
[GCS], AverageLatency(ns), 19.428571428571427
[GCS], MinLatency(ns), 0
[GCS], MaxLatency(ns), 39
[GCS], 95thPercentileLatency(ns), 39
[GCS], 99thPercentileLatency(ns), 39
[LOAD_GCs_Count], Operations, 8
[LOAD_GCs_Count], AverageLatency(ns), 24.625
[LOAD_GCs_Count], MinLatency(ns), 24
[LOAD_GCs_Count], MaxLatency(ns), 25
[LOAD_GCs_Count], 95thPercentileLatency(ns), 25
[LOAD_GCs_Count], 99thPercentileLatency(ns), 25
[CLEANUP], Operations, 8
[CLEANUP], AverageLatency(ns), 1.346057344E9
[CLEANUP], MinLatency(ns), 488402944
[CLEANUP], MaxLatency(ns), 2351300607
[CLEANUP], 95thPercentileLatency(ns), 2351300607
[CLEANUP], 99thPercentileLatency(ns), 2351300607
[INSERT], Operations, 1000000
[INSERT], AverageLatency(ns), 10951.949259
[INSERT], MinLatency(ns), 1375
[INSERT], MaxLatency(ns), 173572095
[INSERT], 95thPercentileLatency(ns), 11272
[INSERT], 99thPercentileLatency(ns), 31613
[INSERT], Return=OK, 1000000
[UPDATE], Operations, 24001025
[UPDATE], AverageLatency(ns), 8755.351511445866
[UPDATE], MinLatency(ns), 1202
[UPDATE], MaxLatency(ns), 1165221887
[UPDATE], 95thPercentileLatency(ns), 10890
[UPDATE], 99thPercentileLatency(ns), 31715
[UPDATE], Return=OK, 24001025
