/home/anatole/jdk8u/build/linux-x86_64-normal-server-release/jdk/bin/java -Xmx20g -XX:+UseG1GC -classpath /home/anatole/ycsb/conf:/home/anatole/ycsb/core/target/core-0.18.0-SNAPSHOT.jar:/home/anatole/ycsb/core/target/dependency/HdrHistogram-2.1.4.jar:/home/anatole/ycsb/core/target/dependency/guava-18.0.jar:/home/anatole/ycsb/core/target/dependency/htrace-core4-4.1.0-incubating.jar:/home/anatole/ycsb/core/target/dependency/jackson-core-asl-1.9.4.jar:/home/anatole/ycsb/core/target/dependency/jackson-mapper-asl-1.9.4.jar:/home/anatole/ycsb/core/target/dependency/javax.persistence-api-2.2.jar:/home/anatole/ycsb/core/target/dependency/jnvm-1.0-SNAPSHOT.jar:/home/anatole/ycsb/core/target/dependency/pcj-1.0.jar:/home/anatole/ycsb/core/target/dependency/unsafe-helper-1.0.jar:/home/anatole/ycsb/infinispan/src/main/conf:/home/anatole/ycsb/infinispan/target/infinispan-binding-0.18.0-SNAPSHOT.jar:/home/anatole/ycsb/infinispan/target/dependency/caffeine-2.6.2.jar:/home/anatole/ycsb/infinispan/target/dependency/gson-2.8.2.jar:/home/anatole/ycsb/infinispan/target/dependency/guava-18.0.jar:/home/anatole/ycsb/infinispan/target/dependency/infinispan-cachestore-jnvm-1.0-SNAPSHOT.jar:/home/anatole/ycsb/infinispan/target/dependency/infinispan-cachestore-pcj-1.0-SNAPSHOT.jar:/home/anatole/ycsb/infinispan/target/dependency/infinispan-client-hotrod-9.4.20.Final.jar:/home/anatole/ycsb/infinispan/target/dependency/infinispan-commons-9.4.20.Final.jar:/home/anatole/ycsb/infinispan/target/dependency/infinispan-core-9.4.20.Final.jar:/home/anatole/ycsb/infinispan/target/dependency/javax.persistence-api-2.2.jar:/home/anatole/ycsb/infinispan/target/dependency/jboss-logging-3.3.2.Final.jar:/home/anatole/ycsb/infinispan/target/dependency/jboss-marshalling-osgi-2.0.6.Final.jar:/home/anatole/ycsb/infinispan/target/dependency/jboss-transaction-api_1.2_spec-1.1.1.Final.jar:/home/anatole/ycsb/infinispan/target/dependency/jgroups-4.0.21.Final.jar:/home/anatole/ycsb/infinispan/target/dependency/jnvm-1.0-SNAPSHOT.jar:/home/anatole/ycsb/infinispan/target/dependency/metainf-services-1.7.jar:/home/anatole/ycsb/infinispan/target/dependency/netty-buffer-4.1.51.Final.jar:/home/anatole/ycsb/infinispan/target/dependency/netty-codec-4.1.51.Final.jar:/home/anatole/ycsb/infinispan/target/dependency/netty-common-4.1.51.Final.jar:/home/anatole/ycsb/infinispan/target/dependency/netty-handler-4.1.51.Final.jar:/home/anatole/ycsb/infinispan/target/dependency/netty-resolver-4.1.51.Final.jar:/home/anatole/ycsb/infinispan/target/dependency/netty-transport-4.1.51.Final.jar:/home/anatole/ycsb/infinispan/target/dependency/netty-transport-native-epoll-4.1.51.Final-linux-x86_64.jar:/home/anatole/ycsb/infinispan/target/dependency/netty-transport-native-unix-common-4.1.51.Final.jar:/home/anatole/ycsb/infinispan/target/dependency/pcj-1.0.jar:/home/anatole/ycsb/infinispan/target/dependency/reactive-streams-1.0.2.jar:/home/anatole/ycsb/infinispan/target/dependency/rxjava-2.2.4.jar:/home/anatole/ycsb/infinispan/target/dependency/unsafe-helper-1.0.jar site.ycsb.Client -t -db site.ycsb.db.InfinispanClient -P ../workloads/workloada -preload -s -threads 1 -p dataintegrity=true -p offheap=false -p pcj=false -p recordcount=1000000 -p operationcount=6000000 -p fieldcount=10 -p fieldlength=100 -p requestdistribution=zipfian -p measurement.trackjvm=true -p measurementtype=hdrhistogram -p hdrhistogram.output.path=./out/exp5.concurrent.ref/log/infinispan.run.workloada.true.1000000.1000000.10.100.zipfian.1.false.true.default.default.volatile.r4.hdr.log
[OVERALL], RunTime(ms), 31749
[OVERALL], Throughput(ops/sec), 220479.3851774859
[TOTAL_GCS_G1_Young_Generation], Count, 40
[TOTAL_GC_TIME_G1_Young_Generation], Time(ms), 4818
[TOTAL_GC_TIME_%_G1_Young_Generation], Time(%), 15.175281111216101
[TOTAL_GCS_G1_Old_Generation], Count, 0
[TOTAL_GC_TIME_G1_Old_Generation], Time(ms), 0
[TOTAL_GC_TIME_%_G1_Old_Generation], Time(%), 0.0
[TOTAL_GCs], Count, 40
[TOTAL_GC_TIME], Time(ms), 4818
[TOTAL_GC_TIME_%], Time(%), 15.175281111216101
[MAX_MEM_USED], MBs, 5665
[MIN_MEM_USED], MBs, 50
[MAX_THREADS], Count, 6
[MIN_THREADS], Count, 3
[MAX_SYS_LOAD_AVG], Load, 9.33
[MIN_SYS_LOAD_AVG], Load, 4.19
[THREAD_COUNT], Operations, 5
[THREAD_COUNT], AverageLatency(ns), 5.0
[THREAD_COUNT], MinLatency(ns), 3
[THREAD_COUNT], MaxLatency(ns), 6
[THREAD_COUNT], 95thPercentileLatency(ns), 6
[THREAD_COUNT], 99thPercentileLatency(ns), 6
[SYS_LOAD_AVG], Operations, 5
[SYS_LOAD_AVG], AverageLatency(ns), 6.2
[SYS_LOAD_AVG], MinLatency(ns), 4
[SYS_LOAD_AVG], MaxLatency(ns), 9
[SYS_LOAD_AVG], 95thPercentileLatency(ns), 9
[SYS_LOAD_AVG], 99thPercentileLatency(ns), 9
[LOAD], Operations, 1
[LOAD], AverageLatency(ns), 1.3434847232E10
[LOAD], MinLatency(ns), 13434814464
[LOAD], MaxLatency(ns), 13434879999
[LOAD], 95thPercentileLatency(ns), 13434879999
[LOAD], 99thPercentileLatency(ns), 13434879999
[USED_MEM_MB], Operations, 5
[USED_MEM_MB], AverageLatency(ns), 4093.2
[USED_MEM_MB], MinLatency(ns), 50
[USED_MEM_MB], MaxLatency(ns), 5665
[USED_MEM_MB], 95thPercentileLatency(ns), 5665
[USED_MEM_MB], 99thPercentileLatency(ns), 5665
[MAIN_GCs_Count], Operations, 1
[MAIN_GCs_Count], AverageLatency(ns), 13.0
[MAIN_GCs_Count], MinLatency(ns), 13
[MAIN_GCs_Count], MaxLatency(ns), 13
[MAIN_GCs_Count], 95thPercentileLatency(ns), 13
[MAIN_GCs_Count], 99thPercentileLatency(ns), 13
[MAIN_GCs_Time(ms)], Operations, 1
[MAIN_GCs_Time(ms)], AverageLatency(ns), 2493.0
[MAIN_GCs_Time(ms)], MinLatency(ns), 2493
[MAIN_GCs_Time(ms)], MaxLatency(ns), 2493
[MAIN_GCs_Time(ms)], 95thPercentileLatency(ns), 2493
[MAIN_GCs_Time(ms)], 99thPercentileLatency(ns), 2493
[TRANSACTION], Operations, 1
[TRANSACTION], AverageLatency(ns), 1.6898424832E10
[TRANSACTION], MinLatency(ns), 16898392064
[TRANSACTION], MaxLatency(ns), 16898457599
[TRANSACTION], 95thPercentileLatency(ns), 16898457599
[TRANSACTION], 99thPercentileLatency(ns), 16898457599
[GCS_TIME], Operations, 5
[GCS_TIME], AverageLatency(ns), 963.6
[GCS_TIME], MinLatency(ns), 0
[GCS_TIME], MaxLatency(ns), 1670
[GCS_TIME], 95thPercentileLatency(ns), 1670
[GCS_TIME], 99thPercentileLatency(ns), 1670
[LOAD_GCs_Time(ms)], Operations, 1
[LOAD_GCs_Time(ms)], AverageLatency(ns), 2088.0
[LOAD_GCs_Time(ms)], MinLatency(ns), 2088
[LOAD_GCs_Time(ms)], MaxLatency(ns), 2088
[LOAD_GCs_Time(ms)], 95thPercentileLatency(ns), 2088
[LOAD_GCs_Time(ms)], 99thPercentileLatency(ns), 2088
[READ], Operations, 3001600
[READ], AverageLatency(ns), 711.9350166577825
[READ], MinLatency(ns), 181
[READ], MaxLatency(ns), 204412927
[READ], 95thPercentileLatency(ns), 1604
[READ], 99thPercentileLatency(ns), 2435
[READ], Return=OK, 3001600
[INIT], Operations, 1
[INIT], AverageLatency(ns), 5.9917312E8
[INIT], MinLatency(ns), 599171072
[INIT], MaxLatency(ns), 599175167
[INIT], 95thPercentileLatency(ns), 599175167
[INIT], 99thPercentileLatency(ns), 599175167
[GCS], Operations, 5
[GCS], AverageLatency(ns), 8.0
[GCS], MinLatency(ns), 0
[GCS], MaxLatency(ns), 22
[GCS], 95thPercentileLatency(ns), 22
[GCS], 99thPercentileLatency(ns), 22
[LOAD_GCs_Count], Operations, 1
[LOAD_GCs_Count], AverageLatency(ns), 25.0
[LOAD_GCs_Count], MinLatency(ns), 25
[LOAD_GCs_Count], MaxLatency(ns), 25
[LOAD_GCs_Count], 95thPercentileLatency(ns), 25
[LOAD_GCs_Count], 99thPercentileLatency(ns), 25
[CLEANUP], Operations, 1
[CLEANUP], AverageLatency(ns), 7.28098816E8
[CLEANUP], MinLatency(ns), 728096768
[CLEANUP], MaxLatency(ns), 728100863
[CLEANUP], 95thPercentileLatency(ns), 728100863
[CLEANUP], 99thPercentileLatency(ns), 728100863
[INSERT], Operations, 1000000
[INSERT], AverageLatency(ns), 2286.472763
[INSERT], MinLatency(ns), 1214
[INSERT], MaxLatency(ns), 164551679
[INSERT], 95thPercentileLatency(ns), 2062
[INSERT], 99thPercentileLatency(ns), 4433
[INSERT], Return=OK, 1000000
[UPDATE], Operations, 2998400
[UPDATE], AverageLatency(ns), 2456.9698549226255
[UPDATE], MinLatency(ns), 992
[UPDATE], MaxLatency(ns), 230001663
[UPDATE], 95thPercentileLatency(ns), 3740
[UPDATE], 99thPercentileLatency(ns), 4385
[UPDATE], Return=OK, 2998400
