/home/anatole/jdk8u/build/linux-x86_64-normal-server-release/jdk/bin/java -Xmx20g -XX:+UseG1GC -classpath /home/anatole/ycsb/conf:/home/anatole/ycsb/core/target/core-0.18.0-SNAPSHOT.jar:/home/anatole/ycsb/core/target/dependency/HdrHistogram-2.1.4.jar:/home/anatole/ycsb/core/target/dependency/guava-18.0.jar:/home/anatole/ycsb/core/target/dependency/htrace-core4-4.1.0-incubating.jar:/home/anatole/ycsb/core/target/dependency/jackson-core-asl-1.9.4.jar:/home/anatole/ycsb/core/target/dependency/jackson-mapper-asl-1.9.4.jar:/home/anatole/ycsb/core/target/dependency/javax.persistence-api-2.2.jar:/home/anatole/ycsb/core/target/dependency/jnvm-1.0-SNAPSHOT.jar:/home/anatole/ycsb/core/target/dependency/pcj-1.0.jar:/home/anatole/ycsb/core/target/dependency/unsafe-helper-1.0.jar:/home/anatole/ycsb/infinispan/src/main/conf:/home/anatole/ycsb/infinispan/target/infinispan-binding-0.18.0-SNAPSHOT.jar:/home/anatole/ycsb/infinispan/target/dependency/caffeine-2.6.2.jar:/home/anatole/ycsb/infinispan/target/dependency/gson-2.8.2.jar:/home/anatole/ycsb/infinispan/target/dependency/guava-18.0.jar:/home/anatole/ycsb/infinispan/target/dependency/infinispan-cachestore-jnvm-1.0-SNAPSHOT.jar:/home/anatole/ycsb/infinispan/target/dependency/infinispan-cachestore-pcj-1.0-SNAPSHOT.jar:/home/anatole/ycsb/infinispan/target/dependency/infinispan-client-hotrod-9.4.20.Final.jar:/home/anatole/ycsb/infinispan/target/dependency/infinispan-commons-9.4.20.Final.jar:/home/anatole/ycsb/infinispan/target/dependency/infinispan-core-9.4.20.Final.jar:/home/anatole/ycsb/infinispan/target/dependency/javax.persistence-api-2.2.jar:/home/anatole/ycsb/infinispan/target/dependency/jboss-logging-3.3.2.Final.jar:/home/anatole/ycsb/infinispan/target/dependency/jboss-marshalling-osgi-2.0.6.Final.jar:/home/anatole/ycsb/infinispan/target/dependency/jboss-transaction-api_1.2_spec-1.1.1.Final.jar:/home/anatole/ycsb/infinispan/target/dependency/jgroups-4.0.21.Final.jar:/home/anatole/ycsb/infinispan/target/dependency/jnvm-1.0-SNAPSHOT.jar:/home/anatole/ycsb/infinispan/target/dependency/metainf-services-1.7.jar:/home/anatole/ycsb/infinispan/target/dependency/netty-buffer-4.1.51.Final.jar:/home/anatole/ycsb/infinispan/target/dependency/netty-codec-4.1.51.Final.jar:/home/anatole/ycsb/infinispan/target/dependency/netty-common-4.1.51.Final.jar:/home/anatole/ycsb/infinispan/target/dependency/netty-handler-4.1.51.Final.jar:/home/anatole/ycsb/infinispan/target/dependency/netty-resolver-4.1.51.Final.jar:/home/anatole/ycsb/infinispan/target/dependency/netty-transport-4.1.51.Final.jar:/home/anatole/ycsb/infinispan/target/dependency/netty-transport-native-epoll-4.1.51.Final-linux-x86_64.jar:/home/anatole/ycsb/infinispan/target/dependency/netty-transport-native-unix-common-4.1.51.Final.jar:/home/anatole/ycsb/infinispan/target/dependency/pcj-1.0.jar:/home/anatole/ycsb/infinispan/target/dependency/reactive-streams-1.0.2.jar:/home/anatole/ycsb/infinispan/target/dependency/rxjava-2.2.4.jar:/home/anatole/ycsb/infinispan/target/dependency/unsafe-helper-1.0.jar site.ycsb.Client -t -db site.ycsb.db.InfinispanJNVMClient -P ../workloads/workloada -preload -s -threads 1 -p dataintegrity=true -p offheap=true -p pcj=false -p recordcount=1000000 -p operationcount=3000000 -p fieldcount=10 -p fieldlength=100 -p requestdistribution=zipfian -p measurement.trackjvm=true -p measurementtype=hdrhistogram -p hdrhistogram.output.path=./out/exp5.concurrent.ref/log/infinispan-jnvm.run.workloada.true.1000000.1.10.100.zipfian.1.false..default.default.none.r6.hdr.log
[OVERALL], RunTime(ms), 34311
[OVERALL], Throughput(ops/sec), 116580.68840896506
[TOTAL_GCS_G1_Young_Generation], Count, 45
[TOTAL_GC_TIME_G1_Young_Generation], Time(ms), 2601
[TOTAL_GC_TIME_%_G1_Young_Generation], Time(%), 7.580659263792952
[TOTAL_GCS_G1_Old_Generation], Count, 0
[TOTAL_GC_TIME_G1_Old_Generation], Time(ms), 0
[TOTAL_GC_TIME_%_G1_Old_Generation], Time(%), 0.0
[TOTAL_GCs], Count, 45
[TOTAL_GC_TIME], Time(ms), 2601
[TOTAL_GC_TIME_%], Time(%), 7.580659263792952
[MAX_MEM_USED], MBs, 5033
[MIN_MEM_USED], MBs, 54
[MAX_THREADS], Count, 7
[MIN_THREADS], Count, 3
[MAX_SYS_LOAD_AVG], Load, 3.3
[MIN_SYS_LOAD_AVG], Load, 1.37
[THREAD_COUNT], Operations, 5
[THREAD_COUNT], AverageLatency(ns), 5.6
[THREAD_COUNT], MinLatency(ns), 3
[THREAD_COUNT], MaxLatency(ns), 7
[THREAD_COUNT], 95thPercentileLatency(ns), 7
[THREAD_COUNT], 99thPercentileLatency(ns), 7
[SYS_LOAD_AVG], Operations, 5
[SYS_LOAD_AVG], AverageLatency(ns), 1.8
[SYS_LOAD_AVG], MinLatency(ns), 1
[SYS_LOAD_AVG], MaxLatency(ns), 3
[SYS_LOAD_AVG], 95thPercentileLatency(ns), 3
[SYS_LOAD_AVG], 99thPercentileLatency(ns), 3
[LOAD], Operations, 1
[LOAD], AverageLatency(ns), 2.337636352E10
[LOAD], MinLatency(ns), 23376297984
[LOAD], MaxLatency(ns), 23376429055
[LOAD], 95thPercentileLatency(ns), 23376429055
[LOAD], 99thPercentileLatency(ns), 23376429055
[USED_MEM_MB], Operations, 5
[USED_MEM_MB], AverageLatency(ns), 2743.2
[USED_MEM_MB], MinLatency(ns), 54
[USED_MEM_MB], MaxLatency(ns), 5033
[USED_MEM_MB], 95thPercentileLatency(ns), 5033
[USED_MEM_MB], 99thPercentileLatency(ns), 5033
[MAIN_GCs_Count], Operations, 1
[MAIN_GCs_Count], AverageLatency(ns), 8.0
[MAIN_GCs_Count], MinLatency(ns), 8
[MAIN_GCs_Count], MaxLatency(ns), 8
[MAIN_GCs_Count], 95thPercentileLatency(ns), 8
[MAIN_GCs_Count], 99thPercentileLatency(ns), 8
[MAIN_GCs_Time(ms)], Operations, 1
[MAIN_GCs_Time(ms)], AverageLatency(ns), 706.0
[MAIN_GCs_Time(ms)], MinLatency(ns), 706
[MAIN_GCs_Time(ms)], MaxLatency(ns), 706
[MAIN_GCs_Time(ms)], 95thPercentileLatency(ns), 706
[MAIN_GCs_Time(ms)], 99thPercentileLatency(ns), 706
[TRANSACTION], Operations, 1
[TRANSACTION], AverageLatency(ns), 9.195061248E9
[TRANSACTION], MinLatency(ns), 9195028480
[TRANSACTION], MaxLatency(ns), 9195094015
[TRANSACTION], 95thPercentileLatency(ns), 9195094015
[TRANSACTION], 99thPercentileLatency(ns), 9195094015
[GCS_TIME], Operations, 5
[GCS_TIME], AverageLatency(ns), 520.2
[GCS_TIME], MinLatency(ns), 0
[GCS_TIME], MaxLatency(ns), 981
[GCS_TIME], 95thPercentileLatency(ns), 981
[GCS_TIME], 99thPercentileLatency(ns), 981
[LOAD_GCs_Time(ms)], Operations, 1
[LOAD_GCs_Time(ms)], AverageLatency(ns), 1874.0
[LOAD_GCs_Time(ms)], MinLatency(ns), 1874
[LOAD_GCs_Time(ms)], MaxLatency(ns), 1874
[LOAD_GCs_Time(ms)], 95thPercentileLatency(ns), 1874
[LOAD_GCs_Time(ms)], 99thPercentileLatency(ns), 1874
[READ], Operations, 1498832
[READ], AverageLatency(ns), 1246.7542039401346
[READ], MinLatency(ns), 236
[READ], MaxLatency(ns), 816659
[READ], 95thPercentileLatency(ns), 1582
[READ], 99thPercentileLatency(ns), 2170
[READ], Return=OK, 1498832
[INIT], Operations, 1
[INIT], AverageLatency(ns), 1.674227712E9
[INIT], MinLatency(ns), 1674223616
[INIT], MaxLatency(ns), 1674231807
[INIT], 95thPercentileLatency(ns), 1674231807
[INIT], 99thPercentileLatency(ns), 1674231807
[GCS], Operations, 5
[GCS], AverageLatency(ns), 9.0
[GCS], MinLatency(ns), 0
[GCS], MaxLatency(ns), 27
[GCS], 95thPercentileLatency(ns), 27
[GCS], 99thPercentileLatency(ns), 27
[LOAD_GCs_Count], Operations, 1
[LOAD_GCs_Count], AverageLatency(ns), 36.0
[LOAD_GCs_Count], MinLatency(ns), 36
[LOAD_GCs_Count], MaxLatency(ns), 36
[LOAD_GCs_Count], 95thPercentileLatency(ns), 36
[LOAD_GCs_Count], 99thPercentileLatency(ns), 36
[CLEANUP], Operations, 1
[CLEANUP], AverageLatency(ns), 7481232.0
[CLEANUP], MinLatency(ns), 7481216
[CLEANUP], MaxLatency(ns), 7481247
[CLEANUP], 95thPercentileLatency(ns), 7481247
[CLEANUP], 99thPercentileLatency(ns), 7481247
[INSERT], Operations, 1000000
[INSERT], AverageLatency(ns), 6597.833497
[INSERT], MinLatency(ns), 2577
[INSERT], MaxLatency(ns), 137490431
[INSERT], 95thPercentileLatency(ns), 5961
[INSERT], 99thPercentileLatency(ns), 12604
[INSERT], Return=OK, 1000000
[UPDATE], Operations, 1501168
[UPDATE], AverageLatency(ns), 2074.7064059452373
[UPDATE], MinLatency(ns), 297
[UPDATE], MaxLatency(ns), 218827775
[UPDATE], 95thPercentileLatency(ns), 2393
[UPDATE], 99thPercentileLatency(ns), 3167
[UPDATE], Return=OK, 1501168
