/home/anatole/jdk8u/build/linux-x86_64-normal-server-release/jdk/bin/java -Xmx20g -XX:+UseG1GC -classpath /home/anatole/ycsb/conf:/home/anatole/ycsb/core/target/core-0.18.0-SNAPSHOT.jar:/home/anatole/ycsb/core/target/dependency/HdrHistogram-2.1.4.jar:/home/anatole/ycsb/core/target/dependency/guava-18.0.jar:/home/anatole/ycsb/core/target/dependency/htrace-core4-4.1.0-incubating.jar:/home/anatole/ycsb/core/target/dependency/jackson-core-asl-1.9.4.jar:/home/anatole/ycsb/core/target/dependency/jackson-mapper-asl-1.9.4.jar:/home/anatole/ycsb/core/target/dependency/javax.persistence-api-2.2.jar:/home/anatole/ycsb/core/target/dependency/jnvm-1.0-SNAPSHOT.jar:/home/anatole/ycsb/core/target/dependency/pcj-1.0.jar:/home/anatole/ycsb/core/target/dependency/unsafe-helper-1.0.jar:/home/anatole/ycsb/infinispan/src/main/conf:/home/anatole/ycsb/infinispan/target/infinispan-binding-0.18.0-SNAPSHOT.jar:/home/anatole/ycsb/infinispan/target/dependency/caffeine-2.6.2.jar:/home/anatole/ycsb/infinispan/target/dependency/gson-2.8.2.jar:/home/anatole/ycsb/infinispan/target/dependency/guava-18.0.jar:/home/anatole/ycsb/infinispan/target/dependency/infinispan-cachestore-jnvm-1.0-SNAPSHOT.jar:/home/anatole/ycsb/infinispan/target/dependency/infinispan-cachestore-pcj-1.0-SNAPSHOT.jar:/home/anatole/ycsb/infinispan/target/dependency/infinispan-client-hotrod-9.4.20.Final.jar:/home/anatole/ycsb/infinispan/target/dependency/infinispan-commons-9.4.20.Final.jar:/home/anatole/ycsb/infinispan/target/dependency/infinispan-core-9.4.20.Final.jar:/home/anatole/ycsb/infinispan/target/dependency/javax.persistence-api-2.2.jar:/home/anatole/ycsb/infinispan/target/dependency/jboss-logging-3.3.2.Final.jar:/home/anatole/ycsb/infinispan/target/dependency/jboss-marshalling-osgi-2.0.6.Final.jar:/home/anatole/ycsb/infinispan/target/dependency/jboss-transaction-api_1.2_spec-1.1.1.Final.jar:/home/anatole/ycsb/infinispan/target/dependency/jgroups-4.0.21.Final.jar:/home/anatole/ycsb/infinispan/target/dependency/jnvm-1.0-SNAPSHOT.jar:/home/anatole/ycsb/infinispan/target/dependency/metainf-services-1.7.jar:/home/anatole/ycsb/infinispan/target/dependency/netty-buffer-4.1.51.Final.jar:/home/anatole/ycsb/infinispan/target/dependency/netty-codec-4.1.51.Final.jar:/home/anatole/ycsb/infinispan/target/dependency/netty-common-4.1.51.Final.jar:/home/anatole/ycsb/infinispan/target/dependency/netty-handler-4.1.51.Final.jar:/home/anatole/ycsb/infinispan/target/dependency/netty-resolver-4.1.51.Final.jar:/home/anatole/ycsb/infinispan/target/dependency/netty-transport-4.1.51.Final.jar:/home/anatole/ycsb/infinispan/target/dependency/netty-transport-native-epoll-4.1.51.Final-linux-x86_64.jar:/home/anatole/ycsb/infinispan/target/dependency/netty-transport-native-unix-common-4.1.51.Final.jar:/home/anatole/ycsb/infinispan/target/dependency/pcj-1.0.jar:/home/anatole/ycsb/infinispan/target/dependency/reactive-streams-1.0.2.jar:/home/anatole/ycsb/infinispan/target/dependency/rxjava-2.2.4.jar:/home/anatole/ycsb/infinispan/target/dependency/unsafe-helper-1.0.jar site.ycsb.Client -t -db site.ycsb.db.InfinispanJNVMClient -P ../workloads/workloadc -preload -s -threads 36 -p dataintegrity=true -p offheap=true -p pcj=false -p recordcount=1000000 -p operationcount=60000000 -p fieldcount=10 -p fieldlength=100 -p requestdistribution=zipfian -p measurement.trackjvm=true -p measurementtype=hdrhistogram -p hdrhistogram.output.path=./out/exp5.concurrent.ref/log/infinispan-jnvm.run.workloadc.true.1000000.1.10.100.zipfian.36.false..default.default.none.r6.hdr.log
[OVERALL], RunTime(ms), 50697
[OVERALL], Throughput(ops/sec), 1203227.0154052507
[TOTAL_GCS_G1_Young_Generation], Count, 33
[TOTAL_GC_TIME_G1_Young_Generation], Time(ms), 2478
[TOTAL_GC_TIME_%_G1_Young_Generation], Time(%), 4.887863187170838
[TOTAL_GCS_G1_Old_Generation], Count, 0
[TOTAL_GC_TIME_G1_Old_Generation], Time(ms), 0
[TOTAL_GC_TIME_%_G1_Old_Generation], Time(%), 0.0
[TOTAL_GCs], Count, 33
[TOTAL_GC_TIME], Time(ms), 2478
[TOTAL_GC_TIME_%], Time(%), 4.887863187170838
[MAX_MEM_USED], MBs, 12590
[MIN_MEM_USED], MBs, 96
[MAX_THREADS], Count, 42
[MIN_THREADS], Count, 4
[MAX_SYS_LOAD_AVG], Load, 15.02
[MIN_SYS_LOAD_AVG], Load, 9.63
[THREAD_COUNT], Operations, 7
[THREAD_COUNT], AverageLatency(ns), 30.571428571428573
[THREAD_COUNT], MinLatency(ns), 4
[THREAD_COUNT], MaxLatency(ns), 42
[THREAD_COUNT], 95thPercentileLatency(ns), 42
[THREAD_COUNT], 99thPercentileLatency(ns), 42
[SYS_LOAD_AVG], Operations, 7
[SYS_LOAD_AVG], AverageLatency(ns), 12.142857142857142
[SYS_LOAD_AVG], MinLatency(ns), 9
[SYS_LOAD_AVG], MaxLatency(ns), 15
[SYS_LOAD_AVG], 95thPercentileLatency(ns), 15
[SYS_LOAD_AVG], 99thPercentileLatency(ns), 15
[LOAD], Operations, 36
[LOAD], AverageLatency(ns), 1.7322800469333332E10
[LOAD], MinLatency(ns), 16724066304
[LOAD], MaxLatency(ns), 17418551295
[LOAD], 95thPercentileLatency(ns), 17416323071
[LOAD], 99thPercentileLatency(ns), 17418551295
[USED_MEM_MB], Operations, 7
[USED_MEM_MB], AverageLatency(ns), 7811.142857142857
[USED_MEM_MB], MinLatency(ns), 96
[USED_MEM_MB], MaxLatency(ns), 12590
[USED_MEM_MB], 95thPercentileLatency(ns), 12590
[USED_MEM_MB], 99thPercentileLatency(ns), 12590
[MAIN_GCs_Count], Operations, 36
[MAIN_GCs_Count], AverageLatency(ns), 6.194444444444445
[MAIN_GCs_Count], MinLatency(ns), 3
[MAIN_GCs_Count], MaxLatency(ns), 8
[MAIN_GCs_Count], 95thPercentileLatency(ns), 8
[MAIN_GCs_Count], 99thPercentileLatency(ns), 8
[MAIN_GCs_Time(ms)], Operations, 36
[MAIN_GCs_Time(ms)], AverageLatency(ns), 408.6111111111111
[MAIN_GCs_Time(ms)], MinLatency(ns), 194
[MAIN_GCs_Time(ms)], MaxLatency(ns), 526
[MAIN_GCs_Time(ms)], 95thPercentileLatency(ns), 526
[MAIN_GCs_Time(ms)], 99thPercentileLatency(ns), 526
[TRANSACTION], Operations, 36
[TRANSACTION], AverageLatency(ns), 2.260466983822222E10
[TRANSACTION], MinLatency(ns), 10481565696
[TRANSACTION], MaxLatency(ns), 31382306815
[TRANSACTION], 95thPercentileLatency(ns), 30565072895
[TRANSACTION], 99thPercentileLatency(ns), 31382306815
[GCS_TIME], Operations, 7
[GCS_TIME], AverageLatency(ns), 354.0
[GCS_TIME], MinLatency(ns), 0
[GCS_TIME], MaxLatency(ns), 997
[GCS_TIME], 95thPercentileLatency(ns), 997
[GCS_TIME], 99thPercentileLatency(ns), 997
[LOAD_GCs_Time(ms)], Operations, 36
[LOAD_GCs_Time(ms)], AverageLatency(ns), 1916.9444444444443
[LOAD_GCs_Time(ms)], MinLatency(ns), 1740
[LOAD_GCs_Time(ms)], MaxLatency(ns), 1922
[LOAD_GCs_Time(ms)], 95thPercentileLatency(ns), 1922
[LOAD_GCs_Time(ms)], 99thPercentileLatency(ns), 1922
[READ], Operations, 60000000
[READ], AverageLatency(ns), 11910.6300116
[READ], MinLatency(ns), 207
[READ], MaxLatency(ns), 9710534655
[READ], 95thPercentileLatency(ns), 3933
[READ], 99thPercentileLatency(ns), 159471
[READ], Return=OK, 60000000
[INIT], Operations, 36
[INIT], AverageLatency(ns), 1.6298605226666667E9
[INIT], MinLatency(ns), 1621311488
[INIT], MaxLatency(ns), 1654759423
[INIT], 95thPercentileLatency(ns), 1637728255
[INIT], 99thPercentileLatency(ns), 1654759423
[GCS], Operations, 7
[GCS], AverageLatency(ns), 4.714285714285714
[GCS], MinLatency(ns), 0
[GCS], MaxLatency(ns), 19
[GCS], 95thPercentileLatency(ns), 19
[GCS], 99thPercentileLatency(ns), 19
[LOAD_GCs_Count], Operations, 36
[LOAD_GCs_Count], AverageLatency(ns), 22.97222222222222
[LOAD_GCs_Count], MinLatency(ns), 22
[LOAD_GCs_Count], MaxLatency(ns), 23
[LOAD_GCs_Count], 95thPercentileLatency(ns), 23
[LOAD_GCs_Count], 99thPercentileLatency(ns), 23
[CLEANUP], Operations, 36
[CLEANUP], AverageLatency(ns), 8.789332381777779E9
[CLEANUP], MinLatency(ns), 6134304
[CLEANUP], MaxLatency(ns), 20902182911
[CLEANUP], 95thPercentileLatency(ns), 20851458047
[CLEANUP], 99thPercentileLatency(ns), 20902182911
[INSERT], Operations, 1000000
[INSERT], AverageLatency(ns), 248870.890071
[INSERT], MinLatency(ns), 5228
[INSERT], MaxLatency(ns), 197386239
[INSERT], 95thPercentileLatency(ns), 314317
[INSERT], 99thPercentileLatency(ns), 4319807
[INSERT], Return=OK, 1000000
