/home/anatole/jdk8u/build/linux-x86_64-normal-server-release/jdk/bin/java -Xmx20g -XX:+UseG1GC -classpath /home/anatole/ycsb/conf:/home/anatole/ycsb/core/target/core-0.18.0-SNAPSHOT.jar:/home/anatole/ycsb/core/target/dependency/HdrHistogram-2.1.4.jar:/home/anatole/ycsb/core/target/dependency/guava-18.0.jar:/home/anatole/ycsb/core/target/dependency/htrace-core4-4.1.0-incubating.jar:/home/anatole/ycsb/core/target/dependency/jackson-core-asl-1.9.4.jar:/home/anatole/ycsb/core/target/dependency/jackson-mapper-asl-1.9.4.jar:/home/anatole/ycsb/core/target/dependency/javax.persistence-api-2.2.jar:/home/anatole/ycsb/core/target/dependency/jnvm-1.0-SNAPSHOT.jar:/home/anatole/ycsb/core/target/dependency/pcj-1.0.jar:/home/anatole/ycsb/core/target/dependency/unsafe-helper-1.0.jar:/home/anatole/ycsb/infinispan/src/main/conf:/home/anatole/ycsb/infinispan/target/infinispan-binding-0.18.0-SNAPSHOT.jar:/home/anatole/ycsb/infinispan/target/dependency/caffeine-2.6.2.jar:/home/anatole/ycsb/infinispan/target/dependency/gson-2.8.2.jar:/home/anatole/ycsb/infinispan/target/dependency/guava-18.0.jar:/home/anatole/ycsb/infinispan/target/dependency/infinispan-cachestore-jnvm-1.0-SNAPSHOT.jar:/home/anatole/ycsb/infinispan/target/dependency/infinispan-cachestore-pcj-1.0-SNAPSHOT.jar:/home/anatole/ycsb/infinispan/target/dependency/infinispan-client-hotrod-9.4.20.Final.jar:/home/anatole/ycsb/infinispan/target/dependency/infinispan-commons-9.4.20.Final.jar:/home/anatole/ycsb/infinispan/target/dependency/infinispan-core-9.4.20.Final.jar:/home/anatole/ycsb/infinispan/target/dependency/javax.persistence-api-2.2.jar:/home/anatole/ycsb/infinispan/target/dependency/jboss-logging-3.3.2.Final.jar:/home/anatole/ycsb/infinispan/target/dependency/jboss-marshalling-osgi-2.0.6.Final.jar:/home/anatole/ycsb/infinispan/target/dependency/jboss-transaction-api_1.2_spec-1.1.1.Final.jar:/home/anatole/ycsb/infinispan/target/dependency/jgroups-4.0.21.Final.jar:/home/anatole/ycsb/infinispan/target/dependency/jnvm-1.0-SNAPSHOT.jar:/home/anatole/ycsb/infinispan/target/dependency/metainf-services-1.7.jar:/home/anatole/ycsb/infinispan/target/dependency/netty-buffer-4.1.51.Final.jar:/home/anatole/ycsb/infinispan/target/dependency/netty-codec-4.1.51.Final.jar:/home/anatole/ycsb/infinispan/target/dependency/netty-common-4.1.51.Final.jar:/home/anatole/ycsb/infinispan/target/dependency/netty-handler-4.1.51.Final.jar:/home/anatole/ycsb/infinispan/target/dependency/netty-resolver-4.1.51.Final.jar:/home/anatole/ycsb/infinispan/target/dependency/netty-transport-4.1.51.Final.jar:/home/anatole/ycsb/infinispan/target/dependency/netty-transport-native-epoll-4.1.51.Final-linux-x86_64.jar:/home/anatole/ycsb/infinispan/target/dependency/netty-transport-native-unix-common-4.1.51.Final.jar:/home/anatole/ycsb/infinispan/target/dependency/pcj-1.0.jar:/home/anatole/ycsb/infinispan/target/dependency/reactive-streams-1.0.2.jar:/home/anatole/ycsb/infinispan/target/dependency/rxjava-2.2.4.jar:/home/anatole/ycsb/infinispan/target/dependency/unsafe-helper-1.0.jar site.ycsb.Client -t -db site.ycsb.db.InfinispanClient -P ../workloads/workloada -preload -s -threads 36 -p dataintegrity=true -p offheap=false -p pcj=false -p recordcount=1000000 -p operationcount=60000000 -p fieldcount=10 -p fieldlength=100 -p requestdistribution=zipfian -p measurement.trackjvm=true -p measurementtype=hdrhistogram -p hdrhistogram.output.path=./out/exp5.concurrent.ref/log/infinispan.run.workloada.true.1000000.100000.10.100.zipfian.36.false..default.default.none.r6.hdr.log
[OVERALL], RunTime(ms), 411173
[OVERALL], Throughput(ops/sec), 148356.04477920485
[TOTAL_GCS_G1_Young_Generation], Count, 202
[TOTAL_GC_TIME_G1_Young_Generation], Time(ms), 26668
[TOTAL_GC_TIME_%_G1_Young_Generation], Time(%), 6.485834429789894
[TOTAL_GCS_G1_Old_Generation], Count, 0
[TOTAL_GC_TIME_G1_Old_Generation], Time(ms), 0
[TOTAL_GC_TIME_%_G1_Old_Generation], Time(%), 0.0
[TOTAL_GCs], Count, 202
[TOTAL_GC_TIME], Time(ms), 26668
[TOTAL_GC_TIME_%], Time(%), 6.485834429789894
[MAX_MEM_USED], MBs, 12397
[MIN_MEM_USED], MBs, 96
[MAX_THREADS], Count, 68
[MIN_THREADS], Count, 2
[MAX_SYS_LOAD_AVG], Load, 27.09
[MIN_SYS_LOAD_AVG], Load, 21.13
[THREAD_COUNT], Operations, 43
[THREAD_COUNT], AverageLatency(ns), 62.27906976744186
[THREAD_COUNT], MinLatency(ns), 2
[THREAD_COUNT], MaxLatency(ns), 68
[THREAD_COUNT], 95thPercentileLatency(ns), 68
[THREAD_COUNT], 99thPercentileLatency(ns), 68
[SYS_LOAD_AVG], Operations, 43
[SYS_LOAD_AVG], AverageLatency(ns), 24.069767441860463
[SYS_LOAD_AVG], MinLatency(ns), 21
[SYS_LOAD_AVG], MaxLatency(ns), 27
[SYS_LOAD_AVG], 95thPercentileLatency(ns), 26
[SYS_LOAD_AVG], 99thPercentileLatency(ns), 27
[LOAD], Operations, 36
[LOAD], AverageLatency(ns), 1.314773765688889E10
[LOAD], MinLatency(ns), 11078991872
[LOAD], MaxLatency(ns), 14201847807
[LOAD], 95thPercentileLatency(ns), 14090436607
[LOAD], 99thPercentileLatency(ns), 14201847807
[USED_MEM_MB], Operations, 43
[USED_MEM_MB], AverageLatency(ns), 7258.767441860465
[USED_MEM_MB], MinLatency(ns), 96
[USED_MEM_MB], MaxLatency(ns), 12397
[USED_MEM_MB], 95thPercentileLatency(ns), 11536
[USED_MEM_MB], 99thPercentileLatency(ns), 12397
[MAIN_GCs_Count], Operations, 36
[MAIN_GCs_Count], AverageLatency(ns), 182.41666666666666
[MAIN_GCs_Count], MinLatency(ns), 182
[MAIN_GCs_Count], MaxLatency(ns), 183
[MAIN_GCs_Count], 95thPercentileLatency(ns), 183
[MAIN_GCs_Count], 99thPercentileLatency(ns), 183
[MAIN_GCs_Time(ms)], Operations, 36
[MAIN_GCs_Time(ms)], AverageLatency(ns), 25815.25
[MAIN_GCs_Time(ms)], MinLatency(ns), 25744
[MAIN_GCs_Time(ms)], MaxLatency(ns), 25915
[MAIN_GCs_Time(ms)], 95thPercentileLatency(ns), 25915
[MAIN_GCs_Time(ms)], 99thPercentileLatency(ns), 25915
[TRANSACTION], Operations, 36
[TRANSACTION], AverageLatency(ns), 3.953654060373333E11
[TRANSACTION], MinLatency(ns), 394132455424
[TRANSACTION], MaxLatency(ns), 396078612479
[TRANSACTION], 95thPercentileLatency(ns), 395761942527
[TRANSACTION], 99thPercentileLatency(ns), 396078612479
[GCS_TIME], Operations, 43
[GCS_TIME], AverageLatency(ns), 620.1860465116279
[GCS_TIME], MinLatency(ns), 0
[GCS_TIME], MaxLatency(ns), 934
[GCS_TIME], 95thPercentileLatency(ns), 890
[GCS_TIME], 99thPercentileLatency(ns), 934
[LOAD_GCs_Time(ms)], Operations, 36
[LOAD_GCs_Time(ms)], AverageLatency(ns), 712.0
[LOAD_GCs_Time(ms)], MinLatency(ns), 652
[LOAD_GCs_Time(ms)], MaxLatency(ns), 724
[LOAD_GCs_Time(ms)], 95thPercentileLatency(ns), 724
[LOAD_GCs_Time(ms)], 99thPercentileLatency(ns), 724
[READ], Operations, 30000336
[READ], AverageLatency(ns), 174561.21273521736
[READ], MinLatency(ns), 199
[READ], MaxLatency(ns), 417372159
[READ], 95thPercentileLatency(ns), 579375
[READ], 99thPercentileLatency(ns), 775959
[READ], Return=OK, 30000336
[INIT], Operations, 36
[INIT], AverageLatency(ns), 6.297729706666666E8
[INIT], MinLatency(ns), 623149056
[INIT], MaxLatency(ns), 637886463
[INIT], 95thPercentileLatency(ns), 636514303
[INIT], 99thPercentileLatency(ns), 637886463
[GCS], Operations, 43
[GCS], AverageLatency(ns), 4.6976744186046515
[GCS], MinLatency(ns), 0
[GCS], MaxLatency(ns), 18
[GCS], 95thPercentileLatency(ns), 7
[GCS], 99thPercentileLatency(ns), 18
[LOAD_GCs_Count], Operations, 36
[LOAD_GCs_Count], AverageLatency(ns), 16.833333333333332
[LOAD_GCs_Count], MinLatency(ns), 16
[LOAD_GCs_Count], MaxLatency(ns), 17
[LOAD_GCs_Count], 95thPercentileLatency(ns), 17
[LOAD_GCs_Count], 99thPercentileLatency(ns), 17
[CLEANUP], Operations, 36
[CLEANUP], AverageLatency(ns), 7.807980586666666E8
[CLEANUP], MinLatency(ns), 70077952
[CLEANUP], MaxLatency(ns), 1995096063
[CLEANUP], 95thPercentileLatency(ns), 1298636799
[CLEANUP], 99thPercentileLatency(ns), 1995096063
[INSERT], Operations, 1000000
[INSERT], AverageLatency(ns), 453637.041964
[INSERT], MinLatency(ns), 23827
[INSERT], MaxLatency(ns), 759721983
[INSERT], 95thPercentileLatency(ns), 506883
[INSERT], 99thPercentileLatency(ns), 733859
[INSERT], Return=OK, 1000000
[UPDATE], Operations, 29999664
[UPDATE], AverageLatency(ns), 293125.9972841029
[UPDATE], MinLatency(ns), 24690
[UPDATE], MaxLatency(ns), 417486847
[UPDATE], 95thPercentileLatency(ns), 706591
[UPDATE], 99thPercentileLatency(ns), 925403
[UPDATE], Return=OK, 29999664
