/home/anatole/jdk8u/build/linux-x86_64-normal-server-release/jdk/bin/java -Xmx20g -XX:+UseG1GC -classpath /home/anatole/ycsb/conf:/home/anatole/ycsb/core/target/core-0.18.0-SNAPSHOT.jar:/home/anatole/ycsb/core/target/dependency/HdrHistogram-2.1.4.jar:/home/anatole/ycsb/core/target/dependency/guava-18.0.jar:/home/anatole/ycsb/core/target/dependency/htrace-core4-4.1.0-incubating.jar:/home/anatole/ycsb/core/target/dependency/jackson-core-asl-1.9.4.jar:/home/anatole/ycsb/core/target/dependency/jackson-mapper-asl-1.9.4.jar:/home/anatole/ycsb/core/target/dependency/javax.persistence-api-2.2.jar:/home/anatole/ycsb/core/target/dependency/jnvm-1.0-SNAPSHOT.jar:/home/anatole/ycsb/core/target/dependency/pcj-1.0.jar:/home/anatole/ycsb/core/target/dependency/unsafe-helper-1.0.jar:/home/anatole/ycsb/infinispan/src/main/conf:/home/anatole/ycsb/infinispan/target/infinispan-binding-0.18.0-SNAPSHOT.jar:/home/anatole/ycsb/infinispan/target/dependency/caffeine-2.6.2.jar:/home/anatole/ycsb/infinispan/target/dependency/gson-2.8.2.jar:/home/anatole/ycsb/infinispan/target/dependency/guava-18.0.jar:/home/anatole/ycsb/infinispan/target/dependency/infinispan-cachestore-jnvm-1.0-SNAPSHOT.jar:/home/anatole/ycsb/infinispan/target/dependency/infinispan-cachestore-pcj-1.0-SNAPSHOT.jar:/home/anatole/ycsb/infinispan/target/dependency/infinispan-client-hotrod-9.4.20.Final.jar:/home/anatole/ycsb/infinispan/target/dependency/infinispan-commons-9.4.20.Final.jar:/home/anatole/ycsb/infinispan/target/dependency/infinispan-core-9.4.20.Final.jar:/home/anatole/ycsb/infinispan/target/dependency/javax.persistence-api-2.2.jar:/home/anatole/ycsb/infinispan/target/dependency/jboss-logging-3.3.2.Final.jar:/home/anatole/ycsb/infinispan/target/dependency/jboss-marshalling-osgi-2.0.6.Final.jar:/home/anatole/ycsb/infinispan/target/dependency/jboss-transaction-api_1.2_spec-1.1.1.Final.jar:/home/anatole/ycsb/infinispan/target/dependency/jgroups-4.0.21.Final.jar:/home/anatole/ycsb/infinispan/target/dependency/jnvm-1.0-SNAPSHOT.jar:/home/anatole/ycsb/infinispan/target/dependency/metainf-services-1.7.jar:/home/anatole/ycsb/infinispan/target/dependency/netty-buffer-4.1.51.Final.jar:/home/anatole/ycsb/infinispan/target/dependency/netty-codec-4.1.51.Final.jar:/home/anatole/ycsb/infinispan/target/dependency/netty-common-4.1.51.Final.jar:/home/anatole/ycsb/infinispan/target/dependency/netty-handler-4.1.51.Final.jar:/home/anatole/ycsb/infinispan/target/dependency/netty-resolver-4.1.51.Final.jar:/home/anatole/ycsb/infinispan/target/dependency/netty-transport-4.1.51.Final.jar:/home/anatole/ycsb/infinispan/target/dependency/netty-transport-native-epoll-4.1.51.Final-linux-x86_64.jar:/home/anatole/ycsb/infinispan/target/dependency/netty-transport-native-unix-common-4.1.51.Final.jar:/home/anatole/ycsb/infinispan/target/dependency/pcj-1.0.jar:/home/anatole/ycsb/infinispan/target/dependency/reactive-streams-1.0.2.jar:/home/anatole/ycsb/infinispan/target/dependency/rxjava-2.2.4.jar:/home/anatole/ycsb/infinispan/target/dependency/unsafe-helper-1.0.jar site.ycsb.Client -t -db site.ycsb.db.InfinispanJNVMClient -P ../workloads/workloadc -preload -s -threads 20 -p dataintegrity=true -p offheap=true -p pcj=false -p recordcount=1000000 -p operationcount=60000000 -p fieldcount=10 -p fieldlength=100 -p requestdistribution=zipfian -p measurement.trackjvm=true -p measurementtype=hdrhistogram -p hdrhistogram.output.path=./out/exp5.concurrent.ref/log/infinispan-jnvm.run.workloadc.true.1000000.1.10.100.zipfian.20.false..default.default.none.r1.hdr.log
[OVERALL], RunTime(ms), 50416
[OVERALL], Throughput(ops/sec), 1209933.3544906378
[TOTAL_GCS_G1_Young_Generation], Count, 36
[TOTAL_GC_TIME_G1_Young_Generation], Time(ms), 2323
[TOTAL_GC_TIME_%_G1_Young_Generation], Time(%), 4.607664233576642
[TOTAL_GCS_G1_Old_Generation], Count, 0
[TOTAL_GC_TIME_G1_Old_Generation], Time(ms), 0
[TOTAL_GC_TIME_%_G1_Old_Generation], Time(%), 0.0
[TOTAL_GCs], Count, 36
[TOTAL_GC_TIME], Time(ms), 2323
[TOTAL_GC_TIME_%], Time(%), 4.607664233576642
[MAX_MEM_USED], MBs, 12734
[MIN_MEM_USED], MBs, 76
[MAX_THREADS], Count, 26
[MIN_THREADS], Count, 4
[MAX_SYS_LOAD_AVG], Load, 17.21
[MIN_SYS_LOAD_AVG], Load, 13.63
[THREAD_COUNT], Operations, 7
[THREAD_COUNT], AverageLatency(ns), 19.142857142857142
[THREAD_COUNT], MinLatency(ns), 4
[THREAD_COUNT], MaxLatency(ns), 26
[THREAD_COUNT], 95thPercentileLatency(ns), 26
[THREAD_COUNT], 99thPercentileLatency(ns), 26
[SYS_LOAD_AVG], Operations, 7
[SYS_LOAD_AVG], AverageLatency(ns), 14.857142857142858
[SYS_LOAD_AVG], MinLatency(ns), 13
[SYS_LOAD_AVG], MaxLatency(ns), 17
[SYS_LOAD_AVG], 95thPercentileLatency(ns), 17
[SYS_LOAD_AVG], 99thPercentileLatency(ns), 17
[LOAD], Operations, 20
[LOAD], AverageLatency(ns), 1.57844144128E10
[LOAD], MinLatency(ns), 15172042752
[LOAD], MaxLatency(ns), 15967256575
[LOAD], 95thPercentileLatency(ns), 15940714495
[LOAD], 99thPercentileLatency(ns), 15967256575
[USED_MEM_MB], Operations, 7
[USED_MEM_MB], AverageLatency(ns), 6088.714285714285
[USED_MEM_MB], MinLatency(ns), 76
[USED_MEM_MB], MaxLatency(ns), 12734
[USED_MEM_MB], 95thPercentileLatency(ns), 12734
[USED_MEM_MB], 99thPercentileLatency(ns), 12734
[MAIN_GCs_Count], Operations, 20
[MAIN_GCs_Count], AverageLatency(ns), 9.2
[MAIN_GCs_Count], MinLatency(ns), 9
[MAIN_GCs_Count], MaxLatency(ns), 10
[MAIN_GCs_Count], 95thPercentileLatency(ns), 10
[MAIN_GCs_Count], 99thPercentileLatency(ns), 10
[MAIN_GCs_Time(ms)], Operations, 20
[MAIN_GCs_Time(ms)], AverageLatency(ns), 330.6
[MAIN_GCs_Time(ms)], MinLatency(ns), 324
[MAIN_GCs_Time(ms)], MaxLatency(ns), 357
[MAIN_GCs_Time(ms)], 95thPercentileLatency(ns), 357
[MAIN_GCs_Time(ms)], 99thPercentileLatency(ns), 357
[TRANSACTION], Operations, 20
[TRANSACTION], AverageLatency(ns), 3.11166042112E10
[TRANSACTION], MinLatency(ns), 29711794176
[TRANSACTION], MaxLatency(ns), 32700235775
[TRANSACTION], 95thPercentileLatency(ns), 32683196415
[TRANSACTION], 99thPercentileLatency(ns), 32700235775
[GCS_TIME], Operations, 7
[GCS_TIME], AverageLatency(ns), 331.85714285714283
[GCS_TIME], MinLatency(ns), 0
[GCS_TIME], MaxLatency(ns), 1062
[GCS_TIME], 95thPercentileLatency(ns), 1062
[GCS_TIME], 99thPercentileLatency(ns), 1062
[LOAD_GCs_Time(ms)], Operations, 20
[LOAD_GCs_Time(ms)], AverageLatency(ns), 1925.7
[LOAD_GCs_Time(ms)], MinLatency(ns), 1749
[LOAD_GCs_Time(ms)], MaxLatency(ns), 1935
[LOAD_GCs_Time(ms)], 95thPercentileLatency(ns), 1935
[LOAD_GCs_Time(ms)], 99thPercentileLatency(ns), 1935
[READ], Operations, 60000000
[READ], AverageLatency(ns), 8584.445970216666
[READ], MinLatency(ns), 205
[READ], MaxLatency(ns), 3719282687
[READ], 95thPercentileLatency(ns), 63858
[READ], 99thPercentileLatency(ns), 78976
[READ], Return=OK, 60000000
[INIT], Operations, 20
[INIT], AverageLatency(ns), 1.6328617984E9
[INIT], MinLatency(ns), 1629388800
[INIT], MaxLatency(ns), 1637244927
[INIT], 95thPercentileLatency(ns), 1637179391
[INIT], 99thPercentileLatency(ns), 1637244927
[GCS], Operations, 7
[GCS], AverageLatency(ns), 5.142857142857143
[GCS], MinLatency(ns), 0
[GCS], MaxLatency(ns), 20
[GCS], 95thPercentileLatency(ns), 20
[GCS], 99thPercentileLatency(ns), 20
[LOAD_GCs_Count], Operations, 20
[LOAD_GCs_Count], AverageLatency(ns), 23.95
[LOAD_GCs_Count], MinLatency(ns), 23
[LOAD_GCs_Count], MaxLatency(ns), 24
[LOAD_GCs_Count], 95thPercentileLatency(ns), 24
[LOAD_GCs_Count], 99thPercentileLatency(ns), 24
[CLEANUP], Operations, 20
[CLEANUP], AverageLatency(ns), 1.5882642568E9
[CLEANUP], MinLatency(ns), 5869504
[CLEANUP], MaxLatency(ns), 2981314559
[CLEANUP], 95thPercentileLatency(ns), 2561343487
[CLEANUP], 99thPercentileLatency(ns), 2981314559
[INSERT], Operations, 1000000
[INSERT], AverageLatency(ns), 115785.315603
[INSERT], MinLatency(ns), 3984
[INSERT], MaxLatency(ns), 189989887
[INSERT], 95thPercentileLatency(ns), 96326
[INSERT], 99thPercentileLatency(ns), 3054767
[INSERT], Return=OK, 1000000
