/home/anatole/jdk8u/build/linux-x86_64-normal-server-release/jdk/bin/java -Xmx20g -XX:+UseG1GC -classpath /home/anatole/ycsb/conf:/home/anatole/ycsb/core/target/core-0.18.0-SNAPSHOT.jar:/home/anatole/ycsb/core/target/dependency/HdrHistogram-2.1.4.jar:/home/anatole/ycsb/core/target/dependency/guava-18.0.jar:/home/anatole/ycsb/core/target/dependency/htrace-core4-4.1.0-incubating.jar:/home/anatole/ycsb/core/target/dependency/jackson-core-asl-1.9.4.jar:/home/anatole/ycsb/core/target/dependency/jackson-mapper-asl-1.9.4.jar:/home/anatole/ycsb/core/target/dependency/javax.persistence-api-2.2.jar:/home/anatole/ycsb/core/target/dependency/jnvm-1.0-SNAPSHOT.jar:/home/anatole/ycsb/core/target/dependency/pcj-1.0.jar:/home/anatole/ycsb/core/target/dependency/unsafe-helper-1.0.jar:/home/anatole/ycsb/infinispan/src/main/conf:/home/anatole/ycsb/infinispan/target/infinispan-binding-0.18.0-SNAPSHOT.jar:/home/anatole/ycsb/infinispan/target/dependency/caffeine-2.6.2.jar:/home/anatole/ycsb/infinispan/target/dependency/gson-2.8.2.jar:/home/anatole/ycsb/infinispan/target/dependency/guava-18.0.jar:/home/anatole/ycsb/infinispan/target/dependency/infinispan-cachestore-jnvm-1.0-SNAPSHOT.jar:/home/anatole/ycsb/infinispan/target/dependency/infinispan-cachestore-pcj-1.0-SNAPSHOT.jar:/home/anatole/ycsb/infinispan/target/dependency/infinispan-client-hotrod-9.4.20.Final.jar:/home/anatole/ycsb/infinispan/target/dependency/infinispan-commons-9.4.20.Final.jar:/home/anatole/ycsb/infinispan/target/dependency/infinispan-core-9.4.20.Final.jar:/home/anatole/ycsb/infinispan/target/dependency/javax.persistence-api-2.2.jar:/home/anatole/ycsb/infinispan/target/dependency/jboss-logging-3.3.2.Final.jar:/home/anatole/ycsb/infinispan/target/dependency/jboss-marshalling-osgi-2.0.6.Final.jar:/home/anatole/ycsb/infinispan/target/dependency/jboss-transaction-api_1.2_spec-1.1.1.Final.jar:/home/anatole/ycsb/infinispan/target/dependency/jgroups-4.0.21.Final.jar:/home/anatole/ycsb/infinispan/target/dependency/jnvm-1.0-SNAPSHOT.jar:/home/anatole/ycsb/infinispan/target/dependency/metainf-services-1.7.jar:/home/anatole/ycsb/infinispan/target/dependency/netty-buffer-4.1.51.Final.jar:/home/anatole/ycsb/infinispan/target/dependency/netty-codec-4.1.51.Final.jar:/home/anatole/ycsb/infinispan/target/dependency/netty-common-4.1.51.Final.jar:/home/anatole/ycsb/infinispan/target/dependency/netty-handler-4.1.51.Final.jar:/home/anatole/ycsb/infinispan/target/dependency/netty-resolver-4.1.51.Final.jar:/home/anatole/ycsb/infinispan/target/dependency/netty-transport-4.1.51.Final.jar:/home/anatole/ycsb/infinispan/target/dependency/netty-transport-native-epoll-4.1.51.Final-linux-x86_64.jar:/home/anatole/ycsb/infinispan/target/dependency/netty-transport-native-unix-common-4.1.51.Final.jar:/home/anatole/ycsb/infinispan/target/dependency/pcj-1.0.jar:/home/anatole/ycsb/infinispan/target/dependency/reactive-streams-1.0.2.jar:/home/anatole/ycsb/infinispan/target/dependency/rxjava-2.2.4.jar:/home/anatole/ycsb/infinispan/target/dependency/unsafe-helper-1.0.jar site.ycsb.Client -t -db site.ycsb.db.InfinispanClient -P ../workloads/workloada -preload -s -threads 8 -p dataintegrity=true -p offheap=false -p pcj=false -p recordcount=1000000 -p operationcount=48000000 -p fieldcount=10 -p fieldlength=100 -p requestdistribution=zipfian -p measurement.trackjvm=true -p measurementtype=hdrhistogram -p hdrhistogram.output.path=./out/exp5.concurrent.ref/log/infinispan.run.workloada.true.1000000.1000000.10.100.zipfian.8.false.true.default.default.volatile.r4.hdr.log
[OVERALL], RunTime(ms), 63340
[OVERALL], Throughput(ops/sec), 773602.7786548784
[TOTAL_GCS_G1_Young_Generation], Count, 132
[TOTAL_GC_TIME_G1_Young_Generation], Time(ms), 23150
[TOTAL_GC_TIME_%_G1_Young_Generation], Time(%), 36.548784338490684
[TOTAL_GCS_G1_Old_Generation], Count, 0
[TOTAL_GC_TIME_G1_Old_Generation], Time(ms), 0
[TOTAL_GC_TIME_%_G1_Old_Generation], Time(%), 0.0
[TOTAL_GCs], Count, 132
[TOTAL_GC_TIME], Time(ms), 23150
[TOTAL_GC_TIME_%], Time(%), 36.548784338490684
[MAX_MEM_USED], MBs, 8973
[MIN_MEM_USED], MBs, 60
[MAX_THREADS], Count, 39
[MIN_THREADS], Count, 4
[MAX_SYS_LOAD_AVG], Load, 21.83
[MIN_SYS_LOAD_AVG], Load, 20.01
[THREAD_COUNT], Operations, 8
[THREAD_COUNT], AverageLatency(ns), 31.0
[THREAD_COUNT], MinLatency(ns), 4
[THREAD_COUNT], MaxLatency(ns), 39
[THREAD_COUNT], 95thPercentileLatency(ns), 39
[THREAD_COUNT], 99thPercentileLatency(ns), 39
[SYS_LOAD_AVG], Operations, 8
[SYS_LOAD_AVG], AverageLatency(ns), 20.375
[SYS_LOAD_AVG], MinLatency(ns), 20
[SYS_LOAD_AVG], MaxLatency(ns), 21
[SYS_LOAD_AVG], 95thPercentileLatency(ns), 21
[SYS_LOAD_AVG], 99thPercentileLatency(ns), 21
[LOAD], Operations, 8
[LOAD], AverageLatency(ns), 5.277786112E9
[LOAD], MinLatency(ns), 5100109824
[LOAD], MaxLatency(ns), 5444960255
[LOAD], 95thPercentileLatency(ns), 5444960255
[LOAD], 99thPercentileLatency(ns), 5444960255
[USED_MEM_MB], Operations, 8
[USED_MEM_MB], AverageLatency(ns), 6079.0
[USED_MEM_MB], MinLatency(ns), 60
[USED_MEM_MB], MaxLatency(ns), 8973
[USED_MEM_MB], 95thPercentileLatency(ns), 8973
[USED_MEM_MB], 99thPercentileLatency(ns), 8973
[MAIN_GCs_Count], Operations, 8
[MAIN_GCs_Count], AverageLatency(ns), 104.75
[MAIN_GCs_Count], MinLatency(ns), 103
[MAIN_GCs_Count], MaxLatency(ns), 106
[MAIN_GCs_Count], 95thPercentileLatency(ns), 106
[MAIN_GCs_Count], 99thPercentileLatency(ns), 106
[MAIN_GCs_Time(ms)], Operations, 8
[MAIN_GCs_Time(ms)], AverageLatency(ns), 20845.625
[MAIN_GCs_Time(ms)], MinLatency(ns), 20587
[MAIN_GCs_Time(ms)], MaxLatency(ns), 21021
[MAIN_GCs_Time(ms)], 95thPercentileLatency(ns), 21021
[MAIN_GCs_Time(ms)], 99thPercentileLatency(ns), 21021
[TRANSACTION], Operations, 8
[TRANSACTION], AverageLatency(ns), 5.5808E10
[TRANSACTION], MinLatency(ns), 54913925120
[TRANSACTION], MaxLatency(ns), 56693620735
[TRANSACTION], 95thPercentileLatency(ns), 56693620735
[TRANSACTION], 99thPercentileLatency(ns), 56693620735
[GCS_TIME], Operations, 8
[GCS_TIME], AverageLatency(ns), 2893.75
[GCS_TIME], MinLatency(ns), 0
[GCS_TIME], MaxLatency(ns), 5792
[GCS_TIME], 95thPercentileLatency(ns), 5792
[GCS_TIME], 99thPercentileLatency(ns), 5792
[LOAD_GCs_Time(ms)], Operations, 8
[LOAD_GCs_Time(ms)], AverageLatency(ns), 2026.0
[LOAD_GCs_Time(ms)], MinLatency(ns), 1942
[LOAD_GCs_Time(ms)], MaxLatency(ns), 2110
[LOAD_GCs_Time(ms)], 95thPercentileLatency(ns), 2110
[LOAD_GCs_Time(ms)], 99thPercentileLatency(ns), 2110
[READ], Operations, 23996417
[READ], AverageLatency(ns), 3322.038758661345
[READ], MinLatency(ns), 188
[READ], MaxLatency(ns), 1256505343
[READ], 95thPercentileLatency(ns), 10896
[READ], 99thPercentileLatency(ns), 21074
[READ], Return=OK, 23996417
[INIT], Operations, 8
[INIT], AverageLatency(ns), 5.9337472E8
[INIT], MinLatency(ns), 592146432
[INIT], MaxLatency(ns), 595046399
[INIT], 95thPercentileLatency(ns), 595046399
[INIT], 99thPercentileLatency(ns), 595046399
[GCS], Operations, 8
[GCS], AverageLatency(ns), 16.5
[GCS], MinLatency(ns), 0
[GCS], MaxLatency(ns), 38
[GCS], 95thPercentileLatency(ns), 38
[GCS], 99thPercentileLatency(ns), 38
[LOAD_GCs_Count], Operations, 8
[LOAD_GCs_Count], AverageLatency(ns), 24.5
[LOAD_GCs_Count], MinLatency(ns), 24
[LOAD_GCs_Count], MaxLatency(ns), 25
[LOAD_GCs_Count], 95thPercentileLatency(ns), 25
[LOAD_GCs_Count], 99thPercentileLatency(ns), 25
[CLEANUP], Operations, 8
[CLEANUP], AverageLatency(ns), 1.370430336E9
[CLEANUP], MinLatency(ns), 488665088
[CLEANUP], MaxLatency(ns), 2238988287
[CLEANUP], 95thPercentileLatency(ns), 2238988287
[CLEANUP], 99thPercentileLatency(ns), 2238988287
[INSERT], Operations, 1000000
[INSERT], AverageLatency(ns), 10656.503693
[INSERT], MinLatency(ns), 1427
[INSERT], MaxLatency(ns), 175414271
[INSERT], 95thPercentileLatency(ns), 12147
[INSERT], 99thPercentileLatency(ns), 34026
[INSERT], Return=OK, 1000000
[UPDATE], Operations, 24003583
[UPDATE], AverageLatency(ns), 9315.931515182547
[UPDATE], MinLatency(ns), 1166
[UPDATE], MaxLatency(ns), 1256857599
[UPDATE], 95thPercentileLatency(ns), 19248
[UPDATE], 99thPercentileLatency(ns), 30720
[UPDATE], Return=OK, 24003583
