/home/anatole/jdk8u/build/linux-x86_64-normal-server-release/jdk/bin/java -Xmx20g -XX:+UseG1GC -classpath /home/anatole/ycsb/conf:/home/anatole/ycsb/core/target/core-0.18.0-SNAPSHOT.jar:/home/anatole/ycsb/core/target/dependency/HdrHistogram-2.1.4.jar:/home/anatole/ycsb/core/target/dependency/guava-18.0.jar:/home/anatole/ycsb/core/target/dependency/htrace-core4-4.1.0-incubating.jar:/home/anatole/ycsb/core/target/dependency/jackson-core-asl-1.9.4.jar:/home/anatole/ycsb/core/target/dependency/jackson-mapper-asl-1.9.4.jar:/home/anatole/ycsb/core/target/dependency/javax.persistence-api-2.2.jar:/home/anatole/ycsb/core/target/dependency/jnvm-1.0-SNAPSHOT.jar:/home/anatole/ycsb/core/target/dependency/pcj-1.0.jar:/home/anatole/ycsb/core/target/dependency/unsafe-helper-1.0.jar:/home/anatole/ycsb/infinispan/src/main/conf:/home/anatole/ycsb/infinispan/target/infinispan-binding-0.18.0-SNAPSHOT.jar:/home/anatole/ycsb/infinispan/target/dependency/caffeine-2.6.2.jar:/home/anatole/ycsb/infinispan/target/dependency/gson-2.8.2.jar:/home/anatole/ycsb/infinispan/target/dependency/guava-18.0.jar:/home/anatole/ycsb/infinispan/target/dependency/infinispan-cachestore-jnvm-1.0-SNAPSHOT.jar:/home/anatole/ycsb/infinispan/target/dependency/infinispan-cachestore-pcj-1.0-SNAPSHOT.jar:/home/anatole/ycsb/infinispan/target/dependency/infinispan-client-hotrod-9.4.20.Final.jar:/home/anatole/ycsb/infinispan/target/dependency/infinispan-commons-9.4.20.Final.jar:/home/anatole/ycsb/infinispan/target/dependency/infinispan-core-9.4.20.Final.jar:/home/anatole/ycsb/infinispan/target/dependency/javax.persistence-api-2.2.jar:/home/anatole/ycsb/infinispan/target/dependency/jboss-logging-3.3.2.Final.jar:/home/anatole/ycsb/infinispan/target/dependency/jboss-marshalling-osgi-2.0.6.Final.jar:/home/anatole/ycsb/infinispan/target/dependency/jboss-transaction-api_1.2_spec-1.1.1.Final.jar:/home/anatole/ycsb/infinispan/target/dependency/jgroups-4.0.21.Final.jar:/home/anatole/ycsb/infinispan/target/dependency/jnvm-1.0-SNAPSHOT.jar:/home/anatole/ycsb/infinispan/target/dependency/metainf-services-1.7.jar:/home/anatole/ycsb/infinispan/target/dependency/netty-buffer-4.1.51.Final.jar:/home/anatole/ycsb/infinispan/target/dependency/netty-codec-4.1.51.Final.jar:/home/anatole/ycsb/infinispan/target/dependency/netty-common-4.1.51.Final.jar:/home/anatole/ycsb/infinispan/target/dependency/netty-handler-4.1.51.Final.jar:/home/anatole/ycsb/infinispan/target/dependency/netty-resolver-4.1.51.Final.jar:/home/anatole/ycsb/infinispan/target/dependency/netty-transport-4.1.51.Final.jar:/home/anatole/ycsb/infinispan/target/dependency/netty-transport-native-epoll-4.1.51.Final-linux-x86_64.jar:/home/anatole/ycsb/infinispan/target/dependency/netty-transport-native-unix-common-4.1.51.Final.jar:/home/anatole/ycsb/infinispan/target/dependency/pcj-1.0.jar:/home/anatole/ycsb/infinispan/target/dependency/reactive-streams-1.0.2.jar:/home/anatole/ycsb/infinispan/target/dependency/rxjava-2.2.4.jar:/home/anatole/ycsb/infinispan/target/dependency/unsafe-helper-1.0.jar site.ycsb.Client -t -db site.ycsb.db.InfinispanClient -P ../workloads/workloadc -preload -s -threads 32 -p dataintegrity=true -p offheap=false -p pcj=false -p recordcount=1000000 -p operationcount=60000000 -p fieldcount=10 -p fieldlength=100 -p requestdistribution=zipfian -p measurement.trackjvm=true -p measurementtype=hdrhistogram -p hdrhistogram.output.path=./out/exp5.concurrent.ref/log/infinispan.run.workloadc.true.1000000.100000.10.100.zipfian.32.false..default.default.none.r3.hdr.log
[OVERALL], RunTime(ms), 490826
[OVERALL], Throughput(ops/sec), 124280.29484990607
[TOTAL_GCS_G1_Young_Generation], Count, 92
[TOTAL_GC_TIME_G1_Young_Generation], Time(ms), 8474
[TOTAL_GC_TIME_%_G1_Young_Generation], Time(%), 1.726477407472302
[TOTAL_GCS_G1_Old_Generation], Count, 0
[TOTAL_GC_TIME_G1_Old_Generation], Time(ms), 0
[TOTAL_GC_TIME_%_G1_Old_Generation], Time(%), 0.0
[TOTAL_GCs], Count, 92
[TOTAL_GC_TIME], Time(ms), 8474
[TOTAL_GC_TIME_%], Time(%), 1.726477407472302
[MAX_MEM_USED], MBs, 12049
[MIN_MEM_USED], MBs, 92
[MAX_THREADS], Count, 38
[MIN_THREADS], Count, 2
[MAX_SYS_LOAD_AVG], Load, 14.27
[MIN_SYS_LOAD_AVG], Load, 9.72
[THREAD_COUNT], Operations, 51
[THREAD_COUNT], AverageLatency(ns), 35.05882352941177
[THREAD_COUNT], MinLatency(ns), 2
[THREAD_COUNT], MaxLatency(ns), 38
[THREAD_COUNT], 95thPercentileLatency(ns), 38
[THREAD_COUNT], 99thPercentileLatency(ns), 38
[SYS_LOAD_AVG], Operations, 51
[SYS_LOAD_AVG], AverageLatency(ns), 10.92156862745098
[SYS_LOAD_AVG], MinLatency(ns), 9
[SYS_LOAD_AVG], MaxLatency(ns), 14
[SYS_LOAD_AVG], 95thPercentileLatency(ns), 13
[SYS_LOAD_AVG], 99thPercentileLatency(ns), 14
[LOAD], Operations, 32
[LOAD], AverageLatency(ns), 1.3180827648E10
[LOAD], MinLatency(ns), 11136335872
[LOAD], MaxLatency(ns), 14226817023
[LOAD], 95thPercentileLatency(ns), 14132903935
[LOAD], 99thPercentileLatency(ns), 14226817023
[USED_MEM_MB], Operations, 51
[USED_MEM_MB], AverageLatency(ns), 6638.823529411765
[USED_MEM_MB], MinLatency(ns), 92
[USED_MEM_MB], MaxLatency(ns), 12049
[USED_MEM_MB], 95thPercentileLatency(ns), 11573
[USED_MEM_MB], 99thPercentileLatency(ns), 11722
[MAIN_GCs_Count], Operations, 32
[MAIN_GCs_Count], AverageLatency(ns), 73.875
[MAIN_GCs_Count], MinLatency(ns), 71
[MAIN_GCs_Count], MaxLatency(ns), 74
[MAIN_GCs_Count], 95thPercentileLatency(ns), 74
[MAIN_GCs_Count], 99thPercentileLatency(ns), 74
[MAIN_GCs_Time(ms)], Operations, 32
[MAIN_GCs_Time(ms)], AverageLatency(ns), 7623.09375
[MAIN_GCs_Time(ms)], MinLatency(ns), 7329
[MAIN_GCs_Time(ms)], MaxLatency(ns), 7636
[MAIN_GCs_Time(ms)], 95thPercentileLatency(ns), 7636
[MAIN_GCs_Time(ms)], 99thPercentileLatency(ns), 7636
[TRANSACTION], Operations, 32
[TRANSACTION], AverageLatency(ns), 4.74303430656E11
[TRANSACTION], MinLatency(ns), 453567840256
[TRANSACTION], MaxLatency(ns), 475648753663
[TRANSACTION], 95thPercentileLatency(ns), 475587936255
[TRANSACTION], 99thPercentileLatency(ns), 475648753663
[GCS_TIME], Operations, 51
[GCS_TIME], AverageLatency(ns), 166.15686274509804
[GCS_TIME], MinLatency(ns), 0
[GCS_TIME], MaxLatency(ns), 747
[GCS_TIME], 95thPercentileLatency(ns), 238
[GCS_TIME], 99thPercentileLatency(ns), 628
[LOAD_GCs_Time(ms)], Operations, 32
[LOAD_GCs_Time(ms)], AverageLatency(ns), 798.625
[LOAD_GCs_Time(ms)], MinLatency(ns), 719
[LOAD_GCs_Time(ms)], MaxLatency(ns), 810
[LOAD_GCs_Time(ms)], 95thPercentileLatency(ns), 810
[LOAD_GCs_Time(ms)], 99thPercentileLatency(ns), 810
[READ], Operations, 60000000
[READ], AverageLatency(ns), 249744.94639425
[READ], MinLatency(ns), 230
[READ], MaxLatency(ns), 272183295
[READ], 95thPercentileLatency(ns), 1004067
[READ], 99thPercentileLatency(ns), 1496215
[READ], Return=OK, 60000000
[INIT], Operations, 32
[INIT], AverageLatency(ns), 6.0744768E8
[INIT], MinLatency(ns), 599990272
[INIT], MaxLatency(ns), 629272575
[INIT], 95thPercentileLatency(ns), 614121471
[INIT], 99thPercentileLatency(ns), 629272575
[GCS], Operations, 51
[GCS], AverageLatency(ns), 1.803921568627451
[GCS], MinLatency(ns), 0
[GCS], MaxLatency(ns), 17
[GCS], 95thPercentileLatency(ns), 2
[GCS], 99thPercentileLatency(ns), 4
[LOAD_GCs_Count], Operations, 32
[LOAD_GCs_Count], AverageLatency(ns), 15.875
[LOAD_GCs_Count], MinLatency(ns), 15
[LOAD_GCs_Count], MaxLatency(ns), 16
[LOAD_GCs_Count], 95thPercentileLatency(ns), 16
[LOAD_GCs_Count], 99thPercentileLatency(ns), 16
[CLEANUP], Operations, 32
[CLEANUP], AverageLatency(ns), 1.428893224E9
[CLEANUP], MinLatency(ns), 87168512
[CLEANUP], MaxLatency(ns), 22141468671
[CLEANUP], 95thPercentileLatency(ns), 2825027583
[CLEANUP], 99thPercentileLatency(ns), 22141468671
[INSERT], Operations, 1000000
[INSERT], AverageLatency(ns), 403094.049697
[INSERT], MinLatency(ns), 23842
[INSERT], MaxLatency(ns), 1626693631
[INSERT], 95thPercentileLatency(ns), 451349
[INSERT], 99thPercentileLatency(ns), 691739
[INSERT], Return=OK, 1000000
