/home/anatole/jdk8u/build/linux-x86_64-normal-server-release/jdk/bin/java -Xmx20g -XX:+UseG1GC -classpath /home/anatole/ycsb/conf:/home/anatole/ycsb/core/target/core-0.18.0-SNAPSHOT.jar:/home/anatole/ycsb/core/target/dependency/HdrHistogram-2.1.4.jar:/home/anatole/ycsb/core/target/dependency/guava-18.0.jar:/home/anatole/ycsb/core/target/dependency/htrace-core4-4.1.0-incubating.jar:/home/anatole/ycsb/core/target/dependency/jackson-core-asl-1.9.4.jar:/home/anatole/ycsb/core/target/dependency/jackson-mapper-asl-1.9.4.jar:/home/anatole/ycsb/core/target/dependency/javax.persistence-api-2.2.jar:/home/anatole/ycsb/core/target/dependency/jnvm-1.0-SNAPSHOT.jar:/home/anatole/ycsb/core/target/dependency/pcj-1.0.jar:/home/anatole/ycsb/core/target/dependency/unsafe-helper-1.0.jar:/home/anatole/ycsb/infinispan/src/main/conf:/home/anatole/ycsb/infinispan/target/infinispan-binding-0.18.0-SNAPSHOT.jar:/home/anatole/ycsb/infinispan/target/dependency/caffeine-2.6.2.jar:/home/anatole/ycsb/infinispan/target/dependency/gson-2.8.2.jar:/home/anatole/ycsb/infinispan/target/dependency/guava-18.0.jar:/home/anatole/ycsb/infinispan/target/dependency/infinispan-cachestore-jnvm-1.0-SNAPSHOT.jar:/home/anatole/ycsb/infinispan/target/dependency/infinispan-cachestore-pcj-1.0-SNAPSHOT.jar:/home/anatole/ycsb/infinispan/target/dependency/infinispan-client-hotrod-9.4.20.Final.jar:/home/anatole/ycsb/infinispan/target/dependency/infinispan-commons-9.4.20.Final.jar:/home/anatole/ycsb/infinispan/target/dependency/infinispan-core-9.4.20.Final.jar:/home/anatole/ycsb/infinispan/target/dependency/javax.persistence-api-2.2.jar:/home/anatole/ycsb/infinispan/target/dependency/jboss-logging-3.3.2.Final.jar:/home/anatole/ycsb/infinispan/target/dependency/jboss-marshalling-osgi-2.0.6.Final.jar:/home/anatole/ycsb/infinispan/target/dependency/jboss-transaction-api_1.2_spec-1.1.1.Final.jar:/home/anatole/ycsb/infinispan/target/dependency/jgroups-4.0.21.Final.jar:/home/anatole/ycsb/infinispan/target/dependency/jnvm-1.0-SNAPSHOT.jar:/home/anatole/ycsb/infinispan/target/dependency/metainf-services-1.7.jar:/home/anatole/ycsb/infinispan/target/dependency/netty-buffer-4.1.51.Final.jar:/home/anatole/ycsb/infinispan/target/dependency/netty-codec-4.1.51.Final.jar:/home/anatole/ycsb/infinispan/target/dependency/netty-common-4.1.51.Final.jar:/home/anatole/ycsb/infinispan/target/dependency/netty-handler-4.1.51.Final.jar:/home/anatole/ycsb/infinispan/target/dependency/netty-resolver-4.1.51.Final.jar:/home/anatole/ycsb/infinispan/target/dependency/netty-transport-4.1.51.Final.jar:/home/anatole/ycsb/infinispan/target/dependency/netty-transport-native-epoll-4.1.51.Final-linux-x86_64.jar:/home/anatole/ycsb/infinispan/target/dependency/netty-transport-native-unix-common-4.1.51.Final.jar:/home/anatole/ycsb/infinispan/target/dependency/pcj-1.0.jar:/home/anatole/ycsb/infinispan/target/dependency/reactive-streams-1.0.2.jar:/home/anatole/ycsb/infinispan/target/dependency/rxjava-2.2.4.jar:/home/anatole/ycsb/infinispan/target/dependency/unsafe-helper-1.0.jar site.ycsb.Client -t -db site.ycsb.db.InfinispanJNVMClient -P ../workloads/workloada -preload -s -threads 1 -p dataintegrity=true -p offheap=true -p pcj=false -p recordcount=1000000 -p operationcount=3000000 -p fieldcount=10 -p fieldlength=100 -p requestdistribution=zipfian -p measurement.trackjvm=true -p measurementtype=hdrhistogram -p hdrhistogram.output.path=./out/exp5.concurrent.ref/log/infinispan-jnvm.run.workloada.true.1000000.1.10.100.zipfian.1.false..default.default.none.r3.hdr.log
[OVERALL], RunTime(ms), 35678
[OVERALL], Throughput(ops/sec), 112113.90773025394
[TOTAL_GCS_G1_Young_Generation], Count, 36
[TOTAL_GC_TIME_G1_Young_Generation], Time(ms), 3310
[TOTAL_GC_TIME_%_G1_Young_Generation], Time(%), 9.277425864678515
[TOTAL_GCS_G1_Old_Generation], Count, 0
[TOTAL_GC_TIME_G1_Old_Generation], Time(ms), 0
[TOTAL_GC_TIME_%_G1_Old_Generation], Time(%), 0.0
[TOTAL_GCs], Count, 36
[TOTAL_GC_TIME], Time(ms), 3310
[TOTAL_GC_TIME_%], Time(%), 9.277425864678515
[MAX_MEM_USED], MBs, 3879
[MIN_MEM_USED], MBs, 50
[MAX_THREADS], Count, 7
[MIN_THREADS], Count, 3
[MAX_SYS_LOAD_AVG], Load, 3.05
[MIN_SYS_LOAD_AVG], Load, 2.35
[THREAD_COUNT], Operations, 5
[THREAD_COUNT], AverageLatency(ns), 5.6
[THREAD_COUNT], MinLatency(ns), 3
[THREAD_COUNT], MaxLatency(ns), 7
[THREAD_COUNT], 95thPercentileLatency(ns), 7
[THREAD_COUNT], 99thPercentileLatency(ns), 7
[SYS_LOAD_AVG], Operations, 5
[SYS_LOAD_AVG], AverageLatency(ns), 2.2
[SYS_LOAD_AVG], MinLatency(ns), 2
[SYS_LOAD_AVG], MaxLatency(ns), 3
[SYS_LOAD_AVG], 95thPercentileLatency(ns), 3
[SYS_LOAD_AVG], 99thPercentileLatency(ns), 3
[LOAD], Operations, 1
[LOAD], AverageLatency(ns), 2.3692640256E10
[LOAD], MinLatency(ns), 23692574720
[LOAD], MaxLatency(ns), 23692705791
[LOAD], 95thPercentileLatency(ns), 23692705791
[LOAD], 99thPercentileLatency(ns), 23692705791
[USED_MEM_MB], Operations, 5
[USED_MEM_MB], AverageLatency(ns), 2468.4
[USED_MEM_MB], MinLatency(ns), 50
[USED_MEM_MB], MaxLatency(ns), 3879
[USED_MEM_MB], 95thPercentileLatency(ns), 3879
[USED_MEM_MB], 99thPercentileLatency(ns), 3879
[MAIN_GCs_Count], Operations, 1
[MAIN_GCs_Count], AverageLatency(ns), 11.0
[MAIN_GCs_Count], MinLatency(ns), 11
[MAIN_GCs_Count], MaxLatency(ns), 11
[MAIN_GCs_Count], 95thPercentileLatency(ns), 11
[MAIN_GCs_Count], 99thPercentileLatency(ns), 11
[MAIN_GCs_Time(ms)], Operations, 1
[MAIN_GCs_Time(ms)], AverageLatency(ns), 1392.0
[MAIN_GCs_Time(ms)], MinLatency(ns), 1392
[MAIN_GCs_Time(ms)], MaxLatency(ns), 1392
[MAIN_GCs_Time(ms)], 95thPercentileLatency(ns), 1392
[MAIN_GCs_Time(ms)], 99thPercentileLatency(ns), 1392
[TRANSACTION], Operations, 1
[TRANSACTION], AverageLatency(ns), 1.02735872E10
[TRANSACTION], MinLatency(ns), 10273554432
[TRANSACTION], MaxLatency(ns), 10273619967
[TRANSACTION], 95thPercentileLatency(ns), 10273619967
[TRANSACTION], 99thPercentileLatency(ns), 10273619967
[GCS_TIME], Operations, 5
[GCS_TIME], AverageLatency(ns), 662.0
[GCS_TIME], MinLatency(ns), 0
[GCS_TIME], MaxLatency(ns), 923
[GCS_TIME], 95thPercentileLatency(ns), 923
[GCS_TIME], 99thPercentileLatency(ns), 923
[LOAD_GCs_Time(ms)], Operations, 1
[LOAD_GCs_Time(ms)], AverageLatency(ns), 1901.0
[LOAD_GCs_Time(ms)], MinLatency(ns), 1901
[LOAD_GCs_Time(ms)], MaxLatency(ns), 1901
[LOAD_GCs_Time(ms)], 95thPercentileLatency(ns), 1901
[LOAD_GCs_Time(ms)], 99thPercentileLatency(ns), 1901
[READ], Operations, 1501833
[READ], AverageLatency(ns), 1544.729670342841
[READ], MinLatency(ns), 250
[READ], MaxLatency(ns), 157316095
[READ], 95thPercentileLatency(ns), 1615
[READ], 99thPercentileLatency(ns), 2364
[READ], Return=OK, 1501833
[INIT], Operations, 1
[INIT], AverageLatency(ns), 1.63342336E9
[INIT], MinLatency(ns), 1633419264
[INIT], MaxLatency(ns), 1633427455
[INIT], 95thPercentileLatency(ns), 1633427455
[INIT], 99thPercentileLatency(ns), 1633427455
[GCS], Operations, 5
[GCS], AverageLatency(ns), 7.2
[GCS], MinLatency(ns), 0
[GCS], MaxLatency(ns), 17
[GCS], 95thPercentileLatency(ns), 17
[GCS], 99thPercentileLatency(ns), 17
[LOAD_GCs_Count], Operations, 1
[LOAD_GCs_Count], AverageLatency(ns), 24.0
[LOAD_GCs_Count], MinLatency(ns), 24
[LOAD_GCs_Count], MaxLatency(ns), 24
[LOAD_GCs_Count], 95thPercentileLatency(ns), 24
[LOAD_GCs_Count], 99thPercentileLatency(ns), 24
[CLEANUP], Operations, 1
[CLEANUP], AverageLatency(ns), 7892752.0
[CLEANUP], MinLatency(ns), 7892736
[CLEANUP], MaxLatency(ns), 7892767
[CLEANUP], 95thPercentileLatency(ns), 7892767
[CLEANUP], 99thPercentileLatency(ns), 7892767
[INSERT], Operations, 1000000
[INSERT], AverageLatency(ns), 7738.791415
[INSERT], MinLatency(ns), 2676
[INSERT], MaxLatency(ns), 124293119
[INSERT], 95thPercentileLatency(ns), 7456
[INSERT], 99thPercentileLatency(ns), 11623
[INSERT], Return=OK, 1000000
[UPDATE], Operations, 1498167
[UPDATE], AverageLatency(ns), 1969.9100073623301
[UPDATE], MinLatency(ns), 298
[UPDATE], MaxLatency(ns), 131272191
[UPDATE], 95thPercentileLatency(ns), 2404
[UPDATE], 99thPercentileLatency(ns), 3246
[UPDATE], Return=OK, 1498167
