/home/anatole/jdk8u/build/linux-x86_64-normal-server-release/jdk/bin/java -Xmx20g -XX:+UseG1GC -classpath /home/anatole/ycsb/conf:/home/anatole/ycsb/core/target/core-0.18.0-SNAPSHOT.jar:/home/anatole/ycsb/core/target/dependency/HdrHistogram-2.1.4.jar:/home/anatole/ycsb/core/target/dependency/guava-18.0.jar:/home/anatole/ycsb/core/target/dependency/htrace-core4-4.1.0-incubating.jar:/home/anatole/ycsb/core/target/dependency/jackson-core-asl-1.9.4.jar:/home/anatole/ycsb/core/target/dependency/jackson-mapper-asl-1.9.4.jar:/home/anatole/ycsb/core/target/dependency/javax.persistence-api-2.2.jar:/home/anatole/ycsb/core/target/dependency/jnvm-1.0-SNAPSHOT.jar:/home/anatole/ycsb/core/target/dependency/pcj-1.0.jar:/home/anatole/ycsb/core/target/dependency/unsafe-helper-1.0.jar:/home/anatole/ycsb/infinispan/src/main/conf:/home/anatole/ycsb/infinispan/target/infinispan-binding-0.18.0-SNAPSHOT.jar:/home/anatole/ycsb/infinispan/target/dependency/caffeine-2.6.2.jar:/home/anatole/ycsb/infinispan/target/dependency/gson-2.8.2.jar:/home/anatole/ycsb/infinispan/target/dependency/guava-18.0.jar:/home/anatole/ycsb/infinispan/target/dependency/infinispan-cachestore-jnvm-1.0-SNAPSHOT.jar:/home/anatole/ycsb/infinispan/target/dependency/infinispan-cachestore-pcj-1.0-SNAPSHOT.jar:/home/anatole/ycsb/infinispan/target/dependency/infinispan-client-hotrod-9.4.20.Final.jar:/home/anatole/ycsb/infinispan/target/dependency/infinispan-commons-9.4.20.Final.jar:/home/anatole/ycsb/infinispan/target/dependency/infinispan-core-9.4.20.Final.jar:/home/anatole/ycsb/infinispan/target/dependency/javax.persistence-api-2.2.jar:/home/anatole/ycsb/infinispan/target/dependency/jboss-logging-3.3.2.Final.jar:/home/anatole/ycsb/infinispan/target/dependency/jboss-marshalling-osgi-2.0.6.Final.jar:/home/anatole/ycsb/infinispan/target/dependency/jboss-transaction-api_1.2_spec-1.1.1.Final.jar:/home/anatole/ycsb/infinispan/target/dependency/jgroups-4.0.21.Final.jar:/home/anatole/ycsb/infinispan/target/dependency/jnvm-1.0-SNAPSHOT.jar:/home/anatole/ycsb/infinispan/target/dependency/metainf-services-1.7.jar:/home/anatole/ycsb/infinispan/target/dependency/netty-buffer-4.1.51.Final.jar:/home/anatole/ycsb/infinispan/target/dependency/netty-codec-4.1.51.Final.jar:/home/anatole/ycsb/infinispan/target/dependency/netty-common-4.1.51.Final.jar:/home/anatole/ycsb/infinispan/target/dependency/netty-handler-4.1.51.Final.jar:/home/anatole/ycsb/infinispan/target/dependency/netty-resolver-4.1.51.Final.jar:/home/anatole/ycsb/infinispan/target/dependency/netty-transport-4.1.51.Final.jar:/home/anatole/ycsb/infinispan/target/dependency/netty-transport-native-epoll-4.1.51.Final-linux-x86_64.jar:/home/anatole/ycsb/infinispan/target/dependency/netty-transport-native-unix-common-4.1.51.Final.jar:/home/anatole/ycsb/infinispan/target/dependency/pcj-1.0.jar:/home/anatole/ycsb/infinispan/target/dependency/reactive-streams-1.0.2.jar:/home/anatole/ycsb/infinispan/target/dependency/rxjava-2.2.4.jar:/home/anatole/ycsb/infinispan/target/dependency/unsafe-helper-1.0.jar site.ycsb.Client -t -db site.ycsb.db.InfinispanJNVMClient -P ../workloads/workloada -preload -s -threads 40 -p dataintegrity=true -p offheap=true -p pcj=false -p recordcount=1000000 -p operationcount=60000000 -p fieldcount=10 -p fieldlength=100 -p requestdistribution=zipfian -p measurement.trackjvm=true -p measurementtype=hdrhistogram -p hdrhistogram.output.path=./out/exp5.concurrent.ref/log/infinispan-jnvm.run.workloada.true.1000000.1.10.100.zipfian.40.false..default.default.none.r3.hdr.log
[OVERALL], RunTime(ms), 133040
[OVERALL], Throughput(ops/sec), 458508.71918220085
[TOTAL_GCS_G1_Young_Generation], Count, 177
[TOTAL_GC_TIME_G1_Young_Generation], Time(ms), 34484
[TOTAL_GC_TIME_%_G1_Young_Generation], Time(%), 25.920024052916418
[TOTAL_GCS_G1_Old_Generation], Count, 0
[TOTAL_GC_TIME_G1_Old_Generation], Time(ms), 0
[TOTAL_GC_TIME_%_G1_Old_Generation], Time(%), 0.0
[TOTAL_GCs], Count, 177
[TOTAL_GC_TIME], Time(ms), 34484
[TOTAL_GC_TIME_%], Time(%), 25.920024052916418
[MAX_MEM_USED], MBs, 7243
[MIN_MEM_USED], MBs, 100
[MAX_THREADS], Count, 46
[MIN_THREADS], Count, 3
[MAX_SYS_LOAD_AVG], Load, 23.9
[MIN_SYS_LOAD_AVG], Load, 19.31
[THREAD_COUNT], Operations, 15
[THREAD_COUNT], AverageLatency(ns), 42.46666666666667
[THREAD_COUNT], MinLatency(ns), 3
[THREAD_COUNT], MaxLatency(ns), 46
[THREAD_COUNT], 95thPercentileLatency(ns), 46
[THREAD_COUNT], 99thPercentileLatency(ns), 46
[SYS_LOAD_AVG], Operations, 15
[SYS_LOAD_AVG], AverageLatency(ns), 20.133333333333333
[SYS_LOAD_AVG], MinLatency(ns), 19
[SYS_LOAD_AVG], MaxLatency(ns), 23
[SYS_LOAD_AVG], 95thPercentileLatency(ns), 23
[SYS_LOAD_AVG], 99thPercentileLatency(ns), 23
[LOAD], Operations, 40
[LOAD], AverageLatency(ns), 1.76880386048E10
[LOAD], MinLatency(ns), 17431265280
[LOAD], MaxLatency(ns), 17911250943
[LOAD], 95thPercentileLatency(ns), 17906008063
[LOAD], 99thPercentileLatency(ns), 17911250943
[USED_MEM_MB], Operations, 15
[USED_MEM_MB], AverageLatency(ns), 5133.733333333334
[USED_MEM_MB], MinLatency(ns), 100
[USED_MEM_MB], MaxLatency(ns), 7243
[USED_MEM_MB], 95thPercentileLatency(ns), 6955
[USED_MEM_MB], 99thPercentileLatency(ns), 7243
[MAIN_GCs_Count], Operations, 40
[MAIN_GCs_Count], AverageLatency(ns), 150.975
[MAIN_GCs_Count], MinLatency(ns), 150
[MAIN_GCs_Count], MaxLatency(ns), 152
[MAIN_GCs_Count], 95thPercentileLatency(ns), 151
[MAIN_GCs_Count], 99thPercentileLatency(ns), 152
[MAIN_GCs_Time(ms)], Operations, 40
[MAIN_GCs_Time(ms)], AverageLatency(ns), 32293.7
[MAIN_GCs_Time(ms)], MinLatency(ns), 32075
[MAIN_GCs_Time(ms)], MaxLatency(ns), 32494
[MAIN_GCs_Time(ms)], 95thPercentileLatency(ns), 32301
[MAIN_GCs_Time(ms)], 99thPercentileLatency(ns), 32494
[TRANSACTION], Operations, 40
[TRANSACTION], AverageLatency(ns), 1.129394733056E11
[TRANSACTION], MinLatency(ns), 112289906688
[TRANSACTION], MaxLatency(ns), 113329045503
[TRANSACTION], 95thPercentileLatency(ns), 113068474367
[TRANSACTION], 99thPercentileLatency(ns), 113329045503
[GCS_TIME], Operations, 15
[GCS_TIME], AverageLatency(ns), 2298.9333333333334
[GCS_TIME], MinLatency(ns), 0
[GCS_TIME], MaxLatency(ns), 3101
[GCS_TIME], 95thPercentileLatency(ns), 3038
[GCS_TIME], 99thPercentileLatency(ns), 3101
[LOAD_GCs_Time(ms)], Operations, 40
[LOAD_GCs_Time(ms)], AverageLatency(ns), 1806.2
[LOAD_GCs_Time(ms)], MinLatency(ns), 1789
[LOAD_GCs_Time(ms)], MaxLatency(ns), 1961
[LOAD_GCs_Time(ms)], 95thPercentileLatency(ns), 1961
[LOAD_GCs_Time(ms)], 99thPercentileLatency(ns), 1961
[READ], Operations, 30001911
[READ], AverageLatency(ns), 57868.94933286083
[READ], MinLatency(ns), 329
[READ], MaxLatency(ns), 262866943
[READ], 95thPercentileLatency(ns), 311589
[READ], 99thPercentileLatency(ns), 371675
[READ], Return=OK, 30001911
[INIT], Operations, 40
[INIT], AverageLatency(ns), 1.5786156032E9
[INIT], MinLatency(ns), 1569898496
[INIT], MaxLatency(ns), 1587437567
[INIT], 95thPercentileLatency(ns), 1586053119
[INIT], 99thPercentileLatency(ns), 1587437567
[GCS], Operations, 15
[GCS], AverageLatency(ns), 11.8
[GCS], MinLatency(ns), 0
[GCS], MaxLatency(ns), 19
[GCS], 95thPercentileLatency(ns), 15
[GCS], 99thPercentileLatency(ns), 19
[LOAD_GCs_Count], Operations, 40
[LOAD_GCs_Count], AverageLatency(ns), 22.1
[LOAD_GCs_Count], MinLatency(ns), 22
[LOAD_GCs_Count], MaxLatency(ns), 23
[LOAD_GCs_Count], 95thPercentileLatency(ns), 23
[LOAD_GCs_Count], 99thPercentileLatency(ns), 23
[CLEANUP], Operations, 40
[CLEANUP], AverageLatency(ns), 4.00347628E8
[CLEANUP], MinLatency(ns), 11334976
[CLEANUP], MaxLatency(ns), 1004224511
[CLEANUP], 95thPercentileLatency(ns), 911605759
[CLEANUP], 99thPercentileLatency(ns), 1004224511
[INSERT], Operations, 1000000
[INSERT], AverageLatency(ns), 319869.143892
[INSERT], MinLatency(ns), 6072
[INSERT], MaxLatency(ns), 178600959
[INSERT], 95thPercentileLatency(ns), 931771
[INSERT], 99thPercentileLatency(ns), 4800095
[INSERT], Return=OK, 1000000
[UPDATE], Operations, 29998089
[UPDATE], AverageLatency(ns), 66117.45557432009
[UPDATE], MinLatency(ns), 330
[UPDATE], MaxLatency(ns), 262874111
[UPDATE], 95thPercentileLatency(ns), 319907
[UPDATE], 99thPercentileLatency(ns), 375295
[UPDATE], Return=OK, 29998089
