/home/anatole/jdk8u/build/linux-x86_64-normal-server-release/jdk/bin/java -Xmx20g -XX:+UseG1GC -classpath /home/anatole/ycsb/conf:/home/anatole/ycsb/core/target/core-0.18.0-SNAPSHOT.jar:/home/anatole/ycsb/core/target/dependency/HdrHistogram-2.1.4.jar:/home/anatole/ycsb/core/target/dependency/guava-18.0.jar:/home/anatole/ycsb/core/target/dependency/htrace-core4-4.1.0-incubating.jar:/home/anatole/ycsb/core/target/dependency/jackson-core-asl-1.9.4.jar:/home/anatole/ycsb/core/target/dependency/jackson-mapper-asl-1.9.4.jar:/home/anatole/ycsb/core/target/dependency/javax.persistence-api-2.2.jar:/home/anatole/ycsb/core/target/dependency/jnvm-1.0-SNAPSHOT.jar:/home/anatole/ycsb/core/target/dependency/pcj-1.0.jar:/home/anatole/ycsb/core/target/dependency/unsafe-helper-1.0.jar:/home/anatole/ycsb/infinispan/src/main/conf:/home/anatole/ycsb/infinispan/target/infinispan-binding-0.18.0-SNAPSHOT.jar:/home/anatole/ycsb/infinispan/target/dependency/caffeine-2.6.2.jar:/home/anatole/ycsb/infinispan/target/dependency/gson-2.8.2.jar:/home/anatole/ycsb/infinispan/target/dependency/guava-18.0.jar:/home/anatole/ycsb/infinispan/target/dependency/infinispan-cachestore-jnvm-1.0-SNAPSHOT.jar:/home/anatole/ycsb/infinispan/target/dependency/infinispan-cachestore-pcj-1.0-SNAPSHOT.jar:/home/anatole/ycsb/infinispan/target/dependency/infinispan-client-hotrod-9.4.20.Final.jar:/home/anatole/ycsb/infinispan/target/dependency/infinispan-commons-9.4.20.Final.jar:/home/anatole/ycsb/infinispan/target/dependency/infinispan-core-9.4.20.Final.jar:/home/anatole/ycsb/infinispan/target/dependency/javax.persistence-api-2.2.jar:/home/anatole/ycsb/infinispan/target/dependency/jboss-logging-3.3.2.Final.jar:/home/anatole/ycsb/infinispan/target/dependency/jboss-marshalling-osgi-2.0.6.Final.jar:/home/anatole/ycsb/infinispan/target/dependency/jboss-transaction-api_1.2_spec-1.1.1.Final.jar:/home/anatole/ycsb/infinispan/target/dependency/jgroups-4.0.21.Final.jar:/home/anatole/ycsb/infinispan/target/dependency/jnvm-1.0-SNAPSHOT.jar:/home/anatole/ycsb/infinispan/target/dependency/metainf-services-1.7.jar:/home/anatole/ycsb/infinispan/target/dependency/netty-buffer-4.1.51.Final.jar:/home/anatole/ycsb/infinispan/target/dependency/netty-codec-4.1.51.Final.jar:/home/anatole/ycsb/infinispan/target/dependency/netty-common-4.1.51.Final.jar:/home/anatole/ycsb/infinispan/target/dependency/netty-handler-4.1.51.Final.jar:/home/anatole/ycsb/infinispan/target/dependency/netty-resolver-4.1.51.Final.jar:/home/anatole/ycsb/infinispan/target/dependency/netty-transport-4.1.51.Final.jar:/home/anatole/ycsb/infinispan/target/dependency/netty-transport-native-epoll-4.1.51.Final-linux-x86_64.jar:/home/anatole/ycsb/infinispan/target/dependency/netty-transport-native-unix-common-4.1.51.Final.jar:/home/anatole/ycsb/infinispan/target/dependency/pcj-1.0.jar:/home/anatole/ycsb/infinispan/target/dependency/reactive-streams-1.0.2.jar:/home/anatole/ycsb/infinispan/target/dependency/rxjava-2.2.4.jar:/home/anatole/ycsb/infinispan/target/dependency/unsafe-helper-1.0.jar site.ycsb.Client -t -db site.ycsb.db.InfinispanJNVMClient -P ../workloads/workloadc -preload -s -threads 16 -p dataintegrity=true -p offheap=true -p pcj=false -p recordcount=1000000 -p operationcount=48000000 -p fieldcount=10 -p fieldlength=100 -p requestdistribution=zipfian -p measurement.trackjvm=true -p measurementtype=hdrhistogram -p hdrhistogram.output.path=./out/exp5.concurrent.ref/log/infinispan-jnvm.run.workloadc.true.1000000.1.10.100.zipfian.16.false..default.default.none.r1.hdr.log
[OVERALL], RunTime(ms), 40714
[OVERALL], Throughput(ops/sec), 1203517.2176646853
[TOTAL_GCS_G1_Young_Generation], Count, 32
[TOTAL_GC_TIME_G1_Young_Generation], Time(ms), 2287
[TOTAL_GC_TIME_%_G1_Young_Generation], Time(%), 5.617232401630889
[TOTAL_GCS_G1_Old_Generation], Count, 0
[TOTAL_GC_TIME_G1_Old_Generation], Time(ms), 0
[TOTAL_GC_TIME_%_G1_Old_Generation], Time(%), 0.0
[TOTAL_GCs], Count, 32
[TOTAL_GC_TIME], Time(ms), 2287
[TOTAL_GC_TIME_%], Time(%), 5.617232401630889
[MAX_MEM_USED], MBs, 11282
[MIN_MEM_USED], MBs, 72
[MAX_THREADS], Count, 22
[MIN_THREADS], Count, 4
[MAX_SYS_LOAD_AVG], Load, 9.93
[MIN_SYS_LOAD_AVG], Load, 5.76
[THREAD_COUNT], Operations, 6
[THREAD_COUNT], AverageLatency(ns), 18.333333333333332
[THREAD_COUNT], MinLatency(ns), 4
[THREAD_COUNT], MaxLatency(ns), 22
[THREAD_COUNT], 95thPercentileLatency(ns), 22
[THREAD_COUNT], 99thPercentileLatency(ns), 22
[SYS_LOAD_AVG], Operations, 6
[SYS_LOAD_AVG], AverageLatency(ns), 8.0
[SYS_LOAD_AVG], MinLatency(ns), 5
[SYS_LOAD_AVG], MaxLatency(ns), 9
[SYS_LOAD_AVG], 95thPercentileLatency(ns), 9
[SYS_LOAD_AVG], 99thPercentileLatency(ns), 9
[LOAD], Operations, 16
[LOAD], AverageLatency(ns), 1.49684224E10
[LOAD], MinLatency(ns), 14749204480
[LOAD], MaxLatency(ns), 15134490623
[LOAD], 95thPercentileLatency(ns), 15086256127
[LOAD], 99thPercentileLatency(ns), 15134490623
[USED_MEM_MB], Operations, 6
[USED_MEM_MB], AverageLatency(ns), 6630.5
[USED_MEM_MB], MinLatency(ns), 72
[USED_MEM_MB], MaxLatency(ns), 11282
[USED_MEM_MB], 95thPercentileLatency(ns), 11282
[USED_MEM_MB], 99thPercentileLatency(ns), 11282
[MAIN_GCs_Count], Operations, 16
[MAIN_GCs_Count], AverageLatency(ns), 7.0
[MAIN_GCs_Count], MinLatency(ns), 7
[MAIN_GCs_Count], MaxLatency(ns), 7
[MAIN_GCs_Count], 95thPercentileLatency(ns), 7
[MAIN_GCs_Count], 99thPercentileLatency(ns), 7
[MAIN_GCs_Time(ms)], Operations, 16
[MAIN_GCs_Time(ms)], AverageLatency(ns), 427.0
[MAIN_GCs_Time(ms)], MinLatency(ns), 427
[MAIN_GCs_Time(ms)], MaxLatency(ns), 427
[MAIN_GCs_Time(ms)], 95thPercentileLatency(ns), 427
[MAIN_GCs_Time(ms)], 99thPercentileLatency(ns), 427
[TRANSACTION], Operations, 16
[TRANSACTION], AverageLatency(ns), 2.3346495488E10
[TRANSACTION], MinLatency(ns), 22713335808
[TRANSACTION], MaxLatency(ns), 23805165567
[TRANSACTION], 95thPercentileLatency(ns), 23658364927
[TRANSACTION], 99thPercentileLatency(ns), 23805165567
[GCS_TIME], Operations, 6
[GCS_TIME], AverageLatency(ns), 381.1666666666667
[GCS_TIME], MinLatency(ns), 0
[GCS_TIME], MaxLatency(ns), 1192
[GCS_TIME], 95thPercentileLatency(ns), 1192
[GCS_TIME], 99thPercentileLatency(ns), 1192
[LOAD_GCs_Time(ms)], Operations, 16
[LOAD_GCs_Time(ms)], AverageLatency(ns), 1844.0
[LOAD_GCs_Time(ms)], MinLatency(ns), 1844
[LOAD_GCs_Time(ms)], MaxLatency(ns), 1844
[LOAD_GCs_Time(ms)], 95thPercentileLatency(ns), 1844
[LOAD_GCs_Time(ms)], 99thPercentileLatency(ns), 1844
[READ], Operations, 48000000
[READ], AverageLatency(ns), 6098.619711375
[READ], MinLatency(ns), 229
[READ], MaxLatency(ns), 172665855
[READ], 95thPercentileLatency(ns), 38598
[READ], 99thPercentileLatency(ns), 52047
[READ], Return=OK, 48000000
[INIT], Operations, 16
[INIT], AverageLatency(ns), 1.644616704E9
[INIT], MinLatency(ns), 1641390080
[INIT], MaxLatency(ns), 1648885759
[INIT], 95thPercentileLatency(ns), 1648336895
[INIT], 99thPercentileLatency(ns), 1648885759
[GCS], Operations, 6
[GCS], AverageLatency(ns), 5.333333333333333
[GCS], MinLatency(ns), 0
[GCS], MaxLatency(ns), 21
[GCS], 95thPercentileLatency(ns), 21
[GCS], 99thPercentileLatency(ns), 21
[LOAD_GCs_Count], Operations, 16
[LOAD_GCs_Count], AverageLatency(ns), 24.0
[LOAD_GCs_Count], MinLatency(ns), 24
[LOAD_GCs_Count], MaxLatency(ns), 24
[LOAD_GCs_Count], 95thPercentileLatency(ns), 24
[LOAD_GCs_Count], 99thPercentileLatency(ns), 24
[CLEANUP], Operations, 16
[CLEANUP], AverageLatency(ns), 4.63592521E8
[CLEANUP], MinLatency(ns), 7079552
[CLEANUP], MaxLatency(ns), 1081507839
[CLEANUP], 95thPercentileLatency(ns), 1062461439
[CLEANUP], 99thPercentileLatency(ns), 1081507839
[INSERT], Operations, 1000000
[INSERT], AverageLatency(ns), 90635.000403
[INSERT], MinLatency(ns), 3621
[INSERT], MaxLatency(ns), 204763135
[INSERT], 95thPercentileLatency(ns), 74106
[INSERT], 99thPercentileLatency(ns), 2429103
[INSERT], Return=OK, 1000000
