/home/anatole/jdk8u/build/linux-x86_64-normal-server-release/jdk/bin/java -Xmx20g -XX:+UseG1GC -classpath /home/anatole/ycsb/conf:/home/anatole/ycsb/core/target/core-0.18.0-SNAPSHOT.jar:/home/anatole/ycsb/core/target/dependency/HdrHistogram-2.1.4.jar:/home/anatole/ycsb/core/target/dependency/guava-18.0.jar:/home/anatole/ycsb/core/target/dependency/htrace-core4-4.1.0-incubating.jar:/home/anatole/ycsb/core/target/dependency/jackson-core-asl-1.9.4.jar:/home/anatole/ycsb/core/target/dependency/jackson-mapper-asl-1.9.4.jar:/home/anatole/ycsb/core/target/dependency/javax.persistence-api-2.2.jar:/home/anatole/ycsb/core/target/dependency/jnvm-1.0-SNAPSHOT.jar:/home/anatole/ycsb/core/target/dependency/pcj-1.0.jar:/home/anatole/ycsb/core/target/dependency/unsafe-helper-1.0.jar:/home/anatole/ycsb/infinispan/src/main/conf:/home/anatole/ycsb/infinispan/target/infinispan-binding-0.18.0-SNAPSHOT.jar:/home/anatole/ycsb/infinispan/target/dependency/caffeine-2.6.2.jar:/home/anatole/ycsb/infinispan/target/dependency/gson-2.8.2.jar:/home/anatole/ycsb/infinispan/target/dependency/guava-18.0.jar:/home/anatole/ycsb/infinispan/target/dependency/infinispan-cachestore-jnvm-1.0-SNAPSHOT.jar:/home/anatole/ycsb/infinispan/target/dependency/infinispan-cachestore-pcj-1.0-SNAPSHOT.jar:/home/anatole/ycsb/infinispan/target/dependency/infinispan-client-hotrod-9.4.20.Final.jar:/home/anatole/ycsb/infinispan/target/dependency/infinispan-commons-9.4.20.Final.jar:/home/anatole/ycsb/infinispan/target/dependency/infinispan-core-9.4.20.Final.jar:/home/anatole/ycsb/infinispan/target/dependency/javax.persistence-api-2.2.jar:/home/anatole/ycsb/infinispan/target/dependency/jboss-logging-3.3.2.Final.jar:/home/anatole/ycsb/infinispan/target/dependency/jboss-marshalling-osgi-2.0.6.Final.jar:/home/anatole/ycsb/infinispan/target/dependency/jboss-transaction-api_1.2_spec-1.1.1.Final.jar:/home/anatole/ycsb/infinispan/target/dependency/jgroups-4.0.21.Final.jar:/home/anatole/ycsb/infinispan/target/dependency/jnvm-1.0-SNAPSHOT.jar:/home/anatole/ycsb/infinispan/target/dependency/metainf-services-1.7.jar:/home/anatole/ycsb/infinispan/target/dependency/netty-buffer-4.1.51.Final.jar:/home/anatole/ycsb/infinispan/target/dependency/netty-codec-4.1.51.Final.jar:/home/anatole/ycsb/infinispan/target/dependency/netty-common-4.1.51.Final.jar:/home/anatole/ycsb/infinispan/target/dependency/netty-handler-4.1.51.Final.jar:/home/anatole/ycsb/infinispan/target/dependency/netty-resolver-4.1.51.Final.jar:/home/anatole/ycsb/infinispan/target/dependency/netty-transport-4.1.51.Final.jar:/home/anatole/ycsb/infinispan/target/dependency/netty-transport-native-epoll-4.1.51.Final-linux-x86_64.jar:/home/anatole/ycsb/infinispan/target/dependency/netty-transport-native-unix-common-4.1.51.Final.jar:/home/anatole/ycsb/infinispan/target/dependency/pcj-1.0.jar:/home/anatole/ycsb/infinispan/target/dependency/reactive-streams-1.0.2.jar:/home/anatole/ycsb/infinispan/target/dependency/rxjava-2.2.4.jar:/home/anatole/ycsb/infinispan/target/dependency/unsafe-helper-1.0.jar site.ycsb.Client -t -db site.ycsb.db.InfinispanClient -P ../workloads/workloada -preload -s -threads 36 -p dataintegrity=true -p offheap=false -p pcj=false -p recordcount=1000000 -p operationcount=60000000 -p fieldcount=10 -p fieldlength=100 -p requestdistribution=zipfian -p measurement.trackjvm=true -p measurementtype=hdrhistogram -p hdrhistogram.output.path=./out/exp5.concurrent.ref/log/infinispan.run.workloada.true.1000000.100000.10.100.zipfian.36.false..default.default.none.r4.hdr.log
[OVERALL], RunTime(ms), 403658
[OVERALL], Throughput(ops/sec), 151118.02565538153
[TOTAL_GCS_G1_Young_Generation], Count, 170
[TOTAL_GC_TIME_G1_Young_Generation], Time(ms), 22953
[TOTAL_GC_TIME_%_G1_Young_Generation], Time(%), 5.686249250603233
[TOTAL_GCS_G1_Old_Generation], Count, 0
[TOTAL_GC_TIME_G1_Old_Generation], Time(ms), 0
[TOTAL_GC_TIME_%_G1_Old_Generation], Time(%), 0.0
[TOTAL_GCs], Count, 170
[TOTAL_GC_TIME], Time(ms), 22953
[TOTAL_GC_TIME_%], Time(%), 5.686249250603233
[MAX_MEM_USED], MBs, 15984
[MIN_MEM_USED], MBs, 98
[MAX_THREADS], Count, 68
[MIN_THREADS], Count, 2
[MAX_SYS_LOAD_AVG], Load, 29.44
[MIN_SYS_LOAD_AVG], Load, 22.97
[THREAD_COUNT], Operations, 42
[THREAD_COUNT], AverageLatency(ns), 63.714285714285715
[THREAD_COUNT], MinLatency(ns), 2
[THREAD_COUNT], MaxLatency(ns), 68
[THREAD_COUNT], 95thPercentileLatency(ns), 68
[THREAD_COUNT], 99thPercentileLatency(ns), 68
[SYS_LOAD_AVG], Operations, 42
[SYS_LOAD_AVG], AverageLatency(ns), 25.904761904761905
[SYS_LOAD_AVG], MinLatency(ns), 22
[SYS_LOAD_AVG], MaxLatency(ns), 29
[SYS_LOAD_AVG], 95thPercentileLatency(ns), 28
[SYS_LOAD_AVG], 99thPercentileLatency(ns), 29
[LOAD], Operations, 36
[LOAD], AverageLatency(ns), 1.3027054933333334E10
[LOAD], MinLatency(ns), 9948168192
[LOAD], MaxLatency(ns), 14098104319
[LOAD], 95thPercentileLatency(ns), 14022803455
[LOAD], 99thPercentileLatency(ns), 14098104319
[USED_MEM_MB], Operations, 42
[USED_MEM_MB], AverageLatency(ns), 6942.4047619047615
[USED_MEM_MB], MinLatency(ns), 98
[USED_MEM_MB], MaxLatency(ns), 15984
[USED_MEM_MB], 95thPercentileLatency(ns), 11094
[USED_MEM_MB], 99thPercentileLatency(ns), 15984
[MAIN_GCs_Count], Operations, 36
[MAIN_GCs_Count], AverageLatency(ns), 152.0
[MAIN_GCs_Count], MinLatency(ns), 152
[MAIN_GCs_Count], MaxLatency(ns), 152
[MAIN_GCs_Count], 95thPercentileLatency(ns), 152
[MAIN_GCs_Count], 99thPercentileLatency(ns), 152
[MAIN_GCs_Time(ms)], Operations, 36
[MAIN_GCs_Time(ms)], AverageLatency(ns), 22167.0
[MAIN_GCs_Time(ms)], MinLatency(ns), 22167
[MAIN_GCs_Time(ms)], MaxLatency(ns), 22167
[MAIN_GCs_Time(ms)], 95thPercentileLatency(ns), 22167
[MAIN_GCs_Time(ms)], 99thPercentileLatency(ns), 22167
[TRANSACTION], Operations, 36
[TRANSACTION], AverageLatency(ns), 3.880566565546667E11
[TRANSACTION], MinLatency(ns), 386742091776
[TRANSACTION], MaxLatency(ns), 388600168447
[TRANSACTION], 95thPercentileLatency(ns), 388530962431
[TRANSACTION], 99thPercentileLatency(ns), 388600168447
[GCS_TIME], Operations, 42
[GCS_TIME], AverageLatency(ns), 546.5
[GCS_TIME], MinLatency(ns), 0
[GCS_TIME], MaxLatency(ns), 1019
[GCS_TIME], 95thPercentileLatency(ns), 738
[GCS_TIME], 99thPercentileLatency(ns), 1019
[LOAD_GCs_Time(ms)], Operations, 36
[LOAD_GCs_Time(ms)], AverageLatency(ns), 745.75
[LOAD_GCs_Time(ms)], MinLatency(ns), 617
[LOAD_GCs_Time(ms)], MaxLatency(ns), 755
[LOAD_GCs_Time(ms)], 95thPercentileLatency(ns), 755
[LOAD_GCs_Time(ms)], 99thPercentileLatency(ns), 755
[READ], Operations, 30000040
[READ], AverageLatency(ns), 169517.02955162726
[READ], MinLatency(ns), 198
[READ], MaxLatency(ns), 242959359
[READ], 95thPercentileLatency(ns), 564315
[READ], 99thPercentileLatency(ns), 746955
[READ], Return=OK, 30000040
[INIT], Operations, 36
[INIT], AverageLatency(ns), 6.543221191111112E8
[INIT], MinLatency(ns), 646987776
[INIT], MaxLatency(ns), 662933503
[INIT], 95thPercentileLatency(ns), 661471231
[INIT], 99thPercentileLatency(ns), 662933503
[GCS], Operations, 42
[GCS], AverageLatency(ns), 4.0476190476190474
[GCS], MinLatency(ns), 0
[GCS], MaxLatency(ns), 16
[GCS], 95thPercentileLatency(ns), 6
[GCS], 99thPercentileLatency(ns), 16
[LOAD_GCs_Count], Operations, 36
[LOAD_GCs_Count], AverageLatency(ns), 15.86111111111111
[LOAD_GCs_Count], MinLatency(ns), 14
[LOAD_GCs_Count], MaxLatency(ns), 16
[LOAD_GCs_Count], 95thPercentileLatency(ns), 16
[LOAD_GCs_Count], 99thPercentileLatency(ns), 16
[CLEANUP], Operations, 36
[CLEANUP], AverageLatency(ns), 6.209720035555556E8
[CLEANUP], MinLatency(ns), 78161408
[CLEANUP], MaxLatency(ns), 1912774655
[CLEANUP], 95thPercentileLatency(ns), 1359036415
[CLEANUP], 99thPercentileLatency(ns), 1912774655
[INSERT], Operations, 1000000
[INSERT], AverageLatency(ns), 448620.573138
[INSERT], MinLatency(ns), 23733
[INSERT], MaxLatency(ns), 1570078719
[INSERT], 95thPercentileLatency(ns), 499761
[INSERT], 99thPercentileLatency(ns), 704207
[INSERT], Return=OK, 1000000
[UPDATE], Operations, 29999960
[UPDATE], AverageLatency(ns), 289566.3802221403
[UPDATE], MinLatency(ns), 25714
[UPDATE], MaxLatency(ns), 243886079
[UPDATE], 95thPercentileLatency(ns), 696067
[UPDATE], 99thPercentileLatency(ns), 904819
[UPDATE], Return=OK, 29999960
