/home/anatole/jdk8u/build/linux-x86_64-normal-server-release/jdk/bin/java -Xmx20g -XX:+UseG1GC -classpath /home/anatole/ycsb/conf:/home/anatole/ycsb/core/target/core-0.18.0-SNAPSHOT.jar:/home/anatole/ycsb/core/target/dependency/HdrHistogram-2.1.4.jar:/home/anatole/ycsb/core/target/dependency/guava-18.0.jar:/home/anatole/ycsb/core/target/dependency/htrace-core4-4.1.0-incubating.jar:/home/anatole/ycsb/core/target/dependency/jackson-core-asl-1.9.4.jar:/home/anatole/ycsb/core/target/dependency/jackson-mapper-asl-1.9.4.jar:/home/anatole/ycsb/core/target/dependency/javax.persistence-api-2.2.jar:/home/anatole/ycsb/core/target/dependency/jnvm-1.0-SNAPSHOT.jar:/home/anatole/ycsb/core/target/dependency/pcj-1.0.jar:/home/anatole/ycsb/core/target/dependency/unsafe-helper-1.0.jar:/home/anatole/ycsb/infinispan/src/main/conf:/home/anatole/ycsb/infinispan/target/infinispan-binding-0.18.0-SNAPSHOT.jar:/home/anatole/ycsb/infinispan/target/dependency/caffeine-2.6.2.jar:/home/anatole/ycsb/infinispan/target/dependency/gson-2.8.2.jar:/home/anatole/ycsb/infinispan/target/dependency/guava-18.0.jar:/home/anatole/ycsb/infinispan/target/dependency/infinispan-cachestore-jnvm-1.0-SNAPSHOT.jar:/home/anatole/ycsb/infinispan/target/dependency/infinispan-cachestore-pcj-1.0-SNAPSHOT.jar:/home/anatole/ycsb/infinispan/target/dependency/infinispan-client-hotrod-9.4.20.Final.jar:/home/anatole/ycsb/infinispan/target/dependency/infinispan-commons-9.4.20.Final.jar:/home/anatole/ycsb/infinispan/target/dependency/infinispan-core-9.4.20.Final.jar:/home/anatole/ycsb/infinispan/target/dependency/javax.persistence-api-2.2.jar:/home/anatole/ycsb/infinispan/target/dependency/jboss-logging-3.3.2.Final.jar:/home/anatole/ycsb/infinispan/target/dependency/jboss-marshalling-osgi-2.0.6.Final.jar:/home/anatole/ycsb/infinispan/target/dependency/jboss-transaction-api_1.2_spec-1.1.1.Final.jar:/home/anatole/ycsb/infinispan/target/dependency/jgroups-4.0.21.Final.jar:/home/anatole/ycsb/infinispan/target/dependency/jnvm-1.0-SNAPSHOT.jar:/home/anatole/ycsb/infinispan/target/dependency/metainf-services-1.7.jar:/home/anatole/ycsb/infinispan/target/dependency/netty-buffer-4.1.51.Final.jar:/home/anatole/ycsb/infinispan/target/dependency/netty-codec-4.1.51.Final.jar:/home/anatole/ycsb/infinispan/target/dependency/netty-common-4.1.51.Final.jar:/home/anatole/ycsb/infinispan/target/dependency/netty-handler-4.1.51.Final.jar:/home/anatole/ycsb/infinispan/target/dependency/netty-resolver-4.1.51.Final.jar:/home/anatole/ycsb/infinispan/target/dependency/netty-transport-4.1.51.Final.jar:/home/anatole/ycsb/infinispan/target/dependency/netty-transport-native-epoll-4.1.51.Final-linux-x86_64.jar:/home/anatole/ycsb/infinispan/target/dependency/netty-transport-native-unix-common-4.1.51.Final.jar:/home/anatole/ycsb/infinispan/target/dependency/pcj-1.0.jar:/home/anatole/ycsb/infinispan/target/dependency/reactive-streams-1.0.2.jar:/home/anatole/ycsb/infinispan/target/dependency/rxjava-2.2.4.jar:/home/anatole/ycsb/infinispan/target/dependency/unsafe-helper-1.0.jar site.ycsb.Client -t -db site.ycsb.db.InfinispanClient -P ../workloads/workloadc -preload -s -threads 2 -p dataintegrity=true -p offheap=false -p pcj=false -p recordcount=1000000 -p operationcount=6000000 -p fieldcount=10 -p fieldlength=100 -p requestdistribution=zipfian -p measurement.trackjvm=true -p measurementtype=hdrhistogram -p hdrhistogram.output.path=./out/exp5.concurrent.ref/log/infinispan.run.workloadc.true.1000000.100000.10.100.zipfian.2.false..default.default.none.r4.hdr.log
[OVERALL], RunTime(ms), 92416
[OVERALL], Throughput(ops/sec), 75744.45983379502
[TOTAL_GCS_G1_Young_Generation], Count, 34
[TOTAL_GC_TIME_G1_Young_Generation], Time(ms), 2381
[TOTAL_GC_TIME_%_G1_Young_Generation], Time(%), 2.576393698060942
[TOTAL_GCS_G1_Old_Generation], Count, 0
[TOTAL_GC_TIME_G1_Old_Generation], Time(ms), 0
[TOTAL_GC_TIME_%_G1_Old_Generation], Time(%), 0.0
[TOTAL_GCs], Count, 34
[TOTAL_GC_TIME], Time(ms), 2381
[TOTAL_GC_TIME_%], Time(%), 2.576393698060942
[MAX_MEM_USED], MBs, 5440
[MIN_MEM_USED], MBs, 52
[MAX_THREADS], Count, 8
[MIN_THREADS], Count, 3
[MAX_SYS_LOAD_AVG], Load, 2.06
[MIN_SYS_LOAD_AVG], Load, 1.97
[THREAD_COUNT], Operations, 11
[THREAD_COUNT], AverageLatency(ns), 7.0
[THREAD_COUNT], MinLatency(ns), 3
[THREAD_COUNT], MaxLatency(ns), 8
[THREAD_COUNT], 95thPercentileLatency(ns), 8
[THREAD_COUNT], 99thPercentileLatency(ns), 8
[SYS_LOAD_AVG], Operations, 11
[SYS_LOAD_AVG], AverageLatency(ns), 1.6363636363636365
[SYS_LOAD_AVG], MinLatency(ns), 1
[SYS_LOAD_AVG], MaxLatency(ns), 2
[SYS_LOAD_AVG], 95thPercentileLatency(ns), 2
[SYS_LOAD_AVG], 99thPercentileLatency(ns), 2
[LOAD], Operations, 2
[LOAD], AverageLatency(ns), 2.5534398464E10
[LOAD], MinLatency(ns), 25498353664
[LOAD], MaxLatency(ns), 25570443263
[LOAD], 95thPercentileLatency(ns), 25570443263
[LOAD], 99thPercentileLatency(ns), 25570443263
[USED_MEM_MB], Operations, 11
[USED_MEM_MB], AverageLatency(ns), 3496.5454545454545
[USED_MEM_MB], MinLatency(ns), 52
[USED_MEM_MB], MaxLatency(ns), 5440
[USED_MEM_MB], 95thPercentileLatency(ns), 5402
[USED_MEM_MB], 99thPercentileLatency(ns), 5440
[MAIN_GCs_Count], Operations, 2
[MAIN_GCs_Count], AverageLatency(ns), 13.0
[MAIN_GCs_Count], MinLatency(ns), 13
[MAIN_GCs_Count], MaxLatency(ns), 13
[MAIN_GCs_Count], 95thPercentileLatency(ns), 13
[MAIN_GCs_Count], 99thPercentileLatency(ns), 13
[MAIN_GCs_Time(ms)], Operations, 2
[MAIN_GCs_Time(ms)], AverageLatency(ns), 1399.0
[MAIN_GCs_Time(ms)], MinLatency(ns), 1399
[MAIN_GCs_Time(ms)], MaxLatency(ns), 1399
[MAIN_GCs_Time(ms)], 95thPercentileLatency(ns), 1399
[MAIN_GCs_Time(ms)], 99thPercentileLatency(ns), 1399
[TRANSACTION], Operations, 2
[TRANSACTION], AverageLatency(ns), 6.5863811072E10
[TRANSACTION], MinLatency(ns), 65606516736
[TRANSACTION], MaxLatency(ns), 66121105407
[TRANSACTION], 95thPercentileLatency(ns), 66121105407
[TRANSACTION], 99thPercentileLatency(ns), 66121105407
[GCS_TIME], Operations, 11
[GCS_TIME], AverageLatency(ns), 216.45454545454547
[GCS_TIME], MinLatency(ns), 0
[GCS_TIME], MaxLatency(ns), 602
[GCS_TIME], 95thPercentileLatency(ns), 393
[GCS_TIME], 99thPercentileLatency(ns), 602
[LOAD_GCs_Time(ms)], Operations, 2
[LOAD_GCs_Time(ms)], AverageLatency(ns), 963.0
[LOAD_GCs_Time(ms)], MinLatency(ns), 963
[LOAD_GCs_Time(ms)], MaxLatency(ns), 963
[LOAD_GCs_Time(ms)], 95thPercentileLatency(ns), 963
[LOAD_GCs_Time(ms)], 99thPercentileLatency(ns), 963
[READ], Operations, 6000000
[READ], AverageLatency(ns), 21143.507737
[READ], MinLatency(ns), 184
[READ], MaxLatency(ns), 219935743
[READ], 95thPercentileLatency(ns), 41941
[READ], 99thPercentileLatency(ns), 50476
[READ], Return=OK, 6000000
[INIT], Operations, 2
[INIT], AverageLatency(ns), 6.20091392E8
[INIT], MinLatency(ns), 620081152
[INIT], MaxLatency(ns), 620101631
[INIT], 95thPercentileLatency(ns), 620101631
[INIT], 99thPercentileLatency(ns), 620101631
[GCS], Operations, 11
[GCS], AverageLatency(ns), 3.090909090909091
[GCS], MinLatency(ns), 0
[GCS], MaxLatency(ns), 16
[GCS], 95thPercentileLatency(ns), 3
[GCS], 99thPercentileLatency(ns), 16
[LOAD_GCs_Count], Operations, 2
[LOAD_GCs_Count], AverageLatency(ns), 20.0
[LOAD_GCs_Count], MinLatency(ns), 20
[LOAD_GCs_Count], MaxLatency(ns), 20
[LOAD_GCs_Count], 95thPercentileLatency(ns), 20
[LOAD_GCs_Count], 99thPercentileLatency(ns), 20
[CLEANUP], Operations, 2
[CLEANUP], AverageLatency(ns), 3.14878656E8
[CLEANUP], MinLatency(ns), 64175360
[CLEANUP], MaxLatency(ns), 565583871
[CLEANUP], 95thPercentileLatency(ns), 565583871
[CLEANUP], 99thPercentileLatency(ns), 565583871
[INSERT], Operations, 1000000
[INSERT], AverageLatency(ns), 41268.098895
[INSERT], MinLatency(ns), 23021
[INSERT], MaxLatency(ns), 97285119
[INSERT], 95thPercentileLatency(ns), 48845
[INSERT], 99thPercentileLatency(ns), 69042
[INSERT], Return=OK, 1000000
