/home/anatole/jdk8u/build/linux-x86_64-normal-server-release/jdk/bin/java -Xmx20g -XX:+UseG1GC -classpath /home/anatole/ycsb/conf:/home/anatole/ycsb/core/target/core-0.18.0-SNAPSHOT.jar:/home/anatole/ycsb/core/target/dependency/HdrHistogram-2.1.4.jar:/home/anatole/ycsb/core/target/dependency/guava-18.0.jar:/home/anatole/ycsb/core/target/dependency/htrace-core4-4.1.0-incubating.jar:/home/anatole/ycsb/core/target/dependency/jackson-core-asl-1.9.4.jar:/home/anatole/ycsb/core/target/dependency/jackson-mapper-asl-1.9.4.jar:/home/anatole/ycsb/core/target/dependency/javax.persistence-api-2.2.jar:/home/anatole/ycsb/core/target/dependency/jnvm-1.0-SNAPSHOT.jar:/home/anatole/ycsb/core/target/dependency/pcj-1.0.jar:/home/anatole/ycsb/core/target/dependency/unsafe-helper-1.0.jar:/home/anatole/ycsb/infinispan/src/main/conf:/home/anatole/ycsb/infinispan/target/infinispan-binding-0.18.0-SNAPSHOT.jar:/home/anatole/ycsb/infinispan/target/dependency/caffeine-2.6.2.jar:/home/anatole/ycsb/infinispan/target/dependency/gson-2.8.2.jar:/home/anatole/ycsb/infinispan/target/dependency/guava-18.0.jar:/home/anatole/ycsb/infinispan/target/dependency/infinispan-cachestore-jnvm-1.0-SNAPSHOT.jar:/home/anatole/ycsb/infinispan/target/dependency/infinispan-cachestore-pcj-1.0-SNAPSHOT.jar:/home/anatole/ycsb/infinispan/target/dependency/infinispan-client-hotrod-9.4.20.Final.jar:/home/anatole/ycsb/infinispan/target/dependency/infinispan-commons-9.4.20.Final.jar:/home/anatole/ycsb/infinispan/target/dependency/infinispan-core-9.4.20.Final.jar:/home/anatole/ycsb/infinispan/target/dependency/javax.persistence-api-2.2.jar:/home/anatole/ycsb/infinispan/target/dependency/jboss-logging-3.3.2.Final.jar:/home/anatole/ycsb/infinispan/target/dependency/jboss-marshalling-osgi-2.0.6.Final.jar:/home/anatole/ycsb/infinispan/target/dependency/jboss-transaction-api_1.2_spec-1.1.1.Final.jar:/home/anatole/ycsb/infinispan/target/dependency/jgroups-4.0.21.Final.jar:/home/anatole/ycsb/infinispan/target/dependency/jnvm-1.0-SNAPSHOT.jar:/home/anatole/ycsb/infinispan/target/dependency/metainf-services-1.7.jar:/home/anatole/ycsb/infinispan/target/dependency/netty-buffer-4.1.51.Final.jar:/home/anatole/ycsb/infinispan/target/dependency/netty-codec-4.1.51.Final.jar:/home/anatole/ycsb/infinispan/target/dependency/netty-common-4.1.51.Final.jar:/home/anatole/ycsb/infinispan/target/dependency/netty-handler-4.1.51.Final.jar:/home/anatole/ycsb/infinispan/target/dependency/netty-resolver-4.1.51.Final.jar:/home/anatole/ycsb/infinispan/target/dependency/netty-transport-4.1.51.Final.jar:/home/anatole/ycsb/infinispan/target/dependency/netty-transport-native-epoll-4.1.51.Final-linux-x86_64.jar:/home/anatole/ycsb/infinispan/target/dependency/netty-transport-native-unix-common-4.1.51.Final.jar:/home/anatole/ycsb/infinispan/target/dependency/pcj-1.0.jar:/home/anatole/ycsb/infinispan/target/dependency/reactive-streams-1.0.2.jar:/home/anatole/ycsb/infinispan/target/dependency/rxjava-2.2.4.jar:/home/anatole/ycsb/infinispan/target/dependency/unsafe-helper-1.0.jar site.ycsb.Client -t -db site.ycsb.db.InfinispanClient -P ../workloads/workloada -preload -s -threads 32 -p dataintegrity=true -p offheap=false -p pcj=false -p recordcount=1000000 -p operationcount=60000000 -p fieldcount=10 -p fieldlength=100 -p requestdistribution=zipfian -p measurement.trackjvm=true -p measurementtype=hdrhistogram -p hdrhistogram.output.path=./out/exp5.concurrent.ref/log/infinispan.run.workloada.true.1000000.100000.10.100.zipfian.32.false..default.default.none.r1.hdr.log
[OVERALL], RunTime(ms), 396379
[OVERALL], Throughput(ops/sec), 153893.117445677
[TOTAL_GCS_G1_Young_Generation], Count, 169
[TOTAL_GC_TIME_G1_Young_Generation], Time(ms), 23076
[TOTAL_GC_TIME_%_G1_Young_Generation], Time(%), 5.821700947830233
[TOTAL_GCS_G1_Old_Generation], Count, 0
[TOTAL_GC_TIME_G1_Old_Generation], Time(ms), 0
[TOTAL_GC_TIME_%_G1_Old_Generation], Time(%), 0.0
[TOTAL_GCs], Count, 169
[TOTAL_GC_TIME], Time(ms), 23076
[TOTAL_GC_TIME_%], Time(%), 5.821700947830233
[MAX_MEM_USED], MBs, 14389
[MIN_MEM_USED], MBs, 90
[MAX_THREADS], Count, 64
[MIN_THREADS], Count, 2
[MAX_SYS_LOAD_AVG], Load, 27.23
[MIN_SYS_LOAD_AVG], Load, 7.69
[THREAD_COUNT], Operations, 41
[THREAD_COUNT], AverageLatency(ns), 59.75609756097561
[THREAD_COUNT], MinLatency(ns), 2
[THREAD_COUNT], MaxLatency(ns), 64
[THREAD_COUNT], 95thPercentileLatency(ns), 64
[THREAD_COUNT], 99thPercentileLatency(ns), 64
[SYS_LOAD_AVG], Operations, 41
[SYS_LOAD_AVG], AverageLatency(ns), 21.658536585365855
[SYS_LOAD_AVG], MinLatency(ns), 7
[SYS_LOAD_AVG], MaxLatency(ns), 27
[SYS_LOAD_AVG], 95thPercentileLatency(ns), 26
[SYS_LOAD_AVG], 99thPercentileLatency(ns), 27
[LOAD], Operations, 32
[LOAD], AverageLatency(ns), 1.359737856E10
[LOAD], MinLatency(ns), 12298616832
[LOAD], MaxLatency(ns), 14252769279
[LOAD], 95thPercentileLatency(ns), 14208139263
[LOAD], 99thPercentileLatency(ns), 14252769279
[USED_MEM_MB], Operations, 41
[USED_MEM_MB], AverageLatency(ns), 7427.658536585366
[USED_MEM_MB], MinLatency(ns), 90
[USED_MEM_MB], MaxLatency(ns), 14389
[USED_MEM_MB], 95thPercentileLatency(ns), 12305
[USED_MEM_MB], 99thPercentileLatency(ns), 14389
[MAIN_GCs_Count], Operations, 32
[MAIN_GCs_Count], AverageLatency(ns), 150.6875
[MAIN_GCs_Count], MinLatency(ns), 150
[MAIN_GCs_Count], MaxLatency(ns), 151
[MAIN_GCs_Count], 95thPercentileLatency(ns), 151
[MAIN_GCs_Count], 99thPercentileLatency(ns), 151
[MAIN_GCs_Time(ms)], Operations, 32
[MAIN_GCs_Time(ms)], AverageLatency(ns), 22234.375
[MAIN_GCs_Time(ms)], MinLatency(ns), 22145
[MAIN_GCs_Time(ms)], MaxLatency(ns), 22275
[MAIN_GCs_Time(ms)], 95thPercentileLatency(ns), 22275
[MAIN_GCs_Time(ms)], 99thPercentileLatency(ns), 22275
[TRANSACTION], Operations, 32
[TRANSACTION], AverageLatency(ns), 3.80597829632E11
[TRANSACTION], MinLatency(ns), 379756478464
[TRANSACTION], MaxLatency(ns), 381274816511
[TRANSACTION], 95thPercentileLatency(ns), 381077684223
[TRANSACTION], 99thPercentileLatency(ns), 381274816511
[GCS_TIME], Operations, 41
[GCS_TIME], AverageLatency(ns), 562.829268292683
[GCS_TIME], MinLatency(ns), 0
[GCS_TIME], MaxLatency(ns), 990
[GCS_TIME], 95thPercentileLatency(ns), 724
[GCS_TIME], 99thPercentileLatency(ns), 990
[LOAD_GCs_Time(ms)], Operations, 32
[LOAD_GCs_Time(ms)], AverageLatency(ns), 740.5
[LOAD_GCs_Time(ms)], MinLatency(ns), 688
[LOAD_GCs_Time(ms)], MaxLatency(ns), 772
[LOAD_GCs_Time(ms)], 95thPercentileLatency(ns), 772
[LOAD_GCs_Time(ms)], 99thPercentileLatency(ns), 772
[READ], Operations, 29994117
[READ], AverageLatency(ns), 143662.90135405553
[READ], MinLatency(ns), 195
[READ], MaxLatency(ns), 342896639
[READ], 95thPercentileLatency(ns), 473517
[READ], 99thPercentileLatency(ns), 615899
[READ], Return=OK, 29994117
[INIT], Operations, 32
[INIT], AverageLatency(ns), 5.89611392E8
[INIT], MinLatency(ns), 582717440
[INIT], MaxLatency(ns), 597331967
[INIT], 95thPercentileLatency(ns), 595681279
[INIT], 99thPercentileLatency(ns), 597331967
[GCS], Operations, 41
[GCS], AverageLatency(ns), 4.121951219512195
[GCS], MinLatency(ns), 0
[GCS], MaxLatency(ns), 16
[GCS], 95thPercentileLatency(ns), 5
[GCS], 99thPercentileLatency(ns), 16
[LOAD_GCs_Count], Operations, 32
[LOAD_GCs_Count], AverageLatency(ns), 15.625
[LOAD_GCs_Count], MinLatency(ns), 15
[LOAD_GCs_Count], MaxLatency(ns), 16
[LOAD_GCs_Count], 95thPercentileLatency(ns), 16
[LOAD_GCs_Count], 99thPercentileLatency(ns), 16
[CLEANUP], Operations, 32
[CLEANUP], AverageLatency(ns), 7.5100028E8
[CLEANUP], MinLatency(ns), 77115392
[CLEANUP], MaxLatency(ns), 1557864447
[CLEANUP], 95thPercentileLatency(ns), 1441521663
[CLEANUP], 99thPercentileLatency(ns), 1557864447
[INSERT], Operations, 1000000
[INSERT], AverageLatency(ns), 416239.273433
[INSERT], MinLatency(ns), 24765
[INSERT], MaxLatency(ns), 1189068799
[INSERT], 95thPercentileLatency(ns), 451503
[INSERT], 99thPercentileLatency(ns), 658159
[INSERT], Return=OK, 1000000
[UPDATE], Operations, 30005883
[UPDATE], AverageLatency(ns), 255826.80832742032
[UPDATE], MinLatency(ns), 24824
[UPDATE], MaxLatency(ns), 343166975
[UPDATE], 95thPercentileLatency(ns), 596343
[UPDATE], 99thPercentileLatency(ns), 765919
[UPDATE], Return=OK, 30005883
