/home/anatole/jdk8u/build/linux-x86_64-normal-server-release/jdk/bin/java -Xmx20g -XX:+UseG1GC -classpath /home/anatole/ycsb/conf:/home/anatole/ycsb/core/target/core-0.18.0-SNAPSHOT.jar:/home/anatole/ycsb/core/target/dependency/HdrHistogram-2.1.4.jar:/home/anatole/ycsb/core/target/dependency/guava-18.0.jar:/home/anatole/ycsb/core/target/dependency/htrace-core4-4.1.0-incubating.jar:/home/anatole/ycsb/core/target/dependency/jackson-core-asl-1.9.4.jar:/home/anatole/ycsb/core/target/dependency/jackson-mapper-asl-1.9.4.jar:/home/anatole/ycsb/core/target/dependency/javax.persistence-api-2.2.jar:/home/anatole/ycsb/core/target/dependency/jnvm-1.0-SNAPSHOT.jar:/home/anatole/ycsb/core/target/dependency/pcj-1.0.jar:/home/anatole/ycsb/core/target/dependency/unsafe-helper-1.0.jar:/home/anatole/ycsb/infinispan/src/main/conf:/home/anatole/ycsb/infinispan/target/infinispan-binding-0.18.0-SNAPSHOT.jar:/home/anatole/ycsb/infinispan/target/dependency/caffeine-2.6.2.jar:/home/anatole/ycsb/infinispan/target/dependency/gson-2.8.2.jar:/home/anatole/ycsb/infinispan/target/dependency/guava-18.0.jar:/home/anatole/ycsb/infinispan/target/dependency/infinispan-cachestore-jnvm-1.0-SNAPSHOT.jar:/home/anatole/ycsb/infinispan/target/dependency/infinispan-cachestore-pcj-1.0-SNAPSHOT.jar:/home/anatole/ycsb/infinispan/target/dependency/infinispan-client-hotrod-9.4.20.Final.jar:/home/anatole/ycsb/infinispan/target/dependency/infinispan-commons-9.4.20.Final.jar:/home/anatole/ycsb/infinispan/target/dependency/infinispan-core-9.4.20.Final.jar:/home/anatole/ycsb/infinispan/target/dependency/javax.persistence-api-2.2.jar:/home/anatole/ycsb/infinispan/target/dependency/jboss-logging-3.3.2.Final.jar:/home/anatole/ycsb/infinispan/target/dependency/jboss-marshalling-osgi-2.0.6.Final.jar:/home/anatole/ycsb/infinispan/target/dependency/jboss-transaction-api_1.2_spec-1.1.1.Final.jar:/home/anatole/ycsb/infinispan/target/dependency/jgroups-4.0.21.Final.jar:/home/anatole/ycsb/infinispan/target/dependency/jnvm-1.0-SNAPSHOT.jar:/home/anatole/ycsb/infinispan/target/dependency/metainf-services-1.7.jar:/home/anatole/ycsb/infinispan/target/dependency/netty-buffer-4.1.51.Final.jar:/home/anatole/ycsb/infinispan/target/dependency/netty-codec-4.1.51.Final.jar:/home/anatole/ycsb/infinispan/target/dependency/netty-common-4.1.51.Final.jar:/home/anatole/ycsb/infinispan/target/dependency/netty-handler-4.1.51.Final.jar:/home/anatole/ycsb/infinispan/target/dependency/netty-resolver-4.1.51.Final.jar:/home/anatole/ycsb/infinispan/target/dependency/netty-transport-4.1.51.Final.jar:/home/anatole/ycsb/infinispan/target/dependency/netty-transport-native-epoll-4.1.51.Final-linux-x86_64.jar:/home/anatole/ycsb/infinispan/target/dependency/netty-transport-native-unix-common-4.1.51.Final.jar:/home/anatole/ycsb/infinispan/target/dependency/pcj-1.0.jar:/home/anatole/ycsb/infinispan/target/dependency/reactive-streams-1.0.2.jar:/home/anatole/ycsb/infinispan/target/dependency/rxjava-2.2.4.jar:/home/anatole/ycsb/infinispan/target/dependency/unsafe-helper-1.0.jar site.ycsb.Client -t -db site.ycsb.db.InfinispanClient -P ../workloads/workloada -preload -s -threads 16 -p dataintegrity=true -p offheap=false -p pcj=false -p recordcount=1000000 -p operationcount=60000000 -p fieldcount=10 -p fieldlength=100 -p requestdistribution=zipfian -p measurement.trackjvm=true -p measurementtype=hdrhistogram -p hdrhistogram.output.path=./out/exp5.concurrent.ref/log/infinispan.run.workloada.true.1000000.1000000.10.100.zipfian.16.false.true.default.default.volatile.r2.hdr.log
[OVERALL], RunTime(ms), 62338
[OVERALL], Throughput(ops/sec), 978536.3662613494
[TOTAL_GCS_G1_Young_Generation], Count, 165
[TOTAL_GC_TIME_G1_Young_Generation], Time(ms), 24775
[TOTAL_GC_TIME_%_G1_Young_Generation], Time(%), 39.743013892008086
[TOTAL_GCS_G1_Old_Generation], Count, 0
[TOTAL_GC_TIME_G1_Old_Generation], Time(ms), 0
[TOTAL_GC_TIME_%_G1_Old_Generation], Time(%), 0.0
[TOTAL_GCs], Count, 165
[TOTAL_GC_TIME], Time(ms), 24775
[TOTAL_GC_TIME_%], Time(%), 39.743013892008086
[MAX_MEM_USED], MBs, 9239
[MIN_MEM_USED], MBs, 72
[MAX_THREADS], Count, 47
[MIN_THREADS], Count, 4
[MAX_SYS_LOAD_AVG], Load, 24.51
[MIN_SYS_LOAD_AVG], Load, 18.6
[THREAD_COUNT], Operations, 8
[THREAD_COUNT], AverageLatency(ns), 38.0
[THREAD_COUNT], MinLatency(ns), 4
[THREAD_COUNT], MaxLatency(ns), 47
[THREAD_COUNT], 95thPercentileLatency(ns), 47
[THREAD_COUNT], 99thPercentileLatency(ns), 47
[SYS_LOAD_AVG], Operations, 8
[SYS_LOAD_AVG], AverageLatency(ns), 22.0
[SYS_LOAD_AVG], MinLatency(ns), 18
[SYS_LOAD_AVG], MaxLatency(ns), 24
[SYS_LOAD_AVG], 95thPercentileLatency(ns), 24
[SYS_LOAD_AVG], 99thPercentileLatency(ns), 24
[LOAD], Operations, 16
[LOAD], AverageLatency(ns), 5.714378752E9
[LOAD], MinLatency(ns), 5240750080
[LOAD], MaxLatency(ns), 5972951039
[LOAD], 95thPercentileLatency(ns), 5928452095
[LOAD], 99thPercentileLatency(ns), 5972951039
[USED_MEM_MB], Operations, 8
[USED_MEM_MB], AverageLatency(ns), 6652.25
[USED_MEM_MB], MinLatency(ns), 72
[USED_MEM_MB], MaxLatency(ns), 9239
[USED_MEM_MB], 95thPercentileLatency(ns), 9239
[USED_MEM_MB], 99thPercentileLatency(ns), 9239
[MAIN_GCs_Count], Operations, 16
[MAIN_GCs_Count], AverageLatency(ns), 138.25
[MAIN_GCs_Count], MinLatency(ns), 137
[MAIN_GCs_Count], MaxLatency(ns), 139
[MAIN_GCs_Count], 95thPercentileLatency(ns), 139
[MAIN_GCs_Count], 99thPercentileLatency(ns), 139
[MAIN_GCs_Time(ms)], Operations, 16
[MAIN_GCs_Time(ms)], AverageLatency(ns), 22571.9375
[MAIN_GCs_Time(ms)], MinLatency(ns), 22421
[MAIN_GCs_Time(ms)], MaxLatency(ns), 22660
[MAIN_GCs_Time(ms)], 95thPercentileLatency(ns), 22660
[MAIN_GCs_Time(ms)], 99thPercentileLatency(ns), 22660
[TRANSACTION], Operations, 16
[TRANSACTION], AverageLatency(ns), 5.491032064E10
[TRANSACTION], MinLatency(ns), 54518874112
[TRANSACTION], MaxLatency(ns), 55179739135
[TRANSACTION], 95thPercentileLatency(ns), 55121805311
[TRANSACTION], 99thPercentileLatency(ns), 55179739135
[GCS_TIME], Operations, 8
[GCS_TIME], AverageLatency(ns), 3096.875
[GCS_TIME], MinLatency(ns), 0
[GCS_TIME], MaxLatency(ns), 4873
[GCS_TIME], 95thPercentileLatency(ns), 4873
[GCS_TIME], 99thPercentileLatency(ns), 4873
[LOAD_GCs_Time(ms)], Operations, 16
[LOAD_GCs_Time(ms)], AverageLatency(ns), 1985.625
[LOAD_GCs_Time(ms)], MinLatency(ns), 1761
[LOAD_GCs_Time(ms)], MaxLatency(ns), 2099
[LOAD_GCs_Time(ms)], 95thPercentileLatency(ns), 2099
[LOAD_GCs_Time(ms)], 99thPercentileLatency(ns), 2099
[READ], Operations, 29999607
[READ], AverageLatency(ns), 5863.994764898087
[READ], MinLatency(ns), 194
[READ], MaxLatency(ns), 1244332031
[READ], 95thPercentileLatency(ns), 13916
[READ], 99thPercentileLatency(ns), 37069
[READ], Return=OK, 29999607
[INIT], Operations, 16
[INIT], AverageLatency(ns), 6.07766528E8
[INIT], MinLatency(ns), 604463104
[INIT], MaxLatency(ns), 611147775
[INIT], 95thPercentileLatency(ns), 611098623
[INIT], 99thPercentileLatency(ns), 611147775
[GCS], Operations, 8
[GCS], AverageLatency(ns), 20.625
[GCS], MinLatency(ns), 0
[GCS], MaxLatency(ns), 43
[GCS], 95thPercentileLatency(ns), 43
[GCS], 99thPercentileLatency(ns), 43
[LOAD_GCs_Count], Operations, 16
[LOAD_GCs_Count], AverageLatency(ns), 24.3125
[LOAD_GCs_Count], MinLatency(ns), 23
[LOAD_GCs_Count], MaxLatency(ns), 25
[LOAD_GCs_Count], 95thPercentileLatency(ns), 25
[LOAD_GCs_Count], 99thPercentileLatency(ns), 25
[CLEANUP], Operations, 16
[CLEANUP], AverageLatency(ns), 7.44548672E8
[CLEANUP], MinLatency(ns), 484743168
[CLEANUP], MaxLatency(ns), 991518719
[CLEANUP], 95thPercentileLatency(ns), 912003071
[CLEANUP], 99thPercentileLatency(ns), 991518719
[INSERT], Operations, 1000000
[INSERT], AverageLatency(ns), 25228.113091
[INSERT], MinLatency(ns), 1239
[INSERT], MaxLatency(ns), 266351615
[INSERT], 95thPercentileLatency(ns), 25653
[INSERT], 99thPercentileLatency(ns), 54790
[INSERT], Return=OK, 1000000
[UPDATE], Operations, 30000393
[UPDATE], AverageLatency(ns), 14853.600913228036
[UPDATE], MinLatency(ns), 1271
[UPDATE], MaxLatency(ns), 1244315647
[UPDATE], 95thPercentileLatency(ns), 23389
[UPDATE], 99thPercentileLatency(ns), 69561
[UPDATE], Return=OK, 30000393
