/home/anatole/jdk8u/build/linux-x86_64-normal-server-release/jdk/bin/java -Xmx20g -XX:+UseG1GC -classpath /home/anatole/ycsb/conf:/home/anatole/ycsb/core/target/core-0.18.0-SNAPSHOT.jar:/home/anatole/ycsb/core/target/dependency/HdrHistogram-2.1.4.jar:/home/anatole/ycsb/core/target/dependency/guava-18.0.jar:/home/anatole/ycsb/core/target/dependency/htrace-core4-4.1.0-incubating.jar:/home/anatole/ycsb/core/target/dependency/jackson-core-asl-1.9.4.jar:/home/anatole/ycsb/core/target/dependency/jackson-mapper-asl-1.9.4.jar:/home/anatole/ycsb/core/target/dependency/javax.persistence-api-2.2.jar:/home/anatole/ycsb/core/target/dependency/jnvm-1.0-SNAPSHOT.jar:/home/anatole/ycsb/core/target/dependency/pcj-1.0.jar:/home/anatole/ycsb/core/target/dependency/unsafe-helper-1.0.jar:/home/anatole/ycsb/infinispan/src/main/conf:/home/anatole/ycsb/infinispan/target/infinispan-binding-0.18.0-SNAPSHOT.jar:/home/anatole/ycsb/infinispan/target/dependency/caffeine-2.6.2.jar:/home/anatole/ycsb/infinispan/target/dependency/gson-2.8.2.jar:/home/anatole/ycsb/infinispan/target/dependency/guava-18.0.jar:/home/anatole/ycsb/infinispan/target/dependency/infinispan-cachestore-jnvm-1.0-SNAPSHOT.jar:/home/anatole/ycsb/infinispan/target/dependency/infinispan-cachestore-pcj-1.0-SNAPSHOT.jar:/home/anatole/ycsb/infinispan/target/dependency/infinispan-client-hotrod-9.4.20.Final.jar:/home/anatole/ycsb/infinispan/target/dependency/infinispan-commons-9.4.20.Final.jar:/home/anatole/ycsb/infinispan/target/dependency/infinispan-core-9.4.20.Final.jar:/home/anatole/ycsb/infinispan/target/dependency/javax.persistence-api-2.2.jar:/home/anatole/ycsb/infinispan/target/dependency/jboss-logging-3.3.2.Final.jar:/home/anatole/ycsb/infinispan/target/dependency/jboss-marshalling-osgi-2.0.6.Final.jar:/home/anatole/ycsb/infinispan/target/dependency/jboss-transaction-api_1.2_spec-1.1.1.Final.jar:/home/anatole/ycsb/infinispan/target/dependency/jgroups-4.0.21.Final.jar:/home/anatole/ycsb/infinispan/target/dependency/jnvm-1.0-SNAPSHOT.jar:/home/anatole/ycsb/infinispan/target/dependency/metainf-services-1.7.jar:/home/anatole/ycsb/infinispan/target/dependency/netty-buffer-4.1.51.Final.jar:/home/anatole/ycsb/infinispan/target/dependency/netty-codec-4.1.51.Final.jar:/home/anatole/ycsb/infinispan/target/dependency/netty-common-4.1.51.Final.jar:/home/anatole/ycsb/infinispan/target/dependency/netty-handler-4.1.51.Final.jar:/home/anatole/ycsb/infinispan/target/dependency/netty-resolver-4.1.51.Final.jar:/home/anatole/ycsb/infinispan/target/dependency/netty-transport-4.1.51.Final.jar:/home/anatole/ycsb/infinispan/target/dependency/netty-transport-native-epoll-4.1.51.Final-linux-x86_64.jar:/home/anatole/ycsb/infinispan/target/dependency/netty-transport-native-unix-common-4.1.51.Final.jar:/home/anatole/ycsb/infinispan/target/dependency/pcj-1.0.jar:/home/anatole/ycsb/infinispan/target/dependency/reactive-streams-1.0.2.jar:/home/anatole/ycsb/infinispan/target/dependency/rxjava-2.2.4.jar:/home/anatole/ycsb/infinispan/target/dependency/unsafe-helper-1.0.jar site.ycsb.Client -t -db site.ycsb.db.InfinispanClient -P ../workloads/workloadc -preload -s -threads 32 -p dataintegrity=true -p offheap=false -p pcj=false -p recordcount=1000000 -p operationcount=60000000 -p fieldcount=10 -p fieldlength=100 -p requestdistribution=zipfian -p measurement.trackjvm=true -p measurementtype=hdrhistogram -p hdrhistogram.output.path=./out/exp5.concurrent.ref/log/infinispan.run.workloadc.true.1000000.1000000.10.100.zipfian.32.true..default.default.none.r4.hdr.log
[OVERALL], RunTime(ms), 91260
[OVERALL], Throughput(ops/sec), 668419.8991891299
[TOTAL_GCS_G1_Young_Generation], Count, 33
[TOTAL_GC_TIME_G1_Young_Generation], Time(ms), 2441
[TOTAL_GC_TIME_%_G1_Young_Generation], Time(%), 2.6747753670830594
[TOTAL_GCS_G1_Old_Generation], Count, 0
[TOTAL_GC_TIME_G1_Old_Generation], Time(ms), 0
[TOTAL_GC_TIME_%_G1_Old_Generation], Time(%), 0.0
[TOTAL_GCs], Count, 33
[TOTAL_GC_TIME], Time(ms), 2441
[TOTAL_GC_TIME_%], Time(%), 2.6747753670830594
[MAX_MEM_USED], MBs, 13893
[MIN_MEM_USED], MBs, 94
[MAX_THREADS], Count, 38
[MIN_THREADS], Count, 3
[MAX_SYS_LOAD_AVG], Load, 10.46
[MIN_SYS_LOAD_AVG], Load, 8.35
[THREAD_COUNT], Operations, 11
[THREAD_COUNT], AverageLatency(ns), 34.27272727272727
[THREAD_COUNT], MinLatency(ns), 3
[THREAD_COUNT], MaxLatency(ns), 38
[THREAD_COUNT], 95thPercentileLatency(ns), 38
[THREAD_COUNT], 99thPercentileLatency(ns), 38
[SYS_LOAD_AVG], Operations, 11
[SYS_LOAD_AVG], AverageLatency(ns), 8.727272727272727
[SYS_LOAD_AVG], MinLatency(ns), 8
[SYS_LOAD_AVG], MaxLatency(ns), 10
[SYS_LOAD_AVG], 95thPercentileLatency(ns), 10
[SYS_LOAD_AVG], 99thPercentileLatency(ns), 10
[LOAD], Operations, 32
[LOAD], AverageLatency(ns), 6.623536128E9
[LOAD], MinLatency(ns), 6036815872
[LOAD], MaxLatency(ns), 6829375487
[LOAD], 95thPercentileLatency(ns), 6819250175
[LOAD], 99thPercentileLatency(ns), 6829375487
[USED_MEM_MB], Operations, 11
[USED_MEM_MB], AverageLatency(ns), 8030.909090909091
[USED_MEM_MB], MinLatency(ns), 94
[USED_MEM_MB], MaxLatency(ns), 13893
[USED_MEM_MB], 95thPercentileLatency(ns), 12082
[USED_MEM_MB], 99thPercentileLatency(ns), 13893
[MAIN_GCs_Count], Operations, 32
[MAIN_GCs_Count], AverageLatency(ns), 9.0
[MAIN_GCs_Count], MinLatency(ns), 9
[MAIN_GCs_Count], MaxLatency(ns), 9
[MAIN_GCs_Count], 95thPercentileLatency(ns), 9
[MAIN_GCs_Count], 99thPercentileLatency(ns), 9
[MAIN_GCs_Time(ms)], Operations, 32
[MAIN_GCs_Time(ms)], AverageLatency(ns), 329.0
[MAIN_GCs_Time(ms)], MinLatency(ns), 329
[MAIN_GCs_Time(ms)], MaxLatency(ns), 329
[MAIN_GCs_Time(ms)], 95thPercentileLatency(ns), 329
[MAIN_GCs_Time(ms)], 99thPercentileLatency(ns), 329
[TRANSACTION], Operations, 32
[TRANSACTION], AverageLatency(ns), 8.30087168E10
[TRANSACTION], MinLatency(ns), 82393956352
[TRANSACTION], MaxLatency(ns), 83126386687
[TRANSACTION], 95thPercentileLatency(ns), 83122192383
[TRANSACTION], 99thPercentileLatency(ns), 83126386687
[GCS_TIME], Operations, 11
[GCS_TIME], AverageLatency(ns), 221.9090909090909
[GCS_TIME], MinLatency(ns), 0
[GCS_TIME], MaxLatency(ns), 2323
[GCS_TIME], 95thPercentileLatency(ns), 44
[GCS_TIME], 99thPercentileLatency(ns), 2323
[LOAD_GCs_Time(ms)], Operations, 32
[LOAD_GCs_Time(ms)], AverageLatency(ns), 2029.15625
[LOAD_GCs_Time(ms)], MinLatency(ns), 1761
[LOAD_GCs_Time(ms)], MaxLatency(ns), 2086
[LOAD_GCs_Time(ms)], 95thPercentileLatency(ns), 2086
[LOAD_GCs_Time(ms)], 99thPercentileLatency(ns), 2086
[READ], Operations, 60000000
[READ], AverageLatency(ns), 40750.689938816664
[READ], MinLatency(ns), 217
[READ], MaxLatency(ns), 154391551
[READ], 95thPercentileLatency(ns), 338349
[READ], 99thPercentileLatency(ns), 371041
[READ], Return=OK, 60000000
[INIT], Operations, 32
[INIT], AverageLatency(ns), 6.01348096E8
[INIT], MinLatency(ns), 594149376
[INIT], MaxLatency(ns), 609144831
[INIT], 95thPercentileLatency(ns), 608460799
[INIT], 99thPercentileLatency(ns), 609144831
[GCS], Operations, 11
[GCS], AverageLatency(ns), 3.0
[GCS], MinLatency(ns), 0
[GCS], MaxLatency(ns), 26
[GCS], 95thPercentileLatency(ns), 3
[GCS], 99thPercentileLatency(ns), 26
[LOAD_GCs_Count], Operations, 32
[LOAD_GCs_Count], AverageLatency(ns), 21.65625
[LOAD_GCs_Count], MinLatency(ns), 20
[LOAD_GCs_Count], MaxLatency(ns), 22
[LOAD_GCs_Count], 95thPercentileLatency(ns), 22
[LOAD_GCs_Count], 99thPercentileLatency(ns), 22
[CLEANUP], Operations, 32
[CLEANUP], AverageLatency(ns), 6.5069296E8
[CLEANUP], MinLatency(ns), 535123968
[CLEANUP], MaxLatency(ns), 1231495167
[CLEANUP], 95thPercentileLatency(ns), 862580735
[CLEANUP], 99thPercentileLatency(ns), 1231495167
[INSERT], Operations, 1000000
[INSERT], AverageLatency(ns), 114423.417129
[INSERT], MinLatency(ns), 1824
[INSERT], MaxLatency(ns), 431286271
[INSERT], 95thPercentileLatency(ns), 101237
[INSERT], 99thPercentileLatency(ns), 324185
[INSERT], Return=OK, 1000000
