/home/anatole/jdk8u/build/linux-x86_64-normal-server-release/jdk/bin/java -Xmx20g -XX:+UseG1GC -classpath /home/anatole/ycsb/conf:/home/anatole/ycsb/core/target/core-0.18.0-SNAPSHOT.jar:/home/anatole/ycsb/core/target/dependency/HdrHistogram-2.1.4.jar:/home/anatole/ycsb/core/target/dependency/guava-18.0.jar:/home/anatole/ycsb/core/target/dependency/htrace-core4-4.1.0-incubating.jar:/home/anatole/ycsb/core/target/dependency/jackson-core-asl-1.9.4.jar:/home/anatole/ycsb/core/target/dependency/jackson-mapper-asl-1.9.4.jar:/home/anatole/ycsb/core/target/dependency/javax.persistence-api-2.2.jar:/home/anatole/ycsb/core/target/dependency/jnvm-1.0-SNAPSHOT.jar:/home/anatole/ycsb/core/target/dependency/pcj-1.0.jar:/home/anatole/ycsb/core/target/dependency/unsafe-helper-1.0.jar:/home/anatole/ycsb/infinispan/src/main/conf:/home/anatole/ycsb/infinispan/target/infinispan-binding-0.18.0-SNAPSHOT.jar:/home/anatole/ycsb/infinispan/target/dependency/caffeine-2.6.2.jar:/home/anatole/ycsb/infinispan/target/dependency/gson-2.8.2.jar:/home/anatole/ycsb/infinispan/target/dependency/guava-18.0.jar:/home/anatole/ycsb/infinispan/target/dependency/infinispan-cachestore-jnvm-1.0-SNAPSHOT.jar:/home/anatole/ycsb/infinispan/target/dependency/infinispan-cachestore-pcj-1.0-SNAPSHOT.jar:/home/anatole/ycsb/infinispan/target/dependency/infinispan-client-hotrod-9.4.17.Final.jar:/home/anatole/ycsb/infinispan/target/dependency/infinispan-commons-9.4.17.Final.jar:/home/anatole/ycsb/infinispan/target/dependency/infinispan-core-9.4.17.Final.jar:/home/anatole/ycsb/infinispan/target/dependency/infinispan-embedded-9.0.1.Final.jar:/home/anatole/ycsb/infinispan/target/dependency/javax.persistence-api-2.2.jar:/home/anatole/ycsb/infinispan/target/dependency/jboss-logging-3.3.2.Final.jar:/home/anatole/ycsb/infinispan/target/dependency/jboss-marshalling-osgi-2.0.6.Final.jar:/home/anatole/ycsb/infinispan/target/dependency/jboss-transaction-api_1.1_spec-1.0.1.Final.jar:/home/anatole/ycsb/infinispan/target/dependency/jboss-transaction-api_1.2_spec-1.1.1.Final.jar:/home/anatole/ycsb/infinispan/target/dependency/jgroups-4.0.20.Final.jar:/home/anatole/ycsb/infinispan/target/dependency/jnvm-1.0-SNAPSHOT.jar:/home/anatole/ycsb/infinispan/target/dependency/metainf-services-1.7.jar:/home/anatole/ycsb/infinispan/target/dependency/netty-buffer-4.1.42.Final.jar:/home/anatole/ycsb/infinispan/target/dependency/netty-codec-4.1.42.Final.jar:/home/anatole/ycsb/infinispan/target/dependency/netty-common-4.1.42.Final.jar:/home/anatole/ycsb/infinispan/target/dependency/netty-handler-4.1.42.Final.jar:/home/anatole/ycsb/infinispan/target/dependency/netty-resolver-4.1.42.Final.jar:/home/anatole/ycsb/infinispan/target/dependency/netty-transport-4.1.42.Final.jar:/home/anatole/ycsb/infinispan/target/dependency/netty-transport-native-epoll-4.1.42.Final-linux-x86_64.jar:/home/anatole/ycsb/infinispan/target/dependency/netty-transport-native-unix-common-4.1.42.Final.jar:/home/anatole/ycsb/infinispan/target/dependency/pcj-1.0.jar:/home/anatole/ycsb/infinispan/target/dependency/reactive-streams-1.0.2.jar:/home/anatole/ycsb/infinispan/target/dependency/rxjava-2.2.4.jar:/home/anatole/ycsb/infinispan/target/dependency/unsafe-helper-1.0.jar site.ycsb.Client -t -db site.ycsb.db.InfinispanClient -P ../workloads/workloada -threads 12 -p dataintegrity=true -p offheap=false -p recordcount=1000000 -p operationcount=30000000 -p fieldcount=10 -p requestdistribution=zipfian -p measurementtype=hdrhistogram -p hdrhistogram.output.path=./out/exp5.concurrent.ref/log/infinispan.run.workloada.true.1000000.1000000.10.zipfian.12.hdr.log
[OVERALL], RunTime(ms), 78195
[OVERALL], Throughput(ops/sec), 383656.2440053712
[TOTAL_GCS_G1_Young_Generation], Count, 122
[TOTAL_GC_TIME_G1_Young_Generation], Time(ms), 18589
[TOTAL_GC_TIME_%_G1_Young_Generation], Time(%), 23.772619732719484
[TOTAL_GCS_G1_Old_Generation], Count, 0
[TOTAL_GC_TIME_G1_Old_Generation], Time(ms), 0
[TOTAL_GC_TIME_%_G1_Old_Generation], Time(%), 0.0
[TOTAL_GCs], Count, 122
[TOTAL_GC_TIME], Time(ms), 18589
[TOTAL_GC_TIME_%], Time(%), 23.772619732719484
[READ], Operations, 15002247
[READ], AverageLatency(ns), 4534.718699872093
[READ], MinLatency(ns), 169
[READ], MaxLatency(ns), 263462911
[READ], 95thPercentileLatency(ns), 11954
[READ], 99thPercentileLatency(ns), 29516
[READ], Return=OK, 15002247
[INIT], Operations, 12
[INIT], AverageLatency(ns), 4.1001811968E10
[INIT], MinLatency(ns), 40999321600
[INIT], MaxLatency(ns), 41004826623
[INIT], 95thPercentileLatency(ns), 41004302335
[INIT], 99thPercentileLatency(ns), 41004826623
[CLEANUP], Operations, 12
[CLEANUP], AverageLatency(ns), 2.541369088E9
[CLEANUP], MinLatency(ns), 482994176
[CLEANUP], MaxLatency(ns), 3815276543
[CLEANUP], 95thPercentileLatency(ns), 3777298431
[CLEANUP], 99thPercentileLatency(ns), 3815276543
[UPDATE], Operations, 14997753
[UPDATE], AverageLatency(ns), 15000.487798538888
[UPDATE], MinLatency(ns), 1375
[UPDATE], MaxLatency(ns), 263876607
[UPDATE], 95thPercentileLatency(ns), 22518
[UPDATE], 99thPercentileLatency(ns), 58641
[UPDATE], Return=OK, 14997753
[TRANSACTION], Operations, 12
[TRANSACTION], AverageLatency(ns), 3.4258512554666668E10
[TRANSACTION], MinLatency(ns), 32968409088
[TRANSACTION], MaxLatency(ns), 36320837631
[TRANSACTION], 95thPercentileLatency(ns), 36102733823
[TRANSACTION], 99thPercentileLatency(ns), 36320837631
