/home/anatole/jdk8u/build/linux-x86_64-normal-server-release/jdk/bin/java -Xmx20g -XX:+UseG1GC -classpath /home/anatole/ycsb/conf:/home/anatole/ycsb/core/target/core-0.18.0-SNAPSHOT.jar:/home/anatole/ycsb/core/target/dependency/HdrHistogram-2.1.4.jar:/home/anatole/ycsb/core/target/dependency/guava-18.0.jar:/home/anatole/ycsb/core/target/dependency/htrace-core4-4.1.0-incubating.jar:/home/anatole/ycsb/core/target/dependency/jackson-core-asl-1.9.4.jar:/home/anatole/ycsb/core/target/dependency/jackson-mapper-asl-1.9.4.jar:/home/anatole/ycsb/core/target/dependency/javax.persistence-api-2.2.jar:/home/anatole/ycsb/core/target/dependency/jnvm-1.0-SNAPSHOT.jar:/home/anatole/ycsb/core/target/dependency/pcj-1.0.jar:/home/anatole/ycsb/core/target/dependency/unsafe-helper-1.0.jar:/home/anatole/ycsb/infinispan/src/main/conf:/home/anatole/ycsb/infinispan/target/infinispan-binding-0.18.0-SNAPSHOT.jar:/home/anatole/ycsb/infinispan/target/dependency/caffeine-2.6.2.jar:/home/anatole/ycsb/infinispan/target/dependency/gson-2.8.2.jar:/home/anatole/ycsb/infinispan/target/dependency/guava-18.0.jar:/home/anatole/ycsb/infinispan/target/dependency/infinispan-cachestore-jnvm-1.0-SNAPSHOT.jar:/home/anatole/ycsb/infinispan/target/dependency/infinispan-cachestore-pcj-1.0-SNAPSHOT.jar:/home/anatole/ycsb/infinispan/target/dependency/infinispan-client-hotrod-9.4.20.Final.jar:/home/anatole/ycsb/infinispan/target/dependency/infinispan-commons-9.4.20.Final.jar:/home/anatole/ycsb/infinispan/target/dependency/infinispan-core-9.4.20.Final.jar:/home/anatole/ycsb/infinispan/target/dependency/javax.persistence-api-2.2.jar:/home/anatole/ycsb/infinispan/target/dependency/jboss-logging-3.3.2.Final.jar:/home/anatole/ycsb/infinispan/target/dependency/jboss-marshalling-osgi-2.0.6.Final.jar:/home/anatole/ycsb/infinispan/target/dependency/jboss-transaction-api_1.2_spec-1.1.1.Final.jar:/home/anatole/ycsb/infinispan/target/dependency/jgroups-4.0.21.Final.jar:/home/anatole/ycsb/infinispan/target/dependency/jnvm-1.0-SNAPSHOT.jar:/home/anatole/ycsb/infinispan/target/dependency/metainf-services-1.7.jar:/home/anatole/ycsb/infinispan/target/dependency/netty-buffer-4.1.51.Final.jar:/home/anatole/ycsb/infinispan/target/dependency/netty-codec-4.1.51.Final.jar:/home/anatole/ycsb/infinispan/target/dependency/netty-common-4.1.51.Final.jar:/home/anatole/ycsb/infinispan/target/dependency/netty-handler-4.1.51.Final.jar:/home/anatole/ycsb/infinispan/target/dependency/netty-resolver-4.1.51.Final.jar:/home/anatole/ycsb/infinispan/target/dependency/netty-transport-4.1.51.Final.jar:/home/anatole/ycsb/infinispan/target/dependency/netty-transport-native-epoll-4.1.51.Final-linux-x86_64.jar:/home/anatole/ycsb/infinispan/target/dependency/netty-transport-native-unix-common-4.1.51.Final.jar:/home/anatole/ycsb/infinispan/target/dependency/pcj-1.0.jar:/home/anatole/ycsb/infinispan/target/dependency/reactive-streams-1.0.2.jar:/home/anatole/ycsb/infinispan/target/dependency/rxjava-2.2.4.jar:/home/anatole/ycsb/infinispan/target/dependency/unsafe-helper-1.0.jar site.ycsb.Client -t -db site.ycsb.db.InfinispanClient -P ../workloads/workloadc -preload -s -threads 12 -p dataintegrity=true -p offheap=false -p pcj=false -p recordcount=1000000 -p operationcount=60000000 -p fieldcount=10 -p fieldlength=100 -p requestdistribution=zipfian -p measurement.trackjvm=true -p measurementtype=hdrhistogram -p hdrhistogram.output.path=./out/exp5.concurrent.ref/log/infinispan.run.workloadc.true.1000000.1000000.10.100.zipfian.12.false.true.default.default.volatile.r2.hdr.log
[OVERALL], RunTime(ms), 44603
[OVERALL], Throughput(ops/sec), 1367621.012039549
[TOTAL_GCS_G1_Young_Generation], Count, 45
[TOTAL_GC_TIME_G1_Young_Generation], Time(ms), 2697
[TOTAL_GC_TIME_%_G1_Young_Generation], Time(%), 6.046678474542071
[TOTAL_GCS_G1_Old_Generation], Count, 0
[TOTAL_GC_TIME_G1_Old_Generation], Time(ms), 0
[TOTAL_GC_TIME_%_G1_Old_Generation], Time(%), 0.0
[TOTAL_GCs], Count, 45
[TOTAL_GC_TIME], Time(ms), 2697
[TOTAL_GC_TIME_%], Time(%), 6.046678474542071
[MAX_MEM_USED], MBs, 15322
[MIN_MEM_USED], MBs, 64
[MAX_THREADS], Count, 17
[MIN_THREADS], Count, 4
[MAX_SYS_LOAD_AVG], Load, 18.38
[MIN_SYS_LOAD_AVG], Load, 14.77
[THREAD_COUNT], Operations, 6
[THREAD_COUNT], AverageLatency(ns), 14.333333333333334
[THREAD_COUNT], MinLatency(ns), 4
[THREAD_COUNT], MaxLatency(ns), 17
[THREAD_COUNT], 95thPercentileLatency(ns), 17
[THREAD_COUNT], 99thPercentileLatency(ns), 17
[SYS_LOAD_AVG], Operations, 6
[SYS_LOAD_AVG], AverageLatency(ns), 15.833333333333334
[SYS_LOAD_AVG], MinLatency(ns), 14
[SYS_LOAD_AVG], MaxLatency(ns), 18
[SYS_LOAD_AVG], 95thPercentileLatency(ns), 18
[SYS_LOAD_AVG], 99thPercentileLatency(ns), 18
[LOAD], Operations, 12
[LOAD], AverageLatency(ns), 5.550607018666667E9
[LOAD], MinLatency(ns), 5330599936
[LOAD], MaxLatency(ns), 5634031615
[LOAD], 95thPercentileLatency(ns), 5631180799
[LOAD], 99thPercentileLatency(ns), 5634031615
[USED_MEM_MB], Operations, 6
[USED_MEM_MB], AverageLatency(ns), 6981.833333333333
[USED_MEM_MB], MinLatency(ns), 64
[USED_MEM_MB], MaxLatency(ns), 15322
[USED_MEM_MB], 95thPercentileLatency(ns), 15322
[USED_MEM_MB], 99thPercentileLatency(ns), 15322
[MAIN_GCs_Count], Operations, 12
[MAIN_GCs_Count], AverageLatency(ns), 19.0
[MAIN_GCs_Count], MinLatency(ns), 19
[MAIN_GCs_Count], MaxLatency(ns), 19
[MAIN_GCs_Count], 95thPercentileLatency(ns), 19
[MAIN_GCs_Count], 99thPercentileLatency(ns), 19
[MAIN_GCs_Time(ms)], Operations, 12
[MAIN_GCs_Time(ms)], AverageLatency(ns), 591.0
[MAIN_GCs_Time(ms)], MinLatency(ns), 591
[MAIN_GCs_Time(ms)], MaxLatency(ns), 591
[MAIN_GCs_Time(ms)], 95thPercentileLatency(ns), 591
[MAIN_GCs_Time(ms)], 99thPercentileLatency(ns), 591
[TRANSACTION], Operations, 12
[TRANSACTION], AverageLatency(ns), 3.723952128E10
[TRANSACTION], MinLatency(ns), 36446666752
[TRANSACTION], MaxLatency(ns), 37828165631
[TRANSACTION], 95thPercentileLatency(ns), 37650694143
[TRANSACTION], 99thPercentileLatency(ns), 37828165631
[GCS_TIME], Operations, 6
[GCS_TIME], AverageLatency(ns), 449.5
[GCS_TIME], MinLatency(ns), 0
[GCS_TIME], MaxLatency(ns), 2269
[GCS_TIME], 95thPercentileLatency(ns), 2269
[GCS_TIME], 99thPercentileLatency(ns), 2269
[LOAD_GCs_Time(ms)], Operations, 12
[LOAD_GCs_Time(ms)], AverageLatency(ns), 2057.6666666666665
[LOAD_GCs_Time(ms)], MinLatency(ns), 1921
[LOAD_GCs_Time(ms)], MaxLatency(ns), 2085
[LOAD_GCs_Time(ms)], 95thPercentileLatency(ns), 2085
[LOAD_GCs_Time(ms)], 99thPercentileLatency(ns), 2085
[READ], Operations, 60000000
[READ], AverageLatency(ns), 5812.874807283333
[READ], MinLatency(ns), 184
[READ], MaxLatency(ns), 124544511
[READ], 95thPercentileLatency(ns), 41085
[READ], 99thPercentileLatency(ns), 51339
[READ], Return=OK, 60000000
[INIT], Operations, 12
[INIT], AverageLatency(ns), 5.77202176E8
[INIT], MinLatency(ns), 574926848
[INIT], MaxLatency(ns), 580075519
[INIT], 95thPercentileLatency(ns), 580026367
[INIT], 99thPercentileLatency(ns), 580075519
[GCS], Operations, 6
[GCS], AverageLatency(ns), 7.5
[GCS], MinLatency(ns), 0
[GCS], MaxLatency(ns), 28
[GCS], 95thPercentileLatency(ns), 28
[GCS], 99thPercentileLatency(ns), 28
[LOAD_GCs_Count], Operations, 12
[LOAD_GCs_Count], AverageLatency(ns), 24.833333333333332
[LOAD_GCs_Count], MinLatency(ns), 24
[LOAD_GCs_Count], MaxLatency(ns), 25
[LOAD_GCs_Count], 95thPercentileLatency(ns), 25
[LOAD_GCs_Count], 99thPercentileLatency(ns), 25
[CLEANUP], Operations, 12
[CLEANUP], AverageLatency(ns), 1.0637538133333334E9
[CLEANUP], MinLatency(ns), 476743680
[CLEANUP], MaxLatency(ns), 1839972351
[CLEANUP], 95thPercentileLatency(ns), 1670414335
[CLEANUP], 99thPercentileLatency(ns), 1839972351
[INSERT], Operations, 1000000
[INSERT], AverageLatency(ns), 19267.533379
[INSERT], MinLatency(ns), 1481
[INSERT], MaxLatency(ns), 182596607
[INSERT], 95thPercentileLatency(ns), 21179
[INSERT], 99thPercentileLatency(ns), 53152
[INSERT], Return=OK, 1000000
