/home/anatole/jdk8u/build/linux-x86_64-normal-server-release/jdk/bin/java -Xmx20g -XX:+UseG1GC -classpath /home/anatole/ycsb/conf:/home/anatole/ycsb/core/target/core-0.18.0-SNAPSHOT.jar:/home/anatole/ycsb/core/target/dependency/HdrHistogram-2.1.4.jar:/home/anatole/ycsb/core/target/dependency/guava-18.0.jar:/home/anatole/ycsb/core/target/dependency/htrace-core4-4.1.0-incubating.jar:/home/anatole/ycsb/core/target/dependency/jackson-core-asl-1.9.4.jar:/home/anatole/ycsb/core/target/dependency/jackson-mapper-asl-1.9.4.jar:/home/anatole/ycsb/core/target/dependency/javax.persistence-api-2.2.jar:/home/anatole/ycsb/core/target/dependency/jnvm-1.0-SNAPSHOT.jar:/home/anatole/ycsb/core/target/dependency/pcj-1.0.jar:/home/anatole/ycsb/core/target/dependency/unsafe-helper-1.0.jar:/home/anatole/ycsb/infinispan/src/main/conf:/home/anatole/ycsb/infinispan/target/infinispan-binding-0.18.0-SNAPSHOT.jar:/home/anatole/ycsb/infinispan/target/dependency/caffeine-2.6.2.jar:/home/anatole/ycsb/infinispan/target/dependency/gson-2.8.2.jar:/home/anatole/ycsb/infinispan/target/dependency/guava-18.0.jar:/home/anatole/ycsb/infinispan/target/dependency/infinispan-cachestore-jnvm-1.0-SNAPSHOT.jar:/home/anatole/ycsb/infinispan/target/dependency/infinispan-cachestore-pcj-1.0-SNAPSHOT.jar:/home/anatole/ycsb/infinispan/target/dependency/infinispan-client-hotrod-9.4.20.Final.jar:/home/anatole/ycsb/infinispan/target/dependency/infinispan-commons-9.4.20.Final.jar:/home/anatole/ycsb/infinispan/target/dependency/infinispan-core-9.4.20.Final.jar:/home/anatole/ycsb/infinispan/target/dependency/javax.persistence-api-2.2.jar:/home/anatole/ycsb/infinispan/target/dependency/jboss-logging-3.3.2.Final.jar:/home/anatole/ycsb/infinispan/target/dependency/jboss-marshalling-osgi-2.0.6.Final.jar:/home/anatole/ycsb/infinispan/target/dependency/jboss-transaction-api_1.2_spec-1.1.1.Final.jar:/home/anatole/ycsb/infinispan/target/dependency/jgroups-4.0.21.Final.jar:/home/anatole/ycsb/infinispan/target/dependency/jnvm-1.0-SNAPSHOT.jar:/home/anatole/ycsb/infinispan/target/dependency/metainf-services-1.7.jar:/home/anatole/ycsb/infinispan/target/dependency/netty-buffer-4.1.51.Final.jar:/home/anatole/ycsb/infinispan/target/dependency/netty-codec-4.1.51.Final.jar:/home/anatole/ycsb/infinispan/target/dependency/netty-common-4.1.51.Final.jar:/home/anatole/ycsb/infinispan/target/dependency/netty-handler-4.1.51.Final.jar:/home/anatole/ycsb/infinispan/target/dependency/netty-resolver-4.1.51.Final.jar:/home/anatole/ycsb/infinispan/target/dependency/netty-transport-4.1.51.Final.jar:/home/anatole/ycsb/infinispan/target/dependency/netty-transport-native-epoll-4.1.51.Final-linux-x86_64.jar:/home/anatole/ycsb/infinispan/target/dependency/netty-transport-native-unix-common-4.1.51.Final.jar:/home/anatole/ycsb/infinispan/target/dependency/pcj-1.0.jar:/home/anatole/ycsb/infinispan/target/dependency/reactive-streams-1.0.2.jar:/home/anatole/ycsb/infinispan/target/dependency/rxjava-2.2.4.jar:/home/anatole/ycsb/infinispan/target/dependency/unsafe-helper-1.0.jar site.ycsb.Client -t -db site.ycsb.db.InfinispanClient -P ../workloads/workloadc -preload -s -threads 12 -p dataintegrity=true -p offheap=false -p pcj=false -p recordcount=1000000 -p operationcount=36000000 -p fieldcount=10 -p fieldlength=100 -p requestdistribution=zipfian -p measurement.trackjvm=true -p measurementtype=hdrhistogram -p hdrhistogram.output.path=./out/exp5.concurrent.ref/log/infinispan.run.workloadc.true.1000000.100000.10.100.zipfian.12.false..default.default.none.r1.hdr.log
[OVERALL], RunTime(ms), 167410
[OVERALL], Throughput(ops/sec), 221014.276327579
[TOTAL_GCS_G1_Young_Generation], Count, 67
[TOTAL_GC_TIME_G1_Young_Generation], Time(ms), 5441
[TOTAL_GC_TIME_%_G1_Young_Generation], Time(%), 3.2501045337793437
[TOTAL_GCS_G1_Old_Generation], Count, 0
[TOTAL_GC_TIME_G1_Old_Generation], Time(ms), 0
[TOTAL_GC_TIME_%_G1_Old_Generation], Time(%), 0.0
[TOTAL_GCs], Count, 67
[TOTAL_GC_TIME], Time(ms), 5441
[TOTAL_GC_TIME_%], Time(%), 3.2501045337793437
[MAX_MEM_USED], MBs, 10593
[MIN_MEM_USED], MBs, 66
[MAX_THREADS], Count, 18
[MIN_THREADS], Count, 2
[MAX_SYS_LOAD_AVG], Load, 23.11
[MIN_SYS_LOAD_AVG], Load, 9.9
[THREAD_COUNT], Operations, 18
[THREAD_COUNT], AverageLatency(ns), 16.333333333333332
[THREAD_COUNT], MinLatency(ns), 2
[THREAD_COUNT], MaxLatency(ns), 18
[THREAD_COUNT], 95thPercentileLatency(ns), 18
[THREAD_COUNT], 99thPercentileLatency(ns), 18
[SYS_LOAD_AVG], Operations, 18
[SYS_LOAD_AVG], AverageLatency(ns), 13.944444444444445
[SYS_LOAD_AVG], MinLatency(ns), 9
[SYS_LOAD_AVG], MaxLatency(ns), 23
[SYS_LOAD_AVG], 95thPercentileLatency(ns), 20
[SYS_LOAD_AVG], 99thPercentileLatency(ns), 23
[LOAD], Operations, 12
[LOAD], AverageLatency(ns), 1.2930187264E10
[LOAD], MinLatency(ns), 12390957056
[LOAD], MaxLatency(ns), 13381599231
[LOAD], 95thPercentileLatency(ns), 13271039999
[LOAD], 99thPercentileLatency(ns), 13381599231
[USED_MEM_MB], Operations, 18
[USED_MEM_MB], AverageLatency(ns), 6247.0
[USED_MEM_MB], MinLatency(ns), 66
[USED_MEM_MB], MaxLatency(ns), 10593
[USED_MEM_MB], 95thPercentileLatency(ns), 10150
[USED_MEM_MB], 99thPercentileLatency(ns), 10593
[MAIN_GCs_Count], Operations, 12
[MAIN_GCs_Count], AverageLatency(ns), 47.416666666666664
[MAIN_GCs_Count], MinLatency(ns), 47
[MAIN_GCs_Count], MaxLatency(ns), 48
[MAIN_GCs_Count], 95thPercentileLatency(ns), 48
[MAIN_GCs_Count], 99thPercentileLatency(ns), 48
[MAIN_GCs_Time(ms)], Operations, 12
[MAIN_GCs_Time(ms)], AverageLatency(ns), 4551.5
[MAIN_GCs_Time(ms)], MinLatency(ns), 4514
[MAIN_GCs_Time(ms)], MaxLatency(ns), 4604
[MAIN_GCs_Time(ms)], 95thPercentileLatency(ns), 4604
[MAIN_GCs_Time(ms)], 99thPercentileLatency(ns), 4604
[TRANSACTION], Operations, 12
[TRANSACTION], AverageLatency(ns), 1.5259070190933334E11
[TRANSACTION], MinLatency(ns), 151917690880
[TRANSACTION], MaxLatency(ns), 153245188095
[TRANSACTION], 95thPercentileLatency(ns), 153194856447
[TRANSACTION], 99thPercentileLatency(ns), 153245188095
[GCS_TIME], Operations, 18
[GCS_TIME], AverageLatency(ns), 302.27777777777777
[GCS_TIME], MinLatency(ns), 0
[GCS_TIME], MaxLatency(ns), 744
[GCS_TIME], 95thPercentileLatency(ns), 640
[GCS_TIME], 99thPercentileLatency(ns), 744
[LOAD_GCs_Time(ms)], Operations, 12
[LOAD_GCs_Time(ms)], AverageLatency(ns), 819.0
[LOAD_GCs_Time(ms)], MinLatency(ns), 819
[LOAD_GCs_Time(ms)], MaxLatency(ns), 819
[LOAD_GCs_Time(ms)], 95thPercentileLatency(ns), 819
[LOAD_GCs_Time(ms)], 99thPercentileLatency(ns), 819
[READ], Operations, 36000000
[READ], AverageLatency(ns), 49704.04447061111
[READ], MinLatency(ns), 210
[READ], MaxLatency(ns), 183280639
[READ], 95thPercentileLatency(ns), 151172
[READ], 99thPercentileLatency(ns), 193739
[READ], Return=OK, 36000000
[INIT], Operations, 12
[INIT], AverageLatency(ns), 6.090103466666666E8
[INIT], MinLatency(ns), 607084544
[INIT], MaxLatency(ns), 611721215
[INIT], 95thPercentileLatency(ns), 611573759
[INIT], 99thPercentileLatency(ns), 611721215
[GCS], Operations, 18
[GCS], AverageLatency(ns), 3.7222222222222223
[GCS], MinLatency(ns), 0
[GCS], MaxLatency(ns), 18
[GCS], 95thPercentileLatency(ns), 5
[GCS], 99thPercentileLatency(ns), 18
[LOAD_GCs_Count], Operations, 12
[LOAD_GCs_Count], AverageLatency(ns), 18.0
[LOAD_GCs_Count], MinLatency(ns), 18
[LOAD_GCs_Count], MaxLatency(ns), 18
[LOAD_GCs_Count], 95thPercentileLatency(ns), 18
[LOAD_GCs_Count], 99thPercentileLatency(ns), 18
[CLEANUP], Operations, 12
[CLEANUP], AverageLatency(ns), 7.153069333333334E8
[CLEANUP], MinLatency(ns), 62665728
[CLEANUP], MaxLatency(ns), 1372135423
[CLEANUP], 95thPercentileLatency(ns), 1331085311
[CLEANUP], 99thPercentileLatency(ns), 1372135423
[INSERT], Operations, 1000000
[INSERT], AverageLatency(ns), 141808.605946
[INSERT], MinLatency(ns), 24973
[INSERT], MaxLatency(ns), 785383423
[INSERT], 95thPercentileLatency(ns), 151660
[INSERT], 99thPercentileLatency(ns), 285453
[INSERT], Return=OK, 1000000
