/home/anatole/jdk8u/build/linux-x86_64-normal-server-release/jdk/bin/java -Xmx20g -XX:+UseG1GC -classpath /home/anatole/ycsb/conf:/home/anatole/ycsb/core/target/core-0.18.0-SNAPSHOT.jar:/home/anatole/ycsb/core/target/dependency/HdrHistogram-2.1.4.jar:/home/anatole/ycsb/core/target/dependency/guava-18.0.jar:/home/anatole/ycsb/core/target/dependency/htrace-core4-4.1.0-incubating.jar:/home/anatole/ycsb/core/target/dependency/jackson-core-asl-1.9.4.jar:/home/anatole/ycsb/core/target/dependency/jackson-mapper-asl-1.9.4.jar:/home/anatole/ycsb/core/target/dependency/javax.persistence-api-2.2.jar:/home/anatole/ycsb/core/target/dependency/jnvm-1.0-SNAPSHOT.jar:/home/anatole/ycsb/core/target/dependency/pcj-1.0.jar:/home/anatole/ycsb/core/target/dependency/unsafe-helper-1.0.jar:/home/anatole/ycsb/infinispan/src/main/conf:/home/anatole/ycsb/infinispan/target/infinispan-binding-0.18.0-SNAPSHOT.jar:/home/anatole/ycsb/infinispan/target/dependency/caffeine-2.6.2.jar:/home/anatole/ycsb/infinispan/target/dependency/gson-2.8.2.jar:/home/anatole/ycsb/infinispan/target/dependency/guava-18.0.jar:/home/anatole/ycsb/infinispan/target/dependency/infinispan-cachestore-jnvm-1.0-SNAPSHOT.jar:/home/anatole/ycsb/infinispan/target/dependency/infinispan-cachestore-pcj-1.0-SNAPSHOT.jar:/home/anatole/ycsb/infinispan/target/dependency/infinispan-client-hotrod-9.4.20.Final.jar:/home/anatole/ycsb/infinispan/target/dependency/infinispan-commons-9.4.20.Final.jar:/home/anatole/ycsb/infinispan/target/dependency/infinispan-core-9.4.20.Final.jar:/home/anatole/ycsb/infinispan/target/dependency/javax.persistence-api-2.2.jar:/home/anatole/ycsb/infinispan/target/dependency/jboss-logging-3.3.2.Final.jar:/home/anatole/ycsb/infinispan/target/dependency/jboss-marshalling-osgi-2.0.6.Final.jar:/home/anatole/ycsb/infinispan/target/dependency/jboss-transaction-api_1.2_spec-1.1.1.Final.jar:/home/anatole/ycsb/infinispan/target/dependency/jgroups-4.0.21.Final.jar:/home/anatole/ycsb/infinispan/target/dependency/jnvm-1.0-SNAPSHOT.jar:/home/anatole/ycsb/infinispan/target/dependency/metainf-services-1.7.jar:/home/anatole/ycsb/infinispan/target/dependency/netty-buffer-4.1.51.Final.jar:/home/anatole/ycsb/infinispan/target/dependency/netty-codec-4.1.51.Final.jar:/home/anatole/ycsb/infinispan/target/dependency/netty-common-4.1.51.Final.jar:/home/anatole/ycsb/infinispan/target/dependency/netty-handler-4.1.51.Final.jar:/home/anatole/ycsb/infinispan/target/dependency/netty-resolver-4.1.51.Final.jar:/home/anatole/ycsb/infinispan/target/dependency/netty-transport-4.1.51.Final.jar:/home/anatole/ycsb/infinispan/target/dependency/netty-transport-native-epoll-4.1.51.Final-linux-x86_64.jar:/home/anatole/ycsb/infinispan/target/dependency/netty-transport-native-unix-common-4.1.51.Final.jar:/home/anatole/ycsb/infinispan/target/dependency/pcj-1.0.jar:/home/anatole/ycsb/infinispan/target/dependency/reactive-streams-1.0.2.jar:/home/anatole/ycsb/infinispan/target/dependency/rxjava-2.2.4.jar:/home/anatole/ycsb/infinispan/target/dependency/unsafe-helper-1.0.jar site.ycsb.Client -t -db site.ycsb.db.InfinispanClient -P ../workloads/workloada -preload -s -threads 36 -p dataintegrity=true -p offheap=false -p pcj=false -p recordcount=1000000 -p operationcount=60000000 -p fieldcount=10 -p fieldlength=100 -p requestdistribution=zipfian -p measurement.trackjvm=true -p measurementtype=hdrhistogram -p hdrhistogram.output.path=./out/exp5.concurrent.ref/log/infinispan.run.workloada.true.1000000.1000000.10.100.zipfian.36.true..default.default.none.r3.hdr.log
[OVERALL], RunTime(ms), 81353
[OVERALL], Throughput(ops/sec), 749818.6913820019
[TOTAL_GCS_G1_Young_Generation], Count, 181
[TOTAL_GC_TIME_G1_Young_Generation], Time(ms), 29961
[TOTAL_GC_TIME_%_G1_Young_Generation], Time(%), 36.828389856551084
[TOTAL_GCS_G1_Old_Generation], Count, 0
[TOTAL_GC_TIME_G1_Old_Generation], Time(ms), 0
[TOTAL_GC_TIME_%_G1_Old_Generation], Time(%), 0.0
[TOTAL_GCs], Count, 181
[TOTAL_GC_TIME], Time(ms), 29961
[TOTAL_GC_TIME_%], Time(%), 36.828389856551084
[MAX_MEM_USED], MBs, 9623
[MIN_MEM_USED], MBs, 96
[MAX_THREADS], Count, 68
[MIN_THREADS], Count, 3
[MAX_SYS_LOAD_AVG], Load, 22.99
[MIN_SYS_LOAD_AVG], Load, 21.24
[THREAD_COUNT], Operations, 10
[THREAD_COUNT], AverageLatency(ns), 52.0
[THREAD_COUNT], MinLatency(ns), 3
[THREAD_COUNT], MaxLatency(ns), 68
[THREAD_COUNT], 95thPercentileLatency(ns), 68
[THREAD_COUNT], 99thPercentileLatency(ns), 68
[SYS_LOAD_AVG], Operations, 10
[SYS_LOAD_AVG], AverageLatency(ns), 21.3
[SYS_LOAD_AVG], MinLatency(ns), 21
[SYS_LOAD_AVG], MaxLatency(ns), 22
[SYS_LOAD_AVG], 95thPercentileLatency(ns), 22
[SYS_LOAD_AVG], 99thPercentileLatency(ns), 22
[LOAD], Operations, 36
[LOAD], AverageLatency(ns), 7.194648576E9
[LOAD], MinLatency(ns), 6444023808
[LOAD], MaxLatency(ns), 7474315263
[LOAD], 95thPercentileLatency(ns), 7461863423
[LOAD], 99thPercentileLatency(ns), 7474315263
[USED_MEM_MB], Operations, 10
[USED_MEM_MB], AverageLatency(ns), 7028.3
[USED_MEM_MB], MinLatency(ns), 96
[USED_MEM_MB], MaxLatency(ns), 9623
[USED_MEM_MB], 95thPercentileLatency(ns), 9623
[USED_MEM_MB], 99thPercentileLatency(ns), 9623
[MAIN_GCs_Count], Operations, 36
[MAIN_GCs_Count], AverageLatency(ns), 154.80555555555554
[MAIN_GCs_Count], MinLatency(ns), 153
[MAIN_GCs_Count], MaxLatency(ns), 156
[MAIN_GCs_Count], 95thPercentileLatency(ns), 156
[MAIN_GCs_Count], 99thPercentileLatency(ns), 156
[MAIN_GCs_Time(ms)], Operations, 36
[MAIN_GCs_Time(ms)], AverageLatency(ns), 27751.11111111111
[MAIN_GCs_Time(ms)], MinLatency(ns), 27480
[MAIN_GCs_Time(ms)], MaxLatency(ns), 27933
[MAIN_GCs_Time(ms)], 95thPercentileLatency(ns), 27933
[MAIN_GCs_Time(ms)], 99thPercentileLatency(ns), 27933
[TRANSACTION], Operations, 36
[TRANSACTION], AverageLatency(ns), 7.204082665244444E10
[TRANSACTION], MinLatency(ns), 71114424320
[TRANSACTION], MaxLatency(ns), 72601305087
[TRANSACTION], 95thPercentileLatency(ns), 72542060543
[TRANSACTION], 99thPercentileLatency(ns), 72601305087
[GCS_TIME], Operations, 10
[GCS_TIME], AverageLatency(ns), 2996.1
[GCS_TIME], MinLatency(ns), 0
[GCS_TIME], MaxLatency(ns), 5497
[GCS_TIME], 95thPercentileLatency(ns), 5497
[GCS_TIME], 99thPercentileLatency(ns), 5497
[LOAD_GCs_Time(ms)], Operations, 36
[LOAD_GCs_Time(ms)], AverageLatency(ns), 1930.888888888889
[LOAD_GCs_Time(ms)], MinLatency(ns), 1674
[LOAD_GCs_Time(ms)], MaxLatency(ns), 2003
[LOAD_GCs_Time(ms)], 95thPercentileLatency(ns), 2003
[LOAD_GCs_Time(ms)], 99thPercentileLatency(ns), 2003
[READ], Operations, 29996901
[READ], AverageLatency(ns), 33864.48829337404
[READ], MinLatency(ns), 188
[READ], MaxLatency(ns), 1146421247
[READ], 95thPercentileLatency(ns), 175841
[READ], 99thPercentileLatency(ns), 208463
[READ], Return=OK, 29996901
[INIT], Operations, 36
[INIT], AverageLatency(ns), 6.03805696E8
[INIT], MinLatency(ns), 596234240
[INIT], MaxLatency(ns), 625631231
[INIT], 95thPercentileLatency(ns), 610324479
[INIT], 99thPercentileLatency(ns), 625631231
[GCS], Operations, 10
[GCS], AverageLatency(ns), 18.1
[GCS], MinLatency(ns), 0
[GCS], MaxLatency(ns), 35
[GCS], 95thPercentileLatency(ns), 35
[GCS], 99thPercentileLatency(ns), 35
[LOAD_GCs_Count], Operations, 36
[LOAD_GCs_Count], AverageLatency(ns), 22.555555555555557
[LOAD_GCs_Count], MinLatency(ns), 21
[LOAD_GCs_Count], MaxLatency(ns), 23
[LOAD_GCs_Count], 95thPercentileLatency(ns), 23
[LOAD_GCs_Count], 99thPercentileLatency(ns), 23
[CLEANUP], Operations, 36
[CLEANUP], AverageLatency(ns), 1.0749259377777777E9
[CLEANUP], MinLatency(ns), 515592192
[CLEANUP], MaxLatency(ns), 1973272575
[CLEANUP], 95thPercentileLatency(ns), 1616494591
[CLEANUP], 99thPercentileLatency(ns), 1973272575
[INSERT], Operations, 1000000
[INSERT], AverageLatency(ns), 134110.774636
[INSERT], MinLatency(ns), 1736
[INSERT], MaxLatency(ns), 341383167
[INSERT], 95thPercentileLatency(ns), 109854
[INSERT], 99thPercentileLatency(ns), 629239
[INSERT], Return=OK, 1000000
[UPDATE], Operations, 30003099
[UPDATE], AverageLatency(ns), 43540.41326974257
[UPDATE], MinLatency(ns), 1418
[UPDATE], MaxLatency(ns), 1146429439
[UPDATE], 95thPercentileLatency(ns), 181213
[UPDATE], 99thPercentileLatency(ns), 214732
[UPDATE], Return=OK, 30003099
