/home/anatole/jdk8u/build/linux-x86_64-normal-server-release/jdk/bin/java -Xmx20g -XX:+UseG1GC -classpath /home/anatole/ycsb/conf:/home/anatole/ycsb/core/target/core-0.18.0-SNAPSHOT.jar:/home/anatole/ycsb/core/target/dependency/HdrHistogram-2.1.4.jar:/home/anatole/ycsb/core/target/dependency/guava-18.0.jar:/home/anatole/ycsb/core/target/dependency/htrace-core4-4.1.0-incubating.jar:/home/anatole/ycsb/core/target/dependency/jackson-core-asl-1.9.4.jar:/home/anatole/ycsb/core/target/dependency/jackson-mapper-asl-1.9.4.jar:/home/anatole/ycsb/core/target/dependency/javax.persistence-api-2.2.jar:/home/anatole/ycsb/core/target/dependency/jnvm-1.0-SNAPSHOT.jar:/home/anatole/ycsb/core/target/dependency/pcj-1.0.jar:/home/anatole/ycsb/core/target/dependency/unsafe-helper-1.0.jar:/home/anatole/ycsb/infinispan/src/main/conf:/home/anatole/ycsb/infinispan/target/infinispan-binding-0.18.0-SNAPSHOT.jar:/home/anatole/ycsb/infinispan/target/dependency/caffeine-2.6.2.jar:/home/anatole/ycsb/infinispan/target/dependency/gson-2.8.2.jar:/home/anatole/ycsb/infinispan/target/dependency/guava-18.0.jar:/home/anatole/ycsb/infinispan/target/dependency/infinispan-cachestore-jnvm-1.0-SNAPSHOT.jar:/home/anatole/ycsb/infinispan/target/dependency/infinispan-cachestore-pcj-1.0-SNAPSHOT.jar:/home/anatole/ycsb/infinispan/target/dependency/infinispan-client-hotrod-9.4.20.Final.jar:/home/anatole/ycsb/infinispan/target/dependency/infinispan-commons-9.4.20.Final.jar:/home/anatole/ycsb/infinispan/target/dependency/infinispan-core-9.4.20.Final.jar:/home/anatole/ycsb/infinispan/target/dependency/javax.persistence-api-2.2.jar:/home/anatole/ycsb/infinispan/target/dependency/jboss-logging-3.3.2.Final.jar:/home/anatole/ycsb/infinispan/target/dependency/jboss-marshalling-osgi-2.0.6.Final.jar:/home/anatole/ycsb/infinispan/target/dependency/jboss-transaction-api_1.2_spec-1.1.1.Final.jar:/home/anatole/ycsb/infinispan/target/dependency/jgroups-4.0.21.Final.jar:/home/anatole/ycsb/infinispan/target/dependency/jnvm-1.0-SNAPSHOT.jar:/home/anatole/ycsb/infinispan/target/dependency/metainf-services-1.7.jar:/home/anatole/ycsb/infinispan/target/dependency/netty-buffer-4.1.51.Final.jar:/home/anatole/ycsb/infinispan/target/dependency/netty-codec-4.1.51.Final.jar:/home/anatole/ycsb/infinispan/target/dependency/netty-common-4.1.51.Final.jar:/home/anatole/ycsb/infinispan/target/dependency/netty-handler-4.1.51.Final.jar:/home/anatole/ycsb/infinispan/target/dependency/netty-resolver-4.1.51.Final.jar:/home/anatole/ycsb/infinispan/target/dependency/netty-transport-4.1.51.Final.jar:/home/anatole/ycsb/infinispan/target/dependency/netty-transport-native-epoll-4.1.51.Final-linux-x86_64.jar:/home/anatole/ycsb/infinispan/target/dependency/netty-transport-native-unix-common-4.1.51.Final.jar:/home/anatole/ycsb/infinispan/target/dependency/pcj-1.0.jar:/home/anatole/ycsb/infinispan/target/dependency/reactive-streams-1.0.2.jar:/home/anatole/ycsb/infinispan/target/dependency/rxjava-2.2.4.jar:/home/anatole/ycsb/infinispan/target/dependency/unsafe-helper-1.0.jar site.ycsb.Client -t -db site.ycsb.db.InfinispanJNVMClient -P ../workloads/workloada -preload -s -threads 28 -p dataintegrity=true -p offheap=true -p pcj=false -p recordcount=1000000 -p operationcount=60000000 -p fieldcount=10 -p fieldlength=100 -p requestdistribution=zipfian -p measurement.trackjvm=true -p measurementtype=hdrhistogram -p hdrhistogram.output.path=./out/exp5.concurrent.ref/log/infinispan-jnvm.run.workloada.true.1000000.1.10.100.zipfian.28.false..default.default.none.r1.hdr.log
[OVERALL], RunTime(ms), 107976
[OVERALL], Throughput(ops/sec), 564940.3571163962
[TOTAL_GCS_G1_Young_Generation], Count, 180
[TOTAL_GC_TIME_G1_Young_Generation], Time(ms), 29975
[TOTAL_GC_TIME_%_G1_Young_Generation], Time(%), 27.76079869600652
[TOTAL_GCS_G1_Old_Generation], Count, 0
[TOTAL_GC_TIME_G1_Old_Generation], Time(ms), 0
[TOTAL_GC_TIME_%_G1_Old_Generation], Time(%), 0.0
[TOTAL_GCs], Count, 180
[TOTAL_GC_TIME], Time(ms), 29975
[TOTAL_GC_TIME_%], Time(%), 27.76079869600652
[MAX_MEM_USED], MBs, 7068
[MIN_MEM_USED], MBs, 90
[MAX_THREADS], Count, 34
[MIN_THREADS], Count, 3
[MAX_SYS_LOAD_AVG], Load, 20.4
[MIN_SYS_LOAD_AVG], Load, 12.13
[THREAD_COUNT], Operations, 12
[THREAD_COUNT], AverageLatency(ns), 30.833333333333332
[THREAD_COUNT], MinLatency(ns), 3
[THREAD_COUNT], MaxLatency(ns), 34
[THREAD_COUNT], 95thPercentileLatency(ns), 34
[THREAD_COUNT], 99thPercentileLatency(ns), 34
[SYS_LOAD_AVG], Operations, 12
[SYS_LOAD_AVG], AverageLatency(ns), 17.583333333333332
[SYS_LOAD_AVG], MinLatency(ns), 12
[SYS_LOAD_AVG], MaxLatency(ns), 20
[SYS_LOAD_AVG], 95thPercentileLatency(ns), 19
[SYS_LOAD_AVG], 99thPercentileLatency(ns), 20
[LOAD], Operations, 28
[LOAD], AverageLatency(ns), 1.6704480402285715E10
[LOAD], MinLatency(ns), 16179134464
[LOAD], MaxLatency(ns), 16842358783
[LOAD], 95thPercentileLatency(ns), 16825253887
[LOAD], 99thPercentileLatency(ns), 16842358783
[USED_MEM_MB], Operations, 12
[USED_MEM_MB], AverageLatency(ns), 4837.666666666667
[USED_MEM_MB], MinLatency(ns), 90
[USED_MEM_MB], MaxLatency(ns), 7068
[USED_MEM_MB], 95thPercentileLatency(ns), 6985
[USED_MEM_MB], 99thPercentileLatency(ns), 7068
[MAIN_GCs_Count], Operations, 28
[MAIN_GCs_Count], AverageLatency(ns), 153.32142857142858
[MAIN_GCs_Count], MinLatency(ns), 152
[MAIN_GCs_Count], MaxLatency(ns), 154
[MAIN_GCs_Count], 95thPercentileLatency(ns), 154
[MAIN_GCs_Count], 99thPercentileLatency(ns), 154
[MAIN_GCs_Time(ms)], Operations, 28
[MAIN_GCs_Time(ms)], AverageLatency(ns), 27857.071428571428
[MAIN_GCs_Time(ms)], MinLatency(ns), 27603
[MAIN_GCs_Time(ms)], MaxLatency(ns), 27992
[MAIN_GCs_Time(ms)], 95thPercentileLatency(ns), 27992
[MAIN_GCs_Time(ms)], 99thPercentileLatency(ns), 27992
[TRANSACTION], Operations, 28
[TRANSACTION], AverageLatency(ns), 8.902026386285715E10
[TRANSACTION], MinLatency(ns), 88357208064
[TRANSACTION], MaxLatency(ns), 89314033663
[TRANSACTION], 95thPercentileLatency(ns), 89277333503
[TRANSACTION], 99thPercentileLatency(ns), 89314033663
[GCS_TIME], Operations, 12
[GCS_TIME], AverageLatency(ns), 2497.9166666666665
[GCS_TIME], MinLatency(ns), 0
[GCS_TIME], MaxLatency(ns), 3242
[GCS_TIME], 95thPercentileLatency(ns), 3152
[GCS_TIME], 99thPercentileLatency(ns), 3242
[LOAD_GCs_Time(ms)], Operations, 28
[LOAD_GCs_Time(ms)], AverageLatency(ns), 1952.0
[LOAD_GCs_Time(ms)], MinLatency(ns), 1952
[LOAD_GCs_Time(ms)], MaxLatency(ns), 1952
[LOAD_GCs_Time(ms)], 95thPercentileLatency(ns), 1952
[LOAD_GCs_Time(ms)], 99thPercentileLatency(ns), 1952
[READ], Operations, 29997769
[READ], AverageLatency(ns), 31363.60645329991
[READ], MinLatency(ns), 307
[READ], MaxLatency(ns), 231917567
[READ], 95thPercentileLatency(ns), 138959
[READ], 99thPercentileLatency(ns), 164683
[READ], Return=OK, 29997769
[INIT], Operations, 28
[INIT], AverageLatency(ns), 1.654525952E9
[INIT], MinLatency(ns), 1648934912
[INIT], MaxLatency(ns), 1661280255
[INIT], 95thPercentileLatency(ns), 1661181951
[INIT], 99thPercentileLatency(ns), 1661280255
[GCS], Operations, 12
[GCS], AverageLatency(ns), 15.0
[GCS], MinLatency(ns), 0
[GCS], MaxLatency(ns), 21
[GCS], 95thPercentileLatency(ns), 18
[GCS], 99thPercentileLatency(ns), 21
[LOAD_GCs_Count], Operations, 28
[LOAD_GCs_Count], AverageLatency(ns), 24.0
[LOAD_GCs_Count], MinLatency(ns), 24
[LOAD_GCs_Count], MaxLatency(ns), 24
[LOAD_GCs_Count], 95thPercentileLatency(ns), 24
[LOAD_GCs_Count], 99thPercentileLatency(ns), 24
[CLEANUP], Operations, 28
[CLEANUP], AverageLatency(ns), 3.0046978228571427E8
[CLEANUP], MinLatency(ns), 6986464
[CLEANUP], MaxLatency(ns), 946761727
[CLEANUP], 95thPercentileLatency(ns), 848666623
[CLEANUP], 99thPercentileLatency(ns), 946761727
[INSERT], Operations, 1000000
[INSERT], AverageLatency(ns), 175135.502574
[INSERT], MinLatency(ns), 5240
[INSERT], MaxLatency(ns), 212898815
[INSERT], 95thPercentileLatency(ns), 155486
[INSERT], 99thPercentileLatency(ns), 3787711
[INSERT], Return=OK, 1000000
[UPDATE], Operations, 30002231
[UPDATE], AverageLatency(ns), 35202.7054258065
[UPDATE], MinLatency(ns), 348
[UPDATE], MaxLatency(ns), 231933951
[UPDATE], 95thPercentileLatency(ns), 141045
[UPDATE], 99thPercentileLatency(ns), 166642
[UPDATE], Return=OK, 30002231
