/home/anatole/jdk8u/build/linux-x86_64-normal-server-release/jdk/bin/java -Xmx20g -XX:+UseG1GC -classpath /home/anatole/ycsb/conf:/home/anatole/ycsb/core/target/core-0.18.0-SNAPSHOT.jar:/home/anatole/ycsb/core/target/dependency/HdrHistogram-2.1.4.jar:/home/anatole/ycsb/core/target/dependency/guava-18.0.jar:/home/anatole/ycsb/core/target/dependency/htrace-core4-4.1.0-incubating.jar:/home/anatole/ycsb/core/target/dependency/jackson-core-asl-1.9.4.jar:/home/anatole/ycsb/core/target/dependency/jackson-mapper-asl-1.9.4.jar:/home/anatole/ycsb/core/target/dependency/javax.persistence-api-2.2.jar:/home/anatole/ycsb/core/target/dependency/jnvm-1.0-SNAPSHOT.jar:/home/anatole/ycsb/core/target/dependency/pcj-1.0.jar:/home/anatole/ycsb/core/target/dependency/unsafe-helper-1.0.jar:/home/anatole/ycsb/infinispan/src/main/conf:/home/anatole/ycsb/infinispan/target/infinispan-binding-0.18.0-SNAPSHOT.jar:/home/anatole/ycsb/infinispan/target/dependency/caffeine-2.6.2.jar:/home/anatole/ycsb/infinispan/target/dependency/gson-2.8.2.jar:/home/anatole/ycsb/infinispan/target/dependency/guava-18.0.jar:/home/anatole/ycsb/infinispan/target/dependency/infinispan-cachestore-jnvm-1.0-SNAPSHOT.jar:/home/anatole/ycsb/infinispan/target/dependency/infinispan-cachestore-pcj-1.0-SNAPSHOT.jar:/home/anatole/ycsb/infinispan/target/dependency/infinispan-client-hotrod-9.4.20.Final.jar:/home/anatole/ycsb/infinispan/target/dependency/infinispan-commons-9.4.20.Final.jar:/home/anatole/ycsb/infinispan/target/dependency/infinispan-core-9.4.20.Final.jar:/home/anatole/ycsb/infinispan/target/dependency/javax.persistence-api-2.2.jar:/home/anatole/ycsb/infinispan/target/dependency/jboss-logging-3.3.2.Final.jar:/home/anatole/ycsb/infinispan/target/dependency/jboss-marshalling-osgi-2.0.6.Final.jar:/home/anatole/ycsb/infinispan/target/dependency/jboss-transaction-api_1.2_spec-1.1.1.Final.jar:/home/anatole/ycsb/infinispan/target/dependency/jgroups-4.0.21.Final.jar:/home/anatole/ycsb/infinispan/target/dependency/jnvm-1.0-SNAPSHOT.jar:/home/anatole/ycsb/infinispan/target/dependency/metainf-services-1.7.jar:/home/anatole/ycsb/infinispan/target/dependency/netty-buffer-4.1.51.Final.jar:/home/anatole/ycsb/infinispan/target/dependency/netty-codec-4.1.51.Final.jar:/home/anatole/ycsb/infinispan/target/dependency/netty-common-4.1.51.Final.jar:/home/anatole/ycsb/infinispan/target/dependency/netty-handler-4.1.51.Final.jar:/home/anatole/ycsb/infinispan/target/dependency/netty-resolver-4.1.51.Final.jar:/home/anatole/ycsb/infinispan/target/dependency/netty-transport-4.1.51.Final.jar:/home/anatole/ycsb/infinispan/target/dependency/netty-transport-native-epoll-4.1.51.Final-linux-x86_64.jar:/home/anatole/ycsb/infinispan/target/dependency/netty-transport-native-unix-common-4.1.51.Final.jar:/home/anatole/ycsb/infinispan/target/dependency/pcj-1.0.jar:/home/anatole/ycsb/infinispan/target/dependency/reactive-streams-1.0.2.jar:/home/anatole/ycsb/infinispan/target/dependency/rxjava-2.2.4.jar:/home/anatole/ycsb/infinispan/target/dependency/unsafe-helper-1.0.jar site.ycsb.Client -t -db site.ycsb.db.InfinispanClient -P ../workloads/workloada -preload -s -threads 16 -p dataintegrity=true -p offheap=false -p pcj=false -p recordcount=1000000 -p operationcount=48000000 -p fieldcount=10 -p fieldlength=100 -p requestdistribution=zipfian -p measurement.trackjvm=true -p measurementtype=hdrhistogram -p hdrhistogram.output.path=./out/exp5.concurrent.ref/log/infinispan.run.workloada.true.1000000.100000.10.100.zipfian.16.false..default.default.none.r6.hdr.log
[OVERALL], RunTime(ms), 296099
[OVERALL], Throughput(ops/sec), 165485.19245252432
[TOTAL_GCS_G1_Young_Generation], Count, 151
[TOTAL_GC_TIME_G1_Young_Generation], Time(ms), 20569
[TOTAL_GC_TIME_%_G1_Young_Generation], Time(%), 6.946663109297904
[TOTAL_GCS_G1_Old_Generation], Count, 0
[TOTAL_GC_TIME_G1_Old_Generation], Time(ms), 0
[TOTAL_GC_TIME_%_G1_Old_Generation], Time(%), 0.0
[TOTAL_GCs], Count, 151
[TOTAL_GC_TIME], Time(ms), 20569
[TOTAL_GC_TIME_%], Time(%), 6.946663109297904
[MAX_MEM_USED], MBs, 12618
[MIN_MEM_USED], MBs, 74
[MAX_THREADS], Count, 48
[MIN_THREADS], Count, 2
[MAX_SYS_LOAD_AVG], Load, 16.84
[MIN_SYS_LOAD_AVG], Load, 14.86
[THREAD_COUNT], Operations, 31
[THREAD_COUNT], AverageLatency(ns), 43.54838709677419
[THREAD_COUNT], MinLatency(ns), 2
[THREAD_COUNT], MaxLatency(ns), 48
[THREAD_COUNT], 95thPercentileLatency(ns), 48
[THREAD_COUNT], 99thPercentileLatency(ns), 48
[SYS_LOAD_AVG], Operations, 31
[SYS_LOAD_AVG], AverageLatency(ns), 15.516129032258064
[SYS_LOAD_AVG], MinLatency(ns), 14
[SYS_LOAD_AVG], MaxLatency(ns), 16
[SYS_LOAD_AVG], 95thPercentileLatency(ns), 16
[SYS_LOAD_AVG], 99thPercentileLatency(ns), 16
[LOAD], Operations, 16
[LOAD], AverageLatency(ns), 1.313138688E10
[LOAD], MinLatency(ns), 12617252864
[LOAD], MaxLatency(ns), 13441695743
[LOAD], 95thPercentileLatency(ns), 13431078911
[LOAD], 99thPercentileLatency(ns), 13441695743
[USED_MEM_MB], Operations, 31
[USED_MEM_MB], AverageLatency(ns), 6394.4838709677415
[USED_MEM_MB], MinLatency(ns), 74
[USED_MEM_MB], MaxLatency(ns), 12618
[USED_MEM_MB], 95thPercentileLatency(ns), 10315
[USED_MEM_MB], 99thPercentileLatency(ns), 12618
[MAIN_GCs_Count], Operations, 16
[MAIN_GCs_Count], AverageLatency(ns), 131.25
[MAIN_GCs_Count], MinLatency(ns), 131
[MAIN_GCs_Count], MaxLatency(ns), 132
[MAIN_GCs_Count], 95thPercentileLatency(ns), 132
[MAIN_GCs_Count], 99thPercentileLatency(ns), 132
[MAIN_GCs_Time(ms)], Operations, 16
[MAIN_GCs_Time(ms)], AverageLatency(ns), 19610.5
[MAIN_GCs_Time(ms)], MinLatency(ns), 19570
[MAIN_GCs_Time(ms)], MaxLatency(ns), 19732
[MAIN_GCs_Time(ms)], 95thPercentileLatency(ns), 19732
[MAIN_GCs_Time(ms)], 99thPercentileLatency(ns), 19732
[TRANSACTION], Operations, 16
[TRANSACTION], AverageLatency(ns), 2.80066654208E11
[TRANSACTION], MinLatency(ns), 278623420416
[TRANSACTION], MaxLatency(ns), 281815285759
[TRANSACTION], 95thPercentileLatency(ns), 281517490175
[TRANSACTION], 99thPercentileLatency(ns), 281815285759
[GCS_TIME], Operations, 31
[GCS_TIME], AverageLatency(ns), 663.516129032258
[GCS_TIME], MinLatency(ns), 0
[GCS_TIME], MaxLatency(ns), 851
[GCS_TIME], 95thPercentileLatency(ns), 776
[GCS_TIME], 99thPercentileLatency(ns), 851
[LOAD_GCs_Time(ms)], Operations, 16
[LOAD_GCs_Time(ms)], AverageLatency(ns), 818.0
[LOAD_GCs_Time(ms)], MinLatency(ns), 818
[LOAD_GCs_Time(ms)], MaxLatency(ns), 818
[LOAD_GCs_Time(ms)], 95thPercentileLatency(ns), 818
[LOAD_GCs_Time(ms)], 99thPercentileLatency(ns), 818
[READ], Operations, 23997214
[READ], AverageLatency(ns), 50700.48753196934
[READ], MinLatency(ns), 203
[READ], MaxLatency(ns), 377702399
[READ], 95thPercentileLatency(ns), 143951
[READ], 99thPercentileLatency(ns), 199928
[READ], Return=OK, 23997214
[INIT], Operations, 16
[INIT], AverageLatency(ns), 6.49370368E8
[INIT], MinLatency(ns), 646811648
[INIT], MaxLatency(ns), 652963839
[INIT], 95thPercentileLatency(ns), 652853247
[INIT], 99thPercentileLatency(ns), 652963839
[GCS], Operations, 31
[GCS], AverageLatency(ns), 4.870967741935484
[GCS], MinLatency(ns), 0
[GCS], MaxLatency(ns), 18
[GCS], 95thPercentileLatency(ns), 6
[GCS], 99thPercentileLatency(ns), 18
[LOAD_GCs_Count], Operations, 16
[LOAD_GCs_Count], AverageLatency(ns), 18.0
[LOAD_GCs_Count], MinLatency(ns), 18
[LOAD_GCs_Count], MaxLatency(ns), 18
[LOAD_GCs_Count], 95thPercentileLatency(ns), 18
[LOAD_GCs_Count], 99thPercentileLatency(ns), 18
[CLEANUP], Operations, 16
[CLEANUP], AverageLatency(ns), 1.81424568E9
[CLEANUP], MinLatency(ns), 68500992
[CLEANUP], MaxLatency(ns), 3227303935
[CLEANUP], 95thPercentileLatency(ns), 3022094335
[CLEANUP], 99thPercentileLatency(ns), 3227303935
[INSERT], Operations, 1000000
[INSERT], AverageLatency(ns), 196101.520283
[INSERT], MinLatency(ns), 24840
[INSERT], MaxLatency(ns), 628084735
[INSERT], 95thPercentileLatency(ns), 208567
[INSERT], 99thPercentileLatency(ns), 320429
[INSERT], Return=OK, 1000000
[UPDATE], Operations, 24002786
[UPDATE], AverageLatency(ns), 131734.76508118684
[UPDATE], MinLatency(ns), 24757
[UPDATE], MaxLatency(ns), 378675199
[UPDATE], 95thPercentileLatency(ns), 243701
[UPDATE], 99thPercentileLatency(ns), 317647
[UPDATE], Return=OK, 24002786
