/home/anatole/jdk8u/build/linux-x86_64-normal-server-release/jdk/bin/java -Xmx20g -XX:+UseG1GC -classpath /home/anatole/ycsb/conf:/home/anatole/ycsb/core/target/core-0.18.0-SNAPSHOT.jar:/home/anatole/ycsb/core/target/dependency/HdrHistogram-2.1.4.jar:/home/anatole/ycsb/core/target/dependency/guava-18.0.jar:/home/anatole/ycsb/core/target/dependency/htrace-core4-4.1.0-incubating.jar:/home/anatole/ycsb/core/target/dependency/jackson-core-asl-1.9.4.jar:/home/anatole/ycsb/core/target/dependency/jackson-mapper-asl-1.9.4.jar:/home/anatole/ycsb/core/target/dependency/javax.persistence-api-2.2.jar:/home/anatole/ycsb/core/target/dependency/jnvm-1.0-SNAPSHOT.jar:/home/anatole/ycsb/core/target/dependency/pcj-1.0.jar:/home/anatole/ycsb/core/target/dependency/unsafe-helper-1.0.jar:/home/anatole/ycsb/infinispan/src/main/conf:/home/anatole/ycsb/infinispan/target/infinispan-binding-0.18.0-SNAPSHOT.jar:/home/anatole/ycsb/infinispan/target/dependency/caffeine-2.6.2.jar:/home/anatole/ycsb/infinispan/target/dependency/gson-2.8.2.jar:/home/anatole/ycsb/infinispan/target/dependency/guava-18.0.jar:/home/anatole/ycsb/infinispan/target/dependency/infinispan-cachestore-jnvm-1.0-SNAPSHOT.jar:/home/anatole/ycsb/infinispan/target/dependency/infinispan-cachestore-pcj-1.0-SNAPSHOT.jar:/home/anatole/ycsb/infinispan/target/dependency/infinispan-client-hotrod-9.4.20.Final.jar:/home/anatole/ycsb/infinispan/target/dependency/infinispan-commons-9.4.20.Final.jar:/home/anatole/ycsb/infinispan/target/dependency/infinispan-core-9.4.20.Final.jar:/home/anatole/ycsb/infinispan/target/dependency/javax.persistence-api-2.2.jar:/home/anatole/ycsb/infinispan/target/dependency/jboss-logging-3.3.2.Final.jar:/home/anatole/ycsb/infinispan/target/dependency/jboss-marshalling-osgi-2.0.6.Final.jar:/home/anatole/ycsb/infinispan/target/dependency/jboss-transaction-api_1.2_spec-1.1.1.Final.jar:/home/anatole/ycsb/infinispan/target/dependency/jgroups-4.0.21.Final.jar:/home/anatole/ycsb/infinispan/target/dependency/jnvm-1.0-SNAPSHOT.jar:/home/anatole/ycsb/infinispan/target/dependency/metainf-services-1.7.jar:/home/anatole/ycsb/infinispan/target/dependency/netty-buffer-4.1.51.Final.jar:/home/anatole/ycsb/infinispan/target/dependency/netty-codec-4.1.51.Final.jar:/home/anatole/ycsb/infinispan/target/dependency/netty-common-4.1.51.Final.jar:/home/anatole/ycsb/infinispan/target/dependency/netty-handler-4.1.51.Final.jar:/home/anatole/ycsb/infinispan/target/dependency/netty-resolver-4.1.51.Final.jar:/home/anatole/ycsb/infinispan/target/dependency/netty-transport-4.1.51.Final.jar:/home/anatole/ycsb/infinispan/target/dependency/netty-transport-native-epoll-4.1.51.Final-linux-x86_64.jar:/home/anatole/ycsb/infinispan/target/dependency/netty-transport-native-unix-common-4.1.51.Final.jar:/home/anatole/ycsb/infinispan/target/dependency/pcj-1.0.jar:/home/anatole/ycsb/infinispan/target/dependency/reactive-streams-1.0.2.jar:/home/anatole/ycsb/infinispan/target/dependency/rxjava-2.2.4.jar:/home/anatole/ycsb/infinispan/target/dependency/unsafe-helper-1.0.jar site.ycsb.Client -t -db site.ycsb.db.InfinispanClient -P ../workloads/workloada -preload -s -threads 12 -p dataintegrity=true -p offheap=false -p pcj=false -p recordcount=1000000 -p operationcount=60000000 -p fieldcount=10 -p fieldlength=100 -p requestdistribution=zipfian -p measurement.trackjvm=true -p measurementtype=hdrhistogram -p hdrhistogram.output.path=./out/exp5.concurrent.ref/log/infinispan.run.workloada.true.1000000.1000000.10.100.zipfian.12.false.true.default.default.volatile.r2.hdr.log
[OVERALL], RunTime(ms), 72264
[OVERALL], Throughput(ops/sec), 844127.0895605003
[TOTAL_GCS_G1_Young_Generation], Count, 164
[TOTAL_GC_TIME_G1_Young_Generation], Time(ms), 27716
[TOTAL_GC_TIME_%_G1_Young_Generation], Time(%), 38.353813793866934
[TOTAL_GCS_G1_Old_Generation], Count, 0
[TOTAL_GC_TIME_G1_Old_Generation], Time(ms), 0
[TOTAL_GC_TIME_%_G1_Old_Generation], Time(%), 0.0
[TOTAL_GCs], Count, 164
[TOTAL_GC_TIME], Time(ms), 27716
[TOTAL_GC_TIME_%], Time(%), 38.353813793866934
[MAX_MEM_USED], MBs, 9160
[MIN_MEM_USED], MBs, 64
[MAX_THREADS], Count, 43
[MIN_THREADS], Count, 4
[MAX_SYS_LOAD_AVG], Load, 22.54
[MIN_SYS_LOAD_AVG], Load, 18.1
[THREAD_COUNT], Operations, 9
[THREAD_COUNT], AverageLatency(ns), 35.44444444444444
[THREAD_COUNT], MinLatency(ns), 4
[THREAD_COUNT], MaxLatency(ns), 43
[THREAD_COUNT], 95thPercentileLatency(ns), 43
[THREAD_COUNT], 99thPercentileLatency(ns), 43
[SYS_LOAD_AVG], Operations, 9
[SYS_LOAD_AVG], AverageLatency(ns), 19.77777777777778
[SYS_LOAD_AVG], MinLatency(ns), 18
[SYS_LOAD_AVG], MaxLatency(ns), 22
[SYS_LOAD_AVG], 95thPercentileLatency(ns), 22
[SYS_LOAD_AVG], 99thPercentileLatency(ns), 22
[LOAD], Operations, 12
[LOAD], AverageLatency(ns), 5.452032682666667E9
[LOAD], MinLatency(ns), 5270798336
[LOAD], MaxLatency(ns), 5601820671
[LOAD], 95thPercentileLatency(ns), 5576458239
[LOAD], 99thPercentileLatency(ns), 5601820671
[USED_MEM_MB], Operations, 9
[USED_MEM_MB], AverageLatency(ns), 6727.666666666667
[USED_MEM_MB], MinLatency(ns), 64
[USED_MEM_MB], MaxLatency(ns), 9160
[USED_MEM_MB], 95thPercentileLatency(ns), 9160
[USED_MEM_MB], 99thPercentileLatency(ns), 9160
[MAIN_GCs_Count], Operations, 12
[MAIN_GCs_Count], AverageLatency(ns), 135.91666666666666
[MAIN_GCs_Count], MinLatency(ns), 134
[MAIN_GCs_Count], MaxLatency(ns), 138
[MAIN_GCs_Count], 95thPercentileLatency(ns), 138
[MAIN_GCs_Count], 99thPercentileLatency(ns), 138
[MAIN_GCs_Time(ms)], Operations, 12
[MAIN_GCs_Time(ms)], AverageLatency(ns), 25257.166666666668
[MAIN_GCs_Time(ms)], MinLatency(ns), 24948
[MAIN_GCs_Time(ms)], MaxLatency(ns), 25597
[MAIN_GCs_Time(ms)], 95thPercentileLatency(ns), 25597
[MAIN_GCs_Time(ms)], 99thPercentileLatency(ns), 25597
[TRANSACTION], Operations, 12
[TRANSACTION], AverageLatency(ns), 6.4173113344E10
[TRANSACTION], MinLatency(ns), 63163596800
[TRANSACTION], MaxLatency(ns), 65481736191
[TRANSACTION], 95thPercentileLatency(ns), 65165590527
[TRANSACTION], 99thPercentileLatency(ns), 65481736191
[GCS_TIME], Operations, 9
[GCS_TIME], AverageLatency(ns), 3079.5555555555557
[GCS_TIME], MinLatency(ns), 0
[GCS_TIME], MaxLatency(ns), 4938
[GCS_TIME], 95thPercentileLatency(ns), 4938
[GCS_TIME], 99thPercentileLatency(ns), 4938
[LOAD_GCs_Time(ms)], Operations, 12
[LOAD_GCs_Time(ms)], AverageLatency(ns), 2017.0
[LOAD_GCs_Time(ms)], MinLatency(ns), 1932
[LOAD_GCs_Time(ms)], MaxLatency(ns), 2102
[LOAD_GCs_Time(ms)], 95thPercentileLatency(ns), 2102
[LOAD_GCs_Time(ms)], 99thPercentileLatency(ns), 2102
[READ], Operations, 30000764
[READ], AverageLatency(ns), 6076.401750768747
[READ], MinLatency(ns), 202
[READ], MaxLatency(ns), 1258012671
[READ], 95thPercentileLatency(ns), 22339
[READ], 99thPercentileLatency(ns), 34236
[READ], Return=OK, 30000764
[INIT], Operations, 12
[INIT], AverageLatency(ns), 5.847067306666666E8
[INIT], MinLatency(ns), 582397952
[INIT], MaxLatency(ns), 587575295
[INIT], 95thPercentileLatency(ns), 587436031
[INIT], 99thPercentileLatency(ns), 587575295
[GCS], Operations, 9
[GCS], AverageLatency(ns), 18.22222222222222
[GCS], MinLatency(ns), 0
[GCS], MaxLatency(ns), 39
[GCS], 95thPercentileLatency(ns), 39
[GCS], 99thPercentileLatency(ns), 39
[LOAD_GCs_Count], Operations, 12
[LOAD_GCs_Count], AverageLatency(ns), 24.5
[LOAD_GCs_Count], MinLatency(ns), 24
[LOAD_GCs_Count], MaxLatency(ns), 25
[LOAD_GCs_Count], 95thPercentileLatency(ns), 25
[LOAD_GCs_Count], 99thPercentileLatency(ns), 25
[CLEANUP], Operations, 12
[CLEANUP], AverageLatency(ns), 1.7821551786666667E9
[CLEANUP], MinLatency(ns), 477491200
[CLEANUP], MaxLatency(ns), 2765504511
[CLEANUP], 95thPercentileLatency(ns), 2692759551
[CLEANUP], 99thPercentileLatency(ns), 2765504511
[INSERT], Operations, 1000000
[INSERT], AverageLatency(ns), 16605.90529
[INSERT], MinLatency(ns), 1250
[INSERT], MaxLatency(ns), 177931263
[INSERT], 95thPercentileLatency(ns), 19387
[INSERT], 99thPercentileLatency(ns), 50499
[INSERT], Return=OK, 1000000
[UPDATE], Operations, 29999236
[UPDATE], AverageLatency(ns), 12818.0133808741
[UPDATE], MinLatency(ns), 1225
[UPDATE], MaxLatency(ns), 1257873407
[UPDATE], 95thPercentileLatency(ns), 28202
[UPDATE], 99thPercentileLatency(ns), 44560
[UPDATE], Return=OK, 29999236
