/home/anatole/jdk8u/build/linux-x86_64-normal-server-release/jdk/bin/java -Xmx20g -XX:+UseG1GC -classpath /home/anatole/ycsb/conf:/home/anatole/ycsb/core/target/core-0.18.0-SNAPSHOT.jar:/home/anatole/ycsb/core/target/dependency/HdrHistogram-2.1.4.jar:/home/anatole/ycsb/core/target/dependency/guava-18.0.jar:/home/anatole/ycsb/core/target/dependency/htrace-core4-4.1.0-incubating.jar:/home/anatole/ycsb/core/target/dependency/jackson-core-asl-1.9.4.jar:/home/anatole/ycsb/core/target/dependency/jackson-mapper-asl-1.9.4.jar:/home/anatole/ycsb/core/target/dependency/javax.persistence-api-2.2.jar:/home/anatole/ycsb/core/target/dependency/jnvm-1.0-SNAPSHOT.jar:/home/anatole/ycsb/core/target/dependency/pcj-1.0.jar:/home/anatole/ycsb/core/target/dependency/unsafe-helper-1.0.jar:/home/anatole/ycsb/infinispan/src/main/conf:/home/anatole/ycsb/infinispan/target/infinispan-binding-0.18.0-SNAPSHOT.jar:/home/anatole/ycsb/infinispan/target/dependency/caffeine-2.6.2.jar:/home/anatole/ycsb/infinispan/target/dependency/gson-2.8.2.jar:/home/anatole/ycsb/infinispan/target/dependency/guava-18.0.jar:/home/anatole/ycsb/infinispan/target/dependency/infinispan-cachestore-jnvm-1.0-SNAPSHOT.jar:/home/anatole/ycsb/infinispan/target/dependency/infinispan-cachestore-pcj-1.0-SNAPSHOT.jar:/home/anatole/ycsb/infinispan/target/dependency/infinispan-client-hotrod-9.4.20.Final.jar:/home/anatole/ycsb/infinispan/target/dependency/infinispan-commons-9.4.20.Final.jar:/home/anatole/ycsb/infinispan/target/dependency/infinispan-core-9.4.20.Final.jar:/home/anatole/ycsb/infinispan/target/dependency/javax.persistence-api-2.2.jar:/home/anatole/ycsb/infinispan/target/dependency/jboss-logging-3.3.2.Final.jar:/home/anatole/ycsb/infinispan/target/dependency/jboss-marshalling-osgi-2.0.6.Final.jar:/home/anatole/ycsb/infinispan/target/dependency/jboss-transaction-api_1.2_spec-1.1.1.Final.jar:/home/anatole/ycsb/infinispan/target/dependency/jgroups-4.0.21.Final.jar:/home/anatole/ycsb/infinispan/target/dependency/jnvm-1.0-SNAPSHOT.jar:/home/anatole/ycsb/infinispan/target/dependency/metainf-services-1.7.jar:/home/anatole/ycsb/infinispan/target/dependency/netty-buffer-4.1.51.Final.jar:/home/anatole/ycsb/infinispan/target/dependency/netty-codec-4.1.51.Final.jar:/home/anatole/ycsb/infinispan/target/dependency/netty-common-4.1.51.Final.jar:/home/anatole/ycsb/infinispan/target/dependency/netty-handler-4.1.51.Final.jar:/home/anatole/ycsb/infinispan/target/dependency/netty-resolver-4.1.51.Final.jar:/home/anatole/ycsb/infinispan/target/dependency/netty-transport-4.1.51.Final.jar:/home/anatole/ycsb/infinispan/target/dependency/netty-transport-native-epoll-4.1.51.Final-linux-x86_64.jar:/home/anatole/ycsb/infinispan/target/dependency/netty-transport-native-unix-common-4.1.51.Final.jar:/home/anatole/ycsb/infinispan/target/dependency/pcj-1.0.jar:/home/anatole/ycsb/infinispan/target/dependency/reactive-streams-1.0.2.jar:/home/anatole/ycsb/infinispan/target/dependency/rxjava-2.2.4.jar:/home/anatole/ycsb/infinispan/target/dependency/unsafe-helper-1.0.jar site.ycsb.Client -t -db site.ycsb.db.InfinispanClient -P ../workloads/workloada -preload -s -threads 40 -p dataintegrity=true -p offheap=false -p pcj=false -p recordcount=1000000 -p operationcount=60000000 -p fieldcount=10 -p fieldlength=100 -p requestdistribution=zipfian -p measurement.trackjvm=true -p measurementtype=hdrhistogram -p hdrhistogram.output.path=./out/exp5.concurrent.ref/log/infinispan.run.workloada.true.1000000.100000.10.100.zipfian.40.false..default.default.none.r6.hdr.log
[OVERALL], RunTime(ms), 423053
[OVERALL], Throughput(ops/sec), 144189.97146929582
[TOTAL_GCS_G1_Young_Generation], Count, 213
[TOTAL_GC_TIME_G1_Young_Generation], Time(ms), 28572
[TOTAL_GC_TIME_%_G1_Young_Generation], Time(%), 6.753763712820852
[TOTAL_GCS_G1_Old_Generation], Count, 0
[TOTAL_GC_TIME_G1_Old_Generation], Time(ms), 0
[TOTAL_GC_TIME_%_G1_Old_Generation], Time(%), 0.0
[TOTAL_GCs], Count, 213
[TOTAL_GC_TIME], Time(ms), 28572
[TOTAL_GC_TIME_%], Time(%), 6.753763712820852
[MAX_MEM_USED], MBs, 12220
[MIN_MEM_USED], MBs, 104
[MAX_THREADS], Count, 72
[MIN_THREADS], Count, 2
[MAX_SYS_LOAD_AVG], Load, 29.35
[MIN_SYS_LOAD_AVG], Load, 24.36
[THREAD_COUNT], Operations, 44
[THREAD_COUNT], AverageLatency(ns), 67.72727272727273
[THREAD_COUNT], MinLatency(ns), 2
[THREAD_COUNT], MaxLatency(ns), 72
[THREAD_COUNT], 95thPercentileLatency(ns), 72
[THREAD_COUNT], 99thPercentileLatency(ns), 72
[SYS_LOAD_AVG], Operations, 44
[SYS_LOAD_AVG], AverageLatency(ns), 26.363636363636363
[SYS_LOAD_AVG], MinLatency(ns), 24
[SYS_LOAD_AVG], MaxLatency(ns), 29
[SYS_LOAD_AVG], 95thPercentileLatency(ns), 29
[SYS_LOAD_AVG], 99thPercentileLatency(ns), 29
[LOAD], Operations, 40
[LOAD], AverageLatency(ns), 1.2882944E10
[LOAD], MinLatency(ns), 10442244096
[LOAD], MaxLatency(ns), 14142406655
[LOAD], 95thPercentileLatency(ns), 14091091967
[LOAD], 99thPercentileLatency(ns), 14142406655
[USED_MEM_MB], Operations, 44
[USED_MEM_MB], AverageLatency(ns), 6791.909090909091
[USED_MEM_MB], MinLatency(ns), 104
[USED_MEM_MB], MaxLatency(ns), 12220
[USED_MEM_MB], 95thPercentileLatency(ns), 11918
[USED_MEM_MB], 99thPercentileLatency(ns), 12220
[MAIN_GCs_Count], Operations, 40
[MAIN_GCs_Count], AverageLatency(ns), 191.625
[MAIN_GCs_Count], MinLatency(ns), 189
[MAIN_GCs_Count], MaxLatency(ns), 194
[MAIN_GCs_Count], 95thPercentileLatency(ns), 194
[MAIN_GCs_Count], 99thPercentileLatency(ns), 194
[MAIN_GCs_Time(ms)], Operations, 40
[MAIN_GCs_Time(ms)], AverageLatency(ns), 27536.15
[MAIN_GCs_Time(ms)], MinLatency(ns), 27206
[MAIN_GCs_Time(ms)], MaxLatency(ns), 27770
[MAIN_GCs_Time(ms)], 95thPercentileLatency(ns), 27770
[MAIN_GCs_Time(ms)], 99thPercentileLatency(ns), 27770
[TRANSACTION], Operations, 40
[TRANSACTION], AverageLatency(ns), 4.071144030208E11
[TRANSACTION], MinLatency(ns), 405429813248
[TRANSACTION], MaxLatency(ns), 408057544703
[TRANSACTION], 95thPercentileLatency(ns), 407965270015
[TRANSACTION], 99thPercentileLatency(ns), 408057544703
[GCS_TIME], Operations, 44
[GCS_TIME], AverageLatency(ns), 649.3636363636364
[GCS_TIME], MinLatency(ns), 0
[GCS_TIME], MaxLatency(ns), 929
[GCS_TIME], 95thPercentileLatency(ns), 885
[GCS_TIME], 99thPercentileLatency(ns), 929
[LOAD_GCs_Time(ms)], Operations, 40
[LOAD_GCs_Time(ms)], AverageLatency(ns), 754.3
[LOAD_GCs_Time(ms)], MinLatency(ns), 706
[LOAD_GCs_Time(ms)], MaxLatency(ns), 775
[LOAD_GCs_Time(ms)], 95thPercentileLatency(ns), 775
[LOAD_GCs_Time(ms)], 99thPercentileLatency(ns), 775
[READ], Operations, 30001489
[READ], AverageLatency(ns), 201220.41140651386
[READ], MinLatency(ns), 211
[READ], MaxLatency(ns), 387481599
[READ], 95thPercentileLatency(ns), 669755
[READ], 99thPercentileLatency(ns), 895007
[READ], Return=OK, 30001489
[INIT], Operations, 40
[INIT], AverageLatency(ns), 5.951613952E8
[INIT], MinLatency(ns), 586448896
[INIT], MaxLatency(ns), 625119231
[INIT], 95thPercentileLatency(ns), 602255359
[INIT], 99thPercentileLatency(ns), 625119231
[GCS], Operations, 44
[GCS], AverageLatency(ns), 4.840909090909091
[GCS], MinLatency(ns), 0
[GCS], MaxLatency(ns), 18
[GCS], 95thPercentileLatency(ns), 6
[GCS], 99thPercentileLatency(ns), 18
[LOAD_GCs_Count], Operations, 40
[LOAD_GCs_Count], AverageLatency(ns), 16.7
[LOAD_GCs_Count], MinLatency(ns), 16
[LOAD_GCs_Count], MaxLatency(ns), 17
[LOAD_GCs_Count], 95thPercentileLatency(ns), 17
[LOAD_GCs_Count], 99thPercentileLatency(ns), 17
[CLEANUP], Operations, 40
[CLEANUP], AverageLatency(ns), 1.0016577888E9
[CLEANUP], MinLatency(ns), 59193856
[CLEANUP], MaxLatency(ns), 2667282431
[CLEANUP], 95thPercentileLatency(ns), 2191409151
[CLEANUP], 99thPercentileLatency(ns), 2667282431
[INSERT], Operations, 1000000
[INSERT], AverageLatency(ns), 496991.633855
[INSERT], MinLatency(ns), 24660
[INSERT], MaxLatency(ns), 993304575
[INSERT], 95thPercentileLatency(ns), 545659
[INSERT], 99thPercentileLatency(ns), 751227
[INSERT], Return=OK, 1000000
[UPDATE], Operations, 29998511
[UPDATE], AverageLatency(ns), 334090.72528476495
[UPDATE], MinLatency(ns), 24389
[UPDATE], MaxLatency(ns), 387121151
[UPDATE], 95thPercentileLatency(ns), 818107
[UPDATE], 99thPercentileLatency(ns), 1071079
[UPDATE], Return=OK, 29998511
