/home/anatole/jdk8u/build/linux-x86_64-normal-server-release/jdk/bin/java -Xmx20g -XX:+UseG1GC -classpath /home/anatole/ycsb/conf:/home/anatole/ycsb/core/target/core-0.18.0-SNAPSHOT.jar:/home/anatole/ycsb/core/target/dependency/HdrHistogram-2.1.4.jar:/home/anatole/ycsb/core/target/dependency/guava-18.0.jar:/home/anatole/ycsb/core/target/dependency/htrace-core4-4.1.0-incubating.jar:/home/anatole/ycsb/core/target/dependency/jackson-core-asl-1.9.4.jar:/home/anatole/ycsb/core/target/dependency/jackson-mapper-asl-1.9.4.jar:/home/anatole/ycsb/core/target/dependency/javax.persistence-api-2.2.jar:/home/anatole/ycsb/core/target/dependency/jnvm-1.0-SNAPSHOT.jar:/home/anatole/ycsb/core/target/dependency/pcj-1.0.jar:/home/anatole/ycsb/core/target/dependency/unsafe-helper-1.0.jar:/home/anatole/ycsb/infinispan/src/main/conf:/home/anatole/ycsb/infinispan/target/infinispan-binding-0.18.0-SNAPSHOT.jar:/home/anatole/ycsb/infinispan/target/dependency/caffeine-2.6.2.jar:/home/anatole/ycsb/infinispan/target/dependency/gson-2.8.2.jar:/home/anatole/ycsb/infinispan/target/dependency/guava-18.0.jar:/home/anatole/ycsb/infinispan/target/dependency/infinispan-cachestore-jnvm-1.0-SNAPSHOT.jar:/home/anatole/ycsb/infinispan/target/dependency/infinispan-cachestore-pcj-1.0-SNAPSHOT.jar:/home/anatole/ycsb/infinispan/target/dependency/infinispan-client-hotrod-9.4.20.Final.jar:/home/anatole/ycsb/infinispan/target/dependency/infinispan-commons-9.4.20.Final.jar:/home/anatole/ycsb/infinispan/target/dependency/infinispan-core-9.4.20.Final.jar:/home/anatole/ycsb/infinispan/target/dependency/javax.persistence-api-2.2.jar:/home/anatole/ycsb/infinispan/target/dependency/jboss-logging-3.3.2.Final.jar:/home/anatole/ycsb/infinispan/target/dependency/jboss-marshalling-osgi-2.0.6.Final.jar:/home/anatole/ycsb/infinispan/target/dependency/jboss-transaction-api_1.2_spec-1.1.1.Final.jar:/home/anatole/ycsb/infinispan/target/dependency/jgroups-4.0.21.Final.jar:/home/anatole/ycsb/infinispan/target/dependency/jnvm-1.0-SNAPSHOT.jar:/home/anatole/ycsb/infinispan/target/dependency/metainf-services-1.7.jar:/home/anatole/ycsb/infinispan/target/dependency/netty-buffer-4.1.51.Final.jar:/home/anatole/ycsb/infinispan/target/dependency/netty-codec-4.1.51.Final.jar:/home/anatole/ycsb/infinispan/target/dependency/netty-common-4.1.51.Final.jar:/home/anatole/ycsb/infinispan/target/dependency/netty-handler-4.1.51.Final.jar:/home/anatole/ycsb/infinispan/target/dependency/netty-resolver-4.1.51.Final.jar:/home/anatole/ycsb/infinispan/target/dependency/netty-transport-4.1.51.Final.jar:/home/anatole/ycsb/infinispan/target/dependency/netty-transport-native-epoll-4.1.51.Final-linux-x86_64.jar:/home/anatole/ycsb/infinispan/target/dependency/netty-transport-native-unix-common-4.1.51.Final.jar:/home/anatole/ycsb/infinispan/target/dependency/pcj-1.0.jar:/home/anatole/ycsb/infinispan/target/dependency/reactive-streams-1.0.2.jar:/home/anatole/ycsb/infinispan/target/dependency/rxjava-2.2.4.jar:/home/anatole/ycsb/infinispan/target/dependency/unsafe-helper-1.0.jar site.ycsb.Client -t -db site.ycsb.db.InfinispanClient -P ../workloads/workloadc -preload -s -threads 28 -p dataintegrity=true -p offheap=false -p pcj=false -p recordcount=1000000 -p operationcount=60000000 -p fieldcount=10 -p fieldlength=100 -p requestdistribution=zipfian -p measurement.trackjvm=true -p measurementtype=hdrhistogram -p hdrhistogram.output.path=./out/exp5.concurrent.ref/log/infinispan.run.workloadc.true.1000000.1000000.10.100.zipfian.28.true..default.default.none.r5.hdr.log
[OVERALL], RunTime(ms), 77090
[OVERALL], Throughput(ops/sec), 791282.9160721235
[TOTAL_GCS_G1_Young_Generation], Count, 34
[TOTAL_GC_TIME_G1_Young_Generation], Time(ms), 2489
[TOTAL_GC_TIME_%_G1_Young_Generation], Time(%), 3.228693734595927
[TOTAL_GCS_G1_Old_Generation], Count, 0
[TOTAL_GC_TIME_G1_Old_Generation], Time(ms), 0
[TOTAL_GC_TIME_%_G1_Old_Generation], Time(%), 0.0
[TOTAL_GCs], Count, 34
[TOTAL_GC_TIME], Time(ms), 2489
[TOTAL_GC_TIME_%], Time(%), 3.228693734595927
[MAX_MEM_USED], MBs, 16034
[MIN_MEM_USED], MBs, 90
[MAX_THREADS], Count, 34
[MIN_THREADS], Count, 3
[MAX_SYS_LOAD_AVG], Load, 10.17
[MIN_SYS_LOAD_AVG], Load, 8.44
[THREAD_COUNT], Operations, 9
[THREAD_COUNT], AverageLatency(ns), 30.11111111111111
[THREAD_COUNT], MinLatency(ns), 3
[THREAD_COUNT], MaxLatency(ns), 34
[THREAD_COUNT], 95thPercentileLatency(ns), 34
[THREAD_COUNT], 99thPercentileLatency(ns), 34
[SYS_LOAD_AVG], Operations, 9
[SYS_LOAD_AVG], AverageLatency(ns), 8.666666666666666
[SYS_LOAD_AVG], MinLatency(ns), 8
[SYS_LOAD_AVG], MaxLatency(ns), 10
[SYS_LOAD_AVG], 95thPercentileLatency(ns), 10
[SYS_LOAD_AVG], 99thPercentileLatency(ns), 10
[LOAD], Operations, 28
[LOAD], AverageLatency(ns), 6.431953481142858E9
[LOAD], MinLatency(ns), 5873598464
[LOAD], MaxLatency(ns), 6735462399
[LOAD], 95thPercentileLatency(ns), 6691422207
[LOAD], 99thPercentileLatency(ns), 6735462399
[USED_MEM_MB], Operations, 9
[USED_MEM_MB], AverageLatency(ns), 7785.0
[USED_MEM_MB], MinLatency(ns), 90
[USED_MEM_MB], MaxLatency(ns), 16034
[USED_MEM_MB], 95thPercentileLatency(ns), 16034
[USED_MEM_MB], 99thPercentileLatency(ns), 16034
[MAIN_GCs_Count], Operations, 28
[MAIN_GCs_Count], AverageLatency(ns), 10.0
[MAIN_GCs_Count], MinLatency(ns), 10
[MAIN_GCs_Count], MaxLatency(ns), 10
[MAIN_GCs_Count], 95thPercentileLatency(ns), 10
[MAIN_GCs_Count], 99thPercentileLatency(ns), 10
[MAIN_GCs_Time(ms)], Operations, 28
[MAIN_GCs_Time(ms)], AverageLatency(ns), 334.0
[MAIN_GCs_Time(ms)], MinLatency(ns), 334
[MAIN_GCs_Time(ms)], MaxLatency(ns), 334
[MAIN_GCs_Time(ms)], 95thPercentileLatency(ns), 334
[MAIN_GCs_Time(ms)], 99thPercentileLatency(ns), 334
[TRANSACTION], Operations, 28
[TRANSACTION], AverageLatency(ns), 6.866581679542857E10
[TRANSACTION], MinLatency(ns), 68193353728
[TRANSACTION], MaxLatency(ns), 69071273983
[TRANSACTION], 95thPercentileLatency(ns), 68974280703
[TRANSACTION], 99thPercentileLatency(ns), 69071273983
[GCS_TIME], Operations, 9
[GCS_TIME], AverageLatency(ns), 276.55555555555554
[GCS_TIME], MinLatency(ns), 0
[GCS_TIME], MaxLatency(ns), 2359
[GCS_TIME], 95thPercentileLatency(ns), 2359
[GCS_TIME], 99thPercentileLatency(ns), 2359
[LOAD_GCs_Time(ms)], Operations, 28
[LOAD_GCs_Time(ms)], AverageLatency(ns), 2036.357142857143
[LOAD_GCs_Time(ms)], MinLatency(ns), 1797
[LOAD_GCs_Time(ms)], MaxLatency(ns), 2125
[LOAD_GCs_Time(ms)], 95thPercentileLatency(ns), 2125
[LOAD_GCs_Time(ms)], 99thPercentileLatency(ns), 2125
[READ], Operations, 60000000
[READ], AverageLatency(ns), 28955.209316133332
[READ], MinLatency(ns), 202
[READ], MaxLatency(ns), 150640639
[READ], 95thPercentileLatency(ns), 249286
[READ], 99thPercentileLatency(ns), 278185
[READ], Return=OK, 60000000
[INIT], Operations, 28
[INIT], AverageLatency(ns), 6.30110208E8
[INIT], MinLatency(ns), 624390144
[INIT], MaxLatency(ns), 636837887
[INIT], 95thPercentileLatency(ns), 636145663
[INIT], 99thPercentileLatency(ns), 636837887
[GCS], Operations, 9
[GCS], AverageLatency(ns), 3.7777777777777777
[GCS], MinLatency(ns), 0
[GCS], MaxLatency(ns), 26
[GCS], 95thPercentileLatency(ns), 26
[GCS], 99thPercentileLatency(ns), 26
[LOAD_GCs_Count], Operations, 28
[LOAD_GCs_Count], AverageLatency(ns), 21.464285714285715
[LOAD_GCs_Count], MinLatency(ns), 20
[LOAD_GCs_Count], MaxLatency(ns), 22
[LOAD_GCs_Count], 95thPercentileLatency(ns), 22
[LOAD_GCs_Count], 99thPercentileLatency(ns), 22
[CLEANUP], Operations, 28
[CLEANUP], AverageLatency(ns), 9.09330176E8
[CLEANUP], MinLatency(ns), 514603008
[CLEANUP], MaxLatency(ns), 1358159871
[CLEANUP], 95thPercentileLatency(ns), 1358135295
[CLEANUP], 99thPercentileLatency(ns), 1358159871
[INSERT], Operations, 1000000
[INSERT], AverageLatency(ns), 95840.028103
[INSERT], MinLatency(ns), 1841
[INSERT], MaxLatency(ns), 495067135
[INSERT], 95thPercentileLatency(ns), 80333
[INSERT], 99thPercentileLatency(ns), 218424
[INSERT], Return=OK, 1000000
