/home/anatole/jdk8u/build/linux-x86_64-normal-server-release/jdk/bin/java -Xmx20g -XX:+UseG1GC -classpath /home/anatole/ycsb/conf:/home/anatole/ycsb/core/target/core-0.18.0-SNAPSHOT.jar:/home/anatole/ycsb/core/target/dependency/HdrHistogram-2.1.4.jar:/home/anatole/ycsb/core/target/dependency/guava-18.0.jar:/home/anatole/ycsb/core/target/dependency/htrace-core4-4.1.0-incubating.jar:/home/anatole/ycsb/core/target/dependency/jackson-core-asl-1.9.4.jar:/home/anatole/ycsb/core/target/dependency/jackson-mapper-asl-1.9.4.jar:/home/anatole/ycsb/core/target/dependency/javax.persistence-api-2.2.jar:/home/anatole/ycsb/core/target/dependency/jnvm-1.0-SNAPSHOT.jar:/home/anatole/ycsb/core/target/dependency/pcj-1.0.jar:/home/anatole/ycsb/core/target/dependency/unsafe-helper-1.0.jar:/home/anatole/ycsb/infinispan/src/main/conf:/home/anatole/ycsb/infinispan/target/infinispan-binding-0.18.0-SNAPSHOT.jar:/home/anatole/ycsb/infinispan/target/dependency/caffeine-2.6.2.jar:/home/anatole/ycsb/infinispan/target/dependency/gson-2.8.2.jar:/home/anatole/ycsb/infinispan/target/dependency/guava-18.0.jar:/home/anatole/ycsb/infinispan/target/dependency/infinispan-cachestore-jnvm-1.0-SNAPSHOT.jar:/home/anatole/ycsb/infinispan/target/dependency/infinispan-cachestore-pcj-1.0-SNAPSHOT.jar:/home/anatole/ycsb/infinispan/target/dependency/infinispan-client-hotrod-9.4.20.Final.jar:/home/anatole/ycsb/infinispan/target/dependency/infinispan-commons-9.4.20.Final.jar:/home/anatole/ycsb/infinispan/target/dependency/infinispan-core-9.4.20.Final.jar:/home/anatole/ycsb/infinispan/target/dependency/javax.persistence-api-2.2.jar:/home/anatole/ycsb/infinispan/target/dependency/jboss-logging-3.3.2.Final.jar:/home/anatole/ycsb/infinispan/target/dependency/jboss-marshalling-osgi-2.0.6.Final.jar:/home/anatole/ycsb/infinispan/target/dependency/jboss-transaction-api_1.2_spec-1.1.1.Final.jar:/home/anatole/ycsb/infinispan/target/dependency/jgroups-4.0.21.Final.jar:/home/anatole/ycsb/infinispan/target/dependency/jnvm-1.0-SNAPSHOT.jar:/home/anatole/ycsb/infinispan/target/dependency/metainf-services-1.7.jar:/home/anatole/ycsb/infinispan/target/dependency/netty-buffer-4.1.51.Final.jar:/home/anatole/ycsb/infinispan/target/dependency/netty-codec-4.1.51.Final.jar:/home/anatole/ycsb/infinispan/target/dependency/netty-common-4.1.51.Final.jar:/home/anatole/ycsb/infinispan/target/dependency/netty-handler-4.1.51.Final.jar:/home/anatole/ycsb/infinispan/target/dependency/netty-resolver-4.1.51.Final.jar:/home/anatole/ycsb/infinispan/target/dependency/netty-transport-4.1.51.Final.jar:/home/anatole/ycsb/infinispan/target/dependency/netty-transport-native-epoll-4.1.51.Final-linux-x86_64.jar:/home/anatole/ycsb/infinispan/target/dependency/netty-transport-native-unix-common-4.1.51.Final.jar:/home/anatole/ycsb/infinispan/target/dependency/pcj-1.0.jar:/home/anatole/ycsb/infinispan/target/dependency/reactive-streams-1.0.2.jar:/home/anatole/ycsb/infinispan/target/dependency/rxjava-2.2.4.jar:/home/anatole/ycsb/infinispan/target/dependency/unsafe-helper-1.0.jar site.ycsb.Client -t -db site.ycsb.db.InfinispanClient -P ../workloads/workloada -preload -s -threads 24 -p dataintegrity=true -p offheap=false -p pcj=false -p recordcount=1000000 -p operationcount=60000000 -p fieldcount=10 -p fieldlength=100 -p requestdistribution=zipfian -p measurement.trackjvm=true -p measurementtype=hdrhistogram -p hdrhistogram.output.path=./out/exp5.concurrent.ref/log/infinispan.run.workloada.true.1000000.100000.10.100.zipfian.24.false..default.default.none.r1.hdr.log
[OVERALL], RunTime(ms), 387715
[OVERALL], Throughput(ops/sec), 157332.06092103737
[TOTAL_GCS_G1_Young_Generation], Count, 193
[TOTAL_GC_TIME_G1_Young_Generation], Time(ms), 26515
[TOTAL_GC_TIME_%_G1_Young_Generation], Time(%), 6.838786221838205
[TOTAL_GCS_G1_Old_Generation], Count, 0
[TOTAL_GC_TIME_G1_Old_Generation], Time(ms), 0
[TOTAL_GC_TIME_%_G1_Old_Generation], Time(%), 0.0
[TOTAL_GCs], Count, 193
[TOTAL_GC_TIME], Time(ms), 26515
[TOTAL_GC_TIME_%], Time(%), 6.838786221838205
[MAX_MEM_USED], MBs, 11871
[MIN_MEM_USED], MBs, 82
[MAX_THREADS], Count, 56
[MIN_THREADS], Count, 2
[MAX_SYS_LOAD_AVG], Load, 22.34
[MIN_SYS_LOAD_AVG], Load, 9.48
[THREAD_COUNT], Operations, 40
[THREAD_COUNT], AverageLatency(ns), 51.9
[THREAD_COUNT], MinLatency(ns), 2
[THREAD_COUNT], MaxLatency(ns), 56
[THREAD_COUNT], 95thPercentileLatency(ns), 56
[THREAD_COUNT], 99thPercentileLatency(ns), 56
[SYS_LOAD_AVG], Operations, 40
[SYS_LOAD_AVG], AverageLatency(ns), 18.35
[SYS_LOAD_AVG], MinLatency(ns), 9
[SYS_LOAD_AVG], MaxLatency(ns), 22
[SYS_LOAD_AVG], 95thPercentileLatency(ns), 22
[SYS_LOAD_AVG], 99thPercentileLatency(ns), 22
[LOAD], Operations, 24
[LOAD], AverageLatency(ns), 1.2933125461333334E10
[LOAD], MinLatency(ns), 11497635840
[LOAD], MaxLatency(ns), 13960544255
[LOAD], 95thPercentileLatency(ns), 13590527999
[LOAD], 99thPercentileLatency(ns), 13960544255
[USED_MEM_MB], Operations, 40
[USED_MEM_MB], AverageLatency(ns), 6560.35
[USED_MEM_MB], MinLatency(ns), 82
[USED_MEM_MB], MaxLatency(ns), 11871
[USED_MEM_MB], 95thPercentileLatency(ns), 11681
[USED_MEM_MB], 99thPercentileLatency(ns), 11871
[MAIN_GCs_Count], Operations, 24
[MAIN_GCs_Count], AverageLatency(ns), 173.95833333333334
[MAIN_GCs_Count], MinLatency(ns), 173
[MAIN_GCs_Count], MaxLatency(ns), 174
[MAIN_GCs_Count], 95thPercentileLatency(ns), 174
[MAIN_GCs_Count], 99thPercentileLatency(ns), 174
[MAIN_GCs_Time(ms)], Operations, 24
[MAIN_GCs_Time(ms)], AverageLatency(ns), 25654.708333333332
[MAIN_GCs_Time(ms)], MinLatency(ns), 25510
[MAIN_GCs_Time(ms)], MaxLatency(ns), 25661
[MAIN_GCs_Time(ms)], 95thPercentileLatency(ns), 25661
[MAIN_GCs_Time(ms)], 99thPercentileLatency(ns), 25661
[TRANSACTION], Operations, 24
[TRANSACTION], AverageLatency(ns), 3.720537265493333E11
[TRANSACTION], MinLatency(ns), 370776473600
[TRANSACTION], MaxLatency(ns), 372911374335
[TRANSACTION], 95thPercentileLatency(ns), 372844265471
[TRANSACTION], 99thPercentileLatency(ns), 372911374335
[GCS_TIME], Operations, 40
[GCS_TIME], AverageLatency(ns), 662.875
[GCS_TIME], MinLatency(ns), 0
[GCS_TIME], MaxLatency(ns), 890
[GCS_TIME], 95thPercentileLatency(ns), 849
[GCS_TIME], 99thPercentileLatency(ns), 890
[LOAD_GCs_Time(ms)], Operations, 24
[LOAD_GCs_Time(ms)], AverageLatency(ns), 819.0
[LOAD_GCs_Time(ms)], MinLatency(ns), 819
[LOAD_GCs_Time(ms)], MaxLatency(ns), 819
[LOAD_GCs_Time(ms)], 95thPercentileLatency(ns), 819
[LOAD_GCs_Time(ms)], 99thPercentileLatency(ns), 819
[READ], Operations, 30004548
[READ], AverageLatency(ns), 100259.01780366764
[READ], MinLatency(ns), 169
[READ], MaxLatency(ns), 417462271
[READ], 95thPercentileLatency(ns), 323187
[READ], 99thPercentileLatency(ns), 412741
[READ], Return=OK, 30004548
[INIT], Operations, 24
[INIT], AverageLatency(ns), 6.312832E8
[INIT], MinLatency(ns), 626540544
[INIT], MaxLatency(ns), 637161471
[INIT], 95thPercentileLatency(ns), 636395519
[INIT], 99thPercentileLatency(ns), 637161471
[GCS], Operations, 40
[GCS], AverageLatency(ns), 4.825
[GCS], MinLatency(ns), 0
[GCS], MaxLatency(ns), 18
[GCS], 95thPercentileLatency(ns), 6
[GCS], 99thPercentileLatency(ns), 18
[LOAD_GCs_Count], Operations, 24
[LOAD_GCs_Count], AverageLatency(ns), 17.0
[LOAD_GCs_Count], MinLatency(ns), 17
[LOAD_GCs_Count], MaxLatency(ns), 17
[LOAD_GCs_Count], 95thPercentileLatency(ns), 17
[LOAD_GCs_Count], 99thPercentileLatency(ns), 17
[CLEANUP], Operations, 24
[CLEANUP], AverageLatency(ns), 9.225091786666666E8
[CLEANUP], MinLatency(ns), 65908736
[CLEANUP], MaxLatency(ns), 2181890047
[CLEANUP], 95thPercentileLatency(ns), 1668628479
[CLEANUP], 99thPercentileLatency(ns), 2181890047
[INSERT], Operations, 1000000
[INSERT], AverageLatency(ns), 295610.540011
[INSERT], MinLatency(ns), 23146
[INSERT], MaxLatency(ns), 1090527231
[INSERT], 95thPercentileLatency(ns), 324067
[INSERT], 99thPercentileLatency(ns), 499375
[INSERT], Return=OK, 1000000
[UPDATE], Operations, 29995452
[UPDATE], AverageLatency(ns), 192334.199133622
[UPDATE], MinLatency(ns), 23217
[UPDATE], MaxLatency(ns), 417531903
[UPDATE], 95thPercentileLatency(ns), 423199
[UPDATE], 99thPercentileLatency(ns), 538135
[UPDATE], Return=OK, 29995452
