/home/anatole/jdk8u/build/linux-x86_64-normal-server-release/jdk/bin/java -Xmx20g -XX:+UseG1GC -classpath /home/anatole/ycsb/conf:/home/anatole/ycsb/core/target/core-0.18.0-SNAPSHOT.jar:/home/anatole/ycsb/core/target/dependency/HdrHistogram-2.1.4.jar:/home/anatole/ycsb/core/target/dependency/guava-18.0.jar:/home/anatole/ycsb/core/target/dependency/htrace-core4-4.1.0-incubating.jar:/home/anatole/ycsb/core/target/dependency/jackson-core-asl-1.9.4.jar:/home/anatole/ycsb/core/target/dependency/jackson-mapper-asl-1.9.4.jar:/home/anatole/ycsb/core/target/dependency/javax.persistence-api-2.2.jar:/home/anatole/ycsb/core/target/dependency/jnvm-1.0-SNAPSHOT.jar:/home/anatole/ycsb/core/target/dependency/pcj-1.0.jar:/home/anatole/ycsb/core/target/dependency/unsafe-helper-1.0.jar:/home/anatole/ycsb/infinispan/src/main/conf:/home/anatole/ycsb/infinispan/target/infinispan-binding-0.18.0-SNAPSHOT.jar:/home/anatole/ycsb/infinispan/target/dependency/caffeine-2.6.2.jar:/home/anatole/ycsb/infinispan/target/dependency/gson-2.8.2.jar:/home/anatole/ycsb/infinispan/target/dependency/guava-18.0.jar:/home/anatole/ycsb/infinispan/target/dependency/infinispan-cachestore-jnvm-1.0-SNAPSHOT.jar:/home/anatole/ycsb/infinispan/target/dependency/infinispan-cachestore-pcj-1.0-SNAPSHOT.jar:/home/anatole/ycsb/infinispan/target/dependency/infinispan-client-hotrod-9.4.20.Final.jar:/home/anatole/ycsb/infinispan/target/dependency/infinispan-commons-9.4.20.Final.jar:/home/anatole/ycsb/infinispan/target/dependency/infinispan-core-9.4.20.Final.jar:/home/anatole/ycsb/infinispan/target/dependency/javax.persistence-api-2.2.jar:/home/anatole/ycsb/infinispan/target/dependency/jboss-logging-3.3.2.Final.jar:/home/anatole/ycsb/infinispan/target/dependency/jboss-marshalling-osgi-2.0.6.Final.jar:/home/anatole/ycsb/infinispan/target/dependency/jboss-transaction-api_1.2_spec-1.1.1.Final.jar:/home/anatole/ycsb/infinispan/target/dependency/jgroups-4.0.21.Final.jar:/home/anatole/ycsb/infinispan/target/dependency/jnvm-1.0-SNAPSHOT.jar:/home/anatole/ycsb/infinispan/target/dependency/metainf-services-1.7.jar:/home/anatole/ycsb/infinispan/target/dependency/netty-buffer-4.1.51.Final.jar:/home/anatole/ycsb/infinispan/target/dependency/netty-codec-4.1.51.Final.jar:/home/anatole/ycsb/infinispan/target/dependency/netty-common-4.1.51.Final.jar:/home/anatole/ycsb/infinispan/target/dependency/netty-handler-4.1.51.Final.jar:/home/anatole/ycsb/infinispan/target/dependency/netty-resolver-4.1.51.Final.jar:/home/anatole/ycsb/infinispan/target/dependency/netty-transport-4.1.51.Final.jar:/home/anatole/ycsb/infinispan/target/dependency/netty-transport-native-epoll-4.1.51.Final-linux-x86_64.jar:/home/anatole/ycsb/infinispan/target/dependency/netty-transport-native-unix-common-4.1.51.Final.jar:/home/anatole/ycsb/infinispan/target/dependency/pcj-1.0.jar:/home/anatole/ycsb/infinispan/target/dependency/reactive-streams-1.0.2.jar:/home/anatole/ycsb/infinispan/target/dependency/rxjava-2.2.4.jar:/home/anatole/ycsb/infinispan/target/dependency/unsafe-helper-1.0.jar site.ycsb.Client -t -db site.ycsb.db.InfinispanClient -P ../workloads/workloadc -preload -s -threads 36 -p dataintegrity=true -p offheap=false -p pcj=false -p recordcount=1000000 -p operationcount=60000000 -p fieldcount=10 -p fieldlength=100 -p requestdistribution=zipfian -p measurement.trackjvm=true -p measurementtype=hdrhistogram -p hdrhistogram.output.path=./out/exp5.concurrent.ref/log/infinispan.run.workloadc.true.1000000.1000000.10.100.zipfian.36.true..default.default.none.r5.hdr.log
[OVERALL], RunTime(ms), 92780
[OVERALL], Throughput(ops/sec), 657469.2821728821
[TOTAL_GCS_G1_Young_Generation], Count, 34
[TOTAL_GC_TIME_G1_Young_Generation], Time(ms), 2538
[TOTAL_GC_TIME_%_G1_Young_Generation], Time(%), 2.7355033412373353
[TOTAL_GCS_G1_Old_Generation], Count, 0
[TOTAL_GC_TIME_G1_Old_Generation], Time(ms), 0
[TOTAL_GC_TIME_%_G1_Old_Generation], Time(%), 0.0
[TOTAL_GCs], Count, 34
[TOTAL_GC_TIME], Time(ms), 2538
[TOTAL_GC_TIME_%], Time(%), 2.7355033412373353
[MAX_MEM_USED], MBs, 16211
[MIN_MEM_USED], MBs, 98
[MAX_THREADS], Count, 42
[MIN_THREADS], Count, 3
[MAX_SYS_LOAD_AVG], Load, 10.26
[MIN_SYS_LOAD_AVG], Load, 7.77
[THREAD_COUNT], Operations, 11
[THREAD_COUNT], AverageLatency(ns), 37.90909090909091
[THREAD_COUNT], MinLatency(ns), 3
[THREAD_COUNT], MaxLatency(ns), 42
[THREAD_COUNT], 95thPercentileLatency(ns), 42
[THREAD_COUNT], 99thPercentileLatency(ns), 42
[SYS_LOAD_AVG], Operations, 11
[SYS_LOAD_AVG], AverageLatency(ns), 8.181818181818182
[SYS_LOAD_AVG], MinLatency(ns), 7
[SYS_LOAD_AVG], MaxLatency(ns), 10
[SYS_LOAD_AVG], 95thPercentileLatency(ns), 9
[SYS_LOAD_AVG], 99thPercentileLatency(ns), 10
[LOAD], Operations, 36
[LOAD], AverageLatency(ns), 6.913288874666667E9
[LOAD], MinLatency(ns), 6469451776
[LOAD], MaxLatency(ns), 7247921151
[LOAD], 95thPercentileLatency(ns), 7246315519
[LOAD], 99thPercentileLatency(ns), 7247921151
[USED_MEM_MB], Operations, 11
[USED_MEM_MB], AverageLatency(ns), 8409.636363636364
[USED_MEM_MB], MinLatency(ns), 98
[USED_MEM_MB], MaxLatency(ns), 16211
[USED_MEM_MB], 95thPercentileLatency(ns), 12977
[USED_MEM_MB], 99thPercentileLatency(ns), 16211
[MAIN_GCs_Count], Operations, 36
[MAIN_GCs_Count], AverageLatency(ns), 9.0
[MAIN_GCs_Count], MinLatency(ns), 9
[MAIN_GCs_Count], MaxLatency(ns), 9
[MAIN_GCs_Count], 95thPercentileLatency(ns), 9
[MAIN_GCs_Count], 99thPercentileLatency(ns), 9
[MAIN_GCs_Time(ms)], Operations, 36
[MAIN_GCs_Time(ms)], AverageLatency(ns), 289.0
[MAIN_GCs_Time(ms)], MinLatency(ns), 289
[MAIN_GCs_Time(ms)], MaxLatency(ns), 289
[MAIN_GCs_Time(ms)], 95thPercentileLatency(ns), 289
[MAIN_GCs_Time(ms)], 99thPercentileLatency(ns), 289
[TRANSACTION], Operations, 36
[TRANSACTION], AverageLatency(ns), 8.402374929066667E10
[TRANSACTION], MinLatency(ns), 83266371584
[TRANSACTION], MaxLatency(ns), 84187545599
[TRANSACTION], 95thPercentileLatency(ns), 84170244095
[TRANSACTION], 99thPercentileLatency(ns), 84187545599
[GCS_TIME], Operations, 11
[GCS_TIME], AverageLatency(ns), 230.72727272727272
[GCS_TIME], MinLatency(ns), 0
[GCS_TIME], MaxLatency(ns), 2407
[GCS_TIME], 95thPercentileLatency(ns), 49
[GCS_TIME], 99thPercentileLatency(ns), 2407
[LOAD_GCs_Time(ms)], Operations, 36
[LOAD_GCs_Time(ms)], AverageLatency(ns), 2079.777777777778
[LOAD_GCs_Time(ms)], MinLatency(ns), 1907
[LOAD_GCs_Time(ms)], MaxLatency(ns), 2219
[LOAD_GCs_Time(ms)], 95thPercentileLatency(ns), 2219
[LOAD_GCs_Time(ms)], 99thPercentileLatency(ns), 2219
[READ], Operations, 60000000
[READ], AverageLatency(ns), 46599.58240383333
[READ], MinLatency(ns), 252
[READ], MaxLatency(ns), 126329343
[READ], 95thPercentileLatency(ns), 392109
[READ], 99thPercentileLatency(ns), 424353
[READ], Return=OK, 60000000
[INIT], Operations, 36
[INIT], AverageLatency(ns), 6.10128896E8
[INIT], MinLatency(ns), 601862144
[INIT], MaxLatency(ns), 625213439
[INIT], 95thPercentileLatency(ns), 617373695
[INIT], 99thPercentileLatency(ns), 625213439
[GCS], Operations, 11
[GCS], AverageLatency(ns), 3.090909090909091
[GCS], MinLatency(ns), 0
[GCS], MaxLatency(ns), 27
[GCS], 95thPercentileLatency(ns), 3
[GCS], 99thPercentileLatency(ns), 27
[LOAD_GCs_Count], Operations, 36
[LOAD_GCs_Count], AverageLatency(ns), 22.083333333333332
[LOAD_GCs_Count], MinLatency(ns), 21
[LOAD_GCs_Count], MaxLatency(ns), 23
[LOAD_GCs_Count], 95thPercentileLatency(ns), 23
[LOAD_GCs_Count], 99thPercentileLatency(ns), 23
[CLEANUP], Operations, 36
[CLEANUP], AverageLatency(ns), 6.958021404444444E8
[CLEANUP], MinLatency(ns), 533204992
[CLEANUP], MaxLatency(ns), 1438613503
[CLEANUP], 95thPercentileLatency(ns), 943525887
[CLEANUP], 99thPercentileLatency(ns), 1438613503
[INSERT], Operations, 1000000
[INSERT], AverageLatency(ns), 135465.779853
[INSERT], MinLatency(ns), 1735
[INSERT], MaxLatency(ns), 471635967
[INSERT], 95thPercentileLatency(ns), 108370
[INSERT], 99thPercentileLatency(ns), 473713
[INSERT], Return=OK, 1000000
