/home/anatole/jdk8u/build/linux-x86_64-normal-server-release/jdk/bin/java -Xmx20g -XX:+UseG1GC -classpath /home/anatole/ycsb/conf:/home/anatole/ycsb/core/target/core-0.18.0-SNAPSHOT.jar:/home/anatole/ycsb/core/target/dependency/HdrHistogram-2.1.4.jar:/home/anatole/ycsb/core/target/dependency/guava-18.0.jar:/home/anatole/ycsb/core/target/dependency/htrace-core4-4.1.0-incubating.jar:/home/anatole/ycsb/core/target/dependency/jackson-core-asl-1.9.4.jar:/home/anatole/ycsb/core/target/dependency/jackson-mapper-asl-1.9.4.jar:/home/anatole/ycsb/core/target/dependency/javax.persistence-api-2.2.jar:/home/anatole/ycsb/core/target/dependency/jnvm-1.0-SNAPSHOT.jar:/home/anatole/ycsb/core/target/dependency/pcj-1.0.jar:/home/anatole/ycsb/core/target/dependency/unsafe-helper-1.0.jar:/home/anatole/ycsb/infinispan/src/main/conf:/home/anatole/ycsb/infinispan/target/infinispan-binding-0.18.0-SNAPSHOT.jar:/home/anatole/ycsb/infinispan/target/dependency/caffeine-2.6.2.jar:/home/anatole/ycsb/infinispan/target/dependency/gson-2.8.2.jar:/home/anatole/ycsb/infinispan/target/dependency/guava-18.0.jar:/home/anatole/ycsb/infinispan/target/dependency/infinispan-cachestore-jnvm-1.0-SNAPSHOT.jar:/home/anatole/ycsb/infinispan/target/dependency/infinispan-cachestore-pcj-1.0-SNAPSHOT.jar:/home/anatole/ycsb/infinispan/target/dependency/infinispan-client-hotrod-9.4.20.Final.jar:/home/anatole/ycsb/infinispan/target/dependency/infinispan-commons-9.4.20.Final.jar:/home/anatole/ycsb/infinispan/target/dependency/infinispan-core-9.4.20.Final.jar:/home/anatole/ycsb/infinispan/target/dependency/javax.persistence-api-2.2.jar:/home/anatole/ycsb/infinispan/target/dependency/jboss-logging-3.3.2.Final.jar:/home/anatole/ycsb/infinispan/target/dependency/jboss-marshalling-osgi-2.0.6.Final.jar:/home/anatole/ycsb/infinispan/target/dependency/jboss-transaction-api_1.2_spec-1.1.1.Final.jar:/home/anatole/ycsb/infinispan/target/dependency/jgroups-4.0.21.Final.jar:/home/anatole/ycsb/infinispan/target/dependency/jnvm-1.0-SNAPSHOT.jar:/home/anatole/ycsb/infinispan/target/dependency/metainf-services-1.7.jar:/home/anatole/ycsb/infinispan/target/dependency/netty-buffer-4.1.51.Final.jar:/home/anatole/ycsb/infinispan/target/dependency/netty-codec-4.1.51.Final.jar:/home/anatole/ycsb/infinispan/target/dependency/netty-common-4.1.51.Final.jar:/home/anatole/ycsb/infinispan/target/dependency/netty-handler-4.1.51.Final.jar:/home/anatole/ycsb/infinispan/target/dependency/netty-resolver-4.1.51.Final.jar:/home/anatole/ycsb/infinispan/target/dependency/netty-transport-4.1.51.Final.jar:/home/anatole/ycsb/infinispan/target/dependency/netty-transport-native-epoll-4.1.51.Final-linux-x86_64.jar:/home/anatole/ycsb/infinispan/target/dependency/netty-transport-native-unix-common-4.1.51.Final.jar:/home/anatole/ycsb/infinispan/target/dependency/pcj-1.0.jar:/home/anatole/ycsb/infinispan/target/dependency/reactive-streams-1.0.2.jar:/home/anatole/ycsb/infinispan/target/dependency/rxjava-2.2.4.jar:/home/anatole/ycsb/infinispan/target/dependency/unsafe-helper-1.0.jar site.ycsb.Client -t -db site.ycsb.db.InfinispanClient -P ../workloads/workloadc -preload -s -threads 36 -p dataintegrity=true -p offheap=false -p pcj=false -p recordcount=1000000 -p operationcount=60000000 -p fieldcount=10 -p fieldlength=100 -p requestdistribution=zipfian -p measurement.trackjvm=true -p measurementtype=hdrhistogram -p hdrhistogram.output.path=./out/exp5.concurrent.ref/log/infinispan.run.workloadc.true.1000000.1000000.10.100.zipfian.36.true..default.default.none.r6.hdr.log
[OVERALL], RunTime(ms), 83500
[OVERALL], Throughput(ops/sec), 730538.9221556886
[TOTAL_GCS_G1_Young_Generation], Count, 34
[TOTAL_GC_TIME_G1_Young_Generation], Time(ms), 2480
[TOTAL_GC_TIME_%_G1_Young_Generation], Time(%), 2.9700598802395213
[TOTAL_GCS_G1_Old_Generation], Count, 0
[TOTAL_GC_TIME_G1_Old_Generation], Time(ms), 0
[TOTAL_GC_TIME_%_G1_Old_Generation], Time(%), 0.0
[TOTAL_GCs], Count, 34
[TOTAL_GC_TIME], Time(ms), 2480
[TOTAL_GC_TIME_%], Time(%), 2.9700598802395213
[MAX_MEM_USED], MBs, 14284
[MIN_MEM_USED], MBs, 96
[MAX_THREADS], Count, 42
[MIN_THREADS], Count, 3
[MAX_SYS_LOAD_AVG], Load, 10.73
[MIN_SYS_LOAD_AVG], Load, 7.87
[THREAD_COUNT], Operations, 10
[THREAD_COUNT], AverageLatency(ns), 37.6
[THREAD_COUNT], MinLatency(ns), 3
[THREAD_COUNT], MaxLatency(ns), 42
[THREAD_COUNT], 95thPercentileLatency(ns), 42
[THREAD_COUNT], 99thPercentileLatency(ns), 42
[SYS_LOAD_AVG], Operations, 10
[SYS_LOAD_AVG], AverageLatency(ns), 9.1
[SYS_LOAD_AVG], MinLatency(ns), 7
[SYS_LOAD_AVG], MaxLatency(ns), 10
[SYS_LOAD_AVG], 95thPercentileLatency(ns), 10
[SYS_LOAD_AVG], 99thPercentileLatency(ns), 10
[LOAD], Operations, 36
[LOAD], AverageLatency(ns), 7.171216725333333E9
[LOAD], MinLatency(ns), 5955354624
[LOAD], MaxLatency(ns), 7635075071
[LOAD], 95thPercentileLatency(ns), 7589363711
[LOAD], 99thPercentileLatency(ns), 7635075071
[USED_MEM_MB], Operations, 10
[USED_MEM_MB], AverageLatency(ns), 8251.5
[USED_MEM_MB], MinLatency(ns), 96
[USED_MEM_MB], MaxLatency(ns), 14284
[USED_MEM_MB], 95thPercentileLatency(ns), 14284
[USED_MEM_MB], 99thPercentileLatency(ns), 14284
[MAIN_GCs_Count], Operations, 36
[MAIN_GCs_Count], AverageLatency(ns), 8.0
[MAIN_GCs_Count], MinLatency(ns), 8
[MAIN_GCs_Count], MaxLatency(ns), 8
[MAIN_GCs_Count], 95thPercentileLatency(ns), 8
[MAIN_GCs_Count], 99thPercentileLatency(ns), 8
[MAIN_GCs_Time(ms)], Operations, 36
[MAIN_GCs_Time(ms)], AverageLatency(ns), 321.0
[MAIN_GCs_Time(ms)], MinLatency(ns), 321
[MAIN_GCs_Time(ms)], MaxLatency(ns), 321
[MAIN_GCs_Time(ms)], 95thPercentileLatency(ns), 321
[MAIN_GCs_Time(ms)], 99thPercentileLatency(ns), 321
[TRANSACTION], Operations, 36
[TRANSACTION], AverageLatency(ns), 7.441812320711111E10
[TRANSACTION], MinLatency(ns), 73821847552
[TRANSACTION], MaxLatency(ns), 74570530815
[TRANSACTION], 95thPercentileLatency(ns), 74560045055
[TRANSACTION], 99thPercentileLatency(ns), 74570530815
[GCS_TIME], Operations, 10
[GCS_TIME], AverageLatency(ns), 248.0
[GCS_TIME], MinLatency(ns), 0
[GCS_TIME], MaxLatency(ns), 2289
[GCS_TIME], 95thPercentileLatency(ns), 2289
[GCS_TIME], 99thPercentileLatency(ns), 2289
[LOAD_GCs_Time(ms)], Operations, 36
[LOAD_GCs_Time(ms)], AverageLatency(ns), 1942.0277777777778
[LOAD_GCs_Time(ms)], MinLatency(ns), 1486
[LOAD_GCs_Time(ms)], MaxLatency(ns), 2133
[LOAD_GCs_Time(ms)], 95thPercentileLatency(ns), 2133
[LOAD_GCs_Time(ms)], 99thPercentileLatency(ns), 2133
[READ], Operations, 60000000
[READ], AverageLatency(ns), 41006.0063182
[READ], MinLatency(ns), 227
[READ], MaxLatency(ns), 117183487
[READ], 95thPercentileLatency(ns), 375117
[READ], 99thPercentileLatency(ns), 412989
[READ], Return=OK, 60000000
[INIT], Operations, 36
[INIT], AverageLatency(ns), 5.995702044444444E8
[INIT], MinLatency(ns), 591462400
[INIT], MaxLatency(ns), 608206847
[INIT], 95thPercentileLatency(ns), 606744575
[INIT], 99thPercentileLatency(ns), 608206847
[GCS], Operations, 10
[GCS], AverageLatency(ns), 3.4
[GCS], MinLatency(ns), 0
[GCS], MaxLatency(ns), 28
[GCS], 95thPercentileLatency(ns), 28
[GCS], 99thPercentileLatency(ns), 28
[LOAD_GCs_Count], Operations, 36
[LOAD_GCs_Count], AverageLatency(ns), 22.833333333333332
[LOAD_GCs_Count], MinLatency(ns), 20
[LOAD_GCs_Count], MaxLatency(ns), 24
[LOAD_GCs_Count], 95thPercentileLatency(ns), 24
[LOAD_GCs_Count], 99thPercentileLatency(ns), 24
[CLEANUP], Operations, 36
[CLEANUP], AverageLatency(ns), 6.908189013333334E8
[CLEANUP], MinLatency(ns), 539336704
[CLEANUP], MaxLatency(ns), 1269858303
[CLEANUP], 95thPercentileLatency(ns), 1084956671
[CLEANUP], 99thPercentileLatency(ns), 1269858303
[INSERT], Operations, 1000000
[INSERT], AverageLatency(ns), 133788.820109
[INSERT], MinLatency(ns), 1775
[INSERT], MaxLatency(ns), 413704191
[INSERT], 95thPercentileLatency(ns), 94203
[INSERT], 99thPercentileLatency(ns), 545747
[INSERT], Return=OK, 1000000
