/home/anatole/jdk8u/build/linux-x86_64-normal-server-release/jdk/bin/java -Xmx20g -XX:+UseG1GC -classpath /home/anatole/ycsb/conf:/home/anatole/ycsb/core/target/core-0.18.0-SNAPSHOT.jar:/home/anatole/ycsb/core/target/dependency/HdrHistogram-2.1.4.jar:/home/anatole/ycsb/core/target/dependency/guava-18.0.jar:/home/anatole/ycsb/core/target/dependency/htrace-core4-4.1.0-incubating.jar:/home/anatole/ycsb/core/target/dependency/jackson-core-asl-1.9.4.jar:/home/anatole/ycsb/core/target/dependency/jackson-mapper-asl-1.9.4.jar:/home/anatole/ycsb/core/target/dependency/javax.persistence-api-2.2.jar:/home/anatole/ycsb/core/target/dependency/jnvm-1.0-SNAPSHOT.jar:/home/anatole/ycsb/core/target/dependency/pcj-1.0.jar:/home/anatole/ycsb/core/target/dependency/unsafe-helper-1.0.jar:/home/anatole/ycsb/infinispan/src/main/conf:/home/anatole/ycsb/infinispan/target/infinispan-binding-0.18.0-SNAPSHOT.jar:/home/anatole/ycsb/infinispan/target/dependency/caffeine-2.6.2.jar:/home/anatole/ycsb/infinispan/target/dependency/gson-2.8.2.jar:/home/anatole/ycsb/infinispan/target/dependency/guava-18.0.jar:/home/anatole/ycsb/infinispan/target/dependency/infinispan-cachestore-jnvm-1.0-SNAPSHOT.jar:/home/anatole/ycsb/infinispan/target/dependency/infinispan-cachestore-pcj-1.0-SNAPSHOT.jar:/home/anatole/ycsb/infinispan/target/dependency/infinispan-client-hotrod-9.4.20.Final.jar:/home/anatole/ycsb/infinispan/target/dependency/infinispan-commons-9.4.20.Final.jar:/home/anatole/ycsb/infinispan/target/dependency/infinispan-core-9.4.20.Final.jar:/home/anatole/ycsb/infinispan/target/dependency/javax.persistence-api-2.2.jar:/home/anatole/ycsb/infinispan/target/dependency/jboss-logging-3.3.2.Final.jar:/home/anatole/ycsb/infinispan/target/dependency/jboss-marshalling-osgi-2.0.6.Final.jar:/home/anatole/ycsb/infinispan/target/dependency/jboss-transaction-api_1.2_spec-1.1.1.Final.jar:/home/anatole/ycsb/infinispan/target/dependency/jgroups-4.0.21.Final.jar:/home/anatole/ycsb/infinispan/target/dependency/jnvm-1.0-SNAPSHOT.jar:/home/anatole/ycsb/infinispan/target/dependency/metainf-services-1.7.jar:/home/anatole/ycsb/infinispan/target/dependency/netty-buffer-4.1.51.Final.jar:/home/anatole/ycsb/infinispan/target/dependency/netty-codec-4.1.51.Final.jar:/home/anatole/ycsb/infinispan/target/dependency/netty-common-4.1.51.Final.jar:/home/anatole/ycsb/infinispan/target/dependency/netty-handler-4.1.51.Final.jar:/home/anatole/ycsb/infinispan/target/dependency/netty-resolver-4.1.51.Final.jar:/home/anatole/ycsb/infinispan/target/dependency/netty-transport-4.1.51.Final.jar:/home/anatole/ycsb/infinispan/target/dependency/netty-transport-native-epoll-4.1.51.Final-linux-x86_64.jar:/home/anatole/ycsb/infinispan/target/dependency/netty-transport-native-unix-common-4.1.51.Final.jar:/home/anatole/ycsb/infinispan/target/dependency/pcj-1.0.jar:/home/anatole/ycsb/infinispan/target/dependency/reactive-streams-1.0.2.jar:/home/anatole/ycsb/infinispan/target/dependency/rxjava-2.2.4.jar:/home/anatole/ycsb/infinispan/target/dependency/unsafe-helper-1.0.jar site.ycsb.Client -t -db site.ycsb.db.InfinispanClient -P ../workloads/workloada -preload -s -threads 4 -p dataintegrity=true -p offheap=false -p pcj=false -p recordcount=1000000 -p operationcount=12000000 -p fieldcount=10 -p fieldlength=100 -p requestdistribution=zipfian -p measurement.trackjvm=true -p measurementtype=hdrhistogram -p hdrhistogram.output.path=./out/exp5.concurrent.ref/log/infinispan.run.workloada.true.1000000.1000000.10.100.zipfian.4.true..default.default.none.r3.hdr.log
[OVERALL], RunTime(ms), 25558
[OVERALL], Throughput(ops/sec), 508646.998982706
[TOTAL_GCS_G1_Young_Generation], Count, 55
[TOTAL_GC_TIME_G1_Young_Generation], Time(ms), 7432
[TOTAL_GC_TIME_%_G1_Young_Generation], Time(%), 29.07895766491901
[TOTAL_GCS_G1_Old_Generation], Count, 0
[TOTAL_GC_TIME_G1_Old_Generation], Time(ms), 0
[TOTAL_GC_TIME_%_G1_Old_Generation], Time(%), 0.0
[TOTAL_GCs], Count, 55
[TOTAL_GC_TIME], Time(ms), 7432
[TOTAL_GC_TIME_%], Time(%), 29.07895766491901
[MAX_MEM_USED], MBs, 6837
[MIN_MEM_USED], MBs, 58
[MAX_THREADS], Count, 36
[MIN_THREADS], Count, 4
[MAX_SYS_LOAD_AVG], Load, 12.51
[MIN_SYS_LOAD_AVG], Load, 10.31
[THREAD_COUNT], Operations, 4
[THREAD_COUNT], AverageLatency(ns), 20.5
[THREAD_COUNT], MinLatency(ns), 4
[THREAD_COUNT], MaxLatency(ns), 36
[THREAD_COUNT], 95thPercentileLatency(ns), 36
[THREAD_COUNT], 99thPercentileLatency(ns), 36
[SYS_LOAD_AVG], Operations, 4
[SYS_LOAD_AVG], AverageLatency(ns), 11.25
[SYS_LOAD_AVG], MinLatency(ns), 10
[SYS_LOAD_AVG], MaxLatency(ns), 12
[SYS_LOAD_AVG], 95thPercentileLatency(ns), 12
[SYS_LOAD_AVG], 99thPercentileLatency(ns), 12
[LOAD], Operations, 4
[LOAD], AverageLatency(ns), 6.524362752E9
[LOAD], MinLatency(ns), 6469091328
[LOAD], MaxLatency(ns), 6652297215
[LOAD], 95thPercentileLatency(ns), 6652297215
[LOAD], 99thPercentileLatency(ns), 6652297215
[USED_MEM_MB], Operations, 4
[USED_MEM_MB], AverageLatency(ns), 4585.25
[USED_MEM_MB], MinLatency(ns), 58
[USED_MEM_MB], MaxLatency(ns), 6837
[USED_MEM_MB], 95thPercentileLatency(ns), 6837
[USED_MEM_MB], 99thPercentileLatency(ns), 6837
[MAIN_GCs_Count], Operations, 4
[MAIN_GCs_Count], AverageLatency(ns), 29.0
[MAIN_GCs_Count], MinLatency(ns), 29
[MAIN_GCs_Count], MaxLatency(ns), 29
[MAIN_GCs_Count], 95thPercentileLatency(ns), 29
[MAIN_GCs_Count], 99thPercentileLatency(ns), 29
[MAIN_GCs_Time(ms)], Operations, 4
[MAIN_GCs_Time(ms)], AverageLatency(ns), 5277.0
[MAIN_GCs_Time(ms)], MinLatency(ns), 5277
[MAIN_GCs_Time(ms)], MaxLatency(ns), 5277
[MAIN_GCs_Time(ms)], 95thPercentileLatency(ns), 5277
[MAIN_GCs_Time(ms)], 99thPercentileLatency(ns), 5277
[TRANSACTION], Operations, 4
[TRANSACTION], AverageLatency(ns), 1.7606443008E10
[TRANSACTION], MinLatency(ns), 17517510656
[TRANSACTION], MaxLatency(ns), 17678467071
[TRANSACTION], 95thPercentileLatency(ns), 17678467071
[TRANSACTION], 99thPercentileLatency(ns), 17678467071
[GCS_TIME], Operations, 4
[GCS_TIME], AverageLatency(ns), 1858.0
[GCS_TIME], MinLatency(ns), 0
[GCS_TIME], MaxLatency(ns), 3340
[GCS_TIME], 95thPercentileLatency(ns), 3340
[GCS_TIME], 99thPercentileLatency(ns), 3340
[LOAD_GCs_Time(ms)], Operations, 4
[LOAD_GCs_Time(ms)], AverageLatency(ns), 2134.0
[LOAD_GCs_Time(ms)], MinLatency(ns), 2134
[LOAD_GCs_Time(ms)], MaxLatency(ns), 2134
[LOAD_GCs_Time(ms)], 95thPercentileLatency(ns), 2134
[LOAD_GCs_Time(ms)], 99thPercentileLatency(ns), 2134
[READ], Operations, 6002046
[READ], AverageLatency(ns), 1292.994322769269
[READ], MinLatency(ns), 195
[READ], MaxLatency(ns), 203327487
[READ], 95thPercentileLatency(ns), 1446
[READ], 99thPercentileLatency(ns), 9077
[READ], Return=OK, 6002046
[INIT], Operations, 4
[INIT], AverageLatency(ns), 6.66599424E8
[INIT], MinLatency(ns), 666222592
[INIT], MaxLatency(ns), 666968063
[INIT], 95thPercentileLatency(ns), 666968063
[INIT], 99thPercentileLatency(ns), 666968063
[GCS], Operations, 4
[GCS], AverageLatency(ns), 13.75
[GCS], MinLatency(ns), 0
[GCS], MaxLatency(ns), 33
[GCS], 95thPercentileLatency(ns), 33
[GCS], 99thPercentileLatency(ns), 33
[LOAD_GCs_Count], Operations, 4
[LOAD_GCs_Count], AverageLatency(ns), 25.0
[LOAD_GCs_Count], MinLatency(ns), 25
[LOAD_GCs_Count], MaxLatency(ns), 25
[LOAD_GCs_Count], 95thPercentileLatency(ns), 25
[LOAD_GCs_Count], 99thPercentileLatency(ns), 25
[CLEANUP], Operations, 4
[CLEANUP], AverageLatency(ns), 5.55232E8
[CLEANUP], MinLatency(ns), 491421696
[CLEANUP], MaxLatency(ns), 619544575
[CLEANUP], 95thPercentileLatency(ns), 619544575
[CLEANUP], 99thPercentileLatency(ns), 619544575
[INSERT], Operations, 1000000
[INSERT], AverageLatency(ns), 10834.415218
[INSERT], MinLatency(ns), 1797
[INSERT], MaxLatency(ns), 171495423
[INSERT], 95thPercentileLatency(ns), 6738
[INSERT], 99thPercentileLatency(ns), 27618
[INSERT], Return=OK, 1000000
[UPDATE], Operations, 5997954
[UPDATE], AverageLatency(ns), 5592.535146151505
[UPDATE], MinLatency(ns), 1317
[UPDATE], MaxLatency(ns), 216325119
[UPDATE], 95thPercentileLatency(ns), 11542
[UPDATE], 99thPercentileLatency(ns), 14687
[UPDATE], Return=OK, 5997954
