/home/anatole/jdk8u/build/linux-x86_64-normal-server-release/jdk/bin/java -Xmx20g -XX:+UseG1GC -classpath /home/anatole/ycsb/conf:/home/anatole/ycsb/core/target/core-0.18.0-SNAPSHOT.jar:/home/anatole/ycsb/core/target/dependency/HdrHistogram-2.1.4.jar:/home/anatole/ycsb/core/target/dependency/guava-18.0.jar:/home/anatole/ycsb/core/target/dependency/htrace-core4-4.1.0-incubating.jar:/home/anatole/ycsb/core/target/dependency/jackson-core-asl-1.9.4.jar:/home/anatole/ycsb/core/target/dependency/jackson-mapper-asl-1.9.4.jar:/home/anatole/ycsb/core/target/dependency/javax.persistence-api-2.2.jar:/home/anatole/ycsb/core/target/dependency/jnvm-1.0-SNAPSHOT.jar:/home/anatole/ycsb/core/target/dependency/pcj-1.0.jar:/home/anatole/ycsb/core/target/dependency/unsafe-helper-1.0.jar:/home/anatole/ycsb/infinispan/src/main/conf:/home/anatole/ycsb/infinispan/target/infinispan-binding-0.18.0-SNAPSHOT.jar:/home/anatole/ycsb/infinispan/target/dependency/caffeine-2.6.2.jar:/home/anatole/ycsb/infinispan/target/dependency/gson-2.8.2.jar:/home/anatole/ycsb/infinispan/target/dependency/guava-18.0.jar:/home/anatole/ycsb/infinispan/target/dependency/infinispan-cachestore-jnvm-1.0-SNAPSHOT.jar:/home/anatole/ycsb/infinispan/target/dependency/infinispan-cachestore-pcj-1.0-SNAPSHOT.jar:/home/anatole/ycsb/infinispan/target/dependency/infinispan-client-hotrod-9.4.20.Final.jar:/home/anatole/ycsb/infinispan/target/dependency/infinispan-commons-9.4.20.Final.jar:/home/anatole/ycsb/infinispan/target/dependency/infinispan-core-9.4.20.Final.jar:/home/anatole/ycsb/infinispan/target/dependency/javax.persistence-api-2.2.jar:/home/anatole/ycsb/infinispan/target/dependency/jboss-logging-3.3.2.Final.jar:/home/anatole/ycsb/infinispan/target/dependency/jboss-marshalling-osgi-2.0.6.Final.jar:/home/anatole/ycsb/infinispan/target/dependency/jboss-transaction-api_1.2_spec-1.1.1.Final.jar:/home/anatole/ycsb/infinispan/target/dependency/jgroups-4.0.21.Final.jar:/home/anatole/ycsb/infinispan/target/dependency/jnvm-1.0-SNAPSHOT.jar:/home/anatole/ycsb/infinispan/target/dependency/metainf-services-1.7.jar:/home/anatole/ycsb/infinispan/target/dependency/netty-buffer-4.1.51.Final.jar:/home/anatole/ycsb/infinispan/target/dependency/netty-codec-4.1.51.Final.jar:/home/anatole/ycsb/infinispan/target/dependency/netty-common-4.1.51.Final.jar:/home/anatole/ycsb/infinispan/target/dependency/netty-handler-4.1.51.Final.jar:/home/anatole/ycsb/infinispan/target/dependency/netty-resolver-4.1.51.Final.jar:/home/anatole/ycsb/infinispan/target/dependency/netty-transport-4.1.51.Final.jar:/home/anatole/ycsb/infinispan/target/dependency/netty-transport-native-epoll-4.1.51.Final-linux-x86_64.jar:/home/anatole/ycsb/infinispan/target/dependency/netty-transport-native-unix-common-4.1.51.Final.jar:/home/anatole/ycsb/infinispan/target/dependency/pcj-1.0.jar:/home/anatole/ycsb/infinispan/target/dependency/reactive-streams-1.0.2.jar:/home/anatole/ycsb/infinispan/target/dependency/rxjava-2.2.4.jar:/home/anatole/ycsb/infinispan/target/dependency/unsafe-helper-1.0.jar site.ycsb.Client -t -db site.ycsb.db.InfinispanClient -P ../workloads/workloada -preload -s -threads 4 -p dataintegrity=true -p offheap=false -p pcj=false -p recordcount=1000000 -p operationcount=12000000 -p fieldcount=10 -p fieldlength=100 -p requestdistribution=zipfian -p measurement.trackjvm=true -p measurementtype=hdrhistogram -p hdrhistogram.output.path=./out/exp5.concurrent.ref/log/infinispan.run.workloada.true.1000000.100000.10.100.zipfian.4.false..default.default.none.r1.hdr.log
[OVERALL], RunTime(ms), 149372
[OVERALL], Throughput(ops/sec), 87031.03660659294
[TOTAL_GCS_G1_Young_Generation], Count, 58
[TOTAL_GC_TIME_G1_Young_Generation], Time(ms), 6328
[TOTAL_GC_TIME_%_G1_Young_Generation], Time(%), 4.236403074204001
[TOTAL_GCS_G1_Old_Generation], Count, 0
[TOTAL_GC_TIME_G1_Old_Generation], Time(ms), 0
[TOTAL_GC_TIME_%_G1_Old_Generation], Time(%), 0.0
[TOTAL_GCs], Count, 58
[TOTAL_GC_TIME], Time(ms), 6328
[TOTAL_GC_TIME_%], Time(%), 4.236403074204001
[MAX_MEM_USED], MBs, 11471
[MIN_MEM_USED], MBs, 60
[MAX_THREADS], Count, 36
[MIN_THREADS], Count, 3
[MAX_SYS_LOAD_AVG], Load, 6.85
[MIN_SYS_LOAD_AVG], Load, 4.75
[THREAD_COUNT], Operations, 16
[THREAD_COUNT], AverageLatency(ns), 30.0
[THREAD_COUNT], MinLatency(ns), 3
[THREAD_COUNT], MaxLatency(ns), 36
[THREAD_COUNT], 95thPercentileLatency(ns), 36
[THREAD_COUNT], 99thPercentileLatency(ns), 36
[SYS_LOAD_AVG], Operations, 16
[SYS_LOAD_AVG], AverageLatency(ns), 5.0625
[SYS_LOAD_AVG], MinLatency(ns), 4
[SYS_LOAD_AVG], MaxLatency(ns), 6
[SYS_LOAD_AVG], 95thPercentileLatency(ns), 6
[SYS_LOAD_AVG], 99thPercentileLatency(ns), 6
[LOAD], Operations, 4
[LOAD], AverageLatency(ns), 1.467318272E10
[LOAD], MinLatency(ns), 14646312960
[LOAD], MaxLatency(ns), 14689435647
[LOAD], 95thPercentileLatency(ns), 14689435647
[LOAD], 99thPercentileLatency(ns), 14689435647
[USED_MEM_MB], Operations, 16
[USED_MEM_MB], AverageLatency(ns), 5373.0
[USED_MEM_MB], MinLatency(ns), 60
[USED_MEM_MB], MaxLatency(ns), 11471
[USED_MEM_MB], 95thPercentileLatency(ns), 8612
[USED_MEM_MB], 99thPercentileLatency(ns), 11471
[MAIN_GCs_Count], Operations, 4
[MAIN_GCs_Count], AverageLatency(ns), 37.75
[MAIN_GCs_Count], MinLatency(ns), 37
[MAIN_GCs_Count], MaxLatency(ns), 38
[MAIN_GCs_Count], 95thPercentileLatency(ns), 38
[MAIN_GCs_Count], 99thPercentileLatency(ns), 38
[MAIN_GCs_Time(ms)], Operations, 4
[MAIN_GCs_Time(ms)], AverageLatency(ns), 5341.75
[MAIN_GCs_Time(ms)], MinLatency(ns), 5224
[MAIN_GCs_Time(ms)], MaxLatency(ns), 5381
[MAIN_GCs_Time(ms)], 95thPercentileLatency(ns), 5381
[MAIN_GCs_Time(ms)], 99thPercentileLatency(ns), 5381
[TRANSACTION], Operations, 4
[TRANSACTION], AverageLatency(ns), 1.33209391104E11
[TRANSACTION], MinLatency(ns), 132273668096
[TRANSACTION], MaxLatency(ns), 133872746495
[TRANSACTION], 95thPercentileLatency(ns), 133872746495
[TRANSACTION], 99thPercentileLatency(ns), 133872746495
[GCS_TIME], Operations, 16
[GCS_TIME], AverageLatency(ns), 395.5
[GCS_TIME], MinLatency(ns), 0
[GCS_TIME], MaxLatency(ns), 754
[GCS_TIME], 95thPercentileLatency(ns), 535
[GCS_TIME], 99thPercentileLatency(ns), 754
[LOAD_GCs_Time(ms)], Operations, 4
[LOAD_GCs_Time(ms)], AverageLatency(ns), 927.0
[LOAD_GCs_Time(ms)], MinLatency(ns), 927
[LOAD_GCs_Time(ms)], MaxLatency(ns), 927
[LOAD_GCs_Time(ms)], 95thPercentileLatency(ns), 927
[LOAD_GCs_Time(ms)], 99thPercentileLatency(ns), 927
[READ], Operations, 6000617
[READ], AverageLatency(ns), 24064.515925445667
[READ], MinLatency(ns), 191
[READ], MaxLatency(ns), 226326527
[READ], 95thPercentileLatency(ns), 50981
[READ], 99thPercentileLatency(ns), 59303
[READ], Return=OK, 6000617
[INIT], Operations, 4
[INIT], AverageLatency(ns), 6.47248896E8
[INIT], MinLatency(ns), 646868992
[INIT], MaxLatency(ns), 647585791
[INIT], 95thPercentileLatency(ns), 647585791
[INIT], 99thPercentileLatency(ns), 647585791
[GCS], Operations, 16
[GCS], AverageLatency(ns), 3.625
[GCS], MinLatency(ns), 0
[GCS], MaxLatency(ns), 18
[GCS], 95thPercentileLatency(ns), 4
[GCS], 99thPercentileLatency(ns), 18
[LOAD_GCs_Count], Operations, 4
[LOAD_GCs_Count], AverageLatency(ns), 19.0
[LOAD_GCs_Count], MinLatency(ns), 19
[LOAD_GCs_Count], MaxLatency(ns), 19
[LOAD_GCs_Count], 95thPercentileLatency(ns), 19
[LOAD_GCs_Count], 99thPercentileLatency(ns), 19
[CLEANUP], Operations, 4
[CLEANUP], AverageLatency(ns), 7.23186528E8
[CLEANUP], MinLatency(ns), 63462144
[CLEANUP], MaxLatency(ns), 1648590847
[CLEANUP], 95thPercentileLatency(ns), 1648590847
[CLEANUP], 99thPercentileLatency(ns), 1648590847
[INSERT], Operations, 1000000
[INSERT], AverageLatency(ns), 47463.510829
[INSERT], MinLatency(ns), 25195
[INSERT], MaxLatency(ns), 105101823
[INSERT], 95thPercentileLatency(ns), 52917
[INSERT], 99thPercentileLatency(ns), 85671
[INSERT], Return=OK, 1000000
[UPDATE], Operations, 5999383
[UPDATE], AverageLatency(ns), 61685.470535386725
[UPDATE], MinLatency(ns), 23496
[UPDATE], MaxLatency(ns), 226314239
[UPDATE], 95thPercentileLatency(ns), 90327
[UPDATE], 99thPercentileLatency(ns), 105652
[UPDATE], Return=OK, 5999383
