/home/anatole/jdk8u/build/linux-x86_64-normal-server-release/jdk/bin/java -Xmx20g -XX:+UseG1GC -classpath /home/anatole/ycsb/conf:/home/anatole/ycsb/core/target/core-0.18.0-SNAPSHOT.jar:/home/anatole/ycsb/core/target/dependency/HdrHistogram-2.1.4.jar:/home/anatole/ycsb/core/target/dependency/guava-18.0.jar:/home/anatole/ycsb/core/target/dependency/htrace-core4-4.1.0-incubating.jar:/home/anatole/ycsb/core/target/dependency/jackson-core-asl-1.9.4.jar:/home/anatole/ycsb/core/target/dependency/jackson-mapper-asl-1.9.4.jar:/home/anatole/ycsb/core/target/dependency/javax.persistence-api-2.2.jar:/home/anatole/ycsb/core/target/dependency/jnvm-1.0-SNAPSHOT.jar:/home/anatole/ycsb/core/target/dependency/pcj-1.0.jar:/home/anatole/ycsb/core/target/dependency/unsafe-helper-1.0.jar:/home/anatole/ycsb/infinispan/src/main/conf:/home/anatole/ycsb/infinispan/target/infinispan-binding-0.18.0-SNAPSHOT.jar:/home/anatole/ycsb/infinispan/target/dependency/caffeine-2.6.2.jar:/home/anatole/ycsb/infinispan/target/dependency/gson-2.8.2.jar:/home/anatole/ycsb/infinispan/target/dependency/guava-18.0.jar:/home/anatole/ycsb/infinispan/target/dependency/infinispan-cachestore-jnvm-1.0-SNAPSHOT.jar:/home/anatole/ycsb/infinispan/target/dependency/infinispan-cachestore-pcj-1.0-SNAPSHOT.jar:/home/anatole/ycsb/infinispan/target/dependency/infinispan-client-hotrod-9.4.20.Final.jar:/home/anatole/ycsb/infinispan/target/dependency/infinispan-commons-9.4.20.Final.jar:/home/anatole/ycsb/infinispan/target/dependency/infinispan-core-9.4.20.Final.jar:/home/anatole/ycsb/infinispan/target/dependency/javax.persistence-api-2.2.jar:/home/anatole/ycsb/infinispan/target/dependency/jboss-logging-3.3.2.Final.jar:/home/anatole/ycsb/infinispan/target/dependency/jboss-marshalling-osgi-2.0.6.Final.jar:/home/anatole/ycsb/infinispan/target/dependency/jboss-transaction-api_1.2_spec-1.1.1.Final.jar:/home/anatole/ycsb/infinispan/target/dependency/jgroups-4.0.21.Final.jar:/home/anatole/ycsb/infinispan/target/dependency/jnvm-1.0-SNAPSHOT.jar:/home/anatole/ycsb/infinispan/target/dependency/metainf-services-1.7.jar:/home/anatole/ycsb/infinispan/target/dependency/netty-buffer-4.1.51.Final.jar:/home/anatole/ycsb/infinispan/target/dependency/netty-codec-4.1.51.Final.jar:/home/anatole/ycsb/infinispan/target/dependency/netty-common-4.1.51.Final.jar:/home/anatole/ycsb/infinispan/target/dependency/netty-handler-4.1.51.Final.jar:/home/anatole/ycsb/infinispan/target/dependency/netty-resolver-4.1.51.Final.jar:/home/anatole/ycsb/infinispan/target/dependency/netty-transport-4.1.51.Final.jar:/home/anatole/ycsb/infinispan/target/dependency/netty-transport-native-epoll-4.1.51.Final-linux-x86_64.jar:/home/anatole/ycsb/infinispan/target/dependency/netty-transport-native-unix-common-4.1.51.Final.jar:/home/anatole/ycsb/infinispan/target/dependency/pcj-1.0.jar:/home/anatole/ycsb/infinispan/target/dependency/reactive-streams-1.0.2.jar:/home/anatole/ycsb/infinispan/target/dependency/rxjava-2.2.4.jar:/home/anatole/ycsb/infinispan/target/dependency/unsafe-helper-1.0.jar site.ycsb.Client -t -db site.ycsb.db.InfinispanClient -P ../workloads/workloada -preload -s -threads 32 -p dataintegrity=true -p offheap=false -p pcj=false -p recordcount=1000000 -p operationcount=60000000 -p fieldcount=10 -p fieldlength=100 -p requestdistribution=zipfian -p measurement.trackjvm=true -p measurementtype=hdrhistogram -p hdrhistogram.output.path=./out/exp5.concurrent.ref/log/infinispan.run.workloada.true.1000000.1000000.10.100.zipfian.32.true..default.default.none.r1.hdr.log
[OVERALL], RunTime(ms), 85308
[OVERALL], Throughput(ops/sec), 715056.0322595771
[TOTAL_GCS_G1_Young_Generation], Count, 175
[TOTAL_GC_TIME_G1_Young_Generation], Time(ms), 30339
[TOTAL_GC_TIME_%_G1_Young_Generation], Time(%), 35.56407370938247
[TOTAL_GCS_G1_Old_Generation], Count, 0
[TOTAL_GC_TIME_G1_Old_Generation], Time(ms), 0
[TOTAL_GC_TIME_%_G1_Old_Generation], Time(%), 0.0
[TOTAL_GCs], Count, 175
[TOTAL_GC_TIME], Time(ms), 30339
[TOTAL_GC_TIME_%], Time(%), 35.56407370938247
[MAX_MEM_USED], MBs, 8755
[MIN_MEM_USED], MBs, 92
[MAX_THREADS], Count, 64
[MIN_THREADS], Count, 3
[MAX_SYS_LOAD_AVG], Load, 24.29
[MIN_SYS_LOAD_AVG], Load, 21.88
[THREAD_COUNT], Operations, 10
[THREAD_COUNT], AverageLatency(ns), 54.8
[THREAD_COUNT], MinLatency(ns), 3
[THREAD_COUNT], MaxLatency(ns), 64
[THREAD_COUNT], 95thPercentileLatency(ns), 64
[THREAD_COUNT], 99thPercentileLatency(ns), 64
[SYS_LOAD_AVG], Operations, 10
[SYS_LOAD_AVG], AverageLatency(ns), 22.5
[SYS_LOAD_AVG], MinLatency(ns), 21
[SYS_LOAD_AVG], MaxLatency(ns), 24
[SYS_LOAD_AVG], 95thPercentileLatency(ns), 24
[SYS_LOAD_AVG], 99thPercentileLatency(ns), 24
[LOAD], Operations, 32
[LOAD], AverageLatency(ns), 6.625728512E9
[LOAD], MinLatency(ns), 6048907264
[LOAD], MaxLatency(ns), 6899826687
[LOAD], 95thPercentileLatency(ns), 6887014399
[LOAD], 99thPercentileLatency(ns), 6899826687
[USED_MEM_MB], Operations, 10
[USED_MEM_MB], AverageLatency(ns), 5953.9
[USED_MEM_MB], MinLatency(ns), 92
[USED_MEM_MB], MaxLatency(ns), 8755
[USED_MEM_MB], 95thPercentileLatency(ns), 8755
[USED_MEM_MB], 99thPercentileLatency(ns), 8755
[MAIN_GCs_Count], Operations, 32
[MAIN_GCs_Count], AverageLatency(ns), 149.625
[MAIN_GCs_Count], MinLatency(ns), 148
[MAIN_GCs_Count], MaxLatency(ns), 150
[MAIN_GCs_Count], 95thPercentileLatency(ns), 150
[MAIN_GCs_Count], 99thPercentileLatency(ns), 150
[MAIN_GCs_Time(ms)], Operations, 32
[MAIN_GCs_Time(ms)], AverageLatency(ns), 27969.0
[MAIN_GCs_Time(ms)], MinLatency(ns), 27748
[MAIN_GCs_Time(ms)], MaxLatency(ns), 28024
[MAIN_GCs_Time(ms)], 95thPercentileLatency(ns), 28024
[MAIN_GCs_Time(ms)], 99thPercentileLatency(ns), 28024
[TRANSACTION], Operations, 32
[TRANSACTION], AverageLatency(ns), 7.6665602048E10
[TRANSACTION], MinLatency(ns), 76021760000
[TRANSACTION], MaxLatency(ns), 76874252287
[TRANSACTION], 95thPercentileLatency(ns), 76854853631
[TRANSACTION], 99thPercentileLatency(ns), 76874252287
[GCS_TIME], Operations, 10
[GCS_TIME], AverageLatency(ns), 3033.9
[GCS_TIME], MinLatency(ns), 0
[GCS_TIME], MaxLatency(ns), 4584
[GCS_TIME], 95thPercentileLatency(ns), 4584
[GCS_TIME], 99thPercentileLatency(ns), 4584
[LOAD_GCs_Time(ms)], Operations, 32
[LOAD_GCs_Time(ms)], AverageLatency(ns), 2043.875
[LOAD_GCs_Time(ms)], MinLatency(ns), 1803
[LOAD_GCs_Time(ms)], MaxLatency(ns), 2131
[LOAD_GCs_Time(ms)], 95thPercentileLatency(ns), 2131
[LOAD_GCs_Time(ms)], 99thPercentileLatency(ns), 2131
[READ], Operations, 29996989
[READ], AverageLatency(ns), 32064.370214523864
[READ], MinLatency(ns), 232
[READ], MaxLatency(ns), 1149083647
[READ], 95thPercentileLatency(ns), 155621
[READ], 99thPercentileLatency(ns), 180204
[READ], Return=OK, 29996989
[INIT], Operations, 32
[INIT], AverageLatency(ns), 5.93031296E8
[INIT], MinLatency(ns), 586219520
[INIT], MaxLatency(ns), 600727551
[INIT], 95thPercentileLatency(ns), 599089151
[INIT], 99thPercentileLatency(ns), 600727551
[GCS], Operations, 10
[GCS], AverageLatency(ns), 17.5
[GCS], MinLatency(ns), 0
[GCS], MaxLatency(ns), 35
[GCS], 95thPercentileLatency(ns), 35
[GCS], 99thPercentileLatency(ns), 35
[LOAD_GCs_Count], Operations, 32
[LOAD_GCs_Count], AverageLatency(ns), 21.46875
[LOAD_GCs_Count], MinLatency(ns), 20
[LOAD_GCs_Count], MaxLatency(ns), 22
[LOAD_GCs_Count], 95thPercentileLatency(ns), 22
[LOAD_GCs_Count], 99thPercentileLatency(ns), 22
[CLEANUP], Operations, 32
[CLEANUP], AverageLatency(ns), 7.03567232E8
[CLEANUP], MinLatency(ns), 495585280
[CLEANUP], MaxLatency(ns), 1332379647
[CLEANUP], 95thPercentileLatency(ns), 1106796543
[CLEANUP], 99thPercentileLatency(ns), 1332379647
[INSERT], Operations, 1000000
[INSERT], AverageLatency(ns), 115325.942194
[INSERT], MinLatency(ns), 1780
[INSERT], MaxLatency(ns), 319561727
[INSERT], 95thPercentileLatency(ns), 99180
[INSERT], 99thPercentileLatency(ns), 371015
[INSERT], Return=OK, 1000000
[UPDATE], Operations, 30003011
[UPDATE], AverageLatency(ns), 40996.00017651562
[UPDATE], MinLatency(ns), 1493
[UPDATE], MaxLatency(ns), 1149124607
[UPDATE], 95thPercentileLatency(ns), 160257
[UPDATE], 99thPercentileLatency(ns), 185773
[UPDATE], Return=OK, 30003011
