/home/anatole/jdk8u/build/linux-x86_64-normal-server-release/jdk/bin/java -Xmx20g -XX:+UseG1GC -classpath /home/anatole/ycsb/conf:/home/anatole/ycsb/core/target/core-0.18.0-SNAPSHOT.jar:/home/anatole/ycsb/core/target/dependency/HdrHistogram-2.1.4.jar:/home/anatole/ycsb/core/target/dependency/guava-18.0.jar:/home/anatole/ycsb/core/target/dependency/htrace-core4-4.1.0-incubating.jar:/home/anatole/ycsb/core/target/dependency/jackson-core-asl-1.9.4.jar:/home/anatole/ycsb/core/target/dependency/jackson-mapper-asl-1.9.4.jar:/home/anatole/ycsb/core/target/dependency/javax.persistence-api-2.2.jar:/home/anatole/ycsb/core/target/dependency/jnvm-1.0-SNAPSHOT.jar:/home/anatole/ycsb/core/target/dependency/pcj-1.0.jar:/home/anatole/ycsb/core/target/dependency/unsafe-helper-1.0.jar:/home/anatole/ycsb/infinispan/src/main/conf:/home/anatole/ycsb/infinispan/target/infinispan-binding-0.18.0-SNAPSHOT.jar:/home/anatole/ycsb/infinispan/target/dependency/caffeine-2.6.2.jar:/home/anatole/ycsb/infinispan/target/dependency/gson-2.8.2.jar:/home/anatole/ycsb/infinispan/target/dependency/guava-18.0.jar:/home/anatole/ycsb/infinispan/target/dependency/infinispan-cachestore-jnvm-1.0-SNAPSHOT.jar:/home/anatole/ycsb/infinispan/target/dependency/infinispan-cachestore-pcj-1.0-SNAPSHOT.jar:/home/anatole/ycsb/infinispan/target/dependency/infinispan-client-hotrod-9.4.20.Final.jar:/home/anatole/ycsb/infinispan/target/dependency/infinispan-commons-9.4.20.Final.jar:/home/anatole/ycsb/infinispan/target/dependency/infinispan-core-9.4.20.Final.jar:/home/anatole/ycsb/infinispan/target/dependency/javax.persistence-api-2.2.jar:/home/anatole/ycsb/infinispan/target/dependency/jboss-logging-3.3.2.Final.jar:/home/anatole/ycsb/infinispan/target/dependency/jboss-marshalling-osgi-2.0.6.Final.jar:/home/anatole/ycsb/infinispan/target/dependency/jboss-transaction-api_1.2_spec-1.1.1.Final.jar:/home/anatole/ycsb/infinispan/target/dependency/jgroups-4.0.21.Final.jar:/home/anatole/ycsb/infinispan/target/dependency/jnvm-1.0-SNAPSHOT.jar:/home/anatole/ycsb/infinispan/target/dependency/metainf-services-1.7.jar:/home/anatole/ycsb/infinispan/target/dependency/netty-buffer-4.1.51.Final.jar:/home/anatole/ycsb/infinispan/target/dependency/netty-codec-4.1.51.Final.jar:/home/anatole/ycsb/infinispan/target/dependency/netty-common-4.1.51.Final.jar:/home/anatole/ycsb/infinispan/target/dependency/netty-handler-4.1.51.Final.jar:/home/anatole/ycsb/infinispan/target/dependency/netty-resolver-4.1.51.Final.jar:/home/anatole/ycsb/infinispan/target/dependency/netty-transport-4.1.51.Final.jar:/home/anatole/ycsb/infinispan/target/dependency/netty-transport-native-epoll-4.1.51.Final-linux-x86_64.jar:/home/anatole/ycsb/infinispan/target/dependency/netty-transport-native-unix-common-4.1.51.Final.jar:/home/anatole/ycsb/infinispan/target/dependency/pcj-1.0.jar:/home/anatole/ycsb/infinispan/target/dependency/reactive-streams-1.0.2.jar:/home/anatole/ycsb/infinispan/target/dependency/rxjava-2.2.4.jar:/home/anatole/ycsb/infinispan/target/dependency/unsafe-helper-1.0.jar site.ycsb.Client -t -db site.ycsb.db.InfinispanJNVMClient -P ../workloads/workloada -preload -s -threads 20 -p dataintegrity=true -p offheap=true -p pcj=false -p recordcount=1000000 -p operationcount=60000000 -p fieldcount=10 -p fieldlength=100 -p requestdistribution=zipfian -p measurement.trackjvm=true -p measurementtype=hdrhistogram -p hdrhistogram.output.path=./out/exp5.concurrent.ref/log/infinispan-jnvm.run.workloada.true.1000000.1.10.100.zipfian.20.false..default.default.none.r5.hdr.log
[OVERALL], RunTime(ms), 88347
[OVERALL], Throughput(ops/sec), 690459.2119709781
[TOTAL_GCS_G1_Young_Generation], Count, 177
[TOTAL_GC_TIME_G1_Young_Generation], Time(ms), 26799
[TOTAL_GC_TIME_%_G1_Young_Generation], Time(%), 30.333797412475803
[TOTAL_GCS_G1_Old_Generation], Count, 0
[TOTAL_GC_TIME_G1_Old_Generation], Time(ms), 0
[TOTAL_GC_TIME_%_G1_Old_Generation], Time(%), 0.0
[TOTAL_GCs], Count, 177
[TOTAL_GC_TIME], Time(ms), 26799
[TOTAL_GC_TIME_%], Time(%), 30.333797412475803
[MAX_MEM_USED], MBs, 7194
[MIN_MEM_USED], MBs, 76
[MAX_THREADS], Count, 26
[MIN_THREADS], Count, 3
[MAX_SYS_LOAD_AVG], Load, 20.07
[MIN_SYS_LOAD_AVG], Load, 16.89
[THREAD_COUNT], Operations, 10
[THREAD_COUNT], AverageLatency(ns), 23.2
[THREAD_COUNT], MinLatency(ns), 3
[THREAD_COUNT], MaxLatency(ns), 26
[THREAD_COUNT], 95thPercentileLatency(ns), 26
[THREAD_COUNT], 99thPercentileLatency(ns), 26
[SYS_LOAD_AVG], Operations, 10
[SYS_LOAD_AVG], AverageLatency(ns), 17.9
[SYS_LOAD_AVG], MinLatency(ns), 16
[SYS_LOAD_AVG], MaxLatency(ns), 20
[SYS_LOAD_AVG], 95thPercentileLatency(ns), 20
[SYS_LOAD_AVG], 99thPercentileLatency(ns), 20
[LOAD], Operations, 20
[LOAD], AverageLatency(ns), 1.54352975872E10
[LOAD], MinLatency(ns), 15139340288
[LOAD], MaxLatency(ns), 15608446975
[LOAD], 95thPercentileLatency(ns), 15592194047
[LOAD], 99thPercentileLatency(ns), 15608446975
[USED_MEM_MB], Operations, 10
[USED_MEM_MB], AverageLatency(ns), 4741.1
[USED_MEM_MB], MinLatency(ns), 76
[USED_MEM_MB], MaxLatency(ns), 7194
[USED_MEM_MB], 95thPercentileLatency(ns), 7194
[USED_MEM_MB], 99thPercentileLatency(ns), 7194
[MAIN_GCs_Count], Operations, 20
[MAIN_GCs_Count], AverageLatency(ns), 151.8
[MAIN_GCs_Count], MinLatency(ns), 151
[MAIN_GCs_Count], MaxLatency(ns), 152
[MAIN_GCs_Count], 95thPercentileLatency(ns), 152
[MAIN_GCs_Count], 99thPercentileLatency(ns), 152
[MAIN_GCs_Time(ms)], Operations, 20
[MAIN_GCs_Time(ms)], AverageLatency(ns), 24886.0
[MAIN_GCs_Time(ms)], MinLatency(ns), 24730
[MAIN_GCs_Time(ms)], MaxLatency(ns), 24925
[MAIN_GCs_Time(ms)], 95thPercentileLatency(ns), 24925
[MAIN_GCs_Time(ms)], 99thPercentileLatency(ns), 24925
[TRANSACTION], Operations, 20
[TRANSACTION], AverageLatency(ns), 7.0716227584E10
[TRANSACTION], MinLatency(ns), 70293389312
[TRANSACTION], MaxLatency(ns), 70909427711
[TRANSACTION], 95thPercentileLatency(ns), 70897893375
[TRANSACTION], 99thPercentileLatency(ns), 70909427711
[GCS_TIME], Operations, 10
[GCS_TIME], AverageLatency(ns), 2679.9
[GCS_TIME], MinLatency(ns), 0
[GCS_TIME], MaxLatency(ns), 3643
[GCS_TIME], 95thPercentileLatency(ns), 3643
[GCS_TIME], 99thPercentileLatency(ns), 3643
[LOAD_GCs_Time(ms)], Operations, 20
[LOAD_GCs_Time(ms)], AverageLatency(ns), 1810.2
[LOAD_GCs_Time(ms)], MinLatency(ns), 1683
[LOAD_GCs_Time(ms)], MaxLatency(ns), 1842
[LOAD_GCs_Time(ms)], 95thPercentileLatency(ns), 1842
[LOAD_GCs_Time(ms)], 99thPercentileLatency(ns), 1842
[READ], Operations, 29995233
[READ], AverageLatency(ns), 15335.682318253705
[READ], MinLatency(ns), 270
[READ], MaxLatency(ns), 224678911
[READ], 95thPercentileLatency(ns), 59210
[READ], 99thPercentileLatency(ns), 74883
[READ], Return=OK, 29995233
[INIT], Operations, 20
[INIT], AverageLatency(ns), 1.6621174784E9
[INIT], MinLatency(ns), 1658380288
[INIT], MaxLatency(ns), 1666473983
[INIT], 95thPercentileLatency(ns), 1666400255
[INIT], 99thPercentileLatency(ns), 1666473983
[GCS], Operations, 10
[GCS], AverageLatency(ns), 17.7
[GCS], MinLatency(ns), 0
[GCS], MaxLatency(ns), 22
[GCS], 95thPercentileLatency(ns), 22
[GCS], 99thPercentileLatency(ns), 22
[LOAD_GCs_Count], Operations, 20
[LOAD_GCs_Count], AverageLatency(ns), 22.8
[LOAD_GCs_Count], MinLatency(ns), 22
[LOAD_GCs_Count], MaxLatency(ns), 23
[LOAD_GCs_Count], 95thPercentileLatency(ns), 23
[LOAD_GCs_Count], 99thPercentileLatency(ns), 23
[CLEANUP], Operations, 20
[CLEANUP], AverageLatency(ns), 1.98714572E8
[CLEANUP], MinLatency(ns), 5924768
[CLEANUP], MaxLatency(ns), 605540351
[CLEANUP], 95thPercentileLatency(ns), 530636799
[CLEANUP], 99thPercentileLatency(ns), 605540351
[INSERT], Operations, 1000000
[INSERT], AverageLatency(ns), 115439.767683
[INSERT], MinLatency(ns), 4255
[INSERT], MaxLatency(ns), 188123135
[INSERT], 95thPercentileLatency(ns), 98178
[INSERT], 99thPercentileLatency(ns), 3028079
[INSERT], Return=OK, 1000000
[UPDATE], Operations, 30004767
[UPDATE], AverageLatency(ns), 19399.154111411695
[UPDATE], MinLatency(ns), 350
[UPDATE], MaxLatency(ns), 224653311
[UPDATE], 95thPercentileLatency(ns), 61588
[UPDATE], 99thPercentileLatency(ns), 77079
[UPDATE], Return=OK, 30004767
