/home/anatole/jdk8u/build/linux-x86_64-normal-server-release/jdk/bin/java -Xmx20g -XX:+UseG1GC -classpath /home/anatole/ycsb/conf:/home/anatole/ycsb/core/target/core-0.18.0-SNAPSHOT.jar:/home/anatole/ycsb/core/target/dependency/HdrHistogram-2.1.4.jar:/home/anatole/ycsb/core/target/dependency/guava-18.0.jar:/home/anatole/ycsb/core/target/dependency/htrace-core4-4.1.0-incubating.jar:/home/anatole/ycsb/core/target/dependency/jackson-core-asl-1.9.4.jar:/home/anatole/ycsb/core/target/dependency/jackson-mapper-asl-1.9.4.jar:/home/anatole/ycsb/core/target/dependency/javax.persistence-api-2.2.jar:/home/anatole/ycsb/core/target/dependency/jnvm-1.0-SNAPSHOT.jar:/home/anatole/ycsb/core/target/dependency/pcj-1.0.jar:/home/anatole/ycsb/core/target/dependency/unsafe-helper-1.0.jar:/home/anatole/ycsb/infinispan/src/main/conf:/home/anatole/ycsb/infinispan/target/infinispan-binding-0.18.0-SNAPSHOT.jar:/home/anatole/ycsb/infinispan/target/dependency/caffeine-2.6.2.jar:/home/anatole/ycsb/infinispan/target/dependency/gson-2.8.2.jar:/home/anatole/ycsb/infinispan/target/dependency/guava-18.0.jar:/home/anatole/ycsb/infinispan/target/dependency/infinispan-cachestore-jnvm-1.0-SNAPSHOT.jar:/home/anatole/ycsb/infinispan/target/dependency/infinispan-cachestore-pcj-1.0-SNAPSHOT.jar:/home/anatole/ycsb/infinispan/target/dependency/infinispan-client-hotrod-9.4.20.Final.jar:/home/anatole/ycsb/infinispan/target/dependency/infinispan-commons-9.4.20.Final.jar:/home/anatole/ycsb/infinispan/target/dependency/infinispan-core-9.4.20.Final.jar:/home/anatole/ycsb/infinispan/target/dependency/javax.persistence-api-2.2.jar:/home/anatole/ycsb/infinispan/target/dependency/jboss-logging-3.3.2.Final.jar:/home/anatole/ycsb/infinispan/target/dependency/jboss-marshalling-osgi-2.0.6.Final.jar:/home/anatole/ycsb/infinispan/target/dependency/jboss-transaction-api_1.2_spec-1.1.1.Final.jar:/home/anatole/ycsb/infinispan/target/dependency/jgroups-4.0.21.Final.jar:/home/anatole/ycsb/infinispan/target/dependency/jnvm-1.0-SNAPSHOT.jar:/home/anatole/ycsb/infinispan/target/dependency/metainf-services-1.7.jar:/home/anatole/ycsb/infinispan/target/dependency/netty-buffer-4.1.51.Final.jar:/home/anatole/ycsb/infinispan/target/dependency/netty-codec-4.1.51.Final.jar:/home/anatole/ycsb/infinispan/target/dependency/netty-common-4.1.51.Final.jar:/home/anatole/ycsb/infinispan/target/dependency/netty-handler-4.1.51.Final.jar:/home/anatole/ycsb/infinispan/target/dependency/netty-resolver-4.1.51.Final.jar:/home/anatole/ycsb/infinispan/target/dependency/netty-transport-4.1.51.Final.jar:/home/anatole/ycsb/infinispan/target/dependency/netty-transport-native-epoll-4.1.51.Final-linux-x86_64.jar:/home/anatole/ycsb/infinispan/target/dependency/netty-transport-native-unix-common-4.1.51.Final.jar:/home/anatole/ycsb/infinispan/target/dependency/pcj-1.0.jar:/home/anatole/ycsb/infinispan/target/dependency/reactive-streams-1.0.2.jar:/home/anatole/ycsb/infinispan/target/dependency/rxjava-2.2.4.jar:/home/anatole/ycsb/infinispan/target/dependency/unsafe-helper-1.0.jar site.ycsb.Client -t -db site.ycsb.db.InfinispanClient -P ../workloads/workloada -preload -s -threads 4 -p dataintegrity=true -p offheap=false -p pcj=false -p recordcount=1000000 -p operationcount=12000000 -p fieldcount=10 -p fieldlength=100 -p requestdistribution=zipfian -p measurement.trackjvm=true -p measurementtype=hdrhistogram -p hdrhistogram.output.path=./out/exp5.concurrent.ref/log/infinispan.run.workloada.true.1000000.1000000.10.100.zipfian.4.true..default.default.none.r2.hdr.log
[OVERALL], RunTime(ms), 25205
[OVERALL], Throughput(ops/sec), 515770.68042055145
[TOTAL_GCS_G1_Young_Generation], Count, 56
[TOTAL_GC_TIME_G1_Young_Generation], Time(ms), 7504
[TOTAL_GC_TIME_%_G1_Young_Generation], Time(%), 29.771870660583215
[TOTAL_GCS_G1_Old_Generation], Count, 0
[TOTAL_GC_TIME_G1_Old_Generation], Time(ms), 0
[TOTAL_GC_TIME_%_G1_Old_Generation], Time(%), 0.0
[TOTAL_GCs], Count, 56
[TOTAL_GC_TIME], Time(ms), 7504
[TOTAL_GC_TIME_%], Time(%), 29.771870660583215
[MAX_MEM_USED], MBs, 6429
[MIN_MEM_USED], MBs, 56
[MAX_THREADS], Count, 36
[MIN_THREADS], Count, 4
[MAX_SYS_LOAD_AVG], Load, 11.31
[MIN_SYS_LOAD_AVG], Load, 8.41
[THREAD_COUNT], Operations, 4
[THREAD_COUNT], AverageLatency(ns), 20.5
[THREAD_COUNT], MinLatency(ns), 4
[THREAD_COUNT], MaxLatency(ns), 36
[THREAD_COUNT], 95thPercentileLatency(ns), 36
[THREAD_COUNT], 99thPercentileLatency(ns), 36
[SYS_LOAD_AVG], Operations, 4
[SYS_LOAD_AVG], AverageLatency(ns), 9.75
[SYS_LOAD_AVG], MinLatency(ns), 8
[SYS_LOAD_AVG], MaxLatency(ns), 11
[SYS_LOAD_AVG], 95thPercentileLatency(ns), 11
[SYS_LOAD_AVG], 99thPercentileLatency(ns), 11
[LOAD], Operations, 4
[LOAD], AverageLatency(ns), 6.455230464E9
[LOAD], MinLatency(ns), 6395428864
[LOAD], MaxLatency(ns), 6555205631
[LOAD], 95thPercentileLatency(ns), 6555205631
[LOAD], 99thPercentileLatency(ns), 6555205631
[USED_MEM_MB], Operations, 4
[USED_MEM_MB], AverageLatency(ns), 4458.5
[USED_MEM_MB], MinLatency(ns), 56
[USED_MEM_MB], MaxLatency(ns), 6429
[USED_MEM_MB], 95thPercentileLatency(ns), 6429
[USED_MEM_MB], 99thPercentileLatency(ns), 6429
[MAIN_GCs_Count], Operations, 4
[MAIN_GCs_Count], AverageLatency(ns), 30.0
[MAIN_GCs_Count], MinLatency(ns), 30
[MAIN_GCs_Count], MaxLatency(ns), 30
[MAIN_GCs_Count], 95thPercentileLatency(ns), 30
[MAIN_GCs_Count], 99thPercentileLatency(ns), 30
[MAIN_GCs_Time(ms)], Operations, 4
[MAIN_GCs_Time(ms)], AverageLatency(ns), 5347.0
[MAIN_GCs_Time(ms)], MinLatency(ns), 5347
[MAIN_GCs_Time(ms)], MaxLatency(ns), 5347
[MAIN_GCs_Time(ms)], 95thPercentileLatency(ns), 5347
[MAIN_GCs_Time(ms)], 99thPercentileLatency(ns), 5347
[TRANSACTION], Operations, 4
[TRANSACTION], AverageLatency(ns), 1.7310711808E10
[TRANSACTION], MinLatency(ns), 17264934912
[TRANSACTION], MaxLatency(ns), 17403478015
[TRANSACTION], 95thPercentileLatency(ns), 17403478015
[TRANSACTION], 99thPercentileLatency(ns), 17403478015
[GCS_TIME], Operations, 4
[GCS_TIME], AverageLatency(ns), 1876.0
[GCS_TIME], MinLatency(ns), 0
[GCS_TIME], MaxLatency(ns), 3514
[GCS_TIME], 95thPercentileLatency(ns), 3514
[GCS_TIME], 99thPercentileLatency(ns), 3514
[LOAD_GCs_Time(ms)], Operations, 4
[LOAD_GCs_Time(ms)], AverageLatency(ns), 2136.0
[LOAD_GCs_Time(ms)], MinLatency(ns), 2136
[LOAD_GCs_Time(ms)], MaxLatency(ns), 2136
[LOAD_GCs_Time(ms)], 95thPercentileLatency(ns), 2136
[LOAD_GCs_Time(ms)], 99thPercentileLatency(ns), 2136
[READ], Operations, 5999553
[READ], AverageLatency(ns), 1278.1505790514727
[READ], MinLatency(ns), 201
[READ], MaxLatency(ns), 226259967
[READ], 95thPercentileLatency(ns), 1296
[READ], 99thPercentileLatency(ns), 9000
[READ], Return=OK, 5999553
[INIT], Operations, 4
[INIT], AverageLatency(ns), 6.70027776E8
[INIT], MinLatency(ns), 669618176
[INIT], MaxLatency(ns), 670511103
[INIT], 95thPercentileLatency(ns), 670511103
[INIT], 99thPercentileLatency(ns), 670511103
[GCS], Operations, 4
[GCS], AverageLatency(ns), 14.0
[GCS], MinLatency(ns), 0
[GCS], MaxLatency(ns), 34
[GCS], 95thPercentileLatency(ns), 34
[GCS], 99thPercentileLatency(ns), 34
[LOAD_GCs_Count], Operations, 4
[LOAD_GCs_Count], AverageLatency(ns), 25.0
[LOAD_GCs_Count], MinLatency(ns), 25
[LOAD_GCs_Count], MaxLatency(ns), 25
[LOAD_GCs_Count], 95thPercentileLatency(ns), 25
[LOAD_GCs_Count], 99thPercentileLatency(ns), 25
[CLEANUP], Operations, 4
[CLEANUP], AverageLatency(ns), 5.64354304E8
[CLEANUP], MinLatency(ns), 490174464
[CLEANUP], MaxLatency(ns), 589090815
[CLEANUP], 95thPercentileLatency(ns), 589090815
[CLEANUP], 99thPercentileLatency(ns), 589090815
[INSERT], Operations, 1000000
[INSERT], AverageLatency(ns), 10887.854244
[INSERT], MinLatency(ns), 1823
[INSERT], MaxLatency(ns), 175750143
[INSERT], 95thPercentileLatency(ns), 6838
[INSERT], 99thPercentileLatency(ns), 25772
[INSERT], Return=OK, 1000000
[UPDATE], Operations, 6000447
[UPDATE], AverageLatency(ns), 5843.989942415957
[UPDATE], MinLatency(ns), 1304
[UPDATE], MaxLatency(ns), 233576447
[UPDATE], 95thPercentileLatency(ns), 11131
[UPDATE], 99thPercentileLatency(ns), 14003
[UPDATE], Return=OK, 6000447
