/home/anatole/jdk8u/build/linux-x86_64-normal-server-release/jdk/bin/java -Xmx20g -XX:+UseG1GC -classpath /home/anatole/ycsb/conf:/home/anatole/ycsb/core/target/core-0.18.0-SNAPSHOT.jar:/home/anatole/ycsb/core/target/dependency/HdrHistogram-2.1.4.jar:/home/anatole/ycsb/core/target/dependency/guava-18.0.jar:/home/anatole/ycsb/core/target/dependency/htrace-core4-4.1.0-incubating.jar:/home/anatole/ycsb/core/target/dependency/jackson-core-asl-1.9.4.jar:/home/anatole/ycsb/core/target/dependency/jackson-mapper-asl-1.9.4.jar:/home/anatole/ycsb/core/target/dependency/javax.persistence-api-2.2.jar:/home/anatole/ycsb/core/target/dependency/jnvm-1.0-SNAPSHOT.jar:/home/anatole/ycsb/core/target/dependency/pcj-1.0.jar:/home/anatole/ycsb/core/target/dependency/unsafe-helper-1.0.jar:/home/anatole/ycsb/infinispan/src/main/conf:/home/anatole/ycsb/infinispan/target/infinispan-binding-0.18.0-SNAPSHOT.jar:/home/anatole/ycsb/infinispan/target/dependency/caffeine-2.6.2.jar:/home/anatole/ycsb/infinispan/target/dependency/gson-2.8.2.jar:/home/anatole/ycsb/infinispan/target/dependency/guava-18.0.jar:/home/anatole/ycsb/infinispan/target/dependency/infinispan-cachestore-jnvm-1.0-SNAPSHOT.jar:/home/anatole/ycsb/infinispan/target/dependency/infinispan-cachestore-pcj-1.0-SNAPSHOT.jar:/home/anatole/ycsb/infinispan/target/dependency/infinispan-client-hotrod-9.4.20.Final.jar:/home/anatole/ycsb/infinispan/target/dependency/infinispan-commons-9.4.20.Final.jar:/home/anatole/ycsb/infinispan/target/dependency/infinispan-core-9.4.20.Final.jar:/home/anatole/ycsb/infinispan/target/dependency/javax.persistence-api-2.2.jar:/home/anatole/ycsb/infinispan/target/dependency/jboss-logging-3.3.2.Final.jar:/home/anatole/ycsb/infinispan/target/dependency/jboss-marshalling-osgi-2.0.6.Final.jar:/home/anatole/ycsb/infinispan/target/dependency/jboss-transaction-api_1.2_spec-1.1.1.Final.jar:/home/anatole/ycsb/infinispan/target/dependency/jgroups-4.0.21.Final.jar:/home/anatole/ycsb/infinispan/target/dependency/jnvm-1.0-SNAPSHOT.jar:/home/anatole/ycsb/infinispan/target/dependency/metainf-services-1.7.jar:/home/anatole/ycsb/infinispan/target/dependency/netty-buffer-4.1.51.Final.jar:/home/anatole/ycsb/infinispan/target/dependency/netty-codec-4.1.51.Final.jar:/home/anatole/ycsb/infinispan/target/dependency/netty-common-4.1.51.Final.jar:/home/anatole/ycsb/infinispan/target/dependency/netty-handler-4.1.51.Final.jar:/home/anatole/ycsb/infinispan/target/dependency/netty-resolver-4.1.51.Final.jar:/home/anatole/ycsb/infinispan/target/dependency/netty-transport-4.1.51.Final.jar:/home/anatole/ycsb/infinispan/target/dependency/netty-transport-native-epoll-4.1.51.Final-linux-x86_64.jar:/home/anatole/ycsb/infinispan/target/dependency/netty-transport-native-unix-common-4.1.51.Final.jar:/home/anatole/ycsb/infinispan/target/dependency/pcj-1.0.jar:/home/anatole/ycsb/infinispan/target/dependency/reactive-streams-1.0.2.jar:/home/anatole/ycsb/infinispan/target/dependency/rxjava-2.2.4.jar:/home/anatole/ycsb/infinispan/target/dependency/unsafe-helper-1.0.jar site.ycsb.Client -t -db site.ycsb.db.InfinispanClient -P ../workloads/workloada -preload -s -threads 4 -p dataintegrity=true -p offheap=false -p pcj=false -p recordcount=1000000 -p operationcount=24000000 -p fieldcount=10 -p fieldlength=100 -p requestdistribution=zipfian -p measurement.trackjvm=true -p measurementtype=hdrhistogram -p hdrhistogram.output.path=./out/exp5.concurrent.ref/log/infinispan.run.workloada.true.1000000.1000000.10.100.zipfian.4.false.true.default.default.volatile.r6.hdr.log
[OVERALL], RunTime(ms), 40717
[OVERALL], Throughput(ops/sec), 613994.1547756465
[TOTAL_GCS_G1_Young_Generation], Count, 79
[TOTAL_GC_TIME_G1_Young_Generation], Time(ms), 11856
[TOTAL_GC_TIME_%_G1_Young_Generation], Time(%), 29.11805879608026
[TOTAL_GCS_G1_Old_Generation], Count, 0
[TOTAL_GC_TIME_G1_Old_Generation], Time(ms), 0
[TOTAL_GC_TIME_%_G1_Old_Generation], Time(%), 0.0
[TOTAL_GCs], Count, 79
[TOTAL_GC_TIME], Time(ms), 11856
[TOTAL_GC_TIME_%], Time(%), 29.11805879608026
[MAX_MEM_USED], MBs, 8320
[MIN_MEM_USED], MBs, 56
[MAX_THREADS], Count, 35
[MIN_THREADS], Count, 4
[MAX_SYS_LOAD_AVG], Load, 18.2
[MIN_SYS_LOAD_AVG], Load, 15.14
[THREAD_COUNT], Operations, 6
[THREAD_COUNT], AverageLatency(ns), 19.833333333333332
[THREAD_COUNT], MinLatency(ns), 4
[THREAD_COUNT], MaxLatency(ns), 35
[THREAD_COUNT], 95thPercentileLatency(ns), 35
[THREAD_COUNT], 99thPercentileLatency(ns), 35
[SYS_LOAD_AVG], Operations, 6
[SYS_LOAD_AVG], AverageLatency(ns), 16.166666666666668
[SYS_LOAD_AVG], MinLatency(ns), 15
[SYS_LOAD_AVG], MaxLatency(ns), 18
[SYS_LOAD_AVG], 95thPercentileLatency(ns), 18
[SYS_LOAD_AVG], 99thPercentileLatency(ns), 18
[LOAD], Operations, 4
[LOAD], AverageLatency(ns), 6.067101696E9
[LOAD], MinLatency(ns), 5840306176
[LOAD], MaxLatency(ns), 6154027007
[LOAD], 95thPercentileLatency(ns), 6154027007
[LOAD], 99thPercentileLatency(ns), 6154027007
[USED_MEM_MB], Operations, 6
[USED_MEM_MB], AverageLatency(ns), 5846.333333333333
[USED_MEM_MB], MinLatency(ns), 56
[USED_MEM_MB], MaxLatency(ns), 8320
[USED_MEM_MB], 95thPercentileLatency(ns), 8320
[USED_MEM_MB], 99thPercentileLatency(ns), 8320
[MAIN_GCs_Count], Operations, 4
[MAIN_GCs_Count], AverageLatency(ns), 52.0
[MAIN_GCs_Count], MinLatency(ns), 51
[MAIN_GCs_Count], MaxLatency(ns), 53
[MAIN_GCs_Count], 95thPercentileLatency(ns), 53
[MAIN_GCs_Count], 99thPercentileLatency(ns), 53
[MAIN_GCs_Time(ms)], Operations, 4
[MAIN_GCs_Time(ms)], AverageLatency(ns), 9572.25
[MAIN_GCs_Time(ms)], MinLatency(ns), 9394
[MAIN_GCs_Time(ms)], MaxLatency(ns), 9737
[MAIN_GCs_Time(ms)], 95thPercentileLatency(ns), 9737
[MAIN_GCs_Time(ms)], 99thPercentileLatency(ns), 9737
[TRANSACTION], Operations, 4
[TRANSACTION], AverageLatency(ns), 3.240198144E10
[TRANSACTION], MinLatency(ns), 31534219264
[TRANSACTION], MaxLatency(ns), 33358348287
[TRANSACTION], 95thPercentileLatency(ns), 33358348287
[TRANSACTION], 99thPercentileLatency(ns), 33358348287
[GCS_TIME], Operations, 6
[GCS_TIME], AverageLatency(ns), 1976.0
[GCS_TIME], MinLatency(ns), 0
[GCS_TIME], MaxLatency(ns), 3524
[GCS_TIME], 95thPercentileLatency(ns), 3524
[GCS_TIME], 99thPercentileLatency(ns), 3524
[LOAD_GCs_Time(ms)], Operations, 4
[LOAD_GCs_Time(ms)], AverageLatency(ns), 2060.0
[LOAD_GCs_Time(ms)], MinLatency(ns), 1937
[LOAD_GCs_Time(ms)], MaxLatency(ns), 2101
[LOAD_GCs_Time(ms)], 95thPercentileLatency(ns), 2101
[LOAD_GCs_Time(ms)], 99thPercentileLatency(ns), 2101
[READ], Operations, 11994560
[READ], AverageLatency(ns), 1306.9811348644719
[READ], MinLatency(ns), 196
[READ], MaxLatency(ns), 253643775
[READ], 95thPercentileLatency(ns), 1317
[READ], 99thPercentileLatency(ns), 9023
[READ], Return=OK, 11994560
[INIT], Operations, 4
[INIT], AverageLatency(ns), 5.75693824E8
[INIT], MinLatency(ns), 575291392
[INIT], MaxLatency(ns), 576036863
[INIT], 95thPercentileLatency(ns), 576036863
[INIT], 99thPercentileLatency(ns), 576036863
[GCS], Operations, 6
[GCS], AverageLatency(ns), 13.166666666666666
[GCS], MinLatency(ns), 0
[GCS], MaxLatency(ns), 34
[GCS], 95thPercentileLatency(ns), 34
[GCS], 99thPercentileLatency(ns), 34
[LOAD_GCs_Count], Operations, 4
[LOAD_GCs_Count], AverageLatency(ns), 24.75
[LOAD_GCs_Count], MinLatency(ns), 24
[LOAD_GCs_Count], MaxLatency(ns), 25
[LOAD_GCs_Count], 95thPercentileLatency(ns), 25
[LOAD_GCs_Count], 99thPercentileLatency(ns), 25
[CLEANUP], Operations, 4
[CLEANUP], AverageLatency(ns), 1.441936128E9
[CLEANUP], MinLatency(ns), 478595072
[CLEANUP], MaxLatency(ns), 2290286591
[CLEANUP], 95thPercentileLatency(ns), 2290286591
[CLEANUP], 99thPercentileLatency(ns), 2290286591
[INSERT], Operations, 1000000
[INSERT], AverageLatency(ns), 6033.876462
[INSERT], MinLatency(ns), 1402
[INSERT], MaxLatency(ns), 166957055
[INSERT], 95thPercentileLatency(ns), 5007
[INSERT], 99thPercentileLatency(ns), 20067
[INSERT], Return=OK, 1000000
[UPDATE], Operations, 12005440
[UPDATE], AverageLatency(ns), 4993.26005285937
[UPDATE], MinLatency(ns), 1152
[UPDATE], MaxLatency(ns), 253978623
[UPDATE], 95thPercentileLatency(ns), 11083
[UPDATE], 99thPercentileLatency(ns), 13987
[UPDATE], Return=OK, 12005440
