/home/anatole/jdk8u/build/linux-x86_64-normal-server-release/jdk/bin/java -Xmx20g -XX:+UseG1GC -classpath /home/anatole/ycsb/conf:/home/anatole/ycsb/core/target/core-0.18.0-SNAPSHOT.jar:/home/anatole/ycsb/core/target/dependency/HdrHistogram-2.1.4.jar:/home/anatole/ycsb/core/target/dependency/guava-18.0.jar:/home/anatole/ycsb/core/target/dependency/htrace-core4-4.1.0-incubating.jar:/home/anatole/ycsb/core/target/dependency/jackson-core-asl-1.9.4.jar:/home/anatole/ycsb/core/target/dependency/jackson-mapper-asl-1.9.4.jar:/home/anatole/ycsb/core/target/dependency/javax.persistence-api-2.2.jar:/home/anatole/ycsb/core/target/dependency/jnvm-1.0-SNAPSHOT.jar:/home/anatole/ycsb/core/target/dependency/pcj-1.0.jar:/home/anatole/ycsb/core/target/dependency/unsafe-helper-1.0.jar:/home/anatole/ycsb/infinispan/src/main/conf:/home/anatole/ycsb/infinispan/target/infinispan-binding-0.18.0-SNAPSHOT.jar:/home/anatole/ycsb/infinispan/target/dependency/caffeine-2.6.2.jar:/home/anatole/ycsb/infinispan/target/dependency/gson-2.8.2.jar:/home/anatole/ycsb/infinispan/target/dependency/guava-18.0.jar:/home/anatole/ycsb/infinispan/target/dependency/infinispan-cachestore-jnvm-1.0-SNAPSHOT.jar:/home/anatole/ycsb/infinispan/target/dependency/infinispan-cachestore-pcj-1.0-SNAPSHOT.jar:/home/anatole/ycsb/infinispan/target/dependency/infinispan-client-hotrod-9.4.20.Final.jar:/home/anatole/ycsb/infinispan/target/dependency/infinispan-commons-9.4.20.Final.jar:/home/anatole/ycsb/infinispan/target/dependency/infinispan-core-9.4.20.Final.jar:/home/anatole/ycsb/infinispan/target/dependency/javax.persistence-api-2.2.jar:/home/anatole/ycsb/infinispan/target/dependency/jboss-logging-3.3.2.Final.jar:/home/anatole/ycsb/infinispan/target/dependency/jboss-marshalling-osgi-2.0.6.Final.jar:/home/anatole/ycsb/infinispan/target/dependency/jboss-transaction-api_1.2_spec-1.1.1.Final.jar:/home/anatole/ycsb/infinispan/target/dependency/jgroups-4.0.21.Final.jar:/home/anatole/ycsb/infinispan/target/dependency/jnvm-1.0-SNAPSHOT.jar:/home/anatole/ycsb/infinispan/target/dependency/metainf-services-1.7.jar:/home/anatole/ycsb/infinispan/target/dependency/netty-buffer-4.1.51.Final.jar:/home/anatole/ycsb/infinispan/target/dependency/netty-codec-4.1.51.Final.jar:/home/anatole/ycsb/infinispan/target/dependency/netty-common-4.1.51.Final.jar:/home/anatole/ycsb/infinispan/target/dependency/netty-handler-4.1.51.Final.jar:/home/anatole/ycsb/infinispan/target/dependency/netty-resolver-4.1.51.Final.jar:/home/anatole/ycsb/infinispan/target/dependency/netty-transport-4.1.51.Final.jar:/home/anatole/ycsb/infinispan/target/dependency/netty-transport-native-epoll-4.1.51.Final-linux-x86_64.jar:/home/anatole/ycsb/infinispan/target/dependency/netty-transport-native-unix-common-4.1.51.Final.jar:/home/anatole/ycsb/infinispan/target/dependency/pcj-1.0.jar:/home/anatole/ycsb/infinispan/target/dependency/reactive-streams-1.0.2.jar:/home/anatole/ycsb/infinispan/target/dependency/rxjava-2.2.4.jar:/home/anatole/ycsb/infinispan/target/dependency/unsafe-helper-1.0.jar site.ycsb.Client -t -db site.ycsb.db.InfinispanClient -P ../workloads/workloadc -preload -s -threads 4 -p dataintegrity=true -p offheap=false -p pcj=false -p recordcount=1000000 -p operationcount=12000000 -p fieldcount=10 -p fieldlength=100 -p requestdistribution=zipfian -p measurement.trackjvm=true -p measurementtype=hdrhistogram -p hdrhistogram.output.path=./out/exp5.concurrent.ref/log/infinispan.run.workloadc.true.1000000.100000.10.100.zipfian.4.false..default.default.none.r4.hdr.log
[OVERALL], RunTime(ms), 86255
[OVERALL], Throughput(ops/sec), 150715.90052750564
[TOTAL_GCS_G1_Young_Generation], Count, 38
[TOTAL_GC_TIME_G1_Young_Generation], Time(ms), 3064
[TOTAL_GC_TIME_%_G1_Young_Generation], Time(%), 3.55225784012521
[TOTAL_GCS_G1_Old_Generation], Count, 0
[TOTAL_GC_TIME_G1_Old_Generation], Time(ms), 0
[TOTAL_GC_TIME_%_G1_Old_Generation], Time(%), 0.0
[TOTAL_GCs], Count, 38
[TOTAL_GC_TIME], Time(ms), 3064
[TOTAL_GC_TIME_%], Time(%), 3.55225784012521
[MAX_MEM_USED], MBs, 9677
[MIN_MEM_USED], MBs, 56
[MAX_THREADS], Count, 10
[MIN_THREADS], Count, 3
[MAX_SYS_LOAD_AVG], Load, 6.51
[MIN_SYS_LOAD_AVG], Load, 4.64
[THREAD_COUNT], Operations, 10
[THREAD_COUNT], AverageLatency(ns), 8.8
[THREAD_COUNT], MinLatency(ns), 3
[THREAD_COUNT], MaxLatency(ns), 10
[THREAD_COUNT], 95thPercentileLatency(ns), 10
[THREAD_COUNT], 99thPercentileLatency(ns), 10
[SYS_LOAD_AVG], Operations, 10
[SYS_LOAD_AVG], AverageLatency(ns), 5.0
[SYS_LOAD_AVG], MinLatency(ns), 4
[SYS_LOAD_AVG], MaxLatency(ns), 6
[SYS_LOAD_AVG], 95thPercentileLatency(ns), 6
[SYS_LOAD_AVG], 99thPercentileLatency(ns), 6
[LOAD], Operations, 4
[LOAD], AverageLatency(ns), 1.4702575616E10
[LOAD], MinLatency(ns), 14674558976
[LOAD], MaxLatency(ns), 14754512895
[LOAD], 95thPercentileLatency(ns), 14754512895
[LOAD], 99thPercentileLatency(ns), 14754512895
[USED_MEM_MB], Operations, 10
[USED_MEM_MB], AverageLatency(ns), 6711.4
[USED_MEM_MB], MinLatency(ns), 56
[USED_MEM_MB], MaxLatency(ns), 9677
[USED_MEM_MB], 95thPercentileLatency(ns), 9677
[USED_MEM_MB], 99thPercentileLatency(ns), 9677
[MAIN_GCs_Count], Operations, 4
[MAIN_GCs_Count], AverageLatency(ns), 19.0
[MAIN_GCs_Count], MinLatency(ns), 19
[MAIN_GCs_Count], MaxLatency(ns), 19
[MAIN_GCs_Count], 95thPercentileLatency(ns), 19
[MAIN_GCs_Count], 99thPercentileLatency(ns), 19
[MAIN_GCs_Time(ms)], Operations, 4
[MAIN_GCs_Time(ms)], AverageLatency(ns), 2112.0
[MAIN_GCs_Time(ms)], MinLatency(ns), 2112
[MAIN_GCs_Time(ms)], MaxLatency(ns), 2112
[MAIN_GCs_Time(ms)], 95thPercentileLatency(ns), 2112
[MAIN_GCs_Time(ms)], 99thPercentileLatency(ns), 2112
[TRANSACTION], Operations, 4
[TRANSACTION], AverageLatency(ns), 6.9867667456E10
[TRANSACTION], MinLatency(ns), 69562531840
[TRANSACTION], MaxLatency(ns), 70723829759
[TRANSACTION], 95thPercentileLatency(ns), 70723829759
[TRANSACTION], 99thPercentileLatency(ns), 70723829759
[GCS_TIME], Operations, 10
[GCS_TIME], AverageLatency(ns), 306.4
[GCS_TIME], MinLatency(ns), 0
[GCS_TIME], MaxLatency(ns), 844
[GCS_TIME], 95thPercentileLatency(ns), 844
[GCS_TIME], 99thPercentileLatency(ns), 844
[LOAD_GCs_Time(ms)], Operations, 4
[LOAD_GCs_Time(ms)], AverageLatency(ns), 932.0
[LOAD_GCs_Time(ms)], MinLatency(ns), 932
[LOAD_GCs_Time(ms)], MaxLatency(ns), 932
[LOAD_GCs_Time(ms)], 95thPercentileLatency(ns), 932
[LOAD_GCs_Time(ms)], 99thPercentileLatency(ns), 932
[READ], Operations, 12000000
[READ], AverageLatency(ns), 22302.26544325
[READ], MinLatency(ns), 193
[READ], MaxLatency(ns), 332906495
[READ], 95thPercentileLatency(ns), 44250
[READ], 99thPercentileLatency(ns), 53237
[READ], Return=OK, 12000000
[INIT], Operations, 4
[INIT], AverageLatency(ns), 6.49665536E8
[INIT], MinLatency(ns), 649277440
[INIT], MaxLatency(ns), 650113023
[INIT], 95thPercentileLatency(ns), 650113023
[INIT], 99thPercentileLatency(ns), 650113023
[GCS], Operations, 10
[GCS], AverageLatency(ns), 3.8
[GCS], MinLatency(ns), 0
[GCS], MaxLatency(ns), 18
[GCS], 95thPercentileLatency(ns), 18
[GCS], 99thPercentileLatency(ns), 18
[LOAD_GCs_Count], Operations, 4
[LOAD_GCs_Count], AverageLatency(ns), 18.0
[LOAD_GCs_Count], MinLatency(ns), 18
[LOAD_GCs_Count], MaxLatency(ns), 18
[LOAD_GCs_Count], 95thPercentileLatency(ns), 18
[LOAD_GCs_Count], 99thPercentileLatency(ns), 18
[CLEANUP], Operations, 4
[CLEANUP], AverageLatency(ns), 9.1558736E8
[CLEANUP], MinLatency(ns), 62919680
[CLEANUP], MaxLatency(ns), 1210818559
[CLEANUP], 95thPercentileLatency(ns), 1210818559
[CLEANUP], 99thPercentileLatency(ns), 1210818559
[INSERT], Operations, 1000000
[INSERT], AverageLatency(ns), 48030.090642
[INSERT], MinLatency(ns), 25073
[INSERT], MaxLatency(ns), 108223487
[INSERT], 95thPercentileLatency(ns), 54067
[INSERT], 99thPercentileLatency(ns), 80918
[INSERT], Return=OK, 1000000
