/home/anatole/jdk8u/build/linux-x86_64-normal-server-release/jdk/bin/java -Xmx20g -XX:+UseG1GC -classpath /home/anatole/ycsb/conf:/home/anatole/ycsb/core/target/core-0.18.0-SNAPSHOT.jar:/home/anatole/ycsb/core/target/dependency/HdrHistogram-2.1.4.jar:/home/anatole/ycsb/core/target/dependency/guava-18.0.jar:/home/anatole/ycsb/core/target/dependency/htrace-core4-4.1.0-incubating.jar:/home/anatole/ycsb/core/target/dependency/jackson-core-asl-1.9.4.jar:/home/anatole/ycsb/core/target/dependency/jackson-mapper-asl-1.9.4.jar:/home/anatole/ycsb/core/target/dependency/javax.persistence-api-2.2.jar:/home/anatole/ycsb/core/target/dependency/jnvm-1.0-SNAPSHOT.jar:/home/anatole/ycsb/core/target/dependency/pcj-1.0.jar:/home/anatole/ycsb/core/target/dependency/unsafe-helper-1.0.jar:/home/anatole/ycsb/infinispan/src/main/conf:/home/anatole/ycsb/infinispan/target/infinispan-binding-0.18.0-SNAPSHOT.jar:/home/anatole/ycsb/infinispan/target/dependency/caffeine-2.6.2.jar:/home/anatole/ycsb/infinispan/target/dependency/gson-2.8.2.jar:/home/anatole/ycsb/infinispan/target/dependency/guava-18.0.jar:/home/anatole/ycsb/infinispan/target/dependency/infinispan-cachestore-jnvm-1.0-SNAPSHOT.jar:/home/anatole/ycsb/infinispan/target/dependency/infinispan-cachestore-pcj-1.0-SNAPSHOT.jar:/home/anatole/ycsb/infinispan/target/dependency/infinispan-client-hotrod-9.4.20.Final.jar:/home/anatole/ycsb/infinispan/target/dependency/infinispan-commons-9.4.20.Final.jar:/home/anatole/ycsb/infinispan/target/dependency/infinispan-core-9.4.20.Final.jar:/home/anatole/ycsb/infinispan/target/dependency/javax.persistence-api-2.2.jar:/home/anatole/ycsb/infinispan/target/dependency/jboss-logging-3.3.2.Final.jar:/home/anatole/ycsb/infinispan/target/dependency/jboss-marshalling-osgi-2.0.6.Final.jar:/home/anatole/ycsb/infinispan/target/dependency/jboss-transaction-api_1.2_spec-1.1.1.Final.jar:/home/anatole/ycsb/infinispan/target/dependency/jgroups-4.0.21.Final.jar:/home/anatole/ycsb/infinispan/target/dependency/jnvm-1.0-SNAPSHOT.jar:/home/anatole/ycsb/infinispan/target/dependency/metainf-services-1.7.jar:/home/anatole/ycsb/infinispan/target/dependency/netty-buffer-4.1.51.Final.jar:/home/anatole/ycsb/infinispan/target/dependency/netty-codec-4.1.51.Final.jar:/home/anatole/ycsb/infinispan/target/dependency/netty-common-4.1.51.Final.jar:/home/anatole/ycsb/infinispan/target/dependency/netty-handler-4.1.51.Final.jar:/home/anatole/ycsb/infinispan/target/dependency/netty-resolver-4.1.51.Final.jar:/home/anatole/ycsb/infinispan/target/dependency/netty-transport-4.1.51.Final.jar:/home/anatole/ycsb/infinispan/target/dependency/netty-transport-native-epoll-4.1.51.Final-linux-x86_64.jar:/home/anatole/ycsb/infinispan/target/dependency/netty-transport-native-unix-common-4.1.51.Final.jar:/home/anatole/ycsb/infinispan/target/dependency/pcj-1.0.jar:/home/anatole/ycsb/infinispan/target/dependency/reactive-streams-1.0.2.jar:/home/anatole/ycsb/infinispan/target/dependency/rxjava-2.2.4.jar:/home/anatole/ycsb/infinispan/target/dependency/unsafe-helper-1.0.jar site.ycsb.Client -t -db site.ycsb.db.InfinispanClient -P ../workloads/workloada -preload -s -threads 20 -p dataintegrity=true -p offheap=false -p pcj=false -p recordcount=1000000 -p operationcount=60000000 -p fieldcount=10 -p fieldlength=100 -p requestdistribution=zipfian -p measurement.trackjvm=true -p measurementtype=hdrhistogram -p hdrhistogram.output.path=./out/exp5.concurrent.ref/log/infinispan.run.workloada.true.1000000.100000.10.100.zipfian.20.false..default.default.none.r5.hdr.log
[OVERALL], RunTime(ms), 378136
[OVERALL], Throughput(ops/sec), 161317.62117333445
[TOTAL_GCS_G1_Young_Generation], Count, 185
[TOTAL_GC_TIME_G1_Young_Generation], Time(ms), 25051
[TOTAL_GC_TIME_%_G1_Young_Generation], Time(%), 6.624865127890494
[TOTAL_GCS_G1_Old_Generation], Count, 0
[TOTAL_GC_TIME_G1_Old_Generation], Time(ms), 0
[TOTAL_GC_TIME_%_G1_Old_Generation], Time(%), 0.0
[TOTAL_GCs], Count, 185
[TOTAL_GC_TIME], Time(ms), 25051
[TOTAL_GC_TIME_%], Time(%), 6.624865127890494
[MAX_MEM_USED], MBs, 12630
[MIN_MEM_USED], MBs, 76
[MAX_THREADS], Count, 52
[MIN_THREADS], Count, 2
[MAX_SYS_LOAD_AVG], Load, 20.56
[MIN_SYS_LOAD_AVG], Load, 17.32
[THREAD_COUNT], Operations, 39
[THREAD_COUNT], AverageLatency(ns), 47.94871794871795
[THREAD_COUNT], MinLatency(ns), 2
[THREAD_COUNT], MaxLatency(ns), 52
[THREAD_COUNT], 95thPercentileLatency(ns), 52
[THREAD_COUNT], 99thPercentileLatency(ns), 52
[SYS_LOAD_AVG], Operations, 39
[SYS_LOAD_AVG], AverageLatency(ns), 18.487179487179485
[SYS_LOAD_AVG], MinLatency(ns), 17
[SYS_LOAD_AVG], MaxLatency(ns), 20
[SYS_LOAD_AVG], 95thPercentileLatency(ns), 20
[SYS_LOAD_AVG], 99thPercentileLatency(ns), 20
[LOAD], Operations, 20
[LOAD], AverageLatency(ns), 1.2852281344E10
[LOAD], MinLatency(ns), 11836456960
[LOAD], MaxLatency(ns), 13744209919
[LOAD], 95thPercentileLatency(ns), 13618315263
[LOAD], 99thPercentileLatency(ns), 13744209919
[USED_MEM_MB], Operations, 39
[USED_MEM_MB], AverageLatency(ns), 7679.974358974359
[USED_MEM_MB], MinLatency(ns), 76
[USED_MEM_MB], MaxLatency(ns), 12630
[USED_MEM_MB], 95thPercentileLatency(ns), 11497
[USED_MEM_MB], 99thPercentileLatency(ns), 12630
[MAIN_GCs_Count], Operations, 20
[MAIN_GCs_Count], AverageLatency(ns), 164.85
[MAIN_GCs_Count], MinLatency(ns), 164
[MAIN_GCs_Count], MaxLatency(ns), 165
[MAIN_GCs_Count], 95thPercentileLatency(ns), 165
[MAIN_GCs_Count], 99thPercentileLatency(ns), 165
[MAIN_GCs_Time(ms)], Operations, 20
[MAIN_GCs_Time(ms)], AverageLatency(ns), 24160.3
[MAIN_GCs_Time(ms)], MinLatency(ns), 24026
[MAIN_GCs_Time(ms)], MaxLatency(ns), 24184
[MAIN_GCs_Time(ms)], 95thPercentileLatency(ns), 24184
[MAIN_GCs_Time(ms)], 99thPercentileLatency(ns), 24184
[TRANSACTION], Operations, 20
[TRANSACTION], AverageLatency(ns), 3.623194984448E11
[TRANSACTION], MinLatency(ns), 360766767104
[TRANSACTION], MaxLatency(ns), 363591630847
[TRANSACTION], 95thPercentileLatency(ns), 363253989375
[TRANSACTION], 99thPercentileLatency(ns), 363591630847
[GCS_TIME], Operations, 39
[GCS_TIME], AverageLatency(ns), 642.3333333333334
[GCS_TIME], MinLatency(ns), 0
[GCS_TIME], MaxLatency(ns), 933
[GCS_TIME], 95thPercentileLatency(ns), 774
[GCS_TIME], 99thPercentileLatency(ns), 933
[LOAD_GCs_Time(ms)], Operations, 20
[LOAD_GCs_Time(ms)], AverageLatency(ns), 772.75
[LOAD_GCs_Time(ms)], MinLatency(ns), 747
[LOAD_GCs_Time(ms)], MaxLatency(ns), 850
[LOAD_GCs_Time(ms)], 95thPercentileLatency(ns), 850
[LOAD_GCs_Time(ms)], 99thPercentileLatency(ns), 850
[READ], Operations, 30001363
[READ], AverageLatency(ns), 76171.68797980945
[READ], MinLatency(ns), 177
[READ], MaxLatency(ns), 510668799
[READ], 95thPercentileLatency(ns), 244562
[READ], 99thPercentileLatency(ns), 314323
[READ], Return=OK, 30001363
[INIT], Operations, 20
[INIT], AverageLatency(ns), 6.301073408E8
[INIT], MinLatency(ns), 626925568
[INIT], MaxLatency(ns), 634191871
[INIT], 95thPercentileLatency(ns), 633982975
[INIT], 99thPercentileLatency(ns), 634191871
[GCS], Operations, 39
[GCS], AverageLatency(ns), 4.743589743589744
[GCS], MinLatency(ns), 0
[GCS], MaxLatency(ns), 18
[GCS], 95thPercentileLatency(ns), 6
[GCS], 99thPercentileLatency(ns), 18
[LOAD_GCs_Count], Operations, 20
[LOAD_GCs_Count], AverageLatency(ns), 18.25
[LOAD_GCs_Count], MinLatency(ns), 18
[LOAD_GCs_Count], MaxLatency(ns), 19
[LOAD_GCs_Count], 95thPercentileLatency(ns), 19
[LOAD_GCs_Count], 99thPercentileLatency(ns), 19
[CLEANUP], Operations, 20
[CLEANUP], AverageLatency(ns), 1.3442301568E9
[CLEANUP], MinLatency(ns), 72690688
[CLEANUP], MaxLatency(ns), 2881486847
[CLEANUP], 95thPercentileLatency(ns), 2605285375
[CLEANUP], 99thPercentileLatency(ns), 2881486847
[INSERT], Operations, 1000000
[INSERT], AverageLatency(ns), 242747.417962
[INSERT], MinLatency(ns), 23198
[INSERT], MaxLatency(ns), 1270956031
[INSERT], 95thPercentileLatency(ns), 265529
[INSERT], 99thPercentileLatency(ns), 409393
[INSERT], Return=OK, 1000000
[UPDATE], Operations, 29998637
[UPDATE], AverageLatency(ns), 160772.8578318075
[UPDATE], MinLatency(ns), 22816
[UPDATE], MaxLatency(ns), 511303679
[UPDATE], 95thPercentileLatency(ns), 337165
[UPDATE], 99thPercentileLatency(ns), 428493
[UPDATE], Return=OK, 29998637
