/home/anatole/jdk8u/build/linux-x86_64-normal-server-release/jdk/bin/java -Xmx20g -XX:+UseG1GC -classpath /home/anatole/ycsb/conf:/home/anatole/ycsb/core/target/core-0.18.0-SNAPSHOT.jar:/home/anatole/ycsb/core/target/dependency/HdrHistogram-2.1.4.jar:/home/anatole/ycsb/core/target/dependency/guava-18.0.jar:/home/anatole/ycsb/core/target/dependency/htrace-core4-4.1.0-incubating.jar:/home/anatole/ycsb/core/target/dependency/jackson-core-asl-1.9.4.jar:/home/anatole/ycsb/core/target/dependency/jackson-mapper-asl-1.9.4.jar:/home/anatole/ycsb/core/target/dependency/javax.persistence-api-2.2.jar:/home/anatole/ycsb/core/target/dependency/jnvm-1.0-SNAPSHOT.jar:/home/anatole/ycsb/core/target/dependency/pcj-1.0.jar:/home/anatole/ycsb/core/target/dependency/unsafe-helper-1.0.jar:/home/anatole/ycsb/infinispan/src/main/conf:/home/anatole/ycsb/infinispan/target/infinispan-binding-0.18.0-SNAPSHOT.jar:/home/anatole/ycsb/infinispan/target/dependency/caffeine-2.6.2.jar:/home/anatole/ycsb/infinispan/target/dependency/gson-2.8.2.jar:/home/anatole/ycsb/infinispan/target/dependency/guava-18.0.jar:/home/anatole/ycsb/infinispan/target/dependency/infinispan-cachestore-jnvm-1.0-SNAPSHOT.jar:/home/anatole/ycsb/infinispan/target/dependency/infinispan-cachestore-pcj-1.0-SNAPSHOT.jar:/home/anatole/ycsb/infinispan/target/dependency/infinispan-client-hotrod-9.4.20.Final.jar:/home/anatole/ycsb/infinispan/target/dependency/infinispan-commons-9.4.20.Final.jar:/home/anatole/ycsb/infinispan/target/dependency/infinispan-core-9.4.20.Final.jar:/home/anatole/ycsb/infinispan/target/dependency/javax.persistence-api-2.2.jar:/home/anatole/ycsb/infinispan/target/dependency/jboss-logging-3.3.2.Final.jar:/home/anatole/ycsb/infinispan/target/dependency/jboss-marshalling-osgi-2.0.6.Final.jar:/home/anatole/ycsb/infinispan/target/dependency/jboss-transaction-api_1.2_spec-1.1.1.Final.jar:/home/anatole/ycsb/infinispan/target/dependency/jgroups-4.0.21.Final.jar:/home/anatole/ycsb/infinispan/target/dependency/jnvm-1.0-SNAPSHOT.jar:/home/anatole/ycsb/infinispan/target/dependency/metainf-services-1.7.jar:/home/anatole/ycsb/infinispan/target/dependency/netty-buffer-4.1.51.Final.jar:/home/anatole/ycsb/infinispan/target/dependency/netty-codec-4.1.51.Final.jar:/home/anatole/ycsb/infinispan/target/dependency/netty-common-4.1.51.Final.jar:/home/anatole/ycsb/infinispan/target/dependency/netty-handler-4.1.51.Final.jar:/home/anatole/ycsb/infinispan/target/dependency/netty-resolver-4.1.51.Final.jar:/home/anatole/ycsb/infinispan/target/dependency/netty-transport-4.1.51.Final.jar:/home/anatole/ycsb/infinispan/target/dependency/netty-transport-native-epoll-4.1.51.Final-linux-x86_64.jar:/home/anatole/ycsb/infinispan/target/dependency/netty-transport-native-unix-common-4.1.51.Final.jar:/home/anatole/ycsb/infinispan/target/dependency/pcj-1.0.jar:/home/anatole/ycsb/infinispan/target/dependency/reactive-streams-1.0.2.jar:/home/anatole/ycsb/infinispan/target/dependency/rxjava-2.2.4.jar:/home/anatole/ycsb/infinispan/target/dependency/unsafe-helper-1.0.jar site.ycsb.Client -t -db site.ycsb.db.InfinispanClient -P ../workloads/workloadc -preload -s -threads 8 -p dataintegrity=true -p offheap=false -p pcj=false -p recordcount=1000000 -p operationcount=48000000 -p fieldcount=10 -p fieldlength=100 -p requestdistribution=zipfian -p measurement.trackjvm=true -p measurementtype=hdrhistogram -p hdrhistogram.output.path=./out/exp5.concurrent.ref/log/infinispan.run.workloadc.true.1000000.1000000.10.100.zipfian.8.false.true.default.default.volatile.r4.hdr.log
[OVERALL], RunTime(ms), 31605
[OVERALL], Throughput(ops/sec), 1550387.596899225
[TOTAL_GCS_G1_Young_Generation], Count, 40
[TOTAL_GC_TIME_G1_Young_Generation], Time(ms), 2588
[TOTAL_GC_TIME_%_G1_Young_Generation], Time(%), 8.188577756684069
[TOTAL_GCS_G1_Old_Generation], Count, 0
[TOTAL_GC_TIME_G1_Old_Generation], Time(ms), 0
[TOTAL_GC_TIME_%_G1_Old_Generation], Time(%), 0.0
[TOTAL_GCs], Count, 40
[TOTAL_GC_TIME], Time(ms), 2588
[TOTAL_GC_TIME_%], Time(%), 8.188577756684069
[MAX_MEM_USED], MBs, 5888
[MIN_MEM_USED], MBs, 60
[MAX_THREADS], Count, 13
[MIN_THREADS], Count, 4
[MAX_SYS_LOAD_AVG], Load, 14.7
[MIN_SYS_LOAD_AVG], Load, 13.01
[THREAD_COUNT], Operations, 5
[THREAD_COUNT], AverageLatency(ns), 10.6
[THREAD_COUNT], MinLatency(ns), 4
[THREAD_COUNT], MaxLatency(ns), 13
[THREAD_COUNT], 95thPercentileLatency(ns), 13
[THREAD_COUNT], 99thPercentileLatency(ns), 13
[SYS_LOAD_AVG], Operations, 5
[SYS_LOAD_AVG], AverageLatency(ns), 13.4
[SYS_LOAD_AVG], MinLatency(ns), 13
[SYS_LOAD_AVG], MaxLatency(ns), 14
[SYS_LOAD_AVG], 95thPercentileLatency(ns), 14
[SYS_LOAD_AVG], 99thPercentileLatency(ns), 14
[LOAD], Operations, 8
[LOAD], AverageLatency(ns), 5.33643264E9
[LOAD], MinLatency(ns), 5092409344
[LOAD], MaxLatency(ns), 5445779455
[LOAD], 95thPercentileLatency(ns), 5445779455
[LOAD], 99thPercentileLatency(ns), 5445779455
[USED_MEM_MB], Operations, 5
[USED_MEM_MB], AverageLatency(ns), 4087.6
[USED_MEM_MB], MinLatency(ns), 60
[USED_MEM_MB], MaxLatency(ns), 5888
[USED_MEM_MB], 95thPercentileLatency(ns), 5888
[USED_MEM_MB], 99thPercentileLatency(ns), 5888
[MAIN_GCs_Count], Operations, 8
[MAIN_GCs_Count], AverageLatency(ns), 13.375
[MAIN_GCs_Count], MinLatency(ns), 13
[MAIN_GCs_Count], MaxLatency(ns), 14
[MAIN_GCs_Count], 95thPercentileLatency(ns), 14
[MAIN_GCs_Count], 99thPercentileLatency(ns), 14
[MAIN_GCs_Time(ms)], Operations, 8
[MAIN_GCs_Time(ms)], AverageLatency(ns), 450.0
[MAIN_GCs_Time(ms)], MinLatency(ns), 438
[MAIN_GCs_Time(ms)], MaxLatency(ns), 470
[MAIN_GCs_Time(ms)], 95thPercentileLatency(ns), 470
[MAIN_GCs_Time(ms)], 99thPercentileLatency(ns), 470
[TRANSACTION], Operations, 8
[TRANSACTION], AverageLatency(ns), 2.3890214912E10
[TRANSACTION], MinLatency(ns), 23186767872
[TRANSACTION], MaxLatency(ns), 24907743231
[TRANSACTION], 95thPercentileLatency(ns), 24907743231
[TRANSACTION], 99thPercentileLatency(ns), 24907743231
[GCS_TIME], Operations, 5
[GCS_TIME], AverageLatency(ns), 517.6
[GCS_TIME], MinLatency(ns), 0
[GCS_TIME], MaxLatency(ns), 2378
[GCS_TIME], 95thPercentileLatency(ns), 2378
[GCS_TIME], 99thPercentileLatency(ns), 2378
[LOAD_GCs_Time(ms)], Operations, 8
[LOAD_GCs_Time(ms)], AverageLatency(ns), 2056.75
[LOAD_GCs_Time(ms)], MinLatency(ns), 1930
[LOAD_GCs_Time(ms)], MaxLatency(ns), 2099
[LOAD_GCs_Time(ms)], 95thPercentileLatency(ns), 2099
[LOAD_GCs_Time(ms)], 99thPercentileLatency(ns), 2099
[READ], Operations, 48000000
[READ], AverageLatency(ns), 2612.777926208333
[READ], MinLatency(ns), 187
[READ], MaxLatency(ns), 128968191
[READ], 95thPercentileLatency(ns), 18479
[READ], 99thPercentileLatency(ns), 29367
[READ], Return=OK, 48000000
[INIT], Operations, 8
[INIT], AverageLatency(ns), 6.04090368E8
[INIT], MinLatency(ns), 603193344
[INIT], MaxLatency(ns), 605646847
[INIT], 95thPercentileLatency(ns), 605646847
[INIT], 99thPercentileLatency(ns), 605646847
[GCS], Operations, 5
[GCS], AverageLatency(ns), 8.0
[GCS], MinLatency(ns), 0
[GCS], MaxLatency(ns), 29
[GCS], 95thPercentileLatency(ns), 29
[GCS], 99thPercentileLatency(ns), 29
[LOAD_GCs_Count], Operations, 8
[LOAD_GCs_Count], AverageLatency(ns), 24.75
[LOAD_GCs_Count], MinLatency(ns), 24
[LOAD_GCs_Count], MaxLatency(ns), 25
[LOAD_GCs_Count], 95thPercentileLatency(ns), 25
[LOAD_GCs_Count], 99thPercentileLatency(ns), 25
[CLEANUP], Operations, 8
[CLEANUP], AverageLatency(ns), 1.49898176E9
[CLEANUP], MinLatency(ns), 491161600
[CLEANUP], MaxLatency(ns), 2179842047
[CLEANUP], 95thPercentileLatency(ns), 2179842047
[CLEANUP], 99thPercentileLatency(ns), 2179842047
[INSERT], Operations, 1000000
[INSERT], AverageLatency(ns), 10952.888833
[INSERT], MinLatency(ns), 1434
[INSERT], MaxLatency(ns), 173202431
[INSERT], 95thPercentileLatency(ns), 11630
[INSERT], 99thPercentileLatency(ns), 30080
[INSERT], Return=OK, 1000000
