/home/anatole/jdk8u/build/linux-x86_64-normal-server-release/jdk/bin/java -Xmx20g -XX:+UseG1GC -classpath /home/anatole/ycsb/conf:/home/anatole/ycsb/core/target/core-0.18.0-SNAPSHOT.jar:/home/anatole/ycsb/core/target/dependency/HdrHistogram-2.1.4.jar:/home/anatole/ycsb/core/target/dependency/guava-18.0.jar:/home/anatole/ycsb/core/target/dependency/htrace-core4-4.1.0-incubating.jar:/home/anatole/ycsb/core/target/dependency/jackson-core-asl-1.9.4.jar:/home/anatole/ycsb/core/target/dependency/jackson-mapper-asl-1.9.4.jar:/home/anatole/ycsb/core/target/dependency/javax.persistence-api-2.2.jar:/home/anatole/ycsb/core/target/dependency/jnvm-1.0-SNAPSHOT.jar:/home/anatole/ycsb/core/target/dependency/pcj-1.0.jar:/home/anatole/ycsb/core/target/dependency/unsafe-helper-1.0.jar:/home/anatole/ycsb/infinispan/src/main/conf:/home/anatole/ycsb/infinispan/target/infinispan-binding-0.18.0-SNAPSHOT.jar:/home/anatole/ycsb/infinispan/target/dependency/caffeine-2.6.2.jar:/home/anatole/ycsb/infinispan/target/dependency/gson-2.8.2.jar:/home/anatole/ycsb/infinispan/target/dependency/guava-18.0.jar:/home/anatole/ycsb/infinispan/target/dependency/infinispan-cachestore-jnvm-1.0-SNAPSHOT.jar:/home/anatole/ycsb/infinispan/target/dependency/infinispan-cachestore-pcj-1.0-SNAPSHOT.jar:/home/anatole/ycsb/infinispan/target/dependency/infinispan-client-hotrod-9.4.20.Final.jar:/home/anatole/ycsb/infinispan/target/dependency/infinispan-commons-9.4.20.Final.jar:/home/anatole/ycsb/infinispan/target/dependency/infinispan-core-9.4.20.Final.jar:/home/anatole/ycsb/infinispan/target/dependency/javax.persistence-api-2.2.jar:/home/anatole/ycsb/infinispan/target/dependency/jboss-logging-3.3.2.Final.jar:/home/anatole/ycsb/infinispan/target/dependency/jboss-marshalling-osgi-2.0.6.Final.jar:/home/anatole/ycsb/infinispan/target/dependency/jboss-transaction-api_1.2_spec-1.1.1.Final.jar:/home/anatole/ycsb/infinispan/target/dependency/jgroups-4.0.21.Final.jar:/home/anatole/ycsb/infinispan/target/dependency/jnvm-1.0-SNAPSHOT.jar:/home/anatole/ycsb/infinispan/target/dependency/metainf-services-1.7.jar:/home/anatole/ycsb/infinispan/target/dependency/netty-buffer-4.1.51.Final.jar:/home/anatole/ycsb/infinispan/target/dependency/netty-codec-4.1.51.Final.jar:/home/anatole/ycsb/infinispan/target/dependency/netty-common-4.1.51.Final.jar:/home/anatole/ycsb/infinispan/target/dependency/netty-handler-4.1.51.Final.jar:/home/anatole/ycsb/infinispan/target/dependency/netty-resolver-4.1.51.Final.jar:/home/anatole/ycsb/infinispan/target/dependency/netty-transport-4.1.51.Final.jar:/home/anatole/ycsb/infinispan/target/dependency/netty-transport-native-epoll-4.1.51.Final-linux-x86_64.jar:/home/anatole/ycsb/infinispan/target/dependency/netty-transport-native-unix-common-4.1.51.Final.jar:/home/anatole/ycsb/infinispan/target/dependency/pcj-1.0.jar:/home/anatole/ycsb/infinispan/target/dependency/reactive-streams-1.0.2.jar:/home/anatole/ycsb/infinispan/target/dependency/rxjava-2.2.4.jar:/home/anatole/ycsb/infinispan/target/dependency/unsafe-helper-1.0.jar site.ycsb.Client -t -db site.ycsb.db.InfinispanClient -P ../workloads/workloada -preload -s -threads 36 -p dataintegrity=true -p offheap=false -p pcj=false -p recordcount=1000000 -p operationcount=60000000 -p fieldcount=10 -p fieldlength=100 -p requestdistribution=zipfian -p measurement.trackjvm=true -p measurementtype=hdrhistogram -p hdrhistogram.output.path=./out/exp5.concurrent.ref/log/infinispan.run.workloada.true.1000000.1000000.10.100.zipfian.36.true..default.default.none.r6.hdr.log
[OVERALL], RunTime(ms), 92570
[OVERALL], Throughput(ops/sec), 658960.7864318894
[TOTAL_GCS_G1_Young_Generation], Count, 175
[TOTAL_GC_TIME_G1_Young_Generation], Time(ms), 30478
[TOTAL_GC_TIME_%_G1_Young_Generation], Time(%), 32.92427352273955
[TOTAL_GCS_G1_Old_Generation], Count, 0
[TOTAL_GC_TIME_G1_Old_Generation], Time(ms), 0
[TOTAL_GC_TIME_%_G1_Old_Generation], Time(%), 0.0
[TOTAL_GCs], Count, 175
[TOTAL_GC_TIME], Time(ms), 30478
[TOTAL_GC_TIME_%], Time(%), 32.92427352273955
[MAX_MEM_USED], MBs, 9239
[MIN_MEM_USED], MBs, 96
[MAX_THREADS], Count, 68
[MIN_THREADS], Count, 3
[MAX_SYS_LOAD_AVG], Load, 23.8
[MIN_SYS_LOAD_AVG], Load, 20.26
[THREAD_COUNT], Operations, 11
[THREAD_COUNT], AverageLatency(ns), 59.18181818181818
[THREAD_COUNT], MinLatency(ns), 3
[THREAD_COUNT], MaxLatency(ns), 68
[THREAD_COUNT], 95thPercentileLatency(ns), 68
[THREAD_COUNT], 99thPercentileLatency(ns), 68
[SYS_LOAD_AVG], Operations, 11
[SYS_LOAD_AVG], AverageLatency(ns), 21.636363636363637
[SYS_LOAD_AVG], MinLatency(ns), 20
[SYS_LOAD_AVG], MaxLatency(ns), 23
[SYS_LOAD_AVG], 95thPercentileLatency(ns), 22
[SYS_LOAD_AVG], 99thPercentileLatency(ns), 23
[LOAD], Operations, 36
[LOAD], AverageLatency(ns), 6.750337251555555E9
[LOAD], MinLatency(ns), 5743050752
[LOAD], MaxLatency(ns), 7023525887
[LOAD], 95thPercentileLatency(ns), 7007076351
[LOAD], 99thPercentileLatency(ns), 7023525887
[USED_MEM_MB], Operations, 11
[USED_MEM_MB], AverageLatency(ns), 6778.909090909091
[USED_MEM_MB], MinLatency(ns), 96
[USED_MEM_MB], MaxLatency(ns), 9239
[USED_MEM_MB], 95thPercentileLatency(ns), 9045
[USED_MEM_MB], 99thPercentileLatency(ns), 9239
[MAIN_GCs_Count], Operations, 36
[MAIN_GCs_Count], AverageLatency(ns), 149.30555555555554
[MAIN_GCs_Count], MinLatency(ns), 149
[MAIN_GCs_Count], MaxLatency(ns), 150
[MAIN_GCs_Count], 95thPercentileLatency(ns), 150
[MAIN_GCs_Count], 99thPercentileLatency(ns), 150
[MAIN_GCs_Time(ms)], Operations, 36
[MAIN_GCs_Time(ms)], AverageLatency(ns), 28112.277777777777
[MAIN_GCs_Time(ms)], MinLatency(ns), 28064
[MAIN_GCs_Time(ms)], MaxLatency(ns), 28222
[MAIN_GCs_Time(ms)], 95thPercentileLatency(ns), 28222
[MAIN_GCs_Time(ms)], 99thPercentileLatency(ns), 28222
[TRANSACTION], Operations, 36
[TRANSACTION], AverageLatency(ns), 8.393842141866667E10
[TRANSACTION], MinLatency(ns), 83739803648
[TRANSACTION], MaxLatency(ns), 84168671231
[TRANSACTION], 95thPercentileLatency(ns), 84145602559
[TRANSACTION], 99thPercentileLatency(ns), 84168671231
[GCS_TIME], Operations, 11
[GCS_TIME], AverageLatency(ns), 2770.7272727272725
[GCS_TIME], MinLatency(ns), 0
[GCS_TIME], MaxLatency(ns), 4509
[GCS_TIME], 95thPercentileLatency(ns), 3510
[GCS_TIME], 99thPercentileLatency(ns), 4509
[LOAD_GCs_Time(ms)], Operations, 36
[LOAD_GCs_Time(ms)], AverageLatency(ns), 2021.75
[LOAD_GCs_Time(ms)], MinLatency(ns), 1624
[LOAD_GCs_Time(ms)], MaxLatency(ns), 2098
[LOAD_GCs_Time(ms)], 95thPercentileLatency(ns), 2098
[LOAD_GCs_Time(ms)], 99thPercentileLatency(ns), 2098
[READ], Operations, 29999590
[READ], AverageLatency(ns), 40981.84022684977
[READ], MinLatency(ns), 218
[READ], MaxLatency(ns), 1165664255
[READ], 95thPercentileLatency(ns), 221706
[READ], 99thPercentileLatency(ns), 260470
[READ], Return=OK, 29999590
[INIT], Operations, 36
[INIT], AverageLatency(ns), 5.992480995555556E8
[INIT], MinLatency(ns), 590704640
[INIT], MaxLatency(ns), 626241535
[INIT], 95thPercentileLatency(ns), 606638079
[INIT], 99thPercentileLatency(ns), 626241535
[GCS], Operations, 11
[GCS], AverageLatency(ns), 15.909090909090908
[GCS], MinLatency(ns), 0
[GCS], MaxLatency(ns), 32
[GCS], 95thPercentileLatency(ns), 23
[GCS], 99thPercentileLatency(ns), 32
[LOAD_GCs_Count], Operations, 36
[LOAD_GCs_Count], AverageLatency(ns), 21.52777777777778
[LOAD_GCs_Count], MinLatency(ns), 19
[LOAD_GCs_Count], MaxLatency(ns), 22
[LOAD_GCs_Count], 95thPercentileLatency(ns), 22
[LOAD_GCs_Count], 99thPercentileLatency(ns), 22
[CLEANUP], Operations, 36
[CLEANUP], AverageLatency(ns), 7.232303502222222E8
[CLEANUP], MinLatency(ns), 508258304
[CLEANUP], MaxLatency(ns), 886931455
[CLEANUP], 95thPercentileLatency(ns), 880316415
[CLEANUP], 99thPercentileLatency(ns), 886931455
[INSERT], Operations, 1000000
[INSERT], AverageLatency(ns), 142914.239919
[INSERT], MinLatency(ns), 1748
[INSERT], MaxLatency(ns), 332986367
[INSERT], 95thPercentileLatency(ns), 181910
[INSERT], 99thPercentileLatency(ns), 673123
[INSERT], Return=OK, 1000000
[UPDATE], Operations, 30000410
[UPDATE], AverageLatency(ns), 50588.088690721226
[UPDATE], MinLatency(ns), 1455
[UPDATE], MaxLatency(ns), 1165656063
[UPDATE], 95thPercentileLatency(ns), 229365
[UPDATE], 99thPercentileLatency(ns), 267293
[UPDATE], Return=OK, 30000410
