/home/anatole/jdk8u/build/linux-x86_64-normal-server-release/jdk/bin/java -Xmx20g -XX:+UseG1GC -classpath /home/anatole/ycsb/conf:/home/anatole/ycsb/core/target/core-0.18.0-SNAPSHOT.jar:/home/anatole/ycsb/core/target/dependency/HdrHistogram-2.1.4.jar:/home/anatole/ycsb/core/target/dependency/guava-18.0.jar:/home/anatole/ycsb/core/target/dependency/htrace-core4-4.1.0-incubating.jar:/home/anatole/ycsb/core/target/dependency/jackson-core-asl-1.9.4.jar:/home/anatole/ycsb/core/target/dependency/jackson-mapper-asl-1.9.4.jar:/home/anatole/ycsb/core/target/dependency/javax.persistence-api-2.2.jar:/home/anatole/ycsb/core/target/dependency/jnvm-1.0-SNAPSHOT.jar:/home/anatole/ycsb/core/target/dependency/pcj-1.0.jar:/home/anatole/ycsb/core/target/dependency/unsafe-helper-1.0.jar:/home/anatole/ycsb/infinispan/src/main/conf:/home/anatole/ycsb/infinispan/target/infinispan-binding-0.18.0-SNAPSHOT.jar:/home/anatole/ycsb/infinispan/target/dependency/caffeine-2.6.2.jar:/home/anatole/ycsb/infinispan/target/dependency/gson-2.8.2.jar:/home/anatole/ycsb/infinispan/target/dependency/guava-18.0.jar:/home/anatole/ycsb/infinispan/target/dependency/infinispan-cachestore-jnvm-1.0-SNAPSHOT.jar:/home/anatole/ycsb/infinispan/target/dependency/infinispan-cachestore-pcj-1.0-SNAPSHOT.jar:/home/anatole/ycsb/infinispan/target/dependency/infinispan-client-hotrod-9.4.20.Final.jar:/home/anatole/ycsb/infinispan/target/dependency/infinispan-commons-9.4.20.Final.jar:/home/anatole/ycsb/infinispan/target/dependency/infinispan-core-9.4.20.Final.jar:/home/anatole/ycsb/infinispan/target/dependency/javax.persistence-api-2.2.jar:/home/anatole/ycsb/infinispan/target/dependency/jboss-logging-3.3.2.Final.jar:/home/anatole/ycsb/infinispan/target/dependency/jboss-marshalling-osgi-2.0.6.Final.jar:/home/anatole/ycsb/infinispan/target/dependency/jboss-transaction-api_1.2_spec-1.1.1.Final.jar:/home/anatole/ycsb/infinispan/target/dependency/jgroups-4.0.21.Final.jar:/home/anatole/ycsb/infinispan/target/dependency/jnvm-1.0-SNAPSHOT.jar:/home/anatole/ycsb/infinispan/target/dependency/metainf-services-1.7.jar:/home/anatole/ycsb/infinispan/target/dependency/netty-buffer-4.1.51.Final.jar:/home/anatole/ycsb/infinispan/target/dependency/netty-codec-4.1.51.Final.jar:/home/anatole/ycsb/infinispan/target/dependency/netty-common-4.1.51.Final.jar:/home/anatole/ycsb/infinispan/target/dependency/netty-handler-4.1.51.Final.jar:/home/anatole/ycsb/infinispan/target/dependency/netty-resolver-4.1.51.Final.jar:/home/anatole/ycsb/infinispan/target/dependency/netty-transport-4.1.51.Final.jar:/home/anatole/ycsb/infinispan/target/dependency/netty-transport-native-epoll-4.1.51.Final-linux-x86_64.jar:/home/anatole/ycsb/infinispan/target/dependency/netty-transport-native-unix-common-4.1.51.Final.jar:/home/anatole/ycsb/infinispan/target/dependency/pcj-1.0.jar:/home/anatole/ycsb/infinispan/target/dependency/reactive-streams-1.0.2.jar:/home/anatole/ycsb/infinispan/target/dependency/rxjava-2.2.4.jar:/home/anatole/ycsb/infinispan/target/dependency/unsafe-helper-1.0.jar site.ycsb.Client -t -db site.ycsb.db.InfinispanJNVMClient -P ../workloads/workloadc -preload -s -threads 1 -p dataintegrity=true -p offheap=true -p pcj=false -p recordcount=1000000 -p operationcount=3000000 -p fieldcount=10 -p fieldlength=100 -p requestdistribution=zipfian -p measurement.trackjvm=true -p measurementtype=hdrhistogram -p hdrhistogram.output.path=./out/exp5.concurrent.ref/log/infinispan-jnvm.run.workloadc.true.1000000.1.10.100.zipfian.1.false..default.default.none.r6.hdr.log
[OVERALL], RunTime(ms), 30270
[OVERALL], Throughput(ops/sec), 132144.03700033037
[TOTAL_GCS_G1_Young_Generation], Count, 27
[TOTAL_GC_TIME_G1_Young_Generation], Time(ms), 2181
[TOTAL_GC_TIME_%_G1_Young_Generation], Time(%), 7.205153617443012
[TOTAL_GCS_G1_Old_Generation], Count, 0
[TOTAL_GC_TIME_G1_Old_Generation], Time(ms), 0
[TOTAL_GC_TIME_%_G1_Old_Generation], Time(%), 0.0
[TOTAL_GCs], Count, 27
[TOTAL_GC_TIME], Time(ms), 2181
[TOTAL_GC_TIME_%], Time(%), 7.205153617443012
[MAX_MEM_USED], MBs, 6094
[MIN_MEM_USED], MBs, 52
[MAX_THREADS], Count, 7
[MIN_THREADS], Count, 3
[MAX_SYS_LOAD_AVG], Load, 3.87
[MIN_SYS_LOAD_AVG], Load, 2.74
[THREAD_COUNT], Operations, 5
[THREAD_COUNT], AverageLatency(ns), 5.0
[THREAD_COUNT], MinLatency(ns), 3
[THREAD_COUNT], MaxLatency(ns), 7
[THREAD_COUNT], 95thPercentileLatency(ns), 7
[THREAD_COUNT], 99thPercentileLatency(ns), 7
[SYS_LOAD_AVG], Operations, 5
[SYS_LOAD_AVG], AverageLatency(ns), 2.6
[SYS_LOAD_AVG], MinLatency(ns), 2
[SYS_LOAD_AVG], MaxLatency(ns), 3
[SYS_LOAD_AVG], 95thPercentileLatency(ns), 3
[SYS_LOAD_AVG], 99thPercentileLatency(ns), 3
[LOAD], Operations, 1
[LOAD], AverageLatency(ns), 2.30080512E10
[LOAD], MinLatency(ns), 23007985664
[LOAD], MaxLatency(ns), 23008116735
[LOAD], 95thPercentileLatency(ns), 23008116735
[LOAD], 99thPercentileLatency(ns), 23008116735
[USED_MEM_MB], Operations, 5
[USED_MEM_MB], AverageLatency(ns), 3651.6
[USED_MEM_MB], MinLatency(ns), 52
[USED_MEM_MB], MaxLatency(ns), 6094
[USED_MEM_MB], 95thPercentileLatency(ns), 6094
[USED_MEM_MB], 99thPercentileLatency(ns), 6094
[MAIN_GCs_Count], Operations, 1
[MAIN_GCs_Count], AverageLatency(ns), 1.0
[MAIN_GCs_Count], MinLatency(ns), 1
[MAIN_GCs_Count], MaxLatency(ns), 1
[MAIN_GCs_Count], 95thPercentileLatency(ns), 1
[MAIN_GCs_Count], 99thPercentileLatency(ns), 1
[MAIN_GCs_Time(ms)], Operations, 1
[MAIN_GCs_Time(ms)], AverageLatency(ns), 103.0
[MAIN_GCs_Time(ms)], MinLatency(ns), 103
[MAIN_GCs_Time(ms)], MaxLatency(ns), 103
[MAIN_GCs_Time(ms)], 95thPercentileLatency(ns), 103
[MAIN_GCs_Time(ms)], 99thPercentileLatency(ns), 103
[TRANSACTION], Operations, 1
[TRANSACTION], AverageLatency(ns), 5.552553984E9
[TRANSACTION], MinLatency(ns), 5552537600
[TRANSACTION], MaxLatency(ns), 5552570367
[TRANSACTION], 95thPercentileLatency(ns), 5552570367
[TRANSACTION], 99thPercentileLatency(ns), 5552570367
[GCS_TIME], Operations, 5
[GCS_TIME], AverageLatency(ns), 436.2
[GCS_TIME], MinLatency(ns), 0
[GCS_TIME], MaxLatency(ns), 889
[GCS_TIME], 95thPercentileLatency(ns), 889
[GCS_TIME], 99thPercentileLatency(ns), 889
[LOAD_GCs_Time(ms)], Operations, 1
[LOAD_GCs_Time(ms)], AverageLatency(ns), 2059.0
[LOAD_GCs_Time(ms)], MinLatency(ns), 2059
[LOAD_GCs_Time(ms)], MaxLatency(ns), 2059
[LOAD_GCs_Time(ms)], 95thPercentileLatency(ns), 2059
[LOAD_GCs_Time(ms)], 99thPercentileLatency(ns), 2059
[READ], Operations, 3000000
[READ], AverageLatency(ns), 1236.1426373333334
[READ], MinLatency(ns), 245
[READ], MaxLatency(ns), 103448063
[READ], 95thPercentileLatency(ns), 1521
[READ], 99thPercentileLatency(ns), 1715
[READ], Return=OK, 3000000
[INIT], Operations, 1
[INIT], AverageLatency(ns), 1.640812544E9
[INIT], MinLatency(ns), 1640808448
[INIT], MaxLatency(ns), 1640816639
[INIT], 95thPercentileLatency(ns), 1640816639
[INIT], 99thPercentileLatency(ns), 1640816639
[GCS], Operations, 5
[GCS], AverageLatency(ns), 5.4
[GCS], MinLatency(ns), 0
[GCS], MaxLatency(ns), 17
[GCS], 95thPercentileLatency(ns), 17
[GCS], 99thPercentileLatency(ns), 17
[LOAD_GCs_Count], Operations, 1
[LOAD_GCs_Count], AverageLatency(ns), 25.0
[LOAD_GCs_Count], MinLatency(ns), 25
[LOAD_GCs_Count], MaxLatency(ns), 25
[LOAD_GCs_Count], 95thPercentileLatency(ns), 25
[LOAD_GCs_Count], 99thPercentileLatency(ns), 25
[CLEANUP], Operations, 1
[CLEANUP], AverageLatency(ns), 7337328.0
[CLEANUP], MinLatency(ns), 7337312
[CLEANUP], MaxLatency(ns), 7337343
[CLEANUP], 95thPercentileLatency(ns), 7337343
[CLEANUP], 99thPercentileLatency(ns), 7337343
[INSERT], Operations, 1000000
[INSERT], AverageLatency(ns), 6777.208534
[INSERT], MinLatency(ns), 2513
[INSERT], MaxLatency(ns), 153659391
[INSERT], 95thPercentileLatency(ns), 5658
[INSERT], 99thPercentileLatency(ns), 10336
[INSERT], Return=OK, 1000000
