/home/anatole/jdk8u/build/linux-x86_64-normal-server-release/jdk/bin/java -Xmx20g -XX:+UseG1GC -classpath /home/anatole/ycsb/conf:/home/anatole/ycsb/core/target/core-0.18.0-SNAPSHOT.jar:/home/anatole/ycsb/core/target/dependency/HdrHistogram-2.1.4.jar:/home/anatole/ycsb/core/target/dependency/guava-18.0.jar:/home/anatole/ycsb/core/target/dependency/htrace-core4-4.1.0-incubating.jar:/home/anatole/ycsb/core/target/dependency/jackson-core-asl-1.9.4.jar:/home/anatole/ycsb/core/target/dependency/jackson-mapper-asl-1.9.4.jar:/home/anatole/ycsb/core/target/dependency/javax.persistence-api-2.2.jar:/home/anatole/ycsb/core/target/dependency/jnvm-1.0-SNAPSHOT.jar:/home/anatole/ycsb/core/target/dependency/pcj-1.0.jar:/home/anatole/ycsb/core/target/dependency/unsafe-helper-1.0.jar:/home/anatole/ycsb/infinispan/src/main/conf:/home/anatole/ycsb/infinispan/target/infinispan-binding-0.18.0-SNAPSHOT.jar:/home/anatole/ycsb/infinispan/target/dependency/caffeine-2.6.2.jar:/home/anatole/ycsb/infinispan/target/dependency/gson-2.8.2.jar:/home/anatole/ycsb/infinispan/target/dependency/guava-18.0.jar:/home/anatole/ycsb/infinispan/target/dependency/infinispan-cachestore-jnvm-1.0-SNAPSHOT.jar:/home/anatole/ycsb/infinispan/target/dependency/infinispan-cachestore-pcj-1.0-SNAPSHOT.jar:/home/anatole/ycsb/infinispan/target/dependency/infinispan-client-hotrod-9.4.20.Final.jar:/home/anatole/ycsb/infinispan/target/dependency/infinispan-commons-9.4.20.Final.jar:/home/anatole/ycsb/infinispan/target/dependency/infinispan-core-9.4.20.Final.jar:/home/anatole/ycsb/infinispan/target/dependency/javax.persistence-api-2.2.jar:/home/anatole/ycsb/infinispan/target/dependency/jboss-logging-3.3.2.Final.jar:/home/anatole/ycsb/infinispan/target/dependency/jboss-marshalling-osgi-2.0.6.Final.jar:/home/anatole/ycsb/infinispan/target/dependency/jboss-transaction-api_1.2_spec-1.1.1.Final.jar:/home/anatole/ycsb/infinispan/target/dependency/jgroups-4.0.21.Final.jar:/home/anatole/ycsb/infinispan/target/dependency/jnvm-1.0-SNAPSHOT.jar:/home/anatole/ycsb/infinispan/target/dependency/metainf-services-1.7.jar:/home/anatole/ycsb/infinispan/target/dependency/netty-buffer-4.1.51.Final.jar:/home/anatole/ycsb/infinispan/target/dependency/netty-codec-4.1.51.Final.jar:/home/anatole/ycsb/infinispan/target/dependency/netty-common-4.1.51.Final.jar:/home/anatole/ycsb/infinispan/target/dependency/netty-handler-4.1.51.Final.jar:/home/anatole/ycsb/infinispan/target/dependency/netty-resolver-4.1.51.Final.jar:/home/anatole/ycsb/infinispan/target/dependency/netty-transport-4.1.51.Final.jar:/home/anatole/ycsb/infinispan/target/dependency/netty-transport-native-epoll-4.1.51.Final-linux-x86_64.jar:/home/anatole/ycsb/infinispan/target/dependency/netty-transport-native-unix-common-4.1.51.Final.jar:/home/anatole/ycsb/infinispan/target/dependency/pcj-1.0.jar:/home/anatole/ycsb/infinispan/target/dependency/reactive-streams-1.0.2.jar:/home/anatole/ycsb/infinispan/target/dependency/rxjava-2.2.4.jar:/home/anatole/ycsb/infinispan/target/dependency/unsafe-helper-1.0.jar site.ycsb.Client -t -db site.ycsb.db.InfinispanJNVMClient -P ../workloads/workloadc -preload -s -threads 16 -p dataintegrity=true -p offheap=true -p pcj=false -p recordcount=1000000 -p operationcount=48000000 -p fieldcount=10 -p fieldlength=100 -p requestdistribution=zipfian -p measurement.trackjvm=true -p measurementtype=hdrhistogram -p hdrhistogram.output.path=./out/exp5.concurrent.ref/log/infinispan-jnvm.run.workloadc.true.1000000.1.10.100.zipfian.16.false..default.default.none.r3.hdr.log
[OVERALL], RunTime(ms), 41503
[OVERALL], Throughput(ops/sec), 1180637.544273908
[TOTAL_GCS_G1_Young_Generation], Count, 33
[TOTAL_GC_TIME_G1_Young_Generation], Time(ms), 2132
[TOTAL_GC_TIME_%_G1_Young_Generation], Time(%), 5.136978049779534
[TOTAL_GCS_G1_Old_Generation], Count, 0
[TOTAL_GC_TIME_G1_Old_Generation], Time(ms), 0
[TOTAL_GC_TIME_%_G1_Old_Generation], Time(%), 0.0
[TOTAL_GCs], Count, 33
[TOTAL_GC_TIME], Time(ms), 2132
[TOTAL_GC_TIME_%], Time(%), 5.136978049779534
[MAX_MEM_USED], MBs, 12754
[MIN_MEM_USED], MBs, 72
[MAX_THREADS], Count, 22
[MIN_THREADS], Count, 4
[MAX_SYS_LOAD_AVG], Load, 10.97
[MIN_SYS_LOAD_AVG], Load, 9.77
[THREAD_COUNT], Operations, 6
[THREAD_COUNT], AverageLatency(ns), 18.333333333333332
[THREAD_COUNT], MinLatency(ns), 4
[THREAD_COUNT], MaxLatency(ns), 22
[THREAD_COUNT], 95thPercentileLatency(ns), 22
[THREAD_COUNT], 99thPercentileLatency(ns), 22
[SYS_LOAD_AVG], Operations, 6
[SYS_LOAD_AVG], AverageLatency(ns), 9.833333333333334
[SYS_LOAD_AVG], MinLatency(ns), 9
[SYS_LOAD_AVG], MaxLatency(ns), 10
[SYS_LOAD_AVG], 95thPercentileLatency(ns), 10
[SYS_LOAD_AVG], 99thPercentileLatency(ns), 10
[LOAD], Operations, 16
[LOAD], AverageLatency(ns), 1.5009062912E10
[LOAD], MinLatency(ns), 14771159040
[LOAD], MaxLatency(ns), 15173943295
[LOAD], 95thPercentileLatency(ns), 15140126719
[LOAD], 99thPercentileLatency(ns), 15173943295
[USED_MEM_MB], Operations, 6
[USED_MEM_MB], AverageLatency(ns), 5725.166666666667
[USED_MEM_MB], MinLatency(ns), 72
[USED_MEM_MB], MaxLatency(ns), 12754
[USED_MEM_MB], 95thPercentileLatency(ns), 12754
[USED_MEM_MB], 99thPercentileLatency(ns), 12754
[MAIN_GCs_Count], Operations, 16
[MAIN_GCs_Count], AverageLatency(ns), 7.125
[MAIN_GCs_Count], MinLatency(ns), 7
[MAIN_GCs_Count], MaxLatency(ns), 8
[MAIN_GCs_Count], 95thPercentileLatency(ns), 8
[MAIN_GCs_Count], 99thPercentileLatency(ns), 8
[MAIN_GCs_Time(ms)], Operations, 16
[MAIN_GCs_Time(ms)], AverageLatency(ns), 225.625
[MAIN_GCs_Time(ms)], MinLatency(ns), 223
[MAIN_GCs_Time(ms)], MaxLatency(ns), 244
[MAIN_GCs_Time(ms)], 95thPercentileLatency(ns), 244
[MAIN_GCs_Time(ms)], 99thPercentileLatency(ns), 244
[TRANSACTION], Operations, 16
[TRANSACTION], AverageLatency(ns), 2.4196734976E10
[TRANSACTION], MinLatency(ns), 23705550848
[TRANSACTION], MaxLatency(ns), 24592383999
[TRANSACTION], 95thPercentileLatency(ns), 24564858879
[TRANSACTION], 99thPercentileLatency(ns), 24592383999
[GCS_TIME], Operations, 6
[GCS_TIME], AverageLatency(ns), 355.3333333333333
[GCS_TIME], MinLatency(ns), 0
[GCS_TIME], MaxLatency(ns), 1096
[GCS_TIME], 95thPercentileLatency(ns), 1096
[GCS_TIME], 99thPercentileLatency(ns), 1096
[LOAD_GCs_Time(ms)], Operations, 16
[LOAD_GCs_Time(ms)], AverageLatency(ns), 1869.0
[LOAD_GCs_Time(ms)], MinLatency(ns), 1869
[LOAD_GCs_Time(ms)], MaxLatency(ns), 1869
[LOAD_GCs_Time(ms)], 95thPercentileLatency(ns), 1869
[LOAD_GCs_Time(ms)], 99thPercentileLatency(ns), 1869
[READ], Operations, 48000000
[READ], AverageLatency(ns), 6611.389282520833
[READ], MinLatency(ns), 220
[READ], MaxLatency(ns), 98990591
[READ], 95thPercentileLatency(ns), 43270
[READ], 99thPercentileLatency(ns), 56396
[READ], Return=OK, 48000000
[INIT], Operations, 16
[INIT], AverageLatency(ns), 1.628459008E9
[INIT], MinLatency(ns), 1625726976
[INIT], MaxLatency(ns), 1632624639
[INIT], 95thPercentileLatency(ns), 1631846399
[INIT], 99thPercentileLatency(ns), 1632624639
[GCS], Operations, 6
[GCS], AverageLatency(ns), 5.5
[GCS], MinLatency(ns), 0
[GCS], MaxLatency(ns), 20
[GCS], 95thPercentileLatency(ns), 20
[GCS], 99thPercentileLatency(ns), 20
[LOAD_GCs_Count], Operations, 16
[LOAD_GCs_Count], AverageLatency(ns), 24.0
[LOAD_GCs_Count], MinLatency(ns), 24
[LOAD_GCs_Count], MaxLatency(ns), 24
[LOAD_GCs_Count], 95thPercentileLatency(ns), 24
[LOAD_GCs_Count], 99thPercentileLatency(ns), 24
[CLEANUP], Operations, 16
[CLEANUP], AverageLatency(ns), 4.00512947E8
[CLEANUP], MinLatency(ns), 5723616
[CLEANUP], MaxLatency(ns), 879198207
[CLEANUP], 95thPercentileLatency(ns), 643653631
[CLEANUP], 99thPercentileLatency(ns), 879198207
[INSERT], Operations, 1000000
[INSERT], AverageLatency(ns), 89907.929943
[INSERT], MinLatency(ns), 4004
[INSERT], MaxLatency(ns), 186734591
[INSERT], 95thPercentileLatency(ns), 73985
[INSERT], 99thPercentileLatency(ns), 2457023
[INSERT], Return=OK, 1000000
