/home/anatole/jdk8u/build/linux-x86_64-normal-server-release/jdk/bin/java -Xmx20g -XX:+UseG1GC -classpath /home/anatole/ycsb/conf:/home/anatole/ycsb/core/target/core-0.18.0-SNAPSHOT.jar:/home/anatole/ycsb/core/target/dependency/HdrHistogram-2.1.4.jar:/home/anatole/ycsb/core/target/dependency/guava-18.0.jar:/home/anatole/ycsb/core/target/dependency/htrace-core4-4.1.0-incubating.jar:/home/anatole/ycsb/core/target/dependency/jackson-core-asl-1.9.4.jar:/home/anatole/ycsb/core/target/dependency/jackson-mapper-asl-1.9.4.jar:/home/anatole/ycsb/core/target/dependency/javax.persistence-api-2.2.jar:/home/anatole/ycsb/core/target/dependency/jnvm-1.0-SNAPSHOT.jar:/home/anatole/ycsb/core/target/dependency/pcj-1.0.jar:/home/anatole/ycsb/core/target/dependency/unsafe-helper-1.0.jar:/home/anatole/ycsb/infinispan/src/main/conf:/home/anatole/ycsb/infinispan/target/infinispan-binding-0.18.0-SNAPSHOT.jar:/home/anatole/ycsb/infinispan/target/dependency/caffeine-2.6.2.jar:/home/anatole/ycsb/infinispan/target/dependency/gson-2.8.2.jar:/home/anatole/ycsb/infinispan/target/dependency/guava-18.0.jar:/home/anatole/ycsb/infinispan/target/dependency/infinispan-cachestore-jnvm-1.0-SNAPSHOT.jar:/home/anatole/ycsb/infinispan/target/dependency/infinispan-cachestore-pcj-1.0-SNAPSHOT.jar:/home/anatole/ycsb/infinispan/target/dependency/infinispan-client-hotrod-9.4.20.Final.jar:/home/anatole/ycsb/infinispan/target/dependency/infinispan-commons-9.4.20.Final.jar:/home/anatole/ycsb/infinispan/target/dependency/infinispan-core-9.4.20.Final.jar:/home/anatole/ycsb/infinispan/target/dependency/javax.persistence-api-2.2.jar:/home/anatole/ycsb/infinispan/target/dependency/jboss-logging-3.3.2.Final.jar:/home/anatole/ycsb/infinispan/target/dependency/jboss-marshalling-osgi-2.0.6.Final.jar:/home/anatole/ycsb/infinispan/target/dependency/jboss-transaction-api_1.2_spec-1.1.1.Final.jar:/home/anatole/ycsb/infinispan/target/dependency/jgroups-4.0.21.Final.jar:/home/anatole/ycsb/infinispan/target/dependency/jnvm-1.0-SNAPSHOT.jar:/home/anatole/ycsb/infinispan/target/dependency/metainf-services-1.7.jar:/home/anatole/ycsb/infinispan/target/dependency/netty-buffer-4.1.51.Final.jar:/home/anatole/ycsb/infinispan/target/dependency/netty-codec-4.1.51.Final.jar:/home/anatole/ycsb/infinispan/target/dependency/netty-common-4.1.51.Final.jar:/home/anatole/ycsb/infinispan/target/dependency/netty-handler-4.1.51.Final.jar:/home/anatole/ycsb/infinispan/target/dependency/netty-resolver-4.1.51.Final.jar:/home/anatole/ycsb/infinispan/target/dependency/netty-transport-4.1.51.Final.jar:/home/anatole/ycsb/infinispan/target/dependency/netty-transport-native-epoll-4.1.51.Final-linux-x86_64.jar:/home/anatole/ycsb/infinispan/target/dependency/netty-transport-native-unix-common-4.1.51.Final.jar:/home/anatole/ycsb/infinispan/target/dependency/pcj-1.0.jar:/home/anatole/ycsb/infinispan/target/dependency/reactive-streams-1.0.2.jar:/home/anatole/ycsb/infinispan/target/dependency/rxjava-2.2.4.jar:/home/anatole/ycsb/infinispan/target/dependency/unsafe-helper-1.0.jar site.ycsb.Client -t -db site.ycsb.db.InfinispanClient -P ../workloads/workloada -preload -s -threads 16 -p dataintegrity=true -p offheap=false -p pcj=false -p recordcount=1000000 -p operationcount=60000000 -p fieldcount=10 -p fieldlength=100 -p requestdistribution=zipfian -p measurement.trackjvm=true -p measurementtype=hdrhistogram -p hdrhistogram.output.path=./out/exp5.concurrent.ref/log/infinispan.run.workloada.true.1000000.1000000.10.100.zipfian.16.false.true.default.default.volatile.r6.hdr.log
[OVERALL], RunTime(ms), 75293
[OVERALL], Throughput(ops/sec), 810168.2759353459
[TOTAL_GCS_G1_Young_Generation], Count, 165
[TOTAL_GC_TIME_G1_Young_Generation], Time(ms), 28028
[TOTAL_GC_TIME_%_G1_Young_Generation], Time(%), 37.22524006215717
[TOTAL_GCS_G1_Old_Generation], Count, 0
[TOTAL_GC_TIME_G1_Old_Generation], Time(ms), 0
[TOTAL_GC_TIME_%_G1_Old_Generation], Time(%), 0.0
[TOTAL_GCs], Count, 165
[TOTAL_GC_TIME], Time(ms), 28028
[TOTAL_GC_TIME_%], Time(%), 37.22524006215717
[MAX_MEM_USED], MBs, 9648
[MIN_MEM_USED], MBs, 70
[MAX_THREADS], Count, 47
[MIN_THREADS], Count, 4
[MAX_SYS_LOAD_AVG], Load, 23.21
[MIN_SYS_LOAD_AVG], Load, 20.06
[THREAD_COUNT], Operations, 9
[THREAD_COUNT], AverageLatency(ns), 39.0
[THREAD_COUNT], MinLatency(ns), 4
[THREAD_COUNT], MaxLatency(ns), 47
[THREAD_COUNT], 95thPercentileLatency(ns), 47
[THREAD_COUNT], 99thPercentileLatency(ns), 47
[SYS_LOAD_AVG], Operations, 9
[SYS_LOAD_AVG], AverageLatency(ns), 21.11111111111111
[SYS_LOAD_AVG], MinLatency(ns), 20
[SYS_LOAD_AVG], MaxLatency(ns), 23
[SYS_LOAD_AVG], 95thPercentileLatency(ns), 23
[SYS_LOAD_AVG], 99thPercentileLatency(ns), 23
[LOAD], Operations, 16
[LOAD], AverageLatency(ns), 5.769764864E9
[LOAD], MinLatency(ns), 5180817408
[LOAD], MaxLatency(ns), 5960761343
[LOAD], 95thPercentileLatency(ns), 5957255167
[LOAD], 99thPercentileLatency(ns), 5960761343
[USED_MEM_MB], Operations, 9
[USED_MEM_MB], AverageLatency(ns), 6754.222222222223
[USED_MEM_MB], MinLatency(ns), 70
[USED_MEM_MB], MaxLatency(ns), 9648
[USED_MEM_MB], 95thPercentileLatency(ns), 9648
[USED_MEM_MB], 99thPercentileLatency(ns), 9648
[MAIN_GCs_Count], Operations, 16
[MAIN_GCs_Count], AverageLatency(ns), 135.625
[MAIN_GCs_Count], MinLatency(ns), 133
[MAIN_GCs_Count], MaxLatency(ns), 138
[MAIN_GCs_Count], 95thPercentileLatency(ns), 138
[MAIN_GCs_Count], 99thPercentileLatency(ns), 138
[MAIN_GCs_Time(ms)], Operations, 16
[MAIN_GCs_Time(ms)], AverageLatency(ns), 25389.125
[MAIN_GCs_Time(ms)], MinLatency(ns), 24949
[MAIN_GCs_Time(ms)], MaxLatency(ns), 25780
[MAIN_GCs_Time(ms)], 95thPercentileLatency(ns), 25780
[MAIN_GCs_Time(ms)], 99thPercentileLatency(ns), 25780
[TRANSACTION], Operations, 16
[TRANSACTION], AverageLatency(ns), 6.6852192256E10
[TRANSACTION], MinLatency(ns), 65569030144
[TRANSACTION], MaxLatency(ns), 68135419903
[TRANSACTION], 95thPercentileLatency(ns), 68106321919
[TRANSACTION], 99thPercentileLatency(ns), 68135419903
[GCS_TIME], Operations, 9
[GCS_TIME], AverageLatency(ns), 3097.5555555555557
[GCS_TIME], MinLatency(ns), 0
[GCS_TIME], MaxLatency(ns), 5086
[GCS_TIME], 95thPercentileLatency(ns), 5086
[GCS_TIME], 99thPercentileLatency(ns), 5086
[LOAD_GCs_Time(ms)], Operations, 16
[LOAD_GCs_Time(ms)], AverageLatency(ns), 2008.5
[LOAD_GCs_Time(ms)], MinLatency(ns), 1746
[LOAD_GCs_Time(ms)], MaxLatency(ns), 2080
[LOAD_GCs_Time(ms)], 95thPercentileLatency(ns), 2080
[LOAD_GCs_Time(ms)], 99thPercentileLatency(ns), 2080
[READ], Operations, 30002266
[READ], AverageLatency(ns), 11581.459177783438
[READ], MinLatency(ns), 202
[READ], MaxLatency(ns), 1199710207
[READ], 95thPercentileLatency(ns), 46474
[READ], 99thPercentileLatency(ns), 58778
[READ], Return=OK, 30002266
[INIT], Operations, 16
[INIT], AverageLatency(ns), 5.78215424E8
[INIT], MinLatency(ns), 575238144
[INIT], MaxLatency(ns), 582070271
[INIT], 95thPercentileLatency(ns), 581935103
[INIT], 99thPercentileLatency(ns), 582070271
[GCS], Operations, 9
[GCS], AverageLatency(ns), 18.22222222222222
[GCS], MinLatency(ns), 0
[GCS], MaxLatency(ns), 38
[GCS], 95thPercentileLatency(ns), 38
[GCS], 99thPercentileLatency(ns), 38
[LOAD_GCs_Count], Operations, 16
[LOAD_GCs_Count], AverageLatency(ns), 24.5625
[LOAD_GCs_Count], MinLatency(ns), 23
[LOAD_GCs_Count], MaxLatency(ns), 25
[LOAD_GCs_Count], 95thPercentileLatency(ns), 25
[LOAD_GCs_Count], 99thPercentileLatency(ns), 25
[CLEANUP], Operations, 16
[CLEANUP], AverageLatency(ns), 1.76573056E9
[CLEANUP], MinLatency(ns), 484913152
[CLEANUP], MaxLatency(ns), 3025436671
[CLEANUP], 95thPercentileLatency(ns), 3016163327
[CLEANUP], 99thPercentileLatency(ns), 3025436671
[INSERT], Operations, 1000000
[INSERT], AverageLatency(ns), 30791.115527
[INSERT], MinLatency(ns), 1214
[INSERT], MaxLatency(ns), 316211199
[INSERT], 95thPercentileLatency(ns), 23943
[INSERT], 99thPercentileLatency(ns), 60122
[INSERT], Return=OK, 1000000
[UPDATE], Operations, 29997734
[UPDATE], AverageLatency(ns), 17408.870392510315
[UPDATE], MinLatency(ns), 1216
[UPDATE], MaxLatency(ns), 1199718399
[UPDATE], 95thPercentileLatency(ns), 49385
[UPDATE], 99thPercentileLatency(ns), 62797
[UPDATE], Return=OK, 29997734
