/home/anatole/jdk8u/build/linux-x86_64-normal-server-release/jdk/bin/java -Xmx20g -XX:+UseG1GC -classpath /home/anatole/ycsb/conf:/home/anatole/ycsb/core/target/core-0.18.0-SNAPSHOT.jar:/home/anatole/ycsb/core/target/dependency/HdrHistogram-2.1.4.jar:/home/anatole/ycsb/core/target/dependency/guava-18.0.jar:/home/anatole/ycsb/core/target/dependency/htrace-core4-4.1.0-incubating.jar:/home/anatole/ycsb/core/target/dependency/jackson-core-asl-1.9.4.jar:/home/anatole/ycsb/core/target/dependency/jackson-mapper-asl-1.9.4.jar:/home/anatole/ycsb/core/target/dependency/javax.persistence-api-2.2.jar:/home/anatole/ycsb/core/target/dependency/jnvm-1.0-SNAPSHOT.jar:/home/anatole/ycsb/core/target/dependency/pcj-1.0.jar:/home/anatole/ycsb/core/target/dependency/unsafe-helper-1.0.jar:/home/anatole/ycsb/infinispan/src/main/conf:/home/anatole/ycsb/infinispan/target/infinispan-binding-0.18.0-SNAPSHOT.jar:/home/anatole/ycsb/infinispan/target/dependency/caffeine-2.6.2.jar:/home/anatole/ycsb/infinispan/target/dependency/gson-2.8.2.jar:/home/anatole/ycsb/infinispan/target/dependency/guava-18.0.jar:/home/anatole/ycsb/infinispan/target/dependency/infinispan-cachestore-jnvm-1.0-SNAPSHOT.jar:/home/anatole/ycsb/infinispan/target/dependency/infinispan-cachestore-pcj-1.0-SNAPSHOT.jar:/home/anatole/ycsb/infinispan/target/dependency/infinispan-client-hotrod-9.4.20.Final.jar:/home/anatole/ycsb/infinispan/target/dependency/infinispan-commons-9.4.20.Final.jar:/home/anatole/ycsb/infinispan/target/dependency/infinispan-core-9.4.20.Final.jar:/home/anatole/ycsb/infinispan/target/dependency/javax.persistence-api-2.2.jar:/home/anatole/ycsb/infinispan/target/dependency/jboss-logging-3.3.2.Final.jar:/home/anatole/ycsb/infinispan/target/dependency/jboss-marshalling-osgi-2.0.6.Final.jar:/home/anatole/ycsb/infinispan/target/dependency/jboss-transaction-api_1.2_spec-1.1.1.Final.jar:/home/anatole/ycsb/infinispan/target/dependency/jgroups-4.0.21.Final.jar:/home/anatole/ycsb/infinispan/target/dependency/jnvm-1.0-SNAPSHOT.jar:/home/anatole/ycsb/infinispan/target/dependency/metainf-services-1.7.jar:/home/anatole/ycsb/infinispan/target/dependency/netty-buffer-4.1.51.Final.jar:/home/anatole/ycsb/infinispan/target/dependency/netty-codec-4.1.51.Final.jar:/home/anatole/ycsb/infinispan/target/dependency/netty-common-4.1.51.Final.jar:/home/anatole/ycsb/infinispan/target/dependency/netty-handler-4.1.51.Final.jar:/home/anatole/ycsb/infinispan/target/dependency/netty-resolver-4.1.51.Final.jar:/home/anatole/ycsb/infinispan/target/dependency/netty-transport-4.1.51.Final.jar:/home/anatole/ycsb/infinispan/target/dependency/netty-transport-native-epoll-4.1.51.Final-linux-x86_64.jar:/home/anatole/ycsb/infinispan/target/dependency/netty-transport-native-unix-common-4.1.51.Final.jar:/home/anatole/ycsb/infinispan/target/dependency/pcj-1.0.jar:/home/anatole/ycsb/infinispan/target/dependency/reactive-streams-1.0.2.jar:/home/anatole/ycsb/infinispan/target/dependency/rxjava-2.2.4.jar:/home/anatole/ycsb/infinispan/target/dependency/unsafe-helper-1.0.jar site.ycsb.Client -t -db site.ycsb.db.InfinispanJNVMClient -P ../workloads/workloada -preload -s -threads 8 -p dataintegrity=true -p offheap=true -p pcj=false -p recordcount=1000000 -p operationcount=24000000 -p fieldcount=10 -p fieldlength=100 -p requestdistribution=zipfian -p measurement.trackjvm=true -p measurementtype=hdrhistogram -p hdrhistogram.output.path=./out/exp5.concurrent.ref/log/infinispan-jnvm.run.workloada.true.1000000.1.10.100.zipfian.8.false..default.default.none.r1.hdr.log
[OVERALL], RunTime(ms), 43834
[OVERALL], Throughput(ops/sec), 570333.5310489574
[TOTAL_GCS_G1_Young_Generation], Count, 85
[TOTAL_GC_TIME_G1_Young_Generation], Time(ms), 11684
[TOTAL_GC_TIME_%_G1_Young_Generation], Time(%), 26.655107907104075
[TOTAL_GCS_G1_Old_Generation], Count, 0
[TOTAL_GC_TIME_G1_Old_Generation], Time(ms), 0
[TOTAL_GC_TIME_%_G1_Old_Generation], Time(%), 0.0
[TOTAL_GCs], Count, 85
[TOTAL_GC_TIME], Time(ms), 11684
[TOTAL_GC_TIME_%], Time(%), 26.655107907104075
[MAX_MEM_USED], MBs, 5405
[MIN_MEM_USED], MBs, 60
[MAX_THREADS], Count, 14
[MIN_THREADS], Count, 4
[MAX_SYS_LOAD_AVG], Load, 9.3
[MIN_SYS_LOAD_AVG], Load, 5.39
[THREAD_COUNT], Operations, 6
[THREAD_COUNT], AverageLatency(ns), 11.666666666666666
[THREAD_COUNT], MinLatency(ns), 4
[THREAD_COUNT], MaxLatency(ns), 14
[THREAD_COUNT], 95thPercentileLatency(ns), 14
[THREAD_COUNT], 99thPercentileLatency(ns), 14
[SYS_LOAD_AVG], Operations, 6
[SYS_LOAD_AVG], AverageLatency(ns), 7.166666666666667
[SYS_LOAD_AVG], MinLatency(ns), 5
[SYS_LOAD_AVG], MaxLatency(ns), 9
[SYS_LOAD_AVG], 95thPercentileLatency(ns), 9
[SYS_LOAD_AVG], 99thPercentileLatency(ns), 9
[LOAD], Operations, 8
[LOAD], AverageLatency(ns), 1.4099546112E10
[LOAD], MinLatency(ns), 13944029184
[LOAD], MaxLatency(ns), 14156169215
[LOAD], 95thPercentileLatency(ns), 14156169215
[LOAD], 99thPercentileLatency(ns), 14156169215
[USED_MEM_MB], Operations, 6
[USED_MEM_MB], AverageLatency(ns), 3607.3333333333335
[USED_MEM_MB], MinLatency(ns), 60
[USED_MEM_MB], MaxLatency(ns), 5405
[USED_MEM_MB], 95thPercentileLatency(ns), 5405
[USED_MEM_MB], 99thPercentileLatency(ns), 5405
[MAIN_GCs_Count], Operations, 8
[MAIN_GCs_Count], AverageLatency(ns), 59.875
[MAIN_GCs_Count], MinLatency(ns), 59
[MAIN_GCs_Count], MaxLatency(ns), 60
[MAIN_GCs_Count], 95thPercentileLatency(ns), 60
[MAIN_GCs_Count], 99thPercentileLatency(ns), 60
[MAIN_GCs_Time(ms)], Operations, 8
[MAIN_GCs_Time(ms)], AverageLatency(ns), 9751.25
[MAIN_GCs_Time(ms)], MinLatency(ns), 9599
[MAIN_GCs_Time(ms)], MaxLatency(ns), 9773
[MAIN_GCs_Time(ms)], 95thPercentileLatency(ns), 9773
[MAIN_GCs_Time(ms)], 99thPercentileLatency(ns), 9773
[TRANSACTION], Operations, 8
[TRANSACTION], AverageLatency(ns), 2.7738112E10
[TRANSACTION], MinLatency(ns), 27324448768
[TRANSACTION], MaxLatency(ns), 27937603583
[TRANSACTION], 95thPercentileLatency(ns), 27937603583
[TRANSACTION], 99thPercentileLatency(ns), 27937603583
[GCS_TIME], Operations, 6
[GCS_TIME], AverageLatency(ns), 1947.3333333333333
[GCS_TIME], MinLatency(ns), 0
[GCS_TIME], MaxLatency(ns), 3832
[GCS_TIME], 95thPercentileLatency(ns), 3832
[GCS_TIME], 99thPercentileLatency(ns), 3832
[LOAD_GCs_Time(ms)], Operations, 8
[LOAD_GCs_Time(ms)], AverageLatency(ns), 1893.0
[LOAD_GCs_Time(ms)], MinLatency(ns), 1893
[LOAD_GCs_Time(ms)], MaxLatency(ns), 1893
[LOAD_GCs_Time(ms)], 95thPercentileLatency(ns), 1893
[LOAD_GCs_Time(ms)], 99thPercentileLatency(ns), 1893
[READ], Operations, 11996449
[READ], AverageLatency(ns), 4187.704327005433
[READ], MinLatency(ns), 257
[READ], MaxLatency(ns), 233847807
[READ], 95thPercentileLatency(ns), 8877
[READ], 99thPercentileLatency(ns), 13310
[READ], Return=OK, 11996449
[INIT], Operations, 8
[INIT], AverageLatency(ns), 1.614332928E9
[INIT], MinLatency(ns), 1613111296
[INIT], MaxLatency(ns), 1616306175
[INIT], 95thPercentileLatency(ns), 1616306175
[INIT], 99thPercentileLatency(ns), 1616306175
[GCS], Operations, 6
[GCS], AverageLatency(ns), 14.166666666666666
[GCS], MinLatency(ns), 0
[GCS], MaxLatency(ns), 23
[GCS], 95thPercentileLatency(ns), 23
[GCS], 99thPercentileLatency(ns), 23
[LOAD_GCs_Count], Operations, 8
[LOAD_GCs_Count], AverageLatency(ns), 24.0
[LOAD_GCs_Count], MinLatency(ns), 24
[LOAD_GCs_Count], MaxLatency(ns), 24
[LOAD_GCs_Count], 95thPercentileLatency(ns), 24
[LOAD_GCs_Count], 99thPercentileLatency(ns), 24
[CLEANUP], Operations, 8
[CLEANUP], AverageLatency(ns), 2.00012678E8
[CLEANUP], MinLatency(ns), 4890976
[CLEANUP], MaxLatency(ns), 584769535
[CLEANUP], 95thPercentileLatency(ns), 584769535
[CLEANUP], 99thPercentileLatency(ns), 584769535
[INSERT], Operations, 1000000
[INSERT], AverageLatency(ns), 45198.726218
[INSERT], MinLatency(ns), 2863
[INSERT], MaxLatency(ns), 181048319
[INSERT], 95thPercentileLatency(ns), 36088
[INSERT], 99thPercentileLatency(ns), 324027
[INSERT], Return=OK, 1000000
[UPDATE], Operations, 12003551
[UPDATE], AverageLatency(ns), 5739.168224469576
[UPDATE], MinLatency(ns), 409
[UPDATE], MaxLatency(ns), 233768959
[UPDATE], 95thPercentileLatency(ns), 9971
[UPDATE], 99thPercentileLatency(ns), 14368
[UPDATE], Return=OK, 12003551
