/home/anatole/jdk8u/build/linux-x86_64-normal-server-release/jdk/bin/java -Xmx20g -XX:+UseG1GC -classpath /home/anatole/ycsb/conf:/home/anatole/ycsb/core/target/core-0.18.0-SNAPSHOT.jar:/home/anatole/ycsb/core/target/dependency/HdrHistogram-2.1.4.jar:/home/anatole/ycsb/core/target/dependency/guava-18.0.jar:/home/anatole/ycsb/core/target/dependency/htrace-core4-4.1.0-incubating.jar:/home/anatole/ycsb/core/target/dependency/jackson-core-asl-1.9.4.jar:/home/anatole/ycsb/core/target/dependency/jackson-mapper-asl-1.9.4.jar:/home/anatole/ycsb/core/target/dependency/javax.persistence-api-2.2.jar:/home/anatole/ycsb/core/target/dependency/jnvm-1.0-SNAPSHOT.jar:/home/anatole/ycsb/core/target/dependency/pcj-1.0.jar:/home/anatole/ycsb/core/target/dependency/unsafe-helper-1.0.jar:/home/anatole/ycsb/infinispan/src/main/conf:/home/anatole/ycsb/infinispan/target/infinispan-binding-0.18.0-SNAPSHOT.jar:/home/anatole/ycsb/infinispan/target/dependency/caffeine-2.6.2.jar:/home/anatole/ycsb/infinispan/target/dependency/gson-2.8.2.jar:/home/anatole/ycsb/infinispan/target/dependency/guava-18.0.jar:/home/anatole/ycsb/infinispan/target/dependency/infinispan-cachestore-jnvm-1.0-SNAPSHOT.jar:/home/anatole/ycsb/infinispan/target/dependency/infinispan-cachestore-pcj-1.0-SNAPSHOT.jar:/home/anatole/ycsb/infinispan/target/dependency/infinispan-client-hotrod-9.4.20.Final.jar:/home/anatole/ycsb/infinispan/target/dependency/infinispan-commons-9.4.20.Final.jar:/home/anatole/ycsb/infinispan/target/dependency/infinispan-core-9.4.20.Final.jar:/home/anatole/ycsb/infinispan/target/dependency/javax.persistence-api-2.2.jar:/home/anatole/ycsb/infinispan/target/dependency/jboss-logging-3.3.2.Final.jar:/home/anatole/ycsb/infinispan/target/dependency/jboss-marshalling-osgi-2.0.6.Final.jar:/home/anatole/ycsb/infinispan/target/dependency/jboss-transaction-api_1.2_spec-1.1.1.Final.jar:/home/anatole/ycsb/infinispan/target/dependency/jgroups-4.0.21.Final.jar:/home/anatole/ycsb/infinispan/target/dependency/jnvm-1.0-SNAPSHOT.jar:/home/anatole/ycsb/infinispan/target/dependency/metainf-services-1.7.jar:/home/anatole/ycsb/infinispan/target/dependency/netty-buffer-4.1.51.Final.jar:/home/anatole/ycsb/infinispan/target/dependency/netty-codec-4.1.51.Final.jar:/home/anatole/ycsb/infinispan/target/dependency/netty-common-4.1.51.Final.jar:/home/anatole/ycsb/infinispan/target/dependency/netty-handler-4.1.51.Final.jar:/home/anatole/ycsb/infinispan/target/dependency/netty-resolver-4.1.51.Final.jar:/home/anatole/ycsb/infinispan/target/dependency/netty-transport-4.1.51.Final.jar:/home/anatole/ycsb/infinispan/target/dependency/netty-transport-native-epoll-4.1.51.Final-linux-x86_64.jar:/home/anatole/ycsb/infinispan/target/dependency/netty-transport-native-unix-common-4.1.51.Final.jar:/home/anatole/ycsb/infinispan/target/dependency/pcj-1.0.jar:/home/anatole/ycsb/infinispan/target/dependency/reactive-streams-1.0.2.jar:/home/anatole/ycsb/infinispan/target/dependency/rxjava-2.2.4.jar:/home/anatole/ycsb/infinispan/target/dependency/unsafe-helper-1.0.jar site.ycsb.Client -t -db site.ycsb.db.InfinispanClient -P ../workloads/workloada -preload -s -threads 24 -p dataintegrity=true -p offheap=false -p pcj=false -p recordcount=1000000 -p operationcount=60000000 -p fieldcount=10 -p fieldlength=100 -p requestdistribution=zipfian -p measurement.trackjvm=true -p measurementtype=hdrhistogram -p hdrhistogram.output.path=./out/exp5.concurrent.ref/log/infinispan.run.workloada.true.1000000.1000000.10.100.zipfian.24.true..default.default.none.r2.hdr.log
[OVERALL], RunTime(ms), 79818
[OVERALL], Throughput(ops/sec), 764238.6429126263
[TOTAL_GCS_G1_Young_Generation], Count, 181
[TOTAL_GC_TIME_G1_Young_Generation], Time(ms), 30310
[TOTAL_GC_TIME_%_G1_Young_Generation], Time(%), 37.973890601117546
[TOTAL_GCS_G1_Old_Generation], Count, 0
[TOTAL_GC_TIME_G1_Old_Generation], Time(ms), 0
[TOTAL_GC_TIME_%_G1_Old_Generation], Time(%), 0.0
[TOTAL_GCs], Count, 181
[TOTAL_GC_TIME], Time(ms), 30310
[TOTAL_GC_TIME_%], Time(%), 37.973890601117546
[MAX_MEM_USED], MBs, 9551
[MIN_MEM_USED], MBs, 82
[MAX_THREADS], Count, 56
[MIN_THREADS], Count, 3
[MAX_SYS_LOAD_AVG], Load, 25.67
[MIN_SYS_LOAD_AVG], Load, 22.47
[THREAD_COUNT], Operations, 9
[THREAD_COUNT], AverageLatency(ns), 46.77777777777778
[THREAD_COUNT], MinLatency(ns), 3
[THREAD_COUNT], MaxLatency(ns), 56
[THREAD_COUNT], 95thPercentileLatency(ns), 56
[THREAD_COUNT], 99thPercentileLatency(ns), 56
[SYS_LOAD_AVG], Operations, 9
[SYS_LOAD_AVG], AverageLatency(ns), 23.666666666666668
[SYS_LOAD_AVG], MinLatency(ns), 22
[SYS_LOAD_AVG], MaxLatency(ns), 25
[SYS_LOAD_AVG], 95thPercentileLatency(ns), 25
[SYS_LOAD_AVG], 99thPercentileLatency(ns), 25
[LOAD], Operations, 24
[LOAD], AverageLatency(ns), 6.532491946666667E9
[LOAD], MinLatency(ns), 6061457408
[LOAD], MaxLatency(ns), 6822920191
[LOAD], 95thPercentileLatency(ns), 6813876223
[LOAD], 99thPercentileLatency(ns), 6822920191
[USED_MEM_MB], Operations, 9
[USED_MEM_MB], AverageLatency(ns), 6796.777777777777
[USED_MEM_MB], MinLatency(ns), 82
[USED_MEM_MB], MaxLatency(ns), 9551
[USED_MEM_MB], 95thPercentileLatency(ns), 9551
[USED_MEM_MB], 99thPercentileLatency(ns), 9551
[MAIN_GCs_Count], Operations, 24
[MAIN_GCs_Count], AverageLatency(ns), 153.66666666666666
[MAIN_GCs_Count], MinLatency(ns), 152
[MAIN_GCs_Count], MaxLatency(ns), 155
[MAIN_GCs_Count], 95thPercentileLatency(ns), 155
[MAIN_GCs_Count], 99thPercentileLatency(ns), 155
[MAIN_GCs_Time(ms)], Operations, 24
[MAIN_GCs_Time(ms)], AverageLatency(ns), 27925.875
[MAIN_GCs_Time(ms)], MinLatency(ns), 27645
[MAIN_GCs_Time(ms)], MaxLatency(ns), 28149
[MAIN_GCs_Time(ms)], 95thPercentileLatency(ns), 28149
[MAIN_GCs_Time(ms)], 99thPercentileLatency(ns), 28149
[TRANSACTION], Operations, 24
[TRANSACTION], AverageLatency(ns), 7.073296110933333E10
[TRANSACTION], MinLatency(ns), 70034915328
[TRANSACTION], MaxLatency(ns), 71541194751
[TRANSACTION], 95thPercentileLatency(ns), 71520747519
[TRANSACTION], 99thPercentileLatency(ns), 71541194751
[GCS_TIME], Operations, 9
[GCS_TIME], AverageLatency(ns), 3367.777777777778
[GCS_TIME], MinLatency(ns), 0
[GCS_TIME], MaxLatency(ns), 5042
[GCS_TIME], 95thPercentileLatency(ns), 5042
[GCS_TIME], 99thPercentileLatency(ns), 5042
[LOAD_GCs_Time(ms)], Operations, 24
[LOAD_GCs_Time(ms)], AverageLatency(ns), 2010.375
[LOAD_GCs_Time(ms)], MinLatency(ns), 1798
[LOAD_GCs_Time(ms)], MaxLatency(ns), 2133
[LOAD_GCs_Time(ms)], 95thPercentileLatency(ns), 2133
[LOAD_GCs_Time(ms)], 99thPercentileLatency(ns), 2133
[READ], Operations, 29993373
[READ], AverageLatency(ns), 20548.466122933223
[READ], MinLatency(ns), 216
[READ], MaxLatency(ns), 1110376447
[READ], 95thPercentileLatency(ns), 88628
[READ], 99thPercentileLatency(ns), 105813
[READ], Return=OK, 29993373
[INIT], Operations, 24
[INIT], AverageLatency(ns), 6.302097066666666E8
[INIT], MinLatency(ns), 625135616
[INIT], MaxLatency(ns), 635117567
[INIT], 95thPercentileLatency(ns), 635084799
[INIT], 99thPercentileLatency(ns), 635117567
[GCS], Operations, 9
[GCS], AverageLatency(ns), 20.11111111111111
[GCS], MinLatency(ns), 0
[GCS], MaxLatency(ns), 39
[GCS], 95thPercentileLatency(ns), 39
[GCS], 99thPercentileLatency(ns), 39
[LOAD_GCs_Count], Operations, 24
[LOAD_GCs_Count], AverageLatency(ns), 23.25
[LOAD_GCs_Count], MinLatency(ns), 22
[LOAD_GCs_Count], MaxLatency(ns), 24
[LOAD_GCs_Count], 95thPercentileLatency(ns), 24
[LOAD_GCs_Count], 99thPercentileLatency(ns), 24
[CLEANUP], Operations, 24
[CLEANUP], AverageLatency(ns), 1.5028153173333333E9
[CLEANUP], MinLatency(ns), 696356864
[CLEANUP], MaxLatency(ns), 2169651199
[CLEANUP], 95thPercentileLatency(ns), 1955962879
[CLEANUP], 99thPercentileLatency(ns), 2169651199
[INSERT], Operations, 1000000
[INSERT], AverageLatency(ns), 79587.82023
[INSERT], MinLatency(ns), 1879
[INSERT], MaxLatency(ns), 313341951
[INSERT], 95thPercentileLatency(ns), 56226
[INSERT], 99thPercentileLatency(ns), 156700
[INSERT], Return=OK, 1000000
[UPDATE], Operations, 30006627
[UPDATE], AverageLatency(ns), 28101.108050964875
[UPDATE], MinLatency(ns), 1642
[UPDATE], MaxLatency(ns), 1110360063
[UPDATE], 95thPercentileLatency(ns), 91809
[UPDATE], 99thPercentileLatency(ns), 110170
[UPDATE], Return=OK, 30006627
