/home/anatole/jdk8u/build/linux-x86_64-normal-server-release/jdk/bin/java -Xmx20g -XX:+UseG1GC -classpath /home/anatole/ycsb/conf:/home/anatole/ycsb/core/target/core-0.18.0-SNAPSHOT.jar:/home/anatole/ycsb/core/target/dependency/HdrHistogram-2.1.4.jar:/home/anatole/ycsb/core/target/dependency/guava-18.0.jar:/home/anatole/ycsb/core/target/dependency/htrace-core4-4.1.0-incubating.jar:/home/anatole/ycsb/core/target/dependency/jackson-core-asl-1.9.4.jar:/home/anatole/ycsb/core/target/dependency/jackson-mapper-asl-1.9.4.jar:/home/anatole/ycsb/core/target/dependency/javax.persistence-api-2.2.jar:/home/anatole/ycsb/core/target/dependency/jnvm-1.0-SNAPSHOT.jar:/home/anatole/ycsb/core/target/dependency/pcj-1.0.jar:/home/anatole/ycsb/core/target/dependency/unsafe-helper-1.0.jar:/home/anatole/ycsb/infinispan/src/main/conf:/home/anatole/ycsb/infinispan/target/infinispan-binding-0.18.0-SNAPSHOT.jar:/home/anatole/ycsb/infinispan/target/dependency/caffeine-2.6.2.jar:/home/anatole/ycsb/infinispan/target/dependency/gson-2.8.2.jar:/home/anatole/ycsb/infinispan/target/dependency/guava-18.0.jar:/home/anatole/ycsb/infinispan/target/dependency/infinispan-cachestore-jnvm-1.0-SNAPSHOT.jar:/home/anatole/ycsb/infinispan/target/dependency/infinispan-cachestore-pcj-1.0-SNAPSHOT.jar:/home/anatole/ycsb/infinispan/target/dependency/infinispan-client-hotrod-9.4.20.Final.jar:/home/anatole/ycsb/infinispan/target/dependency/infinispan-commons-9.4.20.Final.jar:/home/anatole/ycsb/infinispan/target/dependency/infinispan-core-9.4.20.Final.jar:/home/anatole/ycsb/infinispan/target/dependency/javax.persistence-api-2.2.jar:/home/anatole/ycsb/infinispan/target/dependency/jboss-logging-3.3.2.Final.jar:/home/anatole/ycsb/infinispan/target/dependency/jboss-marshalling-osgi-2.0.6.Final.jar:/home/anatole/ycsb/infinispan/target/dependency/jboss-transaction-api_1.2_spec-1.1.1.Final.jar:/home/anatole/ycsb/infinispan/target/dependency/jgroups-4.0.21.Final.jar:/home/anatole/ycsb/infinispan/target/dependency/jnvm-1.0-SNAPSHOT.jar:/home/anatole/ycsb/infinispan/target/dependency/metainf-services-1.7.jar:/home/anatole/ycsb/infinispan/target/dependency/netty-buffer-4.1.51.Final.jar:/home/anatole/ycsb/infinispan/target/dependency/netty-codec-4.1.51.Final.jar:/home/anatole/ycsb/infinispan/target/dependency/netty-common-4.1.51.Final.jar:/home/anatole/ycsb/infinispan/target/dependency/netty-handler-4.1.51.Final.jar:/home/anatole/ycsb/infinispan/target/dependency/netty-resolver-4.1.51.Final.jar:/home/anatole/ycsb/infinispan/target/dependency/netty-transport-4.1.51.Final.jar:/home/anatole/ycsb/infinispan/target/dependency/netty-transport-native-epoll-4.1.51.Final-linux-x86_64.jar:/home/anatole/ycsb/infinispan/target/dependency/netty-transport-native-unix-common-4.1.51.Final.jar:/home/anatole/ycsb/infinispan/target/dependency/pcj-1.0.jar:/home/anatole/ycsb/infinispan/target/dependency/reactive-streams-1.0.2.jar:/home/anatole/ycsb/infinispan/target/dependency/rxjava-2.2.4.jar:/home/anatole/ycsb/infinispan/target/dependency/unsafe-helper-1.0.jar site.ycsb.Client -t -db site.ycsb.db.InfinispanClient -P ../workloads/workloada -preload -s -threads 8 -p dataintegrity=true -p offheap=false -p pcj=false -p recordcount=1000000 -p operationcount=48000000 -p fieldcount=10 -p fieldlength=100 -p requestdistribution=zipfian -p measurement.trackjvm=true -p measurementtype=hdrhistogram -p hdrhistogram.output.path=./out/exp5.concurrent.ref/log/infinispan.run.workloada.true.1000000.1000000.10.100.zipfian.8.false.true.default.default.volatile.r2.hdr.log
[OVERALL], RunTime(ms), 60500
[OVERALL], Throughput(ops/sec), 809917.3553719008
[TOTAL_GCS_G1_Young_Generation], Count, 138
[TOTAL_GC_TIME_G1_Young_Generation], Time(ms), 23462
[TOTAL_GC_TIME_%_G1_Young_Generation], Time(%), 38.780165289256196
[TOTAL_GCS_G1_Old_Generation], Count, 0
[TOTAL_GC_TIME_G1_Old_Generation], Time(ms), 0
[TOTAL_GC_TIME_%_G1_Old_Generation], Time(%), 0.0
[TOTAL_GCs], Count, 138
[TOTAL_GC_TIME], Time(ms), 23462
[TOTAL_GC_TIME_%], Time(%), 38.780165289256196
[MAX_MEM_USED], MBs, 9745
[MIN_MEM_USED], MBs, 60
[MAX_THREADS], Count, 39
[MIN_THREADS], Count, 4
[MAX_SYS_LOAD_AVG], Load, 18.57
[MIN_SYS_LOAD_AVG], Load, 16.45
[THREAD_COUNT], Operations, 8
[THREAD_COUNT], AverageLatency(ns), 26.625
[THREAD_COUNT], MinLatency(ns), 4
[THREAD_COUNT], MaxLatency(ns), 39
[THREAD_COUNT], 95thPercentileLatency(ns), 39
[THREAD_COUNT], 99thPercentileLatency(ns), 39
[SYS_LOAD_AVG], Operations, 8
[SYS_LOAD_AVG], AverageLatency(ns), 16.875
[SYS_LOAD_AVG], MinLatency(ns), 16
[SYS_LOAD_AVG], MaxLatency(ns), 18
[SYS_LOAD_AVG], 95thPercentileLatency(ns), 18
[SYS_LOAD_AVG], 99thPercentileLatency(ns), 18
[LOAD], Operations, 8
[LOAD], AverageLatency(ns), 5.220687872E9
[LOAD], MinLatency(ns), 5078712320
[LOAD], MaxLatency(ns), 5459247103
[LOAD], 95thPercentileLatency(ns), 5459247103
[LOAD], 99thPercentileLatency(ns), 5459247103
[USED_MEM_MB], Operations, 8
[USED_MEM_MB], AverageLatency(ns), 6440.875
[USED_MEM_MB], MinLatency(ns), 60
[USED_MEM_MB], MaxLatency(ns), 9745
[USED_MEM_MB], 95thPercentileLatency(ns), 9745
[USED_MEM_MB], 99thPercentileLatency(ns), 9745
[MAIN_GCs_Count], Operations, 8
[MAIN_GCs_Count], AverageLatency(ns), 111.125
[MAIN_GCs_Count], MinLatency(ns), 109
[MAIN_GCs_Count], MaxLatency(ns), 112
[MAIN_GCs_Count], 95thPercentileLatency(ns), 112
[MAIN_GCs_Count], 99thPercentileLatency(ns), 112
[MAIN_GCs_Time(ms)], Operations, 8
[MAIN_GCs_Time(ms)], AverageLatency(ns), 21205.0
[MAIN_GCs_Time(ms)], MinLatency(ns), 20869
[MAIN_GCs_Time(ms)], MaxLatency(ns), 21350
[MAIN_GCs_Time(ms)], 95thPercentileLatency(ns), 21350
[MAIN_GCs_Time(ms)], 99thPercentileLatency(ns), 21350
[TRANSACTION], Operations, 8
[TRANSACTION], AverageLatency(ns), 5.3417279488E10
[TRANSACTION], MinLatency(ns), 52489355264
[TRANSACTION], MaxLatency(ns), 53849620479
[TRANSACTION], 95thPercentileLatency(ns), 53849620479
[TRANSACTION], 99thPercentileLatency(ns), 53849620479
[GCS_TIME], Operations, 8
[GCS_TIME], AverageLatency(ns), 2932.75
[GCS_TIME], MinLatency(ns), 0
[GCS_TIME], MaxLatency(ns), 4960
[GCS_TIME], 95thPercentileLatency(ns), 4960
[GCS_TIME], 99thPercentileLatency(ns), 4960
[LOAD_GCs_Time(ms)], Operations, 8
[LOAD_GCs_Time(ms)], AverageLatency(ns), 1988.25
[LOAD_GCs_Time(ms)], MinLatency(ns), 1926
[LOAD_GCs_Time(ms)], MaxLatency(ns), 2092
[LOAD_GCs_Time(ms)], 95thPercentileLatency(ns), 2092
[LOAD_GCs_Time(ms)], 99thPercentileLatency(ns), 2092
[READ], Operations, 24000457
[READ], AverageLatency(ns), 2365.00773864431
[READ], MinLatency(ns), 217
[READ], MaxLatency(ns), 438401023
[READ], 95thPercentileLatency(ns), 2725
[READ], 99thPercentileLatency(ns), 19277
[READ], Return=OK, 24000457
[INIT], Operations, 8
[INIT], AverageLatency(ns), 5.97344256E8
[INIT], MinLatency(ns), 596094976
[INIT], MaxLatency(ns), 599318527
[INIT], 95thPercentileLatency(ns), 599318527
[INIT], 99thPercentileLatency(ns), 599318527
[GCS], Operations, 8
[GCS], AverageLatency(ns), 17.25
[GCS], MinLatency(ns), 0
[GCS], MaxLatency(ns), 39
[GCS], 95thPercentileLatency(ns), 39
[GCS], 99thPercentileLatency(ns), 39
[LOAD_GCs_Count], Operations, 8
[LOAD_GCs_Count], AverageLatency(ns), 24.375
[LOAD_GCs_Count], MinLatency(ns), 24
[LOAD_GCs_Count], MaxLatency(ns), 25
[LOAD_GCs_Count], 95thPercentileLatency(ns), 25
[LOAD_GCs_Count], 99thPercentileLatency(ns), 25
[CLEANUP], Operations, 8
[CLEANUP], AverageLatency(ns), 9.26742016E8
[CLEANUP], MinLatency(ns), 497238016
[CLEANUP], MaxLatency(ns), 1835745279
[CLEANUP], 95thPercentileLatency(ns), 1835745279
[CLEANUP], 99thPercentileLatency(ns), 1835745279
[INSERT], Operations, 1000000
[INSERT], AverageLatency(ns), 10107.215177
[INSERT], MinLatency(ns), 1339
[INSERT], MaxLatency(ns), 171896831
[INSERT], 95thPercentileLatency(ns), 11524
[INSERT], 99thPercentileLatency(ns), 33497
[INSERT], Return=OK, 1000000
[UPDATE], Operations, 23999543
[UPDATE], AverageLatency(ns), 9065.220452114443
[UPDATE], MinLatency(ns), 1249
[UPDATE], MaxLatency(ns), 1218854911
[UPDATE], 95thPercentileLatency(ns), 15641
[UPDATE], 99thPercentileLatency(ns), 30734
[UPDATE], Return=OK, 23999543
