/home/anatole/jdk8u/build/linux-x86_64-normal-server-release/jdk/bin/java -Xmx20g -XX:+UseG1GC -classpath /home/anatole/ycsb/conf:/home/anatole/ycsb/core/target/core-0.18.0-SNAPSHOT.jar:/home/anatole/ycsb/core/target/dependency/HdrHistogram-2.1.4.jar:/home/anatole/ycsb/core/target/dependency/guava-18.0.jar:/home/anatole/ycsb/core/target/dependency/htrace-core4-4.1.0-incubating.jar:/home/anatole/ycsb/core/target/dependency/jackson-core-asl-1.9.4.jar:/home/anatole/ycsb/core/target/dependency/jackson-mapper-asl-1.9.4.jar:/home/anatole/ycsb/core/target/dependency/javax.persistence-api-2.2.jar:/home/anatole/ycsb/core/target/dependency/jnvm-1.0-SNAPSHOT.jar:/home/anatole/ycsb/core/target/dependency/pcj-1.0.jar:/home/anatole/ycsb/core/target/dependency/unsafe-helper-1.0.jar:/home/anatole/ycsb/infinispan/src/main/conf:/home/anatole/ycsb/infinispan/target/infinispan-binding-0.18.0-SNAPSHOT.jar:/home/anatole/ycsb/infinispan/target/dependency/caffeine-2.6.2.jar:/home/anatole/ycsb/infinispan/target/dependency/gson-2.8.2.jar:/home/anatole/ycsb/infinispan/target/dependency/guava-18.0.jar:/home/anatole/ycsb/infinispan/target/dependency/infinispan-cachestore-jnvm-1.0-SNAPSHOT.jar:/home/anatole/ycsb/infinispan/target/dependency/infinispan-cachestore-pcj-1.0-SNAPSHOT.jar:/home/anatole/ycsb/infinispan/target/dependency/infinispan-client-hotrod-9.4.20.Final.jar:/home/anatole/ycsb/infinispan/target/dependency/infinispan-commons-9.4.20.Final.jar:/home/anatole/ycsb/infinispan/target/dependency/infinispan-core-9.4.20.Final.jar:/home/anatole/ycsb/infinispan/target/dependency/javax.persistence-api-2.2.jar:/home/anatole/ycsb/infinispan/target/dependency/jboss-logging-3.3.2.Final.jar:/home/anatole/ycsb/infinispan/target/dependency/jboss-marshalling-osgi-2.0.6.Final.jar:/home/anatole/ycsb/infinispan/target/dependency/jboss-transaction-api_1.2_spec-1.1.1.Final.jar:/home/anatole/ycsb/infinispan/target/dependency/jgroups-4.0.21.Final.jar:/home/anatole/ycsb/infinispan/target/dependency/jnvm-1.0-SNAPSHOT.jar:/home/anatole/ycsb/infinispan/target/dependency/metainf-services-1.7.jar:/home/anatole/ycsb/infinispan/target/dependency/netty-buffer-4.1.51.Final.jar:/home/anatole/ycsb/infinispan/target/dependency/netty-codec-4.1.51.Final.jar:/home/anatole/ycsb/infinispan/target/dependency/netty-common-4.1.51.Final.jar:/home/anatole/ycsb/infinispan/target/dependency/netty-handler-4.1.51.Final.jar:/home/anatole/ycsb/infinispan/target/dependency/netty-resolver-4.1.51.Final.jar:/home/anatole/ycsb/infinispan/target/dependency/netty-transport-4.1.51.Final.jar:/home/anatole/ycsb/infinispan/target/dependency/netty-transport-native-epoll-4.1.51.Final-linux-x86_64.jar:/home/anatole/ycsb/infinispan/target/dependency/netty-transport-native-unix-common-4.1.51.Final.jar:/home/anatole/ycsb/infinispan/target/dependency/pcj-1.0.jar:/home/anatole/ycsb/infinispan/target/dependency/reactive-streams-1.0.2.jar:/home/anatole/ycsb/infinispan/target/dependency/rxjava-2.2.4.jar:/home/anatole/ycsb/infinispan/target/dependency/unsafe-helper-1.0.jar site.ycsb.Client -t -db site.ycsb.db.InfinispanJNVMClient -P ../workloads/workloada -preload -s -threads 32 -p dataintegrity=true -p offheap=true -p pcj=false -p recordcount=1000000 -p operationcount=60000000 -p fieldcount=10 -p fieldlength=100 -p requestdistribution=zipfian -p measurement.trackjvm=true -p measurementtype=hdrhistogram -p hdrhistogram.output.path=./out/exp5.concurrent.ref/log/infinispan-jnvm.run.workloada.true.1000000.1.10.100.zipfian.32.false..default.default.none.r2.hdr.log
[OVERALL], RunTime(ms), 113126
[OVERALL], Throughput(ops/sec), 539221.7527358874
[TOTAL_GCS_G1_Young_Generation], Count, 179
[TOTAL_GC_TIME_G1_Young_Generation], Time(ms), 30109
[TOTAL_GC_TIME_%_G1_Young_Generation], Time(%), 26.615455332991534
[TOTAL_GCS_G1_Old_Generation], Count, 0
[TOTAL_GC_TIME_G1_Old_Generation], Time(ms), 0
[TOTAL_GC_TIME_%_G1_Old_Generation], Time(%), 0.0
[TOTAL_GCs], Count, 179
[TOTAL_GC_TIME], Time(ms), 30109
[TOTAL_GC_TIME_%], Time(%), 26.615455332991534
[MAX_MEM_USED], MBs, 6998
[MIN_MEM_USED], MBs, 92
[MAX_THREADS], Count, 38
[MIN_THREADS], Count, 3
[MAX_SYS_LOAD_AVG], Load, 24.44
[MIN_SYS_LOAD_AVG], Load, 17.35
[THREAD_COUNT], Operations, 13
[THREAD_COUNT], AverageLatency(ns), 34.69230769230769
[THREAD_COUNT], MinLatency(ns), 3
[THREAD_COUNT], MaxLatency(ns), 38
[THREAD_COUNT], 95thPercentileLatency(ns), 38
[THREAD_COUNT], 99thPercentileLatency(ns), 38
[SYS_LOAD_AVG], Operations, 13
[SYS_LOAD_AVG], AverageLatency(ns), 19.615384615384617
[SYS_LOAD_AVG], MinLatency(ns), 17
[SYS_LOAD_AVG], MaxLatency(ns), 24
[SYS_LOAD_AVG], 95thPercentileLatency(ns), 23
[SYS_LOAD_AVG], 99thPercentileLatency(ns), 24
[LOAD], Operations, 32
[LOAD], AverageLatency(ns), 1.6967886848E10
[LOAD], MinLatency(ns), 15921971200
[LOAD], MaxLatency(ns), 17207656447
[LOAD], 95thPercentileLatency(ns), 17177116671
[LOAD], 99thPercentileLatency(ns), 17207656447
[USED_MEM_MB], Operations, 13
[USED_MEM_MB], AverageLatency(ns), 4733.153846153846
[USED_MEM_MB], MinLatency(ns), 92
[USED_MEM_MB], MaxLatency(ns), 6998
[USED_MEM_MB], 95thPercentileLatency(ns), 6878
[USED_MEM_MB], 99thPercentileLatency(ns), 6998
[MAIN_GCs_Count], Operations, 32
[MAIN_GCs_Count], AverageLatency(ns), 152.125
[MAIN_GCs_Count], MinLatency(ns), 151
[MAIN_GCs_Count], MaxLatency(ns), 153
[MAIN_GCs_Count], 95thPercentileLatency(ns), 153
[MAIN_GCs_Count], 99thPercentileLatency(ns), 153
[MAIN_GCs_Time(ms)], Operations, 32
[MAIN_GCs_Time(ms)], AverageLatency(ns), 28057.4375
[MAIN_GCs_Time(ms)], MinLatency(ns), 27837
[MAIN_GCs_Time(ms)], MaxLatency(ns), 28213
[MAIN_GCs_Time(ms)], 95thPercentileLatency(ns), 28213
[MAIN_GCs_Time(ms)], 99thPercentileLatency(ns), 28213
[TRANSACTION], Operations, 32
[TRANSACTION], AverageLatency(ns), 9.3779329024E10
[TRANSACTION], MinLatency(ns), 93106208768
[TRANSACTION], MaxLatency(ns), 94118084607
[TRANSACTION], 95thPercentileLatency(ns), 94089773055
[TRANSACTION], 99thPercentileLatency(ns), 94118084607
[GCS_TIME], Operations, 13
[GCS_TIME], AverageLatency(ns), 2316.076923076923
[GCS_TIME], MinLatency(ns), 0
[GCS_TIME], MaxLatency(ns), 3168
[GCS_TIME], 95thPercentileLatency(ns), 3093
[GCS_TIME], 99thPercentileLatency(ns), 3168
[LOAD_GCs_Time(ms)], Operations, 32
[LOAD_GCs_Time(ms)], AverageLatency(ns), 1839.46875
[LOAD_GCs_Time(ms)], MinLatency(ns), 1707
[LOAD_GCs_Time(ms)], MaxLatency(ns), 1864
[LOAD_GCs_Time(ms)], 95thPercentileLatency(ns), 1864
[LOAD_GCs_Time(ms)], 99thPercentileLatency(ns), 1864
[READ], Operations, 29992514
[READ], AverageLatency(ns), 38163.517133141955
[READ], MinLatency(ns), 311
[READ], MaxLatency(ns), 270940159
[READ], 95thPercentileLatency(ns), 183811
[READ], 99thPercentileLatency(ns), 229402
[READ], Return=OK, 29992514
[INIT], Operations, 32
[INIT], AverageLatency(ns), 1.580530688E9
[INIT], MinLatency(ns), 1574830080
[INIT], MaxLatency(ns), 1587937279
[INIT], 95thPercentileLatency(ns), 1586397183
[INIT], 99thPercentileLatency(ns), 1587937279
[GCS], Operations, 13
[GCS], AverageLatency(ns), 13.76923076923077
[GCS], MinLatency(ns), 0
[GCS], MaxLatency(ns), 21
[GCS], 95thPercentileLatency(ns), 17
[GCS], 99thPercentileLatency(ns), 21
[LOAD_GCs_Count], Operations, 32
[LOAD_GCs_Count], AverageLatency(ns), 23.84375
[LOAD_GCs_Count], MinLatency(ns), 23
[LOAD_GCs_Count], MaxLatency(ns), 24
[LOAD_GCs_Count], 95thPercentileLatency(ns), 24
[LOAD_GCs_Count], 99thPercentileLatency(ns), 24
[CLEANUP], Operations, 32
[CLEANUP], AverageLatency(ns), 3.48184512E8
[CLEANUP], MinLatency(ns), 9759936
[CLEANUP], MaxLatency(ns), 1003405311
[CLEANUP], 95thPercentileLatency(ns), 526428159
[CLEANUP], 99thPercentileLatency(ns), 1003405311
[INSERT], Operations, 1000000
[INSERT], AverageLatency(ns), 211413.164888
[INSERT], MinLatency(ns), 5254
[INSERT], MaxLatency(ns), 188814335
[INSERT], 95thPercentileLatency(ns), 204532
[INSERT], 99thPercentileLatency(ns), 4054111
[INSERT], Return=OK, 1000000
[UPDATE], Operations, 30007486
[UPDATE], AverageLatency(ns), 42367.981674239556
[UPDATE], MinLatency(ns), 415
[UPDATE], MaxLatency(ns), 270903295
[UPDATE], 95thPercentileLatency(ns), 186744
[UPDATE], 99thPercentileLatency(ns), 231643
[UPDATE], Return=OK, 30007486
