/home/anatole/jdk8u/build/linux-x86_64-normal-server-release/jdk/bin/java -Xmx20g -XX:+UseG1GC -classpath /home/anatole/ycsb/conf:/home/anatole/ycsb/core/target/core-0.18.0-SNAPSHOT.jar:/home/anatole/ycsb/core/target/dependency/HdrHistogram-2.1.4.jar:/home/anatole/ycsb/core/target/dependency/guava-18.0.jar:/home/anatole/ycsb/core/target/dependency/htrace-core4-4.1.0-incubating.jar:/home/anatole/ycsb/core/target/dependency/jackson-core-asl-1.9.4.jar:/home/anatole/ycsb/core/target/dependency/jackson-mapper-asl-1.9.4.jar:/home/anatole/ycsb/core/target/dependency/javax.persistence-api-2.2.jar:/home/anatole/ycsb/core/target/dependency/jnvm-1.0-SNAPSHOT.jar:/home/anatole/ycsb/core/target/dependency/pcj-1.0.jar:/home/anatole/ycsb/core/target/dependency/unsafe-helper-1.0.jar:/home/anatole/ycsb/infinispan/src/main/conf:/home/anatole/ycsb/infinispan/target/infinispan-binding-0.18.0-SNAPSHOT.jar:/home/anatole/ycsb/infinispan/target/dependency/caffeine-2.6.2.jar:/home/anatole/ycsb/infinispan/target/dependency/gson-2.8.2.jar:/home/anatole/ycsb/infinispan/target/dependency/guava-18.0.jar:/home/anatole/ycsb/infinispan/target/dependency/infinispan-cachestore-jnvm-1.0-SNAPSHOT.jar:/home/anatole/ycsb/infinispan/target/dependency/infinispan-cachestore-pcj-1.0-SNAPSHOT.jar:/home/anatole/ycsb/infinispan/target/dependency/infinispan-client-hotrod-9.4.20.Final.jar:/home/anatole/ycsb/infinispan/target/dependency/infinispan-commons-9.4.20.Final.jar:/home/anatole/ycsb/infinispan/target/dependency/infinispan-core-9.4.20.Final.jar:/home/anatole/ycsb/infinispan/target/dependency/javax.persistence-api-2.2.jar:/home/anatole/ycsb/infinispan/target/dependency/jboss-logging-3.3.2.Final.jar:/home/anatole/ycsb/infinispan/target/dependency/jboss-marshalling-osgi-2.0.6.Final.jar:/home/anatole/ycsb/infinispan/target/dependency/jboss-transaction-api_1.2_spec-1.1.1.Final.jar:/home/anatole/ycsb/infinispan/target/dependency/jgroups-4.0.21.Final.jar:/home/anatole/ycsb/infinispan/target/dependency/jnvm-1.0-SNAPSHOT.jar:/home/anatole/ycsb/infinispan/target/dependency/metainf-services-1.7.jar:/home/anatole/ycsb/infinispan/target/dependency/netty-buffer-4.1.51.Final.jar:/home/anatole/ycsb/infinispan/target/dependency/netty-codec-4.1.51.Final.jar:/home/anatole/ycsb/infinispan/target/dependency/netty-common-4.1.51.Final.jar:/home/anatole/ycsb/infinispan/target/dependency/netty-handler-4.1.51.Final.jar:/home/anatole/ycsb/infinispan/target/dependency/netty-resolver-4.1.51.Final.jar:/home/anatole/ycsb/infinispan/target/dependency/netty-transport-4.1.51.Final.jar:/home/anatole/ycsb/infinispan/target/dependency/netty-transport-native-epoll-4.1.51.Final-linux-x86_64.jar:/home/anatole/ycsb/infinispan/target/dependency/netty-transport-native-unix-common-4.1.51.Final.jar:/home/anatole/ycsb/infinispan/target/dependency/pcj-1.0.jar:/home/anatole/ycsb/infinispan/target/dependency/reactive-streams-1.0.2.jar:/home/anatole/ycsb/infinispan/target/dependency/rxjava-2.2.4.jar:/home/anatole/ycsb/infinispan/target/dependency/unsafe-helper-1.0.jar site.ycsb.Client -t -db site.ycsb.db.InfinispanClient -P ../workloads/workloadc -preload -s -threads 20 -p dataintegrity=true -p offheap=false -p pcj=false -p recordcount=1000000 -p operationcount=60000000 -p fieldcount=10 -p fieldlength=100 -p requestdistribution=zipfian -p measurement.trackjvm=true -p measurementtype=hdrhistogram -p hdrhistogram.output.path=./out/exp5.concurrent.ref/log/infinispan.run.workloadc.true.1000000.1000000.10.100.zipfian.20.false.true.default.default.volatile.r5.hdr.log
[OVERALL], RunTime(ms), 52398
[OVERALL], Throughput(ops/sec), 1164166.5712431772
[TOTAL_GCS_G1_Young_Generation], Count, 42
[TOTAL_GC_TIME_G1_Young_Generation], Time(ms), 2595
[TOTAL_GC_TIME_%_G1_Young_Generation], Time(%), 4.952479102255811
[TOTAL_GCS_G1_Old_Generation], Count, 0
[TOTAL_GC_TIME_G1_Old_Generation], Time(ms), 0
[TOTAL_GC_TIME_%_G1_Old_Generation], Time(%), 0.0
[TOTAL_GCs], Count, 42
[TOTAL_GC_TIME], Time(ms), 2595
[TOTAL_GC_TIME_%], Time(%), 4.952479102255811
[MAX_MEM_USED], MBs, 11894
[MIN_MEM_USED], MBs, 78
[MAX_THREADS], Count, 25
[MIN_THREADS], Count, 4
[MAX_SYS_LOAD_AVG], Load, 11.59
[MIN_SYS_LOAD_AVG], Load, 10.27
[THREAD_COUNT], Operations, 7
[THREAD_COUNT], AverageLatency(ns), 21.571428571428573
[THREAD_COUNT], MinLatency(ns), 4
[THREAD_COUNT], MaxLatency(ns), 25
[THREAD_COUNT], 95thPercentileLatency(ns), 25
[THREAD_COUNT], 99thPercentileLatency(ns), 25
[SYS_LOAD_AVG], Operations, 7
[SYS_LOAD_AVG], AverageLatency(ns), 10.428571428571429
[SYS_LOAD_AVG], MinLatency(ns), 10
[SYS_LOAD_AVG], MaxLatency(ns), 11
[SYS_LOAD_AVG], 95thPercentileLatency(ns), 11
[SYS_LOAD_AVG], 99thPercentileLatency(ns), 11
[LOAD], Operations, 20
[LOAD], AverageLatency(ns), 6.0247310336E9
[LOAD], MinLatency(ns), 5500272640
[LOAD], MaxLatency(ns), 6313017343
[LOAD], 95thPercentileLatency(ns), 6296207359
[LOAD], 99thPercentileLatency(ns), 6313017343
[USED_MEM_MB], Operations, 7
[USED_MEM_MB], AverageLatency(ns), 7040.285714285715
[USED_MEM_MB], MinLatency(ns), 78
[USED_MEM_MB], MaxLatency(ns), 11894
[USED_MEM_MB], 95thPercentileLatency(ns), 11894
[USED_MEM_MB], 99thPercentileLatency(ns), 11894
[MAIN_GCs_Count], Operations, 20
[MAIN_GCs_Count], AverageLatency(ns), 16.0
[MAIN_GCs_Count], MinLatency(ns), 16
[MAIN_GCs_Count], MaxLatency(ns), 16
[MAIN_GCs_Count], 95thPercentileLatency(ns), 16
[MAIN_GCs_Count], 99thPercentileLatency(ns), 16
[MAIN_GCs_Time(ms)], Operations, 20
[MAIN_GCs_Time(ms)], AverageLatency(ns), 510.0
[MAIN_GCs_Time(ms)], MinLatency(ns), 510
[MAIN_GCs_Time(ms)], MaxLatency(ns), 510
[MAIN_GCs_Time(ms)], 95thPercentileLatency(ns), 510
[MAIN_GCs_Time(ms)], 99thPercentileLatency(ns), 510
[TRANSACTION], Operations, 20
[TRANSACTION], AverageLatency(ns), 4.4611862528E10
[TRANSACTION], MinLatency(ns), 43815534592
[TRANSACTION], MaxLatency(ns), 44893995007
[TRANSACTION], 95thPercentileLatency(ns), 44880887807
[TRANSACTION], 99thPercentileLatency(ns), 44893995007
[GCS_TIME], Operations, 7
[GCS_TIME], AverageLatency(ns), 370.7142857142857
[GCS_TIME], MinLatency(ns), 0
[GCS_TIME], MaxLatency(ns), 2241
[GCS_TIME], 95thPercentileLatency(ns), 2241
[GCS_TIME], 99thPercentileLatency(ns), 2241
[LOAD_GCs_Time(ms)], Operations, 20
[LOAD_GCs_Time(ms)], AverageLatency(ns), 1948.7
[LOAD_GCs_Time(ms)], MinLatency(ns), 1744
[LOAD_GCs_Time(ms)], MaxLatency(ns), 2069
[LOAD_GCs_Time(ms)], 95thPercentileLatency(ns), 2069
[LOAD_GCs_Time(ms)], 99thPercentileLatency(ns), 2069
[READ], Operations, 60000000
[READ], AverageLatency(ns), 12609.38153745
[READ], MinLatency(ns), 182
[READ], MaxLatency(ns), 122815487
[READ], 95thPercentileLatency(ns), 103795
[READ], 99thPercentileLatency(ns), 118582
[READ], Return=OK, 60000000
[INIT], Operations, 20
[INIT], AverageLatency(ns), 5.587433472E8
[INIT], MinLatency(ns), 555372544
[INIT], MaxLatency(ns), 563621887
[INIT], 95thPercentileLatency(ns), 563617791
[INIT], 99thPercentileLatency(ns), 563621887
[GCS], Operations, 7
[GCS], AverageLatency(ns), 6.0
[GCS], MinLatency(ns), 0
[GCS], MaxLatency(ns), 28
[GCS], 95thPercentileLatency(ns), 28
[GCS], 99thPercentileLatency(ns), 28
[LOAD_GCs_Count], Operations, 20
[LOAD_GCs_Count], AverageLatency(ns), 24.25
[LOAD_GCs_Count], MinLatency(ns), 23
[LOAD_GCs_Count], MaxLatency(ns), 25
[LOAD_GCs_Count], 95thPercentileLatency(ns), 25
[LOAD_GCs_Count], 99thPercentileLatency(ns), 25
[CLEANUP], Operations, 20
[CLEANUP], AverageLatency(ns), 7.647088128E8
[CLEANUP], MinLatency(ns), 484919296
[CLEANUP], MaxLatency(ns), 1514176511
[CLEANUP], 95thPercentileLatency(ns), 1128882175
[CLEANUP], 99thPercentileLatency(ns), 1514176511
[INSERT], Operations, 1000000
[INSERT], AverageLatency(ns), 44044.735834
[INSERT], MinLatency(ns), 1345
[INSERT], MaxLatency(ns), 311339007
[INSERT], 95thPercentileLatency(ns), 34331
[INSERT], 99thPercentileLatency(ns), 83623
[INSERT], Return=OK, 1000000
