/home/anatole/jdk8u/build/linux-x86_64-normal-server-release/jdk/bin/java -Xmx20g -XX:+UseG1GC -classpath /home/anatole/ycsb/conf:/home/anatole/ycsb/core/target/core-0.18.0-SNAPSHOT.jar:/home/anatole/ycsb/core/target/dependency/HdrHistogram-2.1.4.jar:/home/anatole/ycsb/core/target/dependency/guava-18.0.jar:/home/anatole/ycsb/core/target/dependency/htrace-core4-4.1.0-incubating.jar:/home/anatole/ycsb/core/target/dependency/jackson-core-asl-1.9.4.jar:/home/anatole/ycsb/core/target/dependency/jackson-mapper-asl-1.9.4.jar:/home/anatole/ycsb/core/target/dependency/javax.persistence-api-2.2.jar:/home/anatole/ycsb/core/target/dependency/jnvm-1.0-SNAPSHOT.jar:/home/anatole/ycsb/core/target/dependency/pcj-1.0.jar:/home/anatole/ycsb/core/target/dependency/unsafe-helper-1.0.jar:/home/anatole/ycsb/infinispan/src/main/conf:/home/anatole/ycsb/infinispan/target/infinispan-binding-0.18.0-SNAPSHOT.jar:/home/anatole/ycsb/infinispan/target/dependency/caffeine-2.6.2.jar:/home/anatole/ycsb/infinispan/target/dependency/gson-2.8.2.jar:/home/anatole/ycsb/infinispan/target/dependency/guava-18.0.jar:/home/anatole/ycsb/infinispan/target/dependency/infinispan-cachestore-jnvm-1.0-SNAPSHOT.jar:/home/anatole/ycsb/infinispan/target/dependency/infinispan-cachestore-pcj-1.0-SNAPSHOT.jar:/home/anatole/ycsb/infinispan/target/dependency/infinispan-client-hotrod-9.4.20.Final.jar:/home/anatole/ycsb/infinispan/target/dependency/infinispan-commons-9.4.20.Final.jar:/home/anatole/ycsb/infinispan/target/dependency/infinispan-core-9.4.20.Final.jar:/home/anatole/ycsb/infinispan/target/dependency/javax.persistence-api-2.2.jar:/home/anatole/ycsb/infinispan/target/dependency/jboss-logging-3.3.2.Final.jar:/home/anatole/ycsb/infinispan/target/dependency/jboss-marshalling-osgi-2.0.6.Final.jar:/home/anatole/ycsb/infinispan/target/dependency/jboss-transaction-api_1.2_spec-1.1.1.Final.jar:/home/anatole/ycsb/infinispan/target/dependency/jgroups-4.0.21.Final.jar:/home/anatole/ycsb/infinispan/target/dependency/jnvm-1.0-SNAPSHOT.jar:/home/anatole/ycsb/infinispan/target/dependency/metainf-services-1.7.jar:/home/anatole/ycsb/infinispan/target/dependency/netty-buffer-4.1.51.Final.jar:/home/anatole/ycsb/infinispan/target/dependency/netty-codec-4.1.51.Final.jar:/home/anatole/ycsb/infinispan/target/dependency/netty-common-4.1.51.Final.jar:/home/anatole/ycsb/infinispan/target/dependency/netty-handler-4.1.51.Final.jar:/home/anatole/ycsb/infinispan/target/dependency/netty-resolver-4.1.51.Final.jar:/home/anatole/ycsb/infinispan/target/dependency/netty-transport-4.1.51.Final.jar:/home/anatole/ycsb/infinispan/target/dependency/netty-transport-native-epoll-4.1.51.Final-linux-x86_64.jar:/home/anatole/ycsb/infinispan/target/dependency/netty-transport-native-unix-common-4.1.51.Final.jar:/home/anatole/ycsb/infinispan/target/dependency/pcj-1.0.jar:/home/anatole/ycsb/infinispan/target/dependency/reactive-streams-1.0.2.jar:/home/anatole/ycsb/infinispan/target/dependency/rxjava-2.2.4.jar:/home/anatole/ycsb/infinispan/target/dependency/unsafe-helper-1.0.jar site.ycsb.Client -t -db site.ycsb.db.InfinispanJNVMClient -P ../workloads/workloadc -preload -s -threads 4 -p dataintegrity=true -p offheap=true -p pcj=false -p recordcount=1000000 -p operationcount=12000000 -p fieldcount=10 -p fieldlength=100 -p requestdistribution=zipfian -p measurement.trackjvm=true -p measurementtype=hdrhistogram -p hdrhistogram.output.path=./out/exp5.concurrent.ref/log/infinispan-jnvm.run.workloadc.true.1000000.1.10.100.zipfian.4.false..default.default.none.r2.hdr.log
[OVERALL], RunTime(ms), 27748
[OVERALL], Throughput(ops/sec), 468502.23439527175
[TOTAL_GCS_G1_Young_Generation], Count, 30
[TOTAL_GC_TIME_G1_Young_Generation], Time(ms), 2276
[TOTAL_GC_TIME_%_G1_Young_Generation], Time(%), 8.202392965258758
[TOTAL_GCS_G1_Old_Generation], Count, 0
[TOTAL_GC_TIME_G1_Old_Generation], Time(ms), 0
[TOTAL_GC_TIME_%_G1_Old_Generation], Time(%), 0.0
[TOTAL_GCs], Count, 30
[TOTAL_GC_TIME], Time(ms), 2276
[TOTAL_GC_TIME_%], Time(%), 8.202392965258758
[MAX_MEM_USED], MBs, 11070
[MIN_MEM_USED], MBs, 56
[MAX_THREADS], Count, 10
[MIN_THREADS], Count, 4
[MAX_SYS_LOAD_AVG], Load, 10.74
[MIN_SYS_LOAD_AVG], Load, 7.6
[THREAD_COUNT], Operations, 4
[THREAD_COUNT], AverageLatency(ns), 7.5
[THREAD_COUNT], MinLatency(ns), 4
[THREAD_COUNT], MaxLatency(ns), 10
[THREAD_COUNT], 95thPercentileLatency(ns), 10
[THREAD_COUNT], 99thPercentileLatency(ns), 10
[SYS_LOAD_AVG], Operations, 4
[SYS_LOAD_AVG], AverageLatency(ns), 8.5
[SYS_LOAD_AVG], MinLatency(ns), 7
[SYS_LOAD_AVG], MaxLatency(ns), 10
[SYS_LOAD_AVG], 95thPercentileLatency(ns), 10
[SYS_LOAD_AVG], 99thPercentileLatency(ns), 10
[LOAD], Operations, 4
[LOAD], AverageLatency(ns), 1.5871246336E10
[LOAD], MinLatency(ns), 15847063552
[LOAD], MaxLatency(ns), 15891365887
[LOAD], 95thPercentileLatency(ns), 15891365887
[LOAD], 99thPercentileLatency(ns), 15891365887
[USED_MEM_MB], Operations, 4
[USED_MEM_MB], AverageLatency(ns), 5433.0
[USED_MEM_MB], MinLatency(ns), 56
[USED_MEM_MB], MaxLatency(ns), 11070
[USED_MEM_MB], 95thPercentileLatency(ns), 11070
[USED_MEM_MB], 99thPercentileLatency(ns), 11070
[MAIN_GCs_Count], Operations, 4
[MAIN_GCs_Count], AverageLatency(ns), 3.0
[MAIN_GCs_Count], MinLatency(ns), 3
[MAIN_GCs_Count], MaxLatency(ns), 3
[MAIN_GCs_Count], 95thPercentileLatency(ns), 3
[MAIN_GCs_Count], 99thPercentileLatency(ns), 3
[MAIN_GCs_Time(ms)], Operations, 4
[MAIN_GCs_Time(ms)], AverageLatency(ns), 242.0
[MAIN_GCs_Time(ms)], MinLatency(ns), 242
[MAIN_GCs_Time(ms)], MaxLatency(ns), 242
[MAIN_GCs_Time(ms)], 95thPercentileLatency(ns), 242
[MAIN_GCs_Time(ms)], 99thPercentileLatency(ns), 242
[TRANSACTION], Operations, 4
[TRANSACTION], AverageLatency(ns), 1.0095509504E10
[TRANSACTION], MinLatency(ns), 10018684928
[TRANSACTION], MaxLatency(ns), 10160439295
[TRANSACTION], 95thPercentileLatency(ns), 10160439295
[TRANSACTION], 99thPercentileLatency(ns), 10160439295
[GCS_TIME], Operations, 4
[GCS_TIME], AverageLatency(ns), 569.0
[GCS_TIME], MinLatency(ns), 0
[GCS_TIME], MaxLatency(ns), 1111
[GCS_TIME], 95thPercentileLatency(ns), 1111
[GCS_TIME], 99thPercentileLatency(ns), 1111
[LOAD_GCs_Time(ms)], Operations, 4
[LOAD_GCs_Time(ms)], AverageLatency(ns), 2014.0
[LOAD_GCs_Time(ms)], MinLatency(ns), 2014
[LOAD_GCs_Time(ms)], MaxLatency(ns), 2014
[LOAD_GCs_Time(ms)], 95thPercentileLatency(ns), 2014
[LOAD_GCs_Time(ms)], 99thPercentileLatency(ns), 2014
[READ], Operations, 12000000
[READ], AverageLatency(ns), 2261.199431833333
[READ], MinLatency(ns), 223
[READ], MaxLatency(ns), 105334783
[READ], 95thPercentileLatency(ns), 4097
[READ], 99thPercentileLatency(ns), 5417
[READ], Return=OK, 12000000
[INIT], Operations, 4
[INIT], AverageLatency(ns), 1.592612864E9
[INIT], MinLatency(ns), 1592385536
[INIT], MaxLatency(ns), 1593245695
[INIT], 95thPercentileLatency(ns), 1593245695
[INIT], 99thPercentileLatency(ns), 1593245695
[GCS], Operations, 4
[GCS], AverageLatency(ns), 7.5
[GCS], MinLatency(ns), 0
[GCS], MaxLatency(ns), 21
[GCS], 95thPercentileLatency(ns), 21
[GCS], 99thPercentileLatency(ns), 21
[LOAD_GCs_Count], Operations, 4
[LOAD_GCs_Count], AverageLatency(ns), 26.0
[LOAD_GCs_Count], MinLatency(ns), 26
[LOAD_GCs_Count], MaxLatency(ns), 26
[LOAD_GCs_Count], 95thPercentileLatency(ns), 26
[LOAD_GCs_Count], 99thPercentileLatency(ns), 26
[CLEANUP], Operations, 4
[CLEANUP], AverageLatency(ns), 6.8540548E7
[CLEANUP], MinLatency(ns), 6541248
[CLEANUP], MaxLatency(ns), 136510463
[CLEANUP], 95thPercentileLatency(ns), 136510463
[CLEANUP], 99thPercentileLatency(ns), 136510463
[INSERT], Operations, 1000000
[INSERT], AverageLatency(ns), 24297.419277
[INSERT], MinLatency(ns), 3176
[INSERT], MaxLatency(ns), 185888767
[INSERT], 95thPercentileLatency(ns), 20380
[INSERT], 99thPercentileLatency(ns), 59177
[INSERT], Return=OK, 1000000
