/home/anatole/jdk8u/build/linux-x86_64-normal-server-release/jdk/bin/java -Xmx20g -XX:+UseG1GC -classpath /home/anatole/ycsb/conf:/home/anatole/ycsb/core/target/core-0.18.0-SNAPSHOT.jar:/home/anatole/ycsb/core/target/dependency/HdrHistogram-2.1.4.jar:/home/anatole/ycsb/core/target/dependency/guava-18.0.jar:/home/anatole/ycsb/core/target/dependency/htrace-core4-4.1.0-incubating.jar:/home/anatole/ycsb/core/target/dependency/jackson-core-asl-1.9.4.jar:/home/anatole/ycsb/core/target/dependency/jackson-mapper-asl-1.9.4.jar:/home/anatole/ycsb/core/target/dependency/javax.persistence-api-2.2.jar:/home/anatole/ycsb/core/target/dependency/jnvm-1.0-SNAPSHOT.jar:/home/anatole/ycsb/core/target/dependency/pcj-1.0.jar:/home/anatole/ycsb/core/target/dependency/unsafe-helper-1.0.jar:/home/anatole/ycsb/infinispan/src/main/conf:/home/anatole/ycsb/infinispan/target/infinispan-binding-0.18.0-SNAPSHOT.jar:/home/anatole/ycsb/infinispan/target/dependency/caffeine-2.6.2.jar:/home/anatole/ycsb/infinispan/target/dependency/gson-2.8.2.jar:/home/anatole/ycsb/infinispan/target/dependency/guava-18.0.jar:/home/anatole/ycsb/infinispan/target/dependency/infinispan-cachestore-jnvm-1.0-SNAPSHOT.jar:/home/anatole/ycsb/infinispan/target/dependency/infinispan-cachestore-pcj-1.0-SNAPSHOT.jar:/home/anatole/ycsb/infinispan/target/dependency/infinispan-client-hotrod-9.4.20.Final.jar:/home/anatole/ycsb/infinispan/target/dependency/infinispan-commons-9.4.20.Final.jar:/home/anatole/ycsb/infinispan/target/dependency/infinispan-core-9.4.20.Final.jar:/home/anatole/ycsb/infinispan/target/dependency/javax.persistence-api-2.2.jar:/home/anatole/ycsb/infinispan/target/dependency/jboss-logging-3.3.2.Final.jar:/home/anatole/ycsb/infinispan/target/dependency/jboss-marshalling-osgi-2.0.6.Final.jar:/home/anatole/ycsb/infinispan/target/dependency/jboss-transaction-api_1.2_spec-1.1.1.Final.jar:/home/anatole/ycsb/infinispan/target/dependency/jgroups-4.0.21.Final.jar:/home/anatole/ycsb/infinispan/target/dependency/jnvm-1.0-SNAPSHOT.jar:/home/anatole/ycsb/infinispan/target/dependency/metainf-services-1.7.jar:/home/anatole/ycsb/infinispan/target/dependency/netty-buffer-4.1.51.Final.jar:/home/anatole/ycsb/infinispan/target/dependency/netty-codec-4.1.51.Final.jar:/home/anatole/ycsb/infinispan/target/dependency/netty-common-4.1.51.Final.jar:/home/anatole/ycsb/infinispan/target/dependency/netty-handler-4.1.51.Final.jar:/home/anatole/ycsb/infinispan/target/dependency/netty-resolver-4.1.51.Final.jar:/home/anatole/ycsb/infinispan/target/dependency/netty-transport-4.1.51.Final.jar:/home/anatole/ycsb/infinispan/target/dependency/netty-transport-native-epoll-4.1.51.Final-linux-x86_64.jar:/home/anatole/ycsb/infinispan/target/dependency/netty-transport-native-unix-common-4.1.51.Final.jar:/home/anatole/ycsb/infinispan/target/dependency/pcj-1.0.jar:/home/anatole/ycsb/infinispan/target/dependency/reactive-streams-1.0.2.jar:/home/anatole/ycsb/infinispan/target/dependency/rxjava-2.2.4.jar:/home/anatole/ycsb/infinispan/target/dependency/unsafe-helper-1.0.jar site.ycsb.Client -t -db site.ycsb.db.InfinispanClient -P ../workloads/workloada -preload -s -threads 2 -p dataintegrity=true -p offheap=false -p pcj=false -p recordcount=1000000 -p operationcount=12000000 -p fieldcount=10 -p fieldlength=100 -p requestdistribution=zipfian -p measurement.trackjvm=true -p measurementtype=hdrhistogram -p hdrhistogram.output.path=./out/exp5.concurrent.ref/log/infinispan.run.workloada.true.1000000.1000000.10.100.zipfian.2.false.true.default.default.volatile.r4.hdr.log
[OVERALL], RunTime(ms), 33839
[OVERALL], Throughput(ops/sec), 384172.10910487897
[TOTAL_GCS_G1_Young_Generation], Count, 53
[TOTAL_GC_TIME_G1_Young_Generation], Time(ms), 7378
[TOTAL_GC_TIME_%_G1_Young_Generation], Time(%), 21.803244776736904
[TOTAL_GCS_G1_Old_Generation], Count, 0
[TOTAL_GC_TIME_G1_Old_Generation], Time(ms), 0
[TOTAL_GC_TIME_%_G1_Old_Generation], Time(%), 0.0
[TOTAL_GCs], Count, 53
[TOTAL_GC_TIME], Time(ms), 7378
[TOTAL_GC_TIME_%], Time(%), 21.803244776736904
[MAX_MEM_USED], MBs, 6838
[MIN_MEM_USED], MBs, 52
[MAX_THREADS], Count, 33
[MIN_THREADS], Count, 4
[MAX_SYS_LOAD_AVG], Load, 8.91
[MIN_SYS_LOAD_AVG], Load, 7.17
[THREAD_COUNT], Operations, 5
[THREAD_COUNT], AverageLatency(ns), 21.4
[THREAD_COUNT], MinLatency(ns), 4
[THREAD_COUNT], MaxLatency(ns), 33
[THREAD_COUNT], 95thPercentileLatency(ns), 33
[THREAD_COUNT], 99thPercentileLatency(ns), 33
[SYS_LOAD_AVG], Operations, 5
[SYS_LOAD_AVG], AverageLatency(ns), 7.2
[SYS_LOAD_AVG], MinLatency(ns), 7
[SYS_LOAD_AVG], MaxLatency(ns), 8
[SYS_LOAD_AVG], 95thPercentileLatency(ns), 8
[SYS_LOAD_AVG], 99thPercentileLatency(ns), 8
[LOAD], Operations, 2
[LOAD], AverageLatency(ns), 8.758001664E9
[LOAD], MinLatency(ns), 8728543232
[LOAD], MaxLatency(ns), 8787460095
[LOAD], 95thPercentileLatency(ns), 8787460095
[LOAD], 99thPercentileLatency(ns), 8787460095
[USED_MEM_MB], Operations, 5
[USED_MEM_MB], AverageLatency(ns), 4623.0
[USED_MEM_MB], MinLatency(ns), 52
[USED_MEM_MB], MaxLatency(ns), 6838
[USED_MEM_MB], 95thPercentileLatency(ns), 6838
[USED_MEM_MB], 99thPercentileLatency(ns), 6838
[MAIN_GCs_Count], Operations, 2
[MAIN_GCs_Count], AverageLatency(ns), 27.0
[MAIN_GCs_Count], MinLatency(ns), 27
[MAIN_GCs_Count], MaxLatency(ns), 27
[MAIN_GCs_Count], 95thPercentileLatency(ns), 27
[MAIN_GCs_Count], 99thPercentileLatency(ns), 27
[MAIN_GCs_Time(ms)], Operations, 2
[MAIN_GCs_Time(ms)], AverageLatency(ns), 5235.0
[MAIN_GCs_Time(ms)], MinLatency(ns), 5235
[MAIN_GCs_Time(ms)], MaxLatency(ns), 5235
[MAIN_GCs_Time(ms)], 95thPercentileLatency(ns), 5235
[MAIN_GCs_Time(ms)], 99thPercentileLatency(ns), 5235
[TRANSACTION], Operations, 2
[TRANSACTION], AverageLatency(ns), 2.372763648E10
[TRANSACTION], MinLatency(ns), 23576313856
[TRANSACTION], MaxLatency(ns), 23878959103
[TRANSACTION], 95thPercentileLatency(ns), 23878959103
[TRANSACTION], 99thPercentileLatency(ns), 23878959103
[GCS_TIME], Operations, 5
[GCS_TIME], AverageLatency(ns), 1475.6
[GCS_TIME], MinLatency(ns), 0
[GCS_TIME], MaxLatency(ns), 2446
[GCS_TIME], 95thPercentileLatency(ns), 2446
[GCS_TIME], 99thPercentileLatency(ns), 2446
[LOAD_GCs_Time(ms)], Operations, 2
[LOAD_GCs_Time(ms)], AverageLatency(ns), 2122.0
[LOAD_GCs_Time(ms)], MinLatency(ns), 2122
[LOAD_GCs_Time(ms)], MaxLatency(ns), 2122
[LOAD_GCs_Time(ms)], 95thPercentileLatency(ns), 2122
[LOAD_GCs_Time(ms)], 99thPercentileLatency(ns), 2122
[READ], Operations, 5999153
[READ], AverageLatency(ns), 877.0147557496866
[READ], MinLatency(ns), 198
[READ], MaxLatency(ns), 226240511
[READ], 95thPercentileLatency(ns), 1074
[READ], 99thPercentileLatency(ns), 4661
[READ], Return=OK, 5999153
[INIT], Operations, 2
[INIT], AverageLatency(ns), 6.15231488E8
[INIT], MinLatency(ns), 615219200
[INIT], MaxLatency(ns), 615243775
[INIT], 95thPercentileLatency(ns), 615243775
[INIT], 99thPercentileLatency(ns), 615243775
[GCS], Operations, 5
[GCS], AverageLatency(ns), 10.6
[GCS], MinLatency(ns), 0
[GCS], MaxLatency(ns), 28
[GCS], 95thPercentileLatency(ns), 28
[GCS], 99thPercentileLatency(ns), 28
[LOAD_GCs_Count], Operations, 2
[LOAD_GCs_Count], AverageLatency(ns), 25.0
[LOAD_GCs_Count], MinLatency(ns), 25
[LOAD_GCs_Count], MaxLatency(ns), 25
[LOAD_GCs_Count], 95thPercentileLatency(ns), 25
[LOAD_GCs_Count], 99thPercentileLatency(ns), 25
[CLEANUP], Operations, 2
[CLEANUP], AverageLatency(ns), 6.15901696E8
[CLEANUP], MinLatency(ns), 478992384
[CLEANUP], MaxLatency(ns), 752812031
[CLEANUP], 95thPercentileLatency(ns), 752812031
[CLEANUP], 99thPercentileLatency(ns), 752812031
[INSERT], Operations, 1000000
[INSERT], AverageLatency(ns), 3601.526357
[INSERT], MinLatency(ns), 1215
[INSERT], MaxLatency(ns), 169959423
[INSERT], 95thPercentileLatency(ns), 3979
[INSERT], 99thPercentileLatency(ns), 12610
[INSERT], Return=OK, 1000000
[UPDATE], Operations, 6000847
[UPDATE], AverageLatency(ns), 3525.9221861513884
[UPDATE], MinLatency(ns), 1127
[UPDATE], MaxLatency(ns), 220096511
[UPDATE], 95thPercentileLatency(ns), 6566
[UPDATE], 99thPercentileLatency(ns), 7794
[UPDATE], Return=OK, 6000847
