/home/anatole/jdk8u/build/linux-x86_64-normal-server-release/jdk/bin/java -Xmx20g -XX:+UseG1GC -classpath /home/anatole/ycsb/conf:/home/anatole/ycsb/core/target/core-0.18.0-SNAPSHOT.jar:/home/anatole/ycsb/core/target/dependency/HdrHistogram-2.1.4.jar:/home/anatole/ycsb/core/target/dependency/guava-18.0.jar:/home/anatole/ycsb/core/target/dependency/htrace-core4-4.1.0-incubating.jar:/home/anatole/ycsb/core/target/dependency/jackson-core-asl-1.9.4.jar:/home/anatole/ycsb/core/target/dependency/jackson-mapper-asl-1.9.4.jar:/home/anatole/ycsb/core/target/dependency/javax.persistence-api-2.2.jar:/home/anatole/ycsb/core/target/dependency/jnvm-1.0-SNAPSHOT.jar:/home/anatole/ycsb/core/target/dependency/pcj-1.0.jar:/home/anatole/ycsb/core/target/dependency/unsafe-helper-1.0.jar:/home/anatole/ycsb/infinispan/src/main/conf:/home/anatole/ycsb/infinispan/target/infinispan-binding-0.18.0-SNAPSHOT.jar:/home/anatole/ycsb/infinispan/target/dependency/caffeine-2.6.2.jar:/home/anatole/ycsb/infinispan/target/dependency/gson-2.8.2.jar:/home/anatole/ycsb/infinispan/target/dependency/guava-18.0.jar:/home/anatole/ycsb/infinispan/target/dependency/infinispan-cachestore-jnvm-1.0-SNAPSHOT.jar:/home/anatole/ycsb/infinispan/target/dependency/infinispan-cachestore-pcj-1.0-SNAPSHOT.jar:/home/anatole/ycsb/infinispan/target/dependency/infinispan-client-hotrod-9.4.20.Final.jar:/home/anatole/ycsb/infinispan/target/dependency/infinispan-commons-9.4.20.Final.jar:/home/anatole/ycsb/infinispan/target/dependency/infinispan-core-9.4.20.Final.jar:/home/anatole/ycsb/infinispan/target/dependency/javax.persistence-api-2.2.jar:/home/anatole/ycsb/infinispan/target/dependency/jboss-logging-3.3.2.Final.jar:/home/anatole/ycsb/infinispan/target/dependency/jboss-marshalling-osgi-2.0.6.Final.jar:/home/anatole/ycsb/infinispan/target/dependency/jboss-transaction-api_1.2_spec-1.1.1.Final.jar:/home/anatole/ycsb/infinispan/target/dependency/jgroups-4.0.21.Final.jar:/home/anatole/ycsb/infinispan/target/dependency/jnvm-1.0-SNAPSHOT.jar:/home/anatole/ycsb/infinispan/target/dependency/metainf-services-1.7.jar:/home/anatole/ycsb/infinispan/target/dependency/netty-buffer-4.1.51.Final.jar:/home/anatole/ycsb/infinispan/target/dependency/netty-codec-4.1.51.Final.jar:/home/anatole/ycsb/infinispan/target/dependency/netty-common-4.1.51.Final.jar:/home/anatole/ycsb/infinispan/target/dependency/netty-handler-4.1.51.Final.jar:/home/anatole/ycsb/infinispan/target/dependency/netty-resolver-4.1.51.Final.jar:/home/anatole/ycsb/infinispan/target/dependency/netty-transport-4.1.51.Final.jar:/home/anatole/ycsb/infinispan/target/dependency/netty-transport-native-epoll-4.1.51.Final-linux-x86_64.jar:/home/anatole/ycsb/infinispan/target/dependency/netty-transport-native-unix-common-4.1.51.Final.jar:/home/anatole/ycsb/infinispan/target/dependency/pcj-1.0.jar:/home/anatole/ycsb/infinispan/target/dependency/reactive-streams-1.0.2.jar:/home/anatole/ycsb/infinispan/target/dependency/rxjava-2.2.4.jar:/home/anatole/ycsb/infinispan/target/dependency/unsafe-helper-1.0.jar site.ycsb.Client -t -db site.ycsb.db.InfinispanClient -P ../workloads/workloada -preload -s -threads 12 -p dataintegrity=true -p offheap=false -p pcj=false -p recordcount=1000000 -p operationcount=36000000 -p fieldcount=10 -p fieldlength=100 -p requestdistribution=zipfian -p measurement.trackjvm=true -p measurementtype=hdrhistogram -p hdrhistogram.output.path=./out/exp5.concurrent.ref/log/infinispan.run.workloada.true.1000000.100000.10.100.zipfian.12.false..default.default.none.r1.hdr.log
[OVERALL], RunTime(ms), 236526
[OVERALL], Throughput(ops/sec), 156431.00547085732
[TOTAL_GCS_G1_Young_Generation], Count, 117
[TOTAL_GC_TIME_G1_Young_Generation], Time(ms), 15212
[TOTAL_GC_TIME_%_G1_Young_Generation], Time(%), 6.431428257358599
[TOTAL_GCS_G1_Old_Generation], Count, 0
[TOTAL_GC_TIME_G1_Old_Generation], Time(ms), 0
[TOTAL_GC_TIME_%_G1_Old_Generation], Time(%), 0.0
[TOTAL_GCs], Count, 117
[TOTAL_GC_TIME], Time(ms), 15212
[TOTAL_GC_TIME_%], Time(%), 6.431428257358599
[MAX_MEM_USED], MBs, 12642
[MIN_MEM_USED], MBs, 64
[MAX_THREADS], Count, 44
[MIN_THREADS], Count, 2
[MAX_SYS_LOAD_AVG], Load, 15.68
[MIN_SYS_LOAD_AVG], Load, 8.69
[THREAD_COUNT], Operations, 25
[THREAD_COUNT], AverageLatency(ns), 39.12
[THREAD_COUNT], MinLatency(ns), 2
[THREAD_COUNT], MaxLatency(ns), 44
[THREAD_COUNT], 95thPercentileLatency(ns), 44
[THREAD_COUNT], 99thPercentileLatency(ns), 44
[SYS_LOAD_AVG], Operations, 25
[SYS_LOAD_AVG], AverageLatency(ns), 12.6
[SYS_LOAD_AVG], MinLatency(ns), 8
[SYS_LOAD_AVG], MaxLatency(ns), 15
[SYS_LOAD_AVG], 95thPercentileLatency(ns), 15
[SYS_LOAD_AVG], 99thPercentileLatency(ns), 15
[LOAD], Operations, 12
[LOAD], AverageLatency(ns), 1.2925577898666666E10
[LOAD], MinLatency(ns), 12543459328
[LOAD], MaxLatency(ns), 13317767167
[LOAD], 95thPercentileLatency(ns), 13284409343
[LOAD], 99thPercentileLatency(ns), 13317767167
[USED_MEM_MB], Operations, 25
[USED_MEM_MB], AverageLatency(ns), 7858.2
[USED_MEM_MB], MinLatency(ns), 64
[USED_MEM_MB], MaxLatency(ns), 12642
[USED_MEM_MB], 95thPercentileLatency(ns), 12519
[USED_MEM_MB], 99thPercentileLatency(ns), 12642
[MAIN_GCs_Count], Operations, 12
[MAIN_GCs_Count], AverageLatency(ns), 98.0
[MAIN_GCs_Count], MinLatency(ns), 98
[MAIN_GCs_Count], MaxLatency(ns), 98
[MAIN_GCs_Count], 95thPercentileLatency(ns), 98
[MAIN_GCs_Count], 99thPercentileLatency(ns), 98
[MAIN_GCs_Time(ms)], Operations, 12
[MAIN_GCs_Time(ms)], AverageLatency(ns), 14375.0
[MAIN_GCs_Time(ms)], MinLatency(ns), 14375
[MAIN_GCs_Time(ms)], MaxLatency(ns), 14375
[MAIN_GCs_Time(ms)], 95thPercentileLatency(ns), 14375
[MAIN_GCs_Time(ms)], 99thPercentileLatency(ns), 14375
[TRANSACTION], Operations, 12
[TRANSACTION], AverageLatency(ns), 2.2134355831466666E11
[TRANSACTION], MinLatency(ns), 220339372032
[TRANSACTION], MaxLatency(ns), 222397726719
[TRANSACTION], 95thPercentileLatency(ns), 222208983039
[TRANSACTION], 99thPercentileLatency(ns), 222397726719
[GCS_TIME], Operations, 25
[GCS_TIME], AverageLatency(ns), 608.48
[GCS_TIME], MinLatency(ns), 0
[GCS_TIME], MaxLatency(ns), 844
[GCS_TIME], 95thPercentileLatency(ns), 837
[GCS_TIME], 99thPercentileLatency(ns), 844
[LOAD_GCs_Time(ms)], Operations, 12
[LOAD_GCs_Time(ms)], AverageLatency(ns), 820.0
[LOAD_GCs_Time(ms)], MinLatency(ns), 820
[LOAD_GCs_Time(ms)], MaxLatency(ns), 820
[LOAD_GCs_Time(ms)], 95thPercentileLatency(ns), 820
[LOAD_GCs_Time(ms)], 99thPercentileLatency(ns), 820
[READ], Operations, 17998115
[READ], AverageLatency(ns), 37006.56578124987
[READ], MinLatency(ns), 216
[READ], MaxLatency(ns), 347514879
[READ], 95thPercentileLatency(ns), 94573
[READ], 99thPercentileLatency(ns), 120759
[READ], Return=OK, 17998115
[INIT], Operations, 12
[INIT], AverageLatency(ns), 6.4613376E8
[INIT], MinLatency(ns), 644247552
[INIT], MaxLatency(ns), 648527871
[INIT], 95thPercentileLatency(ns), 648040447
[INIT], 99thPercentileLatency(ns), 648527871
[GCS], Operations, 25
[GCS], AverageLatency(ns), 4.68
[GCS], MinLatency(ns), 0
[GCS], MaxLatency(ns), 18
[GCS], 95thPercentileLatency(ns), 6
[GCS], 99thPercentileLatency(ns), 18
[LOAD_GCs_Count], Operations, 12
[LOAD_GCs_Count], AverageLatency(ns), 18.0
[LOAD_GCs_Count], MinLatency(ns), 18
[LOAD_GCs_Count], MaxLatency(ns), 18
[LOAD_GCs_Count], 95thPercentileLatency(ns), 18
[LOAD_GCs_Count], 99thPercentileLatency(ns), 18
[CLEANUP], Operations, 12
[CLEANUP], AverageLatency(ns), 1.1216065493333333E9
[CLEANUP], MinLatency(ns), 70594048
[CLEANUP], MaxLatency(ns), 2093481983
[CLEANUP], 95thPercentileLatency(ns), 2052095999
[CLEANUP], 99thPercentileLatency(ns), 2093481983
[INSERT], Operations, 1000000
[INSERT], AverageLatency(ns), 142001.892399
[INSERT], MinLatency(ns), 24959
[INSERT], MaxLatency(ns), 509743103
[INSERT], 95thPercentileLatency(ns), 151994
[INSERT], 99thPercentileLatency(ns), 236329
[INSERT], Return=OK, 1000000
[UPDATE], Operations, 18001885
[UPDATE], AverageLatency(ns), 106767.79925074513
[UPDATE], MinLatency(ns), 24304
[UPDATE], MaxLatency(ns), 347645951
[UPDATE], 95thPercentileLatency(ns), 181559
[UPDATE], 99thPercentileLatency(ns), 242830
[UPDATE], Return=OK, 18001885
