/home/anatole/jdk8u/build/linux-x86_64-normal-server-release/jdk/bin/java -Xmx20g -XX:+UseG1GC -classpath /home/anatole/ycsb/conf:/home/anatole/ycsb/core/target/core-0.18.0-SNAPSHOT.jar:/home/anatole/ycsb/core/target/dependency/HdrHistogram-2.1.4.jar:/home/anatole/ycsb/core/target/dependency/guava-18.0.jar:/home/anatole/ycsb/core/target/dependency/htrace-core4-4.1.0-incubating.jar:/home/anatole/ycsb/core/target/dependency/jackson-core-asl-1.9.4.jar:/home/anatole/ycsb/core/target/dependency/jackson-mapper-asl-1.9.4.jar:/home/anatole/ycsb/core/target/dependency/javax.persistence-api-2.2.jar:/home/anatole/ycsb/core/target/dependency/jnvm-1.0-SNAPSHOT.jar:/home/anatole/ycsb/core/target/dependency/pcj-1.0.jar:/home/anatole/ycsb/core/target/dependency/unsafe-helper-1.0.jar:/home/anatole/ycsb/infinispan/src/main/conf:/home/anatole/ycsb/infinispan/target/infinispan-binding-0.18.0-SNAPSHOT.jar:/home/anatole/ycsb/infinispan/target/dependency/caffeine-2.6.2.jar:/home/anatole/ycsb/infinispan/target/dependency/gson-2.8.2.jar:/home/anatole/ycsb/infinispan/target/dependency/guava-18.0.jar:/home/anatole/ycsb/infinispan/target/dependency/infinispan-cachestore-jnvm-1.0-SNAPSHOT.jar:/home/anatole/ycsb/infinispan/target/dependency/infinispan-cachestore-pcj-1.0-SNAPSHOT.jar:/home/anatole/ycsb/infinispan/target/dependency/infinispan-client-hotrod-9.4.20.Final.jar:/home/anatole/ycsb/infinispan/target/dependency/infinispan-commons-9.4.20.Final.jar:/home/anatole/ycsb/infinispan/target/dependency/infinispan-core-9.4.20.Final.jar:/home/anatole/ycsb/infinispan/target/dependency/javax.persistence-api-2.2.jar:/home/anatole/ycsb/infinispan/target/dependency/jboss-logging-3.3.2.Final.jar:/home/anatole/ycsb/infinispan/target/dependency/jboss-marshalling-osgi-2.0.6.Final.jar:/home/anatole/ycsb/infinispan/target/dependency/jboss-transaction-api_1.2_spec-1.1.1.Final.jar:/home/anatole/ycsb/infinispan/target/dependency/jgroups-4.0.21.Final.jar:/home/anatole/ycsb/infinispan/target/dependency/jnvm-1.0-SNAPSHOT.jar:/home/anatole/ycsb/infinispan/target/dependency/metainf-services-1.7.jar:/home/anatole/ycsb/infinispan/target/dependency/netty-buffer-4.1.51.Final.jar:/home/anatole/ycsb/infinispan/target/dependency/netty-codec-4.1.51.Final.jar:/home/anatole/ycsb/infinispan/target/dependency/netty-common-4.1.51.Final.jar:/home/anatole/ycsb/infinispan/target/dependency/netty-handler-4.1.51.Final.jar:/home/anatole/ycsb/infinispan/target/dependency/netty-resolver-4.1.51.Final.jar:/home/anatole/ycsb/infinispan/target/dependency/netty-transport-4.1.51.Final.jar:/home/anatole/ycsb/infinispan/target/dependency/netty-transport-native-epoll-4.1.51.Final-linux-x86_64.jar:/home/anatole/ycsb/infinispan/target/dependency/netty-transport-native-unix-common-4.1.51.Final.jar:/home/anatole/ycsb/infinispan/target/dependency/pcj-1.0.jar:/home/anatole/ycsb/infinispan/target/dependency/reactive-streams-1.0.2.jar:/home/anatole/ycsb/infinispan/target/dependency/rxjava-2.2.4.jar:/home/anatole/ycsb/infinispan/target/dependency/unsafe-helper-1.0.jar site.ycsb.Client -t -db site.ycsb.db.InfinispanClient -P ../workloads/workloada -preload -s -threads 16 -p dataintegrity=true -p offheap=false -p pcj=false -p recordcount=1000000 -p operationcount=48000000 -p fieldcount=10 -p fieldlength=100 -p requestdistribution=zipfian -p measurement.trackjvm=true -p measurementtype=hdrhistogram -p hdrhistogram.output.path=./out/exp5.concurrent.ref/log/infinispan.run.workloada.true.1000000.100000.10.100.zipfian.16.false..default.default.none.r1.hdr.log
[OVERALL], RunTime(ms), 300531
[OVERALL], Throughput(ops/sec), 163044.74413621225
[TOTAL_GCS_G1_Young_Generation], Count, 159
[TOTAL_GC_TIME_G1_Young_Generation], Time(ms), 21251
[TOTAL_GC_TIME_%_G1_Young_Generation], Time(%), 7.071150729874788
[TOTAL_GCS_G1_Old_Generation], Count, 0
[TOTAL_GC_TIME_G1_Old_Generation], Time(ms), 0
[TOTAL_GC_TIME_%_G1_Old_Generation], Time(%), 0.0
[TOTAL_GCs], Count, 159
[TOTAL_GC_TIME], Time(ms), 21251
[TOTAL_GC_TIME_%], Time(%), 7.071150729874788
[MAX_MEM_USED], MBs, 11560
[MIN_MEM_USED], MBs, 70
[MAX_THREADS], Count, 48
[MIN_THREADS], Count, 2
[MAX_SYS_LOAD_AVG], Load, 16.47
[MIN_SYS_LOAD_AVG], Load, 10.78
[THREAD_COUNT], Operations, 32
[THREAD_COUNT], AverageLatency(ns), 42.25
[THREAD_COUNT], MinLatency(ns), 2
[THREAD_COUNT], MaxLatency(ns), 48
[THREAD_COUNT], 95thPercentileLatency(ns), 48
[THREAD_COUNT], 99thPercentileLatency(ns), 48
[SYS_LOAD_AVG], Operations, 32
[SYS_LOAD_AVG], AverageLatency(ns), 14.65625
[SYS_LOAD_AVG], MinLatency(ns), 10
[SYS_LOAD_AVG], MaxLatency(ns), 16
[SYS_LOAD_AVG], 95thPercentileLatency(ns), 16
[SYS_LOAD_AVG], 99thPercentileLatency(ns), 16
[LOAD], Operations, 16
[LOAD], AverageLatency(ns), 1.272598528E10
[LOAD], MinLatency(ns), 11135746048
[LOAD], MaxLatency(ns), 13440843775
[LOAD], 95thPercentileLatency(ns), 13425049599
[LOAD], 99thPercentileLatency(ns), 13440843775
[USED_MEM_MB], Operations, 32
[USED_MEM_MB], AverageLatency(ns), 7421.34375
[USED_MEM_MB], MinLatency(ns), 70
[USED_MEM_MB], MaxLatency(ns), 11560
[USED_MEM_MB], 95thPercentileLatency(ns), 10520
[USED_MEM_MB], 99thPercentileLatency(ns), 11560
[MAIN_GCs_Count], Operations, 16
[MAIN_GCs_Count], AverageLatency(ns), 139.9375
[MAIN_GCs_Count], MinLatency(ns), 139
[MAIN_GCs_Count], MaxLatency(ns), 140
[MAIN_GCs_Count], 95thPercentileLatency(ns), 140
[MAIN_GCs_Count], 99thPercentileLatency(ns), 140
[MAIN_GCs_Time(ms)], Operations, 16
[MAIN_GCs_Time(ms)], AverageLatency(ns), 20418.25
[MAIN_GCs_Time(ms)], MinLatency(ns), 20272
[MAIN_GCs_Time(ms)], MaxLatency(ns), 20428
[MAIN_GCs_Time(ms)], 95thPercentileLatency(ns), 20428
[MAIN_GCs_Time(ms)], 99thPercentileLatency(ns), 20428
[TRANSACTION], Operations, 16
[TRANSACTION], AverageLatency(ns), 2.85262610432E11
[TRANSACTION], MinLatency(ns), 284099084288
[TRANSACTION], MaxLatency(ns), 286240276479
[TRANSACTION], 95thPercentileLatency(ns), 286194139135
[TRANSACTION], 99thPercentileLatency(ns), 286240276479
[GCS_TIME], Operations, 32
[GCS_TIME], AverageLatency(ns), 664.09375
[GCS_TIME], MinLatency(ns), 0
[GCS_TIME], MaxLatency(ns), 832
[GCS_TIME], 95thPercentileLatency(ns), 825
[GCS_TIME], 99thPercentileLatency(ns), 832
[LOAD_GCs_Time(ms)], Operations, 16
[LOAD_GCs_Time(ms)], AverageLatency(ns), 798.25
[LOAD_GCs_Time(ms)], MinLatency(ns), 712
[LOAD_GCs_Time(ms)], MaxLatency(ns), 804
[LOAD_GCs_Time(ms)], 95thPercentileLatency(ns), 804
[LOAD_GCs_Time(ms)], 99thPercentileLatency(ns), 804
[READ], Operations, 23994195
[READ], AverageLatency(ns), 52593.17019587446
[READ], MinLatency(ns), 197
[READ], MaxLatency(ns), 306900991
[READ], 95thPercentileLatency(ns), 153879
[READ], 99thPercentileLatency(ns), 210416
[READ], Return=OK, 23994195
[INIT], Operations, 16
[INIT], AverageLatency(ns), 6.47547392E8
[INIT], MinLatency(ns), 645148672
[INIT], MaxLatency(ns), 650907647
[INIT], 95thPercentileLatency(ns), 650805247
[INIT], 99thPercentileLatency(ns), 650907647
[GCS], Operations, 32
[GCS], AverageLatency(ns), 4.96875
[GCS], MinLatency(ns), 0
[GCS], MaxLatency(ns), 18
[GCS], 95thPercentileLatency(ns), 6
[GCS], 99thPercentileLatency(ns), 18
[LOAD_GCs_Count], Operations, 16
[LOAD_GCs_Count], AverageLatency(ns), 17.9375
[LOAD_GCs_Count], MinLatency(ns), 17
[LOAD_GCs_Count], MaxLatency(ns), 18
[LOAD_GCs_Count], 95thPercentileLatency(ns), 18
[LOAD_GCs_Count], 99thPercentileLatency(ns), 18
[CLEANUP], Operations, 16
[CLEANUP], AverageLatency(ns), 1.0429576E9
[CLEANUP], MinLatency(ns), 67753472
[CLEANUP], MaxLatency(ns), 2191687679
[CLEANUP], 95thPercentileLatency(ns), 1626415103
[CLEANUP], 99thPercentileLatency(ns), 2191687679
[INSERT], Operations, 1000000
[INSERT], AverageLatency(ns), 189076.397871
[INSERT], MinLatency(ns), 24564
[INSERT], MaxLatency(ns), 866942975
[INSERT], 95thPercentileLatency(ns), 208349
[INSERT], 99thPercentileLatency(ns), 300539
[INSERT], Return=OK, 1000000
[UPDATE], Operations, 24005805
[UPDATE], AverageLatency(ns), 133272.59816065323
[UPDATE], MinLatency(ns), 25506
[UPDATE], MaxLatency(ns), 306731007
[UPDATE], 95thPercentileLatency(ns), 253283
[UPDATE], 99thPercentileLatency(ns), 327633
[UPDATE], Return=OK, 24005805
