/home/anatole/jdk8u/build/linux-x86_64-normal-server-release/jdk/bin/java -Xmx20g -XX:+UseG1GC -classpath /home/anatole/ycsb/conf:/home/anatole/ycsb/core/target/core-0.18.0-SNAPSHOT.jar:/home/anatole/ycsb/core/target/dependency/HdrHistogram-2.1.4.jar:/home/anatole/ycsb/core/target/dependency/guava-18.0.jar:/home/anatole/ycsb/core/target/dependency/htrace-core4-4.1.0-incubating.jar:/home/anatole/ycsb/core/target/dependency/jackson-core-asl-1.9.4.jar:/home/anatole/ycsb/core/target/dependency/jackson-mapper-asl-1.9.4.jar:/home/anatole/ycsb/core/target/dependency/javax.persistence-api-2.2.jar:/home/anatole/ycsb/core/target/dependency/jnvm-1.0-SNAPSHOT.jar:/home/anatole/ycsb/core/target/dependency/pcj-1.0.jar:/home/anatole/ycsb/core/target/dependency/unsafe-helper-1.0.jar:/home/anatole/ycsb/infinispan/src/main/conf:/home/anatole/ycsb/infinispan/target/infinispan-binding-0.18.0-SNAPSHOT.jar:/home/anatole/ycsb/infinispan/target/dependency/caffeine-2.6.2.jar:/home/anatole/ycsb/infinispan/target/dependency/gson-2.8.2.jar:/home/anatole/ycsb/infinispan/target/dependency/guava-18.0.jar:/home/anatole/ycsb/infinispan/target/dependency/infinispan-cachestore-jnvm-1.0-SNAPSHOT.jar:/home/anatole/ycsb/infinispan/target/dependency/infinispan-cachestore-pcj-1.0-SNAPSHOT.jar:/home/anatole/ycsb/infinispan/target/dependency/infinispan-client-hotrod-9.4.20.Final.jar:/home/anatole/ycsb/infinispan/target/dependency/infinispan-commons-9.4.20.Final.jar:/home/anatole/ycsb/infinispan/target/dependency/infinispan-core-9.4.20.Final.jar:/home/anatole/ycsb/infinispan/target/dependency/javax.persistence-api-2.2.jar:/home/anatole/ycsb/infinispan/target/dependency/jboss-logging-3.3.2.Final.jar:/home/anatole/ycsb/infinispan/target/dependency/jboss-marshalling-osgi-2.0.6.Final.jar:/home/anatole/ycsb/infinispan/target/dependency/jboss-transaction-api_1.2_spec-1.1.1.Final.jar:/home/anatole/ycsb/infinispan/target/dependency/jgroups-4.0.21.Final.jar:/home/anatole/ycsb/infinispan/target/dependency/jnvm-1.0-SNAPSHOT.jar:/home/anatole/ycsb/infinispan/target/dependency/metainf-services-1.7.jar:/home/anatole/ycsb/infinispan/target/dependency/netty-buffer-4.1.51.Final.jar:/home/anatole/ycsb/infinispan/target/dependency/netty-codec-4.1.51.Final.jar:/home/anatole/ycsb/infinispan/target/dependency/netty-common-4.1.51.Final.jar:/home/anatole/ycsb/infinispan/target/dependency/netty-handler-4.1.51.Final.jar:/home/anatole/ycsb/infinispan/target/dependency/netty-resolver-4.1.51.Final.jar:/home/anatole/ycsb/infinispan/target/dependency/netty-transport-4.1.51.Final.jar:/home/anatole/ycsb/infinispan/target/dependency/netty-transport-native-epoll-4.1.51.Final-linux-x86_64.jar:/home/anatole/ycsb/infinispan/target/dependency/netty-transport-native-unix-common-4.1.51.Final.jar:/home/anatole/ycsb/infinispan/target/dependency/pcj-1.0.jar:/home/anatole/ycsb/infinispan/target/dependency/reactive-streams-1.0.2.jar:/home/anatole/ycsb/infinispan/target/dependency/rxjava-2.2.4.jar:/home/anatole/ycsb/infinispan/target/dependency/unsafe-helper-1.0.jar site.ycsb.Client -t -db site.ycsb.db.InfinispanClient -P ../workloads/workloada -preload -s -threads 28 -p dataintegrity=true -p offheap=false -p pcj=false -p recordcount=1000000 -p operationcount=60000000 -p fieldcount=10 -p fieldlength=100 -p requestdistribution=zipfian -p measurement.trackjvm=true -p measurementtype=hdrhistogram -p hdrhistogram.output.path=./out/exp5.concurrent.ref/log/infinispan.run.workloada.true.1000000.1000000.10.100.zipfian.28.true..default.default.none.r1.hdr.log
[OVERALL], RunTime(ms), 91008
[OVERALL], Throughput(ops/sec), 670270.7454289732
[TOTAL_GCS_G1_Young_Generation], Count, 170
[TOTAL_GC_TIME_G1_Young_Generation], Time(ms), 29506
[TOTAL_GC_TIME_%_G1_Young_Generation], Time(%), 32.42132559774965
[TOTAL_GCS_G1_Old_Generation], Count, 0
[TOTAL_GC_TIME_G1_Old_Generation], Time(ms), 0
[TOTAL_GC_TIME_%_G1_Old_Generation], Time(%), 0.0
[TOTAL_GCs], Count, 170
[TOTAL_GC_TIME], Time(ms), 29506
[TOTAL_GC_TIME_%], Time(%), 32.42132559774965
[MAX_MEM_USED], MBs, 9956
[MIN_MEM_USED], MBs, 90
[MAX_THREADS], Count, 60
[MIN_THREADS], Count, 3
[MAX_SYS_LOAD_AVG], Load, 20.93
[MIN_SYS_LOAD_AVG], Load, 19.45
[THREAD_COUNT], Operations, 11
[THREAD_COUNT], AverageLatency(ns), 46.81818181818182
[THREAD_COUNT], MinLatency(ns), 3
[THREAD_COUNT], MaxLatency(ns), 60
[THREAD_COUNT], 95thPercentileLatency(ns), 60
[THREAD_COUNT], 99thPercentileLatency(ns), 60
[SYS_LOAD_AVG], Operations, 11
[SYS_LOAD_AVG], AverageLatency(ns), 19.636363636363637
[SYS_LOAD_AVG], MinLatency(ns), 19
[SYS_LOAD_AVG], MaxLatency(ns), 20
[SYS_LOAD_AVG], 95thPercentileLatency(ns), 20
[SYS_LOAD_AVG], 99thPercentileLatency(ns), 20
[LOAD], Operations, 28
[LOAD], AverageLatency(ns), 6.558621696E9
[LOAD], MinLatency(ns), 5848137728
[LOAD], MaxLatency(ns), 6845661183
[LOAD], 95thPercentileLatency(ns), 6839205887
[LOAD], 99thPercentileLatency(ns), 6845661183
[USED_MEM_MB], Operations, 11
[USED_MEM_MB], AverageLatency(ns), 5518.0
[USED_MEM_MB], MinLatency(ns), 90
[USED_MEM_MB], MaxLatency(ns), 9956
[USED_MEM_MB], 95thPercentileLatency(ns), 8470
[USED_MEM_MB], 99thPercentileLatency(ns), 9956
[MAIN_GCs_Count], Operations, 28
[MAIN_GCs_Count], AverageLatency(ns), 145.0
[MAIN_GCs_Count], MinLatency(ns), 145
[MAIN_GCs_Count], MaxLatency(ns), 145
[MAIN_GCs_Count], 95thPercentileLatency(ns), 145
[MAIN_GCs_Count], 99thPercentileLatency(ns), 145
[MAIN_GCs_Time(ms)], Operations, 28
[MAIN_GCs_Time(ms)], AverageLatency(ns), 27168.0
[MAIN_GCs_Time(ms)], MinLatency(ns), 27168
[MAIN_GCs_Time(ms)], MaxLatency(ns), 27168
[MAIN_GCs_Time(ms)], 95thPercentileLatency(ns), 27168
[MAIN_GCs_Time(ms)], 99thPercentileLatency(ns), 27168
[TRANSACTION], Operations, 28
[TRANSACTION], AverageLatency(ns), 8.2487410688E10
[TRANSACTION], MinLatency(ns), 82303778816
[TRANSACTION], MaxLatency(ns), 82583224319
[TRANSACTION], 95thPercentileLatency(ns), 82573262847
[TRANSACTION], 99thPercentileLatency(ns), 82583224319
[GCS_TIME], Operations, 11
[GCS_TIME], AverageLatency(ns), 2682.3636363636365
[GCS_TIME], MinLatency(ns), 0
[GCS_TIME], MaxLatency(ns), 4804
[GCS_TIME], 95thPercentileLatency(ns), 3509
[GCS_TIME], 99thPercentileLatency(ns), 4804
[LOAD_GCs_Time(ms)], Operations, 28
[LOAD_GCs_Time(ms)], AverageLatency(ns), 2037.0714285714287
[LOAD_GCs_Time(ms)], MinLatency(ns), 1806
[LOAD_GCs_Time(ms)], MaxLatency(ns), 2128
[LOAD_GCs_Time(ms)], 95thPercentileLatency(ns), 2128
[LOAD_GCs_Time(ms)], 99thPercentileLatency(ns), 2128
[READ], Operations, 29996039
[READ], AverageLatency(ns), 29735.94725146877
[READ], MinLatency(ns), 225
[READ], MaxLatency(ns), 1223942143
[READ], 95thPercentileLatency(ns), 149511
[READ], 99thPercentileLatency(ns), 173291
[READ], Return=OK, 29996039
[INIT], Operations, 28
[INIT], AverageLatency(ns), 6.395500251428572E8
[INIT], MinLatency(ns), 633495552
[INIT], MaxLatency(ns), 645009407
[INIT], 95thPercentileLatency(ns), 644980735
[INIT], 99thPercentileLatency(ns), 645009407
[GCS], Operations, 11
[GCS], AverageLatency(ns), 15.454545454545455
[GCS], MinLatency(ns), 0
[GCS], MaxLatency(ns), 33
[GCS], 95thPercentileLatency(ns), 19
[GCS], 99thPercentileLatency(ns), 33
[LOAD_GCs_Count], Operations, 28
[LOAD_GCs_Count], AverageLatency(ns), 21.428571428571427
[LOAD_GCs_Count], MinLatency(ns), 20
[LOAD_GCs_Count], MaxLatency(ns), 22
[LOAD_GCs_Count], 95thPercentileLatency(ns), 22
[LOAD_GCs_Count], 99thPercentileLatency(ns), 22
[CLEANUP], Operations, 28
[CLEANUP], AverageLatency(ns), 5.86613248E8
[CLEANUP], MinLatency(ns), 492541952
[CLEANUP], MaxLatency(ns), 740839423
[CLEANUP], 95thPercentileLatency(ns), 733454335
[CLEANUP], 99thPercentileLatency(ns), 740839423
[INSERT], Operations, 1000000
[INSERT], AverageLatency(ns), 95164.377606
[INSERT], MinLatency(ns), 1829
[INSERT], MaxLatency(ns), 382072831
[INSERT], 95thPercentileLatency(ns), 81291
[INSERT], 99thPercentileLatency(ns), 216338
[INSERT], Return=OK, 1000000
[UPDATE], Operations, 30003961
[UPDATE], AverageLatency(ns), 38713.23156199276
[UPDATE], MinLatency(ns), 1681
[UPDATE], MaxLatency(ns), 1224040447
[UPDATE], 95thPercentileLatency(ns), 154707
[UPDATE], 99thPercentileLatency(ns), 178997
[UPDATE], Return=OK, 30003961
