/home/anatole/jdk8u/build/linux-x86_64-normal-server-release/jdk/bin/java -Xmx20g -XX:+UseG1GC -classpath /home/anatole/ycsb/conf:/home/anatole/ycsb/core/target/core-0.18.0-SNAPSHOT.jar:/home/anatole/ycsb/core/target/dependency/HdrHistogram-2.1.4.jar:/home/anatole/ycsb/core/target/dependency/guava-18.0.jar:/home/anatole/ycsb/core/target/dependency/htrace-core4-4.1.0-incubating.jar:/home/anatole/ycsb/core/target/dependency/jackson-core-asl-1.9.4.jar:/home/anatole/ycsb/core/target/dependency/jackson-mapper-asl-1.9.4.jar:/home/anatole/ycsb/core/target/dependency/javax.persistence-api-2.2.jar:/home/anatole/ycsb/core/target/dependency/jnvm-1.0-SNAPSHOT.jar:/home/anatole/ycsb/core/target/dependency/pcj-1.0.jar:/home/anatole/ycsb/core/target/dependency/unsafe-helper-1.0.jar:/home/anatole/ycsb/infinispan/src/main/conf:/home/anatole/ycsb/infinispan/target/infinispan-binding-0.18.0-SNAPSHOT.jar:/home/anatole/ycsb/infinispan/target/dependency/caffeine-2.6.2.jar:/home/anatole/ycsb/infinispan/target/dependency/gson-2.8.2.jar:/home/anatole/ycsb/infinispan/target/dependency/guava-18.0.jar:/home/anatole/ycsb/infinispan/target/dependency/infinispan-cachestore-jnvm-1.0-SNAPSHOT.jar:/home/anatole/ycsb/infinispan/target/dependency/infinispan-cachestore-pcj-1.0-SNAPSHOT.jar:/home/anatole/ycsb/infinispan/target/dependency/infinispan-client-hotrod-9.4.20.Final.jar:/home/anatole/ycsb/infinispan/target/dependency/infinispan-commons-9.4.20.Final.jar:/home/anatole/ycsb/infinispan/target/dependency/infinispan-core-9.4.20.Final.jar:/home/anatole/ycsb/infinispan/target/dependency/javax.persistence-api-2.2.jar:/home/anatole/ycsb/infinispan/target/dependency/jboss-logging-3.3.2.Final.jar:/home/anatole/ycsb/infinispan/target/dependency/jboss-marshalling-osgi-2.0.6.Final.jar:/home/anatole/ycsb/infinispan/target/dependency/jboss-transaction-api_1.2_spec-1.1.1.Final.jar:/home/anatole/ycsb/infinispan/target/dependency/jgroups-4.0.21.Final.jar:/home/anatole/ycsb/infinispan/target/dependency/jnvm-1.0-SNAPSHOT.jar:/home/anatole/ycsb/infinispan/target/dependency/metainf-services-1.7.jar:/home/anatole/ycsb/infinispan/target/dependency/netty-buffer-4.1.51.Final.jar:/home/anatole/ycsb/infinispan/target/dependency/netty-codec-4.1.51.Final.jar:/home/anatole/ycsb/infinispan/target/dependency/netty-common-4.1.51.Final.jar:/home/anatole/ycsb/infinispan/target/dependency/netty-handler-4.1.51.Final.jar:/home/anatole/ycsb/infinispan/target/dependency/netty-resolver-4.1.51.Final.jar:/home/anatole/ycsb/infinispan/target/dependency/netty-transport-4.1.51.Final.jar:/home/anatole/ycsb/infinispan/target/dependency/netty-transport-native-epoll-4.1.51.Final-linux-x86_64.jar:/home/anatole/ycsb/infinispan/target/dependency/netty-transport-native-unix-common-4.1.51.Final.jar:/home/anatole/ycsb/infinispan/target/dependency/pcj-1.0.jar:/home/anatole/ycsb/infinispan/target/dependency/reactive-streams-1.0.2.jar:/home/anatole/ycsb/infinispan/target/dependency/rxjava-2.2.4.jar:/home/anatole/ycsb/infinispan/target/dependency/unsafe-helper-1.0.jar site.ycsb.Client -t -db site.ycsb.db.InfinispanClient -P ../workloads/workloada -preload -s -threads 24 -p dataintegrity=true -p offheap=false -p pcj=false -p recordcount=1000000 -p operationcount=60000000 -p fieldcount=10 -p fieldlength=100 -p requestdistribution=zipfian -p measurement.trackjvm=true -p measurementtype=hdrhistogram -p hdrhistogram.output.path=./out/exp5.concurrent.ref/log/infinispan.run.workloada.true.1000000.100000.10.100.zipfian.24.false..default.default.none.r2.hdr.log
[OVERALL], RunTime(ms), 394721
[OVERALL], Throughput(ops/sec), 154539.53552002553
[TOTAL_GCS_G1_Young_Generation], Count, 221
[TOTAL_GC_TIME_G1_Young_Generation], Time(ms), 29710
[TOTAL_GC_TIME_%_G1_Young_Generation], Time(%), 7.5268354103278
[TOTAL_GCS_G1_Old_Generation], Count, 0
[TOTAL_GC_TIME_G1_Old_Generation], Time(ms), 0
[TOTAL_GC_TIME_%_G1_Old_Generation], Time(%), 0.0
[TOTAL_GCs], Count, 221
[TOTAL_GC_TIME], Time(ms), 29710
[TOTAL_GC_TIME_%], Time(%), 7.5268354103278
[MAX_MEM_USED], MBs, 10511
[MIN_MEM_USED], MBs, 82
[MAX_THREADS], Count, 56
[MIN_THREADS], Count, 2
[MAX_SYS_LOAD_AVG], Load, 22.48
[MIN_SYS_LOAD_AVG], Load, 19.3
[THREAD_COUNT], Operations, 41
[THREAD_COUNT], AverageLatency(ns), 51.951219512195124
[THREAD_COUNT], MinLatency(ns), 2
[THREAD_COUNT], MaxLatency(ns), 56
[THREAD_COUNT], 95thPercentileLatency(ns), 56
[THREAD_COUNT], 99thPercentileLatency(ns), 56
[SYS_LOAD_AVG], Operations, 41
[SYS_LOAD_AVG], AverageLatency(ns), 20.4390243902439
[SYS_LOAD_AVG], MinLatency(ns), 19
[SYS_LOAD_AVG], MaxLatency(ns), 22
[SYS_LOAD_AVG], 95thPercentileLatency(ns), 21
[SYS_LOAD_AVG], 99thPercentileLatency(ns), 22
[LOAD], Operations, 24
[LOAD], AverageLatency(ns), 1.2622200832E10
[LOAD], MinLatency(ns), 10756620288
[LOAD], MaxLatency(ns), 13799784447
[LOAD], 95thPercentileLatency(ns), 13622968319
[LOAD], 99thPercentileLatency(ns), 13799784447
[USED_MEM_MB], Operations, 41
[USED_MEM_MB], AverageLatency(ns), 6642.414634146341
[USED_MEM_MB], MinLatency(ns), 82
[USED_MEM_MB], MaxLatency(ns), 10511
[USED_MEM_MB], 95thPercentileLatency(ns), 9841
[USED_MEM_MB], 99thPercentileLatency(ns), 10511
[MAIN_GCs_Count], Operations, 24
[MAIN_GCs_Count], AverageLatency(ns), 199.04166666666666
[MAIN_GCs_Count], MinLatency(ns), 196
[MAIN_GCs_Count], MaxLatency(ns), 202
[MAIN_GCs_Count], 95thPercentileLatency(ns), 202
[MAIN_GCs_Count], 99thPercentileLatency(ns), 202
[MAIN_GCs_Time(ms)], Operations, 24
[MAIN_GCs_Time(ms)], AverageLatency(ns), 28627.583333333332
[MAIN_GCs_Time(ms)], MinLatency(ns), 28245
[MAIN_GCs_Time(ms)], MaxLatency(ns), 28900
[MAIN_GCs_Time(ms)], 95thPercentileLatency(ns), 28900
[MAIN_GCs_Time(ms)], 99thPercentileLatency(ns), 28900
[TRANSACTION], Operations, 24
[TRANSACTION], AverageLatency(ns), 3.783117154986667E11
[TRANSACTION], MinLatency(ns), 377210535936
[TRANSACTION], MaxLatency(ns), 380089925631
[TRANSACTION], 95thPercentileLatency(ns), 379943124991
[TRANSACTION], 99thPercentileLatency(ns), 380089925631
[GCS_TIME], Operations, 41
[GCS_TIME], AverageLatency(ns), 724.6341463414634
[GCS_TIME], MinLatency(ns), 0
[GCS_TIME], MaxLatency(ns), 958
[GCS_TIME], 95thPercentileLatency(ns), 948
[GCS_TIME], 99thPercentileLatency(ns), 958
[LOAD_GCs_Time(ms)], Operations, 24
[LOAD_GCs_Time(ms)], AverageLatency(ns), 763.3333333333334
[LOAD_GCs_Time(ms)], MinLatency(ns), 675
[LOAD_GCs_Time(ms)], MaxLatency(ns), 781
[LOAD_GCs_Time(ms)], 95thPercentileLatency(ns), 781
[LOAD_GCs_Time(ms)], 99thPercentileLatency(ns), 781
[READ], Operations, 29997054
[READ], AverageLatency(ns), 102369.063326552
[READ], MinLatency(ns), 181
[READ], MaxLatency(ns), 317814783
[READ], 95thPercentileLatency(ns), 328865
[READ], 99thPercentileLatency(ns), 421289
[READ], Return=OK, 29997054
[INIT], Operations, 24
[INIT], AverageLatency(ns), 6.380648106666666E8
[INIT], MinLatency(ns), 634019840
[INIT], MaxLatency(ns), 643620863
[INIT], 95thPercentileLatency(ns), 642846719
[INIT], 99thPercentileLatency(ns), 643620863
[GCS], Operations, 41
[GCS], AverageLatency(ns), 5.390243902439025
[GCS], MinLatency(ns), 0
[GCS], MaxLatency(ns), 18
[GCS], 95thPercentileLatency(ns), 6
[GCS], 99thPercentileLatency(ns), 18
[LOAD_GCs_Count], Operations, 24
[LOAD_GCs_Count], AverageLatency(ns), 16.833333333333332
[LOAD_GCs_Count], MinLatency(ns), 16
[LOAD_GCs_Count], MaxLatency(ns), 17
[LOAD_GCs_Count], 95thPercentileLatency(ns), 17
[LOAD_GCs_Count], 99thPercentileLatency(ns), 17
[CLEANUP], Operations, 24
[CLEANUP], AverageLatency(ns), 1.8437112E9
[CLEANUP], MinLatency(ns), 68145664
[CLEANUP], MaxLatency(ns), 2930229247
[CLEANUP], 95thPercentileLatency(ns), 2891448319
[CLEANUP], 99thPercentileLatency(ns), 2930229247
[INSERT], Operations, 1000000
[INSERT], AverageLatency(ns), 287902.753585
[INSERT], MinLatency(ns), 22817
[INSERT], MaxLatency(ns), 1083809791
[INSERT], 95thPercentileLatency(ns), 325447
[INSERT], 99thPercentileLatency(ns), 482023
[INSERT], Return=OK, 1000000
[UPDATE], Operations, 30002946
[UPDATE], AverageLatency(ns), 195379.34072977366
[UPDATE], MinLatency(ns), 24059
[UPDATE], MaxLatency(ns), 317984767
[UPDATE], 95thPercentileLatency(ns), 427575
[UPDATE], 99thPercentileLatency(ns), 544551
[UPDATE], Return=OK, 30002946
