/home/anatole/jdk8u/build/linux-x86_64-normal-server-release/jdk/bin/java -Xmx20g -XX:+UseG1GC -classpath /home/anatole/ycsb/conf:/home/anatole/ycsb/core/target/core-0.18.0-SNAPSHOT.jar:/home/anatole/ycsb/core/target/dependency/HdrHistogram-2.1.4.jar:/home/anatole/ycsb/core/target/dependency/guava-18.0.jar:/home/anatole/ycsb/core/target/dependency/htrace-core4-4.1.0-incubating.jar:/home/anatole/ycsb/core/target/dependency/jackson-core-asl-1.9.4.jar:/home/anatole/ycsb/core/target/dependency/jackson-mapper-asl-1.9.4.jar:/home/anatole/ycsb/core/target/dependency/javax.persistence-api-2.2.jar:/home/anatole/ycsb/core/target/dependency/jnvm-1.0-SNAPSHOT.jar:/home/anatole/ycsb/core/target/dependency/pcj-1.0.jar:/home/anatole/ycsb/core/target/dependency/unsafe-helper-1.0.jar:/home/anatole/ycsb/infinispan/src/main/conf:/home/anatole/ycsb/infinispan/target/infinispan-binding-0.18.0-SNAPSHOT.jar:/home/anatole/ycsb/infinispan/target/dependency/caffeine-2.6.2.jar:/home/anatole/ycsb/infinispan/target/dependency/gson-2.8.2.jar:/home/anatole/ycsb/infinispan/target/dependency/guava-18.0.jar:/home/anatole/ycsb/infinispan/target/dependency/infinispan-cachestore-jnvm-1.0-SNAPSHOT.jar:/home/anatole/ycsb/infinispan/target/dependency/infinispan-cachestore-pcj-1.0-SNAPSHOT.jar:/home/anatole/ycsb/infinispan/target/dependency/infinispan-client-hotrod-9.4.20.Final.jar:/home/anatole/ycsb/infinispan/target/dependency/infinispan-commons-9.4.20.Final.jar:/home/anatole/ycsb/infinispan/target/dependency/infinispan-core-9.4.20.Final.jar:/home/anatole/ycsb/infinispan/target/dependency/javax.persistence-api-2.2.jar:/home/anatole/ycsb/infinispan/target/dependency/jboss-logging-3.3.2.Final.jar:/home/anatole/ycsb/infinispan/target/dependency/jboss-marshalling-osgi-2.0.6.Final.jar:/home/anatole/ycsb/infinispan/target/dependency/jboss-transaction-api_1.2_spec-1.1.1.Final.jar:/home/anatole/ycsb/infinispan/target/dependency/jgroups-4.0.21.Final.jar:/home/anatole/ycsb/infinispan/target/dependency/jnvm-1.0-SNAPSHOT.jar:/home/anatole/ycsb/infinispan/target/dependency/metainf-services-1.7.jar:/home/anatole/ycsb/infinispan/target/dependency/netty-buffer-4.1.51.Final.jar:/home/anatole/ycsb/infinispan/target/dependency/netty-codec-4.1.51.Final.jar:/home/anatole/ycsb/infinispan/target/dependency/netty-common-4.1.51.Final.jar:/home/anatole/ycsb/infinispan/target/dependency/netty-handler-4.1.51.Final.jar:/home/anatole/ycsb/infinispan/target/dependency/netty-resolver-4.1.51.Final.jar:/home/anatole/ycsb/infinispan/target/dependency/netty-transport-4.1.51.Final.jar:/home/anatole/ycsb/infinispan/target/dependency/netty-transport-native-epoll-4.1.51.Final-linux-x86_64.jar:/home/anatole/ycsb/infinispan/target/dependency/netty-transport-native-unix-common-4.1.51.Final.jar:/home/anatole/ycsb/infinispan/target/dependency/pcj-1.0.jar:/home/anatole/ycsb/infinispan/target/dependency/reactive-streams-1.0.2.jar:/home/anatole/ycsb/infinispan/target/dependency/rxjava-2.2.4.jar:/home/anatole/ycsb/infinispan/target/dependency/unsafe-helper-1.0.jar site.ycsb.Client -t -db site.ycsb.db.InfinispanClient -P ../workloads/workloada -preload -s -threads 12 -p dataintegrity=true -p offheap=false -p pcj=false -p recordcount=1000000 -p operationcount=36000000 -p fieldcount=10 -p fieldlength=100 -p requestdistribution=zipfian -p measurement.trackjvm=true -p measurementtype=hdrhistogram -p hdrhistogram.output.path=./out/exp5.concurrent.ref/log/infinispan.run.workloada.true.1000000.1000000.10.100.zipfian.12.true..default.default.none.r4.hdr.log
[OVERALL], RunTime(ms), 43248
[OVERALL], Throughput(ops/sec), 855530.8916019237
[TOTAL_GCS_G1_Young_Generation], Count, 117
[TOTAL_GC_TIME_G1_Young_Generation], Time(ms), 17422
[TOTAL_GC_TIME_%_G1_Young_Generation], Time(%), 40.28394376618572
[TOTAL_GCS_G1_Old_Generation], Count, 0
[TOTAL_GC_TIME_G1_Old_Generation], Time(ms), 0
[TOTAL_GC_TIME_%_G1_Old_Generation], Time(%), 0.0
[TOTAL_GCs], Count, 117
[TOTAL_GC_TIME], Time(ms), 17422
[TOTAL_GC_TIME_%], Time(%), 40.28394376618572
[MAX_MEM_USED], MBs, 8565
[MIN_MEM_USED], MBs, 66
[MAX_THREADS], Count, 44
[MIN_THREADS], Count, 4
[MAX_SYS_LOAD_AVG], Load, 21.85
[MIN_SYS_LOAD_AVG], Load, 19.41
[THREAD_COUNT], Operations, 6
[THREAD_COUNT], AverageLatency(ns), 32.333333333333336
[THREAD_COUNT], MinLatency(ns), 4
[THREAD_COUNT], MaxLatency(ns), 44
[THREAD_COUNT], 95thPercentileLatency(ns), 44
[THREAD_COUNT], 99thPercentileLatency(ns), 44
[SYS_LOAD_AVG], Operations, 6
[SYS_LOAD_AVG], AverageLatency(ns), 20.333333333333332
[SYS_LOAD_AVG], MinLatency(ns), 19
[SYS_LOAD_AVG], MaxLatency(ns), 21
[SYS_LOAD_AVG], 95thPercentileLatency(ns), 21
[SYS_LOAD_AVG], 99thPercentileLatency(ns), 21
[LOAD], Operations, 12
[LOAD], AverageLatency(ns), 5.672574976E9
[LOAD], MinLatency(ns), 5426511872
[LOAD], MaxLatency(ns), 5773099007
[LOAD], 95thPercentileLatency(ns), 5756125183
[LOAD], 99thPercentileLatency(ns), 5773099007
[USED_MEM_MB], Operations, 6
[USED_MEM_MB], AverageLatency(ns), 6052.0
[USED_MEM_MB], MinLatency(ns), 66
[USED_MEM_MB], MaxLatency(ns), 8565
[USED_MEM_MB], 95thPercentileLatency(ns), 8565
[USED_MEM_MB], 99thPercentileLatency(ns), 8565
[MAIN_GCs_Count], Operations, 12
[MAIN_GCs_Count], AverageLatency(ns), 90.33333333333333
[MAIN_GCs_Count], MinLatency(ns), 89
[MAIN_GCs_Count], MaxLatency(ns), 91
[MAIN_GCs_Count], 95thPercentileLatency(ns), 91
[MAIN_GCs_Count], 99thPercentileLatency(ns), 91
[MAIN_GCs_Time(ms)], Operations, 12
[MAIN_GCs_Time(ms)], AverageLatency(ns), 15036.333333333334
[MAIN_GCs_Time(ms)], MinLatency(ns), 14528
[MAIN_GCs_Time(ms)], MaxLatency(ns), 15292
[MAIN_GCs_Time(ms)], 95thPercentileLatency(ns), 15292
[MAIN_GCs_Time(ms)], 99thPercentileLatency(ns), 15292
[TRANSACTION], Operations, 12
[TRANSACTION], AverageLatency(ns), 3.5665543168E10
[TRANSACTION], MinLatency(ns), 34707603456
[TRANSACTION], MaxLatency(ns), 36246126591
[TRANSACTION], 95thPercentileLatency(ns), 36190289919
[TRANSACTION], 99thPercentileLatency(ns), 36246126591
[GCS_TIME], Operations, 6
[GCS_TIME], AverageLatency(ns), 2903.6666666666665
[GCS_TIME], MinLatency(ns), 0
[GCS_TIME], MaxLatency(ns), 4779
[GCS_TIME], 95thPercentileLatency(ns), 4779
[GCS_TIME], 99thPercentileLatency(ns), 4779
[LOAD_GCs_Time(ms)], Operations, 12
[LOAD_GCs_Time(ms)], AverageLatency(ns), 2071.0
[LOAD_GCs_Time(ms)], MinLatency(ns), 1945
[LOAD_GCs_Time(ms)], MaxLatency(ns), 2113
[LOAD_GCs_Time(ms)], 95thPercentileLatency(ns), 2113
[LOAD_GCs_Time(ms)], 99thPercentileLatency(ns), 2113
[READ], Operations, 17997503
[READ], AverageLatency(ns), 3294.7910774066827
[READ], MinLatency(ns), 198
[READ], MaxLatency(ns), 380289023
[READ], 95thPercentileLatency(ns), 2792
[READ], 99thPercentileLatency(ns), 18178
[READ], Return=OK, 17997503
[INIT], Operations, 12
[INIT], AverageLatency(ns), 6.3442944E8
[INIT], MinLatency(ns), 632164352
[INIT], MaxLatency(ns), 637493247
[INIT], 95thPercentileLatency(ns), 636837887
[INIT], 99thPercentileLatency(ns), 637493247
[GCS], Operations, 6
[GCS], AverageLatency(ns), 19.5
[GCS], MinLatency(ns), 0
[GCS], MaxLatency(ns), 42
[GCS], 95thPercentileLatency(ns), 42
[GCS], 99thPercentileLatency(ns), 42
[LOAD_GCs_Count], Operations, 12
[LOAD_GCs_Count], AverageLatency(ns), 24.75
[LOAD_GCs_Count], MinLatency(ns), 24
[LOAD_GCs_Count], MaxLatency(ns), 25
[LOAD_GCs_Count], 95thPercentileLatency(ns), 25
[LOAD_GCs_Count], 99thPercentileLatency(ns), 25
[CLEANUP], Operations, 12
[CLEANUP], AverageLatency(ns), 1.0770600106666667E9
[CLEANUP], MinLatency(ns), 498464768
[CLEANUP], MaxLatency(ns), 2015420415
[CLEANUP], 95thPercentileLatency(ns), 1970175999
[CLEANUP], 99thPercentileLatency(ns), 2015420415
[INSERT], Operations, 1000000
[INSERT], AverageLatency(ns), 33971.358207
[INSERT], MinLatency(ns), 1814
[INSERT], MaxLatency(ns), 181107711
[INSERT], 95thPercentileLatency(ns), 27573
[INSERT], 99thPercentileLatency(ns), 59417
[INSERT], Return=OK, 1000000
[UPDATE], Operations, 18002497
[UPDATE], AverageLatency(ns), 12863.65429840094
[UPDATE], MinLatency(ns), 1306
[UPDATE], MaxLatency(ns), 385681407
[UPDATE], 95thPercentileLatency(ns), 9416
[UPDATE], 99thPercentileLatency(ns), 60680
[UPDATE], Return=OK, 18002497
