/home/anatole/jdk8u/build/linux-x86_64-normal-server-release/jdk/bin/java -Xmx20g -XX:+UseG1GC -classpath /home/anatole/ycsb/conf:/home/anatole/ycsb/core/target/core-0.18.0-SNAPSHOT.jar:/home/anatole/ycsb/core/target/dependency/HdrHistogram-2.1.4.jar:/home/anatole/ycsb/core/target/dependency/guava-18.0.jar:/home/anatole/ycsb/core/target/dependency/htrace-core4-4.1.0-incubating.jar:/home/anatole/ycsb/core/target/dependency/jackson-core-asl-1.9.4.jar:/home/anatole/ycsb/core/target/dependency/jackson-mapper-asl-1.9.4.jar:/home/anatole/ycsb/core/target/dependency/javax.persistence-api-2.2.jar:/home/anatole/ycsb/core/target/dependency/jnvm-1.0-SNAPSHOT.jar:/home/anatole/ycsb/core/target/dependency/pcj-1.0.jar:/home/anatole/ycsb/core/target/dependency/unsafe-helper-1.0.jar:/home/anatole/ycsb/infinispan/src/main/conf:/home/anatole/ycsb/infinispan/target/infinispan-binding-0.18.0-SNAPSHOT.jar:/home/anatole/ycsb/infinispan/target/dependency/caffeine-2.6.2.jar:/home/anatole/ycsb/infinispan/target/dependency/gson-2.8.2.jar:/home/anatole/ycsb/infinispan/target/dependency/guava-18.0.jar:/home/anatole/ycsb/infinispan/target/dependency/infinispan-cachestore-jnvm-1.0-SNAPSHOT.jar:/home/anatole/ycsb/infinispan/target/dependency/infinispan-cachestore-pcj-1.0-SNAPSHOT.jar:/home/anatole/ycsb/infinispan/target/dependency/infinispan-client-hotrod-9.4.20.Final.jar:/home/anatole/ycsb/infinispan/target/dependency/infinispan-commons-9.4.20.Final.jar:/home/anatole/ycsb/infinispan/target/dependency/infinispan-core-9.4.20.Final.jar:/home/anatole/ycsb/infinispan/target/dependency/javax.persistence-api-2.2.jar:/home/anatole/ycsb/infinispan/target/dependency/jboss-logging-3.3.2.Final.jar:/home/anatole/ycsb/infinispan/target/dependency/jboss-marshalling-osgi-2.0.6.Final.jar:/home/anatole/ycsb/infinispan/target/dependency/jboss-transaction-api_1.2_spec-1.1.1.Final.jar:/home/anatole/ycsb/infinispan/target/dependency/jgroups-4.0.21.Final.jar:/home/anatole/ycsb/infinispan/target/dependency/jnvm-1.0-SNAPSHOT.jar:/home/anatole/ycsb/infinispan/target/dependency/metainf-services-1.7.jar:/home/anatole/ycsb/infinispan/target/dependency/netty-buffer-4.1.51.Final.jar:/home/anatole/ycsb/infinispan/target/dependency/netty-codec-4.1.51.Final.jar:/home/anatole/ycsb/infinispan/target/dependency/netty-common-4.1.51.Final.jar:/home/anatole/ycsb/infinispan/target/dependency/netty-handler-4.1.51.Final.jar:/home/anatole/ycsb/infinispan/target/dependency/netty-resolver-4.1.51.Final.jar:/home/anatole/ycsb/infinispan/target/dependency/netty-transport-4.1.51.Final.jar:/home/anatole/ycsb/infinispan/target/dependency/netty-transport-native-epoll-4.1.51.Final-linux-x86_64.jar:/home/anatole/ycsb/infinispan/target/dependency/netty-transport-native-unix-common-4.1.51.Final.jar:/home/anatole/ycsb/infinispan/target/dependency/pcj-1.0.jar:/home/anatole/ycsb/infinispan/target/dependency/reactive-streams-1.0.2.jar:/home/anatole/ycsb/infinispan/target/dependency/rxjava-2.2.4.jar:/home/anatole/ycsb/infinispan/target/dependency/unsafe-helper-1.0.jar site.ycsb.Client -t -db site.ycsb.db.InfinispanClient -P ../workloads/workloadc -preload -s -threads 4 -p dataintegrity=true -p offheap=false -p pcj=false -p recordcount=1000000 -p operationcount=12000000 -p fieldcount=10 -p fieldlength=100 -p requestdistribution=zipfian -p measurement.trackjvm=true -p measurementtype=hdrhistogram -p hdrhistogram.output.path=./out/exp5.concurrent.ref/log/infinispan.run.workloadc.true.1000000.1000000.10.100.zipfian.4.true..default.default.none.r2.hdr.log
[OVERALL], RunTime(ms), 14948
[OVERALL], Throughput(ops/sec), 869681.5627508697
[TOTAL_GCS_G1_Young_Generation], Count, 29
[TOTAL_GC_TIME_G1_Young_Generation], Time(ms), 2429
[TOTAL_GC_TIME_%_G1_Young_Generation], Time(%), 16.249665507091247
[TOTAL_GCS_G1_Old_Generation], Count, 0
[TOTAL_GC_TIME_G1_Old_Generation], Time(ms), 0
[TOTAL_GC_TIME_%_G1_Old_Generation], Time(%), 0.0
[TOTAL_GCs], Count, 29
[TOTAL_GC_TIME], Time(ms), 2429
[TOTAL_GC_TIME_%], Time(%), 16.249665507091247
[MAX_MEM_USED], MBs, 7208
[MIN_MEM_USED], MBs, 56
[MAX_THREADS], Count, 10
[MIN_THREADS], Count, 4
[MAX_SYS_LOAD_AVG], Load, 6.27
[MIN_SYS_LOAD_AVG], Load, 5.82
[THREAD_COUNT], Operations, 3
[THREAD_COUNT], AverageLatency(ns), 6.666666666666667
[THREAD_COUNT], MinLatency(ns), 4
[THREAD_COUNT], MaxLatency(ns), 10
[THREAD_COUNT], 95thPercentileLatency(ns), 10
[THREAD_COUNT], 99thPercentileLatency(ns), 10
[SYS_LOAD_AVG], Operations, 3
[SYS_LOAD_AVG], AverageLatency(ns), 5.333333333333333
[SYS_LOAD_AVG], MinLatency(ns), 5
[SYS_LOAD_AVG], MaxLatency(ns), 6
[SYS_LOAD_AVG], 95thPercentileLatency(ns), 6
[SYS_LOAD_AVG], 99thPercentileLatency(ns), 6
[LOAD], Operations, 4
[LOAD], AverageLatency(ns), 6.495625216E9
[LOAD], MinLatency(ns), 6445891584
[LOAD], MaxLatency(ns), 6607077375
[LOAD], 95thPercentileLatency(ns), 6607077375
[LOAD], 99thPercentileLatency(ns), 6607077375
[USED_MEM_MB], Operations, 3
[USED_MEM_MB], AverageLatency(ns), 4432.0
[USED_MEM_MB], MinLatency(ns), 56
[USED_MEM_MB], MaxLatency(ns), 7208
[USED_MEM_MB], 95thPercentileLatency(ns), 7208
[USED_MEM_MB], 99thPercentileLatency(ns), 7208
[MAIN_GCs_Count], Operations, 4
[MAIN_GCs_Count], AverageLatency(ns), 3.0
[MAIN_GCs_Count], MinLatency(ns), 3
[MAIN_GCs_Count], MaxLatency(ns), 3
[MAIN_GCs_Count], 95thPercentileLatency(ns), 3
[MAIN_GCs_Count], 99thPercentileLatency(ns), 3
[MAIN_GCs_Time(ms)], Operations, 4
[MAIN_GCs_Time(ms)], AverageLatency(ns), 278.0
[MAIN_GCs_Time(ms)], MinLatency(ns), 278
[MAIN_GCs_Time(ms)], MaxLatency(ns), 278
[MAIN_GCs_Time(ms)], 95thPercentileLatency(ns), 278
[MAIN_GCs_Time(ms)], 99thPercentileLatency(ns), 278
[TRANSACTION], Operations, 4
[TRANSACTION], AverageLatency(ns), 6.62310912E9
[TRANSACTION], MinLatency(ns), 6033047552
[TRANSACTION], MaxLatency(ns), 7164002303
[TRANSACTION], 95thPercentileLatency(ns), 7164002303
[TRANSACTION], 99thPercentileLatency(ns), 7164002303
[GCS_TIME], Operations, 3
[GCS_TIME], AverageLatency(ns), 809.6666666666666
[GCS_TIME], MinLatency(ns), 0
[GCS_TIME], MaxLatency(ns), 2310
[GCS_TIME], 95thPercentileLatency(ns), 2310
[GCS_TIME], 99thPercentileLatency(ns), 2310
[LOAD_GCs_Time(ms)], Operations, 4
[LOAD_GCs_Time(ms)], AverageLatency(ns), 2134.0
[LOAD_GCs_Time(ms)], MinLatency(ns), 2134
[LOAD_GCs_Time(ms)], MaxLatency(ns), 2134
[LOAD_GCs_Time(ms)], 95thPercentileLatency(ns), 2134
[LOAD_GCs_Time(ms)], 99thPercentileLatency(ns), 2134
[READ], Operations, 12000000
[READ], AverageLatency(ns), 968.2446538333334
[READ], MinLatency(ns), 185
[READ], MaxLatency(ns), 42163711
[READ], 95thPercentileLatency(ns), 1168
[READ], 99thPercentileLatency(ns), 14978
[READ], Return=OK, 12000000
[INIT], Operations, 4
[INIT], AverageLatency(ns), 6.11063808E8
[INIT], MinLatency(ns), 610713600
[INIT], MaxLatency(ns), 611479551
[INIT], 95thPercentileLatency(ns), 611479551
[INIT], 99thPercentileLatency(ns), 611479551
[GCS], Operations, 3
[GCS], AverageLatency(ns), 9.666666666666666
[GCS], MinLatency(ns), 0
[GCS], MaxLatency(ns), 28
[GCS], 95thPercentileLatency(ns), 28
[GCS], 99thPercentileLatency(ns), 28
[LOAD_GCs_Count], Operations, 4
[LOAD_GCs_Count], AverageLatency(ns), 25.0
[LOAD_GCs_Count], MinLatency(ns), 25
[LOAD_GCs_Count], MaxLatency(ns), 25
[LOAD_GCs_Count], 95thPercentileLatency(ns), 25
[LOAD_GCs_Count], 99thPercentileLatency(ns), 25
[CLEANUP], Operations, 4
[CLEANUP], AverageLatency(ns), 1.025293824E9
[CLEANUP], MinLatency(ns), 488521728
[CLEANUP], MaxLatency(ns), 1602936831
[CLEANUP], 95thPercentileLatency(ns), 1602936831
[CLEANUP], 99thPercentileLatency(ns), 1602936831
[INSERT], Operations, 1000000
[INSERT], AverageLatency(ns), 11154.647215
[INSERT], MinLatency(ns), 1789
[INSERT], MaxLatency(ns), 175141887
[INSERT], 95thPercentileLatency(ns), 7263
[INSERT], 99thPercentileLatency(ns), 26388
[INSERT], Return=OK, 1000000
