/home/anatole/jdk8u/build/linux-x86_64-normal-server-release/jdk/bin/java -Xmx20g -XX:+UseG1GC -classpath /home/anatole/ycsb/conf:/home/anatole/ycsb/core/target/core-0.18.0-SNAPSHOT.jar:/home/anatole/ycsb/core/target/dependency/HdrHistogram-2.1.4.jar:/home/anatole/ycsb/core/target/dependency/guava-18.0.jar:/home/anatole/ycsb/core/target/dependency/htrace-core4-4.1.0-incubating.jar:/home/anatole/ycsb/core/target/dependency/jackson-core-asl-1.9.4.jar:/home/anatole/ycsb/core/target/dependency/jackson-mapper-asl-1.9.4.jar:/home/anatole/ycsb/core/target/dependency/javax.persistence-api-2.2.jar:/home/anatole/ycsb/core/target/dependency/jnvm-1.0-SNAPSHOT.jar:/home/anatole/ycsb/core/target/dependency/pcj-1.0.jar:/home/anatole/ycsb/core/target/dependency/unsafe-helper-1.0.jar:/home/anatole/ycsb/infinispan/src/main/conf:/home/anatole/ycsb/infinispan/target/infinispan-binding-0.18.0-SNAPSHOT.jar:/home/anatole/ycsb/infinispan/target/dependency/caffeine-2.6.2.jar:/home/anatole/ycsb/infinispan/target/dependency/gson-2.8.2.jar:/home/anatole/ycsb/infinispan/target/dependency/guava-18.0.jar:/home/anatole/ycsb/infinispan/target/dependency/infinispan-cachestore-jnvm-1.0-SNAPSHOT.jar:/home/anatole/ycsb/infinispan/target/dependency/infinispan-cachestore-pcj-1.0-SNAPSHOT.jar:/home/anatole/ycsb/infinispan/target/dependency/infinispan-client-hotrod-9.4.20.Final.jar:/home/anatole/ycsb/infinispan/target/dependency/infinispan-commons-9.4.20.Final.jar:/home/anatole/ycsb/infinispan/target/dependency/infinispan-core-9.4.20.Final.jar:/home/anatole/ycsb/infinispan/target/dependency/javax.persistence-api-2.2.jar:/home/anatole/ycsb/infinispan/target/dependency/jboss-logging-3.3.2.Final.jar:/home/anatole/ycsb/infinispan/target/dependency/jboss-marshalling-osgi-2.0.6.Final.jar:/home/anatole/ycsb/infinispan/target/dependency/jboss-transaction-api_1.2_spec-1.1.1.Final.jar:/home/anatole/ycsb/infinispan/target/dependency/jgroups-4.0.21.Final.jar:/home/anatole/ycsb/infinispan/target/dependency/jnvm-1.0-SNAPSHOT.jar:/home/anatole/ycsb/infinispan/target/dependency/metainf-services-1.7.jar:/home/anatole/ycsb/infinispan/target/dependency/netty-buffer-4.1.51.Final.jar:/home/anatole/ycsb/infinispan/target/dependency/netty-codec-4.1.51.Final.jar:/home/anatole/ycsb/infinispan/target/dependency/netty-common-4.1.51.Final.jar:/home/anatole/ycsb/infinispan/target/dependency/netty-handler-4.1.51.Final.jar:/home/anatole/ycsb/infinispan/target/dependency/netty-resolver-4.1.51.Final.jar:/home/anatole/ycsb/infinispan/target/dependency/netty-transport-4.1.51.Final.jar:/home/anatole/ycsb/infinispan/target/dependency/netty-transport-native-epoll-4.1.51.Final-linux-x86_64.jar:/home/anatole/ycsb/infinispan/target/dependency/netty-transport-native-unix-common-4.1.51.Final.jar:/home/anatole/ycsb/infinispan/target/dependency/pcj-1.0.jar:/home/anatole/ycsb/infinispan/target/dependency/reactive-streams-1.0.2.jar:/home/anatole/ycsb/infinispan/target/dependency/rxjava-2.2.4.jar:/home/anatole/ycsb/infinispan/target/dependency/unsafe-helper-1.0.jar site.ycsb.Client -t -db site.ycsb.db.InfinispanJNVMClient -P ../workloads/workloada -preload -s -threads 16 -p dataintegrity=true -p offheap=true -p pcj=false -p recordcount=1000000 -p operationcount=48000000 -p fieldcount=10 -p fieldlength=100 -p requestdistribution=zipfian -p measurement.trackjvm=true -p measurementtype=hdrhistogram -p hdrhistogram.output.path=./out/exp5.concurrent.ref/log/infinispan-jnvm.run.workloada.true.1000000.1.10.100.zipfian.16.false..default.default.none.r4.hdr.log
[OVERALL], RunTime(ms), 68920
[OVERALL], Throughput(ops/sec), 710969.2396982008
[TOTAL_GCS_G1_Young_Generation], Count, 147
[TOTAL_GC_TIME_G1_Young_Generation], Time(ms), 21599
[TOTAL_GC_TIME_%_G1_Young_Generation], Time(%), 31.339233894370285
[TOTAL_GCS_G1_Old_Generation], Count, 0
[TOTAL_GC_TIME_G1_Old_Generation], Time(ms), 0
[TOTAL_GC_TIME_%_G1_Old_Generation], Time(%), 0.0
[TOTAL_GCs], Count, 147
[TOTAL_GC_TIME], Time(ms), 21599
[TOTAL_GC_TIME_%], Time(%), 31.339233894370285
[MAX_MEM_USED], MBs, 6005
[MIN_MEM_USED], MBs, 72
[MAX_THREADS], Count, 22
[MIN_THREADS], Count, 4
[MAX_SYS_LOAD_AVG], Load, 22.2
[MIN_SYS_LOAD_AVG], Load, 16.84
[THREAD_COUNT], Operations, 8
[THREAD_COUNT], AverageLatency(ns), 19.25
[THREAD_COUNT], MinLatency(ns), 4
[THREAD_COUNT], MaxLatency(ns), 22
[THREAD_COUNT], 95thPercentileLatency(ns), 22
[THREAD_COUNT], 99thPercentileLatency(ns), 22
[SYS_LOAD_AVG], Operations, 8
[SYS_LOAD_AVG], AverageLatency(ns), 19.125
[SYS_LOAD_AVG], MinLatency(ns), 16
[SYS_LOAD_AVG], MaxLatency(ns), 22
[SYS_LOAD_AVG], 95thPercentileLatency(ns), 22
[SYS_LOAD_AVG], 99thPercentileLatency(ns), 22
[LOAD], Operations, 16
[LOAD], AverageLatency(ns), 1.5068348416E10
[LOAD], MinLatency(ns), 14878834688
[LOAD], MaxLatency(ns), 15194521599
[LOAD], 95thPercentileLatency(ns), 15169748991
[LOAD], 99thPercentileLatency(ns), 15194521599
[USED_MEM_MB], Operations, 8
[USED_MEM_MB], AverageLatency(ns), 4147.75
[USED_MEM_MB], MinLatency(ns), 72
[USED_MEM_MB], MaxLatency(ns), 6005
[USED_MEM_MB], 95thPercentileLatency(ns), 6005
[USED_MEM_MB], 99thPercentileLatency(ns), 6005
[MAIN_GCs_Count], Operations, 16
[MAIN_GCs_Count], AverageLatency(ns), 121.375
[MAIN_GCs_Count], MinLatency(ns), 121
[MAIN_GCs_Count], MaxLatency(ns), 122
[MAIN_GCs_Count], 95thPercentileLatency(ns), 122
[MAIN_GCs_Count], 99thPercentileLatency(ns), 122
[MAIN_GCs_Time(ms)], Operations, 16
[MAIN_GCs_Time(ms)], AverageLatency(ns), 19609.375
[MAIN_GCs_Time(ms)], MinLatency(ns), 19540
[MAIN_GCs_Time(ms)], MaxLatency(ns), 19725
[MAIN_GCs_Time(ms)], 95thPercentileLatency(ns), 19725
[MAIN_GCs_Time(ms)], 99thPercentileLatency(ns), 19725
[TRANSACTION], Operations, 16
[TRANSACTION], AverageLatency(ns), 5.17173248E10
[TRANSACTION], MinLatency(ns), 51533578240
[TRANSACTION], MaxLatency(ns), 51937542143
[TRANSACTION], 95thPercentileLatency(ns), 51929415679
[TRANSACTION], 99thPercentileLatency(ns), 51937542143
[GCS_TIME], Operations, 8
[GCS_TIME], AverageLatency(ns), 2699.875
[GCS_TIME], MinLatency(ns), 0
[GCS_TIME], MaxLatency(ns), 3919
[GCS_TIME], 95thPercentileLatency(ns), 3919
[GCS_TIME], 99thPercentileLatency(ns), 3919
[LOAD_GCs_Time(ms)], Operations, 16
[LOAD_GCs_Time(ms)], AverageLatency(ns), 1858.0
[LOAD_GCs_Time(ms)], MinLatency(ns), 1858
[LOAD_GCs_Time(ms)], MaxLatency(ns), 1858
[LOAD_GCs_Time(ms)], 95thPercentileLatency(ns), 1858
[LOAD_GCs_Time(ms)], 99thPercentileLatency(ns), 1858
[READ], Operations, 24002411
[READ], AverageLatency(ns), 10068.655128228576
[READ], MinLatency(ns), 238
[READ], MaxLatency(ns), 199858175
[READ], 95thPercentileLatency(ns), 30718
[READ], 99thPercentileLatency(ns), 44853
[READ], Return=OK, 24002411
[INIT], Operations, 16
[INIT], AverageLatency(ns), 1.662276608E9
[INIT], MinLatency(ns), 1659486208
[INIT], MaxLatency(ns), 1665933311
[INIT], 95thPercentileLatency(ns), 1665777663
[INIT], 99thPercentileLatency(ns), 1665933311
[GCS], Operations, 8
[GCS], AverageLatency(ns), 18.375
[GCS], MinLatency(ns), 0
[GCS], MaxLatency(ns), 24
[GCS], 95thPercentileLatency(ns), 24
[GCS], 99thPercentileLatency(ns), 24
[LOAD_GCs_Count], Operations, 16
[LOAD_GCs_Count], AverageLatency(ns), 24.0
[LOAD_GCs_Count], MinLatency(ns), 24
[LOAD_GCs_Count], MaxLatency(ns), 24
[LOAD_GCs_Count], 95thPercentileLatency(ns), 24
[LOAD_GCs_Count], 99thPercentileLatency(ns), 24
[CLEANUP], Operations, 16
[CLEANUP], AverageLatency(ns), 2.21158657E8
[CLEANUP], MinLatency(ns), 5916960
[CLEANUP], MaxLatency(ns), 377470975
[CLEANUP], 95thPercentileLatency(ns), 368607231
[CLEANUP], 99thPercentileLatency(ns), 377470975
[INSERT], Operations, 1000000
[INSERT], AverageLatency(ns), 90901.160847
[INSERT], MinLatency(ns), 4224
[INSERT], MaxLatency(ns), 196082687
[INSERT], 95thPercentileLatency(ns), 74016
[INSERT], 99thPercentileLatency(ns), 2477007
[INSERT], Return=OK, 1000000
[UPDATE], Operations, 23997589
[UPDATE], AverageLatency(ns), 12932.88847892178
[UPDATE], MinLatency(ns), 319
[UPDATE], MaxLatency(ns), 199904255
[UPDATE], 95thPercentileLatency(ns), 32783
[UPDATE], 99thPercentileLatency(ns), 46361
[UPDATE], Return=OK, 23997589
