/home/anatole/jdk8u/build/linux-x86_64-normal-server-release/jdk/bin/java -Xmx20g -XX:+UseG1GC -classpath /home/anatole/ycsb/conf:/home/anatole/ycsb/core/target/core-0.18.0-SNAPSHOT.jar:/home/anatole/ycsb/core/target/dependency/HdrHistogram-2.1.4.jar:/home/anatole/ycsb/core/target/dependency/guava-18.0.jar:/home/anatole/ycsb/core/target/dependency/htrace-core4-4.1.0-incubating.jar:/home/anatole/ycsb/core/target/dependency/jackson-core-asl-1.9.4.jar:/home/anatole/ycsb/core/target/dependency/jackson-mapper-asl-1.9.4.jar:/home/anatole/ycsb/core/target/dependency/javax.persistence-api-2.2.jar:/home/anatole/ycsb/core/target/dependency/jnvm-1.0-SNAPSHOT.jar:/home/anatole/ycsb/core/target/dependency/pcj-1.0.jar:/home/anatole/ycsb/core/target/dependency/unsafe-helper-1.0.jar:/home/anatole/ycsb/infinispan/src/main/conf:/home/anatole/ycsb/infinispan/target/infinispan-binding-0.18.0-SNAPSHOT.jar:/home/anatole/ycsb/infinispan/target/dependency/caffeine-2.6.2.jar:/home/anatole/ycsb/infinispan/target/dependency/gson-2.8.2.jar:/home/anatole/ycsb/infinispan/target/dependency/guava-18.0.jar:/home/anatole/ycsb/infinispan/target/dependency/infinispan-cachestore-jnvm-1.0-SNAPSHOT.jar:/home/anatole/ycsb/infinispan/target/dependency/infinispan-cachestore-pcj-1.0-SNAPSHOT.jar:/home/anatole/ycsb/infinispan/target/dependency/infinispan-client-hotrod-9.4.20.Final.jar:/home/anatole/ycsb/infinispan/target/dependency/infinispan-commons-9.4.20.Final.jar:/home/anatole/ycsb/infinispan/target/dependency/infinispan-core-9.4.20.Final.jar:/home/anatole/ycsb/infinispan/target/dependency/javax.persistence-api-2.2.jar:/home/anatole/ycsb/infinispan/target/dependency/jboss-logging-3.3.2.Final.jar:/home/anatole/ycsb/infinispan/target/dependency/jboss-marshalling-osgi-2.0.6.Final.jar:/home/anatole/ycsb/infinispan/target/dependency/jboss-transaction-api_1.2_spec-1.1.1.Final.jar:/home/anatole/ycsb/infinispan/target/dependency/jgroups-4.0.21.Final.jar:/home/anatole/ycsb/infinispan/target/dependency/jnvm-1.0-SNAPSHOT.jar:/home/anatole/ycsb/infinispan/target/dependency/metainf-services-1.7.jar:/home/anatole/ycsb/infinispan/target/dependency/netty-buffer-4.1.51.Final.jar:/home/anatole/ycsb/infinispan/target/dependency/netty-codec-4.1.51.Final.jar:/home/anatole/ycsb/infinispan/target/dependency/netty-common-4.1.51.Final.jar:/home/anatole/ycsb/infinispan/target/dependency/netty-handler-4.1.51.Final.jar:/home/anatole/ycsb/infinispan/target/dependency/netty-resolver-4.1.51.Final.jar:/home/anatole/ycsb/infinispan/target/dependency/netty-transport-4.1.51.Final.jar:/home/anatole/ycsb/infinispan/target/dependency/netty-transport-native-epoll-4.1.51.Final-linux-x86_64.jar:/home/anatole/ycsb/infinispan/target/dependency/netty-transport-native-unix-common-4.1.51.Final.jar:/home/anatole/ycsb/infinispan/target/dependency/pcj-1.0.jar:/home/anatole/ycsb/infinispan/target/dependency/reactive-streams-1.0.2.jar:/home/anatole/ycsb/infinispan/target/dependency/rxjava-2.2.4.jar:/home/anatole/ycsb/infinispan/target/dependency/unsafe-helper-1.0.jar site.ycsb.Client -t -db site.ycsb.db.InfinispanJNVMClient -P ../workloads/workloada -preload -s -threads 36 -p dataintegrity=true -p offheap=true -p pcj=false -p recordcount=1000000 -p operationcount=60000000 -p fieldcount=10 -p fieldlength=100 -p requestdistribution=zipfian -p measurement.trackjvm=true -p measurementtype=hdrhistogram -p hdrhistogram.output.path=./out/exp5.concurrent.ref/log/infinispan-jnvm.run.workloada.true.1000000.1.10.100.zipfian.36.false..default.default.none.r4.hdr.log
[OVERALL], RunTime(ms), 121909
[OVERALL], Throughput(ops/sec), 500373.2292119532
[TOTAL_GCS_G1_Young_Generation], Count, 180
[TOTAL_GC_TIME_G1_Young_Generation], Time(ms), 31884
[TOTAL_GC_TIME_%_G1_Young_Generation], Time(%), 26.153934492121174
[TOTAL_GCS_G1_Old_Generation], Count, 0
[TOTAL_GC_TIME_G1_Old_Generation], Time(ms), 0
[TOTAL_GC_TIME_%_G1_Old_Generation], Time(%), 0.0
[TOTAL_GCs], Count, 180
[TOTAL_GC_TIME], Time(ms), 31884
[TOTAL_GC_TIME_%], Time(%), 26.153934492121174
[MAX_MEM_USED], MBs, 7264
[MIN_MEM_USED], MBs, 100
[MAX_THREADS], Count, 42
[MIN_THREADS], Count, 3
[MAX_SYS_LOAD_AVG], Load, 21.76
[MIN_SYS_LOAD_AVG], Load, 15.77
[THREAD_COUNT], Operations, 14
[THREAD_COUNT], AverageLatency(ns), 38.57142857142857
[THREAD_COUNT], MinLatency(ns), 3
[THREAD_COUNT], MaxLatency(ns), 42
[THREAD_COUNT], 95thPercentileLatency(ns), 42
[THREAD_COUNT], 99thPercentileLatency(ns), 42
[SYS_LOAD_AVG], Operations, 14
[SYS_LOAD_AVG], AverageLatency(ns), 18.571428571428573
[SYS_LOAD_AVG], MinLatency(ns), 15
[SYS_LOAD_AVG], MaxLatency(ns), 21
[SYS_LOAD_AVG], 95thPercentileLatency(ns), 21
[SYS_LOAD_AVG], 99thPercentileLatency(ns), 21
[LOAD], Operations, 36
[LOAD], AverageLatency(ns), 1.7210706602666668E10
[LOAD], MinLatency(ns), 16947347456
[LOAD], MaxLatency(ns), 17314480127
[LOAD], 95thPercentileLatency(ns), 17303470079
[LOAD], 99thPercentileLatency(ns), 17314480127
[USED_MEM_MB], Operations, 14
[USED_MEM_MB], AverageLatency(ns), 4968.642857142857
[USED_MEM_MB], MinLatency(ns), 100
[USED_MEM_MB], MaxLatency(ns), 7264
[USED_MEM_MB], 95thPercentileLatency(ns), 7118
[USED_MEM_MB], 99thPercentileLatency(ns), 7264
[MAIN_GCs_Count], Operations, 36
[MAIN_GCs_Count], AverageLatency(ns), 154.97222222222223
[MAIN_GCs_Count], MinLatency(ns), 154
[MAIN_GCs_Count], MaxLatency(ns), 155
[MAIN_GCs_Count], 95thPercentileLatency(ns), 155
[MAIN_GCs_Count], 99thPercentileLatency(ns), 155
[MAIN_GCs_Time(ms)], Operations, 36
[MAIN_GCs_Time(ms)], AverageLatency(ns), 29911.972222222223
[MAIN_GCs_Time(ms)], MinLatency(ns), 29701
[MAIN_GCs_Time(ms)], MaxLatency(ns), 29918
[MAIN_GCs_Time(ms)], 95thPercentileLatency(ns), 29918
[MAIN_GCs_Time(ms)], 99thPercentileLatency(ns), 29918
[TRANSACTION], Operations, 36
[TRANSACTION], AverageLatency(ns), 1.0242081132088889E11
[TRANSACTION], MinLatency(ns), 101731794944
[TRANSACTION], MaxLatency(ns), 102553878527
[TRANSACTION], 95thPercentileLatency(ns), 102535528447
[TRANSACTION], 99thPercentileLatency(ns), 102553878527
[GCS_TIME], Operations, 14
[GCS_TIME], AverageLatency(ns), 2277.4285714285716
[GCS_TIME], MinLatency(ns), 0
[GCS_TIME], MaxLatency(ns), 3090
[GCS_TIME], 95thPercentileLatency(ns), 3001
[GCS_TIME], 99thPercentileLatency(ns), 3090
[LOAD_GCs_Time(ms)], Operations, 36
[LOAD_GCs_Time(ms)], AverageLatency(ns), 1742.0
[LOAD_GCs_Time(ms)], MinLatency(ns), 1742
[LOAD_GCs_Time(ms)], MaxLatency(ns), 1742
[LOAD_GCs_Time(ms)], 95thPercentileLatency(ns), 1742
[LOAD_GCs_Time(ms)], 99thPercentileLatency(ns), 1742
[READ], Operations, 30006806
[READ], AverageLatency(ns), 48224.17103559773
[READ], MinLatency(ns), 277
[READ], MaxLatency(ns), 276500479
[READ], 95thPercentileLatency(ns), 238948
[READ], 99thPercentileLatency(ns), 292609
[READ], Return=OK, 30006806
[INIT], Operations, 36
[INIT], AverageLatency(ns), 1.6140893297777777E9
[INIT], MinLatency(ns), 1605951488
[INIT], MaxLatency(ns), 1622761471
[INIT], 95thPercentileLatency(ns), 1621245951
[INIT], 99thPercentileLatency(ns), 1622761471
[GCS], Operations, 14
[GCS], AverageLatency(ns), 12.857142857142858
[GCS], MinLatency(ns), 0
[GCS], MaxLatency(ns), 20
[GCS], 95thPercentileLatency(ns), 16
[GCS], 99thPercentileLatency(ns), 20
[LOAD_GCs_Count], Operations, 36
[LOAD_GCs_Count], AverageLatency(ns), 22.0
[LOAD_GCs_Count], MinLatency(ns), 22
[LOAD_GCs_Count], MaxLatency(ns), 22
[LOAD_GCs_Count], 95thPercentileLatency(ns), 22
[LOAD_GCs_Count], 99thPercentileLatency(ns), 22
[CLEANUP], Operations, 36
[CLEANUP], AverageLatency(ns), 3.352506595555556E8
[CLEANUP], MinLatency(ns), 202424320
[CLEANUP], MaxLatency(ns), 1007538175
[CLEANUP], 95thPercentileLatency(ns), 526520319
[CLEANUP], 99thPercentileLatency(ns), 1007538175
[INSERT], Operations, 1000000
[INSERT], AverageLatency(ns), 250577.685564
[INSERT], MinLatency(ns), 5229
[INSERT], MaxLatency(ns), 208721919
[INSERT], 95thPercentileLatency(ns), 349347
[INSERT], 99thPercentileLatency(ns), 4334367
[INSERT], Return=OK, 1000000
[UPDATE], Operations, 29993194
[UPDATE], AverageLatency(ns), 52257.72649415064
[UPDATE], MinLatency(ns), 460
[UPDATE], MaxLatency(ns), 276465663
[UPDATE], 95thPercentileLatency(ns), 242017
[UPDATE], 99thPercentileLatency(ns), 293915
[UPDATE], Return=OK, 29993194
