/home/anatole/jdk8u/build/linux-x86_64-normal-server-release/jdk/bin/java -Xmx20g -XX:+UseG1GC -classpath /home/anatole/ycsb/conf:/home/anatole/ycsb/core/target/core-0.18.0-SNAPSHOT.jar:/home/anatole/ycsb/core/target/dependency/HdrHistogram-2.1.4.jar:/home/anatole/ycsb/core/target/dependency/guava-18.0.jar:/home/anatole/ycsb/core/target/dependency/htrace-core4-4.1.0-incubating.jar:/home/anatole/ycsb/core/target/dependency/jackson-core-asl-1.9.4.jar:/home/anatole/ycsb/core/target/dependency/jackson-mapper-asl-1.9.4.jar:/home/anatole/ycsb/core/target/dependency/javax.persistence-api-2.2.jar:/home/anatole/ycsb/core/target/dependency/jnvm-1.0-SNAPSHOT.jar:/home/anatole/ycsb/core/target/dependency/pcj-1.0.jar:/home/anatole/ycsb/core/target/dependency/unsafe-helper-1.0.jar:/home/anatole/ycsb/infinispan/src/main/conf:/home/anatole/ycsb/infinispan/target/infinispan-binding-0.18.0-SNAPSHOT.jar:/home/anatole/ycsb/infinispan/target/dependency/caffeine-2.6.2.jar:/home/anatole/ycsb/infinispan/target/dependency/gson-2.8.2.jar:/home/anatole/ycsb/infinispan/target/dependency/guava-18.0.jar:/home/anatole/ycsb/infinispan/target/dependency/infinispan-cachestore-jnvm-1.0-SNAPSHOT.jar:/home/anatole/ycsb/infinispan/target/dependency/infinispan-cachestore-pcj-1.0-SNAPSHOT.jar:/home/anatole/ycsb/infinispan/target/dependency/infinispan-client-hotrod-9.4.20.Final.jar:/home/anatole/ycsb/infinispan/target/dependency/infinispan-commons-9.4.20.Final.jar:/home/anatole/ycsb/infinispan/target/dependency/infinispan-core-9.4.20.Final.jar:/home/anatole/ycsb/infinispan/target/dependency/javax.persistence-api-2.2.jar:/home/anatole/ycsb/infinispan/target/dependency/jboss-logging-3.3.2.Final.jar:/home/anatole/ycsb/infinispan/target/dependency/jboss-marshalling-osgi-2.0.6.Final.jar:/home/anatole/ycsb/infinispan/target/dependency/jboss-transaction-api_1.2_spec-1.1.1.Final.jar:/home/anatole/ycsb/infinispan/target/dependency/jgroups-4.0.21.Final.jar:/home/anatole/ycsb/infinispan/target/dependency/jnvm-1.0-SNAPSHOT.jar:/home/anatole/ycsb/infinispan/target/dependency/metainf-services-1.7.jar:/home/anatole/ycsb/infinispan/target/dependency/netty-buffer-4.1.51.Final.jar:/home/anatole/ycsb/infinispan/target/dependency/netty-codec-4.1.51.Final.jar:/home/anatole/ycsb/infinispan/target/dependency/netty-common-4.1.51.Final.jar:/home/anatole/ycsb/infinispan/target/dependency/netty-handler-4.1.51.Final.jar:/home/anatole/ycsb/infinispan/target/dependency/netty-resolver-4.1.51.Final.jar:/home/anatole/ycsb/infinispan/target/dependency/netty-transport-4.1.51.Final.jar:/home/anatole/ycsb/infinispan/target/dependency/netty-transport-native-epoll-4.1.51.Final-linux-x86_64.jar:/home/anatole/ycsb/infinispan/target/dependency/netty-transport-native-unix-common-4.1.51.Final.jar:/home/anatole/ycsb/infinispan/target/dependency/pcj-1.0.jar:/home/anatole/ycsb/infinispan/target/dependency/reactive-streams-1.0.2.jar:/home/anatole/ycsb/infinispan/target/dependency/rxjava-2.2.4.jar:/home/anatole/ycsb/infinispan/target/dependency/unsafe-helper-1.0.jar site.ycsb.Client -t -db site.ycsb.db.InfinispanClient -P ../workloads/workloada -preload -s -threads 8 -p dataintegrity=true -p offheap=false -p pcj=false -p recordcount=1000000 -p operationcount=48000000 -p fieldcount=10 -p fieldlength=100 -p requestdistribution=zipfian -p measurement.trackjvm=true -p measurementtype=hdrhistogram -p hdrhistogram.output.path=./out/exp5.concurrent.ref/log/infinispan.run.workloada.true.1000000.1000000.10.100.zipfian.8.false.true.default.default.volatile.r5.hdr.log
[OVERALL], RunTime(ms), 62158
[OVERALL], Throughput(ops/sec), 788313.6523054152
[TOTAL_GCS_G1_Young_Generation], Count, 135
[TOTAL_GC_TIME_G1_Young_Generation], Time(ms), 23548
[TOTAL_GC_TIME_%_G1_Young_Generation], Time(%), 37.884101805077385
[TOTAL_GCS_G1_Old_Generation], Count, 0
[TOTAL_GC_TIME_G1_Old_Generation], Time(ms), 0
[TOTAL_GC_TIME_%_G1_Old_Generation], Time(%), 0.0
[TOTAL_GCs], Count, 135
[TOTAL_GC_TIME], Time(ms), 23548
[TOTAL_GC_TIME_%], Time(%), 37.884101805077385
[MAX_MEM_USED], MBs, 9047
[MIN_MEM_USED], MBs, 62
[MAX_THREADS], Count, 39
[MIN_THREADS], Count, 4
[MAX_SYS_LOAD_AVG], Load, 21.92
[MIN_SYS_LOAD_AVG], Load, 18.76
[THREAD_COUNT], Operations, 8
[THREAD_COUNT], AverageLatency(ns), 31.0
[THREAD_COUNT], MinLatency(ns), 4
[THREAD_COUNT], MaxLatency(ns), 39
[THREAD_COUNT], 95thPercentileLatency(ns), 39
[THREAD_COUNT], 99thPercentileLatency(ns), 39
[SYS_LOAD_AVG], Operations, 8
[SYS_LOAD_AVG], AverageLatency(ns), 19.625
[SYS_LOAD_AVG], MinLatency(ns), 18
[SYS_LOAD_AVG], MaxLatency(ns), 21
[SYS_LOAD_AVG], 95thPercentileLatency(ns), 21
[SYS_LOAD_AVG], 99thPercentileLatency(ns), 21
[LOAD], Operations, 8
[LOAD], AverageLatency(ns), 5.357862912E9
[LOAD], MinLatency(ns), 5308776448
[LOAD], MaxLatency(ns), 5420810239
[LOAD], 95thPercentileLatency(ns), 5420810239
[LOAD], 99thPercentileLatency(ns), 5420810239
[USED_MEM_MB], Operations, 8
[USED_MEM_MB], AverageLatency(ns), 6180.875
[USED_MEM_MB], MinLatency(ns), 62
[USED_MEM_MB], MaxLatency(ns), 9047
[USED_MEM_MB], 95thPercentileLatency(ns), 9047
[USED_MEM_MB], 99thPercentileLatency(ns), 9047
[MAIN_GCs_Count], Operations, 8
[MAIN_GCs_Count], AverageLatency(ns), 107.0
[MAIN_GCs_Count], MinLatency(ns), 105
[MAIN_GCs_Count], MaxLatency(ns), 108
[MAIN_GCs_Count], 95thPercentileLatency(ns), 108
[MAIN_GCs_Count], 99thPercentileLatency(ns), 108
[MAIN_GCs_Time(ms)], Operations, 8
[MAIN_GCs_Time(ms)], AverageLatency(ns), 21151.375
[MAIN_GCs_Time(ms)], MinLatency(ns), 20833
[MAIN_GCs_Time(ms)], MaxLatency(ns), 21301
[MAIN_GCs_Time(ms)], 95thPercentileLatency(ns), 21301
[MAIN_GCs_Time(ms)], 99thPercentileLatency(ns), 21301
[TRANSACTION], Operations, 8
[TRANSACTION], AverageLatency(ns), 5.4306766848E10
[TRANSACTION], MinLatency(ns), 53080489984
[TRANSACTION], MaxLatency(ns), 55381590015
[TRANSACTION], 95thPercentileLatency(ns), 55381590015
[TRANSACTION], 99thPercentileLatency(ns), 55381590015
[GCS_TIME], Operations, 8
[GCS_TIME], AverageLatency(ns), 2943.5
[GCS_TIME], MinLatency(ns), 0
[GCS_TIME], MaxLatency(ns), 5184
[GCS_TIME], 95thPercentileLatency(ns), 5184
[GCS_TIME], 99thPercentileLatency(ns), 5184
[LOAD_GCs_Time(ms)], Operations, 8
[LOAD_GCs_Time(ms)], AverageLatency(ns), 2080.0
[LOAD_GCs_Time(ms)], MinLatency(ns), 2080
[LOAD_GCs_Time(ms)], MaxLatency(ns), 2080
[LOAD_GCs_Time(ms)], 95thPercentileLatency(ns), 2080
[LOAD_GCs_Time(ms)], 99thPercentileLatency(ns), 2080
[READ], Operations, 24001730
[READ], AverageLatency(ns), 2633.2887992657197
[READ], MinLatency(ns), 202
[READ], MaxLatency(ns), 1165369343
[READ], 95thPercentileLatency(ns), 3964
[READ], 99thPercentileLatency(ns), 20041
[READ], Return=OK, 24001730
[INIT], Operations, 8
[INIT], AverageLatency(ns), 5.95738112E8
[INIT], MinLatency(ns), 594591744
[INIT], MaxLatency(ns), 597450751
[INIT], 95thPercentileLatency(ns), 597450751
[INIT], 99thPercentileLatency(ns), 597450751
[GCS], Operations, 8
[GCS], AverageLatency(ns), 16.875
[GCS], MinLatency(ns), 0
[GCS], MaxLatency(ns), 38
[GCS], 95thPercentileLatency(ns), 38
[GCS], 99thPercentileLatency(ns), 38
[LOAD_GCs_Count], Operations, 8
[LOAD_GCs_Count], AverageLatency(ns), 25.0
[LOAD_GCs_Count], MinLatency(ns), 25
[LOAD_GCs_Count], MaxLatency(ns), 25
[LOAD_GCs_Count], 95thPercentileLatency(ns), 25
[LOAD_GCs_Count], 99thPercentileLatency(ns), 25
[CLEANUP], Operations, 8
[CLEANUP], AverageLatency(ns), 1.710001408E9
[CLEANUP], MinLatency(ns), 640716800
[CLEANUP], MaxLatency(ns), 2913140735
[CLEANUP], 95thPercentileLatency(ns), 2913140735
[CLEANUP], 99thPercentileLatency(ns), 2913140735
[INSERT], Operations, 1000000
[INSERT], AverageLatency(ns), 11137.266135
[INSERT], MinLatency(ns), 1368
[INSERT], MaxLatency(ns), 171969535
[INSERT], 95thPercentileLatency(ns), 12163
[INSERT], 99thPercentileLatency(ns), 32937
[INSERT], Return=OK, 1000000
[UPDATE], Operations, 23998270
[UPDATE], AverageLatency(ns), 9374.331364927555
[UPDATE], MinLatency(ns), 1201
[UPDATE], MaxLatency(ns), 1165541375
[UPDATE], 95thPercentileLatency(ns), 16713
[UPDATE], 99thPercentileLatency(ns), 30832
[UPDATE], Return=OK, 23998270
