/home/anatole/jdk8u/build/linux-x86_64-normal-server-release/jdk/bin/java -Xmx20g -XX:+UseG1GC -classpath /home/anatole/ycsb/conf:/home/anatole/ycsb/core/target/core-0.18.0-SNAPSHOT.jar:/home/anatole/ycsb/core/target/dependency/HdrHistogram-2.1.4.jar:/home/anatole/ycsb/core/target/dependency/guava-18.0.jar:/home/anatole/ycsb/core/target/dependency/htrace-core4-4.1.0-incubating.jar:/home/anatole/ycsb/core/target/dependency/jackson-core-asl-1.9.4.jar:/home/anatole/ycsb/core/target/dependency/jackson-mapper-asl-1.9.4.jar:/home/anatole/ycsb/core/target/dependency/javax.persistence-api-2.2.jar:/home/anatole/ycsb/core/target/dependency/jnvm-1.0-SNAPSHOT.jar:/home/anatole/ycsb/core/target/dependency/pcj-1.0.jar:/home/anatole/ycsb/core/target/dependency/unsafe-helper-1.0.jar:/home/anatole/ycsb/infinispan/src/main/conf:/home/anatole/ycsb/infinispan/target/infinispan-binding-0.18.0-SNAPSHOT.jar:/home/anatole/ycsb/infinispan/target/dependency/caffeine-2.6.2.jar:/home/anatole/ycsb/infinispan/target/dependency/gson-2.8.2.jar:/home/anatole/ycsb/infinispan/target/dependency/guava-18.0.jar:/home/anatole/ycsb/infinispan/target/dependency/infinispan-cachestore-jnvm-1.0-SNAPSHOT.jar:/home/anatole/ycsb/infinispan/target/dependency/infinispan-cachestore-pcj-1.0-SNAPSHOT.jar:/home/anatole/ycsb/infinispan/target/dependency/infinispan-client-hotrod-9.4.20.Final.jar:/home/anatole/ycsb/infinispan/target/dependency/infinispan-commons-9.4.20.Final.jar:/home/anatole/ycsb/infinispan/target/dependency/infinispan-core-9.4.20.Final.jar:/home/anatole/ycsb/infinispan/target/dependency/javax.persistence-api-2.2.jar:/home/anatole/ycsb/infinispan/target/dependency/jboss-logging-3.3.2.Final.jar:/home/anatole/ycsb/infinispan/target/dependency/jboss-marshalling-osgi-2.0.6.Final.jar:/home/anatole/ycsb/infinispan/target/dependency/jboss-transaction-api_1.2_spec-1.1.1.Final.jar:/home/anatole/ycsb/infinispan/target/dependency/jgroups-4.0.21.Final.jar:/home/anatole/ycsb/infinispan/target/dependency/jnvm-1.0-SNAPSHOT.jar:/home/anatole/ycsb/infinispan/target/dependency/metainf-services-1.7.jar:/home/anatole/ycsb/infinispan/target/dependency/netty-buffer-4.1.51.Final.jar:/home/anatole/ycsb/infinispan/target/dependency/netty-codec-4.1.51.Final.jar:/home/anatole/ycsb/infinispan/target/dependency/netty-common-4.1.51.Final.jar:/home/anatole/ycsb/infinispan/target/dependency/netty-handler-4.1.51.Final.jar:/home/anatole/ycsb/infinispan/target/dependency/netty-resolver-4.1.51.Final.jar:/home/anatole/ycsb/infinispan/target/dependency/netty-transport-4.1.51.Final.jar:/home/anatole/ycsb/infinispan/target/dependency/netty-transport-native-epoll-4.1.51.Final-linux-x86_64.jar:/home/anatole/ycsb/infinispan/target/dependency/netty-transport-native-unix-common-4.1.51.Final.jar:/home/anatole/ycsb/infinispan/target/dependency/pcj-1.0.jar:/home/anatole/ycsb/infinispan/target/dependency/reactive-streams-1.0.2.jar:/home/anatole/ycsb/infinispan/target/dependency/rxjava-2.2.4.jar:/home/anatole/ycsb/infinispan/target/dependency/unsafe-helper-1.0.jar site.ycsb.Client -t -db site.ycsb.db.InfinispanClient -P ../workloads/workloadc -preload -s -threads 20 -p dataintegrity=true -p offheap=false -p pcj=false -p recordcount=1000000 -p operationcount=60000000 -p fieldcount=10 -p fieldlength=100 -p requestdistribution=zipfian -p measurement.trackjvm=true -p measurementtype=hdrhistogram -p hdrhistogram.output.path=./out/exp5.concurrent.ref/log/infinispan.run.workloadc.true.1000000.1000000.10.100.zipfian.20.true..default.default.none.r3.hdr.log
[OVERALL], RunTime(ms), 57323
[OVERALL], Throughput(ops/sec), 1064145.2819984998
[TOTAL_GCS_G1_Young_Generation], Count, 37
[TOTAL_GC_TIME_G1_Young_Generation], Time(ms), 2445
[TOTAL_GC_TIME_%_G1_Young_Generation], Time(%), 4.265303630305462
[TOTAL_GCS_G1_Old_Generation], Count, 0
[TOTAL_GC_TIME_G1_Old_Generation], Time(ms), 0
[TOTAL_GC_TIME_%_G1_Old_Generation], Time(%), 0.0
[TOTAL_GCs], Count, 37
[TOTAL_GC_TIME], Time(ms), 2445
[TOTAL_GC_TIME_%], Time(%), 4.265303630305462
[MAX_MEM_USED], MBs, 15636
[MIN_MEM_USED], MBs, 76
[MAX_THREADS], Count, 26
[MIN_THREADS], Count, 4
[MAX_SYS_LOAD_AVG], Load, 10.81
[MIN_SYS_LOAD_AVG], Load, 8.55
[THREAD_COUNT], Operations, 7
[THREAD_COUNT], AverageLatency(ns), 22.285714285714285
[THREAD_COUNT], MinLatency(ns), 4
[THREAD_COUNT], MaxLatency(ns), 26
[THREAD_COUNT], 95thPercentileLatency(ns), 26
[THREAD_COUNT], 99thPercentileLatency(ns), 26
[SYS_LOAD_AVG], Operations, 7
[SYS_LOAD_AVG], AverageLatency(ns), 9.428571428571429
[SYS_LOAD_AVG], MinLatency(ns), 8
[SYS_LOAD_AVG], MaxLatency(ns), 10
[SYS_LOAD_AVG], 95thPercentileLatency(ns), 10
[SYS_LOAD_AVG], 99thPercentileLatency(ns), 10
[LOAD], Operations, 20
[LOAD], AverageLatency(ns), 6.2300602368E9
[LOAD], MinLatency(ns), 5811339264
[LOAD], MaxLatency(ns), 6427443199
[LOAD], 95thPercentileLatency(ns), 6427017215
[LOAD], 99thPercentileLatency(ns), 6427443199
[USED_MEM_MB], Operations, 7
[USED_MEM_MB], AverageLatency(ns), 8308.857142857143
[USED_MEM_MB], MinLatency(ns), 76
[USED_MEM_MB], MaxLatency(ns), 15636
[USED_MEM_MB], 95thPercentileLatency(ns), 15636
[USED_MEM_MB], 99thPercentileLatency(ns), 15636
[MAIN_GCs_Count], Operations, 20
[MAIN_GCs_Count], AverageLatency(ns), 11.0
[MAIN_GCs_Count], MinLatency(ns), 11
[MAIN_GCs_Count], MaxLatency(ns), 11
[MAIN_GCs_Count], 95thPercentileLatency(ns), 11
[MAIN_GCs_Count], 99thPercentileLatency(ns), 11
[MAIN_GCs_Time(ms)], Operations, 20
[MAIN_GCs_Time(ms)], AverageLatency(ns), 392.0
[MAIN_GCs_Time(ms)], MinLatency(ns), 392
[MAIN_GCs_Time(ms)], MaxLatency(ns), 392
[MAIN_GCs_Time(ms)], 95thPercentileLatency(ns), 392
[MAIN_GCs_Time(ms)], 99thPercentileLatency(ns), 392
[TRANSACTION], Operations, 20
[TRANSACTION], AverageLatency(ns), 4.9250041856E10
[TRANSACTION], MinLatency(ns), 48690364416
[TRANSACTION], MaxLatency(ns), 49595023359
[TRANSACTION], 95thPercentileLatency(ns), 49517166591
[TRANSACTION], 99thPercentileLatency(ns), 49595023359
[GCS_TIME], Operations, 7
[GCS_TIME], AverageLatency(ns), 349.2857142857143
[GCS_TIME], MinLatency(ns), 0
[GCS_TIME], MaxLatency(ns), 2295
[GCS_TIME], 95thPercentileLatency(ns), 2295
[GCS_TIME], 99thPercentileLatency(ns), 2295
[LOAD_GCs_Time(ms)], Operations, 20
[LOAD_GCs_Time(ms)], AverageLatency(ns), 1994.75
[LOAD_GCs_Time(ms)], MinLatency(ns), 1868
[LOAD_GCs_Time(ms)], MaxLatency(ns), 2037
[LOAD_GCs_Time(ms)], 95thPercentileLatency(ns), 2037
[LOAD_GCs_Time(ms)], 99thPercentileLatency(ns), 2037
[READ], Operations, 60000000
[READ], AverageLatency(ns), 14162.008410066666
[READ], MinLatency(ns), 187
[READ], MaxLatency(ns), 171424767
[READ], 95thPercentileLatency(ns), 118049
[READ], 99thPercentileLatency(ns), 136596
[READ], Return=OK, 60000000
[INIT], Operations, 20
[INIT], AverageLatency(ns), 6.194796544E8
[INIT], MinLatency(ns), 615444480
[INIT], MaxLatency(ns), 624230399
[INIT], 95thPercentileLatency(ns), 624123903
[INIT], 99thPercentileLatency(ns), 624230399
[GCS], Operations, 7
[GCS], AverageLatency(ns), 5.285714285714286
[GCS], MinLatency(ns), 0
[GCS], MaxLatency(ns), 28
[GCS], 95thPercentileLatency(ns), 28
[GCS], 99thPercentileLatency(ns), 28
[LOAD_GCs_Count], Operations, 20
[LOAD_GCs_Count], AverageLatency(ns), 24.75
[LOAD_GCs_Count], MinLatency(ns), 24
[LOAD_GCs_Count], MaxLatency(ns), 25
[LOAD_GCs_Count], 95thPercentileLatency(ns), 25
[LOAD_GCs_Count], 99thPercentileLatency(ns), 25
[CLEANUP], Operations, 20
[CLEANUP], AverageLatency(ns), 8.572037632E8
[CLEANUP], MinLatency(ns), 513968128
[CLEANUP], MaxLatency(ns), 1400831999
[CLEANUP], 95thPercentileLatency(ns), 1355636735
[CLEANUP], 99thPercentileLatency(ns), 1400831999
[INSERT], Operations, 1000000
[INSERT], AverageLatency(ns), 62963.124144
[INSERT], MinLatency(ns), 1775
[INSERT], MaxLatency(ns), 308307967
[INSERT], 95thPercentileLatency(ns), 46574
[INSERT], 99thPercentileLatency(ns), 107448
[INSERT], Return=OK, 1000000
