/home/anatole/jdk8u/build/linux-x86_64-normal-server-release/jdk/bin/java -Xmx20g -XX:+UseG1GC -classpath /home/anatole/ycsb/conf:/home/anatole/ycsb/core/target/core-0.18.0-SNAPSHOT.jar:/home/anatole/ycsb/core/target/dependency/HdrHistogram-2.1.4.jar:/home/anatole/ycsb/core/target/dependency/guava-18.0.jar:/home/anatole/ycsb/core/target/dependency/htrace-core4-4.1.0-incubating.jar:/home/anatole/ycsb/core/target/dependency/jackson-core-asl-1.9.4.jar:/home/anatole/ycsb/core/target/dependency/jackson-mapper-asl-1.9.4.jar:/home/anatole/ycsb/core/target/dependency/javax.persistence-api-2.2.jar:/home/anatole/ycsb/core/target/dependency/jnvm-1.0-SNAPSHOT.jar:/home/anatole/ycsb/core/target/dependency/pcj-1.0.jar:/home/anatole/ycsb/core/target/dependency/unsafe-helper-1.0.jar:/home/anatole/ycsb/infinispan/src/main/conf:/home/anatole/ycsb/infinispan/target/infinispan-binding-0.18.0-SNAPSHOT.jar:/home/anatole/ycsb/infinispan/target/dependency/caffeine-2.6.2.jar:/home/anatole/ycsb/infinispan/target/dependency/gson-2.8.2.jar:/home/anatole/ycsb/infinispan/target/dependency/guava-18.0.jar:/home/anatole/ycsb/infinispan/target/dependency/infinispan-cachestore-jnvm-1.0-SNAPSHOT.jar:/home/anatole/ycsb/infinispan/target/dependency/infinispan-cachestore-pcj-1.0-SNAPSHOT.jar:/home/anatole/ycsb/infinispan/target/dependency/infinispan-client-hotrod-9.4.20.Final.jar:/home/anatole/ycsb/infinispan/target/dependency/infinispan-commons-9.4.20.Final.jar:/home/anatole/ycsb/infinispan/target/dependency/infinispan-core-9.4.20.Final.jar:/home/anatole/ycsb/infinispan/target/dependency/javax.persistence-api-2.2.jar:/home/anatole/ycsb/infinispan/target/dependency/jboss-logging-3.3.2.Final.jar:/home/anatole/ycsb/infinispan/target/dependency/jboss-marshalling-osgi-2.0.6.Final.jar:/home/anatole/ycsb/infinispan/target/dependency/jboss-transaction-api_1.2_spec-1.1.1.Final.jar:/home/anatole/ycsb/infinispan/target/dependency/jgroups-4.0.21.Final.jar:/home/anatole/ycsb/infinispan/target/dependency/jnvm-1.0-SNAPSHOT.jar:/home/anatole/ycsb/infinispan/target/dependency/metainf-services-1.7.jar:/home/anatole/ycsb/infinispan/target/dependency/netty-buffer-4.1.51.Final.jar:/home/anatole/ycsb/infinispan/target/dependency/netty-codec-4.1.51.Final.jar:/home/anatole/ycsb/infinispan/target/dependency/netty-common-4.1.51.Final.jar:/home/anatole/ycsb/infinispan/target/dependency/netty-handler-4.1.51.Final.jar:/home/anatole/ycsb/infinispan/target/dependency/netty-resolver-4.1.51.Final.jar:/home/anatole/ycsb/infinispan/target/dependency/netty-transport-4.1.51.Final.jar:/home/anatole/ycsb/infinispan/target/dependency/netty-transport-native-epoll-4.1.51.Final-linux-x86_64.jar:/home/anatole/ycsb/infinispan/target/dependency/netty-transport-native-unix-common-4.1.51.Final.jar:/home/anatole/ycsb/infinispan/target/dependency/pcj-1.0.jar:/home/anatole/ycsb/infinispan/target/dependency/reactive-streams-1.0.2.jar:/home/anatole/ycsb/infinispan/target/dependency/rxjava-2.2.4.jar:/home/anatole/ycsb/infinispan/target/dependency/unsafe-helper-1.0.jar site.ycsb.Client -t -db site.ycsb.db.InfinispanJNVMClient -P ../workloads/workloadc -preload -s -threads 40 -p dataintegrity=true -p offheap=true -p pcj=false -p recordcount=1000000 -p operationcount=60000000 -p fieldcount=10 -p fieldlength=100 -p requestdistribution=zipfian -p measurement.trackjvm=true -p measurementtype=hdrhistogram -p hdrhistogram.output.path=./out/exp5.concurrent.ref/log/infinispan-jnvm.run.workloadc.true.1000000.1.10.100.zipfian.40.false..default.default.none.r3.hdr.log
[OVERALL], RunTime(ms), 60874
[OVERALL], Throughput(ops/sec), 1002069.8491967014
[TOTAL_GCS_G1_Young_Generation], Count, 35
[TOTAL_GC_TIME_G1_Young_Generation], Time(ms), 2264
[TOTAL_GC_TIME_%_G1_Young_Generation], Time(%), 3.719157604231692
[TOTAL_GCS_G1_Old_Generation], Count, 0
[TOTAL_GC_TIME_G1_Old_Generation], Time(ms), 0
[TOTAL_GC_TIME_%_G1_Old_Generation], Time(%), 0.0
[TOTAL_GCs], Count, 35
[TOTAL_GC_TIME], Time(ms), 2264
[TOTAL_GC_TIME_%], Time(%), 3.719157604231692
[MAX_MEM_USED], MBs, 13230
[MIN_MEM_USED], MBs, 102
[MAX_THREADS], Count, 46
[MIN_THREADS], Count, 4
[MAX_SYS_LOAD_AVG], Load, 17.91
[MIN_SYS_LOAD_AVG], Load, 10.66
[THREAD_COUNT], Operations, 8
[THREAD_COUNT], AverageLatency(ns), 35.0
[THREAD_COUNT], MinLatency(ns), 4
[THREAD_COUNT], MaxLatency(ns), 46
[THREAD_COUNT], 95thPercentileLatency(ns), 46
[THREAD_COUNT], 99thPercentileLatency(ns), 46
[SYS_LOAD_AVG], Operations, 8
[SYS_LOAD_AVG], AverageLatency(ns), 13.5
[SYS_LOAD_AVG], MinLatency(ns), 10
[SYS_LOAD_AVG], MaxLatency(ns), 17
[SYS_LOAD_AVG], 95thPercentileLatency(ns), 17
[SYS_LOAD_AVG], 99thPercentileLatency(ns), 17
[LOAD], Operations, 40
[LOAD], AverageLatency(ns), 1.7904664576E10
[LOAD], MinLatency(ns), 17587634176
[LOAD], MaxLatency(ns), 17969709055
[LOAD], 95thPercentileLatency(ns), 17966432255
[LOAD], 99thPercentileLatency(ns), 17969709055
[USED_MEM_MB], Operations, 8
[USED_MEM_MB], AverageLatency(ns), 6520.5
[USED_MEM_MB], MinLatency(ns), 102
[USED_MEM_MB], MaxLatency(ns), 13230
[USED_MEM_MB], 95thPercentileLatency(ns), 13230
[USED_MEM_MB], 99thPercentileLatency(ns), 13230
[MAIN_GCs_Count], Operations, 40
[MAIN_GCs_Count], AverageLatency(ns), 7.5
[MAIN_GCs_Count], MinLatency(ns), 4
[MAIN_GCs_Count], MaxLatency(ns), 9
[MAIN_GCs_Count], 95thPercentileLatency(ns), 9
[MAIN_GCs_Count], 99thPercentileLatency(ns), 9
[MAIN_GCs_Time(ms)], Operations, 40
[MAIN_GCs_Time(ms)], AverageLatency(ns), 303.85
[MAIN_GCs_Time(ms)], MinLatency(ns), 199
[MAIN_GCs_Time(ms)], MaxLatency(ns), 344
[MAIN_GCs_Time(ms)], 95thPercentileLatency(ns), 344
[MAIN_GCs_Time(ms)], 99thPercentileLatency(ns), 344
[TRANSACTION], Operations, 40
[TRANSACTION], AverageLatency(ns), 3.33972307968E10
[TRANSACTION], MinLatency(ns), 10230497280
[TRANSACTION], MaxLatency(ns), 40977039359
[TRANSACTION], 95thPercentileLatency(ns), 40836268031
[TRANSACTION], 99thPercentileLatency(ns), 40977039359
[GCS_TIME], Operations, 8
[GCS_TIME], AverageLatency(ns), 283.0
[GCS_TIME], MinLatency(ns), 0
[GCS_TIME], MaxLatency(ns), 1045
[GCS_TIME], 95thPercentileLatency(ns), 1045
[GCS_TIME], 99thPercentileLatency(ns), 1045
[LOAD_GCs_Time(ms)], Operations, 40
[LOAD_GCs_Time(ms)], AverageLatency(ns), 1879.0
[LOAD_GCs_Time(ms)], MinLatency(ns), 1731
[LOAD_GCs_Time(ms)], MaxLatency(ns), 1891
[LOAD_GCs_Time(ms)], 95thPercentileLatency(ns), 1891
[LOAD_GCs_Time(ms)], 99thPercentileLatency(ns), 1891
[READ], Operations, 60000000
[READ], AverageLatency(ns), 19828.328012916667
[READ], MinLatency(ns), 192
[READ], MaxLatency(ns), 4084613119
[READ], 95thPercentileLatency(ns), 63629
[READ], 99thPercentileLatency(ns), 265067
[READ], Return=OK, 60000000
[INIT], Operations, 40
[INIT], AverageLatency(ns), 1.622739968E9
[INIT], MinLatency(ns), 1610407936
[INIT], MaxLatency(ns), 1646288895
[INIT], 95thPercentileLatency(ns), 1644773375
[INIT], 99thPercentileLatency(ns), 1646288895
[GCS], Operations, 8
[GCS], AverageLatency(ns), 4.375
[GCS], MinLatency(ns), 0
[GCS], MaxLatency(ns), 20
[GCS], 95thPercentileLatency(ns), 20
[GCS], 99thPercentileLatency(ns), 20
[LOAD_GCs_Count], Operations, 40
[LOAD_GCs_Count], AverageLatency(ns), 23.925
[LOAD_GCs_Count], MinLatency(ns), 23
[LOAD_GCs_Count], MaxLatency(ns), 24
[LOAD_GCs_Count], 95thPercentileLatency(ns), 24
[LOAD_GCs_Count], 99thPercentileLatency(ns), 24
[CLEANUP], Operations, 40
[CLEANUP], AverageLatency(ns), 7.5842681108E9
[CLEANUP], MinLatency(ns), 5961792
[CLEANUP], MaxLatency(ns), 30743199743
[CLEANUP], 95thPercentileLatency(ns), 30457200639
[CLEANUP], 99thPercentileLatency(ns), 30743199743
[INSERT], Operations, 1000000
[INSERT], AverageLatency(ns), 267928.571599
[INSERT], MinLatency(ns), 5228
[INSERT], MaxLatency(ns), 241765375
[INSERT], 95thPercentileLatency(ns), 296777
[INSERT], 99thPercentileLatency(ns), 4545759
[INSERT], Return=OK, 1000000
