/home/anatole/jdk8u/build/linux-x86_64-normal-server-release/jdk/bin/java -Xmx20g -XX:+UseG1GC -classpath /home/anatole/ycsb/conf:/home/anatole/ycsb/core/target/core-0.18.0-SNAPSHOT.jar:/home/anatole/ycsb/core/target/dependency/HdrHistogram-2.1.4.jar:/home/anatole/ycsb/core/target/dependency/guava-18.0.jar:/home/anatole/ycsb/core/target/dependency/htrace-core4-4.1.0-incubating.jar:/home/anatole/ycsb/core/target/dependency/jackson-core-asl-1.9.4.jar:/home/anatole/ycsb/core/target/dependency/jackson-mapper-asl-1.9.4.jar:/home/anatole/ycsb/core/target/dependency/javax.persistence-api-2.2.jar:/home/anatole/ycsb/core/target/dependency/jnvm-1.0-SNAPSHOT.jar:/home/anatole/ycsb/core/target/dependency/pcj-1.0.jar:/home/anatole/ycsb/core/target/dependency/unsafe-helper-1.0.jar:/home/anatole/ycsb/infinispan/src/main/conf:/home/anatole/ycsb/infinispan/target/infinispan-binding-0.18.0-SNAPSHOT.jar:/home/anatole/ycsb/infinispan/target/dependency/caffeine-2.6.2.jar:/home/anatole/ycsb/infinispan/target/dependency/gson-2.8.2.jar:/home/anatole/ycsb/infinispan/target/dependency/guava-18.0.jar:/home/anatole/ycsb/infinispan/target/dependency/infinispan-cachestore-jnvm-1.0-SNAPSHOT.jar:/home/anatole/ycsb/infinispan/target/dependency/infinispan-cachestore-pcj-1.0-SNAPSHOT.jar:/home/anatole/ycsb/infinispan/target/dependency/infinispan-client-hotrod-9.4.20.Final.jar:/home/anatole/ycsb/infinispan/target/dependency/infinispan-commons-9.4.20.Final.jar:/home/anatole/ycsb/infinispan/target/dependency/infinispan-core-9.4.20.Final.jar:/home/anatole/ycsb/infinispan/target/dependency/javax.persistence-api-2.2.jar:/home/anatole/ycsb/infinispan/target/dependency/jboss-logging-3.3.2.Final.jar:/home/anatole/ycsb/infinispan/target/dependency/jboss-marshalling-osgi-2.0.6.Final.jar:/home/anatole/ycsb/infinispan/target/dependency/jboss-transaction-api_1.2_spec-1.1.1.Final.jar:/home/anatole/ycsb/infinispan/target/dependency/jgroups-4.0.21.Final.jar:/home/anatole/ycsb/infinispan/target/dependency/jnvm-1.0-SNAPSHOT.jar:/home/anatole/ycsb/infinispan/target/dependency/metainf-services-1.7.jar:/home/anatole/ycsb/infinispan/target/dependency/netty-buffer-4.1.51.Final.jar:/home/anatole/ycsb/infinispan/target/dependency/netty-codec-4.1.51.Final.jar:/home/anatole/ycsb/infinispan/target/dependency/netty-common-4.1.51.Final.jar:/home/anatole/ycsb/infinispan/target/dependency/netty-handler-4.1.51.Final.jar:/home/anatole/ycsb/infinispan/target/dependency/netty-resolver-4.1.51.Final.jar:/home/anatole/ycsb/infinispan/target/dependency/netty-transport-4.1.51.Final.jar:/home/anatole/ycsb/infinispan/target/dependency/netty-transport-native-epoll-4.1.51.Final-linux-x86_64.jar:/home/anatole/ycsb/infinispan/target/dependency/netty-transport-native-unix-common-4.1.51.Final.jar:/home/anatole/ycsb/infinispan/target/dependency/pcj-1.0.jar:/home/anatole/ycsb/infinispan/target/dependency/reactive-streams-1.0.2.jar:/home/anatole/ycsb/infinispan/target/dependency/rxjava-2.2.4.jar:/home/anatole/ycsb/infinispan/target/dependency/unsafe-helper-1.0.jar site.ycsb.Client -t -db site.ycsb.db.InfinispanClient -P ../workloads/workloadc -preload -s -threads 1 -p dataintegrity=true -p offheap=false -p pcj=false -p recordcount=1000000 -p operationcount=3000000 -p fieldcount=10 -p fieldlength=100 -p requestdistribution=zipfian -p measurement.trackjvm=true -p measurementtype=hdrhistogram -p hdrhistogram.output.path=./out/exp5.concurrent.ref/log/infinispan.run.workloadc.true.1000000.1000000.10.100.zipfian.1.true..default.default.none.r3.hdr.log
[OVERALL], RunTime(ms), 19534
[OVERALL], Throughput(ops/sec), 204771.1682195147
[TOTAL_GCS_G1_Young_Generation], Count, 28
[TOTAL_GC_TIME_G1_Young_Generation], Time(ms), 2330
[TOTAL_GC_TIME_%_G1_Young_Generation], Time(%), 11.92792054878673
[TOTAL_GCS_G1_Old_Generation], Count, 0
[TOTAL_GC_TIME_G1_Old_Generation], Time(ms), 0
[TOTAL_GC_TIME_%_G1_Old_Generation], Time(%), 0.0
[TOTAL_GCs], Count, 28
[TOTAL_GC_TIME], Time(ms), 2330
[TOTAL_GC_TIME_%], Time(%), 11.92792054878673
[MAX_MEM_USED], MBs, 5000
[MIN_MEM_USED], MBs, 54
[MAX_THREADS], Count, 7
[MIN_THREADS], Count, 3
[MAX_SYS_LOAD_AVG], Load, 3.84
[MIN_SYS_LOAD_AVG], Load, 1.55
[THREAD_COUNT], Operations, 3
[THREAD_COUNT], AverageLatency(ns), 4.666666666666667
[THREAD_COUNT], MinLatency(ns), 3
[THREAD_COUNT], MaxLatency(ns), 7
[THREAD_COUNT], 95thPercentileLatency(ns), 7
[THREAD_COUNT], 99thPercentileLatency(ns), 7
[SYS_LOAD_AVG], Operations, 3
[SYS_LOAD_AVG], AverageLatency(ns), 2.3333333333333335
[SYS_LOAD_AVG], MinLatency(ns), 1
[SYS_LOAD_AVG], MaxLatency(ns), 3
[SYS_LOAD_AVG], 95thPercentileLatency(ns), 3
[SYS_LOAD_AVG], 99thPercentileLatency(ns), 3
[LOAD], Operations, 1
[LOAD], AverageLatency(ns), 1.409892352E10
[LOAD], MinLatency(ns), 14098890752
[LOAD], MaxLatency(ns), 14098956287
[LOAD], 95thPercentileLatency(ns), 14098956287
[LOAD], 99thPercentileLatency(ns), 14098956287
[USED_MEM_MB], Operations, 3
[USED_MEM_MB], AverageLatency(ns), 2835.3333333333335
[USED_MEM_MB], MinLatency(ns), 54
[USED_MEM_MB], MaxLatency(ns), 5000
[USED_MEM_MB], 95thPercentileLatency(ns), 5000
[USED_MEM_MB], 99thPercentileLatency(ns), 5000
[MAIN_GCs_Count], Operations, 1
[MAIN_GCs_Count], AverageLatency(ns), 2.0
[MAIN_GCs_Count], MinLatency(ns), 2
[MAIN_GCs_Count], MaxLatency(ns), 2
[MAIN_GCs_Count], 95thPercentileLatency(ns), 2
[MAIN_GCs_Count], 99thPercentileLatency(ns), 2
[MAIN_GCs_Time(ms)], Operations, 1
[MAIN_GCs_Time(ms)], AverageLatency(ns), 199.0
[MAIN_GCs_Time(ms)], MinLatency(ns), 199
[MAIN_GCs_Time(ms)], MaxLatency(ns), 199
[MAIN_GCs_Time(ms)], 95thPercentileLatency(ns), 199
[MAIN_GCs_Time(ms)], 99thPercentileLatency(ns), 199
[TRANSACTION], Operations, 1
[TRANSACTION], AverageLatency(ns), 4.189396992E9
[TRANSACTION], MinLatency(ns), 4189388800
[TRANSACTION], MaxLatency(ns), 4189405183
[TRANSACTION], 95thPercentileLatency(ns), 4189405183
[TRANSACTION], 99thPercentileLatency(ns), 4189405183
[GCS_TIME], Operations, 3
[GCS_TIME], AverageLatency(ns), 776.6666666666666
[GCS_TIME], MinLatency(ns), 0
[GCS_TIME], MaxLatency(ns), 1479
[GCS_TIME], 95thPercentileLatency(ns), 1479
[GCS_TIME], 99thPercentileLatency(ns), 1479
[LOAD_GCs_Time(ms)], Operations, 1
[LOAD_GCs_Time(ms)], AverageLatency(ns), 2110.0
[LOAD_GCs_Time(ms)], MinLatency(ns), 2110
[LOAD_GCs_Time(ms)], MaxLatency(ns), 2110
[LOAD_GCs_Time(ms)], 95thPercentileLatency(ns), 2110
[LOAD_GCs_Time(ms)], 99thPercentileLatency(ns), 2110
[READ], Operations, 3000000
[READ], AverageLatency(ns), 735.8232286666666
[READ], MinLatency(ns), 165
[READ], MaxLatency(ns), 136607743
[READ], 95thPercentileLatency(ns), 3117
[READ], 99thPercentileLatency(ns), 4039
[READ], Return=OK, 3000000
[INIT], Operations, 1
[INIT], AverageLatency(ns), 6.62550528E8
[INIT], MinLatency(ns), 662548480
[INIT], MaxLatency(ns), 662552575
[INIT], 95thPercentileLatency(ns), 662552575
[INIT], 99thPercentileLatency(ns), 662552575
[GCS], Operations, 3
[GCS], AverageLatency(ns), 9.333333333333334
[GCS], MinLatency(ns), 0
[GCS], MaxLatency(ns), 22
[GCS], 95thPercentileLatency(ns), 22
[GCS], 99thPercentileLatency(ns), 22
[LOAD_GCs_Count], Operations, 1
[LOAD_GCs_Count], AverageLatency(ns), 25.0
[LOAD_GCs_Count], MinLatency(ns), 25
[LOAD_GCs_Count], MaxLatency(ns), 25
[LOAD_GCs_Count], 95thPercentileLatency(ns), 25
[LOAD_GCs_Count], 99thPercentileLatency(ns), 25
[CLEANUP], Operations, 1
[CLEANUP], AverageLatency(ns), 5.09481984E8
[CLEANUP], MinLatency(ns), 509480960
[CLEANUP], MaxLatency(ns), 509483007
[CLEANUP], 95thPercentileLatency(ns), 509483007
[CLEANUP], 99thPercentileLatency(ns), 509483007
[INSERT], Operations, 1000000
[INSERT], AverageLatency(ns), 2935.404104
[INSERT], MinLatency(ns), 1569
[INSERT], MaxLatency(ns), 139284479
[INSERT], 95thPercentileLatency(ns), 2426
[INSERT], 99thPercentileLatency(ns), 5242
[INSERT], Return=OK, 1000000
