/home/anatole/jdk8u/build/linux-x86_64-normal-server-release/jdk/bin/java -Xmx20g -XX:+UseG1GC -classpath /home/anatole/ycsb/conf:/home/anatole/ycsb/core/target/core-0.18.0-SNAPSHOT.jar:/home/anatole/ycsb/core/target/dependency/HdrHistogram-2.1.4.jar:/home/anatole/ycsb/core/target/dependency/guava-18.0.jar:/home/anatole/ycsb/core/target/dependency/htrace-core4-4.1.0-incubating.jar:/home/anatole/ycsb/core/target/dependency/jackson-core-asl-1.9.4.jar:/home/anatole/ycsb/core/target/dependency/jackson-mapper-asl-1.9.4.jar:/home/anatole/ycsb/core/target/dependency/javax.persistence-api-2.2.jar:/home/anatole/ycsb/core/target/dependency/jnvm-1.0-SNAPSHOT.jar:/home/anatole/ycsb/core/target/dependency/pcj-1.0.jar:/home/anatole/ycsb/core/target/dependency/unsafe-helper-1.0.jar:/home/anatole/ycsb/infinispan/src/main/conf:/home/anatole/ycsb/infinispan/target/infinispan-binding-0.18.0-SNAPSHOT.jar:/home/anatole/ycsb/infinispan/target/dependency/caffeine-2.6.2.jar:/home/anatole/ycsb/infinispan/target/dependency/gson-2.8.2.jar:/home/anatole/ycsb/infinispan/target/dependency/guava-18.0.jar:/home/anatole/ycsb/infinispan/target/dependency/infinispan-cachestore-jnvm-1.0-SNAPSHOT.jar:/home/anatole/ycsb/infinispan/target/dependency/infinispan-cachestore-pcj-1.0-SNAPSHOT.jar:/home/anatole/ycsb/infinispan/target/dependency/infinispan-client-hotrod-9.4.20.Final.jar:/home/anatole/ycsb/infinispan/target/dependency/infinispan-commons-9.4.20.Final.jar:/home/anatole/ycsb/infinispan/target/dependency/infinispan-core-9.4.20.Final.jar:/home/anatole/ycsb/infinispan/target/dependency/javax.persistence-api-2.2.jar:/home/anatole/ycsb/infinispan/target/dependency/jboss-logging-3.3.2.Final.jar:/home/anatole/ycsb/infinispan/target/dependency/jboss-marshalling-osgi-2.0.6.Final.jar:/home/anatole/ycsb/infinispan/target/dependency/jboss-transaction-api_1.2_spec-1.1.1.Final.jar:/home/anatole/ycsb/infinispan/target/dependency/jgroups-4.0.21.Final.jar:/home/anatole/ycsb/infinispan/target/dependency/jnvm-1.0-SNAPSHOT.jar:/home/anatole/ycsb/infinispan/target/dependency/metainf-services-1.7.jar:/home/anatole/ycsb/infinispan/target/dependency/netty-buffer-4.1.51.Final.jar:/home/anatole/ycsb/infinispan/target/dependency/netty-codec-4.1.51.Final.jar:/home/anatole/ycsb/infinispan/target/dependency/netty-common-4.1.51.Final.jar:/home/anatole/ycsb/infinispan/target/dependency/netty-handler-4.1.51.Final.jar:/home/anatole/ycsb/infinispan/target/dependency/netty-resolver-4.1.51.Final.jar:/home/anatole/ycsb/infinispan/target/dependency/netty-transport-4.1.51.Final.jar:/home/anatole/ycsb/infinispan/target/dependency/netty-transport-native-epoll-4.1.51.Final-linux-x86_64.jar:/home/anatole/ycsb/infinispan/target/dependency/netty-transport-native-unix-common-4.1.51.Final.jar:/home/anatole/ycsb/infinispan/target/dependency/pcj-1.0.jar:/home/anatole/ycsb/infinispan/target/dependency/reactive-streams-1.0.2.jar:/home/anatole/ycsb/infinispan/target/dependency/rxjava-2.2.4.jar:/home/anatole/ycsb/infinispan/target/dependency/unsafe-helper-1.0.jar site.ycsb.Client -t -db site.ycsb.db.InfinispanClient -P ../workloads/workloadc -preload -s -threads 16 -p dataintegrity=true -p offheap=false -p pcj=false -p recordcount=1000000 -p operationcount=60000000 -p fieldcount=10 -p fieldlength=100 -p requestdistribution=zipfian -p measurement.trackjvm=true -p measurementtype=hdrhistogram -p hdrhistogram.output.path=./out/exp5.concurrent.ref/log/infinispan.run.workloadc.true.1000000.1000000.10.100.zipfian.16.false.true.default.default.volatile.r4.hdr.log
[OVERALL], RunTime(ms), 53863
[OVERALL], Throughput(ops/sec), 1132502.831257078
[TOTAL_GCS_G1_Young_Generation], Count, 32
[TOTAL_GC_TIME_G1_Young_Generation], Time(ms), 2400
[TOTAL_GC_TIME_%_G1_Young_Generation], Time(%), 4.455748844290143
[TOTAL_GCS_G1_Old_Generation], Count, 0
[TOTAL_GC_TIME_G1_Old_Generation], Time(ms), 0
[TOTAL_GC_TIME_%_G1_Old_Generation], Time(%), 0.0
[TOTAL_GCs], Count, 32
[TOTAL_GC_TIME], Time(ms), 2400
[TOTAL_GC_TIME_%], Time(%), 4.455748844290143
[MAX_MEM_USED], MBs, 16411
[MIN_MEM_USED], MBs, 72
[MAX_THREADS], Count, 21
[MIN_THREADS], Count, 4
[MAX_SYS_LOAD_AVG], Load, 9.83
[MIN_SYS_LOAD_AVG], Load, 8.92
[THREAD_COUNT], Operations, 7
[THREAD_COUNT], AverageLatency(ns), 18.142857142857142
[THREAD_COUNT], MinLatency(ns), 4
[THREAD_COUNT], MaxLatency(ns), 21
[THREAD_COUNT], 95thPercentileLatency(ns), 21
[THREAD_COUNT], 99thPercentileLatency(ns), 21
[SYS_LOAD_AVG], Operations, 7
[SYS_LOAD_AVG], AverageLatency(ns), 8.857142857142858
[SYS_LOAD_AVG], MinLatency(ns), 8
[SYS_LOAD_AVG], MaxLatency(ns), 9
[SYS_LOAD_AVG], 95thPercentileLatency(ns), 9
[SYS_LOAD_AVG], 99thPercentileLatency(ns), 9
[LOAD], Operations, 16
[LOAD], AverageLatency(ns), 5.694418944E9
[LOAD], MinLatency(ns), 4891574272
[LOAD], MaxLatency(ns), 6033702911
[LOAD], 95thPercentileLatency(ns), 5944934399
[LOAD], 99thPercentileLatency(ns), 6033702911
[USED_MEM_MB], Operations, 7
[USED_MEM_MB], AverageLatency(ns), 7217.857142857143
[USED_MEM_MB], MinLatency(ns), 72
[USED_MEM_MB], MaxLatency(ns), 16411
[USED_MEM_MB], 95thPercentileLatency(ns), 16411
[USED_MEM_MB], 99thPercentileLatency(ns), 16411
[MAIN_GCs_Count], Operations, 16
[MAIN_GCs_Count], AverageLatency(ns), 6.0
[MAIN_GCs_Count], MinLatency(ns), 6
[MAIN_GCs_Count], MaxLatency(ns), 6
[MAIN_GCs_Count], 95thPercentileLatency(ns), 6
[MAIN_GCs_Count], 99thPercentileLatency(ns), 6
[MAIN_GCs_Time(ms)], Operations, 16
[MAIN_GCs_Time(ms)], AverageLatency(ns), 304.0
[MAIN_GCs_Time(ms)], MinLatency(ns), 304
[MAIN_GCs_Time(ms)], MaxLatency(ns), 304
[MAIN_GCs_Time(ms)], 95thPercentileLatency(ns), 304
[MAIN_GCs_Time(ms)], 99thPercentileLatency(ns), 304
[TRANSACTION], Operations, 16
[TRANSACTION], AverageLatency(ns), 4.6249476096E10
[TRANSACTION], MinLatency(ns), 45190217728
[TRANSACTION], MaxLatency(ns), 46651408383
[TRANSACTION], 95thPercentileLatency(ns), 46629388287
[TRANSACTION], 99thPercentileLatency(ns), 46651408383
[GCS_TIME], Operations, 7
[GCS_TIME], AverageLatency(ns), 342.85714285714283
[GCS_TIME], MinLatency(ns), 0
[GCS_TIME], MaxLatency(ns), 2232
[GCS_TIME], 95thPercentileLatency(ns), 2232
[GCS_TIME], 99thPercentileLatency(ns), 2232
[LOAD_GCs_Time(ms)], Operations, 16
[LOAD_GCs_Time(ms)], AverageLatency(ns), 1928.0
[LOAD_GCs_Time(ms)], MinLatency(ns), 1580
[LOAD_GCs_Time(ms)], MaxLatency(ns), 2080
[LOAD_GCs_Time(ms)], 95thPercentileLatency(ns), 2080
[LOAD_GCs_Time(ms)], 99thPercentileLatency(ns), 2080
[READ], Operations, 60000000
[READ], AverageLatency(ns), 10341.3457128
[READ], MinLatency(ns), 225
[READ], MaxLatency(ns), 111825407
[READ], 95thPercentileLatency(ns), 78561
[READ], 99thPercentileLatency(ns), 91118
[READ], Return=OK, 60000000
[INIT], Operations, 16
[INIT], AverageLatency(ns), 5.49426176E8
[INIT], MinLatency(ns), 546127872
[INIT], MaxLatency(ns), 553308159
[INIT], 95thPercentileLatency(ns), 553263103
[INIT], 99thPercentileLatency(ns), 553308159
[GCS], Operations, 7
[GCS], AverageLatency(ns), 4.571428571428571
[GCS], MinLatency(ns), 0
[GCS], MaxLatency(ns), 28
[GCS], 95thPercentileLatency(ns), 28
[GCS], 99thPercentileLatency(ns), 28
[LOAD_GCs_Count], Operations, 16
[LOAD_GCs_Count], AverageLatency(ns), 24.0625
[LOAD_GCs_Count], MinLatency(ns), 22
[LOAD_GCs_Count], MaxLatency(ns), 25
[LOAD_GCs_Count], 95thPercentileLatency(ns), 25
[LOAD_GCs_Count], 99thPercentileLatency(ns), 25
[CLEANUP], Operations, 16
[CLEANUP], AverageLatency(ns), 9.02980096E8
[CLEANUP], MinLatency(ns), 501923840
[CLEANUP], MaxLatency(ns), 1949188095
[CLEANUP], 95thPercentileLatency(ns), 1383489535
[CLEANUP], 99thPercentileLatency(ns), 1949188095
[INSERT], Operations, 1000000
[INSERT], AverageLatency(ns), 27932.464699
[INSERT], MinLatency(ns), 1193
[INSERT], MaxLatency(ns), 313589759
[INSERT], 95thPercentileLatency(ns), 23227
[INSERT], 99thPercentileLatency(ns), 53837
[INSERT], Return=OK, 1000000
