/home/anatole/jdk8u/build/linux-x86_64-normal-server-release/jdk/bin/java -Xmx20g -XX:+UseG1GC -classpath /home/anatole/ycsb/conf:/home/anatole/ycsb/core/target/core-0.18.0-SNAPSHOT.jar:/home/anatole/ycsb/core/target/dependency/HdrHistogram-2.1.4.jar:/home/anatole/ycsb/core/target/dependency/guava-18.0.jar:/home/anatole/ycsb/core/target/dependency/htrace-core4-4.1.0-incubating.jar:/home/anatole/ycsb/core/target/dependency/jackson-core-asl-1.9.4.jar:/home/anatole/ycsb/core/target/dependency/jackson-mapper-asl-1.9.4.jar:/home/anatole/ycsb/core/target/dependency/javax.persistence-api-2.2.jar:/home/anatole/ycsb/core/target/dependency/jnvm-1.0-SNAPSHOT.jar:/home/anatole/ycsb/core/target/dependency/pcj-1.0.jar:/home/anatole/ycsb/core/target/dependency/unsafe-helper-1.0.jar:/home/anatole/ycsb/infinispan/src/main/conf:/home/anatole/ycsb/infinispan/target/infinispan-binding-0.18.0-SNAPSHOT.jar:/home/anatole/ycsb/infinispan/target/dependency/caffeine-2.6.2.jar:/home/anatole/ycsb/infinispan/target/dependency/gson-2.8.2.jar:/home/anatole/ycsb/infinispan/target/dependency/guava-18.0.jar:/home/anatole/ycsb/infinispan/target/dependency/infinispan-cachestore-jnvm-1.0-SNAPSHOT.jar:/home/anatole/ycsb/infinispan/target/dependency/infinispan-cachestore-pcj-1.0-SNAPSHOT.jar:/home/anatole/ycsb/infinispan/target/dependency/infinispan-client-hotrod-9.4.20.Final.jar:/home/anatole/ycsb/infinispan/target/dependency/infinispan-commons-9.4.20.Final.jar:/home/anatole/ycsb/infinispan/target/dependency/infinispan-core-9.4.20.Final.jar:/home/anatole/ycsb/infinispan/target/dependency/javax.persistence-api-2.2.jar:/home/anatole/ycsb/infinispan/target/dependency/jboss-logging-3.3.2.Final.jar:/home/anatole/ycsb/infinispan/target/dependency/jboss-marshalling-osgi-2.0.6.Final.jar:/home/anatole/ycsb/infinispan/target/dependency/jboss-transaction-api_1.2_spec-1.1.1.Final.jar:/home/anatole/ycsb/infinispan/target/dependency/jgroups-4.0.21.Final.jar:/home/anatole/ycsb/infinispan/target/dependency/jnvm-1.0-SNAPSHOT.jar:/home/anatole/ycsb/infinispan/target/dependency/metainf-services-1.7.jar:/home/anatole/ycsb/infinispan/target/dependency/netty-buffer-4.1.51.Final.jar:/home/anatole/ycsb/infinispan/target/dependency/netty-codec-4.1.51.Final.jar:/home/anatole/ycsb/infinispan/target/dependency/netty-common-4.1.51.Final.jar:/home/anatole/ycsb/infinispan/target/dependency/netty-handler-4.1.51.Final.jar:/home/anatole/ycsb/infinispan/target/dependency/netty-resolver-4.1.51.Final.jar:/home/anatole/ycsb/infinispan/target/dependency/netty-transport-4.1.51.Final.jar:/home/anatole/ycsb/infinispan/target/dependency/netty-transport-native-epoll-4.1.51.Final-linux-x86_64.jar:/home/anatole/ycsb/infinispan/target/dependency/netty-transport-native-unix-common-4.1.51.Final.jar:/home/anatole/ycsb/infinispan/target/dependency/pcj-1.0.jar:/home/anatole/ycsb/infinispan/target/dependency/reactive-streams-1.0.2.jar:/home/anatole/ycsb/infinispan/target/dependency/rxjava-2.2.4.jar:/home/anatole/ycsb/infinispan/target/dependency/unsafe-helper-1.0.jar site.ycsb.Client -t -db site.ycsb.db.InfinispanClient -P ../workloads/workloadc -preload -s -threads 2 -p dataintegrity=true -p offheap=false -p pcj=false -p recordcount=1000000 -p operationcount=12000000 -p fieldcount=10 -p fieldlength=100 -p requestdistribution=zipfian -p measurement.trackjvm=true -p measurementtype=hdrhistogram -p hdrhistogram.output.path=./out/exp5.concurrent.ref/log/infinispan.run.workloadc.true.1000000.1000000.10.100.zipfian.2.false.true.default.default.volatile.r4.hdr.log
[OVERALL], RunTime(ms), 20701
[OVERALL], Throughput(ops/sec), 627988.9860393218
[TOTAL_GCS_G1_Young_Generation], Count, 29
[TOTAL_GC_TIME_G1_Young_Generation], Time(ms), 2363
[TOTAL_GC_TIME_%_G1_Young_Generation], Time(%), 11.414907492391672
[TOTAL_GCS_G1_Old_Generation], Count, 0
[TOTAL_GC_TIME_G1_Old_Generation], Time(ms), 0
[TOTAL_GC_TIME_%_G1_Old_Generation], Time(%), 0.0
[TOTAL_GCs], Count, 29
[TOTAL_GC_TIME], Time(ms), 2363
[TOTAL_GC_TIME_%], Time(%), 11.414907492391672
[MAX_MEM_USED], MBs, 8836
[MIN_MEM_USED], MBs, 52
[MAX_THREADS], Count, 7
[MIN_THREADS], Count, 4
[MAX_SYS_LOAD_AVG], Load, 7.84
[MIN_SYS_LOAD_AVG], Load, 6.25
[THREAD_COUNT], Operations, 4
[THREAD_COUNT], AverageLatency(ns), 5.25
[THREAD_COUNT], MinLatency(ns), 4
[THREAD_COUNT], MaxLatency(ns), 7
[THREAD_COUNT], 95thPercentileLatency(ns), 7
[THREAD_COUNT], 99thPercentileLatency(ns), 7
[SYS_LOAD_AVG], Operations, 4
[SYS_LOAD_AVG], AverageLatency(ns), 6.75
[SYS_LOAD_AVG], MinLatency(ns), 6
[SYS_LOAD_AVG], MaxLatency(ns), 7
[SYS_LOAD_AVG], 95thPercentileLatency(ns), 7
[SYS_LOAD_AVG], 99thPercentileLatency(ns), 7
[LOAD], Operations, 2
[LOAD], AverageLatency(ns), 8.818491392E9
[LOAD], MinLatency(ns), 8791785472
[LOAD], MaxLatency(ns), 8845197311
[LOAD], 95thPercentileLatency(ns), 8845197311
[LOAD], 99thPercentileLatency(ns), 8845197311
[USED_MEM_MB], Operations, 4
[USED_MEM_MB], AverageLatency(ns), 5594.5
[USED_MEM_MB], MinLatency(ns), 52
[USED_MEM_MB], MaxLatency(ns), 8836
[USED_MEM_MB], 95thPercentileLatency(ns), 8836
[USED_MEM_MB], 99thPercentileLatency(ns), 8836
[MAIN_GCs_Count], Operations, 2
[MAIN_GCs_Count], AverageLatency(ns), 3.0
[MAIN_GCs_Count], MinLatency(ns), 3
[MAIN_GCs_Count], MaxLatency(ns), 3
[MAIN_GCs_Count], 95thPercentileLatency(ns), 3
[MAIN_GCs_Count], 99thPercentileLatency(ns), 3
[MAIN_GCs_Time(ms)], Operations, 2
[MAIN_GCs_Time(ms)], AverageLatency(ns), 258.0
[MAIN_GCs_Time(ms)], MinLatency(ns), 258
[MAIN_GCs_Time(ms)], MaxLatency(ns), 258
[MAIN_GCs_Time(ms)], 95thPercentileLatency(ns), 258
[MAIN_GCs_Time(ms)], 99thPercentileLatency(ns), 258
[TRANSACTION], Operations, 2
[TRANSACTION], AverageLatency(ns), 1.0611654656E10
[TRANSACTION], MinLatency(ns), 10545201152
[TRANSACTION], MaxLatency(ns), 10678108159
[TRANSACTION], 95thPercentileLatency(ns), 10678108159
[TRANSACTION], 99thPercentileLatency(ns), 10678108159
[GCS_TIME], Operations, 4
[GCS_TIME], AverageLatency(ns), 590.75
[GCS_TIME], MinLatency(ns), 0
[GCS_TIME], MaxLatency(ns), 2234
[GCS_TIME], 95thPercentileLatency(ns), 2234
[GCS_TIME], 99thPercentileLatency(ns), 2234
[LOAD_GCs_Time(ms)], Operations, 2
[LOAD_GCs_Time(ms)], AverageLatency(ns), 2082.0
[LOAD_GCs_Time(ms)], MinLatency(ns), 2082
[LOAD_GCs_Time(ms)], MaxLatency(ns), 2082
[LOAD_GCs_Time(ms)], 95thPercentileLatency(ns), 2082
[LOAD_GCs_Time(ms)], 99thPercentileLatency(ns), 2082
[READ], Operations, 12000000
[READ], AverageLatency(ns), 834.03500325
[READ], MinLatency(ns), 178
[READ], MaxLatency(ns), 53247231
[READ], 95thPercentileLatency(ns), 3476
[READ], 99thPercentileLatency(ns), 5329
[READ], Return=OK, 12000000
[INIT], Operations, 2
[INIT], AverageLatency(ns), 5.86801152E8
[INIT], MinLatency(ns), 586784768
[INIT], MaxLatency(ns), 586817535
[INIT], 95thPercentileLatency(ns), 586817535
[INIT], 99thPercentileLatency(ns), 586817535
[GCS], Operations, 4
[GCS], AverageLatency(ns), 7.25
[GCS], MinLatency(ns), 0
[GCS], MaxLatency(ns), 27
[GCS], 95thPercentileLatency(ns), 27
[GCS], 99thPercentileLatency(ns), 27
[LOAD_GCs_Count], Operations, 2
[LOAD_GCs_Count], AverageLatency(ns), 25.0
[LOAD_GCs_Count], MinLatency(ns), 25
[LOAD_GCs_Count], MaxLatency(ns), 25
[LOAD_GCs_Count], 95thPercentileLatency(ns), 25
[LOAD_GCs_Count], 99thPercentileLatency(ns), 25
[CLEANUP], Operations, 2
[CLEANUP], AverageLatency(ns), 5.99351296E8
[CLEANUP], MinLatency(ns), 544235520
[CLEANUP], MaxLatency(ns), 654467071
[CLEANUP], 95thPercentileLatency(ns), 654467071
[CLEANUP], 99thPercentileLatency(ns), 654467071
[INSERT], Operations, 1000000
[INSERT], AverageLatency(ns), 3771.405584
[INSERT], MinLatency(ns), 1215
[INSERT], MaxLatency(ns), 169230335
[INSERT], 95thPercentileLatency(ns), 3592
[INSERT], 99thPercentileLatency(ns), 12437
[INSERT], Return=OK, 1000000
