/home/anatole/jdk8u/build/linux-x86_64-normal-server-release/jdk/bin/java -Xmx20g -XX:+UseG1GC -classpath /home/anatole/ycsb/conf:/home/anatole/ycsb/core/target/core-0.18.0-SNAPSHOT.jar:/home/anatole/ycsb/core/target/dependency/HdrHistogram-2.1.4.jar:/home/anatole/ycsb/core/target/dependency/guava-18.0.jar:/home/anatole/ycsb/core/target/dependency/htrace-core4-4.1.0-incubating.jar:/home/anatole/ycsb/core/target/dependency/jackson-core-asl-1.9.4.jar:/home/anatole/ycsb/core/target/dependency/jackson-mapper-asl-1.9.4.jar:/home/anatole/ycsb/core/target/dependency/javax.persistence-api-2.2.jar:/home/anatole/ycsb/core/target/dependency/jnvm-1.0-SNAPSHOT.jar:/home/anatole/ycsb/core/target/dependency/pcj-1.0.jar:/home/anatole/ycsb/core/target/dependency/unsafe-helper-1.0.jar:/home/anatole/ycsb/infinispan/src/main/conf:/home/anatole/ycsb/infinispan/target/infinispan-binding-0.18.0-SNAPSHOT.jar:/home/anatole/ycsb/infinispan/target/dependency/caffeine-2.6.2.jar:/home/anatole/ycsb/infinispan/target/dependency/gson-2.8.2.jar:/home/anatole/ycsb/infinispan/target/dependency/guava-18.0.jar:/home/anatole/ycsb/infinispan/target/dependency/infinispan-cachestore-jnvm-1.0-SNAPSHOT.jar:/home/anatole/ycsb/infinispan/target/dependency/infinispan-cachestore-pcj-1.0-SNAPSHOT.jar:/home/anatole/ycsb/infinispan/target/dependency/infinispan-client-hotrod-9.4.20.Final.jar:/home/anatole/ycsb/infinispan/target/dependency/infinispan-commons-9.4.20.Final.jar:/home/anatole/ycsb/infinispan/target/dependency/infinispan-core-9.4.20.Final.jar:/home/anatole/ycsb/infinispan/target/dependency/javax.persistence-api-2.2.jar:/home/anatole/ycsb/infinispan/target/dependency/jboss-logging-3.3.2.Final.jar:/home/anatole/ycsb/infinispan/target/dependency/jboss-marshalling-osgi-2.0.6.Final.jar:/home/anatole/ycsb/infinispan/target/dependency/jboss-transaction-api_1.2_spec-1.1.1.Final.jar:/home/anatole/ycsb/infinispan/target/dependency/jgroups-4.0.21.Final.jar:/home/anatole/ycsb/infinispan/target/dependency/jnvm-1.0-SNAPSHOT.jar:/home/anatole/ycsb/infinispan/target/dependency/metainf-services-1.7.jar:/home/anatole/ycsb/infinispan/target/dependency/netty-buffer-4.1.51.Final.jar:/home/anatole/ycsb/infinispan/target/dependency/netty-codec-4.1.51.Final.jar:/home/anatole/ycsb/infinispan/target/dependency/netty-common-4.1.51.Final.jar:/home/anatole/ycsb/infinispan/target/dependency/netty-handler-4.1.51.Final.jar:/home/anatole/ycsb/infinispan/target/dependency/netty-resolver-4.1.51.Final.jar:/home/anatole/ycsb/infinispan/target/dependency/netty-transport-4.1.51.Final.jar:/home/anatole/ycsb/infinispan/target/dependency/netty-transport-native-epoll-4.1.51.Final-linux-x86_64.jar:/home/anatole/ycsb/infinispan/target/dependency/netty-transport-native-unix-common-4.1.51.Final.jar:/home/anatole/ycsb/infinispan/target/dependency/pcj-1.0.jar:/home/anatole/ycsb/infinispan/target/dependency/reactive-streams-1.0.2.jar:/home/anatole/ycsb/infinispan/target/dependency/rxjava-2.2.4.jar:/home/anatole/ycsb/infinispan/target/dependency/unsafe-helper-1.0.jar site.ycsb.Client -t -db site.ycsb.db.InfinispanClient -P ../workloads/workloada -preload -s -threads 20 -p dataintegrity=true -p offheap=false -p pcj=false -p recordcount=1000000 -p operationcount=60000000 -p fieldcount=10 -p fieldlength=100 -p requestdistribution=zipfian -p measurement.trackjvm=true -p measurementtype=hdrhistogram -p hdrhistogram.output.path=./out/exp5.concurrent.ref/log/infinispan.run.workloada.true.1000000.1000000.10.100.zipfian.20.false.true.default.default.volatile.r2.hdr.log
[OVERALL], RunTime(ms), 90531
[OVERALL], Throughput(ops/sec), 673802.3439484817
[TOTAL_GCS_G1_Young_Generation], Count, 157
[TOTAL_GC_TIME_G1_Young_Generation], Time(ms), 28129
[TOTAL_GC_TIME_%_G1_Young_Generation], Time(%), 31.07112480807679
[TOTAL_GCS_G1_Old_Generation], Count, 0
[TOTAL_GC_TIME_G1_Old_Generation], Time(ms), 0
[TOTAL_GC_TIME_%_G1_Old_Generation], Time(%), 0.0
[TOTAL_GCs], Count, 157
[TOTAL_GC_TIME], Time(ms), 28129
[TOTAL_GC_TIME_%], Time(%), 31.07112480807679
[MAX_MEM_USED], MBs, 9381
[MIN_MEM_USED], MBs, 76
[MAX_THREADS], Count, 51
[MIN_THREADS], Count, 3
[MAX_SYS_LOAD_AVG], Load, 17.97
[MIN_SYS_LOAD_AVG], Load, 15.56
[THREAD_COUNT], Operations, 11
[THREAD_COUNT], AverageLatency(ns), 39.54545454545455
[THREAD_COUNT], MinLatency(ns), 3
[THREAD_COUNT], MaxLatency(ns), 51
[THREAD_COUNT], 95thPercentileLatency(ns), 51
[THREAD_COUNT], 99thPercentileLatency(ns), 51
[SYS_LOAD_AVG], Operations, 11
[SYS_LOAD_AVG], AverageLatency(ns), 16.363636363636363
[SYS_LOAD_AVG], MinLatency(ns), 15
[SYS_LOAD_AVG], MaxLatency(ns), 17
[SYS_LOAD_AVG], 95thPercentileLatency(ns), 17
[SYS_LOAD_AVG], 99thPercentileLatency(ns), 17
[LOAD], Operations, 20
[LOAD], AverageLatency(ns), 6.0782690304E9
[LOAD], MinLatency(ns), 5888376832
[LOAD], MaxLatency(ns), 6351618047
[LOAD], 95thPercentileLatency(ns), 6301253631
[LOAD], 99thPercentileLatency(ns), 6351618047
[USED_MEM_MB], Operations, 11
[USED_MEM_MB], AverageLatency(ns), 6733.363636363636
[USED_MEM_MB], MinLatency(ns), 76
[USED_MEM_MB], MaxLatency(ns), 9381
[USED_MEM_MB], 95thPercentileLatency(ns), 8570
[USED_MEM_MB], 99thPercentileLatency(ns), 9381
[MAIN_GCs_Count], Operations, 20
[MAIN_GCs_Count], AverageLatency(ns), 130.0
[MAIN_GCs_Count], MinLatency(ns), 130
[MAIN_GCs_Count], MaxLatency(ns), 130
[MAIN_GCs_Count], 95thPercentileLatency(ns), 130
[MAIN_GCs_Count], 99thPercentileLatency(ns), 130
[MAIN_GCs_Time(ms)], Operations, 20
[MAIN_GCs_Time(ms)], AverageLatency(ns), 25870.0
[MAIN_GCs_Time(ms)], MinLatency(ns), 25870
[MAIN_GCs_Time(ms)], MaxLatency(ns), 25870
[MAIN_GCs_Time(ms)], 95thPercentileLatency(ns), 25870
[MAIN_GCs_Time(ms)], 99thPercentileLatency(ns), 25870
[TRANSACTION], Operations, 20
[TRANSACTION], AverageLatency(ns), 8.26930102272E10
[TRANSACTION], MinLatency(ns), 82439569408
[TRANSACTION], MaxLatency(ns), 82844319743
[TRANSACTION], 95thPercentileLatency(ns), 82798706687
[TRANSACTION], 99thPercentileLatency(ns), 82844319743
[GCS_TIME], Operations, 11
[GCS_TIME], AverageLatency(ns), 2557.181818181818
[GCS_TIME], MinLatency(ns), 0
[GCS_TIME], MaxLatency(ns), 4872
[GCS_TIME], 95thPercentileLatency(ns), 3727
[GCS_TIME], 99thPercentileLatency(ns), 4872
[LOAD_GCs_Time(ms)], Operations, 20
[LOAD_GCs_Time(ms)], AverageLatency(ns), 1955.25
[LOAD_GCs_Time(ms)], MinLatency(ns), 1914
[LOAD_GCs_Time(ms)], MaxLatency(ns), 2079
[LOAD_GCs_Time(ms)], 95thPercentileLatency(ns), 2079
[LOAD_GCs_Time(ms)], 99thPercentileLatency(ns), 2079
[READ], Operations, 29995342
[READ], AverageLatency(ns), 20957.406415402766
[READ], MinLatency(ns), 194
[READ], MaxLatency(ns), 1147985919
[READ], 95thPercentileLatency(ns), 89369
[READ], 99thPercentileLatency(ns), 103210
[READ], Return=OK, 29995342
[INIT], Operations, 20
[INIT], AverageLatency(ns), 5.397664256E8
[INIT], MinLatency(ns), 536332288
[INIT], MaxLatency(ns), 544509951
[INIT], 95thPercentileLatency(ns), 543838207
[INIT], 99thPercentileLatency(ns), 544509951
[GCS], Operations, 11
[GCS], AverageLatency(ns), 14.272727272727273
[GCS], MinLatency(ns), 0
[GCS], MaxLatency(ns), 35
[GCS], 95thPercentileLatency(ns), 17
[GCS], 99thPercentileLatency(ns), 35
[LOAD_GCs_Count], Operations, 20
[LOAD_GCs_Count], AverageLatency(ns), 24.25
[LOAD_GCs_Count], MinLatency(ns), 24
[LOAD_GCs_Count], MaxLatency(ns), 25
[LOAD_GCs_Count], 95thPercentileLatency(ns), 25
[LOAD_GCs_Count], 99thPercentileLatency(ns), 25
[CLEANUP], Operations, 20
[CLEANUP], AverageLatency(ns), 8.41223168E8
[CLEANUP], MinLatency(ns), 692559872
[CLEANUP], MaxLatency(ns), 1066196991
[CLEANUP], 95thPercentileLatency(ns), 1066192895
[CLEANUP], 99thPercentileLatency(ns), 1066196991
[INSERT], Operations, 1000000
[INSERT], AverageLatency(ns), 47167.387994
[INSERT], MinLatency(ns), 1273
[INSERT], MaxLatency(ns), 319186943
[INSERT], 95thPercentileLatency(ns), 51859
[INSERT], 99thPercentileLatency(ns), 138811
[INSERT], Return=OK, 1000000
[UPDATE], Operations, 30004658
[UPDATE], AverageLatency(ns), 26936.215893012344
[UPDATE], MinLatency(ns), 1491
[UPDATE], MaxLatency(ns), 1148018687
[UPDATE], 95thPercentileLatency(ns), 92878
[UPDATE], 99thPercentileLatency(ns), 107136
[UPDATE], Return=OK, 30004658
