/home/anatole/jdk8u/build/linux-x86_64-normal-server-release/jdk/bin/java -Xmx20g -XX:+UseG1GC -classpath /home/anatole/ycsb/conf:/home/anatole/ycsb/core/target/core-0.18.0-SNAPSHOT.jar:/home/anatole/ycsb/core/target/dependency/HdrHistogram-2.1.4.jar:/home/anatole/ycsb/core/target/dependency/guava-18.0.jar:/home/anatole/ycsb/core/target/dependency/htrace-core4-4.1.0-incubating.jar:/home/anatole/ycsb/core/target/dependency/jackson-core-asl-1.9.4.jar:/home/anatole/ycsb/core/target/dependency/jackson-mapper-asl-1.9.4.jar:/home/anatole/ycsb/core/target/dependency/javax.persistence-api-2.2.jar:/home/anatole/ycsb/core/target/dependency/jnvm-1.0-SNAPSHOT.jar:/home/anatole/ycsb/core/target/dependency/pcj-1.0.jar:/home/anatole/ycsb/core/target/dependency/unsafe-helper-1.0.jar:/home/anatole/ycsb/infinispan/src/main/conf:/home/anatole/ycsb/infinispan/target/infinispan-binding-0.18.0-SNAPSHOT.jar:/home/anatole/ycsb/infinispan/target/dependency/caffeine-2.6.2.jar:/home/anatole/ycsb/infinispan/target/dependency/gson-2.8.2.jar:/home/anatole/ycsb/infinispan/target/dependency/guava-18.0.jar:/home/anatole/ycsb/infinispan/target/dependency/infinispan-cachestore-jnvm-1.0-SNAPSHOT.jar:/home/anatole/ycsb/infinispan/target/dependency/infinispan-cachestore-pcj-1.0-SNAPSHOT.jar:/home/anatole/ycsb/infinispan/target/dependency/infinispan-client-hotrod-9.4.20.Final.jar:/home/anatole/ycsb/infinispan/target/dependency/infinispan-commons-9.4.20.Final.jar:/home/anatole/ycsb/infinispan/target/dependency/infinispan-core-9.4.20.Final.jar:/home/anatole/ycsb/infinispan/target/dependency/javax.persistence-api-2.2.jar:/home/anatole/ycsb/infinispan/target/dependency/jboss-logging-3.3.2.Final.jar:/home/anatole/ycsb/infinispan/target/dependency/jboss-marshalling-osgi-2.0.6.Final.jar:/home/anatole/ycsb/infinispan/target/dependency/jboss-transaction-api_1.2_spec-1.1.1.Final.jar:/home/anatole/ycsb/infinispan/target/dependency/jgroups-4.0.21.Final.jar:/home/anatole/ycsb/infinispan/target/dependency/jnvm-1.0-SNAPSHOT.jar:/home/anatole/ycsb/infinispan/target/dependency/metainf-services-1.7.jar:/home/anatole/ycsb/infinispan/target/dependency/netty-buffer-4.1.51.Final.jar:/home/anatole/ycsb/infinispan/target/dependency/netty-codec-4.1.51.Final.jar:/home/anatole/ycsb/infinispan/target/dependency/netty-common-4.1.51.Final.jar:/home/anatole/ycsb/infinispan/target/dependency/netty-handler-4.1.51.Final.jar:/home/anatole/ycsb/infinispan/target/dependency/netty-resolver-4.1.51.Final.jar:/home/anatole/ycsb/infinispan/target/dependency/netty-transport-4.1.51.Final.jar:/home/anatole/ycsb/infinispan/target/dependency/netty-transport-native-epoll-4.1.51.Final-linux-x86_64.jar:/home/anatole/ycsb/infinispan/target/dependency/netty-transport-native-unix-common-4.1.51.Final.jar:/home/anatole/ycsb/infinispan/target/dependency/pcj-1.0.jar:/home/anatole/ycsb/infinispan/target/dependency/reactive-streams-1.0.2.jar:/home/anatole/ycsb/infinispan/target/dependency/rxjava-2.2.4.jar:/home/anatole/ycsb/infinispan/target/dependency/unsafe-helper-1.0.jar site.ycsb.Client -t -db site.ycsb.db.InfinispanClient -P ../workloads/workloada -preload -s -threads 12 -p dataintegrity=true -p offheap=false -p pcj=false -p recordcount=1000000 -p operationcount=36000000 -p fieldcount=10 -p fieldlength=100 -p requestdistribution=zipfian -p measurement.trackjvm=true -p measurementtype=hdrhistogram -p hdrhistogram.output.path=./out/exp5.concurrent.ref/log/infinispan.run.workloada.true.1000000.100000.10.100.zipfian.12.false..default.default.none.r5.hdr.log
[OVERALL], RunTime(ms), 242395
[OVERALL], Throughput(ops/sec), 152643.4126116463
[TOTAL_GCS_G1_Young_Generation], Count, 126
[TOTAL_GC_TIME_G1_Young_Generation], Time(ms), 16545
[TOTAL_GC_TIME_%_G1_Young_Generation], Time(%), 6.8256358423234795
[TOTAL_GCS_G1_Old_Generation], Count, 0
[TOTAL_GC_TIME_G1_Old_Generation], Time(ms), 0
[TOTAL_GC_TIME_%_G1_Old_Generation], Time(%), 0.0
[TOTAL_GCs], Count, 126
[TOTAL_GC_TIME], Time(ms), 16545
[TOTAL_GC_TIME_%], Time(%), 6.8256358423234795
[MAX_MEM_USED], MBs, 10492
[MIN_MEM_USED], MBs, 68
[MAX_THREADS], Count, 44
[MIN_THREADS], Count, 2
[MAX_SYS_LOAD_AVG], Load, 14.94
[MIN_SYS_LOAD_AVG], Load, 12.38
[THREAD_COUNT], Operations, 26
[THREAD_COUNT], AverageLatency(ns), 39.23076923076923
[THREAD_COUNT], MinLatency(ns), 2
[THREAD_COUNT], MaxLatency(ns), 44
[THREAD_COUNT], 95thPercentileLatency(ns), 44
[THREAD_COUNT], 99thPercentileLatency(ns), 44
[SYS_LOAD_AVG], Operations, 26
[SYS_LOAD_AVG], AverageLatency(ns), 12.807692307692308
[SYS_LOAD_AVG], MinLatency(ns), 12
[SYS_LOAD_AVG], MaxLatency(ns), 14
[SYS_LOAD_AVG], 95thPercentileLatency(ns), 14
[SYS_LOAD_AVG], 99thPercentileLatency(ns), 14
[LOAD], Operations, 12
[LOAD], AverageLatency(ns), 1.2873657002666666E10
[LOAD], MinLatency(ns), 12152602624
[LOAD], MaxLatency(ns), 13427867647
[LOAD], 95thPercentileLatency(ns), 13309378559
[LOAD], 99thPercentileLatency(ns), 13427867647
[USED_MEM_MB], Operations, 26
[USED_MEM_MB], AverageLatency(ns), 6021.461538461538
[USED_MEM_MB], MinLatency(ns), 68
[USED_MEM_MB], MaxLatency(ns), 10492
[USED_MEM_MB], 95thPercentileLatency(ns), 10044
[USED_MEM_MB], 99thPercentileLatency(ns), 10492
[MAIN_GCs_Count], Operations, 12
[MAIN_GCs_Count], AverageLatency(ns), 106.33333333333333
[MAIN_GCs_Count], MinLatency(ns), 106
[MAIN_GCs_Count], MaxLatency(ns), 107
[MAIN_GCs_Count], 95thPercentileLatency(ns), 107
[MAIN_GCs_Count], 99thPercentileLatency(ns), 107
[MAIN_GCs_Time(ms)], Operations, 12
[MAIN_GCs_Time(ms)], AverageLatency(ns), 15579.333333333334
[MAIN_GCs_Time(ms)], MinLatency(ns), 15526
[MAIN_GCs_Time(ms)], MaxLatency(ns), 15686
[MAIN_GCs_Time(ms)], 95thPercentileLatency(ns), 15686
[MAIN_GCs_Time(ms)], 99thPercentileLatency(ns), 15686
[TRANSACTION], Operations, 12
[TRANSACTION], AverageLatency(ns), 2.2523010525866666E11
[TRANSACTION], MinLatency(ns), 223845810176
[TRANSACTION], MaxLatency(ns), 228114563071
[TRANSACTION], 95thPercentileLatency(ns), 226819571711
[TRANSACTION], 99thPercentileLatency(ns), 228114563071
[GCS_TIME], Operations, 26
[GCS_TIME], AverageLatency(ns), 636.3461538461538
[GCS_TIME], MinLatency(ns), 0
[GCS_TIME], MaxLatency(ns), 964
[GCS_TIME], 95thPercentileLatency(ns), 811
[GCS_TIME], 99thPercentileLatency(ns), 964
[LOAD_GCs_Time(ms)], Operations, 12
[LOAD_GCs_Time(ms)], AverageLatency(ns), 841.0
[LOAD_GCs_Time(ms)], MinLatency(ns), 841
[LOAD_GCs_Time(ms)], MaxLatency(ns), 841
[LOAD_GCs_Time(ms)], 95thPercentileLatency(ns), 841
[LOAD_GCs_Time(ms)], 99thPercentileLatency(ns), 841
[READ], Operations, 18006906
[READ], AverageLatency(ns), 37842.15412014702
[READ], MinLatency(ns), 198
[READ], MaxLatency(ns), 292110335
[READ], 95thPercentileLatency(ns), 95451
[READ], 99thPercentileLatency(ns), 121406
[READ], Return=OK, 18006906
[INIT], Operations, 12
[INIT], AverageLatency(ns), 6.484224E8
[INIT], MinLatency(ns), 646459392
[INIT], MaxLatency(ns), 651075583
[INIT], 95thPercentileLatency(ns), 651010047
[INIT], 99thPercentileLatency(ns), 651075583
[GCS], Operations, 26
[GCS], AverageLatency(ns), 4.846153846153846
[GCS], MinLatency(ns), 0
[GCS], MaxLatency(ns), 18
[GCS], 95thPercentileLatency(ns), 7
[GCS], 99thPercentileLatency(ns), 18
[LOAD_GCs_Count], Operations, 12
[LOAD_GCs_Count], AverageLatency(ns), 18.0
[LOAD_GCs_Count], MinLatency(ns), 18
[LOAD_GCs_Count], MaxLatency(ns), 18
[LOAD_GCs_Count], 95thPercentileLatency(ns), 18
[LOAD_GCs_Count], 99thPercentileLatency(ns), 18
[CLEANUP], Operations, 12
[CLEANUP], AverageLatency(ns), 2.9726693333333335E9
[CLEANUP], MinLatency(ns), 91931136
[CLEANUP], MaxLatency(ns), 4343169023
[CLEANUP], 95thPercentileLatency(ns), 4340744191
[CLEANUP], 99thPercentileLatency(ns), 4343169023
[INSERT], Operations, 1000000
[INSERT], AverageLatency(ns), 140251.047914
[INSERT], MinLatency(ns), 23624
[INSERT], MaxLatency(ns), 971206655
[INSERT], 95thPercentileLatency(ns), 150808
[INSERT], 99thPercentileLatency(ns), 226223
[INSERT], Return=OK, 1000000
[UPDATE], Operations, 17993094
[UPDATE], AverageLatency(ns), 108376.65723260268
[UPDATE], MinLatency(ns), 24391
[UPDATE], MaxLatency(ns), 292128767
[UPDATE], 95thPercentileLatency(ns), 183159
[UPDATE], 99thPercentileLatency(ns), 243384
[UPDATE], Return=OK, 17993094
