/home/anatole/jdk8u/build/linux-x86_64-normal-server-release/jdk/bin/java -Xmx20g -XX:+UseG1GC -classpath /home/anatole/ycsb/conf:/home/anatole/ycsb/core/target/core-0.18.0-SNAPSHOT.jar:/home/anatole/ycsb/core/target/dependency/HdrHistogram-2.1.4.jar:/home/anatole/ycsb/core/target/dependency/guava-18.0.jar:/home/anatole/ycsb/core/target/dependency/htrace-core4-4.1.0-incubating.jar:/home/anatole/ycsb/core/target/dependency/jackson-core-asl-1.9.4.jar:/home/anatole/ycsb/core/target/dependency/jackson-mapper-asl-1.9.4.jar:/home/anatole/ycsb/core/target/dependency/javax.persistence-api-2.2.jar:/home/anatole/ycsb/core/target/dependency/jnvm-1.0-SNAPSHOT.jar:/home/anatole/ycsb/core/target/dependency/pcj-1.0.jar:/home/anatole/ycsb/core/target/dependency/unsafe-helper-1.0.jar:/home/anatole/ycsb/infinispan/src/main/conf:/home/anatole/ycsb/infinispan/target/infinispan-binding-0.18.0-SNAPSHOT.jar:/home/anatole/ycsb/infinispan/target/dependency/caffeine-2.6.2.jar:/home/anatole/ycsb/infinispan/target/dependency/gson-2.8.2.jar:/home/anatole/ycsb/infinispan/target/dependency/guava-18.0.jar:/home/anatole/ycsb/infinispan/target/dependency/infinispan-cachestore-jnvm-1.0-SNAPSHOT.jar:/home/anatole/ycsb/infinispan/target/dependency/infinispan-cachestore-pcj-1.0-SNAPSHOT.jar:/home/anatole/ycsb/infinispan/target/dependency/infinispan-client-hotrod-9.4.20.Final.jar:/home/anatole/ycsb/infinispan/target/dependency/infinispan-commons-9.4.20.Final.jar:/home/anatole/ycsb/infinispan/target/dependency/infinispan-core-9.4.20.Final.jar:/home/anatole/ycsb/infinispan/target/dependency/javax.persistence-api-2.2.jar:/home/anatole/ycsb/infinispan/target/dependency/jboss-logging-3.3.2.Final.jar:/home/anatole/ycsb/infinispan/target/dependency/jboss-marshalling-osgi-2.0.6.Final.jar:/home/anatole/ycsb/infinispan/target/dependency/jboss-transaction-api_1.2_spec-1.1.1.Final.jar:/home/anatole/ycsb/infinispan/target/dependency/jgroups-4.0.21.Final.jar:/home/anatole/ycsb/infinispan/target/dependency/jnvm-1.0-SNAPSHOT.jar:/home/anatole/ycsb/infinispan/target/dependency/metainf-services-1.7.jar:/home/anatole/ycsb/infinispan/target/dependency/netty-buffer-4.1.51.Final.jar:/home/anatole/ycsb/infinispan/target/dependency/netty-codec-4.1.51.Final.jar:/home/anatole/ycsb/infinispan/target/dependency/netty-common-4.1.51.Final.jar:/home/anatole/ycsb/infinispan/target/dependency/netty-handler-4.1.51.Final.jar:/home/anatole/ycsb/infinispan/target/dependency/netty-resolver-4.1.51.Final.jar:/home/anatole/ycsb/infinispan/target/dependency/netty-transport-4.1.51.Final.jar:/home/anatole/ycsb/infinispan/target/dependency/netty-transport-native-epoll-4.1.51.Final-linux-x86_64.jar:/home/anatole/ycsb/infinispan/target/dependency/netty-transport-native-unix-common-4.1.51.Final.jar:/home/anatole/ycsb/infinispan/target/dependency/pcj-1.0.jar:/home/anatole/ycsb/infinispan/target/dependency/reactive-streams-1.0.2.jar:/home/anatole/ycsb/infinispan/target/dependency/rxjava-2.2.4.jar:/home/anatole/ycsb/infinispan/target/dependency/unsafe-helper-1.0.jar site.ycsb.Client -t -db site.ycsb.db.InfinispanJNVMClient -P ../workloads/workloadc -preload -s -threads 28 -p dataintegrity=true -p offheap=true -p pcj=false -p recordcount=1000000 -p operationcount=60000000 -p fieldcount=10 -p fieldlength=100 -p requestdistribution=zipfian -p measurement.trackjvm=true -p measurementtype=hdrhistogram -p hdrhistogram.output.path=./out/exp5.concurrent.ref/log/infinispan-jnvm.run.workloadc.true.1000000.1.10.100.zipfian.28.false..default.default.none.r1.hdr.log
[OVERALL], RunTime(ms), 106530
[OVERALL], Throughput(ops/sec), 572608.6548390125
[TOTAL_GCS_G1_Young_Generation], Count, 45
[TOTAL_GC_TIME_G1_Young_Generation], Time(ms), 2316
[TOTAL_GC_TIME_%_G1_Young_Generation], Time(%), 2.174035482962546
[TOTAL_GCS_G1_Old_Generation], Count, 0
[TOTAL_GC_TIME_G1_Old_Generation], Time(ms), 0
[TOTAL_GC_TIME_%_G1_Old_Generation], Time(%), 0.0
[TOTAL_GCs], Count, 45
[TOTAL_GC_TIME], Time(ms), 2316
[TOTAL_GC_TIME_%], Time(%), 2.174035482962546
[MAX_MEM_USED], MBs, 12802
[MIN_MEM_USED], MBs, 86
[MAX_THREADS], Count, 34
[MIN_THREADS], Count, 3
[MAX_SYS_LOAD_AVG], Load, 21.25
[MIN_SYS_LOAD_AVG], Load, 9.75
[THREAD_COUNT], Operations, 12
[THREAD_COUNT], AverageLatency(ns), 30.833333333333332
[THREAD_COUNT], MinLatency(ns), 3
[THREAD_COUNT], MaxLatency(ns), 34
[THREAD_COUNT], 95thPercentileLatency(ns), 34
[THREAD_COUNT], 99thPercentileLatency(ns), 34
[SYS_LOAD_AVG], Operations, 12
[SYS_LOAD_AVG], AverageLatency(ns), 13.916666666666666
[SYS_LOAD_AVG], MinLatency(ns), 9
[SYS_LOAD_AVG], MaxLatency(ns), 21
[SYS_LOAD_AVG], 95thPercentileLatency(ns), 19
[SYS_LOAD_AVG], 99thPercentileLatency(ns), 21
[LOAD], Operations, 28
[LOAD], AverageLatency(ns), 1.6554089325714285E10
[LOAD], MinLatency(ns), 16126181376
[LOAD], MaxLatency(ns), 16749101055
[LOAD], 95thPercentileLatency(ns), 16735731711
[LOAD], 99thPercentileLatency(ns), 16749101055
[USED_MEM_MB], Operations, 12
[USED_MEM_MB], AverageLatency(ns), 7198.416666666667
[USED_MEM_MB], MinLatency(ns), 86
[USED_MEM_MB], MaxLatency(ns), 12802
[USED_MEM_MB], 95thPercentileLatency(ns), 11932
[USED_MEM_MB], 99thPercentileLatency(ns), 12802
[MAIN_GCs_Count], Operations, 28
[MAIN_GCs_Count], AverageLatency(ns), 19.964285714285715
[MAIN_GCs_Count], MinLatency(ns), 19
[MAIN_GCs_Count], MaxLatency(ns), 20
[MAIN_GCs_Count], 95thPercentileLatency(ns), 20
[MAIN_GCs_Count], 99thPercentileLatency(ns), 20
[MAIN_GCs_Time(ms)], Operations, 28
[MAIN_GCs_Time(ms)], AverageLatency(ns), 519.75
[MAIN_GCs_Time(ms)], MinLatency(ns), 486
[MAIN_GCs_Time(ms)], MaxLatency(ns), 521
[MAIN_GCs_Time(ms)], 95thPercentileLatency(ns), 521
[MAIN_GCs_Time(ms)], 99thPercentileLatency(ns), 521
[TRANSACTION], Operations, 28
[TRANSACTION], AverageLatency(ns), 8.758369601828572E10
[TRANSACTION], MinLatency(ns), 86422061056
[TRANSACTION], MaxLatency(ns), 87992303615
[TRANSACTION], 95thPercentileLatency(ns), 87976574975
[TRANSACTION], 99thPercentileLatency(ns), 87992303615
[GCS_TIME], Operations, 12
[GCS_TIME], AverageLatency(ns), 193.0
[GCS_TIME], MinLatency(ns), 0
[GCS_TIME], MaxLatency(ns), 1141
[GCS_TIME], 95thPercentileLatency(ns), 944
[GCS_TIME], 99thPercentileLatency(ns), 1141
[LOAD_GCs_Time(ms)], Operations, 28
[LOAD_GCs_Time(ms)], AverageLatency(ns), 1760.0
[LOAD_GCs_Time(ms)], MinLatency(ns), 1760
[LOAD_GCs_Time(ms)], MaxLatency(ns), 1760
[LOAD_GCs_Time(ms)], 95thPercentileLatency(ns), 1760
[LOAD_GCs_Time(ms)], 99thPercentileLatency(ns), 1760
[READ], Operations, 60000000
[READ], AverageLatency(ns), 37870.4199992
[READ], MinLatency(ns), 317
[READ], MaxLatency(ns), 168378367
[READ], 95thPercentileLatency(ns), 246603
[READ], 99thPercentileLatency(ns), 275511
[READ], Return=OK, 60000000
[INIT], Operations, 28
[INIT], AverageLatency(ns), 1.596956672E9
[INIT], MinLatency(ns), 1590108160
[INIT], MaxLatency(ns), 1619910655
[INIT], 95thPercentileLatency(ns), 1602953215
[INIT], 99thPercentileLatency(ns), 1619910655
[GCS], Operations, 12
[GCS], AverageLatency(ns), 3.75
[GCS], MinLatency(ns), 0
[GCS], MaxLatency(ns), 21
[GCS], 95thPercentileLatency(ns), 7
[GCS], 99thPercentileLatency(ns), 21
[LOAD_GCs_Count], Operations, 28
[LOAD_GCs_Count], AverageLatency(ns), 23.0
[LOAD_GCs_Count], MinLatency(ns), 23
[LOAD_GCs_Count], MaxLatency(ns), 23
[LOAD_GCs_Count], 95thPercentileLatency(ns), 23
[LOAD_GCs_Count], 99thPercentileLatency(ns), 23
[CLEANUP], Operations, 28
[CLEANUP], AverageLatency(ns), 4.205822274285714E8
[CLEANUP], MinLatency(ns), 12864576
[CLEANUP], MaxLatency(ns), 1560494079
[CLEANUP], 95thPercentileLatency(ns), 1169678335
[CLEANUP], 99thPercentileLatency(ns), 1560494079
[INSERT], Operations, 1000000
[INSERT], AverageLatency(ns), 190524.829235
[INSERT], MinLatency(ns), 4723
[INSERT], MaxLatency(ns), 204797951
[INSERT], 95thPercentileLatency(ns), 237200
[INSERT], 99thPercentileLatency(ns), 3826255
[INSERT], Return=OK, 1000000
