/home/anatole/jdk8u/build/linux-x86_64-normal-server-release/jdk/bin/java -Xmx20g -XX:+UseG1GC -classpath /home/anatole/ycsb/conf:/home/anatole/ycsb/core/target/core-0.18.0-SNAPSHOT.jar:/home/anatole/ycsb/core/target/dependency/HdrHistogram-2.1.4.jar:/home/anatole/ycsb/core/target/dependency/guava-18.0.jar:/home/anatole/ycsb/core/target/dependency/htrace-core4-4.1.0-incubating.jar:/home/anatole/ycsb/core/target/dependency/jackson-core-asl-1.9.4.jar:/home/anatole/ycsb/core/target/dependency/jackson-mapper-asl-1.9.4.jar:/home/anatole/ycsb/core/target/dependency/javax.persistence-api-2.2.jar:/home/anatole/ycsb/core/target/dependency/jnvm-1.0-SNAPSHOT.jar:/home/anatole/ycsb/core/target/dependency/pcj-1.0.jar:/home/anatole/ycsb/core/target/dependency/unsafe-helper-1.0.jar:/home/anatole/ycsb/infinispan/src/main/conf:/home/anatole/ycsb/infinispan/target/infinispan-binding-0.18.0-SNAPSHOT.jar:/home/anatole/ycsb/infinispan/target/dependency/caffeine-2.6.2.jar:/home/anatole/ycsb/infinispan/target/dependency/gson-2.8.2.jar:/home/anatole/ycsb/infinispan/target/dependency/guava-18.0.jar:/home/anatole/ycsb/infinispan/target/dependency/infinispan-cachestore-jnvm-1.0-SNAPSHOT.jar:/home/anatole/ycsb/infinispan/target/dependency/infinispan-cachestore-pcj-1.0-SNAPSHOT.jar:/home/anatole/ycsb/infinispan/target/dependency/infinispan-client-hotrod-9.4.20.Final.jar:/home/anatole/ycsb/infinispan/target/dependency/infinispan-commons-9.4.20.Final.jar:/home/anatole/ycsb/infinispan/target/dependency/infinispan-core-9.4.20.Final.jar:/home/anatole/ycsb/infinispan/target/dependency/javax.persistence-api-2.2.jar:/home/anatole/ycsb/infinispan/target/dependency/jboss-logging-3.3.2.Final.jar:/home/anatole/ycsb/infinispan/target/dependency/jboss-marshalling-osgi-2.0.6.Final.jar:/home/anatole/ycsb/infinispan/target/dependency/jboss-transaction-api_1.2_spec-1.1.1.Final.jar:/home/anatole/ycsb/infinispan/target/dependency/jgroups-4.0.21.Final.jar:/home/anatole/ycsb/infinispan/target/dependency/jnvm-1.0-SNAPSHOT.jar:/home/anatole/ycsb/infinispan/target/dependency/metainf-services-1.7.jar:/home/anatole/ycsb/infinispan/target/dependency/netty-buffer-4.1.51.Final.jar:/home/anatole/ycsb/infinispan/target/dependency/netty-codec-4.1.51.Final.jar:/home/anatole/ycsb/infinispan/target/dependency/netty-common-4.1.51.Final.jar:/home/anatole/ycsb/infinispan/target/dependency/netty-handler-4.1.51.Final.jar:/home/anatole/ycsb/infinispan/target/dependency/netty-resolver-4.1.51.Final.jar:/home/anatole/ycsb/infinispan/target/dependency/netty-transport-4.1.51.Final.jar:/home/anatole/ycsb/infinispan/target/dependency/netty-transport-native-epoll-4.1.51.Final-linux-x86_64.jar:/home/anatole/ycsb/infinispan/target/dependency/netty-transport-native-unix-common-4.1.51.Final.jar:/home/anatole/ycsb/infinispan/target/dependency/pcj-1.0.jar:/home/anatole/ycsb/infinispan/target/dependency/reactive-streams-1.0.2.jar:/home/anatole/ycsb/infinispan/target/dependency/rxjava-2.2.4.jar:/home/anatole/ycsb/infinispan/target/dependency/unsafe-helper-1.0.jar site.ycsb.Client -t -db site.ycsb.db.InfinispanClient -P ../workloads/workloadc -preload -s -threads 28 -p dataintegrity=true -p offheap=false -p pcj=false -p recordcount=1000000 -p operationcount=60000000 -p fieldcount=10 -p fieldlength=100 -p requestdistribution=zipfian -p measurement.trackjvm=true -p measurementtype=hdrhistogram -p hdrhistogram.output.path=./out/exp5.concurrent.ref/log/infinispan.run.workloadc.true.1000000.100000.10.100.zipfian.28.false..default.default.none.r1.hdr.log
[OVERALL], RunTime(ms), 482196
[OVERALL], Throughput(ops/sec), 126504.57490315141
[TOTAL_GCS_G1_Young_Generation], Count, 101
[TOTAL_GC_TIME_G1_Young_Generation], Time(ms), 8610
[TOTAL_GC_TIME_%_G1_Young_Generation], Time(%), 1.785580967075629
[TOTAL_GCS_G1_Old_Generation], Count, 0
[TOTAL_GC_TIME_G1_Old_Generation], Time(ms), 0
[TOTAL_GC_TIME_%_G1_Old_Generation], Time(%), 0.0
[TOTAL_GCs], Count, 101
[TOTAL_GC_TIME], Time(ms), 8610
[TOTAL_GC_TIME_%], Time(%), 1.785580967075629
[MAX_MEM_USED], MBs, 10690
[MIN_MEM_USED], MBs, 88
[MAX_THREADS], Count, 34
[MIN_THREADS], Count, 2
[MAX_SYS_LOAD_AVG], Load, 23.13
[MIN_SYS_LOAD_AVG], Load, 9.28
[THREAD_COUNT], Operations, 50
[THREAD_COUNT], AverageLatency(ns), 31.8
[THREAD_COUNT], MinLatency(ns), 2
[THREAD_COUNT], MaxLatency(ns), 34
[THREAD_COUNT], 95thPercentileLatency(ns), 34
[THREAD_COUNT], 99thPercentileLatency(ns), 34
[SYS_LOAD_AVG], Operations, 50
[SYS_LOAD_AVG], AverageLatency(ns), 11.52
[SYS_LOAD_AVG], MinLatency(ns), 9
[SYS_LOAD_AVG], MaxLatency(ns), 23
[SYS_LOAD_AVG], 95thPercentileLatency(ns), 20
[SYS_LOAD_AVG], 99thPercentileLatency(ns), 23
[LOAD], Operations, 28
[LOAD], AverageLatency(ns), 1.2774607140571428E10
[LOAD], MinLatency(ns), 10652024832
[LOAD], MaxLatency(ns), 13968277503
[LOAD], 95thPercentileLatency(ns), 13920698367
[LOAD], 99thPercentileLatency(ns), 13968277503
[USED_MEM_MB], Operations, 50
[USED_MEM_MB], AverageLatency(ns), 5981.2
[USED_MEM_MB], MinLatency(ns), 88
[USED_MEM_MB], MaxLatency(ns), 10690
[USED_MEM_MB], 95thPercentileLatency(ns), 9977
[USED_MEM_MB], 99thPercentileLatency(ns), 10690
[MAIN_GCs_Count], Operations, 28
[MAIN_GCs_Count], AverageLatency(ns), 81.85714285714286
[MAIN_GCs_Count], MinLatency(ns), 81
[MAIN_GCs_Count], MaxLatency(ns), 82
[MAIN_GCs_Count], 95thPercentileLatency(ns), 82
[MAIN_GCs_Count], 99thPercentileLatency(ns), 82
[MAIN_GCs_Time(ms)], Operations, 28
[MAIN_GCs_Time(ms)], AverageLatency(ns), 7764.428571428572
[MAIN_GCs_Time(ms)], MinLatency(ns), 7671
[MAIN_GCs_Time(ms)], MaxLatency(ns), 7780
[MAIN_GCs_Time(ms)], 95thPercentileLatency(ns), 7780
[MAIN_GCs_Time(ms)], 99thPercentileLatency(ns), 7780
[TRANSACTION], Operations, 28
[TRANSACTION], AverageLatency(ns), 4.665393994605714E11
[TRANSACTION], MinLatency(ns), 460402458624
[TRANSACTION], MaxLatency(ns), 467379683327
[TRANSACTION], 95thPercentileLatency(ns), 467323060223
[TRANSACTION], 99thPercentileLatency(ns), 467379683327
[GCS_TIME], Operations, 50
[GCS_TIME], AverageLatency(ns), 172.2
[GCS_TIME], MinLatency(ns), 0
[GCS_TIME], MaxLatency(ns), 744
[GCS_TIME], 95thPercentileLatency(ns), 349
[GCS_TIME], 99thPercentileLatency(ns), 744
[LOAD_GCs_Time(ms)], Operations, 28
[LOAD_GCs_Time(ms)], AverageLatency(ns), 789.7857142857143
[LOAD_GCs_Time(ms)], MinLatency(ns), 713
[LOAD_GCs_Time(ms)], MaxLatency(ns), 799
[LOAD_GCs_Time(ms)], 95thPercentileLatency(ns), 799
[LOAD_GCs_Time(ms)], 99thPercentileLatency(ns), 799
[READ], Operations, 60000000
[READ], AverageLatency(ns), 215076.40316511667
[READ], MinLatency(ns), 189
[READ], MaxLatency(ns), 220739583
[READ], 95thPercentileLatency(ns), 824091
[READ], 99thPercentileLatency(ns), 1211591
[READ], Return=OK, 60000000
[INIT], Operations, 28
[INIT], AverageLatency(ns), 6.047564068571428E8
[INIT], MinLatency(ns), 598040576
[INIT], MaxLatency(ns), 611741695
[INIT], 95thPercentileLatency(ns), 611737599
[INIT], 99thPercentileLatency(ns), 611741695
[GCS], Operations, 50
[GCS], AverageLatency(ns), 2.02
[GCS], MinLatency(ns), 0
[GCS], MaxLatency(ns), 18
[GCS], 95thPercentileLatency(ns), 3
[GCS], 99thPercentileLatency(ns), 18
[LOAD_GCs_Count], Operations, 28
[LOAD_GCs_Count], AverageLatency(ns), 16.892857142857142
[LOAD_GCs_Count], MinLatency(ns), 16
[LOAD_GCs_Count], MaxLatency(ns), 17
[LOAD_GCs_Count], 95thPercentileLatency(ns), 17
[LOAD_GCs_Count], 99thPercentileLatency(ns), 17
[CLEANUP], Operations, 28
[CLEANUP], AverageLatency(ns), 8.998568731428572E8
[CLEANUP], MinLatency(ns), 62628352
[CLEANUP], MaxLatency(ns), 7004618751
[CLEANUP], 95thPercentileLatency(ns), 3061481471
[CLEANUP], 99thPercentileLatency(ns), 7004618751
[INSERT], Operations, 1000000
[INSERT], AverageLatency(ns), 341831.003491
[INSERT], MinLatency(ns), 23772
[INSERT], MaxLatency(ns), 1377558527
[INSERT], 95thPercentileLatency(ns), 395477
[INSERT], 99thPercentileLatency(ns), 602799
[INSERT], Return=OK, 1000000
