/home/anatole/jdk8u/build/linux-x86_64-normal-server-release/jdk/bin/java -Xmx20g -XX:+UseG1GC -classpath /home/anatole/ycsb/conf:/home/anatole/ycsb/core/target/core-0.18.0-SNAPSHOT.jar:/home/anatole/ycsb/core/target/dependency/HdrHistogram-2.1.4.jar:/home/anatole/ycsb/core/target/dependency/guava-18.0.jar:/home/anatole/ycsb/core/target/dependency/htrace-core4-4.1.0-incubating.jar:/home/anatole/ycsb/core/target/dependency/jackson-core-asl-1.9.4.jar:/home/anatole/ycsb/core/target/dependency/jackson-mapper-asl-1.9.4.jar:/home/anatole/ycsb/core/target/dependency/javax.persistence-api-2.2.jar:/home/anatole/ycsb/core/target/dependency/jnvm-1.0-SNAPSHOT.jar:/home/anatole/ycsb/core/target/dependency/pcj-1.0.jar:/home/anatole/ycsb/core/target/dependency/unsafe-helper-1.0.jar:/home/anatole/ycsb/infinispan/src/main/conf:/home/anatole/ycsb/infinispan/target/infinispan-binding-0.18.0-SNAPSHOT.jar:/home/anatole/ycsb/infinispan/target/dependency/caffeine-2.6.2.jar:/home/anatole/ycsb/infinispan/target/dependency/gson-2.8.2.jar:/home/anatole/ycsb/infinispan/target/dependency/guava-18.0.jar:/home/anatole/ycsb/infinispan/target/dependency/infinispan-cachestore-jnvm-1.0-SNAPSHOT.jar:/home/anatole/ycsb/infinispan/target/dependency/infinispan-cachestore-pcj-1.0-SNAPSHOT.jar:/home/anatole/ycsb/infinispan/target/dependency/infinispan-client-hotrod-9.4.20.Final.jar:/home/anatole/ycsb/infinispan/target/dependency/infinispan-commons-9.4.20.Final.jar:/home/anatole/ycsb/infinispan/target/dependency/infinispan-core-9.4.20.Final.jar:/home/anatole/ycsb/infinispan/target/dependency/javax.persistence-api-2.2.jar:/home/anatole/ycsb/infinispan/target/dependency/jboss-logging-3.3.2.Final.jar:/home/anatole/ycsb/infinispan/target/dependency/jboss-marshalling-osgi-2.0.6.Final.jar:/home/anatole/ycsb/infinispan/target/dependency/jboss-transaction-api_1.2_spec-1.1.1.Final.jar:/home/anatole/ycsb/infinispan/target/dependency/jgroups-4.0.21.Final.jar:/home/anatole/ycsb/infinispan/target/dependency/jnvm-1.0-SNAPSHOT.jar:/home/anatole/ycsb/infinispan/target/dependency/metainf-services-1.7.jar:/home/anatole/ycsb/infinispan/target/dependency/netty-buffer-4.1.51.Final.jar:/home/anatole/ycsb/infinispan/target/dependency/netty-codec-4.1.51.Final.jar:/home/anatole/ycsb/infinispan/target/dependency/netty-common-4.1.51.Final.jar:/home/anatole/ycsb/infinispan/target/dependency/netty-handler-4.1.51.Final.jar:/home/anatole/ycsb/infinispan/target/dependency/netty-resolver-4.1.51.Final.jar:/home/anatole/ycsb/infinispan/target/dependency/netty-transport-4.1.51.Final.jar:/home/anatole/ycsb/infinispan/target/dependency/netty-transport-native-epoll-4.1.51.Final-linux-x86_64.jar:/home/anatole/ycsb/infinispan/target/dependency/netty-transport-native-unix-common-4.1.51.Final.jar:/home/anatole/ycsb/infinispan/target/dependency/pcj-1.0.jar:/home/anatole/ycsb/infinispan/target/dependency/reactive-streams-1.0.2.jar:/home/anatole/ycsb/infinispan/target/dependency/rxjava-2.2.4.jar:/home/anatole/ycsb/infinispan/target/dependency/unsafe-helper-1.0.jar site.ycsb.Client -t -db site.ycsb.db.InfinispanJNVMClient -P ../workloads/workloada -preload -s -threads 40 -p dataintegrity=true -p offheap=true -p pcj=false -p recordcount=1000000 -p operationcount=60000000 -p fieldcount=10 -p fieldlength=100 -p requestdistribution=zipfian -p measurement.trackjvm=true -p measurementtype=hdrhistogram -p hdrhistogram.output.path=./out/exp5.concurrent.ref/log/infinispan-jnvm.run.workloada.true.1000000.1.10.100.zipfian.40.false..default.default.none.r4.hdr.log
[OVERALL], RunTime(ms), 143131
[OVERALL], Throughput(ops/sec), 426183.00717524503
[TOTAL_GCS_G1_Young_Generation], Count, 181
[TOTAL_GC_TIME_G1_Young_Generation], Time(ms), 34618
[TOTAL_GC_TIME_%_G1_Young_Generation], Time(%), 24.186234987528906
[TOTAL_GCS_G1_Old_Generation], Count, 0
[TOTAL_GC_TIME_G1_Old_Generation], Time(ms), 0
[TOTAL_GC_TIME_%_G1_Old_Generation], Time(%), 0.0
[TOTAL_GCs], Count, 181
[TOTAL_GC_TIME], Time(ms), 34618
[TOTAL_GC_TIME_%], Time(%), 24.186234987528906
[MAX_MEM_USED], MBs, 7693
[MIN_MEM_USED], MBs, 102
[MAX_THREADS], Count, 46
[MIN_THREADS], Count, 3
[MAX_SYS_LOAD_AVG], Load, 25.11
[MIN_SYS_LOAD_AVG], Load, 18.17
[THREAD_COUNT], Operations, 16
[THREAD_COUNT], AverageLatency(ns), 42.625
[THREAD_COUNT], MinLatency(ns), 3
[THREAD_COUNT], MaxLatency(ns), 46
[THREAD_COUNT], 95thPercentileLatency(ns), 46
[THREAD_COUNT], 99thPercentileLatency(ns), 46
[SYS_LOAD_AVG], Operations, 16
[SYS_LOAD_AVG], AverageLatency(ns), 20.8125
[SYS_LOAD_AVG], MinLatency(ns), 18
[SYS_LOAD_AVG], MaxLatency(ns), 25
[SYS_LOAD_AVG], 95thPercentileLatency(ns), 24
[SYS_LOAD_AVG], 99thPercentileLatency(ns), 25
[LOAD], Operations, 40
[LOAD], AverageLatency(ns), 1.77629986816E10
[LOAD], MinLatency(ns), 17498767360
[LOAD], MaxLatency(ns), 17853054975
[LOAD], 95thPercentileLatency(ns), 17839685631
[LOAD], 99thPercentileLatency(ns), 17853054975
[USED_MEM_MB], Operations, 16
[USED_MEM_MB], AverageLatency(ns), 5110.6875
[USED_MEM_MB], MinLatency(ns), 102
[USED_MEM_MB], MaxLatency(ns), 7693
[USED_MEM_MB], 95thPercentileLatency(ns), 7167
[USED_MEM_MB], 99thPercentileLatency(ns), 7693
[MAIN_GCs_Count], Operations, 40
[MAIN_GCs_Count], AverageLatency(ns), 155.5
[MAIN_GCs_Count], MinLatency(ns), 153
[MAIN_GCs_Count], MaxLatency(ns), 156
[MAIN_GCs_Count], 95thPercentileLatency(ns), 156
[MAIN_GCs_Count], 99thPercentileLatency(ns), 156
[MAIN_GCs_Time(ms)], Operations, 40
[MAIN_GCs_Time(ms)], AverageLatency(ns), 32648.3
[MAIN_GCs_Time(ms)], MinLatency(ns), 32133
[MAIN_GCs_Time(ms)], MaxLatency(ns), 32747
[MAIN_GCs_Time(ms)], 95thPercentileLatency(ns), 32747
[MAIN_GCs_Time(ms)], 99thPercentileLatency(ns), 32747
[TRANSACTION], Operations, 40
[TRANSACTION], AverageLatency(ns), 1.23134345216E11
[TRANSACTION], MinLatency(ns), 121590251520
[TRANSACTION], MaxLatency(ns), 123469299711
[TRANSACTION], 95thPercentileLatency(ns), 123456192511
[TRANSACTION], 99thPercentileLatency(ns), 123469299711
[GCS_TIME], Operations, 16
[GCS_TIME], AverageLatency(ns), 2163.625
[GCS_TIME], MinLatency(ns), 0
[GCS_TIME], MaxLatency(ns), 2895
[GCS_TIME], 95thPercentileLatency(ns), 2830
[GCS_TIME], 99thPercentileLatency(ns), 2895
[LOAD_GCs_Time(ms)], Operations, 40
[LOAD_GCs_Time(ms)], AverageLatency(ns), 1839.0
[LOAD_GCs_Time(ms)], MinLatency(ns), 1839
[LOAD_GCs_Time(ms)], MaxLatency(ns), 1839
[LOAD_GCs_Time(ms)], 95thPercentileLatency(ns), 1839
[LOAD_GCs_Time(ms)], 99thPercentileLatency(ns), 1839
[READ], Operations, 29992595
[READ], AverageLatency(ns), 64728.25997377019
[READ], MinLatency(ns), 397
[READ], MaxLatency(ns), 276840447
[READ], 95thPercentileLatency(ns), 352285
[READ], 99thPercentileLatency(ns), 415073
[READ], Return=OK, 29992595
[INIT], Operations, 40
[INIT], AverageLatency(ns), 1.57656064E9
[INIT], MinLatency(ns), 1568497664
[INIT], MaxLatency(ns), 1586053119
[INIT], 95thPercentileLatency(ns), 1584816127
[INIT], 99thPercentileLatency(ns), 1586053119
[GCS], Operations, 16
[GCS], AverageLatency(ns), 11.3125
[GCS], MinLatency(ns), 0
[GCS], MaxLatency(ns), 20
[GCS], 95thPercentileLatency(ns), 13
[GCS], 99thPercentileLatency(ns), 20
[LOAD_GCs_Count], Operations, 40
[LOAD_GCs_Count], AverageLatency(ns), 23.0
[LOAD_GCs_Count], MinLatency(ns), 23
[LOAD_GCs_Count], MaxLatency(ns), 23
[LOAD_GCs_Count], 95thPercentileLatency(ns), 23
[LOAD_GCs_Count], 99thPercentileLatency(ns), 23
[CLEANUP], Operations, 40
[CLEANUP], AverageLatency(ns), 3.37672796E8
[CLEANUP], MinLatency(ns), 9437504
[CLEANUP], MaxLatency(ns), 1641406463
[CLEANUP], 95thPercentileLatency(ns), 834318335
[CLEANUP], 99thPercentileLatency(ns), 1641406463
[INSERT], Operations, 1000000
[INSERT], AverageLatency(ns), 341322.49617
[INSERT], MinLatency(ns), 6263
[INSERT], MaxLatency(ns), 214487039
[INSERT], 95thPercentileLatency(ns), 2986975
[INSERT], 99thPercentileLatency(ns), 4940831
[INSERT], Return=OK, 1000000
[UPDATE], Operations, 30007405
[UPDATE], AverageLatency(ns), 72104.23609239119
[UPDATE], MinLatency(ns), 457
[UPDATE], MaxLatency(ns), 276836351
[UPDATE], 95thPercentileLatency(ns), 358573
[UPDATE], 99thPercentileLatency(ns), 417867
[UPDATE], Return=OK, 30007405
