/home/anatole/jdk8u/build/linux-x86_64-normal-server-release/jdk/bin/java -Xmx20g -XX:+UseG1GC -classpath /home/anatole/ycsb/conf:/home/anatole/ycsb/core/target/core-0.18.0-SNAPSHOT.jar:/home/anatole/ycsb/core/target/dependency/HdrHistogram-2.1.4.jar:/home/anatole/ycsb/core/target/dependency/guava-18.0.jar:/home/anatole/ycsb/core/target/dependency/htrace-core4-4.1.0-incubating.jar:/home/anatole/ycsb/core/target/dependency/jackson-core-asl-1.9.4.jar:/home/anatole/ycsb/core/target/dependency/jackson-mapper-asl-1.9.4.jar:/home/anatole/ycsb/core/target/dependency/javax.persistence-api-2.2.jar:/home/anatole/ycsb/core/target/dependency/jnvm-1.0-SNAPSHOT.jar:/home/anatole/ycsb/core/target/dependency/pcj-1.0.jar:/home/anatole/ycsb/core/target/dependency/unsafe-helper-1.0.jar:/home/anatole/ycsb/infinispan/src/main/conf:/home/anatole/ycsb/infinispan/target/infinispan-binding-0.18.0-SNAPSHOT.jar:/home/anatole/ycsb/infinispan/target/dependency/caffeine-2.6.2.jar:/home/anatole/ycsb/infinispan/target/dependency/gson-2.8.2.jar:/home/anatole/ycsb/infinispan/target/dependency/guava-18.0.jar:/home/anatole/ycsb/infinispan/target/dependency/infinispan-cachestore-jnvm-1.0-SNAPSHOT.jar:/home/anatole/ycsb/infinispan/target/dependency/infinispan-cachestore-pcj-1.0-SNAPSHOT.jar:/home/anatole/ycsb/infinispan/target/dependency/infinispan-client-hotrod-9.4.17.Final.jar:/home/anatole/ycsb/infinispan/target/dependency/infinispan-commons-9.4.17.Final.jar:/home/anatole/ycsb/infinispan/target/dependency/infinispan-core-9.4.17.Final.jar:/home/anatole/ycsb/infinispan/target/dependency/infinispan-embedded-9.0.1.Final.jar:/home/anatole/ycsb/infinispan/target/dependency/javax.persistence-api-2.2.jar:/home/anatole/ycsb/infinispan/target/dependency/jboss-logging-3.3.2.Final.jar:/home/anatole/ycsb/infinispan/target/dependency/jboss-marshalling-osgi-2.0.6.Final.jar:/home/anatole/ycsb/infinispan/target/dependency/jboss-transaction-api_1.1_spec-1.0.1.Final.jar:/home/anatole/ycsb/infinispan/target/dependency/jboss-transaction-api_1.2_spec-1.1.1.Final.jar:/home/anatole/ycsb/infinispan/target/dependency/jgroups-4.0.20.Final.jar:/home/anatole/ycsb/infinispan/target/dependency/jnvm-1.0-SNAPSHOT.jar:/home/anatole/ycsb/infinispan/target/dependency/metainf-services-1.7.jar:/home/anatole/ycsb/infinispan/target/dependency/netty-buffer-4.1.42.Final.jar:/home/anatole/ycsb/infinispan/target/dependency/netty-codec-4.1.42.Final.jar:/home/anatole/ycsb/infinispan/target/dependency/netty-common-4.1.42.Final.jar:/home/anatole/ycsb/infinispan/target/dependency/netty-handler-4.1.42.Final.jar:/home/anatole/ycsb/infinispan/target/dependency/netty-resolver-4.1.42.Final.jar:/home/anatole/ycsb/infinispan/target/dependency/netty-transport-4.1.42.Final.jar:/home/anatole/ycsb/infinispan/target/dependency/netty-transport-native-epoll-4.1.42.Final-linux-x86_64.jar:/home/anatole/ycsb/infinispan/target/dependency/netty-transport-native-unix-common-4.1.42.Final.jar:/home/anatole/ycsb/infinispan/target/dependency/pcj-1.0.jar:/home/anatole/ycsb/infinispan/target/dependency/reactive-streams-1.0.2.jar:/home/anatole/ycsb/infinispan/target/dependency/rxjava-2.2.4.jar:/home/anatole/ycsb/infinispan/target/dependency/unsafe-helper-1.0.jar site.ycsb.Client -t -db site.ycsb.db.InfinispanClient -P ../workloads/workloada -threads 1 -p dataintegrity=true -p offheap=false -p recordcount=1000000 -p operationcount=30000000 -p fieldcount=10 -p requestdistribution=zipfian -p measurementtype=hdrhistogram -p hdrhistogram.output.path=./out/exp5.concurrent.ref/log/infinispan.run.workloada.true.1000000.1000000.10.zipfian.1.hdr.log
[OVERALL], RunTime(ms), 132627
[OVERALL], Throughput(ops/sec), 226198.28541699654
[TOTAL_GCS_G1_Young_Generation], Count, 121
[TOTAL_GC_TIME_G1_Young_Generation], Time(ms), 18507
[TOTAL_GC_TIME_%_G1_Young_Generation], Time(%), 13.954172227374517
[TOTAL_GCS_G1_Old_Generation], Count, 0
[TOTAL_GC_TIME_G1_Old_Generation], Time(ms), 0
[TOTAL_GC_TIME_%_G1_Old_Generation], Time(%), 0.0
[TOTAL_GCs], Count, 121
[TOTAL_GC_TIME], Time(ms), 18507
[TOTAL_GC_TIME_%], Time(%), 13.954172227374517
[READ], Operations, 14998541
[READ], AverageLatency(ns), 624.4025067504899
[READ], MinLatency(ns), 177
[READ], MaxLatency(ns), 10733119
[READ], 95thPercentileLatency(ns), 1697
[READ], 99thPercentileLatency(ns), 2549
[READ], Return=OK, 14998541
[INIT], Operations, 1
[INIT], AverageLatency(ns), 3.9106772992E10
[INIT], MinLatency(ns), 39106641920
[INIT], MaxLatency(ns), 39106904063
[INIT], 95thPercentileLatency(ns), 39106904063
[INIT], 99thPercentileLatency(ns), 39106904063
[CLEANUP], Operations, 1
[CLEANUP], AverageLatency(ns), 4.96763904E8
[CLEANUP], MinLatency(ns), 496762880
[CLEANUP], MaxLatency(ns), 496764927
[CLEANUP], 95thPercentileLatency(ns), 496764927
[CLEANUP], 99thPercentileLatency(ns), 496764927
[UPDATE], Operations, 15001459
[UPDATE], AverageLatency(ns), 2858.910658889912
[UPDATE], MinLatency(ns), 1186
[UPDATE], MaxLatency(ns), 289556479
[UPDATE], 95thPercentileLatency(ns), 4070
[UPDATE], 99thPercentileLatency(ns), 4731
[UPDATE], Return=OK, 15001459
[TRANSACTION], Operations, 1
[TRANSACTION], AverageLatency(ns), 9.28448512E10
[TRANSACTION], MinLatency(ns), 92844589056
[TRANSACTION], MaxLatency(ns), 92845113343
[TRANSACTION], 95thPercentileLatency(ns), 92845113343
[TRANSACTION], 99thPercentileLatency(ns), 92845113343
