/home/anatole/jdk8u/build/linux-x86_64-normal-server-release/jdk/bin/java -Xmx20g -XX:+UseG1GC -classpath /home/anatole/ycsb/conf:/home/anatole/ycsb/core/target/core-0.18.0-SNAPSHOT.jar:/home/anatole/ycsb/core/target/dependency/HdrHistogram-2.1.4.jar:/home/anatole/ycsb/core/target/dependency/guava-18.0.jar:/home/anatole/ycsb/core/target/dependency/htrace-core4-4.1.0-incubating.jar:/home/anatole/ycsb/core/target/dependency/jackson-core-asl-1.9.4.jar:/home/anatole/ycsb/core/target/dependency/jackson-mapper-asl-1.9.4.jar:/home/anatole/ycsb/core/target/dependency/javax.persistence-api-2.2.jar:/home/anatole/ycsb/core/target/dependency/jnvm-1.0-SNAPSHOT.jar:/home/anatole/ycsb/core/target/dependency/pcj-1.0.jar:/home/anatole/ycsb/core/target/dependency/unsafe-helper-1.0.jar:/home/anatole/ycsb/infinispan/src/main/conf:/home/anatole/ycsb/infinispan/target/infinispan-binding-0.18.0-SNAPSHOT.jar:/home/anatole/ycsb/infinispan/target/dependency/caffeine-2.6.2.jar:/home/anatole/ycsb/infinispan/target/dependency/gson-2.8.2.jar:/home/anatole/ycsb/infinispan/target/dependency/guava-18.0.jar:/home/anatole/ycsb/infinispan/target/dependency/infinispan-cachestore-jnvm-1.0-SNAPSHOT.jar:/home/anatole/ycsb/infinispan/target/dependency/infinispan-cachestore-pcj-1.0-SNAPSHOT.jar:/home/anatole/ycsb/infinispan/target/dependency/infinispan-client-hotrod-9.4.20.Final.jar:/home/anatole/ycsb/infinispan/target/dependency/infinispan-commons-9.4.20.Final.jar:/home/anatole/ycsb/infinispan/target/dependency/infinispan-core-9.4.20.Final.jar:/home/anatole/ycsb/infinispan/target/dependency/javax.persistence-api-2.2.jar:/home/anatole/ycsb/infinispan/target/dependency/jboss-logging-3.3.2.Final.jar:/home/anatole/ycsb/infinispan/target/dependency/jboss-marshalling-osgi-2.0.6.Final.jar:/home/anatole/ycsb/infinispan/target/dependency/jboss-transaction-api_1.2_spec-1.1.1.Final.jar:/home/anatole/ycsb/infinispan/target/dependency/jgroups-4.0.21.Final.jar:/home/anatole/ycsb/infinispan/target/dependency/jnvm-1.0-SNAPSHOT.jar:/home/anatole/ycsb/infinispan/target/dependency/metainf-services-1.7.jar:/home/anatole/ycsb/infinispan/target/dependency/netty-buffer-4.1.51.Final.jar:/home/anatole/ycsb/infinispan/target/dependency/netty-codec-4.1.51.Final.jar:/home/anatole/ycsb/infinispan/target/dependency/netty-common-4.1.51.Final.jar:/home/anatole/ycsb/infinispan/target/dependency/netty-handler-4.1.51.Final.jar:/home/anatole/ycsb/infinispan/target/dependency/netty-resolver-4.1.51.Final.jar:/home/anatole/ycsb/infinispan/target/dependency/netty-transport-4.1.51.Final.jar:/home/anatole/ycsb/infinispan/target/dependency/netty-transport-native-epoll-4.1.51.Final-linux-x86_64.jar:/home/anatole/ycsb/infinispan/target/dependency/netty-transport-native-unix-common-4.1.51.Final.jar:/home/anatole/ycsb/infinispan/target/dependency/pcj-1.0.jar:/home/anatole/ycsb/infinispan/target/dependency/reactive-streams-1.0.2.jar:/home/anatole/ycsb/infinispan/target/dependency/rxjava-2.2.4.jar:/home/anatole/ycsb/infinispan/target/dependency/unsafe-helper-1.0.jar site.ycsb.Client -t -db site.ycsb.db.InfinispanClient -P ../workloads/workloadc -preload -s -threads 36 -p dataintegrity=true -p offheap=false -p pcj=false -p recordcount=1000000 -p operationcount=60000000 -p fieldcount=10 -p fieldlength=100 -p requestdistribution=zipfian -p measurement.trackjvm=true -p measurementtype=hdrhistogram -p hdrhistogram.output.path=./out/exp5.concurrent.ref/log/infinispan.run.workloadc.true.1000000.1000000.10.100.zipfian.36.true..default.default.none.r2.hdr.log
[OVERALL], RunTime(ms), 87703
[OVERALL], Throughput(ops/sec), 695529.2293308097
[TOTAL_GCS_G1_Young_Generation], Count, 34
[TOTAL_GC_TIME_G1_Young_Generation], Time(ms), 2470
[TOTAL_GC_TIME_%_G1_Young_Generation], Time(%), 2.816323272864098
[TOTAL_GCS_G1_Old_Generation], Count, 0
[TOTAL_GC_TIME_G1_Old_Generation], Time(ms), 0
[TOTAL_GC_TIME_%_G1_Old_Generation], Time(%), 0.0
[TOTAL_GCs], Count, 34
[TOTAL_GC_TIME], Time(ms), 2470
[TOTAL_GC_TIME_%], Time(%), 2.816323272864098
[MAX_MEM_USED], MBs, 13924
[MIN_MEM_USED], MBs, 98
[MAX_THREADS], Count, 42
[MIN_THREADS], Count, 3
[MAX_SYS_LOAD_AVG], Load, 8.76
[MIN_SYS_LOAD_AVG], Load, 8.15
[THREAD_COUNT], Operations, 10
[THREAD_COUNT], AverageLatency(ns), 37.6
[THREAD_COUNT], MinLatency(ns), 3
[THREAD_COUNT], MaxLatency(ns), 42
[THREAD_COUNT], 95thPercentileLatency(ns), 42
[THREAD_COUNT], 99thPercentileLatency(ns), 42
[SYS_LOAD_AVG], Operations, 10
[SYS_LOAD_AVG], AverageLatency(ns), 8.0
[SYS_LOAD_AVG], MinLatency(ns), 8
[SYS_LOAD_AVG], MaxLatency(ns), 8
[SYS_LOAD_AVG], 95thPercentileLatency(ns), 8
[SYS_LOAD_AVG], 99thPercentileLatency(ns), 8
[LOAD], Operations, 36
[LOAD], AverageLatency(ns), 6.999250261333333E9
[LOAD], MinLatency(ns), 6463029248
[LOAD], MaxLatency(ns), 7311622143
[LOAD], 95thPercentileLatency(ns), 7276560383
[LOAD], 99thPercentileLatency(ns), 7311622143
[USED_MEM_MB], Operations, 10
[USED_MEM_MB], AverageLatency(ns), 8453.9
[USED_MEM_MB], MinLatency(ns), 98
[USED_MEM_MB], MaxLatency(ns), 13924
[USED_MEM_MB], 95thPercentileLatency(ns), 13924
[USED_MEM_MB], 99thPercentileLatency(ns), 13924
[MAIN_GCs_Count], Operations, 36
[MAIN_GCs_Count], AverageLatency(ns), 9.0
[MAIN_GCs_Count], MinLatency(ns), 9
[MAIN_GCs_Count], MaxLatency(ns), 9
[MAIN_GCs_Count], 95thPercentileLatency(ns), 9
[MAIN_GCs_Count], 99thPercentileLatency(ns), 9
[MAIN_GCs_Time(ms)], Operations, 36
[MAIN_GCs_Time(ms)], AverageLatency(ns), 305.0
[MAIN_GCs_Time(ms)], MinLatency(ns), 305
[MAIN_GCs_Time(ms)], MaxLatency(ns), 305
[MAIN_GCs_Time(ms)], 95thPercentileLatency(ns), 305
[MAIN_GCs_Time(ms)], 99thPercentileLatency(ns), 305
[TRANSACTION], Operations, 36
[TRANSACTION], AverageLatency(ns), 7.881258871466667E10
[TRANSACTION], MinLatency(ns), 77107560448
[TRANSACTION], MaxLatency(ns), 78988181503
[TRANSACTION], 95thPercentileLatency(ns), 78971928575
[TRANSACTION], 99thPercentileLatency(ns), 78988181503
[GCS_TIME], Operations, 10
[GCS_TIME], AverageLatency(ns), 247.0
[GCS_TIME], MinLatency(ns), 0
[GCS_TIME], MaxLatency(ns), 2345
[GCS_TIME], 95thPercentileLatency(ns), 2345
[GCS_TIME], 99thPercentileLatency(ns), 2345
[LOAD_GCs_Time(ms)], Operations, 36
[LOAD_GCs_Time(ms)], AverageLatency(ns), 2032.6666666666667
[LOAD_GCs_Time(ms)], MinLatency(ns), 1823
[LOAD_GCs_Time(ms)], MaxLatency(ns), 2137
[LOAD_GCs_Time(ms)], 95thPercentileLatency(ns), 2137
[LOAD_GCs_Time(ms)], 99thPercentileLatency(ns), 2137
[READ], Operations, 60000000
[READ], AverageLatency(ns), 43623.63685066667
[READ], MinLatency(ns), 262
[READ], MaxLatency(ns), 140426239
[READ], 95thPercentileLatency(ns), 378623
[READ], 99thPercentileLatency(ns), 413169
[READ], Return=OK, 60000000
[INIT], Operations, 36
[INIT], AverageLatency(ns), 5.84880128E8
[INIT], MinLatency(ns), 577241088
[INIT], MaxLatency(ns), 592445439
[INIT], 95thPercentileLatency(ns), 591892479
[INIT], 99thPercentileLatency(ns), 592445439
[GCS], Operations, 10
[GCS], AverageLatency(ns), 3.4
[GCS], MinLatency(ns), 0
[GCS], MaxLatency(ns), 27
[GCS], 95thPercentileLatency(ns), 27
[GCS], 99thPercentileLatency(ns), 27
[LOAD_GCs_Count], Operations, 36
[LOAD_GCs_Count], AverageLatency(ns), 22.333333333333332
[LOAD_GCs_Count], MinLatency(ns), 21
[LOAD_GCs_Count], MaxLatency(ns), 23
[LOAD_GCs_Count], 95thPercentileLatency(ns), 23
[LOAD_GCs_Count], 99thPercentileLatency(ns), 23
[CLEANUP], Operations, 36
[CLEANUP], AverageLatency(ns), 7.57330944E8
[CLEANUP], MinLatency(ns), 581971968
[CLEANUP], MaxLatency(ns), 2443395071
[CLEANUP], 95thPercentileLatency(ns), 1023692799
[CLEANUP], 99thPercentileLatency(ns), 2443395071
[INSERT], Operations, 1000000
[INSERT], AverageLatency(ns), 131856.450294
[INSERT], MinLatency(ns), 1743
[INSERT], MaxLatency(ns), 307261439
[INSERT], 95thPercentileLatency(ns), 101476
[INSERT], 99thPercentileLatency(ns), 514165
[INSERT], Return=OK, 1000000
