/home/anatole/jdk8u/build/linux-x86_64-normal-server-release/jdk/bin/java -Xmx20g -XX:+UseG1GC -classpath /home/anatole/ycsb/conf:/home/anatole/ycsb/core/target/core-0.18.0-SNAPSHOT.jar:/home/anatole/ycsb/core/target/dependency/HdrHistogram-2.1.4.jar:/home/anatole/ycsb/core/target/dependency/guava-18.0.jar:/home/anatole/ycsb/core/target/dependency/htrace-core4-4.1.0-incubating.jar:/home/anatole/ycsb/core/target/dependency/jackson-core-asl-1.9.4.jar:/home/anatole/ycsb/core/target/dependency/jackson-mapper-asl-1.9.4.jar:/home/anatole/ycsb/core/target/dependency/javax.persistence-api-2.2.jar:/home/anatole/ycsb/core/target/dependency/jnvm-1.0-SNAPSHOT.jar:/home/anatole/ycsb/core/target/dependency/pcj-1.0.jar:/home/anatole/ycsb/core/target/dependency/unsafe-helper-1.0.jar:/home/anatole/ycsb/infinispan/src/main/conf:/home/anatole/ycsb/infinispan/target/infinispan-binding-0.18.0-SNAPSHOT.jar:/home/anatole/ycsb/infinispan/target/dependency/caffeine-2.6.2.jar:/home/anatole/ycsb/infinispan/target/dependency/gson-2.8.2.jar:/home/anatole/ycsb/infinispan/target/dependency/guava-18.0.jar:/home/anatole/ycsb/infinispan/target/dependency/infinispan-cachestore-jnvm-1.0-SNAPSHOT.jar:/home/anatole/ycsb/infinispan/target/dependency/infinispan-cachestore-pcj-1.0-SNAPSHOT.jar:/home/anatole/ycsb/infinispan/target/dependency/infinispan-client-hotrod-9.4.20.Final.jar:/home/anatole/ycsb/infinispan/target/dependency/infinispan-commons-9.4.20.Final.jar:/home/anatole/ycsb/infinispan/target/dependency/infinispan-core-9.4.20.Final.jar:/home/anatole/ycsb/infinispan/target/dependency/javax.persistence-api-2.2.jar:/home/anatole/ycsb/infinispan/target/dependency/jboss-logging-3.3.2.Final.jar:/home/anatole/ycsb/infinispan/target/dependency/jboss-marshalling-osgi-2.0.6.Final.jar:/home/anatole/ycsb/infinispan/target/dependency/jboss-transaction-api_1.2_spec-1.1.1.Final.jar:/home/anatole/ycsb/infinispan/target/dependency/jgroups-4.0.21.Final.jar:/home/anatole/ycsb/infinispan/target/dependency/jnvm-1.0-SNAPSHOT.jar:/home/anatole/ycsb/infinispan/target/dependency/metainf-services-1.7.jar:/home/anatole/ycsb/infinispan/target/dependency/netty-buffer-4.1.51.Final.jar:/home/anatole/ycsb/infinispan/target/dependency/netty-codec-4.1.51.Final.jar:/home/anatole/ycsb/infinispan/target/dependency/netty-common-4.1.51.Final.jar:/home/anatole/ycsb/infinispan/target/dependency/netty-handler-4.1.51.Final.jar:/home/anatole/ycsb/infinispan/target/dependency/netty-resolver-4.1.51.Final.jar:/home/anatole/ycsb/infinispan/target/dependency/netty-transport-4.1.51.Final.jar:/home/anatole/ycsb/infinispan/target/dependency/netty-transport-native-epoll-4.1.51.Final-linux-x86_64.jar:/home/anatole/ycsb/infinispan/target/dependency/netty-transport-native-unix-common-4.1.51.Final.jar:/home/anatole/ycsb/infinispan/target/dependency/pcj-1.0.jar:/home/anatole/ycsb/infinispan/target/dependency/reactive-streams-1.0.2.jar:/home/anatole/ycsb/infinispan/target/dependency/rxjava-2.2.4.jar:/home/anatole/ycsb/infinispan/target/dependency/unsafe-helper-1.0.jar site.ycsb.Client -t -db site.ycsb.db.InfinispanClient -P ../workloads/workloada -preload -s -threads 4 -p dataintegrity=true -p offheap=false -p pcj=false -p recordcount=1000000 -p operationcount=12000000 -p fieldcount=10 -p fieldlength=100 -p requestdistribution=zipfian -p measurement.trackjvm=true -p measurementtype=hdrhistogram -p hdrhistogram.output.path=./out/exp5.concurrent.ref/log/infinispan.run.workloada.true.1000000.100000.10.100.zipfian.4.false..default.default.none.r5.hdr.log
[OVERALL], RunTime(ms), 149270
[OVERALL], Throughput(ops/sec), 87090.50713472231
[TOTAL_GCS_G1_Young_Generation], Count, 54
[TOTAL_GC_TIME_G1_Young_Generation], Time(ms), 5916
[TOTAL_GC_TIME_%_G1_Young_Generation], Time(%), 3.9632880016078245
[TOTAL_GCS_G1_Old_Generation], Count, 0
[TOTAL_GC_TIME_G1_Old_Generation], Time(ms), 0
[TOTAL_GC_TIME_%_G1_Old_Generation], Time(%), 0.0
[TOTAL_GCs], Count, 54
[TOTAL_GC_TIME], Time(ms), 5916
[TOTAL_GC_TIME_%], Time(%), 3.9632880016078245
[MAX_MEM_USED], MBs, 12469
[MIN_MEM_USED], MBs, 56
[MAX_THREADS], Count, 36
[MIN_THREADS], Count, 3
[MAX_SYS_LOAD_AVG], Load, 7.75
[MIN_SYS_LOAD_AVG], Load, 4.4
[THREAD_COUNT], Operations, 16
[THREAD_COUNT], AverageLatency(ns), 30.0
[THREAD_COUNT], MinLatency(ns), 3
[THREAD_COUNT], MaxLatency(ns), 36
[THREAD_COUNT], 95thPercentileLatency(ns), 36
[THREAD_COUNT], 99thPercentileLatency(ns), 36
[SYS_LOAD_AVG], Operations, 16
[SYS_LOAD_AVG], AverageLatency(ns), 5.125
[SYS_LOAD_AVG], MinLatency(ns), 4
[SYS_LOAD_AVG], MaxLatency(ns), 7
[SYS_LOAD_AVG], 95thPercentileLatency(ns), 7
[SYS_LOAD_AVG], 99thPercentileLatency(ns), 7
[LOAD], Operations, 4
[LOAD], AverageLatency(ns), 1.466785792E10
[LOAD], MinLatency(ns), 14603714560
[LOAD], MaxLatency(ns), 14730919935
[LOAD], 95thPercentileLatency(ns), 14730919935
[LOAD], 99thPercentileLatency(ns), 14730919935
[USED_MEM_MB], Operations, 16
[USED_MEM_MB], AverageLatency(ns), 6043.125
[USED_MEM_MB], MinLatency(ns), 56
[USED_MEM_MB], MaxLatency(ns), 12469
[USED_MEM_MB], 95thPercentileLatency(ns), 10567
[USED_MEM_MB], 99thPercentileLatency(ns), 12469
[MAIN_GCs_Count], Operations, 4
[MAIN_GCs_Count], AverageLatency(ns), 35.0
[MAIN_GCs_Count], MinLatency(ns), 35
[MAIN_GCs_Count], MaxLatency(ns), 35
[MAIN_GCs_Count], 95thPercentileLatency(ns), 35
[MAIN_GCs_Count], 99thPercentileLatency(ns), 35
[MAIN_GCs_Time(ms)], Operations, 4
[MAIN_GCs_Time(ms)], AverageLatency(ns), 5017.0
[MAIN_GCs_Time(ms)], MinLatency(ns), 5017
[MAIN_GCs_Time(ms)], MaxLatency(ns), 5017
[MAIN_GCs_Time(ms)], 95thPercentileLatency(ns), 5017
[MAIN_GCs_Time(ms)], 99thPercentileLatency(ns), 5017
[TRANSACTION], Operations, 4
[TRANSACTION], AverageLatency(ns), 1.32713807872E11
[TRANSACTION], MinLatency(ns), 131978493952
[TRANSACTION], MaxLatency(ns), 133740101631
[TRANSACTION], 95thPercentileLatency(ns), 133740101631
[TRANSACTION], 99thPercentileLatency(ns), 133740101631
[GCS_TIME], Operations, 16
[GCS_TIME], AverageLatency(ns), 369.75
[GCS_TIME], MinLatency(ns), 0
[GCS_TIME], MaxLatency(ns), 804
[GCS_TIME], 95thPercentileLatency(ns), 747
[GCS_TIME], 99thPercentileLatency(ns), 804
[LOAD_GCs_Time(ms)], Operations, 4
[LOAD_GCs_Time(ms)], AverageLatency(ns), 883.0
[LOAD_GCs_Time(ms)], MinLatency(ns), 883
[LOAD_GCs_Time(ms)], MaxLatency(ns), 883
[LOAD_GCs_Time(ms)], 95thPercentileLatency(ns), 883
[LOAD_GCs_Time(ms)], 99thPercentileLatency(ns), 883
[READ], Operations, 5998793
[READ], AverageLatency(ns), 23889.980374885414
[READ], MinLatency(ns), 208
[READ], MaxLatency(ns), 254264319
[READ], 95thPercentileLatency(ns), 51029
[READ], 99thPercentileLatency(ns), 61614
[READ], Return=OK, 5998793
[INIT], Operations, 4
[INIT], AverageLatency(ns), 6.32114176E8
[INIT], MinLatency(ns), 631730176
[INIT], MaxLatency(ns), 632487935
[INIT], 95thPercentileLatency(ns), 632487935
[INIT], 99thPercentileLatency(ns), 632487935
[GCS], Operations, 16
[GCS], AverageLatency(ns), 3.375
[GCS], MinLatency(ns), 0
[GCS], MaxLatency(ns), 18
[GCS], 95thPercentileLatency(ns), 5
[GCS], 99thPercentileLatency(ns), 18
[LOAD_GCs_Count], Operations, 4
[LOAD_GCs_Count], AverageLatency(ns), 18.0
[LOAD_GCs_Count], MinLatency(ns), 18
[LOAD_GCs_Count], MaxLatency(ns), 18
[LOAD_GCs_Count], 95thPercentileLatency(ns), 18
[LOAD_GCs_Count], 99thPercentileLatency(ns), 18
[CLEANUP], Operations, 4
[CLEANUP], AverageLatency(ns), 1.093390272E9
[CLEANUP], MinLatency(ns), 72185344
[CLEANUP], MaxLatency(ns), 1813782527
[CLEANUP], 95thPercentileLatency(ns), 1813782527
[CLEANUP], 99thPercentileLatency(ns), 1813782527
[INSERT], Operations, 1000000
[INSERT], AverageLatency(ns), 47486.215015
[INSERT], MinLatency(ns), 24427
[INSERT], MaxLatency(ns), 95310335
[INSERT], 95thPercentileLatency(ns), 54957
[INSERT], 99thPercentileLatency(ns), 88048
[INSERT], Return=OK, 1000000
[UPDATE], Operations, 6001207
[UPDATE], AverageLatency(ns), 61382.62816196808
[UPDATE], MinLatency(ns), 22805
[UPDATE], MaxLatency(ns), 254488575
[UPDATE], 95thPercentileLatency(ns), 90633
[UPDATE], 99thPercentileLatency(ns), 110878
[UPDATE], Return=OK, 6001207
