/home/anatole/jdk8u/build/linux-x86_64-normal-server-release/jdk/bin/java -Xmx20g -XX:+UseG1GC -classpath /home/anatole/ycsb/conf:/home/anatole/ycsb/core/target/core-0.18.0-SNAPSHOT.jar:/home/anatole/ycsb/core/target/dependency/HdrHistogram-2.1.4.jar:/home/anatole/ycsb/core/target/dependency/guava-18.0.jar:/home/anatole/ycsb/core/target/dependency/htrace-core4-4.1.0-incubating.jar:/home/anatole/ycsb/core/target/dependency/jackson-core-asl-1.9.4.jar:/home/anatole/ycsb/core/target/dependency/jackson-mapper-asl-1.9.4.jar:/home/anatole/ycsb/core/target/dependency/javax.persistence-api-2.2.jar:/home/anatole/ycsb/core/target/dependency/jnvm-1.0-SNAPSHOT.jar:/home/anatole/ycsb/core/target/dependency/pcj-1.0.jar:/home/anatole/ycsb/core/target/dependency/unsafe-helper-1.0.jar:/home/anatole/ycsb/infinispan/src/main/conf:/home/anatole/ycsb/infinispan/target/infinispan-binding-0.18.0-SNAPSHOT.jar:/home/anatole/ycsb/infinispan/target/dependency/caffeine-2.6.2.jar:/home/anatole/ycsb/infinispan/target/dependency/gson-2.8.2.jar:/home/anatole/ycsb/infinispan/target/dependency/guava-18.0.jar:/home/anatole/ycsb/infinispan/target/dependency/infinispan-cachestore-jnvm-1.0-SNAPSHOT.jar:/home/anatole/ycsb/infinispan/target/dependency/infinispan-cachestore-pcj-1.0-SNAPSHOT.jar:/home/anatole/ycsb/infinispan/target/dependency/infinispan-client-hotrod-9.4.20.Final.jar:/home/anatole/ycsb/infinispan/target/dependency/infinispan-commons-9.4.20.Final.jar:/home/anatole/ycsb/infinispan/target/dependency/infinispan-core-9.4.20.Final.jar:/home/anatole/ycsb/infinispan/target/dependency/javax.persistence-api-2.2.jar:/home/anatole/ycsb/infinispan/target/dependency/jboss-logging-3.3.2.Final.jar:/home/anatole/ycsb/infinispan/target/dependency/jboss-marshalling-osgi-2.0.6.Final.jar:/home/anatole/ycsb/infinispan/target/dependency/jboss-transaction-api_1.2_spec-1.1.1.Final.jar:/home/anatole/ycsb/infinispan/target/dependency/jgroups-4.0.21.Final.jar:/home/anatole/ycsb/infinispan/target/dependency/jnvm-1.0-SNAPSHOT.jar:/home/anatole/ycsb/infinispan/target/dependency/metainf-services-1.7.jar:/home/anatole/ycsb/infinispan/target/dependency/netty-buffer-4.1.51.Final.jar:/home/anatole/ycsb/infinispan/target/dependency/netty-codec-4.1.51.Final.jar:/home/anatole/ycsb/infinispan/target/dependency/netty-common-4.1.51.Final.jar:/home/anatole/ycsb/infinispan/target/dependency/netty-handler-4.1.51.Final.jar:/home/anatole/ycsb/infinispan/target/dependency/netty-resolver-4.1.51.Final.jar:/home/anatole/ycsb/infinispan/target/dependency/netty-transport-4.1.51.Final.jar:/home/anatole/ycsb/infinispan/target/dependency/netty-transport-native-epoll-4.1.51.Final-linux-x86_64.jar:/home/anatole/ycsb/infinispan/target/dependency/netty-transport-native-unix-common-4.1.51.Final.jar:/home/anatole/ycsb/infinispan/target/dependency/pcj-1.0.jar:/home/anatole/ycsb/infinispan/target/dependency/reactive-streams-1.0.2.jar:/home/anatole/ycsb/infinispan/target/dependency/rxjava-2.2.4.jar:/home/anatole/ycsb/infinispan/target/dependency/unsafe-helper-1.0.jar site.ycsb.Client -t -db site.ycsb.db.InfinispanClient -P ../workloads/workloada -preload -s -threads 8 -p dataintegrity=true -p offheap=false -p pcj=false -p recordcount=1000000 -p operationcount=24000000 -p fieldcount=10 -p fieldlength=100 -p requestdistribution=zipfian -p measurement.trackjvm=true -p measurementtype=hdrhistogram -p hdrhistogram.output.path=./out/exp5.concurrent.ref/log/infinispan.run.workloada.true.1000000.1000000.10.100.zipfian.8.true..default.default.none.r5.hdr.log
[OVERALL], RunTime(ms), 33347
[OVERALL], Throughput(ops/sec), 749692.6260233304
[TOTAL_GCS_G1_Young_Generation], Count, 86
[TOTAL_GC_TIME_G1_Young_Generation], Time(ms), 12230
[TOTAL_GC_TIME_%_G1_Young_Generation], Time(%), 36.67496326506132
[TOTAL_GCS_G1_Old_Generation], Count, 0
[TOTAL_GC_TIME_G1_Old_Generation], Time(ms), 0
[TOTAL_GC_TIME_%_G1_Old_Generation], Time(%), 0.0
[TOTAL_GCs], Count, 86
[TOTAL_GC_TIME], Time(ms), 12230
[TOTAL_GC_TIME_%], Time(%), 36.67496326506132
[MAX_MEM_USED], MBs, 8995
[MIN_MEM_USED], MBs, 60
[MAX_THREADS], Count, 40
[MIN_THREADS], Count, 4
[MAX_SYS_LOAD_AVG], Load, 19.34
[MIN_SYS_LOAD_AVG], Load, 18.38
[THREAD_COUNT], Operations, 5
[THREAD_COUNT], AverageLatency(ns), 26.8
[THREAD_COUNT], MinLatency(ns), 4
[THREAD_COUNT], MaxLatency(ns), 40
[THREAD_COUNT], 95thPercentileLatency(ns), 40
[THREAD_COUNT], 99thPercentileLatency(ns), 40
[SYS_LOAD_AVG], Operations, 5
[SYS_LOAD_AVG], AverageLatency(ns), 18.6
[SYS_LOAD_AVG], MinLatency(ns), 18
[SYS_LOAD_AVG], MaxLatency(ns), 19
[SYS_LOAD_AVG], 95thPercentileLatency(ns), 19
[SYS_LOAD_AVG], 99thPercentileLatency(ns), 19
[LOAD], Operations, 8
[LOAD], AverageLatency(ns), 5.589823488E9
[LOAD], MinLatency(ns), 5359796224
[LOAD], MaxLatency(ns), 5708873727
[LOAD], 95thPercentileLatency(ns), 5708873727
[LOAD], 99thPercentileLatency(ns), 5708873727
[USED_MEM_MB], Operations, 5
[USED_MEM_MB], AverageLatency(ns), 5844.4
[USED_MEM_MB], MinLatency(ns), 60
[USED_MEM_MB], MaxLatency(ns), 8995
[USED_MEM_MB], 95thPercentileLatency(ns), 8995
[USED_MEM_MB], 99thPercentileLatency(ns), 8995
[MAIN_GCs_Count], Operations, 8
[MAIN_GCs_Count], AverageLatency(ns), 59.625
[MAIN_GCs_Count], MinLatency(ns), 59
[MAIN_GCs_Count], MaxLatency(ns), 60
[MAIN_GCs_Count], 95thPercentileLatency(ns), 60
[MAIN_GCs_Count], 99thPercentileLatency(ns), 60
[MAIN_GCs_Time(ms)], Operations, 8
[MAIN_GCs_Time(ms)], AverageLatency(ns), 10004.25
[MAIN_GCs_Time(ms)], MinLatency(ns), 9903
[MAIN_GCs_Time(ms)], MaxLatency(ns), 10065
[MAIN_GCs_Time(ms)], 95thPercentileLatency(ns), 10065
[MAIN_GCs_Time(ms)], 99thPercentileLatency(ns), 10065
[TRANSACTION], Operations, 8
[TRANSACTION], AverageLatency(ns), 2.6052673536E10
[TRANSACTION], MinLatency(ns), 25661669376
[TRANSACTION], MaxLatency(ns), 26368016383
[TRANSACTION], 95thPercentileLatency(ns), 26368016383
[TRANSACTION], 99thPercentileLatency(ns), 26368016383
[GCS_TIME], Operations, 5
[GCS_TIME], AverageLatency(ns), 2446.0
[GCS_TIME], MinLatency(ns), 0
[GCS_TIME], MaxLatency(ns), 4337
[GCS_TIME], 95thPercentileLatency(ns), 4337
[GCS_TIME], 99thPercentileLatency(ns), 4337
[LOAD_GCs_Time(ms)], Operations, 8
[LOAD_GCs_Time(ms)], AverageLatency(ns), 2103.0
[LOAD_GCs_Time(ms)], MinLatency(ns), 1977
[LOAD_GCs_Time(ms)], MaxLatency(ns), 2145
[LOAD_GCs_Time(ms)], 95thPercentileLatency(ns), 2145
[LOAD_GCs_Time(ms)], 99thPercentileLatency(ns), 2145
[READ], Operations, 11999395
[READ], AverageLatency(ns), 2112.0468705297226
[READ], MinLatency(ns), 189
[READ], MaxLatency(ns), 208576511
[READ], 95thPercentileLatency(ns), 1946
[READ], 99thPercentileLatency(ns), 17029
[READ], Return=OK, 11999395
[INIT], Operations, 8
[INIT], AverageLatency(ns), 6.47933952E8
[INIT], MinLatency(ns), 646844416
[INIT], MaxLatency(ns), 649256959
[INIT], 95thPercentileLatency(ns), 649256959
[INIT], 99thPercentileLatency(ns), 649256959
[GCS], Operations, 5
[GCS], AverageLatency(ns), 17.2
[GCS], MinLatency(ns), 0
[GCS], MaxLatency(ns), 39
[GCS], 95thPercentileLatency(ns), 39
[GCS], 99thPercentileLatency(ns), 39
[LOAD_GCs_Count], Operations, 8
[LOAD_GCs_Count], AverageLatency(ns), 24.75
[LOAD_GCs_Count], MinLatency(ns), 24
[LOAD_GCs_Count], MaxLatency(ns), 25
[LOAD_GCs_Count], 95thPercentileLatency(ns), 25
[LOAD_GCs_Count], 99thPercentileLatency(ns), 25
[CLEANUP], Operations, 8
[CLEANUP], AverageLatency(ns), 7.94935296E8
[CLEANUP], MinLatency(ns), 484655104
[CLEANUP], MaxLatency(ns), 1150222335
[CLEANUP], 95thPercentileLatency(ns), 1150222335
[CLEANUP], 99thPercentileLatency(ns), 1150222335
[INSERT], Operations, 1000000
[INSERT], AverageLatency(ns), 22788.131162
[INSERT], MinLatency(ns), 1838
[INSERT], MaxLatency(ns), 175721471
[INSERT], 95thPercentileLatency(ns), 13555
[INSERT], 99thPercentileLatency(ns), 44465
[INSERT], Return=OK, 1000000
[UPDATE], Operations, 12000605
[UPDATE], AverageLatency(ns), 9231.905326856438
[UPDATE], MinLatency(ns), 1332
[UPDATE], MaxLatency(ns), 209065983
[UPDATE], 95thPercentileLatency(ns), 11281
[UPDATE], 99thPercentileLatency(ns), 31163
[UPDATE], Return=OK, 12000605
