/home/anatole/jdk8u/build/linux-x86_64-normal-server-release/jdk/bin/java -Xmx20g -XX:+UseG1GC -classpath /home/anatole/ycsb/conf:/home/anatole/ycsb/core/target/core-0.18.0-SNAPSHOT.jar:/home/anatole/ycsb/core/target/dependency/HdrHistogram-2.1.4.jar:/home/anatole/ycsb/core/target/dependency/guava-18.0.jar:/home/anatole/ycsb/core/target/dependency/htrace-core4-4.1.0-incubating.jar:/home/anatole/ycsb/core/target/dependency/jackson-core-asl-1.9.4.jar:/home/anatole/ycsb/core/target/dependency/jackson-mapper-asl-1.9.4.jar:/home/anatole/ycsb/core/target/dependency/javax.persistence-api-2.2.jar:/home/anatole/ycsb/core/target/dependency/jnvm-1.0-SNAPSHOT.jar:/home/anatole/ycsb/core/target/dependency/pcj-1.0.jar:/home/anatole/ycsb/core/target/dependency/unsafe-helper-1.0.jar:/home/anatole/ycsb/infinispan/src/main/conf:/home/anatole/ycsb/infinispan/target/infinispan-binding-0.18.0-SNAPSHOT.jar:/home/anatole/ycsb/infinispan/target/dependency/caffeine-2.6.2.jar:/home/anatole/ycsb/infinispan/target/dependency/gson-2.8.2.jar:/home/anatole/ycsb/infinispan/target/dependency/guava-18.0.jar:/home/anatole/ycsb/infinispan/target/dependency/infinispan-cachestore-jnvm-1.0-SNAPSHOT.jar:/home/anatole/ycsb/infinispan/target/dependency/infinispan-cachestore-pcj-1.0-SNAPSHOT.jar:/home/anatole/ycsb/infinispan/target/dependency/infinispan-client-hotrod-9.4.20.Final.jar:/home/anatole/ycsb/infinispan/target/dependency/infinispan-commons-9.4.20.Final.jar:/home/anatole/ycsb/infinispan/target/dependency/infinispan-core-9.4.20.Final.jar:/home/anatole/ycsb/infinispan/target/dependency/javax.persistence-api-2.2.jar:/home/anatole/ycsb/infinispan/target/dependency/jboss-logging-3.3.2.Final.jar:/home/anatole/ycsb/infinispan/target/dependency/jboss-marshalling-osgi-2.0.6.Final.jar:/home/anatole/ycsb/infinispan/target/dependency/jboss-transaction-api_1.2_spec-1.1.1.Final.jar:/home/anatole/ycsb/infinispan/target/dependency/jgroups-4.0.21.Final.jar:/home/anatole/ycsb/infinispan/target/dependency/jnvm-1.0-SNAPSHOT.jar:/home/anatole/ycsb/infinispan/target/dependency/metainf-services-1.7.jar:/home/anatole/ycsb/infinispan/target/dependency/netty-buffer-4.1.51.Final.jar:/home/anatole/ycsb/infinispan/target/dependency/netty-codec-4.1.51.Final.jar:/home/anatole/ycsb/infinispan/target/dependency/netty-common-4.1.51.Final.jar:/home/anatole/ycsb/infinispan/target/dependency/netty-handler-4.1.51.Final.jar:/home/anatole/ycsb/infinispan/target/dependency/netty-resolver-4.1.51.Final.jar:/home/anatole/ycsb/infinispan/target/dependency/netty-transport-4.1.51.Final.jar:/home/anatole/ycsb/infinispan/target/dependency/netty-transport-native-epoll-4.1.51.Final-linux-x86_64.jar:/home/anatole/ycsb/infinispan/target/dependency/netty-transport-native-unix-common-4.1.51.Final.jar:/home/anatole/ycsb/infinispan/target/dependency/pcj-1.0.jar:/home/anatole/ycsb/infinispan/target/dependency/reactive-streams-1.0.2.jar:/home/anatole/ycsb/infinispan/target/dependency/rxjava-2.2.4.jar:/home/anatole/ycsb/infinispan/target/dependency/unsafe-helper-1.0.jar site.ycsb.Client -t -db site.ycsb.db.InfinispanJNVMClient -P ../workloads/workloadc -preload -s -threads 32 -p dataintegrity=true -p offheap=true -p pcj=false -p recordcount=1000000 -p operationcount=60000000 -p fieldcount=10 -p fieldlength=100 -p requestdistribution=zipfian -p measurement.trackjvm=true -p measurementtype=hdrhistogram -p hdrhistogram.output.path=./out/exp5.concurrent.ref/log/infinispan-jnvm.run.workloadc.true.1000000.1.10.100.zipfian.32.false..default.default.none.r6.hdr.log
[OVERALL], RunTime(ms), 89942
[OVERALL], Throughput(ops/sec), 678214.8495697227
[TOTAL_GCS_G1_Young_Generation], Count, 33
[TOTAL_GC_TIME_G1_Young_Generation], Time(ms), 2571
[TOTAL_GC_TIME_%_G1_Young_Generation], Time(%), 2.8585088167930444
[TOTAL_GCS_G1_Old_Generation], Count, 0
[TOTAL_GC_TIME_G1_Old_Generation], Time(ms), 0
[TOTAL_GC_TIME_%_G1_Old_Generation], Time(%), 0.0
[TOTAL_GCs], Count, 33
[TOTAL_GC_TIME], Time(ms), 2571
[TOTAL_GC_TIME_%], Time(%), 2.8585088167930444
[MAX_MEM_USED], MBs, 13216
[MIN_MEM_USED], MBs, 92
[MAX_THREADS], Count, 38
[MIN_THREADS], Count, 3
[MAX_SYS_LOAD_AVG], Load, 13.08
[MIN_SYS_LOAD_AVG], Load, 8.53
[THREAD_COUNT], Operations, 10
[THREAD_COUNT], AverageLatency(ns), 34.0
[THREAD_COUNT], MinLatency(ns), 3
[THREAD_COUNT], MaxLatency(ns), 38
[THREAD_COUNT], 95thPercentileLatency(ns), 38
[THREAD_COUNT], 99thPercentileLatency(ns), 38
[SYS_LOAD_AVG], Operations, 10
[SYS_LOAD_AVG], AverageLatency(ns), 10.4
[SYS_LOAD_AVG], MinLatency(ns), 8
[SYS_LOAD_AVG], MaxLatency(ns), 13
[SYS_LOAD_AVG], 95thPercentileLatency(ns), 13
[SYS_LOAD_AVG], 99thPercentileLatency(ns), 13
[LOAD], Operations, 32
[LOAD], AverageLatency(ns), 1.6878200832E10
[LOAD], MinLatency(ns), 16080764928
[LOAD], MaxLatency(ns), 17040343039
[LOAD], 95thPercentileLatency(ns), 17022910463
[LOAD], 99thPercentileLatency(ns), 17040343039
[USED_MEM_MB], Operations, 10
[USED_MEM_MB], AverageLatency(ns), 9281.8
[USED_MEM_MB], MinLatency(ns), 92
[USED_MEM_MB], MaxLatency(ns), 13216
[USED_MEM_MB], 95thPercentileLatency(ns), 13216
[USED_MEM_MB], 99thPercentileLatency(ns), 13216
[MAIN_GCs_Count], Operations, 32
[MAIN_GCs_Count], AverageLatency(ns), 8.0
[MAIN_GCs_Count], MinLatency(ns), 8
[MAIN_GCs_Count], MaxLatency(ns), 8
[MAIN_GCs_Count], 95thPercentileLatency(ns), 8
[MAIN_GCs_Count], 99thPercentileLatency(ns), 8
[MAIN_GCs_Time(ms)], Operations, 32
[MAIN_GCs_Time(ms)], AverageLatency(ns), 632.0
[MAIN_GCs_Time(ms)], MinLatency(ns), 632
[MAIN_GCs_Time(ms)], MaxLatency(ns), 632
[MAIN_GCs_Time(ms)], 95thPercentileLatency(ns), 632
[MAIN_GCs_Time(ms)], 99thPercentileLatency(ns), 632
[TRANSACTION], Operations, 32
[TRANSACTION], AverageLatency(ns), 7.0865190912E10
[TRANSACTION], MinLatency(ns), 70368886784
[TRANSACTION], MaxLatency(ns), 71100268543
[TRANSACTION], 95thPercentileLatency(ns), 71068811263
[TRANSACTION], 99thPercentileLatency(ns), 71100268543
[GCS_TIME], Operations, 10
[GCS_TIME], AverageLatency(ns), 257.1
[GCS_TIME], MinLatency(ns), 0
[GCS_TIME], MaxLatency(ns), 1009
[GCS_TIME], 95thPercentileLatency(ns), 1009
[GCS_TIME], 99thPercentileLatency(ns), 1009
[LOAD_GCs_Time(ms)], Operations, 32
[LOAD_GCs_Time(ms)], AverageLatency(ns), 1901.65625
[LOAD_GCs_Time(ms)], MinLatency(ns), 1736
[LOAD_GCs_Time(ms)], MaxLatency(ns), 1907
[LOAD_GCs_Time(ms)], 95thPercentileLatency(ns), 1907
[LOAD_GCs_Time(ms)], 99thPercentileLatency(ns), 1907
[READ], Operations, 60000000
[READ], AverageLatency(ns), 34687.70015051667
[READ], MinLatency(ns), 410
[READ], MaxLatency(ns), 84175871
[READ], 95thPercentileLatency(ns), 263287
[READ], 99thPercentileLatency(ns), 292263
[READ], Return=OK, 60000000
[INIT], Operations, 32
[INIT], AverageLatency(ns), 1.601865472E9
[INIT], MinLatency(ns), 1595064320
[INIT], MaxLatency(ns), 1609490431
[INIT], 95thPercentileLatency(ns), 1607966719
[INIT], 99thPercentileLatency(ns), 1609490431
[GCS], Operations, 10
[GCS], AverageLatency(ns), 3.3
[GCS], MinLatency(ns), 0
[GCS], MaxLatency(ns), 19
[GCS], 95thPercentileLatency(ns), 19
[GCS], 99thPercentileLatency(ns), 19
[LOAD_GCs_Count], Operations, 32
[LOAD_GCs_Count], AverageLatency(ns), 22.96875
[LOAD_GCs_Count], MinLatency(ns), 22
[LOAD_GCs_Count], MaxLatency(ns), 23
[LOAD_GCs_Count], 95thPercentileLatency(ns), 23
[LOAD_GCs_Count], 99thPercentileLatency(ns), 23
[CLEANUP], Operations, 32
[CLEANUP], AverageLatency(ns), 2.425969875E8
[CLEANUP], MinLatency(ns), 8357408
[CLEANUP], MaxLatency(ns), 716472319
[CLEANUP], 95thPercentileLatency(ns), 583196671
[CLEANUP], 99thPercentileLatency(ns), 716472319
[INSERT], Operations, 1000000
[INSERT], AverageLatency(ns), 206319.342665
[INSERT], MinLatency(ns), 5079
[INSERT], MaxLatency(ns), 209816575
[INSERT], 95thPercentileLatency(ns), 199518
[INSERT], 99thPercentileLatency(ns), 3993055
[INSERT], Return=OK, 1000000
