/home/anatole/jdk8u/build/linux-x86_64-normal-server-release/jdk/bin/java -Xmx20g -XX:+UseG1GC -classpath /home/anatole/ycsb/conf:/home/anatole/ycsb/core/target/core-0.18.0-SNAPSHOT.jar:/home/anatole/ycsb/core/target/dependency/HdrHistogram-2.1.4.jar:/home/anatole/ycsb/core/target/dependency/guava-18.0.jar:/home/anatole/ycsb/core/target/dependency/htrace-core4-4.1.0-incubating.jar:/home/anatole/ycsb/core/target/dependency/jackson-core-asl-1.9.4.jar:/home/anatole/ycsb/core/target/dependency/jackson-mapper-asl-1.9.4.jar:/home/anatole/ycsb/core/target/dependency/javax.persistence-api-2.2.jar:/home/anatole/ycsb/core/target/dependency/jnvm-1.0-SNAPSHOT.jar:/home/anatole/ycsb/core/target/dependency/pcj-1.0.jar:/home/anatole/ycsb/core/target/dependency/unsafe-helper-1.0.jar:/home/anatole/ycsb/infinispan/src/main/conf:/home/anatole/ycsb/infinispan/target/infinispan-binding-0.18.0-SNAPSHOT.jar:/home/anatole/ycsb/infinispan/target/dependency/caffeine-2.6.2.jar:/home/anatole/ycsb/infinispan/target/dependency/gson-2.8.2.jar:/home/anatole/ycsb/infinispan/target/dependency/guava-18.0.jar:/home/anatole/ycsb/infinispan/target/dependency/infinispan-cachestore-jnvm-1.0-SNAPSHOT.jar:/home/anatole/ycsb/infinispan/target/dependency/infinispan-cachestore-pcj-1.0-SNAPSHOT.jar:/home/anatole/ycsb/infinispan/target/dependency/infinispan-client-hotrod-9.4.20.Final.jar:/home/anatole/ycsb/infinispan/target/dependency/infinispan-commons-9.4.20.Final.jar:/home/anatole/ycsb/infinispan/target/dependency/infinispan-core-9.4.20.Final.jar:/home/anatole/ycsb/infinispan/target/dependency/javax.persistence-api-2.2.jar:/home/anatole/ycsb/infinispan/target/dependency/jboss-logging-3.3.2.Final.jar:/home/anatole/ycsb/infinispan/target/dependency/jboss-marshalling-osgi-2.0.6.Final.jar:/home/anatole/ycsb/infinispan/target/dependency/jboss-transaction-api_1.2_spec-1.1.1.Final.jar:/home/anatole/ycsb/infinispan/target/dependency/jgroups-4.0.21.Final.jar:/home/anatole/ycsb/infinispan/target/dependency/jnvm-1.0-SNAPSHOT.jar:/home/anatole/ycsb/infinispan/target/dependency/metainf-services-1.7.jar:/home/anatole/ycsb/infinispan/target/dependency/netty-buffer-4.1.51.Final.jar:/home/anatole/ycsb/infinispan/target/dependency/netty-codec-4.1.51.Final.jar:/home/anatole/ycsb/infinispan/target/dependency/netty-common-4.1.51.Final.jar:/home/anatole/ycsb/infinispan/target/dependency/netty-handler-4.1.51.Final.jar:/home/anatole/ycsb/infinispan/target/dependency/netty-resolver-4.1.51.Final.jar:/home/anatole/ycsb/infinispan/target/dependency/netty-transport-4.1.51.Final.jar:/home/anatole/ycsb/infinispan/target/dependency/netty-transport-native-epoll-4.1.51.Final-linux-x86_64.jar:/home/anatole/ycsb/infinispan/target/dependency/netty-transport-native-unix-common-4.1.51.Final.jar:/home/anatole/ycsb/infinispan/target/dependency/pcj-1.0.jar:/home/anatole/ycsb/infinispan/target/dependency/reactive-streams-1.0.2.jar:/home/anatole/ycsb/infinispan/target/dependency/rxjava-2.2.4.jar:/home/anatole/ycsb/infinispan/target/dependency/unsafe-helper-1.0.jar site.ycsb.Client -t -db site.ycsb.db.InfinispanJNVMClient -P ../workloads/workloada -preload -s -threads 36 -p dataintegrity=true -p offheap=true -p pcj=false -p recordcount=1000000 -p operationcount=60000000 -p fieldcount=10 -p fieldlength=100 -p requestdistribution=zipfian -p measurement.trackjvm=true -p measurementtype=hdrhistogram -p hdrhistogram.output.path=./out/exp5.concurrent.ref/log/infinispan-jnvm.run.workloada.true.1000000.1.10.100.zipfian.36.false..default.default.none.r5.hdr.log
[OVERALL], RunTime(ms), 124699
[OVERALL], Throughput(ops/sec), 489177.94048067747
[TOTAL_GCS_G1_Young_Generation], Count, 179
[TOTAL_GC_TIME_G1_Young_Generation], Time(ms), 33131
[TOTAL_GC_TIME_%_G1_Young_Generation], Time(%), 26.568777616500533
[TOTAL_GCS_G1_Old_Generation], Count, 0
[TOTAL_GC_TIME_G1_Old_Generation], Time(ms), 0
[TOTAL_GC_TIME_%_G1_Old_Generation], Time(%), 0.0
[TOTAL_GCs], Count, 179
[TOTAL_GC_TIME], Time(ms), 33131
[TOTAL_GC_TIME_%], Time(%), 26.568777616500533
[MAX_MEM_USED], MBs, 7179
[MIN_MEM_USED], MBs, 98
[MAX_THREADS], Count, 42
[MIN_THREADS], Count, 3
[MAX_SYS_LOAD_AVG], Load, 22.64
[MIN_SYS_LOAD_AVG], Load, 15.85
[THREAD_COUNT], Operations, 14
[THREAD_COUNT], AverageLatency(ns), 38.57142857142857
[THREAD_COUNT], MinLatency(ns), 3
[THREAD_COUNT], MaxLatency(ns), 42
[THREAD_COUNT], 95thPercentileLatency(ns), 42
[THREAD_COUNT], 99thPercentileLatency(ns), 42
[SYS_LOAD_AVG], Operations, 14
[SYS_LOAD_AVG], AverageLatency(ns), 20.0
[SYS_LOAD_AVG], MinLatency(ns), 15
[SYS_LOAD_AVG], MaxLatency(ns), 22
[SYS_LOAD_AVG], 95thPercentileLatency(ns), 22
[SYS_LOAD_AVG], 99thPercentileLatency(ns), 22
[LOAD], Operations, 36
[LOAD], AverageLatency(ns), 1.7386579740444443E10
[LOAD], MinLatency(ns), 16901406720
[LOAD], MaxLatency(ns), 17490509823
[LOAD], 95thPercentileLatency(ns), 17483563007
[LOAD], 99thPercentileLatency(ns), 17490509823
[USED_MEM_MB], Operations, 14
[USED_MEM_MB], AverageLatency(ns), 5056.642857142857
[USED_MEM_MB], MinLatency(ns), 98
[USED_MEM_MB], MaxLatency(ns), 7179
[USED_MEM_MB], 95thPercentileLatency(ns), 7130
[USED_MEM_MB], 99thPercentileLatency(ns), 7179
[MAIN_GCs_Count], Operations, 36
[MAIN_GCs_Count], AverageLatency(ns), 153.30555555555554
[MAIN_GCs_Count], MinLatency(ns), 153
[MAIN_GCs_Count], MaxLatency(ns), 154
[MAIN_GCs_Count], 95thPercentileLatency(ns), 154
[MAIN_GCs_Count], 99thPercentileLatency(ns), 154
[MAIN_GCs_Time(ms)], Operations, 36
[MAIN_GCs_Time(ms)], AverageLatency(ns), 31027.666666666668
[MAIN_GCs_Time(ms)], MinLatency(ns), 30958
[MAIN_GCs_Time(ms)], MaxLatency(ns), 31186
[MAIN_GCs_Time(ms)], 95thPercentileLatency(ns), 31186
[MAIN_GCs_Time(ms)], 99thPercentileLatency(ns), 31186
[TRANSACTION], Operations, 36
[TRANSACTION], AverageLatency(ns), 1.0510343281777777E11
[TRANSACTION], MinLatency(ns), 104802549760
[TRANSACTION], MaxLatency(ns), 105433268223
[TRANSACTION], 95thPercentileLatency(ns), 105397092351
[TRANSACTION], 99thPercentileLatency(ns), 105433268223
[GCS_TIME], Operations, 14
[GCS_TIME], AverageLatency(ns), 2366.5
[GCS_TIME], MinLatency(ns), 0
[GCS_TIME], MaxLatency(ns), 3050
[GCS_TIME], 95thPercentileLatency(ns), 3047
[GCS_TIME], 99thPercentileLatency(ns), 3050
[LOAD_GCs_Time(ms)], Operations, 36
[LOAD_GCs_Time(ms)], AverageLatency(ns), 1902.6666666666667
[LOAD_GCs_Time(ms)], MinLatency(ns), 1756
[LOAD_GCs_Time(ms)], MaxLatency(ns), 1916
[LOAD_GCs_Time(ms)], 95thPercentileLatency(ns), 1916
[LOAD_GCs_Time(ms)], 99thPercentileLatency(ns), 1916
[READ], Operations, 29995612
[READ], AverageLatency(ns), 48182.10646960629
[READ], MinLatency(ns), 269
[READ], MaxLatency(ns), 267267071
[READ], 95thPercentileLatency(ns), 250278
[READ], 99thPercentileLatency(ns), 306143
[READ], Return=OK, 29995612
[INIT], Operations, 36
[INIT], AverageLatency(ns), 1.5956948764444444E9
[INIT], MinLatency(ns), 1588477952
[INIT], MaxLatency(ns), 1604247551
[INIT], 95thPercentileLatency(ns), 1602895871
[INIT], 99thPercentileLatency(ns), 1604247551
[GCS], Operations, 14
[GCS], AverageLatency(ns), 12.785714285714286
[GCS], MinLatency(ns), 0
[GCS], MaxLatency(ns), 20
[GCS], 95thPercentileLatency(ns), 15
[GCS], 99thPercentileLatency(ns), 20
[LOAD_GCs_Count], Operations, 36
[LOAD_GCs_Count], AverageLatency(ns), 22.916666666666668
[LOAD_GCs_Count], MinLatency(ns), 22
[LOAD_GCs_Count], MaxLatency(ns), 23
[LOAD_GCs_Count], 95thPercentileLatency(ns), 23
[LOAD_GCs_Count], 99thPercentileLatency(ns), 23
[CLEANUP], Operations, 36
[CLEANUP], AverageLatency(ns), 3.346625488888889E8
[CLEANUP], MinLatency(ns), 6390176
[CLEANUP], MaxLatency(ns), 597491711
[CLEANUP], 95thPercentileLatency(ns), 587612159
[CLEANUP], 99thPercentileLatency(ns), 597491711
[INSERT], Operations, 1000000
[INSERT], AverageLatency(ns), 254201.129212
[INSERT], MinLatency(ns), 5191
[INSERT], MaxLatency(ns), 199239679
[INSERT], 95thPercentileLatency(ns), 340521
[INSERT], 99thPercentileLatency(ns), 4323935
[INSERT], Return=OK, 1000000
[UPDATE], Operations, 30004388
[UPDATE], AverageLatency(ns), 54975.41988845098
[UPDATE], MinLatency(ns), 383
[UPDATE], MaxLatency(ns), 267312127
[UPDATE], 95thPercentileLatency(ns), 256089
[UPDATE], 99thPercentileLatency(ns), 308993
[UPDATE], Return=OK, 30004388
