/home/anatole/jdk8u/build/linux-x86_64-normal-server-release/jdk/bin/java -Xmx20g -XX:+UseG1GC -classpath /home/anatole/ycsb/conf:/home/anatole/ycsb/core/target/core-0.18.0-SNAPSHOT.jar:/home/anatole/ycsb/core/target/dependency/HdrHistogram-2.1.4.jar:/home/anatole/ycsb/core/target/dependency/guava-18.0.jar:/home/anatole/ycsb/core/target/dependency/htrace-core4-4.1.0-incubating.jar:/home/anatole/ycsb/core/target/dependency/jackson-core-asl-1.9.4.jar:/home/anatole/ycsb/core/target/dependency/jackson-mapper-asl-1.9.4.jar:/home/anatole/ycsb/core/target/dependency/javax.persistence-api-2.2.jar:/home/anatole/ycsb/core/target/dependency/jnvm-1.0-SNAPSHOT.jar:/home/anatole/ycsb/core/target/dependency/pcj-1.0.jar:/home/anatole/ycsb/core/target/dependency/unsafe-helper-1.0.jar:/home/anatole/ycsb/infinispan/src/main/conf:/home/anatole/ycsb/infinispan/target/infinispan-binding-0.18.0-SNAPSHOT.jar:/home/anatole/ycsb/infinispan/target/dependency/caffeine-2.6.2.jar:/home/anatole/ycsb/infinispan/target/dependency/gson-2.8.2.jar:/home/anatole/ycsb/infinispan/target/dependency/guava-18.0.jar:/home/anatole/ycsb/infinispan/target/dependency/infinispan-cachestore-jnvm-1.0-SNAPSHOT.jar:/home/anatole/ycsb/infinispan/target/dependency/infinispan-cachestore-pcj-1.0-SNAPSHOT.jar:/home/anatole/ycsb/infinispan/target/dependency/infinispan-client-hotrod-9.4.20.Final.jar:/home/anatole/ycsb/infinispan/target/dependency/infinispan-commons-9.4.20.Final.jar:/home/anatole/ycsb/infinispan/target/dependency/infinispan-core-9.4.20.Final.jar:/home/anatole/ycsb/infinispan/target/dependency/javax.persistence-api-2.2.jar:/home/anatole/ycsb/infinispan/target/dependency/jboss-logging-3.3.2.Final.jar:/home/anatole/ycsb/infinispan/target/dependency/jboss-marshalling-osgi-2.0.6.Final.jar:/home/anatole/ycsb/infinispan/target/dependency/jboss-transaction-api_1.2_spec-1.1.1.Final.jar:/home/anatole/ycsb/infinispan/target/dependency/jgroups-4.0.21.Final.jar:/home/anatole/ycsb/infinispan/target/dependency/jnvm-1.0-SNAPSHOT.jar:/home/anatole/ycsb/infinispan/target/dependency/metainf-services-1.7.jar:/home/anatole/ycsb/infinispan/target/dependency/netty-buffer-4.1.51.Final.jar:/home/anatole/ycsb/infinispan/target/dependency/netty-codec-4.1.51.Final.jar:/home/anatole/ycsb/infinispan/target/dependency/netty-common-4.1.51.Final.jar:/home/anatole/ycsb/infinispan/target/dependency/netty-handler-4.1.51.Final.jar:/home/anatole/ycsb/infinispan/target/dependency/netty-resolver-4.1.51.Final.jar:/home/anatole/ycsb/infinispan/target/dependency/netty-transport-4.1.51.Final.jar:/home/anatole/ycsb/infinispan/target/dependency/netty-transport-native-epoll-4.1.51.Final-linux-x86_64.jar:/home/anatole/ycsb/infinispan/target/dependency/netty-transport-native-unix-common-4.1.51.Final.jar:/home/anatole/ycsb/infinispan/target/dependency/pcj-1.0.jar:/home/anatole/ycsb/infinispan/target/dependency/reactive-streams-1.0.2.jar:/home/anatole/ycsb/infinispan/target/dependency/rxjava-2.2.4.jar:/home/anatole/ycsb/infinispan/target/dependency/unsafe-helper-1.0.jar site.ycsb.Client -t -db site.ycsb.db.InfinispanClient -P ../workloads/workloadc -preload -s -threads 32 -p dataintegrity=true -p offheap=false -p pcj=false -p recordcount=1000000 -p operationcount=60000000 -p fieldcount=10 -p fieldlength=100 -p requestdistribution=zipfian -p measurement.trackjvm=true -p measurementtype=hdrhistogram -p hdrhistogram.output.path=./out/exp5.concurrent.ref/log/infinispan.run.workloadc.true.1000000.100000.10.100.zipfian.32.false..default.default.none.r6.hdr.log
[OVERALL], RunTime(ms), 494070
[OVERALL], Throughput(ops/sec), 123464.28643714453
[TOTAL_GCS_G1_Young_Generation], Count, 84
[TOTAL_GC_TIME_G1_Young_Generation], Time(ms), 7625
[TOTAL_GC_TIME_%_G1_Young_Generation], Time(%), 1.5433035804643067
[TOTAL_GCS_G1_Old_Generation], Count, 0
[TOTAL_GC_TIME_G1_Old_Generation], Time(ms), 0
[TOTAL_GC_TIME_%_G1_Old_Generation], Time(%), 0.0
[TOTAL_GCs], Count, 84
[TOTAL_GC_TIME], Time(ms), 7625
[TOTAL_GC_TIME_%], Time(%), 1.5433035804643067
[MAX_MEM_USED], MBs, 12582
[MIN_MEM_USED], MBs, 94
[MAX_THREADS], Count, 38
[MIN_THREADS], Count, 2
[MAX_SYS_LOAD_AVG], Load, 13.45
[MIN_SYS_LOAD_AVG], Load, 9.09
[THREAD_COUNT], Operations, 51
[THREAD_COUNT], AverageLatency(ns), 35.72549019607843
[THREAD_COUNT], MinLatency(ns), 2
[THREAD_COUNT], MaxLatency(ns), 38
[THREAD_COUNT], 95thPercentileLatency(ns), 38
[THREAD_COUNT], 99thPercentileLatency(ns), 38
[SYS_LOAD_AVG], Operations, 51
[SYS_LOAD_AVG], AverageLatency(ns), 10.03921568627451
[SYS_LOAD_AVG], MinLatency(ns), 9
[SYS_LOAD_AVG], MaxLatency(ns), 13
[SYS_LOAD_AVG], 95thPercentileLatency(ns), 12
[SYS_LOAD_AVG], 99thPercentileLatency(ns), 13
[LOAD], Operations, 32
[LOAD], AverageLatency(ns), 1.321455616E10
[LOAD], MinLatency(ns), 10779033600
[LOAD], MaxLatency(ns), 14075363327
[LOAD], 95thPercentileLatency(ns), 14028046335
[LOAD], 99thPercentileLatency(ns), 14075363327
[USED_MEM_MB], Operations, 51
[USED_MEM_MB], AverageLatency(ns), 7338.666666666667
[USED_MEM_MB], MinLatency(ns), 94
[USED_MEM_MB], MaxLatency(ns), 12582
[USED_MEM_MB], 95thPercentileLatency(ns), 12340
[USED_MEM_MB], 99thPercentileLatency(ns), 12490
[MAIN_GCs_Count], Operations, 32
[MAIN_GCs_Count], AverageLatency(ns), 66.0
[MAIN_GCs_Count], MinLatency(ns), 66
[MAIN_GCs_Count], MaxLatency(ns), 66
[MAIN_GCs_Count], 95thPercentileLatency(ns), 66
[MAIN_GCs_Count], 99thPercentileLatency(ns), 66
[MAIN_GCs_Time(ms)], Operations, 32
[MAIN_GCs_Time(ms)], AverageLatency(ns), 6736.0
[MAIN_GCs_Time(ms)], MinLatency(ns), 6736
[MAIN_GCs_Time(ms)], MaxLatency(ns), 6736
[MAIN_GCs_Time(ms)], 95thPercentileLatency(ns), 6736
[MAIN_GCs_Time(ms)], 99thPercentileLatency(ns), 6736
[TRANSACTION], Operations, 32
[TRANSACTION], AverageLatency(ns), 4.7841574912E11
[TRANSACTION], MinLatency(ns), 475904606208
[TRANSACTION], MaxLatency(ns), 479058722815
[TRANSACTION], 95thPercentileLatency(ns), 479023071231
[TRANSACTION], 99thPercentileLatency(ns), 479058722815
[GCS_TIME], Operations, 51
[GCS_TIME], AverageLatency(ns), 149.50980392156862
[GCS_TIME], MinLatency(ns), 0
[GCS_TIME], MaxLatency(ns), 790
[GCS_TIME], 95thPercentileLatency(ns), 208
[GCS_TIME], 99thPercentileLatency(ns), 534
[LOAD_GCs_Time(ms)], Operations, 32
[LOAD_GCs_Time(ms)], AverageLatency(ns), 855.90625
[LOAD_GCs_Time(ms)], MinLatency(ns), 760
[LOAD_GCs_Time(ms)], MaxLatency(ns), 859
[LOAD_GCs_Time(ms)], 95thPercentileLatency(ns), 859
[LOAD_GCs_Time(ms)], 99thPercentileLatency(ns), 859
[READ], Operations, 60000000
[READ], AverageLatency(ns), 251902.23165215
[READ], MinLatency(ns), 275
[READ], MaxLatency(ns), 220053503
[READ], 95thPercentileLatency(ns), 1019267
[READ], 99thPercentileLatency(ns), 1533311
[READ], Return=OK, 60000000
[INIT], Operations, 32
[INIT], AverageLatency(ns), 6.00134656E8
[INIT], MinLatency(ns), 592814080
[INIT], MaxLatency(ns), 608129023
[INIT], 95thPercentileLatency(ns), 606736383
[INIT], 99thPercentileLatency(ns), 608129023
[GCS], Operations, 51
[GCS], AverageLatency(ns), 1.6470588235294117
[GCS], MinLatency(ns), 0
[GCS], MaxLatency(ns), 17
[GCS], 95thPercentileLatency(ns), 2
[GCS], 99thPercentileLatency(ns), 3
[LOAD_GCs_Count], Operations, 32
[LOAD_GCs_Count], AverageLatency(ns), 15.96875
[LOAD_GCs_Count], MinLatency(ns), 15
[LOAD_GCs_Count], MaxLatency(ns), 16
[LOAD_GCs_Count], 95thPercentileLatency(ns), 16
[LOAD_GCs_Count], 99thPercentileLatency(ns), 16
[CLEANUP], Operations, 32
[CLEANUP], AverageLatency(ns), 7.29070896E8
[CLEANUP], MinLatency(ns), 88474624
[CLEANUP], MaxLatency(ns), 3209445375
[CLEANUP], 95thPercentileLatency(ns), 2158395391
[CLEANUP], 99thPercentileLatency(ns), 3209445375
[INSERT], Operations, 1000000
[INSERT], AverageLatency(ns), 405395.534551
[INSERT], MinLatency(ns), 24087
[INSERT], MaxLatency(ns), 946786303
[INSERT], 95thPercentileLatency(ns), 450463
[INSERT], 99thPercentileLatency(ns), 675895
[INSERT], Return=OK, 1000000
