/home/anatole/jdk8u/build/linux-x86_64-normal-server-release/jdk/bin/java -Xmx20g -XX:+UseG1GC -classpath /home/anatole/ycsb/conf:/home/anatole/ycsb/core/target/core-0.18.0-SNAPSHOT.jar:/home/anatole/ycsb/core/target/dependency/HdrHistogram-2.1.4.jar:/home/anatole/ycsb/core/target/dependency/guava-18.0.jar:/home/anatole/ycsb/core/target/dependency/htrace-core4-4.1.0-incubating.jar:/home/anatole/ycsb/core/target/dependency/jackson-core-asl-1.9.4.jar:/home/anatole/ycsb/core/target/dependency/jackson-mapper-asl-1.9.4.jar:/home/anatole/ycsb/core/target/dependency/javax.persistence-api-2.2.jar:/home/anatole/ycsb/core/target/dependency/jnvm-1.0-SNAPSHOT.jar:/home/anatole/ycsb/core/target/dependency/pcj-1.0.jar:/home/anatole/ycsb/core/target/dependency/unsafe-helper-1.0.jar:/home/anatole/ycsb/infinispan/src/main/conf:/home/anatole/ycsb/infinispan/target/infinispan-binding-0.18.0-SNAPSHOT.jar:/home/anatole/ycsb/infinispan/target/dependency/caffeine-2.6.2.jar:/home/anatole/ycsb/infinispan/target/dependency/gson-2.8.2.jar:/home/anatole/ycsb/infinispan/target/dependency/guava-18.0.jar:/home/anatole/ycsb/infinispan/target/dependency/infinispan-cachestore-jnvm-1.0-SNAPSHOT.jar:/home/anatole/ycsb/infinispan/target/dependency/infinispan-cachestore-pcj-1.0-SNAPSHOT.jar:/home/anatole/ycsb/infinispan/target/dependency/infinispan-client-hotrod-9.4.20.Final.jar:/home/anatole/ycsb/infinispan/target/dependency/infinispan-commons-9.4.20.Final.jar:/home/anatole/ycsb/infinispan/target/dependency/infinispan-core-9.4.20.Final.jar:/home/anatole/ycsb/infinispan/target/dependency/javax.persistence-api-2.2.jar:/home/anatole/ycsb/infinispan/target/dependency/jboss-logging-3.3.2.Final.jar:/home/anatole/ycsb/infinispan/target/dependency/jboss-marshalling-osgi-2.0.6.Final.jar:/home/anatole/ycsb/infinispan/target/dependency/jboss-transaction-api_1.2_spec-1.1.1.Final.jar:/home/anatole/ycsb/infinispan/target/dependency/jgroups-4.0.21.Final.jar:/home/anatole/ycsb/infinispan/target/dependency/jnvm-1.0-SNAPSHOT.jar:/home/anatole/ycsb/infinispan/target/dependency/metainf-services-1.7.jar:/home/anatole/ycsb/infinispan/target/dependency/netty-buffer-4.1.51.Final.jar:/home/anatole/ycsb/infinispan/target/dependency/netty-codec-4.1.51.Final.jar:/home/anatole/ycsb/infinispan/target/dependency/netty-common-4.1.51.Final.jar:/home/anatole/ycsb/infinispan/target/dependency/netty-handler-4.1.51.Final.jar:/home/anatole/ycsb/infinispan/target/dependency/netty-resolver-4.1.51.Final.jar:/home/anatole/ycsb/infinispan/target/dependency/netty-transport-4.1.51.Final.jar:/home/anatole/ycsb/infinispan/target/dependency/netty-transport-native-epoll-4.1.51.Final-linux-x86_64.jar:/home/anatole/ycsb/infinispan/target/dependency/netty-transport-native-unix-common-4.1.51.Final.jar:/home/anatole/ycsb/infinispan/target/dependency/pcj-1.0.jar:/home/anatole/ycsb/infinispan/target/dependency/reactive-streams-1.0.2.jar:/home/anatole/ycsb/infinispan/target/dependency/rxjava-2.2.4.jar:/home/anatole/ycsb/infinispan/target/dependency/unsafe-helper-1.0.jar site.ycsb.Client -t -db site.ycsb.db.InfinispanClient -P ../workloads/workloadc -preload -s -threads 24 -p dataintegrity=true -p offheap=false -p pcj=false -p recordcount=1000000 -p operationcount=60000000 -p fieldcount=10 -p fieldlength=100 -p requestdistribution=zipfian -p measurement.trackjvm=true -p measurementtype=hdrhistogram -p hdrhistogram.output.path=./out/exp5.concurrent.ref/log/infinispan.run.workloadc.true.1000000.1000000.10.100.zipfian.24.true..default.default.none.r6.hdr.log
[OVERALL], RunTime(ms), 65875
[OVERALL], Throughput(ops/sec), 925996.2049335863
[TOTAL_GCS_G1_Young_Generation], Count, 40
[TOTAL_GC_TIME_G1_Young_Generation], Time(ms), 2570
[TOTAL_GC_TIME_%_G1_Young_Generation], Time(%), 3.9013282732447823
[TOTAL_GCS_G1_Old_Generation], Count, 0
[TOTAL_GC_TIME_G1_Old_Generation], Time(ms), 0
[TOTAL_GC_TIME_%_G1_Old_Generation], Time(%), 0.0
[TOTAL_GCs], Count, 40
[TOTAL_GC_TIME], Time(ms), 2570
[TOTAL_GC_TIME_%], Time(%), 3.9013282732447823
[MAX_MEM_USED], MBs, 16132
[MIN_MEM_USED], MBs, 80
[MAX_THREADS], Count, 30
[MIN_THREADS], Count, 4
[MAX_SYS_LOAD_AVG], Load, 11.9
[MIN_SYS_LOAD_AVG], Load, 9.94
[THREAD_COUNT], Operations, 8
[THREAD_COUNT], AverageLatency(ns), 26.25
[THREAD_COUNT], MinLatency(ns), 4
[THREAD_COUNT], MaxLatency(ns), 30
[THREAD_COUNT], 95thPercentileLatency(ns), 30
[THREAD_COUNT], 99thPercentileLatency(ns), 30
[SYS_LOAD_AVG], Operations, 8
[SYS_LOAD_AVG], AverageLatency(ns), 10.25
[SYS_LOAD_AVG], MinLatency(ns), 9
[SYS_LOAD_AVG], MaxLatency(ns), 11
[SYS_LOAD_AVG], 95thPercentileLatency(ns), 11
[SYS_LOAD_AVG], 99thPercentileLatency(ns), 11
[LOAD], Operations, 24
[LOAD], AverageLatency(ns), 6.491660288E9
[LOAD], MinLatency(ns), 5646909440
[LOAD], MaxLatency(ns), 6876463103
[LOAD], 95thPercentileLatency(ns), 6855196671
[LOAD], 99thPercentileLatency(ns), 6876463103
[USED_MEM_MB], Operations, 8
[USED_MEM_MB], AverageLatency(ns), 7855.375
[USED_MEM_MB], MinLatency(ns), 80
[USED_MEM_MB], MaxLatency(ns), 16132
[USED_MEM_MB], 95thPercentileLatency(ns), 16132
[USED_MEM_MB], 99thPercentileLatency(ns), 16132
[MAIN_GCs_Count], Operations, 24
[MAIN_GCs_Count], AverageLatency(ns), 14.0
[MAIN_GCs_Count], MinLatency(ns), 14
[MAIN_GCs_Count], MaxLatency(ns), 14
[MAIN_GCs_Count], 95thPercentileLatency(ns), 14
[MAIN_GCs_Count], 99thPercentileLatency(ns), 14
[MAIN_GCs_Time(ms)], Operations, 24
[MAIN_GCs_Time(ms)], AverageLatency(ns), 417.0
[MAIN_GCs_Time(ms)], MinLatency(ns), 417
[MAIN_GCs_Time(ms)], MaxLatency(ns), 417
[MAIN_GCs_Time(ms)], 95thPercentileLatency(ns), 417
[MAIN_GCs_Time(ms)], 99thPercentileLatency(ns), 417
[TRANSACTION], Operations, 24
[TRANSACTION], AverageLatency(ns), 5.7367811413333336E10
[TRANSACTION], MinLatency(ns), 56339726336
[TRANSACTION], MaxLatency(ns), 57656475647
[TRANSACTION], 95thPercentileLatency(ns), 57629736959
[TRANSACTION], 99thPercentileLatency(ns), 57656475647
[GCS_TIME], Operations, 8
[GCS_TIME], AverageLatency(ns), 321.25
[GCS_TIME], MinLatency(ns), 0
[GCS_TIME], MaxLatency(ns), 2311
[GCS_TIME], 95thPercentileLatency(ns), 2311
[GCS_TIME], 99thPercentileLatency(ns), 2311
[LOAD_GCs_Time(ms)], Operations, 24
[LOAD_GCs_Time(ms)], AverageLatency(ns), 1964.2083333333333
[LOAD_GCs_Time(ms)], MinLatency(ns), 1624
[LOAD_GCs_Time(ms)], MaxLatency(ns), 2121
[LOAD_GCs_Time(ms)], 95thPercentileLatency(ns), 2121
[LOAD_GCs_Time(ms)], 99thPercentileLatency(ns), 2121
[READ], Operations, 60000000
[READ], AverageLatency(ns), 20218.93682445
[READ], MinLatency(ns), 220
[READ], MaxLatency(ns), 126987263
[READ], 95thPercentileLatency(ns), 170842
[READ], 99thPercentileLatency(ns), 192866
[READ], Return=OK, 60000000
[INIT], Operations, 24
[INIT], AverageLatency(ns), 6.14270464E8
[INIT], MinLatency(ns), 609665024
[INIT], MaxLatency(ns), 619798527
[INIT], 95thPercentileLatency(ns), 619651071
[INIT], 99thPercentileLatency(ns), 619798527
[GCS], Operations, 8
[GCS], AverageLatency(ns), 5.0
[GCS], MinLatency(ns), 0
[GCS], MaxLatency(ns), 28
[GCS], 95thPercentileLatency(ns), 28
[GCS], 99thPercentileLatency(ns), 28
[LOAD_GCs_Count], Operations, 24
[LOAD_GCs_Count], AverageLatency(ns), 23.041666666666668
[LOAD_GCs_Count], MinLatency(ns), 21
[LOAD_GCs_Count], MaxLatency(ns), 24
[LOAD_GCs_Count], 95thPercentileLatency(ns), 24
[LOAD_GCs_Count], 99thPercentileLatency(ns), 24
[CLEANUP], Operations, 24
[CLEANUP], AverageLatency(ns), 8.184068693333334E8
[CLEANUP], MinLatency(ns), 531220480
[CLEANUP], MaxLatency(ns), 1821368319
[CLEANUP], 95thPercentileLatency(ns), 1377918975
[CLEANUP], 99thPercentileLatency(ns), 1821368319
[INSERT], Operations, 1000000
[INSERT], AverageLatency(ns), 77970.580594
[INSERT], MinLatency(ns), 1815
[INSERT], MaxLatency(ns), 323565567
[INSERT], 95thPercentileLatency(ns), 62941
[INSERT], 99thPercentileLatency(ns), 175986
[INSERT], Return=OK, 1000000
