/home/anatole/jdk8u/build/linux-x86_64-normal-server-release/jdk/bin/java -Xmx20g -XX:+UseG1GC -classpath /home/anatole/ycsb/conf:/home/anatole/ycsb/core/target/core-0.18.0-SNAPSHOT.jar:/home/anatole/ycsb/core/target/dependency/HdrHistogram-2.1.4.jar:/home/anatole/ycsb/core/target/dependency/guava-18.0.jar:/home/anatole/ycsb/core/target/dependency/htrace-core4-4.1.0-incubating.jar:/home/anatole/ycsb/core/target/dependency/jackson-core-asl-1.9.4.jar:/home/anatole/ycsb/core/target/dependency/jackson-mapper-asl-1.9.4.jar:/home/anatole/ycsb/core/target/dependency/javax.persistence-api-2.2.jar:/home/anatole/ycsb/core/target/dependency/jnvm-1.0-SNAPSHOT.jar:/home/anatole/ycsb/core/target/dependency/pcj-1.0.jar:/home/anatole/ycsb/core/target/dependency/unsafe-helper-1.0.jar:/home/anatole/ycsb/infinispan/src/main/conf:/home/anatole/ycsb/infinispan/target/infinispan-binding-0.18.0-SNAPSHOT.jar:/home/anatole/ycsb/infinispan/target/dependency/caffeine-2.6.2.jar:/home/anatole/ycsb/infinispan/target/dependency/gson-2.8.2.jar:/home/anatole/ycsb/infinispan/target/dependency/guava-18.0.jar:/home/anatole/ycsb/infinispan/target/dependency/infinispan-cachestore-jnvm-1.0-SNAPSHOT.jar:/home/anatole/ycsb/infinispan/target/dependency/infinispan-cachestore-pcj-1.0-SNAPSHOT.jar:/home/anatole/ycsb/infinispan/target/dependency/infinispan-client-hotrod-9.4.20.Final.jar:/home/anatole/ycsb/infinispan/target/dependency/infinispan-commons-9.4.20.Final.jar:/home/anatole/ycsb/infinispan/target/dependency/infinispan-core-9.4.20.Final.jar:/home/anatole/ycsb/infinispan/target/dependency/javax.persistence-api-2.2.jar:/home/anatole/ycsb/infinispan/target/dependency/jboss-logging-3.3.2.Final.jar:/home/anatole/ycsb/infinispan/target/dependency/jboss-marshalling-osgi-2.0.6.Final.jar:/home/anatole/ycsb/infinispan/target/dependency/jboss-transaction-api_1.2_spec-1.1.1.Final.jar:/home/anatole/ycsb/infinispan/target/dependency/jgroups-4.0.21.Final.jar:/home/anatole/ycsb/infinispan/target/dependency/jnvm-1.0-SNAPSHOT.jar:/home/anatole/ycsb/infinispan/target/dependency/metainf-services-1.7.jar:/home/anatole/ycsb/infinispan/target/dependency/netty-buffer-4.1.51.Final.jar:/home/anatole/ycsb/infinispan/target/dependency/netty-codec-4.1.51.Final.jar:/home/anatole/ycsb/infinispan/target/dependency/netty-common-4.1.51.Final.jar:/home/anatole/ycsb/infinispan/target/dependency/netty-handler-4.1.51.Final.jar:/home/anatole/ycsb/infinispan/target/dependency/netty-resolver-4.1.51.Final.jar:/home/anatole/ycsb/infinispan/target/dependency/netty-transport-4.1.51.Final.jar:/home/anatole/ycsb/infinispan/target/dependency/netty-transport-native-epoll-4.1.51.Final-linux-x86_64.jar:/home/anatole/ycsb/infinispan/target/dependency/netty-transport-native-unix-common-4.1.51.Final.jar:/home/anatole/ycsb/infinispan/target/dependency/pcj-1.0.jar:/home/anatole/ycsb/infinispan/target/dependency/reactive-streams-1.0.2.jar:/home/anatole/ycsb/infinispan/target/dependency/rxjava-2.2.4.jar:/home/anatole/ycsb/infinispan/target/dependency/unsafe-helper-1.0.jar site.ycsb.Client -t -db site.ycsb.db.InfinispanClient -P ../workloads/workloada -preload -s -threads 12 -p dataintegrity=true -p offheap=false -p pcj=false -p recordcount=1000000 -p operationcount=36000000 -p fieldcount=10 -p fieldlength=100 -p requestdistribution=zipfian -p measurement.trackjvm=true -p measurementtype=hdrhistogram -p hdrhistogram.output.path=./out/exp5.concurrent.ref/log/infinispan.run.workloada.true.1000000.100000.10.100.zipfian.12.false..default.default.none.r3.hdr.log
[OVERALL], RunTime(ms), 237373
[OVERALL], Throughput(ops/sec), 155872.82462622118
[TOTAL_GCS_G1_Young_Generation], Count, 119
[TOTAL_GC_TIME_G1_Young_Generation], Time(ms), 15507
[TOTAL_GC_TIME_%_G1_Young_Generation], Time(%), 6.532756463456248
[TOTAL_GCS_G1_Old_Generation], Count, 0
[TOTAL_GC_TIME_G1_Old_Generation], Time(ms), 0
[TOTAL_GC_TIME_%_G1_Old_Generation], Time(%), 0.0
[TOTAL_GCs], Count, 119
[TOTAL_GC_TIME], Time(ms), 15507
[TOTAL_GC_TIME_%], Time(%), 6.532756463456248
[MAX_MEM_USED], MBs, 12048
[MIN_MEM_USED], MBs, 68
[MAX_THREADS], Count, 44
[MIN_THREADS], Count, 2
[MAX_SYS_LOAD_AVG], Load, 15.65
[MIN_SYS_LOAD_AVG], Load, 12.42
[THREAD_COUNT], Operations, 25
[THREAD_COUNT], AverageLatency(ns), 39.12
[THREAD_COUNT], MinLatency(ns), 2
[THREAD_COUNT], MaxLatency(ns), 44
[THREAD_COUNT], 95thPercentileLatency(ns), 44
[THREAD_COUNT], 99thPercentileLatency(ns), 44
[SYS_LOAD_AVG], Operations, 25
[SYS_LOAD_AVG], AverageLatency(ns), 13.28
[SYS_LOAD_AVG], MinLatency(ns), 12
[SYS_LOAD_AVG], MaxLatency(ns), 15
[SYS_LOAD_AVG], 95thPercentileLatency(ns), 15
[SYS_LOAD_AVG], 99thPercentileLatency(ns), 15
[LOAD], Operations, 12
[LOAD], AverageLatency(ns), 1.2662887765333334E10
[LOAD], MinLatency(ns), 11833638912
[LOAD], MaxLatency(ns), 13370916863
[LOAD], 95thPercentileLatency(ns), 13254197247
[LOAD], 99thPercentileLatency(ns), 13370916863
[USED_MEM_MB], Operations, 25
[USED_MEM_MB], AverageLatency(ns), 6303.16
[USED_MEM_MB], MinLatency(ns), 68
[USED_MEM_MB], MaxLatency(ns), 12048
[USED_MEM_MB], 95thPercentileLatency(ns), 11135
[USED_MEM_MB], 99thPercentileLatency(ns), 12048
[MAIN_GCs_Count], Operations, 12
[MAIN_GCs_Count], AverageLatency(ns), 100.0
[MAIN_GCs_Count], MinLatency(ns), 100
[MAIN_GCs_Count], MaxLatency(ns), 100
[MAIN_GCs_Count], 95thPercentileLatency(ns), 100
[MAIN_GCs_Count], 99thPercentileLatency(ns), 100
[MAIN_GCs_Time(ms)], Operations, 12
[MAIN_GCs_Time(ms)], AverageLatency(ns), 14645.0
[MAIN_GCs_Time(ms)], MinLatency(ns), 14645
[MAIN_GCs_Time(ms)], MaxLatency(ns), 14645
[MAIN_GCs_Time(ms)], 95thPercentileLatency(ns), 14645
[MAIN_GCs_Time(ms)], 99thPercentileLatency(ns), 14645
[TRANSACTION], Operations, 12
[TRANSACTION], AverageLatency(ns), 2.2236932778666666E11
[TRANSACTION], MinLatency(ns), 221603954688
[TRANSACTION], MaxLatency(ns), 223174721535
[TRANSACTION], 95thPercentileLatency(ns), 223040503807
[TRANSACTION], 99thPercentileLatency(ns), 223174721535
[GCS_TIME], Operations, 25
[GCS_TIME], AverageLatency(ns), 620.28
[GCS_TIME], MinLatency(ns), 0
[GCS_TIME], MaxLatency(ns), 844
[GCS_TIME], 95thPercentileLatency(ns), 773
[GCS_TIME], 99thPercentileLatency(ns), 844
[LOAD_GCs_Time(ms)], Operations, 12
[LOAD_GCs_Time(ms)], AverageLatency(ns), 843.0
[LOAD_GCs_Time(ms)], MinLatency(ns), 843
[LOAD_GCs_Time(ms)], MaxLatency(ns), 843
[LOAD_GCs_Time(ms)], 95thPercentileLatency(ns), 843
[LOAD_GCs_Time(ms)], 99thPercentileLatency(ns), 843
[READ], Operations, 17997652
[READ], AverageLatency(ns), 37815.37771071471
[READ], MinLatency(ns), 193
[READ], MaxLatency(ns), 291627007
[READ], 95thPercentileLatency(ns), 95920
[READ], 99thPercentileLatency(ns), 121861
[READ], Return=OK, 17997652
[INIT], Operations, 12
[INIT], AverageLatency(ns), 6.34491904E8
[INIT], MinLatency(ns), 632864768
[INIT], MaxLatency(ns), 637194239
[INIT], 95thPercentileLatency(ns), 637120511
[INIT], 99thPercentileLatency(ns), 637194239
[GCS], Operations, 25
[GCS], AverageLatency(ns), 4.76
[GCS], MinLatency(ns), 0
[GCS], MaxLatency(ns), 18
[GCS], 95thPercentileLatency(ns), 6
[GCS], 99thPercentileLatency(ns), 18
[LOAD_GCs_Count], Operations, 12
[LOAD_GCs_Count], AverageLatency(ns), 18.0
[LOAD_GCs_Count], MinLatency(ns), 18
[LOAD_GCs_Count], MaxLatency(ns), 18
[LOAD_GCs_Count], 95thPercentileLatency(ns), 18
[LOAD_GCs_Count], 99thPercentileLatency(ns), 18
[CLEANUP], Operations, 12
[CLEANUP], AverageLatency(ns), 8.700594133333334E8
[CLEANUP], MinLatency(ns), 68615168
[CLEANUP], MaxLatency(ns), 1607262207
[CLEANUP], 95thPercentileLatency(ns), 1523810303
[CLEANUP], 99thPercentileLatency(ns), 1607262207
[INSERT], Operations, 1000000
[INSERT], AverageLatency(ns), 138560.640059
[INSERT], MinLatency(ns), 24852
[INSERT], MaxLatency(ns), 793534463
[INSERT], 95thPercentileLatency(ns), 149944
[INSERT], 99thPercentileLatency(ns), 215965
[INSERT], Return=OK, 1000000
[UPDATE], Operations, 18002348
[UPDATE], AverageLatency(ns), 106389.0004553295
[UPDATE], MinLatency(ns), 25092
[UPDATE], MaxLatency(ns), 291772415
[UPDATE], 95thPercentileLatency(ns), 180777
[UPDATE], 99thPercentileLatency(ns), 239174
[UPDATE], Return=OK, 18002348
