/home/anatole/jdk8u/build/linux-x86_64-normal-server-release/jdk/bin/java -Xmx20g -XX:+UseG1GC -classpath /home/anatole/ycsb/conf:/home/anatole/ycsb/core/target/core-0.18.0-SNAPSHOT.jar:/home/anatole/ycsb/core/target/dependency/HdrHistogram-2.1.4.jar:/home/anatole/ycsb/core/target/dependency/guava-18.0.jar:/home/anatole/ycsb/core/target/dependency/htrace-core4-4.1.0-incubating.jar:/home/anatole/ycsb/core/target/dependency/jackson-core-asl-1.9.4.jar:/home/anatole/ycsb/core/target/dependency/jackson-mapper-asl-1.9.4.jar:/home/anatole/ycsb/core/target/dependency/javax.persistence-api-2.2.jar:/home/anatole/ycsb/core/target/dependency/jnvm-1.0-SNAPSHOT.jar:/home/anatole/ycsb/core/target/dependency/pcj-1.0.jar:/home/anatole/ycsb/core/target/dependency/unsafe-helper-1.0.jar:/home/anatole/ycsb/infinispan/src/main/conf:/home/anatole/ycsb/infinispan/target/infinispan-binding-0.18.0-SNAPSHOT.jar:/home/anatole/ycsb/infinispan/target/dependency/caffeine-2.6.2.jar:/home/anatole/ycsb/infinispan/target/dependency/gson-2.8.2.jar:/home/anatole/ycsb/infinispan/target/dependency/guava-18.0.jar:/home/anatole/ycsb/infinispan/target/dependency/infinispan-cachestore-jnvm-1.0-SNAPSHOT.jar:/home/anatole/ycsb/infinispan/target/dependency/infinispan-cachestore-pcj-1.0-SNAPSHOT.jar:/home/anatole/ycsb/infinispan/target/dependency/infinispan-client-hotrod-9.4.17.Final.jar:/home/anatole/ycsb/infinispan/target/dependency/infinispan-commons-9.4.17.Final.jar:/home/anatole/ycsb/infinispan/target/dependency/infinispan-core-9.4.17.Final.jar:/home/anatole/ycsb/infinispan/target/dependency/infinispan-embedded-9.0.1.Final.jar:/home/anatole/ycsb/infinispan/target/dependency/javax.persistence-api-2.2.jar:/home/anatole/ycsb/infinispan/target/dependency/jboss-logging-3.3.2.Final.jar:/home/anatole/ycsb/infinispan/target/dependency/jboss-marshalling-osgi-2.0.6.Final.jar:/home/anatole/ycsb/infinispan/target/dependency/jboss-transaction-api_1.1_spec-1.0.1.Final.jar:/home/anatole/ycsb/infinispan/target/dependency/jboss-transaction-api_1.2_spec-1.1.1.Final.jar:/home/anatole/ycsb/infinispan/target/dependency/jgroups-4.0.20.Final.jar:/home/anatole/ycsb/infinispan/target/dependency/jnvm-1.0-SNAPSHOT.jar:/home/anatole/ycsb/infinispan/target/dependency/metainf-services-1.7.jar:/home/anatole/ycsb/infinispan/target/dependency/netty-buffer-4.1.42.Final.jar:/home/anatole/ycsb/infinispan/target/dependency/netty-codec-4.1.42.Final.jar:/home/anatole/ycsb/infinispan/target/dependency/netty-common-4.1.42.Final.jar:/home/anatole/ycsb/infinispan/target/dependency/netty-handler-4.1.42.Final.jar:/home/anatole/ycsb/infinispan/target/dependency/netty-resolver-4.1.42.Final.jar:/home/anatole/ycsb/infinispan/target/dependency/netty-transport-4.1.42.Final.jar:/home/anatole/ycsb/infinispan/target/dependency/netty-transport-native-epoll-4.1.42.Final-linux-x86_64.jar:/home/anatole/ycsb/infinispan/target/dependency/netty-transport-native-unix-common-4.1.42.Final.jar:/home/anatole/ycsb/infinispan/target/dependency/pcj-1.0.jar:/home/anatole/ycsb/infinispan/target/dependency/reactive-streams-1.0.2.jar:/home/anatole/ycsb/infinispan/target/dependency/rxjava-2.2.4.jar:/home/anatole/ycsb/infinispan/target/dependency/unsafe-helper-1.0.jar site.ycsb.Client -t -db site.ycsb.db.InfinispanClient -P ../workloads/workloada -threads 8 -p dataintegrity=true -p offheap=false -p recordcount=1000000 -p operationcount=10000000 -p fieldcount=10 -p requestdistribution=zipfian -p measurementtype=hdrhistogram -p hdrhistogram.output.path=./out/exp5.concurrent.ref/log/infinispan.run.workloada.true.1000000.100000.10.zipfian.8.hdr.log
[OVERALL], RunTime(ms), 126816
[OVERALL], Throughput(ops/sec), 78854.40322987636
[TOTAL_GCS_G1_Young_Generation], Count, 64
[TOTAL_GC_TIME_G1_Young_Generation], Time(ms), 6593
[TOTAL_GC_TIME_%_G1_Young_Generation], Time(%), 5.198870804945748
[TOTAL_GCS_G1_Old_Generation], Count, 0
[TOTAL_GC_TIME_G1_Old_Generation], Time(ms), 0
[TOTAL_GC_TIME_%_G1_Old_Generation], Time(%), 0.0
[TOTAL_GCs], Count, 64
[TOTAL_GC_TIME], Time(ms), 6593
[TOTAL_GC_TIME_%], Time(%), 5.198870804945748
[READ], Operations, 4997945
[READ], AverageLatency(ns), 25418.902755632564
[READ], MinLatency(ns), 241
[READ], MaxLatency(ns), 152411135
[READ], 95thPercentileLatency(ns), 55386
[READ], 99thPercentileLatency(ns), 70835
[READ], Return=OK, 4997945
[INIT], Operations, 8
[INIT], AverageLatency(ns), 8.505765888E9
[INIT], MinLatency(ns), 8504803328
[INIT], MaxLatency(ns), 8507391999
[INIT], 95thPercentileLatency(ns), 8507391999
[INIT], 99thPercentileLatency(ns), 8507391999
[CLEANUP], Operations, 8
[CLEANUP], AverageLatency(ns), 1.660646704E9
[CLEANUP], MinLatency(ns), 64485632
[CLEANUP], MaxLatency(ns), 2600091647
[CLEANUP], 95thPercentileLatency(ns), 2600091647
[CLEANUP], 99thPercentileLatency(ns), 2600091647
[UPDATE], Operations, 5002055
[UPDATE], AverageLatency(ns), 157301.23194926884
[UPDATE], MinLatency(ns), 46015
[UPDATE], MaxLatency(ns), 152963071
[UPDATE], 95thPercentileLatency(ns), 195882
[UPDATE], 99thPercentileLatency(ns), 399183
[UPDATE], Return=OK, 5002055
[TRANSACTION], Operations, 8
[TRANSACTION], AverageLatency(ns), 1.16478377984E11
[TRANSACTION], MinLatency(ns), 115529482240
[TRANSACTION], MaxLatency(ns), 118075949055
[TRANSACTION], 95thPercentileLatency(ns), 118075949055
[TRANSACTION], 99thPercentileLatency(ns), 118075949055
