/home/anatole/jdk8u/build/linux-x86_64-normal-server-release/jdk/bin/java -Xmx20g -XX:+UseG1GC -classpath /home/anatole/ycsb/conf:/home/anatole/ycsb/core/target/core-0.18.0-SNAPSHOT.jar:/home/anatole/ycsb/core/target/dependency/HdrHistogram-2.1.4.jar:/home/anatole/ycsb/core/target/dependency/guava-18.0.jar:/home/anatole/ycsb/core/target/dependency/htrace-core4-4.1.0-incubating.jar:/home/anatole/ycsb/core/target/dependency/jackson-core-asl-1.9.4.jar:/home/anatole/ycsb/core/target/dependency/jackson-mapper-asl-1.9.4.jar:/home/anatole/ycsb/core/target/dependency/javax.persistence-api-2.2.jar:/home/anatole/ycsb/core/target/dependency/jnvm-1.0-SNAPSHOT.jar:/home/anatole/ycsb/core/target/dependency/pcj-1.0.jar:/home/anatole/ycsb/core/target/dependency/unsafe-helper-1.0.jar:/home/anatole/ycsb/infinispan/src/main/conf:/home/anatole/ycsb/infinispan/target/infinispan-binding-0.18.0-SNAPSHOT.jar:/home/anatole/ycsb/infinispan/target/dependency/caffeine-2.6.2.jar:/home/anatole/ycsb/infinispan/target/dependency/gson-2.8.2.jar:/home/anatole/ycsb/infinispan/target/dependency/guava-18.0.jar:/home/anatole/ycsb/infinispan/target/dependency/infinispan-cachestore-jnvm-1.0-SNAPSHOT.jar:/home/anatole/ycsb/infinispan/target/dependency/infinispan-cachestore-pcj-1.0-SNAPSHOT.jar:/home/anatole/ycsb/infinispan/target/dependency/infinispan-client-hotrod-9.4.20.Final.jar:/home/anatole/ycsb/infinispan/target/dependency/infinispan-commons-9.4.20.Final.jar:/home/anatole/ycsb/infinispan/target/dependency/infinispan-core-9.4.20.Final.jar:/home/anatole/ycsb/infinispan/target/dependency/javax.persistence-api-2.2.jar:/home/anatole/ycsb/infinispan/target/dependency/jboss-logging-3.3.2.Final.jar:/home/anatole/ycsb/infinispan/target/dependency/jboss-marshalling-osgi-2.0.6.Final.jar:/home/anatole/ycsb/infinispan/target/dependency/jboss-transaction-api_1.2_spec-1.1.1.Final.jar:/home/anatole/ycsb/infinispan/target/dependency/jgroups-4.0.21.Final.jar:/home/anatole/ycsb/infinispan/target/dependency/jnvm-1.0-SNAPSHOT.jar:/home/anatole/ycsb/infinispan/target/dependency/metainf-services-1.7.jar:/home/anatole/ycsb/infinispan/target/dependency/netty-buffer-4.1.51.Final.jar:/home/anatole/ycsb/infinispan/target/dependency/netty-codec-4.1.51.Final.jar:/home/anatole/ycsb/infinispan/target/dependency/netty-common-4.1.51.Final.jar:/home/anatole/ycsb/infinispan/target/dependency/netty-handler-4.1.51.Final.jar:/home/anatole/ycsb/infinispan/target/dependency/netty-resolver-4.1.51.Final.jar:/home/anatole/ycsb/infinispan/target/dependency/netty-transport-4.1.51.Final.jar:/home/anatole/ycsb/infinispan/target/dependency/netty-transport-native-epoll-4.1.51.Final-linux-x86_64.jar:/home/anatole/ycsb/infinispan/target/dependency/netty-transport-native-unix-common-4.1.51.Final.jar:/home/anatole/ycsb/infinispan/target/dependency/pcj-1.0.jar:/home/anatole/ycsb/infinispan/target/dependency/reactive-streams-1.0.2.jar:/home/anatole/ycsb/infinispan/target/dependency/rxjava-2.2.4.jar:/home/anatole/ycsb/infinispan/target/dependency/unsafe-helper-1.0.jar site.ycsb.Client -t -db site.ycsb.db.InfinispanClient -P ../workloads/workloada -preload -s -threads 4 -p dataintegrity=true -p offheap=false -p pcj=false -p recordcount=1000000 -p operationcount=24000000 -p fieldcount=10 -p fieldlength=100 -p requestdistribution=zipfian -p measurement.trackjvm=true -p measurementtype=hdrhistogram -p hdrhistogram.output.path=./out/exp5.concurrent.ref/log/infinispan.run.workloada.true.1000000.1000000.10.100.zipfian.4.false.true.default.default.volatile.r1.hdr.log
[OVERALL], RunTime(ms), 41414
[OVERALL], Throughput(ops/sec), 603660.5978654561
[TOTAL_GCS_G1_Young_Generation], Count, 80
[TOTAL_GC_TIME_G1_Young_Generation], Time(ms), 12189
[TOTAL_GC_TIME_%_G1_Young_Generation], Time(%), 29.432076109528175
[TOTAL_GCS_G1_Old_Generation], Count, 0
[TOTAL_GC_TIME_G1_Old_Generation], Time(ms), 0
[TOTAL_GC_TIME_%_G1_Old_Generation], Time(%), 0.0
[TOTAL_GCs], Count, 80
[TOTAL_GC_TIME], Time(ms), 12189
[TOTAL_GC_TIME_%], Time(%), 29.432076109528175
[MAX_MEM_USED], MBs, 7847
[MIN_MEM_USED], MBs, 56
[MAX_THREADS], Count, 35
[MIN_THREADS], Count, 4
[MAX_SYS_LOAD_AVG], Load, 13.46
[MIN_SYS_LOAD_AVG], Load, 4.86
[THREAD_COUNT], Operations, 6
[THREAD_COUNT], AverageLatency(ns), 25.0
[THREAD_COUNT], MinLatency(ns), 4
[THREAD_COUNT], MaxLatency(ns), 35
[THREAD_COUNT], 95thPercentileLatency(ns), 35
[THREAD_COUNT], 99thPercentileLatency(ns), 35
[SYS_LOAD_AVG], Operations, 6
[SYS_LOAD_AVG], AverageLatency(ns), 9.5
[SYS_LOAD_AVG], MinLatency(ns), 4
[SYS_LOAD_AVG], MaxLatency(ns), 13
[SYS_LOAD_AVG], 95thPercentileLatency(ns), 13
[SYS_LOAD_AVG], 99thPercentileLatency(ns), 13
[LOAD], Operations, 4
[LOAD], AverageLatency(ns), 6.165798912E9
[LOAD], MinLatency(ns), 6128074752
[LOAD], MaxLatency(ns), 6244761599
[LOAD], 95thPercentileLatency(ns), 6244761599
[LOAD], 99thPercentileLatency(ns), 6244761599
[USED_MEM_MB], Operations, 6
[USED_MEM_MB], AverageLatency(ns), 5715.5
[USED_MEM_MB], MinLatency(ns), 56
[USED_MEM_MB], MaxLatency(ns), 7847
[USED_MEM_MB], 95thPercentileLatency(ns), 7847
[USED_MEM_MB], 99thPercentileLatency(ns), 7847
[MAIN_GCs_Count], Operations, 4
[MAIN_GCs_Count], AverageLatency(ns), 53.0
[MAIN_GCs_Count], MinLatency(ns), 52
[MAIN_GCs_Count], MaxLatency(ns), 54
[MAIN_GCs_Count], 95thPercentileLatency(ns), 54
[MAIN_GCs_Count], 99thPercentileLatency(ns), 54
[MAIN_GCs_Time(ms)], Operations, 4
[MAIN_GCs_Time(ms)], AverageLatency(ns), 9874.0
[MAIN_GCs_Time(ms)], MinLatency(ns), 9684
[MAIN_GCs_Time(ms)], MaxLatency(ns), 10066
[MAIN_GCs_Time(ms)], 95thPercentileLatency(ns), 10066
[MAIN_GCs_Time(ms)], 99thPercentileLatency(ns), 10066
[TRANSACTION], Operations, 4
[TRANSACTION], AverageLatency(ns), 3.3306247168E10
[TRANSACTION], MinLatency(ns), 32734314496
[TRANSACTION], MaxLatency(ns), 33998897151
[TRANSACTION], 95thPercentileLatency(ns), 33998897151
[TRANSACTION], 99thPercentileLatency(ns), 33998897151
[GCS_TIME], Operations, 6
[GCS_TIME], AverageLatency(ns), 2031.5
[GCS_TIME], MinLatency(ns), 0
[GCS_TIME], MaxLatency(ns), 3383
[GCS_TIME], 95thPercentileLatency(ns), 3383
[GCS_TIME], 99thPercentileLatency(ns), 3383
[LOAD_GCs_Time(ms)], Operations, 4
[LOAD_GCs_Time(ms)], AverageLatency(ns), 2101.0
[LOAD_GCs_Time(ms)], MinLatency(ns), 2101
[LOAD_GCs_Time(ms)], MaxLatency(ns), 2101
[LOAD_GCs_Time(ms)], 95thPercentileLatency(ns), 2101
[LOAD_GCs_Time(ms)], 99thPercentileLatency(ns), 2101
[READ], Operations, 12000085
[READ], AverageLatency(ns), 1494.2236247493247
[READ], MinLatency(ns), 205
[READ], MaxLatency(ns), 247111679
[READ], 95thPercentileLatency(ns), 1387
[READ], 99thPercentileLatency(ns), 9182
[READ], Return=OK, 12000085
[INIT], Operations, 4
[INIT], AverageLatency(ns), 6.06435328E8
[INIT], MinLatency(ns), 606105600
[INIT], MaxLatency(ns), 606752767
[INIT], 95thPercentileLatency(ns), 606752767
[INIT], 99thPercentileLatency(ns), 606752767
[GCS], Operations, 6
[GCS], AverageLatency(ns), 13.333333333333334
[GCS], MinLatency(ns), 0
[GCS], MaxLatency(ns), 33
[GCS], 95thPercentileLatency(ns), 33
[GCS], 99thPercentileLatency(ns), 33
[LOAD_GCs_Count], Operations, 4
[LOAD_GCs_Count], AverageLatency(ns), 25.0
[LOAD_GCs_Count], MinLatency(ns), 25
[LOAD_GCs_Count], MaxLatency(ns), 25
[LOAD_GCs_Count], 95thPercentileLatency(ns), 25
[LOAD_GCs_Count], 99thPercentileLatency(ns), 25
[CLEANUP], Operations, 4
[CLEANUP], AverageLatency(ns), 1.161766144E9
[CLEANUP], MinLatency(ns), 482566144
[CLEANUP], MaxLatency(ns), 1714274303
[CLEANUP], 95thPercentileLatency(ns), 1714274303
[CLEANUP], 99thPercentileLatency(ns), 1714274303
[INSERT], Operations, 1000000
[INSERT], AverageLatency(ns), 6627.613019
[INSERT], MinLatency(ns), 1350
[INSERT], MaxLatency(ns), 171241471
[INSERT], 95thPercentileLatency(ns), 5210
[INSERT], 99thPercentileLatency(ns), 18612
[INSERT], Return=OK, 1000000
[UPDATE], Operations, 11999915
[UPDATE], AverageLatency(ns), 5153.8087568953615
[UPDATE], MinLatency(ns), 1148
[UPDATE], MaxLatency(ns), 247208959
[UPDATE], 95thPercentileLatency(ns), 11265
[UPDATE], 99thPercentileLatency(ns), 14209
[UPDATE], Return=OK, 11999915
