/home/anatole/jdk8u/build/linux-x86_64-normal-server-release/jdk/bin/java -Xmx20g -XX:+UseG1GC -classpath /home/anatole/ycsb/conf:/home/anatole/ycsb/core/target/core-0.18.0-SNAPSHOT.jar:/home/anatole/ycsb/core/target/dependency/HdrHistogram-2.1.4.jar:/home/anatole/ycsb/core/target/dependency/guava-18.0.jar:/home/anatole/ycsb/core/target/dependency/htrace-core4-4.1.0-incubating.jar:/home/anatole/ycsb/core/target/dependency/jackson-core-asl-1.9.4.jar:/home/anatole/ycsb/core/target/dependency/jackson-mapper-asl-1.9.4.jar:/home/anatole/ycsb/core/target/dependency/javax.persistence-api-2.2.jar:/home/anatole/ycsb/core/target/dependency/jnvm-1.0-SNAPSHOT.jar:/home/anatole/ycsb/core/target/dependency/pcj-1.0.jar:/home/anatole/ycsb/core/target/dependency/unsafe-helper-1.0.jar:/home/anatole/ycsb/infinispan/src/main/conf:/home/anatole/ycsb/infinispan/target/infinispan-binding-0.18.0-SNAPSHOT.jar:/home/anatole/ycsb/infinispan/target/dependency/caffeine-2.6.2.jar:/home/anatole/ycsb/infinispan/target/dependency/gson-2.8.2.jar:/home/anatole/ycsb/infinispan/target/dependency/guava-18.0.jar:/home/anatole/ycsb/infinispan/target/dependency/infinispan-cachestore-jnvm-1.0-SNAPSHOT.jar:/home/anatole/ycsb/infinispan/target/dependency/infinispan-cachestore-pcj-1.0-SNAPSHOT.jar:/home/anatole/ycsb/infinispan/target/dependency/infinispan-client-hotrod-9.4.20.Final.jar:/home/anatole/ycsb/infinispan/target/dependency/infinispan-commons-9.4.20.Final.jar:/home/anatole/ycsb/infinispan/target/dependency/infinispan-core-9.4.20.Final.jar:/home/anatole/ycsb/infinispan/target/dependency/javax.persistence-api-2.2.jar:/home/anatole/ycsb/infinispan/target/dependency/jboss-logging-3.3.2.Final.jar:/home/anatole/ycsb/infinispan/target/dependency/jboss-marshalling-osgi-2.0.6.Final.jar:/home/anatole/ycsb/infinispan/target/dependency/jboss-transaction-api_1.2_spec-1.1.1.Final.jar:/home/anatole/ycsb/infinispan/target/dependency/jgroups-4.0.21.Final.jar:/home/anatole/ycsb/infinispan/target/dependency/jnvm-1.0-SNAPSHOT.jar:/home/anatole/ycsb/infinispan/target/dependency/metainf-services-1.7.jar:/home/anatole/ycsb/infinispan/target/dependency/netty-buffer-4.1.51.Final.jar:/home/anatole/ycsb/infinispan/target/dependency/netty-codec-4.1.51.Final.jar:/home/anatole/ycsb/infinispan/target/dependency/netty-common-4.1.51.Final.jar:/home/anatole/ycsb/infinispan/target/dependency/netty-handler-4.1.51.Final.jar:/home/anatole/ycsb/infinispan/target/dependency/netty-resolver-4.1.51.Final.jar:/home/anatole/ycsb/infinispan/target/dependency/netty-transport-4.1.51.Final.jar:/home/anatole/ycsb/infinispan/target/dependency/netty-transport-native-epoll-4.1.51.Final-linux-x86_64.jar:/home/anatole/ycsb/infinispan/target/dependency/netty-transport-native-unix-common-4.1.51.Final.jar:/home/anatole/ycsb/infinispan/target/dependency/pcj-1.0.jar:/home/anatole/ycsb/infinispan/target/dependency/reactive-streams-1.0.2.jar:/home/anatole/ycsb/infinispan/target/dependency/rxjava-2.2.4.jar:/home/anatole/ycsb/infinispan/target/dependency/unsafe-helper-1.0.jar site.ycsb.Client -t -db site.ycsb.db.InfinispanClient -P ../workloads/workloadc -preload -s -threads 28 -p dataintegrity=true -p offheap=false -p pcj=false -p recordcount=1000000 -p operationcount=60000000 -p fieldcount=10 -p fieldlength=100 -p requestdistribution=zipfian -p measurement.trackjvm=true -p measurementtype=hdrhistogram -p hdrhistogram.output.path=./out/exp5.concurrent.ref/log/infinispan.run.workloadc.true.1000000.1000000.10.100.zipfian.28.true..default.default.none.r3.hdr.log
[OVERALL], RunTime(ms), 77295
[OVERALL], Throughput(ops/sec), 789184.2939388059
[TOTAL_GCS_G1_Young_Generation], Count, 32
[TOTAL_GC_TIME_G1_Young_Generation], Time(ms), 2444
[TOTAL_GC_TIME_%_G1_Young_Generation], Time(%), 3.161912154731871
[TOTAL_GCS_G1_Old_Generation], Count, 0
[TOTAL_GC_TIME_G1_Old_Generation], Time(ms), 0
[TOTAL_GC_TIME_%_G1_Old_Generation], Time(%), 0.0
[TOTAL_GCs], Count, 32
[TOTAL_GC_TIME], Time(ms), 2444
[TOTAL_GC_TIME_%], Time(%), 3.161912154731871
[MAX_MEM_USED], MBs, 14043
[MIN_MEM_USED], MBs, 84
[MAX_THREADS], Count, 34
[MIN_THREADS], Count, 3
[MAX_SYS_LOAD_AVG], Load, 10.22
[MIN_SYS_LOAD_AVG], Load, 8.09
[THREAD_COUNT], Operations, 9
[THREAD_COUNT], AverageLatency(ns), 30.11111111111111
[THREAD_COUNT], MinLatency(ns), 3
[THREAD_COUNT], MaxLatency(ns), 34
[THREAD_COUNT], 95thPercentileLatency(ns), 34
[THREAD_COUNT], 99thPercentileLatency(ns), 34
[SYS_LOAD_AVG], Operations, 9
[SYS_LOAD_AVG], AverageLatency(ns), 9.222222222222221
[SYS_LOAD_AVG], MinLatency(ns), 8
[SYS_LOAD_AVG], MaxLatency(ns), 10
[SYS_LOAD_AVG], 95thPercentileLatency(ns), 10
[SYS_LOAD_AVG], 99thPercentileLatency(ns), 10
[LOAD], Operations, 28
[LOAD], AverageLatency(ns), 6.793680603428572E9
[LOAD], MinLatency(ns), 6331662336
[LOAD], MaxLatency(ns), 7064322047
[LOAD], 95thPercentileLatency(ns), 7063896063
[LOAD], 99thPercentileLatency(ns), 7064322047
[USED_MEM_MB], Operations, 9
[USED_MEM_MB], AverageLatency(ns), 7735.222222222223
[USED_MEM_MB], MinLatency(ns), 84
[USED_MEM_MB], MaxLatency(ns), 14043
[USED_MEM_MB], 95thPercentileLatency(ns), 14043
[USED_MEM_MB], 99thPercentileLatency(ns), 14043
[MAIN_GCs_Count], Operations, 28
[MAIN_GCs_Count], AverageLatency(ns), 6.0
[MAIN_GCs_Count], MinLatency(ns), 6
[MAIN_GCs_Count], MaxLatency(ns), 6
[MAIN_GCs_Count], 95thPercentileLatency(ns), 6
[MAIN_GCs_Count], 99thPercentileLatency(ns), 6
[MAIN_GCs_Time(ms)], Operations, 28
[MAIN_GCs_Time(ms)], AverageLatency(ns), 301.0
[MAIN_GCs_Time(ms)], MinLatency(ns), 301
[MAIN_GCs_Time(ms)], MaxLatency(ns), 301
[MAIN_GCs_Time(ms)], 95thPercentileLatency(ns), 301
[MAIN_GCs_Time(ms)], 99thPercentileLatency(ns), 301
[TRANSACTION], Operations, 28
[TRANSACTION], AverageLatency(ns), 6.870734789485714E10
[TRANSACTION], MinLatency(ns), 68075126784
[TRANSACTION], MaxLatency(ns), 68893540351
[TRANSACTION], 95thPercentileLatency(ns), 68867850239
[TRANSACTION], 99thPercentileLatency(ns), 68893540351
[GCS_TIME], Operations, 9
[GCS_TIME], AverageLatency(ns), 271.55555555555554
[GCS_TIME], MinLatency(ns), 0
[GCS_TIME], MaxLatency(ns), 2252
[GCS_TIME], 95thPercentileLatency(ns), 2252
[GCS_TIME], 99thPercentileLatency(ns), 2252
[LOAD_GCs_Time(ms)], Operations, 28
[LOAD_GCs_Time(ms)], AverageLatency(ns), 1980.1785714285713
[LOAD_GCs_Time(ms)], MinLatency(ns), 1786
[LOAD_GCs_Time(ms)], MaxLatency(ns), 2115
[LOAD_GCs_Time(ms)], 95thPercentileLatency(ns), 2115
[LOAD_GCs_Time(ms)], 99thPercentileLatency(ns), 2115
[READ], Operations, 60000000
[READ], AverageLatency(ns), 28983.399141683334
[READ], MinLatency(ns), 270
[READ], MaxLatency(ns), 116044799
[READ], 95thPercentileLatency(ns), 236046
[READ], 99thPercentileLatency(ns), 260365
[READ], Return=OK, 60000000
[INIT], Operations, 28
[INIT], AverageLatency(ns), 6.255746194285715E8
[INIT], MinLatency(ns), 620392448
[INIT], MaxLatency(ns), 631197695
[INIT], 95thPercentileLatency(ns), 630333439
[INIT], 99thPercentileLatency(ns), 631197695
[GCS], Operations, 9
[GCS], AverageLatency(ns), 3.5555555555555554
[GCS], MinLatency(ns), 0
[GCS], MaxLatency(ns), 27
[GCS], 95thPercentileLatency(ns), 27
[GCS], 99thPercentileLatency(ns), 27
[LOAD_GCs_Count], Operations, 28
[LOAD_GCs_Count], AverageLatency(ns), 23.178571428571427
[LOAD_GCs_Count], MinLatency(ns), 22
[LOAD_GCs_Count], MaxLatency(ns), 24
[LOAD_GCs_Count], 95thPercentileLatency(ns), 24
[LOAD_GCs_Count], 99thPercentileLatency(ns), 24
[CLEANUP], Operations, 28
[CLEANUP], AverageLatency(ns), 7.215128137142857E8
[CLEANUP], MinLatency(ns), 539152384
[CLEANUP], MaxLatency(ns), 1340030975
[CLEANUP], 95thPercentileLatency(ns), 1045024767
[CLEANUP], 99thPercentileLatency(ns), 1340030975
[INSERT], Operations, 1000000
[INSERT], AverageLatency(ns), 95950.297925
[INSERT], MinLatency(ns), 1751
[INSERT], MaxLatency(ns), 280940543
[INSERT], 95thPercentileLatency(ns), 68301
[INSERT], 99thPercentileLatency(ns), 249339
[INSERT], Return=OK, 1000000
