/home/anatole/jdk8u/build/linux-x86_64-normal-server-release/jdk/bin/java -Xmx20g -XX:+UseG1GC -classpath /home/anatole/ycsb/conf:/home/anatole/ycsb/core/target/core-0.18.0-SNAPSHOT.jar:/home/anatole/ycsb/core/target/dependency/HdrHistogram-2.1.4.jar:/home/anatole/ycsb/core/target/dependency/guava-18.0.jar:/home/anatole/ycsb/core/target/dependency/htrace-core4-4.1.0-incubating.jar:/home/anatole/ycsb/core/target/dependency/jackson-core-asl-1.9.4.jar:/home/anatole/ycsb/core/target/dependency/jackson-mapper-asl-1.9.4.jar:/home/anatole/ycsb/core/target/dependency/javax.persistence-api-2.2.jar:/home/anatole/ycsb/core/target/dependency/jnvm-1.0-SNAPSHOT.jar:/home/anatole/ycsb/core/target/dependency/pcj-1.0.jar:/home/anatole/ycsb/core/target/dependency/unsafe-helper-1.0.jar:/home/anatole/ycsb/infinispan/src/main/conf:/home/anatole/ycsb/infinispan/target/infinispan-binding-0.18.0-SNAPSHOT.jar:/home/anatole/ycsb/infinispan/target/dependency/caffeine-2.6.2.jar:/home/anatole/ycsb/infinispan/target/dependency/gson-2.8.2.jar:/home/anatole/ycsb/infinispan/target/dependency/guava-18.0.jar:/home/anatole/ycsb/infinispan/target/dependency/infinispan-cachestore-jnvm-1.0-SNAPSHOT.jar:/home/anatole/ycsb/infinispan/target/dependency/infinispan-cachestore-pcj-1.0-SNAPSHOT.jar:/home/anatole/ycsb/infinispan/target/dependency/infinispan-client-hotrod-9.4.20.Final.jar:/home/anatole/ycsb/infinispan/target/dependency/infinispan-commons-9.4.20.Final.jar:/home/anatole/ycsb/infinispan/target/dependency/infinispan-core-9.4.20.Final.jar:/home/anatole/ycsb/infinispan/target/dependency/javax.persistence-api-2.2.jar:/home/anatole/ycsb/infinispan/target/dependency/jboss-logging-3.3.2.Final.jar:/home/anatole/ycsb/infinispan/target/dependency/jboss-marshalling-osgi-2.0.6.Final.jar:/home/anatole/ycsb/infinispan/target/dependency/jboss-transaction-api_1.2_spec-1.1.1.Final.jar:/home/anatole/ycsb/infinispan/target/dependency/jgroups-4.0.21.Final.jar:/home/anatole/ycsb/infinispan/target/dependency/jnvm-1.0-SNAPSHOT.jar:/home/anatole/ycsb/infinispan/target/dependency/metainf-services-1.7.jar:/home/anatole/ycsb/infinispan/target/dependency/netty-buffer-4.1.51.Final.jar:/home/anatole/ycsb/infinispan/target/dependency/netty-codec-4.1.51.Final.jar:/home/anatole/ycsb/infinispan/target/dependency/netty-common-4.1.51.Final.jar:/home/anatole/ycsb/infinispan/target/dependency/netty-handler-4.1.51.Final.jar:/home/anatole/ycsb/infinispan/target/dependency/netty-resolver-4.1.51.Final.jar:/home/anatole/ycsb/infinispan/target/dependency/netty-transport-4.1.51.Final.jar:/home/anatole/ycsb/infinispan/target/dependency/netty-transport-native-epoll-4.1.51.Final-linux-x86_64.jar:/home/anatole/ycsb/infinispan/target/dependency/netty-transport-native-unix-common-4.1.51.Final.jar:/home/anatole/ycsb/infinispan/target/dependency/pcj-1.0.jar:/home/anatole/ycsb/infinispan/target/dependency/reactive-streams-1.0.2.jar:/home/anatole/ycsb/infinispan/target/dependency/rxjava-2.2.4.jar:/home/anatole/ycsb/infinispan/target/dependency/unsafe-helper-1.0.jar site.ycsb.Client -t -db site.ycsb.db.InfinispanClient -P ../workloads/workloada -preload -s -threads 32 -p dataintegrity=true -p offheap=false -p pcj=false -p recordcount=1000000 -p operationcount=60000000 -p fieldcount=10 -p fieldlength=100 -p requestdistribution=zipfian -p measurement.trackjvm=true -p measurementtype=hdrhistogram -p hdrhistogram.output.path=./out/exp5.concurrent.ref/log/infinispan.run.workloada.true.1000000.1000000.10.100.zipfian.32.true..default.default.none.r2.hdr.log
[OVERALL], RunTime(ms), 84396
[OVERALL], Throughput(ops/sec), 722783.0702876913
[TOTAL_GCS_G1_Young_Generation], Count, 180
[TOTAL_GC_TIME_G1_Young_Generation], Time(ms), 30262
[TOTAL_GC_TIME_%_G1_Young_Generation], Time(%), 35.85714962794445
[TOTAL_GCS_G1_Old_Generation], Count, 0
[TOTAL_GC_TIME_G1_Old_Generation], Time(ms), 0
[TOTAL_GC_TIME_%_G1_Old_Generation], Time(%), 0.0
[TOTAL_GCs], Count, 180
[TOTAL_GC_TIME], Time(ms), 30262
[TOTAL_GC_TIME_%], Time(%), 35.85714962794445
[MAX_MEM_USED], MBs, 9339
[MIN_MEM_USED], MBs, 88
[MAX_THREADS], Count, 64
[MIN_THREADS], Count, 3
[MAX_SYS_LOAD_AVG], Load, 24.49
[MIN_SYS_LOAD_AVG], Load, 20.89
[THREAD_COUNT], Operations, 10
[THREAD_COUNT], AverageLatency(ns), 54.8
[THREAD_COUNT], MinLatency(ns), 3
[THREAD_COUNT], MaxLatency(ns), 64
[THREAD_COUNT], 95thPercentileLatency(ns), 64
[THREAD_COUNT], 99thPercentileLatency(ns), 64
[SYS_LOAD_AVG], Operations, 10
[SYS_LOAD_AVG], AverageLatency(ns), 23.2
[SYS_LOAD_AVG], MinLatency(ns), 20
[SYS_LOAD_AVG], MaxLatency(ns), 24
[SYS_LOAD_AVG], 95thPercentileLatency(ns), 24
[SYS_LOAD_AVG], 99thPercentileLatency(ns), 24
[LOAD], Operations, 32
[LOAD], AverageLatency(ns), 6.69343232E9
[LOAD], MinLatency(ns), 6005981184
[LOAD], MaxLatency(ns), 6921715711
[LOAD], 95thPercentileLatency(ns), 6907428863
[LOAD], 99thPercentileLatency(ns), 6921715711
[USED_MEM_MB], Operations, 10
[USED_MEM_MB], AverageLatency(ns), 6966.2
[USED_MEM_MB], MinLatency(ns), 88
[USED_MEM_MB], MaxLatency(ns), 9339
[USED_MEM_MB], 95thPercentileLatency(ns), 9339
[USED_MEM_MB], 99thPercentileLatency(ns), 9339
[MAIN_GCs_Count], Operations, 32
[MAIN_GCs_Count], AverageLatency(ns), 154.96875
[MAIN_GCs_Count], MinLatency(ns), 153
[MAIN_GCs_Count], MaxLatency(ns), 156
[MAIN_GCs_Count], 95thPercentileLatency(ns), 156
[MAIN_GCs_Count], 99thPercentileLatency(ns), 156
[MAIN_GCs_Time(ms)], Operations, 32
[MAIN_GCs_Time(ms)], AverageLatency(ns), 28034.03125
[MAIN_GCs_Time(ms)], MinLatency(ns), 27925
[MAIN_GCs_Time(ms)], MaxLatency(ns), 28100
[MAIN_GCs_Time(ms)], 95thPercentileLatency(ns), 28100
[MAIN_GCs_Time(ms)], 99thPercentileLatency(ns), 28100
[TRANSACTION], Operations, 32
[TRANSACTION], AverageLatency(ns), 7.561183232E10
[TRANSACTION], MinLatency(ns), 74914463744
[TRANSACTION], MaxLatency(ns), 75850842111
[TRANSACTION], 95thPercentileLatency(ns), 75845074943
[TRANSACTION], 99thPercentileLatency(ns), 75850842111
[GCS_TIME], Operations, 10
[GCS_TIME], AverageLatency(ns), 3026.2
[GCS_TIME], MinLatency(ns), 0
[GCS_TIME], MaxLatency(ns), 4456
[GCS_TIME], 95thPercentileLatency(ns), 4456
[GCS_TIME], 99thPercentileLatency(ns), 4456
[LOAD_GCs_Time(ms)], Operations, 32
[LOAD_GCs_Time(ms)], AverageLatency(ns), 2078.15625
[LOAD_GCs_Time(ms)], MinLatency(ns), 1809
[LOAD_GCs_Time(ms)], MaxLatency(ns), 2133
[LOAD_GCs_Time(ms)], 95thPercentileLatency(ns), 2133
[LOAD_GCs_Time(ms)], 99thPercentileLatency(ns), 2133
[READ], Operations, 30002798
[READ], AverageLatency(ns), 31646.43299681583
[READ], MinLatency(ns), 249
[READ], MaxLatency(ns), 1155620863
[READ], 95thPercentileLatency(ns), 154653
[READ], 99thPercentileLatency(ns), 179963
[READ], Return=OK, 30002798
[INIT], Operations, 32
[INIT], AverageLatency(ns), 6.02377728E8
[INIT], MinLatency(ns), 595697664
[INIT], MaxLatency(ns), 609689599
[INIT], 95thPercentileLatency(ns), 608321535
[INIT], 99thPercentileLatency(ns), 609689599
[GCS], Operations, 10
[GCS], AverageLatency(ns), 18.0
[GCS], MinLatency(ns), 0
[GCS], MaxLatency(ns), 35
[GCS], 95thPercentileLatency(ns), 35
[GCS], 99thPercentileLatency(ns), 35
[LOAD_GCs_Count], Operations, 32
[LOAD_GCs_Count], AverageLatency(ns), 21.65625
[LOAD_GCs_Count], MinLatency(ns), 20
[LOAD_GCs_Count], MaxLatency(ns), 22
[LOAD_GCs_Count], 95thPercentileLatency(ns), 22
[LOAD_GCs_Count], 99thPercentileLatency(ns), 22
[CLEANUP], Operations, 32
[CLEANUP], AverageLatency(ns), 1.1495072E9
[CLEANUP], MinLatency(ns), 914006016
[CLEANUP], MaxLatency(ns), 1763131391
[CLEANUP], 95thPercentileLatency(ns), 1526669311
[CLEANUP], 99thPercentileLatency(ns), 1763131391
[INSERT], Operations, 1000000
[INSERT], AverageLatency(ns), 113934.756872
[INSERT], MinLatency(ns), 1758
[INSERT], MaxLatency(ns), 317157375
[INSERT], 95thPercentileLatency(ns), 96226
[INSERT], 99thPercentileLatency(ns), 373073
[INSERT], Return=OK, 1000000
[UPDATE], Operations, 29997202
[UPDATE], AverageLatency(ns), 39964.996004160654
[UPDATE], MinLatency(ns), 1602
[UPDATE], MaxLatency(ns), 1155596287
[UPDATE], 95thPercentileLatency(ns), 159523
[UPDATE], 99thPercentileLatency(ns), 185544
[UPDATE], Return=OK, 29997202
