/home/anatole/jdk8u/build/linux-x86_64-normal-server-release/jdk/bin/java -Xmx20g -XX:+UseG1GC -classpath /home/anatole/ycsb/conf:/home/anatole/ycsb/core/target/core-0.18.0-SNAPSHOT.jar:/home/anatole/ycsb/core/target/dependency/HdrHistogram-2.1.4.jar:/home/anatole/ycsb/core/target/dependency/guava-18.0.jar:/home/anatole/ycsb/core/target/dependency/htrace-core4-4.1.0-incubating.jar:/home/anatole/ycsb/core/target/dependency/jackson-core-asl-1.9.4.jar:/home/anatole/ycsb/core/target/dependency/jackson-mapper-asl-1.9.4.jar:/home/anatole/ycsb/core/target/dependency/javax.persistence-api-2.2.jar:/home/anatole/ycsb/core/target/dependency/jnvm-1.0-SNAPSHOT.jar:/home/anatole/ycsb/core/target/dependency/pcj-1.0.jar:/home/anatole/ycsb/core/target/dependency/unsafe-helper-1.0.jar:/home/anatole/ycsb/infinispan/src/main/conf:/home/anatole/ycsb/infinispan/target/infinispan-binding-0.18.0-SNAPSHOT.jar:/home/anatole/ycsb/infinispan/target/dependency/caffeine-2.6.2.jar:/home/anatole/ycsb/infinispan/target/dependency/gson-2.8.2.jar:/home/anatole/ycsb/infinispan/target/dependency/guava-18.0.jar:/home/anatole/ycsb/infinispan/target/dependency/infinispan-cachestore-jnvm-1.0-SNAPSHOT.jar:/home/anatole/ycsb/infinispan/target/dependency/infinispan-cachestore-pcj-1.0-SNAPSHOT.jar:/home/anatole/ycsb/infinispan/target/dependency/infinispan-client-hotrod-9.4.20.Final.jar:/home/anatole/ycsb/infinispan/target/dependency/infinispan-commons-9.4.20.Final.jar:/home/anatole/ycsb/infinispan/target/dependency/infinispan-core-9.4.20.Final.jar:/home/anatole/ycsb/infinispan/target/dependency/javax.persistence-api-2.2.jar:/home/anatole/ycsb/infinispan/target/dependency/jboss-logging-3.3.2.Final.jar:/home/anatole/ycsb/infinispan/target/dependency/jboss-marshalling-osgi-2.0.6.Final.jar:/home/anatole/ycsb/infinispan/target/dependency/jboss-transaction-api_1.2_spec-1.1.1.Final.jar:/home/anatole/ycsb/infinispan/target/dependency/jgroups-4.0.21.Final.jar:/home/anatole/ycsb/infinispan/target/dependency/jnvm-1.0-SNAPSHOT.jar:/home/anatole/ycsb/infinispan/target/dependency/metainf-services-1.7.jar:/home/anatole/ycsb/infinispan/target/dependency/netty-buffer-4.1.51.Final.jar:/home/anatole/ycsb/infinispan/target/dependency/netty-codec-4.1.51.Final.jar:/home/anatole/ycsb/infinispan/target/dependency/netty-common-4.1.51.Final.jar:/home/anatole/ycsb/infinispan/target/dependency/netty-handler-4.1.51.Final.jar:/home/anatole/ycsb/infinispan/target/dependency/netty-resolver-4.1.51.Final.jar:/home/anatole/ycsb/infinispan/target/dependency/netty-transport-4.1.51.Final.jar:/home/anatole/ycsb/infinispan/target/dependency/netty-transport-native-epoll-4.1.51.Final-linux-x86_64.jar:/home/anatole/ycsb/infinispan/target/dependency/netty-transport-native-unix-common-4.1.51.Final.jar:/home/anatole/ycsb/infinispan/target/dependency/pcj-1.0.jar:/home/anatole/ycsb/infinispan/target/dependency/reactive-streams-1.0.2.jar:/home/anatole/ycsb/infinispan/target/dependency/rxjava-2.2.4.jar:/home/anatole/ycsb/infinispan/target/dependency/unsafe-helper-1.0.jar site.ycsb.Client -t -db site.ycsb.db.InfinispanClient -P ../workloads/workloadc -preload -s -threads 20 -p dataintegrity=true -p offheap=false -p pcj=false -p recordcount=1000000 -p operationcount=60000000 -p fieldcount=10 -p fieldlength=100 -p requestdistribution=zipfian -p measurement.trackjvm=true -p measurementtype=hdrhistogram -p hdrhistogram.output.path=./out/exp5.concurrent.ref/log/infinispan.run.workloadc.true.1000000.100000.10.100.zipfian.20.false..default.default.none.r4.hdr.log
[OVERALL], RunTime(ms), 302281
[OVERALL], Throughput(ops/sec), 201798.9883585141
[TOTAL_GCS_G1_Young_Generation], Count, 96
[TOTAL_GC_TIME_G1_Young_Generation], Time(ms), 7736
[TOTAL_GC_TIME_%_G1_Young_Generation], Time(%), 2.559208154002402
[TOTAL_GCS_G1_Old_Generation], Count, 0
[TOTAL_GC_TIME_G1_Old_Generation], Time(ms), 0
[TOTAL_GC_TIME_%_G1_Old_Generation], Time(%), 0.0
[TOTAL_GCs], Count, 96
[TOTAL_GC_TIME], Time(ms), 7736
[TOTAL_GC_TIME_%], Time(%), 2.559208154002402
[MAX_MEM_USED], MBs, 11157
[MIN_MEM_USED], MBs, 76
[MAX_THREADS], Count, 26
[MIN_THREADS], Count, 2
[MAX_SYS_LOAD_AVG], Load, 11.48
[MIN_SYS_LOAD_AVG], Load, 9.56
[THREAD_COUNT], Operations, 32
[THREAD_COUNT], AverageLatency(ns), 23.9375
[THREAD_COUNT], MinLatency(ns), 2
[THREAD_COUNT], MaxLatency(ns), 26
[THREAD_COUNT], 95thPercentileLatency(ns), 26
[THREAD_COUNT], 99thPercentileLatency(ns), 26
[SYS_LOAD_AVG], Operations, 32
[SYS_LOAD_AVG], AverageLatency(ns), 10.125
[SYS_LOAD_AVG], MinLatency(ns), 9
[SYS_LOAD_AVG], MaxLatency(ns), 11
[SYS_LOAD_AVG], 95thPercentileLatency(ns), 11
[SYS_LOAD_AVG], 99thPercentileLatency(ns), 11
[LOAD], Operations, 20
[LOAD], AverageLatency(ns), 1.30965635072E10
[LOAD], MinLatency(ns), 11899043840
[LOAD], MaxLatency(ns), 13734445055
[LOAD], 95thPercentileLatency(ns), 13614710783
[LOAD], 99thPercentileLatency(ns), 13734445055
[USED_MEM_MB], Operations, 32
[USED_MEM_MB], AverageLatency(ns), 6637.375
[USED_MEM_MB], MinLatency(ns), 76
[USED_MEM_MB], MaxLatency(ns), 11157
[USED_MEM_MB], 95thPercentileLatency(ns), 10898
[USED_MEM_MB], 99thPercentileLatency(ns), 11157
[MAIN_GCs_Count], Operations, 20
[MAIN_GCs_Count], AverageLatency(ns), 76.55
[MAIN_GCs_Count], MinLatency(ns), 76
[MAIN_GCs_Count], MaxLatency(ns), 77
[MAIN_GCs_Count], 95thPercentileLatency(ns), 77
[MAIN_GCs_Count], 99thPercentileLatency(ns), 77
[MAIN_GCs_Time(ms)], Operations, 20
[MAIN_GCs_Time(ms)], AverageLatency(ns), 6874.45
[MAIN_GCs_Time(ms)], MinLatency(ns), 6820
[MAIN_GCs_Time(ms)], MaxLatency(ns), 6919
[MAIN_GCs_Time(ms)], 95thPercentileLatency(ns), 6919
[MAIN_GCs_Time(ms)], 99thPercentileLatency(ns), 6919
[TRANSACTION], Operations, 20
[TRANSACTION], AverageLatency(ns), 2.866818318336E11
[TRANSACTION], MinLatency(ns), 284944236544
[TRANSACTION], MaxLatency(ns), 287666339839
[TRANSACTION], 95thPercentileLatency(ns), 287454527487
[TRANSACTION], 99thPercentileLatency(ns), 287666339839
[GCS_TIME], Operations, 32
[GCS_TIME], AverageLatency(ns), 241.75
[GCS_TIME], MinLatency(ns), 0
[GCS_TIME], MaxLatency(ns), 733
[GCS_TIME], 95thPercentileLatency(ns), 295
[GCS_TIME], 99thPercentileLatency(ns), 733
[LOAD_GCs_Time(ms)], Operations, 20
[LOAD_GCs_Time(ms)], AverageLatency(ns), 785.0
[LOAD_GCs_Time(ms)], MinLatency(ns), 785
[LOAD_GCs_Time(ms)], MaxLatency(ns), 785
[LOAD_GCs_Time(ms)], 95thPercentileLatency(ns), 785
[LOAD_GCs_Time(ms)], 99thPercentileLatency(ns), 785
[READ], Operations, 60000000
[READ], AverageLatency(ns), 94119.69509825
[READ], MinLatency(ns), 184
[READ], MaxLatency(ns), 231536639
[READ], 95thPercentileLatency(ns), 315085
[READ], 99thPercentileLatency(ns), 432063
[READ], Return=OK, 60000000
[INIT], Operations, 20
[INIT], AverageLatency(ns), 6.647683072E8
[INIT], MinLatency(ns), 661606400
[INIT], MaxLatency(ns), 667860991
[INIT], 95thPercentileLatency(ns), 667811839
[INIT], 99thPercentileLatency(ns), 667860991
[GCS], Operations, 32
[GCS], AverageLatency(ns), 3.0
[GCS], MinLatency(ns), 0
[GCS], MaxLatency(ns), 18
[GCS], 95thPercentileLatency(ns), 3
[GCS], 99thPercentileLatency(ns), 18
[LOAD_GCs_Count], Operations, 20
[LOAD_GCs_Count], AverageLatency(ns), 17.0
[LOAD_GCs_Count], MinLatency(ns), 17
[LOAD_GCs_Count], MaxLatency(ns), 17
[LOAD_GCs_Count], 95thPercentileLatency(ns), 17
[LOAD_GCs_Count], 99thPercentileLatency(ns), 17
[CLEANUP], Operations, 20
[CLEANUP], AverageLatency(ns), 1.048728128E9
[CLEANUP], MinLatency(ns), 68408320
[CLEANUP], MaxLatency(ns), 2766962687
[CLEANUP], 95thPercentileLatency(ns), 2258190335
[CLEANUP], 99thPercentileLatency(ns), 2766962687
[INSERT], Operations, 1000000
[INSERT], AverageLatency(ns), 246914.811983
[INSERT], MinLatency(ns), 24443
[INSERT], MaxLatency(ns), 1141309439
[INSERT], 95thPercentileLatency(ns), 266821
[INSERT], 99thPercentileLatency(ns), 417679
[INSERT], Return=OK, 1000000
