/home/anatole/jdk8u/build/linux-x86_64-normal-server-release/jdk/bin/java -Xmx20g -XX:+UseG1GC -classpath /home/anatole/ycsb/conf:/home/anatole/ycsb/core/target/core-0.18.0-SNAPSHOT.jar:/home/anatole/ycsb/core/target/dependency/HdrHistogram-2.1.4.jar:/home/anatole/ycsb/core/target/dependency/guava-18.0.jar:/home/anatole/ycsb/core/target/dependency/htrace-core4-4.1.0-incubating.jar:/home/anatole/ycsb/core/target/dependency/jackson-core-asl-1.9.4.jar:/home/anatole/ycsb/core/target/dependency/jackson-mapper-asl-1.9.4.jar:/home/anatole/ycsb/core/target/dependency/javax.persistence-api-2.2.jar:/home/anatole/ycsb/core/target/dependency/jnvm-1.0-SNAPSHOT.jar:/home/anatole/ycsb/core/target/dependency/pcj-1.0.jar:/home/anatole/ycsb/core/target/dependency/unsafe-helper-1.0.jar:/home/anatole/ycsb/infinispan/src/main/conf:/home/anatole/ycsb/infinispan/target/infinispan-binding-0.18.0-SNAPSHOT.jar:/home/anatole/ycsb/infinispan/target/dependency/caffeine-2.6.2.jar:/home/anatole/ycsb/infinispan/target/dependency/gson-2.8.2.jar:/home/anatole/ycsb/infinispan/target/dependency/guava-18.0.jar:/home/anatole/ycsb/infinispan/target/dependency/infinispan-cachestore-jnvm-1.0-SNAPSHOT.jar:/home/anatole/ycsb/infinispan/target/dependency/infinispan-cachestore-pcj-1.0-SNAPSHOT.jar:/home/anatole/ycsb/infinispan/target/dependency/infinispan-client-hotrod-9.4.20.Final.jar:/home/anatole/ycsb/infinispan/target/dependency/infinispan-commons-9.4.20.Final.jar:/home/anatole/ycsb/infinispan/target/dependency/infinispan-core-9.4.20.Final.jar:/home/anatole/ycsb/infinispan/target/dependency/javax.persistence-api-2.2.jar:/home/anatole/ycsb/infinispan/target/dependency/jboss-logging-3.3.2.Final.jar:/home/anatole/ycsb/infinispan/target/dependency/jboss-marshalling-osgi-2.0.6.Final.jar:/home/anatole/ycsb/infinispan/target/dependency/jboss-transaction-api_1.2_spec-1.1.1.Final.jar:/home/anatole/ycsb/infinispan/target/dependency/jgroups-4.0.21.Final.jar:/home/anatole/ycsb/infinispan/target/dependency/jnvm-1.0-SNAPSHOT.jar:/home/anatole/ycsb/infinispan/target/dependency/metainf-services-1.7.jar:/home/anatole/ycsb/infinispan/target/dependency/netty-buffer-4.1.51.Final.jar:/home/anatole/ycsb/infinispan/target/dependency/netty-codec-4.1.51.Final.jar:/home/anatole/ycsb/infinispan/target/dependency/netty-common-4.1.51.Final.jar:/home/anatole/ycsb/infinispan/target/dependency/netty-handler-4.1.51.Final.jar:/home/anatole/ycsb/infinispan/target/dependency/netty-resolver-4.1.51.Final.jar:/home/anatole/ycsb/infinispan/target/dependency/netty-transport-4.1.51.Final.jar:/home/anatole/ycsb/infinispan/target/dependency/netty-transport-native-epoll-4.1.51.Final-linux-x86_64.jar:/home/anatole/ycsb/infinispan/target/dependency/netty-transport-native-unix-common-4.1.51.Final.jar:/home/anatole/ycsb/infinispan/target/dependency/pcj-1.0.jar:/home/anatole/ycsb/infinispan/target/dependency/reactive-streams-1.0.2.jar:/home/anatole/ycsb/infinispan/target/dependency/rxjava-2.2.4.jar:/home/anatole/ycsb/infinispan/target/dependency/unsafe-helper-1.0.jar site.ycsb.Client -t -db site.ycsb.db.InfinispanJNVMClient -P ../workloads/workloadc -preload -s -threads 36 -p dataintegrity=true -p offheap=true -p pcj=false -p recordcount=1000000 -p operationcount=60000000 -p fieldcount=10 -p fieldlength=100 -p requestdistribution=zipfian -p measurement.trackjvm=true -p measurementtype=hdrhistogram -p hdrhistogram.output.path=./out/exp5.concurrent.ref/log/infinispan-jnvm.run.workloadc.true.1000000.1.10.100.zipfian.36.false..default.default.none.r2.hdr.log
[OVERALL], RunTime(ms), 52821
[OVERALL], Throughput(ops/sec), 1154843.7174608584
[TOTAL_GCS_G1_Young_Generation], Count, 34
[TOTAL_GC_TIME_G1_Young_Generation], Time(ms), 2320
[TOTAL_GC_TIME_%_G1_Young_Generation], Time(%), 4.392192499195396
[TOTAL_GCS_G1_Old_Generation], Count, 0
[TOTAL_GC_TIME_G1_Old_Generation], Time(ms), 0
[TOTAL_GC_TIME_%_G1_Old_Generation], Time(%), 0.0
[TOTAL_GCs], Count, 34
[TOTAL_GC_TIME], Time(ms), 2320
[TOTAL_GC_TIME_%], Time(%), 4.392192499195396
[MAX_MEM_USED], MBs, 9314
[MIN_MEM_USED], MBs, 96
[MAX_THREADS], Count, 42
[MIN_THREADS], Count, 4
[MAX_SYS_LOAD_AVG], Load, 16.63
[MIN_SYS_LOAD_AVG], Load, 13.01
[THREAD_COUNT], Operations, 7
[THREAD_COUNT], AverageLatency(ns), 36.0
[THREAD_COUNT], MinLatency(ns), 4
[THREAD_COUNT], MaxLatency(ns), 42
[THREAD_COUNT], 95thPercentileLatency(ns), 42
[THREAD_COUNT], 99thPercentileLatency(ns), 42
[SYS_LOAD_AVG], Operations, 7
[SYS_LOAD_AVG], AverageLatency(ns), 14.142857142857142
[SYS_LOAD_AVG], MinLatency(ns), 13
[SYS_LOAD_AVG], MaxLatency(ns), 16
[SYS_LOAD_AVG], 95thPercentileLatency(ns), 16
[SYS_LOAD_AVG], 99thPercentileLatency(ns), 16
[LOAD], Operations, 36
[LOAD], AverageLatency(ns), 1.734181592177778E10
[LOAD], MinLatency(ns), 16758145024
[LOAD], MaxLatency(ns), 17492344831
[LOAD], 95thPercentileLatency(ns), 17486577663
[LOAD], 99thPercentileLatency(ns), 17492344831
[USED_MEM_MB], Operations, 7
[USED_MEM_MB], AverageLatency(ns), 4908.285714285715
[USED_MEM_MB], MinLatency(ns), 96
[USED_MEM_MB], MaxLatency(ns), 9314
[USED_MEM_MB], 95thPercentileLatency(ns), 9314
[USED_MEM_MB], 99thPercentileLatency(ns), 9314
[MAIN_GCs_Count], Operations, 36
[MAIN_GCs_Count], AverageLatency(ns), 7.361111111111111
[MAIN_GCs_Count], MinLatency(ns), 5
[MAIN_GCs_Count], MaxLatency(ns), 9
[MAIN_GCs_Count], 95thPercentileLatency(ns), 9
[MAIN_GCs_Count], 99thPercentileLatency(ns), 9
[MAIN_GCs_Time(ms)], Operations, 36
[MAIN_GCs_Time(ms)], AverageLatency(ns), 312.19444444444446
[MAIN_GCs_Time(ms)], MinLatency(ns), 244
[MAIN_GCs_Time(ms)], MaxLatency(ns), 360
[MAIN_GCs_Time(ms)], 95thPercentileLatency(ns), 360
[MAIN_GCs_Time(ms)], 99thPercentileLatency(ns), 360
[TRANSACTION], Operations, 36
[TRANSACTION], AverageLatency(ns), 2.6475055786666668E10
[TRANSACTION], MinLatency(ns), 14779023360
[TRANSACTION], MaxLatency(ns), 33375780863
[TRANSACTION], 95thPercentileLatency(ns), 32835371007
[TRANSACTION], 99thPercentileLatency(ns), 33375780863
[GCS_TIME], Operations, 7
[GCS_TIME], AverageLatency(ns), 331.42857142857144
[GCS_TIME], MinLatency(ns), 0
[GCS_TIME], MaxLatency(ns), 1151
[GCS_TIME], 95thPercentileLatency(ns), 1151
[GCS_TIME], 99thPercentileLatency(ns), 1151
[LOAD_GCs_Time(ms)], Operations, 36
[LOAD_GCs_Time(ms)], AverageLatency(ns), 1894.7777777777778
[LOAD_GCs_Time(ms)], MinLatency(ns), 1768
[LOAD_GCs_Time(ms)], MaxLatency(ns), 1931
[LOAD_GCs_Time(ms)], 95thPercentileLatency(ns), 1931
[LOAD_GCs_Time(ms)], 99thPercentileLatency(ns), 1931
[READ], Operations, 60000000
[READ], AverageLatency(ns), 14005.5764346
[READ], MinLatency(ns), 188
[READ], MaxLatency(ns), 8879538175
[READ], 95thPercentileLatency(ns), 11585
[READ], 99thPercentileLatency(ns), 153977
[READ], Return=OK, 60000000
[INIT], Operations, 36
[INIT], AverageLatency(ns), 1.6301816035555556E9
[INIT], MinLatency(ns), 1622958080
[INIT], MaxLatency(ns), 1638391807
[INIT], 95thPercentileLatency(ns), 1636630527
[INIT], 99thPercentileLatency(ns), 1638391807
[GCS], Operations, 7
[GCS], AverageLatency(ns), 4.857142857142857
[GCS], MinLatency(ns), 0
[GCS], MaxLatency(ns), 20
[GCS], 95thPercentileLatency(ns), 20
[GCS], 99thPercentileLatency(ns), 20
[LOAD_GCs_Count], Operations, 36
[LOAD_GCs_Count], AverageLatency(ns), 22.77777777777778
[LOAD_GCs_Count], MinLatency(ns), 22
[LOAD_GCs_Count], MaxLatency(ns), 23
[LOAD_GCs_Count], 95thPercentileLatency(ns), 23
[LOAD_GCs_Count], 99thPercentileLatency(ns), 23
[CLEANUP], Operations, 36
[CLEANUP], AverageLatency(ns), 6.904672103555555E9
[CLEANUP], MinLatency(ns), 5617280
[CLEANUP], MaxLatency(ns), 18590728191
[CLEANUP], 95thPercentileLatency(ns), 16647585791
[CLEANUP], 99thPercentileLatency(ns), 18590728191
[INSERT], Operations, 1000000
[INSERT], AverageLatency(ns), 237116.897011
[INSERT], MinLatency(ns), 5088
[INSERT], MaxLatency(ns), 209678335
[INSERT], 95thPercentileLatency(ns), 233099
[INSERT], 99thPercentileLatency(ns), 4244351
[INSERT], Return=OK, 1000000
