/home/anatole/jdk8u/build/linux-x86_64-normal-server-release/jdk/bin/java -Xmx20g -XX:+UseG1GC -classpath /home/anatole/ycsb/conf:/home/anatole/ycsb/core/target/core-0.18.0-SNAPSHOT.jar:/home/anatole/ycsb/core/target/dependency/HdrHistogram-2.1.4.jar:/home/anatole/ycsb/core/target/dependency/guava-18.0.jar:/home/anatole/ycsb/core/target/dependency/htrace-core4-4.1.0-incubating.jar:/home/anatole/ycsb/core/target/dependency/jackson-core-asl-1.9.4.jar:/home/anatole/ycsb/core/target/dependency/jackson-mapper-asl-1.9.4.jar:/home/anatole/ycsb/core/target/dependency/javax.persistence-api-2.2.jar:/home/anatole/ycsb/core/target/dependency/jnvm-1.0-SNAPSHOT.jar:/home/anatole/ycsb/core/target/dependency/pcj-1.0.jar:/home/anatole/ycsb/core/target/dependency/unsafe-helper-1.0.jar:/home/anatole/ycsb/infinispan/src/main/conf:/home/anatole/ycsb/infinispan/target/infinispan-binding-0.18.0-SNAPSHOT.jar:/home/anatole/ycsb/infinispan/target/dependency/caffeine-2.6.2.jar:/home/anatole/ycsb/infinispan/target/dependency/gson-2.8.2.jar:/home/anatole/ycsb/infinispan/target/dependency/guava-18.0.jar:/home/anatole/ycsb/infinispan/target/dependency/infinispan-cachestore-jnvm-1.0-SNAPSHOT.jar:/home/anatole/ycsb/infinispan/target/dependency/infinispan-cachestore-pcj-1.0-SNAPSHOT.jar:/home/anatole/ycsb/infinispan/target/dependency/infinispan-client-hotrod-9.4.20.Final.jar:/home/anatole/ycsb/infinispan/target/dependency/infinispan-commons-9.4.20.Final.jar:/home/anatole/ycsb/infinispan/target/dependency/infinispan-core-9.4.20.Final.jar:/home/anatole/ycsb/infinispan/target/dependency/javax.persistence-api-2.2.jar:/home/anatole/ycsb/infinispan/target/dependency/jboss-logging-3.3.2.Final.jar:/home/anatole/ycsb/infinispan/target/dependency/jboss-marshalling-osgi-2.0.6.Final.jar:/home/anatole/ycsb/infinispan/target/dependency/jboss-transaction-api_1.2_spec-1.1.1.Final.jar:/home/anatole/ycsb/infinispan/target/dependency/jgroups-4.0.21.Final.jar:/home/anatole/ycsb/infinispan/target/dependency/jnvm-1.0-SNAPSHOT.jar:/home/anatole/ycsb/infinispan/target/dependency/metainf-services-1.7.jar:/home/anatole/ycsb/infinispan/target/dependency/netty-buffer-4.1.51.Final.jar:/home/anatole/ycsb/infinispan/target/dependency/netty-codec-4.1.51.Final.jar:/home/anatole/ycsb/infinispan/target/dependency/netty-common-4.1.51.Final.jar:/home/anatole/ycsb/infinispan/target/dependency/netty-handler-4.1.51.Final.jar:/home/anatole/ycsb/infinispan/target/dependency/netty-resolver-4.1.51.Final.jar:/home/anatole/ycsb/infinispan/target/dependency/netty-transport-4.1.51.Final.jar:/home/anatole/ycsb/infinispan/target/dependency/netty-transport-native-epoll-4.1.51.Final-linux-x86_64.jar:/home/anatole/ycsb/infinispan/target/dependency/netty-transport-native-unix-common-4.1.51.Final.jar:/home/anatole/ycsb/infinispan/target/dependency/pcj-1.0.jar:/home/anatole/ycsb/infinispan/target/dependency/reactive-streams-1.0.2.jar:/home/anatole/ycsb/infinispan/target/dependency/rxjava-2.2.4.jar:/home/anatole/ycsb/infinispan/target/dependency/unsafe-helper-1.0.jar site.ycsb.Client -t -db site.ycsb.db.InfinispanJNVMClient -P ../workloads/workloadc -preload -s -threads 2 -p dataintegrity=true -p offheap=true -p pcj=false -p recordcount=1000000 -p operationcount=6000000 -p fieldcount=10 -p fieldlength=100 -p requestdistribution=zipfian -p measurement.trackjvm=true -p measurementtype=hdrhistogram -p hdrhistogram.output.path=./out/exp5.concurrent.ref/log/infinispan-jnvm.run.workloadc.true.1000000.1.10.100.zipfian.2.false..default.default.none.r6.hdr.log
[OVERALL], RunTime(ms), 29446
[OVERALL], Throughput(ops/sec), 237723.29009033486
[TOTAL_GCS_G1_Young_Generation], Count, 28
[TOTAL_GC_TIME_G1_Young_Generation], Time(ms), 2188
[TOTAL_GC_TIME_%_G1_Young_Generation], Time(%), 7.430550838823609
[TOTAL_GCS_G1_Old_Generation], Count, 0
[TOTAL_GC_TIME_G1_Old_Generation], Time(ms), 0
[TOTAL_GC_TIME_%_G1_Old_Generation], Time(%), 0.0
[TOTAL_GCs], Count, 28
[TOTAL_GC_TIME], Time(ms), 2188
[TOTAL_GC_TIME_%], Time(%), 7.430550838823609
[MAX_MEM_USED], MBs, 7482
[MIN_MEM_USED], MBs, 52
[MAX_THREADS], Count, 8
[MIN_THREADS], Count, 4
[MAX_SYS_LOAD_AVG], Load, 3.02
[MIN_SYS_LOAD_AVG], Load, 2.81
[THREAD_COUNT], Operations, 4
[THREAD_COUNT], AverageLatency(ns), 6.0
[THREAD_COUNT], MinLatency(ns), 4
[THREAD_COUNT], MaxLatency(ns), 8
[THREAD_COUNT], 95thPercentileLatency(ns), 8
[THREAD_COUNT], 99thPercentileLatency(ns), 8
[SYS_LOAD_AVG], Operations, 4
[SYS_LOAD_AVG], AverageLatency(ns), 2.25
[SYS_LOAD_AVG], MinLatency(ns), 2
[SYS_LOAD_AVG], MaxLatency(ns), 3
[SYS_LOAD_AVG], 95thPercentileLatency(ns), 3
[SYS_LOAD_AVG], 99thPercentileLatency(ns), 3
[LOAD], Operations, 2
[LOAD], AverageLatency(ns), 1.8849267712E10
[LOAD], MinLatency(ns), 18839371776
[LOAD], MaxLatency(ns), 18859163647
[LOAD], 95thPercentileLatency(ns), 18859163647
[LOAD], 99thPercentileLatency(ns), 18859163647
[USED_MEM_MB], Operations, 4
[USED_MEM_MB], AverageLatency(ns), 3622.0
[USED_MEM_MB], MinLatency(ns), 52
[USED_MEM_MB], MaxLatency(ns), 7482
[USED_MEM_MB], 95thPercentileLatency(ns), 7482
[USED_MEM_MB], 99thPercentileLatency(ns), 7482
[MAIN_GCs_Count], Operations, 2
[MAIN_GCs_Count], AverageLatency(ns), 2.0
[MAIN_GCs_Count], MinLatency(ns), 2
[MAIN_GCs_Count], MaxLatency(ns), 2
[MAIN_GCs_Count], 95thPercentileLatency(ns), 2
[MAIN_GCs_Count], 99thPercentileLatency(ns), 2
[MAIN_GCs_Time(ms)], Operations, 2
[MAIN_GCs_Time(ms)], AverageLatency(ns), 201.0
[MAIN_GCs_Time(ms)], MinLatency(ns), 201
[MAIN_GCs_Time(ms)], MaxLatency(ns), 201
[MAIN_GCs_Time(ms)], 95thPercentileLatency(ns), 201
[MAIN_GCs_Time(ms)], 99thPercentileLatency(ns), 201
[TRANSACTION], Operations, 2
[TRANSACTION], AverageLatency(ns), 8.85506048E9
[TRANSACTION], MinLatency(ns), 8838184960
[TRANSACTION], MaxLatency(ns), 8871935999
[TRANSACTION], 95thPercentileLatency(ns), 8871935999
[TRANSACTION], 99thPercentileLatency(ns), 8871935999
[GCS_TIME], Operations, 4
[GCS_TIME], AverageLatency(ns), 547.0
[GCS_TIME], MinLatency(ns), 0
[GCS_TIME], MaxLatency(ns), 1015
[GCS_TIME], 95thPercentileLatency(ns), 1015
[GCS_TIME], 99thPercentileLatency(ns), 1015
[LOAD_GCs_Time(ms)], Operations, 2
[LOAD_GCs_Time(ms)], AverageLatency(ns), 1967.0
[LOAD_GCs_Time(ms)], MinLatency(ns), 1967
[LOAD_GCs_Time(ms)], MaxLatency(ns), 1967
[LOAD_GCs_Time(ms)], 95thPercentileLatency(ns), 1967
[LOAD_GCs_Time(ms)], 99thPercentileLatency(ns), 1967
[READ], Operations, 6000000
[READ], AverageLatency(ns), 2031.5216296666667
[READ], MinLatency(ns), 214
[READ], MaxLatency(ns), 113725439
[READ], 95thPercentileLatency(ns), 2452
[READ], 99thPercentileLatency(ns), 3153
[READ], Return=OK, 6000000
[INIT], Operations, 2
[INIT], AverageLatency(ns), 1.651576832E9
[INIT], MinLatency(ns), 1651539968
[INIT], MaxLatency(ns), 1651613695
[INIT], 95thPercentileLatency(ns), 1651613695
[INIT], 99thPercentileLatency(ns), 1651613695
[GCS], Operations, 4
[GCS], AverageLatency(ns), 7.0
[GCS], MinLatency(ns), 0
[GCS], MaxLatency(ns), 19
[GCS], 95thPercentileLatency(ns), 19
[GCS], 99thPercentileLatency(ns), 19
[LOAD_GCs_Count], Operations, 2
[LOAD_GCs_Count], AverageLatency(ns), 25.0
[LOAD_GCs_Count], MinLatency(ns), 25
[LOAD_GCs_Count], MaxLatency(ns), 25
[LOAD_GCs_Count], 95thPercentileLatency(ns), 25
[LOAD_GCs_Count], 99thPercentileLatency(ns), 25
[CLEANUP], Operations, 2
[CLEANUP], AverageLatency(ns), 9242136.0
[CLEANUP], MinLatency(ns), 5873216
[CLEANUP], MaxLatency(ns), 12611071
[CLEANUP], 95thPercentileLatency(ns), 12611071
[CLEANUP], 99thPercentileLatency(ns), 12611071
[INSERT], Operations, 1000000
[INSERT], AverageLatency(ns), 12723.187795
[INSERT], MinLatency(ns), 2579
[INSERT], MaxLatency(ns), 201736191
[INSERT], 95thPercentileLatency(ns), 11903
[INSERT], 99thPercentileLatency(ns), 28512
[INSERT], Return=OK, 1000000
