/home/anatole/jdk8u/build/linux-x86_64-normal-server-release/jdk/bin/java -Xmx20g -XX:+UseG1GC -classpath /home/anatole/ycsb/conf:/home/anatole/ycsb/core/target/core-0.18.0-SNAPSHOT.jar:/home/anatole/ycsb/core/target/dependency/HdrHistogram-2.1.4.jar:/home/anatole/ycsb/core/target/dependency/guava-18.0.jar:/home/anatole/ycsb/core/target/dependency/htrace-core4-4.1.0-incubating.jar:/home/anatole/ycsb/core/target/dependency/jackson-core-asl-1.9.4.jar:/home/anatole/ycsb/core/target/dependency/jackson-mapper-asl-1.9.4.jar:/home/anatole/ycsb/core/target/dependency/javax.persistence-api-2.2.jar:/home/anatole/ycsb/core/target/dependency/jnvm-1.0-SNAPSHOT.jar:/home/anatole/ycsb/core/target/dependency/pcj-1.0.jar:/home/anatole/ycsb/core/target/dependency/unsafe-helper-1.0.jar:/home/anatole/ycsb/infinispan/src/main/conf:/home/anatole/ycsb/infinispan/target/infinispan-binding-0.18.0-SNAPSHOT.jar:/home/anatole/ycsb/infinispan/target/dependency/caffeine-2.6.2.jar:/home/anatole/ycsb/infinispan/target/dependency/gson-2.8.2.jar:/home/anatole/ycsb/infinispan/target/dependency/guava-18.0.jar:/home/anatole/ycsb/infinispan/target/dependency/infinispan-cachestore-jnvm-1.0-SNAPSHOT.jar:/home/anatole/ycsb/infinispan/target/dependency/infinispan-cachestore-pcj-1.0-SNAPSHOT.jar:/home/anatole/ycsb/infinispan/target/dependency/infinispan-client-hotrod-9.4.20.Final.jar:/home/anatole/ycsb/infinispan/target/dependency/infinispan-commons-9.4.20.Final.jar:/home/anatole/ycsb/infinispan/target/dependency/infinispan-core-9.4.20.Final.jar:/home/anatole/ycsb/infinispan/target/dependency/javax.persistence-api-2.2.jar:/home/anatole/ycsb/infinispan/target/dependency/jboss-logging-3.3.2.Final.jar:/home/anatole/ycsb/infinispan/target/dependency/jboss-marshalling-osgi-2.0.6.Final.jar:/home/anatole/ycsb/infinispan/target/dependency/jboss-transaction-api_1.2_spec-1.1.1.Final.jar:/home/anatole/ycsb/infinispan/target/dependency/jgroups-4.0.21.Final.jar:/home/anatole/ycsb/infinispan/target/dependency/jnvm-1.0-SNAPSHOT.jar:/home/anatole/ycsb/infinispan/target/dependency/metainf-services-1.7.jar:/home/anatole/ycsb/infinispan/target/dependency/netty-buffer-4.1.51.Final.jar:/home/anatole/ycsb/infinispan/target/dependency/netty-codec-4.1.51.Final.jar:/home/anatole/ycsb/infinispan/target/dependency/netty-common-4.1.51.Final.jar:/home/anatole/ycsb/infinispan/target/dependency/netty-handler-4.1.51.Final.jar:/home/anatole/ycsb/infinispan/target/dependency/netty-resolver-4.1.51.Final.jar:/home/anatole/ycsb/infinispan/target/dependency/netty-transport-4.1.51.Final.jar:/home/anatole/ycsb/infinispan/target/dependency/netty-transport-native-epoll-4.1.51.Final-linux-x86_64.jar:/home/anatole/ycsb/infinispan/target/dependency/netty-transport-native-unix-common-4.1.51.Final.jar:/home/anatole/ycsb/infinispan/target/dependency/pcj-1.0.jar:/home/anatole/ycsb/infinispan/target/dependency/reactive-streams-1.0.2.jar:/home/anatole/ycsb/infinispan/target/dependency/rxjava-2.2.4.jar:/home/anatole/ycsb/infinispan/target/dependency/unsafe-helper-1.0.jar site.ycsb.Client -t -db site.ycsb.db.InfinispanClient -P ../workloads/workloadc -preload -s -threads 20 -p dataintegrity=true -p offheap=false -p pcj=false -p recordcount=1000000 -p operationcount=60000000 -p fieldcount=10 -p fieldlength=100 -p requestdistribution=zipfian -p measurement.trackjvm=true -p measurementtype=hdrhistogram -p hdrhistogram.output.path=./out/exp5.concurrent.ref/log/infinispan.run.workloadc.true.1000000.100000.10.100.zipfian.20.false..default.default.none.r3.hdr.log
[OVERALL], RunTime(ms), 324453
[OVERALL], Throughput(ops/sec), 188008.740865395
[TOTAL_GCS_G1_Young_Generation], Count, 101
[TOTAL_GC_TIME_G1_Young_Generation], Time(ms), 8092
[TOTAL_GC_TIME_%_G1_Young_Generation], Time(%), 2.4940438214471743
[TOTAL_GCS_G1_Old_Generation], Count, 0
[TOTAL_GC_TIME_G1_Old_Generation], Time(ms), 0
[TOTAL_GC_TIME_%_G1_Old_Generation], Time(%), 0.0
[TOTAL_GCs], Count, 101
[TOTAL_GC_TIME], Time(ms), 8092
[TOTAL_GC_TIME_%], Time(%), 2.4940438214471743
[MAX_MEM_USED], MBs, 10858
[MIN_MEM_USED], MBs, 76
[MAX_THREADS], Count, 26
[MIN_THREADS], Count, 2
[MAX_SYS_LOAD_AVG], Load, 12.51
[MIN_SYS_LOAD_AVG], Load, 9.29
[THREAD_COUNT], Operations, 34
[THREAD_COUNT], AverageLatency(ns), 23.941176470588236
[THREAD_COUNT], MinLatency(ns), 2
[THREAD_COUNT], MaxLatency(ns), 26
[THREAD_COUNT], 95thPercentileLatency(ns), 26
[THREAD_COUNT], 99thPercentileLatency(ns), 26
[SYS_LOAD_AVG], Operations, 34
[SYS_LOAD_AVG], AverageLatency(ns), 10.441176470588236
[SYS_LOAD_AVG], MinLatency(ns), 9
[SYS_LOAD_AVG], MaxLatency(ns), 12
[SYS_LOAD_AVG], 95thPercentileLatency(ns), 12
[SYS_LOAD_AVG], 99thPercentileLatency(ns), 12
[LOAD], Operations, 20
[LOAD], AverageLatency(ns), 1.2629475328E10
[LOAD], MinLatency(ns), 10544480256
[LOAD], MaxLatency(ns), 13433241599
[LOAD], 95thPercentileLatency(ns), 13423345663
[LOAD], 99thPercentileLatency(ns), 13433241599
[USED_MEM_MB], Operations, 34
[USED_MEM_MB], AverageLatency(ns), 6113.970588235294
[USED_MEM_MB], MinLatency(ns), 76
[USED_MEM_MB], MaxLatency(ns), 10858
[USED_MEM_MB], 95thPercentileLatency(ns), 9708
[USED_MEM_MB], 99thPercentileLatency(ns), 10858
[MAIN_GCs_Count], Operations, 20
[MAIN_GCs_Count], AverageLatency(ns), 81.7
[MAIN_GCs_Count], MinLatency(ns), 81
[MAIN_GCs_Count], MaxLatency(ns), 82
[MAIN_GCs_Count], 95thPercentileLatency(ns), 82
[MAIN_GCs_Count], 99thPercentileLatency(ns), 82
[MAIN_GCs_Time(ms)], Operations, 20
[MAIN_GCs_Time(ms)], AverageLatency(ns), 7323.3
[MAIN_GCs_Time(ms)], MinLatency(ns), 7261
[MAIN_GCs_Time(ms)], MaxLatency(ns), 7350
[MAIN_GCs_Time(ms)], 95thPercentileLatency(ns), 7350
[MAIN_GCs_Time(ms)], 99thPercentileLatency(ns), 7350
[TRANSACTION], Operations, 20
[TRANSACTION], AverageLatency(ns), 3.090636865536E11
[TRANSACTION], MinLatency(ns), 307618643968
[TRANSACTION], MaxLatency(ns), 310143614975
[TRANSACTION], 95thPercentileLatency(ns), 310122643455
[TRANSACTION], 99thPercentileLatency(ns), 310143614975
[GCS_TIME], Operations, 34
[GCS_TIME], AverageLatency(ns), 238.0
[GCS_TIME], MinLatency(ns), 0
[GCS_TIME], MaxLatency(ns), 645
[GCS_TIME], 95thPercentileLatency(ns), 317
[GCS_TIME], 99thPercentileLatency(ns), 645
[LOAD_GCs_Time(ms)], Operations, 20
[LOAD_GCs_Time(ms)], AverageLatency(ns), 702.3
[LOAD_GCs_Time(ms)], MinLatency(ns), 615
[LOAD_GCs_Time(ms)], MaxLatency(ns), 712
[LOAD_GCs_Time(ms)], 95thPercentileLatency(ns), 712
[LOAD_GCs_Time(ms)], 99thPercentileLatency(ns), 712
[READ], Operations, 60000000
[READ], AverageLatency(ns), 101549.8247666
[READ], MinLatency(ns), 186
[READ], MaxLatency(ns), 211480575
[READ], 95thPercentileLatency(ns), 345223
[READ], 99thPercentileLatency(ns), 477599
[READ], Return=OK, 60000000
[INIT], Operations, 20
[INIT], AverageLatency(ns), 6.361921536E8
[INIT], MinLatency(ns), 632471552
[INIT], MaxLatency(ns), 641245183
[INIT], 95thPercentileLatency(ns), 640479231
[INIT], 99thPercentileLatency(ns), 641245183
[GCS], Operations, 34
[GCS], AverageLatency(ns), 2.9705882352941178
[GCS], MinLatency(ns), 0
[GCS], MaxLatency(ns), 18
[GCS], 95thPercentileLatency(ns), 3
[GCS], 99thPercentileLatency(ns), 18
[LOAD_GCs_Count], Operations, 20
[LOAD_GCs_Count], AverageLatency(ns), 16.9
[LOAD_GCs_Count], MinLatency(ns), 16
[LOAD_GCs_Count], MaxLatency(ns), 17
[LOAD_GCs_Count], 95thPercentileLatency(ns), 17
[LOAD_GCs_Count], 99thPercentileLatency(ns), 17
[CLEANUP], Operations, 20
[CLEANUP], AverageLatency(ns), 1.1392684736E9
[CLEANUP], MinLatency(ns), 61106176
[CLEANUP], MaxLatency(ns), 2560032767
[CLEANUP], 95thPercentileLatency(ns), 2381004799
[CLEANUP], 99thPercentileLatency(ns), 2560032767
[INSERT], Operations, 1000000
[INSERT], AverageLatency(ns), 237565.319711
[INSERT], MinLatency(ns), 23634
[INSERT], MaxLatency(ns), 913473535
[INSERT], 95thPercentileLatency(ns), 262407
[INSERT], 99thPercentileLatency(ns), 405107
[INSERT], Return=OK, 1000000
