/home/anatole/jdk8u/build/linux-x86_64-normal-server-release/jdk/bin/java -Xmx20g -XX:+UseG1GC -classpath /home/anatole/ycsb/conf:/home/anatole/ycsb/core/target/core-0.18.0-SNAPSHOT.jar:/home/anatole/ycsb/core/target/dependency/HdrHistogram-2.1.4.jar:/home/anatole/ycsb/core/target/dependency/guava-18.0.jar:/home/anatole/ycsb/core/target/dependency/htrace-core4-4.1.0-incubating.jar:/home/anatole/ycsb/core/target/dependency/jackson-core-asl-1.9.4.jar:/home/anatole/ycsb/core/target/dependency/jackson-mapper-asl-1.9.4.jar:/home/anatole/ycsb/core/target/dependency/javax.persistence-api-2.2.jar:/home/anatole/ycsb/core/target/dependency/jnvm-1.0-SNAPSHOT.jar:/home/anatole/ycsb/core/target/dependency/pcj-1.0.jar:/home/anatole/ycsb/core/target/dependency/unsafe-helper-1.0.jar:/home/anatole/ycsb/infinispan/src/main/conf:/home/anatole/ycsb/infinispan/target/infinispan-binding-0.18.0-SNAPSHOT.jar:/home/anatole/ycsb/infinispan/target/dependency/caffeine-2.6.2.jar:/home/anatole/ycsb/infinispan/target/dependency/gson-2.8.2.jar:/home/anatole/ycsb/infinispan/target/dependency/guava-18.0.jar:/home/anatole/ycsb/infinispan/target/dependency/infinispan-cachestore-jnvm-1.0-SNAPSHOT.jar:/home/anatole/ycsb/infinispan/target/dependency/infinispan-cachestore-pcj-1.0-SNAPSHOT.jar:/home/anatole/ycsb/infinispan/target/dependency/infinispan-client-hotrod-9.4.20.Final.jar:/home/anatole/ycsb/infinispan/target/dependency/infinispan-commons-9.4.20.Final.jar:/home/anatole/ycsb/infinispan/target/dependency/infinispan-core-9.4.20.Final.jar:/home/anatole/ycsb/infinispan/target/dependency/javax.persistence-api-2.2.jar:/home/anatole/ycsb/infinispan/target/dependency/jboss-logging-3.3.2.Final.jar:/home/anatole/ycsb/infinispan/target/dependency/jboss-marshalling-osgi-2.0.6.Final.jar:/home/anatole/ycsb/infinispan/target/dependency/jboss-transaction-api_1.2_spec-1.1.1.Final.jar:/home/anatole/ycsb/infinispan/target/dependency/jgroups-4.0.21.Final.jar:/home/anatole/ycsb/infinispan/target/dependency/jnvm-1.0-SNAPSHOT.jar:/home/anatole/ycsb/infinispan/target/dependency/metainf-services-1.7.jar:/home/anatole/ycsb/infinispan/target/dependency/netty-buffer-4.1.51.Final.jar:/home/anatole/ycsb/infinispan/target/dependency/netty-codec-4.1.51.Final.jar:/home/anatole/ycsb/infinispan/target/dependency/netty-common-4.1.51.Final.jar:/home/anatole/ycsb/infinispan/target/dependency/netty-handler-4.1.51.Final.jar:/home/anatole/ycsb/infinispan/target/dependency/netty-resolver-4.1.51.Final.jar:/home/anatole/ycsb/infinispan/target/dependency/netty-transport-4.1.51.Final.jar:/home/anatole/ycsb/infinispan/target/dependency/netty-transport-native-epoll-4.1.51.Final-linux-x86_64.jar:/home/anatole/ycsb/infinispan/target/dependency/netty-transport-native-unix-common-4.1.51.Final.jar:/home/anatole/ycsb/infinispan/target/dependency/pcj-1.0.jar:/home/anatole/ycsb/infinispan/target/dependency/reactive-streams-1.0.2.jar:/home/anatole/ycsb/infinispan/target/dependency/rxjava-2.2.4.jar:/home/anatole/ycsb/infinispan/target/dependency/unsafe-helper-1.0.jar site.ycsb.Client -t -db site.ycsb.db.InfinispanJNVMClient -P ../workloads/workloada -preload -s -threads 16 -p dataintegrity=true -p offheap=true -p pcj=false -p recordcount=1000000 -p operationcount=48000000 -p fieldcount=10 -p fieldlength=100 -p requestdistribution=zipfian -p measurement.trackjvm=true -p measurementtype=hdrhistogram -p hdrhistogram.output.path=./out/exp5.concurrent.ref/log/infinispan-jnvm.run.workloada.true.1000000.1.10.100.zipfian.16.false..default.default.none.r2.hdr.log
[OVERALL], RunTime(ms), 68738
[OVERALL], Throughput(ops/sec), 712851.6977508802
[TOTAL_GCS_G1_Young_Generation], Count, 141
[TOTAL_GC_TIME_G1_Young_Generation], Time(ms), 20458
[TOTAL_GC_TIME_%_G1_Young_Generation], Time(%), 29.762285780790833
[TOTAL_GCS_G1_Old_Generation], Count, 0
[TOTAL_GC_TIME_G1_Old_Generation], Time(ms), 0
[TOTAL_GC_TIME_%_G1_Old_Generation], Time(%), 0.0
[TOTAL_GCs], Count, 141
[TOTAL_GC_TIME], Time(ms), 20458
[TOTAL_GC_TIME_%], Time(%), 29.762285780790833
[MAX_MEM_USED], MBs, 6578
[MIN_MEM_USED], MBs, 70
[MAX_THREADS], Count, 22
[MIN_THREADS], Count, 4
[MAX_SYS_LOAD_AVG], Load, 19.73
[MIN_SYS_LOAD_AVG], Load, 16.22
[THREAD_COUNT], Operations, 8
[THREAD_COUNT], AverageLatency(ns), 19.25
[THREAD_COUNT], MinLatency(ns), 4
[THREAD_COUNT], MaxLatency(ns), 22
[THREAD_COUNT], 95thPercentileLatency(ns), 22
[THREAD_COUNT], 99thPercentileLatency(ns), 22
[SYS_LOAD_AVG], Operations, 8
[SYS_LOAD_AVG], AverageLatency(ns), 17.75
[SYS_LOAD_AVG], MinLatency(ns), 16
[SYS_LOAD_AVG], MaxLatency(ns), 19
[SYS_LOAD_AVG], 95thPercentileLatency(ns), 19
[SYS_LOAD_AVG], 99thPercentileLatency(ns), 19
[LOAD], Operations, 16
[LOAD], AverageLatency(ns), 1.5114866688E10
[LOAD], MinLatency(ns), 14895546368
[LOAD], MaxLatency(ns), 15239872511
[LOAD], 95thPercentileLatency(ns), 15207366655
[LOAD], 99thPercentileLatency(ns), 15239872511
[USED_MEM_MB], Operations, 8
[USED_MEM_MB], AverageLatency(ns), 4225.125
[USED_MEM_MB], MinLatency(ns), 70
[USED_MEM_MB], MaxLatency(ns), 6578
[USED_MEM_MB], 95thPercentileLatency(ns), 6578
[USED_MEM_MB], 99thPercentileLatency(ns), 6578
[MAIN_GCs_Count], Operations, 16
[MAIN_GCs_Count], AverageLatency(ns), 115.5
[MAIN_GCs_Count], MinLatency(ns), 114
[MAIN_GCs_Count], MaxLatency(ns), 116
[MAIN_GCs_Count], 95thPercentileLatency(ns), 116
[MAIN_GCs_Count], 99thPercentileLatency(ns), 116
[MAIN_GCs_Time(ms)], Operations, 16
[MAIN_GCs_Time(ms)], AverageLatency(ns), 18491.875
[MAIN_GCs_Time(ms)], MinLatency(ns), 18241
[MAIN_GCs_Time(ms)], MaxLatency(ns), 18572
[MAIN_GCs_Time(ms)], 95thPercentileLatency(ns), 18572
[MAIN_GCs_Time(ms)], 99thPercentileLatency(ns), 18572
[TRANSACTION], Operations, 16
[TRANSACTION], AverageLatency(ns), 5.1368607744E10
[TRANSACTION], MinLatency(ns), 50704678912
[TRANSACTION], MaxLatency(ns), 51748274175
[TRANSACTION], 95thPercentileLatency(ns), 51727302655
[TRANSACTION], 99thPercentileLatency(ns), 51748274175
[GCS_TIME], Operations, 8
[GCS_TIME], AverageLatency(ns), 2557.25
[GCS_TIME], MinLatency(ns), 0
[GCS_TIME], MaxLatency(ns), 3714
[GCS_TIME], 95thPercentileLatency(ns), 3714
[GCS_TIME], 99thPercentileLatency(ns), 3714
[LOAD_GCs_Time(ms)], Operations, 16
[LOAD_GCs_Time(ms)], AverageLatency(ns), 1869.0
[LOAD_GCs_Time(ms)], MinLatency(ns), 1869
[LOAD_GCs_Time(ms)], MaxLatency(ns), 1869
[LOAD_GCs_Time(ms)], 95thPercentileLatency(ns), 1869
[LOAD_GCs_Time(ms)], 99thPercentileLatency(ns), 1869
[READ], Operations, 24010265
[READ], AverageLatency(ns), 8950.378744674414
[READ], MinLatency(ns), 205
[READ], MaxLatency(ns), 217891839
[READ], 95thPercentileLatency(ns), 9262
[READ], 99thPercentileLatency(ns), 32123
[READ], Return=OK, 24010265
[INIT], Operations, 16
[INIT], AverageLatency(ns), 1.61652224E9
[INIT], MinLatency(ns), 1613471744
[INIT], MaxLatency(ns), 1620508671
[INIT], 95thPercentileLatency(ns), 1620459519
[INIT], 99thPercentileLatency(ns), 1620508671
[GCS], Operations, 8
[GCS], AverageLatency(ns), 17.625
[GCS], MinLatency(ns), 0
[GCS], MaxLatency(ns), 23
[GCS], 95thPercentileLatency(ns), 23
[GCS], 99thPercentileLatency(ns), 23
[LOAD_GCs_Count], Operations, 16
[LOAD_GCs_Count], AverageLatency(ns), 24.0
[LOAD_GCs_Count], MinLatency(ns), 24
[LOAD_GCs_Count], MaxLatency(ns), 24
[LOAD_GCs_Count], 95thPercentileLatency(ns), 24
[LOAD_GCs_Count], 99thPercentileLatency(ns), 24
[CLEANUP], Operations, 16
[CLEANUP], AverageLatency(ns), 3.83014497E8
[CLEANUP], MinLatency(ns), 5930560
[CLEANUP], MaxLatency(ns), 1006243839
[CLEANUP], 95thPercentileLatency(ns), 1005645823
[CLEANUP], 99thPercentileLatency(ns), 1006243839
[INSERT], Operations, 1000000
[INSERT], AverageLatency(ns), 92994.802836
[INSERT], MinLatency(ns), 2984
[INSERT], MaxLatency(ns), 184273919
[INSERT], 95thPercentileLatency(ns), 73411
[INSERT], 99thPercentileLatency(ns), 2503855
[INSERT], Return=OK, 1000000
[UPDATE], Operations, 23989735
[UPDATE], AverageLatency(ns), 12636.94698428307
[UPDATE], MinLatency(ns), 267
[UPDATE], MaxLatency(ns), 213310463
[UPDATE], 95thPercentileLatency(ns), 14064
[UPDATE], 99thPercentileLatency(ns), 34495
[UPDATE], Return=OK, 23989735
