/home/anatole/jdk8u/build/linux-x86_64-normal-server-release/jdk/bin/java -Xmx20g -XX:+UseG1GC -classpath /home/anatole/ycsb/conf:/home/anatole/ycsb/core/target/core-0.18.0-SNAPSHOT.jar:/home/anatole/ycsb/core/target/dependency/HdrHistogram-2.1.4.jar:/home/anatole/ycsb/core/target/dependency/guava-18.0.jar:/home/anatole/ycsb/core/target/dependency/htrace-core4-4.1.0-incubating.jar:/home/anatole/ycsb/core/target/dependency/jackson-core-asl-1.9.4.jar:/home/anatole/ycsb/core/target/dependency/jackson-mapper-asl-1.9.4.jar:/home/anatole/ycsb/core/target/dependency/javax.persistence-api-2.2.jar:/home/anatole/ycsb/core/target/dependency/jnvm-1.0-SNAPSHOT.jar:/home/anatole/ycsb/core/target/dependency/pcj-1.0.jar:/home/anatole/ycsb/core/target/dependency/unsafe-helper-1.0.jar:/home/anatole/ycsb/infinispan/src/main/conf:/home/anatole/ycsb/infinispan/target/infinispan-binding-0.18.0-SNAPSHOT.jar:/home/anatole/ycsb/infinispan/target/dependency/caffeine-2.6.2.jar:/home/anatole/ycsb/infinispan/target/dependency/gson-2.8.2.jar:/home/anatole/ycsb/infinispan/target/dependency/guava-18.0.jar:/home/anatole/ycsb/infinispan/target/dependency/infinispan-cachestore-jnvm-1.0-SNAPSHOT.jar:/home/anatole/ycsb/infinispan/target/dependency/infinispan-cachestore-pcj-1.0-SNAPSHOT.jar:/home/anatole/ycsb/infinispan/target/dependency/infinispan-client-hotrod-9.4.20.Final.jar:/home/anatole/ycsb/infinispan/target/dependency/infinispan-commons-9.4.20.Final.jar:/home/anatole/ycsb/infinispan/target/dependency/infinispan-core-9.4.20.Final.jar:/home/anatole/ycsb/infinispan/target/dependency/javax.persistence-api-2.2.jar:/home/anatole/ycsb/infinispan/target/dependency/jboss-logging-3.3.2.Final.jar:/home/anatole/ycsb/infinispan/target/dependency/jboss-marshalling-osgi-2.0.6.Final.jar:/home/anatole/ycsb/infinispan/target/dependency/jboss-transaction-api_1.2_spec-1.1.1.Final.jar:/home/anatole/ycsb/infinispan/target/dependency/jgroups-4.0.21.Final.jar:/home/anatole/ycsb/infinispan/target/dependency/jnvm-1.0-SNAPSHOT.jar:/home/anatole/ycsb/infinispan/target/dependency/metainf-services-1.7.jar:/home/anatole/ycsb/infinispan/target/dependency/netty-buffer-4.1.51.Final.jar:/home/anatole/ycsb/infinispan/target/dependency/netty-codec-4.1.51.Final.jar:/home/anatole/ycsb/infinispan/target/dependency/netty-common-4.1.51.Final.jar:/home/anatole/ycsb/infinispan/target/dependency/netty-handler-4.1.51.Final.jar:/home/anatole/ycsb/infinispan/target/dependency/netty-resolver-4.1.51.Final.jar:/home/anatole/ycsb/infinispan/target/dependency/netty-transport-4.1.51.Final.jar:/home/anatole/ycsb/infinispan/target/dependency/netty-transport-native-epoll-4.1.51.Final-linux-x86_64.jar:/home/anatole/ycsb/infinispan/target/dependency/netty-transport-native-unix-common-4.1.51.Final.jar:/home/anatole/ycsb/infinispan/target/dependency/pcj-1.0.jar:/home/anatole/ycsb/infinispan/target/dependency/reactive-streams-1.0.2.jar:/home/anatole/ycsb/infinispan/target/dependency/rxjava-2.2.4.jar:/home/anatole/ycsb/infinispan/target/dependency/unsafe-helper-1.0.jar site.ycsb.Client -t -db site.ycsb.db.InfinispanClient -P ../workloads/workloadc -preload -s -threads 2 -p dataintegrity=true -p offheap=false -p pcj=false -p recordcount=1000000 -p operationcount=6000000 -p fieldcount=10 -p fieldlength=100 -p requestdistribution=zipfian -p measurement.trackjvm=true -p measurementtype=hdrhistogram -p hdrhistogram.output.path=./out/exp5.concurrent.ref/log/infinispan.run.workloadc.true.1000000.1000000.10.100.zipfian.2.true..default.default.none.r3.hdr.log
[OVERALL], RunTime(ms), 16163
[OVERALL], Throughput(ops/sec), 433087.91684712
[TOTAL_GCS_G1_Young_Generation], Count, 29
[TOTAL_GC_TIME_G1_Young_Generation], Time(ms), 2374
[TOTAL_GC_TIME_%_G1_Young_Generation], Time(%), 14.687867351358038
[TOTAL_GCS_G1_Old_Generation], Count, 0
[TOTAL_GC_TIME_G1_Old_Generation], Time(ms), 0
[TOTAL_GC_TIME_%_G1_Old_Generation], Time(%), 0.0
[TOTAL_GCs], Count, 29
[TOTAL_GC_TIME], Time(ms), 2374
[TOTAL_GC_TIME_%], Time(%), 14.687867351358038
[MAX_MEM_USED], MBs, 5472
[MIN_MEM_USED], MBs, 52
[MAX_THREADS], Count, 8
[MIN_THREADS], Count, 4
[MAX_SYS_LOAD_AVG], Load, 6.71
[MIN_SYS_LOAD_AVG], Load, 3.01
[THREAD_COUNT], Operations, 3
[THREAD_COUNT], AverageLatency(ns), 5.333333333333333
[THREAD_COUNT], MinLatency(ns), 4
[THREAD_COUNT], MaxLatency(ns), 8
[THREAD_COUNT], 95thPercentileLatency(ns), 8
[THREAD_COUNT], 99thPercentileLatency(ns), 8
[SYS_LOAD_AVG], Operations, 3
[SYS_LOAD_AVG], AverageLatency(ns), 5.0
[SYS_LOAD_AVG], MinLatency(ns), 3
[SYS_LOAD_AVG], MaxLatency(ns), 6
[SYS_LOAD_AVG], 95thPercentileLatency(ns), 6
[SYS_LOAD_AVG], 99thPercentileLatency(ns), 6
[LOAD], Operations, 2
[LOAD], AverageLatency(ns), 9.370402816E9
[LOAD], MinLatency(ns), 9324199936
[LOAD], MaxLatency(ns), 9416605695
[LOAD], 95thPercentileLatency(ns), 9416605695
[LOAD], 99thPercentileLatency(ns), 9416605695
[USED_MEM_MB], Operations, 3
[USED_MEM_MB], AverageLatency(ns), 3272.6666666666665
[USED_MEM_MB], MinLatency(ns), 52
[USED_MEM_MB], MaxLatency(ns), 5472
[USED_MEM_MB], 95thPercentileLatency(ns), 5472
[USED_MEM_MB], 99thPercentileLatency(ns), 5472
[MAIN_GCs_Count], Operations, 2
[MAIN_GCs_Count], AverageLatency(ns), 2.0
[MAIN_GCs_Count], MinLatency(ns), 2
[MAIN_GCs_Count], MaxLatency(ns), 2
[MAIN_GCs_Count], 95thPercentileLatency(ns), 2
[MAIN_GCs_Count], 99thPercentileLatency(ns), 2
[MAIN_GCs_Time(ms)], Operations, 2
[MAIN_GCs_Time(ms)], AverageLatency(ns), 185.0
[MAIN_GCs_Time(ms)], MinLatency(ns), 185
[MAIN_GCs_Time(ms)], MaxLatency(ns), 185
[MAIN_GCs_Time(ms)], 95thPercentileLatency(ns), 185
[MAIN_GCs_Time(ms)], 99thPercentileLatency(ns), 185
[TRANSACTION], Operations, 2
[TRANSACTION], AverageLatency(ns), 5.439340544E9
[TRANSACTION], MinLatency(ns), 5435457536
[TRANSACTION], MaxLatency(ns), 5443223551
[TRANSACTION], 95thPercentileLatency(ns), 5443223551
[TRANSACTION], 99thPercentileLatency(ns), 5443223551
[GCS_TIME], Operations, 3
[GCS_TIME], AverageLatency(ns), 791.3333333333334
[GCS_TIME], MinLatency(ns), 0
[GCS_TIME], MaxLatency(ns), 2128
[GCS_TIME], 95thPercentileLatency(ns), 2128
[GCS_TIME], 99thPercentileLatency(ns), 2128
[LOAD_GCs_Time(ms)], Operations, 2
[LOAD_GCs_Time(ms)], AverageLatency(ns), 2111.0
[LOAD_GCs_Time(ms)], MinLatency(ns), 2111
[LOAD_GCs_Time(ms)], MaxLatency(ns), 2111
[LOAD_GCs_Time(ms)], 95thPercentileLatency(ns), 2111
[LOAD_GCs_Time(ms)], 99thPercentileLatency(ns), 2111
[READ], Operations, 6000000
[READ], AverageLatency(ns), 878.647533
[READ], MinLatency(ns), 203
[READ], MaxLatency(ns), 53979391
[READ], 95thPercentileLatency(ns), 1106
[READ], 99thPercentileLatency(ns), 8257
[READ], Return=OK, 6000000
[INIT], Operations, 2
[INIT], AverageLatency(ns), 6.55607808E8
[INIT], MinLatency(ns), 655577088
[INIT], MaxLatency(ns), 655638527
[INIT], 95thPercentileLatency(ns), 655638527
[INIT], 99thPercentileLatency(ns), 655638527
[GCS], Operations, 3
[GCS], AverageLatency(ns), 9.666666666666666
[GCS], MinLatency(ns), 0
[GCS], MaxLatency(ns), 26
[GCS], 95thPercentileLatency(ns), 26
[GCS], 99thPercentileLatency(ns), 26
[LOAD_GCs_Count], Operations, 2
[LOAD_GCs_Count], AverageLatency(ns), 25.0
[LOAD_GCs_Count], MinLatency(ns), 25
[LOAD_GCs_Count], MaxLatency(ns), 25
[LOAD_GCs_Count], 95thPercentileLatency(ns), 25
[LOAD_GCs_Count], 99thPercentileLatency(ns), 25
[CLEANUP], Operations, 2
[CLEANUP], AverageLatency(ns), 5.97426176E8
[CLEANUP], MinLatency(ns), 597385216
[CLEANUP], MaxLatency(ns), 597467135
[CLEANUP], 95thPercentileLatency(ns), 597467135
[CLEANUP], 99thPercentileLatency(ns), 597467135
[INSERT], Operations, 1000000
[INSERT], AverageLatency(ns), 4907.15673
[INSERT], MinLatency(ns), 1575
[INSERT], MaxLatency(ns), 122214911
[INSERT], 95thPercentileLatency(ns), 4816
[INSERT], 99thPercentileLatency(ns), 18553
[INSERT], Return=OK, 1000000
