/home/anatole/jdk8u/build/linux-x86_64-normal-server-release/jdk/bin/java -Xmx20g -XX:+UseG1GC -classpath /home/anatole/ycsb/conf:/home/anatole/ycsb/core/target/core-0.18.0-SNAPSHOT.jar:/home/anatole/ycsb/core/target/dependency/HdrHistogram-2.1.4.jar:/home/anatole/ycsb/core/target/dependency/guava-18.0.jar:/home/anatole/ycsb/core/target/dependency/htrace-core4-4.1.0-incubating.jar:/home/anatole/ycsb/core/target/dependency/jackson-core-asl-1.9.4.jar:/home/anatole/ycsb/core/target/dependency/jackson-mapper-asl-1.9.4.jar:/home/anatole/ycsb/core/target/dependency/javax.persistence-api-2.2.jar:/home/anatole/ycsb/core/target/dependency/jnvm-1.0-SNAPSHOT.jar:/home/anatole/ycsb/core/target/dependency/pcj-1.0.jar:/home/anatole/ycsb/core/target/dependency/unsafe-helper-1.0.jar:/home/anatole/ycsb/infinispan/src/main/conf:/home/anatole/ycsb/infinispan/target/infinispan-binding-0.18.0-SNAPSHOT.jar:/home/anatole/ycsb/infinispan/target/dependency/caffeine-2.6.2.jar:/home/anatole/ycsb/infinispan/target/dependency/gson-2.8.2.jar:/home/anatole/ycsb/infinispan/target/dependency/guava-18.0.jar:/home/anatole/ycsb/infinispan/target/dependency/infinispan-cachestore-jnvm-1.0-SNAPSHOT.jar:/home/anatole/ycsb/infinispan/target/dependency/infinispan-cachestore-pcj-1.0-SNAPSHOT.jar:/home/anatole/ycsb/infinispan/target/dependency/infinispan-client-hotrod-9.4.20.Final.jar:/home/anatole/ycsb/infinispan/target/dependency/infinispan-commons-9.4.20.Final.jar:/home/anatole/ycsb/infinispan/target/dependency/infinispan-core-9.4.20.Final.jar:/home/anatole/ycsb/infinispan/target/dependency/javax.persistence-api-2.2.jar:/home/anatole/ycsb/infinispan/target/dependency/jboss-logging-3.3.2.Final.jar:/home/anatole/ycsb/infinispan/target/dependency/jboss-marshalling-osgi-2.0.6.Final.jar:/home/anatole/ycsb/infinispan/target/dependency/jboss-transaction-api_1.2_spec-1.1.1.Final.jar:/home/anatole/ycsb/infinispan/target/dependency/jgroups-4.0.21.Final.jar:/home/anatole/ycsb/infinispan/target/dependency/jnvm-1.0-SNAPSHOT.jar:/home/anatole/ycsb/infinispan/target/dependency/metainf-services-1.7.jar:/home/anatole/ycsb/infinispan/target/dependency/netty-buffer-4.1.51.Final.jar:/home/anatole/ycsb/infinispan/target/dependency/netty-codec-4.1.51.Final.jar:/home/anatole/ycsb/infinispan/target/dependency/netty-common-4.1.51.Final.jar:/home/anatole/ycsb/infinispan/target/dependency/netty-handler-4.1.51.Final.jar:/home/anatole/ycsb/infinispan/target/dependency/netty-resolver-4.1.51.Final.jar:/home/anatole/ycsb/infinispan/target/dependency/netty-transport-4.1.51.Final.jar:/home/anatole/ycsb/infinispan/target/dependency/netty-transport-native-epoll-4.1.51.Final-linux-x86_64.jar:/home/anatole/ycsb/infinispan/target/dependency/netty-transport-native-unix-common-4.1.51.Final.jar:/home/anatole/ycsb/infinispan/target/dependency/pcj-1.0.jar:/home/anatole/ycsb/infinispan/target/dependency/reactive-streams-1.0.2.jar:/home/anatole/ycsb/infinispan/target/dependency/rxjava-2.2.4.jar:/home/anatole/ycsb/infinispan/target/dependency/unsafe-helper-1.0.jar site.ycsb.Client -t -db site.ycsb.db.InfinispanClient -P ../workloads/workloadc -preload -s -threads 32 -p dataintegrity=true -p offheap=false -p pcj=false -p recordcount=1000000 -p operationcount=60000000 -p fieldcount=10 -p fieldlength=100 -p requestdistribution=zipfian -p measurement.trackjvm=true -p measurementtype=hdrhistogram -p hdrhistogram.output.path=./out/exp5.concurrent.ref/log/infinispan.run.workloadc.true.1000000.100000.10.100.zipfian.32.false..default.default.none.r2.hdr.log
[OVERALL], RunTime(ms), 491745
[OVERALL], Throughput(ops/sec), 124048.03302524683
[TOTAL_GCS_G1_Young_Generation], Count, 85
[TOTAL_GC_TIME_G1_Young_Generation], Time(ms), 8021
[TOTAL_GC_TIME_%_G1_Young_Generation], Time(%), 1.6311299555664012
[TOTAL_GCS_G1_Old_Generation], Count, 0
[TOTAL_GC_TIME_G1_Old_Generation], Time(ms), 0
[TOTAL_GC_TIME_%_G1_Old_Generation], Time(%), 0.0
[TOTAL_GCs], Count, 85
[TOTAL_GC_TIME], Time(ms), 8021
[TOTAL_GC_TIME_%], Time(%), 1.6311299555664012
[MAX_MEM_USED], MBs, 12921
[MIN_MEM_USED], MBs, 92
[MAX_THREADS], Count, 38
[MIN_THREADS], Count, 2
[MAX_SYS_LOAD_AVG], Load, 14.08
[MIN_SYS_LOAD_AVG], Load, 9.18
[THREAD_COUNT], Operations, 51
[THREAD_COUNT], AverageLatency(ns), 35.72549019607843
[THREAD_COUNT], MinLatency(ns), 2
[THREAD_COUNT], MaxLatency(ns), 38
[THREAD_COUNT], 95thPercentileLatency(ns), 38
[THREAD_COUNT], 99thPercentileLatency(ns), 38
[SYS_LOAD_AVG], Operations, 51
[SYS_LOAD_AVG], AverageLatency(ns), 10.098039215686274
[SYS_LOAD_AVG], MinLatency(ns), 9
[SYS_LOAD_AVG], MaxLatency(ns), 14
[SYS_LOAD_AVG], 95thPercentileLatency(ns), 12
[SYS_LOAD_AVG], 99thPercentileLatency(ns), 12
[LOAD], Operations, 32
[LOAD], AverageLatency(ns), 1.3185021952E10
[LOAD], MinLatency(ns), 11055792128
[LOAD], MaxLatency(ns), 14148632575
[LOAD], 95thPercentileLatency(ns), 14036434943
[LOAD], 99thPercentileLatency(ns), 14148632575
[USED_MEM_MB], Operations, 51
[USED_MEM_MB], AverageLatency(ns), 7104.35294117647
[USED_MEM_MB], MinLatency(ns), 92
[USED_MEM_MB], MaxLatency(ns), 12921
[USED_MEM_MB], 95thPercentileLatency(ns), 12157
[USED_MEM_MB], 99thPercentileLatency(ns), 12778
[MAIN_GCs_Count], Operations, 32
[MAIN_GCs_Count], AverageLatency(ns), 65.96875
[MAIN_GCs_Count], MinLatency(ns), 65
[MAIN_GCs_Count], MaxLatency(ns), 66
[MAIN_GCs_Count], 95thPercentileLatency(ns), 66
[MAIN_GCs_Count], 99thPercentileLatency(ns), 66
[MAIN_GCs_Time(ms)], Operations, 32
[MAIN_GCs_Time(ms)], AverageLatency(ns), 7052.71875
[MAIN_GCs_Time(ms)], MinLatency(ns), 6951
[MAIN_GCs_Time(ms)], MaxLatency(ns), 7056
[MAIN_GCs_Time(ms)], 95thPercentileLatency(ns), 7056
[MAIN_GCs_Time(ms)], 99thPercentileLatency(ns), 7056
[TRANSACTION], Operations, 32
[TRANSACTION], AverageLatency(ns), 4.75851522048E11
[TRANSACTION], MinLatency(ns), 470892412928
[TRANSACTION], MaxLatency(ns), 476661678079
[TRANSACTION], 95thPercentileLatency(ns), 476573597695
[TRANSACTION], 99thPercentileLatency(ns), 476661678079
[GCS_TIME], Operations, 51
[GCS_TIME], AverageLatency(ns), 157.27450980392157
[GCS_TIME], MinLatency(ns), 0
[GCS_TIME], MaxLatency(ns), 771
[GCS_TIME], 95thPercentileLatency(ns), 229
[GCS_TIME], 99thPercentileLatency(ns), 763
[LOAD_GCs_Time(ms)], Operations, 32
[LOAD_GCs_Time(ms)], AverageLatency(ns), 912.75
[LOAD_GCs_Time(ms)], MinLatency(ns), 840
[LOAD_GCs_Time(ms)], MaxLatency(ns), 937
[LOAD_GCs_Time(ms)], 95thPercentileLatency(ns), 937
[LOAD_GCs_Time(ms)], 99thPercentileLatency(ns), 937
[READ], Operations, 60000000
[READ], AverageLatency(ns), 250791.18793126667
[READ], MinLatency(ns), 197
[READ], MaxLatency(ns), 331499519
[READ], 95thPercentileLatency(ns), 1008855
[READ], 99thPercentileLatency(ns), 1497623
[READ], Return=OK, 60000000
[INIT], Operations, 32
[INIT], AverageLatency(ns), 6.04852352E8
[INIT], MinLatency(ns), 597647360
[INIT], MaxLatency(ns), 612388863
[INIT], 95thPercentileLatency(ns), 610885631
[INIT], 99thPercentileLatency(ns), 612388863
[GCS], Operations, 51
[GCS], AverageLatency(ns), 1.6666666666666667
[GCS], MinLatency(ns), 0
[GCS], MaxLatency(ns), 17
[GCS], 95thPercentileLatency(ns), 2
[GCS], 99thPercentileLatency(ns), 4
[LOAD_GCs_Count], Operations, 32
[LOAD_GCs_Count], AverageLatency(ns), 16.75
[LOAD_GCs_Count], MinLatency(ns), 16
[LOAD_GCs_Count], MaxLatency(ns), 17
[LOAD_GCs_Count], 95thPercentileLatency(ns), 17
[LOAD_GCs_Count], 99thPercentileLatency(ns), 17
[CLEANUP], Operations, 32
[CLEANUP], AverageLatency(ns), 8.72512132E8
[CLEANUP], MinLatency(ns), 66331904
[CLEANUP], MaxLatency(ns), 5796331519
[CLEANUP], 95thPercentileLatency(ns), 1724719103
[CLEANUP], 99thPercentileLatency(ns), 5796331519
[INSERT], Operations, 1000000
[INSERT], AverageLatency(ns), 404656.359195
[INSERT], MinLatency(ns), 23627
[INSERT], MaxLatency(ns), 905162751
[INSERT], 95thPercentileLatency(ns), 452069
[INSERT], 99thPercentileLatency(ns), 656119
[INSERT], Return=OK, 1000000
