/home/anatole/jdk8u/build/linux-x86_64-normal-server-release/jdk/bin/java -Xmx20g -XX:+UseG1GC -classpath /home/anatole/ycsb/conf:/home/anatole/ycsb/core/target/core-0.18.0-SNAPSHOT.jar:/home/anatole/ycsb/core/target/dependency/HdrHistogram-2.1.4.jar:/home/anatole/ycsb/core/target/dependency/guava-18.0.jar:/home/anatole/ycsb/core/target/dependency/htrace-core4-4.1.0-incubating.jar:/home/anatole/ycsb/core/target/dependency/jackson-core-asl-1.9.4.jar:/home/anatole/ycsb/core/target/dependency/jackson-mapper-asl-1.9.4.jar:/home/anatole/ycsb/core/target/dependency/javax.persistence-api-2.2.jar:/home/anatole/ycsb/core/target/dependency/jnvm-1.0-SNAPSHOT.jar:/home/anatole/ycsb/core/target/dependency/pcj-1.0.jar:/home/anatole/ycsb/core/target/dependency/unsafe-helper-1.0.jar:/home/anatole/ycsb/infinispan/src/main/conf:/home/anatole/ycsb/infinispan/target/infinispan-binding-0.18.0-SNAPSHOT.jar:/home/anatole/ycsb/infinispan/target/dependency/caffeine-2.6.2.jar:/home/anatole/ycsb/infinispan/target/dependency/gson-2.8.2.jar:/home/anatole/ycsb/infinispan/target/dependency/guava-18.0.jar:/home/anatole/ycsb/infinispan/target/dependency/infinispan-cachestore-jnvm-1.0-SNAPSHOT.jar:/home/anatole/ycsb/infinispan/target/dependency/infinispan-cachestore-pcj-1.0-SNAPSHOT.jar:/home/anatole/ycsb/infinispan/target/dependency/infinispan-client-hotrod-9.4.20.Final.jar:/home/anatole/ycsb/infinispan/target/dependency/infinispan-commons-9.4.20.Final.jar:/home/anatole/ycsb/infinispan/target/dependency/infinispan-core-9.4.20.Final.jar:/home/anatole/ycsb/infinispan/target/dependency/javax.persistence-api-2.2.jar:/home/anatole/ycsb/infinispan/target/dependency/jboss-logging-3.3.2.Final.jar:/home/anatole/ycsb/infinispan/target/dependency/jboss-marshalling-osgi-2.0.6.Final.jar:/home/anatole/ycsb/infinispan/target/dependency/jboss-transaction-api_1.2_spec-1.1.1.Final.jar:/home/anatole/ycsb/infinispan/target/dependency/jgroups-4.0.21.Final.jar:/home/anatole/ycsb/infinispan/target/dependency/jnvm-1.0-SNAPSHOT.jar:/home/anatole/ycsb/infinispan/target/dependency/metainf-services-1.7.jar:/home/anatole/ycsb/infinispan/target/dependency/netty-buffer-4.1.51.Final.jar:/home/anatole/ycsb/infinispan/target/dependency/netty-codec-4.1.51.Final.jar:/home/anatole/ycsb/infinispan/target/dependency/netty-common-4.1.51.Final.jar:/home/anatole/ycsb/infinispan/target/dependency/netty-handler-4.1.51.Final.jar:/home/anatole/ycsb/infinispan/target/dependency/netty-resolver-4.1.51.Final.jar:/home/anatole/ycsb/infinispan/target/dependency/netty-transport-4.1.51.Final.jar:/home/anatole/ycsb/infinispan/target/dependency/netty-transport-native-epoll-4.1.51.Final-linux-x86_64.jar:/home/anatole/ycsb/infinispan/target/dependency/netty-transport-native-unix-common-4.1.51.Final.jar:/home/anatole/ycsb/infinispan/target/dependency/pcj-1.0.jar:/home/anatole/ycsb/infinispan/target/dependency/reactive-streams-1.0.2.jar:/home/anatole/ycsb/infinispan/target/dependency/rxjava-2.2.4.jar:/home/anatole/ycsb/infinispan/target/dependency/unsafe-helper-1.0.jar site.ycsb.Client -t -db site.ycsb.db.InfinispanClient -P ../workloads/workloada -preload -s -threads 1 -p dataintegrity=true -p offheap=false -p pcj=false -p recordcount=1000000 -p operationcount=3000000 -p fieldcount=10 -p fieldlength=100 -p requestdistribution=zipfian -p measurement.trackjvm=true -p measurementtype=hdrhistogram -p hdrhistogram.output.path=./out/exp5.concurrent.ref/log/infinispan.run.workloada.true.1000000.100000.10.100.zipfian.1.false..default.default.none.r4.hdr.log
[OVERALL], RunTime(ms), 155622
[OVERALL], Throughput(ops/sec), 25703.306730410866
[TOTAL_GCS_G1_Young_Generation], Count, 264
[TOTAL_GC_TIME_G1_Young_Generation], Time(ms), 6027
[TOTAL_GC_TIME_%_G1_Young_Generation], Time(%), 3.872845741604657
[TOTAL_GCS_G1_Old_Generation], Count, 0
[TOTAL_GC_TIME_G1_Old_Generation], Time(ms), 0
[TOTAL_GC_TIME_%_G1_Old_Generation], Time(%), 0.0
[TOTAL_GCs], Count, 264
[TOTAL_GC_TIME], Time(ms), 6027
[TOTAL_GC_TIME_%], Time(%), 3.872845741604657
[MAX_MEM_USED], MBs, 1529
[MIN_MEM_USED], MBs, 52
[MAX_THREADS], Count, 7
[MIN_THREADS], Count, 2
[MAX_SYS_LOAD_AVG], Load, 3.63
[MIN_SYS_LOAD_AVG], Load, 1.36
[THREAD_COUNT], Operations, 17
[THREAD_COUNT], AverageLatency(ns), 6.0
[THREAD_COUNT], MinLatency(ns), 2
[THREAD_COUNT], MaxLatency(ns), 7
[THREAD_COUNT], 95thPercentileLatency(ns), 7
[THREAD_COUNT], 99thPercentileLatency(ns), 7
[SYS_LOAD_AVG], Operations, 17
[SYS_LOAD_AVG], AverageLatency(ns), 1.7647058823529411
[SYS_LOAD_AVG], MinLatency(ns), 1
[SYS_LOAD_AVG], MaxLatency(ns), 3
[SYS_LOAD_AVG], 95thPercentileLatency(ns), 3
[SYS_LOAD_AVG], 99thPercentileLatency(ns), 3
[LOAD], Operations, 1
[LOAD], AverageLatency(ns), 4.3334631424E10
[LOAD], MinLatency(ns), 43334500352
[LOAD], MaxLatency(ns), 43334762495
[LOAD], 95thPercentileLatency(ns), 43334762495
[LOAD], 99thPercentileLatency(ns), 43334762495
[USED_MEM_MB], Operations, 17
[USED_MEM_MB], AverageLatency(ns), 1221.5882352941176
[USED_MEM_MB], MinLatency(ns), 52
[USED_MEM_MB], MaxLatency(ns), 1529
[USED_MEM_MB], 95thPercentileLatency(ns), 1527
[USED_MEM_MB], 99thPercentileLatency(ns), 1529
[MAIN_GCs_Count], Operations, 1
[MAIN_GCs_Count], AverageLatency(ns), 204.0
[MAIN_GCs_Count], MinLatency(ns), 204
[MAIN_GCs_Count], MaxLatency(ns), 204
[MAIN_GCs_Count], 95thPercentileLatency(ns), 204
[MAIN_GCs_Count], 99thPercentileLatency(ns), 204
[MAIN_GCs_Time(ms)], Operations, 1
[MAIN_GCs_Time(ms)], AverageLatency(ns), 4430.0
[MAIN_GCs_Time(ms)], MinLatency(ns), 4430
[MAIN_GCs_Time(ms)], MaxLatency(ns), 4430
[MAIN_GCs_Time(ms)], 95thPercentileLatency(ns), 4430
[MAIN_GCs_Time(ms)], 99thPercentileLatency(ns), 4430
[TRANSACTION], Operations, 1
[TRANSACTION], AverageLatency(ns), 1.1144921088E11
[TRANSACTION], MinLatency(ns), 111448948736
[TRANSACTION], MaxLatency(ns), 111449473023
[TRANSACTION], 95thPercentileLatency(ns), 111449473023
[TRANSACTION], 99thPercentileLatency(ns), 111449473023
[GCS_TIME], Operations, 17
[GCS_TIME], AverageLatency(ns), 354.52941176470586
[GCS_TIME], MinLatency(ns), 0
[GCS_TIME], MaxLatency(ns), 626
[GCS_TIME], 95thPercentileLatency(ns), 491
[GCS_TIME], 99thPercentileLatency(ns), 626
[LOAD_GCs_Time(ms)], Operations, 1
[LOAD_GCs_Time(ms)], AverageLatency(ns), 1501.0
[LOAD_GCs_Time(ms)], MinLatency(ns), 1501
[LOAD_GCs_Time(ms)], MaxLatency(ns), 1501
[LOAD_GCs_Time(ms)], 95thPercentileLatency(ns), 1501
[LOAD_GCs_Time(ms)], 99thPercentileLatency(ns), 1501
[READ], Operations, 1500695
[READ], AverageLatency(ns), 20771.182819960086
[READ], MinLatency(ns), 240
[READ], MaxLatency(ns), 122260479
[READ], 95thPercentileLatency(ns), 40822
[READ], 99thPercentileLatency(ns), 48896
[READ], Return=OK, 1500695
[INIT], Operations, 1
[INIT], AverageLatency(ns), 6.2424064E8
[INIT], MinLatency(ns), 624238592
[INIT], MaxLatency(ns), 624242687
[INIT], 95thPercentileLatency(ns), 624242687
[INIT], 99thPercentileLatency(ns), 624242687
[GCS], Operations, 17
[GCS], AverageLatency(ns), 15.529411764705882
[GCS], MinLatency(ns), 0
[GCS], MaxLatency(ns), 21
[GCS], 95thPercentileLatency(ns), 21
[GCS], 99thPercentileLatency(ns), 21
[LOAD_GCs_Count], Operations, 1
[LOAD_GCs_Count], AverageLatency(ns), 56.0
[LOAD_GCs_Count], MinLatency(ns), 56
[LOAD_GCs_Count], MaxLatency(ns), 56
[LOAD_GCs_Count], 95thPercentileLatency(ns), 56
[LOAD_GCs_Count], 99thPercentileLatency(ns), 56
[CLEANUP], Operations, 1
[CLEANUP], AverageLatency(ns), 9.9841792E7
[CLEANUP], MinLatency(ns), 99841536
[CLEANUP], MaxLatency(ns), 99842047
[CLEANUP], 95thPercentileLatency(ns), 99842047
[CLEANUP], 99thPercentileLatency(ns), 99842047
[INSERT], Operations, 1000000
[INSERT], AverageLatency(ns), 34708.311847
[INSERT], MinLatency(ns), 23243
[INSERT], MaxLatency(ns), 87183871
[INSERT], 95thPercentileLatency(ns), 39702
[INSERT], 99thPercentileLatency(ns), 46546
[INSERT], Return=OK, 1000000
[UPDATE], Operations, 1499305
[UPDATE], AverageLatency(ns), 50644.96267203805
[UPDATE], MinLatency(ns), 23758
[UPDATE], MaxLatency(ns), 138165247
[UPDATE], 95thPercentileLatency(ns), 72534
[UPDATE], 99thPercentileLatency(ns), 86170
[UPDATE], Return=OK, 1499305
