/home/anatole/jdk8u/build/linux-x86_64-normal-server-release/jdk/bin/java -Xmx20g -XX:+UseG1GC -classpath /home/anatole/ycsb/conf:/home/anatole/ycsb/core/target/core-0.18.0-SNAPSHOT.jar:/home/anatole/ycsb/core/target/dependency/HdrHistogram-2.1.4.jar:/home/anatole/ycsb/core/target/dependency/guava-18.0.jar:/home/anatole/ycsb/core/target/dependency/htrace-core4-4.1.0-incubating.jar:/home/anatole/ycsb/core/target/dependency/jackson-core-asl-1.9.4.jar:/home/anatole/ycsb/core/target/dependency/jackson-mapper-asl-1.9.4.jar:/home/anatole/ycsb/core/target/dependency/javax.persistence-api-2.2.jar:/home/anatole/ycsb/core/target/dependency/jnvm-1.0-SNAPSHOT.jar:/home/anatole/ycsb/core/target/dependency/pcj-1.0.jar:/home/anatole/ycsb/core/target/dependency/unsafe-helper-1.0.jar:/home/anatole/ycsb/infinispan/src/main/conf:/home/anatole/ycsb/infinispan/target/infinispan-binding-0.18.0-SNAPSHOT.jar:/home/anatole/ycsb/infinispan/target/dependency/caffeine-2.6.2.jar:/home/anatole/ycsb/infinispan/target/dependency/gson-2.8.2.jar:/home/anatole/ycsb/infinispan/target/dependency/guava-18.0.jar:/home/anatole/ycsb/infinispan/target/dependency/infinispan-cachestore-jnvm-1.0-SNAPSHOT.jar:/home/anatole/ycsb/infinispan/target/dependency/infinispan-cachestore-pcj-1.0-SNAPSHOT.jar:/home/anatole/ycsb/infinispan/target/dependency/infinispan-client-hotrod-9.4.20.Final.jar:/home/anatole/ycsb/infinispan/target/dependency/infinispan-commons-9.4.20.Final.jar:/home/anatole/ycsb/infinispan/target/dependency/infinispan-core-9.4.20.Final.jar:/home/anatole/ycsb/infinispan/target/dependency/javax.persistence-api-2.2.jar:/home/anatole/ycsb/infinispan/target/dependency/jboss-logging-3.3.2.Final.jar:/home/anatole/ycsb/infinispan/target/dependency/jboss-marshalling-osgi-2.0.6.Final.jar:/home/anatole/ycsb/infinispan/target/dependency/jboss-transaction-api_1.2_spec-1.1.1.Final.jar:/home/anatole/ycsb/infinispan/target/dependency/jgroups-4.0.21.Final.jar:/home/anatole/ycsb/infinispan/target/dependency/jnvm-1.0-SNAPSHOT.jar:/home/anatole/ycsb/infinispan/target/dependency/metainf-services-1.7.jar:/home/anatole/ycsb/infinispan/target/dependency/netty-buffer-4.1.51.Final.jar:/home/anatole/ycsb/infinispan/target/dependency/netty-codec-4.1.51.Final.jar:/home/anatole/ycsb/infinispan/target/dependency/netty-common-4.1.51.Final.jar:/home/anatole/ycsb/infinispan/target/dependency/netty-handler-4.1.51.Final.jar:/home/anatole/ycsb/infinispan/target/dependency/netty-resolver-4.1.51.Final.jar:/home/anatole/ycsb/infinispan/target/dependency/netty-transport-4.1.51.Final.jar:/home/anatole/ycsb/infinispan/target/dependency/netty-transport-native-epoll-4.1.51.Final-linux-x86_64.jar:/home/anatole/ycsb/infinispan/target/dependency/netty-transport-native-unix-common-4.1.51.Final.jar:/home/anatole/ycsb/infinispan/target/dependency/pcj-1.0.jar:/home/anatole/ycsb/infinispan/target/dependency/reactive-streams-1.0.2.jar:/home/anatole/ycsb/infinispan/target/dependency/rxjava-2.2.4.jar:/home/anatole/ycsb/infinispan/target/dependency/unsafe-helper-1.0.jar site.ycsb.Client -t -db site.ycsb.db.InfinispanClient -P ../workloads/workloada -preload -s -threads 20 -p dataintegrity=true -p offheap=false -p pcj=false -p recordcount=1000000 -p operationcount=60000000 -p fieldcount=10 -p fieldlength=100 -p requestdistribution=zipfian -p measurement.trackjvm=true -p measurementtype=hdrhistogram -p hdrhistogram.output.path=./out/exp5.concurrent.ref/log/infinispan.run.workloada.true.1000000.1000000.10.100.zipfian.20.true..default.default.none.r6.hdr.log
[OVERALL], RunTime(ms), 67785
[OVERALL], Throughput(ops/sec), 899904.108578594
[TOTAL_GCS_G1_Young_Generation], Count, 182
[TOTAL_GC_TIME_G1_Young_Generation], Time(ms), 27490
[TOTAL_GC_TIME_%_G1_Young_Generation], Time(%), 40.5546949915173
[TOTAL_GCS_G1_Old_Generation], Count, 0
[TOTAL_GC_TIME_G1_Old_Generation], Time(ms), 0
[TOTAL_GC_TIME_%_G1_Old_Generation], Time(%), 0.0
[TOTAL_GCs], Count, 182
[TOTAL_GC_TIME], Time(ms), 27490
[TOTAL_GC_TIME_%], Time(%), 40.5546949915173
[MAX_MEM_USED], MBs, 9372
[MIN_MEM_USED], MBs, 76
[MAX_THREADS], Count, 52
[MIN_THREADS], Count, 4
[MAX_SYS_LOAD_AVG], Load, 24.86
[MIN_SYS_LOAD_AVG], Load, 17.27
[THREAD_COUNT], Operations, 8
[THREAD_COUNT], AverageLatency(ns), 42.25
[THREAD_COUNT], MinLatency(ns), 4
[THREAD_COUNT], MaxLatency(ns), 52
[THREAD_COUNT], 95thPercentileLatency(ns), 52
[THREAD_COUNT], 99thPercentileLatency(ns), 52
[SYS_LOAD_AVG], Operations, 8
[SYS_LOAD_AVG], AverageLatency(ns), 21.5
[SYS_LOAD_AVG], MinLatency(ns), 17
[SYS_LOAD_AVG], MaxLatency(ns), 24
[SYS_LOAD_AVG], 95thPercentileLatency(ns), 24
[SYS_LOAD_AVG], 99thPercentileLatency(ns), 24
[LOAD], Operations, 20
[LOAD], AverageLatency(ns), 6.2766563328E9
[LOAD], MinLatency(ns), 5709234176
[LOAD], MaxLatency(ns), 6512672767
[LOAD], 95thPercentileLatency(ns), 6473383935
[LOAD], 99thPercentileLatency(ns), 6512672767
[USED_MEM_MB], Operations, 8
[USED_MEM_MB], AverageLatency(ns), 6660.0
[USED_MEM_MB], MinLatency(ns), 76
[USED_MEM_MB], MaxLatency(ns), 9372
[USED_MEM_MB], 95thPercentileLatency(ns), 9372
[USED_MEM_MB], 99thPercentileLatency(ns), 9372
[MAIN_GCs_Count], Operations, 20
[MAIN_GCs_Count], AverageLatency(ns), 154.6
[MAIN_GCs_Count], MinLatency(ns), 151
[MAIN_GCs_Count], MaxLatency(ns), 156
[MAIN_GCs_Count], 95thPercentileLatency(ns), 156
[MAIN_GCs_Count], 99thPercentileLatency(ns), 156
[MAIN_GCs_Time(ms)], Operations, 20
[MAIN_GCs_Time(ms)], AverageLatency(ns), 25183.2
[MAIN_GCs_Time(ms)], MinLatency(ns), 24682
[MAIN_GCs_Time(ms)], MaxLatency(ns), 25376
[MAIN_GCs_Time(ms)], 95thPercentileLatency(ns), 25376
[MAIN_GCs_Time(ms)], 99thPercentileLatency(ns), 25376
[TRANSACTION], Operations, 20
[TRANSACTION], AverageLatency(ns), 5.89745618944E10
[TRANSACTION], MinLatency(ns), 57691865088
[TRANSACTION], MaxLatency(ns), 59566194687
[TRANSACTION], 95thPercentileLatency(ns), 59550728191
[TRANSACTION], 99thPercentileLatency(ns), 59566194687
[GCS_TIME], Operations, 8
[GCS_TIME], AverageLatency(ns), 3436.25
[GCS_TIME], MinLatency(ns), 0
[GCS_TIME], MaxLatency(ns), 4932
[GCS_TIME], 95thPercentileLatency(ns), 4932
[GCS_TIME], 99thPercentileLatency(ns), 4932
[LOAD_GCs_Time(ms)], Operations, 20
[LOAD_GCs_Time(ms)], AverageLatency(ns), 2012.7
[LOAD_GCs_Time(ms)], MinLatency(ns), 1761
[LOAD_GCs_Time(ms)], MaxLatency(ns), 2095
[LOAD_GCs_Time(ms)], 95thPercentileLatency(ns), 2095
[LOAD_GCs_Time(ms)], 99thPercentileLatency(ns), 2095
[READ], Operations, 30002674
[READ], AverageLatency(ns), 9580.443375413804
[READ], MinLatency(ns), 226
[READ], MaxLatency(ns), 1176010751
[READ], 95thPercentileLatency(ns), 30701
[READ], 99thPercentileLatency(ns), 54890
[READ], Return=OK, 30002674
[INIT], Operations, 20
[INIT], AverageLatency(ns), 6.150946816E8
[INIT], MinLatency(ns), 611549184
[INIT], MaxLatency(ns), 620138495
[INIT], 95thPercentileLatency(ns), 619569151
[INIT], 99thPercentileLatency(ns), 620138495
[GCS], Operations, 8
[GCS], AverageLatency(ns), 22.75
[GCS], MinLatency(ns), 0
[GCS], MaxLatency(ns), 43
[GCS], 95thPercentileLatency(ns), 43
[GCS], 99thPercentileLatency(ns), 43
[LOAD_GCs_Count], Operations, 20
[LOAD_GCs_Count], AverageLatency(ns), 24.5
[LOAD_GCs_Count], MinLatency(ns), 23
[LOAD_GCs_Count], MaxLatency(ns), 25
[LOAD_GCs_Count], 95thPercentileLatency(ns), 25
[LOAD_GCs_Count], 99thPercentileLatency(ns), 25
[CLEANUP], Operations, 20
[CLEANUP], AverageLatency(ns), 1.5360847872E9
[CLEANUP], MinLatency(ns), 945860608
[CLEANUP], MaxLatency(ns), 2784772095
[CLEANUP], 95thPercentileLatency(ns), 2094252031
[CLEANUP], 99thPercentileLatency(ns), 2784772095
[INSERT], Operations, 1000000
[INSERT], AverageLatency(ns), 60063.381613
[INSERT], MinLatency(ns), 1769
[INSERT], MaxLatency(ns), 380438527
[INSERT], 95thPercentileLatency(ns), 43826
[INSERT], 99thPercentileLatency(ns), 95320
[INSERT], Return=OK, 1000000
[UPDATE], Operations, 29997326
[UPDATE], AverageLatency(ns), 21077.774847398065
[UPDATE], MinLatency(ns), 1544
[UPDATE], MaxLatency(ns), 1176059903
[UPDATE], 95thPercentileLatency(ns), 39490
[UPDATE], 99thPercentileLatency(ns), 87496
[UPDATE], Return=OK, 29997326
