/home/anatole/jdk8u/build/linux-x86_64-normal-server-release/jdk/bin/java -Xmx20g -XX:+UseG1GC -classpath /home/anatole/ycsb/conf:/home/anatole/ycsb/core/target/core-0.18.0-SNAPSHOT.jar:/home/anatole/ycsb/core/target/dependency/HdrHistogram-2.1.4.jar:/home/anatole/ycsb/core/target/dependency/guava-18.0.jar:/home/anatole/ycsb/core/target/dependency/htrace-core4-4.1.0-incubating.jar:/home/anatole/ycsb/core/target/dependency/jackson-core-asl-1.9.4.jar:/home/anatole/ycsb/core/target/dependency/jackson-mapper-asl-1.9.4.jar:/home/anatole/ycsb/core/target/dependency/javax.persistence-api-2.2.jar:/home/anatole/ycsb/core/target/dependency/jnvm-1.0-SNAPSHOT.jar:/home/anatole/ycsb/core/target/dependency/pcj-1.0.jar:/home/anatole/ycsb/core/target/dependency/unsafe-helper-1.0.jar:/home/anatole/ycsb/infinispan/src/main/conf:/home/anatole/ycsb/infinispan/target/infinispan-binding-0.18.0-SNAPSHOT.jar:/home/anatole/ycsb/infinispan/target/dependency/caffeine-2.6.2.jar:/home/anatole/ycsb/infinispan/target/dependency/gson-2.8.2.jar:/home/anatole/ycsb/infinispan/target/dependency/guava-18.0.jar:/home/anatole/ycsb/infinispan/target/dependency/infinispan-cachestore-jnvm-1.0-SNAPSHOT.jar:/home/anatole/ycsb/infinispan/target/dependency/infinispan-cachestore-pcj-1.0-SNAPSHOT.jar:/home/anatole/ycsb/infinispan/target/dependency/infinispan-client-hotrod-9.4.20.Final.jar:/home/anatole/ycsb/infinispan/target/dependency/infinispan-commons-9.4.20.Final.jar:/home/anatole/ycsb/infinispan/target/dependency/infinispan-core-9.4.20.Final.jar:/home/anatole/ycsb/infinispan/target/dependency/javax.persistence-api-2.2.jar:/home/anatole/ycsb/infinispan/target/dependency/jboss-logging-3.3.2.Final.jar:/home/anatole/ycsb/infinispan/target/dependency/jboss-marshalling-osgi-2.0.6.Final.jar:/home/anatole/ycsb/infinispan/target/dependency/jboss-transaction-api_1.2_spec-1.1.1.Final.jar:/home/anatole/ycsb/infinispan/target/dependency/jgroups-4.0.21.Final.jar:/home/anatole/ycsb/infinispan/target/dependency/jnvm-1.0-SNAPSHOT.jar:/home/anatole/ycsb/infinispan/target/dependency/metainf-services-1.7.jar:/home/anatole/ycsb/infinispan/target/dependency/netty-buffer-4.1.51.Final.jar:/home/anatole/ycsb/infinispan/target/dependency/netty-codec-4.1.51.Final.jar:/home/anatole/ycsb/infinispan/target/dependency/netty-common-4.1.51.Final.jar:/home/anatole/ycsb/infinispan/target/dependency/netty-handler-4.1.51.Final.jar:/home/anatole/ycsb/infinispan/target/dependency/netty-resolver-4.1.51.Final.jar:/home/anatole/ycsb/infinispan/target/dependency/netty-transport-4.1.51.Final.jar:/home/anatole/ycsb/infinispan/target/dependency/netty-transport-native-epoll-4.1.51.Final-linux-x86_64.jar:/home/anatole/ycsb/infinispan/target/dependency/netty-transport-native-unix-common-4.1.51.Final.jar:/home/anatole/ycsb/infinispan/target/dependency/pcj-1.0.jar:/home/anatole/ycsb/infinispan/target/dependency/reactive-streams-1.0.2.jar:/home/anatole/ycsb/infinispan/target/dependency/rxjava-2.2.4.jar:/home/anatole/ycsb/infinispan/target/dependency/unsafe-helper-1.0.jar site.ycsb.Client -t -db site.ycsb.db.InfinispanClient -P ../workloads/workloada -preload -s -threads 24 -p dataintegrity=true -p offheap=false -p pcj=false -p recordcount=1000000 -p operationcount=60000000 -p fieldcount=10 -p fieldlength=100 -p requestdistribution=zipfian -p measurement.trackjvm=true -p measurementtype=hdrhistogram -p hdrhistogram.output.path=./out/exp5.concurrent.ref/log/infinispan.run.workloada.true.1000000.1000000.10.100.zipfian.24.true..default.default.none.r3.hdr.log
[OVERALL], RunTime(ms), 68297
[OVERALL], Throughput(ops/sec), 893157.8253803242
[TOTAL_GCS_G1_Young_Generation], Count, 180
[TOTAL_GC_TIME_G1_Young_Generation], Time(ms), 27340
[TOTAL_GC_TIME_%_G1_Young_Generation], Time(%), 40.03104089491485
[TOTAL_GCS_G1_Old_Generation], Count, 0
[TOTAL_GC_TIME_G1_Old_Generation], Time(ms), 0
[TOTAL_GC_TIME_%_G1_Old_Generation], Time(%), 0.0
[TOTAL_GCs], Count, 180
[TOTAL_GC_TIME], Time(ms), 27340
[TOTAL_GC_TIME_%], Time(%), 40.03104089491485
[MAX_MEM_USED], MBs, 8632
[MIN_MEM_USED], MBs, 84
[MAX_THREADS], Count, 56
[MIN_THREADS], Count, 4
[MAX_SYS_LOAD_AVG], Load, 26.51
[MIN_SYS_LOAD_AVG], Load, 21.86
[THREAD_COUNT], Operations, 8
[THREAD_COUNT], AverageLatency(ns), 45.75
[THREAD_COUNT], MinLatency(ns), 4
[THREAD_COUNT], MaxLatency(ns), 56
[THREAD_COUNT], 95thPercentileLatency(ns), 56
[THREAD_COUNT], 99thPercentileLatency(ns), 56
[SYS_LOAD_AVG], Operations, 8
[SYS_LOAD_AVG], AverageLatency(ns), 24.0
[SYS_LOAD_AVG], MinLatency(ns), 21
[SYS_LOAD_AVG], MaxLatency(ns), 26
[SYS_LOAD_AVG], 95thPercentileLatency(ns), 26
[SYS_LOAD_AVG], 99thPercentileLatency(ns), 26
[LOAD], Operations, 24
[LOAD], AverageLatency(ns), 6.478884864E9
[LOAD], MinLatency(ns), 5738790912
[LOAD], MaxLatency(ns), 6849101823
[LOAD], 95thPercentileLatency(ns), 6843662335
[LOAD], 99thPercentileLatency(ns), 6849101823
[USED_MEM_MB], Operations, 8
[USED_MEM_MB], AverageLatency(ns), 5521.5
[USED_MEM_MB], MinLatency(ns), 84
[USED_MEM_MB], MaxLatency(ns), 8632
[USED_MEM_MB], 95thPercentileLatency(ns), 8632
[USED_MEM_MB], 99thPercentileLatency(ns), 8632
[MAIN_GCs_Count], Operations, 24
[MAIN_GCs_Count], AverageLatency(ns), 152.33333333333334
[MAIN_GCs_Count], MinLatency(ns), 148
[MAIN_GCs_Count], MaxLatency(ns), 153
[MAIN_GCs_Count], 95thPercentileLatency(ns), 153
[MAIN_GCs_Count], 99thPercentileLatency(ns), 153
[MAIN_GCs_Time(ms)], Operations, 24
[MAIN_GCs_Time(ms)], AverageLatency(ns), 24963.75
[MAIN_GCs_Time(ms)], MinLatency(ns), 24355
[MAIN_GCs_Time(ms)], MaxLatency(ns), 25056
[MAIN_GCs_Time(ms)], 95thPercentileLatency(ns), 25056
[MAIN_GCs_Time(ms)], 99thPercentileLatency(ns), 25056
[TRANSACTION], Operations, 24
[TRANSACTION], AverageLatency(ns), 5.9540373504E10
[TRANSACTION], MinLatency(ns), 58054148096
[TRANSACTION], MaxLatency(ns), 59900166143
[TRANSACTION], 95thPercentileLatency(ns), 59875524607
[TRANSACTION], 99thPercentileLatency(ns), 59900166143
[GCS_TIME], Operations, 8
[GCS_TIME], AverageLatency(ns), 3417.5
[GCS_TIME], MinLatency(ns), 0
[GCS_TIME], MaxLatency(ns), 4915
[GCS_TIME], 95thPercentileLatency(ns), 4915
[GCS_TIME], 99thPercentileLatency(ns), 4915
[LOAD_GCs_Time(ms)], Operations, 24
[LOAD_GCs_Time(ms)], AverageLatency(ns), 1961.125
[LOAD_GCs_Time(ms)], MinLatency(ns), 1636
[LOAD_GCs_Time(ms)], MaxLatency(ns), 2131
[LOAD_GCs_Time(ms)], 95thPercentileLatency(ns), 2131
[LOAD_GCs_Time(ms)], 99thPercentileLatency(ns), 2131
[READ], Operations, 30002962
[READ], AverageLatency(ns), 14045.09969185709
[READ], MinLatency(ns), 190
[READ], MaxLatency(ns), 1138106367
[READ], 95thPercentileLatency(ns), 59860
[READ], 99thPercentileLatency(ns), 84978
[READ], Return=OK, 30002962
[INIT], Operations, 24
[INIT], AverageLatency(ns), 6.30900224E8
[INIT], MinLatency(ns), 626409472
[INIT], MaxLatency(ns), 636485631
[INIT], 95thPercentileLatency(ns), 635404287
[INIT], 99thPercentileLatency(ns), 636485631
[GCS], Operations, 8
[GCS], AverageLatency(ns), 22.5
[GCS], MinLatency(ns), 0
[GCS], MaxLatency(ns), 40
[GCS], 95thPercentileLatency(ns), 40
[GCS], 99thPercentileLatency(ns), 40
[LOAD_GCs_Count], Operations, 24
[LOAD_GCs_Count], AverageLatency(ns), 22.958333333333332
[LOAD_GCs_Count], MinLatency(ns), 21
[LOAD_GCs_Count], MaxLatency(ns), 24
[LOAD_GCs_Count], 95thPercentileLatency(ns), 24
[LOAD_GCs_Count], 99thPercentileLatency(ns), 24
[CLEANUP], Operations, 24
[CLEANUP], AverageLatency(ns), 8.54208512E8
[CLEANUP], MinLatency(ns), 495538176
[CLEANUP], MaxLatency(ns), 2304245759
[CLEANUP], 95thPercentileLatency(ns), 1403518975
[CLEANUP], 99thPercentileLatency(ns), 2304245759
[INSERT], Operations, 1000000
[INSERT], AverageLatency(ns), 76794.266336
[INSERT], MinLatency(ns), 1682
[INSERT], MaxLatency(ns), 345585663
[INSERT], 95thPercentileLatency(ns), 53759
[INSERT], 99thPercentileLatency(ns), 163987
[INSERT], Return=OK, 1000000
[UPDATE], Operations, 29997038
[UPDATE], AverageLatency(ns), 25112.357078922258
[UPDATE], MinLatency(ns), 1324
[UPDATE], MaxLatency(ns), 1138188287
[UPDATE], 95thPercentileLatency(ns), 67116
[UPDATE], 99thPercentileLatency(ns), 104670
[UPDATE], Return=OK, 29997038
