/home/anatole/jdk8u/build/linux-x86_64-normal-server-release/jdk/bin/java -Xmx20g -XX:+UseG1GC -classpath /home/anatole/ycsb/conf:/home/anatole/ycsb/core/target/core-0.18.0-SNAPSHOT.jar:/home/anatole/ycsb/core/target/dependency/HdrHistogram-2.1.4.jar:/home/anatole/ycsb/core/target/dependency/guava-18.0.jar:/home/anatole/ycsb/core/target/dependency/htrace-core4-4.1.0-incubating.jar:/home/anatole/ycsb/core/target/dependency/jackson-core-asl-1.9.4.jar:/home/anatole/ycsb/core/target/dependency/jackson-mapper-asl-1.9.4.jar:/home/anatole/ycsb/core/target/dependency/javax.persistence-api-2.2.jar:/home/anatole/ycsb/core/target/dependency/jnvm-1.0-SNAPSHOT.jar:/home/anatole/ycsb/core/target/dependency/pcj-1.0.jar:/home/anatole/ycsb/core/target/dependency/unsafe-helper-1.0.jar:/home/anatole/ycsb/infinispan/src/main/conf:/home/anatole/ycsb/infinispan/target/infinispan-binding-0.18.0-SNAPSHOT.jar:/home/anatole/ycsb/infinispan/target/dependency/caffeine-2.6.2.jar:/home/anatole/ycsb/infinispan/target/dependency/gson-2.8.2.jar:/home/anatole/ycsb/infinispan/target/dependency/guava-18.0.jar:/home/anatole/ycsb/infinispan/target/dependency/infinispan-cachestore-jnvm-1.0-SNAPSHOT.jar:/home/anatole/ycsb/infinispan/target/dependency/infinispan-cachestore-pcj-1.0-SNAPSHOT.jar:/home/anatole/ycsb/infinispan/target/dependency/infinispan-client-hotrod-9.4.20.Final.jar:/home/anatole/ycsb/infinispan/target/dependency/infinispan-commons-9.4.20.Final.jar:/home/anatole/ycsb/infinispan/target/dependency/infinispan-core-9.4.20.Final.jar:/home/anatole/ycsb/infinispan/target/dependency/javax.persistence-api-2.2.jar:/home/anatole/ycsb/infinispan/target/dependency/jboss-logging-3.3.2.Final.jar:/home/anatole/ycsb/infinispan/target/dependency/jboss-marshalling-osgi-2.0.6.Final.jar:/home/anatole/ycsb/infinispan/target/dependency/jboss-transaction-api_1.2_spec-1.1.1.Final.jar:/home/anatole/ycsb/infinispan/target/dependency/jgroups-4.0.21.Final.jar:/home/anatole/ycsb/infinispan/target/dependency/jnvm-1.0-SNAPSHOT.jar:/home/anatole/ycsb/infinispan/target/dependency/metainf-services-1.7.jar:/home/anatole/ycsb/infinispan/target/dependency/netty-buffer-4.1.51.Final.jar:/home/anatole/ycsb/infinispan/target/dependency/netty-codec-4.1.51.Final.jar:/home/anatole/ycsb/infinispan/target/dependency/netty-common-4.1.51.Final.jar:/home/anatole/ycsb/infinispan/target/dependency/netty-handler-4.1.51.Final.jar:/home/anatole/ycsb/infinispan/target/dependency/netty-resolver-4.1.51.Final.jar:/home/anatole/ycsb/infinispan/target/dependency/netty-transport-4.1.51.Final.jar:/home/anatole/ycsb/infinispan/target/dependency/netty-transport-native-epoll-4.1.51.Final-linux-x86_64.jar:/home/anatole/ycsb/infinispan/target/dependency/netty-transport-native-unix-common-4.1.51.Final.jar:/home/anatole/ycsb/infinispan/target/dependency/pcj-1.0.jar:/home/anatole/ycsb/infinispan/target/dependency/reactive-streams-1.0.2.jar:/home/anatole/ycsb/infinispan/target/dependency/rxjava-2.2.4.jar:/home/anatole/ycsb/infinispan/target/dependency/unsafe-helper-1.0.jar site.ycsb.Client -t -db site.ycsb.db.InfinispanClient -P ../workloads/workloadc -preload -s -threads 1 -p dataintegrity=true -p offheap=false -p pcj=false -p recordcount=1000000 -p operationcount=3000000 -p fieldcount=10 -p fieldlength=100 -p requestdistribution=zipfian -p measurement.trackjvm=true -p measurementtype=hdrhistogram -p hdrhistogram.output.path=./out/exp5.concurrent.ref/log/infinispan.run.workloadc.true.1000000.100000.10.100.zipfian.1.false..default.default.none.r5.hdr.log
[OVERALL], RunTime(ms), 106263
[OVERALL], Throughput(ops/sec), 37642.45315867235
[TOTAL_GCS_G1_Young_Generation], Count, 145
[TOTAL_GC_TIME_G1_Young_Generation], Time(ms), 3165
[TOTAL_GC_TIME_%_G1_Young_Generation], Time(%), 2.9784591061799497
[TOTAL_GCS_G1_Old_Generation], Count, 0
[TOTAL_GC_TIME_G1_Old_Generation], Time(ms), 0
[TOTAL_GC_TIME_%_G1_Old_Generation], Time(%), 0.0
[TOTAL_GCs], Count, 145
[TOTAL_GC_TIME], Time(ms), 3165
[TOTAL_GC_TIME_%], Time(%), 2.9784591061799497
[MAX_MEM_USED], MBs, 1618
[MIN_MEM_USED], MBs, 50
[MAX_THREADS], Count, 7
[MIN_THREADS], Count, 3
[MAX_SYS_LOAD_AVG], Load, 3.59
[MIN_SYS_LOAD_AVG], Load, 1.8
[THREAD_COUNT], Operations, 12
[THREAD_COUNT], AverageLatency(ns), 6.083333333333333
[THREAD_COUNT], MinLatency(ns), 3
[THREAD_COUNT], MaxLatency(ns), 7
[THREAD_COUNT], 95thPercentileLatency(ns), 7
[THREAD_COUNT], 99thPercentileLatency(ns), 7
[SYS_LOAD_AVG], Operations, 12
[SYS_LOAD_AVG], AverageLatency(ns), 2.0
[SYS_LOAD_AVG], MinLatency(ns), 1
[SYS_LOAD_AVG], MaxLatency(ns), 3
[SYS_LOAD_AVG], 95thPercentileLatency(ns), 3
[SYS_LOAD_AVG], 99thPercentileLatency(ns), 3
[LOAD], Operations, 1
[LOAD], AverageLatency(ns), 4.3624562688E10
[LOAD], MinLatency(ns), 43624431616
[LOAD], MaxLatency(ns), 43624693759
[LOAD], 95thPercentileLatency(ns), 43624693759
[LOAD], 99thPercentileLatency(ns), 43624693759
[USED_MEM_MB], Operations, 12
[USED_MEM_MB], AverageLatency(ns), 1145.1666666666667
[USED_MEM_MB], MinLatency(ns), 50
[USED_MEM_MB], MaxLatency(ns), 1618
[USED_MEM_MB], 95thPercentileLatency(ns), 1432
[USED_MEM_MB], 99thPercentileLatency(ns), 1618
[MAIN_GCs_Count], Operations, 1
[MAIN_GCs_Count], AverageLatency(ns), 86.0
[MAIN_GCs_Count], MinLatency(ns), 86
[MAIN_GCs_Count], MaxLatency(ns), 86
[MAIN_GCs_Count], 95thPercentileLatency(ns), 86
[MAIN_GCs_Count], 99thPercentileLatency(ns), 86
[MAIN_GCs_Time(ms)], Operations, 1
[MAIN_GCs_Time(ms)], AverageLatency(ns), 1578.0
[MAIN_GCs_Time(ms)], MinLatency(ns), 1578
[MAIN_GCs_Time(ms)], MaxLatency(ns), 1578
[MAIN_GCs_Time(ms)], 95thPercentileLatency(ns), 1578
[MAIN_GCs_Time(ms)], 99thPercentileLatency(ns), 1578
[TRANSACTION], Operations, 1
[TRANSACTION], AverageLatency(ns), 6.1675798528E10
[TRANSACTION], MinLatency(ns), 61675667456
[TRANSACTION], MaxLatency(ns), 61675929599
[TRANSACTION], 95thPercentileLatency(ns), 61675929599
[TRANSACTION], 99thPercentileLatency(ns), 61675929599
[GCS_TIME], Operations, 12
[GCS_TIME], AverageLatency(ns), 263.75
[GCS_TIME], MinLatency(ns), 0
[GCS_TIME], MaxLatency(ns), 622
[GCS_TIME], 95thPercentileLatency(ns), 363
[GCS_TIME], 99thPercentileLatency(ns), 622
[LOAD_GCs_Time(ms)], Operations, 1
[LOAD_GCs_Time(ms)], AverageLatency(ns), 1547.0
[LOAD_GCs_Time(ms)], MinLatency(ns), 1547
[LOAD_GCs_Time(ms)], MaxLatency(ns), 1547
[LOAD_GCs_Time(ms)], 95thPercentileLatency(ns), 1547
[LOAD_GCs_Time(ms)], 99thPercentileLatency(ns), 1547
[READ], Operations, 3000000
[READ], AverageLatency(ns), 19824.446495
[READ], MinLatency(ns), 189
[READ], MaxLatency(ns), 138307583
[READ], 95thPercentileLatency(ns), 38046
[READ], 99thPercentileLatency(ns), 46692
[READ], Return=OK, 3000000
[INIT], Operations, 1
[INIT], AverageLatency(ns), 6.90755584E8
[INIT], MinLatency(ns), 690753536
[INIT], MaxLatency(ns), 690757631
[INIT], 95thPercentileLatency(ns), 690757631
[INIT], 99thPercentileLatency(ns), 690757631
[GCS], Operations, 12
[GCS], AverageLatency(ns), 12.083333333333334
[GCS], MinLatency(ns), 0
[GCS], MaxLatency(ns), 16
[GCS], 95thPercentileLatency(ns), 16
[GCS], 99thPercentileLatency(ns), 16
[LOAD_GCs_Count], Operations, 1
[LOAD_GCs_Count], AverageLatency(ns), 56.0
[LOAD_GCs_Count], MinLatency(ns), 56
[LOAD_GCs_Count], MaxLatency(ns), 56
[LOAD_GCs_Count], 95thPercentileLatency(ns), 56
[LOAD_GCs_Count], 99thPercentileLatency(ns), 56
[CLEANUP], Operations, 1
[CLEANUP], AverageLatency(ns), 1.84049152E8
[CLEANUP], MinLatency(ns), 184048640
[CLEANUP], MaxLatency(ns), 184049663
[CLEANUP], 95thPercentileLatency(ns), 184049663
[CLEANUP], 99thPercentileLatency(ns), 184049663
[INSERT], Operations, 1000000
[INSERT], AverageLatency(ns), 35096.581506
[INSERT], MinLatency(ns), 23042
[INSERT], MaxLatency(ns), 65362687
[INSERT], 95thPercentileLatency(ns), 39887
[INSERT], 99thPercentileLatency(ns), 50946
[INSERT], Return=OK, 1000000
