/home/anatole/jdk8u/build/linux-x86_64-normal-server-release/jdk/bin/java -Xmx20g -XX:+UseG1GC -classpath /home/anatole/ycsb/conf:/home/anatole/ycsb/core/target/core-0.18.0-SNAPSHOT.jar:/home/anatole/ycsb/core/target/dependency/HdrHistogram-2.1.4.jar:/home/anatole/ycsb/core/target/dependency/guava-18.0.jar:/home/anatole/ycsb/core/target/dependency/htrace-core4-4.1.0-incubating.jar:/home/anatole/ycsb/core/target/dependency/jackson-core-asl-1.9.4.jar:/home/anatole/ycsb/core/target/dependency/jackson-mapper-asl-1.9.4.jar:/home/anatole/ycsb/core/target/dependency/javax.persistence-api-2.2.jar:/home/anatole/ycsb/core/target/dependency/jnvm-1.0-SNAPSHOT.jar:/home/anatole/ycsb/core/target/dependency/pcj-1.0.jar:/home/anatole/ycsb/core/target/dependency/unsafe-helper-1.0.jar:/home/anatole/ycsb/infinispan/src/main/conf:/home/anatole/ycsb/infinispan/target/infinispan-binding-0.18.0-SNAPSHOT.jar:/home/anatole/ycsb/infinispan/target/dependency/caffeine-2.6.2.jar:/home/anatole/ycsb/infinispan/target/dependency/gson-2.8.2.jar:/home/anatole/ycsb/infinispan/target/dependency/guava-18.0.jar:/home/anatole/ycsb/infinispan/target/dependency/infinispan-cachestore-jnvm-1.0-SNAPSHOT.jar:/home/anatole/ycsb/infinispan/target/dependency/infinispan-cachestore-pcj-1.0-SNAPSHOT.jar:/home/anatole/ycsb/infinispan/target/dependency/infinispan-client-hotrod-9.4.20.Final.jar:/home/anatole/ycsb/infinispan/target/dependency/infinispan-commons-9.4.20.Final.jar:/home/anatole/ycsb/infinispan/target/dependency/infinispan-core-9.4.20.Final.jar:/home/anatole/ycsb/infinispan/target/dependency/javax.persistence-api-2.2.jar:/home/anatole/ycsb/infinispan/target/dependency/jboss-logging-3.3.2.Final.jar:/home/anatole/ycsb/infinispan/target/dependency/jboss-marshalling-osgi-2.0.6.Final.jar:/home/anatole/ycsb/infinispan/target/dependency/jboss-transaction-api_1.2_spec-1.1.1.Final.jar:/home/anatole/ycsb/infinispan/target/dependency/jgroups-4.0.21.Final.jar:/home/anatole/ycsb/infinispan/target/dependency/jnvm-1.0-SNAPSHOT.jar:/home/anatole/ycsb/infinispan/target/dependency/metainf-services-1.7.jar:/home/anatole/ycsb/infinispan/target/dependency/netty-buffer-4.1.51.Final.jar:/home/anatole/ycsb/infinispan/target/dependency/netty-codec-4.1.51.Final.jar:/home/anatole/ycsb/infinispan/target/dependency/netty-common-4.1.51.Final.jar:/home/anatole/ycsb/infinispan/target/dependency/netty-handler-4.1.51.Final.jar:/home/anatole/ycsb/infinispan/target/dependency/netty-resolver-4.1.51.Final.jar:/home/anatole/ycsb/infinispan/target/dependency/netty-transport-4.1.51.Final.jar:/home/anatole/ycsb/infinispan/target/dependency/netty-transport-native-epoll-4.1.51.Final-linux-x86_64.jar:/home/anatole/ycsb/infinispan/target/dependency/netty-transport-native-unix-common-4.1.51.Final.jar:/home/anatole/ycsb/infinispan/target/dependency/pcj-1.0.jar:/home/anatole/ycsb/infinispan/target/dependency/reactive-streams-1.0.2.jar:/home/anatole/ycsb/infinispan/target/dependency/rxjava-2.2.4.jar:/home/anatole/ycsb/infinispan/target/dependency/unsafe-helper-1.0.jar site.ycsb.Client -t -db site.ycsb.db.InfinispanJNVMClient -P ../workloads/workloada -preload -s -threads 12 -p dataintegrity=true -p offheap=true -p pcj=false -p recordcount=1000000 -p operationcount=36000000 -p fieldcount=10 -p fieldlength=100 -p requestdistribution=zipfian -p measurement.trackjvm=true -p measurementtype=hdrhistogram -p hdrhistogram.output.path=./out/exp5.concurrent.ref/log/infinispan-jnvm.run.workloada.true.1000000.1.10.100.zipfian.12.false..default.default.none.r5.hdr.log
[OVERALL], RunTime(ms), 52429
[OVERALL], Throughput(ops/sec), 705716.3020465773
[TOTAL_GCS_G1_Young_Generation], Count, 115
[TOTAL_GC_TIME_G1_Young_Generation], Time(ms), 15800
[TOTAL_GC_TIME_%_G1_Young_Generation], Time(%), 30.135993438745736
[TOTAL_GCS_G1_Old_Generation], Count, 0
[TOTAL_GC_TIME_G1_Old_Generation], Time(ms), 0
[TOTAL_GC_TIME_%_G1_Old_Generation], Time(%), 0.0
[TOTAL_GCs], Count, 115
[TOTAL_GC_TIME], Time(ms), 15800
[TOTAL_GC_TIME_%], Time(%), 30.135993438745736
[MAX_MEM_USED], MBs, 5468
[MIN_MEM_USED], MBs, 64
[MAX_THREADS], Count, 18
[MIN_THREADS], Count, 4
[MAX_SYS_LOAD_AVG], Load, 18.71
[MIN_SYS_LOAD_AVG], Load, 13.57
[THREAD_COUNT], Operations, 7
[THREAD_COUNT], AverageLatency(ns), 15.428571428571429
[THREAD_COUNT], MinLatency(ns), 4
[THREAD_COUNT], MaxLatency(ns), 18
[THREAD_COUNT], 95thPercentileLatency(ns), 18
[THREAD_COUNT], 99thPercentileLatency(ns), 18
[SYS_LOAD_AVG], Operations, 7
[SYS_LOAD_AVG], AverageLatency(ns), 15.428571428571429
[SYS_LOAD_AVG], MinLatency(ns), 13
[SYS_LOAD_AVG], MaxLatency(ns), 18
[SYS_LOAD_AVG], 95thPercentileLatency(ns), 18
[SYS_LOAD_AVG], 99thPercentileLatency(ns), 18
[LOAD], Operations, 12
[LOAD], AverageLatency(ns), 1.4484105898666666E10
[LOAD], MinLatency(ns), 14212726784
[LOAD], MaxLatency(ns), 14581497855
[LOAD], 95thPercentileLatency(ns), 14579335167
[LOAD], 99thPercentileLatency(ns), 14581497855
[USED_MEM_MB], Operations, 7
[USED_MEM_MB], AverageLatency(ns), 3694.8571428571427
[USED_MEM_MB], MinLatency(ns), 64
[USED_MEM_MB], MaxLatency(ns), 5468
[USED_MEM_MB], 95thPercentileLatency(ns), 5468
[USED_MEM_MB], 99thPercentileLatency(ns), 5468
[MAIN_GCs_Count], Operations, 12
[MAIN_GCs_Count], AverageLatency(ns), 89.41666666666667
[MAIN_GCs_Count], MinLatency(ns), 88
[MAIN_GCs_Count], MaxLatency(ns), 90
[MAIN_GCs_Count], 95thPercentileLatency(ns), 90
[MAIN_GCs_Count], 99thPercentileLatency(ns), 90
[MAIN_GCs_Time(ms)], Operations, 12
[MAIN_GCs_Time(ms)], AverageLatency(ns), 13864.0
[MAIN_GCs_Time(ms)], MinLatency(ns), 13638
[MAIN_GCs_Time(ms)], MaxLatency(ns), 13955
[MAIN_GCs_Time(ms)], 95thPercentileLatency(ns), 13955
[MAIN_GCs_Time(ms)], 99thPercentileLatency(ns), 13955
[TRANSACTION], Operations, 12
[TRANSACTION], AverageLatency(ns), 3.5774048938666664E10
[TRANSACTION], MinLatency(ns), 35289563136
[TRANSACTION], MaxLatency(ns), 36043489279
[TRANSACTION], 95thPercentileLatency(ns), 36019896319
[TRANSACTION], 99thPercentileLatency(ns), 36043489279
[GCS_TIME], Operations, 7
[GCS_TIME], AverageLatency(ns), 2257.1428571428573
[GCS_TIME], MinLatency(ns), 0
[GCS_TIME], MaxLatency(ns), 3996
[GCS_TIME], 95thPercentileLatency(ns), 3996
[GCS_TIME], 99thPercentileLatency(ns), 3996
[LOAD_GCs_Time(ms)], Operations, 12
[LOAD_GCs_Time(ms)], AverageLatency(ns), 1826.0
[LOAD_GCs_Time(ms)], MinLatency(ns), 1826
[LOAD_GCs_Time(ms)], MaxLatency(ns), 1826
[LOAD_GCs_Time(ms)], 95thPercentileLatency(ns), 1826
[LOAD_GCs_Time(ms)], 99thPercentileLatency(ns), 1826
[READ], Operations, 17997527
[READ], AverageLatency(ns), 5336.333026643049
[READ], MinLatency(ns), 225
[READ], MaxLatency(ns), 215184383
[READ], 95thPercentileLatency(ns), 3749
[READ], 99thPercentileLatency(ns), 14885
[READ], Return=OK, 17997527
[INIT], Operations, 12
[INIT], AverageLatency(ns), 1.6610686293333333E9
[INIT], MinLatency(ns), 1658724352
[INIT], MaxLatency(ns), 1663991807
[INIT], 95thPercentileLatency(ns), 1663926271
[INIT], 99thPercentileLatency(ns), 1663991807
[GCS], Operations, 7
[GCS], AverageLatency(ns), 16.428571428571427
[GCS], MinLatency(ns), 0
[GCS], MaxLatency(ns), 26
[GCS], 95thPercentileLatency(ns), 26
[GCS], 99thPercentileLatency(ns), 26
[LOAD_GCs_Count], Operations, 12
[LOAD_GCs_Count], AverageLatency(ns), 24.0
[LOAD_GCs_Count], MinLatency(ns), 24
[LOAD_GCs_Count], MaxLatency(ns), 24
[LOAD_GCs_Count], 95thPercentileLatency(ns), 24
[LOAD_GCs_Count], 99thPercentileLatency(ns), 24
[CLEANUP], Operations, 12
[CLEANUP], AverageLatency(ns), 2.5789963866666666E8
[CLEANUP], MinLatency(ns), 5502144
[CLEANUP], MaxLatency(ns), 552472575
[CLEANUP], 95thPercentileLatency(ns), 487467007
[CLEANUP], 99thPercentileLatency(ns), 552472575
[INSERT], Operations, 1000000
[INSERT], AverageLatency(ns), 67921.794246
[INSERT], MinLatency(ns), 3089
[INSERT], MaxLatency(ns), 191415295
[INSERT], 95thPercentileLatency(ns), 53834
[INSERT], 99thPercentileLatency(ns), 1460783
[INSERT], Return=OK, 1000000
[UPDATE], Operations, 18002473
[UPDATE], AverageLatency(ns), 7617.718482010777
[UPDATE], MinLatency(ns), 326
[UPDATE], MaxLatency(ns), 215148543
[UPDATE], 95thPercentileLatency(ns), 5497
[UPDATE], 99thPercentileLatency(ns), 17169
[UPDATE], Return=OK, 18002473
