/home/anatole/jdk8u/build/linux-x86_64-normal-server-release/jdk/bin/java -Xmx20g -XX:+UseG1GC -classpath /home/anatole/ycsb/conf:/home/anatole/ycsb/core/target/core-0.18.0-SNAPSHOT.jar:/home/anatole/ycsb/core/target/dependency/HdrHistogram-2.1.4.jar:/home/anatole/ycsb/core/target/dependency/guava-18.0.jar:/home/anatole/ycsb/core/target/dependency/htrace-core4-4.1.0-incubating.jar:/home/anatole/ycsb/core/target/dependency/jackson-core-asl-1.9.4.jar:/home/anatole/ycsb/core/target/dependency/jackson-mapper-asl-1.9.4.jar:/home/anatole/ycsb/core/target/dependency/javax.persistence-api-2.2.jar:/home/anatole/ycsb/core/target/dependency/jnvm-1.0-SNAPSHOT.jar:/home/anatole/ycsb/core/target/dependency/pcj-1.0.jar:/home/anatole/ycsb/core/target/dependency/unsafe-helper-1.0.jar:/home/anatole/ycsb/infinispan/src/main/conf:/home/anatole/ycsb/infinispan/target/infinispan-binding-0.18.0-SNAPSHOT.jar:/home/anatole/ycsb/infinispan/target/dependency/caffeine-2.6.2.jar:/home/anatole/ycsb/infinispan/target/dependency/gson-2.8.2.jar:/home/anatole/ycsb/infinispan/target/dependency/guava-18.0.jar:/home/anatole/ycsb/infinispan/target/dependency/infinispan-cachestore-jnvm-1.0-SNAPSHOT.jar:/home/anatole/ycsb/infinispan/target/dependency/infinispan-cachestore-pcj-1.0-SNAPSHOT.jar:/home/anatole/ycsb/infinispan/target/dependency/infinispan-client-hotrod-9.4.20.Final.jar:/home/anatole/ycsb/infinispan/target/dependency/infinispan-commons-9.4.20.Final.jar:/home/anatole/ycsb/infinispan/target/dependency/infinispan-core-9.4.20.Final.jar:/home/anatole/ycsb/infinispan/target/dependency/javax.persistence-api-2.2.jar:/home/anatole/ycsb/infinispan/target/dependency/jboss-logging-3.3.2.Final.jar:/home/anatole/ycsb/infinispan/target/dependency/jboss-marshalling-osgi-2.0.6.Final.jar:/home/anatole/ycsb/infinispan/target/dependency/jboss-transaction-api_1.2_spec-1.1.1.Final.jar:/home/anatole/ycsb/infinispan/target/dependency/jgroups-4.0.21.Final.jar:/home/anatole/ycsb/infinispan/target/dependency/jnvm-1.0-SNAPSHOT.jar:/home/anatole/ycsb/infinispan/target/dependency/metainf-services-1.7.jar:/home/anatole/ycsb/infinispan/target/dependency/netty-buffer-4.1.51.Final.jar:/home/anatole/ycsb/infinispan/target/dependency/netty-codec-4.1.51.Final.jar:/home/anatole/ycsb/infinispan/target/dependency/netty-common-4.1.51.Final.jar:/home/anatole/ycsb/infinispan/target/dependency/netty-handler-4.1.51.Final.jar:/home/anatole/ycsb/infinispan/target/dependency/netty-resolver-4.1.51.Final.jar:/home/anatole/ycsb/infinispan/target/dependency/netty-transport-4.1.51.Final.jar:/home/anatole/ycsb/infinispan/target/dependency/netty-transport-native-epoll-4.1.51.Final-linux-x86_64.jar:/home/anatole/ycsb/infinispan/target/dependency/netty-transport-native-unix-common-4.1.51.Final.jar:/home/anatole/ycsb/infinispan/target/dependency/pcj-1.0.jar:/home/anatole/ycsb/infinispan/target/dependency/reactive-streams-1.0.2.jar:/home/anatole/ycsb/infinispan/target/dependency/rxjava-2.2.4.jar:/home/anatole/ycsb/infinispan/target/dependency/unsafe-helper-1.0.jar site.ycsb.Client -t -db site.ycsb.db.InfinispanClient -P ../workloads/workloadc -preload -s -threads 40 -p dataintegrity=true -p offheap=false -p pcj=false -p recordcount=1000000 -p operationcount=60000000 -p fieldcount=10 -p fieldlength=100 -p requestdistribution=zipfian -p measurement.trackjvm=true -p measurementtype=hdrhistogram -p hdrhistogram.output.path=./out/exp5.concurrent.ref/log/infinispan.run.workloadc.true.1000000.1000000.10.100.zipfian.40.true..default.default.none.r3.hdr.log
[OVERALL], RunTime(ms), 87924
[OVERALL], Throughput(ops/sec), 693780.9926754924
[TOTAL_GCS_G1_Young_Generation], Count, 32
[TOTAL_GC_TIME_G1_Young_Generation], Time(ms), 2422
[TOTAL_GC_TIME_%_G1_Young_Generation], Time(%), 2.7546517446885947
[TOTAL_GCS_G1_Old_Generation], Count, 0
[TOTAL_GC_TIME_G1_Old_Generation], Time(ms), 0
[TOTAL_GC_TIME_%_G1_Old_Generation], Time(%), 0.0
[TOTAL_GCs], Count, 32
[TOTAL_GC_TIME], Time(ms), 2422
[TOTAL_GC_TIME_%], Time(%), 2.7546517446885947
[MAX_MEM_USED], MBs, 14256
[MIN_MEM_USED], MBs, 104
[MAX_THREADS], Count, 46
[MIN_THREADS], Count, 3
[MAX_SYS_LOAD_AVG], Load, 10.82
[MIN_SYS_LOAD_AVG], Load, 7.78
[THREAD_COUNT], Operations, 10
[THREAD_COUNT], AverageLatency(ns), 41.2
[THREAD_COUNT], MinLatency(ns), 3
[THREAD_COUNT], MaxLatency(ns), 46
[THREAD_COUNT], 95thPercentileLatency(ns), 46
[THREAD_COUNT], 99thPercentileLatency(ns), 46
[SYS_LOAD_AVG], Operations, 10
[SYS_LOAD_AVG], AverageLatency(ns), 8.7
[SYS_LOAD_AVG], MinLatency(ns), 7
[SYS_LOAD_AVG], MaxLatency(ns), 10
[SYS_LOAD_AVG], 95thPercentileLatency(ns), 10
[SYS_LOAD_AVG], 99thPercentileLatency(ns), 10
[LOAD], Operations, 40
[LOAD], AverageLatency(ns), 6.81777152E9
[LOAD], MinLatency(ns), 5570232320
[LOAD], MaxLatency(ns), 7164559359
[LOAD], 95thPercentileLatency(ns), 7150403583
[LOAD], 99thPercentileLatency(ns), 7164559359
[USED_MEM_MB], Operations, 10
[USED_MEM_MB], AverageLatency(ns), 9212.1
[USED_MEM_MB], MinLatency(ns), 104
[USED_MEM_MB], MaxLatency(ns), 14256
[USED_MEM_MB], 95thPercentileLatency(ns), 14256
[USED_MEM_MB], 99thPercentileLatency(ns), 14256
[MAIN_GCs_Count], Operations, 40
[MAIN_GCs_Count], AverageLatency(ns), 8.0
[MAIN_GCs_Count], MinLatency(ns), 8
[MAIN_GCs_Count], MaxLatency(ns), 8
[MAIN_GCs_Count], 95thPercentileLatency(ns), 8
[MAIN_GCs_Count], 99thPercentileLatency(ns), 8
[MAIN_GCs_Time(ms)], Operations, 40
[MAIN_GCs_Time(ms)], AverageLatency(ns), 331.0
[MAIN_GCs_Time(ms)], MinLatency(ns), 331
[MAIN_GCs_Time(ms)], MaxLatency(ns), 331
[MAIN_GCs_Time(ms)], 95thPercentileLatency(ns), 331
[MAIN_GCs_Time(ms)], 99thPercentileLatency(ns), 331
[TRANSACTION], Operations, 40
[TRANSACTION], AverageLatency(ns), 7.91554555904E10
[TRANSACTION], MinLatency(ns), 78545682432
[TRANSACTION], MaxLatency(ns), 79333163007
[TRANSACTION], 95thPercentileLatency(ns), 79321104383
[TRANSACTION], 99thPercentileLatency(ns), 79333163007
[GCS_TIME], Operations, 10
[GCS_TIME], AverageLatency(ns), 242.2
[GCS_TIME], MinLatency(ns), 0
[GCS_TIME], MaxLatency(ns), 2316
[GCS_TIME], 95thPercentileLatency(ns), 2316
[GCS_TIME], 99thPercentileLatency(ns), 2316
[LOAD_GCs_Time(ms)], Operations, 40
[LOAD_GCs_Time(ms)], AverageLatency(ns), 1946.475
[LOAD_GCs_Time(ms)], MinLatency(ns), 1443
[LOAD_GCs_Time(ms)], MaxLatency(ns), 2059
[LOAD_GCs_Time(ms)], 95thPercentileLatency(ns), 2059
[LOAD_GCs_Time(ms)], 99thPercentileLatency(ns), 2059
[READ], Operations, 60000000
[READ], AverageLatency(ns), 48845.53937031667
[READ], MinLatency(ns), 248
[READ], MaxLatency(ns), 168479743
[READ], 95thPercentileLatency(ns), 408665
[READ], 99thPercentileLatency(ns), 439925
[READ], Return=OK, 60000000
[INIT], Operations, 40
[INIT], AverageLatency(ns), 6.271804416E8
[INIT], MinLatency(ns), 618176512
[INIT], MaxLatency(ns), 637456383
[INIT], 95thPercentileLatency(ns), 636317695
[INIT], 99thPercentileLatency(ns), 637456383
[GCS], Operations, 10
[GCS], AverageLatency(ns), 3.2
[GCS], MinLatency(ns), 0
[GCS], MaxLatency(ns), 26
[GCS], 95thPercentileLatency(ns), 26
[GCS], 99thPercentileLatency(ns), 26
[LOAD_GCs_Count], Operations, 40
[LOAD_GCs_Count], AverageLatency(ns), 21.3
[LOAD_GCs_Count], MinLatency(ns), 18
[LOAD_GCs_Count], MaxLatency(ns), 22
[LOAD_GCs_Count], 95thPercentileLatency(ns), 22
[LOAD_GCs_Count], 99thPercentileLatency(ns), 22
[CLEANUP], Operations, 40
[CLEANUP], AverageLatency(ns), 7.58391552E8
[CLEANUP], MinLatency(ns), 581918720
[CLEANUP], MaxLatency(ns), 1347182591
[CLEANUP], 95thPercentileLatency(ns), 1040990207
[CLEANUP], 99thPercentileLatency(ns), 1347182591
[INSERT], Operations, 1000000
[INSERT], AverageLatency(ns), 159592.819454
[INSERT], MinLatency(ns), 1793
[INSERT], MaxLatency(ns), 395511807
[INSERT], 95thPercentileLatency(ns), 108264
[INSERT], 99thPercentileLatency(ns), 983047
[INSERT], Return=OK, 1000000
