/home/anatole/jdk8u/build/linux-x86_64-normal-server-release/jdk/bin/java -Xmx20g -XX:+UseG1GC -classpath /home/anatole/ycsb/conf:/home/anatole/ycsb/core/target/core-0.18.0-SNAPSHOT.jar:/home/anatole/ycsb/core/target/dependency/HdrHistogram-2.1.4.jar:/home/anatole/ycsb/core/target/dependency/guava-18.0.jar:/home/anatole/ycsb/core/target/dependency/htrace-core4-4.1.0-incubating.jar:/home/anatole/ycsb/core/target/dependency/jackson-core-asl-1.9.4.jar:/home/anatole/ycsb/core/target/dependency/jackson-mapper-asl-1.9.4.jar:/home/anatole/ycsb/core/target/dependency/javax.persistence-api-2.2.jar:/home/anatole/ycsb/core/target/dependency/jnvm-1.0-SNAPSHOT.jar:/home/anatole/ycsb/core/target/dependency/pcj-1.0.jar:/home/anatole/ycsb/core/target/dependency/unsafe-helper-1.0.jar:/home/anatole/ycsb/infinispan/src/main/conf:/home/anatole/ycsb/infinispan/target/infinispan-binding-0.18.0-SNAPSHOT.jar:/home/anatole/ycsb/infinispan/target/dependency/caffeine-2.6.2.jar:/home/anatole/ycsb/infinispan/target/dependency/gson-2.8.2.jar:/home/anatole/ycsb/infinispan/target/dependency/guava-18.0.jar:/home/anatole/ycsb/infinispan/target/dependency/infinispan-cachestore-jnvm-1.0-SNAPSHOT.jar:/home/anatole/ycsb/infinispan/target/dependency/infinispan-cachestore-pcj-1.0-SNAPSHOT.jar:/home/anatole/ycsb/infinispan/target/dependency/infinispan-client-hotrod-9.4.20.Final.jar:/home/anatole/ycsb/infinispan/target/dependency/infinispan-commons-9.4.20.Final.jar:/home/anatole/ycsb/infinispan/target/dependency/infinispan-core-9.4.20.Final.jar:/home/anatole/ycsb/infinispan/target/dependency/javax.persistence-api-2.2.jar:/home/anatole/ycsb/infinispan/target/dependency/jboss-logging-3.3.2.Final.jar:/home/anatole/ycsb/infinispan/target/dependency/jboss-marshalling-osgi-2.0.6.Final.jar:/home/anatole/ycsb/infinispan/target/dependency/jboss-transaction-api_1.2_spec-1.1.1.Final.jar:/home/anatole/ycsb/infinispan/target/dependency/jgroups-4.0.21.Final.jar:/home/anatole/ycsb/infinispan/target/dependency/jnvm-1.0-SNAPSHOT.jar:/home/anatole/ycsb/infinispan/target/dependency/metainf-services-1.7.jar:/home/anatole/ycsb/infinispan/target/dependency/netty-buffer-4.1.51.Final.jar:/home/anatole/ycsb/infinispan/target/dependency/netty-codec-4.1.51.Final.jar:/home/anatole/ycsb/infinispan/target/dependency/netty-common-4.1.51.Final.jar:/home/anatole/ycsb/infinispan/target/dependency/netty-handler-4.1.51.Final.jar:/home/anatole/ycsb/infinispan/target/dependency/netty-resolver-4.1.51.Final.jar:/home/anatole/ycsb/infinispan/target/dependency/netty-transport-4.1.51.Final.jar:/home/anatole/ycsb/infinispan/target/dependency/netty-transport-native-epoll-4.1.51.Final-linux-x86_64.jar:/home/anatole/ycsb/infinispan/target/dependency/netty-transport-native-unix-common-4.1.51.Final.jar:/home/anatole/ycsb/infinispan/target/dependency/pcj-1.0.jar:/home/anatole/ycsb/infinispan/target/dependency/reactive-streams-1.0.2.jar:/home/anatole/ycsb/infinispan/target/dependency/rxjava-2.2.4.jar:/home/anatole/ycsb/infinispan/target/dependency/unsafe-helper-1.0.jar site.ycsb.Client -t -db site.ycsb.db.InfinispanClient -P ../workloads/workloada -preload -s -threads 40 -p dataintegrity=true -p offheap=false -p pcj=false -p recordcount=1000000 -p operationcount=60000000 -p fieldcount=10 -p fieldlength=100 -p requestdistribution=zipfian -p measurement.trackjvm=true -p measurementtype=hdrhistogram -p hdrhistogram.output.path=./out/exp5.concurrent.ref/log/infinispan.run.workloada.true.1000000.100000.10.100.zipfian.40.false..default.default.none.r4.hdr.log
[OVERALL], RunTime(ms), 414706
[OVERALL], Throughput(ops/sec), 147092.15685328885
[TOTAL_GCS_G1_Young_Generation], Count, 214
[TOTAL_GC_TIME_G1_Young_Generation], Time(ms), 27957
[TOTAL_GC_TIME_%_G1_Young_Generation], Time(%), 6.741402342864583
[TOTAL_GCS_G1_Old_Generation], Count, 0
[TOTAL_GC_TIME_G1_Old_Generation], Time(ms), 0
[TOTAL_GC_TIME_%_G1_Old_Generation], Time(%), 0.0
[TOTAL_GCs], Count, 214
[TOTAL_GC_TIME], Time(ms), 27957
[TOTAL_GC_TIME_%], Time(%), 6.741402342864583
[MAX_MEM_USED], MBs, 11806
[MIN_MEM_USED], MBs, 104
[MAX_THREADS], Count, 72
[MIN_THREADS], Count, 2
[MAX_SYS_LOAD_AVG], Load, 30.55
[MIN_SYS_LOAD_AVG], Load, 24.28
[THREAD_COUNT], Operations, 43
[THREAD_COUNT], AverageLatency(ns), 67.67441860465117
[THREAD_COUNT], MinLatency(ns), 2
[THREAD_COUNT], MaxLatency(ns), 72
[THREAD_COUNT], 95thPercentileLatency(ns), 72
[THREAD_COUNT], 99thPercentileLatency(ns), 72
[SYS_LOAD_AVG], Operations, 43
[SYS_LOAD_AVG], AverageLatency(ns), 27.906976744186046
[SYS_LOAD_AVG], MinLatency(ns), 24
[SYS_LOAD_AVG], MaxLatency(ns), 30
[SYS_LOAD_AVG], 95thPercentileLatency(ns), 30
[SYS_LOAD_AVG], 99thPercentileLatency(ns), 30
[LOAD], Operations, 40
[LOAD], AverageLatency(ns), 1.2733857792E10
[LOAD], MinLatency(ns), 10537861120
[LOAD], MaxLatency(ns), 14096400383
[LOAD], 95thPercentileLatency(ns), 13980336127
[LOAD], 99thPercentileLatency(ns), 14096400383
[USED_MEM_MB], Operations, 43
[USED_MEM_MB], AverageLatency(ns), 7543.976744186047
[USED_MEM_MB], MinLatency(ns), 104
[USED_MEM_MB], MaxLatency(ns), 11806
[USED_MEM_MB], 95thPercentileLatency(ns), 11286
[USED_MEM_MB], 99thPercentileLatency(ns), 11806
[MAIN_GCs_Count], Operations, 40
[MAIN_GCs_Count], AverageLatency(ns), 194.925
[MAIN_GCs_Count], MinLatency(ns), 194
[MAIN_GCs_Count], MaxLatency(ns), 195
[MAIN_GCs_Count], 95thPercentileLatency(ns), 195
[MAIN_GCs_Count], 99thPercentileLatency(ns), 195
[MAIN_GCs_Time(ms)], Operations, 40
[MAIN_GCs_Time(ms)], AverageLatency(ns), 27104.5
[MAIN_GCs_Time(ms)], MinLatency(ns), 26975
[MAIN_GCs_Time(ms)], MaxLatency(ns), 27115
[MAIN_GCs_Time(ms)], 95thPercentileLatency(ns), 27115
[MAIN_GCs_Time(ms)], 99thPercentileLatency(ns), 27115
[TRANSACTION], Operations, 40
[TRANSACTION], AverageLatency(ns), 3.981570998272E11
[TRANSACTION], MinLatency(ns), 396927959040
[TRANSACTION], MaxLatency(ns), 399746531327
[TRANSACTION], 95thPercentileLatency(ns), 398626652159
[TRANSACTION], 99thPercentileLatency(ns), 399746531327
[GCS_TIME], Operations, 43
[GCS_TIME], AverageLatency(ns), 650.1627906976744
[GCS_TIME], MinLatency(ns), 0
[GCS_TIME], MaxLatency(ns), 1042
[GCS_TIME], 95thPercentileLatency(ns), 912
[GCS_TIME], 99thPercentileLatency(ns), 1042
[LOAD_GCs_Time(ms)], Operations, 40
[LOAD_GCs_Time(ms)], AverageLatency(ns), 744.65
[LOAD_GCs_Time(ms)], MinLatency(ns), 630
[LOAD_GCs_Time(ms)], MaxLatency(ns), 814
[LOAD_GCs_Time(ms)], 95thPercentileLatency(ns), 814
[LOAD_GCs_Time(ms)], 99thPercentileLatency(ns), 814
[READ], Operations, 29999881
[READ], AverageLatency(ns), 193542.40822248594
[READ], MinLatency(ns), 197
[READ], MaxLatency(ns), 439062527
[READ], 95thPercentileLatency(ns), 642679
[READ], 99thPercentileLatency(ns), 858147
[READ], Return=OK, 29999881
[INIT], Operations, 40
[INIT], AverageLatency(ns), 5.828806656E8
[INIT], MinLatency(ns), 573005824
[INIT], MaxLatency(ns), 603918335
[INIT], 95thPercentileLatency(ns), 590811135
[INIT], 99thPercentileLatency(ns), 603918335
[GCS], Operations, 43
[GCS], AverageLatency(ns), 4.976744186046512
[GCS], MinLatency(ns), 0
[GCS], MaxLatency(ns), 17
[GCS], 95thPercentileLatency(ns), 7
[GCS], 99thPercentileLatency(ns), 17
[LOAD_GCs_Count], Operations, 40
[LOAD_GCs_Count], AverageLatency(ns), 15.925
[LOAD_GCs_Count], MinLatency(ns), 15
[LOAD_GCs_Count], MaxLatency(ns), 17
[LOAD_GCs_Count], 95thPercentileLatency(ns), 17
[LOAD_GCs_Count], 99thPercentileLatency(ns), 17
[CLEANUP], Operations, 40
[CLEANUP], AverageLatency(ns), 1.657537824E9
[CLEANUP], MinLatency(ns), 69720064
[CLEANUP], MaxLatency(ns), 2868232191
[CLEANUP], 95thPercentileLatency(ns), 2563096575
[CLEANUP], 99thPercentileLatency(ns), 2868232191
[INSERT], Operations, 1000000
[INSERT], AverageLatency(ns), 491615.595696
[INSERT], MinLatency(ns), 23529
[INSERT], MaxLatency(ns), 1061502975
[INSERT], 95thPercentileLatency(ns), 535191
[INSERT], 99thPercentileLatency(ns), 751979
[INSERT], Return=OK, 1000000
[UPDATE], Operations, 30000119
[UPDATE], AverageLatency(ns), 329979.10927596653
[UPDATE], MinLatency(ns), 24280
[UPDATE], MaxLatency(ns), 439762943
[UPDATE], 95thPercentileLatency(ns), 795051
[UPDATE], 99thPercentileLatency(ns), 1039151
[UPDATE], Return=OK, 30000119
