/home/anatole/jdk8u/build/linux-x86_64-normal-server-release/jdk/bin/java -Xmx20g -XX:+UseG1GC -classpath /home/anatole/ycsb/conf:/home/anatole/ycsb/core/target/core-0.18.0-SNAPSHOT.jar:/home/anatole/ycsb/core/target/dependency/HdrHistogram-2.1.4.jar:/home/anatole/ycsb/core/target/dependency/guava-18.0.jar:/home/anatole/ycsb/core/target/dependency/htrace-core4-4.1.0-incubating.jar:/home/anatole/ycsb/core/target/dependency/jackson-core-asl-1.9.4.jar:/home/anatole/ycsb/core/target/dependency/jackson-mapper-asl-1.9.4.jar:/home/anatole/ycsb/core/target/dependency/javax.persistence-api-2.2.jar:/home/anatole/ycsb/core/target/dependency/jnvm-1.0-SNAPSHOT.jar:/home/anatole/ycsb/core/target/dependency/pcj-1.0.jar:/home/anatole/ycsb/core/target/dependency/unsafe-helper-1.0.jar:/home/anatole/ycsb/infinispan/src/main/conf:/home/anatole/ycsb/infinispan/target/infinispan-binding-0.18.0-SNAPSHOT.jar:/home/anatole/ycsb/infinispan/target/dependency/caffeine-2.6.2.jar:/home/anatole/ycsb/infinispan/target/dependency/gson-2.8.2.jar:/home/anatole/ycsb/infinispan/target/dependency/guava-18.0.jar:/home/anatole/ycsb/infinispan/target/dependency/infinispan-cachestore-jnvm-1.0-SNAPSHOT.jar:/home/anatole/ycsb/infinispan/target/dependency/infinispan-cachestore-pcj-1.0-SNAPSHOT.jar:/home/anatole/ycsb/infinispan/target/dependency/infinispan-client-hotrod-9.4.20.Final.jar:/home/anatole/ycsb/infinispan/target/dependency/infinispan-commons-9.4.20.Final.jar:/home/anatole/ycsb/infinispan/target/dependency/infinispan-core-9.4.20.Final.jar:/home/anatole/ycsb/infinispan/target/dependency/javax.persistence-api-2.2.jar:/home/anatole/ycsb/infinispan/target/dependency/jboss-logging-3.3.2.Final.jar:/home/anatole/ycsb/infinispan/target/dependency/jboss-marshalling-osgi-2.0.6.Final.jar:/home/anatole/ycsb/infinispan/target/dependency/jboss-transaction-api_1.2_spec-1.1.1.Final.jar:/home/anatole/ycsb/infinispan/target/dependency/jgroups-4.0.21.Final.jar:/home/anatole/ycsb/infinispan/target/dependency/jnvm-1.0-SNAPSHOT.jar:/home/anatole/ycsb/infinispan/target/dependency/metainf-services-1.7.jar:/home/anatole/ycsb/infinispan/target/dependency/netty-buffer-4.1.51.Final.jar:/home/anatole/ycsb/infinispan/target/dependency/netty-codec-4.1.51.Final.jar:/home/anatole/ycsb/infinispan/target/dependency/netty-common-4.1.51.Final.jar:/home/anatole/ycsb/infinispan/target/dependency/netty-handler-4.1.51.Final.jar:/home/anatole/ycsb/infinispan/target/dependency/netty-resolver-4.1.51.Final.jar:/home/anatole/ycsb/infinispan/target/dependency/netty-transport-4.1.51.Final.jar:/home/anatole/ycsb/infinispan/target/dependency/netty-transport-native-epoll-4.1.51.Final-linux-x86_64.jar:/home/anatole/ycsb/infinispan/target/dependency/netty-transport-native-unix-common-4.1.51.Final.jar:/home/anatole/ycsb/infinispan/target/dependency/pcj-1.0.jar:/home/anatole/ycsb/infinispan/target/dependency/reactive-streams-1.0.2.jar:/home/anatole/ycsb/infinispan/target/dependency/rxjava-2.2.4.jar:/home/anatole/ycsb/infinispan/target/dependency/unsafe-helper-1.0.jar site.ycsb.Client -t -db site.ycsb.db.InfinispanClient -P ../workloads/workloadc -preload -s -threads 8 -p dataintegrity=true -p offheap=false -p pcj=false -p recordcount=1000000 -p operationcount=24000000 -p fieldcount=10 -p fieldlength=100 -p requestdistribution=zipfian -p measurement.trackjvm=true -p measurementtype=hdrhistogram -p hdrhistogram.output.path=./out/exp5.concurrent.ref/log/infinispan.run.workloadc.true.1000000.100000.10.100.zipfian.8.false..default.default.none.r2.hdr.log
[OVERALL], RunTime(ms), 97037
[OVERALL], Throughput(ops/sec), 257633.68611972753
[TOTAL_GCS_G1_Young_Generation], Count, 52
[TOTAL_GC_TIME_G1_Young_Generation], Time(ms), 4141
[TOTAL_GC_TIME_%_G1_Young_Generation], Time(%), 4.267444376887167
[TOTAL_GCS_G1_Old_Generation], Count, 0
[TOTAL_GC_TIME_G1_Old_Generation], Time(ms), 0
[TOTAL_GC_TIME_%_G1_Old_Generation], Time(%), 0.0
[TOTAL_GCs], Count, 52
[TOTAL_GC_TIME], Time(ms), 4141
[TOTAL_GC_TIME_%], Time(%), 4.267444376887167
[MAX_MEM_USED], MBs, 11151
[MIN_MEM_USED], MBs, 60
[MAX_THREADS], Count, 14
[MIN_THREADS], Count, 3
[MAX_SYS_LOAD_AVG], Load, 9.76
[MIN_SYS_LOAD_AVG], Load, 8.05
[THREAD_COUNT], Operations, 11
[THREAD_COUNT], AverageLatency(ns), 12.454545454545455
[THREAD_COUNT], MinLatency(ns), 3
[THREAD_COUNT], MaxLatency(ns), 14
[THREAD_COUNT], 95thPercentileLatency(ns), 14
[THREAD_COUNT], 99thPercentileLatency(ns), 14
[SYS_LOAD_AVG], Operations, 11
[SYS_LOAD_AVG], AverageLatency(ns), 8.363636363636363
[SYS_LOAD_AVG], MinLatency(ns), 8
[SYS_LOAD_AVG], MaxLatency(ns), 9
[SYS_LOAD_AVG], 95thPercentileLatency(ns), 9
[SYS_LOAD_AVG], 99thPercentileLatency(ns), 9
[LOAD], Operations, 8
[LOAD], AverageLatency(ns), 1.2963356672E10
[LOAD], MinLatency(ns), 12809797632
[LOAD], MaxLatency(ns), 13056999423
[LOAD], 95thPercentileLatency(ns), 13056999423
[LOAD], 99thPercentileLatency(ns), 13056999423
[USED_MEM_MB], Operations, 11
[USED_MEM_MB], AverageLatency(ns), 5716.181818181818
[USED_MEM_MB], MinLatency(ns), 60
[USED_MEM_MB], MaxLatency(ns), 11151
[USED_MEM_MB], 95thPercentileLatency(ns), 9813
[USED_MEM_MB], 99thPercentileLatency(ns), 11151
[MAIN_GCs_Count], Operations, 8
[MAIN_GCs_Count], AverageLatency(ns), 32.125
[MAIN_GCs_Count], MinLatency(ns), 31
[MAIN_GCs_Count], MaxLatency(ns), 33
[MAIN_GCs_Count], 95thPercentileLatency(ns), 33
[MAIN_GCs_Count], 99thPercentileLatency(ns), 33
[MAIN_GCs_Time(ms)], Operations, 8
[MAIN_GCs_Time(ms)], AverageLatency(ns), 3202.25
[MAIN_GCs_Time(ms)], MinLatency(ns), 3103
[MAIN_GCs_Time(ms)], MaxLatency(ns), 3285
[MAIN_GCs_Time(ms)], 95thPercentileLatency(ns), 3285
[MAIN_GCs_Time(ms)], 99thPercentileLatency(ns), 3285
[TRANSACTION], Operations, 8
[TRANSACTION], AverageLatency(ns), 7.8763327488E10
[TRANSACTION], MinLatency(ns), 76243533824
[TRANSACTION], MaxLatency(ns), 83191398399
[TRANSACTION], 95thPercentileLatency(ns), 83191398399
[TRANSACTION], 99thPercentileLatency(ns), 83191398399
[GCS_TIME], Operations, 11
[GCS_TIME], AverageLatency(ns), 376.45454545454544
[GCS_TIME], MinLatency(ns), 0
[GCS_TIME], MaxLatency(ns), 772
[GCS_TIME], 95thPercentileLatency(ns), 702
[GCS_TIME], 99thPercentileLatency(ns), 772
[LOAD_GCs_Time(ms)], Operations, 8
[LOAD_GCs_Time(ms)], AverageLatency(ns), 835.0
[LOAD_GCs_Time(ms)], MinLatency(ns), 835
[LOAD_GCs_Time(ms)], MaxLatency(ns), 835
[LOAD_GCs_Time(ms)], 95thPercentileLatency(ns), 835
[LOAD_GCs_Time(ms)], 99thPercentileLatency(ns), 835
[READ], Operations, 24000000
[READ], AverageLatency(ns), 25280.804725
[READ], MinLatency(ns), 206
[READ], MaxLatency(ns), 179558399
[READ], 95thPercentileLatency(ns), 53182
[READ], 99thPercentileLatency(ns), 62378
[READ], Return=OK, 24000000
[INIT], Operations, 8
[INIT], AverageLatency(ns), 6.52639232E8
[INIT], MinLatency(ns), 651915264
[INIT], MaxLatency(ns), 654237695
[INIT], 95thPercentileLatency(ns), 654237695
[INIT], 99thPercentileLatency(ns), 654237695
[GCS], Operations, 11
[GCS], AverageLatency(ns), 4.7272727272727275
[GCS], MinLatency(ns), 0
[GCS], MaxLatency(ns), 18
[GCS], 95thPercentileLatency(ns), 6
[GCS], 99thPercentileLatency(ns), 18
[LOAD_GCs_Count], Operations, 8
[LOAD_GCs_Count], AverageLatency(ns), 18.0
[LOAD_GCs_Count], MinLatency(ns), 18
[LOAD_GCs_Count], MaxLatency(ns), 18
[LOAD_GCs_Count], 95thPercentileLatency(ns), 18
[LOAD_GCs_Count], 99thPercentileLatency(ns), 18
[CLEANUP], Operations, 8
[CLEANUP], AverageLatency(ns), 4.475979056E9
[CLEANUP], MinLatency(ns), 62693632
[CLEANUP], MaxLatency(ns), 6907297791
[CLEANUP], 95thPercentileLatency(ns), 6907297791
[CLEANUP], 99thPercentileLatency(ns), 6907297791
[INSERT], Operations, 1000000
[INSERT], AverageLatency(ns), 91279.02979
[INSERT], MinLatency(ns), 25086
[INSERT], MaxLatency(ns), 163582975
[INSERT], 95thPercentileLatency(ns), 99857
[INSERT], 99thPercentileLatency(ns), 142934
[INSERT], Return=OK, 1000000
