/home/anatole/jdk8u/build/linux-x86_64-normal-server-release/jdk/bin/java -Xmx20g -XX:+UseG1GC -classpath /home/anatole/ycsb/conf:/home/anatole/ycsb/core/target/core-0.18.0-SNAPSHOT.jar:/home/anatole/ycsb/core/target/dependency/HdrHistogram-2.1.4.jar:/home/anatole/ycsb/core/target/dependency/guava-18.0.jar:/home/anatole/ycsb/core/target/dependency/htrace-core4-4.1.0-incubating.jar:/home/anatole/ycsb/core/target/dependency/jackson-core-asl-1.9.4.jar:/home/anatole/ycsb/core/target/dependency/jackson-mapper-asl-1.9.4.jar:/home/anatole/ycsb/core/target/dependency/javax.persistence-api-2.2.jar:/home/anatole/ycsb/core/target/dependency/jnvm-1.0-SNAPSHOT.jar:/home/anatole/ycsb/core/target/dependency/pcj-1.0.jar:/home/anatole/ycsb/core/target/dependency/unsafe-helper-1.0.jar:/home/anatole/ycsb/infinispan/src/main/conf:/home/anatole/ycsb/infinispan/target/infinispan-binding-0.18.0-SNAPSHOT.jar:/home/anatole/ycsb/infinispan/target/dependency/caffeine-2.6.2.jar:/home/anatole/ycsb/infinispan/target/dependency/gson-2.8.2.jar:/home/anatole/ycsb/infinispan/target/dependency/guava-18.0.jar:/home/anatole/ycsb/infinispan/target/dependency/infinispan-cachestore-jnvm-1.0-SNAPSHOT.jar:/home/anatole/ycsb/infinispan/target/dependency/infinispan-cachestore-pcj-1.0-SNAPSHOT.jar:/home/anatole/ycsb/infinispan/target/dependency/infinispan-client-hotrod-9.4.20.Final.jar:/home/anatole/ycsb/infinispan/target/dependency/infinispan-commons-9.4.20.Final.jar:/home/anatole/ycsb/infinispan/target/dependency/infinispan-core-9.4.20.Final.jar:/home/anatole/ycsb/infinispan/target/dependency/javax.persistence-api-2.2.jar:/home/anatole/ycsb/infinispan/target/dependency/jboss-logging-3.3.2.Final.jar:/home/anatole/ycsb/infinispan/target/dependency/jboss-marshalling-osgi-2.0.6.Final.jar:/home/anatole/ycsb/infinispan/target/dependency/jboss-transaction-api_1.2_spec-1.1.1.Final.jar:/home/anatole/ycsb/infinispan/target/dependency/jgroups-4.0.21.Final.jar:/home/anatole/ycsb/infinispan/target/dependency/jnvm-1.0-SNAPSHOT.jar:/home/anatole/ycsb/infinispan/target/dependency/metainf-services-1.7.jar:/home/anatole/ycsb/infinispan/target/dependency/netty-buffer-4.1.51.Final.jar:/home/anatole/ycsb/infinispan/target/dependency/netty-codec-4.1.51.Final.jar:/home/anatole/ycsb/infinispan/target/dependency/netty-common-4.1.51.Final.jar:/home/anatole/ycsb/infinispan/target/dependency/netty-handler-4.1.51.Final.jar:/home/anatole/ycsb/infinispan/target/dependency/netty-resolver-4.1.51.Final.jar:/home/anatole/ycsb/infinispan/target/dependency/netty-transport-4.1.51.Final.jar:/home/anatole/ycsb/infinispan/target/dependency/netty-transport-native-epoll-4.1.51.Final-linux-x86_64.jar:/home/anatole/ycsb/infinispan/target/dependency/netty-transport-native-unix-common-4.1.51.Final.jar:/home/anatole/ycsb/infinispan/target/dependency/pcj-1.0.jar:/home/anatole/ycsb/infinispan/target/dependency/reactive-streams-1.0.2.jar:/home/anatole/ycsb/infinispan/target/dependency/rxjava-2.2.4.jar:/home/anatole/ycsb/infinispan/target/dependency/unsafe-helper-1.0.jar site.ycsb.Client -t -db site.ycsb.db.InfinispanJNVMClient -P ../workloads/workloadc -preload -s -threads 32 -p dataintegrity=true -p offheap=true -p pcj=false -p recordcount=1000000 -p operationcount=60000000 -p fieldcount=10 -p fieldlength=100 -p requestdistribution=zipfian -p measurement.trackjvm=true -p measurementtype=hdrhistogram -p hdrhistogram.output.path=./out/exp5.concurrent.ref/log/infinispan-jnvm.run.workloadc.true.1000000.1.10.100.zipfian.32.false..default.default.none.r5.hdr.log
[OVERALL], RunTime(ms), 93967
[OVERALL], Throughput(ops/sec), 649164.0682367214
[TOTAL_GCS_G1_Young_Generation], Count, 34
[TOTAL_GC_TIME_G1_Young_Generation], Time(ms), 2702
[TOTAL_GC_TIME_%_G1_Young_Generation], Time(%), 2.87547756127151
[TOTAL_GCS_G1_Old_Generation], Count, 0
[TOTAL_GC_TIME_G1_Old_Generation], Time(ms), 0
[TOTAL_GC_TIME_%_G1_Old_Generation], Time(%), 0.0
[TOTAL_GCs], Count, 34
[TOTAL_GC_TIME], Time(ms), 2702
[TOTAL_GC_TIME_%], Time(%), 2.87547756127151
[MAX_MEM_USED], MBs, 14010
[MIN_MEM_USED], MBs, 92
[MAX_THREADS], Count, 38
[MIN_THREADS], Count, 3
[MAX_SYS_LOAD_AVG], Load, 17.8
[MIN_SYS_LOAD_AVG], Load, 11.31
[THREAD_COUNT], Operations, 11
[THREAD_COUNT], AverageLatency(ns), 34.27272727272727
[THREAD_COUNT], MinLatency(ns), 3
[THREAD_COUNT], MaxLatency(ns), 38
[THREAD_COUNT], 95thPercentileLatency(ns), 38
[THREAD_COUNT], 99thPercentileLatency(ns), 38
[SYS_LOAD_AVG], Operations, 11
[SYS_LOAD_AVG], AverageLatency(ns), 13.545454545454545
[SYS_LOAD_AVG], MinLatency(ns), 11
[SYS_LOAD_AVG], MaxLatency(ns), 17
[SYS_LOAD_AVG], 95thPercentileLatency(ns), 16
[SYS_LOAD_AVG], 99thPercentileLatency(ns), 17
[LOAD], Operations, 32
[LOAD], AverageLatency(ns), 1.693611008E10
[LOAD], MinLatency(ns), 16197877760
[LOAD], MaxLatency(ns), 17107845119
[LOAD], 95thPercentileLatency(ns), 17091002367
[LOAD], 99thPercentileLatency(ns), 17107845119
[USED_MEM_MB], Operations, 11
[USED_MEM_MB], AverageLatency(ns), 9276.727272727272
[USED_MEM_MB], MinLatency(ns), 92
[USED_MEM_MB], MaxLatency(ns), 14010
[USED_MEM_MB], 95thPercentileLatency(ns), 13114
[USED_MEM_MB], 99thPercentileLatency(ns), 14010
[MAIN_GCs_Count], Operations, 32
[MAIN_GCs_Count], AverageLatency(ns), 9.0
[MAIN_GCs_Count], MinLatency(ns), 9
[MAIN_GCs_Count], MaxLatency(ns), 9
[MAIN_GCs_Count], 95thPercentileLatency(ns), 9
[MAIN_GCs_Count], 99thPercentileLatency(ns), 9
[MAIN_GCs_Time(ms)], Operations, 32
[MAIN_GCs_Time(ms)], AverageLatency(ns), 757.0
[MAIN_GCs_Time(ms)], MinLatency(ns), 757
[MAIN_GCs_Time(ms)], MaxLatency(ns), 757
[MAIN_GCs_Time(ms)], 95thPercentileLatency(ns), 757
[MAIN_GCs_Time(ms)], 99thPercentileLatency(ns), 757
[TRANSACTION], Operations, 32
[TRANSACTION], AverageLatency(ns), 7.4767499264E10
[TRANSACTION], MinLatency(ns), 74111778816
[TRANSACTION], MaxLatency(ns), 74955358207
[TRANSACTION], 95thPercentileLatency(ns), 74928095231
[TRANSACTION], 99thPercentileLatency(ns), 74955358207
[GCS_TIME], Operations, 11
[GCS_TIME], AverageLatency(ns), 245.63636363636363
[GCS_TIME], MinLatency(ns), 0
[GCS_TIME], MaxLatency(ns), 1025
[GCS_TIME], 95thPercentileLatency(ns), 1004
[GCS_TIME], 99thPercentileLatency(ns), 1025
[LOAD_GCs_Time(ms)], Operations, 32
[LOAD_GCs_Time(ms)], AverageLatency(ns), 1906.9375
[LOAD_GCs_Time(ms)], MinLatency(ns), 1741
[LOAD_GCs_Time(ms)], MaxLatency(ns), 1918
[LOAD_GCs_Time(ms)], 95thPercentileLatency(ns), 1918
[LOAD_GCs_Time(ms)], 99thPercentileLatency(ns), 1918
[READ], Operations, 60000000
[READ], AverageLatency(ns), 36615.11748183333
[READ], MinLatency(ns), 409
[READ], MaxLatency(ns), 89422335
[READ], 95thPercentileLatency(ns), 269713
[READ], 99thPercentileLatency(ns), 302421
[READ], Return=OK, 60000000
[INIT], Operations, 32
[INIT], AverageLatency(ns), 1.647406848E9
[INIT], MinLatency(ns), 1640448000
[INIT], MaxLatency(ns), 1654611967
[INIT], 95thPercentileLatency(ns), 1653227519
[INIT], 99thPercentileLatency(ns), 1654611967
[GCS], Operations, 11
[GCS], AverageLatency(ns), 3.090909090909091
[GCS], MinLatency(ns), 0
[GCS], MaxLatency(ns), 19
[GCS], 95thPercentileLatency(ns), 7
[GCS], 99thPercentileLatency(ns), 19
[LOAD_GCs_Count], Operations, 32
[LOAD_GCs_Count], AverageLatency(ns), 22.9375
[LOAD_GCs_Count], MinLatency(ns), 22
[LOAD_GCs_Count], MaxLatency(ns), 23
[LOAD_GCs_Count], 95thPercentileLatency(ns), 23
[LOAD_GCs_Count], 99thPercentileLatency(ns), 23
[CLEANUP], Operations, 32
[CLEANUP], AverageLatency(ns), 1.951730295E8
[CLEANUP], MinLatency(ns), 8286528
[CLEANUP], MaxLatency(ns), 828858367
[CLEANUP], 95thPercentileLatency(ns), 395362303
[CLEANUP], 99thPercentileLatency(ns), 828858367
[INSERT], Operations, 1000000
[INSERT], AverageLatency(ns), 205908.589493
[INSERT], MinLatency(ns), 5185
[INSERT], MaxLatency(ns), 200236031
[INSERT], 95thPercentileLatency(ns), 198570
[INSERT], 99thPercentileLatency(ns), 4011615
[INSERT], Return=OK, 1000000
