/home/anatole/jdk8u/build/linux-x86_64-normal-server-release/jdk/bin/java -Xmx20g -XX:+UseG1GC -classpath /home/anatole/ycsb/conf:/home/anatole/ycsb/core/target/core-0.18.0-SNAPSHOT.jar:/home/anatole/ycsb/core/target/dependency/HdrHistogram-2.1.4.jar:/home/anatole/ycsb/core/target/dependency/guava-18.0.jar:/home/anatole/ycsb/core/target/dependency/htrace-core4-4.1.0-incubating.jar:/home/anatole/ycsb/core/target/dependency/jackson-core-asl-1.9.4.jar:/home/anatole/ycsb/core/target/dependency/jackson-mapper-asl-1.9.4.jar:/home/anatole/ycsb/core/target/dependency/javax.persistence-api-2.2.jar:/home/anatole/ycsb/core/target/dependency/jnvm-1.0-SNAPSHOT.jar:/home/anatole/ycsb/core/target/dependency/pcj-1.0.jar:/home/anatole/ycsb/core/target/dependency/unsafe-helper-1.0.jar:/home/anatole/ycsb/infinispan/src/main/conf:/home/anatole/ycsb/infinispan/target/infinispan-binding-0.18.0-SNAPSHOT.jar:/home/anatole/ycsb/infinispan/target/dependency/caffeine-2.6.2.jar:/home/anatole/ycsb/infinispan/target/dependency/gson-2.8.2.jar:/home/anatole/ycsb/infinispan/target/dependency/guava-18.0.jar:/home/anatole/ycsb/infinispan/target/dependency/infinispan-cachestore-jnvm-1.0-SNAPSHOT.jar:/home/anatole/ycsb/infinispan/target/dependency/infinispan-cachestore-pcj-1.0-SNAPSHOT.jar:/home/anatole/ycsb/infinispan/target/dependency/infinispan-client-hotrod-9.4.20.Final.jar:/home/anatole/ycsb/infinispan/target/dependency/infinispan-commons-9.4.20.Final.jar:/home/anatole/ycsb/infinispan/target/dependency/infinispan-core-9.4.20.Final.jar:/home/anatole/ycsb/infinispan/target/dependency/javax.persistence-api-2.2.jar:/home/anatole/ycsb/infinispan/target/dependency/jboss-logging-3.3.2.Final.jar:/home/anatole/ycsb/infinispan/target/dependency/jboss-marshalling-osgi-2.0.6.Final.jar:/home/anatole/ycsb/infinispan/target/dependency/jboss-transaction-api_1.2_spec-1.1.1.Final.jar:/home/anatole/ycsb/infinispan/target/dependency/jgroups-4.0.21.Final.jar:/home/anatole/ycsb/infinispan/target/dependency/jnvm-1.0-SNAPSHOT.jar:/home/anatole/ycsb/infinispan/target/dependency/metainf-services-1.7.jar:/home/anatole/ycsb/infinispan/target/dependency/netty-buffer-4.1.51.Final.jar:/home/anatole/ycsb/infinispan/target/dependency/netty-codec-4.1.51.Final.jar:/home/anatole/ycsb/infinispan/target/dependency/netty-common-4.1.51.Final.jar:/home/anatole/ycsb/infinispan/target/dependency/netty-handler-4.1.51.Final.jar:/home/anatole/ycsb/infinispan/target/dependency/netty-resolver-4.1.51.Final.jar:/home/anatole/ycsb/infinispan/target/dependency/netty-transport-4.1.51.Final.jar:/home/anatole/ycsb/infinispan/target/dependency/netty-transport-native-epoll-4.1.51.Final-linux-x86_64.jar:/home/anatole/ycsb/infinispan/target/dependency/netty-transport-native-unix-common-4.1.51.Final.jar:/home/anatole/ycsb/infinispan/target/dependency/pcj-1.0.jar:/home/anatole/ycsb/infinispan/target/dependency/reactive-streams-1.0.2.jar:/home/anatole/ycsb/infinispan/target/dependency/rxjava-2.2.4.jar:/home/anatole/ycsb/infinispan/target/dependency/unsafe-helper-1.0.jar site.ycsb.Client -t -db site.ycsb.db.InfinispanClient -P ../workloads/workloada -preload -s -threads 36 -p dataintegrity=true -p offheap=false -p pcj=false -p recordcount=1000000 -p operationcount=60000000 -p fieldcount=10 -p fieldlength=100 -p requestdistribution=zipfian -p measurement.trackjvm=true -p measurementtype=hdrhistogram -p hdrhistogram.output.path=./out/exp5.concurrent.ref/log/infinispan.run.workloada.true.1000000.1000000.10.100.zipfian.36.true..default.default.none.r5.hdr.log
[OVERALL], RunTime(ms), 73171
[OVERALL], Throughput(ops/sec), 833663.609900097
[TOTAL_GCS_G1_Young_Generation], Count, 181
[TOTAL_GC_TIME_G1_Young_Generation], Time(ms), 28543
[TOTAL_GC_TIME_%_G1_Young_Generation], Time(%), 39.008623635046675
[TOTAL_GCS_G1_Old_Generation], Count, 0
[TOTAL_GC_TIME_G1_Old_Generation], Time(ms), 0
[TOTAL_GC_TIME_%_G1_Old_Generation], Time(%), 0.0
[TOTAL_GCs], Count, 181
[TOTAL_GC_TIME], Time(ms), 28543
[TOTAL_GC_TIME_%], Time(%), 39.008623635046675
[MAX_MEM_USED], MBs, 10072
[MIN_MEM_USED], MBs, 96
[MAX_THREADS], Count, 68
[MIN_THREADS], Count, 4
[MAX_SYS_LOAD_AVG], Load, 25.95
[MIN_SYS_LOAD_AVG], Load, 23.02
[THREAD_COUNT], Operations, 9
[THREAD_COUNT], AverageLatency(ns), 57.55555555555556
[THREAD_COUNT], MinLatency(ns), 4
[THREAD_COUNT], MaxLatency(ns), 68
[THREAD_COUNT], 95thPercentileLatency(ns), 68
[THREAD_COUNT], 99thPercentileLatency(ns), 68
[SYS_LOAD_AVG], Operations, 9
[SYS_LOAD_AVG], AverageLatency(ns), 24.0
[SYS_LOAD_AVG], MinLatency(ns), 23
[SYS_LOAD_AVG], MaxLatency(ns), 25
[SYS_LOAD_AVG], 95thPercentileLatency(ns), 25
[SYS_LOAD_AVG], 99thPercentileLatency(ns), 25
[LOAD], Operations, 36
[LOAD], AverageLatency(ns), 7.081362318222222E9
[LOAD], MinLatency(ns), 5907251200
[LOAD], MaxLatency(ns), 7552991231
[LOAD], 95thPercentileLatency(ns), 7537655807
[LOAD], 99thPercentileLatency(ns), 7552991231
[USED_MEM_MB], Operations, 9
[USED_MEM_MB], AverageLatency(ns), 7189.222222222223
[USED_MEM_MB], MinLatency(ns), 96
[USED_MEM_MB], MaxLatency(ns), 10072
[USED_MEM_MB], 95thPercentileLatency(ns), 10072
[USED_MEM_MB], 99thPercentileLatency(ns), 10072
[MAIN_GCs_Count], Operations, 36
[MAIN_GCs_Count], AverageLatency(ns), 154.38888888888889
[MAIN_GCs_Count], MinLatency(ns), 150
[MAIN_GCs_Count], MaxLatency(ns), 155
[MAIN_GCs_Count], 95thPercentileLatency(ns), 155
[MAIN_GCs_Count], 99thPercentileLatency(ns), 155
[MAIN_GCs_Time(ms)], Operations, 36
[MAIN_GCs_Time(ms)], AverageLatency(ns), 26271.055555555555
[MAIN_GCs_Time(ms)], MinLatency(ns), 25752
[MAIN_GCs_Time(ms)], MaxLatency(ns), 26359
[MAIN_GCs_Time(ms)], 95thPercentileLatency(ns), 26359
[MAIN_GCs_Time(ms)], 99thPercentileLatency(ns), 26359
[TRANSACTION], Operations, 36
[TRANSACTION], AverageLatency(ns), 6.3604785152E10
[TRANSACTION], MinLatency(ns), 61774233600
[TRANSACTION], MaxLatency(ns), 64289767423
[TRANSACTION], 95thPercentileLatency(ns), 63934038015
[TRANSACTION], 99thPercentileLatency(ns), 64289767423
[GCS_TIME], Operations, 9
[GCS_TIME], AverageLatency(ns), 3171.4444444444443
[GCS_TIME], MinLatency(ns), 0
[GCS_TIME], MaxLatency(ns), 5110
[GCS_TIME], 95thPercentileLatency(ns), 5110
[GCS_TIME], 99thPercentileLatency(ns), 5110
[LOAD_GCs_Time(ms)], Operations, 36
[LOAD_GCs_Time(ms)], AverageLatency(ns), 1929.7777777777778
[LOAD_GCs_Time(ms)], MinLatency(ns), 1504
[LOAD_GCs_Time(ms)], MaxLatency(ns), 2153
[LOAD_GCs_Time(ms)], 95thPercentileLatency(ns), 2153
[LOAD_GCs_Time(ms)], 99thPercentileLatency(ns), 2153
[READ], Operations, 29996923
[READ], AverageLatency(ns), 28429.78079701708
[READ], MinLatency(ns), 201
[READ], MaxLatency(ns), 1210531839
[READ], 95thPercentileLatency(ns), 149818
[READ], 99thPercentileLatency(ns), 184044
[READ], Return=OK, 29996923
[INIT], Operations, 36
[INIT], AverageLatency(ns), 6.065359075555556E8
[INIT], MinLatency(ns), 597385216
[INIT], MaxLatency(ns), 630325247
[INIT], 95thPercentileLatency(ns), 618954751
[INIT], 99thPercentileLatency(ns), 630325247
[GCS], Operations, 9
[GCS], AverageLatency(ns), 20.11111111111111
[GCS], MinLatency(ns), 0
[GCS], MaxLatency(ns), 37
[GCS], 95thPercentileLatency(ns), 37
[GCS], 99thPercentileLatency(ns), 37
[LOAD_GCs_Count], Operations, 36
[LOAD_GCs_Count], AverageLatency(ns), 22.63888888888889
[LOAD_GCs_Count], MinLatency(ns), 20
[LOAD_GCs_Count], MaxLatency(ns), 24
[LOAD_GCs_Count], 95thPercentileLatency(ns), 24
[LOAD_GCs_Count], 99thPercentileLatency(ns), 24
[CLEANUP], Operations, 36
[CLEANUP], AverageLatency(ns), 1.1712024177777777E9
[CLEANUP], MinLatency(ns), 490143744
[CLEANUP], MaxLatency(ns), 2876047359
[CLEANUP], 95thPercentileLatency(ns), 2269151231
[CLEANUP], 99thPercentileLatency(ns), 2876047359
[INSERT], Operations, 1000000
[INSERT], AverageLatency(ns), 136751.851792
[INSERT], MinLatency(ns), 1753
[INSERT], MaxLatency(ns), 418490367
[INSERT], 95thPercentileLatency(ns), 102626
[INSERT], 99thPercentileLatency(ns), 490345
[INSERT], Return=OK, 1000000
[UPDATE], Operations, 30003077
[UPDATE], AverageLatency(ns), 38471.8183503312
[UPDATE], MinLatency(ns), 1391
[UPDATE], MaxLatency(ns), 1210548223
[UPDATE], 95thPercentileLatency(ns), 153551
[UPDATE], 99thPercentileLatency(ns), 189922
[UPDATE], Return=OK, 30003077
