/home/anatole/jdk8u/build/linux-x86_64-normal-server-release/jdk/bin/java -Xmx20g -XX:+UseG1GC -classpath /home/anatole/ycsb/conf:/home/anatole/ycsb/core/target/core-0.18.0-SNAPSHOT.jar:/home/anatole/ycsb/core/target/dependency/HdrHistogram-2.1.4.jar:/home/anatole/ycsb/core/target/dependency/guava-18.0.jar:/home/anatole/ycsb/core/target/dependency/htrace-core4-4.1.0-incubating.jar:/home/anatole/ycsb/core/target/dependency/jackson-core-asl-1.9.4.jar:/home/anatole/ycsb/core/target/dependency/jackson-mapper-asl-1.9.4.jar:/home/anatole/ycsb/core/target/dependency/javax.persistence-api-2.2.jar:/home/anatole/ycsb/core/target/dependency/jnvm-1.0-SNAPSHOT.jar:/home/anatole/ycsb/core/target/dependency/pcj-1.0.jar:/home/anatole/ycsb/core/target/dependency/unsafe-helper-1.0.jar:/home/anatole/ycsb/infinispan/src/main/conf:/home/anatole/ycsb/infinispan/target/infinispan-binding-0.18.0-SNAPSHOT.jar:/home/anatole/ycsb/infinispan/target/dependency/caffeine-2.6.2.jar:/home/anatole/ycsb/infinispan/target/dependency/gson-2.8.2.jar:/home/anatole/ycsb/infinispan/target/dependency/guava-18.0.jar:/home/anatole/ycsb/infinispan/target/dependency/infinispan-cachestore-jnvm-1.0-SNAPSHOT.jar:/home/anatole/ycsb/infinispan/target/dependency/infinispan-cachestore-pcj-1.0-SNAPSHOT.jar:/home/anatole/ycsb/infinispan/target/dependency/infinispan-client-hotrod-9.4.20.Final.jar:/home/anatole/ycsb/infinispan/target/dependency/infinispan-commons-9.4.20.Final.jar:/home/anatole/ycsb/infinispan/target/dependency/infinispan-core-9.4.20.Final.jar:/home/anatole/ycsb/infinispan/target/dependency/javax.persistence-api-2.2.jar:/home/anatole/ycsb/infinispan/target/dependency/jboss-logging-3.3.2.Final.jar:/home/anatole/ycsb/infinispan/target/dependency/jboss-marshalling-osgi-2.0.6.Final.jar:/home/anatole/ycsb/infinispan/target/dependency/jboss-transaction-api_1.2_spec-1.1.1.Final.jar:/home/anatole/ycsb/infinispan/target/dependency/jgroups-4.0.21.Final.jar:/home/anatole/ycsb/infinispan/target/dependency/jnvm-1.0-SNAPSHOT.jar:/home/anatole/ycsb/infinispan/target/dependency/metainf-services-1.7.jar:/home/anatole/ycsb/infinispan/target/dependency/netty-buffer-4.1.51.Final.jar:/home/anatole/ycsb/infinispan/target/dependency/netty-codec-4.1.51.Final.jar:/home/anatole/ycsb/infinispan/target/dependency/netty-common-4.1.51.Final.jar:/home/anatole/ycsb/infinispan/target/dependency/netty-handler-4.1.51.Final.jar:/home/anatole/ycsb/infinispan/target/dependency/netty-resolver-4.1.51.Final.jar:/home/anatole/ycsb/infinispan/target/dependency/netty-transport-4.1.51.Final.jar:/home/anatole/ycsb/infinispan/target/dependency/netty-transport-native-epoll-4.1.51.Final-linux-x86_64.jar:/home/anatole/ycsb/infinispan/target/dependency/netty-transport-native-unix-common-4.1.51.Final.jar:/home/anatole/ycsb/infinispan/target/dependency/pcj-1.0.jar:/home/anatole/ycsb/infinispan/target/dependency/reactive-streams-1.0.2.jar:/home/anatole/ycsb/infinispan/target/dependency/rxjava-2.2.4.jar:/home/anatole/ycsb/infinispan/target/dependency/unsafe-helper-1.0.jar site.ycsb.Client -t -db site.ycsb.db.InfinispanClient -P ../workloads/workloadc -preload -s -threads 1 -p dataintegrity=true -p offheap=false -p pcj=false -p recordcount=1000000 -p operationcount=6000000 -p fieldcount=10 -p fieldlength=100 -p requestdistribution=zipfian -p measurement.trackjvm=true -p measurementtype=hdrhistogram -p hdrhistogram.output.path=./out/exp5.concurrent.ref/log/infinispan.run.workloadc.true.1000000.1000000.10.100.zipfian.1.false.true.default.default.volatile.r6.hdr.log
[OVERALL], RunTime(ms), 22746
[OVERALL], Throughput(ops/sec), 307746.4169524312
[TOTAL_GCS_G1_Young_Generation], Count, 29
[TOTAL_GC_TIME_G1_Young_Generation], Time(ms), 2369
[TOTAL_GC_TIME_%_G1_Young_Generation], Time(%), 10.415018025147278
[TOTAL_GCS_G1_Old_Generation], Count, 0
[TOTAL_GC_TIME_G1_Old_Generation], Time(ms), 0
[TOTAL_GC_TIME_%_G1_Old_Generation], Time(%), 0.0
[TOTAL_GCs], Count, 29
[TOTAL_GC_TIME], Time(ms), 2369
[TOTAL_GC_TIME_%], Time(%), 10.415018025147278
[MAX_MEM_USED], MBs, 6658
[MIN_MEM_USED], MBs, 52
[MAX_THREADS], Count, 6
[MIN_THREADS], Count, 3
[MAX_SYS_LOAD_AVG], Load, 5.29
[MIN_SYS_LOAD_AVG], Load, 4.06
[THREAD_COUNT], Operations, 4
[THREAD_COUNT], AverageLatency(ns), 4.75
[THREAD_COUNT], MinLatency(ns), 3
[THREAD_COUNT], MaxLatency(ns), 6
[THREAD_COUNT], 95thPercentileLatency(ns), 6
[THREAD_COUNT], 99thPercentileLatency(ns), 6
[SYS_LOAD_AVG], Operations, 4
[SYS_LOAD_AVG], AverageLatency(ns), 4.25
[SYS_LOAD_AVG], MinLatency(ns), 4
[SYS_LOAD_AVG], MaxLatency(ns), 5
[SYS_LOAD_AVG], 95thPercentileLatency(ns), 5
[SYS_LOAD_AVG], 99thPercentileLatency(ns), 5
[LOAD], Operations, 1
[LOAD], AverageLatency(ns), 1.3489700864E10
[LOAD], MinLatency(ns), 13489668096
[LOAD], MaxLatency(ns), 13489733631
[LOAD], 95thPercentileLatency(ns), 13489733631
[LOAD], 99thPercentileLatency(ns), 13489733631
[USED_MEM_MB], Operations, 4
[USED_MEM_MB], AverageLatency(ns), 4038.0
[USED_MEM_MB], MinLatency(ns), 52
[USED_MEM_MB], MaxLatency(ns), 6658
[USED_MEM_MB], 95thPercentileLatency(ns), 6658
[USED_MEM_MB], 99thPercentileLatency(ns), 6658
[MAIN_GCs_Count], Operations, 1
[MAIN_GCs_Count], AverageLatency(ns), 2.0
[MAIN_GCs_Count], MinLatency(ns), 2
[MAIN_GCs_Count], MaxLatency(ns), 2
[MAIN_GCs_Count], 95thPercentileLatency(ns), 2
[MAIN_GCs_Count], 99thPercentileLatency(ns), 2
[MAIN_GCs_Time(ms)], Operations, 1
[MAIN_GCs_Time(ms)], AverageLatency(ns), 176.0
[MAIN_GCs_Time(ms)], MinLatency(ns), 176
[MAIN_GCs_Time(ms)], MaxLatency(ns), 176
[MAIN_GCs_Time(ms)], 95thPercentileLatency(ns), 176
[MAIN_GCs_Time(ms)], 99thPercentileLatency(ns), 176
[TRANSACTION], Operations, 1
[TRANSACTION], AverageLatency(ns), 8.067497984E9
[TRANSACTION], MinLatency(ns), 8067481600
[TRANSACTION], MaxLatency(ns), 8067514367
[TRANSACTION], 95thPercentileLatency(ns), 8067514367
[TRANSACTION], 99thPercentileLatency(ns), 8067514367
[GCS_TIME], Operations, 4
[GCS_TIME], AverageLatency(ns), 574.25
[GCS_TIME], MinLatency(ns), 0
[GCS_TIME], MaxLatency(ns), 1466
[GCS_TIME], 95thPercentileLatency(ns), 1466
[GCS_TIME], 99thPercentileLatency(ns), 1466
[LOAD_GCs_Time(ms)], Operations, 1
[LOAD_GCs_Time(ms)], AverageLatency(ns), 2096.0
[LOAD_GCs_Time(ms)], MinLatency(ns), 2096
[LOAD_GCs_Time(ms)], MaxLatency(ns), 2096
[LOAD_GCs_Time(ms)], 95thPercentileLatency(ns), 2096
[LOAD_GCs_Time(ms)], 99thPercentileLatency(ns), 2096
[READ], Operations, 6000000
[READ], AverageLatency(ns), 704.54394
[READ], MinLatency(ns), 164
[READ], MaxLatency(ns), 1583351
[READ], 95thPercentileLatency(ns), 3146
[READ], 99thPercentileLatency(ns), 4031
[READ], Return=OK, 6000000
[INIT], Operations, 1
[INIT], AverageLatency(ns), 5.96498432E8
[INIT], MinLatency(ns), 596496384
[INIT], MaxLatency(ns), 596500479
[INIT], 95thPercentileLatency(ns), 596500479
[INIT], 99thPercentileLatency(ns), 596500479
[GCS], Operations, 4
[GCS], AverageLatency(ns), 7.0
[GCS], MinLatency(ns), 0
[GCS], MaxLatency(ns), 22
[GCS], 95thPercentileLatency(ns), 22
[GCS], 99thPercentileLatency(ns), 22
[LOAD_GCs_Count], Operations, 1
[LOAD_GCs_Count], AverageLatency(ns), 25.0
[LOAD_GCs_Count], MinLatency(ns), 25
[LOAD_GCs_Count], MaxLatency(ns), 25
[LOAD_GCs_Count], 95thPercentileLatency(ns), 25
[LOAD_GCs_Count], 99thPercentileLatency(ns), 25
[CLEANUP], Operations, 1
[CLEANUP], AverageLatency(ns), 5.21389056E8
[CLEANUP], MinLatency(ns), 521388032
[CLEANUP], MaxLatency(ns), 521390079
[CLEANUP], 95thPercentileLatency(ns), 521390079
[CLEANUP], 99thPercentileLatency(ns), 521390079
[INSERT], Operations, 1000000
[INSERT], AverageLatency(ns), 2442.138957
[INSERT], MinLatency(ns), 1225
[INSERT], MaxLatency(ns), 164006911
[INSERT], 95thPercentileLatency(ns), 2037
[INSERT], 99thPercentileLatency(ns), 3853
[INSERT], Return=OK, 1000000
