/home/anatole/jdk8u/build/linux-x86_64-normal-server-release/jdk/bin/java -Xmx20g -XX:+UseG1GC -classpath /home/anatole/ycsb/conf:/home/anatole/ycsb/core/target/core-0.18.0-SNAPSHOT.jar:/home/anatole/ycsb/core/target/dependency/HdrHistogram-2.1.4.jar:/home/anatole/ycsb/core/target/dependency/guava-18.0.jar:/home/anatole/ycsb/core/target/dependency/htrace-core4-4.1.0-incubating.jar:/home/anatole/ycsb/core/target/dependency/jackson-core-asl-1.9.4.jar:/home/anatole/ycsb/core/target/dependency/jackson-mapper-asl-1.9.4.jar:/home/anatole/ycsb/core/target/dependency/javax.persistence-api-2.2.jar:/home/anatole/ycsb/core/target/dependency/jnvm-1.0-SNAPSHOT.jar:/home/anatole/ycsb/core/target/dependency/pcj-1.0.jar:/home/anatole/ycsb/core/target/dependency/unsafe-helper-1.0.jar:/home/anatole/ycsb/infinispan/src/main/conf:/home/anatole/ycsb/infinispan/target/infinispan-binding-0.18.0-SNAPSHOT.jar:/home/anatole/ycsb/infinispan/target/dependency/caffeine-2.6.2.jar:/home/anatole/ycsb/infinispan/target/dependency/gson-2.8.2.jar:/home/anatole/ycsb/infinispan/target/dependency/guava-18.0.jar:/home/anatole/ycsb/infinispan/target/dependency/infinispan-cachestore-jnvm-1.0-SNAPSHOT.jar:/home/anatole/ycsb/infinispan/target/dependency/infinispan-cachestore-pcj-1.0-SNAPSHOT.jar:/home/anatole/ycsb/infinispan/target/dependency/infinispan-client-hotrod-9.4.20.Final.jar:/home/anatole/ycsb/infinispan/target/dependency/infinispan-commons-9.4.20.Final.jar:/home/anatole/ycsb/infinispan/target/dependency/infinispan-core-9.4.20.Final.jar:/home/anatole/ycsb/infinispan/target/dependency/javax.persistence-api-2.2.jar:/home/anatole/ycsb/infinispan/target/dependency/jboss-logging-3.3.2.Final.jar:/home/anatole/ycsb/infinispan/target/dependency/jboss-marshalling-osgi-2.0.6.Final.jar:/home/anatole/ycsb/infinispan/target/dependency/jboss-transaction-api_1.2_spec-1.1.1.Final.jar:/home/anatole/ycsb/infinispan/target/dependency/jgroups-4.0.21.Final.jar:/home/anatole/ycsb/infinispan/target/dependency/jnvm-1.0-SNAPSHOT.jar:/home/anatole/ycsb/infinispan/target/dependency/metainf-services-1.7.jar:/home/anatole/ycsb/infinispan/target/dependency/netty-buffer-4.1.51.Final.jar:/home/anatole/ycsb/infinispan/target/dependency/netty-codec-4.1.51.Final.jar:/home/anatole/ycsb/infinispan/target/dependency/netty-common-4.1.51.Final.jar:/home/anatole/ycsb/infinispan/target/dependency/netty-handler-4.1.51.Final.jar:/home/anatole/ycsb/infinispan/target/dependency/netty-resolver-4.1.51.Final.jar:/home/anatole/ycsb/infinispan/target/dependency/netty-transport-4.1.51.Final.jar:/home/anatole/ycsb/infinispan/target/dependency/netty-transport-native-epoll-4.1.51.Final-linux-x86_64.jar:/home/anatole/ycsb/infinispan/target/dependency/netty-transport-native-unix-common-4.1.51.Final.jar:/home/anatole/ycsb/infinispan/target/dependency/pcj-1.0.jar:/home/anatole/ycsb/infinispan/target/dependency/reactive-streams-1.0.2.jar:/home/anatole/ycsb/infinispan/target/dependency/rxjava-2.2.4.jar:/home/anatole/ycsb/infinispan/target/dependency/unsafe-helper-1.0.jar site.ycsb.Client -t -db site.ycsb.db.InfinispanClient -P ../workloads/workloada -preload -s -threads 40 -p dataintegrity=true -p offheap=false -p pcj=false -p recordcount=1000000 -p operationcount=60000000 -p fieldcount=10 -p fieldlength=100 -p requestdistribution=zipfian -p measurement.trackjvm=true -p measurementtype=hdrhistogram -p hdrhistogram.output.path=./out/exp5.concurrent.ref/log/infinispan.run.workloada.true.1000000.100000.10.100.zipfian.40.false..default.default.none.r5.hdr.log
[OVERALL], RunTime(ms), 419293
[OVERALL], Throughput(ops/sec), 145482.99160730085
[TOTAL_GCS_G1_Young_Generation], Count, 186
[TOTAL_GC_TIME_G1_Young_Generation], Time(ms), 25017
[TOTAL_GC_TIME_%_G1_Young_Generation], Time(%), 5.966472132852206
[TOTAL_GCS_G1_Old_Generation], Count, 0
[TOTAL_GC_TIME_G1_Old_Generation], Time(ms), 0
[TOTAL_GC_TIME_%_G1_Old_Generation], Time(%), 0.0
[TOTAL_GCs], Count, 186
[TOTAL_GC_TIME], Time(ms), 25017
[TOTAL_GC_TIME_%], Time(%), 5.966472132852206
[MAX_MEM_USED], MBs, 12651
[MIN_MEM_USED], MBs, 102
[MAX_THREADS], Count, 72
[MIN_THREADS], Count, 2
[MAX_SYS_LOAD_AVG], Load, 31.02
[MIN_SYS_LOAD_AVG], Load, 24.28
[THREAD_COUNT], Operations, 43
[THREAD_COUNT], AverageLatency(ns), 67.67441860465117
[THREAD_COUNT], MinLatency(ns), 2
[THREAD_COUNT], MaxLatency(ns), 72
[THREAD_COUNT], 95thPercentileLatency(ns), 72
[THREAD_COUNT], 99thPercentileLatency(ns), 72
[SYS_LOAD_AVG], Operations, 43
[SYS_LOAD_AVG], AverageLatency(ns), 26.837209302325583
[SYS_LOAD_AVG], MinLatency(ns), 24
[SYS_LOAD_AVG], MaxLatency(ns), 31
[SYS_LOAD_AVG], 95thPercentileLatency(ns), 29
[SYS_LOAD_AVG], 99thPercentileLatency(ns), 31
[LOAD], Operations, 40
[LOAD], AverageLatency(ns), 1.30720612352E10
[LOAD], MinLatency(ns), 10868555776
[LOAD], MaxLatency(ns), 14308737023
[LOAD], 95thPercentileLatency(ns), 14000586751
[LOAD], 99thPercentileLatency(ns), 14308737023
[USED_MEM_MB], Operations, 43
[USED_MEM_MB], AverageLatency(ns), 6174.46511627907
[USED_MEM_MB], MinLatency(ns), 102
[USED_MEM_MB], MaxLatency(ns), 12651
[USED_MEM_MB], 95thPercentileLatency(ns), 10311
[USED_MEM_MB], 99thPercentileLatency(ns), 12651
[MAIN_GCs_Count], Operations, 40
[MAIN_GCs_Count], AverageLatency(ns), 166.975
[MAIN_GCs_Count], MinLatency(ns), 166
[MAIN_GCs_Count], MaxLatency(ns), 167
[MAIN_GCs_Count], 95thPercentileLatency(ns), 167
[MAIN_GCs_Count], 99thPercentileLatency(ns), 167
[MAIN_GCs_Time(ms)], Operations, 40
[MAIN_GCs_Time(ms)], AverageLatency(ns), 24196.075
[MAIN_GCs_Time(ms)], MinLatency(ns), 24043
[MAIN_GCs_Time(ms)], MaxLatency(ns), 24200
[MAIN_GCs_Time(ms)], 95thPercentileLatency(ns), 24200
[MAIN_GCs_Time(ms)], 99thPercentileLatency(ns), 24200
[TRANSACTION], Operations, 40
[TRANSACTION], AverageLatency(ns), 4.035695869952E11
[TRANSACTION], MinLatency(ns), 401900306432
[TRANSACTION], MaxLatency(ns), 404125384703
[TRANSACTION], 95thPercentileLatency(ns), 404100218879
[TRANSACTION], 99thPercentileLatency(ns), 404125384703
[GCS_TIME], Operations, 43
[GCS_TIME], AverageLatency(ns), 581.7906976744187
[GCS_TIME], MinLatency(ns), 0
[GCS_TIME], MaxLatency(ns), 816
[GCS_TIME], 95thPercentileLatency(ns), 746
[GCS_TIME], 99thPercentileLatency(ns), 816
[LOAD_GCs_Time(ms)], Operations, 40
[LOAD_GCs_Time(ms)], AverageLatency(ns), 703.575
[LOAD_GCs_Time(ms)], MinLatency(ns), 628
[LOAD_GCs_Time(ms)], MaxLatency(ns), 789
[LOAD_GCs_Time(ms)], 95thPercentileLatency(ns), 706
[LOAD_GCs_Time(ms)], 99thPercentileLatency(ns), 789
[READ], Operations, 30003799
[READ], AverageLatency(ns), 201105.290876532
[READ], MinLatency(ns), 212
[READ], MaxLatency(ns), 233200639
[READ], 95thPercentileLatency(ns), 674743
[READ], 99thPercentileLatency(ns), 900259
[READ], Return=OK, 30003799
[INIT], Operations, 40
[INIT], AverageLatency(ns), 6.115457024E8
[INIT], MinLatency(ns), 601886720
[INIT], MaxLatency(ns), 638226431
[INIT], 95thPercentileLatency(ns), 636604415
[INIT], 99thPercentileLatency(ns), 638226431
[GCS], Operations, 43
[GCS], AverageLatency(ns), 4.325581395348837
[GCS], MinLatency(ns), 0
[GCS], MaxLatency(ns), 17
[GCS], 95thPercentileLatency(ns), 5
[GCS], 99thPercentileLatency(ns), 17
[LOAD_GCs_Count], Operations, 40
[LOAD_GCs_Count], AverageLatency(ns), 15.85
[LOAD_GCs_Count], MinLatency(ns), 14
[LOAD_GCs_Count], MaxLatency(ns), 17
[LOAD_GCs_Count], 95thPercentileLatency(ns), 16
[LOAD_GCs_Count], 99thPercentileLatency(ns), 17
[CLEANUP], Operations, 40
[CLEANUP], AverageLatency(ns), 6.35576288E8
[CLEANUP], MinLatency(ns), 81369088
[CLEANUP], MaxLatency(ns), 2287091711
[CLEANUP], 95thPercentileLatency(ns), 1611169791
[CLEANUP], 99thPercentileLatency(ns), 2287091711
[INSERT], Operations, 1000000
[INSERT], AverageLatency(ns), 505066.640631
[INSERT], MinLatency(ns), 23570
[INSERT], MaxLatency(ns), 1287651327
[INSERT], 95thPercentileLatency(ns), 551983
[INSERT], 99thPercentileLatency(ns), 796467
[INSERT], Return=OK, 1000000
[UPDATE], Operations, 29996201
[UPDATE], AverageLatency(ns), 329404.0298241434
[UPDATE], MinLatency(ns), 25260
[UPDATE], MaxLatency(ns), 233869311
[UPDATE], 95thPercentileLatency(ns), 818059
[UPDATE], 99thPercentileLatency(ns), 1072183
[UPDATE], Return=OK, 29996201
