/home/anatole/jdk8u/build/linux-x86_64-normal-server-release/jdk/bin/java -Xmx20g -XX:+UseG1GC -classpath /home/anatole/ycsb/conf:/home/anatole/ycsb/core/target/core-0.18.0-SNAPSHOT.jar:/home/anatole/ycsb/core/target/dependency/HdrHistogram-2.1.4.jar:/home/anatole/ycsb/core/target/dependency/guava-18.0.jar:/home/anatole/ycsb/core/target/dependency/htrace-core4-4.1.0-incubating.jar:/home/anatole/ycsb/core/target/dependency/jackson-core-asl-1.9.4.jar:/home/anatole/ycsb/core/target/dependency/jackson-mapper-asl-1.9.4.jar:/home/anatole/ycsb/core/target/dependency/javax.persistence-api-2.2.jar:/home/anatole/ycsb/core/target/dependency/jnvm-1.0-SNAPSHOT.jar:/home/anatole/ycsb/core/target/dependency/pcj-1.0.jar:/home/anatole/ycsb/core/target/dependency/unsafe-helper-1.0.jar:/home/anatole/ycsb/infinispan/src/main/conf:/home/anatole/ycsb/infinispan/target/infinispan-binding-0.18.0-SNAPSHOT.jar:/home/anatole/ycsb/infinispan/target/dependency/caffeine-2.6.2.jar:/home/anatole/ycsb/infinispan/target/dependency/gson-2.8.2.jar:/home/anatole/ycsb/infinispan/target/dependency/guava-18.0.jar:/home/anatole/ycsb/infinispan/target/dependency/infinispan-cachestore-jnvm-1.0-SNAPSHOT.jar:/home/anatole/ycsb/infinispan/target/dependency/infinispan-cachestore-pcj-1.0-SNAPSHOT.jar:/home/anatole/ycsb/infinispan/target/dependency/infinispan-client-hotrod-9.4.20.Final.jar:/home/anatole/ycsb/infinispan/target/dependency/infinispan-commons-9.4.20.Final.jar:/home/anatole/ycsb/infinispan/target/dependency/infinispan-core-9.4.20.Final.jar:/home/anatole/ycsb/infinispan/target/dependency/javax.persistence-api-2.2.jar:/home/anatole/ycsb/infinispan/target/dependency/jboss-logging-3.3.2.Final.jar:/home/anatole/ycsb/infinispan/target/dependency/jboss-marshalling-osgi-2.0.6.Final.jar:/home/anatole/ycsb/infinispan/target/dependency/jboss-transaction-api_1.2_spec-1.1.1.Final.jar:/home/anatole/ycsb/infinispan/target/dependency/jgroups-4.0.21.Final.jar:/home/anatole/ycsb/infinispan/target/dependency/jnvm-1.0-SNAPSHOT.jar:/home/anatole/ycsb/infinispan/target/dependency/metainf-services-1.7.jar:/home/anatole/ycsb/infinispan/target/dependency/netty-buffer-4.1.51.Final.jar:/home/anatole/ycsb/infinispan/target/dependency/netty-codec-4.1.51.Final.jar:/home/anatole/ycsb/infinispan/target/dependency/netty-common-4.1.51.Final.jar:/home/anatole/ycsb/infinispan/target/dependency/netty-handler-4.1.51.Final.jar:/home/anatole/ycsb/infinispan/target/dependency/netty-resolver-4.1.51.Final.jar:/home/anatole/ycsb/infinispan/target/dependency/netty-transport-4.1.51.Final.jar:/home/anatole/ycsb/infinispan/target/dependency/netty-transport-native-epoll-4.1.51.Final-linux-x86_64.jar:/home/anatole/ycsb/infinispan/target/dependency/netty-transport-native-unix-common-4.1.51.Final.jar:/home/anatole/ycsb/infinispan/target/dependency/pcj-1.0.jar:/home/anatole/ycsb/infinispan/target/dependency/reactive-streams-1.0.2.jar:/home/anatole/ycsb/infinispan/target/dependency/rxjava-2.2.4.jar:/home/anatole/ycsb/infinispan/target/dependency/unsafe-helper-1.0.jar site.ycsb.Client -t -db site.ycsb.db.InfinispanJNVMClient -P ../workloads/workloada -preload -s -threads 24 -p dataintegrity=true -p offheap=true -p pcj=false -p recordcount=1000000 -p operationcount=60000000 -p fieldcount=10 -p fieldlength=100 -p requestdistribution=zipfian -p measurement.trackjvm=true -p measurementtype=hdrhistogram -p hdrhistogram.output.path=./out/exp5.concurrent.ref/log/infinispan-jnvm.run.workloada.true.1000000.1.10.100.zipfian.24.false..default.default.none.r5.hdr.log
[OVERALL], RunTime(ms), 93649
[OVERALL], Throughput(ops/sec), 651368.4075644161
[TOTAL_GCS_G1_Young_Generation], Count, 174
[TOTAL_GC_TIME_G1_Young_Generation], Time(ms), 27779
[TOTAL_GC_TIME_%_G1_Young_Generation], Time(%), 29.66289015365888
[TOTAL_GCS_G1_Old_Generation], Count, 0
[TOTAL_GC_TIME_G1_Old_Generation], Time(ms), 0
[TOTAL_GC_TIME_%_G1_Old_Generation], Time(%), 0.0
[TOTAL_GCs], Count, 174
[TOTAL_GC_TIME], Time(ms), 27779
[TOTAL_GC_TIME_%], Time(%), 29.66289015365888
[MAX_MEM_USED], MBs, 7282
[MIN_MEM_USED], MBs, 80
[MAX_THREADS], Count, 30
[MIN_THREADS], Count, 3
[MAX_SYS_LOAD_AVG], Load, 21.16
[MIN_SYS_LOAD_AVG], Load, 17.92
[THREAD_COUNT], Operations, 11
[THREAD_COUNT], AverageLatency(ns), 27.0
[THREAD_COUNT], MinLatency(ns), 3
[THREAD_COUNT], MaxLatency(ns), 30
[THREAD_COUNT], 95thPercentileLatency(ns), 30
[THREAD_COUNT], 99thPercentileLatency(ns), 30
[SYS_LOAD_AVG], Operations, 11
[SYS_LOAD_AVG], AverageLatency(ns), 19.09090909090909
[SYS_LOAD_AVG], MinLatency(ns), 17
[SYS_LOAD_AVG], MaxLatency(ns), 21
[SYS_LOAD_AVG], 95thPercentileLatency(ns), 21
[SYS_LOAD_AVG], 99thPercentileLatency(ns), 21
[LOAD], Operations, 24
[LOAD], AverageLatency(ns), 1.6326604117333334E10
[LOAD], MinLatency(ns), 15908208640
[LOAD], MaxLatency(ns), 16548823039
[LOAD], 95thPercentileLatency(ns), 16525885439
[LOAD], 99thPercentileLatency(ns), 16548823039
[USED_MEM_MB], Operations, 11
[USED_MEM_MB], AverageLatency(ns), 5002.727272727273
[USED_MEM_MB], MinLatency(ns), 80
[USED_MEM_MB], MaxLatency(ns), 7282
[USED_MEM_MB], 95thPercentileLatency(ns), 7028
[USED_MEM_MB], 99thPercentileLatency(ns), 7282
[MAIN_GCs_Count], Operations, 24
[MAIN_GCs_Count], AverageLatency(ns), 146.625
[MAIN_GCs_Count], MinLatency(ns), 131
[MAIN_GCs_Count], MaxLatency(ns), 148
[MAIN_GCs_Count], 95thPercentileLatency(ns), 148
[MAIN_GCs_Count], 99thPercentileLatency(ns), 148
[MAIN_GCs_Time(ms)], Operations, 24
[MAIN_GCs_Time(ms)], AverageLatency(ns), 25487.625
[MAIN_GCs_Time(ms)], MinLatency(ns), 22686
[MAIN_GCs_Time(ms)], MaxLatency(ns), 25736
[MAIN_GCs_Time(ms)], 95thPercentileLatency(ns), 25736
[MAIN_GCs_Time(ms)], 99thPercentileLatency(ns), 25736
[TRANSACTION], Operations, 24
[TRANSACTION], AverageLatency(ns), 7.468649130666667E10
[TRANSACTION], MinLatency(ns), 66950791168
[TRANSACTION], MaxLatency(ns), 75276746751
[TRANSACTION], 95thPercentileLatency(ns), 75270979583
[TRANSACTION], 99thPercentileLatency(ns), 75276746751
[GCS_TIME], Operations, 11
[GCS_TIME], AverageLatency(ns), 2525.3636363636365
[GCS_TIME], MinLatency(ns), 0
[GCS_TIME], MaxLatency(ns), 3881
[GCS_TIME], 95thPercentileLatency(ns), 3638
[GCS_TIME], 99thPercentileLatency(ns), 3881
[LOAD_GCs_Time(ms)], Operations, 24
[LOAD_GCs_Time(ms)], AverageLatency(ns), 1947.6666666666667
[LOAD_GCs_Time(ms)], MinLatency(ns), 1819
[LOAD_GCs_Time(ms)], MaxLatency(ns), 2012
[LOAD_GCs_Time(ms)], 95thPercentileLatency(ns), 2012
[LOAD_GCs_Time(ms)], 99thPercentileLatency(ns), 2012
[READ], Operations, 30003782
[READ], AverageLatency(ns), 20296.717528310266
[READ], MinLatency(ns), 256
[READ], MaxLatency(ns), 241573887
[READ], 95thPercentileLatency(ns), 87926
[READ], 99thPercentileLatency(ns), 106721
[READ], Return=OK, 30003782
[INIT], Operations, 24
[INIT], AverageLatency(ns), 1.6172325546666667E9
[INIT], MinLatency(ns), 1611366400
[INIT], MaxLatency(ns), 1633337343
[INIT], 95thPercentileLatency(ns), 1633329151
[INIT], 99thPercentileLatency(ns), 1633337343
[GCS], Operations, 11
[GCS], AverageLatency(ns), 15.818181818181818
[GCS], MinLatency(ns), 0
[GCS], MaxLatency(ns), 22
[GCS], 95thPercentileLatency(ns), 21
[GCS], 99thPercentileLatency(ns), 22
[LOAD_GCs_Count], Operations, 24
[LOAD_GCs_Count], AverageLatency(ns), 23.666666666666668
[LOAD_GCs_Count], MinLatency(ns), 23
[LOAD_GCs_Count], MaxLatency(ns), 24
[LOAD_GCs_Count], 95thPercentileLatency(ns), 24
[LOAD_GCs_Count], 99thPercentileLatency(ns), 24
[CLEANUP], Operations, 24
[CLEANUP], AverageLatency(ns), 5.96717318E8
[CLEANUP], MinLatency(ns), 7690304
[CLEANUP], MaxLatency(ns), 8318255103
[CLEANUP], 95thPercentileLatency(ns), 796504063
[CLEANUP], 99thPercentileLatency(ns), 8318255103
[INSERT], Operations, 1000000
[INSERT], AverageLatency(ns), 148559.388286
[INSERT], MinLatency(ns), 5075
[INSERT], MaxLatency(ns), 198356991
[INSERT], 95thPercentileLatency(ns), 115184
[INSERT], 99thPercentileLatency(ns), 3509295
[INSERT], Return=OK, 1000000
[UPDATE], Operations, 29996218
[UPDATE], AverageLatency(ns), 25265.56332835026
[UPDATE], MinLatency(ns), 383
[UPDATE], MaxLatency(ns), 241504255
[UPDATE], 95thPercentileLatency(ns), 90611
[UPDATE], 99thPercentileLatency(ns), 109049
[UPDATE], Return=OK, 29996218
