/home/anatole/jdk8u/build/linux-x86_64-normal-server-release/jdk/bin/java -Xmx20g -XX:+UseG1GC -classpath /home/anatole/ycsb/conf:/home/anatole/ycsb/core/target/core-0.18.0-SNAPSHOT.jar:/home/anatole/ycsb/core/target/dependency/HdrHistogram-2.1.4.jar:/home/anatole/ycsb/core/target/dependency/guava-18.0.jar:/home/anatole/ycsb/core/target/dependency/htrace-core4-4.1.0-incubating.jar:/home/anatole/ycsb/core/target/dependency/jackson-core-asl-1.9.4.jar:/home/anatole/ycsb/core/target/dependency/jackson-mapper-asl-1.9.4.jar:/home/anatole/ycsb/core/target/dependency/javax.persistence-api-2.2.jar:/home/anatole/ycsb/core/target/dependency/jnvm-1.0-SNAPSHOT.jar:/home/anatole/ycsb/core/target/dependency/pcj-1.0.jar:/home/anatole/ycsb/core/target/dependency/unsafe-helper-1.0.jar:/home/anatole/ycsb/infinispan/src/main/conf:/home/anatole/ycsb/infinispan/target/infinispan-binding-0.18.0-SNAPSHOT.jar:/home/anatole/ycsb/infinispan/target/dependency/caffeine-2.6.2.jar:/home/anatole/ycsb/infinispan/target/dependency/gson-2.8.2.jar:/home/anatole/ycsb/infinispan/target/dependency/guava-18.0.jar:/home/anatole/ycsb/infinispan/target/dependency/infinispan-cachestore-jnvm-1.0-SNAPSHOT.jar:/home/anatole/ycsb/infinispan/target/dependency/infinispan-cachestore-pcj-1.0-SNAPSHOT.jar:/home/anatole/ycsb/infinispan/target/dependency/infinispan-client-hotrod-9.4.20.Final.jar:/home/anatole/ycsb/infinispan/target/dependency/infinispan-commons-9.4.20.Final.jar:/home/anatole/ycsb/infinispan/target/dependency/infinispan-core-9.4.20.Final.jar:/home/anatole/ycsb/infinispan/target/dependency/javax.persistence-api-2.2.jar:/home/anatole/ycsb/infinispan/target/dependency/jboss-logging-3.3.2.Final.jar:/home/anatole/ycsb/infinispan/target/dependency/jboss-marshalling-osgi-2.0.6.Final.jar:/home/anatole/ycsb/infinispan/target/dependency/jboss-transaction-api_1.2_spec-1.1.1.Final.jar:/home/anatole/ycsb/infinispan/target/dependency/jgroups-4.0.21.Final.jar:/home/anatole/ycsb/infinispan/target/dependency/jnvm-1.0-SNAPSHOT.jar:/home/anatole/ycsb/infinispan/target/dependency/metainf-services-1.7.jar:/home/anatole/ycsb/infinispan/target/dependency/netty-buffer-4.1.51.Final.jar:/home/anatole/ycsb/infinispan/target/dependency/netty-codec-4.1.51.Final.jar:/home/anatole/ycsb/infinispan/target/dependency/netty-common-4.1.51.Final.jar:/home/anatole/ycsb/infinispan/target/dependency/netty-handler-4.1.51.Final.jar:/home/anatole/ycsb/infinispan/target/dependency/netty-resolver-4.1.51.Final.jar:/home/anatole/ycsb/infinispan/target/dependency/netty-transport-4.1.51.Final.jar:/home/anatole/ycsb/infinispan/target/dependency/netty-transport-native-epoll-4.1.51.Final-linux-x86_64.jar:/home/anatole/ycsb/infinispan/target/dependency/netty-transport-native-unix-common-4.1.51.Final.jar:/home/anatole/ycsb/infinispan/target/dependency/pcj-1.0.jar:/home/anatole/ycsb/infinispan/target/dependency/reactive-streams-1.0.2.jar:/home/anatole/ycsb/infinispan/target/dependency/rxjava-2.2.4.jar:/home/anatole/ycsb/infinispan/target/dependency/unsafe-helper-1.0.jar site.ycsb.Client -t -db site.ycsb.db.InfinispanClient -P ../workloads/workloadc -preload -s -threads 32 -p dataintegrity=true -p offheap=false -p pcj=false -p recordcount=1000000 -p operationcount=60000000 -p fieldcount=10 -p fieldlength=100 -p requestdistribution=zipfian -p measurement.trackjvm=true -p measurementtype=hdrhistogram -p hdrhistogram.output.path=./out/exp5.concurrent.ref/log/infinispan.run.workloadc.true.1000000.100000.10.100.zipfian.32.false..default.default.none.r4.hdr.log
[OVERALL], RunTime(ms), 469301
[OVERALL], Throughput(ops/sec), 129980.5455347421
[TOTAL_GCS_G1_Young_Generation], Count, 84
[TOTAL_GC_TIME_G1_Young_Generation], Time(ms), 7849
[TOTAL_GC_TIME_%_G1_Young_Generation], Time(%), 1.672487380167526
[TOTAL_GCS_G1_Old_Generation], Count, 0
[TOTAL_GC_TIME_G1_Old_Generation], Time(ms), 0
[TOTAL_GC_TIME_%_G1_Old_Generation], Time(%), 0.0
[TOTAL_GCs], Count, 84
[TOTAL_GC_TIME], Time(ms), 7849
[TOTAL_GC_TIME_%], Time(%), 1.672487380167526
[MAX_MEM_USED], MBs, 13037
[MIN_MEM_USED], MBs, 90
[MAX_THREADS], Count, 38
[MIN_THREADS], Count, 2
[MAX_SYS_LOAD_AVG], Load, 15.35
[MIN_SYS_LOAD_AVG], Load, 9.44
[THREAD_COUNT], Operations, 48
[THREAD_COUNT], AverageLatency(ns), 35.708333333333336
[THREAD_COUNT], MinLatency(ns), 2
[THREAD_COUNT], MaxLatency(ns), 38
[THREAD_COUNT], 95thPercentileLatency(ns), 38
[THREAD_COUNT], 99thPercentileLatency(ns), 38
[SYS_LOAD_AVG], Operations, 48
[SYS_LOAD_AVG], AverageLatency(ns), 10.541666666666666
[SYS_LOAD_AVG], MinLatency(ns), 9
[SYS_LOAD_AVG], MaxLatency(ns), 15
[SYS_LOAD_AVG], 95thPercentileLatency(ns), 13
[SYS_LOAD_AVG], 99thPercentileLatency(ns), 15
[LOAD], Operations, 32
[LOAD], AverageLatency(ns), 1.3005789184E10
[LOAD], MinLatency(ns), 10785783808
[LOAD], MaxLatency(ns), 14118289407
[LOAD], 95thPercentileLatency(ns), 14041022463
[LOAD], 99thPercentileLatency(ns), 14118289407
[USED_MEM_MB], Operations, 48
[USED_MEM_MB], AverageLatency(ns), 6929.145833333333
[USED_MEM_MB], MinLatency(ns), 90
[USED_MEM_MB], MaxLatency(ns), 13037
[USED_MEM_MB], 95thPercentileLatency(ns), 12451
[USED_MEM_MB], 99thPercentileLatency(ns), 13037
[MAIN_GCs_Count], Operations, 32
[MAIN_GCs_Count], AverageLatency(ns), 66.0
[MAIN_GCs_Count], MinLatency(ns), 66
[MAIN_GCs_Count], MaxLatency(ns), 66
[MAIN_GCs_Count], 95thPercentileLatency(ns), 66
[MAIN_GCs_Count], 99thPercentileLatency(ns), 66
[MAIN_GCs_Time(ms)], Operations, 32
[MAIN_GCs_Time(ms)], AverageLatency(ns), 6961.0
[MAIN_GCs_Time(ms)], MinLatency(ns), 6961
[MAIN_GCs_Time(ms)], MaxLatency(ns), 6961
[MAIN_GCs_Time(ms)], 95thPercentileLatency(ns), 6961
[MAIN_GCs_Time(ms)], 99thPercentileLatency(ns), 6961
[TRANSACTION], Operations, 32
[TRANSACTION], AverageLatency(ns), 4.53654740992E11
[TRANSACTION], MinLatency(ns), 452708007936
[TRANSACTION], MaxLatency(ns), 454245220351
[TRANSACTION], 95thPercentileLatency(ns), 454115196927
[TRANSACTION], 99thPercentileLatency(ns), 454245220351
[GCS_TIME], Operations, 48
[GCS_TIME], AverageLatency(ns), 163.52083333333334
[GCS_TIME], MinLatency(ns), 0
[GCS_TIME], MaxLatency(ns), 812
[GCS_TIME], 95thPercentileLatency(ns), 244
[GCS_TIME], 99thPercentileLatency(ns), 812
[LOAD_GCs_Time(ms)], Operations, 32
[LOAD_GCs_Time(ms)], AverageLatency(ns), 846.125
[LOAD_GCs_Time(ms)], MinLatency(ns), 782
[LOAD_GCs_Time(ms)], MaxLatency(ns), 858
[LOAD_GCs_Time(ms)], 95thPercentileLatency(ns), 858
[LOAD_GCs_Time(ms)], 99thPercentileLatency(ns), 858
[READ], Operations, 60000000
[READ], AverageLatency(ns), 238863.59616573332
[READ], MinLatency(ns), 184
[READ], MaxLatency(ns), 229742591
[READ], 95thPercentileLatency(ns), 949703
[READ], 99thPercentileLatency(ns), 1406191
[READ], Return=OK, 60000000
[INIT], Operations, 32
[INIT], AverageLatency(ns), 6.4767488E8
[INIT], MinLatency(ns), 640307200
[INIT], MaxLatency(ns), 655757311
[INIT], 95thPercentileLatency(ns), 654364671
[INIT], 99thPercentileLatency(ns), 655757311
[GCS], Operations, 48
[GCS], AverageLatency(ns), 1.75
[GCS], MinLatency(ns), 0
[GCS], MaxLatency(ns), 17
[GCS], 95thPercentileLatency(ns), 2
[GCS], 99thPercentileLatency(ns), 17
[LOAD_GCs_Count], Operations, 32
[LOAD_GCs_Count], AverageLatency(ns), 15.84375
[LOAD_GCs_Count], MinLatency(ns), 15
[LOAD_GCs_Count], MaxLatency(ns), 16
[LOAD_GCs_Count], 95thPercentileLatency(ns), 16
[LOAD_GCs_Count], 99thPercentileLatency(ns), 16
[CLEANUP], Operations, 32
[CLEANUP], AverageLatency(ns), 6.53655924E8
[CLEANUP], MinLatency(ns), 66023168
[CLEANUP], MaxLatency(ns), 1577082879
[CLEANUP], 95thPercentileLatency(ns), 1475895295
[CLEANUP], 99thPercentileLatency(ns), 1577082879
[INSERT], Operations, 1000000
[INSERT], AverageLatency(ns), 399110.640334
[INSERT], MinLatency(ns), 22664
[INSERT], MaxLatency(ns), 896290815
[INSERT], 95thPercentileLatency(ns), 446717
[INSERT], 99thPercentileLatency(ns), 672667
[INSERT], Return=OK, 1000000
