/home/anatole/jdk8u/build/linux-x86_64-normal-server-release/jdk/bin/java -Xmx20g -XX:+UseG1GC -classpath /home/anatole/ycsb/conf:/home/anatole/ycsb/core/target/core-0.18.0-SNAPSHOT.jar:/home/anatole/ycsb/core/target/dependency/HdrHistogram-2.1.4.jar:/home/anatole/ycsb/core/target/dependency/guava-18.0.jar:/home/anatole/ycsb/core/target/dependency/htrace-core4-4.1.0-incubating.jar:/home/anatole/ycsb/core/target/dependency/jackson-core-asl-1.9.4.jar:/home/anatole/ycsb/core/target/dependency/jackson-mapper-asl-1.9.4.jar:/home/anatole/ycsb/core/target/dependency/javax.persistence-api-2.2.jar:/home/anatole/ycsb/core/target/dependency/jnvm-1.0-SNAPSHOT.jar:/home/anatole/ycsb/core/target/dependency/pcj-1.0.jar:/home/anatole/ycsb/core/target/dependency/unsafe-helper-1.0.jar:/home/anatole/ycsb/infinispan/src/main/conf:/home/anatole/ycsb/infinispan/target/infinispan-binding-0.18.0-SNAPSHOT.jar:/home/anatole/ycsb/infinispan/target/dependency/caffeine-2.6.2.jar:/home/anatole/ycsb/infinispan/target/dependency/gson-2.8.2.jar:/home/anatole/ycsb/infinispan/target/dependency/guava-18.0.jar:/home/anatole/ycsb/infinispan/target/dependency/infinispan-cachestore-jnvm-1.0-SNAPSHOT.jar:/home/anatole/ycsb/infinispan/target/dependency/infinispan-cachestore-pcj-1.0-SNAPSHOT.jar:/home/anatole/ycsb/infinispan/target/dependency/infinispan-client-hotrod-9.4.20.Final.jar:/home/anatole/ycsb/infinispan/target/dependency/infinispan-commons-9.4.20.Final.jar:/home/anatole/ycsb/infinispan/target/dependency/infinispan-core-9.4.20.Final.jar:/home/anatole/ycsb/infinispan/target/dependency/javax.persistence-api-2.2.jar:/home/anatole/ycsb/infinispan/target/dependency/jboss-logging-3.3.2.Final.jar:/home/anatole/ycsb/infinispan/target/dependency/jboss-marshalling-osgi-2.0.6.Final.jar:/home/anatole/ycsb/infinispan/target/dependency/jboss-transaction-api_1.2_spec-1.1.1.Final.jar:/home/anatole/ycsb/infinispan/target/dependency/jgroups-4.0.21.Final.jar:/home/anatole/ycsb/infinispan/target/dependency/jnvm-1.0-SNAPSHOT.jar:/home/anatole/ycsb/infinispan/target/dependency/metainf-services-1.7.jar:/home/anatole/ycsb/infinispan/target/dependency/netty-buffer-4.1.51.Final.jar:/home/anatole/ycsb/infinispan/target/dependency/netty-codec-4.1.51.Final.jar:/home/anatole/ycsb/infinispan/target/dependency/netty-common-4.1.51.Final.jar:/home/anatole/ycsb/infinispan/target/dependency/netty-handler-4.1.51.Final.jar:/home/anatole/ycsb/infinispan/target/dependency/netty-resolver-4.1.51.Final.jar:/home/anatole/ycsb/infinispan/target/dependency/netty-transport-4.1.51.Final.jar:/home/anatole/ycsb/infinispan/target/dependency/netty-transport-native-epoll-4.1.51.Final-linux-x86_64.jar:/home/anatole/ycsb/infinispan/target/dependency/netty-transport-native-unix-common-4.1.51.Final.jar:/home/anatole/ycsb/infinispan/target/dependency/pcj-1.0.jar:/home/anatole/ycsb/infinispan/target/dependency/reactive-streams-1.0.2.jar:/home/anatole/ycsb/infinispan/target/dependency/rxjava-2.2.4.jar:/home/anatole/ycsb/infinispan/target/dependency/unsafe-helper-1.0.jar site.ycsb.Client -t -db site.ycsb.db.InfinispanClient -P ../workloads/workloada -preload -s -threads 24 -p dataintegrity=true -p offheap=false -p pcj=false -p recordcount=1000000 -p operationcount=60000000 -p fieldcount=10 -p fieldlength=100 -p requestdistribution=zipfian -p measurement.trackjvm=true -p measurementtype=hdrhistogram -p hdrhistogram.output.path=./out/exp5.concurrent.ref/log/infinispan.run.workloada.true.1000000.1000000.10.100.zipfian.24.true..default.default.none.r6.hdr.log
[OVERALL], RunTime(ms), 76297
[OVERALL], Throughput(ops/sec), 799507.1890113635
[TOTAL_GCS_G1_Young_Generation], Count, 181
[TOTAL_GC_TIME_G1_Young_Generation], Time(ms), 28923
[TOTAL_GC_TIME_%_G1_Young_Generation], Time(%), 37.908436766845355
[TOTAL_GCS_G1_Old_Generation], Count, 0
[TOTAL_GC_TIME_G1_Old_Generation], Time(ms), 0
[TOTAL_GC_TIME_%_G1_Old_Generation], Time(%), 0.0
[TOTAL_GCs], Count, 181
[TOTAL_GC_TIME], Time(ms), 28923
[TOTAL_GC_TIME_%], Time(%), 37.908436766845355
[MAX_MEM_USED], MBs, 9440
[MIN_MEM_USED], MBs, 82
[MAX_THREADS], Count, 56
[MIN_THREADS], Count, 4
[MAX_SYS_LOAD_AVG], Load, 26.31
[MIN_SYS_LOAD_AVG], Load, 23.46
[THREAD_COUNT], Operations, 9
[THREAD_COUNT], AverageLatency(ns), 46.888888888888886
[THREAD_COUNT], MinLatency(ns), 4
[THREAD_COUNT], MaxLatency(ns), 56
[THREAD_COUNT], 95thPercentileLatency(ns), 56
[THREAD_COUNT], 99thPercentileLatency(ns), 56
[SYS_LOAD_AVG], Operations, 9
[SYS_LOAD_AVG], AverageLatency(ns), 24.11111111111111
[SYS_LOAD_AVG], MinLatency(ns), 23
[SYS_LOAD_AVG], MaxLatency(ns), 26
[SYS_LOAD_AVG], 95thPercentileLatency(ns), 26
[SYS_LOAD_AVG], 99thPercentileLatency(ns), 26
[LOAD], Operations, 24
[LOAD], AverageLatency(ns), 6.469767168E9
[LOAD], MinLatency(ns), 5909217280
[LOAD], MaxLatency(ns), 6810632191
[LOAD], 95thPercentileLatency(ns), 6790873087
[LOAD], 99thPercentileLatency(ns), 6810632191
[USED_MEM_MB], Operations, 9
[USED_MEM_MB], AverageLatency(ns), 6902.0
[USED_MEM_MB], MinLatency(ns), 82
[USED_MEM_MB], MaxLatency(ns), 9440
[USED_MEM_MB], 95thPercentileLatency(ns), 9440
[USED_MEM_MB], 99thPercentileLatency(ns), 9440
[MAIN_GCs_Count], Operations, 24
[MAIN_GCs_Count], AverageLatency(ns), 153.625
[MAIN_GCs_Count], MinLatency(ns), 152
[MAIN_GCs_Count], MaxLatency(ns), 155
[MAIN_GCs_Count], 95thPercentileLatency(ns), 155
[MAIN_GCs_Count], 99thPercentileLatency(ns), 155
[MAIN_GCs_Time(ms)], Operations, 24
[MAIN_GCs_Time(ms)], AverageLatency(ns), 26583.125
[MAIN_GCs_Time(ms)], MinLatency(ns), 26330
[MAIN_GCs_Time(ms)], MaxLatency(ns), 26773
[MAIN_GCs_Time(ms)], 95thPercentileLatency(ns), 26773
[MAIN_GCs_Time(ms)], 99thPercentileLatency(ns), 26773
[TRANSACTION], Operations, 24
[TRANSACTION], AverageLatency(ns), 6.7341713408E10
[TRANSACTION], MinLatency(ns), 66540011520
[TRANSACTION], MaxLatency(ns), 67976036351
[TRANSACTION], 95thPercentileLatency(ns), 67917840383
[TRANSACTION], 99thPercentileLatency(ns), 67976036351
[GCS_TIME], Operations, 9
[GCS_TIME], AverageLatency(ns), 3213.6666666666665
[GCS_TIME], MinLatency(ns), 0
[GCS_TIME], MaxLatency(ns), 5016
[GCS_TIME], 95thPercentileLatency(ns), 5016
[GCS_TIME], 99thPercentileLatency(ns), 5016
[LOAD_GCs_Time(ms)], Operations, 24
[LOAD_GCs_Time(ms)], AverageLatency(ns), 1963.5416666666667
[LOAD_GCs_Time(ms)], MinLatency(ns), 1790
[LOAD_GCs_Time(ms)], MaxLatency(ns), 2121
[LOAD_GCs_Time(ms)], 95thPercentileLatency(ns), 2121
[LOAD_GCs_Time(ms)], 99thPercentileLatency(ns), 2121
[READ], Operations, 30002368
[READ], AverageLatency(ns), 19193.2068019431
[READ], MinLatency(ns), 209
[READ], MaxLatency(ns), 1181523967
[READ], 95thPercentileLatency(ns), 82146
[READ], 99thPercentileLatency(ns), 99575
[READ], Return=OK, 30002368
[INIT], Operations, 24
[INIT], AverageLatency(ns), 6.20860416E8
[INIT], MinLatency(ns), 616583168
[INIT], MaxLatency(ns), 626655231
[INIT], 95thPercentileLatency(ns), 626401279
[INIT], 99thPercentileLatency(ns), 626655231
[GCS], Operations, 9
[GCS], AverageLatency(ns), 20.11111111111111
[GCS], MinLatency(ns), 0
[GCS], MaxLatency(ns), 38
[GCS], 95thPercentileLatency(ns), 38
[GCS], 99thPercentileLatency(ns), 38
[LOAD_GCs_Count], Operations, 24
[LOAD_GCs_Count], AverageLatency(ns), 23.041666666666668
[LOAD_GCs_Count], MinLatency(ns), 22
[LOAD_GCs_Count], MaxLatency(ns), 24
[LOAD_GCs_Count], 95thPercentileLatency(ns), 24
[LOAD_GCs_Count], 99thPercentileLatency(ns), 24
[CLEANUP], Operations, 24
[CLEANUP], AverageLatency(ns), 1.3864247466666667E9
[CLEANUP], MinLatency(ns), 754012160
[CLEANUP], MaxLatency(ns), 2159919103
[CLEANUP], 95thPercentileLatency(ns), 2145107967
[CLEANUP], 99thPercentileLatency(ns), 2159919103
[INSERT], Operations, 1000000
[INSERT], AverageLatency(ns), 77070.663767
[INSERT], MinLatency(ns), 1783
[INSERT], MaxLatency(ns), 357765119
[INSERT], 95thPercentileLatency(ns), 57902
[INSERT], 99thPercentileLatency(ns), 162701
[INSERT], Return=OK, 1000000
[UPDATE], Operations, 29997632
[UPDATE], AverageLatency(ns), 26521.762692301847
[UPDATE], MinLatency(ns), 1513
[UPDATE], MaxLatency(ns), 1181589503
[UPDATE], 95thPercentileLatency(ns), 85797
[UPDATE], 99thPercentileLatency(ns), 104569
[UPDATE], Return=OK, 29997632
