/home/anatole/jdk8u/build/linux-x86_64-normal-server-release/jdk/bin/java -Xmx20g -XX:+UseG1GC -classpath /home/anatole/ycsb/conf:/home/anatole/ycsb/core/target/core-0.18.0-SNAPSHOT.jar:/home/anatole/ycsb/core/target/dependency/HdrHistogram-2.1.4.jar:/home/anatole/ycsb/core/target/dependency/guava-18.0.jar:/home/anatole/ycsb/core/target/dependency/htrace-core4-4.1.0-incubating.jar:/home/anatole/ycsb/core/target/dependency/jackson-core-asl-1.9.4.jar:/home/anatole/ycsb/core/target/dependency/jackson-mapper-asl-1.9.4.jar:/home/anatole/ycsb/core/target/dependency/javax.persistence-api-2.2.jar:/home/anatole/ycsb/core/target/dependency/jnvm-1.0-SNAPSHOT.jar:/home/anatole/ycsb/core/target/dependency/pcj-1.0.jar:/home/anatole/ycsb/core/target/dependency/unsafe-helper-1.0.jar:/home/anatole/ycsb/infinispan/src/main/conf:/home/anatole/ycsb/infinispan/target/infinispan-binding-0.18.0-SNAPSHOT.jar:/home/anatole/ycsb/infinispan/target/dependency/caffeine-2.6.2.jar:/home/anatole/ycsb/infinispan/target/dependency/gson-2.8.2.jar:/home/anatole/ycsb/infinispan/target/dependency/guava-18.0.jar:/home/anatole/ycsb/infinispan/target/dependency/infinispan-cachestore-jnvm-1.0-SNAPSHOT.jar:/home/anatole/ycsb/infinispan/target/dependency/infinispan-cachestore-pcj-1.0-SNAPSHOT.jar:/home/anatole/ycsb/infinispan/target/dependency/infinispan-client-hotrod-9.4.20.Final.jar:/home/anatole/ycsb/infinispan/target/dependency/infinispan-commons-9.4.20.Final.jar:/home/anatole/ycsb/infinispan/target/dependency/infinispan-core-9.4.20.Final.jar:/home/anatole/ycsb/infinispan/target/dependency/javax.persistence-api-2.2.jar:/home/anatole/ycsb/infinispan/target/dependency/jboss-logging-3.3.2.Final.jar:/home/anatole/ycsb/infinispan/target/dependency/jboss-marshalling-osgi-2.0.6.Final.jar:/home/anatole/ycsb/infinispan/target/dependency/jboss-transaction-api_1.2_spec-1.1.1.Final.jar:/home/anatole/ycsb/infinispan/target/dependency/jgroups-4.0.21.Final.jar:/home/anatole/ycsb/infinispan/target/dependency/jnvm-1.0-SNAPSHOT.jar:/home/anatole/ycsb/infinispan/target/dependency/metainf-services-1.7.jar:/home/anatole/ycsb/infinispan/target/dependency/netty-buffer-4.1.51.Final.jar:/home/anatole/ycsb/infinispan/target/dependency/netty-codec-4.1.51.Final.jar:/home/anatole/ycsb/infinispan/target/dependency/netty-common-4.1.51.Final.jar:/home/anatole/ycsb/infinispan/target/dependency/netty-handler-4.1.51.Final.jar:/home/anatole/ycsb/infinispan/target/dependency/netty-resolver-4.1.51.Final.jar:/home/anatole/ycsb/infinispan/target/dependency/netty-transport-4.1.51.Final.jar:/home/anatole/ycsb/infinispan/target/dependency/netty-transport-native-epoll-4.1.51.Final-linux-x86_64.jar:/home/anatole/ycsb/infinispan/target/dependency/netty-transport-native-unix-common-4.1.51.Final.jar:/home/anatole/ycsb/infinispan/target/dependency/pcj-1.0.jar:/home/anatole/ycsb/infinispan/target/dependency/reactive-streams-1.0.2.jar:/home/anatole/ycsb/infinispan/target/dependency/rxjava-2.2.4.jar:/home/anatole/ycsb/infinispan/target/dependency/unsafe-helper-1.0.jar site.ycsb.Client -t -db site.ycsb.db.InfinispanClient -P ../workloads/workloadc -preload -s -threads 1 -p dataintegrity=true -p offheap=false -p pcj=false -p recordcount=1000000 -p operationcount=3000000 -p fieldcount=10 -p fieldlength=100 -p requestdistribution=zipfian -p measurement.trackjvm=true -p measurementtype=hdrhistogram -p hdrhistogram.output.path=./out/exp5.concurrent.ref/log/infinispan.run.workloadc.true.1000000.100000.10.100.zipfian.1.false..default.default.none.r3.hdr.log
[OVERALL], RunTime(ms), 103269
[OVERALL], Throughput(ops/sec), 38733.792328772426
[TOTAL_GCS_G1_Young_Generation], Count, 144
[TOTAL_GC_TIME_G1_Young_Generation], Time(ms), 3143
[TOTAL_GC_TIME_%_G1_Young_Generation], Time(%), 3.0435077322332935
[TOTAL_GCS_G1_Old_Generation], Count, 0
[TOTAL_GC_TIME_G1_Old_Generation], Time(ms), 0
[TOTAL_GC_TIME_%_G1_Old_Generation], Time(%), 0.0
[TOTAL_GCs], Count, 144
[TOTAL_GC_TIME], Time(ms), 3143
[TOTAL_GC_TIME_%], Time(%), 3.0435077322332935
[MAX_MEM_USED], MBs, 1526
[MIN_MEM_USED], MBs, 54
[MAX_THREADS], Count, 7
[MIN_THREADS], Count, 3
[MAX_SYS_LOAD_AVG], Load, 5.4
[MIN_SYS_LOAD_AVG], Load, 2.16
[THREAD_COUNT], Operations, 12
[THREAD_COUNT], AverageLatency(ns), 6.083333333333333
[THREAD_COUNT], MinLatency(ns), 3
[THREAD_COUNT], MaxLatency(ns), 7
[THREAD_COUNT], 95thPercentileLatency(ns), 7
[THREAD_COUNT], 99thPercentileLatency(ns), 7
[SYS_LOAD_AVG], Operations, 12
[SYS_LOAD_AVG], AverageLatency(ns), 2.9166666666666665
[SYS_LOAD_AVG], MinLatency(ns), 2
[SYS_LOAD_AVG], MaxLatency(ns), 5
[SYS_LOAD_AVG], 95thPercentileLatency(ns), 4
[SYS_LOAD_AVG], 99thPercentileLatency(ns), 5
[LOAD], Operations, 1
[LOAD], AverageLatency(ns), 4.2923589632E10
[LOAD], MinLatency(ns), 42923458560
[LOAD], MaxLatency(ns), 42923720703
[LOAD], 95thPercentileLatency(ns), 42923720703
[LOAD], 99thPercentileLatency(ns), 42923720703
[USED_MEM_MB], Operations, 12
[USED_MEM_MB], AverageLatency(ns), 1175.5
[USED_MEM_MB], MinLatency(ns), 54
[USED_MEM_MB], MaxLatency(ns), 1526
[USED_MEM_MB], 95thPercentileLatency(ns), 1524
[USED_MEM_MB], 99thPercentileLatency(ns), 1526
[MAIN_GCs_Count], Operations, 1
[MAIN_GCs_Count], AverageLatency(ns), 87.0
[MAIN_GCs_Count], MinLatency(ns), 87
[MAIN_GCs_Count], MaxLatency(ns), 87
[MAIN_GCs_Count], 95thPercentileLatency(ns), 87
[MAIN_GCs_Count], 99thPercentileLatency(ns), 87
[MAIN_GCs_Time(ms)], Operations, 1
[MAIN_GCs_Time(ms)], AverageLatency(ns), 1627.0
[MAIN_GCs_Time(ms)], MinLatency(ns), 1627
[MAIN_GCs_Time(ms)], MaxLatency(ns), 1627
[MAIN_GCs_Time(ms)], 95thPercentileLatency(ns), 1627
[MAIN_GCs_Time(ms)], 99thPercentileLatency(ns), 1627
[TRANSACTION], Operations, 1
[TRANSACTION], AverageLatency(ns), 5.935792128E10
[TRANSACTION], MinLatency(ns), 59357790208
[TRANSACTION], MaxLatency(ns), 59358052351
[TRANSACTION], 95thPercentileLatency(ns), 59358052351
[TRANSACTION], 99thPercentileLatency(ns), 59358052351
[GCS_TIME], Operations, 12
[GCS_TIME], AverageLatency(ns), 261.9166666666667
[GCS_TIME], MinLatency(ns), 0
[GCS_TIME], MaxLatency(ns), 620
[GCS_TIME], 95thPercentileLatency(ns), 484
[GCS_TIME], 99thPercentileLatency(ns), 620
[LOAD_GCs_Time(ms)], Operations, 1
[LOAD_GCs_Time(ms)], AverageLatency(ns), 1457.0
[LOAD_GCs_Time(ms)], MinLatency(ns), 1457
[LOAD_GCs_Time(ms)], MaxLatency(ns), 1457
[LOAD_GCs_Time(ms)], 95thPercentileLatency(ns), 1457
[LOAD_GCs_Time(ms)], 99thPercentileLatency(ns), 1457
[READ], Operations, 3000000
[READ], AverageLatency(ns), 19069.354875666668
[READ], MinLatency(ns), 174
[READ], MaxLatency(ns), 132869119
[READ], 95thPercentileLatency(ns), 36489
[READ], 99thPercentileLatency(ns), 44631
[READ], Return=OK, 3000000
[INIT], Operations, 1
[INIT], AverageLatency(ns), 7.0319104E8
[INIT], MinLatency(ns), 703188992
[INIT], MaxLatency(ns), 703193087
[INIT], 95thPercentileLatency(ns), 703193087
[INIT], 99thPercentileLatency(ns), 703193087
[GCS], Operations, 12
[GCS], AverageLatency(ns), 12.0
[GCS], MinLatency(ns), 0
[GCS], MaxLatency(ns), 18
[GCS], 95thPercentileLatency(ns), 15
[GCS], 99thPercentileLatency(ns), 18
[LOAD_GCs_Count], Operations, 1
[LOAD_GCs_Count], AverageLatency(ns), 54.0
[LOAD_GCs_Count], MinLatency(ns), 54
[LOAD_GCs_Count], MaxLatency(ns), 54
[LOAD_GCs_Count], 95thPercentileLatency(ns), 54
[LOAD_GCs_Count], 99thPercentileLatency(ns), 54
[CLEANUP], Operations, 1
[CLEANUP], AverageLatency(ns), 1.81177856E8
[CLEANUP], MinLatency(ns), 181177344
[CLEANUP], MaxLatency(ns), 181178367
[CLEANUP], 95thPercentileLatency(ns), 181178367
[CLEANUP], 99thPercentileLatency(ns), 181178367
[INSERT], Operations, 1000000
[INSERT], AverageLatency(ns), 34416.431472
[INSERT], MinLatency(ns), 23109
[INSERT], MaxLatency(ns), 49174271
[INSERT], 95thPercentileLatency(ns), 39251
[INSERT], 99thPercentileLatency(ns), 45915
[INSERT], Return=OK, 1000000
