/home/anatole/jdk8u/build/linux-x86_64-normal-server-release/jdk/bin/java -Xmx20g -XX:+UseG1GC -classpath /home/anatole/ycsb/conf:/home/anatole/ycsb/core/target/core-0.18.0-SNAPSHOT.jar:/home/anatole/ycsb/core/target/dependency/HdrHistogram-2.1.4.jar:/home/anatole/ycsb/core/target/dependency/guava-18.0.jar:/home/anatole/ycsb/core/target/dependency/htrace-core4-4.1.0-incubating.jar:/home/anatole/ycsb/core/target/dependency/jackson-core-asl-1.9.4.jar:/home/anatole/ycsb/core/target/dependency/jackson-mapper-asl-1.9.4.jar:/home/anatole/ycsb/core/target/dependency/javax.persistence-api-2.2.jar:/home/anatole/ycsb/core/target/dependency/jnvm-1.0-SNAPSHOT.jar:/home/anatole/ycsb/core/target/dependency/pcj-1.0.jar:/home/anatole/ycsb/core/target/dependency/unsafe-helper-1.0.jar:/home/anatole/ycsb/infinispan/src/main/conf:/home/anatole/ycsb/infinispan/target/infinispan-binding-0.18.0-SNAPSHOT.jar:/home/anatole/ycsb/infinispan/target/dependency/caffeine-2.6.2.jar:/home/anatole/ycsb/infinispan/target/dependency/gson-2.8.2.jar:/home/anatole/ycsb/infinispan/target/dependency/guava-18.0.jar:/home/anatole/ycsb/infinispan/target/dependency/infinispan-cachestore-jnvm-1.0-SNAPSHOT.jar:/home/anatole/ycsb/infinispan/target/dependency/infinispan-cachestore-pcj-1.0-SNAPSHOT.jar:/home/anatole/ycsb/infinispan/target/dependency/infinispan-client-hotrod-9.4.20.Final.jar:/home/anatole/ycsb/infinispan/target/dependency/infinispan-commons-9.4.20.Final.jar:/home/anatole/ycsb/infinispan/target/dependency/infinispan-core-9.4.20.Final.jar:/home/anatole/ycsb/infinispan/target/dependency/javax.persistence-api-2.2.jar:/home/anatole/ycsb/infinispan/target/dependency/jboss-logging-3.3.2.Final.jar:/home/anatole/ycsb/infinispan/target/dependency/jboss-marshalling-osgi-2.0.6.Final.jar:/home/anatole/ycsb/infinispan/target/dependency/jboss-transaction-api_1.2_spec-1.1.1.Final.jar:/home/anatole/ycsb/infinispan/target/dependency/jgroups-4.0.21.Final.jar:/home/anatole/ycsb/infinispan/target/dependency/jnvm-1.0-SNAPSHOT.jar:/home/anatole/ycsb/infinispan/target/dependency/metainf-services-1.7.jar:/home/anatole/ycsb/infinispan/target/dependency/netty-buffer-4.1.51.Final.jar:/home/anatole/ycsb/infinispan/target/dependency/netty-codec-4.1.51.Final.jar:/home/anatole/ycsb/infinispan/target/dependency/netty-common-4.1.51.Final.jar:/home/anatole/ycsb/infinispan/target/dependency/netty-handler-4.1.51.Final.jar:/home/anatole/ycsb/infinispan/target/dependency/netty-resolver-4.1.51.Final.jar:/home/anatole/ycsb/infinispan/target/dependency/netty-transport-4.1.51.Final.jar:/home/anatole/ycsb/infinispan/target/dependency/netty-transport-native-epoll-4.1.51.Final-linux-x86_64.jar:/home/anatole/ycsb/infinispan/target/dependency/netty-transport-native-unix-common-4.1.51.Final.jar:/home/anatole/ycsb/infinispan/target/dependency/pcj-1.0.jar:/home/anatole/ycsb/infinispan/target/dependency/reactive-streams-1.0.2.jar:/home/anatole/ycsb/infinispan/target/dependency/rxjava-2.2.4.jar:/home/anatole/ycsb/infinispan/target/dependency/unsafe-helper-1.0.jar site.ycsb.Client -t -db site.ycsb.db.InfinispanClient -P ../workloads/workloadc -preload -s -threads 8 -p dataintegrity=true -p offheap=false -p pcj=false -p recordcount=1000000 -p operationcount=24000000 -p fieldcount=10 -p fieldlength=100 -p requestdistribution=zipfian -p measurement.trackjvm=true -p measurementtype=hdrhistogram -p hdrhistogram.output.path=./out/exp5.concurrent.ref/log/infinispan.run.workloadc.true.1000000.1000000.10.100.zipfian.8.true..default.default.none.r6.hdr.log
[OVERALL], RunTime(ms), 25418
[OVERALL], Throughput(ops/sec), 983554.9610512236
[TOTAL_GCS_G1_Young_Generation], Count, 31
[TOTAL_GC_TIME_G1_Young_Generation], Time(ms), 2449
[TOTAL_GC_TIME_%_G1_Young_Generation], Time(%), 9.634904398457786
[TOTAL_GCS_G1_Old_Generation], Count, 0
[TOTAL_GC_TIME_G1_Old_Generation], Time(ms), 0
[TOTAL_GC_TIME_%_G1_Old_Generation], Time(%), 0.0
[TOTAL_GCs], Count, 31
[TOTAL_GC_TIME], Time(ms), 2449
[TOTAL_GC_TIME_%], Time(%), 9.634904398457786
[MAX_MEM_USED], MBs, 13480
[MIN_MEM_USED], MBs, 66
[MAX_THREADS], Count, 14
[MIN_THREADS], Count, 4
[MAX_SYS_LOAD_AVG], Load, 9.32
[MIN_SYS_LOAD_AVG], Load, 8.69
[THREAD_COUNT], Operations, 4
[THREAD_COUNT], AverageLatency(ns), 10.5
[THREAD_COUNT], MinLatency(ns), 4
[THREAD_COUNT], MaxLatency(ns), 14
[THREAD_COUNT], 95thPercentileLatency(ns), 14
[THREAD_COUNT], 99thPercentileLatency(ns), 14
[SYS_LOAD_AVG], Operations, 4
[SYS_LOAD_AVG], AverageLatency(ns), 8.5
[SYS_LOAD_AVG], MinLatency(ns), 8
[SYS_LOAD_AVG], MaxLatency(ns), 9
[SYS_LOAD_AVG], 95thPercentileLatency(ns), 9
[SYS_LOAD_AVG], 99thPercentileLatency(ns), 9
[LOAD], Operations, 8
[LOAD], AverageLatency(ns), 5.5908352E9
[LOAD], MinLatency(ns), 5351964672
[LOAD], MaxLatency(ns), 5727059967
[LOAD], 95thPercentileLatency(ns), 5727059967
[LOAD], 99thPercentileLatency(ns), 5727059967
[USED_MEM_MB], Operations, 4
[USED_MEM_MB], AverageLatency(ns), 6254.0
[USED_MEM_MB], MinLatency(ns), 66
[USED_MEM_MB], MaxLatency(ns), 13480
[USED_MEM_MB], 95thPercentileLatency(ns), 13480
[USED_MEM_MB], 99thPercentileLatency(ns), 13480
[MAIN_GCs_Count], Operations, 8
[MAIN_GCs_Count], AverageLatency(ns), 5.0
[MAIN_GCs_Count], MinLatency(ns), 5
[MAIN_GCs_Count], MaxLatency(ns), 5
[MAIN_GCs_Count], 95thPercentileLatency(ns), 5
[MAIN_GCs_Count], 99thPercentileLatency(ns), 5
[MAIN_GCs_Time(ms)], Operations, 8
[MAIN_GCs_Time(ms)], AverageLatency(ns), 281.0
[MAIN_GCs_Time(ms)], MinLatency(ns), 281
[MAIN_GCs_Time(ms)], MaxLatency(ns), 281
[MAIN_GCs_Time(ms)], 95thPercentileLatency(ns), 281
[MAIN_GCs_Time(ms)], 99thPercentileLatency(ns), 281
[TRANSACTION], Operations, 8
[TRANSACTION], AverageLatency(ns), 1.8299305984E10
[TRANSACTION], MinLatency(ns), 18049794048
[TRANSACTION], MaxLatency(ns), 18445107199
[TRANSACTION], 95thPercentileLatency(ns), 18445107199
[TRANSACTION], 99thPercentileLatency(ns), 18445107199
[GCS_TIME], Operations, 4
[GCS_TIME], AverageLatency(ns), 612.25
[GCS_TIME], MinLatency(ns), 0
[GCS_TIME], MaxLatency(ns), 2343
[GCS_TIME], 95thPercentileLatency(ns), 2343
[GCS_TIME], 99thPercentileLatency(ns), 2343
[LOAD_GCs_Time(ms)], Operations, 8
[LOAD_GCs_Time(ms)], AverageLatency(ns), 2129.375
[LOAD_GCs_Time(ms)], MinLatency(ns), 1985
[LOAD_GCs_Time(ms)], MaxLatency(ns), 2150
[LOAD_GCs_Time(ms)], 95thPercentileLatency(ns), 2150
[LOAD_GCs_Time(ms)], 99thPercentileLatency(ns), 2150
[READ], Operations, 24000000
[READ], AverageLatency(ns), 4731.256278416667
[READ], MinLatency(ns), 192
[READ], MaxLatency(ns), 128059903
[READ], 95thPercentileLatency(ns), 27726
[READ], 99thPercentileLatency(ns), 35235
[READ], Return=OK, 24000000
[INIT], Operations, 8
[INIT], AverageLatency(ns), 6.54324224E8
[INIT], MinLatency(ns), 653230080
[INIT], MaxLatency(ns), 655425535
[INIT], 95thPercentileLatency(ns), 655425535
[INIT], 99thPercentileLatency(ns), 655425535
[GCS], Operations, 4
[GCS], AverageLatency(ns), 7.75
[GCS], MinLatency(ns), 0
[GCS], MaxLatency(ns), 28
[GCS], 95thPercentileLatency(ns), 28
[GCS], 99thPercentileLatency(ns), 28
[LOAD_GCs_Count], Operations, 8
[LOAD_GCs_Count], AverageLatency(ns), 24.875
[LOAD_GCs_Count], MinLatency(ns), 24
[LOAD_GCs_Count], MaxLatency(ns), 25
[LOAD_GCs_Count], 95thPercentileLatency(ns), 25
[LOAD_GCs_Count], 99thPercentileLatency(ns), 25
[CLEANUP], Operations, 8
[CLEANUP], AverageLatency(ns), 6.25621504E8
[CLEANUP], MinLatency(ns), 482959360
[CLEANUP], MaxLatency(ns), 851537919
[CLEANUP], 95thPercentileLatency(ns), 851537919
[CLEANUP], 99thPercentileLatency(ns), 851537919
[INSERT], Operations, 1000000
[INSERT], AverageLatency(ns), 21837.571838
[INSERT], MinLatency(ns), 1798
[INSERT], MaxLatency(ns), 175474687
[INSERT], 95thPercentileLatency(ns), 13302
[INSERT], 99thPercentileLatency(ns), 39930
[INSERT], Return=OK, 1000000
