/home/anatole/jdk8u/build/linux-x86_64-normal-server-release/jdk/bin/java -Xmx20g -XX:+UseG1GC -classpath /home/anatole/ycsb/conf:/home/anatole/ycsb/core/target/core-0.18.0-SNAPSHOT.jar:/home/anatole/ycsb/core/target/dependency/HdrHistogram-2.1.4.jar:/home/anatole/ycsb/core/target/dependency/guava-18.0.jar:/home/anatole/ycsb/core/target/dependency/htrace-core4-4.1.0-incubating.jar:/home/anatole/ycsb/core/target/dependency/jackson-core-asl-1.9.4.jar:/home/anatole/ycsb/core/target/dependency/jackson-mapper-asl-1.9.4.jar:/home/anatole/ycsb/core/target/dependency/javax.persistence-api-2.2.jar:/home/anatole/ycsb/core/target/dependency/jnvm-1.0-SNAPSHOT.jar:/home/anatole/ycsb/core/target/dependency/pcj-1.0.jar:/home/anatole/ycsb/core/target/dependency/unsafe-helper-1.0.jar:/home/anatole/ycsb/infinispan/src/main/conf:/home/anatole/ycsb/infinispan/target/infinispan-binding-0.18.0-SNAPSHOT.jar:/home/anatole/ycsb/infinispan/target/dependency/caffeine-2.6.2.jar:/home/anatole/ycsb/infinispan/target/dependency/gson-2.8.2.jar:/home/anatole/ycsb/infinispan/target/dependency/guava-18.0.jar:/home/anatole/ycsb/infinispan/target/dependency/infinispan-cachestore-jnvm-1.0-SNAPSHOT.jar:/home/anatole/ycsb/infinispan/target/dependency/infinispan-cachestore-pcj-1.0-SNAPSHOT.jar:/home/anatole/ycsb/infinispan/target/dependency/infinispan-client-hotrod-9.4.20.Final.jar:/home/anatole/ycsb/infinispan/target/dependency/infinispan-commons-9.4.20.Final.jar:/home/anatole/ycsb/infinispan/target/dependency/infinispan-core-9.4.20.Final.jar:/home/anatole/ycsb/infinispan/target/dependency/javax.persistence-api-2.2.jar:/home/anatole/ycsb/infinispan/target/dependency/jboss-logging-3.3.2.Final.jar:/home/anatole/ycsb/infinispan/target/dependency/jboss-marshalling-osgi-2.0.6.Final.jar:/home/anatole/ycsb/infinispan/target/dependency/jboss-transaction-api_1.2_spec-1.1.1.Final.jar:/home/anatole/ycsb/infinispan/target/dependency/jgroups-4.0.21.Final.jar:/home/anatole/ycsb/infinispan/target/dependency/jnvm-1.0-SNAPSHOT.jar:/home/anatole/ycsb/infinispan/target/dependency/metainf-services-1.7.jar:/home/anatole/ycsb/infinispan/target/dependency/netty-buffer-4.1.51.Final.jar:/home/anatole/ycsb/infinispan/target/dependency/netty-codec-4.1.51.Final.jar:/home/anatole/ycsb/infinispan/target/dependency/netty-common-4.1.51.Final.jar:/home/anatole/ycsb/infinispan/target/dependency/netty-handler-4.1.51.Final.jar:/home/anatole/ycsb/infinispan/target/dependency/netty-resolver-4.1.51.Final.jar:/home/anatole/ycsb/infinispan/target/dependency/netty-transport-4.1.51.Final.jar:/home/anatole/ycsb/infinispan/target/dependency/netty-transport-native-epoll-4.1.51.Final-linux-x86_64.jar:/home/anatole/ycsb/infinispan/target/dependency/netty-transport-native-unix-common-4.1.51.Final.jar:/home/anatole/ycsb/infinispan/target/dependency/pcj-1.0.jar:/home/anatole/ycsb/infinispan/target/dependency/reactive-streams-1.0.2.jar:/home/anatole/ycsb/infinispan/target/dependency/rxjava-2.2.4.jar:/home/anatole/ycsb/infinispan/target/dependency/unsafe-helper-1.0.jar site.ycsb.Client -t -db site.ycsb.db.InfinispanClient -P ../workloads/workloadc -preload -s -threads 4 -p dataintegrity=true -p offheap=false -p pcj=false -p recordcount=1000000 -p operationcount=12000000 -p fieldcount=10 -p fieldlength=100 -p requestdistribution=zipfian -p measurement.trackjvm=true -p measurementtype=hdrhistogram -p hdrhistogram.output.path=./out/exp5.concurrent.ref/log/infinispan.run.workloadc.true.1000000.100000.10.100.zipfian.4.false..default.default.none.r1.hdr.log
[OVERALL], RunTime(ms), 85568
[OVERALL], Throughput(ops/sec), 151925.95362752432
[TOTAL_GCS_G1_Young_Generation], Count, 37
[TOTAL_GC_TIME_G1_Young_Generation], Time(ms), 3213
[TOTAL_GC_TIME_%_G1_Young_Generation], Time(%), 3.7549083769633507
[TOTAL_GCS_G1_Old_Generation], Count, 0
[TOTAL_GC_TIME_G1_Old_Generation], Time(ms), 0
[TOTAL_GC_TIME_%_G1_Old_Generation], Time(%), 0.0
[TOTAL_GCs], Count, 37
[TOTAL_GC_TIME], Time(ms), 3213
[TOTAL_GC_TIME_%], Time(%), 3.7549083769633507
[MAX_MEM_USED], MBs, 11110
[MIN_MEM_USED], MBs, 54
[MAX_THREADS], Count, 10
[MIN_THREADS], Count, 3
[MAX_SYS_LOAD_AVG], Load, 16.3
[MIN_SYS_LOAD_AVG], Load, 7.82
[THREAD_COUNT], Operations, 10
[THREAD_COUNT], AverageLatency(ns), 8.8
[THREAD_COUNT], MinLatency(ns), 3
[THREAD_COUNT], MaxLatency(ns), 10
[THREAD_COUNT], 95thPercentileLatency(ns), 10
[THREAD_COUNT], 99thPercentileLatency(ns), 10
[SYS_LOAD_AVG], Operations, 10
[SYS_LOAD_AVG], AverageLatency(ns), 10.3
[SYS_LOAD_AVG], MinLatency(ns), 7
[SYS_LOAD_AVG], MaxLatency(ns), 16
[SYS_LOAD_AVG], 95thPercentileLatency(ns), 16
[SYS_LOAD_AVG], 99thPercentileLatency(ns), 16
[LOAD], Operations, 4
[LOAD], AverageLatency(ns), 1.4733197312E10
[LOAD], MinLatency(ns), 14700052480
[LOAD], MaxLatency(ns), 14761852927
[LOAD], 95thPercentileLatency(ns), 14761852927
[LOAD], 99thPercentileLatency(ns), 14761852927
[USED_MEM_MB], Operations, 10
[USED_MEM_MB], AverageLatency(ns), 5931.3
[USED_MEM_MB], MinLatency(ns), 54
[USED_MEM_MB], MaxLatency(ns), 11110
[USED_MEM_MB], 95thPercentileLatency(ns), 11110
[USED_MEM_MB], 99thPercentileLatency(ns), 11110
[MAIN_GCs_Count], Operations, 4
[MAIN_GCs_Count], AverageLatency(ns), 18.0
[MAIN_GCs_Count], MinLatency(ns), 18
[MAIN_GCs_Count], MaxLatency(ns), 18
[MAIN_GCs_Count], 95thPercentileLatency(ns), 18
[MAIN_GCs_Count], 99thPercentileLatency(ns), 18
[MAIN_GCs_Time(ms)], Operations, 4
[MAIN_GCs_Time(ms)], AverageLatency(ns), 2300.0
[MAIN_GCs_Time(ms)], MinLatency(ns), 2300
[MAIN_GCs_Time(ms)], MaxLatency(ns), 2300
[MAIN_GCs_Time(ms)], 95thPercentileLatency(ns), 2300
[MAIN_GCs_Time(ms)], 99thPercentileLatency(ns), 2300
[TRANSACTION], Operations, 4
[TRANSACTION], AverageLatency(ns), 6.958743552E10
[TRANSACTION], MinLatency(ns), 69178228736
[TRANSACTION], MaxLatency(ns), 70012370943
[TRANSACTION], 95thPercentileLatency(ns), 70012370943
[TRANSACTION], 99thPercentileLatency(ns), 70012370943
[GCS_TIME], Operations, 10
[GCS_TIME], AverageLatency(ns), 321.3
[GCS_TIME], MinLatency(ns), 0
[GCS_TIME], MaxLatency(ns), 954
[GCS_TIME], 95thPercentileLatency(ns), 954
[GCS_TIME], 99thPercentileLatency(ns), 954
[LOAD_GCs_Time(ms)], Operations, 4
[LOAD_GCs_Time(ms)], AverageLatency(ns), 891.0
[LOAD_GCs_Time(ms)], MinLatency(ns), 891
[LOAD_GCs_Time(ms)], MaxLatency(ns), 891
[LOAD_GCs_Time(ms)], 95thPercentileLatency(ns), 891
[LOAD_GCs_Time(ms)], 99thPercentileLatency(ns), 891
[READ], Operations, 12000000
[READ], AverageLatency(ns), 22316.249949
[READ], MinLatency(ns), 195
[READ], MaxLatency(ns), 545509375
[READ], 95thPercentileLatency(ns), 44085
[READ], 99thPercentileLatency(ns), 53420
[READ], Return=OK, 12000000
[INIT], Operations, 4
[INIT], AverageLatency(ns), 6.65068544E8
[INIT], MinLatency(ns), 664662016
[INIT], MaxLatency(ns), 665501695
[INIT], 95thPercentileLatency(ns), 665501695
[INIT], 99thPercentileLatency(ns), 665501695
[GCS], Operations, 10
[GCS], AverageLatency(ns), 3.7
[GCS], MinLatency(ns), 0
[GCS], MaxLatency(ns), 17
[GCS], 95thPercentileLatency(ns), 17
[GCS], 99thPercentileLatency(ns), 17
[LOAD_GCs_Count], Operations, 4
[LOAD_GCs_Count], AverageLatency(ns), 18.0
[LOAD_GCs_Count], MinLatency(ns), 18
[LOAD_GCs_Count], MaxLatency(ns), 18
[LOAD_GCs_Count], 95thPercentileLatency(ns), 18
[LOAD_GCs_Count], 99thPercentileLatency(ns), 18
[CLEANUP], Operations, 4
[CLEANUP], AverageLatency(ns), 4.83027872E8
[CLEANUP], MinLatency(ns), 61495808
[CLEANUP], MaxLatency(ns), 882913279
[CLEANUP], 95thPercentileLatency(ns), 882913279
[CLEANUP], 99thPercentileLatency(ns), 882913279
[INSERT], Operations, 1000000
[INSERT], AverageLatency(ns), 47831.04929
[INSERT], MinLatency(ns), 25213
[INSERT], MaxLatency(ns), 96447487
[INSERT], 95thPercentileLatency(ns), 54116
[INSERT], 99thPercentileLatency(ns), 83645
[INSERT], Return=OK, 1000000
