/home/anatole/jdk8u/build/linux-x86_64-normal-server-release/jdk/bin/java -Xmx20g -XX:+UseG1GC -classpath /home/anatole/ycsb/conf:/home/anatole/ycsb/core/target/core-0.18.0-SNAPSHOT.jar:/home/anatole/ycsb/core/target/dependency/HdrHistogram-2.1.4.jar:/home/anatole/ycsb/core/target/dependency/guava-18.0.jar:/home/anatole/ycsb/core/target/dependency/htrace-core4-4.1.0-incubating.jar:/home/anatole/ycsb/core/target/dependency/jackson-core-asl-1.9.4.jar:/home/anatole/ycsb/core/target/dependency/jackson-mapper-asl-1.9.4.jar:/home/anatole/ycsb/core/target/dependency/javax.persistence-api-2.2.jar:/home/anatole/ycsb/core/target/dependency/jnvm-1.0-SNAPSHOT.jar:/home/anatole/ycsb/core/target/dependency/pcj-1.0.jar:/home/anatole/ycsb/core/target/dependency/unsafe-helper-1.0.jar:/home/anatole/ycsb/infinispan/src/main/conf:/home/anatole/ycsb/infinispan/target/infinispan-binding-0.18.0-SNAPSHOT.jar:/home/anatole/ycsb/infinispan/target/dependency/caffeine-2.6.2.jar:/home/anatole/ycsb/infinispan/target/dependency/gson-2.8.2.jar:/home/anatole/ycsb/infinispan/target/dependency/guava-18.0.jar:/home/anatole/ycsb/infinispan/target/dependency/infinispan-cachestore-jnvm-1.0-SNAPSHOT.jar:/home/anatole/ycsb/infinispan/target/dependency/infinispan-cachestore-pcj-1.0-SNAPSHOT.jar:/home/anatole/ycsb/infinispan/target/dependency/infinispan-client-hotrod-9.4.20.Final.jar:/home/anatole/ycsb/infinispan/target/dependency/infinispan-commons-9.4.20.Final.jar:/home/anatole/ycsb/infinispan/target/dependency/infinispan-core-9.4.20.Final.jar:/home/anatole/ycsb/infinispan/target/dependency/javax.persistence-api-2.2.jar:/home/anatole/ycsb/infinispan/target/dependency/jboss-logging-3.3.2.Final.jar:/home/anatole/ycsb/infinispan/target/dependency/jboss-marshalling-osgi-2.0.6.Final.jar:/home/anatole/ycsb/infinispan/target/dependency/jboss-transaction-api_1.2_spec-1.1.1.Final.jar:/home/anatole/ycsb/infinispan/target/dependency/jgroups-4.0.21.Final.jar:/home/anatole/ycsb/infinispan/target/dependency/jnvm-1.0-SNAPSHOT.jar:/home/anatole/ycsb/infinispan/target/dependency/metainf-services-1.7.jar:/home/anatole/ycsb/infinispan/target/dependency/netty-buffer-4.1.51.Final.jar:/home/anatole/ycsb/infinispan/target/dependency/netty-codec-4.1.51.Final.jar:/home/anatole/ycsb/infinispan/target/dependency/netty-common-4.1.51.Final.jar:/home/anatole/ycsb/infinispan/target/dependency/netty-handler-4.1.51.Final.jar:/home/anatole/ycsb/infinispan/target/dependency/netty-resolver-4.1.51.Final.jar:/home/anatole/ycsb/infinispan/target/dependency/netty-transport-4.1.51.Final.jar:/home/anatole/ycsb/infinispan/target/dependency/netty-transport-native-epoll-4.1.51.Final-linux-x86_64.jar:/home/anatole/ycsb/infinispan/target/dependency/netty-transport-native-unix-common-4.1.51.Final.jar:/home/anatole/ycsb/infinispan/target/dependency/pcj-1.0.jar:/home/anatole/ycsb/infinispan/target/dependency/reactive-streams-1.0.2.jar:/home/anatole/ycsb/infinispan/target/dependency/rxjava-2.2.4.jar:/home/anatole/ycsb/infinispan/target/dependency/unsafe-helper-1.0.jar site.ycsb.Client -t -db site.ycsb.db.InfinispanClient -P ../workloads/workloada -preload -s -threads 24 -p dataintegrity=true -p offheap=false -p pcj=false -p recordcount=1000000 -p operationcount=60000000 -p fieldcount=10 -p fieldlength=100 -p requestdistribution=zipfian -p measurement.trackjvm=true -p measurementtype=hdrhistogram -p hdrhistogram.output.path=./out/exp5.concurrent.ref/log/infinispan.run.workloada.true.1000000.100000.10.100.zipfian.24.false..default.default.none.r3.hdr.log
[OVERALL], RunTime(ms), 388128
[OVERALL], Throughput(ops/sec), 157164.64671448595
[TOTAL_GCS_G1_Young_Generation], Count, 183
[TOTAL_GC_TIME_G1_Young_Generation], Time(ms), 24809
[TOTAL_GC_TIME_%_G1_Young_Generation], Time(%), 6.3919634759666915
[TOTAL_GCS_G1_Old_Generation], Count, 0
[TOTAL_GC_TIME_G1_Old_Generation], Time(ms), 0
[TOTAL_GC_TIME_%_G1_Old_Generation], Time(%), 0.0
[TOTAL_GCs], Count, 183
[TOTAL_GC_TIME], Time(ms), 24809
[TOTAL_GC_TIME_%], Time(%), 6.3919634759666915
[MAX_MEM_USED], MBs, 12141
[MIN_MEM_USED], MBs, 82
[MAX_THREADS], Count, 56
[MIN_THREADS], Count, 2
[MAX_SYS_LOAD_AVG], Load, 21.63
[MIN_SYS_LOAD_AVG], Load, 17.8
[THREAD_COUNT], Operations, 40
[THREAD_COUNT], AverageLatency(ns), 51.9
[THREAD_COUNT], MinLatency(ns), 2
[THREAD_COUNT], MaxLatency(ns), 56
[THREAD_COUNT], 95thPercentileLatency(ns), 56
[THREAD_COUNT], 99thPercentileLatency(ns), 56
[SYS_LOAD_AVG], Operations, 40
[SYS_LOAD_AVG], AverageLatency(ns), 19.175
[SYS_LOAD_AVG], MinLatency(ns), 17
[SYS_LOAD_AVG], MaxLatency(ns), 21
[SYS_LOAD_AVG], 95thPercentileLatency(ns), 21
[SYS_LOAD_AVG], 99thPercentileLatency(ns), 21
[LOAD], Operations, 24
[LOAD], AverageLatency(ns), 1.3027917824E10
[LOAD], MinLatency(ns), 11659902976
[LOAD], MaxLatency(ns), 14051901439
[LOAD], 95thPercentileLatency(ns), 13785300991
[LOAD], 99thPercentileLatency(ns), 14051901439
[USED_MEM_MB], Operations, 40
[USED_MEM_MB], AverageLatency(ns), 7527.0
[USED_MEM_MB], MinLatency(ns), 82
[USED_MEM_MB], MaxLatency(ns), 12141
[USED_MEM_MB], 95thPercentileLatency(ns), 11563
[USED_MEM_MB], 99thPercentileLatency(ns), 12141
[MAIN_GCs_Count], Operations, 24
[MAIN_GCs_Count], AverageLatency(ns), 162.58333333333334
[MAIN_GCs_Count], MinLatency(ns), 162
[MAIN_GCs_Count], MaxLatency(ns), 163
[MAIN_GCs_Count], 95thPercentileLatency(ns), 163
[MAIN_GCs_Count], 99thPercentileLatency(ns), 163
[MAIN_GCs_Time(ms)], Operations, 24
[MAIN_GCs_Time(ms)], AverageLatency(ns), 23836.833333333332
[MAIN_GCs_Time(ms)], MinLatency(ns), 23747
[MAIN_GCs_Time(ms)], MaxLatency(ns), 23901
[MAIN_GCs_Time(ms)], 95thPercentileLatency(ns), 23901
[MAIN_GCs_Time(ms)], 99thPercentileLatency(ns), 23901
[TRANSACTION], Operations, 24
[TRANSACTION], AverageLatency(ns), 3.721963328853333E11
[TRANSACTION], MinLatency(ns), 370778570752
[TRANSACTION], MaxLatency(ns), 373169324031
[TRANSACTION], 95thPercentileLatency(ns), 372760379391
[TRANSACTION], 99thPercentileLatency(ns), 373169324031
[GCS_TIME], Operations, 40
[GCS_TIME], AverageLatency(ns), 620.225
[GCS_TIME], MinLatency(ns), 0
[GCS_TIME], MaxLatency(ns), 859
[GCS_TIME], 95thPercentileLatency(ns), 753
[GCS_TIME], 99thPercentileLatency(ns), 859
[LOAD_GCs_Time(ms)], Operations, 24
[LOAD_GCs_Time(ms)], AverageLatency(ns), 767.8333333333334
[LOAD_GCs_Time(ms)], MinLatency(ns), 763
[LOAD_GCs_Time(ms)], MaxLatency(ns), 879
[LOAD_GCs_Time(ms)], 95thPercentileLatency(ns), 763
[LOAD_GCs_Time(ms)], 99thPercentileLatency(ns), 879
[READ], Operations, 29999364
[READ], AverageLatency(ns), 100862.14255405548
[READ], MinLatency(ns), 200
[READ], MaxLatency(ns), 228689919
[READ], 95thPercentileLatency(ns), 327069
[READ], 99thPercentileLatency(ns), 418499
[READ], Return=OK, 29999364
[INIT], Operations, 24
[INIT], AverageLatency(ns), 6.75216896E8
[INIT], MinLatency(ns), 670244864
[INIT], MaxLatency(ns), 681041919
[INIT], 95thPercentileLatency(ns), 680861695
[INIT], 99thPercentileLatency(ns), 681041919
[GCS], Operations, 40
[GCS], AverageLatency(ns), 4.575
[GCS], MinLatency(ns), 0
[GCS], MaxLatency(ns), 18
[GCS], 95thPercentileLatency(ns), 6
[GCS], 99thPercentileLatency(ns), 18
[LOAD_GCs_Count], Operations, 24
[LOAD_GCs_Count], AverageLatency(ns), 17.041666666666668
[LOAD_GCs_Count], MinLatency(ns), 17
[LOAD_GCs_Count], MaxLatency(ns), 18
[LOAD_GCs_Count], 95thPercentileLatency(ns), 17
[LOAD_GCs_Count], 99thPercentileLatency(ns), 18
[CLEANUP], Operations, 24
[CLEANUP], AverageLatency(ns), 1.0447913493333334E9
[CLEANUP], MinLatency(ns), 73857024
[CLEANUP], MaxLatency(ns), 2426175487
[CLEANUP], 95thPercentileLatency(ns), 1955643391
[CLEANUP], 99thPercentileLatency(ns), 2426175487
[INSERT], Operations, 1000000
[INSERT], AverageLatency(ns), 296976.792056
[INSERT], MinLatency(ns), 22452
[INSERT], MaxLatency(ns), 1164451839
[INSERT], 95thPercentileLatency(ns), 327663
[INSERT], 99thPercentileLatency(ns), 514797
[INSERT], Return=OK, 1000000
[UPDATE], Operations, 30000636
[UPDATE], AverageLatency(ns), 191849.4968414003
[UPDATE], MinLatency(ns), 22931
[UPDATE], MaxLatency(ns), 254625791
[UPDATE], 95thPercentileLatency(ns), 425339
[UPDATE], 99thPercentileLatency(ns), 541459
[UPDATE], Return=OK, 30000636
