/home/anatole/jdk8u/build/linux-x86_64-normal-server-release/jdk/bin/java -Xmx20g -XX:+UseG1GC -classpath /home/anatole/ycsb/conf:/home/anatole/ycsb/core/target/core-0.18.0-SNAPSHOT.jar:/home/anatole/ycsb/core/target/dependency/HdrHistogram-2.1.4.jar:/home/anatole/ycsb/core/target/dependency/guava-18.0.jar:/home/anatole/ycsb/core/target/dependency/htrace-core4-4.1.0-incubating.jar:/home/anatole/ycsb/core/target/dependency/jackson-core-asl-1.9.4.jar:/home/anatole/ycsb/core/target/dependency/jackson-mapper-asl-1.9.4.jar:/home/anatole/ycsb/core/target/dependency/javax.persistence-api-2.2.jar:/home/anatole/ycsb/core/target/dependency/jnvm-1.0-SNAPSHOT.jar:/home/anatole/ycsb/core/target/dependency/pcj-1.0.jar:/home/anatole/ycsb/core/target/dependency/unsafe-helper-1.0.jar:/home/anatole/ycsb/infinispan/src/main/conf:/home/anatole/ycsb/infinispan/target/infinispan-binding-0.18.0-SNAPSHOT.jar:/home/anatole/ycsb/infinispan/target/dependency/caffeine-2.6.2.jar:/home/anatole/ycsb/infinispan/target/dependency/gson-2.8.2.jar:/home/anatole/ycsb/infinispan/target/dependency/guava-18.0.jar:/home/anatole/ycsb/infinispan/target/dependency/infinispan-cachestore-jnvm-1.0-SNAPSHOT.jar:/home/anatole/ycsb/infinispan/target/dependency/infinispan-cachestore-pcj-1.0-SNAPSHOT.jar:/home/anatole/ycsb/infinispan/target/dependency/infinispan-client-hotrod-9.4.20.Final.jar:/home/anatole/ycsb/infinispan/target/dependency/infinispan-commons-9.4.20.Final.jar:/home/anatole/ycsb/infinispan/target/dependency/infinispan-core-9.4.20.Final.jar:/home/anatole/ycsb/infinispan/target/dependency/javax.persistence-api-2.2.jar:/home/anatole/ycsb/infinispan/target/dependency/jboss-logging-3.3.2.Final.jar:/home/anatole/ycsb/infinispan/target/dependency/jboss-marshalling-osgi-2.0.6.Final.jar:/home/anatole/ycsb/infinispan/target/dependency/jboss-transaction-api_1.2_spec-1.1.1.Final.jar:/home/anatole/ycsb/infinispan/target/dependency/jgroups-4.0.21.Final.jar:/home/anatole/ycsb/infinispan/target/dependency/jnvm-1.0-SNAPSHOT.jar:/home/anatole/ycsb/infinispan/target/dependency/metainf-services-1.7.jar:/home/anatole/ycsb/infinispan/target/dependency/netty-buffer-4.1.51.Final.jar:/home/anatole/ycsb/infinispan/target/dependency/netty-codec-4.1.51.Final.jar:/home/anatole/ycsb/infinispan/target/dependency/netty-common-4.1.51.Final.jar:/home/anatole/ycsb/infinispan/target/dependency/netty-handler-4.1.51.Final.jar:/home/anatole/ycsb/infinispan/target/dependency/netty-resolver-4.1.51.Final.jar:/home/anatole/ycsb/infinispan/target/dependency/netty-transport-4.1.51.Final.jar:/home/anatole/ycsb/infinispan/target/dependency/netty-transport-native-epoll-4.1.51.Final-linux-x86_64.jar:/home/anatole/ycsb/infinispan/target/dependency/netty-transport-native-unix-common-4.1.51.Final.jar:/home/anatole/ycsb/infinispan/target/dependency/pcj-1.0.jar:/home/anatole/ycsb/infinispan/target/dependency/reactive-streams-1.0.2.jar:/home/anatole/ycsb/infinispan/target/dependency/rxjava-2.2.4.jar:/home/anatole/ycsb/infinispan/target/dependency/unsafe-helper-1.0.jar site.ycsb.Client -t -db site.ycsb.db.InfinispanJNVMClient -P ../workloads/workloadc -preload -s -threads 4 -p dataintegrity=true -p offheap=true -p pcj=false -p recordcount=1000000 -p operationcount=12000000 -p fieldcount=10 -p fieldlength=100 -p requestdistribution=zipfian -p measurement.trackjvm=true -p measurementtype=hdrhistogram -p hdrhistogram.output.path=./out/exp5.concurrent.ref/log/infinispan-jnvm.run.workloadc.true.1000000.1.10.100.zipfian.4.false..default.default.none.r6.hdr.log
[OVERALL], RunTime(ms), 27495
[OVERALL], Throughput(ops/sec), 472813.23877068557
[TOTAL_GCS_G1_Young_Generation], Count, 29
[TOTAL_GC_TIME_G1_Young_Generation], Time(ms), 2229
[TOTAL_GC_TIME_%_G1_Young_Generation], Time(%), 8.106928532460447
[TOTAL_GCS_G1_Old_Generation], Count, 0
[TOTAL_GC_TIME_G1_Old_Generation], Time(ms), 0
[TOTAL_GC_TIME_%_G1_Old_Generation], Time(%), 0.0
[TOTAL_GCs], Count, 29
[TOTAL_GC_TIME], Time(ms), 2229
[TOTAL_GC_TIME_%], Time(%), 8.106928532460447
[MAX_MEM_USED], MBs, 12414
[MIN_MEM_USED], MBs, 52
[MAX_THREADS], Count, 10
[MIN_THREADS], Count, 4
[MAX_SYS_LOAD_AVG], Load, 6.27
[MIN_SYS_LOAD_AVG], Load, 5.77
[THREAD_COUNT], Operations, 4
[THREAD_COUNT], AverageLatency(ns), 7.5
[THREAD_COUNT], MinLatency(ns), 4
[THREAD_COUNT], MaxLatency(ns), 10
[THREAD_COUNT], 95thPercentileLatency(ns), 10
[THREAD_COUNT], 99thPercentileLatency(ns), 10
[SYS_LOAD_AVG], Operations, 4
[SYS_LOAD_AVG], AverageLatency(ns), 5.5
[SYS_LOAD_AVG], MinLatency(ns), 5
[SYS_LOAD_AVG], MaxLatency(ns), 6
[SYS_LOAD_AVG], 95thPercentileLatency(ns), 6
[SYS_LOAD_AVG], 99thPercentileLatency(ns), 6
[LOAD], Operations, 4
[LOAD], AverageLatency(ns), 1.5816081408E10
[LOAD], MinLatency(ns), 15757737984
[LOAD], MaxLatency(ns), 15836708863
[LOAD], 95thPercentileLatency(ns), 15836708863
[LOAD], 99thPercentileLatency(ns), 15836708863
[USED_MEM_MB], Operations, 4
[USED_MEM_MB], AverageLatency(ns), 5306.5
[USED_MEM_MB], MinLatency(ns), 52
[USED_MEM_MB], MaxLatency(ns), 12414
[USED_MEM_MB], 95thPercentileLatency(ns), 12414
[USED_MEM_MB], 99thPercentileLatency(ns), 12414
[MAIN_GCs_Count], Operations, 4
[MAIN_GCs_Count], AverageLatency(ns), 3.0
[MAIN_GCs_Count], MinLatency(ns), 3
[MAIN_GCs_Count], MaxLatency(ns), 3
[MAIN_GCs_Count], 95thPercentileLatency(ns), 3
[MAIN_GCs_Count], 99thPercentileLatency(ns), 3
[MAIN_GCs_Time(ms)], Operations, 4
[MAIN_GCs_Time(ms)], AverageLatency(ns), 276.0
[MAIN_GCs_Time(ms)], MinLatency(ns), 276
[MAIN_GCs_Time(ms)], MaxLatency(ns), 276
[MAIN_GCs_Time(ms)], 95thPercentileLatency(ns), 276
[MAIN_GCs_Time(ms)], 99thPercentileLatency(ns), 276
[TRANSACTION], Operations, 4
[TRANSACTION], AverageLatency(ns), 9.877110784E9
[TRANSACTION], MinLatency(ns), 9828630528
[TRANSACTION], MaxLatency(ns), 9956098047
[TRANSACTION], 95thPercentileLatency(ns), 9956098047
[TRANSACTION], 99thPercentileLatency(ns), 9956098047
[GCS_TIME], Operations, 4
[GCS_TIME], AverageLatency(ns), 557.25
[GCS_TIME], MinLatency(ns), 0
[GCS_TIME], MaxLatency(ns), 1143
[GCS_TIME], 95thPercentileLatency(ns), 1143
[GCS_TIME], 99thPercentileLatency(ns), 1143
[LOAD_GCs_Time(ms)], Operations, 4
[LOAD_GCs_Time(ms)], AverageLatency(ns), 1934.0
[LOAD_GCs_Time(ms)], MinLatency(ns), 1934
[LOAD_GCs_Time(ms)], MaxLatency(ns), 1934
[LOAD_GCs_Time(ms)], 95thPercentileLatency(ns), 1934
[LOAD_GCs_Time(ms)], 99thPercentileLatency(ns), 1934
[READ], Operations, 12000000
[READ], AverageLatency(ns), 2245.7186698333335
[READ], MinLatency(ns), 237
[READ], MaxLatency(ns), 140538879
[READ], 95thPercentileLatency(ns), 3996
[READ], 99thPercentileLatency(ns), 5354
[READ], Return=OK, 12000000
[INIT], Operations, 4
[INIT], AverageLatency(ns), 1.634787328E9
[INIT], MinLatency(ns), 1634213888
[INIT], MaxLatency(ns), 1635581951
[INIT], 95thPercentileLatency(ns), 1635581951
[INIT], 99thPercentileLatency(ns), 1635581951
[GCS], Operations, 4
[GCS], AverageLatency(ns), 7.25
[GCS], MinLatency(ns), 0
[GCS], MaxLatency(ns), 21
[GCS], 95thPercentileLatency(ns), 21
[GCS], 99thPercentileLatency(ns), 21
[LOAD_GCs_Count], Operations, 4
[LOAD_GCs_Count], AverageLatency(ns), 25.0
[LOAD_GCs_Count], MinLatency(ns), 25
[LOAD_GCs_Count], MaxLatency(ns), 25
[LOAD_GCs_Count], 95thPercentileLatency(ns), 25
[LOAD_GCs_Count], 99thPercentileLatency(ns), 25
[CLEANUP], Operations, 4
[CLEANUP], AverageLatency(ns), 8.2824052E7
[CLEANUP], MinLatency(ns), 7007424
[CLEANUP], MaxLatency(ns), 122883071
[CLEANUP], 95thPercentileLatency(ns), 122883071
[CLEANUP], 99thPercentileLatency(ns), 122883071
[INSERT], Operations, 1000000
[INSERT], AverageLatency(ns), 24460.220911
[INSERT], MinLatency(ns), 3174
[INSERT], MaxLatency(ns), 223380479
[INSERT], 95thPercentileLatency(ns), 20433
[INSERT], 99thPercentileLatency(ns), 58379
[INSERT], Return=OK, 1000000
