/home/anatole/jdk8u/build/linux-x86_64-normal-server-release/jdk/bin/java -Xmx20g -XX:+UseG1GC -classpath /home/anatole/ycsb/conf:/home/anatole/ycsb/core/target/core-0.18.0-SNAPSHOT.jar:/home/anatole/ycsb/core/target/dependency/HdrHistogram-2.1.4.jar:/home/anatole/ycsb/core/target/dependency/guava-18.0.jar:/home/anatole/ycsb/core/target/dependency/htrace-core4-4.1.0-incubating.jar:/home/anatole/ycsb/core/target/dependency/jackson-core-asl-1.9.4.jar:/home/anatole/ycsb/core/target/dependency/jackson-mapper-asl-1.9.4.jar:/home/anatole/ycsb/core/target/dependency/javax.persistence-api-2.2.jar:/home/anatole/ycsb/core/target/dependency/jnvm-1.0-SNAPSHOT.jar:/home/anatole/ycsb/core/target/dependency/pcj-1.0.jar:/home/anatole/ycsb/core/target/dependency/unsafe-helper-1.0.jar:/home/anatole/ycsb/infinispan/src/main/conf:/home/anatole/ycsb/infinispan/target/infinispan-binding-0.18.0-SNAPSHOT.jar:/home/anatole/ycsb/infinispan/target/dependency/caffeine-2.6.2.jar:/home/anatole/ycsb/infinispan/target/dependency/gson-2.8.2.jar:/home/anatole/ycsb/infinispan/target/dependency/guava-18.0.jar:/home/anatole/ycsb/infinispan/target/dependency/infinispan-cachestore-jnvm-1.0-SNAPSHOT.jar:/home/anatole/ycsb/infinispan/target/dependency/infinispan-cachestore-pcj-1.0-SNAPSHOT.jar:/home/anatole/ycsb/infinispan/target/dependency/infinispan-client-hotrod-9.4.20.Final.jar:/home/anatole/ycsb/infinispan/target/dependency/infinispan-commons-9.4.20.Final.jar:/home/anatole/ycsb/infinispan/target/dependency/infinispan-core-9.4.20.Final.jar:/home/anatole/ycsb/infinispan/target/dependency/javax.persistence-api-2.2.jar:/home/anatole/ycsb/infinispan/target/dependency/jboss-logging-3.3.2.Final.jar:/home/anatole/ycsb/infinispan/target/dependency/jboss-marshalling-osgi-2.0.6.Final.jar:/home/anatole/ycsb/infinispan/target/dependency/jboss-transaction-api_1.2_spec-1.1.1.Final.jar:/home/anatole/ycsb/infinispan/target/dependency/jgroups-4.0.21.Final.jar:/home/anatole/ycsb/infinispan/target/dependency/jnvm-1.0-SNAPSHOT.jar:/home/anatole/ycsb/infinispan/target/dependency/metainf-services-1.7.jar:/home/anatole/ycsb/infinispan/target/dependency/netty-buffer-4.1.51.Final.jar:/home/anatole/ycsb/infinispan/target/dependency/netty-codec-4.1.51.Final.jar:/home/anatole/ycsb/infinispan/target/dependency/netty-common-4.1.51.Final.jar:/home/anatole/ycsb/infinispan/target/dependency/netty-handler-4.1.51.Final.jar:/home/anatole/ycsb/infinispan/target/dependency/netty-resolver-4.1.51.Final.jar:/home/anatole/ycsb/infinispan/target/dependency/netty-transport-4.1.51.Final.jar:/home/anatole/ycsb/infinispan/target/dependency/netty-transport-native-epoll-4.1.51.Final-linux-x86_64.jar:/home/anatole/ycsb/infinispan/target/dependency/netty-transport-native-unix-common-4.1.51.Final.jar:/home/anatole/ycsb/infinispan/target/dependency/pcj-1.0.jar:/home/anatole/ycsb/infinispan/target/dependency/reactive-streams-1.0.2.jar:/home/anatole/ycsb/infinispan/target/dependency/rxjava-2.2.4.jar:/home/anatole/ycsb/infinispan/target/dependency/unsafe-helper-1.0.jar site.ycsb.Client -t -db site.ycsb.db.InfinispanClient -P ../workloads/workloadc -preload -s -threads 2 -p dataintegrity=true -p offheap=false -p pcj=false -p recordcount=1000000 -p operationcount=6000000 -p fieldcount=10 -p fieldlength=100 -p requestdistribution=zipfian -p measurement.trackjvm=true -p measurementtype=hdrhistogram -p hdrhistogram.output.path=./out/exp5.concurrent.ref/log/infinispan.run.workloadc.true.1000000.1000000.10.100.zipfian.2.true..default.default.none.r6.hdr.log
[OVERALL], RunTime(ms), 15776
[OVERALL], Throughput(ops/sec), 443711.96754563897
[TOTAL_GCS_G1_Young_Generation], Count, 28
[TOTAL_GC_TIME_G1_Young_Generation], Time(ms), 2289
[TOTAL_GC_TIME_%_G1_Young_Generation], Time(%), 14.509381338742394
[TOTAL_GCS_G1_Old_Generation], Count, 0
[TOTAL_GC_TIME_G1_Old_Generation], Time(ms), 0
[TOTAL_GC_TIME_%_G1_Old_Generation], Time(%), 0.0
[TOTAL_GCs], Count, 28
[TOTAL_GC_TIME], Time(ms), 2289
[TOTAL_GC_TIME_%], Time(%), 14.509381338742394
[MAX_MEM_USED], MBs, 6564
[MIN_MEM_USED], MBs, 56
[MAX_THREADS], Count, 8
[MIN_THREADS], Count, 4
[MAX_SYS_LOAD_AVG], Load, 7.01
[MIN_SYS_LOAD_AVG], Load, 4.75
[THREAD_COUNT], Operations, 3
[THREAD_COUNT], AverageLatency(ns), 5.333333333333333
[THREAD_COUNT], MinLatency(ns), 4
[THREAD_COUNT], MaxLatency(ns), 8
[THREAD_COUNT], 95thPercentileLatency(ns), 8
[THREAD_COUNT], 99thPercentileLatency(ns), 8
[SYS_LOAD_AVG], Operations, 3
[SYS_LOAD_AVG], AverageLatency(ns), 5.666666666666667
[SYS_LOAD_AVG], MinLatency(ns), 4
[SYS_LOAD_AVG], MaxLatency(ns), 7
[SYS_LOAD_AVG], 95thPercentileLatency(ns), 7
[SYS_LOAD_AVG], 99thPercentileLatency(ns), 7
[LOAD], Operations, 2
[LOAD], AverageLatency(ns), 9.257385984E9
[LOAD], MinLatency(ns), 9251913728
[LOAD], MaxLatency(ns), 9262858239
[LOAD], 95thPercentileLatency(ns), 9262858239
[LOAD], 99thPercentileLatency(ns), 9262858239
[USED_MEM_MB], Operations, 3
[USED_MEM_MB], AverageLatency(ns), 3621.3333333333335
[USED_MEM_MB], MinLatency(ns), 56
[USED_MEM_MB], MaxLatency(ns), 6564
[USED_MEM_MB], 95thPercentileLatency(ns), 6564
[USED_MEM_MB], 99thPercentileLatency(ns), 6564
[MAIN_GCs_Count], Operations, 2
[MAIN_GCs_Count], AverageLatency(ns), 2.0
[MAIN_GCs_Count], MinLatency(ns), 2
[MAIN_GCs_Count], MaxLatency(ns), 2
[MAIN_GCs_Count], 95thPercentileLatency(ns), 2
[MAIN_GCs_Count], 99thPercentileLatency(ns), 2
[MAIN_GCs_Time(ms)], Operations, 2
[MAIN_GCs_Time(ms)], AverageLatency(ns), 185.0
[MAIN_GCs_Time(ms)], MinLatency(ns), 185
[MAIN_GCs_Time(ms)], MaxLatency(ns), 185
[MAIN_GCs_Time(ms)], 95thPercentileLatency(ns), 185
[MAIN_GCs_Time(ms)], 99thPercentileLatency(ns), 185
[TRANSACTION], Operations, 2
[TRANSACTION], AverageLatency(ns), 5.325307904E9
[TRANSACTION], MinLatency(ns), 5316739072
[TRANSACTION], MaxLatency(ns), 5333876735
[TRANSACTION], 95thPercentileLatency(ns), 5333876735
[TRANSACTION], 99thPercentileLatency(ns), 5333876735
[GCS_TIME], Operations, 3
[GCS_TIME], AverageLatency(ns), 763.0
[GCS_TIME], MinLatency(ns), 0
[GCS_TIME], MaxLatency(ns), 2236
[GCS_TIME], 95thPercentileLatency(ns), 2236
[GCS_TIME], 99thPercentileLatency(ns), 2236
[LOAD_GCs_Time(ms)], Operations, 2
[LOAD_GCs_Time(ms)], AverageLatency(ns), 2086.0
[LOAD_GCs_Time(ms)], MinLatency(ns), 2086
[LOAD_GCs_Time(ms)], MaxLatency(ns), 2086
[LOAD_GCs_Time(ms)], 95thPercentileLatency(ns), 2086
[LOAD_GCs_Time(ms)], 99thPercentileLatency(ns), 2086
[READ], Operations, 6000000
[READ], AverageLatency(ns), 848.5038228333333
[READ], MinLatency(ns), 188
[READ], MaxLatency(ns), 132871167
[READ], 95thPercentileLatency(ns), 3755
[READ], 99thPercentileLatency(ns), 4903
[READ], Return=OK, 6000000
[INIT], Operations, 2
[INIT], AverageLatency(ns), 6.14121472E8
[INIT], MinLatency(ns), 614092800
[INIT], MaxLatency(ns), 614150143
[INIT], 95thPercentileLatency(ns), 614150143
[INIT], 99thPercentileLatency(ns), 614150143
[GCS], Operations, 3
[GCS], AverageLatency(ns), 9.333333333333334
[GCS], MinLatency(ns), 0
[GCS], MaxLatency(ns), 27
[GCS], 95thPercentileLatency(ns), 27
[GCS], 99thPercentileLatency(ns), 27
[LOAD_GCs_Count], Operations, 2
[LOAD_GCs_Count], AverageLatency(ns), 25.0
[LOAD_GCs_Count], MinLatency(ns), 25
[LOAD_GCs_Count], MaxLatency(ns), 25
[LOAD_GCs_Count], 95thPercentileLatency(ns), 25
[LOAD_GCs_Count], 99thPercentileLatency(ns), 25
[CLEANUP], Operations, 2
[CLEANUP], AverageLatency(ns), 5.20587264E8
[CLEANUP], MinLatency(ns), 519225344
[CLEANUP], MaxLatency(ns), 521949183
[CLEANUP], 95thPercentileLatency(ns), 521949183
[CLEANUP], 99thPercentileLatency(ns), 521949183
[INSERT], Operations, 1000000
[INSERT], AverageLatency(ns), 5118.810226
[INSERT], MinLatency(ns), 1661
[INSERT], MaxLatency(ns), 170891263
[INSERT], 95thPercentileLatency(ns), 4983
[INSERT], 99thPercentileLatency(ns), 15823
[INSERT], Return=OK, 1000000
