/home/anatole/jdk8u/build/linux-x86_64-normal-server-release/jdk/bin/java -Xmx20g -XX:+UseG1GC -classpath /home/anatole/ycsb/conf:/home/anatole/ycsb/core/target/core-0.18.0-SNAPSHOT.jar:/home/anatole/ycsb/core/target/dependency/HdrHistogram-2.1.4.jar:/home/anatole/ycsb/core/target/dependency/guava-18.0.jar:/home/anatole/ycsb/core/target/dependency/htrace-core4-4.1.0-incubating.jar:/home/anatole/ycsb/core/target/dependency/jackson-core-asl-1.9.4.jar:/home/anatole/ycsb/core/target/dependency/jackson-mapper-asl-1.9.4.jar:/home/anatole/ycsb/core/target/dependency/javax.persistence-api-2.2.jar:/home/anatole/ycsb/core/target/dependency/jnvm-1.0-SNAPSHOT.jar:/home/anatole/ycsb/core/target/dependency/pcj-1.0.jar:/home/anatole/ycsb/core/target/dependency/unsafe-helper-1.0.jar:/home/anatole/ycsb/infinispan/src/main/conf:/home/anatole/ycsb/infinispan/target/infinispan-binding-0.18.0-SNAPSHOT.jar:/home/anatole/ycsb/infinispan/target/dependency/caffeine-2.6.2.jar:/home/anatole/ycsb/infinispan/target/dependency/gson-2.8.2.jar:/home/anatole/ycsb/infinispan/target/dependency/guava-18.0.jar:/home/anatole/ycsb/infinispan/target/dependency/infinispan-cachestore-jnvm-1.0-SNAPSHOT.jar:/home/anatole/ycsb/infinispan/target/dependency/infinispan-cachestore-pcj-1.0-SNAPSHOT.jar:/home/anatole/ycsb/infinispan/target/dependency/infinispan-client-hotrod-9.4.20.Final.jar:/home/anatole/ycsb/infinispan/target/dependency/infinispan-commons-9.4.20.Final.jar:/home/anatole/ycsb/infinispan/target/dependency/infinispan-core-9.4.20.Final.jar:/home/anatole/ycsb/infinispan/target/dependency/javax.persistence-api-2.2.jar:/home/anatole/ycsb/infinispan/target/dependency/jboss-logging-3.3.2.Final.jar:/home/anatole/ycsb/infinispan/target/dependency/jboss-marshalling-osgi-2.0.6.Final.jar:/home/anatole/ycsb/infinispan/target/dependency/jboss-transaction-api_1.2_spec-1.1.1.Final.jar:/home/anatole/ycsb/infinispan/target/dependency/jgroups-4.0.21.Final.jar:/home/anatole/ycsb/infinispan/target/dependency/jnvm-1.0-SNAPSHOT.jar:/home/anatole/ycsb/infinispan/target/dependency/metainf-services-1.7.jar:/home/anatole/ycsb/infinispan/target/dependency/netty-buffer-4.1.51.Final.jar:/home/anatole/ycsb/infinispan/target/dependency/netty-codec-4.1.51.Final.jar:/home/anatole/ycsb/infinispan/target/dependency/netty-common-4.1.51.Final.jar:/home/anatole/ycsb/infinispan/target/dependency/netty-handler-4.1.51.Final.jar:/home/anatole/ycsb/infinispan/target/dependency/netty-resolver-4.1.51.Final.jar:/home/anatole/ycsb/infinispan/target/dependency/netty-transport-4.1.51.Final.jar:/home/anatole/ycsb/infinispan/target/dependency/netty-transport-native-epoll-4.1.51.Final-linux-x86_64.jar:/home/anatole/ycsb/infinispan/target/dependency/netty-transport-native-unix-common-4.1.51.Final.jar:/home/anatole/ycsb/infinispan/target/dependency/pcj-1.0.jar:/home/anatole/ycsb/infinispan/target/dependency/reactive-streams-1.0.2.jar:/home/anatole/ycsb/infinispan/target/dependency/rxjava-2.2.4.jar:/home/anatole/ycsb/infinispan/target/dependency/unsafe-helper-1.0.jar site.ycsb.Client -t -db site.ycsb.db.InfinispanClient -P ../workloads/workloada -preload -s -threads 1 -p dataintegrity=true -p offheap=false -p pcj=false -p recordcount=1000000 -p operationcount=3000000 -p fieldcount=10 -p fieldlength=100 -p requestdistribution=zipfian -p measurement.trackjvm=true -p measurementtype=hdrhistogram -p hdrhistogram.output.path=./out/exp5.concurrent.ref/log/infinispan.run.workloada.true.1000000.1000000.10.100.zipfian.1.true..default.default.none.r2.hdr.log
[OVERALL], RunTime(ms), 24216
[OVERALL], Throughput(ops/sec), 165180.04625041294
[TOTAL_GCS_G1_Young_Generation], Count, 33
[TOTAL_GC_TIME_G1_Young_Generation], Time(ms), 3205
[TOTAL_GC_TIME_%_G1_Young_Generation], Time(%), 13.235051205814338
[TOTAL_GCS_G1_Old_Generation], Count, 0
[TOTAL_GC_TIME_G1_Old_Generation], Time(ms), 0
[TOTAL_GC_TIME_%_G1_Old_Generation], Time(%), 0.0
[TOTAL_GCs], Count, 33
[TOTAL_GC_TIME], Time(ms), 3205
[TOTAL_GC_TIME_%], Time(%), 13.235051205814338
[MAX_MEM_USED], MBs, 5361
[MIN_MEM_USED], MBs, 50
[MAX_THREADS], Count, 7
[MIN_THREADS], Count, 3
[MAX_SYS_LOAD_AVG], Load, 5.88
[MIN_SYS_LOAD_AVG], Load, 1.68
[THREAD_COUNT], Operations, 4
[THREAD_COUNT], AverageLatency(ns), 5.25
[THREAD_COUNT], MinLatency(ns), 3
[THREAD_COUNT], MaxLatency(ns), 7
[THREAD_COUNT], 95thPercentileLatency(ns), 7
[THREAD_COUNT], 99thPercentileLatency(ns), 7
[SYS_LOAD_AVG], Operations, 4
[SYS_LOAD_AVG], AverageLatency(ns), 3.0
[SYS_LOAD_AVG], MinLatency(ns), 1
[SYS_LOAD_AVG], MaxLatency(ns), 5
[SYS_LOAD_AVG], 95thPercentileLatency(ns), 5
[SYS_LOAD_AVG], 99thPercentileLatency(ns), 5
[LOAD], Operations, 1
[LOAD], AverageLatency(ns), 1.396457472E10
[LOAD], MinLatency(ns), 13964541952
[LOAD], MaxLatency(ns), 13964607487
[LOAD], 95thPercentileLatency(ns), 13964607487
[LOAD], 99thPercentileLatency(ns), 13964607487
[USED_MEM_MB], Operations, 4
[USED_MEM_MB], AverageLatency(ns), 3463.5
[USED_MEM_MB], MinLatency(ns), 50
[USED_MEM_MB], MaxLatency(ns), 5361
[USED_MEM_MB], 95thPercentileLatency(ns), 5361
[USED_MEM_MB], 99thPercentileLatency(ns), 5361
[MAIN_GCs_Count], Operations, 1
[MAIN_GCs_Count], AverageLatency(ns), 7.0
[MAIN_GCs_Count], MinLatency(ns), 7
[MAIN_GCs_Count], MaxLatency(ns), 7
[MAIN_GCs_Count], 95thPercentileLatency(ns), 7
[MAIN_GCs_Count], 99thPercentileLatency(ns), 7
[MAIN_GCs_Time(ms)], Operations, 1
[MAIN_GCs_Time(ms)], AverageLatency(ns), 1083.0
[MAIN_GCs_Time(ms)], MinLatency(ns), 1083
[MAIN_GCs_Time(ms)], MaxLatency(ns), 1083
[MAIN_GCs_Time(ms)], 95thPercentileLatency(ns), 1083
[MAIN_GCs_Time(ms)], 99thPercentileLatency(ns), 1083
[TRANSACTION], Operations, 1
[TRANSACTION], AverageLatency(ns), 8.927084544E9
[TRANSACTION], MinLatency(ns), 8927051776
[TRANSACTION], MaxLatency(ns), 8927117311
[TRANSACTION], 95thPercentileLatency(ns), 8927117311
[TRANSACTION], 99thPercentileLatency(ns), 8927117311
[GCS_TIME], Operations, 4
[GCS_TIME], AverageLatency(ns), 801.25
[GCS_TIME], MinLatency(ns), 0
[GCS_TIME], MaxLatency(ns), 1470
[GCS_TIME], 95thPercentileLatency(ns), 1470
[GCS_TIME], 99thPercentileLatency(ns), 1470
[LOAD_GCs_Time(ms)], Operations, 1
[LOAD_GCs_Time(ms)], AverageLatency(ns), 2104.0
[LOAD_GCs_Time(ms)], MinLatency(ns), 2104
[LOAD_GCs_Time(ms)], MaxLatency(ns), 2104
[LOAD_GCs_Time(ms)], 95thPercentileLatency(ns), 2104
[LOAD_GCs_Time(ms)], 99thPercentileLatency(ns), 2104
[READ], Operations, 1499835
[READ], AverageLatency(ns), 746.8518410358473
[READ], MinLatency(ns), 207
[READ], MaxLatency(ns), 143022079
[READ], 95thPercentileLatency(ns), 1710
[READ], 99thPercentileLatency(ns), 2618
[READ], Return=OK, 1499835
[INIT], Operations, 1
[INIT], AverageLatency(ns), 6.73101824E8
[INIT], MinLatency(ns), 673099776
[INIT], MaxLatency(ns), 673103871
[INIT], 95thPercentileLatency(ns), 673103871
[INIT], 99thPercentileLatency(ns), 673103871
[GCS], Operations, 4
[GCS], AverageLatency(ns), 8.25
[GCS], MinLatency(ns), 0
[GCS], MaxLatency(ns), 22
[GCS], 95thPercentileLatency(ns), 22
[GCS], 99thPercentileLatency(ns), 22
[LOAD_GCs_Count], Operations, 1
[LOAD_GCs_Count], AverageLatency(ns), 25.0
[LOAD_GCs_Count], MinLatency(ns), 25
[LOAD_GCs_Count], MaxLatency(ns), 25
[LOAD_GCs_Count], 95thPercentileLatency(ns), 25
[LOAD_GCs_Count], 99thPercentileLatency(ns), 25
[CLEANUP], Operations, 1
[CLEANUP], AverageLatency(ns), 5.60883712E8
[CLEANUP], MinLatency(ns), 560881664
[CLEANUP], MaxLatency(ns), 560885759
[CLEANUP], 95thPercentileLatency(ns), 560885759
[CLEANUP], 99thPercentileLatency(ns), 560885759
[INSERT], Operations, 1000000
[INSERT], AverageLatency(ns), 2651.145664
[INSERT], MinLatency(ns), 1577
[INSERT], MaxLatency(ns), 94397951
[INSERT], 95thPercentileLatency(ns), 2456
[INSERT], 99thPercentileLatency(ns), 4981
[INSERT], Return=OK, 1000000
[UPDATE], Operations, 1500165
[UPDATE], AverageLatency(ns), 2595.702291414611
[UPDATE], MinLatency(ns), 1184
[UPDATE], MaxLatency(ns), 209592319
[UPDATE], 95thPercentileLatency(ns), 4083
[UPDATE], 99thPercentileLatency(ns), 5402
[UPDATE], Return=OK, 1500165
