/home/anatole/jdk8u/build/linux-x86_64-normal-server-release/jdk/bin/java -Xmx20g -XX:+UseG1GC -classpath /home/anatole/ycsb/conf:/home/anatole/ycsb/core/target/core-0.18.0-SNAPSHOT.jar:/home/anatole/ycsb/core/target/dependency/HdrHistogram-2.1.4.jar:/home/anatole/ycsb/core/target/dependency/guava-18.0.jar:/home/anatole/ycsb/core/target/dependency/htrace-core4-4.1.0-incubating.jar:/home/anatole/ycsb/core/target/dependency/jackson-core-asl-1.9.4.jar:/home/anatole/ycsb/core/target/dependency/jackson-mapper-asl-1.9.4.jar:/home/anatole/ycsb/core/target/dependency/javax.persistence-api-2.2.jar:/home/anatole/ycsb/core/target/dependency/jnvm-1.0-SNAPSHOT.jar:/home/anatole/ycsb/core/target/dependency/pcj-1.0.jar:/home/anatole/ycsb/core/target/dependency/unsafe-helper-1.0.jar:/home/anatole/ycsb/infinispan/src/main/conf:/home/anatole/ycsb/infinispan/target/infinispan-binding-0.18.0-SNAPSHOT.jar:/home/anatole/ycsb/infinispan/target/dependency/caffeine-2.6.2.jar:/home/anatole/ycsb/infinispan/target/dependency/gson-2.8.2.jar:/home/anatole/ycsb/infinispan/target/dependency/guava-18.0.jar:/home/anatole/ycsb/infinispan/target/dependency/infinispan-cachestore-jnvm-1.0-SNAPSHOT.jar:/home/anatole/ycsb/infinispan/target/dependency/infinispan-cachestore-pcj-1.0-SNAPSHOT.jar:/home/anatole/ycsb/infinispan/target/dependency/infinispan-client-hotrod-9.4.20.Final.jar:/home/anatole/ycsb/infinispan/target/dependency/infinispan-commons-9.4.20.Final.jar:/home/anatole/ycsb/infinispan/target/dependency/infinispan-core-9.4.20.Final.jar:/home/anatole/ycsb/infinispan/target/dependency/javax.persistence-api-2.2.jar:/home/anatole/ycsb/infinispan/target/dependency/jboss-logging-3.3.2.Final.jar:/home/anatole/ycsb/infinispan/target/dependency/jboss-marshalling-osgi-2.0.6.Final.jar:/home/anatole/ycsb/infinispan/target/dependency/jboss-transaction-api_1.2_spec-1.1.1.Final.jar:/home/anatole/ycsb/infinispan/target/dependency/jgroups-4.0.21.Final.jar:/home/anatole/ycsb/infinispan/target/dependency/jnvm-1.0-SNAPSHOT.jar:/home/anatole/ycsb/infinispan/target/dependency/metainf-services-1.7.jar:/home/anatole/ycsb/infinispan/target/dependency/netty-buffer-4.1.51.Final.jar:/home/anatole/ycsb/infinispan/target/dependency/netty-codec-4.1.51.Final.jar:/home/anatole/ycsb/infinispan/target/dependency/netty-common-4.1.51.Final.jar:/home/anatole/ycsb/infinispan/target/dependency/netty-handler-4.1.51.Final.jar:/home/anatole/ycsb/infinispan/target/dependency/netty-resolver-4.1.51.Final.jar:/home/anatole/ycsb/infinispan/target/dependency/netty-transport-4.1.51.Final.jar:/home/anatole/ycsb/infinispan/target/dependency/netty-transport-native-epoll-4.1.51.Final-linux-x86_64.jar:/home/anatole/ycsb/infinispan/target/dependency/netty-transport-native-unix-common-4.1.51.Final.jar:/home/anatole/ycsb/infinispan/target/dependency/pcj-1.0.jar:/home/anatole/ycsb/infinispan/target/dependency/reactive-streams-1.0.2.jar:/home/anatole/ycsb/infinispan/target/dependency/rxjava-2.2.4.jar:/home/anatole/ycsb/infinispan/target/dependency/unsafe-helper-1.0.jar site.ycsb.Client -t -db site.ycsb.db.InfinispanJNVMClient -P ../workloads/workloadc -preload -s -threads 16 -p dataintegrity=true -p offheap=true -p pcj=false -p recordcount=1000000 -p operationcount=48000000 -p fieldcount=10 -p fieldlength=100 -p requestdistribution=zipfian -p measurement.trackjvm=true -p measurementtype=hdrhistogram -p hdrhistogram.output.path=./out/exp5.concurrent.ref/log/infinispan-jnvm.run.workloadc.true.1000000.1.10.100.zipfian.16.false..default.default.none.r4.hdr.log
[OVERALL], RunTime(ms), 41238
[OVERALL], Throughput(ops/sec), 1188224.4531742567
[TOTAL_GCS_G1_Young_Generation], Count, 42
[TOTAL_GC_TIME_G1_Young_Generation], Time(ms), 2168
[TOTAL_GC_TIME_%_G1_Young_Generation], Time(%), 5.257286968330181
[TOTAL_GCS_G1_Old_Generation], Count, 0
[TOTAL_GC_TIME_G1_Old_Generation], Time(ms), 0
[TOTAL_GC_TIME_%_G1_Old_Generation], Time(%), 0.0
[TOTAL_GCs], Count, 42
[TOTAL_GC_TIME], Time(ms), 2168
[TOTAL_GC_TIME_%], Time(%), 5.257286968330181
[MAX_MEM_USED], MBs, 15328
[MIN_MEM_USED], MBs, 70
[MAX_THREADS], Count, 22
[MIN_THREADS], Count, 4
[MAX_SYS_LOAD_AVG], Load, 11.43
[MIN_SYS_LOAD_AVG], Load, 9.68
[THREAD_COUNT], Operations, 6
[THREAD_COUNT], AverageLatency(ns), 18.333333333333332
[THREAD_COUNT], MinLatency(ns), 4
[THREAD_COUNT], MaxLatency(ns), 22
[THREAD_COUNT], 95thPercentileLatency(ns), 22
[THREAD_COUNT], 99thPercentileLatency(ns), 22
[SYS_LOAD_AVG], Operations, 6
[SYS_LOAD_AVG], AverageLatency(ns), 10.0
[SYS_LOAD_AVG], MinLatency(ns), 9
[SYS_LOAD_AVG], MaxLatency(ns), 11
[SYS_LOAD_AVG], 95thPercentileLatency(ns), 11
[SYS_LOAD_AVG], 99thPercentileLatency(ns), 11
[LOAD], Operations, 16
[LOAD], AverageLatency(ns), 1.526536192E10
[LOAD], MinLatency(ns), 15041232896
[LOAD], MaxLatency(ns), 15366750207
[LOAD], 95thPercentileLatency(ns), 15366619135
[LOAD], 99thPercentileLatency(ns), 15366750207
[USED_MEM_MB], Operations, 6
[USED_MEM_MB], AverageLatency(ns), 6579.5
[USED_MEM_MB], MinLatency(ns), 70
[USED_MEM_MB], MaxLatency(ns), 15328
[USED_MEM_MB], 95thPercentileLatency(ns), 15328
[USED_MEM_MB], 99thPercentileLatency(ns), 15328
[MAIN_GCs_Count], Operations, 16
[MAIN_GCs_Count], AverageLatency(ns), 15.625
[MAIN_GCs_Count], MinLatency(ns), 14
[MAIN_GCs_Count], MaxLatency(ns), 17
[MAIN_GCs_Count], 95thPercentileLatency(ns), 17
[MAIN_GCs_Count], 99thPercentileLatency(ns), 17
[MAIN_GCs_Time(ms)], Operations, 16
[MAIN_GCs_Time(ms)], AverageLatency(ns), 263.875
[MAIN_GCs_Time(ms)], MinLatency(ns), 229
[MAIN_GCs_Time(ms)], MaxLatency(ns), 294
[MAIN_GCs_Time(ms)], 95thPercentileLatency(ns), 294
[MAIN_GCs_Time(ms)], 99thPercentileLatency(ns), 294
[TRANSACTION], Operations, 16
[TRANSACTION], AverageLatency(ns), 1.7736654848E10
[TRANSACTION], MinLatency(ns), 10962731008
[TRANSACTION], MaxLatency(ns), 24128651263
[TRANSACTION], 95thPercentileLatency(ns), 23948427263
[TRANSACTION], 99thPercentileLatency(ns), 24128651263
[GCS_TIME], Operations, 6
[GCS_TIME], AverageLatency(ns), 361.3333333333333
[GCS_TIME], MinLatency(ns), 0
[GCS_TIME], MaxLatency(ns), 1208
[GCS_TIME], 95thPercentileLatency(ns), 1208
[GCS_TIME], 99thPercentileLatency(ns), 1208
[LOAD_GCs_Time(ms)], Operations, 16
[LOAD_GCs_Time(ms)], AverageLatency(ns), 1856.0
[LOAD_GCs_Time(ms)], MinLatency(ns), 1856
[LOAD_GCs_Time(ms)], MaxLatency(ns), 1856
[LOAD_GCs_Time(ms)], 95thPercentileLatency(ns), 1856
[LOAD_GCs_Time(ms)], 99thPercentileLatency(ns), 1856
[READ], Operations, 48000000
[READ], AverageLatency(ns), 4548.195556166666
[READ], MinLatency(ns), 197
[READ], MaxLatency(ns), 7226327039
[READ], 95thPercentileLatency(ns), 2804
[READ], 99thPercentileLatency(ns), 6868
[READ], Return=OK, 48000000
[INIT], Operations, 16
[INIT], AverageLatency(ns), 1.628281856E9
[INIT], MinLatency(ns), 1625145344
[INIT], MaxLatency(ns), 1632296959
[INIT], 95thPercentileLatency(ns), 1632264191
[INIT], 99thPercentileLatency(ns), 1632296959
[GCS], Operations, 6
[GCS], AverageLatency(ns), 7.0
[GCS], MinLatency(ns), 0
[GCS], MaxLatency(ns), 21
[GCS], 95thPercentileLatency(ns), 21
[GCS], 99thPercentileLatency(ns), 21
[LOAD_GCs_Count], Operations, 16
[LOAD_GCs_Count], AverageLatency(ns), 24.0
[LOAD_GCs_Count], MinLatency(ns), 24
[LOAD_GCs_Count], MaxLatency(ns), 24
[LOAD_GCs_Count], 95thPercentileLatency(ns), 24
[LOAD_GCs_Count], 99thPercentileLatency(ns), 24
[CLEANUP], Operations, 16
[CLEANUP], AverageLatency(ns), 6.394570963E9
[CLEANUP], MinLatency(ns), 6016800
[CLEANUP], MaxLatency(ns), 13158449151
[CLEANUP], 95thPercentileLatency(ns), 12900958207
[CLEANUP], 99thPercentileLatency(ns), 13158449151
[INSERT], Operations, 1000000
[INSERT], AverageLatency(ns), 90957.051261
[INSERT], MinLatency(ns), 3614
[INSERT], MaxLatency(ns), 197004287
[INSERT], 95thPercentileLatency(ns), 73874
[INSERT], 99thPercentileLatency(ns), 2532095
[INSERT], Return=OK, 1000000
