/home/anatole/jdk8u/build/linux-x86_64-normal-server-release/jdk/bin/java -Xmx20g -XX:+UseG1GC -classpath /home/anatole/ycsb/conf:/home/anatole/ycsb/core/target/core-0.18.0-SNAPSHOT.jar:/home/anatole/ycsb/core/target/dependency/HdrHistogram-2.1.4.jar:/home/anatole/ycsb/core/target/dependency/guava-18.0.jar:/home/anatole/ycsb/core/target/dependency/htrace-core4-4.1.0-incubating.jar:/home/anatole/ycsb/core/target/dependency/jackson-core-asl-1.9.4.jar:/home/anatole/ycsb/core/target/dependency/jackson-mapper-asl-1.9.4.jar:/home/anatole/ycsb/core/target/dependency/javax.persistence-api-2.2.jar:/home/anatole/ycsb/core/target/dependency/jnvm-1.0-SNAPSHOT.jar:/home/anatole/ycsb/core/target/dependency/pcj-1.0.jar:/home/anatole/ycsb/core/target/dependency/unsafe-helper-1.0.jar:/home/anatole/ycsb/infinispan/src/main/conf:/home/anatole/ycsb/infinispan/target/infinispan-binding-0.18.0-SNAPSHOT.jar:/home/anatole/ycsb/infinispan/target/dependency/caffeine-2.6.2.jar:/home/anatole/ycsb/infinispan/target/dependency/gson-2.8.2.jar:/home/anatole/ycsb/infinispan/target/dependency/guava-18.0.jar:/home/anatole/ycsb/infinispan/target/dependency/infinispan-cachestore-jnvm-1.0-SNAPSHOT.jar:/home/anatole/ycsb/infinispan/target/dependency/infinispan-cachestore-pcj-1.0-SNAPSHOT.jar:/home/anatole/ycsb/infinispan/target/dependency/infinispan-client-hotrod-9.4.20.Final.jar:/home/anatole/ycsb/infinispan/target/dependency/infinispan-commons-9.4.20.Final.jar:/home/anatole/ycsb/infinispan/target/dependency/infinispan-core-9.4.20.Final.jar:/home/anatole/ycsb/infinispan/target/dependency/javax.persistence-api-2.2.jar:/home/anatole/ycsb/infinispan/target/dependency/jboss-logging-3.3.2.Final.jar:/home/anatole/ycsb/infinispan/target/dependency/jboss-marshalling-osgi-2.0.6.Final.jar:/home/anatole/ycsb/infinispan/target/dependency/jboss-transaction-api_1.2_spec-1.1.1.Final.jar:/home/anatole/ycsb/infinispan/target/dependency/jgroups-4.0.21.Final.jar:/home/anatole/ycsb/infinispan/target/dependency/jnvm-1.0-SNAPSHOT.jar:/home/anatole/ycsb/infinispan/target/dependency/metainf-services-1.7.jar:/home/anatole/ycsb/infinispan/target/dependency/netty-buffer-4.1.51.Final.jar:/home/anatole/ycsb/infinispan/target/dependency/netty-codec-4.1.51.Final.jar:/home/anatole/ycsb/infinispan/target/dependency/netty-common-4.1.51.Final.jar:/home/anatole/ycsb/infinispan/target/dependency/netty-handler-4.1.51.Final.jar:/home/anatole/ycsb/infinispan/target/dependency/netty-resolver-4.1.51.Final.jar:/home/anatole/ycsb/infinispan/target/dependency/netty-transport-4.1.51.Final.jar:/home/anatole/ycsb/infinispan/target/dependency/netty-transport-native-epoll-4.1.51.Final-linux-x86_64.jar:/home/anatole/ycsb/infinispan/target/dependency/netty-transport-native-unix-common-4.1.51.Final.jar:/home/anatole/ycsb/infinispan/target/dependency/pcj-1.0.jar:/home/anatole/ycsb/infinispan/target/dependency/reactive-streams-1.0.2.jar:/home/anatole/ycsb/infinispan/target/dependency/rxjava-2.2.4.jar:/home/anatole/ycsb/infinispan/target/dependency/unsafe-helper-1.0.jar site.ycsb.Client -t -db site.ycsb.db.InfinispanClient -P ../workloads/workloadc -preload -s -threads 32 -p dataintegrity=true -p offheap=false -p pcj=false -p recordcount=1000000 -p operationcount=60000000 -p fieldcount=10 -p fieldlength=100 -p requestdistribution=zipfian -p measurement.trackjvm=true -p measurementtype=hdrhistogram -p hdrhistogram.output.path=./out/exp5.concurrent.ref/log/infinispan.run.workloadc.true.1000000.1000000.10.100.zipfian.32.true..default.default.none.r3.hdr.log
[OVERALL], RunTime(ms), 75724
[OVERALL], Throughput(ops/sec), 805557.0228725371
[TOTAL_GCS_G1_Young_Generation], Count, 34
[TOTAL_GC_TIME_G1_Young_Generation], Time(ms), 2433
[TOTAL_GC_TIME_%_G1_Young_Generation], Time(%), 3.212983994506365
[TOTAL_GCS_G1_Old_Generation], Count, 0
[TOTAL_GC_TIME_G1_Old_Generation], Time(ms), 0
[TOTAL_GC_TIME_%_G1_Old_Generation], Time(%), 0.0
[TOTAL_GCs], Count, 34
[TOTAL_GC_TIME], Time(ms), 2433
[TOTAL_GC_TIME_%], Time(%), 3.212983994506365
[MAX_MEM_USED], MBs, 15670
[MIN_MEM_USED], MBs, 96
[MAX_THREADS], Count, 38
[MIN_THREADS], Count, 4
[MAX_SYS_LOAD_AVG], Load, 12.09
[MIN_SYS_LOAD_AVG], Load, 8.3
[THREAD_COUNT], Operations, 9
[THREAD_COUNT], AverageLatency(ns), 33.77777777777778
[THREAD_COUNT], MinLatency(ns), 4
[THREAD_COUNT], MaxLatency(ns), 38
[THREAD_COUNT], 95thPercentileLatency(ns), 38
[THREAD_COUNT], 99thPercentileLatency(ns), 38
[SYS_LOAD_AVG], Operations, 9
[SYS_LOAD_AVG], AverageLatency(ns), 10.222222222222221
[SYS_LOAD_AVG], MinLatency(ns), 8
[SYS_LOAD_AVG], MaxLatency(ns), 12
[SYS_LOAD_AVG], 95thPercentileLatency(ns), 12
[SYS_LOAD_AVG], 99thPercentileLatency(ns), 12
[LOAD], Operations, 32
[LOAD], AverageLatency(ns), 6.928526336E9
[LOAD], MinLatency(ns), 6182240256
[LOAD], MaxLatency(ns), 7143620607
[LOAD], 95thPercentileLatency(ns), 7117504511
[LOAD], 99thPercentileLatency(ns), 7143620607
[USED_MEM_MB], Operations, 9
[USED_MEM_MB], AverageLatency(ns), 8559.555555555555
[USED_MEM_MB], MinLatency(ns), 96
[USED_MEM_MB], MaxLatency(ns), 15670
[USED_MEM_MB], 95thPercentileLatency(ns), 15670
[USED_MEM_MB], 99thPercentileLatency(ns), 15670
[MAIN_GCs_Count], Operations, 32
[MAIN_GCs_Count], AverageLatency(ns), 9.0
[MAIN_GCs_Count], MinLatency(ns), 9
[MAIN_GCs_Count], MaxLatency(ns), 9
[MAIN_GCs_Count], 95thPercentileLatency(ns), 9
[MAIN_GCs_Count], 99thPercentileLatency(ns), 9
[MAIN_GCs_Time(ms)], Operations, 32
[MAIN_GCs_Time(ms)], AverageLatency(ns), 373.0
[MAIN_GCs_Time(ms)], MinLatency(ns), 373
[MAIN_GCs_Time(ms)], MaxLatency(ns), 373
[MAIN_GCs_Time(ms)], 95thPercentileLatency(ns), 373
[MAIN_GCs_Time(ms)], 99thPercentileLatency(ns), 373
[TRANSACTION], Operations, 32
[TRANSACTION], AverageLatency(ns), 6.680190976E10
[TRANSACTION], MinLatency(ns), 65836417024
[TRANSACTION], MaxLatency(ns), 67305471999
[TRANSACTION], 95thPercentileLatency(ns), 67294199807
[TRANSACTION], 99thPercentileLatency(ns), 67305471999
[GCS_TIME], Operations, 9
[GCS_TIME], AverageLatency(ns), 270.3333333333333
[GCS_TIME], MinLatency(ns), 0
[GCS_TIME], MaxLatency(ns), 2308
[GCS_TIME], 95thPercentileLatency(ns), 2308
[GCS_TIME], 99thPercentileLatency(ns), 2308
[LOAD_GCs_Time(ms)], Operations, 32
[LOAD_GCs_Time(ms)], AverageLatency(ns), 1993.34375
[LOAD_GCs_Time(ms)], MinLatency(ns), 1694
[LOAD_GCs_Time(ms)], MaxLatency(ns), 2030
[LOAD_GCs_Time(ms)], 95thPercentileLatency(ns), 2030
[LOAD_GCs_Time(ms)], 99thPercentileLatency(ns), 2030
[READ], Operations, 60000000
[READ], AverageLatency(ns), 32365.80488538333
[READ], MinLatency(ns), 256
[READ], MaxLatency(ns), 179189759
[READ], 95thPercentileLatency(ns), 295703
[READ], 99thPercentileLatency(ns), 327853
[READ], Return=OK, 60000000
[INIT], Operations, 32
[INIT], AverageLatency(ns), 6.05073408E8
[INIT], MinLatency(ns), 598712320
[INIT], MaxLatency(ns), 611745791
[INIT], 95thPercentileLatency(ns), 610336767
[INIT], 99thPercentileLatency(ns), 611745791
[GCS], Operations, 9
[GCS], AverageLatency(ns), 3.7777777777777777
[GCS], MinLatency(ns), 0
[GCS], MaxLatency(ns), 27
[GCS], 95thPercentileLatency(ns), 27
[GCS], 99thPercentileLatency(ns), 27
[LOAD_GCs_Count], Operations, 32
[LOAD_GCs_Count], AverageLatency(ns), 22.78125
[LOAD_GCs_Count], MinLatency(ns), 21
[LOAD_GCs_Count], MaxLatency(ns), 23
[LOAD_GCs_Count], 95thPercentileLatency(ns), 23
[LOAD_GCs_Count], 99thPercentileLatency(ns), 23
[CLEANUP], Operations, 32
[CLEANUP], AverageLatency(ns), 1.044031232E9
[CLEANUP], MinLatency(ns), 540942336
[CLEANUP], MaxLatency(ns), 1995112447
[CLEANUP], 95thPercentileLatency(ns), 1891598335
[CLEANUP], 99thPercentileLatency(ns), 1995112447
[INSERT], Operations, 1000000
[INSERT], AverageLatency(ns), 116501.882416
[INSERT], MinLatency(ns), 1795
[INSERT], MaxLatency(ns), 396486655
[INSERT], 95thPercentileLatency(ns), 87715
[INSERT], 99thPercentileLatency(ns), 308061
[INSERT], Return=OK, 1000000
