/home/anatole/jdk8u/build/linux-x86_64-normal-server-release/jdk/bin/java -Xmx20g -XX:+UseG1GC -classpath /home/anatole/ycsb/conf:/home/anatole/ycsb/core/target/core-0.18.0-SNAPSHOT.jar:/home/anatole/ycsb/core/target/dependency/HdrHistogram-2.1.4.jar:/home/anatole/ycsb/core/target/dependency/guava-18.0.jar:/home/anatole/ycsb/core/target/dependency/htrace-core4-4.1.0-incubating.jar:/home/anatole/ycsb/core/target/dependency/jackson-core-asl-1.9.4.jar:/home/anatole/ycsb/core/target/dependency/jackson-mapper-asl-1.9.4.jar:/home/anatole/ycsb/core/target/dependency/javax.persistence-api-2.2.jar:/home/anatole/ycsb/core/target/dependency/jnvm-1.0-SNAPSHOT.jar:/home/anatole/ycsb/core/target/dependency/pcj-1.0.jar:/home/anatole/ycsb/core/target/dependency/unsafe-helper-1.0.jar:/home/anatole/ycsb/infinispan/src/main/conf:/home/anatole/ycsb/infinispan/target/infinispan-binding-0.18.0-SNAPSHOT.jar:/home/anatole/ycsb/infinispan/target/dependency/caffeine-2.6.2.jar:/home/anatole/ycsb/infinispan/target/dependency/gson-2.8.2.jar:/home/anatole/ycsb/infinispan/target/dependency/guava-18.0.jar:/home/anatole/ycsb/infinispan/target/dependency/infinispan-cachestore-jnvm-1.0-SNAPSHOT.jar:/home/anatole/ycsb/infinispan/target/dependency/infinispan-cachestore-pcj-1.0-SNAPSHOT.jar:/home/anatole/ycsb/infinispan/target/dependency/infinispan-client-hotrod-9.4.20.Final.jar:/home/anatole/ycsb/infinispan/target/dependency/infinispan-commons-9.4.20.Final.jar:/home/anatole/ycsb/infinispan/target/dependency/infinispan-core-9.4.20.Final.jar:/home/anatole/ycsb/infinispan/target/dependency/javax.persistence-api-2.2.jar:/home/anatole/ycsb/infinispan/target/dependency/jboss-logging-3.3.2.Final.jar:/home/anatole/ycsb/infinispan/target/dependency/jboss-marshalling-osgi-2.0.6.Final.jar:/home/anatole/ycsb/infinispan/target/dependency/jboss-transaction-api_1.2_spec-1.1.1.Final.jar:/home/anatole/ycsb/infinispan/target/dependency/jgroups-4.0.21.Final.jar:/home/anatole/ycsb/infinispan/target/dependency/jnvm-1.0-SNAPSHOT.jar:/home/anatole/ycsb/infinispan/target/dependency/metainf-services-1.7.jar:/home/anatole/ycsb/infinispan/target/dependency/netty-buffer-4.1.51.Final.jar:/home/anatole/ycsb/infinispan/target/dependency/netty-codec-4.1.51.Final.jar:/home/anatole/ycsb/infinispan/target/dependency/netty-common-4.1.51.Final.jar:/home/anatole/ycsb/infinispan/target/dependency/netty-handler-4.1.51.Final.jar:/home/anatole/ycsb/infinispan/target/dependency/netty-resolver-4.1.51.Final.jar:/home/anatole/ycsb/infinispan/target/dependency/netty-transport-4.1.51.Final.jar:/home/anatole/ycsb/infinispan/target/dependency/netty-transport-native-epoll-4.1.51.Final-linux-x86_64.jar:/home/anatole/ycsb/infinispan/target/dependency/netty-transport-native-unix-common-4.1.51.Final.jar:/home/anatole/ycsb/infinispan/target/dependency/pcj-1.0.jar:/home/anatole/ycsb/infinispan/target/dependency/reactive-streams-1.0.2.jar:/home/anatole/ycsb/infinispan/target/dependency/rxjava-2.2.4.jar:/home/anatole/ycsb/infinispan/target/dependency/unsafe-helper-1.0.jar site.ycsb.Client -t -db site.ycsb.db.InfinispanClient -P ../workloads/workloadc -preload -s -threads 24 -p dataintegrity=true -p offheap=false -p pcj=false -p recordcount=1000000 -p operationcount=60000000 -p fieldcount=10 -p fieldlength=100 -p requestdistribution=zipfian -p measurement.trackjvm=true -p measurementtype=hdrhistogram -p hdrhistogram.output.path=./out/exp5.concurrent.ref/log/infinispan.run.workloadc.true.1000000.100000.10.100.zipfian.24.false..default.default.none.r3.hdr.log
[OVERALL], RunTime(ms), 334843
[OVERALL], Throughput(ops/sec), 182174.9297431931
[TOTAL_GCS_G1_Young_Generation], Count, 95
[TOTAL_GC_TIME_G1_Young_Generation], Time(ms), 7537
[TOTAL_GC_TIME_%_G1_Young_Generation], Time(%), 2.2509056483187644
[TOTAL_GCS_G1_Old_Generation], Count, 0
[TOTAL_GC_TIME_G1_Old_Generation], Time(ms), 0
[TOTAL_GC_TIME_%_G1_Old_Generation], Time(%), 0.0
[TOTAL_GCs], Count, 95
[TOTAL_GC_TIME], Time(ms), 7537
[TOTAL_GC_TIME_%], Time(%), 2.2509056483187644
[MAX_MEM_USED], MBs, 10738
[MIN_MEM_USED], MBs, 82
[MAX_THREADS], Count, 30
[MIN_THREADS], Count, 2
[MAX_SYS_LOAD_AVG], Load, 11.75
[MIN_SYS_LOAD_AVG], Load, 9.26
[THREAD_COUNT], Operations, 35
[THREAD_COUNT], AverageLatency(ns), 27.82857142857143
[THREAD_COUNT], MinLatency(ns), 2
[THREAD_COUNT], MaxLatency(ns), 30
[THREAD_COUNT], 95thPercentileLatency(ns), 30
[THREAD_COUNT], 99thPercentileLatency(ns), 30
[SYS_LOAD_AVG], Operations, 35
[SYS_LOAD_AVG], AverageLatency(ns), 10.057142857142857
[SYS_LOAD_AVG], MinLatency(ns), 9
[SYS_LOAD_AVG], MaxLatency(ns), 11
[SYS_LOAD_AVG], 95thPercentileLatency(ns), 11
[SYS_LOAD_AVG], 99thPercentileLatency(ns), 11
[LOAD], Operations, 24
[LOAD], AverageLatency(ns), 1.2939911168E10
[LOAD], MinLatency(ns), 11773804544
[LOAD], MaxLatency(ns), 13793951743
[LOAD], 95thPercentileLatency(ns), 13778419711
[LOAD], 99thPercentileLatency(ns), 13793951743
[USED_MEM_MB], Operations, 35
[USED_MEM_MB], AverageLatency(ns), 6610.2
[USED_MEM_MB], MinLatency(ns), 82
[USED_MEM_MB], MaxLatency(ns), 10738
[USED_MEM_MB], 95thPercentileLatency(ns), 10249
[USED_MEM_MB], 99thPercentileLatency(ns), 10738
[MAIN_GCs_Count], Operations, 24
[MAIN_GCs_Count], AverageLatency(ns), 76.0
[MAIN_GCs_Count], MinLatency(ns), 76
[MAIN_GCs_Count], MaxLatency(ns), 76
[MAIN_GCs_Count], 95thPercentileLatency(ns), 76
[MAIN_GCs_Count], 99thPercentileLatency(ns), 76
[MAIN_GCs_Time(ms)], Operations, 24
[MAIN_GCs_Time(ms)], AverageLatency(ns), 6723.0
[MAIN_GCs_Time(ms)], MinLatency(ns), 6723
[MAIN_GCs_Time(ms)], MaxLatency(ns), 6723
[MAIN_GCs_Time(ms)], 95thPercentileLatency(ns), 6723
[MAIN_GCs_Time(ms)], 99thPercentileLatency(ns), 6723
[TRANSACTION], Operations, 24
[TRANSACTION], AverageLatency(ns), 3.194019293866667E11
[TRANSACTION], MinLatency(ns), 317747888128
[TRANSACTION], MaxLatency(ns), 320180584447
[TRANSACTION], 95thPercentileLatency(ns), 320073629695
[TRANSACTION], 99thPercentileLatency(ns), 320180584447
[GCS_TIME], Operations, 35
[GCS_TIME], AverageLatency(ns), 215.34285714285716
[GCS_TIME], MinLatency(ns), 0
[GCS_TIME], MaxLatency(ns), 726
[GCS_TIME], 95thPercentileLatency(ns), 343
[GCS_TIME], 99thPercentileLatency(ns), 726
[LOAD_GCs_Time(ms)], Operations, 24
[LOAD_GCs_Time(ms)], AverageLatency(ns), 787.0
[LOAD_GCs_Time(ms)], MinLatency(ns), 787
[LOAD_GCs_Time(ms)], MaxLatency(ns), 787
[LOAD_GCs_Time(ms)], 95thPercentileLatency(ns), 787
[LOAD_GCs_Time(ms)], 99thPercentileLatency(ns), 787
[READ], Operations, 60000000
[READ], AverageLatency(ns), 125885.5384912
[READ], MinLatency(ns), 174
[READ], MaxLatency(ns), 211153919
[READ], 95thPercentileLatency(ns), 447323
[READ], 99thPercentileLatency(ns), 634495
[READ], Return=OK, 60000000
[INIT], Operations, 24
[INIT], AverageLatency(ns), 6.12069888E8
[INIT], MinLatency(ns), 607064064
[INIT], MaxLatency(ns), 618123263
[INIT], 95thPercentileLatency(ns), 617271295
[INIT], 99thPercentileLatency(ns), 618123263
[GCS], Operations, 35
[GCS], AverageLatency(ns), 2.7142857142857144
[GCS], MinLatency(ns), 0
[GCS], MaxLatency(ns), 18
[GCS], 95thPercentileLatency(ns), 3
[GCS], 99thPercentileLatency(ns), 18
[LOAD_GCs_Count], Operations, 24
[LOAD_GCs_Count], AverageLatency(ns), 17.0
[LOAD_GCs_Count], MinLatency(ns), 17
[LOAD_GCs_Count], MaxLatency(ns), 17
[LOAD_GCs_Count], 95thPercentileLatency(ns), 17
[LOAD_GCs_Count], 99thPercentileLatency(ns), 17
[CLEANUP], Operations, 24
[CLEANUP], AverageLatency(ns), 8.397743306666666E8
[CLEANUP], MinLatency(ns), 63849728
[CLEANUP], MaxLatency(ns), 2464432127
[CLEANUP], 95thPercentileLatency(ns), 2227994623
[CLEANUP], 99thPercentileLatency(ns), 2464432127
[INSERT], Operations, 1000000
[INSERT], AverageLatency(ns), 294533.675776
[INSERT], MinLatency(ns), 23482
[INSERT], MaxLatency(ns), 1556144127
[INSERT], 95thPercentileLatency(ns), 326533
[INSERT], 99thPercentileLatency(ns), 509751
[INSERT], Return=OK, 1000000
