/home/anatole/jdk8u/build/linux-x86_64-normal-server-release/jdk/bin/java -Xmx20g -XX:+UseG1GC -classpath /home/anatole/ycsb/conf:/home/anatole/ycsb/core/target/core-0.18.0-SNAPSHOT.jar:/home/anatole/ycsb/core/target/dependency/HdrHistogram-2.1.4.jar:/home/anatole/ycsb/core/target/dependency/guava-18.0.jar:/home/anatole/ycsb/core/target/dependency/htrace-core4-4.1.0-incubating.jar:/home/anatole/ycsb/core/target/dependency/jackson-core-asl-1.9.4.jar:/home/anatole/ycsb/core/target/dependency/jackson-mapper-asl-1.9.4.jar:/home/anatole/ycsb/core/target/dependency/javax.persistence-api-2.2.jar:/home/anatole/ycsb/core/target/dependency/jnvm-1.0-SNAPSHOT.jar:/home/anatole/ycsb/core/target/dependency/pcj-1.0.jar:/home/anatole/ycsb/core/target/dependency/unsafe-helper-1.0.jar:/home/anatole/ycsb/infinispan/src/main/conf:/home/anatole/ycsb/infinispan/target/infinispan-binding-0.18.0-SNAPSHOT.jar:/home/anatole/ycsb/infinispan/target/dependency/caffeine-2.6.2.jar:/home/anatole/ycsb/infinispan/target/dependency/gson-2.8.2.jar:/home/anatole/ycsb/infinispan/target/dependency/guava-18.0.jar:/home/anatole/ycsb/infinispan/target/dependency/infinispan-cachestore-jnvm-1.0-SNAPSHOT.jar:/home/anatole/ycsb/infinispan/target/dependency/infinispan-cachestore-pcj-1.0-SNAPSHOT.jar:/home/anatole/ycsb/infinispan/target/dependency/infinispan-client-hotrod-9.4.20.Final.jar:/home/anatole/ycsb/infinispan/target/dependency/infinispan-commons-9.4.20.Final.jar:/home/anatole/ycsb/infinispan/target/dependency/infinispan-core-9.4.20.Final.jar:/home/anatole/ycsb/infinispan/target/dependency/javax.persistence-api-2.2.jar:/home/anatole/ycsb/infinispan/target/dependency/jboss-logging-3.3.2.Final.jar:/home/anatole/ycsb/infinispan/target/dependency/jboss-marshalling-osgi-2.0.6.Final.jar:/home/anatole/ycsb/infinispan/target/dependency/jboss-transaction-api_1.2_spec-1.1.1.Final.jar:/home/anatole/ycsb/infinispan/target/dependency/jgroups-4.0.21.Final.jar:/home/anatole/ycsb/infinispan/target/dependency/jnvm-1.0-SNAPSHOT.jar:/home/anatole/ycsb/infinispan/target/dependency/metainf-services-1.7.jar:/home/anatole/ycsb/infinispan/target/dependency/netty-buffer-4.1.51.Final.jar:/home/anatole/ycsb/infinispan/target/dependency/netty-codec-4.1.51.Final.jar:/home/anatole/ycsb/infinispan/target/dependency/netty-common-4.1.51.Final.jar:/home/anatole/ycsb/infinispan/target/dependency/netty-handler-4.1.51.Final.jar:/home/anatole/ycsb/infinispan/target/dependency/netty-resolver-4.1.51.Final.jar:/home/anatole/ycsb/infinispan/target/dependency/netty-transport-4.1.51.Final.jar:/home/anatole/ycsb/infinispan/target/dependency/netty-transport-native-epoll-4.1.51.Final-linux-x86_64.jar:/home/anatole/ycsb/infinispan/target/dependency/netty-transport-native-unix-common-4.1.51.Final.jar:/home/anatole/ycsb/infinispan/target/dependency/pcj-1.0.jar:/home/anatole/ycsb/infinispan/target/dependency/reactive-streams-1.0.2.jar:/home/anatole/ycsb/infinispan/target/dependency/rxjava-2.2.4.jar:/home/anatole/ycsb/infinispan/target/dependency/unsafe-helper-1.0.jar site.ycsb.Client -t -db site.ycsb.db.InfinispanClient -P ../workloads/workloadc -preload -s -threads 12 -p dataintegrity=true -p offheap=false -p pcj=false -p recordcount=1000000 -p operationcount=36000000 -p fieldcount=10 -p fieldlength=100 -p requestdistribution=zipfian -p measurement.trackjvm=true -p measurementtype=hdrhistogram -p hdrhistogram.output.path=./out/exp5.concurrent.ref/log/infinispan.run.workloadc.true.1000000.1000000.10.100.zipfian.12.true..default.default.none.r4.hdr.log
[OVERALL], RunTime(ms), 41539
[OVERALL], Throughput(ops/sec), 890729.1942511856
[TOTAL_GCS_G1_Young_Generation], Count, 34
[TOTAL_GC_TIME_G1_Young_Generation], Time(ms), 2499
[TOTAL_GC_TIME_%_G1_Young_Generation], Time(%), 6.016033125496521
[TOTAL_GCS_G1_Old_Generation], Count, 0
[TOTAL_GC_TIME_G1_Old_Generation], Time(ms), 0
[TOTAL_GC_TIME_%_G1_Old_Generation], Time(%), 0.0
[TOTAL_GCs], Count, 34
[TOTAL_GC_TIME], Time(ms), 2499
[TOTAL_GC_TIME_%], Time(%), 6.016033125496521
[MAX_MEM_USED], MBs, 10337
[MIN_MEM_USED], MBs, 70
[MAX_THREADS], Count, 18
[MIN_THREADS], Count, 4
[MAX_SYS_LOAD_AVG], Load, 10.48
[MIN_SYS_LOAD_AVG], Load, 9.06
[THREAD_COUNT], Operations, 6
[THREAD_COUNT], AverageLatency(ns), 15.0
[THREAD_COUNT], MinLatency(ns), 4
[THREAD_COUNT], MaxLatency(ns), 18
[THREAD_COUNT], 95thPercentileLatency(ns), 18
[THREAD_COUNT], 99thPercentileLatency(ns), 18
[SYS_LOAD_AVG], Operations, 6
[SYS_LOAD_AVG], AverageLatency(ns), 9.333333333333334
[SYS_LOAD_AVG], MinLatency(ns), 9
[SYS_LOAD_AVG], MaxLatency(ns), 10
[SYS_LOAD_AVG], 95thPercentileLatency(ns), 10
[SYS_LOAD_AVG], 99thPercentileLatency(ns), 10
[LOAD], Operations, 12
[LOAD], AverageLatency(ns), 5.693237930666667E9
[LOAD], MinLatency(ns), 5503385600
[LOAD], MaxLatency(ns), 5807079423
[LOAD], 95thPercentileLatency(ns), 5805375487
[LOAD], 99thPercentileLatency(ns), 5807079423
[USED_MEM_MB], Operations, 6
[USED_MEM_MB], AverageLatency(ns), 5811.5
[USED_MEM_MB], MinLatency(ns), 70
[USED_MEM_MB], MaxLatency(ns), 10337
[USED_MEM_MB], 95thPercentileLatency(ns), 10337
[USED_MEM_MB], 99thPercentileLatency(ns), 10337
[MAIN_GCs_Count], Operations, 12
[MAIN_GCs_Count], AverageLatency(ns), 7.333333333333333
[MAIN_GCs_Count], MinLatency(ns), 7
[MAIN_GCs_Count], MaxLatency(ns), 8
[MAIN_GCs_Count], 95thPercentileLatency(ns), 8
[MAIN_GCs_Count], 99thPercentileLatency(ns), 8
[MAIN_GCs_Time(ms)], Operations, 12
[MAIN_GCs_Time(ms)], AverageLatency(ns), 329.6666666666667
[MAIN_GCs_Time(ms)], MinLatency(ns), 322
[MAIN_GCs_Time(ms)], MaxLatency(ns), 345
[MAIN_GCs_Time(ms)], 95thPercentileLatency(ns), 345
[MAIN_GCs_Time(ms)], 99thPercentileLatency(ns), 345
[TRANSACTION], Operations, 12
[TRANSACTION], AverageLatency(ns), 3.4014866090666668E10
[TRANSACTION], MinLatency(ns), 33336197120
[TRANSACTION], MaxLatency(ns), 34499985407
[TRANSACTION], 95thPercentileLatency(ns), 34464858111
[TRANSACTION], 99thPercentileLatency(ns), 34499985407
[GCS_TIME], Operations, 6
[GCS_TIME], AverageLatency(ns), 416.5
[GCS_TIME], MinLatency(ns), 0
[GCS_TIME], MaxLatency(ns), 2271
[GCS_TIME], 95thPercentileLatency(ns), 2271
[GCS_TIME], 99thPercentileLatency(ns), 2271
[LOAD_GCs_Time(ms)], Operations, 12
[LOAD_GCs_Time(ms)], AverageLatency(ns), 2080.6666666666665
[LOAD_GCs_Time(ms)], MinLatency(ns), 1970
[LOAD_GCs_Time(ms)], MaxLatency(ns), 2136
[LOAD_GCs_Time(ms)], 95thPercentileLatency(ns), 2136
[LOAD_GCs_Time(ms)], 99thPercentileLatency(ns), 2136
[READ], Operations, 36000000
[READ], AverageLatency(ns), 9552.575457194445
[READ], MinLatency(ns), 203
[READ], MaxLatency(ns), 120379903
[READ], 95thPercentileLatency(ns), 59814
[READ], 99thPercentileLatency(ns), 71601
[READ], Return=OK, 36000000
[INIT], Operations, 12
[INIT], AverageLatency(ns), 6.3452672E8
[INIT], MinLatency(ns), 632754176
[INIT], MaxLatency(ns), 636674047
[INIT], 95thPercentileLatency(ns), 636628991
[INIT], 99thPercentileLatency(ns), 636674047
[GCS], Operations, 6
[GCS], AverageLatency(ns), 5.666666666666667
[GCS], MinLatency(ns), 0
[GCS], MaxLatency(ns), 27
[GCS], 95thPercentileLatency(ns), 27
[GCS], 99thPercentileLatency(ns), 27
[LOAD_GCs_Count], Operations, 12
[LOAD_GCs_Count], AverageLatency(ns), 24.666666666666668
[LOAD_GCs_Count], MinLatency(ns), 24
[LOAD_GCs_Count], MaxLatency(ns), 25
[LOAD_GCs_Count], 95thPercentileLatency(ns), 25
[LOAD_GCs_Count], 99thPercentileLatency(ns), 25
[CLEANUP], Operations, 12
[CLEANUP], AverageLatency(ns), 9.50354944E8
[CLEANUP], MinLatency(ns), 471070720
[CLEANUP], MaxLatency(ns), 1619009535
[CLEANUP], 95thPercentileLatency(ns), 1581408255
[CLEANUP], 99thPercentileLatency(ns), 1619009535
[INSERT], Operations, 1000000
[INSERT], AverageLatency(ns), 33257.889982
[INSERT], MinLatency(ns), 2045
[INSERT], MaxLatency(ns), 173582335
[INSERT], 95thPercentileLatency(ns), 29107
[INSERT], 99thPercentileLatency(ns), 68928
[INSERT], Return=OK, 1000000
