/home/anatole/jdk8u/build/linux-x86_64-normal-server-release/jdk/bin/java -Xmx20g -XX:+UseG1GC -classpath /home/anatole/ycsb/conf:/home/anatole/ycsb/core/target/core-0.18.0-SNAPSHOT.jar:/home/anatole/ycsb/core/target/dependency/HdrHistogram-2.1.4.jar:/home/anatole/ycsb/core/target/dependency/guava-18.0.jar:/home/anatole/ycsb/core/target/dependency/htrace-core4-4.1.0-incubating.jar:/home/anatole/ycsb/core/target/dependency/jackson-core-asl-1.9.4.jar:/home/anatole/ycsb/core/target/dependency/jackson-mapper-asl-1.9.4.jar:/home/anatole/ycsb/core/target/dependency/javax.persistence-api-2.2.jar:/home/anatole/ycsb/core/target/dependency/jnvm-1.0-SNAPSHOT.jar:/home/anatole/ycsb/core/target/dependency/pcj-1.0.jar:/home/anatole/ycsb/core/target/dependency/unsafe-helper-1.0.jar:/home/anatole/ycsb/infinispan/src/main/conf:/home/anatole/ycsb/infinispan/target/infinispan-binding-0.18.0-SNAPSHOT.jar:/home/anatole/ycsb/infinispan/target/dependency/caffeine-2.6.2.jar:/home/anatole/ycsb/infinispan/target/dependency/gson-2.8.2.jar:/home/anatole/ycsb/infinispan/target/dependency/guava-18.0.jar:/home/anatole/ycsb/infinispan/target/dependency/infinispan-cachestore-jnvm-1.0-SNAPSHOT.jar:/home/anatole/ycsb/infinispan/target/dependency/infinispan-cachestore-pcj-1.0-SNAPSHOT.jar:/home/anatole/ycsb/infinispan/target/dependency/infinispan-client-hotrod-9.4.17.Final.jar:/home/anatole/ycsb/infinispan/target/dependency/infinispan-commons-9.4.17.Final.jar:/home/anatole/ycsb/infinispan/target/dependency/infinispan-core-9.4.17.Final.jar:/home/anatole/ycsb/infinispan/target/dependency/infinispan-embedded-9.0.1.Final.jar:/home/anatole/ycsb/infinispan/target/dependency/javax.persistence-api-2.2.jar:/home/anatole/ycsb/infinispan/target/dependency/jboss-logging-3.3.2.Final.jar:/home/anatole/ycsb/infinispan/target/dependency/jboss-marshalling-osgi-2.0.6.Final.jar:/home/anatole/ycsb/infinispan/target/dependency/jboss-transaction-api_1.1_spec-1.0.1.Final.jar:/home/anatole/ycsb/infinispan/target/dependency/jboss-transaction-api_1.2_spec-1.1.1.Final.jar:/home/anatole/ycsb/infinispan/target/dependency/jgroups-4.0.20.Final.jar:/home/anatole/ycsb/infinispan/target/dependency/jnvm-1.0-SNAPSHOT.jar:/home/anatole/ycsb/infinispan/target/dependency/metainf-services-1.7.jar:/home/anatole/ycsb/infinispan/target/dependency/netty-buffer-4.1.42.Final.jar:/home/anatole/ycsb/infinispan/target/dependency/netty-codec-4.1.42.Final.jar:/home/anatole/ycsb/infinispan/target/dependency/netty-common-4.1.42.Final.jar:/home/anatole/ycsb/infinispan/target/dependency/netty-handler-4.1.42.Final.jar:/home/anatole/ycsb/infinispan/target/dependency/netty-resolver-4.1.42.Final.jar:/home/anatole/ycsb/infinispan/target/dependency/netty-transport-4.1.42.Final.jar:/home/anatole/ycsb/infinispan/target/dependency/netty-transport-native-epoll-4.1.42.Final-linux-x86_64.jar:/home/anatole/ycsb/infinispan/target/dependency/netty-transport-native-unix-common-4.1.42.Final.jar:/home/anatole/ycsb/infinispan/target/dependency/pcj-1.0.jar:/home/anatole/ycsb/infinispan/target/dependency/reactive-streams-1.0.2.jar:/home/anatole/ycsb/infinispan/target/dependency/rxjava-2.2.4.jar:/home/anatole/ycsb/infinispan/target/dependency/unsafe-helper-1.0.jar site.ycsb.Client -t -db site.ycsb.db.InfinispanJNVMClient -P ../workloads/workloada -threads 12 -p dataintegrity=true -p offheap=true -p recordcount=1000000 -p operationcount=30000000 -p fieldcount=10 -p requestdistribution=zipfian -p measurementtype=hdrhistogram -p hdrhistogram.output.path=./out/exp5.concurrent.ref/log/infinispan-jnvm.run.workloada.true.1000000.1.10.zipfian.12.hdr.log
[OVERALL], RunTime(ms), 50986
[OVERALL], Throughput(ops/sec), 588396.8148119091
[TOTAL_GCS_G1_Young_Generation], Count, 106
[TOTAL_GC_TIME_G1_Young_Generation], Time(ms), 26668
[TOTAL_GC_TIME_%_G1_Young_Generation], Time(%), 52.30455419134664
[TOTAL_GCS_G1_Old_Generation], Count, 0
[TOTAL_GC_TIME_G1_Old_Generation], Time(ms), 0
[TOTAL_GC_TIME_%_G1_Old_Generation], Time(%), 0.0
[TOTAL_GCs], Count, 106
[TOTAL_GC_TIME], Time(ms), 26668
[TOTAL_GC_TIME_%], Time(%), 52.30455419134664
[READ], Operations, 15001911
[READ], AverageLatency(ns), 9011.19791831854
[READ], MinLatency(ns), 187
[READ], MaxLatency(ns), 363888639
[READ], 95thPercentileLatency(ns), 4957
[READ], 99thPercentileLatency(ns), 25688
[READ], Return=OK, 15001911
[INIT], Operations, 12
[INIT], AverageLatency(ns), 5.763582634666667E9
[INIT], MinLatency(ns), 5761433600
[INIT], MaxLatency(ns), 5766086655
[INIT], 95thPercentileLatency(ns), 5765562367
[INIT], 99thPercentileLatency(ns), 5766086655
[CLEANUP], Operations, 12
[CLEANUP], AverageLatency(ns), 4.102077933333333E8
[CLEANUP], MinLatency(ns), 7245760
[CLEANUP], MaxLatency(ns), 1043656703
[CLEANUP], 95thPercentileLatency(ns), 976715775
[CLEANUP], 99thPercentileLatency(ns), 1043656703
[UPDATE], Operations, 14998089
[UPDATE], AverageLatency(ns), 12269.910410519633
[UPDATE], MinLatency(ns), 303
[UPDATE], MaxLatency(ns), 364591103
[UPDATE], 95thPercentileLatency(ns), 7380
[UPDATE], 99thPercentileLatency(ns), 29524
[UPDATE], Return=OK, 14998089
[TRANSACTION], Operations, 12
[TRANSACTION], AverageLatency(ns), 4.4651118592E10
[TRANSACTION], MinLatency(ns), 43741609984
[TRANSACTION], MaxLatency(ns), 45080117247
[TRANSACTION], 95thPercentileLatency(ns), 45050494975
[TRANSACTION], 99thPercentileLatency(ns), 45080117247
