/home/anatole/jdk8u/build/linux-x86_64-normal-server-release/jdk/bin/java -Xmx20g -XX:+UseG1GC -classpath /home/anatole/ycsb/conf:/home/anatole/ycsb/core/target/core-0.18.0-SNAPSHOT.jar:/home/anatole/ycsb/core/target/dependency/HdrHistogram-2.1.4.jar:/home/anatole/ycsb/core/target/dependency/guava-18.0.jar:/home/anatole/ycsb/core/target/dependency/htrace-core4-4.1.0-incubating.jar:/home/anatole/ycsb/core/target/dependency/jackson-core-asl-1.9.4.jar:/home/anatole/ycsb/core/target/dependency/jackson-mapper-asl-1.9.4.jar:/home/anatole/ycsb/core/target/dependency/javax.persistence-api-2.2.jar:/home/anatole/ycsb/core/target/dependency/jnvm-1.0-SNAPSHOT.jar:/home/anatole/ycsb/core/target/dependency/pcj-1.0.jar:/home/anatole/ycsb/core/target/dependency/unsafe-helper-1.0.jar:/home/anatole/ycsb/infinispan/src/main/conf:/home/anatole/ycsb/infinispan/target/infinispan-binding-0.18.0-SNAPSHOT.jar:/home/anatole/ycsb/infinispan/target/dependency/caffeine-2.6.2.jar:/home/anatole/ycsb/infinispan/target/dependency/gson-2.8.2.jar:/home/anatole/ycsb/infinispan/target/dependency/guava-18.0.jar:/home/anatole/ycsb/infinispan/target/dependency/infinispan-cachestore-jnvm-1.0-SNAPSHOT.jar:/home/anatole/ycsb/infinispan/target/dependency/infinispan-cachestore-pcj-1.0-SNAPSHOT.jar:/home/anatole/ycsb/infinispan/target/dependency/infinispan-client-hotrod-9.4.20.Final.jar:/home/anatole/ycsb/infinispan/target/dependency/infinispan-commons-9.4.20.Final.jar:/home/anatole/ycsb/infinispan/target/dependency/infinispan-core-9.4.20.Final.jar:/home/anatole/ycsb/infinispan/target/dependency/javax.persistence-api-2.2.jar:/home/anatole/ycsb/infinispan/target/dependency/jboss-logging-3.3.2.Final.jar:/home/anatole/ycsb/infinispan/target/dependency/jboss-marshalling-osgi-2.0.6.Final.jar:/home/anatole/ycsb/infinispan/target/dependency/jboss-transaction-api_1.2_spec-1.1.1.Final.jar:/home/anatole/ycsb/infinispan/target/dependency/jgroups-4.0.21.Final.jar:/home/anatole/ycsb/infinispan/target/dependency/jnvm-1.0-SNAPSHOT.jar:/home/anatole/ycsb/infinispan/target/dependency/metainf-services-1.7.jar:/home/anatole/ycsb/infinispan/target/dependency/netty-buffer-4.1.51.Final.jar:/home/anatole/ycsb/infinispan/target/dependency/netty-codec-4.1.51.Final.jar:/home/anatole/ycsb/infinispan/target/dependency/netty-common-4.1.51.Final.jar:/home/anatole/ycsb/infinispan/target/dependency/netty-handler-4.1.51.Final.jar:/home/anatole/ycsb/infinispan/target/dependency/netty-resolver-4.1.51.Final.jar:/home/anatole/ycsb/infinispan/target/dependency/netty-transport-4.1.51.Final.jar:/home/anatole/ycsb/infinispan/target/dependency/netty-transport-native-epoll-4.1.51.Final-linux-x86_64.jar:/home/anatole/ycsb/infinispan/target/dependency/netty-transport-native-unix-common-4.1.51.Final.jar:/home/anatole/ycsb/infinispan/target/dependency/pcj-1.0.jar:/home/anatole/ycsb/infinispan/target/dependency/reactive-streams-1.0.2.jar:/home/anatole/ycsb/infinispan/target/dependency/rxjava-2.2.4.jar:/home/anatole/ycsb/infinispan/target/dependency/unsafe-helper-1.0.jar site.ycsb.Client -t -db site.ycsb.db.InfinispanClient -P ../workloads/workloada -preload -s -threads 2 -p dataintegrity=true -p offheap=false -p pcj=false -p recordcount=1000000 -p operationcount=6000000 -p fieldcount=10 -p fieldlength=100 -p requestdistribution=zipfian -p measurement.trackjvm=true -p measurementtype=hdrhistogram -p hdrhistogram.output.path=./out/exp5.concurrent.ref/log/infinispan.run.workloada.true.1000000.1000000.10.100.zipfian.2.true..default.default.none.r1.hdr.log
[OVERALL], RunTime(ms), 23215
[OVERALL], Throughput(ops/sec), 301529.1837174241
[TOTAL_GCS_G1_Young_Generation], Count, 41
[TOTAL_GC_TIME_G1_Young_Generation], Time(ms), 4774
[TOTAL_GC_TIME_%_G1_Young_Generation], Time(%), 20.564290329528323
[TOTAL_GCS_G1_Old_Generation], Count, 0
[TOTAL_GC_TIME_G1_Old_Generation], Time(ms), 0
[TOTAL_GC_TIME_%_G1_Old_Generation], Time(%), 0.0
[TOTAL_GCs], Count, 41
[TOTAL_GC_TIME], Time(ms), 4774
[TOTAL_GC_TIME_%], Time(%), 20.564290329528323
[MAX_MEM_USED], MBs, 6066
[MIN_MEM_USED], MBs, 52
[MAX_THREADS], Count, 34
[MIN_THREADS], Count, 4
[MAX_SYS_LOAD_AVG], Load, 2.33
[MIN_SYS_LOAD_AVG], Load, 1.92
[THREAD_COUNT], Operations, 4
[THREAD_COUNT], AverageLatency(ns), 16.0
[THREAD_COUNT], MinLatency(ns), 4
[THREAD_COUNT], MaxLatency(ns), 34
[THREAD_COUNT], 95thPercentileLatency(ns), 34
[THREAD_COUNT], 99thPercentileLatency(ns), 34
[SYS_LOAD_AVG], Operations, 4
[SYS_LOAD_AVG], AverageLatency(ns), 1.5
[SYS_LOAD_AVG], MinLatency(ns), 1
[SYS_LOAD_AVG], MaxLatency(ns), 2
[SYS_LOAD_AVG], 95thPercentileLatency(ns), 2
[SYS_LOAD_AVG], 99thPercentileLatency(ns), 2
[LOAD], Operations, 2
[LOAD], AverageLatency(ns), 9.311780864E9
[LOAD], MinLatency(ns), 9309847552
[LOAD], MaxLatency(ns), 9313714175
[LOAD], 95thPercentileLatency(ns), 9313714175
[LOAD], 99thPercentileLatency(ns), 9313714175
[USED_MEM_MB], Operations, 4
[USED_MEM_MB], AverageLatency(ns), 4050.0
[USED_MEM_MB], MinLatency(ns), 52
[USED_MEM_MB], MaxLatency(ns), 6066
[USED_MEM_MB], 95thPercentileLatency(ns), 6066
[USED_MEM_MB], 99thPercentileLatency(ns), 6066
[MAIN_GCs_Count], Operations, 2
[MAIN_GCs_Count], AverageLatency(ns), 15.0
[MAIN_GCs_Count], MinLatency(ns), 15
[MAIN_GCs_Count], MaxLatency(ns), 15
[MAIN_GCs_Count], 95thPercentileLatency(ns), 15
[MAIN_GCs_Count], 99thPercentileLatency(ns), 15
[MAIN_GCs_Time(ms)], Operations, 2
[MAIN_GCs_Time(ms)], AverageLatency(ns), 2652.0
[MAIN_GCs_Time(ms)], MinLatency(ns), 2652
[MAIN_GCs_Time(ms)], MaxLatency(ns), 2652
[MAIN_GCs_Time(ms)], 95thPercentileLatency(ns), 2652
[MAIN_GCs_Time(ms)], 99thPercentileLatency(ns), 2652
[TRANSACTION], Operations, 2
[TRANSACTION], AverageLatency(ns), 1.2531695616E10
[TRANSACTION], MinLatency(ns), 12429950976
[TRANSACTION], MaxLatency(ns), 12633440255
[TRANSACTION], 95thPercentileLatency(ns), 12633440255
[TRANSACTION], 99thPercentileLatency(ns), 12633440255
[GCS_TIME], Operations, 4
[GCS_TIME], AverageLatency(ns), 1193.5
[GCS_TIME], MinLatency(ns), 0
[GCS_TIME], MaxLatency(ns), 2264
[GCS_TIME], 95thPercentileLatency(ns), 2264
[GCS_TIME], 99thPercentileLatency(ns), 2264
[LOAD_GCs_Time(ms)], Operations, 2
[LOAD_GCs_Time(ms)], AverageLatency(ns), 2102.0
[LOAD_GCs_Time(ms)], MinLatency(ns), 2102
[LOAD_GCs_Time(ms)], MaxLatency(ns), 2102
[LOAD_GCs_Time(ms)], 95thPercentileLatency(ns), 2102
[LOAD_GCs_Time(ms)], 99thPercentileLatency(ns), 2102
[READ], Operations, 3000304
[READ], AverageLatency(ns), 998.9663380777415
[READ], MinLatency(ns), 181
[READ], MaxLatency(ns), 200877055
[READ], 95thPercentileLatency(ns), 1071
[READ], 99thPercentileLatency(ns), 4848
[READ], Return=OK, 3000304
[INIT], Operations, 2
[INIT], AverageLatency(ns), 6.46434816E8
[INIT], MinLatency(ns), 646422528
[INIT], MaxLatency(ns), 646447103
[INIT], 95thPercentileLatency(ns), 646447103
[INIT], 99thPercentileLatency(ns), 646447103
[GCS], Operations, 4
[GCS], AverageLatency(ns), 10.25
[GCS], MinLatency(ns), 0
[GCS], MaxLatency(ns), 27
[GCS], 95thPercentileLatency(ns), 27
[GCS], 99thPercentileLatency(ns), 27
[LOAD_GCs_Count], Operations, 2
[LOAD_GCs_Count], AverageLatency(ns), 25.0
[LOAD_GCs_Count], MinLatency(ns), 25
[LOAD_GCs_Count], MaxLatency(ns), 25
[LOAD_GCs_Count], 95thPercentileLatency(ns), 25
[LOAD_GCs_Count], 99thPercentileLatency(ns), 25
[CLEANUP], Operations, 2
[CLEANUP], AverageLatency(ns), 6.12853248E8
[CLEANUP], MinLatency(ns), 525733888
[CLEANUP], MaxLatency(ns), 699973631
[CLEANUP], 95thPercentileLatency(ns), 699973631
[CLEANUP], 99thPercentileLatency(ns), 699973631
[INSERT], Operations, 1000000
[INSERT], AverageLatency(ns), 5399.634553
[INSERT], MinLatency(ns), 1617
[INSERT], MaxLatency(ns), 171734015
[INSERT], 95thPercentileLatency(ns), 4772
[INSERT], 99thPercentileLatency(ns), 14723
[INSERT], Return=OK, 1000000
[UPDATE], Operations, 2999696
[UPDATE], AverageLatency(ns), 4031.4282517295087
[UPDATE], MinLatency(ns), 1250
[UPDATE], MaxLatency(ns), 217126911
[UPDATE], 95thPercentileLatency(ns), 6991
[UPDATE], 99thPercentileLatency(ns), 8370
[UPDATE], Return=OK, 2999696
