/home/anatole/jdk8u/build/linux-x86_64-normal-server-release/jdk/bin/java -Xmx20g -XX:+UseG1GC -classpath /home/anatole/ycsb/conf:/home/anatole/ycsb/core/target/core-0.18.0-SNAPSHOT.jar:/home/anatole/ycsb/core/target/dependency/HdrHistogram-2.1.4.jar:/home/anatole/ycsb/core/target/dependency/guava-18.0.jar:/home/anatole/ycsb/core/target/dependency/htrace-core4-4.1.0-incubating.jar:/home/anatole/ycsb/core/target/dependency/jackson-core-asl-1.9.4.jar:/home/anatole/ycsb/core/target/dependency/jackson-mapper-asl-1.9.4.jar:/home/anatole/ycsb/core/target/dependency/javax.persistence-api-2.2.jar:/home/anatole/ycsb/core/target/dependency/jnvm-1.0-SNAPSHOT.jar:/home/anatole/ycsb/core/target/dependency/pcj-1.0.jar:/home/anatole/ycsb/core/target/dependency/unsafe-helper-1.0.jar:/home/anatole/ycsb/infinispan/src/main/conf:/home/anatole/ycsb/infinispan/target/infinispan-binding-0.18.0-SNAPSHOT.jar:/home/anatole/ycsb/infinispan/target/dependency/caffeine-2.6.2.jar:/home/anatole/ycsb/infinispan/target/dependency/gson-2.8.2.jar:/home/anatole/ycsb/infinispan/target/dependency/guava-18.0.jar:/home/anatole/ycsb/infinispan/target/dependency/infinispan-cachestore-jnvm-1.0-SNAPSHOT.jar:/home/anatole/ycsb/infinispan/target/dependency/infinispan-cachestore-pcj-1.0-SNAPSHOT.jar:/home/anatole/ycsb/infinispan/target/dependency/infinispan-client-hotrod-9.4.20.Final.jar:/home/anatole/ycsb/infinispan/target/dependency/infinispan-commons-9.4.20.Final.jar:/home/anatole/ycsb/infinispan/target/dependency/infinispan-core-9.4.20.Final.jar:/home/anatole/ycsb/infinispan/target/dependency/javax.persistence-api-2.2.jar:/home/anatole/ycsb/infinispan/target/dependency/jboss-logging-3.3.2.Final.jar:/home/anatole/ycsb/infinispan/target/dependency/jboss-marshalling-osgi-2.0.6.Final.jar:/home/anatole/ycsb/infinispan/target/dependency/jboss-transaction-api_1.2_spec-1.1.1.Final.jar:/home/anatole/ycsb/infinispan/target/dependency/jgroups-4.0.21.Final.jar:/home/anatole/ycsb/infinispan/target/dependency/jnvm-1.0-SNAPSHOT.jar:/home/anatole/ycsb/infinispan/target/dependency/metainf-services-1.7.jar:/home/anatole/ycsb/infinispan/target/dependency/netty-buffer-4.1.51.Final.jar:/home/anatole/ycsb/infinispan/target/dependency/netty-codec-4.1.51.Final.jar:/home/anatole/ycsb/infinispan/target/dependency/netty-common-4.1.51.Final.jar:/home/anatole/ycsb/infinispan/target/dependency/netty-handler-4.1.51.Final.jar:/home/anatole/ycsb/infinispan/target/dependency/netty-resolver-4.1.51.Final.jar:/home/anatole/ycsb/infinispan/target/dependency/netty-transport-4.1.51.Final.jar:/home/anatole/ycsb/infinispan/target/dependency/netty-transport-native-epoll-4.1.51.Final-linux-x86_64.jar:/home/anatole/ycsb/infinispan/target/dependency/netty-transport-native-unix-common-4.1.51.Final.jar:/home/anatole/ycsb/infinispan/target/dependency/pcj-1.0.jar:/home/anatole/ycsb/infinispan/target/dependency/reactive-streams-1.0.2.jar:/home/anatole/ycsb/infinispan/target/dependency/rxjava-2.2.4.jar:/home/anatole/ycsb/infinispan/target/dependency/unsafe-helper-1.0.jar site.ycsb.Client -t -db site.ycsb.db.InfinispanClient -P ../workloads/workloadc -preload -s -threads 12 -p dataintegrity=true -p offheap=false -p pcj=false -p recordcount=1000000 -p operationcount=60000000 -p fieldcount=10 -p fieldlength=100 -p requestdistribution=zipfian -p measurement.trackjvm=true -p measurementtype=hdrhistogram -p hdrhistogram.output.path=./out/exp5.concurrent.ref/log/infinispan.run.workloadc.true.1000000.1000000.10.100.zipfian.12.false.true.default.default.volatile.r5.hdr.log
[OVERALL], RunTime(ms), 36234
[OVERALL], Throughput(ops/sec), 1683501.6835016834
[TOTAL_GCS_G1_Young_Generation], Count, 41
[TOTAL_GC_TIME_G1_Young_Generation], Time(ms), 2562
[TOTAL_GC_TIME_%_G1_Young_Generation], Time(%), 7.07070707070707
[TOTAL_GCS_G1_Old_Generation], Count, 0
[TOTAL_GC_TIME_G1_Old_Generation], Time(ms), 0
[TOTAL_GC_TIME_%_G1_Old_Generation], Time(%), 0.0
[TOTAL_GCs], Count, 41
[TOTAL_GC_TIME], Time(ms), 2562
[TOTAL_GC_TIME_%], Time(%), 7.07070707070707
[MAX_MEM_USED], MBs, 12956
[MIN_MEM_USED], MBs, 64
[MAX_THREADS], Count, 17
[MIN_THREADS], Count, 4
[MAX_SYS_LOAD_AVG], Load, 14.76
[MIN_SYS_LOAD_AVG], Load, 13.73
[THREAD_COUNT], Operations, 5
[THREAD_COUNT], AverageLatency(ns), 13.8
[THREAD_COUNT], MinLatency(ns), 4
[THREAD_COUNT], MaxLatency(ns), 17
[THREAD_COUNT], 95thPercentileLatency(ns), 17
[THREAD_COUNT], 99thPercentileLatency(ns), 17
[SYS_LOAD_AVG], Operations, 5
[SYS_LOAD_AVG], AverageLatency(ns), 13.6
[SYS_LOAD_AVG], MinLatency(ns), 13
[SYS_LOAD_AVG], MaxLatency(ns), 14
[SYS_LOAD_AVG], 95thPercentileLatency(ns), 14
[SYS_LOAD_AVG], 99thPercentileLatency(ns), 14
[LOAD], Operations, 12
[LOAD], AverageLatency(ns), 5.512254805333333E9
[LOAD], MinLatency(ns), 5278924800
[LOAD], MaxLatency(ns), 5658607615
[LOAD], 95thPercentileLatency(ns), 5616566271
[LOAD], 99thPercentileLatency(ns), 5658607615
[USED_MEM_MB], Operations, 5
[USED_MEM_MB], AverageLatency(ns), 5286.2
[USED_MEM_MB], MinLatency(ns), 64
[USED_MEM_MB], MaxLatency(ns), 12956
[USED_MEM_MB], 95thPercentileLatency(ns), 12956
[USED_MEM_MB], 99thPercentileLatency(ns), 12956
[MAIN_GCs_Count], Operations, 12
[MAIN_GCs_Count], AverageLatency(ns), 15.0
[MAIN_GCs_Count], MinLatency(ns), 15
[MAIN_GCs_Count], MaxLatency(ns), 15
[MAIN_GCs_Count], 95thPercentileLatency(ns), 15
[MAIN_GCs_Count], 99thPercentileLatency(ns), 15
[MAIN_GCs_Time(ms)], Operations, 12
[MAIN_GCs_Time(ms)], AverageLatency(ns), 450.0
[MAIN_GCs_Time(ms)], MinLatency(ns), 450
[MAIN_GCs_Time(ms)], MaxLatency(ns), 450
[MAIN_GCs_Time(ms)], 95thPercentileLatency(ns), 450
[MAIN_GCs_Time(ms)], 99thPercentileLatency(ns), 450
[TRANSACTION], Operations, 12
[TRANSACTION], AverageLatency(ns), 2.870706176E10
[TRANSACTION], MinLatency(ns), 27866169344
[TRANSACTION], MaxLatency(ns), 29435887615
[TRANSACTION], 95thPercentileLatency(ns), 29354098687
[TRANSACTION], 99thPercentileLatency(ns), 29435887615
[GCS_TIME], Operations, 5
[GCS_TIME], AverageLatency(ns), 512.4
[GCS_TIME], MinLatency(ns), 0
[GCS_TIME], MaxLatency(ns), 2345
[GCS_TIME], 95thPercentileLatency(ns), 2345
[GCS_TIME], 99thPercentileLatency(ns), 2345
[LOAD_GCs_Time(ms)], Operations, 12
[LOAD_GCs_Time(ms)], AverageLatency(ns), 2052.0
[LOAD_GCs_Time(ms)], MinLatency(ns), 1926
[LOAD_GCs_Time(ms)], MaxLatency(ns), 2094
[LOAD_GCs_Time(ms)], 95thPercentileLatency(ns), 2094
[LOAD_GCs_Time(ms)], 99thPercentileLatency(ns), 2094
[READ], Operations, 60000000
[READ], AverageLatency(ns), 4074.93280115
[READ], MinLatency(ns), 179
[READ], MaxLatency(ns), 122044927
[READ], 95thPercentileLatency(ns), 33099
[READ], 99thPercentileLatency(ns), 44497
[READ], Return=OK, 60000000
[INIT], Operations, 12
[INIT], AverageLatency(ns), 5.77117184E8
[INIT], MinLatency(ns), 574791680
[INIT], MaxLatency(ns), 580112383
[INIT], 95thPercentileLatency(ns), 579993599
[INIT], 99thPercentileLatency(ns), 580112383
[GCS], Operations, 5
[GCS], AverageLatency(ns), 8.2
[GCS], MinLatency(ns), 0
[GCS], MaxLatency(ns), 29
[GCS], 95thPercentileLatency(ns), 29
[GCS], 99thPercentileLatency(ns), 29
[LOAD_GCs_Count], Operations, 12
[LOAD_GCs_Count], AverageLatency(ns), 24.75
[LOAD_GCs_Count], MinLatency(ns), 24
[LOAD_GCs_Count], MaxLatency(ns), 25
[LOAD_GCs_Count], 95thPercentileLatency(ns), 25
[LOAD_GCs_Count], 99thPercentileLatency(ns), 25
[CLEANUP], Operations, 12
[CLEANUP], AverageLatency(ns), 1.1928559786666667E9
[CLEANUP], MinLatency(ns), 465569792
[CLEANUP], MaxLatency(ns), 2015305727
[CLEANUP], 95thPercentileLatency(ns), 1827938303
[CLEANUP], 99thPercentileLatency(ns), 2015305727
[INSERT], Operations, 1000000
[INSERT], AverageLatency(ns), 18822.719013
[INSERT], MinLatency(ns), 1274
[INSERT], MaxLatency(ns), 176216063
[INSERT], 95thPercentileLatency(ns), 19725
[INSERT], 99thPercentileLatency(ns), 47595
[INSERT], Return=OK, 1000000
