/home/anatole/jdk8u/build/linux-x86_64-normal-server-release/jdk/bin/java -Xmx20g -XX:+UseG1GC -classpath /home/anatole/ycsb/conf:/home/anatole/ycsb/core/target/core-0.18.0-SNAPSHOT.jar:/home/anatole/ycsb/core/target/dependency/HdrHistogram-2.1.4.jar:/home/anatole/ycsb/core/target/dependency/guava-18.0.jar:/home/anatole/ycsb/core/target/dependency/htrace-core4-4.1.0-incubating.jar:/home/anatole/ycsb/core/target/dependency/jackson-core-asl-1.9.4.jar:/home/anatole/ycsb/core/target/dependency/jackson-mapper-asl-1.9.4.jar:/home/anatole/ycsb/core/target/dependency/javax.persistence-api-2.2.jar:/home/anatole/ycsb/core/target/dependency/jnvm-1.0-SNAPSHOT.jar:/home/anatole/ycsb/core/target/dependency/pcj-1.0.jar:/home/anatole/ycsb/core/target/dependency/unsafe-helper-1.0.jar:/home/anatole/ycsb/infinispan/src/main/conf:/home/anatole/ycsb/infinispan/target/infinispan-binding-0.18.0-SNAPSHOT.jar:/home/anatole/ycsb/infinispan/target/dependency/caffeine-2.6.2.jar:/home/anatole/ycsb/infinispan/target/dependency/gson-2.8.2.jar:/home/anatole/ycsb/infinispan/target/dependency/guava-18.0.jar:/home/anatole/ycsb/infinispan/target/dependency/infinispan-cachestore-jnvm-1.0-SNAPSHOT.jar:/home/anatole/ycsb/infinispan/target/dependency/infinispan-cachestore-pcj-1.0-SNAPSHOT.jar:/home/anatole/ycsb/infinispan/target/dependency/infinispan-client-hotrod-9.4.20.Final.jar:/home/anatole/ycsb/infinispan/target/dependency/infinispan-commons-9.4.20.Final.jar:/home/anatole/ycsb/infinispan/target/dependency/infinispan-core-9.4.20.Final.jar:/home/anatole/ycsb/infinispan/target/dependency/javax.persistence-api-2.2.jar:/home/anatole/ycsb/infinispan/target/dependency/jboss-logging-3.3.2.Final.jar:/home/anatole/ycsb/infinispan/target/dependency/jboss-marshalling-osgi-2.0.6.Final.jar:/home/anatole/ycsb/infinispan/target/dependency/jboss-transaction-api_1.2_spec-1.1.1.Final.jar:/home/anatole/ycsb/infinispan/target/dependency/jgroups-4.0.21.Final.jar:/home/anatole/ycsb/infinispan/target/dependency/jnvm-1.0-SNAPSHOT.jar:/home/anatole/ycsb/infinispan/target/dependency/metainf-services-1.7.jar:/home/anatole/ycsb/infinispan/target/dependency/netty-buffer-4.1.51.Final.jar:/home/anatole/ycsb/infinispan/target/dependency/netty-codec-4.1.51.Final.jar:/home/anatole/ycsb/infinispan/target/dependency/netty-common-4.1.51.Final.jar:/home/anatole/ycsb/infinispan/target/dependency/netty-handler-4.1.51.Final.jar:/home/anatole/ycsb/infinispan/target/dependency/netty-resolver-4.1.51.Final.jar:/home/anatole/ycsb/infinispan/target/dependency/netty-transport-4.1.51.Final.jar:/home/anatole/ycsb/infinispan/target/dependency/netty-transport-native-epoll-4.1.51.Final-linux-x86_64.jar:/home/anatole/ycsb/infinispan/target/dependency/netty-transport-native-unix-common-4.1.51.Final.jar:/home/anatole/ycsb/infinispan/target/dependency/pcj-1.0.jar:/home/anatole/ycsb/infinispan/target/dependency/reactive-streams-1.0.2.jar:/home/anatole/ycsb/infinispan/target/dependency/rxjava-2.2.4.jar:/home/anatole/ycsb/infinispan/target/dependency/unsafe-helper-1.0.jar site.ycsb.Client -t -db site.ycsb.db.InfinispanClient -P ../workloads/workloadc -preload -s -threads 4 -p dataintegrity=true -p offheap=false -p pcj=false -p recordcount=1000000 -p operationcount=12000000 -p fieldcount=10 -p fieldlength=100 -p requestdistribution=zipfian -p measurement.trackjvm=true -p measurementtype=hdrhistogram -p hdrhistogram.output.path=./out/exp5.concurrent.ref/log/infinispan.run.workloadc.true.1000000.1000000.10.100.zipfian.4.true..default.default.none.r3.hdr.log
[OVERALL], RunTime(ms), 14942
[OVERALL], Throughput(ops/sec), 870030.785704725
[TOTAL_GCS_G1_Young_Generation], Count, 29
[TOTAL_GC_TIME_G1_Young_Generation], Time(ms), 2360
[TOTAL_GC_TIME_%_G1_Young_Generation], Time(%), 15.794405032793469
[TOTAL_GCS_G1_Old_Generation], Count, 0
[TOTAL_GC_TIME_G1_Old_Generation], Time(ms), 0
[TOTAL_GC_TIME_%_G1_Old_Generation], Time(%), 0.0
[TOTAL_GCs], Count, 29
[TOTAL_GC_TIME], Time(ms), 2360
[TOTAL_GC_TIME_%], Time(%), 15.794405032793469
[MAX_MEM_USED], MBs, 5800
[MIN_MEM_USED], MBs, 54
[MAX_THREADS], Count, 10
[MIN_THREADS], Count, 4
[MAX_SYS_LOAD_AVG], Load, 7.58
[MIN_SYS_LOAD_AVG], Load, 6.27
[THREAD_COUNT], Operations, 3
[THREAD_COUNT], AverageLatency(ns), 6.666666666666667
[THREAD_COUNT], MinLatency(ns), 4
[THREAD_COUNT], MaxLatency(ns), 10
[THREAD_COUNT], 95thPercentileLatency(ns), 10
[THREAD_COUNT], 99thPercentileLatency(ns), 10
[SYS_LOAD_AVG], Operations, 3
[SYS_LOAD_AVG], AverageLatency(ns), 6.666666666666667
[SYS_LOAD_AVG], MinLatency(ns), 6
[SYS_LOAD_AVG], MaxLatency(ns), 7
[SYS_LOAD_AVG], 95thPercentileLatency(ns), 7
[SYS_LOAD_AVG], 99thPercentileLatency(ns), 7
[LOAD], Operations, 4
[LOAD], AverageLatency(ns), 6.502825984E9
[LOAD], MinLatency(ns), 6426296320
[LOAD], MaxLatency(ns), 6599802879
[LOAD], 95thPercentileLatency(ns), 6599802879
[LOAD], 99thPercentileLatency(ns), 6599802879
[USED_MEM_MB], Operations, 3
[USED_MEM_MB], AverageLatency(ns), 3614.0
[USED_MEM_MB], MinLatency(ns), 54
[USED_MEM_MB], MaxLatency(ns), 5800
[USED_MEM_MB], 95thPercentileLatency(ns), 5800
[USED_MEM_MB], 99thPercentileLatency(ns), 5800
[MAIN_GCs_Count], Operations, 4
[MAIN_GCs_Count], AverageLatency(ns), 2.5
[MAIN_GCs_Count], MinLatency(ns), 2
[MAIN_GCs_Count], MaxLatency(ns), 3
[MAIN_GCs_Count], 95thPercentileLatency(ns), 3
[MAIN_GCs_Count], 99thPercentileLatency(ns), 3
[MAIN_GCs_Time(ms)], Operations, 4
[MAIN_GCs_Time(ms)], AverageLatency(ns), 187.0
[MAIN_GCs_Time(ms)], MinLatency(ns), 150
[MAIN_GCs_Time(ms)], MaxLatency(ns), 224
[MAIN_GCs_Time(ms)], 95thPercentileLatency(ns), 224
[MAIN_GCs_Time(ms)], 99thPercentileLatency(ns), 224
[TRANSACTION], Operations, 4
[TRANSACTION], AverageLatency(ns), 6.551339008E9
[TRANSACTION], MinLatency(ns), 6008373248
[TRANSACTION], MaxLatency(ns), 7074807807
[TRANSACTION], 95thPercentileLatency(ns), 7074807807
[TRANSACTION], 99thPercentileLatency(ns), 7074807807
[GCS_TIME], Operations, 3
[GCS_TIME], AverageLatency(ns), 786.6666666666666
[GCS_TIME], MinLatency(ns), 0
[GCS_TIME], MaxLatency(ns), 2286
[GCS_TIME], 95thPercentileLatency(ns), 2286
[GCS_TIME], 99thPercentileLatency(ns), 2286
[LOAD_GCs_Time(ms)], Operations, 4
[LOAD_GCs_Time(ms)], AverageLatency(ns), 2118.0
[LOAD_GCs_Time(ms)], MinLatency(ns), 2118
[LOAD_GCs_Time(ms)], MaxLatency(ns), 2118
[LOAD_GCs_Time(ms)], 95thPercentileLatency(ns), 2118
[LOAD_GCs_Time(ms)], 99thPercentileLatency(ns), 2118
[READ], Operations, 12000000
[READ], AverageLatency(ns), 1017.5555763333333
[READ], MinLatency(ns), 179
[READ], MaxLatency(ns), 113422847
[READ], 95thPercentileLatency(ns), 1321
[READ], 99thPercentileLatency(ns), 14661
[READ], Return=OK, 12000000
[INIT], Operations, 4
[INIT], AverageLatency(ns), 6.80602624E8
[INIT], MinLatency(ns), 680333312
[INIT], MaxLatency(ns), 681267199
[INIT], 95thPercentileLatency(ns), 681267199
[INIT], 99thPercentileLatency(ns), 681267199
[GCS], Operations, 3
[GCS], AverageLatency(ns), 9.666666666666666
[GCS], MinLatency(ns), 0
[GCS], MaxLatency(ns), 28
[GCS], 95thPercentileLatency(ns), 28
[GCS], 99thPercentileLatency(ns), 28
[LOAD_GCs_Count], Operations, 4
[LOAD_GCs_Count], AverageLatency(ns), 25.0
[LOAD_GCs_Count], MinLatency(ns), 25
[LOAD_GCs_Count], MaxLatency(ns), 25
[LOAD_GCs_Count], 95thPercentileLatency(ns), 25
[LOAD_GCs_Count], 99thPercentileLatency(ns), 25
[CLEANUP], Operations, 4
[CLEANUP], AverageLatency(ns), 1.050186496E9
[CLEANUP], MinLatency(ns), 532099072
[CLEANUP], MaxLatency(ns), 1576632319
[CLEANUP], 95thPercentileLatency(ns), 1576632319
[CLEANUP], 99thPercentileLatency(ns), 1576632319
[INSERT], Operations, 1000000
[INSERT], AverageLatency(ns), 10600.494376
[INSERT], MinLatency(ns), 1750
[INSERT], MaxLatency(ns), 173672447
[INSERT], 95thPercentileLatency(ns), 6867
[INSERT], 99thPercentileLatency(ns), 25786
[INSERT], Return=OK, 1000000
