/home/anatole/jdk8u/build/linux-x86_64-normal-server-release/jdk/bin/java -Xmx20g -XX:+UseG1GC -classpath /home/anatole/ycsb/conf:/home/anatole/ycsb/core/target/core-0.18.0-SNAPSHOT.jar:/home/anatole/ycsb/core/target/dependency/HdrHistogram-2.1.4.jar:/home/anatole/ycsb/core/target/dependency/guava-18.0.jar:/home/anatole/ycsb/core/target/dependency/htrace-core4-4.1.0-incubating.jar:/home/anatole/ycsb/core/target/dependency/jackson-core-asl-1.9.4.jar:/home/anatole/ycsb/core/target/dependency/jackson-mapper-asl-1.9.4.jar:/home/anatole/ycsb/core/target/dependency/javax.persistence-api-2.2.jar:/home/anatole/ycsb/core/target/dependency/jnvm-1.0-SNAPSHOT.jar:/home/anatole/ycsb/core/target/dependency/pcj-1.0.jar:/home/anatole/ycsb/core/target/dependency/unsafe-helper-1.0.jar:/home/anatole/ycsb/infinispan/src/main/conf:/home/anatole/ycsb/infinispan/target/infinispan-binding-0.18.0-SNAPSHOT.jar:/home/anatole/ycsb/infinispan/target/dependency/caffeine-2.6.2.jar:/home/anatole/ycsb/infinispan/target/dependency/gson-2.8.2.jar:/home/anatole/ycsb/infinispan/target/dependency/guava-18.0.jar:/home/anatole/ycsb/infinispan/target/dependency/infinispan-cachestore-jnvm-1.0-SNAPSHOT.jar:/home/anatole/ycsb/infinispan/target/dependency/infinispan-cachestore-pcj-1.0-SNAPSHOT.jar:/home/anatole/ycsb/infinispan/target/dependency/infinispan-client-hotrod-9.4.20.Final.jar:/home/anatole/ycsb/infinispan/target/dependency/infinispan-commons-9.4.20.Final.jar:/home/anatole/ycsb/infinispan/target/dependency/infinispan-core-9.4.20.Final.jar:/home/anatole/ycsb/infinispan/target/dependency/javax.persistence-api-2.2.jar:/home/anatole/ycsb/infinispan/target/dependency/jboss-logging-3.3.2.Final.jar:/home/anatole/ycsb/infinispan/target/dependency/jboss-marshalling-osgi-2.0.6.Final.jar:/home/anatole/ycsb/infinispan/target/dependency/jboss-transaction-api_1.2_spec-1.1.1.Final.jar:/home/anatole/ycsb/infinispan/target/dependency/jgroups-4.0.21.Final.jar:/home/anatole/ycsb/infinispan/target/dependency/jnvm-1.0-SNAPSHOT.jar:/home/anatole/ycsb/infinispan/target/dependency/metainf-services-1.7.jar:/home/anatole/ycsb/infinispan/target/dependency/netty-buffer-4.1.51.Final.jar:/home/anatole/ycsb/infinispan/target/dependency/netty-codec-4.1.51.Final.jar:/home/anatole/ycsb/infinispan/target/dependency/netty-common-4.1.51.Final.jar:/home/anatole/ycsb/infinispan/target/dependency/netty-handler-4.1.51.Final.jar:/home/anatole/ycsb/infinispan/target/dependency/netty-resolver-4.1.51.Final.jar:/home/anatole/ycsb/infinispan/target/dependency/netty-transport-4.1.51.Final.jar:/home/anatole/ycsb/infinispan/target/dependency/netty-transport-native-epoll-4.1.51.Final-linux-x86_64.jar:/home/anatole/ycsb/infinispan/target/dependency/netty-transport-native-unix-common-4.1.51.Final.jar:/home/anatole/ycsb/infinispan/target/dependency/pcj-1.0.jar:/home/anatole/ycsb/infinispan/target/dependency/reactive-streams-1.0.2.jar:/home/anatole/ycsb/infinispan/target/dependency/rxjava-2.2.4.jar:/home/anatole/ycsb/infinispan/target/dependency/unsafe-helper-1.0.jar site.ycsb.Client -t -db site.ycsb.db.InfinispanJNVMClient -P ../workloads/workloadc -preload -s -threads 24 -p dataintegrity=true -p offheap=true -p pcj=false -p recordcount=1000000 -p operationcount=60000000 -p fieldcount=10 -p fieldlength=100 -p requestdistribution=zipfian -p measurement.trackjvm=true -p measurementtype=hdrhistogram -p hdrhistogram.output.path=./out/exp5.concurrent.ref/log/infinispan-jnvm.run.workloadc.true.1000000.1.10.100.zipfian.24.false..default.default.none.r4.hdr.log
[OVERALL], RunTime(ms), 47987
[OVERALL], Throughput(ops/sec), 1271177.6106028715
[TOTAL_GCS_G1_Young_Generation], Count, 42
[TOTAL_GC_TIME_G1_Young_Generation], Time(ms), 2220
[TOTAL_GC_TIME_%_G1_Young_Generation], Time(%), 4.626252943505533
[TOTAL_GCS_G1_Old_Generation], Count, 0
[TOTAL_GC_TIME_G1_Old_Generation], Time(ms), 0
[TOTAL_GC_TIME_%_G1_Old_Generation], Time(%), 0.0
[TOTAL_GCs], Count, 42
[TOTAL_GC_TIME], Time(ms), 2220
[TOTAL_GC_TIME_%], Time(%), 4.626252943505533
[MAX_MEM_USED], MBs, 12826
[MIN_MEM_USED], MBs, 80
[MAX_THREADS], Count, 30
[MIN_THREADS], Count, 4
[MAX_SYS_LOAD_AVG], Load, 17.59
[MIN_SYS_LOAD_AVG], Load, 12.55
[THREAD_COUNT], Operations, 6
[THREAD_COUNT], AverageLatency(ns), 25.0
[THREAD_COUNT], MinLatency(ns), 4
[THREAD_COUNT], MaxLatency(ns), 30
[THREAD_COUNT], 95thPercentileLatency(ns), 30
[THREAD_COUNT], 99thPercentileLatency(ns), 30
[SYS_LOAD_AVG], Operations, 6
[SYS_LOAD_AVG], AverageLatency(ns), 14.666666666666666
[SYS_LOAD_AVG], MinLatency(ns), 12
[SYS_LOAD_AVG], MaxLatency(ns), 17
[SYS_LOAD_AVG], 95thPercentileLatency(ns), 17
[SYS_LOAD_AVG], 99thPercentileLatency(ns), 17
[LOAD], Operations, 24
[LOAD], AverageLatency(ns), 1.6206902613333334E10
[LOAD], MinLatency(ns), 15829434368
[LOAD], MaxLatency(ns), 16321544191
[LOAD], 95thPercentileLatency(ns), 16314007551
[LOAD], 99thPercentileLatency(ns), 16321544191
[USED_MEM_MB], Operations, 6
[USED_MEM_MB], AverageLatency(ns), 5927.833333333333
[USED_MEM_MB], MinLatency(ns), 80
[USED_MEM_MB], MaxLatency(ns), 12826
[USED_MEM_MB], 95thPercentileLatency(ns), 12826
[USED_MEM_MB], 99thPercentileLatency(ns), 12826
[MAIN_GCs_Count], Operations, 24
[MAIN_GCs_Count], AverageLatency(ns), 15.958333333333334
[MAIN_GCs_Count], MinLatency(ns), 13
[MAIN_GCs_Count], MaxLatency(ns), 17
[MAIN_GCs_Count], 95thPercentileLatency(ns), 17
[MAIN_GCs_Count], 99thPercentileLatency(ns), 17
[MAIN_GCs_Time(ms)], Operations, 24
[MAIN_GCs_Time(ms)], AverageLatency(ns), 392.4166666666667
[MAIN_GCs_Time(ms)], MinLatency(ns), 347
[MAIN_GCs_Time(ms)], MaxLatency(ns), 414
[MAIN_GCs_Time(ms)], 95thPercentileLatency(ns), 414
[MAIN_GCs_Time(ms)], 99thPercentileLatency(ns), 414
[TRANSACTION], Operations, 24
[TRANSACTION], AverageLatency(ns), 2.3550995114666668E10
[TRANSACTION], MinLatency(ns), 14467399680
[TRANSACTION], MaxLatency(ns), 29895032831
[TRANSACTION], 95thPercentileLatency(ns), 29270999039
[TRANSACTION], 99thPercentileLatency(ns), 29895032831
[GCS_TIME], Operations, 6
[GCS_TIME], AverageLatency(ns), 370.0
[GCS_TIME], MinLatency(ns), 0
[GCS_TIME], MaxLatency(ns), 1152
[GCS_TIME], 95thPercentileLatency(ns), 1152
[GCS_TIME], 99thPercentileLatency(ns), 1152
[LOAD_GCs_Time(ms)], Operations, 24
[LOAD_GCs_Time(ms)], AverageLatency(ns), 1774.0
[LOAD_GCs_Time(ms)], MinLatency(ns), 1774
[LOAD_GCs_Time(ms)], MaxLatency(ns), 1774
[LOAD_GCs_Time(ms)], 95thPercentileLatency(ns), 1774
[LOAD_GCs_Time(ms)], 99thPercentileLatency(ns), 1774
[READ], Operations, 60000000
[READ], AverageLatency(ns), 7776.240302766667
[READ], MinLatency(ns), 194
[READ], MaxLatency(ns), 8991277055
[READ], 95thPercentileLatency(ns), 3657
[READ], 99thPercentileLatency(ns), 104386
[READ], Return=OK, 60000000
[INIT], Operations, 24
[INIT], AverageLatency(ns), 1.6364189013333333E9
[INIT], MinLatency(ns), 1631444992
[INIT], MaxLatency(ns), 1657421823
[INIT], 95thPercentileLatency(ns), 1640488959
[INIT], 99thPercentileLatency(ns), 1657421823
[GCS], Operations, 6
[GCS], AverageLatency(ns), 7.0
[GCS], MinLatency(ns), 0
[GCS], MaxLatency(ns), 21
[GCS], 95thPercentileLatency(ns), 21
[GCS], 99thPercentileLatency(ns), 21
[LOAD_GCs_Count], Operations, 24
[LOAD_GCs_Count], AverageLatency(ns), 23.0
[LOAD_GCs_Count], MinLatency(ns), 23
[LOAD_GCs_Count], MaxLatency(ns), 23
[LOAD_GCs_Count], 95thPercentileLatency(ns), 23
[LOAD_GCs_Count], 99thPercentileLatency(ns), 23
[CLEANUP], Operations, 24
[CLEANUP], AverageLatency(ns), 6.347229748666667E9
[CLEANUP], MinLatency(ns), 5571808
[CLEANUP], MaxLatency(ns), 15414984703
[CLEANUP], 95thPercentileLatency(ns), 13385793535
[CLEANUP], 99thPercentileLatency(ns), 15414984703
[INSERT], Operations, 1000000
[INSERT], AverageLatency(ns), 145116.4765
[INSERT], MinLatency(ns), 5052
[INSERT], MaxLatency(ns), 206935039
[INSERT], 95thPercentileLatency(ns), 119006
[INSERT], 99thPercentileLatency(ns), 3464543
[INSERT], Return=OK, 1000000
