/home/anatole/jdk8u/build/linux-x86_64-normal-server-release/jdk/bin/java -Xmx20g -XX:+UseG1GC -classpath /home/anatole/ycsb/conf:/home/anatole/ycsb/core/target/core-0.18.0-SNAPSHOT.jar:/home/anatole/ycsb/core/target/dependency/HdrHistogram-2.1.4.jar:/home/anatole/ycsb/core/target/dependency/guava-18.0.jar:/home/anatole/ycsb/core/target/dependency/htrace-core4-4.1.0-incubating.jar:/home/anatole/ycsb/core/target/dependency/jackson-core-asl-1.9.4.jar:/home/anatole/ycsb/core/target/dependency/jackson-mapper-asl-1.9.4.jar:/home/anatole/ycsb/core/target/dependency/javax.persistence-api-2.2.jar:/home/anatole/ycsb/core/target/dependency/jnvm-1.0-SNAPSHOT.jar:/home/anatole/ycsb/core/target/dependency/pcj-1.0.jar:/home/anatole/ycsb/core/target/dependency/unsafe-helper-1.0.jar:/home/anatole/ycsb/infinispan/src/main/conf:/home/anatole/ycsb/infinispan/target/infinispan-binding-0.18.0-SNAPSHOT.jar:/home/anatole/ycsb/infinispan/target/dependency/caffeine-2.6.2.jar:/home/anatole/ycsb/infinispan/target/dependency/gson-2.8.2.jar:/home/anatole/ycsb/infinispan/target/dependency/guava-18.0.jar:/home/anatole/ycsb/infinispan/target/dependency/infinispan-cachestore-jnvm-1.0-SNAPSHOT.jar:/home/anatole/ycsb/infinispan/target/dependency/infinispan-cachestore-pcj-1.0-SNAPSHOT.jar:/home/anatole/ycsb/infinispan/target/dependency/infinispan-client-hotrod-9.4.20.Final.jar:/home/anatole/ycsb/infinispan/target/dependency/infinispan-commons-9.4.20.Final.jar:/home/anatole/ycsb/infinispan/target/dependency/infinispan-core-9.4.20.Final.jar:/home/anatole/ycsb/infinispan/target/dependency/javax.persistence-api-2.2.jar:/home/anatole/ycsb/infinispan/target/dependency/jboss-logging-3.3.2.Final.jar:/home/anatole/ycsb/infinispan/target/dependency/jboss-marshalling-osgi-2.0.6.Final.jar:/home/anatole/ycsb/infinispan/target/dependency/jboss-transaction-api_1.2_spec-1.1.1.Final.jar:/home/anatole/ycsb/infinispan/target/dependency/jgroups-4.0.21.Final.jar:/home/anatole/ycsb/infinispan/target/dependency/jnvm-1.0-SNAPSHOT.jar:/home/anatole/ycsb/infinispan/target/dependency/metainf-services-1.7.jar:/home/anatole/ycsb/infinispan/target/dependency/netty-buffer-4.1.51.Final.jar:/home/anatole/ycsb/infinispan/target/dependency/netty-codec-4.1.51.Final.jar:/home/anatole/ycsb/infinispan/target/dependency/netty-common-4.1.51.Final.jar:/home/anatole/ycsb/infinispan/target/dependency/netty-handler-4.1.51.Final.jar:/home/anatole/ycsb/infinispan/target/dependency/netty-resolver-4.1.51.Final.jar:/home/anatole/ycsb/infinispan/target/dependency/netty-transport-4.1.51.Final.jar:/home/anatole/ycsb/infinispan/target/dependency/netty-transport-native-epoll-4.1.51.Final-linux-x86_64.jar:/home/anatole/ycsb/infinispan/target/dependency/netty-transport-native-unix-common-4.1.51.Final.jar:/home/anatole/ycsb/infinispan/target/dependency/pcj-1.0.jar:/home/anatole/ycsb/infinispan/target/dependency/reactive-streams-1.0.2.jar:/home/anatole/ycsb/infinispan/target/dependency/rxjava-2.2.4.jar:/home/anatole/ycsb/infinispan/target/dependency/unsafe-helper-1.0.jar site.ycsb.Client -t -db site.ycsb.db.InfinispanClient -P ../workloads/workloadc -preload -s -threads 20 -p dataintegrity=true -p offheap=false -p pcj=false -p recordcount=1000000 -p operationcount=60000000 -p fieldcount=10 -p fieldlength=100 -p requestdistribution=zipfian -p measurement.trackjvm=true -p measurementtype=hdrhistogram -p hdrhistogram.output.path=./out/exp5.concurrent.ref/log/infinispan.run.workloadc.true.1000000.1000000.10.100.zipfian.20.false.true.default.default.volatile.r2.hdr.log
[OVERALL], RunTime(ms), 53296
[OVERALL], Throughput(ops/sec), 1144551.185830081
[TOTAL_GCS_G1_Young_Generation], Count, 44
[TOTAL_GC_TIME_G1_Young_Generation], Time(ms), 2642
[TOTAL_GC_TIME_%_G1_Young_Generation], Time(%), 4.957220054037827
[TOTAL_GCS_G1_Old_Generation], Count, 0
[TOTAL_GC_TIME_G1_Old_Generation], Time(ms), 0
[TOTAL_GC_TIME_%_G1_Old_Generation], Time(%), 0.0
[TOTAL_GCs], Count, 44
[TOTAL_GC_TIME], Time(ms), 2642
[TOTAL_GC_TIME_%], Time(%), 4.957220054037827
[MAX_MEM_USED], MBs, 12732
[MIN_MEM_USED], MBs, 78
[MAX_THREADS], Count, 25
[MIN_THREADS], Count, 4
[MAX_SYS_LOAD_AVG], Load, 14.22
[MIN_SYS_LOAD_AVG], Load, 11.91
[THREAD_COUNT], Operations, 7
[THREAD_COUNT], AverageLatency(ns), 21.571428571428573
[THREAD_COUNT], MinLatency(ns), 4
[THREAD_COUNT], MaxLatency(ns), 25
[THREAD_COUNT], 95thPercentileLatency(ns), 25
[THREAD_COUNT], 99thPercentileLatency(ns), 25
[SYS_LOAD_AVG], Operations, 7
[SYS_LOAD_AVG], AverageLatency(ns), 12.428571428571429
[SYS_LOAD_AVG], MinLatency(ns), 11
[SYS_LOAD_AVG], MaxLatency(ns), 14
[SYS_LOAD_AVG], 95thPercentileLatency(ns), 14
[SYS_LOAD_AVG], 99thPercentileLatency(ns), 14
[LOAD], Operations, 20
[LOAD], AverageLatency(ns), 6.1673095168E9
[LOAD], MinLatency(ns), 5531598848
[LOAD], MaxLatency(ns), 6393364479
[LOAD], 95thPercentileLatency(ns), 6369050623
[LOAD], 99thPercentileLatency(ns), 6393364479
[USED_MEM_MB], Operations, 7
[USED_MEM_MB], AverageLatency(ns), 7736.0
[USED_MEM_MB], MinLatency(ns), 78
[USED_MEM_MB], MaxLatency(ns), 12732
[USED_MEM_MB], 95thPercentileLatency(ns), 12732
[USED_MEM_MB], 99thPercentileLatency(ns), 12732
[MAIN_GCs_Count], Operations, 20
[MAIN_GCs_Count], AverageLatency(ns), 18.0
[MAIN_GCs_Count], MinLatency(ns), 18
[MAIN_GCs_Count], MaxLatency(ns), 18
[MAIN_GCs_Count], 95thPercentileLatency(ns), 18
[MAIN_GCs_Count], 99thPercentileLatency(ns), 18
[MAIN_GCs_Time(ms)], Operations, 20
[MAIN_GCs_Time(ms)], AverageLatency(ns), 549.0
[MAIN_GCs_Time(ms)], MinLatency(ns), 549
[MAIN_GCs_Time(ms)], MaxLatency(ns), 549
[MAIN_GCs_Time(ms)], 95thPercentileLatency(ns), 549
[MAIN_GCs_Time(ms)], 99thPercentileLatency(ns), 549
[TRANSACTION], Operations, 20
[TRANSACTION], AverageLatency(ns), 4.5375488E10
[TRANSACTION], MinLatency(ns), 45023232000
[TRANSACTION], MaxLatency(ns), 45682786303
[TRANSACTION], 95thPercentileLatency(ns), 45592608767
[TRANSACTION], 99thPercentileLatency(ns), 45682786303
[GCS_TIME], Operations, 7
[GCS_TIME], AverageLatency(ns), 377.42857142857144
[GCS_TIME], MinLatency(ns), 0
[GCS_TIME], MaxLatency(ns), 2254
[GCS_TIME], 95thPercentileLatency(ns), 2254
[GCS_TIME], 99thPercentileLatency(ns), 2254
[LOAD_GCs_Time(ms)], Operations, 20
[LOAD_GCs_Time(ms)], AverageLatency(ns), 1987.8
[LOAD_GCs_Time(ms)], MinLatency(ns), 1747
[LOAD_GCs_Time(ms)], MaxLatency(ns), 2076
[LOAD_GCs_Time(ms)], 95thPercentileLatency(ns), 2076
[LOAD_GCs_Time(ms)], 99thPercentileLatency(ns), 2076
[READ], Operations, 60000000
[READ], AverageLatency(ns), 12899.980487116667
[READ], MinLatency(ns), 188
[READ], MaxLatency(ns), 124951551
[READ], 95thPercentileLatency(ns), 110825
[READ], 99thPercentileLatency(ns), 128623
[READ], Return=OK, 60000000
[INIT], Operations, 20
[INIT], AverageLatency(ns), 5.7404416E8
[INIT], MinLatency(ns), 569454592
[INIT], MaxLatency(ns), 578539519
[INIT], 95thPercentileLatency(ns), 578482175
[INIT], 99thPercentileLatency(ns), 578539519
[GCS], Operations, 7
[GCS], AverageLatency(ns), 6.285714285714286
[GCS], MinLatency(ns), 0
[GCS], MaxLatency(ns), 28
[GCS], 95thPercentileLatency(ns), 28
[GCS], 99thPercentileLatency(ns), 28
[LOAD_GCs_Count], Operations, 20
[LOAD_GCs_Count], AverageLatency(ns), 24.45
[LOAD_GCs_Count], MinLatency(ns), 23
[LOAD_GCs_Count], MaxLatency(ns), 25
[LOAD_GCs_Count], 95thPercentileLatency(ns), 25
[LOAD_GCs_Count], 99thPercentileLatency(ns), 25
[CLEANUP], Operations, 20
[CLEANUP], AverageLatency(ns), 7.999424E8
[CLEANUP], MinLatency(ns), 497397760
[CLEANUP], MaxLatency(ns), 1110786047
[CLEANUP], 95thPercentileLatency(ns), 1110769663
[CLEANUP], 99thPercentileLatency(ns), 1110786047
[INSERT], Operations, 1000000
[INSERT], AverageLatency(ns), 44452.499227
[INSERT], MinLatency(ns), 1200
[INSERT], MaxLatency(ns), 331775999
[INSERT], 95thPercentileLatency(ns), 33007
[INSERT], 99thPercentileLatency(ns), 84817
[INSERT], Return=OK, 1000000
