/home/anatole/jdk8u/build/linux-x86_64-normal-server-release/jdk/bin/java -Xmx20g -XX:+UseG1GC -classpath /home/anatole/ycsb/conf:/home/anatole/ycsb/core/target/core-0.18.0-SNAPSHOT.jar:/home/anatole/ycsb/core/target/dependency/HdrHistogram-2.1.4.jar:/home/anatole/ycsb/core/target/dependency/guava-18.0.jar:/home/anatole/ycsb/core/target/dependency/htrace-core4-4.1.0-incubating.jar:/home/anatole/ycsb/core/target/dependency/jackson-core-asl-1.9.4.jar:/home/anatole/ycsb/core/target/dependency/jackson-mapper-asl-1.9.4.jar:/home/anatole/ycsb/core/target/dependency/javax.persistence-api-2.2.jar:/home/anatole/ycsb/core/target/dependency/jnvm-1.0-SNAPSHOT.jar:/home/anatole/ycsb/core/target/dependency/pcj-1.0.jar:/home/anatole/ycsb/core/target/dependency/unsafe-helper-1.0.jar:/home/anatole/ycsb/infinispan/src/main/conf:/home/anatole/ycsb/infinispan/target/infinispan-binding-0.18.0-SNAPSHOT.jar:/home/anatole/ycsb/infinispan/target/dependency/caffeine-2.6.2.jar:/home/anatole/ycsb/infinispan/target/dependency/gson-2.8.2.jar:/home/anatole/ycsb/infinispan/target/dependency/guava-18.0.jar:/home/anatole/ycsb/infinispan/target/dependency/infinispan-cachestore-jnvm-1.0-SNAPSHOT.jar:/home/anatole/ycsb/infinispan/target/dependency/infinispan-cachestore-pcj-1.0-SNAPSHOT.jar:/home/anatole/ycsb/infinispan/target/dependency/infinispan-client-hotrod-9.4.20.Final.jar:/home/anatole/ycsb/infinispan/target/dependency/infinispan-commons-9.4.20.Final.jar:/home/anatole/ycsb/infinispan/target/dependency/infinispan-core-9.4.20.Final.jar:/home/anatole/ycsb/infinispan/target/dependency/javax.persistence-api-2.2.jar:/home/anatole/ycsb/infinispan/target/dependency/jboss-logging-3.3.2.Final.jar:/home/anatole/ycsb/infinispan/target/dependency/jboss-marshalling-osgi-2.0.6.Final.jar:/home/anatole/ycsb/infinispan/target/dependency/jboss-transaction-api_1.2_spec-1.1.1.Final.jar:/home/anatole/ycsb/infinispan/target/dependency/jgroups-4.0.21.Final.jar:/home/anatole/ycsb/infinispan/target/dependency/jnvm-1.0-SNAPSHOT.jar:/home/anatole/ycsb/infinispan/target/dependency/metainf-services-1.7.jar:/home/anatole/ycsb/infinispan/target/dependency/netty-buffer-4.1.51.Final.jar:/home/anatole/ycsb/infinispan/target/dependency/netty-codec-4.1.51.Final.jar:/home/anatole/ycsb/infinispan/target/dependency/netty-common-4.1.51.Final.jar:/home/anatole/ycsb/infinispan/target/dependency/netty-handler-4.1.51.Final.jar:/home/anatole/ycsb/infinispan/target/dependency/netty-resolver-4.1.51.Final.jar:/home/anatole/ycsb/infinispan/target/dependency/netty-transport-4.1.51.Final.jar:/home/anatole/ycsb/infinispan/target/dependency/netty-transport-native-epoll-4.1.51.Final-linux-x86_64.jar:/home/anatole/ycsb/infinispan/target/dependency/netty-transport-native-unix-common-4.1.51.Final.jar:/home/anatole/ycsb/infinispan/target/dependency/pcj-1.0.jar:/home/anatole/ycsb/infinispan/target/dependency/reactive-streams-1.0.2.jar:/home/anatole/ycsb/infinispan/target/dependency/rxjava-2.2.4.jar:/home/anatole/ycsb/infinispan/target/dependency/unsafe-helper-1.0.jar site.ycsb.Client -t -db site.ycsb.db.InfinispanJNVMClient -P ../workloads/workloadc -preload -s -threads 28 -p dataintegrity=true -p offheap=true -p pcj=false -p recordcount=1000000 -p operationcount=60000000 -p fieldcount=10 -p fieldlength=100 -p requestdistribution=zipfian -p measurement.trackjvm=true -p measurementtype=hdrhistogram -p hdrhistogram.output.path=./out/exp5.concurrent.ref/log/infinispan-jnvm.run.workloadc.true.1000000.1.10.100.zipfian.28.false..default.default.none.r6.hdr.log
[OVERALL], RunTime(ms), 82958
[OVERALL], Throughput(ops/sec), 735311.8445478434
[TOTAL_GCS_G1_Young_Generation], Count, 34
[TOTAL_GC_TIME_G1_Young_Generation], Time(ms), 2578
[TOTAL_GC_TIME_%_G1_Young_Generation], Time(%), 3.1075966151546566
[TOTAL_GCS_G1_Old_Generation], Count, 0
[TOTAL_GC_TIME_G1_Old_Generation], Time(ms), 0
[TOTAL_GC_TIME_%_G1_Old_Generation], Time(%), 0.0
[TOTAL_GCs], Count, 34
[TOTAL_GC_TIME], Time(ms), 2578
[TOTAL_GC_TIME_%], Time(%), 3.1075966151546566
[MAX_MEM_USED], MBs, 13942
[MIN_MEM_USED], MBs, 86
[MAX_THREADS], Count, 34
[MIN_THREADS], Count, 3
[MAX_SYS_LOAD_AVG], Load, 13.86
[MIN_SYS_LOAD_AVG], Load, 10.33
[THREAD_COUNT], Operations, 10
[THREAD_COUNT], AverageLatency(ns), 30.4
[THREAD_COUNT], MinLatency(ns), 3
[THREAD_COUNT], MaxLatency(ns), 34
[THREAD_COUNT], 95thPercentileLatency(ns), 34
[THREAD_COUNT], 99thPercentileLatency(ns), 34
[SYS_LOAD_AVG], Operations, 10
[SYS_LOAD_AVG], AverageLatency(ns), 11.2
[SYS_LOAD_AVG], MinLatency(ns), 10
[SYS_LOAD_AVG], MaxLatency(ns), 13
[SYS_LOAD_AVG], 95thPercentileLatency(ns), 13
[SYS_LOAD_AVG], 99thPercentileLatency(ns), 13
[LOAD], Operations, 28
[LOAD], AverageLatency(ns), 1.6762718500571428E10
[LOAD], MinLatency(ns), 16080699392
[LOAD], MaxLatency(ns), 17020813311
[LOAD], 95thPercentileLatency(ns), 17005150207
[LOAD], 99thPercentileLatency(ns), 17020813311
[USED_MEM_MB], Operations, 10
[USED_MEM_MB], AverageLatency(ns), 7456.4
[USED_MEM_MB], MinLatency(ns), 86
[USED_MEM_MB], MaxLatency(ns), 13942
[USED_MEM_MB], 95thPercentileLatency(ns), 13942
[USED_MEM_MB], 99thPercentileLatency(ns), 13942
[MAIN_GCs_Count], Operations, 28
[MAIN_GCs_Count], AverageLatency(ns), 8.0
[MAIN_GCs_Count], MinLatency(ns), 8
[MAIN_GCs_Count], MaxLatency(ns), 8
[MAIN_GCs_Count], 95thPercentileLatency(ns), 8
[MAIN_GCs_Count], 99thPercentileLatency(ns), 8
[MAIN_GCs_Time(ms)], Operations, 28
[MAIN_GCs_Time(ms)], AverageLatency(ns), 620.0
[MAIN_GCs_Time(ms)], MinLatency(ns), 620
[MAIN_GCs_Time(ms)], MaxLatency(ns), 620
[MAIN_GCs_Time(ms)], 95thPercentileLatency(ns), 620
[MAIN_GCs_Time(ms)], 99thPercentileLatency(ns), 620
[TRANSACTION], Operations, 28
[TRANSACTION], AverageLatency(ns), 6.391357205942857E10
[TRANSACTION], MinLatency(ns), 63342903296
[TRANSACTION], MaxLatency(ns), 64139034623
[TRANSACTION], 95thPercentileLatency(ns), 64102334463
[TRANSACTION], 99thPercentileLatency(ns), 64139034623
[GCS_TIME], Operations, 10
[GCS_TIME], AverageLatency(ns), 257.8
[GCS_TIME], MinLatency(ns), 0
[GCS_TIME], MaxLatency(ns), 1027
[GCS_TIME], 95thPercentileLatency(ns), 1027
[GCS_TIME], 99thPercentileLatency(ns), 1027
[LOAD_GCs_Time(ms)], Operations, 28
[LOAD_GCs_Time(ms)], AverageLatency(ns), 1884.857142857143
[LOAD_GCs_Time(ms)], MinLatency(ns), 1723
[LOAD_GCs_Time(ms)], MaxLatency(ns), 1929
[LOAD_GCs_Time(ms)], 95thPercentileLatency(ns), 1929
[LOAD_GCs_Time(ms)], 99thPercentileLatency(ns), 1929
[READ], Operations, 60000000
[READ], AverageLatency(ns), 26967.576533833333
[READ], MinLatency(ns), 270
[READ], MaxLatency(ns), 84003839
[READ], 95thPercentileLatency(ns), 200692
[READ], 99thPercentileLatency(ns), 224373
[READ], Return=OK, 60000000
[INIT], Operations, 28
[INIT], AverageLatency(ns), 1.587498422857143E9
[INIT], MinLatency(ns), 1582186496
[INIT], MaxLatency(ns), 1593466879
[INIT], 95thPercentileLatency(ns), 1592745983
[INIT], 99thPercentileLatency(ns), 1593466879
[GCS], Operations, 10
[GCS], AverageLatency(ns), 3.4
[GCS], MinLatency(ns), 0
[GCS], MaxLatency(ns), 20
[GCS], 95thPercentileLatency(ns), 20
[GCS], 99thPercentileLatency(ns), 20
[LOAD_GCs_Count], Operations, 28
[LOAD_GCs_Count], AverageLatency(ns), 23.785714285714285
[LOAD_GCs_Count], MinLatency(ns), 23
[LOAD_GCs_Count], MaxLatency(ns), 24
[LOAD_GCs_Count], 95thPercentileLatency(ns), 24
[LOAD_GCs_Count], 99thPercentileLatency(ns), 24
[CLEANUP], Operations, 28
[CLEANUP], AverageLatency(ns), 2.319236222857143E8
[CLEANUP], MinLatency(ns), 7815072
[CLEANUP], MaxLatency(ns), 781459455
[CLEANUP], 95thPercentileLatency(ns), 732180479
[CLEANUP], 99thPercentileLatency(ns), 781459455
[INSERT], Operations, 1000000
[INSERT], AverageLatency(ns), 177647.853926
[INSERT], MinLatency(ns), 5264
[INSERT], MaxLatency(ns), 228708351
[INSERT], 95thPercentileLatency(ns), 155110
[INSERT], 99thPercentileLatency(ns), 3766127
[INSERT], Return=OK, 1000000
