/home/anatole/jdk8u/build/linux-x86_64-normal-server-release/jdk/bin/java -Xmx20g -XX:+UseG1GC -classpath /home/anatole/ycsb/conf:/home/anatole/ycsb/core/target/core-0.18.0-SNAPSHOT.jar:/home/anatole/ycsb/core/target/dependency/HdrHistogram-2.1.4.jar:/home/anatole/ycsb/core/target/dependency/guava-18.0.jar:/home/anatole/ycsb/core/target/dependency/htrace-core4-4.1.0-incubating.jar:/home/anatole/ycsb/core/target/dependency/jackson-core-asl-1.9.4.jar:/home/anatole/ycsb/core/target/dependency/jackson-mapper-asl-1.9.4.jar:/home/anatole/ycsb/core/target/dependency/javax.persistence-api-2.2.jar:/home/anatole/ycsb/core/target/dependency/jnvm-1.0-SNAPSHOT.jar:/home/anatole/ycsb/core/target/dependency/pcj-1.0.jar:/home/anatole/ycsb/core/target/dependency/unsafe-helper-1.0.jar:/home/anatole/ycsb/infinispan/src/main/conf:/home/anatole/ycsb/infinispan/target/infinispan-binding-0.18.0-SNAPSHOT.jar:/home/anatole/ycsb/infinispan/target/dependency/caffeine-2.6.2.jar:/home/anatole/ycsb/infinispan/target/dependency/gson-2.8.2.jar:/home/anatole/ycsb/infinispan/target/dependency/guava-18.0.jar:/home/anatole/ycsb/infinispan/target/dependency/infinispan-cachestore-jnvm-1.0-SNAPSHOT.jar:/home/anatole/ycsb/infinispan/target/dependency/infinispan-cachestore-pcj-1.0-SNAPSHOT.jar:/home/anatole/ycsb/infinispan/target/dependency/infinispan-client-hotrod-9.4.20.Final.jar:/home/anatole/ycsb/infinispan/target/dependency/infinispan-commons-9.4.20.Final.jar:/home/anatole/ycsb/infinispan/target/dependency/infinispan-core-9.4.20.Final.jar:/home/anatole/ycsb/infinispan/target/dependency/javax.persistence-api-2.2.jar:/home/anatole/ycsb/infinispan/target/dependency/jboss-logging-3.3.2.Final.jar:/home/anatole/ycsb/infinispan/target/dependency/jboss-marshalling-osgi-2.0.6.Final.jar:/home/anatole/ycsb/infinispan/target/dependency/jboss-transaction-api_1.2_spec-1.1.1.Final.jar:/home/anatole/ycsb/infinispan/target/dependency/jgroups-4.0.21.Final.jar:/home/anatole/ycsb/infinispan/target/dependency/jnvm-1.0-SNAPSHOT.jar:/home/anatole/ycsb/infinispan/target/dependency/metainf-services-1.7.jar:/home/anatole/ycsb/infinispan/target/dependency/netty-buffer-4.1.51.Final.jar:/home/anatole/ycsb/infinispan/target/dependency/netty-codec-4.1.51.Final.jar:/home/anatole/ycsb/infinispan/target/dependency/netty-common-4.1.51.Final.jar:/home/anatole/ycsb/infinispan/target/dependency/netty-handler-4.1.51.Final.jar:/home/anatole/ycsb/infinispan/target/dependency/netty-resolver-4.1.51.Final.jar:/home/anatole/ycsb/infinispan/target/dependency/netty-transport-4.1.51.Final.jar:/home/anatole/ycsb/infinispan/target/dependency/netty-transport-native-epoll-4.1.51.Final-linux-x86_64.jar:/home/anatole/ycsb/infinispan/target/dependency/netty-transport-native-unix-common-4.1.51.Final.jar:/home/anatole/ycsb/infinispan/target/dependency/pcj-1.0.jar:/home/anatole/ycsb/infinispan/target/dependency/reactive-streams-1.0.2.jar:/home/anatole/ycsb/infinispan/target/dependency/rxjava-2.2.4.jar:/home/anatole/ycsb/infinispan/target/dependency/unsafe-helper-1.0.jar site.ycsb.Client -t -db site.ycsb.db.InfinispanClient -P ../workloads/workloadc -preload -s -threads 40 -p dataintegrity=true -p offheap=false -p pcj=false -p recordcount=1000000 -p operationcount=60000000 -p fieldcount=10 -p fieldlength=100 -p requestdistribution=zipfian -p measurement.trackjvm=true -p measurementtype=hdrhistogram -p hdrhistogram.output.path=./out/exp5.concurrent.ref/log/infinispan.run.workloadc.true.1000000.1000000.10.100.zipfian.40.true..default.default.none.r2.hdr.log
[OVERALL], RunTime(ms), 67917
[OVERALL], Throughput(ops/sec), 898155.1010792585
[TOTAL_GCS_G1_Young_Generation], Count, 35
[TOTAL_GC_TIME_G1_Young_Generation], Time(ms), 2409
[TOTAL_GC_TIME_%_G1_Young_Generation], Time(%), 3.546976456557269
[TOTAL_GCS_G1_Old_Generation], Count, 0
[TOTAL_GC_TIME_G1_Old_Generation], Time(ms), 0
[TOTAL_GC_TIME_%_G1_Old_Generation], Time(%), 0.0
[TOTAL_GCs], Count, 35
[TOTAL_GC_TIME], Time(ms), 2409
[TOTAL_GC_TIME_%], Time(%), 3.546976456557269
[MAX_MEM_USED], MBs, 12965
[MIN_MEM_USED], MBs, 104
[MAX_THREADS], Count, 46
[MIN_THREADS], Count, 4
[MAX_SYS_LOAD_AVG], Load, 8.58
[MIN_SYS_LOAD_AVG], Load, 8.08
[THREAD_COUNT], Operations, 8
[THREAD_COUNT], AverageLatency(ns), 40.25
[THREAD_COUNT], MinLatency(ns), 4
[THREAD_COUNT], MaxLatency(ns), 46
[THREAD_COUNT], 95thPercentileLatency(ns), 46
[THREAD_COUNT], 99thPercentileLatency(ns), 46
[SYS_LOAD_AVG], Operations, 8
[SYS_LOAD_AVG], AverageLatency(ns), 8.0
[SYS_LOAD_AVG], MinLatency(ns), 8
[SYS_LOAD_AVG], MaxLatency(ns), 8
[SYS_LOAD_AVG], 95thPercentileLatency(ns), 8
[SYS_LOAD_AVG], 99thPercentileLatency(ns), 8
[LOAD], Operations, 40
[LOAD], AverageLatency(ns), 7.672123392E9
[LOAD], MinLatency(ns), 6999441408
[LOAD], MaxLatency(ns), 7895187455
[LOAD], 95thPercentileLatency(ns), 7857274879
[LOAD], 99thPercentileLatency(ns), 7895187455
[USED_MEM_MB], Operations, 8
[USED_MEM_MB], AverageLatency(ns), 7468.75
[USED_MEM_MB], MinLatency(ns), 104
[USED_MEM_MB], MaxLatency(ns), 12965
[USED_MEM_MB], 95thPercentileLatency(ns), 12965
[USED_MEM_MB], 99thPercentileLatency(ns), 12965
[MAIN_GCs_Count], Operations, 40
[MAIN_GCs_Count], AverageLatency(ns), 9.0
[MAIN_GCs_Count], MinLatency(ns), 9
[MAIN_GCs_Count], MaxLatency(ns), 9
[MAIN_GCs_Count], 95thPercentileLatency(ns), 9
[MAIN_GCs_Count], 99thPercentileLatency(ns), 9
[MAIN_GCs_Time(ms)], Operations, 40
[MAIN_GCs_Time(ms)], AverageLatency(ns), 345.0
[MAIN_GCs_Time(ms)], MinLatency(ns), 345
[MAIN_GCs_Time(ms)], MaxLatency(ns), 345
[MAIN_GCs_Time(ms)], 95thPercentileLatency(ns), 345
[MAIN_GCs_Time(ms)], 99thPercentileLatency(ns), 345
[TRANSACTION], Operations, 40
[TRANSACTION], AverageLatency(ns), 5.85457664E10
[TRANSACTION], MinLatency(ns), 58278281216
[TRANSACTION], MaxLatency(ns), 58671497215
[TRANSACTION], 95thPercentileLatency(ns), 58641874943
[TRANSACTION], 99thPercentileLatency(ns), 58671497215
[GCS_TIME], Operations, 8
[GCS_TIME], AverageLatency(ns), 301.125
[GCS_TIME], MinLatency(ns), 0
[GCS_TIME], MaxLatency(ns), 2287
[GCS_TIME], 95thPercentileLatency(ns), 2287
[GCS_TIME], 99thPercentileLatency(ns), 2287
[LOAD_GCs_Time(ms)], Operations, 40
[LOAD_GCs_Time(ms)], AverageLatency(ns), 1981.175
[LOAD_GCs_Time(ms)], MinLatency(ns), 1696
[LOAD_GCs_Time(ms)], MaxLatency(ns), 2037
[LOAD_GCs_Time(ms)], 95thPercentileLatency(ns), 2037
[LOAD_GCs_Time(ms)], 99thPercentileLatency(ns), 2037
[READ], Operations, 60000000
[READ], AverageLatency(ns), 35623.0276911
[READ], MinLatency(ns), 233
[READ], MaxLatency(ns), 167072767
[READ], 95thPercentileLatency(ns), 363477
[READ], 99thPercentileLatency(ns), 403959
[READ], Return=OK, 60000000
[INIT], Operations, 40
[INIT], AverageLatency(ns), 6.259473408E8
[INIT], MinLatency(ns), 616423424
[INIT], MaxLatency(ns), 651661311
[INIT], 95thPercentileLatency(ns), 634908671
[INIT], 99thPercentileLatency(ns), 651661311
[GCS], Operations, 8
[GCS], AverageLatency(ns), 4.375
[GCS], MinLatency(ns), 0
[GCS], MaxLatency(ns), 28
[GCS], 95thPercentileLatency(ns), 28
[GCS], 99thPercentileLatency(ns), 28
[LOAD_GCs_Count], Operations, 40
[LOAD_GCs_Count], AverageLatency(ns), 23.675
[LOAD_GCs_Count], MinLatency(ns), 22
[LOAD_GCs_Count], MaxLatency(ns), 24
[LOAD_GCs_Count], 95thPercentileLatency(ns), 24
[LOAD_GCs_Count], 99thPercentileLatency(ns), 24
[CLEANUP], Operations, 40
[CLEANUP], AverageLatency(ns), 6.668256256E8
[CLEANUP], MinLatency(ns), 541749248
[CLEANUP], MaxLatency(ns), 906477567
[CLEANUP], 95thPercentileLatency(ns), 794845183
[CLEANUP], 99thPercentileLatency(ns), 906477567
[INSERT], Operations, 1000000
[INSERT], AverageLatency(ns), 163307.575841
[INSERT], MinLatency(ns), 1774
[INSERT], MaxLatency(ns), 384679935
[INSERT], 95thPercentileLatency(ns), 107432
[INSERT], 99thPercentileLatency(ns), 894255
[INSERT], Return=OK, 1000000
