/home/anatole/jdk8u/build/linux-x86_64-normal-server-release/jdk/bin/java -Xmx20g -XX:+UseG1GC -classpath /home/anatole/ycsb/conf:/home/anatole/ycsb/core/target/core-0.18.0-SNAPSHOT.jar:/home/anatole/ycsb/core/target/dependency/HdrHistogram-2.1.4.jar:/home/anatole/ycsb/core/target/dependency/guava-18.0.jar:/home/anatole/ycsb/core/target/dependency/htrace-core4-4.1.0-incubating.jar:/home/anatole/ycsb/core/target/dependency/jackson-core-asl-1.9.4.jar:/home/anatole/ycsb/core/target/dependency/jackson-mapper-asl-1.9.4.jar:/home/anatole/ycsb/core/target/dependency/javax.persistence-api-2.2.jar:/home/anatole/ycsb/core/target/dependency/jnvm-1.0-SNAPSHOT.jar:/home/anatole/ycsb/core/target/dependency/pcj-1.0.jar:/home/anatole/ycsb/core/target/dependency/unsafe-helper-1.0.jar:/home/anatole/ycsb/infinispan/src/main/conf:/home/anatole/ycsb/infinispan/target/infinispan-binding-0.18.0-SNAPSHOT.jar:/home/anatole/ycsb/infinispan/target/dependency/caffeine-2.6.2.jar:/home/anatole/ycsb/infinispan/target/dependency/gson-2.8.2.jar:/home/anatole/ycsb/infinispan/target/dependency/guava-18.0.jar:/home/anatole/ycsb/infinispan/target/dependency/infinispan-cachestore-jnvm-1.0-SNAPSHOT.jar:/home/anatole/ycsb/infinispan/target/dependency/infinispan-cachestore-pcj-1.0-SNAPSHOT.jar:/home/anatole/ycsb/infinispan/target/dependency/infinispan-client-hotrod-9.4.20.Final.jar:/home/anatole/ycsb/infinispan/target/dependency/infinispan-commons-9.4.20.Final.jar:/home/anatole/ycsb/infinispan/target/dependency/infinispan-core-9.4.20.Final.jar:/home/anatole/ycsb/infinispan/target/dependency/javax.persistence-api-2.2.jar:/home/anatole/ycsb/infinispan/target/dependency/jboss-logging-3.3.2.Final.jar:/home/anatole/ycsb/infinispan/target/dependency/jboss-marshalling-osgi-2.0.6.Final.jar:/home/anatole/ycsb/infinispan/target/dependency/jboss-transaction-api_1.2_spec-1.1.1.Final.jar:/home/anatole/ycsb/infinispan/target/dependency/jgroups-4.0.21.Final.jar:/home/anatole/ycsb/infinispan/target/dependency/jnvm-1.0-SNAPSHOT.jar:/home/anatole/ycsb/infinispan/target/dependency/metainf-services-1.7.jar:/home/anatole/ycsb/infinispan/target/dependency/netty-buffer-4.1.51.Final.jar:/home/anatole/ycsb/infinispan/target/dependency/netty-codec-4.1.51.Final.jar:/home/anatole/ycsb/infinispan/target/dependency/netty-common-4.1.51.Final.jar:/home/anatole/ycsb/infinispan/target/dependency/netty-handler-4.1.51.Final.jar:/home/anatole/ycsb/infinispan/target/dependency/netty-resolver-4.1.51.Final.jar:/home/anatole/ycsb/infinispan/target/dependency/netty-transport-4.1.51.Final.jar:/home/anatole/ycsb/infinispan/target/dependency/netty-transport-native-epoll-4.1.51.Final-linux-x86_64.jar:/home/anatole/ycsb/infinispan/target/dependency/netty-transport-native-unix-common-4.1.51.Final.jar:/home/anatole/ycsb/infinispan/target/dependency/pcj-1.0.jar:/home/anatole/ycsb/infinispan/target/dependency/reactive-streams-1.0.2.jar:/home/anatole/ycsb/infinispan/target/dependency/rxjava-2.2.4.jar:/home/anatole/ycsb/infinispan/target/dependency/unsafe-helper-1.0.jar site.ycsb.Client -t -db site.ycsb.db.InfinispanClient -P ../workloads/workloada -preload -s -threads 20 -p dataintegrity=true -p offheap=false -p pcj=false -p recordcount=1000000 -p operationcount=60000000 -p fieldcount=10 -p fieldlength=100 -p requestdistribution=zipfian -p measurement.trackjvm=true -p measurementtype=hdrhistogram -p hdrhistogram.output.path=./out/exp5.concurrent.ref/log/infinispan.run.workloada.true.1000000.100000.10.100.zipfian.20.false..default.default.none.r3.hdr.log
[OVERALL], RunTime(ms), 383856
[OVERALL], Throughput(ops/sec), 158913.75932641406
[TOTAL_GCS_G1_Young_Generation], Count, 176
[TOTAL_GC_TIME_G1_Young_Generation], Time(ms), 23947
[TOTAL_GC_TIME_%_G1_Young_Generation], Time(%), 6.238537368179734
[TOTAL_GCS_G1_Old_Generation], Count, 0
[TOTAL_GC_TIME_G1_Old_Generation], Time(ms), 0
[TOTAL_GC_TIME_%_G1_Old_Generation], Time(%), 0.0
[TOTAL_GCs], Count, 176
[TOTAL_GC_TIME], Time(ms), 23947
[TOTAL_GC_TIME_%], Time(%), 6.238537368179734
[MAX_MEM_USED], MBs, 13268
[MIN_MEM_USED], MBs, 78
[MAX_THREADS], Count, 52
[MIN_THREADS], Count, 2
[MAX_SYS_LOAD_AVG], Load, 20.11
[MIN_SYS_LOAD_AVG], Load, 16.68
[THREAD_COUNT], Operations, 40
[THREAD_COUNT], AverageLatency(ns), 48.0
[THREAD_COUNT], MinLatency(ns), 2
[THREAD_COUNT], MaxLatency(ns), 52
[THREAD_COUNT], 95thPercentileLatency(ns), 52
[THREAD_COUNT], 99thPercentileLatency(ns), 52
[SYS_LOAD_AVG], Operations, 40
[SYS_LOAD_AVG], AverageLatency(ns), 18.15
[SYS_LOAD_AVG], MinLatency(ns), 16
[SYS_LOAD_AVG], MaxLatency(ns), 20
[SYS_LOAD_AVG], 95thPercentileLatency(ns), 20
[SYS_LOAD_AVG], 99thPercentileLatency(ns), 20
[LOAD], Operations, 20
[LOAD], AverageLatency(ns), 1.31909779456E10
[LOAD], MinLatency(ns), 12088377344
[LOAD], MaxLatency(ns), 13801095167
[LOAD], 95thPercentileLatency(ns), 13691322367
[LOAD], 99thPercentileLatency(ns), 13801095167
[USED_MEM_MB], Operations, 40
[USED_MEM_MB], AverageLatency(ns), 7039.2
[USED_MEM_MB], MinLatency(ns), 78
[USED_MEM_MB], MaxLatency(ns), 13268
[USED_MEM_MB], 95thPercentileLatency(ns), 12700
[USED_MEM_MB], 99thPercentileLatency(ns), 13268
[MAIN_GCs_Count], Operations, 20
[MAIN_GCs_Count], AverageLatency(ns), 155.9
[MAIN_GCs_Count], MinLatency(ns), 155
[MAIN_GCs_Count], MaxLatency(ns), 156
[MAIN_GCs_Count], 95thPercentileLatency(ns), 156
[MAIN_GCs_Count], 99thPercentileLatency(ns), 156
[MAIN_GCs_Time(ms)], Operations, 20
[MAIN_GCs_Time(ms)], AverageLatency(ns), 23021.4
[MAIN_GCs_Time(ms)], MinLatency(ns), 22890
[MAIN_GCs_Time(ms)], MaxLatency(ns), 23036
[MAIN_GCs_Time(ms)], 95thPercentileLatency(ns), 23036
[MAIN_GCs_Time(ms)], 99thPercentileLatency(ns), 23036
[TRANSACTION], Operations, 20
[TRANSACTION], AverageLatency(ns), 3.671173627904E11
[TRANSACTION], MinLatency(ns), 364531154944
[TRANSACTION], MaxLatency(ns), 369170055167
[TRANSACTION], 95thPercentileLatency(ns), 368417177599
[TRANSACTION], 99thPercentileLatency(ns), 369170055167
[GCS_TIME], Operations, 40
[GCS_TIME], AverageLatency(ns), 598.675
[GCS_TIME], MinLatency(ns), 0
[GCS_TIME], MaxLatency(ns), 851
[GCS_TIME], 95thPercentileLatency(ns), 761
[GCS_TIME], 99thPercentileLatency(ns), 851
[LOAD_GCs_Time(ms)], Operations, 20
[LOAD_GCs_Time(ms)], AverageLatency(ns), 880.0
[LOAD_GCs_Time(ms)], MinLatency(ns), 880
[LOAD_GCs_Time(ms)], MaxLatency(ns), 880
[LOAD_GCs_Time(ms)], 95thPercentileLatency(ns), 880
[LOAD_GCs_Time(ms)], 99thPercentileLatency(ns), 880
[READ], Operations, 30000259
[READ], AverageLatency(ns), 77774.48637980092
[READ], MinLatency(ns), 176
[READ], MaxLatency(ns), 205640703
[READ], 95thPercentileLatency(ns), 250474
[READ], 99thPercentileLatency(ns), 320695
[READ], Return=OK, 30000259
[INIT], Operations, 20
[INIT], AverageLatency(ns), 6.263404544E8
[INIT], MinLatency(ns), 623013888
[INIT], MaxLatency(ns), 630652927
[INIT], 95thPercentileLatency(ns), 630652927
[INIT], 99thPercentileLatency(ns), 630652927
[GCS], Operations, 40
[GCS], AverageLatency(ns), 4.4
[GCS], MinLatency(ns), 0
[GCS], MaxLatency(ns), 19
[GCS], 95thPercentileLatency(ns), 6
[GCS], 99thPercentileLatency(ns), 19
[LOAD_GCs_Count], Operations, 20
[LOAD_GCs_Count], AverageLatency(ns), 18.0
[LOAD_GCs_Count], MinLatency(ns), 18
[LOAD_GCs_Count], MaxLatency(ns), 18
[LOAD_GCs_Count], 95thPercentileLatency(ns), 18
[LOAD_GCs_Count], 99thPercentileLatency(ns), 18
[CLEANUP], Operations, 20
[CLEANUP], AverageLatency(ns), 2.1246909312E9
[CLEANUP], MinLatency(ns), 77575680
[CLEANUP], MaxLatency(ns), 4673765375
[CLEANUP], 95thPercentileLatency(ns), 4131667967
[CLEANUP], 99thPercentileLatency(ns), 4673765375
[INSERT], Operations, 1000000
[INSERT], AverageLatency(ns), 247844.38799
[INSERT], MinLatency(ns), 23165
[INSERT], MaxLatency(ns), 1021505535
[INSERT], 95thPercentileLatency(ns), 268287
[INSERT], 99thPercentileLatency(ns), 417503
[INSERT], Return=OK, 1000000
[UPDATE], Operations, 29999741
[UPDATE], AverageLatency(ns), 162363.51472611047
[UPDATE], MinLatency(ns), 23508
[UPDATE], MaxLatency(ns), 205728767
[UPDATE], 95thPercentileLatency(ns), 344525
[UPDATE], 99thPercentileLatency(ns), 437071
[UPDATE], Return=OK, 29999741
