/home/anatole/jdk8u/build/linux-x86_64-normal-server-release/jdk/bin/java -Xmx20g -XX:+UseG1GC -classpath /home/anatole/ycsb/conf:/home/anatole/ycsb/core/target/core-0.18.0-SNAPSHOT.jar:/home/anatole/ycsb/core/target/dependency/HdrHistogram-2.1.4.jar:/home/anatole/ycsb/core/target/dependency/guava-18.0.jar:/home/anatole/ycsb/core/target/dependency/htrace-core4-4.1.0-incubating.jar:/home/anatole/ycsb/core/target/dependency/jackson-core-asl-1.9.4.jar:/home/anatole/ycsb/core/target/dependency/jackson-mapper-asl-1.9.4.jar:/home/anatole/ycsb/core/target/dependency/javax.persistence-api-2.2.jar:/home/anatole/ycsb/core/target/dependency/jnvm-1.0-SNAPSHOT.jar:/home/anatole/ycsb/core/target/dependency/pcj-1.0.jar:/home/anatole/ycsb/core/target/dependency/unsafe-helper-1.0.jar:/home/anatole/ycsb/infinispan/src/main/conf:/home/anatole/ycsb/infinispan/target/infinispan-binding-0.18.0-SNAPSHOT.jar:/home/anatole/ycsb/infinispan/target/dependency/caffeine-2.6.2.jar:/home/anatole/ycsb/infinispan/target/dependency/gson-2.8.2.jar:/home/anatole/ycsb/infinispan/target/dependency/guava-18.0.jar:/home/anatole/ycsb/infinispan/target/dependency/infinispan-cachestore-jnvm-1.0-SNAPSHOT.jar:/home/anatole/ycsb/infinispan/target/dependency/infinispan-cachestore-pcj-1.0-SNAPSHOT.jar:/home/anatole/ycsb/infinispan/target/dependency/infinispan-client-hotrod-9.4.20.Final.jar:/home/anatole/ycsb/infinispan/target/dependency/infinispan-commons-9.4.20.Final.jar:/home/anatole/ycsb/infinispan/target/dependency/infinispan-core-9.4.20.Final.jar:/home/anatole/ycsb/infinispan/target/dependency/javax.persistence-api-2.2.jar:/home/anatole/ycsb/infinispan/target/dependency/jboss-logging-3.3.2.Final.jar:/home/anatole/ycsb/infinispan/target/dependency/jboss-marshalling-osgi-2.0.6.Final.jar:/home/anatole/ycsb/infinispan/target/dependency/jboss-transaction-api_1.2_spec-1.1.1.Final.jar:/home/anatole/ycsb/infinispan/target/dependency/jgroups-4.0.21.Final.jar:/home/anatole/ycsb/infinispan/target/dependency/jnvm-1.0-SNAPSHOT.jar:/home/anatole/ycsb/infinispan/target/dependency/metainf-services-1.7.jar:/home/anatole/ycsb/infinispan/target/dependency/netty-buffer-4.1.51.Final.jar:/home/anatole/ycsb/infinispan/target/dependency/netty-codec-4.1.51.Final.jar:/home/anatole/ycsb/infinispan/target/dependency/netty-common-4.1.51.Final.jar:/home/anatole/ycsb/infinispan/target/dependency/netty-handler-4.1.51.Final.jar:/home/anatole/ycsb/infinispan/target/dependency/netty-resolver-4.1.51.Final.jar:/home/anatole/ycsb/infinispan/target/dependency/netty-transport-4.1.51.Final.jar:/home/anatole/ycsb/infinispan/target/dependency/netty-transport-native-epoll-4.1.51.Final-linux-x86_64.jar:/home/anatole/ycsb/infinispan/target/dependency/netty-transport-native-unix-common-4.1.51.Final.jar:/home/anatole/ycsb/infinispan/target/dependency/pcj-1.0.jar:/home/anatole/ycsb/infinispan/target/dependency/reactive-streams-1.0.2.jar:/home/anatole/ycsb/infinispan/target/dependency/rxjava-2.2.4.jar:/home/anatole/ycsb/infinispan/target/dependency/unsafe-helper-1.0.jar site.ycsb.Client -t -db site.ycsb.db.InfinispanClient -P ../workloads/workloadc -preload -s -threads 8 -p dataintegrity=true -p offheap=false -p pcj=false -p recordcount=1000000 -p operationcount=48000000 -p fieldcount=10 -p fieldlength=100 -p requestdistribution=zipfian -p measurement.trackjvm=true -p measurementtype=hdrhistogram -p hdrhistogram.output.path=./out/exp5.concurrent.ref/log/infinispan.run.workloadc.true.1000000.1000000.10.100.zipfian.8.false.true.default.default.volatile.r3.hdr.log
[OVERALL], RunTime(ms), 32639
[OVERALL], Throughput(ops/sec), 1501271.4850332425
[TOTAL_GCS_G1_Young_Generation], Count, 30
[TOTAL_GC_TIME_G1_Young_Generation], Time(ms), 2266
[TOTAL_GC_TIME_%_G1_Young_Generation], Time(%), 6.942614663439444
[TOTAL_GCS_G1_Old_Generation], Count, 0
[TOTAL_GC_TIME_G1_Old_Generation], Time(ms), 0
[TOTAL_GC_TIME_%_G1_Old_Generation], Time(%), 0.0
[TOTAL_GCs], Count, 30
[TOTAL_GC_TIME], Time(ms), 2266
[TOTAL_GC_TIME_%], Time(%), 6.942614663439444
[MAX_MEM_USED], MBs, 16232
[MIN_MEM_USED], MBs, 56
[MAX_THREADS], Count, 13
[MIN_THREADS], Count, 4
[MAX_SYS_LOAD_AVG], Load, 14.2
[MIN_SYS_LOAD_AVG], Load, 13.1
[THREAD_COUNT], Operations, 5
[THREAD_COUNT], AverageLatency(ns), 10.6
[THREAD_COUNT], MinLatency(ns), 4
[THREAD_COUNT], MaxLatency(ns), 13
[THREAD_COUNT], 95thPercentileLatency(ns), 13
[THREAD_COUNT], 99thPercentileLatency(ns), 13
[SYS_LOAD_AVG], Operations, 5
[SYS_LOAD_AVG], AverageLatency(ns), 13.2
[SYS_LOAD_AVG], MinLatency(ns), 13
[SYS_LOAD_AVG], MaxLatency(ns), 14
[SYS_LOAD_AVG], 95thPercentileLatency(ns), 14
[SYS_LOAD_AVG], 99thPercentileLatency(ns), 14
[LOAD], Operations, 8
[LOAD], AverageLatency(ns), 5.179518976E9
[LOAD], MinLatency(ns), 5086543872
[LOAD], MaxLatency(ns), 5440831487
[LOAD], 95thPercentileLatency(ns), 5440831487
[LOAD], 99thPercentileLatency(ns), 5440831487
[USED_MEM_MB], Operations, 5
[USED_MEM_MB], AverageLatency(ns), 9604.8
[USED_MEM_MB], MinLatency(ns), 56
[USED_MEM_MB], MaxLatency(ns), 16232
[USED_MEM_MB], 95thPercentileLatency(ns), 16232
[USED_MEM_MB], 99thPercentileLatency(ns), 16232
[MAIN_GCs_Count], Operations, 8
[MAIN_GCs_Count], AverageLatency(ns), 4.0
[MAIN_GCs_Count], MinLatency(ns), 4
[MAIN_GCs_Count], MaxLatency(ns), 4
[MAIN_GCs_Count], 95thPercentileLatency(ns), 4
[MAIN_GCs_Count], 99thPercentileLatency(ns), 4
[MAIN_GCs_Time(ms)], Operations, 8
[MAIN_GCs_Time(ms)], AverageLatency(ns), 161.0
[MAIN_GCs_Time(ms)], MinLatency(ns), 161
[MAIN_GCs_Time(ms)], MaxLatency(ns), 161
[MAIN_GCs_Time(ms)], 95thPercentileLatency(ns), 161
[MAIN_GCs_Time(ms)], 99thPercentileLatency(ns), 161
[TRANSACTION], Operations, 8
[TRANSACTION], AverageLatency(ns), 2.519932928E10
[TRANSACTION], MinLatency(ns), 24544935936
[TRANSACTION], MaxLatency(ns), 26034175999
[TRANSACTION], 95thPercentileLatency(ns), 26034175999
[TRANSACTION], 99thPercentileLatency(ns), 26034175999
[GCS_TIME], Operations, 5
[GCS_TIME], AverageLatency(ns), 453.2
[GCS_TIME], MinLatency(ns), 0
[GCS_TIME], MaxLatency(ns), 2224
[GCS_TIME], 95thPercentileLatency(ns), 2224
[GCS_TIME], 99thPercentileLatency(ns), 2224
[LOAD_GCs_Time(ms)], Operations, 8
[LOAD_GCs_Time(ms)], AverageLatency(ns), 1962.0
[LOAD_GCs_Time(ms)], MinLatency(ns), 1921
[LOAD_GCs_Time(ms)], MaxLatency(ns), 2085
[LOAD_GCs_Time(ms)], 95thPercentileLatency(ns), 2085
[LOAD_GCs_Time(ms)], 99thPercentileLatency(ns), 2085
[READ], Operations, 48000000
[READ], AverageLatency(ns), 2834.1204139583333
[READ], MinLatency(ns), 185
[READ], MaxLatency(ns), 101205503
[READ], 95thPercentileLatency(ns), 19127
[READ], 99thPercentileLatency(ns), 27782
[READ], Return=OK, 48000000
[INIT], Operations, 8
[INIT], AverageLatency(ns), 5.57820928E8
[INIT], MinLatency(ns), 556703744
[INIT], MaxLatency(ns), 559538175
[INIT], 95thPercentileLatency(ns), 559538175
[INIT], 99thPercentileLatency(ns), 559538175
[GCS], Operations, 5
[GCS], AverageLatency(ns), 6.0
[GCS], MinLatency(ns), 0
[GCS], MaxLatency(ns), 28
[GCS], 95thPercentileLatency(ns), 28
[GCS], 99thPercentileLatency(ns), 28
[LOAD_GCs_Count], Operations, 8
[LOAD_GCs_Count], AverageLatency(ns), 24.25
[LOAD_GCs_Count], MinLatency(ns), 24
[LOAD_GCs_Count], MaxLatency(ns), 25
[LOAD_GCs_Count], 95thPercentileLatency(ns), 25
[LOAD_GCs_Count], 99thPercentileLatency(ns), 25
[CLEANUP], Operations, 8
[CLEANUP], AverageLatency(ns), 1.335931264E9
[CLEANUP], MinLatency(ns), 505679872
[CLEANUP], MaxLatency(ns), 1956323327
[CLEANUP], 95thPercentileLatency(ns), 1956323327
[CLEANUP], 99thPercentileLatency(ns), 1956323327
[INSERT], Operations, 1000000
[INSERT], AverageLatency(ns), 10562.113306
[INSERT], MinLatency(ns), 1454
[INSERT], MaxLatency(ns), 173835263
[INSERT], 95thPercentileLatency(ns), 11204
[INSERT], 99thPercentileLatency(ns), 31049
[INSERT], Return=OK, 1000000
