/home/anatole/jdk8u/build/linux-x86_64-normal-server-release/jdk/bin/java -Xmx20g -XX:+UseG1GC -classpath /home/anatole/ycsb/conf:/home/anatole/ycsb/core/target/core-0.18.0-SNAPSHOT.jar:/home/anatole/ycsb/core/target/dependency/HdrHistogram-2.1.4.jar:/home/anatole/ycsb/core/target/dependency/guava-18.0.jar:/home/anatole/ycsb/core/target/dependency/htrace-core4-4.1.0-incubating.jar:/home/anatole/ycsb/core/target/dependency/jackson-core-asl-1.9.4.jar:/home/anatole/ycsb/core/target/dependency/jackson-mapper-asl-1.9.4.jar:/home/anatole/ycsb/core/target/dependency/javax.persistence-api-2.2.jar:/home/anatole/ycsb/core/target/dependency/jnvm-1.0-SNAPSHOT.jar:/home/anatole/ycsb/core/target/dependency/pcj-1.0.jar:/home/anatole/ycsb/core/target/dependency/unsafe-helper-1.0.jar:/home/anatole/ycsb/infinispan/src/main/conf:/home/anatole/ycsb/infinispan/target/infinispan-binding-0.18.0-SNAPSHOT.jar:/home/anatole/ycsb/infinispan/target/dependency/caffeine-2.6.2.jar:/home/anatole/ycsb/infinispan/target/dependency/gson-2.8.2.jar:/home/anatole/ycsb/infinispan/target/dependency/guava-18.0.jar:/home/anatole/ycsb/infinispan/target/dependency/infinispan-cachestore-jnvm-1.0-SNAPSHOT.jar:/home/anatole/ycsb/infinispan/target/dependency/infinispan-cachestore-pcj-1.0-SNAPSHOT.jar:/home/anatole/ycsb/infinispan/target/dependency/infinispan-client-hotrod-9.4.20.Final.jar:/home/anatole/ycsb/infinispan/target/dependency/infinispan-commons-9.4.20.Final.jar:/home/anatole/ycsb/infinispan/target/dependency/infinispan-core-9.4.20.Final.jar:/home/anatole/ycsb/infinispan/target/dependency/javax.persistence-api-2.2.jar:/home/anatole/ycsb/infinispan/target/dependency/jboss-logging-3.3.2.Final.jar:/home/anatole/ycsb/infinispan/target/dependency/jboss-marshalling-osgi-2.0.6.Final.jar:/home/anatole/ycsb/infinispan/target/dependency/jboss-transaction-api_1.2_spec-1.1.1.Final.jar:/home/anatole/ycsb/infinispan/target/dependency/jgroups-4.0.21.Final.jar:/home/anatole/ycsb/infinispan/target/dependency/jnvm-1.0-SNAPSHOT.jar:/home/anatole/ycsb/infinispan/target/dependency/metainf-services-1.7.jar:/home/anatole/ycsb/infinispan/target/dependency/netty-buffer-4.1.51.Final.jar:/home/anatole/ycsb/infinispan/target/dependency/netty-codec-4.1.51.Final.jar:/home/anatole/ycsb/infinispan/target/dependency/netty-common-4.1.51.Final.jar:/home/anatole/ycsb/infinispan/target/dependency/netty-handler-4.1.51.Final.jar:/home/anatole/ycsb/infinispan/target/dependency/netty-resolver-4.1.51.Final.jar:/home/anatole/ycsb/infinispan/target/dependency/netty-transport-4.1.51.Final.jar:/home/anatole/ycsb/infinispan/target/dependency/netty-transport-native-epoll-4.1.51.Final-linux-x86_64.jar:/home/anatole/ycsb/infinispan/target/dependency/netty-transport-native-unix-common-4.1.51.Final.jar:/home/anatole/ycsb/infinispan/target/dependency/pcj-1.0.jar:/home/anatole/ycsb/infinispan/target/dependency/reactive-streams-1.0.2.jar:/home/anatole/ycsb/infinispan/target/dependency/rxjava-2.2.4.jar:/home/anatole/ycsb/infinispan/target/dependency/unsafe-helper-1.0.jar site.ycsb.Client -t -db site.ycsb.db.InfinispanClient -P ../workloads/workloadc -preload -s -threads 28 -p dataintegrity=true -p offheap=false -p pcj=false -p recordcount=1000000 -p operationcount=60000000 -p fieldcount=10 -p fieldlength=100 -p requestdistribution=zipfian -p measurement.trackjvm=true -p measurementtype=hdrhistogram -p hdrhistogram.output.path=./out/exp5.concurrent.ref/log/infinispan.run.workloadc.true.1000000.100000.10.100.zipfian.28.false..default.default.none.r3.hdr.log
[OVERALL], RunTime(ms), 509079
[OVERALL], Throughput(ops/sec), 119824.2316025607
[TOTAL_GCS_G1_Young_Generation], Count, 85
[TOTAL_GC_TIME_G1_Young_Generation], Time(ms), 7823
[TOTAL_GC_TIME_%_G1_Young_Generation], Time(%), 1.5366966620112006
[TOTAL_GCS_G1_Old_Generation], Count, 0
[TOTAL_GC_TIME_G1_Old_Generation], Time(ms), 0
[TOTAL_GC_TIME_%_G1_Old_Generation], Time(%), 0.0
[TOTAL_GCs], Count, 85
[TOTAL_GC_TIME], Time(ms), 7823
[TOTAL_GC_TIME_%], Time(%), 1.5366966620112006
[MAX_MEM_USED], MBs, 12463
[MIN_MEM_USED], MBs, 90
[MAX_THREADS], Count, 34
[MIN_THREADS], Count, 2
[MAX_SYS_LOAD_AVG], Load, 12.19
[MIN_SYS_LOAD_AVG], Load, 8.18
[THREAD_COUNT], Operations, 52
[THREAD_COUNT], AverageLatency(ns), 31.807692307692307
[THREAD_COUNT], MinLatency(ns), 2
[THREAD_COUNT], MaxLatency(ns), 34
[THREAD_COUNT], 95thPercentileLatency(ns), 34
[THREAD_COUNT], 99thPercentileLatency(ns), 34
[SYS_LOAD_AVG], Operations, 52
[SYS_LOAD_AVG], AverageLatency(ns), 9.153846153846153
[SYS_LOAD_AVG], MinLatency(ns), 8
[SYS_LOAD_AVG], MaxLatency(ns), 12
[SYS_LOAD_AVG], 95thPercentileLatency(ns), 11
[SYS_LOAD_AVG], 99thPercentileLatency(ns), 11
[LOAD], Operations, 28
[LOAD], AverageLatency(ns), 1.304150016E10
[LOAD], MinLatency(ns), 11053432832
[LOAD], MaxLatency(ns), 14256504831
[LOAD], 95thPercentileLatency(ns), 13868990463
[LOAD], 99thPercentileLatency(ns), 14256504831
[USED_MEM_MB], Operations, 52
[USED_MEM_MB], AverageLatency(ns), 7327.596153846154
[USED_MEM_MB], MinLatency(ns), 90
[USED_MEM_MB], MaxLatency(ns), 12463
[USED_MEM_MB], 95thPercentileLatency(ns), 11882
[USED_MEM_MB], 99thPercentileLatency(ns), 12458
[MAIN_GCs_Count], Operations, 28
[MAIN_GCs_Count], AverageLatency(ns), 67.0
[MAIN_GCs_Count], MinLatency(ns), 67
[MAIN_GCs_Count], MaxLatency(ns), 67
[MAIN_GCs_Count], 95thPercentileLatency(ns), 67
[MAIN_GCs_Count], 99thPercentileLatency(ns), 67
[MAIN_GCs_Time(ms)], Operations, 28
[MAIN_GCs_Time(ms)], AverageLatency(ns), 6964.0
[MAIN_GCs_Time(ms)], MinLatency(ns), 6964
[MAIN_GCs_Time(ms)], MaxLatency(ns), 6964
[MAIN_GCs_Time(ms)], 95thPercentileLatency(ns), 6964
[MAIN_GCs_Time(ms)], 99thPercentileLatency(ns), 6964
[TRANSACTION], Operations, 28
[TRANSACTION], AverageLatency(ns), 4.929185756891429E11
[TRANSACTION], MinLatency(ns), 488965668864
[TRANSACTION], MaxLatency(ns), 493927530495
[TRANSACTION], 95thPercentileLatency(ns), 493927530495
[TRANSACTION], 99thPercentileLatency(ns), 493927530495
[GCS_TIME], Operations, 52
[GCS_TIME], AverageLatency(ns), 150.44230769230768
[GCS_TIME], MinLatency(ns), 0
[GCS_TIME], MaxLatency(ns), 770
[GCS_TIME], 95thPercentileLatency(ns), 212
[GCS_TIME], 99thPercentileLatency(ns), 571
[LOAD_GCs_Time(ms)], Operations, 28
[LOAD_GCs_Time(ms)], AverageLatency(ns), 816.2857142857143
[LOAD_GCs_Time(ms)], MinLatency(ns), 740
[LOAD_GCs_Time(ms)], MaxLatency(ns), 829
[LOAD_GCs_Time(ms)], 95thPercentileLatency(ns), 829
[LOAD_GCs_Time(ms)], 99thPercentileLatency(ns), 829
[READ], Operations, 60000000
[READ], AverageLatency(ns), 227251.42740265
[READ], MinLatency(ns), 176
[READ], MaxLatency(ns), 187676671
[READ], 95thPercentileLatency(ns), 887119
[READ], 99thPercentileLatency(ns), 1304447
[READ], Return=OK, 60000000
[INIT], Operations, 28
[INIT], AverageLatency(ns), 6.011588022857143E8
[INIT], MinLatency(ns), 595116032
[INIT], MaxLatency(ns), 607928319
[INIT], 95thPercentileLatency(ns), 607592447
[INIT], 99thPercentileLatency(ns), 607928319
[GCS], Operations, 52
[GCS], AverageLatency(ns), 1.6346153846153846
[GCS], MinLatency(ns), 0
[GCS], MaxLatency(ns), 17
[GCS], 95thPercentileLatency(ns), 2
[GCS], 99thPercentileLatency(ns), 4
[LOAD_GCs_Count], Operations, 28
[LOAD_GCs_Count], AverageLatency(ns), 15.857142857142858
[LOAD_GCs_Count], MinLatency(ns), 15
[LOAD_GCs_Count], MaxLatency(ns), 16
[LOAD_GCs_Count], 95thPercentileLatency(ns), 16
[LOAD_GCs_Count], 99thPercentileLatency(ns), 16
[CLEANUP], Operations, 28
[CLEANUP], AverageLatency(ns), 1.069788928E9
[CLEANUP], MinLatency(ns), 62362624
[CLEANUP], MaxLatency(ns), 4994924543
[CLEANUP], 95thPercentileLatency(ns), 3684909055
[CLEANUP], 99thPercentileLatency(ns), 4994924543
[INSERT], Operations, 1000000
[INSERT], AverageLatency(ns), 348413.716807
[INSERT], MinLatency(ns), 23023
[INSERT], MaxLatency(ns), 1402224639
[INSERT], 95thPercentileLatency(ns), 389401
[INSERT], 99thPercentileLatency(ns), 597551
[INSERT], Return=OK, 1000000
