/home/anatole/jdk8u/build/linux-x86_64-normal-server-release/jdk/bin/java -Xmx20g -XX:+UseG1GC -classpath /home/anatole/ycsb/conf:/home/anatole/ycsb/core/target/core-0.18.0-SNAPSHOT.jar:/home/anatole/ycsb/core/target/dependency/HdrHistogram-2.1.4.jar:/home/anatole/ycsb/core/target/dependency/guava-18.0.jar:/home/anatole/ycsb/core/target/dependency/htrace-core4-4.1.0-incubating.jar:/home/anatole/ycsb/core/target/dependency/jackson-core-asl-1.9.4.jar:/home/anatole/ycsb/core/target/dependency/jackson-mapper-asl-1.9.4.jar:/home/anatole/ycsb/core/target/dependency/javax.persistence-api-2.2.jar:/home/anatole/ycsb/core/target/dependency/jnvm-1.0-SNAPSHOT.jar:/home/anatole/ycsb/core/target/dependency/pcj-1.0.jar:/home/anatole/ycsb/core/target/dependency/unsafe-helper-1.0.jar:/home/anatole/ycsb/infinispan/src/main/conf:/home/anatole/ycsb/infinispan/target/infinispan-binding-0.18.0-SNAPSHOT.jar:/home/anatole/ycsb/infinispan/target/dependency/caffeine-2.6.2.jar:/home/anatole/ycsb/infinispan/target/dependency/gson-2.8.2.jar:/home/anatole/ycsb/infinispan/target/dependency/guava-18.0.jar:/home/anatole/ycsb/infinispan/target/dependency/infinispan-cachestore-jnvm-1.0-SNAPSHOT.jar:/home/anatole/ycsb/infinispan/target/dependency/infinispan-cachestore-pcj-1.0-SNAPSHOT.jar:/home/anatole/ycsb/infinispan/target/dependency/infinispan-client-hotrod-9.4.17.Final.jar:/home/anatole/ycsb/infinispan/target/dependency/infinispan-commons-9.4.17.Final.jar:/home/anatole/ycsb/infinispan/target/dependency/infinispan-core-9.4.17.Final.jar:/home/anatole/ycsb/infinispan/target/dependency/infinispan-embedded-9.0.1.Final.jar:/home/anatole/ycsb/infinispan/target/dependency/javax.persistence-api-2.2.jar:/home/anatole/ycsb/infinispan/target/dependency/jboss-logging-3.3.2.Final.jar:/home/anatole/ycsb/infinispan/target/dependency/jboss-marshalling-osgi-2.0.6.Final.jar:/home/anatole/ycsb/infinispan/target/dependency/jboss-transaction-api_1.1_spec-1.0.1.Final.jar:/home/anatole/ycsb/infinispan/target/dependency/jboss-transaction-api_1.2_spec-1.1.1.Final.jar:/home/anatole/ycsb/infinispan/target/dependency/jgroups-4.0.20.Final.jar:/home/anatole/ycsb/infinispan/target/dependency/jnvm-1.0-SNAPSHOT.jar:/home/anatole/ycsb/infinispan/target/dependency/metainf-services-1.7.jar:/home/anatole/ycsb/infinispan/target/dependency/netty-buffer-4.1.42.Final.jar:/home/anatole/ycsb/infinispan/target/dependency/netty-codec-4.1.42.Final.jar:/home/anatole/ycsb/infinispan/target/dependency/netty-common-4.1.42.Final.jar:/home/anatole/ycsb/infinispan/target/dependency/netty-handler-4.1.42.Final.jar:/home/anatole/ycsb/infinispan/target/dependency/netty-resolver-4.1.42.Final.jar:/home/anatole/ycsb/infinispan/target/dependency/netty-transport-4.1.42.Final.jar:/home/anatole/ycsb/infinispan/target/dependency/netty-transport-native-epoll-4.1.42.Final-linux-x86_64.jar:/home/anatole/ycsb/infinispan/target/dependency/netty-transport-native-unix-common-4.1.42.Final.jar:/home/anatole/ycsb/infinispan/target/dependency/pcj-1.0.jar:/home/anatole/ycsb/infinispan/target/dependency/reactive-streams-1.0.2.jar:/home/anatole/ycsb/infinispan/target/dependency/rxjava-2.2.4.jar:/home/anatole/ycsb/infinispan/target/dependency/unsafe-helper-1.0.jar site.ycsb.Client -t -db site.ycsb.db.InfinispanJNVMClient -P ../workloads/workloada -threads 16 -p dataintegrity=true -p offheap=true -p recordcount=1000000 -p operationcount=30000000 -p fieldcount=10 -p requestdistribution=zipfian -p measurementtype=hdrhistogram -p hdrhistogram.output.path=./out/exp5.concurrent.ref/log/infinispan-jnvm.run.workloada.true.1000000.1.10.zipfian.16.hdr.log
[OVERALL], RunTime(ms), 55656
[OVERALL], Throughput(ops/sec), 539025.4420008624
[TOTAL_GCS_G1_Young_Generation], Count, 102
[TOTAL_GC_TIME_G1_Young_Generation], Time(ms), 27777
[TOTAL_GC_TIME_%_G1_Young_Generation], Time(%), 49.90836567485986
[TOTAL_GCS_G1_Old_Generation], Count, 0
[TOTAL_GC_TIME_G1_Old_Generation], Time(ms), 0
[TOTAL_GC_TIME_%_G1_Old_Generation], Time(%), 0.0
[TOTAL_GCs], Count, 102
[TOTAL_GC_TIME], Time(ms), 27777
[TOTAL_GC_TIME_%], Time(%), 49.90836567485986
[READ], Operations, 15003199
[READ], AverageLatency(ns), 16792.35456238366
[READ], MinLatency(ns), 204
[READ], MaxLatency(ns), 396455935
[READ], 95thPercentileLatency(ns), 33112
[READ], 99thPercentileLatency(ns), 48204
[READ], Return=OK, 15003199
[INIT], Operations, 16
[INIT], AverageLatency(ns), 6.091124736E9
[INIT], MinLatency(ns), 6083346432
[INIT], MaxLatency(ns), 6096388095
[INIT], 95thPercentileLatency(ns), 6096125951
[INIT], 99thPercentileLatency(ns), 6096388095
[CLEANUP], Operations, 16
[CLEANUP], AverageLatency(ns), 1.54925481E8
[CLEANUP], MinLatency(ns), 5811200
[CLEANUP], MaxLatency(ns), 260520959
[CLEANUP], 95thPercentileLatency(ns), 256355327
[CLEANUP], 99thPercentileLatency(ns), 260520959
[UPDATE], Operations, 14996801
[UPDATE], AverageLatency(ns), 21238.301787561228
[UPDATE], MinLatency(ns), 310
[UPDATE], MaxLatency(ns), 396603391
[UPDATE], 95thPercentileLatency(ns), 34838
[UPDATE], 99thPercentileLatency(ns), 50443
[UPDATE], Return=OK, 14996801
[TRANSACTION], Operations, 16
[TRANSACTION], AverageLatency(ns), 4.9278353408E10
[TRANSACTION], MinLatency(ns), 49156718592
[TRANSACTION], MaxLatency(ns), 49429872639
[TRANSACTION], 95thPercentileLatency(ns), 49387405311
[TRANSACTION], 99thPercentileLatency(ns), 49429872639
