/home/anatole/jdk8u/build/linux-x86_64-normal-server-release/jdk/bin/java -Xmx20g -XX:+UseG1GC -classpath /home/anatole/ycsb/conf:/home/anatole/ycsb/core/target/core-0.18.0-SNAPSHOT.jar:/home/anatole/ycsb/core/target/dependency/HdrHistogram-2.1.4.jar:/home/anatole/ycsb/core/target/dependency/guava-18.0.jar:/home/anatole/ycsb/core/target/dependency/htrace-core4-4.1.0-incubating.jar:/home/anatole/ycsb/core/target/dependency/jackson-core-asl-1.9.4.jar:/home/anatole/ycsb/core/target/dependency/jackson-mapper-asl-1.9.4.jar:/home/anatole/ycsb/core/target/dependency/javax.persistence-api-2.2.jar:/home/anatole/ycsb/core/target/dependency/jnvm-1.0-SNAPSHOT.jar:/home/anatole/ycsb/core/target/dependency/pcj-1.0.jar:/home/anatole/ycsb/core/target/dependency/unsafe-helper-1.0.jar:/home/anatole/ycsb/infinispan/src/main/conf:/home/anatole/ycsb/infinispan/target/infinispan-binding-0.18.0-SNAPSHOT.jar:/home/anatole/ycsb/infinispan/target/dependency/caffeine-2.6.2.jar:/home/anatole/ycsb/infinispan/target/dependency/gson-2.8.2.jar:/home/anatole/ycsb/infinispan/target/dependency/guava-18.0.jar:/home/anatole/ycsb/infinispan/target/dependency/infinispan-cachestore-jnvm-1.0-SNAPSHOT.jar:/home/anatole/ycsb/infinispan/target/dependency/infinispan-cachestore-pcj-1.0-SNAPSHOT.jar:/home/anatole/ycsb/infinispan/target/dependency/infinispan-client-hotrod-9.4.20.Final.jar:/home/anatole/ycsb/infinispan/target/dependency/infinispan-commons-9.4.20.Final.jar:/home/anatole/ycsb/infinispan/target/dependency/infinispan-core-9.4.20.Final.jar:/home/anatole/ycsb/infinispan/target/dependency/javax.persistence-api-2.2.jar:/home/anatole/ycsb/infinispan/target/dependency/jboss-logging-3.3.2.Final.jar:/home/anatole/ycsb/infinispan/target/dependency/jboss-marshalling-osgi-2.0.6.Final.jar:/home/anatole/ycsb/infinispan/target/dependency/jboss-transaction-api_1.2_spec-1.1.1.Final.jar:/home/anatole/ycsb/infinispan/target/dependency/jgroups-4.0.21.Final.jar:/home/anatole/ycsb/infinispan/target/dependency/jnvm-1.0-SNAPSHOT.jar:/home/anatole/ycsb/infinispan/target/dependency/metainf-services-1.7.jar:/home/anatole/ycsb/infinispan/target/dependency/netty-buffer-4.1.51.Final.jar:/home/anatole/ycsb/infinispan/target/dependency/netty-codec-4.1.51.Final.jar:/home/anatole/ycsb/infinispan/target/dependency/netty-common-4.1.51.Final.jar:/home/anatole/ycsb/infinispan/target/dependency/netty-handler-4.1.51.Final.jar:/home/anatole/ycsb/infinispan/target/dependency/netty-resolver-4.1.51.Final.jar:/home/anatole/ycsb/infinispan/target/dependency/netty-transport-4.1.51.Final.jar:/home/anatole/ycsb/infinispan/target/dependency/netty-transport-native-epoll-4.1.51.Final-linux-x86_64.jar:/home/anatole/ycsb/infinispan/target/dependency/netty-transport-native-unix-common-4.1.51.Final.jar:/home/anatole/ycsb/infinispan/target/dependency/pcj-1.0.jar:/home/anatole/ycsb/infinispan/target/dependency/reactive-streams-1.0.2.jar:/home/anatole/ycsb/infinispan/target/dependency/rxjava-2.2.4.jar:/home/anatole/ycsb/infinispan/target/dependency/unsafe-helper-1.0.jar site.ycsb.Client -t -db site.ycsb.db.InfinispanClient -P ../workloads/workloada -preload -s -threads 32 -p dataintegrity=true -p offheap=false -p pcj=false -p recordcount=1000000 -p operationcount=60000000 -p fieldcount=10 -p fieldlength=100 -p requestdistribution=zipfian -p measurement.trackjvm=true -p measurementtype=hdrhistogram -p hdrhistogram.output.path=./out/exp5.concurrent.ref/log/infinispan.run.workloada.true.1000000.100000.10.100.zipfian.32.false..default.default.none.r2.hdr.log
[OVERALL], RunTime(ms), 401711
[OVERALL], Throughput(ops/sec), 151850.45965880944
[TOTAL_GCS_G1_Young_Generation], Count, 174
[TOTAL_GC_TIME_G1_Young_Generation], Time(ms), 23600
[TOTAL_GC_TIME_%_G1_Young_Generation], Time(%), 5.874870242537546
[TOTAL_GCS_G1_Old_Generation], Count, 0
[TOTAL_GC_TIME_G1_Old_Generation], Time(ms), 0
[TOTAL_GC_TIME_%_G1_Old_Generation], Time(%), 0.0
[TOTAL_GCs], Count, 174
[TOTAL_GC_TIME], Time(ms), 23600
[TOTAL_GC_TIME_%], Time(%), 5.874870242537546
[MAX_MEM_USED], MBs, 13218
[MIN_MEM_USED], MBs, 92
[MAX_THREADS], Count, 64
[MIN_THREADS], Count, 2
[MAX_SYS_LOAD_AVG], Load, 29.38
[MIN_SYS_LOAD_AVG], Load, 23.87
[THREAD_COUNT], Operations, 42
[THREAD_COUNT], AverageLatency(ns), 59.80952380952381
[THREAD_COUNT], MinLatency(ns), 2
[THREAD_COUNT], MaxLatency(ns), 64
[THREAD_COUNT], 95thPercentileLatency(ns), 64
[THREAD_COUNT], 99thPercentileLatency(ns), 64
[SYS_LOAD_AVG], Operations, 42
[SYS_LOAD_AVG], AverageLatency(ns), 25.714285714285715
[SYS_LOAD_AVG], MinLatency(ns), 23
[SYS_LOAD_AVG], MaxLatency(ns), 29
[SYS_LOAD_AVG], 95thPercentileLatency(ns), 28
[SYS_LOAD_AVG], 99thPercentileLatency(ns), 29
[LOAD], Operations, 32
[LOAD], AverageLatency(ns), 1.3162135552E10
[LOAD], MinLatency(ns), 11569004544
[LOAD], MaxLatency(ns), 14136508415
[LOAD], 95thPercentileLatency(ns), 13966639103
[LOAD], 99thPercentileLatency(ns), 14136508415
[USED_MEM_MB], Operations, 42
[USED_MEM_MB], AverageLatency(ns), 6678.4047619047615
[USED_MEM_MB], MinLatency(ns), 92
[USED_MEM_MB], MaxLatency(ns), 13218
[USED_MEM_MB], 95thPercentileLatency(ns), 12109
[USED_MEM_MB], 99thPercentileLatency(ns), 13218
[MAIN_GCs_Count], Operations, 32
[MAIN_GCs_Count], AverageLatency(ns), 155.03125
[MAIN_GCs_Count], MinLatency(ns), 154
[MAIN_GCs_Count], MaxLatency(ns), 156
[MAIN_GCs_Count], 95thPercentileLatency(ns), 155
[MAIN_GCs_Count], 99thPercentileLatency(ns), 156
[MAIN_GCs_Time(ms)], Operations, 32
[MAIN_GCs_Time(ms)], AverageLatency(ns), 22571.65625
[MAIN_GCs_Time(ms)], MinLatency(ns), 22413
[MAIN_GCs_Time(ms)], MaxLatency(ns), 22733
[MAIN_GCs_Time(ms)], 95thPercentileLatency(ns), 22566
[MAIN_GCs_Time(ms)], 99thPercentileLatency(ns), 22733
[TRANSACTION], Operations, 32
[TRANSACTION], AverageLatency(ns), 3.84880738304E11
[TRANSACTION], MinLatency(ns), 382327586816
[TRANSACTION], MaxLatency(ns), 386576416767
[TRANSACTION], 95thPercentileLatency(ns), 385378942975
[TRANSACTION], 99thPercentileLatency(ns), 386576416767
[GCS_TIME], Operations, 42
[GCS_TIME], AverageLatency(ns), 561.9047619047619
[GCS_TIME], MinLatency(ns), 0
[GCS_TIME], MaxLatency(ns), 873
[GCS_TIME], 95thPercentileLatency(ns), 761
[GCS_TIME], 99thPercentileLatency(ns), 873
[LOAD_GCs_Time(ms)], Operations, 32
[LOAD_GCs_Time(ms)], AverageLatency(ns), 831.4375
[LOAD_GCs_Time(ms)], MinLatency(ns), 748
[LOAD_GCs_Time(ms)], MaxLatency(ns), 837
[LOAD_GCs_Time(ms)], 95thPercentileLatency(ns), 837
[LOAD_GCs_Time(ms)], 99thPercentileLatency(ns), 837
[READ], Operations, 29996564
[READ], AverageLatency(ns), 147600.96015336955
[READ], MinLatency(ns), 210
[READ], MaxLatency(ns), 200169471
[READ], 95thPercentileLatency(ns), 487627
[READ], 99thPercentileLatency(ns), 637195
[READ], Return=OK, 29996564
[INIT], Operations, 32
[INIT], AverageLatency(ns), 7.38736128E8
[INIT], MinLatency(ns), 731664384
[INIT], MaxLatency(ns), 745992191
[INIT], 95thPercentileLatency(ns), 744603647
[INIT], 99thPercentileLatency(ns), 745992191
[GCS], Operations, 42
[GCS], AverageLatency(ns), 4.142857142857143
[GCS], MinLatency(ns), 0
[GCS], MaxLatency(ns), 17
[GCS], 95thPercentileLatency(ns), 6
[GCS], 99thPercentileLatency(ns), 17
[LOAD_GCs_Count], Operations, 32
[LOAD_GCs_Count], AverageLatency(ns), 15.9375
[LOAD_GCs_Count], MinLatency(ns), 15
[LOAD_GCs_Count], MaxLatency(ns), 16
[LOAD_GCs_Count], 95thPercentileLatency(ns), 16
[LOAD_GCs_Count], 99thPercentileLatency(ns), 16
[CLEANUP], Operations, 32
[CLEANUP], AverageLatency(ns), 1.763903272E9
[CLEANUP], MinLatency(ns), 73071616
[CLEANUP], MaxLatency(ns), 4276223999
[CLEANUP], 95thPercentileLatency(ns), 2475802623
[CLEANUP], 99thPercentileLatency(ns), 4276223999
[INSERT], Operations, 1000000
[INSERT], AverageLatency(ns), 404918.927149
[INSERT], MinLatency(ns), 23070
[INSERT], MaxLatency(ns), 935428095
[INSERT], 95thPercentileLatency(ns), 448347
[INSERT], 99thPercentileLatency(ns), 671371
[INSERT], Return=OK, 1000000
[UPDATE], Operations, 30003436
[UPDATE], AverageLatency(ns), 256774.2667285507
[UPDATE], MinLatency(ns), 22405
[UPDATE], MaxLatency(ns), 200697855
[UPDATE], 95thPercentileLatency(ns), 606955
[UPDATE], 99thPercentileLatency(ns), 782355
[UPDATE], Return=OK, 30003436
