/home/anatole/jdk8u/build/linux-x86_64-normal-server-release/jdk/bin/java -Xmx20g -XX:+UseG1GC -classpath /home/anatole/ycsb/conf:/home/anatole/ycsb/core/target/core-0.18.0-SNAPSHOT.jar:/home/anatole/ycsb/core/target/dependency/HdrHistogram-2.1.4.jar:/home/anatole/ycsb/core/target/dependency/guava-18.0.jar:/home/anatole/ycsb/core/target/dependency/htrace-core4-4.1.0-incubating.jar:/home/anatole/ycsb/core/target/dependency/jackson-core-asl-1.9.4.jar:/home/anatole/ycsb/core/target/dependency/jackson-mapper-asl-1.9.4.jar:/home/anatole/ycsb/core/target/dependency/javax.persistence-api-2.2.jar:/home/anatole/ycsb/core/target/dependency/jnvm-1.0-SNAPSHOT.jar:/home/anatole/ycsb/core/target/dependency/pcj-1.0.jar:/home/anatole/ycsb/core/target/dependency/unsafe-helper-1.0.jar:/home/anatole/ycsb/infinispan/src/main/conf:/home/anatole/ycsb/infinispan/target/infinispan-binding-0.18.0-SNAPSHOT.jar:/home/anatole/ycsb/infinispan/target/dependency/caffeine-2.6.2.jar:/home/anatole/ycsb/infinispan/target/dependency/gson-2.8.2.jar:/home/anatole/ycsb/infinispan/target/dependency/guava-18.0.jar:/home/anatole/ycsb/infinispan/target/dependency/infinispan-cachestore-jnvm-1.0-SNAPSHOT.jar:/home/anatole/ycsb/infinispan/target/dependency/infinispan-cachestore-pcj-1.0-SNAPSHOT.jar:/home/anatole/ycsb/infinispan/target/dependency/infinispan-client-hotrod-9.4.20.Final.jar:/home/anatole/ycsb/infinispan/target/dependency/infinispan-commons-9.4.20.Final.jar:/home/anatole/ycsb/infinispan/target/dependency/infinispan-core-9.4.20.Final.jar:/home/anatole/ycsb/infinispan/target/dependency/javax.persistence-api-2.2.jar:/home/anatole/ycsb/infinispan/target/dependency/jboss-logging-3.3.2.Final.jar:/home/anatole/ycsb/infinispan/target/dependency/jboss-marshalling-osgi-2.0.6.Final.jar:/home/anatole/ycsb/infinispan/target/dependency/jboss-transaction-api_1.2_spec-1.1.1.Final.jar:/home/anatole/ycsb/infinispan/target/dependency/jgroups-4.0.21.Final.jar:/home/anatole/ycsb/infinispan/target/dependency/jnvm-1.0-SNAPSHOT.jar:/home/anatole/ycsb/infinispan/target/dependency/metainf-services-1.7.jar:/home/anatole/ycsb/infinispan/target/dependency/netty-buffer-4.1.51.Final.jar:/home/anatole/ycsb/infinispan/target/dependency/netty-codec-4.1.51.Final.jar:/home/anatole/ycsb/infinispan/target/dependency/netty-common-4.1.51.Final.jar:/home/anatole/ycsb/infinispan/target/dependency/netty-handler-4.1.51.Final.jar:/home/anatole/ycsb/infinispan/target/dependency/netty-resolver-4.1.51.Final.jar:/home/anatole/ycsb/infinispan/target/dependency/netty-transport-4.1.51.Final.jar:/home/anatole/ycsb/infinispan/target/dependency/netty-transport-native-epoll-4.1.51.Final-linux-x86_64.jar:/home/anatole/ycsb/infinispan/target/dependency/netty-transport-native-unix-common-4.1.51.Final.jar:/home/anatole/ycsb/infinispan/target/dependency/pcj-1.0.jar:/home/anatole/ycsb/infinispan/target/dependency/reactive-streams-1.0.2.jar:/home/anatole/ycsb/infinispan/target/dependency/rxjava-2.2.4.jar:/home/anatole/ycsb/infinispan/target/dependency/unsafe-helper-1.0.jar site.ycsb.Client -t -db site.ycsb.db.InfinispanClient -P ../workloads/workloadc -preload -s -threads 16 -p dataintegrity=true -p offheap=false -p pcj=false -p recordcount=1000000 -p operationcount=60000000 -p fieldcount=10 -p fieldlength=100 -p requestdistribution=zipfian -p measurement.trackjvm=true -p measurementtype=hdrhistogram -p hdrhistogram.output.path=./out/exp5.concurrent.ref/log/infinispan.run.workloadc.true.1000000.1000000.10.100.zipfian.16.false.true.default.default.volatile.r6.hdr.log
[OVERALL], RunTime(ms), 54524
[OVERALL], Throughput(ops/sec), 1118773.3841977844
[TOTAL_GCS_G1_Young_Generation], Count, 43
[TOTAL_GC_TIME_G1_Young_Generation], Time(ms), 2597
[TOTAL_GC_TIME_%_G1_Young_Generation], Time(%), 4.763040129117453
[TOTAL_GCS_G1_Old_Generation], Count, 0
[TOTAL_GC_TIME_G1_Old_Generation], Time(ms), 0
[TOTAL_GC_TIME_%_G1_Old_Generation], Time(%), 0.0
[TOTAL_GCs], Count, 43
[TOTAL_GC_TIME], Time(ms), 2597
[TOTAL_GC_TIME_%], Time(%), 4.763040129117453
[MAX_MEM_USED], MBs, 12886
[MIN_MEM_USED], MBs, 72
[MAX_THREADS], Count, 21
[MIN_THREADS], Count, 4
[MAX_SYS_LOAD_AVG], Load, 10.24
[MIN_SYS_LOAD_AVG], Load, 9.06
[THREAD_COUNT], Operations, 7
[THREAD_COUNT], AverageLatency(ns), 18.142857142857142
[THREAD_COUNT], MinLatency(ns), 4
[THREAD_COUNT], MaxLatency(ns), 21
[THREAD_COUNT], 95thPercentileLatency(ns), 21
[THREAD_COUNT], 99thPercentileLatency(ns), 21
[SYS_LOAD_AVG], Operations, 7
[SYS_LOAD_AVG], AverageLatency(ns), 9.285714285714286
[SYS_LOAD_AVG], MinLatency(ns), 9
[SYS_LOAD_AVG], MaxLatency(ns), 10
[SYS_LOAD_AVG], 95thPercentileLatency(ns), 10
[SYS_LOAD_AVG], 99thPercentileLatency(ns), 10
[LOAD], Operations, 16
[LOAD], AverageLatency(ns), 5.756418048E9
[LOAD], MinLatency(ns), 5256347648
[LOAD], MaxLatency(ns), 5959745535
[LOAD], 95thPercentileLatency(ns), 5955616767
[LOAD], 99thPercentileLatency(ns), 5959745535
[USED_MEM_MB], Operations, 7
[USED_MEM_MB], AverageLatency(ns), 8262.714285714286
[USED_MEM_MB], MinLatency(ns), 72
[USED_MEM_MB], MaxLatency(ns), 12886
[USED_MEM_MB], 95thPercentileLatency(ns), 12886
[USED_MEM_MB], 99thPercentileLatency(ns), 12886
[MAIN_GCs_Count], Operations, 16
[MAIN_GCs_Count], AverageLatency(ns), 17.0
[MAIN_GCs_Count], MinLatency(ns), 17
[MAIN_GCs_Count], MaxLatency(ns), 17
[MAIN_GCs_Count], 95thPercentileLatency(ns), 17
[MAIN_GCs_Count], 99thPercentileLatency(ns), 17
[MAIN_GCs_Time(ms)], Operations, 16
[MAIN_GCs_Time(ms)], AverageLatency(ns), 523.0
[MAIN_GCs_Time(ms)], MinLatency(ns), 523
[MAIN_GCs_Time(ms)], MaxLatency(ns), 523
[MAIN_GCs_Time(ms)], 95thPercentileLatency(ns), 523
[MAIN_GCs_Time(ms)], 99thPercentileLatency(ns), 523
[TRANSACTION], Operations, 16
[TRANSACTION], AverageLatency(ns), 4.70441984E10
[TRANSACTION], MinLatency(ns), 46588493824
[TRANSACTION], MaxLatency(ns), 47353954303
[TRANSACTION], 95thPercentileLatency(ns), 47350022143
[TRANSACTION], 99thPercentileLatency(ns), 47353954303
[GCS_TIME], Operations, 7
[GCS_TIME], AverageLatency(ns), 371.0
[GCS_TIME], MinLatency(ns), 0
[GCS_TIME], MaxLatency(ns), 2240
[GCS_TIME], 95thPercentileLatency(ns), 2240
[GCS_TIME], 99thPercentileLatency(ns), 2240
[LOAD_GCs_Time(ms)], Operations, 16
[LOAD_GCs_Time(ms)], AverageLatency(ns), 1964.9375
[LOAD_GCs_Time(ms)], MinLatency(ns), 1724
[LOAD_GCs_Time(ms)], MaxLatency(ns), 2058
[LOAD_GCs_Time(ms)], 95thPercentileLatency(ns), 2058
[LOAD_GCs_Time(ms)], 99thPercentileLatency(ns), 2058
[READ], Operations, 60000000
[READ], AverageLatency(ns), 10540.571290316666
[READ], MinLatency(ns), 204
[READ], MaxLatency(ns), 128143359
[READ], 95thPercentileLatency(ns), 79065
[READ], 99thPercentileLatency(ns), 92546
[READ], Return=OK, 60000000
[INIT], Operations, 16
[INIT], AverageLatency(ns), 5.80009216E8
[INIT], MinLatency(ns), 576970752
[INIT], MaxLatency(ns), 583389183
[INIT], 95thPercentileLatency(ns), 583380991
[INIT], 99thPercentileLatency(ns), 583389183
[GCS], Operations, 7
[GCS], AverageLatency(ns), 6.142857142857143
[GCS], MinLatency(ns), 0
[GCS], MaxLatency(ns), 28
[GCS], 95thPercentileLatency(ns), 28
[GCS], 99thPercentileLatency(ns), 28
[LOAD_GCs_Count], Operations, 16
[LOAD_GCs_Count], AverageLatency(ns), 24.4375
[LOAD_GCs_Count], MinLatency(ns), 23
[LOAD_GCs_Count], MaxLatency(ns), 25
[LOAD_GCs_Count], 95thPercentileLatency(ns), 25
[LOAD_GCs_Count], 99thPercentileLatency(ns), 25
[CLEANUP], Operations, 16
[CLEANUP], AverageLatency(ns), 7.59329408E8
[CLEANUP], MinLatency(ns), 452829184
[CLEANUP], MaxLatency(ns), 1168654335
[CLEANUP], 95thPercentileLatency(ns), 1159397375
[CLEANUP], 99thPercentileLatency(ns), 1168654335
[INSERT], Operations, 1000000
[INSERT], AverageLatency(ns), 29103.209024
[INSERT], MinLatency(ns), 1330
[INSERT], MaxLatency(ns), 279621631
[INSERT], 95thPercentileLatency(ns), 27333
[INSERT], 99thPercentileLatency(ns), 65055
[INSERT], Return=OK, 1000000
