/home/anatole/jdk8u/build/linux-x86_64-normal-server-release/jdk/bin/java -Xmx20g -XX:+UseG1GC -classpath /home/anatole/ycsb/conf:/home/anatole/ycsb/core/target/core-0.18.0-SNAPSHOT.jar:/home/anatole/ycsb/core/target/dependency/HdrHistogram-2.1.4.jar:/home/anatole/ycsb/core/target/dependency/guava-18.0.jar:/home/anatole/ycsb/core/target/dependency/htrace-core4-4.1.0-incubating.jar:/home/anatole/ycsb/core/target/dependency/jackson-core-asl-1.9.4.jar:/home/anatole/ycsb/core/target/dependency/jackson-mapper-asl-1.9.4.jar:/home/anatole/ycsb/core/target/dependency/javax.persistence-api-2.2.jar:/home/anatole/ycsb/core/target/dependency/jnvm-1.0-SNAPSHOT.jar:/home/anatole/ycsb/core/target/dependency/pcj-1.0.jar:/home/anatole/ycsb/core/target/dependency/unsafe-helper-1.0.jar:/home/anatole/ycsb/infinispan/src/main/conf:/home/anatole/ycsb/infinispan/target/infinispan-binding-0.18.0-SNAPSHOT.jar:/home/anatole/ycsb/infinispan/target/dependency/caffeine-2.6.2.jar:/home/anatole/ycsb/infinispan/target/dependency/gson-2.8.2.jar:/home/anatole/ycsb/infinispan/target/dependency/guava-18.0.jar:/home/anatole/ycsb/infinispan/target/dependency/infinispan-cachestore-jnvm-1.0-SNAPSHOT.jar:/home/anatole/ycsb/infinispan/target/dependency/infinispan-cachestore-pcj-1.0-SNAPSHOT.jar:/home/anatole/ycsb/infinispan/target/dependency/infinispan-client-hotrod-9.4.20.Final.jar:/home/anatole/ycsb/infinispan/target/dependency/infinispan-commons-9.4.20.Final.jar:/home/anatole/ycsb/infinispan/target/dependency/infinispan-core-9.4.20.Final.jar:/home/anatole/ycsb/infinispan/target/dependency/javax.persistence-api-2.2.jar:/home/anatole/ycsb/infinispan/target/dependency/jboss-logging-3.3.2.Final.jar:/home/anatole/ycsb/infinispan/target/dependency/jboss-marshalling-osgi-2.0.6.Final.jar:/home/anatole/ycsb/infinispan/target/dependency/jboss-transaction-api_1.2_spec-1.1.1.Final.jar:/home/anatole/ycsb/infinispan/target/dependency/jgroups-4.0.21.Final.jar:/home/anatole/ycsb/infinispan/target/dependency/jnvm-1.0-SNAPSHOT.jar:/home/anatole/ycsb/infinispan/target/dependency/metainf-services-1.7.jar:/home/anatole/ycsb/infinispan/target/dependency/netty-buffer-4.1.51.Final.jar:/home/anatole/ycsb/infinispan/target/dependency/netty-codec-4.1.51.Final.jar:/home/anatole/ycsb/infinispan/target/dependency/netty-common-4.1.51.Final.jar:/home/anatole/ycsb/infinispan/target/dependency/netty-handler-4.1.51.Final.jar:/home/anatole/ycsb/infinispan/target/dependency/netty-resolver-4.1.51.Final.jar:/home/anatole/ycsb/infinispan/target/dependency/netty-transport-4.1.51.Final.jar:/home/anatole/ycsb/infinispan/target/dependency/netty-transport-native-epoll-4.1.51.Final-linux-x86_64.jar:/home/anatole/ycsb/infinispan/target/dependency/netty-transport-native-unix-common-4.1.51.Final.jar:/home/anatole/ycsb/infinispan/target/dependency/pcj-1.0.jar:/home/anatole/ycsb/infinispan/target/dependency/reactive-streams-1.0.2.jar:/home/anatole/ycsb/infinispan/target/dependency/rxjava-2.2.4.jar:/home/anatole/ycsb/infinispan/target/dependency/unsafe-helper-1.0.jar site.ycsb.Client -t -db site.ycsb.db.InfinispanJNVMClient -P ../workloads/workloadc -preload -s -threads 28 -p dataintegrity=true -p offheap=true -p pcj=false -p recordcount=1000000 -p operationcount=60000000 -p fieldcount=10 -p fieldlength=100 -p requestdistribution=zipfian -p measurement.trackjvm=true -p measurementtype=hdrhistogram -p hdrhistogram.output.path=./out/exp5.concurrent.ref/log/infinispan-jnvm.run.workloadc.true.1000000.1.10.100.zipfian.28.false..default.default.none.r4.hdr.log
[OVERALL], RunTime(ms), 79546
[OVERALL], Throughput(ops/sec), 766851.8844442209
[TOTAL_GCS_G1_Young_Generation], Count, 40
[TOTAL_GC_TIME_G1_Young_Generation], Time(ms), 2227
[TOTAL_GC_TIME_%_G1_Young_Generation], Time(%), 2.7996379453398035
[TOTAL_GCS_G1_Old_Generation], Count, 0
[TOTAL_GC_TIME_G1_Old_Generation], Time(ms), 0
[TOTAL_GC_TIME_%_G1_Old_Generation], Time(%), 0.0
[TOTAL_GCs], Count, 40
[TOTAL_GC_TIME], Time(ms), 2227
[TOTAL_GC_TIME_%], Time(%), 2.7996379453398035
[MAX_MEM_USED], MBs, 11544
[MIN_MEM_USED], MBs, 88
[MAX_THREADS], Count, 34
[MIN_THREADS], Count, 3
[MAX_SYS_LOAD_AVG], Load, 14.51
[MIN_SYS_LOAD_AVG], Load, 10.32
[THREAD_COUNT], Operations, 9
[THREAD_COUNT], AverageLatency(ns), 30.11111111111111
[THREAD_COUNT], MinLatency(ns), 3
[THREAD_COUNT], MaxLatency(ns), 34
[THREAD_COUNT], 95thPercentileLatency(ns), 34
[THREAD_COUNT], 99thPercentileLatency(ns), 34
[SYS_LOAD_AVG], Operations, 9
[SYS_LOAD_AVG], AverageLatency(ns), 11.555555555555555
[SYS_LOAD_AVG], MinLatency(ns), 10
[SYS_LOAD_AVG], MaxLatency(ns), 14
[SYS_LOAD_AVG], 95thPercentileLatency(ns), 14
[SYS_LOAD_AVG], 99thPercentileLatency(ns), 14
[LOAD], Operations, 28
[LOAD], AverageLatency(ns), 1.6498821412571428E10
[LOAD], MinLatency(ns), 15823405056
[LOAD], MaxLatency(ns), 16694902783
[LOAD], 95thPercentileLatency(ns), 16694509567
[LOAD], 99thPercentileLatency(ns), 16694902783
[USED_MEM_MB], Operations, 9
[USED_MEM_MB], AverageLatency(ns), 6159.444444444444
[USED_MEM_MB], MinLatency(ns), 88
[USED_MEM_MB], MaxLatency(ns), 11544
[USED_MEM_MB], 95thPercentileLatency(ns), 11544
[USED_MEM_MB], 99thPercentileLatency(ns), 11544
[MAIN_GCs_Count], Operations, 28
[MAIN_GCs_Count], AverageLatency(ns), 15.0
[MAIN_GCs_Count], MinLatency(ns), 15
[MAIN_GCs_Count], MaxLatency(ns), 15
[MAIN_GCs_Count], 95thPercentileLatency(ns), 15
[MAIN_GCs_Count], 99thPercentileLatency(ns), 15
[MAIN_GCs_Time(ms)], Operations, 28
[MAIN_GCs_Time(ms)], AverageLatency(ns), 314.0
[MAIN_GCs_Time(ms)], MinLatency(ns), 314
[MAIN_GCs_Time(ms)], MaxLatency(ns), 314
[MAIN_GCs_Time(ms)], 95thPercentileLatency(ns), 314
[MAIN_GCs_Time(ms)], 99thPercentileLatency(ns), 314
[TRANSACTION], Operations, 28
[TRANSACTION], AverageLatency(ns), 6.073659274971429E10
[TRANSACTION], MinLatency(ns), 60246196224
[TRANSACTION], MaxLatency(ns), 61023977471
[TRANSACTION], 95thPercentileLatency(ns), 60968665087
[TRANSACTION], 99thPercentileLatency(ns), 61023977471
[GCS_TIME], Operations, 9
[GCS_TIME], AverageLatency(ns), 247.44444444444446
[GCS_TIME], MinLatency(ns), 0
[GCS_TIME], MaxLatency(ns), 1079
[GCS_TIME], 95thPercentileLatency(ns), 1079
[GCS_TIME], 99thPercentileLatency(ns), 1079
[LOAD_GCs_Time(ms)], Operations, 28
[LOAD_GCs_Time(ms)], AverageLatency(ns), 1874.107142857143
[LOAD_GCs_Time(ms)], MinLatency(ns), 1715
[LOAD_GCs_Time(ms)], MaxLatency(ns), 1880
[LOAD_GCs_Time(ms)], 95thPercentileLatency(ns), 1880
[LOAD_GCs_Time(ms)], 99thPercentileLatency(ns), 1880
[READ], Operations, 60000000
[READ], AverageLatency(ns), 25579.343400933332
[READ], MinLatency(ns), 364
[READ], MaxLatency(ns), 92509695
[READ], 95thPercentileLatency(ns), 198282
[READ], 99thPercentileLatency(ns), 222129
[READ], Return=OK, 60000000
[INIT], Operations, 28
[INIT], AverageLatency(ns), 1.6015635017142856E9
[INIT], MinLatency(ns), 1593991168
[INIT], MaxLatency(ns), 1623990271
[INIT], 95thPercentileLatency(ns), 1622966271
[INIT], 99thPercentileLatency(ns), 1623990271
[GCS], Operations, 9
[GCS], AverageLatency(ns), 4.444444444444445
[GCS], MinLatency(ns), 0
[GCS], MaxLatency(ns), 19
[GCS], 95thPercentileLatency(ns), 19
[GCS], 99thPercentileLatency(ns), 19
[LOAD_GCs_Count], Operations, 28
[LOAD_GCs_Count], AverageLatency(ns), 22.964285714285715
[LOAD_GCs_Count], MinLatency(ns), 22
[LOAD_GCs_Count], MaxLatency(ns), 23
[LOAD_GCs_Count], 95thPercentileLatency(ns), 23
[LOAD_GCs_Count], 99thPercentileLatency(ns), 23
[CLEANUP], Operations, 28
[CLEANUP], AverageLatency(ns), 2.951276245714286E8
[CLEANUP], MinLatency(ns), 8326752
[CLEANUP], MaxLatency(ns), 764035071
[CLEANUP], 95thPercentileLatency(ns), 748326911
[CLEANUP], 99thPercentileLatency(ns), 764035071
[INSERT], Operations, 1000000
[INSERT], AverageLatency(ns), 170011.100705
[INSERT], MinLatency(ns), 5263
[INSERT], MaxLatency(ns), 202935295
[INSERT], 95thPercentileLatency(ns), 145094
[INSERT], 99thPercentileLatency(ns), 3745119
[INSERT], Return=OK, 1000000
