/home/anatole/jdk8u/build/linux-x86_64-normal-server-release/jdk/bin/java -Xmx20g -XX:+UseG1GC -classpath /home/anatole/ycsb/conf:/home/anatole/ycsb/core/target/core-0.18.0-SNAPSHOT.jar:/home/anatole/ycsb/core/target/dependency/HdrHistogram-2.1.4.jar:/home/anatole/ycsb/core/target/dependency/guava-18.0.jar:/home/anatole/ycsb/core/target/dependency/htrace-core4-4.1.0-incubating.jar:/home/anatole/ycsb/core/target/dependency/jackson-core-asl-1.9.4.jar:/home/anatole/ycsb/core/target/dependency/jackson-mapper-asl-1.9.4.jar:/home/anatole/ycsb/core/target/dependency/javax.persistence-api-2.2.jar:/home/anatole/ycsb/core/target/dependency/jnvm-1.0-SNAPSHOT.jar:/home/anatole/ycsb/core/target/dependency/pcj-1.0.jar:/home/anatole/ycsb/core/target/dependency/unsafe-helper-1.0.jar:/home/anatole/ycsb/infinispan/src/main/conf:/home/anatole/ycsb/infinispan/target/infinispan-binding-0.18.0-SNAPSHOT.jar:/home/anatole/ycsb/infinispan/target/dependency/caffeine-2.6.2.jar:/home/anatole/ycsb/infinispan/target/dependency/gson-2.8.2.jar:/home/anatole/ycsb/infinispan/target/dependency/guava-18.0.jar:/home/anatole/ycsb/infinispan/target/dependency/infinispan-cachestore-jnvm-1.0-SNAPSHOT.jar:/home/anatole/ycsb/infinispan/target/dependency/infinispan-cachestore-pcj-1.0-SNAPSHOT.jar:/home/anatole/ycsb/infinispan/target/dependency/infinispan-client-hotrod-9.4.20.Final.jar:/home/anatole/ycsb/infinispan/target/dependency/infinispan-commons-9.4.20.Final.jar:/home/anatole/ycsb/infinispan/target/dependency/infinispan-core-9.4.20.Final.jar:/home/anatole/ycsb/infinispan/target/dependency/javax.persistence-api-2.2.jar:/home/anatole/ycsb/infinispan/target/dependency/jboss-logging-3.3.2.Final.jar:/home/anatole/ycsb/infinispan/target/dependency/jboss-marshalling-osgi-2.0.6.Final.jar:/home/anatole/ycsb/infinispan/target/dependency/jboss-transaction-api_1.2_spec-1.1.1.Final.jar:/home/anatole/ycsb/infinispan/target/dependency/jgroups-4.0.21.Final.jar:/home/anatole/ycsb/infinispan/target/dependency/jnvm-1.0-SNAPSHOT.jar:/home/anatole/ycsb/infinispan/target/dependency/metainf-services-1.7.jar:/home/anatole/ycsb/infinispan/target/dependency/netty-buffer-4.1.51.Final.jar:/home/anatole/ycsb/infinispan/target/dependency/netty-codec-4.1.51.Final.jar:/home/anatole/ycsb/infinispan/target/dependency/netty-common-4.1.51.Final.jar:/home/anatole/ycsb/infinispan/target/dependency/netty-handler-4.1.51.Final.jar:/home/anatole/ycsb/infinispan/target/dependency/netty-resolver-4.1.51.Final.jar:/home/anatole/ycsb/infinispan/target/dependency/netty-transport-4.1.51.Final.jar:/home/anatole/ycsb/infinispan/target/dependency/netty-transport-native-epoll-4.1.51.Final-linux-x86_64.jar:/home/anatole/ycsb/infinispan/target/dependency/netty-transport-native-unix-common-4.1.51.Final.jar:/home/anatole/ycsb/infinispan/target/dependency/pcj-1.0.jar:/home/anatole/ycsb/infinispan/target/dependency/reactive-streams-1.0.2.jar:/home/anatole/ycsb/infinispan/target/dependency/rxjava-2.2.4.jar:/home/anatole/ycsb/infinispan/target/dependency/unsafe-helper-1.0.jar site.ycsb.Client -t -db site.ycsb.db.InfinispanClient -P ../workloads/workloada -preload -s -threads 32 -p dataintegrity=true -p offheap=false -p pcj=false -p recordcount=1000000 -p operationcount=60000000 -p fieldcount=10 -p fieldlength=100 -p requestdistribution=zipfian -p measurement.trackjvm=true -p measurementtype=hdrhistogram -p hdrhistogram.output.path=./out/exp5.concurrent.ref/log/infinispan.run.workloada.true.1000000.1000000.10.100.zipfian.32.true..default.default.none.r6.hdr.log
[OVERALL], RunTime(ms), 84101
[OVERALL], Throughput(ops/sec), 725318.3672013412
[TOTAL_GCS_G1_Young_Generation], Count, 180
[TOTAL_GC_TIME_G1_Young_Generation], Time(ms), 30596
[TOTAL_GC_TIME_%_G1_Young_Generation], Time(%), 36.380066824413504
[TOTAL_GCS_G1_Old_Generation], Count, 0
[TOTAL_GC_TIME_G1_Old_Generation], Time(ms), 0
[TOTAL_GC_TIME_%_G1_Old_Generation], Time(%), 0.0
[TOTAL_GCs], Count, 180
[TOTAL_GC_TIME], Time(ms), 30596
[TOTAL_GC_TIME_%], Time(%), 36.380066824413504
[MAX_MEM_USED], MBs, 9375
[MIN_MEM_USED], MBs, 92
[MAX_THREADS], Count, 64
[MIN_THREADS], Count, 3
[MAX_SYS_LOAD_AVG], Load, 23.78
[MIN_SYS_LOAD_AVG], Load, 17.12
[THREAD_COUNT], Operations, 10
[THREAD_COUNT], AverageLatency(ns), 54.8
[THREAD_COUNT], MinLatency(ns), 3
[THREAD_COUNT], MaxLatency(ns), 64
[THREAD_COUNT], 95thPercentileLatency(ns), 64
[THREAD_COUNT], 99thPercentileLatency(ns), 64
[SYS_LOAD_AVG], Operations, 10
[SYS_LOAD_AVG], AverageLatency(ns), 21.5
[SYS_LOAD_AVG], MinLatency(ns), 17
[SYS_LOAD_AVG], MaxLatency(ns), 23
[SYS_LOAD_AVG], 95thPercentileLatency(ns), 23
[SYS_LOAD_AVG], 99thPercentileLatency(ns), 23
[LOAD], Operations, 32
[LOAD], AverageLatency(ns), 6.573884416E9
[LOAD], MinLatency(ns), 5904695296
[LOAD], MaxLatency(ns), 6830292991
[LOAD], 95thPercentileLatency(ns), 6811320319
[LOAD], 99thPercentileLatency(ns), 6830292991
[USED_MEM_MB], Operations, 10
[USED_MEM_MB], AverageLatency(ns), 6873.6
[USED_MEM_MB], MinLatency(ns), 92
[USED_MEM_MB], MaxLatency(ns), 9375
[USED_MEM_MB], 95thPercentileLatency(ns), 9375
[USED_MEM_MB], 99thPercentileLatency(ns), 9375
[MAIN_GCs_Count], Operations, 32
[MAIN_GCs_Count], AverageLatency(ns), 154.875
[MAIN_GCs_Count], MinLatency(ns), 154
[MAIN_GCs_Count], MaxLatency(ns), 155
[MAIN_GCs_Count], 95thPercentileLatency(ns), 155
[MAIN_GCs_Count], 99thPercentileLatency(ns), 155
[MAIN_GCs_Time(ms)], Operations, 32
[MAIN_GCs_Time(ms)], AverageLatency(ns), 28273.125
[MAIN_GCs_Time(ms)], MinLatency(ns), 28120
[MAIN_GCs_Time(ms)], MaxLatency(ns), 28295
[MAIN_GCs_Time(ms)], 95thPercentileLatency(ns), 28295
[MAIN_GCs_Time(ms)], 99thPercentileLatency(ns), 28295
[TRANSACTION], Operations, 32
[TRANSACTION], AverageLatency(ns), 7.5402739712E10
[TRANSACTION], MinLatency(ns), 74815897600
[TRANSACTION], MaxLatency(ns), 75607048191
[TRANSACTION], 95thPercentileLatency(ns), 75590795263
[TRANSACTION], 99thPercentileLatency(ns), 75607048191
[GCS_TIME], Operations, 10
[GCS_TIME], AverageLatency(ns), 3059.6
[GCS_TIME], MinLatency(ns), 0
[GCS_TIME], MaxLatency(ns), 4671
[GCS_TIME], 95thPercentileLatency(ns), 4671
[GCS_TIME], 99thPercentileLatency(ns), 4671
[LOAD_GCs_Time(ms)], Operations, 32
[LOAD_GCs_Time(ms)], AverageLatency(ns), 2053.71875
[LOAD_GCs_Time(ms)], MinLatency(ns), 1801
[LOAD_GCs_Time(ms)], MaxLatency(ns), 2124
[LOAD_GCs_Time(ms)], 95thPercentileLatency(ns), 2124
[LOAD_GCs_Time(ms)], 99thPercentileLatency(ns), 2124
[READ], Operations, 30000586
[READ], AverageLatency(ns), 32113.832395740537
[READ], MinLatency(ns), 255
[READ], MaxLatency(ns), 1123426303
[READ], 95thPercentileLatency(ns), 154715
[READ], 99thPercentileLatency(ns), 181478
[READ], Return=OK, 30000586
[INIT], Operations, 32
[INIT], AverageLatency(ns), 6.29559296E8
[INIT], MinLatency(ns), 622555136
[INIT], MaxLatency(ns), 636493823
[INIT], 95thPercentileLatency(ns), 635809791
[INIT], 99thPercentileLatency(ns), 636493823
[GCS], Operations, 10
[GCS], AverageLatency(ns), 18.0
[GCS], MinLatency(ns), 0
[GCS], MaxLatency(ns), 36
[GCS], 95thPercentileLatency(ns), 36
[GCS], 99thPercentileLatency(ns), 36
[LOAD_GCs_Count], Operations, 32
[LOAD_GCs_Count], AverageLatency(ns), 21.5625
[LOAD_GCs_Count], MinLatency(ns), 20
[LOAD_GCs_Count], MaxLatency(ns), 22
[LOAD_GCs_Count], 95thPercentileLatency(ns), 22
[LOAD_GCs_Count], 99thPercentileLatency(ns), 22
[CLEANUP], Operations, 32
[CLEANUP], AverageLatency(ns), 1.094267328E9
[CLEANUP], MinLatency(ns), 891088896
[CLEANUP], MaxLatency(ns), 1647755263
[CLEANUP], 95thPercentileLatency(ns), 1527644159
[CLEANUP], 99thPercentileLatency(ns), 1647755263
[INSERT], Operations, 1000000
[INSERT], AverageLatency(ns), 113551.493098
[INSERT], MinLatency(ns), 1802
[INSERT], MaxLatency(ns), 317319167
[INSERT], 95thPercentileLatency(ns), 99192
[INSERT], 99thPercentileLatency(ns), 366081
[INSERT], Return=OK, 1000000
[UPDATE], Operations, 29999414
[UPDATE], AverageLatency(ns), 39538.03237379903
[UPDATE], MinLatency(ns), 1754
[UPDATE], MaxLatency(ns), 1123450879
[UPDATE], 95thPercentileLatency(ns), 158280
[UPDATE], 99thPercentileLatency(ns), 186227
[UPDATE], Return=OK, 29999414
