/home/anatole/jdk8u/build/linux-x86_64-normal-server-release/jdk/bin/java -Xmx20g -XX:+UseG1GC -classpath /home/anatole/ycsb/conf:/home/anatole/ycsb/core/target/core-0.18.0-SNAPSHOT.jar:/home/anatole/ycsb/core/target/dependency/HdrHistogram-2.1.4.jar:/home/anatole/ycsb/core/target/dependency/guava-18.0.jar:/home/anatole/ycsb/core/target/dependency/htrace-core4-4.1.0-incubating.jar:/home/anatole/ycsb/core/target/dependency/jackson-core-asl-1.9.4.jar:/home/anatole/ycsb/core/target/dependency/jackson-mapper-asl-1.9.4.jar:/home/anatole/ycsb/core/target/dependency/javax.persistence-api-2.2.jar:/home/anatole/ycsb/core/target/dependency/jnvm-1.0-SNAPSHOT.jar:/home/anatole/ycsb/core/target/dependency/pcj-1.0.jar:/home/anatole/ycsb/core/target/dependency/unsafe-helper-1.0.jar:/home/anatole/ycsb/infinispan/src/main/conf:/home/anatole/ycsb/infinispan/target/infinispan-binding-0.18.0-SNAPSHOT.jar:/home/anatole/ycsb/infinispan/target/dependency/caffeine-2.6.2.jar:/home/anatole/ycsb/infinispan/target/dependency/gson-2.8.2.jar:/home/anatole/ycsb/infinispan/target/dependency/guava-18.0.jar:/home/anatole/ycsb/infinispan/target/dependency/infinispan-cachestore-jnvm-1.0-SNAPSHOT.jar:/home/anatole/ycsb/infinispan/target/dependency/infinispan-cachestore-pcj-1.0-SNAPSHOT.jar:/home/anatole/ycsb/infinispan/target/dependency/infinispan-client-hotrod-9.4.20.Final.jar:/home/anatole/ycsb/infinispan/target/dependency/infinispan-commons-9.4.20.Final.jar:/home/anatole/ycsb/infinispan/target/dependency/infinispan-core-9.4.20.Final.jar:/home/anatole/ycsb/infinispan/target/dependency/javax.persistence-api-2.2.jar:/home/anatole/ycsb/infinispan/target/dependency/jboss-logging-3.3.2.Final.jar:/home/anatole/ycsb/infinispan/target/dependency/jboss-marshalling-osgi-2.0.6.Final.jar:/home/anatole/ycsb/infinispan/target/dependency/jboss-transaction-api_1.2_spec-1.1.1.Final.jar:/home/anatole/ycsb/infinispan/target/dependency/jgroups-4.0.21.Final.jar:/home/anatole/ycsb/infinispan/target/dependency/jnvm-1.0-SNAPSHOT.jar:/home/anatole/ycsb/infinispan/target/dependency/metainf-services-1.7.jar:/home/anatole/ycsb/infinispan/target/dependency/netty-buffer-4.1.51.Final.jar:/home/anatole/ycsb/infinispan/target/dependency/netty-codec-4.1.51.Final.jar:/home/anatole/ycsb/infinispan/target/dependency/netty-common-4.1.51.Final.jar:/home/anatole/ycsb/infinispan/target/dependency/netty-handler-4.1.51.Final.jar:/home/anatole/ycsb/infinispan/target/dependency/netty-resolver-4.1.51.Final.jar:/home/anatole/ycsb/infinispan/target/dependency/netty-transport-4.1.51.Final.jar:/home/anatole/ycsb/infinispan/target/dependency/netty-transport-native-epoll-4.1.51.Final-linux-x86_64.jar:/home/anatole/ycsb/infinispan/target/dependency/netty-transport-native-unix-common-4.1.51.Final.jar:/home/anatole/ycsb/infinispan/target/dependency/pcj-1.0.jar:/home/anatole/ycsb/infinispan/target/dependency/reactive-streams-1.0.2.jar:/home/anatole/ycsb/infinispan/target/dependency/rxjava-2.2.4.jar:/home/anatole/ycsb/infinispan/target/dependency/unsafe-helper-1.0.jar site.ycsb.Client -t -db site.ycsb.db.InfinispanClient -P ../workloads/workloadc -preload -s -threads 20 -p dataintegrity=true -p offheap=false -p pcj=false -p recordcount=1000000 -p operationcount=60000000 -p fieldcount=10 -p fieldlength=100 -p requestdistribution=zipfian -p measurement.trackjvm=true -p measurementtype=hdrhistogram -p hdrhistogram.output.path=./out/exp5.concurrent.ref/log/infinispan.run.workloadc.true.1000000.1000000.10.100.zipfian.20.true..default.default.none.r2.hdr.log
[OVERALL], RunTime(ms), 56397
[OVERALL], Throughput(ops/sec), 1081617.8165505258
[TOTAL_GCS_G1_Young_Generation], Count, 43
[TOTAL_GC_TIME_G1_Young_Generation], Time(ms), 2662
[TOTAL_GC_TIME_%_G1_Young_Generation], Time(%), 4.720109225668033
[TOTAL_GCS_G1_Old_Generation], Count, 0
[TOTAL_GC_TIME_G1_Old_Generation], Time(ms), 0
[TOTAL_GC_TIME_%_G1_Old_Generation], Time(%), 0.0
[TOTAL_GCs], Count, 43
[TOTAL_GC_TIME], Time(ms), 2662
[TOTAL_GC_TIME_%], Time(%), 4.720109225668033
[MAX_MEM_USED], MBs, 14454
[MIN_MEM_USED], MBs, 76
[MAX_THREADS], Count, 26
[MIN_THREADS], Count, 4
[MAX_SYS_LOAD_AVG], Load, 10.35
[MIN_SYS_LOAD_AVG], Load, 9.2
[THREAD_COUNT], Operations, 7
[THREAD_COUNT], AverageLatency(ns), 22.285714285714285
[THREAD_COUNT], MinLatency(ns), 4
[THREAD_COUNT], MaxLatency(ns), 26
[THREAD_COUNT], 95thPercentileLatency(ns), 26
[THREAD_COUNT], 99thPercentileLatency(ns), 26
[SYS_LOAD_AVG], Operations, 7
[SYS_LOAD_AVG], AverageLatency(ns), 9.142857142857142
[SYS_LOAD_AVG], MinLatency(ns), 9
[SYS_LOAD_AVG], MaxLatency(ns), 10
[SYS_LOAD_AVG], 95thPercentileLatency(ns), 10
[SYS_LOAD_AVG], 99thPercentileLatency(ns), 10
[LOAD], Operations, 20
[LOAD], AverageLatency(ns), 6.3003459584E9
[LOAD], MinLatency(ns), 5725290496
[LOAD], MaxLatency(ns), 6566838271
[LOAD], 95thPercentileLatency(ns), 6562217983
[LOAD], 99thPercentileLatency(ns), 6566838271
[USED_MEM_MB], Operations, 7
[USED_MEM_MB], AverageLatency(ns), 7608.714285714285
[USED_MEM_MB], MinLatency(ns), 76
[USED_MEM_MB], MaxLatency(ns), 14454
[USED_MEM_MB], 95thPercentileLatency(ns), 14454
[USED_MEM_MB], 99thPercentileLatency(ns), 14454
[MAIN_GCs_Count], Operations, 20
[MAIN_GCs_Count], AverageLatency(ns), 16.8
[MAIN_GCs_Count], MinLatency(ns), 16
[MAIN_GCs_Count], MaxLatency(ns), 17
[MAIN_GCs_Count], 95thPercentileLatency(ns), 17
[MAIN_GCs_Count], 99thPercentileLatency(ns), 17
[MAIN_GCs_Time(ms)], Operations, 20
[MAIN_GCs_Time(ms)], AverageLatency(ns), 532.6
[MAIN_GCs_Time(ms)], MinLatency(ns), 511
[MAIN_GCs_Time(ms)], MaxLatency(ns), 538
[MAIN_GCs_Time(ms)], 95thPercentileLatency(ns), 538
[MAIN_GCs_Time(ms)], 99thPercentileLatency(ns), 538
[TRANSACTION], Operations, 20
[TRANSACTION], AverageLatency(ns), 4.82659139584E10
[TRANSACTION], MinLatency(ns), 47539552256
[TRANSACTION], MaxLatency(ns), 48549330943
[TRANSACTION], 95thPercentileLatency(ns), 48546447359
[TRANSACTION], 99thPercentileLatency(ns), 48549330943
[GCS_TIME], Operations, 7
[GCS_TIME], AverageLatency(ns), 380.2857142857143
[GCS_TIME], MinLatency(ns), 0
[GCS_TIME], MaxLatency(ns), 2277
[GCS_TIME], 95thPercentileLatency(ns), 2277
[GCS_TIME], 99thPercentileLatency(ns), 2277
[LOAD_GCs_Time(ms)], Operations, 20
[LOAD_GCs_Time(ms)], AverageLatency(ns), 1985.4
[LOAD_GCs_Time(ms)], MinLatency(ns), 1774
[LOAD_GCs_Time(ms)], MaxLatency(ns), 2106
[LOAD_GCs_Time(ms)], 95thPercentileLatency(ns), 2106
[LOAD_GCs_Time(ms)], 99thPercentileLatency(ns), 2106
[READ], Operations, 60000000
[READ], AverageLatency(ns), 13893.00899825
[READ], MinLatency(ns), 222
[READ], MaxLatency(ns), 120044543
[READ], 95thPercentileLatency(ns), 112460
[READ], 99thPercentileLatency(ns), 128309
[READ], Return=OK, 60000000
[INIT], Operations, 20
[INIT], AverageLatency(ns), 6.282084352E8
[INIT], MinLatency(ns), 624619520
[INIT], MaxLatency(ns), 632676351
[INIT], 95thPercentileLatency(ns), 631971839
[INIT], 99thPercentileLatency(ns), 632676351
[GCS], Operations, 7
[GCS], AverageLatency(ns), 6.142857142857143
[GCS], MinLatency(ns), 0
[GCS], MaxLatency(ns), 28
[GCS], 95thPercentileLatency(ns), 28
[GCS], 99thPercentileLatency(ns), 28
[LOAD_GCs_Count], Operations, 20
[LOAD_GCs_Count], AverageLatency(ns), 24.25
[LOAD_GCs_Count], MinLatency(ns), 23
[LOAD_GCs_Count], MaxLatency(ns), 25
[LOAD_GCs_Count], 95thPercentileLatency(ns), 25
[LOAD_GCs_Count], 99thPercentileLatency(ns), 25
[CLEANUP], Operations, 20
[CLEANUP], AverageLatency(ns), 8.161087488E8
[CLEANUP], MinLatency(ns), 534231040
[CLEANUP], MaxLatency(ns), 1519263743
[CLEANUP], 95thPercentileLatency(ns), 1443913727
[CLEANUP], 99thPercentileLatency(ns), 1519263743
[INSERT], Operations, 1000000
[INSERT], AverageLatency(ns), 63184.585778
[INSERT], MinLatency(ns), 1842
[INSERT], MaxLatency(ns), 252163071
[INSERT], 95thPercentileLatency(ns), 48372
[INSERT], 99thPercentileLatency(ns), 131472
[INSERT], Return=OK, 1000000
