/home/anatole/jdk8u/build/linux-x86_64-normal-server-release/jdk/bin/java -Xmx20g -XX:+UseG1GC -classpath /home/anatole/ycsb/conf:/home/anatole/ycsb/core/target/core-0.18.0-SNAPSHOT.jar:/home/anatole/ycsb/core/target/dependency/HdrHistogram-2.1.4.jar:/home/anatole/ycsb/core/target/dependency/guava-18.0.jar:/home/anatole/ycsb/core/target/dependency/htrace-core4-4.1.0-incubating.jar:/home/anatole/ycsb/core/target/dependency/jackson-core-asl-1.9.4.jar:/home/anatole/ycsb/core/target/dependency/jackson-mapper-asl-1.9.4.jar:/home/anatole/ycsb/core/target/dependency/javax.persistence-api-2.2.jar:/home/anatole/ycsb/core/target/dependency/jnvm-1.0-SNAPSHOT.jar:/home/anatole/ycsb/core/target/dependency/pcj-1.0.jar:/home/anatole/ycsb/core/target/dependency/unsafe-helper-1.0.jar:/home/anatole/ycsb/infinispan/src/main/conf:/home/anatole/ycsb/infinispan/target/infinispan-binding-0.18.0-SNAPSHOT.jar:/home/anatole/ycsb/infinispan/target/dependency/caffeine-2.6.2.jar:/home/anatole/ycsb/infinispan/target/dependency/gson-2.8.2.jar:/home/anatole/ycsb/infinispan/target/dependency/guava-18.0.jar:/home/anatole/ycsb/infinispan/target/dependency/infinispan-cachestore-jnvm-1.0-SNAPSHOT.jar:/home/anatole/ycsb/infinispan/target/dependency/infinispan-cachestore-pcj-1.0-SNAPSHOT.jar:/home/anatole/ycsb/infinispan/target/dependency/infinispan-client-hotrod-9.4.20.Final.jar:/home/anatole/ycsb/infinispan/target/dependency/infinispan-commons-9.4.20.Final.jar:/home/anatole/ycsb/infinispan/target/dependency/infinispan-core-9.4.20.Final.jar:/home/anatole/ycsb/infinispan/target/dependency/javax.persistence-api-2.2.jar:/home/anatole/ycsb/infinispan/target/dependency/jboss-logging-3.3.2.Final.jar:/home/anatole/ycsb/infinispan/target/dependency/jboss-marshalling-osgi-2.0.6.Final.jar:/home/anatole/ycsb/infinispan/target/dependency/jboss-transaction-api_1.2_spec-1.1.1.Final.jar:/home/anatole/ycsb/infinispan/target/dependency/jgroups-4.0.21.Final.jar:/home/anatole/ycsb/infinispan/target/dependency/jnvm-1.0-SNAPSHOT.jar:/home/anatole/ycsb/infinispan/target/dependency/metainf-services-1.7.jar:/home/anatole/ycsb/infinispan/target/dependency/netty-buffer-4.1.51.Final.jar:/home/anatole/ycsb/infinispan/target/dependency/netty-codec-4.1.51.Final.jar:/home/anatole/ycsb/infinispan/target/dependency/netty-common-4.1.51.Final.jar:/home/anatole/ycsb/infinispan/target/dependency/netty-handler-4.1.51.Final.jar:/home/anatole/ycsb/infinispan/target/dependency/netty-resolver-4.1.51.Final.jar:/home/anatole/ycsb/infinispan/target/dependency/netty-transport-4.1.51.Final.jar:/home/anatole/ycsb/infinispan/target/dependency/netty-transport-native-epoll-4.1.51.Final-linux-x86_64.jar:/home/anatole/ycsb/infinispan/target/dependency/netty-transport-native-unix-common-4.1.51.Final.jar:/home/anatole/ycsb/infinispan/target/dependency/pcj-1.0.jar:/home/anatole/ycsb/infinispan/target/dependency/reactive-streams-1.0.2.jar:/home/anatole/ycsb/infinispan/target/dependency/rxjava-2.2.4.jar:/home/anatole/ycsb/infinispan/target/dependency/unsafe-helper-1.0.jar site.ycsb.Client -t -db site.ycsb.db.InfinispanClient -P ../workloads/workloadc -preload -s -threads 20 -p dataintegrity=true -p offheap=false -p pcj=false -p recordcount=1000000 -p operationcount=60000000 -p fieldcount=10 -p fieldlength=100 -p requestdistribution=zipfian -p measurement.trackjvm=true -p measurementtype=hdrhistogram -p hdrhistogram.output.path=./out/exp5.concurrent.ref/log/infinispan.run.workloadc.true.1000000.1000000.10.100.zipfian.20.true..default.default.none.r6.hdr.log
[OVERALL], RunTime(ms), 60308
[OVERALL], Throughput(ops/sec), 1011474.4312529018
[TOTAL_GCS_G1_Young_Generation], Count, 34
[TOTAL_GC_TIME_G1_Young_Generation], Time(ms), 2465
[TOTAL_GC_TIME_%_G1_Young_Generation], Time(%), 4.087351595144923
[TOTAL_GCS_G1_Old_Generation], Count, 0
[TOTAL_GC_TIME_G1_Old_Generation], Time(ms), 0
[TOTAL_GC_TIME_%_G1_Old_Generation], Time(%), 0.0
[TOTAL_GCs], Count, 34
[TOTAL_GC_TIME], Time(ms), 2465
[TOTAL_GC_TIME_%], Time(%), 4.087351595144923
[MAX_MEM_USED], MBs, 14292
[MIN_MEM_USED], MBs, 76
[MAX_THREADS], Count, 26
[MIN_THREADS], Count, 4
[MAX_SYS_LOAD_AVG], Load, 10.4
[MIN_SYS_LOAD_AVG], Load, 9.48
[THREAD_COUNT], Operations, 8
[THREAD_COUNT], AverageLatency(ns), 20.0
[THREAD_COUNT], MinLatency(ns), 4
[THREAD_COUNT], MaxLatency(ns), 26
[THREAD_COUNT], 95thPercentileLatency(ns), 26
[THREAD_COUNT], 99thPercentileLatency(ns), 26
[SYS_LOAD_AVG], Operations, 8
[SYS_LOAD_AVG], AverageLatency(ns), 9.375
[SYS_LOAD_AVG], MinLatency(ns), 9
[SYS_LOAD_AVG], MaxLatency(ns), 10
[SYS_LOAD_AVG], 95thPercentileLatency(ns), 10
[SYS_LOAD_AVG], 99thPercentileLatency(ns), 10
[LOAD], Operations, 20
[LOAD], AverageLatency(ns), 6.319874048E9
[LOAD], MinLatency(ns), 6138658816
[LOAD], MaxLatency(ns), 6533251071
[LOAD], 95thPercentileLatency(ns), 6519390207
[LOAD], 99thPercentileLatency(ns), 6533251071
[USED_MEM_MB], Operations, 8
[USED_MEM_MB], AverageLatency(ns), 9069.75
[USED_MEM_MB], MinLatency(ns), 76
[USED_MEM_MB], MaxLatency(ns), 14292
[USED_MEM_MB], 95thPercentileLatency(ns), 14292
[USED_MEM_MB], 99thPercentileLatency(ns), 14292
[MAIN_GCs_Count], Operations, 20
[MAIN_GCs_Count], AverageLatency(ns), 8.0
[MAIN_GCs_Count], MinLatency(ns), 8
[MAIN_GCs_Count], MaxLatency(ns), 8
[MAIN_GCs_Count], 95thPercentileLatency(ns), 8
[MAIN_GCs_Count], 99thPercentileLatency(ns), 8
[MAIN_GCs_Time(ms)], Operations, 20
[MAIN_GCs_Time(ms)], AverageLatency(ns), 332.0
[MAIN_GCs_Time(ms)], MinLatency(ns), 332
[MAIN_GCs_Time(ms)], MaxLatency(ns), 332
[MAIN_GCs_Time(ms)], 95thPercentileLatency(ns), 332
[MAIN_GCs_Time(ms)], 99thPercentileLatency(ns), 332
[TRANSACTION], Operations, 20
[TRANSACTION], AverageLatency(ns), 5.21621602304E10
[TRANSACTION], MinLatency(ns), 51404603392
[TRANSACTION], MaxLatency(ns), 52495908863
[TRANSACTION], 95thPercentileLatency(ns), 52442431487
[TRANSACTION], 99thPercentileLatency(ns), 52495908863
[GCS_TIME], Operations, 8
[GCS_TIME], AverageLatency(ns), 308.125
[GCS_TIME], MinLatency(ns), 0
[GCS_TIME], MaxLatency(ns), 2270
[GCS_TIME], 95thPercentileLatency(ns), 2270
[GCS_TIME], 99thPercentileLatency(ns), 2270
[LOAD_GCs_Time(ms)], Operations, 20
[LOAD_GCs_Time(ms)], AverageLatency(ns), 2007.1
[LOAD_GCs_Time(ms)], MinLatency(ns), 1949
[LOAD_GCs_Time(ms)], MaxLatency(ns), 2115
[LOAD_GCs_Time(ms)], 95thPercentileLatency(ns), 2115
[LOAD_GCs_Time(ms)], 99thPercentileLatency(ns), 2115
[READ], Operations, 60000000
[READ], AverageLatency(ns), 15048.319014166667
[READ], MinLatency(ns), 245
[READ], MaxLatency(ns), 114447359
[READ], 95thPercentileLatency(ns), 119138
[READ], 99thPercentileLatency(ns), 134236
[READ], Return=OK, 60000000
[INIT], Operations, 20
[INIT], AverageLatency(ns), 6.25127424E8
[INIT], MinLatency(ns), 621305856
[INIT], MaxLatency(ns), 629202943
[INIT], 95thPercentileLatency(ns), 629063679
[INIT], 99thPercentileLatency(ns), 629202943
[GCS], Operations, 8
[GCS], AverageLatency(ns), 4.25
[GCS], MinLatency(ns), 0
[GCS], MaxLatency(ns), 28
[GCS], 95thPercentileLatency(ns), 28
[GCS], 99thPercentileLatency(ns), 28
[LOAD_GCs_Count], Operations, 20
[LOAD_GCs_Count], AverageLatency(ns), 24.35
[LOAD_GCs_Count], MinLatency(ns), 24
[LOAD_GCs_Count], MaxLatency(ns), 25
[LOAD_GCs_Count], 95thPercentileLatency(ns), 25
[LOAD_GCs_Count], 99thPercentileLatency(ns), 25
[CLEANUP], Operations, 20
[CLEANUP], AverageLatency(ns), 8.478519808E8
[CLEANUP], MinLatency(ns), 516614144
[CLEANUP], MaxLatency(ns), 1567145983
[CLEANUP], 95thPercentileLatency(ns), 1539981311
[CLEANUP], 99thPercentileLatency(ns), 1567145983
[INSERT], Operations, 1000000
[INSERT], AverageLatency(ns), 62170.204272
[INSERT], MinLatency(ns), 1756
[INSERT], MaxLatency(ns), 230806527
[INSERT], 95thPercentileLatency(ns), 43553
[INSERT], 99thPercentileLatency(ns), 105442
[INSERT], Return=OK, 1000000
