/home/anatole/jdk8u/build/linux-x86_64-normal-server-release/jdk/bin/java -Xmx20g -XX:+UseG1GC -classpath /home/anatole/ycsb/conf:/home/anatole/ycsb/core/target/core-0.18.0-SNAPSHOT.jar:/home/anatole/ycsb/core/target/dependency/HdrHistogram-2.1.4.jar:/home/anatole/ycsb/core/target/dependency/guava-18.0.jar:/home/anatole/ycsb/core/target/dependency/htrace-core4-4.1.0-incubating.jar:/home/anatole/ycsb/core/target/dependency/jackson-core-asl-1.9.4.jar:/home/anatole/ycsb/core/target/dependency/jackson-mapper-asl-1.9.4.jar:/home/anatole/ycsb/core/target/dependency/javax.persistence-api-2.2.jar:/home/anatole/ycsb/core/target/dependency/jnvm-1.0-SNAPSHOT.jar:/home/anatole/ycsb/core/target/dependency/pcj-1.0.jar:/home/anatole/ycsb/core/target/dependency/unsafe-helper-1.0.jar:/home/anatole/ycsb/infinispan/src/main/conf:/home/anatole/ycsb/infinispan/target/infinispan-binding-0.18.0-SNAPSHOT.jar:/home/anatole/ycsb/infinispan/target/dependency/caffeine-2.6.2.jar:/home/anatole/ycsb/infinispan/target/dependency/gson-2.8.2.jar:/home/anatole/ycsb/infinispan/target/dependency/guava-18.0.jar:/home/anatole/ycsb/infinispan/target/dependency/infinispan-cachestore-jnvm-1.0-SNAPSHOT.jar:/home/anatole/ycsb/infinispan/target/dependency/infinispan-cachestore-pcj-1.0-SNAPSHOT.jar:/home/anatole/ycsb/infinispan/target/dependency/infinispan-client-hotrod-9.4.20.Final.jar:/home/anatole/ycsb/infinispan/target/dependency/infinispan-commons-9.4.20.Final.jar:/home/anatole/ycsb/infinispan/target/dependency/infinispan-core-9.4.20.Final.jar:/home/anatole/ycsb/infinispan/target/dependency/javax.persistence-api-2.2.jar:/home/anatole/ycsb/infinispan/target/dependency/jboss-logging-3.3.2.Final.jar:/home/anatole/ycsb/infinispan/target/dependency/jboss-marshalling-osgi-2.0.6.Final.jar:/home/anatole/ycsb/infinispan/target/dependency/jboss-transaction-api_1.2_spec-1.1.1.Final.jar:/home/anatole/ycsb/infinispan/target/dependency/jgroups-4.0.21.Final.jar:/home/anatole/ycsb/infinispan/target/dependency/jnvm-1.0-SNAPSHOT.jar:/home/anatole/ycsb/infinispan/target/dependency/metainf-services-1.7.jar:/home/anatole/ycsb/infinispan/target/dependency/netty-buffer-4.1.51.Final.jar:/home/anatole/ycsb/infinispan/target/dependency/netty-codec-4.1.51.Final.jar:/home/anatole/ycsb/infinispan/target/dependency/netty-common-4.1.51.Final.jar:/home/anatole/ycsb/infinispan/target/dependency/netty-handler-4.1.51.Final.jar:/home/anatole/ycsb/infinispan/target/dependency/netty-resolver-4.1.51.Final.jar:/home/anatole/ycsb/infinispan/target/dependency/netty-transport-4.1.51.Final.jar:/home/anatole/ycsb/infinispan/target/dependency/netty-transport-native-epoll-4.1.51.Final-linux-x86_64.jar:/home/anatole/ycsb/infinispan/target/dependency/netty-transport-native-unix-common-4.1.51.Final.jar:/home/anatole/ycsb/infinispan/target/dependency/pcj-1.0.jar:/home/anatole/ycsb/infinispan/target/dependency/reactive-streams-1.0.2.jar:/home/anatole/ycsb/infinispan/target/dependency/rxjava-2.2.4.jar:/home/anatole/ycsb/infinispan/target/dependency/unsafe-helper-1.0.jar site.ycsb.Client -t -db site.ycsb.db.InfinispanClient -P ../workloads/workloada -preload -s -threads 16 -p dataintegrity=true -p offheap=false -p pcj=false -p recordcount=1000000 -p operationcount=48000000 -p fieldcount=10 -p fieldlength=100 -p requestdistribution=zipfian -p measurement.trackjvm=true -p measurementtype=hdrhistogram -p hdrhistogram.output.path=./out/exp5.concurrent.ref/log/infinispan.run.workloada.true.1000000.1000000.10.100.zipfian.16.true..default.default.none.r5.hdr.log
[OVERALL], RunTime(ms), 64204
[OVERALL], Throughput(ops/sec), 763192.3244657654
[TOTAL_GCS_G1_Young_Generation], Count, 149
[TOTAL_GC_TIME_G1_Young_Generation], Time(ms), 24851
[TOTAL_GC_TIME_%_G1_Young_Generation], Time(%), 38.70631113326273
[TOTAL_GCS_G1_Old_Generation], Count, 0
[TOTAL_GC_TIME_G1_Old_Generation], Time(ms), 0
[TOTAL_GC_TIME_%_G1_Old_Generation], Time(%), 0.0
[TOTAL_GCs], Count, 149
[TOTAL_GC_TIME], Time(ms), 24851
[TOTAL_GC_TIME_%], Time(%), 38.70631113326273
[MAX_MEM_USED], MBs, 9350
[MIN_MEM_USED], MBs, 72
[MAX_THREADS], Count, 48
[MIN_THREADS], Count, 4
[MAX_SYS_LOAD_AVG], Load, 23.42
[MIN_SYS_LOAD_AVG], Load, 22.17
[THREAD_COUNT], Operations, 8
[THREAD_COUNT], AverageLatency(ns), 38.75
[THREAD_COUNT], MinLatency(ns), 4
[THREAD_COUNT], MaxLatency(ns), 48
[THREAD_COUNT], 95thPercentileLatency(ns), 48
[THREAD_COUNT], 99thPercentileLatency(ns), 48
[SYS_LOAD_AVG], Operations, 8
[SYS_LOAD_AVG], AverageLatency(ns), 22.375
[SYS_LOAD_AVG], MinLatency(ns), 22
[SYS_LOAD_AVG], MaxLatency(ns), 23
[SYS_LOAD_AVG], 95thPercentileLatency(ns), 23
[SYS_LOAD_AVG], 99thPercentileLatency(ns), 23
[LOAD], Operations, 16
[LOAD], AverageLatency(ns), 5.94594816E9
[LOAD], MinLatency(ns), 5681250304
[LOAD], MaxLatency(ns), 6152912895
[LOAD], 95thPercentileLatency(ns), 6138429439
[LOAD], 99thPercentileLatency(ns), 6152912895
[USED_MEM_MB], Operations, 8
[USED_MEM_MB], AverageLatency(ns), 6396.25
[USED_MEM_MB], MinLatency(ns), 72
[USED_MEM_MB], MaxLatency(ns), 9350
[USED_MEM_MB], 95thPercentileLatency(ns), 9350
[USED_MEM_MB], 99thPercentileLatency(ns), 9350
[MAIN_GCs_Count], Operations, 16
[MAIN_GCs_Count], AverageLatency(ns), 122.375
[MAIN_GCs_Count], MinLatency(ns), 121
[MAIN_GCs_Count], MaxLatency(ns), 123
[MAIN_GCs_Count], 95thPercentileLatency(ns), 123
[MAIN_GCs_Count], 99thPercentileLatency(ns), 123
[MAIN_GCs_Time(ms)], Operations, 16
[MAIN_GCs_Time(ms)], AverageLatency(ns), 22618.0
[MAIN_GCs_Time(ms)], MinLatency(ns), 22406
[MAIN_GCs_Time(ms)], MaxLatency(ns), 22726
[MAIN_GCs_Time(ms)], 95thPercentileLatency(ns), 22726
[MAIN_GCs_Time(ms)], 99thPercentileLatency(ns), 22726
[TRANSACTION], Operations, 16
[TRANSACTION], AverageLatency(ns), 5.6571805696E10
[TRANSACTION], MinLatency(ns), 56106942464
[TRANSACTION], MaxLatency(ns), 56820236287
[TRANSACTION], 95thPercentileLatency(ns), 56800837631
[TRANSACTION], 99thPercentileLatency(ns), 56820236287
[GCS_TIME], Operations, 8
[GCS_TIME], AverageLatency(ns), 3106.375
[GCS_TIME], MinLatency(ns), 0
[GCS_TIME], MaxLatency(ns), 4987
[GCS_TIME], 95thPercentileLatency(ns), 4987
[GCS_TIME], 99thPercentileLatency(ns), 4987
[LOAD_GCs_Time(ms)], Operations, 16
[LOAD_GCs_Time(ms)], AverageLatency(ns), 2024.0
[LOAD_GCs_Time(ms)], MinLatency(ns), 1940
[LOAD_GCs_Time(ms)], MaxLatency(ns), 2108
[LOAD_GCs_Time(ms)], 95thPercentileLatency(ns), 2108
[LOAD_GCs_Time(ms)], 99thPercentileLatency(ns), 2108
[READ], Operations, 23994093
[READ], AverageLatency(ns), 11459.258229473397
[READ], MinLatency(ns), 212
[READ], MaxLatency(ns), 1126154239
[READ], 95thPercentileLatency(ns), 43678
[READ], 99thPercentileLatency(ns), 55924
[READ], Return=OK, 23994093
[INIT], Operations, 16
[INIT], AverageLatency(ns), 6.23575808E8
[INIT], MinLatency(ns), 620032000
[INIT], MaxLatency(ns), 627646463
[INIT], 95thPercentileLatency(ns), 627589119
[INIT], 99thPercentileLatency(ns), 627646463
[GCS], Operations, 8
[GCS], AverageLatency(ns), 18.625
[GCS], MinLatency(ns), 0
[GCS], MaxLatency(ns), 39
[GCS], 95thPercentileLatency(ns), 39
[GCS], 99thPercentileLatency(ns), 39
[LOAD_GCs_Count], Operations, 16
[LOAD_GCs_Count], AverageLatency(ns), 24.5
[LOAD_GCs_Count], MinLatency(ns), 24
[LOAD_GCs_Count], MaxLatency(ns), 25
[LOAD_GCs_Count], 95thPercentileLatency(ns), 25
[LOAD_GCs_Count], 99thPercentileLatency(ns), 25
[CLEANUP], Operations, 16
[CLEANUP], AverageLatency(ns), 7.32348608E8
[CLEANUP], MinLatency(ns), 493324288
[CLEANUP], MaxLatency(ns), 1049034751
[CLEANUP], 95thPercentileLatency(ns), 951799807
[CLEANUP], 99thPercentileLatency(ns), 1049034751
[INSERT], Operations, 1000000
[INSERT], AverageLatency(ns), 46362.49685
[INSERT], MinLatency(ns), 1715
[INSERT], MaxLatency(ns), 351938559
[INSERT], 95thPercentileLatency(ns), 32094
[INSERT], 99thPercentileLatency(ns), 71846
[INSERT], Return=OK, 1000000
[UPDATE], Operations, 24005907
[UPDATE], AverageLatency(ns), 19157.487320558226
[UPDATE], MinLatency(ns), 1403
[UPDATE], MaxLatency(ns), 1126203391
[UPDATE], 95thPercentileLatency(ns), 47961
[UPDATE], 99thPercentileLatency(ns), 61979
[UPDATE], Return=OK, 24005907
