/home/anatole/jdk8u/build/linux-x86_64-normal-server-release/jdk/bin/java -Xmx20g -XX:+UseG1GC -classpath /home/anatole/ycsb/conf:/home/anatole/ycsb/core/target/core-0.18.0-SNAPSHOT.jar:/home/anatole/ycsb/core/target/dependency/HdrHistogram-2.1.4.jar:/home/anatole/ycsb/core/target/dependency/guava-18.0.jar:/home/anatole/ycsb/core/target/dependency/htrace-core4-4.1.0-incubating.jar:/home/anatole/ycsb/core/target/dependency/jackson-core-asl-1.9.4.jar:/home/anatole/ycsb/core/target/dependency/jackson-mapper-asl-1.9.4.jar:/home/anatole/ycsb/core/target/dependency/javax.persistence-api-2.2.jar:/home/anatole/ycsb/core/target/dependency/jnvm-1.0-SNAPSHOT.jar:/home/anatole/ycsb/core/target/dependency/pcj-1.0.jar:/home/anatole/ycsb/core/target/dependency/unsafe-helper-1.0.jar:/home/anatole/ycsb/infinispan/src/main/conf:/home/anatole/ycsb/infinispan/target/infinispan-binding-0.18.0-SNAPSHOT.jar:/home/anatole/ycsb/infinispan/target/dependency/caffeine-2.6.2.jar:/home/anatole/ycsb/infinispan/target/dependency/gson-2.8.2.jar:/home/anatole/ycsb/infinispan/target/dependency/guava-18.0.jar:/home/anatole/ycsb/infinispan/target/dependency/infinispan-cachestore-jnvm-1.0-SNAPSHOT.jar:/home/anatole/ycsb/infinispan/target/dependency/infinispan-cachestore-pcj-1.0-SNAPSHOT.jar:/home/anatole/ycsb/infinispan/target/dependency/infinispan-client-hotrod-9.4.17.Final.jar:/home/anatole/ycsb/infinispan/target/dependency/infinispan-commons-9.4.17.Final.jar:/home/anatole/ycsb/infinispan/target/dependency/infinispan-core-9.4.17.Final.jar:/home/anatole/ycsb/infinispan/target/dependency/infinispan-embedded-9.0.1.Final.jar:/home/anatole/ycsb/infinispan/target/dependency/javax.persistence-api-2.2.jar:/home/anatole/ycsb/infinispan/target/dependency/jboss-logging-3.3.2.Final.jar:/home/anatole/ycsb/infinispan/target/dependency/jboss-marshalling-osgi-2.0.6.Final.jar:/home/anatole/ycsb/infinispan/target/dependency/jboss-transaction-api_1.1_spec-1.0.1.Final.jar:/home/anatole/ycsb/infinispan/target/dependency/jboss-transaction-api_1.2_spec-1.1.1.Final.jar:/home/anatole/ycsb/infinispan/target/dependency/jgroups-4.0.20.Final.jar:/home/anatole/ycsb/infinispan/target/dependency/jnvm-1.0-SNAPSHOT.jar:/home/anatole/ycsb/infinispan/target/dependency/metainf-services-1.7.jar:/home/anatole/ycsb/infinispan/target/dependency/netty-buffer-4.1.42.Final.jar:/home/anatole/ycsb/infinispan/target/dependency/netty-codec-4.1.42.Final.jar:/home/anatole/ycsb/infinispan/target/dependency/netty-common-4.1.42.Final.jar:/home/anatole/ycsb/infinispan/target/dependency/netty-handler-4.1.42.Final.jar:/home/anatole/ycsb/infinispan/target/dependency/netty-resolver-4.1.42.Final.jar:/home/anatole/ycsb/infinispan/target/dependency/netty-transport-4.1.42.Final.jar:/home/anatole/ycsb/infinispan/target/dependency/netty-transport-native-epoll-4.1.42.Final-linux-x86_64.jar:/home/anatole/ycsb/infinispan/target/dependency/netty-transport-native-unix-common-4.1.42.Final.jar:/home/anatole/ycsb/infinispan/target/dependency/pcj-1.0.jar:/home/anatole/ycsb/infinispan/target/dependency/reactive-streams-1.0.2.jar:/home/anatole/ycsb/infinispan/target/dependency/rxjava-2.2.4.jar:/home/anatole/ycsb/infinispan/target/dependency/unsafe-helper-1.0.jar site.ycsb.Client -t -db site.ycsb.db.InfinispanClient -P ../workloads/workloada -threads 28 -p dataintegrity=true -p offheap=false -p recordcount=1000000 -p operationcount=30000000 -p fieldcount=10 -p requestdistribution=zipfian -p measurementtype=hdrhistogram -p hdrhistogram.output.path=./out/exp5.concurrent.ref/log/infinispan.run.workloada.true.1000000.1000000.10.zipfian.28.hdr.log
[OVERALL], RunTime(ms), 80771
[OVERALL], Throughput(ops/sec), 371420.4355523641
[TOTAL_GCS_G1_Young_Generation], Count, 139
[TOTAL_GC_TIME_G1_Young_Generation], Time(ms), 17948
[TOTAL_GC_TIME_%_G1_Young_Generation], Time(%), 22.220846590979434
[TOTAL_GCS_G1_Old_Generation], Count, 0
[TOTAL_GC_TIME_G1_Old_Generation], Time(ms), 0
[TOTAL_GC_TIME_%_G1_Old_Generation], Time(%), 0.0
[TOTAL_GCs], Count, 139
[TOTAL_GC_TIME], Time(ms), 17948
[TOTAL_GC_TIME_%], Time(%), 22.220846590979434
[READ], Operations, 15000805
[READ], AverageLatency(ns), 25497.184109319467
[READ], MinLatency(ns), 188
[READ], MaxLatency(ns), 345794559
[READ], 95thPercentileLatency(ns), 119665
[READ], 99thPercentileLatency(ns), 143838
[READ], Return=OK, 15000805
[INIT], Operations, 28
[INIT], AverageLatency(ns), 4.199928861257143E10
[INIT], MinLatency(ns), 41992060928
[INIT], MaxLatency(ns), 42008051711
[INIT], 95thPercentileLatency(ns), 42007789567
[INIT], 99thPercentileLatency(ns), 42008051711
[CLEANUP], Operations, 28
[CLEANUP], AverageLatency(ns), 6.951199817142857E8
[CLEANUP], MinLatency(ns), 485097472
[CLEANUP], MaxLatency(ns), 1261223935
[CLEANUP], 95thPercentileLatency(ns), 885321727
[CLEANUP], 99thPercentileLatency(ns), 1261223935
[UPDATE], Operations, 14999195
[UPDATE], AverageLatency(ns), 35675.20352658926
[UPDATE], MinLatency(ns), 1787
[UPDATE], MaxLatency(ns), 345804799
[UPDATE], 95thPercentileLatency(ns), 125535
[UPDATE], 99thPercentileLatency(ns), 153197
[UPDATE], Return=OK, 14999195
[TRANSACTION], Operations, 28
[TRANSACTION], AverageLatency(ns), 3.746723079314286E10
[TRANSACTION], MinLatency(ns), 36887330816
[TRANSACTION], MaxLatency(ns), 37677170687
[TRANSACTION], 95thPercentileLatency(ns), 37676646399
[TRANSACTION], 99thPercentileLatency(ns), 37677170687
