/home/anatole/jdk8u/build/linux-x86_64-normal-server-release/jdk/bin/java -Xmx20g -XX:+UseG1GC -classpath /home/anatole/ycsb/conf:/home/anatole/ycsb/core/target/core-0.18.0-SNAPSHOT.jar:/home/anatole/ycsb/core/target/dependency/HdrHistogram-2.1.4.jar:/home/anatole/ycsb/core/target/dependency/guava-18.0.jar:/home/anatole/ycsb/core/target/dependency/htrace-core4-4.1.0-incubating.jar:/home/anatole/ycsb/core/target/dependency/jackson-core-asl-1.9.4.jar:/home/anatole/ycsb/core/target/dependency/jackson-mapper-asl-1.9.4.jar:/home/anatole/ycsb/core/target/dependency/javax.persistence-api-2.2.jar:/home/anatole/ycsb/core/target/dependency/jnvm-1.0-SNAPSHOT.jar:/home/anatole/ycsb/core/target/dependency/pcj-1.0.jar:/home/anatole/ycsb/core/target/dependency/unsafe-helper-1.0.jar:/home/anatole/ycsb/infinispan/src/main/conf:/home/anatole/ycsb/infinispan/target/infinispan-binding-0.18.0-SNAPSHOT.jar:/home/anatole/ycsb/infinispan/target/dependency/caffeine-2.6.2.jar:/home/anatole/ycsb/infinispan/target/dependency/gson-2.8.2.jar:/home/anatole/ycsb/infinispan/target/dependency/guava-18.0.jar:/home/anatole/ycsb/infinispan/target/dependency/infinispan-cachestore-jnvm-1.0-SNAPSHOT.jar:/home/anatole/ycsb/infinispan/target/dependency/infinispan-cachestore-pcj-1.0-SNAPSHOT.jar:/home/anatole/ycsb/infinispan/target/dependency/infinispan-client-hotrod-9.4.20.Final.jar:/home/anatole/ycsb/infinispan/target/dependency/infinispan-commons-9.4.20.Final.jar:/home/anatole/ycsb/infinispan/target/dependency/infinispan-core-9.4.20.Final.jar:/home/anatole/ycsb/infinispan/target/dependency/javax.persistence-api-2.2.jar:/home/anatole/ycsb/infinispan/target/dependency/jboss-logging-3.3.2.Final.jar:/home/anatole/ycsb/infinispan/target/dependency/jboss-marshalling-osgi-2.0.6.Final.jar:/home/anatole/ycsb/infinispan/target/dependency/jboss-transaction-api_1.2_spec-1.1.1.Final.jar:/home/anatole/ycsb/infinispan/target/dependency/jgroups-4.0.21.Final.jar:/home/anatole/ycsb/infinispan/target/dependency/jnvm-1.0-SNAPSHOT.jar:/home/anatole/ycsb/infinispan/target/dependency/metainf-services-1.7.jar:/home/anatole/ycsb/infinispan/target/dependency/netty-buffer-4.1.51.Final.jar:/home/anatole/ycsb/infinispan/target/dependency/netty-codec-4.1.51.Final.jar:/home/anatole/ycsb/infinispan/target/dependency/netty-common-4.1.51.Final.jar:/home/anatole/ycsb/infinispan/target/dependency/netty-handler-4.1.51.Final.jar:/home/anatole/ycsb/infinispan/target/dependency/netty-resolver-4.1.51.Final.jar:/home/anatole/ycsb/infinispan/target/dependency/netty-transport-4.1.51.Final.jar:/home/anatole/ycsb/infinispan/target/dependency/netty-transport-native-epoll-4.1.51.Final-linux-x86_64.jar:/home/anatole/ycsb/infinispan/target/dependency/netty-transport-native-unix-common-4.1.51.Final.jar:/home/anatole/ycsb/infinispan/target/dependency/pcj-1.0.jar:/home/anatole/ycsb/infinispan/target/dependency/reactive-streams-1.0.2.jar:/home/anatole/ycsb/infinispan/target/dependency/rxjava-2.2.4.jar:/home/anatole/ycsb/infinispan/target/dependency/unsafe-helper-1.0.jar site.ycsb.Client -t -db site.ycsb.db.InfinispanJNVMClient -P ../workloads/workloada -preload -s -threads 40 -p dataintegrity=true -p offheap=true -p pcj=false -p recordcount=1000000 -p operationcount=60000000 -p fieldcount=10 -p fieldlength=100 -p requestdistribution=zipfian -p measurement.trackjvm=true -p measurementtype=hdrhistogram -p hdrhistogram.output.path=./out/exp5.concurrent.ref/log/infinispan-jnvm.run.workloada.true.1000000.1.10.100.zipfian.40.false..default.default.none.r5.hdr.log
[OVERALL], RunTime(ms), 135620
[OVERALL], Throughput(ops/sec), 449786.1672319717
[TOTAL_GCS_G1_Young_Generation], Count, 178
[TOTAL_GC_TIME_G1_Young_Generation], Time(ms), 35981
[TOTAL_GC_TIME_%_G1_Young_Generation], Time(%), 26.53074767733373
[TOTAL_GCS_G1_Old_Generation], Count, 0
[TOTAL_GC_TIME_G1_Old_Generation], Time(ms), 0
[TOTAL_GC_TIME_%_G1_Old_Generation], Time(%), 0.0
[TOTAL_GCs], Count, 178
[TOTAL_GC_TIME], Time(ms), 35981
[TOTAL_GC_TIME_%], Time(%), 26.53074767733373
[MAX_MEM_USED], MBs, 7797
[MIN_MEM_USED], MBs, 104
[MAX_THREADS], Count, 46
[MIN_THREADS], Count, 3
[MAX_SYS_LOAD_AVG], Load, 25.03
[MIN_SYS_LOAD_AVG], Load, 18.77
[THREAD_COUNT], Operations, 15
[THREAD_COUNT], AverageLatency(ns), 42.46666666666667
[THREAD_COUNT], MinLatency(ns), 3
[THREAD_COUNT], MaxLatency(ns), 46
[THREAD_COUNT], 95thPercentileLatency(ns), 46
[THREAD_COUNT], 99thPercentileLatency(ns), 46
[SYS_LOAD_AVG], Operations, 15
[SYS_LOAD_AVG], AverageLatency(ns), 22.066666666666666
[SYS_LOAD_AVG], MinLatency(ns), 18
[SYS_LOAD_AVG], MaxLatency(ns), 25
[SYS_LOAD_AVG], 95thPercentileLatency(ns), 24
[SYS_LOAD_AVG], 99thPercentileLatency(ns), 25
[LOAD], Operations, 40
[LOAD], AverageLatency(ns), 1.7746264064E10
[LOAD], MinLatency(ns), 17496801280
[LOAD], MaxLatency(ns), 17981505535
[LOAD], 95thPercentileLatency(ns), 17966170111
[LOAD], 99thPercentileLatency(ns), 17981505535
[USED_MEM_MB], Operations, 15
[USED_MEM_MB], AverageLatency(ns), 5154.333333333333
[USED_MEM_MB], MinLatency(ns), 104
[USED_MEM_MB], MaxLatency(ns), 7797
[USED_MEM_MB], 95thPercentileLatency(ns), 7074
[USED_MEM_MB], 99thPercentileLatency(ns), 7797
[MAIN_GCs_Count], Operations, 40
[MAIN_GCs_Count], AverageLatency(ns), 151.675
[MAIN_GCs_Count], MinLatency(ns), 150
[MAIN_GCs_Count], MaxLatency(ns), 152
[MAIN_GCs_Count], 95thPercentileLatency(ns), 152
[MAIN_GCs_Count], 99thPercentileLatency(ns), 152
[MAIN_GCs_Time(ms)], Operations, 40
[MAIN_GCs_Time(ms)], AverageLatency(ns), 33999.875
[MAIN_GCs_Time(ms)], MinLatency(ns), 33590
[MAIN_GCs_Time(ms)], MaxLatency(ns), 34079
[MAIN_GCs_Time(ms)], 95thPercentileLatency(ns), 34079
[MAIN_GCs_Time(ms)], 99thPercentileLatency(ns), 34079
[TRANSACTION], Operations, 40
[TRANSACTION], AverageLatency(ns), 1.154578251776E11
[TRANSACTION], MinLatency(ns), 114259656704
[TRANSACTION], MaxLatency(ns), 115701972991
[TRANSACTION], 95thPercentileLatency(ns), 115695157247
[TRANSACTION], 99thPercentileLatency(ns), 115701972991
[GCS_TIME], Operations, 15
[GCS_TIME], AverageLatency(ns), 2398.733333333333
[GCS_TIME], MinLatency(ns), 0
[GCS_TIME], MaxLatency(ns), 3235
[GCS_TIME], 95thPercentileLatency(ns), 3082
[GCS_TIME], 99thPercentileLatency(ns), 3235
[LOAD_GCs_Time(ms)], Operations, 40
[LOAD_GCs_Time(ms)], AverageLatency(ns), 1728.0
[LOAD_GCs_Time(ms)], MinLatency(ns), 1691
[LOAD_GCs_Time(ms)], MaxLatency(ns), 1876
[LOAD_GCs_Time(ms)], 95thPercentileLatency(ns), 1876
[LOAD_GCs_Time(ms)], 99thPercentileLatency(ns), 1876
[READ], Operations, 30003925
[READ], AverageLatency(ns), 61456.60867023231
[READ], MinLatency(ns), 348
[READ], MaxLatency(ns), 299704319
[READ], 95thPercentileLatency(ns), 329633
[READ], 99thPercentileLatency(ns), 388295
[READ], Return=OK, 30003925
[INIT], Operations, 40
[INIT], AverageLatency(ns), 1.6170717184E9
[INIT], MinLatency(ns), 1608499200
[INIT], MaxLatency(ns), 1625931775
[INIT], 95thPercentileLatency(ns), 1624686591
[INIT], 99thPercentileLatency(ns), 1625931775
[GCS], Operations, 15
[GCS], AverageLatency(ns), 11.866666666666667
[GCS], MinLatency(ns), 0
[GCS], MaxLatency(ns), 20
[GCS], 95thPercentileLatency(ns), 14
[GCS], 99thPercentileLatency(ns), 20
[LOAD_GCs_Count], Operations, 40
[LOAD_GCs_Count], AverageLatency(ns), 23.2
[LOAD_GCs_Count], MinLatency(ns), 23
[LOAD_GCs_Count], MaxLatency(ns), 24
[LOAD_GCs_Count], 95thPercentileLatency(ns), 24
[LOAD_GCs_Count], 99thPercentileLatency(ns), 24
[CLEANUP], Operations, 40
[CLEANUP], AverageLatency(ns), 2.500397828E8
[CLEANUP], MinLatency(ns), 8312768
[CLEANUP], MaxLatency(ns), 1389002751
[CLEANUP], 95thPercentileLatency(ns), 753438719
[CLEANUP], 99thPercentileLatency(ns), 1389002751
[INSERT], Operations, 1000000
[INSERT], AverageLatency(ns), 306049.689434
[INSERT], MinLatency(ns), 4299
[INSERT], MaxLatency(ns), 189078527
[INSERT], 95thPercentileLatency(ns), 709231
[INSERT], 99thPercentileLatency(ns), 4798271
[INSERT], Return=OK, 1000000
[UPDATE], Operations, 29996075
[UPDATE], AverageLatency(ns), 65574.40929544948
[UPDATE], MinLatency(ns), 424
[UPDATE], MaxLatency(ns), 299747327
[UPDATE], 95thPercentileLatency(ns), 333645
[UPDATE], 99thPercentileLatency(ns), 389907
[UPDATE], Return=OK, 29996075
