/home/anatole/jdk8u/build/linux-x86_64-normal-server-release/jdk/bin/java -Xmx20g -XX:+UseG1GC -classpath /home/anatole/ycsb/conf:/home/anatole/ycsb/core/target/core-0.18.0-SNAPSHOT.jar:/home/anatole/ycsb/core/target/dependency/HdrHistogram-2.1.4.jar:/home/anatole/ycsb/core/target/dependency/guava-18.0.jar:/home/anatole/ycsb/core/target/dependency/htrace-core4-4.1.0-incubating.jar:/home/anatole/ycsb/core/target/dependency/jackson-core-asl-1.9.4.jar:/home/anatole/ycsb/core/target/dependency/jackson-mapper-asl-1.9.4.jar:/home/anatole/ycsb/core/target/dependency/javax.persistence-api-2.2.jar:/home/anatole/ycsb/core/target/dependency/jnvm-1.0-SNAPSHOT.jar:/home/anatole/ycsb/core/target/dependency/pcj-1.0.jar:/home/anatole/ycsb/core/target/dependency/unsafe-helper-1.0.jar:/home/anatole/ycsb/infinispan/src/main/conf:/home/anatole/ycsb/infinispan/target/infinispan-binding-0.18.0-SNAPSHOT.jar:/home/anatole/ycsb/infinispan/target/dependency/caffeine-2.6.2.jar:/home/anatole/ycsb/infinispan/target/dependency/gson-2.8.2.jar:/home/anatole/ycsb/infinispan/target/dependency/guava-18.0.jar:/home/anatole/ycsb/infinispan/target/dependency/infinispan-cachestore-jnvm-1.0-SNAPSHOT.jar:/home/anatole/ycsb/infinispan/target/dependency/infinispan-cachestore-pcj-1.0-SNAPSHOT.jar:/home/anatole/ycsb/infinispan/target/dependency/infinispan-client-hotrod-9.4.20.Final.jar:/home/anatole/ycsb/infinispan/target/dependency/infinispan-commons-9.4.20.Final.jar:/home/anatole/ycsb/infinispan/target/dependency/infinispan-core-9.4.20.Final.jar:/home/anatole/ycsb/infinispan/target/dependency/javax.persistence-api-2.2.jar:/home/anatole/ycsb/infinispan/target/dependency/jboss-logging-3.3.2.Final.jar:/home/anatole/ycsb/infinispan/target/dependency/jboss-marshalling-osgi-2.0.6.Final.jar:/home/anatole/ycsb/infinispan/target/dependency/jboss-transaction-api_1.2_spec-1.1.1.Final.jar:/home/anatole/ycsb/infinispan/target/dependency/jgroups-4.0.21.Final.jar:/home/anatole/ycsb/infinispan/target/dependency/jnvm-1.0-SNAPSHOT.jar:/home/anatole/ycsb/infinispan/target/dependency/metainf-services-1.7.jar:/home/anatole/ycsb/infinispan/target/dependency/netty-buffer-4.1.51.Final.jar:/home/anatole/ycsb/infinispan/target/dependency/netty-codec-4.1.51.Final.jar:/home/anatole/ycsb/infinispan/target/dependency/netty-common-4.1.51.Final.jar:/home/anatole/ycsb/infinispan/target/dependency/netty-handler-4.1.51.Final.jar:/home/anatole/ycsb/infinispan/target/dependency/netty-resolver-4.1.51.Final.jar:/home/anatole/ycsb/infinispan/target/dependency/netty-transport-4.1.51.Final.jar:/home/anatole/ycsb/infinispan/target/dependency/netty-transport-native-epoll-4.1.51.Final-linux-x86_64.jar:/home/anatole/ycsb/infinispan/target/dependency/netty-transport-native-unix-common-4.1.51.Final.jar:/home/anatole/ycsb/infinispan/target/dependency/pcj-1.0.jar:/home/anatole/ycsb/infinispan/target/dependency/reactive-streams-1.0.2.jar:/home/anatole/ycsb/infinispan/target/dependency/rxjava-2.2.4.jar:/home/anatole/ycsb/infinispan/target/dependency/unsafe-helper-1.0.jar site.ycsb.Client -t -db site.ycsb.db.InfinispanJNVMClient -P ../workloads/workloada -preload -s -threads 20 -p dataintegrity=true -p offheap=true -p pcj=false -p recordcount=1000000 -p operationcount=60000000 -p fieldcount=10 -p fieldlength=100 -p requestdistribution=zipfian -p measurement.trackjvm=true -p measurementtype=hdrhistogram -p hdrhistogram.output.path=./out/exp5.concurrent.ref/log/infinispan-jnvm.run.workloada.true.1000000.1.10.100.zipfian.20.false..default.default.none.r1.hdr.log
[OVERALL], RunTime(ms), 88340
[OVERALL], Throughput(ops/sec), 690513.9234774734
[TOTAL_GCS_G1_Young_Generation], Count, 180
[TOTAL_GC_TIME_G1_Young_Generation], Time(ms), 28272
[TOTAL_GC_TIME_%_G1_Young_Generation], Time(%), 32.00362236812316
[TOTAL_GCS_G1_Old_Generation], Count, 0
[TOTAL_GC_TIME_G1_Old_Generation], Time(ms), 0
[TOTAL_GC_TIME_%_G1_Old_Generation], Time(%), 0.0
[TOTAL_GCs], Count, 180
[TOTAL_GC_TIME], Time(ms), 28272
[TOTAL_GC_TIME_%], Time(%), 32.00362236812316
[MAX_MEM_USED], MBs, 7179
[MIN_MEM_USED], MBs, 78
[MAX_THREADS], Count, 26
[MIN_THREADS], Count, 3
[MAX_SYS_LOAD_AVG], Load, 19.83
[MIN_SYS_LOAD_AVG], Load, 10.9
[THREAD_COUNT], Operations, 10
[THREAD_COUNT], AverageLatency(ns), 23.2
[THREAD_COUNT], MinLatency(ns), 3
[THREAD_COUNT], MaxLatency(ns), 26
[THREAD_COUNT], 95thPercentileLatency(ns), 26
[THREAD_COUNT], 99thPercentileLatency(ns), 26
[SYS_LOAD_AVG], Operations, 10
[SYS_LOAD_AVG], AverageLatency(ns), 16.1
[SYS_LOAD_AVG], MinLatency(ns), 10
[SYS_LOAD_AVG], MaxLatency(ns), 19
[SYS_LOAD_AVG], 95thPercentileLatency(ns), 19
[SYS_LOAD_AVG], 99thPercentileLatency(ns), 19
[LOAD], Operations, 20
[LOAD], AverageLatency(ns), 1.56425977856E10
[LOAD], MinLatency(ns), 15369371648
[LOAD], MaxLatency(ns), 15853223935
[LOAD], 95thPercentileLatency(ns), 15798763519
[LOAD], 99thPercentileLatency(ns), 15853223935
[USED_MEM_MB], Operations, 10
[USED_MEM_MB], AverageLatency(ns), 4710.3
[USED_MEM_MB], MinLatency(ns), 78
[USED_MEM_MB], MaxLatency(ns), 7179
[USED_MEM_MB], 95thPercentileLatency(ns), 7179
[USED_MEM_MB], 99thPercentileLatency(ns), 7179
[MAIN_GCs_Count], Operations, 20
[MAIN_GCs_Count], AverageLatency(ns), 153.7
[MAIN_GCs_Count], MinLatency(ns), 153
[MAIN_GCs_Count], MaxLatency(ns), 154
[MAIN_GCs_Count], 95thPercentileLatency(ns), 154
[MAIN_GCs_Count], 99thPercentileLatency(ns), 154
[MAIN_GCs_Time(ms)], Operations, 20
[MAIN_GCs_Time(ms)], AverageLatency(ns), 26291.9
[MAIN_GCs_Time(ms)], MinLatency(ns), 26168
[MAIN_GCs_Time(ms)], MaxLatency(ns), 26345
[MAIN_GCs_Time(ms)], 95thPercentileLatency(ns), 26345
[MAIN_GCs_Time(ms)], 99thPercentileLatency(ns), 26345
[TRANSACTION], Operations, 20
[TRANSACTION], AverageLatency(ns), 7.05040482304E10
[TRANSACTION], MinLatency(ns), 70115655680
[TRANSACTION], MaxLatency(ns), 70691323903
[TRANSACTION], 95thPercentileLatency(ns), 70674546687
[TRANSACTION], 99thPercentileLatency(ns), 70691323903
[GCS_TIME], Operations, 10
[GCS_TIME], AverageLatency(ns), 2827.2
[GCS_TIME], MinLatency(ns), 0
[GCS_TIME], MaxLatency(ns), 3813
[GCS_TIME], 95thPercentileLatency(ns), 3813
[GCS_TIME], 99thPercentileLatency(ns), 3813
[LOAD_GCs_Time(ms)], Operations, 20
[LOAD_GCs_Time(ms)], AverageLatency(ns), 1890.0
[LOAD_GCs_Time(ms)], MinLatency(ns), 1890
[LOAD_GCs_Time(ms)], MaxLatency(ns), 1890
[LOAD_GCs_Time(ms)], 95thPercentileLatency(ns), 1890
[LOAD_GCs_Time(ms)], 99thPercentileLatency(ns), 1890
[READ], Operations, 29998725
[READ], AverageLatency(ns), 15362.95688060076
[READ], MinLatency(ns), 238
[READ], MaxLatency(ns), 211984383
[READ], 95thPercentileLatency(ns), 54710
[READ], 99thPercentileLatency(ns), 70622
[READ], Return=OK, 29998725
[INIT], Operations, 20
[INIT], AverageLatency(ns), 1.6373583872E9
[INIT], MinLatency(ns), 1632247808
[INIT], MaxLatency(ns), 1661698047
[INIT], 95thPercentileLatency(ns), 1641136127
[INIT], 99thPercentileLatency(ns), 1661698047
[GCS], Operations, 10
[GCS], AverageLatency(ns), 18.0
[GCS], MinLatency(ns), 0
[GCS], MaxLatency(ns), 22
[GCS], 95thPercentileLatency(ns), 22
[GCS], 99thPercentileLatency(ns), 22
[LOAD_GCs_Count], Operations, 20
[LOAD_GCs_Count], AverageLatency(ns), 23.0
[LOAD_GCs_Count], MinLatency(ns), 23
[LOAD_GCs_Count], MaxLatency(ns), 23
[LOAD_GCs_Count], 95thPercentileLatency(ns), 23
[LOAD_GCs_Count], 99thPercentileLatency(ns), 23
[CLEANUP], Operations, 20
[CLEANUP], AverageLatency(ns), 1.92879932E8
[CLEANUP], MinLatency(ns), 6520608
[CLEANUP], MaxLatency(ns), 565538815
[CLEANUP], 95thPercentileLatency(ns), 551374847
[CLEANUP], 99thPercentileLatency(ns), 565538815
[INSERT], Operations, 1000000
[INSERT], AverageLatency(ns), 115428.142927
[INSERT], MinLatency(ns), 4080
[INSERT], MaxLatency(ns), 193153023
[INSERT], 95thPercentileLatency(ns), 96325
[INSERT], 99thPercentileLatency(ns), 3025199
[INSERT], Return=OK, 1000000
[UPDATE], Operations, 30001275
[UPDATE], AverageLatency(ns), 18502.505383587864
[UPDATE], MinLatency(ns), 368
[UPDATE], MaxLatency(ns), 211961855
[UPDATE], 95thPercentileLatency(ns), 56961
[UPDATE], 99thPercentileLatency(ns), 72552
[UPDATE], Return=OK, 30001275
