/home/anatole/jdk8u/build/linux-x86_64-normal-server-release/jdk/bin/java -Xmx20g -XX:+UseG1GC -classpath /home/anatole/ycsb/conf:/home/anatole/ycsb/core/target/core-0.18.0-SNAPSHOT.jar:/home/anatole/ycsb/core/target/dependency/HdrHistogram-2.1.4.jar:/home/anatole/ycsb/core/target/dependency/guava-18.0.jar:/home/anatole/ycsb/core/target/dependency/htrace-core4-4.1.0-incubating.jar:/home/anatole/ycsb/core/target/dependency/jackson-core-asl-1.9.4.jar:/home/anatole/ycsb/core/target/dependency/jackson-mapper-asl-1.9.4.jar:/home/anatole/ycsb/core/target/dependency/javax.persistence-api-2.2.jar:/home/anatole/ycsb/core/target/dependency/jnvm-1.0-SNAPSHOT.jar:/home/anatole/ycsb/core/target/dependency/pcj-1.0.jar:/home/anatole/ycsb/core/target/dependency/unsafe-helper-1.0.jar:/home/anatole/ycsb/infinispan/src/main/conf:/home/anatole/ycsb/infinispan/target/infinispan-binding-0.18.0-SNAPSHOT.jar:/home/anatole/ycsb/infinispan/target/dependency/caffeine-2.6.2.jar:/home/anatole/ycsb/infinispan/target/dependency/gson-2.8.2.jar:/home/anatole/ycsb/infinispan/target/dependency/guava-18.0.jar:/home/anatole/ycsb/infinispan/target/dependency/infinispan-cachestore-jnvm-1.0-SNAPSHOT.jar:/home/anatole/ycsb/infinispan/target/dependency/infinispan-cachestore-pcj-1.0-SNAPSHOT.jar:/home/anatole/ycsb/infinispan/target/dependency/infinispan-client-hotrod-9.4.20.Final.jar:/home/anatole/ycsb/infinispan/target/dependency/infinispan-commons-9.4.20.Final.jar:/home/anatole/ycsb/infinispan/target/dependency/infinispan-core-9.4.20.Final.jar:/home/anatole/ycsb/infinispan/target/dependency/javax.persistence-api-2.2.jar:/home/anatole/ycsb/infinispan/target/dependency/jboss-logging-3.3.2.Final.jar:/home/anatole/ycsb/infinispan/target/dependency/jboss-marshalling-osgi-2.0.6.Final.jar:/home/anatole/ycsb/infinispan/target/dependency/jboss-transaction-api_1.2_spec-1.1.1.Final.jar:/home/anatole/ycsb/infinispan/target/dependency/jgroups-4.0.21.Final.jar:/home/anatole/ycsb/infinispan/target/dependency/jnvm-1.0-SNAPSHOT.jar:/home/anatole/ycsb/infinispan/target/dependency/metainf-services-1.7.jar:/home/anatole/ycsb/infinispan/target/dependency/netty-buffer-4.1.51.Final.jar:/home/anatole/ycsb/infinispan/target/dependency/netty-codec-4.1.51.Final.jar:/home/anatole/ycsb/infinispan/target/dependency/netty-common-4.1.51.Final.jar:/home/anatole/ycsb/infinispan/target/dependency/netty-handler-4.1.51.Final.jar:/home/anatole/ycsb/infinispan/target/dependency/netty-resolver-4.1.51.Final.jar:/home/anatole/ycsb/infinispan/target/dependency/netty-transport-4.1.51.Final.jar:/home/anatole/ycsb/infinispan/target/dependency/netty-transport-native-epoll-4.1.51.Final-linux-x86_64.jar:/home/anatole/ycsb/infinispan/target/dependency/netty-transport-native-unix-common-4.1.51.Final.jar:/home/anatole/ycsb/infinispan/target/dependency/pcj-1.0.jar:/home/anatole/ycsb/infinispan/target/dependency/reactive-streams-1.0.2.jar:/home/anatole/ycsb/infinispan/target/dependency/rxjava-2.2.4.jar:/home/anatole/ycsb/infinispan/target/dependency/unsafe-helper-1.0.jar site.ycsb.Client -t -db site.ycsb.db.InfinispanClient -P ../workloads/workloada -preload -s -threads 8 -p dataintegrity=true -p offheap=false -p pcj=false -p recordcount=1000000 -p operationcount=24000000 -p fieldcount=10 -p fieldlength=100 -p requestdistribution=zipfian -p measurement.trackjvm=true -p measurementtype=hdrhistogram -p hdrhistogram.output.path=./out/exp5.concurrent.ref/log/infinispan.run.workloada.true.1000000.100000.10.100.zipfian.8.false..default.default.none.r5.hdr.log
[OVERALL], RunTime(ms), 185259
[OVERALL], Throughput(ops/sec), 134946.21044051842
[TOTAL_GCS_G1_Young_Generation], Count, 90
[TOTAL_GC_TIME_G1_Young_Generation], Time(ms), 11222
[TOTAL_GC_TIME_%_G1_Young_Generation], Time(%), 6.05746549425399
[TOTAL_GCS_G1_Old_Generation], Count, 0
[TOTAL_GC_TIME_G1_Old_Generation], Time(ms), 0
[TOTAL_GC_TIME_%_G1_Old_Generation], Time(%), 0.0
[TOTAL_GCs], Count, 90
[TOTAL_GC_TIME], Time(ms), 11222
[TOTAL_GC_TIME_%], Time(%), 6.05746549425399
[MAX_MEM_USED], MBs, 11936
[MIN_MEM_USED], MBs, 60
[MAX_THREADS], Count, 40
[MIN_THREADS], Count, 2
[MAX_SYS_LOAD_AVG], Load, 10.19
[MIN_SYS_LOAD_AVG], Load, 7.8
[THREAD_COUNT], Operations, 20
[THREAD_COUNT], AverageLatency(ns), 34.6
[THREAD_COUNT], MinLatency(ns), 2
[THREAD_COUNT], MaxLatency(ns), 40
[THREAD_COUNT], 95thPercentileLatency(ns), 40
[THREAD_COUNT], 99thPercentileLatency(ns), 40
[SYS_LOAD_AVG], Operations, 20
[SYS_LOAD_AVG], AverageLatency(ns), 8.25
[SYS_LOAD_AVG], MinLatency(ns), 7
[SYS_LOAD_AVG], MaxLatency(ns), 10
[SYS_LOAD_AVG], 95thPercentileLatency(ns), 9
[SYS_LOAD_AVG], 99thPercentileLatency(ns), 10
[LOAD], Operations, 8
[LOAD], AverageLatency(ns), 1.2911026176E10
[LOAD], MinLatency(ns), 12841058304
[LOAD], MaxLatency(ns), 12984451071
[LOAD], 95thPercentileLatency(ns), 12984451071
[LOAD], 99thPercentileLatency(ns), 12984451071
[USED_MEM_MB], Operations, 20
[USED_MEM_MB], AverageLatency(ns), 6312.85
[USED_MEM_MB], MinLatency(ns), 60
[USED_MEM_MB], MaxLatency(ns), 11936
[USED_MEM_MB], 95thPercentileLatency(ns), 11487
[USED_MEM_MB], 99thPercentileLatency(ns), 11936
[MAIN_GCs_Count], Operations, 8
[MAIN_GCs_Count], AverageLatency(ns), 70.125
[MAIN_GCs_Count], MinLatency(ns), 70
[MAIN_GCs_Count], MaxLatency(ns), 71
[MAIN_GCs_Count], 95thPercentileLatency(ns), 71
[MAIN_GCs_Count], 99thPercentileLatency(ns), 71
[MAIN_GCs_Time(ms)], Operations, 8
[MAIN_GCs_Time(ms)], AverageLatency(ns), 10113.625
[MAIN_GCs_Time(ms)], MinLatency(ns), 10095
[MAIN_GCs_Time(ms)], MaxLatency(ns), 10244
[MAIN_GCs_Time(ms)], 95thPercentileLatency(ns), 10244
[MAIN_GCs_Time(ms)], 99thPercentileLatency(ns), 10244
[TRANSACTION], Operations, 8
[TRANSACTION], AverageLatency(ns), 1.68868839424E11
[TRANSACTION], MinLatency(ns), 167792082944
[TRANSACTION], MaxLatency(ns), 171397087231
[TRANSACTION], 95thPercentileLatency(ns), 171397087231
[TRANSACTION], 99thPercentileLatency(ns), 171397087231
[GCS_TIME], Operations, 20
[GCS_TIME], AverageLatency(ns), 561.1
[GCS_TIME], MinLatency(ns), 0
[GCS_TIME], MaxLatency(ns), 925
[GCS_TIME], 95thPercentileLatency(ns), 740
[GCS_TIME], 99thPercentileLatency(ns), 925
[LOAD_GCs_Time(ms)], Operations, 8
[LOAD_GCs_Time(ms)], AverageLatency(ns), 956.0
[LOAD_GCs_Time(ms)], MinLatency(ns), 956
[LOAD_GCs_Time(ms)], MaxLatency(ns), 956
[LOAD_GCs_Time(ms)], 95thPercentileLatency(ns), 956
[LOAD_GCs_Time(ms)], 99thPercentileLatency(ns), 956
[READ], Operations, 12000509
[READ], AverageLatency(ns), 28738.73628751914
[READ], MinLatency(ns), 181
[READ], MaxLatency(ns), 252906495
[READ], 95thPercentileLatency(ns), 66439
[READ], 99thPercentileLatency(ns), 81749
[READ], Return=OK, 12000509
[INIT], Operations, 8
[INIT], AverageLatency(ns), 7.46198016E8
[INIT], MinLatency(ns), 745123840
[INIT], MaxLatency(ns), 747528191
[INIT], 95thPercentileLatency(ns), 747528191
[INIT], 99thPercentileLatency(ns), 747528191
[GCS], Operations, 20
[GCS], AverageLatency(ns), 4.5
[GCS], MinLatency(ns), 0
[GCS], MaxLatency(ns), 18
[GCS], 95thPercentileLatency(ns), 6
[GCS], 99thPercentileLatency(ns), 18
[LOAD_GCs_Count], Operations, 8
[LOAD_GCs_Count], AverageLatency(ns), 18.0
[LOAD_GCs_Count], MinLatency(ns), 18
[LOAD_GCs_Count], MaxLatency(ns), 18
[LOAD_GCs_Count], 95thPercentileLatency(ns), 18
[LOAD_GCs_Count], 99thPercentileLatency(ns), 18
[CLEANUP], Operations, 8
[CLEANUP], AverageLatency(ns), 2.591975632E9
[CLEANUP], MinLatency(ns), 65103360
[CLEANUP], MaxLatency(ns), 3656024063
[CLEANUP], 95thPercentileLatency(ns), 3656024063
[CLEANUP], 99thPercentileLatency(ns), 3656024063
[INSERT], Operations, 1000000
[INSERT], AverageLatency(ns), 91425.972995
[INSERT], MinLatency(ns), 23155
[INSERT], MaxLatency(ns), 239136767
[INSERT], 95thPercentileLatency(ns), 97529
[INSERT], 99thPercentileLatency(ns), 128497
[INSERT], Return=OK, 1000000
[UPDATE], Operations, 11999491
[UPDATE], AverageLatency(ns), 80288.90869371043
[UPDATE], MinLatency(ns), 22828
[UPDATE], MaxLatency(ns), 252994559
[UPDATE], 95thPercentileLatency(ns), 125120
[UPDATE], 99thPercentileLatency(ns), 160580
[UPDATE], Return=OK, 11999491
