/home/anatole/jdk8u/build/linux-x86_64-normal-server-release/jdk/bin/java -Xmx20g -XX:+UseG1GC -classpath /home/anatole/ycsb/conf:/home/anatole/ycsb/core/target/core-0.18.0-SNAPSHOT.jar:/home/anatole/ycsb/core/target/dependency/HdrHistogram-2.1.4.jar:/home/anatole/ycsb/core/target/dependency/guava-18.0.jar:/home/anatole/ycsb/core/target/dependency/htrace-core4-4.1.0-incubating.jar:/home/anatole/ycsb/core/target/dependency/jackson-core-asl-1.9.4.jar:/home/anatole/ycsb/core/target/dependency/jackson-mapper-asl-1.9.4.jar:/home/anatole/ycsb/core/target/dependency/javax.persistence-api-2.2.jar:/home/anatole/ycsb/core/target/dependency/jnvm-1.0-SNAPSHOT.jar:/home/anatole/ycsb/core/target/dependency/pcj-1.0.jar:/home/anatole/ycsb/core/target/dependency/unsafe-helper-1.0.jar:/home/anatole/ycsb/infinispan/src/main/conf:/home/anatole/ycsb/infinispan/target/infinispan-binding-0.18.0-SNAPSHOT.jar:/home/anatole/ycsb/infinispan/target/dependency/caffeine-2.6.2.jar:/home/anatole/ycsb/infinispan/target/dependency/gson-2.8.2.jar:/home/anatole/ycsb/infinispan/target/dependency/guava-18.0.jar:/home/anatole/ycsb/infinispan/target/dependency/infinispan-cachestore-jnvm-1.0-SNAPSHOT.jar:/home/anatole/ycsb/infinispan/target/dependency/infinispan-cachestore-pcj-1.0-SNAPSHOT.jar:/home/anatole/ycsb/infinispan/target/dependency/infinispan-client-hotrod-9.4.20.Final.jar:/home/anatole/ycsb/infinispan/target/dependency/infinispan-commons-9.4.20.Final.jar:/home/anatole/ycsb/infinispan/target/dependency/infinispan-core-9.4.20.Final.jar:/home/anatole/ycsb/infinispan/target/dependency/javax.persistence-api-2.2.jar:/home/anatole/ycsb/infinispan/target/dependency/jboss-logging-3.3.2.Final.jar:/home/anatole/ycsb/infinispan/target/dependency/jboss-marshalling-osgi-2.0.6.Final.jar:/home/anatole/ycsb/infinispan/target/dependency/jboss-transaction-api_1.2_spec-1.1.1.Final.jar:/home/anatole/ycsb/infinispan/target/dependency/jgroups-4.0.21.Final.jar:/home/anatole/ycsb/infinispan/target/dependency/jnvm-1.0-SNAPSHOT.jar:/home/anatole/ycsb/infinispan/target/dependency/metainf-services-1.7.jar:/home/anatole/ycsb/infinispan/target/dependency/netty-buffer-4.1.51.Final.jar:/home/anatole/ycsb/infinispan/target/dependency/netty-codec-4.1.51.Final.jar:/home/anatole/ycsb/infinispan/target/dependency/netty-common-4.1.51.Final.jar:/home/anatole/ycsb/infinispan/target/dependency/netty-handler-4.1.51.Final.jar:/home/anatole/ycsb/infinispan/target/dependency/netty-resolver-4.1.51.Final.jar:/home/anatole/ycsb/infinispan/target/dependency/netty-transport-4.1.51.Final.jar:/home/anatole/ycsb/infinispan/target/dependency/netty-transport-native-epoll-4.1.51.Final-linux-x86_64.jar:/home/anatole/ycsb/infinispan/target/dependency/netty-transport-native-unix-common-4.1.51.Final.jar:/home/anatole/ycsb/infinispan/target/dependency/pcj-1.0.jar:/home/anatole/ycsb/infinispan/target/dependency/reactive-streams-1.0.2.jar:/home/anatole/ycsb/infinispan/target/dependency/rxjava-2.2.4.jar:/home/anatole/ycsb/infinispan/target/dependency/unsafe-helper-1.0.jar site.ycsb.Client -t -db site.ycsb.db.InfinispanClient -P ../workloads/workloadc -preload -s -threads 40 -p dataintegrity=true -p offheap=false -p pcj=false -p recordcount=1000000 -p operationcount=60000000 -p fieldcount=10 -p fieldlength=100 -p requestdistribution=zipfian -p measurement.trackjvm=true -p measurementtype=hdrhistogram -p hdrhistogram.output.path=./out/exp5.concurrent.ref/log/infinispan.run.workloadc.true.1000000.100000.10.100.zipfian.40.false..default.default.none.r6.hdr.log
[OVERALL], RunTime(ms), 525076
[OVERALL], Throughput(ops/sec), 116173.6586703639
[TOTAL_GCS_G1_Young_Generation], Count, 122
[TOTAL_GC_TIME_G1_Young_Generation], Time(ms), 10174
[TOTAL_GC_TIME_%_G1_Young_Generation], Time(%), 1.9376242677250533
[TOTAL_GCS_G1_Old_Generation], Count, 0
[TOTAL_GC_TIME_G1_Old_Generation], Time(ms), 0
[TOTAL_GC_TIME_%_G1_Old_Generation], Time(%), 0.0
[TOTAL_GCs], Count, 122
[TOTAL_GC_TIME], Time(ms), 10174
[TOTAL_GC_TIME_%], Time(%), 1.9376242677250533
[MAX_MEM_USED], MBs, 9156
[MIN_MEM_USED], MBs, 104
[MAX_THREADS], Count, 46
[MIN_THREADS], Count, 2
[MAX_SYS_LOAD_AVG], Load, 15.54
[MIN_SYS_LOAD_AVG], Load, 10.44
[THREAD_COUNT], Operations, 54
[THREAD_COUNT], AverageLatency(ns), 43.592592592592595
[THREAD_COUNT], MinLatency(ns), 2
[THREAD_COUNT], MaxLatency(ns), 46
[THREAD_COUNT], 95thPercentileLatency(ns), 46
[THREAD_COUNT], 99thPercentileLatency(ns), 46
[SYS_LOAD_AVG], Operations, 54
[SYS_LOAD_AVG], AverageLatency(ns), 11.74074074074074
[SYS_LOAD_AVG], MinLatency(ns), 10
[SYS_LOAD_AVG], MaxLatency(ns), 15
[SYS_LOAD_AVG], 95thPercentileLatency(ns), 14
[SYS_LOAD_AVG], 99thPercentileLatency(ns), 15
[LOAD], Operations, 40
[LOAD], AverageLatency(ns), 1.3160562688E10
[LOAD], MinLatency(ns), 10233970688
[LOAD], MaxLatency(ns), 14281670655
[LOAD], 95thPercentileLatency(ns), 14165606399
[LOAD], 99thPercentileLatency(ns), 14281670655
[USED_MEM_MB], Operations, 54
[USED_MEM_MB], AverageLatency(ns), 5412.555555555556
[USED_MEM_MB], MinLatency(ns), 104
[USED_MEM_MB], MaxLatency(ns), 9156
[USED_MEM_MB], 95thPercentileLatency(ns), 8505
[USED_MEM_MB], 99thPercentileLatency(ns), 8889
[MAIN_GCs_Count], Operations, 40
[MAIN_GCs_Count], AverageLatency(ns), 102.8
[MAIN_GCs_Count], MinLatency(ns), 102
[MAIN_GCs_Count], MaxLatency(ns), 103
[MAIN_GCs_Count], 95thPercentileLatency(ns), 103
[MAIN_GCs_Count], 99thPercentileLatency(ns), 103
[MAIN_GCs_Time(ms)], Operations, 40
[MAIN_GCs_Time(ms)], AverageLatency(ns), 9313.6
[MAIN_GCs_Time(ms)], MinLatency(ns), 9236
[MAIN_GCs_Time(ms)], MaxLatency(ns), 9333
[MAIN_GCs_Time(ms)], 95thPercentileLatency(ns), 9333
[MAIN_GCs_Time(ms)], 99thPercentileLatency(ns), 9333
[TRANSACTION], Operations, 40
[TRANSACTION], AverageLatency(ns), 5.088654393344E11
[TRANSACTION], MinLatency(ns), 506216841216
[TRANSACTION], MaxLatency(ns), 509865885695
[TRANSACTION], 95thPercentileLatency(ns), 509733765119
[TRANSACTION], 99thPercentileLatency(ns), 509865885695
[GCS_TIME], Operations, 54
[GCS_TIME], AverageLatency(ns), 188.40740740740742
[GCS_TIME], MinLatency(ns), 0
[GCS_TIME], MaxLatency(ns), 695
[GCS_TIME], 95thPercentileLatency(ns), 201
[GCS_TIME], 99thPercentileLatency(ns), 642
[LOAD_GCs_Time(ms)], Operations, 40
[LOAD_GCs_Time(ms)], AverageLatency(ns), 779.3
[LOAD_GCs_Time(ms)], MinLatency(ns), 615
[LOAD_GCs_Time(ms)], MaxLatency(ns), 814
[LOAD_GCs_Time(ms)], 95thPercentileLatency(ns), 814
[LOAD_GCs_Time(ms)], 99thPercentileLatency(ns), 814
[READ], Operations, 60000000
[READ], AverageLatency(ns), 335284.7022957333
[READ], MinLatency(ns), 206
[READ], MaxLatency(ns), 203500543
[READ], 95thPercentileLatency(ns), 1525167
[READ], 99thPercentileLatency(ns), 2529743
[READ], Return=OK, 60000000
[INIT], Operations, 40
[INIT], AverageLatency(ns), 5.931917312E8
[INIT], MinLatency(ns), 584396800
[INIT], MaxLatency(ns), 617209855
[INIT], 95thPercentileLatency(ns), 601403391
[INIT], 99thPercentileLatency(ns), 617209855
[GCS], Operations, 54
[GCS], AverageLatency(ns), 2.259259259259259
[GCS], MinLatency(ns), 0
[GCS], MaxLatency(ns), 17
[GCS], 95thPercentileLatency(ns), 2
[GCS], 99thPercentileLatency(ns), 5
[LOAD_GCs_Count], Operations, 40
[LOAD_GCs_Count], AverageLatency(ns), 16.65
[LOAD_GCs_Count], MinLatency(ns), 15
[LOAD_GCs_Count], MaxLatency(ns), 17
[LOAD_GCs_Count], 95thPercentileLatency(ns), 17
[LOAD_GCs_Count], 99thPercentileLatency(ns), 17
[CLEANUP], Operations, 40
[CLEANUP], AverageLatency(ns), 1.0747552448E9
[CLEANUP], MinLatency(ns), 77573632
[CLEANUP], MaxLatency(ns), 3680501759
[CLEANUP], 95thPercentileLatency(ns), 2962096127
[CLEANUP], 99thPercentileLatency(ns), 3680501759
[INSERT], Operations, 1000000
[INSERT], AverageLatency(ns), 508020.327567
[INSERT], MinLatency(ns), 23096
[INSERT], MaxLatency(ns), 1283547135
[INSERT], 95thPercentileLatency(ns), 545679
[INSERT], 99thPercentileLatency(ns), 758191
[INSERT], Return=OK, 1000000
