/home/anatole/jdk8u/build/linux-x86_64-normal-server-release/jdk/bin/java -Xmx20g -XX:+UseG1GC -classpath /home/anatole/ycsb/conf:/home/anatole/ycsb/core/target/core-0.18.0-SNAPSHOT.jar:/home/anatole/ycsb/core/target/dependency/HdrHistogram-2.1.4.jar:/home/anatole/ycsb/core/target/dependency/guava-18.0.jar:/home/anatole/ycsb/core/target/dependency/htrace-core4-4.1.0-incubating.jar:/home/anatole/ycsb/core/target/dependency/jackson-core-asl-1.9.4.jar:/home/anatole/ycsb/core/target/dependency/jackson-mapper-asl-1.9.4.jar:/home/anatole/ycsb/core/target/dependency/javax.persistence-api-2.2.jar:/home/anatole/ycsb/core/target/dependency/jnvm-1.0-SNAPSHOT.jar:/home/anatole/ycsb/core/target/dependency/pcj-1.0.jar:/home/anatole/ycsb/core/target/dependency/unsafe-helper-1.0.jar:/home/anatole/ycsb/infinispan/src/main/conf:/home/anatole/ycsb/infinispan/target/infinispan-binding-0.18.0-SNAPSHOT.jar:/home/anatole/ycsb/infinispan/target/dependency/caffeine-2.6.2.jar:/home/anatole/ycsb/infinispan/target/dependency/gson-2.8.2.jar:/home/anatole/ycsb/infinispan/target/dependency/guava-18.0.jar:/home/anatole/ycsb/infinispan/target/dependency/infinispan-cachestore-jnvm-1.0-SNAPSHOT.jar:/home/anatole/ycsb/infinispan/target/dependency/infinispan-cachestore-pcj-1.0-SNAPSHOT.jar:/home/anatole/ycsb/infinispan/target/dependency/infinispan-client-hotrod-9.4.20.Final.jar:/home/anatole/ycsb/infinispan/target/dependency/infinispan-commons-9.4.20.Final.jar:/home/anatole/ycsb/infinispan/target/dependency/infinispan-core-9.4.20.Final.jar:/home/anatole/ycsb/infinispan/target/dependency/javax.persistence-api-2.2.jar:/home/anatole/ycsb/infinispan/target/dependency/jboss-logging-3.3.2.Final.jar:/home/anatole/ycsb/infinispan/target/dependency/jboss-marshalling-osgi-2.0.6.Final.jar:/home/anatole/ycsb/infinispan/target/dependency/jboss-transaction-api_1.2_spec-1.1.1.Final.jar:/home/anatole/ycsb/infinispan/target/dependency/jgroups-4.0.21.Final.jar:/home/anatole/ycsb/infinispan/target/dependency/jnvm-1.0-SNAPSHOT.jar:/home/anatole/ycsb/infinispan/target/dependency/metainf-services-1.7.jar:/home/anatole/ycsb/infinispan/target/dependency/netty-buffer-4.1.51.Final.jar:/home/anatole/ycsb/infinispan/target/dependency/netty-codec-4.1.51.Final.jar:/home/anatole/ycsb/infinispan/target/dependency/netty-common-4.1.51.Final.jar:/home/anatole/ycsb/infinispan/target/dependency/netty-handler-4.1.51.Final.jar:/home/anatole/ycsb/infinispan/target/dependency/netty-resolver-4.1.51.Final.jar:/home/anatole/ycsb/infinispan/target/dependency/netty-transport-4.1.51.Final.jar:/home/anatole/ycsb/infinispan/target/dependency/netty-transport-native-epoll-4.1.51.Final-linux-x86_64.jar:/home/anatole/ycsb/infinispan/target/dependency/netty-transport-native-unix-common-4.1.51.Final.jar:/home/anatole/ycsb/infinispan/target/dependency/pcj-1.0.jar:/home/anatole/ycsb/infinispan/target/dependency/reactive-streams-1.0.2.jar:/home/anatole/ycsb/infinispan/target/dependency/rxjava-2.2.4.jar:/home/anatole/ycsb/infinispan/target/dependency/unsafe-helper-1.0.jar site.ycsb.Client -t -db site.ycsb.db.InfinispanJNVMClient -P ../workloads/workloadc -preload -s -threads 24 -p dataintegrity=true -p offheap=true -p pcj=false -p recordcount=1000000 -p operationcount=60000000 -p fieldcount=10 -p fieldlength=100 -p requestdistribution=zipfian -p measurement.trackjvm=true -p measurementtype=hdrhistogram -p hdrhistogram.output.path=./out/exp5.concurrent.ref/log/infinispan-jnvm.run.workloadc.true.1000000.1.10.100.zipfian.24.false..default.default.none.r3.hdr.log
[OVERALL], RunTime(ms), 49925
[OVERALL], Throughput(ops/sec), 1221832.7491236855
[TOTAL_GCS_G1_Young_Generation], Count, 39
[TOTAL_GC_TIME_G1_Young_Generation], Time(ms), 2269
[TOTAL_GC_TIME_%_G1_Young_Generation], Time(%), 4.5448172258387585
[TOTAL_GCS_G1_Old_Generation], Count, 0
[TOTAL_GC_TIME_G1_Old_Generation], Time(ms), 0
[TOTAL_GC_TIME_%_G1_Old_Generation], Time(%), 0.0
[TOTAL_GCs], Count, 39
[TOTAL_GC_TIME], Time(ms), 2269
[TOTAL_GC_TIME_%], Time(%), 4.5448172258387585
[MAX_MEM_USED], MBs, 14645
[MIN_MEM_USED], MBs, 82
[MAX_THREADS], Count, 30
[MIN_THREADS], Count, 4
[MAX_SYS_LOAD_AVG], Load, 16.55
[MIN_SYS_LOAD_AVG], Load, 10.87
[THREAD_COUNT], Operations, 6
[THREAD_COUNT], AverageLatency(ns), 25.0
[THREAD_COUNT], MinLatency(ns), 4
[THREAD_COUNT], MaxLatency(ns), 30
[THREAD_COUNT], 95thPercentileLatency(ns), 30
[THREAD_COUNT], 99thPercentileLatency(ns), 30
[SYS_LOAD_AVG], Operations, 6
[SYS_LOAD_AVG], AverageLatency(ns), 13.5
[SYS_LOAD_AVG], MinLatency(ns), 10
[SYS_LOAD_AVG], MaxLatency(ns), 16
[SYS_LOAD_AVG], 95thPercentileLatency(ns), 16
[SYS_LOAD_AVG], 99thPercentileLatency(ns), 16
[LOAD], Operations, 24
[LOAD], AverageLatency(ns), 1.6318788949333334E10
[LOAD], MinLatency(ns), 15498215424
[LOAD], MaxLatency(ns), 16540499967
[LOAD], 95thPercentileLatency(ns), 16505634815
[LOAD], 99thPercentileLatency(ns), 16540499967
[USED_MEM_MB], Operations, 6
[USED_MEM_MB], AverageLatency(ns), 7896.0
[USED_MEM_MB], MinLatency(ns), 82
[USED_MEM_MB], MaxLatency(ns), 14645
[USED_MEM_MB], 95thPercentileLatency(ns), 14645
[USED_MEM_MB], 99thPercentileLatency(ns), 14645
[MAIN_GCs_Count], Operations, 24
[MAIN_GCs_Count], AverageLatency(ns), 12.291666666666666
[MAIN_GCs_Count], MinLatency(ns), 7
[MAIN_GCs_Count], MaxLatency(ns), 13
[MAIN_GCs_Count], 95thPercentileLatency(ns), 13
[MAIN_GCs_Count], 99thPercentileLatency(ns), 13
[MAIN_GCs_Time(ms)], Operations, 24
[MAIN_GCs_Time(ms)], AverageLatency(ns), 270.7083333333333
[MAIN_GCs_Time(ms)], MinLatency(ns), 209
[MAIN_GCs_Time(ms)], MaxLatency(ns), 280
[MAIN_GCs_Time(ms)], 95thPercentileLatency(ns), 280
[MAIN_GCs_Time(ms)], 99thPercentileLatency(ns), 280
[TRANSACTION], Operations, 24
[TRANSACTION], AverageLatency(ns), 2.7810921130666668E10
[TRANSACTION], MinLatency(ns), 16917987328
[TRANSACTION], MaxLatency(ns), 31456886783
[TRANSACTION], 95thPercentileLatency(ns), 31389253631
[TRANSACTION], 99thPercentileLatency(ns), 31456886783
[GCS_TIME], Operations, 6
[GCS_TIME], AverageLatency(ns), 378.1666666666667
[GCS_TIME], MinLatency(ns), 0
[GCS_TIME], MaxLatency(ns), 1103
[GCS_TIME], 95thPercentileLatency(ns), 1103
[GCS_TIME], 99thPercentileLatency(ns), 1103
[LOAD_GCs_Time(ms)], Operations, 24
[LOAD_GCs_Time(ms)], AverageLatency(ns), 1943.1666666666667
[LOAD_GCs_Time(ms)], MinLatency(ns), 1769
[LOAD_GCs_Time(ms)], MaxLatency(ns), 1959
[LOAD_GCs_Time(ms)], 95thPercentileLatency(ns), 1959
[LOAD_GCs_Time(ms)], 99thPercentileLatency(ns), 1959
[READ], Operations, 60000000
[READ], AverageLatency(ns), 9358.47995195
[READ], MinLatency(ns), 246
[READ], MaxLatency(ns), 5361696767
[READ], 95thPercentileLatency(ns), 9022
[READ], 99thPercentileLatency(ns), 103901
[READ], Return=OK, 60000000
[INIT], Operations, 24
[INIT], AverageLatency(ns), 1.6311002453333333E9
[INIT], MinLatency(ns), 1625128960
[INIT], MaxLatency(ns), 1648017407
[INIT], 95thPercentileLatency(ns), 1646444543
[INIT], 99thPercentileLatency(ns), 1648017407
[GCS], Operations, 6
[GCS], AverageLatency(ns), 6.5
[GCS], MinLatency(ns), 0
[GCS], MaxLatency(ns), 20
[GCS], 95thPercentileLatency(ns), 20
[GCS], 99thPercentileLatency(ns), 20
[LOAD_GCs_Count], Operations, 24
[LOAD_GCs_Count], AverageLatency(ns), 23.916666666666668
[LOAD_GCs_Count], MinLatency(ns), 23
[LOAD_GCs_Count], MaxLatency(ns), 24
[LOAD_GCs_Count], 95thPercentileLatency(ns), 24
[LOAD_GCs_Count], 99thPercentileLatency(ns), 24
[CLEANUP], Operations, 24
[CLEANUP], AverageLatency(ns), 3.649365754E9
[CLEANUP], MinLatency(ns), 5257312
[CLEANUP], MaxLatency(ns), 14532018175
[CLEANUP], 95thPercentileLatency(ns), 10298589183
[CLEANUP], 99thPercentileLatency(ns), 14532018175
[INSERT], Operations, 1000000
[INSERT], AverageLatency(ns), 149083.982231
[INSERT], MinLatency(ns), 5052
[INSERT], MaxLatency(ns), 204844031
[INSERT], 95thPercentileLatency(ns), 121178
[INSERT], 99thPercentileLatency(ns), 3509839
[INSERT], Return=OK, 1000000
