/home/anatole/jdk8u/build/linux-x86_64-normal-server-release/jdk/bin/java -Xmx20g -XX:+UseG1GC -classpath /home/anatole/ycsb/conf:/home/anatole/ycsb/core/target/core-0.18.0-SNAPSHOT.jar:/home/anatole/ycsb/core/target/dependency/HdrHistogram-2.1.4.jar:/home/anatole/ycsb/core/target/dependency/guava-18.0.jar:/home/anatole/ycsb/core/target/dependency/htrace-core4-4.1.0-incubating.jar:/home/anatole/ycsb/core/target/dependency/jackson-core-asl-1.9.4.jar:/home/anatole/ycsb/core/target/dependency/jackson-mapper-asl-1.9.4.jar:/home/anatole/ycsb/core/target/dependency/javax.persistence-api-2.2.jar:/home/anatole/ycsb/core/target/dependency/jnvm-1.0-SNAPSHOT.jar:/home/anatole/ycsb/core/target/dependency/pcj-1.0.jar:/home/anatole/ycsb/core/target/dependency/unsafe-helper-1.0.jar:/home/anatole/ycsb/infinispan/src/main/conf:/home/anatole/ycsb/infinispan/target/infinispan-binding-0.18.0-SNAPSHOT.jar:/home/anatole/ycsb/infinispan/target/dependency/caffeine-2.6.2.jar:/home/anatole/ycsb/infinispan/target/dependency/gson-2.8.2.jar:/home/anatole/ycsb/infinispan/target/dependency/guava-18.0.jar:/home/anatole/ycsb/infinispan/target/dependency/infinispan-cachestore-jnvm-1.0-SNAPSHOT.jar:/home/anatole/ycsb/infinispan/target/dependency/infinispan-cachestore-pcj-1.0-SNAPSHOT.jar:/home/anatole/ycsb/infinispan/target/dependency/infinispan-client-hotrod-9.4.20.Final.jar:/home/anatole/ycsb/infinispan/target/dependency/infinispan-commons-9.4.20.Final.jar:/home/anatole/ycsb/infinispan/target/dependency/infinispan-core-9.4.20.Final.jar:/home/anatole/ycsb/infinispan/target/dependency/javax.persistence-api-2.2.jar:/home/anatole/ycsb/infinispan/target/dependency/jboss-logging-3.3.2.Final.jar:/home/anatole/ycsb/infinispan/target/dependency/jboss-marshalling-osgi-2.0.6.Final.jar:/home/anatole/ycsb/infinispan/target/dependency/jboss-transaction-api_1.2_spec-1.1.1.Final.jar:/home/anatole/ycsb/infinispan/target/dependency/jgroups-4.0.21.Final.jar:/home/anatole/ycsb/infinispan/target/dependency/jnvm-1.0-SNAPSHOT.jar:/home/anatole/ycsb/infinispan/target/dependency/metainf-services-1.7.jar:/home/anatole/ycsb/infinispan/target/dependency/netty-buffer-4.1.51.Final.jar:/home/anatole/ycsb/infinispan/target/dependency/netty-codec-4.1.51.Final.jar:/home/anatole/ycsb/infinispan/target/dependency/netty-common-4.1.51.Final.jar:/home/anatole/ycsb/infinispan/target/dependency/netty-handler-4.1.51.Final.jar:/home/anatole/ycsb/infinispan/target/dependency/netty-resolver-4.1.51.Final.jar:/home/anatole/ycsb/infinispan/target/dependency/netty-transport-4.1.51.Final.jar:/home/anatole/ycsb/infinispan/target/dependency/netty-transport-native-epoll-4.1.51.Final-linux-x86_64.jar:/home/anatole/ycsb/infinispan/target/dependency/netty-transport-native-unix-common-4.1.51.Final.jar:/home/anatole/ycsb/infinispan/target/dependency/pcj-1.0.jar:/home/anatole/ycsb/infinispan/target/dependency/reactive-streams-1.0.2.jar:/home/anatole/ycsb/infinispan/target/dependency/rxjava-2.2.4.jar:/home/anatole/ycsb/infinispan/target/dependency/unsafe-helper-1.0.jar site.ycsb.Client -t -db site.ycsb.db.InfinispanClient -P ../workloads/workloada -preload -s -threads 16 -p dataintegrity=true -p offheap=false -p pcj=false -p recordcount=1000000 -p operationcount=60000000 -p fieldcount=10 -p fieldlength=100 -p requestdistribution=zipfian -p measurement.trackjvm=true -p measurementtype=hdrhistogram -p hdrhistogram.output.path=./out/exp5.concurrent.ref/log/infinispan.run.workloada.true.1000000.1000000.10.100.zipfian.16.false.true.default.default.volatile.r1.hdr.log
[OVERALL], RunTime(ms), 67928
[OVERALL], Throughput(ops/sec), 898009.6572841832
[TOTAL_GCS_G1_Young_Generation], Count, 163
[TOTAL_GC_TIME_G1_Young_Generation], Time(ms), 26206
[TOTAL_GC_TIME_%_G1_Young_Generation], Time(%), 38.579083735720175
[TOTAL_GCS_G1_Old_Generation], Count, 0
[TOTAL_GC_TIME_G1_Old_Generation], Time(ms), 0
[TOTAL_GC_TIME_%_G1_Old_Generation], Time(%), 0.0
[TOTAL_GCs], Count, 163
[TOTAL_GC_TIME], Time(ms), 26206
[TOTAL_GC_TIME_%], Time(%), 38.579083735720175
[MAX_MEM_USED], MBs, 9486
[MIN_MEM_USED], MBs, 72
[MAX_THREADS], Count, 47
[MIN_THREADS], Count, 4
[MAX_SYS_LOAD_AVG], Load, 20.13
[MIN_SYS_LOAD_AVG], Load, 10.25
[THREAD_COUNT], Operations, 8
[THREAD_COUNT], AverageLatency(ns), 38.0
[THREAD_COUNT], MinLatency(ns), 4
[THREAD_COUNT], MaxLatency(ns), 47
[THREAD_COUNT], 95thPercentileLatency(ns), 47
[THREAD_COUNT], 99thPercentileLatency(ns), 47
[SYS_LOAD_AVG], Operations, 8
[SYS_LOAD_AVG], AverageLatency(ns), 15.125
[SYS_LOAD_AVG], MinLatency(ns), 10
[SYS_LOAD_AVG], MaxLatency(ns), 20
[SYS_LOAD_AVG], 95thPercentileLatency(ns), 20
[SYS_LOAD_AVG], 99thPercentileLatency(ns), 20
[LOAD], Operations, 16
[LOAD], AverageLatency(ns), 5.780375552E9
[LOAD], MinLatency(ns), 5196414976
[LOAD], MaxLatency(ns), 5962727423
[LOAD], 95thPercentileLatency(ns), 5961089023
[LOAD], 99thPercentileLatency(ns), 5962727423
[USED_MEM_MB], Operations, 8
[USED_MEM_MB], AverageLatency(ns), 6806.25
[USED_MEM_MB], MinLatency(ns), 72
[USED_MEM_MB], MaxLatency(ns), 9486
[USED_MEM_MB], 95thPercentileLatency(ns), 9486
[USED_MEM_MB], 99thPercentileLatency(ns), 9486
[MAIN_GCs_Count], Operations, 16
[MAIN_GCs_Count], AverageLatency(ns), 134.1875
[MAIN_GCs_Count], MinLatency(ns), 130
[MAIN_GCs_Count], MaxLatency(ns), 137
[MAIN_GCs_Count], 95thPercentileLatency(ns), 137
[MAIN_GCs_Count], 99thPercentileLatency(ns), 137
[MAIN_GCs_Time(ms)], Operations, 16
[MAIN_GCs_Time(ms)], AverageLatency(ns), 23721.0625
[MAIN_GCs_Time(ms)], MinLatency(ns), 23124
[MAIN_GCs_Time(ms)], MaxLatency(ns), 24125
[MAIN_GCs_Time(ms)], 95thPercentileLatency(ns), 24125
[MAIN_GCs_Time(ms)], 99thPercentileLatency(ns), 24125
[TRANSACTION], Operations, 16
[TRANSACTION], AverageLatency(ns), 5.9250688E10
[TRANSACTION], MinLatency(ns), 57567084544
[TRANSACTION], MaxLatency(ns), 60828155903
[TRANSACTION], 95thPercentileLatency(ns), 60503883775
[TRANSACTION], 99thPercentileLatency(ns), 60828155903
[GCS_TIME], Operations, 8
[GCS_TIME], AverageLatency(ns), 3275.75
[GCS_TIME], MinLatency(ns), 0
[GCS_TIME], MaxLatency(ns), 4968
[GCS_TIME], 95thPercentileLatency(ns), 4968
[GCS_TIME], 99thPercentileLatency(ns), 4968
[LOAD_GCs_Time(ms)], Operations, 16
[LOAD_GCs_Time(ms)], AverageLatency(ns), 1982.0
[LOAD_GCs_Time(ms)], MinLatency(ns), 1731
[LOAD_GCs_Time(ms)], MaxLatency(ns), 2065
[LOAD_GCs_Time(ms)], 95thPercentileLatency(ns), 2065
[LOAD_GCs_Time(ms)], 99thPercentileLatency(ns), 2065
[READ], Operations, 29996422
[READ], AverageLatency(ns), 8480.335377666042
[READ], MinLatency(ns), 193
[READ], MaxLatency(ns), 1283112959
[READ], 95thPercentileLatency(ns), 32904
[READ], 99thPercentileLatency(ns), 48141
[READ], Return=OK, 29996422
[INIT], Operations, 16
[INIT], AverageLatency(ns), 5.61148928E8
[INIT], MinLatency(ns), 557416448
[INIT], MaxLatency(ns), 565428223
[INIT], 95thPercentileLatency(ns), 565370879
[INIT], 99thPercentileLatency(ns), 565428223
[GCS], Operations, 8
[GCS], AverageLatency(ns), 20.375
[GCS], MinLatency(ns), 0
[GCS], MaxLatency(ns), 40
[GCS], 95thPercentileLatency(ns), 40
[GCS], 99thPercentileLatency(ns), 40
[LOAD_GCs_Count], Operations, 16
[LOAD_GCs_Count], AverageLatency(ns), 24.5
[LOAD_GCs_Count], MinLatency(ns), 23
[LOAD_GCs_Count], MaxLatency(ns), 25
[LOAD_GCs_Count], 95thPercentileLatency(ns), 25
[LOAD_GCs_Count], 99thPercentileLatency(ns), 25
[CLEANUP], Operations, 16
[CLEANUP], AverageLatency(ns), 2.062049216E9
[CLEANUP], MinLatency(ns), 485955584
[CLEANUP], MaxLatency(ns), 3720724479
[CLEANUP], 95thPercentileLatency(ns), 3465805823
[CLEANUP], 99thPercentileLatency(ns), 3720724479
[INSERT], Operations, 1000000
[INSERT], AverageLatency(ns), 29351.472041
[INSERT], MinLatency(ns), 1172
[INSERT], MaxLatency(ns), 361836543
[INSERT], 95thPercentileLatency(ns), 24219
[INSERT], 99thPercentileLatency(ns), 55762
[INSERT], Return=OK, 1000000
[UPDATE], Operations, 30003578
[UPDATE], AverageLatency(ns), 15642.14327491208
[UPDATE], MinLatency(ns), 1219
[UPDATE], MaxLatency(ns), 1283096575
[UPDATE], 95thPercentileLatency(ns), 38636
[UPDATE], 99thPercentileLatency(ns), 60583
[UPDATE], Return=OK, 30003578
