/home/anatole/jdk8u/build/linux-x86_64-normal-server-release/jdk/bin/java -Xmx20g -XX:+UseG1GC -classpath /home/anatole/ycsb/conf:/home/anatole/ycsb/core/target/core-0.18.0-SNAPSHOT.jar:/home/anatole/ycsb/core/target/dependency/HdrHistogram-2.1.4.jar:/home/anatole/ycsb/core/target/dependency/guava-18.0.jar:/home/anatole/ycsb/core/target/dependency/htrace-core4-4.1.0-incubating.jar:/home/anatole/ycsb/core/target/dependency/jackson-core-asl-1.9.4.jar:/home/anatole/ycsb/core/target/dependency/jackson-mapper-asl-1.9.4.jar:/home/anatole/ycsb/core/target/dependency/javax.persistence-api-2.2.jar:/home/anatole/ycsb/core/target/dependency/jnvm-1.0-SNAPSHOT.jar:/home/anatole/ycsb/core/target/dependency/pcj-1.0.jar:/home/anatole/ycsb/core/target/dependency/unsafe-helper-1.0.jar:/home/anatole/ycsb/infinispan/src/main/conf:/home/anatole/ycsb/infinispan/target/infinispan-binding-0.18.0-SNAPSHOT.jar:/home/anatole/ycsb/infinispan/target/dependency/caffeine-2.6.2.jar:/home/anatole/ycsb/infinispan/target/dependency/gson-2.8.2.jar:/home/anatole/ycsb/infinispan/target/dependency/guava-18.0.jar:/home/anatole/ycsb/infinispan/target/dependency/infinispan-cachestore-jnvm-1.0-SNAPSHOT.jar:/home/anatole/ycsb/infinispan/target/dependency/infinispan-cachestore-pcj-1.0-SNAPSHOT.jar:/home/anatole/ycsb/infinispan/target/dependency/infinispan-client-hotrod-9.4.20.Final.jar:/home/anatole/ycsb/infinispan/target/dependency/infinispan-commons-9.4.20.Final.jar:/home/anatole/ycsb/infinispan/target/dependency/infinispan-core-9.4.20.Final.jar:/home/anatole/ycsb/infinispan/target/dependency/javax.persistence-api-2.2.jar:/home/anatole/ycsb/infinispan/target/dependency/jboss-logging-3.3.2.Final.jar:/home/anatole/ycsb/infinispan/target/dependency/jboss-marshalling-osgi-2.0.6.Final.jar:/home/anatole/ycsb/infinispan/target/dependency/jboss-transaction-api_1.2_spec-1.1.1.Final.jar:/home/anatole/ycsb/infinispan/target/dependency/jgroups-4.0.21.Final.jar:/home/anatole/ycsb/infinispan/target/dependency/jnvm-1.0-SNAPSHOT.jar:/home/anatole/ycsb/infinispan/target/dependency/metainf-services-1.7.jar:/home/anatole/ycsb/infinispan/target/dependency/netty-buffer-4.1.51.Final.jar:/home/anatole/ycsb/infinispan/target/dependency/netty-codec-4.1.51.Final.jar:/home/anatole/ycsb/infinispan/target/dependency/netty-common-4.1.51.Final.jar:/home/anatole/ycsb/infinispan/target/dependency/netty-handler-4.1.51.Final.jar:/home/anatole/ycsb/infinispan/target/dependency/netty-resolver-4.1.51.Final.jar:/home/anatole/ycsb/infinispan/target/dependency/netty-transport-4.1.51.Final.jar:/home/anatole/ycsb/infinispan/target/dependency/netty-transport-native-epoll-4.1.51.Final-linux-x86_64.jar:/home/anatole/ycsb/infinispan/target/dependency/netty-transport-native-unix-common-4.1.51.Final.jar:/home/anatole/ycsb/infinispan/target/dependency/pcj-1.0.jar:/home/anatole/ycsb/infinispan/target/dependency/reactive-streams-1.0.2.jar:/home/anatole/ycsb/infinispan/target/dependency/rxjava-2.2.4.jar:/home/anatole/ycsb/infinispan/target/dependency/unsafe-helper-1.0.jar site.ycsb.Client -t -db site.ycsb.db.InfinispanJNVMClient -P ../workloads/workloada -preload -s -threads 32 -p dataintegrity=true -p offheap=true -p pcj=false -p recordcount=1000000 -p operationcount=60000000 -p fieldcount=10 -p fieldlength=100 -p requestdistribution=zipfian -p measurement.trackjvm=true -p measurementtype=hdrhistogram -p hdrhistogram.output.path=./out/exp5.concurrent.ref/log/infinispan-jnvm.run.workloada.true.1000000.1.10.100.zipfian.32.false..default.default.none.r1.hdr.log
[OVERALL], RunTime(ms), 113846
[OVERALL], Throughput(ops/sec), 535811.5348804526
[TOTAL_GCS_G1_Young_Generation], Count, 179
[TOTAL_GC_TIME_G1_Young_Generation], Time(ms), 31780
[TOTAL_GC_TIME_%_G1_Young_Generation], Time(%), 27.914902587706198
[TOTAL_GCS_G1_Old_Generation], Count, 0
[TOTAL_GC_TIME_G1_Old_Generation], Time(ms), 0
[TOTAL_GC_TIME_%_G1_Old_Generation], Time(%), 0.0
[TOTAL_GCs], Count, 179
[TOTAL_GC_TIME], Time(ms), 31780
[TOTAL_GC_TIME_%], Time(%), 27.914902587706198
[MAX_MEM_USED], MBs, 7906
[MIN_MEM_USED], MBs, 96
[MAX_THREADS], Count, 38
[MIN_THREADS], Count, 3
[MAX_SYS_LOAD_AVG], Load, 18.78
[MIN_SYS_LOAD_AVG], Load, 9.58
[THREAD_COUNT], Operations, 13
[THREAD_COUNT], AverageLatency(ns), 34.69230769230769
[THREAD_COUNT], MinLatency(ns), 3
[THREAD_COUNT], MaxLatency(ns), 38
[THREAD_COUNT], 95thPercentileLatency(ns), 38
[THREAD_COUNT], 99thPercentileLatency(ns), 38
[SYS_LOAD_AVG], Operations, 13
[SYS_LOAD_AVG], AverageLatency(ns), 15.307692307692308
[SYS_LOAD_AVG], MinLatency(ns), 9
[SYS_LOAD_AVG], MaxLatency(ns), 18
[SYS_LOAD_AVG], 95thPercentileLatency(ns), 18
[SYS_LOAD_AVG], 99thPercentileLatency(ns), 18
[LOAD], Operations, 32
[LOAD], AverageLatency(ns), 1.6722632704E10
[LOAD], MinLatency(ns), 16416178176
[LOAD], MaxLatency(ns), 16884629503
[LOAD], 95thPercentileLatency(ns), 16878665727
[LOAD], 99thPercentileLatency(ns), 16884629503
[USED_MEM_MB], Operations, 13
[USED_MEM_MB], AverageLatency(ns), 4978.461538461538
[USED_MEM_MB], MinLatency(ns), 96
[USED_MEM_MB], MaxLatency(ns), 7906
[USED_MEM_MB], 95thPercentileLatency(ns), 6588
[USED_MEM_MB], 99thPercentileLatency(ns), 7906
[MAIN_GCs_Count], Operations, 32
[MAIN_GCs_Count], AverageLatency(ns), 153.90625
[MAIN_GCs_Count], MinLatency(ns), 152
[MAIN_GCs_Count], MaxLatency(ns), 154
[MAIN_GCs_Count], 95thPercentileLatency(ns), 154
[MAIN_GCs_Count], 99thPercentileLatency(ns), 154
[MAIN_GCs_Time(ms)], Operations, 32
[MAIN_GCs_Time(ms)], AverageLatency(ns), 29882.71875
[MAIN_GCs_Time(ms)], MinLatency(ns), 29511
[MAIN_GCs_Time(ms)], MaxLatency(ns), 29901
[MAIN_GCs_Time(ms)], 95thPercentileLatency(ns), 29901
[MAIN_GCs_Time(ms)], 99thPercentileLatency(ns), 29901
[TRANSACTION], Operations, 32
[TRANSACTION], AverageLatency(ns), 9.4787780608E10
[TRANSACTION], MinLatency(ns), 93740072960
[TRANSACTION], MaxLatency(ns), 95108464639
[TRANSACTION], 95thPercentileLatency(ns), 94973198335
[TRANSACTION], 99thPercentileLatency(ns), 95108464639
[GCS_TIME], Operations, 13
[GCS_TIME], AverageLatency(ns), 2444.6153846153848
[GCS_TIME], MinLatency(ns), 0
[GCS_TIME], MaxLatency(ns), 3379
[GCS_TIME], 95thPercentileLatency(ns), 3309
[GCS_TIME], 99thPercentileLatency(ns), 3379
[LOAD_GCs_Time(ms)], Operations, 32
[LOAD_GCs_Time(ms)], AverageLatency(ns), 1846.0
[LOAD_GCs_Time(ms)], MinLatency(ns), 1846
[LOAD_GCs_Time(ms)], MaxLatency(ns), 1846
[LOAD_GCs_Time(ms)], 95thPercentileLatency(ns), 1846
[LOAD_GCs_Time(ms)], 99thPercentileLatency(ns), 1846
[READ], Operations, 29998955
[READ], AverageLatency(ns), 38390.114510588784
[READ], MinLatency(ns), 209
[READ], MaxLatency(ns), 248545279
[READ], 95thPercentileLatency(ns), 185323
[READ], 99thPercentileLatency(ns), 232310
[READ], Return=OK, 29998955
[INIT], Operations, 32
[INIT], AverageLatency(ns), 1.5920512E9
[INIT], MinLatency(ns), 1584857088
[INIT], MaxLatency(ns), 1614356479
[INIT], 95thPercentileLatency(ns), 1598463999
[INIT], 99thPercentileLatency(ns), 1614356479
[GCS], Operations, 13
[GCS], AverageLatency(ns), 13.76923076923077
[GCS], MinLatency(ns), 0
[GCS], MaxLatency(ns), 20
[GCS], 95thPercentileLatency(ns), 17
[GCS], 99thPercentileLatency(ns), 20
[LOAD_GCs_Count], Operations, 32
[LOAD_GCs_Count], AverageLatency(ns), 23.0
[LOAD_GCs_Count], MinLatency(ns), 23
[LOAD_GCs_Count], MaxLatency(ns), 23
[LOAD_GCs_Count], 95thPercentileLatency(ns), 23
[LOAD_GCs_Count], 99thPercentileLatency(ns), 23
[CLEANUP], Operations, 32
[CLEANUP], AverageLatency(ns), 3.269770325E8
[CLEANUP], MinLatency(ns), 7241216
[CLEANUP], MaxLatency(ns), 1357611007
[CLEANUP], 95thPercentileLatency(ns), 452382719
[CLEANUP], 99thPercentileLatency(ns), 1357611007
[INSERT], Operations, 1000000
[INSERT], AverageLatency(ns), 206388.864907
[INSERT], MinLatency(ns), 5618
[INSERT], MaxLatency(ns), 197362687
[INSERT], 95thPercentileLatency(ns), 206613
[INSERT], 99thPercentileLatency(ns), 3997567
[INSERT], Return=OK, 1000000
[UPDATE], Operations, 30001045
[UPDATE], AverageLatency(ns), 42868.33342911889
[UPDATE], MinLatency(ns), 301
[UPDATE], MaxLatency(ns), 248562687
[UPDATE], 95thPercentileLatency(ns), 188922
[UPDATE], 99thPercentileLatency(ns), 234801
[UPDATE], Return=OK, 30001045
