/home/anatole/jdk8u/build/linux-x86_64-normal-server-release/jdk/bin/java -Xmx20g -XX:+UseG1GC -classpath /home/anatole/ycsb/conf:/home/anatole/ycsb/core/target/core-0.18.0-SNAPSHOT.jar:/home/anatole/ycsb/core/target/dependency/HdrHistogram-2.1.4.jar:/home/anatole/ycsb/core/target/dependency/guava-18.0.jar:/home/anatole/ycsb/core/target/dependency/htrace-core4-4.1.0-incubating.jar:/home/anatole/ycsb/core/target/dependency/jackson-core-asl-1.9.4.jar:/home/anatole/ycsb/core/target/dependency/jackson-mapper-asl-1.9.4.jar:/home/anatole/ycsb/core/target/dependency/javax.persistence-api-2.2.jar:/home/anatole/ycsb/core/target/dependency/jnvm-1.0-SNAPSHOT.jar:/home/anatole/ycsb/core/target/dependency/pcj-1.0.jar:/home/anatole/ycsb/core/target/dependency/unsafe-helper-1.0.jar:/home/anatole/ycsb/infinispan/src/main/conf:/home/anatole/ycsb/infinispan/target/infinispan-binding-0.18.0-SNAPSHOT.jar:/home/anatole/ycsb/infinispan/target/dependency/caffeine-2.6.2.jar:/home/anatole/ycsb/infinispan/target/dependency/gson-2.8.2.jar:/home/anatole/ycsb/infinispan/target/dependency/guava-18.0.jar:/home/anatole/ycsb/infinispan/target/dependency/infinispan-cachestore-jnvm-1.0-SNAPSHOT.jar:/home/anatole/ycsb/infinispan/target/dependency/infinispan-cachestore-pcj-1.0-SNAPSHOT.jar:/home/anatole/ycsb/infinispan/target/dependency/infinispan-client-hotrod-9.4.20.Final.jar:/home/anatole/ycsb/infinispan/target/dependency/infinispan-commons-9.4.20.Final.jar:/home/anatole/ycsb/infinispan/target/dependency/infinispan-core-9.4.20.Final.jar:/home/anatole/ycsb/infinispan/target/dependency/javax.persistence-api-2.2.jar:/home/anatole/ycsb/infinispan/target/dependency/jboss-logging-3.3.2.Final.jar:/home/anatole/ycsb/infinispan/target/dependency/jboss-marshalling-osgi-2.0.6.Final.jar:/home/anatole/ycsb/infinispan/target/dependency/jboss-transaction-api_1.2_spec-1.1.1.Final.jar:/home/anatole/ycsb/infinispan/target/dependency/jgroups-4.0.21.Final.jar:/home/anatole/ycsb/infinispan/target/dependency/jnvm-1.0-SNAPSHOT.jar:/home/anatole/ycsb/infinispan/target/dependency/metainf-services-1.7.jar:/home/anatole/ycsb/infinispan/target/dependency/netty-buffer-4.1.51.Final.jar:/home/anatole/ycsb/infinispan/target/dependency/netty-codec-4.1.51.Final.jar:/home/anatole/ycsb/infinispan/target/dependency/netty-common-4.1.51.Final.jar:/home/anatole/ycsb/infinispan/target/dependency/netty-handler-4.1.51.Final.jar:/home/anatole/ycsb/infinispan/target/dependency/netty-resolver-4.1.51.Final.jar:/home/anatole/ycsb/infinispan/target/dependency/netty-transport-4.1.51.Final.jar:/home/anatole/ycsb/infinispan/target/dependency/netty-transport-native-epoll-4.1.51.Final-linux-x86_64.jar:/home/anatole/ycsb/infinispan/target/dependency/netty-transport-native-unix-common-4.1.51.Final.jar:/home/anatole/ycsb/infinispan/target/dependency/pcj-1.0.jar:/home/anatole/ycsb/infinispan/target/dependency/reactive-streams-1.0.2.jar:/home/anatole/ycsb/infinispan/target/dependency/rxjava-2.2.4.jar:/home/anatole/ycsb/infinispan/target/dependency/unsafe-helper-1.0.jar site.ycsb.Client -t -db site.ycsb.db.InfinispanClient -P ../workloads/workloadc -preload -s -threads 12 -p dataintegrity=true -p offheap=false -p pcj=false -p recordcount=1000000 -p operationcount=36000000 -p fieldcount=10 -p fieldlength=100 -p requestdistribution=zipfian -p measurement.trackjvm=true -p measurementtype=hdrhistogram -p hdrhistogram.output.path=./out/exp5.concurrent.ref/log/infinispan.run.workloadc.true.1000000.1000000.10.100.zipfian.12.true..default.default.none.r1.hdr.log
[OVERALL], RunTime(ms), 41816
[OVERALL], Throughput(ops/sec), 884828.7736751483
[TOTAL_GCS_G1_Young_Generation], Count, 37
[TOTAL_GC_TIME_G1_Young_Generation], Time(ms), 2472
[TOTAL_GC_TIME_%_G1_Young_Generation], Time(%), 5.911612779797207
[TOTAL_GCS_G1_Old_Generation], Count, 0
[TOTAL_GC_TIME_G1_Old_Generation], Time(ms), 0
[TOTAL_GC_TIME_%_G1_Old_Generation], Time(%), 0.0
[TOTAL_GCs], Count, 37
[TOTAL_GC_TIME], Time(ms), 2472
[TOTAL_GC_TIME_%], Time(%), 5.911612779797207
[MAX_MEM_USED], MBs, 7852
[MIN_MEM_USED], MBs, 64
[MAX_THREADS], Count, 18
[MIN_THREADS], Count, 4
[MAX_SYS_LOAD_AVG], Load, 11.16
[MIN_SYS_LOAD_AVG], Load, 9.22
[THREAD_COUNT], Operations, 6
[THREAD_COUNT], AverageLatency(ns), 15.0
[THREAD_COUNT], MinLatency(ns), 4
[THREAD_COUNT], MaxLatency(ns), 18
[THREAD_COUNT], 95thPercentileLatency(ns), 18
[THREAD_COUNT], 99thPercentileLatency(ns), 18
[SYS_LOAD_AVG], Operations, 6
[SYS_LOAD_AVG], AverageLatency(ns), 9.666666666666666
[SYS_LOAD_AVG], MinLatency(ns), 9
[SYS_LOAD_AVG], MaxLatency(ns), 11
[SYS_LOAD_AVG], 95thPercentileLatency(ns), 11
[SYS_LOAD_AVG], 99thPercentileLatency(ns), 11
[LOAD], Operations, 12
[LOAD], AverageLatency(ns), 5.619570005333333E9
[LOAD], MinLatency(ns), 5430050816
[LOAD], MaxLatency(ns), 5836734463
[LOAD], 95thPercentileLatency(ns), 5806751743
[LOAD], 99thPercentileLatency(ns), 5836734463
[USED_MEM_MB], Operations, 6
[USED_MEM_MB], AverageLatency(ns), 5009.0
[USED_MEM_MB], MinLatency(ns), 64
[USED_MEM_MB], MaxLatency(ns), 7852
[USED_MEM_MB], 95thPercentileLatency(ns), 7852
[USED_MEM_MB], 99thPercentileLatency(ns), 7852
[MAIN_GCs_Count], Operations, 12
[MAIN_GCs_Count], AverageLatency(ns), 11.0
[MAIN_GCs_Count], MinLatency(ns), 11
[MAIN_GCs_Count], MaxLatency(ns), 11
[MAIN_GCs_Count], 95thPercentileLatency(ns), 11
[MAIN_GCs_Count], 99thPercentileLatency(ns), 11
[MAIN_GCs_Time(ms)], Operations, 12
[MAIN_GCs_Time(ms)], AverageLatency(ns), 342.0
[MAIN_GCs_Time(ms)], MinLatency(ns), 342
[MAIN_GCs_Time(ms)], MaxLatency(ns), 342
[MAIN_GCs_Time(ms)], 95thPercentileLatency(ns), 342
[MAIN_GCs_Time(ms)], 99thPercentileLatency(ns), 342
[TRANSACTION], Operations, 12
[TRANSACTION], AverageLatency(ns), 3.4360104277333336E10
[TRANSACTION], MinLatency(ns), 34109652992
[TRANSACTION], MaxLatency(ns), 34712322047
[TRANSACTION], 95thPercentileLatency(ns), 34633940991
[TRANSACTION], 99thPercentileLatency(ns), 34712322047
[GCS_TIME], Operations, 6
[GCS_TIME], AverageLatency(ns), 412.0
[GCS_TIME], MinLatency(ns), 0
[GCS_TIME], MaxLatency(ns), 2283
[GCS_TIME], 95thPercentileLatency(ns), 2283
[GCS_TIME], 99thPercentileLatency(ns), 2283
[LOAD_GCs_Time(ms)], Operations, 12
[LOAD_GCs_Time(ms)], AverageLatency(ns), 2014.8333333333333
[LOAD_GCs_Time(ms)], MinLatency(ns), 1944
[LOAD_GCs_Time(ms)], MaxLatency(ns), 2114
[LOAD_GCs_Time(ms)], 95thPercentileLatency(ns), 2114
[LOAD_GCs_Time(ms)], 99thPercentileLatency(ns), 2114
[READ], Operations, 36000000
[READ], AverageLatency(ns), 9717.030507444444
[READ], MinLatency(ns), 228
[READ], MaxLatency(ns), 120757247
[READ], 95thPercentileLatency(ns), 61401
[READ], 99thPercentileLatency(ns), 74241
[READ], Return=OK, 36000000
[INIT], Operations, 12
[INIT], AverageLatency(ns), 6.311021226666666E8
[INIT], MinLatency(ns), 629248000
[INIT], MaxLatency(ns), 633937919
[INIT], 95thPercentileLatency(ns), 633663487
[INIT], 99thPercentileLatency(ns), 633937919
[GCS], Operations, 6
[GCS], AverageLatency(ns), 6.166666666666667
[GCS], MinLatency(ns), 0
[GCS], MaxLatency(ns), 28
[GCS], 95thPercentileLatency(ns), 28
[GCS], 99thPercentileLatency(ns), 28
[LOAD_GCs_Count], Operations, 12
[LOAD_GCs_Count], AverageLatency(ns), 24.416666666666668
[LOAD_GCs_Count], MinLatency(ns), 24
[LOAD_GCs_Count], MaxLatency(ns), 25
[LOAD_GCs_Count], 95thPercentileLatency(ns), 25
[LOAD_GCs_Count], 99thPercentileLatency(ns), 25
[CLEANUP], Operations, 12
[CLEANUP], AverageLatency(ns), 8.466028373333334E8
[CLEANUP], MinLatency(ns), 510439424
[CLEANUP], MaxLatency(ns), 1067307007
[CLEANUP], 95thPercentileLatency(ns), 1067298815
[CLEANUP], 99thPercentileLatency(ns), 1067307007
[INSERT], Operations, 1000000
[INSERT], AverageLatency(ns), 32718.884723
[INSERT], MinLatency(ns), 1848
[INSERT], MaxLatency(ns), 176275455
[INSERT], 95thPercentileLatency(ns), 29037
[INSERT], 99thPercentileLatency(ns), 66079
[INSERT], Return=OK, 1000000
