/home/anatole/jdk8u/build/linux-x86_64-normal-server-release/jdk/bin/java -Xmx20g -XX:+UseG1GC -classpath /home/anatole/ycsb/conf:/home/anatole/ycsb/core/target/core-0.18.0-SNAPSHOT.jar:/home/anatole/ycsb/core/target/dependency/HdrHistogram-2.1.4.jar:/home/anatole/ycsb/core/target/dependency/guava-18.0.jar:/home/anatole/ycsb/core/target/dependency/htrace-core4-4.1.0-incubating.jar:/home/anatole/ycsb/core/target/dependency/jackson-core-asl-1.9.4.jar:/home/anatole/ycsb/core/target/dependency/jackson-mapper-asl-1.9.4.jar:/home/anatole/ycsb/core/target/dependency/javax.persistence-api-2.2.jar:/home/anatole/ycsb/core/target/dependency/jnvm-1.0-SNAPSHOT.jar:/home/anatole/ycsb/core/target/dependency/pcj-1.0.jar:/home/anatole/ycsb/core/target/dependency/unsafe-helper-1.0.jar:/home/anatole/ycsb/infinispan/src/main/conf:/home/anatole/ycsb/infinispan/target/infinispan-binding-0.18.0-SNAPSHOT.jar:/home/anatole/ycsb/infinispan/target/dependency/caffeine-2.6.2.jar:/home/anatole/ycsb/infinispan/target/dependency/gson-2.8.2.jar:/home/anatole/ycsb/infinispan/target/dependency/guava-18.0.jar:/home/anatole/ycsb/infinispan/target/dependency/infinispan-cachestore-jnvm-1.0-SNAPSHOT.jar:/home/anatole/ycsb/infinispan/target/dependency/infinispan-cachestore-pcj-1.0-SNAPSHOT.jar:/home/anatole/ycsb/infinispan/target/dependency/infinispan-client-hotrod-9.4.20.Final.jar:/home/anatole/ycsb/infinispan/target/dependency/infinispan-commons-9.4.20.Final.jar:/home/anatole/ycsb/infinispan/target/dependency/infinispan-core-9.4.20.Final.jar:/home/anatole/ycsb/infinispan/target/dependency/javax.persistence-api-2.2.jar:/home/anatole/ycsb/infinispan/target/dependency/jboss-logging-3.3.2.Final.jar:/home/anatole/ycsb/infinispan/target/dependency/jboss-marshalling-osgi-2.0.6.Final.jar:/home/anatole/ycsb/infinispan/target/dependency/jboss-transaction-api_1.2_spec-1.1.1.Final.jar:/home/anatole/ycsb/infinispan/target/dependency/jgroups-4.0.21.Final.jar:/home/anatole/ycsb/infinispan/target/dependency/jnvm-1.0-SNAPSHOT.jar:/home/anatole/ycsb/infinispan/target/dependency/metainf-services-1.7.jar:/home/anatole/ycsb/infinispan/target/dependency/netty-buffer-4.1.51.Final.jar:/home/anatole/ycsb/infinispan/target/dependency/netty-codec-4.1.51.Final.jar:/home/anatole/ycsb/infinispan/target/dependency/netty-common-4.1.51.Final.jar:/home/anatole/ycsb/infinispan/target/dependency/netty-handler-4.1.51.Final.jar:/home/anatole/ycsb/infinispan/target/dependency/netty-resolver-4.1.51.Final.jar:/home/anatole/ycsb/infinispan/target/dependency/netty-transport-4.1.51.Final.jar:/home/anatole/ycsb/infinispan/target/dependency/netty-transport-native-epoll-4.1.51.Final-linux-x86_64.jar:/home/anatole/ycsb/infinispan/target/dependency/netty-transport-native-unix-common-4.1.51.Final.jar:/home/anatole/ycsb/infinispan/target/dependency/pcj-1.0.jar:/home/anatole/ycsb/infinispan/target/dependency/reactive-streams-1.0.2.jar:/home/anatole/ycsb/infinispan/target/dependency/rxjava-2.2.4.jar:/home/anatole/ycsb/infinispan/target/dependency/unsafe-helper-1.0.jar site.ycsb.Client -t -db site.ycsb.db.InfinispanJNVMClient -P ../workloads/workloada -preload -s -threads 12 -p dataintegrity=true -p offheap=true -p pcj=false -p recordcount=1000000 -p operationcount=36000000 -p fieldcount=10 -p fieldlength=100 -p requestdistribution=zipfian -p measurement.trackjvm=true -p measurementtype=hdrhistogram -p hdrhistogram.output.path=./out/exp5.concurrent.ref/log/infinispan-jnvm.run.workloada.true.1000000.1.10.100.zipfian.12.false..default.default.none.r1.hdr.log
[OVERALL], RunTime(ms), 52918
[OVERALL], Throughput(ops/sec), 699194.9809138668
[TOTAL_GCS_G1_Young_Generation], Count, 115
[TOTAL_GC_TIME_G1_Young_Generation], Time(ms), 16289
[TOTAL_GC_TIME_%_G1_Young_Generation], Time(%), 30.781586605691825
[TOTAL_GCS_G1_Old_Generation], Count, 0
[TOTAL_GC_TIME_G1_Old_Generation], Time(ms), 0
[TOTAL_GC_TIME_%_G1_Old_Generation], Time(%), 0.0
[TOTAL_GCs], Count, 115
[TOTAL_GC_TIME], Time(ms), 16289
[TOTAL_GC_TIME_%], Time(%), 30.781586605691825
[MAX_MEM_USED], MBs, 5945
[MIN_MEM_USED], MBs, 66
[MAX_THREADS], Count, 18
[MIN_THREADS], Count, 4
[MAX_SYS_LOAD_AVG], Load, 16.8
[MIN_SYS_LOAD_AVG], Load, 10.52
[THREAD_COUNT], Operations, 7
[THREAD_COUNT], AverageLatency(ns), 15.428571428571429
[THREAD_COUNT], MinLatency(ns), 4
[THREAD_COUNT], MaxLatency(ns), 18
[THREAD_COUNT], 95thPercentileLatency(ns), 18
[THREAD_COUNT], 99thPercentileLatency(ns), 18
[SYS_LOAD_AVG], Operations, 7
[SYS_LOAD_AVG], AverageLatency(ns), 13.142857142857142
[SYS_LOAD_AVG], MinLatency(ns), 10
[SYS_LOAD_AVG], MaxLatency(ns), 16
[SYS_LOAD_AVG], 95thPercentileLatency(ns), 16
[SYS_LOAD_AVG], 99thPercentileLatency(ns), 16
[LOAD], Operations, 12
[LOAD], AverageLatency(ns), 1.4633659050666666E10
[LOAD], MinLatency(ns), 14561705984
[LOAD], MaxLatency(ns), 14683865087
[LOAD], 95thPercentileLatency(ns), 14665580543
[LOAD], 99thPercentileLatency(ns), 14683865087
[USED_MEM_MB], Operations, 7
[USED_MEM_MB], AverageLatency(ns), 3797.5714285714284
[USED_MEM_MB], MinLatency(ns), 66
[USED_MEM_MB], MaxLatency(ns), 5945
[USED_MEM_MB], 95thPercentileLatency(ns), 5945
[USED_MEM_MB], 99thPercentileLatency(ns), 5945
[MAIN_GCs_Count], Operations, 12
[MAIN_GCs_Count], AverageLatency(ns), 89.58333333333333
[MAIN_GCs_Count], MinLatency(ns), 89
[MAIN_GCs_Count], MaxLatency(ns), 90
[MAIN_GCs_Count], 95thPercentileLatency(ns), 90
[MAIN_GCs_Count], 99thPercentileLatency(ns), 90
[MAIN_GCs_Time(ms)], Operations, 12
[MAIN_GCs_Time(ms)], AverageLatency(ns), 14345.25
[MAIN_GCs_Time(ms)], MinLatency(ns), 14242
[MAIN_GCs_Time(ms)], MaxLatency(ns), 14419
[MAIN_GCs_Time(ms)], 95thPercentileLatency(ns), 14419
[MAIN_GCs_Time(ms)], 99thPercentileLatency(ns), 14419
[TRANSACTION], Operations, 12
[TRANSACTION], AverageLatency(ns), 3.6050720085333336E10
[TRANSACTION], MinLatency(ns), 35753820160
[TRANSACTION], MaxLatency(ns), 36457676799
[TRANSACTION], 95thPercentileLatency(ns), 36306157567
[TRANSACTION], 99thPercentileLatency(ns), 36457676799
[GCS_TIME], Operations, 7
[GCS_TIME], AverageLatency(ns), 2327.0
[GCS_TIME], MinLatency(ns), 0
[GCS_TIME], MaxLatency(ns), 4063
[GCS_TIME], 95thPercentileLatency(ns), 4063
[GCS_TIME], 99thPercentileLatency(ns), 4063
[LOAD_GCs_Time(ms)], Operations, 12
[LOAD_GCs_Time(ms)], AverageLatency(ns), 1852.0
[LOAD_GCs_Time(ms)], MinLatency(ns), 1852
[LOAD_GCs_Time(ms)], MaxLatency(ns), 1852
[LOAD_GCs_Time(ms)], 95thPercentileLatency(ns), 1852
[LOAD_GCs_Time(ms)], 99thPercentileLatency(ns), 1852
[READ], Operations, 18006779
[READ], AverageLatency(ns), 5161.598018946087
[READ], MinLatency(ns), 191
[READ], MaxLatency(ns), 205034495
[READ], 95thPercentileLatency(ns), 3468
[READ], 99thPercentileLatency(ns), 11609
[READ], Return=OK, 18006779
[INIT], Operations, 12
[INIT], AverageLatency(ns), 1.641592832E9
[INIT], MinLatency(ns), 1640202240
[INIT], MaxLatency(ns), 1644494847
[INIT], 95thPercentileLatency(ns), 1643610111
[INIT], 99thPercentileLatency(ns), 1644494847
[GCS], Operations, 7
[GCS], AverageLatency(ns), 16.428571428571427
[GCS], MinLatency(ns), 0
[GCS], MaxLatency(ns), 25
[GCS], 95thPercentileLatency(ns), 25
[GCS], 99thPercentileLatency(ns), 25
[LOAD_GCs_Count], Operations, 12
[LOAD_GCs_Count], AverageLatency(ns), 24.0
[LOAD_GCs_Count], MinLatency(ns), 24
[LOAD_GCs_Count], MaxLatency(ns), 24
[LOAD_GCs_Count], 95thPercentileLatency(ns), 24
[LOAD_GCs_Count], 99thPercentileLatency(ns), 24
[CLEANUP], Operations, 12
[CLEANUP], AverageLatency(ns), 4.06376484E8
[CLEANUP], MinLatency(ns), 5780384
[CLEANUP], MaxLatency(ns), 667357183
[CLEANUP], 95thPercentileLatency(ns), 667344895
[CLEANUP], 99thPercentileLatency(ns), 667357183
[INSERT], Operations, 1000000
[INSERT], AverageLatency(ns), 68079.32184
[INSERT], MinLatency(ns), 2822
[INSERT], MaxLatency(ns), 181430271
[INSERT], 95thPercentileLatency(ns), 53235
[INSERT], 99thPercentileLatency(ns), 1571719
[INSERT], Return=OK, 1000000
[UPDATE], Operations, 17993221
[UPDATE], AverageLatency(ns), 7326.942841417887
[UPDATE], MinLatency(ns), 263
[UPDATE], MaxLatency(ns), 204266495
[UPDATE], 95thPercentileLatency(ns), 5131
[UPDATE], 99thPercentileLatency(ns), 13767
[UPDATE], Return=OK, 17993221
