/home/anatole/jdk8u/build/linux-x86_64-normal-server-release/jdk/bin/java -Xmx20g -XX:+UseG1GC -classpath /home/anatole/ycsb/conf:/home/anatole/ycsb/core/target/core-0.18.0-SNAPSHOT.jar:/home/anatole/ycsb/core/target/dependency/HdrHistogram-2.1.4.jar:/home/anatole/ycsb/core/target/dependency/guava-18.0.jar:/home/anatole/ycsb/core/target/dependency/htrace-core4-4.1.0-incubating.jar:/home/anatole/ycsb/core/target/dependency/jackson-core-asl-1.9.4.jar:/home/anatole/ycsb/core/target/dependency/jackson-mapper-asl-1.9.4.jar:/home/anatole/ycsb/core/target/dependency/javax.persistence-api-2.2.jar:/home/anatole/ycsb/core/target/dependency/jnvm-1.0-SNAPSHOT.jar:/home/anatole/ycsb/core/target/dependency/pcj-1.0.jar:/home/anatole/ycsb/core/target/dependency/unsafe-helper-1.0.jar:/home/anatole/ycsb/infinispan/src/main/conf:/home/anatole/ycsb/infinispan/target/infinispan-binding-0.18.0-SNAPSHOT.jar:/home/anatole/ycsb/infinispan/target/dependency/caffeine-2.6.2.jar:/home/anatole/ycsb/infinispan/target/dependency/gson-2.8.2.jar:/home/anatole/ycsb/infinispan/target/dependency/guava-18.0.jar:/home/anatole/ycsb/infinispan/target/dependency/infinispan-cachestore-jnvm-1.0-SNAPSHOT.jar:/home/anatole/ycsb/infinispan/target/dependency/infinispan-cachestore-pcj-1.0-SNAPSHOT.jar:/home/anatole/ycsb/infinispan/target/dependency/infinispan-client-hotrod-9.4.20.Final.jar:/home/anatole/ycsb/infinispan/target/dependency/infinispan-commons-9.4.20.Final.jar:/home/anatole/ycsb/infinispan/target/dependency/infinispan-core-9.4.20.Final.jar:/home/anatole/ycsb/infinispan/target/dependency/javax.persistence-api-2.2.jar:/home/anatole/ycsb/infinispan/target/dependency/jboss-logging-3.3.2.Final.jar:/home/anatole/ycsb/infinispan/target/dependency/jboss-marshalling-osgi-2.0.6.Final.jar:/home/anatole/ycsb/infinispan/target/dependency/jboss-transaction-api_1.2_spec-1.1.1.Final.jar:/home/anatole/ycsb/infinispan/target/dependency/jgroups-4.0.21.Final.jar:/home/anatole/ycsb/infinispan/target/dependency/jnvm-1.0-SNAPSHOT.jar:/home/anatole/ycsb/infinispan/target/dependency/metainf-services-1.7.jar:/home/anatole/ycsb/infinispan/target/dependency/netty-buffer-4.1.51.Final.jar:/home/anatole/ycsb/infinispan/target/dependency/netty-codec-4.1.51.Final.jar:/home/anatole/ycsb/infinispan/target/dependency/netty-common-4.1.51.Final.jar:/home/anatole/ycsb/infinispan/target/dependency/netty-handler-4.1.51.Final.jar:/home/anatole/ycsb/infinispan/target/dependency/netty-resolver-4.1.51.Final.jar:/home/anatole/ycsb/infinispan/target/dependency/netty-transport-4.1.51.Final.jar:/home/anatole/ycsb/infinispan/target/dependency/netty-transport-native-epoll-4.1.51.Final-linux-x86_64.jar:/home/anatole/ycsb/infinispan/target/dependency/netty-transport-native-unix-common-4.1.51.Final.jar:/home/anatole/ycsb/infinispan/target/dependency/pcj-1.0.jar:/home/anatole/ycsb/infinispan/target/dependency/reactive-streams-1.0.2.jar:/home/anatole/ycsb/infinispan/target/dependency/rxjava-2.2.4.jar:/home/anatole/ycsb/infinispan/target/dependency/unsafe-helper-1.0.jar site.ycsb.Client -t -db site.ycsb.db.InfinispanClient -P ../workloads/workloada -preload -s -threads 40 -p dataintegrity=true -p offheap=false -p pcj=false -p recordcount=1000000 -p operationcount=60000000 -p fieldcount=10 -p fieldlength=100 -p requestdistribution=zipfian -p measurement.trackjvm=true -p measurementtype=hdrhistogram -p hdrhistogram.output.path=./out/exp5.concurrent.ref/log/infinispan.run.workloada.true.1000000.1000000.10.100.zipfian.40.true..default.default.none.r2.hdr.log
[OVERALL], RunTime(ms), 82166
[OVERALL], Throughput(ops/sec), 742399.5326534089
[TOTAL_GCS_G1_Young_Generation], Count, 179
[TOTAL_GC_TIME_G1_Young_Generation], Time(ms), 30081
[TOTAL_GC_TIME_%_G1_Young_Generation], Time(%), 36.610033347126546
[TOTAL_GCS_G1_Old_Generation], Count, 0
[TOTAL_GC_TIME_G1_Old_Generation], Time(ms), 0
[TOTAL_GC_TIME_%_G1_Old_Generation], Time(%), 0.0
[TOTAL_GCs], Count, 179
[TOTAL_GC_TIME], Time(ms), 30081
[TOTAL_GC_TIME_%], Time(%), 36.610033347126546
[MAX_MEM_USED], MBs, 9532
[MIN_MEM_USED], MBs, 102
[MAX_THREADS], Count, 72
[MIN_THREADS], Count, 3
[MAX_SYS_LOAD_AVG], Load, 25.34
[MIN_SYS_LOAD_AVG], Load, 21.14
[THREAD_COUNT], Operations, 10
[THREAD_COUNT], AverageLatency(ns), 62.0
[THREAD_COUNT], MinLatency(ns), 3
[THREAD_COUNT], MaxLatency(ns), 72
[THREAD_COUNT], 95thPercentileLatency(ns), 72
[THREAD_COUNT], 99thPercentileLatency(ns), 72
[SYS_LOAD_AVG], Operations, 10
[SYS_LOAD_AVG], AverageLatency(ns), 22.7
[SYS_LOAD_AVG], MinLatency(ns), 21
[SYS_LOAD_AVG], MaxLatency(ns), 25
[SYS_LOAD_AVG], 95thPercentileLatency(ns), 25
[SYS_LOAD_AVG], 99thPercentileLatency(ns), 25
[LOAD], Operations, 40
[LOAD], AverageLatency(ns), 6.893715456E9
[LOAD], MinLatency(ns), 6329466880
[LOAD], MaxLatency(ns), 7185367039
[LOAD], 95thPercentileLatency(ns), 7173996543
[LOAD], 99thPercentileLatency(ns), 7185367039
[USED_MEM_MB], Operations, 10
[USED_MEM_MB], AverageLatency(ns), 6970.1
[USED_MEM_MB], MinLatency(ns), 102
[USED_MEM_MB], MaxLatency(ns), 9532
[USED_MEM_MB], 95thPercentileLatency(ns), 9532
[USED_MEM_MB], 99thPercentileLatency(ns), 9532
[MAIN_GCs_Count], Operations, 40
[MAIN_GCs_Count], AverageLatency(ns), 154.375
[MAIN_GCs_Count], MinLatency(ns), 153
[MAIN_GCs_Count], MaxLatency(ns), 155
[MAIN_GCs_Count], 95thPercentileLatency(ns), 155
[MAIN_GCs_Count], 99thPercentileLatency(ns), 155
[MAIN_GCs_Time(ms)], Operations, 40
[MAIN_GCs_Time(ms)], AverageLatency(ns), 27807.225
[MAIN_GCs_Time(ms)], MinLatency(ns), 27570
[MAIN_GCs_Time(ms)], MaxLatency(ns), 27912
[MAIN_GCs_Time(ms)], 95thPercentileLatency(ns), 27912
[MAIN_GCs_Time(ms)], 99thPercentileLatency(ns), 27912
[TRANSACTION], Operations, 40
[TRANSACTION], AverageLatency(ns), 7.30053869568E10
[TRANSACTION], MinLatency(ns), 72367472640
[TRANSACTION], MaxLatency(ns), 73269247999
[TRANSACTION], 95thPercentileLatency(ns), 73260859391
[TRANSACTION], 99thPercentileLatency(ns), 73269247999
[GCS_TIME], Operations, 10
[GCS_TIME], AverageLatency(ns), 3008.1
[GCS_TIME], MinLatency(ns), 0
[GCS_TIME], MaxLatency(ns), 5603
[GCS_TIME], 95thPercentileLatency(ns), 5603
[GCS_TIME], 99thPercentileLatency(ns), 5603
[LOAD_GCs_Time(ms)], Operations, 40
[LOAD_GCs_Time(ms)], AverageLatency(ns), 2040.9
[LOAD_GCs_Time(ms)], MinLatency(ns), 1823
[LOAD_GCs_Time(ms)], MaxLatency(ns), 2144
[LOAD_GCs_Time(ms)], 95thPercentileLatency(ns), 2144
[LOAD_GCs_Time(ms)], 99thPercentileLatency(ns), 2144
[READ], Operations, 29995657
[READ], AverageLatency(ns), 40160.261388607025
[READ], MinLatency(ns), 208
[READ], MaxLatency(ns), 1131151359
[READ], 95thPercentileLatency(ns), 205982
[READ], 99thPercentileLatency(ns), 240220
[READ], Return=OK, 29995657
[INIT], Operations, 40
[INIT], AverageLatency(ns), 5.979511808E8
[INIT], MinLatency(ns), 589139968
[INIT], MaxLatency(ns), 623382527
[INIT], 95thPercentileLatency(ns), 606162943
[INIT], 99thPercentileLatency(ns), 623382527
[GCS], Operations, 10
[GCS], AverageLatency(ns), 17.9
[GCS], MinLatency(ns), 0
[GCS], MaxLatency(ns), 34
[GCS], 95thPercentileLatency(ns), 34
[GCS], 99thPercentileLatency(ns), 34
[LOAD_GCs_Count], Operations, 40
[LOAD_GCs_Count], AverageLatency(ns), 21.35
[LOAD_GCs_Count], MinLatency(ns), 20
[LOAD_GCs_Count], MaxLatency(ns), 22
[LOAD_GCs_Count], 95thPercentileLatency(ns), 22
[LOAD_GCs_Count], 99thPercentileLatency(ns), 22
[CLEANUP], Operations, 40
[CLEANUP], AverageLatency(ns), 1.2025773568E9
[CLEANUP], MinLatency(ns), 939851776
[CLEANUP], MaxLatency(ns), 1807777791
[CLEANUP], 95thPercentileLatency(ns), 1524703231
[CLEANUP], 99thPercentileLatency(ns), 1807777791
[INSERT], Operations, 1000000
[INSERT], AverageLatency(ns), 157412.560149
[INSERT], MinLatency(ns), 1683
[INSERT], MaxLatency(ns), 474478591
[INSERT], 95thPercentileLatency(ns), 111502
[INSERT], 99thPercentileLatency(ns), 973087
[INSERT], Return=OK, 1000000
[UPDATE], Operations, 30004343
[UPDATE], AverageLatency(ns), 48540.052876445254
[UPDATE], MinLatency(ns), 1524
[UPDATE], MaxLatency(ns), 1131241471
[UPDATE], 95thPercentileLatency(ns), 210226
[UPDATE], 99thPercentileLatency(ns), 245491
[UPDATE], Return=OK, 30004343
