/home/anatole/jdk8u/build/linux-x86_64-normal-server-release/jdk/bin/java -Xmx20g -XX:+UseG1GC -classpath /home/anatole/ycsb/conf:/home/anatole/ycsb/core/target/core-0.18.0-SNAPSHOT.jar:/home/anatole/ycsb/core/target/dependency/HdrHistogram-2.1.4.jar:/home/anatole/ycsb/core/target/dependency/guava-18.0.jar:/home/anatole/ycsb/core/target/dependency/htrace-core4-4.1.0-incubating.jar:/home/anatole/ycsb/core/target/dependency/jackson-core-asl-1.9.4.jar:/home/anatole/ycsb/core/target/dependency/jackson-mapper-asl-1.9.4.jar:/home/anatole/ycsb/core/target/dependency/javax.persistence-api-2.2.jar:/home/anatole/ycsb/core/target/dependency/jnvm-1.0-SNAPSHOT.jar:/home/anatole/ycsb/core/target/dependency/pcj-1.0.jar:/home/anatole/ycsb/core/target/dependency/unsafe-helper-1.0.jar:/home/anatole/ycsb/infinispan/src/main/conf:/home/anatole/ycsb/infinispan/target/infinispan-binding-0.18.0-SNAPSHOT.jar:/home/anatole/ycsb/infinispan/target/dependency/caffeine-2.6.2.jar:/home/anatole/ycsb/infinispan/target/dependency/gson-2.8.2.jar:/home/anatole/ycsb/infinispan/target/dependency/guava-18.0.jar:/home/anatole/ycsb/infinispan/target/dependency/infinispan-cachestore-jnvm-1.0-SNAPSHOT.jar:/home/anatole/ycsb/infinispan/target/dependency/infinispan-cachestore-pcj-1.0-SNAPSHOT.jar:/home/anatole/ycsb/infinispan/target/dependency/infinispan-client-hotrod-9.4.20.Final.jar:/home/anatole/ycsb/infinispan/target/dependency/infinispan-commons-9.4.20.Final.jar:/home/anatole/ycsb/infinispan/target/dependency/infinispan-core-9.4.20.Final.jar:/home/anatole/ycsb/infinispan/target/dependency/javax.persistence-api-2.2.jar:/home/anatole/ycsb/infinispan/target/dependency/jboss-logging-3.3.2.Final.jar:/home/anatole/ycsb/infinispan/target/dependency/jboss-marshalling-osgi-2.0.6.Final.jar:/home/anatole/ycsb/infinispan/target/dependency/jboss-transaction-api_1.2_spec-1.1.1.Final.jar:/home/anatole/ycsb/infinispan/target/dependency/jgroups-4.0.21.Final.jar:/home/anatole/ycsb/infinispan/target/dependency/jnvm-1.0-SNAPSHOT.jar:/home/anatole/ycsb/infinispan/target/dependency/metainf-services-1.7.jar:/home/anatole/ycsb/infinispan/target/dependency/netty-buffer-4.1.51.Final.jar:/home/anatole/ycsb/infinispan/target/dependency/netty-codec-4.1.51.Final.jar:/home/anatole/ycsb/infinispan/target/dependency/netty-common-4.1.51.Final.jar:/home/anatole/ycsb/infinispan/target/dependency/netty-handler-4.1.51.Final.jar:/home/anatole/ycsb/infinispan/target/dependency/netty-resolver-4.1.51.Final.jar:/home/anatole/ycsb/infinispan/target/dependency/netty-transport-4.1.51.Final.jar:/home/anatole/ycsb/infinispan/target/dependency/netty-transport-native-epoll-4.1.51.Final-linux-x86_64.jar:/home/anatole/ycsb/infinispan/target/dependency/netty-transport-native-unix-common-4.1.51.Final.jar:/home/anatole/ycsb/infinispan/target/dependency/pcj-1.0.jar:/home/anatole/ycsb/infinispan/target/dependency/reactive-streams-1.0.2.jar:/home/anatole/ycsb/infinispan/target/dependency/rxjava-2.2.4.jar:/home/anatole/ycsb/infinispan/target/dependency/unsafe-helper-1.0.jar site.ycsb.Client -t -db site.ycsb.db.InfinispanClient -P ../workloads/workloada -preload -s -threads 12 -p dataintegrity=true -p offheap=false -p pcj=false -p recordcount=1000000 -p operationcount=60000000 -p fieldcount=10 -p fieldlength=100 -p requestdistribution=zipfian -p measurement.trackjvm=true -p measurementtype=hdrhistogram -p hdrhistogram.output.path=./out/exp5.concurrent.ref/log/infinispan.run.workloada.true.1000000.1000000.10.100.zipfian.12.false.true.default.default.volatile.r6.hdr.log
[OVERALL], RunTime(ms), 72537
[OVERALL], Throughput(ops/sec), 840950.1357927679
[TOTAL_GCS_G1_Young_Generation], Count, 164
[TOTAL_GC_TIME_G1_Young_Generation], Time(ms), 27496
[TOTAL_GC_TIME_%_G1_Young_Generation], Time(%), 37.90617202255401
[TOTAL_GCS_G1_Old_Generation], Count, 0
[TOTAL_GC_TIME_G1_Old_Generation], Time(ms), 0
[TOTAL_GC_TIME_%_G1_Old_Generation], Time(%), 0.0
[TOTAL_GCs], Count, 164
[TOTAL_GC_TIME], Time(ms), 27496
[TOTAL_GC_TIME_%], Time(%), 37.90617202255401
[MAX_MEM_USED], MBs, 9583
[MIN_MEM_USED], MBs, 66
[MAX_THREADS], Count, 43
[MIN_THREADS], Count, 4
[MAX_SYS_LOAD_AVG], Load, 21.76
[MIN_SYS_LOAD_AVG], Load, 20.6
[THREAD_COUNT], Operations, 9
[THREAD_COUNT], AverageLatency(ns), 35.44444444444444
[THREAD_COUNT], MinLatency(ns), 4
[THREAD_COUNT], MaxLatency(ns), 43
[THREAD_COUNT], 95thPercentileLatency(ns), 43
[THREAD_COUNT], 99thPercentileLatency(ns), 43
[SYS_LOAD_AVG], Operations, 9
[SYS_LOAD_AVG], AverageLatency(ns), 20.77777777777778
[SYS_LOAD_AVG], MinLatency(ns), 20
[SYS_LOAD_AVG], MaxLatency(ns), 21
[SYS_LOAD_AVG], 95thPercentileLatency(ns), 21
[SYS_LOAD_AVG], 99thPercentileLatency(ns), 21
[LOAD], Operations, 12
[LOAD], AverageLatency(ns), 5.54840064E9
[LOAD], MinLatency(ns), 5302779904
[LOAD], MaxLatency(ns), 5599363071
[LOAD], 95thPercentileLatency(ns), 5598117887
[LOAD], 99thPercentileLatency(ns), 5599363071
[USED_MEM_MB], Operations, 9
[USED_MEM_MB], AverageLatency(ns), 6936.444444444444
[USED_MEM_MB], MinLatency(ns), 66
[USED_MEM_MB], MaxLatency(ns), 9583
[USED_MEM_MB], 95thPercentileLatency(ns), 9583
[USED_MEM_MB], 99thPercentileLatency(ns), 9583
[MAIN_GCs_Count], Operations, 12
[MAIN_GCs_Count], AverageLatency(ns), 136.0
[MAIN_GCs_Count], MinLatency(ns), 132
[MAIN_GCs_Count], MaxLatency(ns), 138
[MAIN_GCs_Count], 95thPercentileLatency(ns), 138
[MAIN_GCs_Count], 99thPercentileLatency(ns), 138
[MAIN_GCs_Time(ms)], Operations, 12
[MAIN_GCs_Time(ms)], AverageLatency(ns), 25074.416666666668
[MAIN_GCs_Time(ms)], MinLatency(ns), 24422
[MAIN_GCs_Time(ms)], MaxLatency(ns), 25402
[MAIN_GCs_Time(ms)], 95thPercentileLatency(ns), 25402
[MAIN_GCs_Time(ms)], 99thPercentileLatency(ns), 25402
[TRANSACTION], Operations, 12
[TRANSACTION], AverageLatency(ns), 6.4627190442666664E10
[TRANSACTION], MinLatency(ns), 62836965376
[TRANSACTION], MaxLatency(ns), 65768259583
[TRANSACTION], 95thPercentileLatency(ns), 65623293951
[TRANSACTION], 99thPercentileLatency(ns), 65768259583
[GCS_TIME], Operations, 9
[GCS_TIME], AverageLatency(ns), 3055.1111111111113
[GCS_TIME], MinLatency(ns), 0
[GCS_TIME], MaxLatency(ns), 4861
[GCS_TIME], 95thPercentileLatency(ns), 4861
[GCS_TIME], 99thPercentileLatency(ns), 4861
[LOAD_GCs_Time(ms)], Operations, 12
[LOAD_GCs_Time(ms)], AverageLatency(ns), 2060.1666666666665
[LOAD_GCs_Time(ms)], MinLatency(ns), 1908
[LOAD_GCs_Time(ms)], MaxLatency(ns), 2074
[LOAD_GCs_Time(ms)], 95thPercentileLatency(ns), 2074
[LOAD_GCs_Time(ms)], 99thPercentileLatency(ns), 2074
[READ], Operations, 30003697
[READ], AverageLatency(ns), 6110.863711895237
[READ], MinLatency(ns), 202
[READ], MaxLatency(ns), 874868735
[READ], 95thPercentileLatency(ns), 24557
[READ], 99thPercentileLatency(ns), 36085
[READ], Return=OK, 30003697
[INIT], Operations, 12
[INIT], AverageLatency(ns), 6.03188224E8
[INIT], MinLatency(ns), 600911872
[INIT], MaxLatency(ns), 605806591
[INIT], 95thPercentileLatency(ns), 605790207
[INIT], 99thPercentileLatency(ns), 605806591
[GCS], Operations, 9
[GCS], AverageLatency(ns), 18.22222222222222
[GCS], MinLatency(ns), 0
[GCS], MaxLatency(ns), 39
[GCS], 95thPercentileLatency(ns), 39
[GCS], 99thPercentileLatency(ns), 39
[LOAD_GCs_Count], Operations, 12
[LOAD_GCs_Count], AverageLatency(ns), 24.916666666666668
[LOAD_GCs_Count], MinLatency(ns), 24
[LOAD_GCs_Count], MaxLatency(ns), 25
[LOAD_GCs_Count], 95thPercentileLatency(ns), 25
[LOAD_GCs_Count], 99thPercentileLatency(ns), 25
[CLEANUP], Operations, 12
[CLEANUP], AverageLatency(ns), 1.621983488E9
[CLEANUP], MinLatency(ns), 484999168
[CLEANUP], MaxLatency(ns), 3389685759
[CLEANUP], 95thPercentileLatency(ns), 3010756607
[CLEANUP], 99thPercentileLatency(ns), 3389685759
[INSERT], Operations, 1000000
[INSERT], AverageLatency(ns), 19531.361123
[INSERT], MinLatency(ns), 1261
[INSERT], MaxLatency(ns), 177139711
[INSERT], 95thPercentileLatency(ns), 21239
[INSERT], 99thPercentileLatency(ns), 49868
[INSERT], Return=OK, 1000000
[UPDATE], Operations, 29996303
[UPDATE], AverageLatency(ns), 13242.226028420902
[UPDATE], MinLatency(ns), 1172
[UPDATE], MaxLatency(ns), 1175158783
[UPDATE], 95thPercentileLatency(ns), 29906
[UPDATE], 99thPercentileLatency(ns), 44419
[UPDATE], Return=OK, 29996303
