/home/anatole/jdk8u/build/linux-x86_64-normal-server-release/jdk/bin/java -Xmx20g -XX:+UseG1GC -classpath /home/anatole/ycsb/conf:/home/anatole/ycsb/core/target/core-0.18.0-SNAPSHOT.jar:/home/anatole/ycsb/core/target/dependency/HdrHistogram-2.1.4.jar:/home/anatole/ycsb/core/target/dependency/guava-18.0.jar:/home/anatole/ycsb/core/target/dependency/htrace-core4-4.1.0-incubating.jar:/home/anatole/ycsb/core/target/dependency/jackson-core-asl-1.9.4.jar:/home/anatole/ycsb/core/target/dependency/jackson-mapper-asl-1.9.4.jar:/home/anatole/ycsb/core/target/dependency/javax.persistence-api-2.2.jar:/home/anatole/ycsb/core/target/dependency/jnvm-1.0-SNAPSHOT.jar:/home/anatole/ycsb/core/target/dependency/pcj-1.0.jar:/home/anatole/ycsb/core/target/dependency/unsafe-helper-1.0.jar:/home/anatole/ycsb/infinispan/src/main/conf:/home/anatole/ycsb/infinispan/target/infinispan-binding-0.18.0-SNAPSHOT.jar:/home/anatole/ycsb/infinispan/target/dependency/caffeine-2.6.2.jar:/home/anatole/ycsb/infinispan/target/dependency/gson-2.8.2.jar:/home/anatole/ycsb/infinispan/target/dependency/guava-18.0.jar:/home/anatole/ycsb/infinispan/target/dependency/infinispan-cachestore-jnvm-1.0-SNAPSHOT.jar:/home/anatole/ycsb/infinispan/target/dependency/infinispan-cachestore-pcj-1.0-SNAPSHOT.jar:/home/anatole/ycsb/infinispan/target/dependency/infinispan-client-hotrod-9.4.20.Final.jar:/home/anatole/ycsb/infinispan/target/dependency/infinispan-commons-9.4.20.Final.jar:/home/anatole/ycsb/infinispan/target/dependency/infinispan-core-9.4.20.Final.jar:/home/anatole/ycsb/infinispan/target/dependency/javax.persistence-api-2.2.jar:/home/anatole/ycsb/infinispan/target/dependency/jboss-logging-3.3.2.Final.jar:/home/anatole/ycsb/infinispan/target/dependency/jboss-marshalling-osgi-2.0.6.Final.jar:/home/anatole/ycsb/infinispan/target/dependency/jboss-transaction-api_1.2_spec-1.1.1.Final.jar:/home/anatole/ycsb/infinispan/target/dependency/jgroups-4.0.21.Final.jar:/home/anatole/ycsb/infinispan/target/dependency/jnvm-1.0-SNAPSHOT.jar:/home/anatole/ycsb/infinispan/target/dependency/metainf-services-1.7.jar:/home/anatole/ycsb/infinispan/target/dependency/netty-buffer-4.1.51.Final.jar:/home/anatole/ycsb/infinispan/target/dependency/netty-codec-4.1.51.Final.jar:/home/anatole/ycsb/infinispan/target/dependency/netty-common-4.1.51.Final.jar:/home/anatole/ycsb/infinispan/target/dependency/netty-handler-4.1.51.Final.jar:/home/anatole/ycsb/infinispan/target/dependency/netty-resolver-4.1.51.Final.jar:/home/anatole/ycsb/infinispan/target/dependency/netty-transport-4.1.51.Final.jar:/home/anatole/ycsb/infinispan/target/dependency/netty-transport-native-epoll-4.1.51.Final-linux-x86_64.jar:/home/anatole/ycsb/infinispan/target/dependency/netty-transport-native-unix-common-4.1.51.Final.jar:/home/anatole/ycsb/infinispan/target/dependency/pcj-1.0.jar:/home/anatole/ycsb/infinispan/target/dependency/reactive-streams-1.0.2.jar:/home/anatole/ycsb/infinispan/target/dependency/rxjava-2.2.4.jar:/home/anatole/ycsb/infinispan/target/dependency/unsafe-helper-1.0.jar site.ycsb.Client -t -db site.ycsb.db.InfinispanClient -P ../workloads/workloadc -preload -s -threads 16 -p dataintegrity=true -p offheap=false -p pcj=false -p recordcount=1000000 -p operationcount=48000000 -p fieldcount=10 -p fieldlength=100 -p requestdistribution=zipfian -p measurement.trackjvm=true -p measurementtype=hdrhistogram -p hdrhistogram.output.path=./out/exp5.concurrent.ref/log/infinispan.run.workloadc.true.1000000.100000.10.100.zipfian.16.false..default.default.none.r1.hdr.log
[OVERALL], RunTime(ms), 249535
[OVERALL], Throughput(ops/sec), 196365.23934518202
[TOTAL_GCS_G1_Young_Generation], Count, 80
[TOTAL_GC_TIME_G1_Young_Generation], Time(ms), 6315
[TOTAL_GC_TIME_%_G1_Young_Generation], Time(%), 2.530707115234336
[TOTAL_GCS_G1_Old_Generation], Count, 0
[TOTAL_GC_TIME_G1_Old_Generation], Time(ms), 0
[TOTAL_GC_TIME_%_G1_Old_Generation], Time(%), 0.0
[TOTAL_GCs], Count, 80
[TOTAL_GC_TIME], Time(ms), 6315
[TOTAL_GC_TIME_%], Time(%), 2.530707115234336
[MAX_MEM_USED], MBs, 11304
[MIN_MEM_USED], MBs, 76
[MAX_THREADS], Count, 22
[MIN_THREADS], Count, 2
[MAX_SYS_LOAD_AVG], Load, 19.77
[MIN_SYS_LOAD_AVG], Load, 9.76
[THREAD_COUNT], Operations, 26
[THREAD_COUNT], AverageLatency(ns), 20.076923076923077
[THREAD_COUNT], MinLatency(ns), 2
[THREAD_COUNT], MaxLatency(ns), 22
[THREAD_COUNT], 95thPercentileLatency(ns), 22
[THREAD_COUNT], 99thPercentileLatency(ns), 22
[SYS_LOAD_AVG], Operations, 26
[SYS_LOAD_AVG], AverageLatency(ns), 12.384615384615385
[SYS_LOAD_AVG], MinLatency(ns), 9
[SYS_LOAD_AVG], MaxLatency(ns), 19
[SYS_LOAD_AVG], 95thPercentileLatency(ns), 19
[SYS_LOAD_AVG], 99thPercentileLatency(ns), 19
[LOAD], Operations, 16
[LOAD], AverageLatency(ns), 1.298223104E10
[LOAD], MinLatency(ns), 12259753984
[LOAD], MaxLatency(ns), 13358137343
[LOAD], 95thPercentileLatency(ns), 13351518207
[LOAD], 99thPercentileLatency(ns), 13358137343
[USED_MEM_MB], Operations, 26
[USED_MEM_MB], AverageLatency(ns), 6685.807692307692
[USED_MEM_MB], MinLatency(ns), 76
[USED_MEM_MB], MaxLatency(ns), 11304
[USED_MEM_MB], 95thPercentileLatency(ns), 11201
[USED_MEM_MB], 99thPercentileLatency(ns), 11304
[MAIN_GCs_Count], Operations, 16
[MAIN_GCs_Count], AverageLatency(ns), 60.9375
[MAIN_GCs_Count], MinLatency(ns), 60
[MAIN_GCs_Count], MaxLatency(ns), 61
[MAIN_GCs_Count], 95thPercentileLatency(ns), 61
[MAIN_GCs_Count], 99thPercentileLatency(ns), 61
[MAIN_GCs_Time(ms)], Operations, 16
[MAIN_GCs_Time(ms)], AverageLatency(ns), 5520.3125
[MAIN_GCs_Time(ms)], MinLatency(ns), 5435
[MAIN_GCs_Time(ms)], MaxLatency(ns), 5526
[MAIN_GCs_Time(ms)], 95thPercentileLatency(ns), 5526
[MAIN_GCs_Time(ms)], 99thPercentileLatency(ns), 5526
[TRANSACTION], Operations, 16
[TRANSACTION], AverageLatency(ns), 2.34349133824E11
[TRANSACTION], MinLatency(ns), 231806599168
[TRANSACTION], MaxLatency(ns), 235340300287
[TRANSACTION], 95thPercentileLatency(ns), 235003707391
[TRANSACTION], 99thPercentileLatency(ns), 235340300287
[GCS_TIME], Operations, 26
[GCS_TIME], AverageLatency(ns), 242.8846153846154
[GCS_TIME], MinLatency(ns), 0
[GCS_TIME], MaxLatency(ns), 702
[GCS_TIME], 95thPercentileLatency(ns), 582
[GCS_TIME], 99thPercentileLatency(ns), 702
[LOAD_GCs_Time(ms)], Operations, 16
[LOAD_GCs_Time(ms)], AverageLatency(ns), 771.0
[LOAD_GCs_Time(ms)], MinLatency(ns), 771
[LOAD_GCs_Time(ms)], MaxLatency(ns), 771
[LOAD_GCs_Time(ms)], 95thPercentileLatency(ns), 771
[LOAD_GCs_Time(ms)], 99thPercentileLatency(ns), 771
[READ], Operations, 48000000
[READ], AverageLatency(ns), 76873.93349225
[READ], MinLatency(ns), 179
[READ], MaxLatency(ns), 185039871
[READ], 95thPercentileLatency(ns), 245684
[READ], 99thPercentileLatency(ns), 326759
[READ], Return=OK, 48000000
[INIT], Operations, 16
[INIT], AverageLatency(ns), 6.20400128E8
[INIT], MinLatency(ns), 617537536
[INIT], MaxLatency(ns), 623755263
[INIT], 95thPercentileLatency(ns), 623652863
[INIT], 99thPercentileLatency(ns), 623755263
[GCS], Operations, 26
[GCS], AverageLatency(ns), 3.076923076923077
[GCS], MinLatency(ns), 0
[GCS], MaxLatency(ns), 18
[GCS], 95thPercentileLatency(ns), 4
[GCS], 99thPercentileLatency(ns), 18
[LOAD_GCs_Count], Operations, 16
[LOAD_GCs_Count], AverageLatency(ns), 18.0
[LOAD_GCs_Count], MinLatency(ns), 18
[LOAD_GCs_Count], MaxLatency(ns), 18
[LOAD_GCs_Count], 95thPercentileLatency(ns), 18
[LOAD_GCs_Count], 99thPercentileLatency(ns), 18
[CLEANUP], Operations, 16
[CLEANUP], AverageLatency(ns), 1.05203252E9
[CLEANUP], MinLatency(ns), 62060544
[CLEANUP], MaxLatency(ns), 3576217599
[CLEANUP], 95thPercentileLatency(ns), 2044665855
[CLEANUP], 99thPercentileLatency(ns), 3576217599
[INSERT], Operations, 1000000
[INSERT], AverageLatency(ns), 193133.895682
[INSERT], MinLatency(ns), 27537
[INSERT], MaxLatency(ns), 628269055
[INSERT], 95thPercentileLatency(ns), 208646
[INSERT], 99thPercentileLatency(ns), 330179
[INSERT], Return=OK, 1000000
