/home/anatole/jdk8u/build/linux-x86_64-normal-server-release/jdk/bin/java -Xmx20g -XX:+UseG1GC -classpath /home/anatole/ycsb/conf:/home/anatole/ycsb/core/target/core-0.18.0-SNAPSHOT.jar:/home/anatole/ycsb/core/target/dependency/HdrHistogram-2.1.4.jar:/home/anatole/ycsb/core/target/dependency/guava-18.0.jar:/home/anatole/ycsb/core/target/dependency/htrace-core4-4.1.0-incubating.jar:/home/anatole/ycsb/core/target/dependency/jackson-core-asl-1.9.4.jar:/home/anatole/ycsb/core/target/dependency/jackson-mapper-asl-1.9.4.jar:/home/anatole/ycsb/core/target/dependency/javax.persistence-api-2.2.jar:/home/anatole/ycsb/core/target/dependency/jnvm-1.0-SNAPSHOT.jar:/home/anatole/ycsb/core/target/dependency/pcj-1.0.jar:/home/anatole/ycsb/core/target/dependency/unsafe-helper-1.0.jar:/home/anatole/ycsb/infinispan/src/main/conf:/home/anatole/ycsb/infinispan/target/infinispan-binding-0.18.0-SNAPSHOT.jar:/home/anatole/ycsb/infinispan/target/dependency/caffeine-2.6.2.jar:/home/anatole/ycsb/infinispan/target/dependency/gson-2.8.2.jar:/home/anatole/ycsb/infinispan/target/dependency/guava-18.0.jar:/home/anatole/ycsb/infinispan/target/dependency/infinispan-cachestore-jnvm-1.0-SNAPSHOT.jar:/home/anatole/ycsb/infinispan/target/dependency/infinispan-cachestore-pcj-1.0-SNAPSHOT.jar:/home/anatole/ycsb/infinispan/target/dependency/infinispan-client-hotrod-9.4.20.Final.jar:/home/anatole/ycsb/infinispan/target/dependency/infinispan-commons-9.4.20.Final.jar:/home/anatole/ycsb/infinispan/target/dependency/infinispan-core-9.4.20.Final.jar:/home/anatole/ycsb/infinispan/target/dependency/javax.persistence-api-2.2.jar:/home/anatole/ycsb/infinispan/target/dependency/jboss-logging-3.3.2.Final.jar:/home/anatole/ycsb/infinispan/target/dependency/jboss-marshalling-osgi-2.0.6.Final.jar:/home/anatole/ycsb/infinispan/target/dependency/jboss-transaction-api_1.2_spec-1.1.1.Final.jar:/home/anatole/ycsb/infinispan/target/dependency/jgroups-4.0.21.Final.jar:/home/anatole/ycsb/infinispan/target/dependency/jnvm-1.0-SNAPSHOT.jar:/home/anatole/ycsb/infinispan/target/dependency/metainf-services-1.7.jar:/home/anatole/ycsb/infinispan/target/dependency/netty-buffer-4.1.51.Final.jar:/home/anatole/ycsb/infinispan/target/dependency/netty-codec-4.1.51.Final.jar:/home/anatole/ycsb/infinispan/target/dependency/netty-common-4.1.51.Final.jar:/home/anatole/ycsb/infinispan/target/dependency/netty-handler-4.1.51.Final.jar:/home/anatole/ycsb/infinispan/target/dependency/netty-resolver-4.1.51.Final.jar:/home/anatole/ycsb/infinispan/target/dependency/netty-transport-4.1.51.Final.jar:/home/anatole/ycsb/infinispan/target/dependency/netty-transport-native-epoll-4.1.51.Final-linux-x86_64.jar:/home/anatole/ycsb/infinispan/target/dependency/netty-transport-native-unix-common-4.1.51.Final.jar:/home/anatole/ycsb/infinispan/target/dependency/pcj-1.0.jar:/home/anatole/ycsb/infinispan/target/dependency/reactive-streams-1.0.2.jar:/home/anatole/ycsb/infinispan/target/dependency/rxjava-2.2.4.jar:/home/anatole/ycsb/infinispan/target/dependency/unsafe-helper-1.0.jar site.ycsb.Client -t -db site.ycsb.db.InfinispanClient -P ../workloads/workloadc -preload -s -threads 12 -p dataintegrity=true -p offheap=false -p pcj=false -p recordcount=1000000 -p operationcount=36000000 -p fieldcount=10 -p fieldlength=100 -p requestdistribution=zipfian -p measurement.trackjvm=true -p measurementtype=hdrhistogram -p hdrhistogram.output.path=./out/exp5.concurrent.ref/log/infinispan.run.workloadc.true.1000000.100000.10.100.zipfian.12.false..default.default.none.r5.hdr.log
[OVERALL], RunTime(ms), 162893
[OVERALL], Throughput(ops/sec), 227142.97115284266
[TOTAL_GCS_G1_Young_Generation], Count, 65
[TOTAL_GC_TIME_G1_Young_Generation], Time(ms), 5071
[TOTAL_GC_TIME_%_G1_Young_Generation], Time(%), 3.113086504638014
[TOTAL_GCS_G1_Old_Generation], Count, 0
[TOTAL_GC_TIME_G1_Old_Generation], Time(ms), 0
[TOTAL_GC_TIME_%_G1_Old_Generation], Time(%), 0.0
[TOTAL_GCs], Count, 65
[TOTAL_GC_TIME], Time(ms), 5071
[TOTAL_GC_TIME_%], Time(%), 3.113086504638014
[MAX_MEM_USED], MBs, 10921
[MIN_MEM_USED], MBs, 68
[MAX_THREADS], Count, 18
[MIN_THREADS], Count, 2
[MAX_SYS_LOAD_AVG], Load, 13.24
[MIN_SYS_LOAD_AVG], Load, 9.71
[THREAD_COUNT], Operations, 18
[THREAD_COUNT], AverageLatency(ns), 16.333333333333332
[THREAD_COUNT], MinLatency(ns), 2
[THREAD_COUNT], MaxLatency(ns), 18
[THREAD_COUNT], 95thPercentileLatency(ns), 18
[THREAD_COUNT], 99thPercentileLatency(ns), 18
[SYS_LOAD_AVG], Operations, 18
[SYS_LOAD_AVG], AverageLatency(ns), 10.38888888888889
[SYS_LOAD_AVG], MinLatency(ns), 9
[SYS_LOAD_AVG], MaxLatency(ns), 13
[SYS_LOAD_AVG], 95thPercentileLatency(ns), 12
[SYS_LOAD_AVG], 99thPercentileLatency(ns), 13
[LOAD], Operations, 12
[LOAD], AverageLatency(ns), 1.3014046037333334E10
[LOAD], MinLatency(ns), 12673548288
[LOAD], MaxLatency(ns), 13265076223
[LOAD], 95thPercentileLatency(ns), 13193445375
[LOAD], 99thPercentileLatency(ns), 13265076223
[USED_MEM_MB], Operations, 18
[USED_MEM_MB], AverageLatency(ns), 6148.888888888889
[USED_MEM_MB], MinLatency(ns), 68
[USED_MEM_MB], MaxLatency(ns), 10921
[USED_MEM_MB], 95thPercentileLatency(ns), 10666
[USED_MEM_MB], 99thPercentileLatency(ns), 10921
[MAIN_GCs_Count], Operations, 12
[MAIN_GCs_Count], AverageLatency(ns), 46.0
[MAIN_GCs_Count], MinLatency(ns), 46
[MAIN_GCs_Count], MaxLatency(ns), 46
[MAIN_GCs_Count], 95thPercentileLatency(ns), 46
[MAIN_GCs_Count], 99thPercentileLatency(ns), 46
[MAIN_GCs_Time(ms)], Operations, 12
[MAIN_GCs_Time(ms)], AverageLatency(ns), 4187.0
[MAIN_GCs_Time(ms)], MinLatency(ns), 4187
[MAIN_GCs_Time(ms)], MaxLatency(ns), 4187
[MAIN_GCs_Time(ms)], 95thPercentileLatency(ns), 4187
[MAIN_GCs_Time(ms)], 99thPercentileLatency(ns), 4187
[TRANSACTION], Operations, 12
[TRANSACTION], AverageLatency(ns), 1.4825361681066666E11
[TRANSACTION], MinLatency(ns), 147521011712
[TRANSACTION], MaxLatency(ns), 148801323007
[TRANSACTION], 95thPercentileLatency(ns), 148790837247
[TRANSACTION], 99thPercentileLatency(ns), 148801323007
[GCS_TIME], Operations, 18
[GCS_TIME], AverageLatency(ns), 281.72222222222223
[GCS_TIME], MinLatency(ns), 0
[GCS_TIME], MaxLatency(ns), 822
[GCS_TIME], 95thPercentileLatency(ns), 541
[GCS_TIME], 99thPercentileLatency(ns), 822
[LOAD_GCs_Time(ms)], Operations, 12
[LOAD_GCs_Time(ms)], AverageLatency(ns), 867.0
[LOAD_GCs_Time(ms)], MinLatency(ns), 867
[LOAD_GCs_Time(ms)], MaxLatency(ns), 867
[LOAD_GCs_Time(ms)], 95thPercentileLatency(ns), 867
[LOAD_GCs_Time(ms)], 99thPercentileLatency(ns), 867
[READ], Operations, 36000000
[READ], AverageLatency(ns), 48279.808280916666
[READ], MinLatency(ns), 199
[READ], MaxLatency(ns), 190840831
[READ], 95thPercentileLatency(ns), 145151
[READ], 99thPercentileLatency(ns), 185352
[READ], Return=OK, 36000000
[INIT], Operations, 12
[INIT], AverageLatency(ns), 6.446697813333334E8
[INIT], MinLatency(ns), 642789376
[INIT], MaxLatency(ns), 647352319
[INIT], 95thPercentileLatency(ns), 647241727
[INIT], 99thPercentileLatency(ns), 647352319
[GCS], Operations, 18
[GCS], AverageLatency(ns), 3.611111111111111
[GCS], MinLatency(ns), 0
[GCS], MaxLatency(ns), 18
[GCS], 95thPercentileLatency(ns), 4
[GCS], 99thPercentileLatency(ns), 18
[LOAD_GCs_Count], Operations, 12
[LOAD_GCs_Count], AverageLatency(ns), 18.0
[LOAD_GCs_Count], MinLatency(ns), 18
[LOAD_GCs_Count], MaxLatency(ns), 18
[LOAD_GCs_Count], 95thPercentileLatency(ns), 18
[LOAD_GCs_Count], 99thPercentileLatency(ns), 18
[CLEANUP], Operations, 12
[CLEANUP], AverageLatency(ns), 6.060760426666666E8
[CLEANUP], MinLatency(ns), 60848640
[CLEANUP], MaxLatency(ns), 1320943615
[CLEANUP], 95thPercentileLatency(ns), 1059344383
[CLEANUP], 99thPercentileLatency(ns), 1320943615
[INSERT], Operations, 1000000
[INSERT], AverageLatency(ns), 143042.117989
[INSERT], MinLatency(ns), 24238
[INSERT], MaxLatency(ns), 393041919
[INSERT], 95thPercentileLatency(ns), 152307
[INSERT], 99thPercentileLatency(ns), 221164
[INSERT], Return=OK, 1000000
