/home/anatole/jdk8u/build/linux-x86_64-normal-server-release/jdk/bin/java -Xmx20g -XX:+UseG1GC -classpath /home/anatole/ycsb/conf:/home/anatole/ycsb/core/target/core-0.18.0-SNAPSHOT.jar:/home/anatole/ycsb/core/target/dependency/HdrHistogram-2.1.4.jar:/home/anatole/ycsb/core/target/dependency/guava-18.0.jar:/home/anatole/ycsb/core/target/dependency/htrace-core4-4.1.0-incubating.jar:/home/anatole/ycsb/core/target/dependency/jackson-core-asl-1.9.4.jar:/home/anatole/ycsb/core/target/dependency/jackson-mapper-asl-1.9.4.jar:/home/anatole/ycsb/core/target/dependency/javax.persistence-api-2.2.jar:/home/anatole/ycsb/core/target/dependency/jnvm-1.0-SNAPSHOT.jar:/home/anatole/ycsb/core/target/dependency/pcj-1.0.jar:/home/anatole/ycsb/core/target/dependency/unsafe-helper-1.0.jar:/home/anatole/ycsb/infinispan/src/main/conf:/home/anatole/ycsb/infinispan/target/infinispan-binding-0.18.0-SNAPSHOT.jar:/home/anatole/ycsb/infinispan/target/dependency/caffeine-2.6.2.jar:/home/anatole/ycsb/infinispan/target/dependency/gson-2.8.2.jar:/home/anatole/ycsb/infinispan/target/dependency/guava-18.0.jar:/home/anatole/ycsb/infinispan/target/dependency/infinispan-cachestore-jnvm-1.0-SNAPSHOT.jar:/home/anatole/ycsb/infinispan/target/dependency/infinispan-cachestore-pcj-1.0-SNAPSHOT.jar:/home/anatole/ycsb/infinispan/target/dependency/infinispan-client-hotrod-9.4.20.Final.jar:/home/anatole/ycsb/infinispan/target/dependency/infinispan-commons-9.4.20.Final.jar:/home/anatole/ycsb/infinispan/target/dependency/infinispan-core-9.4.20.Final.jar:/home/anatole/ycsb/infinispan/target/dependency/javax.persistence-api-2.2.jar:/home/anatole/ycsb/infinispan/target/dependency/jboss-logging-3.3.2.Final.jar:/home/anatole/ycsb/infinispan/target/dependency/jboss-marshalling-osgi-2.0.6.Final.jar:/home/anatole/ycsb/infinispan/target/dependency/jboss-transaction-api_1.2_spec-1.1.1.Final.jar:/home/anatole/ycsb/infinispan/target/dependency/jgroups-4.0.21.Final.jar:/home/anatole/ycsb/infinispan/target/dependency/jnvm-1.0-SNAPSHOT.jar:/home/anatole/ycsb/infinispan/target/dependency/metainf-services-1.7.jar:/home/anatole/ycsb/infinispan/target/dependency/netty-buffer-4.1.51.Final.jar:/home/anatole/ycsb/infinispan/target/dependency/netty-codec-4.1.51.Final.jar:/home/anatole/ycsb/infinispan/target/dependency/netty-common-4.1.51.Final.jar:/home/anatole/ycsb/infinispan/target/dependency/netty-handler-4.1.51.Final.jar:/home/anatole/ycsb/infinispan/target/dependency/netty-resolver-4.1.51.Final.jar:/home/anatole/ycsb/infinispan/target/dependency/netty-transport-4.1.51.Final.jar:/home/anatole/ycsb/infinispan/target/dependency/netty-transport-native-epoll-4.1.51.Final-linux-x86_64.jar:/home/anatole/ycsb/infinispan/target/dependency/netty-transport-native-unix-common-4.1.51.Final.jar:/home/anatole/ycsb/infinispan/target/dependency/pcj-1.0.jar:/home/anatole/ycsb/infinispan/target/dependency/reactive-streams-1.0.2.jar:/home/anatole/ycsb/infinispan/target/dependency/rxjava-2.2.4.jar:/home/anatole/ycsb/infinispan/target/dependency/unsafe-helper-1.0.jar site.ycsb.Client -t -db site.ycsb.db.InfinispanClient -P ../workloads/workloada -preload -s -threads 28 -p dataintegrity=true -p offheap=false -p pcj=false -p recordcount=1000000 -p operationcount=60000000 -p fieldcount=10 -p fieldlength=100 -p requestdistribution=zipfian -p measurement.trackjvm=true -p measurementtype=hdrhistogram -p hdrhistogram.output.path=./out/exp5.concurrent.ref/log/infinispan.run.workloada.true.1000000.100000.10.100.zipfian.28.false..default.default.none.r3.hdr.log
[OVERALL], RunTime(ms), 397348
[OVERALL], Throughput(ops/sec), 153517.8231676012
[TOTAL_GCS_G1_Young_Generation], Count, 169
[TOTAL_GC_TIME_G1_Young_Generation], Time(ms), 23136
[TOTAL_GC_TIME_%_G1_Young_Generation], Time(%), 5.822603863615773
[TOTAL_GCS_G1_Old_Generation], Count, 0
[TOTAL_GC_TIME_G1_Old_Generation], Time(ms), 0
[TOTAL_GC_TIME_%_G1_Old_Generation], Time(%), 0.0
[TOTAL_GCs], Count, 169
[TOTAL_GC_TIME], Time(ms), 23136
[TOTAL_GC_TIME_%], Time(%), 5.822603863615773
[MAX_MEM_USED], MBs, 13072
[MIN_MEM_USED], MBs, 92
[MAX_THREADS], Count, 60
[MIN_THREADS], Count, 2
[MAX_SYS_LOAD_AVG], Load, 24.6
[MIN_SYS_LOAD_AVG], Load, 20.82
[THREAD_COUNT], Operations, 41
[THREAD_COUNT], AverageLatency(ns), 55.853658536585364
[THREAD_COUNT], MinLatency(ns), 2
[THREAD_COUNT], MaxLatency(ns), 60
[THREAD_COUNT], 95thPercentileLatency(ns), 60
[THREAD_COUNT], 99thPercentileLatency(ns), 60
[SYS_LOAD_AVG], Operations, 41
[SYS_LOAD_AVG], AverageLatency(ns), 22.317073170731707
[SYS_LOAD_AVG], MinLatency(ns), 20
[SYS_LOAD_AVG], MaxLatency(ns), 24
[SYS_LOAD_AVG], 95thPercentileLatency(ns), 24
[SYS_LOAD_AVG], 99thPercentileLatency(ns), 24
[LOAD], Operations, 28
[LOAD], AverageLatency(ns), 1.2950007222857143E10
[LOAD], MinLatency(ns), 10716053504
[LOAD], MaxLatency(ns), 13963231231
[LOAD], 95thPercentileLatency(ns), 13929938943
[LOAD], 99thPercentileLatency(ns), 13963231231
[USED_MEM_MB], Operations, 41
[USED_MEM_MB], AverageLatency(ns), 7560.09756097561
[USED_MEM_MB], MinLatency(ns), 92
[USED_MEM_MB], MaxLatency(ns), 13072
[USED_MEM_MB], 95thPercentileLatency(ns), 11674
[USED_MEM_MB], 99thPercentileLatency(ns), 13072
[MAIN_GCs_Count], Operations, 28
[MAIN_GCs_Count], AverageLatency(ns), 150.96428571428572
[MAIN_GCs_Count], MinLatency(ns), 150
[MAIN_GCs_Count], MaxLatency(ns), 151
[MAIN_GCs_Count], 95thPercentileLatency(ns), 151
[MAIN_GCs_Count], 99thPercentileLatency(ns), 151
[MAIN_GCs_Time(ms)], Operations, 28
[MAIN_GCs_Time(ms)], AverageLatency(ns), 22309.64285714286
[MAIN_GCs_Time(ms)], MinLatency(ns), 22165
[MAIN_GCs_Time(ms)], MaxLatency(ns), 22315
[MAIN_GCs_Time(ms)], 95thPercentileLatency(ns), 22315
[MAIN_GCs_Time(ms)], 99thPercentileLatency(ns), 22315
[TRANSACTION], Operations, 28
[TRANSACTION], AverageLatency(ns), 3.817420320182857E11
[TRANSACTION], MinLatency(ns), 380184297472
[TRANSACTION], MaxLatency(ns), 382493261823
[TRANSACTION], 95thPercentileLatency(ns), 382396792831
[TRANSACTION], 99thPercentileLatency(ns), 382493261823
[GCS_TIME], Operations, 41
[GCS_TIME], AverageLatency(ns), 564.2926829268292
[GCS_TIME], MinLatency(ns), 0
[GCS_TIME], MaxLatency(ns), 838
[GCS_TIME], 95thPercentileLatency(ns), 733
[GCS_TIME], 99thPercentileLatency(ns), 838
[LOAD_GCs_Time(ms)], Operations, 28
[LOAD_GCs_Time(ms)], AverageLatency(ns), 774.1428571428571
[LOAD_GCs_Time(ms)], MinLatency(ns), 705
[LOAD_GCs_Time(ms)], MaxLatency(ns), 793
[LOAD_GCs_Time(ms)], 95thPercentileLatency(ns), 793
[LOAD_GCs_Time(ms)], 99thPercentileLatency(ns), 793
[READ], Operations, 30007378
[READ], AverageLatency(ns), 125766.52486335194
[READ], MinLatency(ns), 211
[READ], MaxLatency(ns), 355563519
[READ], 95thPercentileLatency(ns), 412397
[READ], 99thPercentileLatency(ns), 530355
[READ], Return=OK, 30007378
[INIT], Operations, 28
[INIT], AverageLatency(ns), 6.05031424E8
[INIT], MinLatency(ns), 598978560
[INIT], MaxLatency(ns), 612073471
[INIT], 95thPercentileLatency(ns), 611344383
[INIT], 99thPercentileLatency(ns), 612073471
[GCS], Operations, 41
[GCS], AverageLatency(ns), 4.121951219512195
[GCS], MinLatency(ns), 0
[GCS], MaxLatency(ns), 17
[GCS], 95thPercentileLatency(ns), 6
[GCS], 99thPercentileLatency(ns), 17
[LOAD_GCs_Count], Operations, 28
[LOAD_GCs_Count], AverageLatency(ns), 15.785714285714286
[LOAD_GCs_Count], MinLatency(ns), 15
[LOAD_GCs_Count], MaxLatency(ns), 16
[LOAD_GCs_Count], 95thPercentileLatency(ns), 16
[LOAD_GCs_Count], 99thPercentileLatency(ns), 16
[CLEANUP], Operations, 28
[CLEANUP], AverageLatency(ns), 8.2469728E8
[CLEANUP], MinLatency(ns), 75156992
[CLEANUP], MaxLatency(ns), 2343174143
[CLEANUP], 95thPercentileLatency(ns), 1798701055
[CLEANUP], 99thPercentileLatency(ns), 2343174143
[INSERT], Operations, 1000000
[INSERT], AverageLatency(ns), 344679.067354
[INSERT], MinLatency(ns), 23711
[INSERT], MaxLatency(ns), 1076297727
[INSERT], 95thPercentileLatency(ns), 393371
[INSERT], 99thPercentileLatency(ns), 615055
[INSERT], Return=OK, 1000000
[UPDATE], Operations, 29992622
[UPDATE], AverageLatency(ns), 224855.29440200326
[UPDATE], MinLatency(ns), 23891
[UPDATE], MaxLatency(ns), 355663871
[UPDATE], 95thPercentileLatency(ns), 520481
[UPDATE], 99thPercentileLatency(ns), 665515
[UPDATE], Return=OK, 29992622
