/home/anatole/jdk8u/build/linux-x86_64-normal-server-release/jdk/bin/java -Xmx20g -XX:+UseG1GC -classpath /home/anatole/ycsb/conf:/home/anatole/ycsb/core/target/core-0.18.0-SNAPSHOT.jar:/home/anatole/ycsb/core/target/dependency/HdrHistogram-2.1.4.jar:/home/anatole/ycsb/core/target/dependency/guava-18.0.jar:/home/anatole/ycsb/core/target/dependency/htrace-core4-4.1.0-incubating.jar:/home/anatole/ycsb/core/target/dependency/jackson-core-asl-1.9.4.jar:/home/anatole/ycsb/core/target/dependency/jackson-mapper-asl-1.9.4.jar:/home/anatole/ycsb/core/target/dependency/javax.persistence-api-2.2.jar:/home/anatole/ycsb/core/target/dependency/jnvm-1.0-SNAPSHOT.jar:/home/anatole/ycsb/core/target/dependency/pcj-1.0.jar:/home/anatole/ycsb/core/target/dependency/unsafe-helper-1.0.jar:/home/anatole/ycsb/infinispan/src/main/conf:/home/anatole/ycsb/infinispan/target/infinispan-binding-0.18.0-SNAPSHOT.jar:/home/anatole/ycsb/infinispan/target/dependency/caffeine-2.6.2.jar:/home/anatole/ycsb/infinispan/target/dependency/gson-2.8.2.jar:/home/anatole/ycsb/infinispan/target/dependency/guava-18.0.jar:/home/anatole/ycsb/infinispan/target/dependency/infinispan-cachestore-jnvm-1.0-SNAPSHOT.jar:/home/anatole/ycsb/infinispan/target/dependency/infinispan-cachestore-pcj-1.0-SNAPSHOT.jar:/home/anatole/ycsb/infinispan/target/dependency/infinispan-client-hotrod-9.4.20.Final.jar:/home/anatole/ycsb/infinispan/target/dependency/infinispan-commons-9.4.20.Final.jar:/home/anatole/ycsb/infinispan/target/dependency/infinispan-core-9.4.20.Final.jar:/home/anatole/ycsb/infinispan/target/dependency/javax.persistence-api-2.2.jar:/home/anatole/ycsb/infinispan/target/dependency/jboss-logging-3.3.2.Final.jar:/home/anatole/ycsb/infinispan/target/dependency/jboss-marshalling-osgi-2.0.6.Final.jar:/home/anatole/ycsb/infinispan/target/dependency/jboss-transaction-api_1.2_spec-1.1.1.Final.jar:/home/anatole/ycsb/infinispan/target/dependency/jgroups-4.0.21.Final.jar:/home/anatole/ycsb/infinispan/target/dependency/jnvm-1.0-SNAPSHOT.jar:/home/anatole/ycsb/infinispan/target/dependency/metainf-services-1.7.jar:/home/anatole/ycsb/infinispan/target/dependency/netty-buffer-4.1.51.Final.jar:/home/anatole/ycsb/infinispan/target/dependency/netty-codec-4.1.51.Final.jar:/home/anatole/ycsb/infinispan/target/dependency/netty-common-4.1.51.Final.jar:/home/anatole/ycsb/infinispan/target/dependency/netty-handler-4.1.51.Final.jar:/home/anatole/ycsb/infinispan/target/dependency/netty-resolver-4.1.51.Final.jar:/home/anatole/ycsb/infinispan/target/dependency/netty-transport-4.1.51.Final.jar:/home/anatole/ycsb/infinispan/target/dependency/netty-transport-native-epoll-4.1.51.Final-linux-x86_64.jar:/home/anatole/ycsb/infinispan/target/dependency/netty-transport-native-unix-common-4.1.51.Final.jar:/home/anatole/ycsb/infinispan/target/dependency/pcj-1.0.jar:/home/anatole/ycsb/infinispan/target/dependency/reactive-streams-1.0.2.jar:/home/anatole/ycsb/infinispan/target/dependency/rxjava-2.2.4.jar:/home/anatole/ycsb/infinispan/target/dependency/unsafe-helper-1.0.jar site.ycsb.Client -t -db site.ycsb.db.InfinispanClient -P ../workloads/workloada -preload -s -threads 12 -p dataintegrity=true -p offheap=false -p pcj=false -p recordcount=1000000 -p operationcount=60000000 -p fieldcount=10 -p fieldlength=100 -p requestdistribution=zipfian -p measurement.trackjvm=true -p measurementtype=hdrhistogram -p hdrhistogram.output.path=./out/exp5.concurrent.ref/log/infinispan.run.workloada.true.1000000.1000000.10.100.zipfian.12.false.true.default.default.volatile.r4.hdr.log
[OVERALL], RunTime(ms), 72187
[OVERALL], Throughput(ops/sec), 845027.4980259604
[TOTAL_GCS_G1_Young_Generation], Count, 163
[TOTAL_GC_TIME_G1_Young_Generation], Time(ms), 27039
[TOTAL_GC_TIME_%_G1_Young_Generation], Time(%), 37.45688281823597
[TOTAL_GCS_G1_Old_Generation], Count, 0
[TOTAL_GC_TIME_G1_Old_Generation], Time(ms), 0
[TOTAL_GC_TIME_%_G1_Old_Generation], Time(%), 0.0
[TOTAL_GCs], Count, 163
[TOTAL_GC_TIME], Time(ms), 27039
[TOTAL_GC_TIME_%], Time(%), 37.45688281823597
[MAX_MEM_USED], MBs, 9134
[MIN_MEM_USED], MBs, 68
[MAX_THREADS], Count, 43
[MIN_THREADS], Count, 4
[MAX_SYS_LOAD_AVG], Load, 23.92
[MIN_SYS_LOAD_AVG], Load, 22.05
[THREAD_COUNT], Operations, 9
[THREAD_COUNT], AverageLatency(ns), 35.44444444444444
[THREAD_COUNT], MinLatency(ns), 4
[THREAD_COUNT], MaxLatency(ns), 43
[THREAD_COUNT], 95thPercentileLatency(ns), 43
[THREAD_COUNT], 99thPercentileLatency(ns), 43
[SYS_LOAD_AVG], Operations, 9
[SYS_LOAD_AVG], AverageLatency(ns), 22.666666666666668
[SYS_LOAD_AVG], MinLatency(ns), 22
[SYS_LOAD_AVG], MaxLatency(ns), 23
[SYS_LOAD_AVG], 95thPercentileLatency(ns), 23
[SYS_LOAD_AVG], 99thPercentileLatency(ns), 23
[LOAD], Operations, 12
[LOAD], AverageLatency(ns), 5.396206933333333E9
[LOAD], MinLatency(ns), 5260804096
[LOAD], MaxLatency(ns), 5643796479
[LOAD], 95thPercentileLatency(ns), 5595234303
[LOAD], 99thPercentileLatency(ns), 5643796479
[USED_MEM_MB], Operations, 9
[USED_MEM_MB], AverageLatency(ns), 6648.333333333333
[USED_MEM_MB], MinLatency(ns), 68
[USED_MEM_MB], MaxLatency(ns), 9134
[USED_MEM_MB], 95thPercentileLatency(ns), 9134
[USED_MEM_MB], 99thPercentileLatency(ns), 9134
[MAIN_GCs_Count], Operations, 12
[MAIN_GCs_Count], AverageLatency(ns), 135.16666666666666
[MAIN_GCs_Count], MinLatency(ns), 133
[MAIN_GCs_Count], MaxLatency(ns), 137
[MAIN_GCs_Count], 95thPercentileLatency(ns), 136
[MAIN_GCs_Count], 99thPercentileLatency(ns), 137
[MAIN_GCs_Time(ms)], Operations, 12
[MAIN_GCs_Time(ms)], AverageLatency(ns), 24658.916666666668
[MAIN_GCs_Time(ms)], MinLatency(ns), 24319
[MAIN_GCs_Time(ms)], MaxLatency(ns), 24928
[MAIN_GCs_Time(ms)], 95thPercentileLatency(ns), 24797
[MAIN_GCs_Time(ms)], 99thPercentileLatency(ns), 24928
[TRANSACTION], Operations, 12
[TRANSACTION], AverageLatency(ns), 6.4297522517333336E10
[TRANSACTION], MinLatency(ns), 63184044032
[TRANSACTION], MaxLatency(ns), 65363247103
[TRANSACTION], 95thPercentileLatency(ns), 64935165951
[TRANSACTION], 99thPercentileLatency(ns), 65363247103
[GCS_TIME], Operations, 9
[GCS_TIME], AverageLatency(ns), 3004.3333333333335
[GCS_TIME], MinLatency(ns), 0
[GCS_TIME], MaxLatency(ns), 4907
[GCS_TIME], 95thPercentileLatency(ns), 4907
[GCS_TIME], 99thPercentileLatency(ns), 4907
[LOAD_GCs_Time(ms)], Operations, 12
[LOAD_GCs_Time(ms)], AverageLatency(ns), 1967.0
[LOAD_GCs_Time(ms)], MinLatency(ns), 1925
[LOAD_GCs_Time(ms)], MaxLatency(ns), 2093
[LOAD_GCs_Time(ms)], 95thPercentileLatency(ns), 2093
[LOAD_GCs_Time(ms)], 99thPercentileLatency(ns), 2093
[READ], Operations, 30005248
[READ], AverageLatency(ns), 6517.491039600805
[READ], MinLatency(ns), 209
[READ], MaxLatency(ns), 1281875967
[READ], 95thPercentileLatency(ns), 24027
[READ], 99thPercentileLatency(ns), 35817
[READ], Return=OK, 30005248
[INIT], Operations, 12
[INIT], AverageLatency(ns), 5.496804693333334E8
[INIT], MinLatency(ns), 546930688
[INIT], MaxLatency(ns), 552902655
[INIT], 95thPercentileLatency(ns), 552169471
[INIT], 99thPercentileLatency(ns), 552902655
[GCS], Operations, 9
[GCS], AverageLatency(ns), 18.11111111111111
[GCS], MinLatency(ns), 0
[GCS], MaxLatency(ns), 39
[GCS], 95thPercentileLatency(ns), 39
[GCS], 99thPercentileLatency(ns), 39
[LOAD_GCs_Count], Operations, 12
[LOAD_GCs_Count], AverageLatency(ns), 24.25
[LOAD_GCs_Count], MinLatency(ns), 24
[LOAD_GCs_Count], MaxLatency(ns), 25
[LOAD_GCs_Count], 95thPercentileLatency(ns), 25
[LOAD_GCs_Count], 99thPercentileLatency(ns), 25
[CLEANUP], Operations, 12
[CLEANUP], AverageLatency(ns), 1.5523741866666667E9
[CLEANUP], MinLatency(ns), 491065344
[CLEANUP], MaxLatency(ns), 2641002495
[CLEANUP], 95thPercentileLatency(ns), 2286419967
[CLEANUP], 99thPercentileLatency(ns), 2641002495
[INSERT], Operations, 1000000
[INSERT], AverageLatency(ns), 17623.059997
[INSERT], MinLatency(ns), 1236
[INSERT], MaxLatency(ns), 175586303
[INSERT], 95thPercentileLatency(ns), 21449
[INSERT], 99thPercentileLatency(ns), 49678
[INSERT], Return=OK, 1000000
[UPDATE], Operations, 29994752
[UPDATE], AverageLatency(ns), 12966.25450982225
[UPDATE], MinLatency(ns), 1224
[UPDATE], MaxLatency(ns), 1281908735
[UPDATE], 95thPercentileLatency(ns), 29797
[UPDATE], 99thPercentileLatency(ns), 44742
[UPDATE], Return=OK, 29994752
