/home/anatole/jdk8u/build/linux-x86_64-normal-server-release/jdk/bin/java -Xmx20g -XX:+UseG1GC -classpath /home/anatole/ycsb/conf:/home/anatole/ycsb/core/target/core-0.18.0-SNAPSHOT.jar:/home/anatole/ycsb/core/target/dependency/HdrHistogram-2.1.4.jar:/home/anatole/ycsb/core/target/dependency/guava-18.0.jar:/home/anatole/ycsb/core/target/dependency/htrace-core4-4.1.0-incubating.jar:/home/anatole/ycsb/core/target/dependency/jackson-core-asl-1.9.4.jar:/home/anatole/ycsb/core/target/dependency/jackson-mapper-asl-1.9.4.jar:/home/anatole/ycsb/core/target/dependency/javax.persistence-api-2.2.jar:/home/anatole/ycsb/core/target/dependency/jnvm-1.0-SNAPSHOT.jar:/home/anatole/ycsb/core/target/dependency/pcj-1.0.jar:/home/anatole/ycsb/core/target/dependency/unsafe-helper-1.0.jar:/home/anatole/ycsb/jnvm/target/jnvm-binding-0.18.0-SNAPSHOT.jar:/home/anatole/ycsb/jnvm/target/dependency/guava-18.0.jar:/home/anatole/ycsb/jnvm/target/dependency/javax.persistence-api-2.2.jar:/home/anatole/ycsb/jnvm/target/dependency/jnvm-1.0-SNAPSHOT.jar:/home/anatole/ycsb/jnvm/target/dependency/unsafe-helper-1.0.jar site.ycsb.Client -t -db site.ycsb.db.BlackholeClient -P ../workloads/workloada -preload -s -threads 1 -p dataintegrity=true -p offheap=true -p recordcount=1000000 -p operationcount=3000000 -p fieldcount=10 -p fieldlength=100 -p requestdistribution=zipfian -p measurement.trackjvm=true -p measurementtype=hdrhistogram -p hdrhistogram.output.path=./out/exp8.pdt.ref/log/jnvm-blackhole-offheap.run.workloada.true.1000000.1.10.100.zipfian.1.false.true.default.default.none.r1.hdr.log
[OVERALL], RunTime(ms), 16661
[OVERALL], Throughput(ops/sec), 240081.62775343616
[TOTAL_GCS_G1_Young_Generation], Count, 24
[TOTAL_GC_TIME_G1_Young_Generation], Time(ms), 140
[TOTAL_GC_TIME_%_G1_Young_Generation], Time(%), 0.8402856971370266
[TOTAL_GCS_G1_Old_Generation], Count, 0
[TOTAL_GC_TIME_G1_Old_Generation], Time(ms), 0
[TOTAL_GC_TIME_%_G1_Old_Generation], Time(%), 0.0
[TOTAL_GCs], Count, 24
[TOTAL_GC_TIME], Time(ms), 140
[TOTAL_GC_TIME_%], Time(%), 0.8402856971370266
[MAX_MEM_USED], MBs, 1384
[MIN_MEM_USED], MBs, 46
[MAX_THREADS], Count, 3
[MIN_THREADS], Count, 2
[MAX_SYS_LOAD_AVG], Load, 0.81
[MIN_SYS_LOAD_AVG], Load, 0.76
[THREAD_COUNT], Operations, 3
[THREAD_COUNT], AverageLatency(ns), 2.6666666666666665
[THREAD_COUNT], MinLatency(ns), 2
[THREAD_COUNT], MaxLatency(ns), 3
[THREAD_COUNT], 95thPercentileLatency(ns), 3
[THREAD_COUNT], 99thPercentileLatency(ns), 3
[SYS_LOAD_AVG], Operations, 3
[SYS_LOAD_AVG], AverageLatency(ns), 0.0
[SYS_LOAD_AVG], MinLatency(ns), 0
[SYS_LOAD_AVG], MaxLatency(ns), 0
[SYS_LOAD_AVG], 95thPercentileLatency(ns), 0
[SYS_LOAD_AVG], 99thPercentileLatency(ns), 0
[LOAD], Operations, 1
[LOAD], AverageLatency(ns), 1.321746432E10
[LOAD], MinLatency(ns), 13217431552
[LOAD], MaxLatency(ns), 13217497087
[LOAD], 95thPercentileLatency(ns), 13217497087
[LOAD], 99thPercentileLatency(ns), 13217497087
[USED_MEM_MB], Operations, 3
[USED_MEM_MB], AverageLatency(ns), 553.3333333333334
[USED_MEM_MB], MinLatency(ns), 46
[USED_MEM_MB], MaxLatency(ns), 1384
[USED_MEM_MB], 95thPercentileLatency(ns), 1384
[USED_MEM_MB], 99thPercentileLatency(ns), 1384
[MAIN_GCs_Count], Operations, 1
[MAIN_GCs_Count], AverageLatency(ns), 4.0
[MAIN_GCs_Count], MinLatency(ns), 4
[MAIN_GCs_Count], MaxLatency(ns), 4
[MAIN_GCs_Count], 95thPercentileLatency(ns), 4
[MAIN_GCs_Count], 99thPercentileLatency(ns), 4
[MAIN_GCs_Time(ms)], Operations, 1
[MAIN_GCs_Time(ms)], AverageLatency(ns), 19.0
[MAIN_GCs_Time(ms)], MinLatency(ns), 19
[MAIN_GCs_Time(ms)], MaxLatency(ns), 19
[MAIN_GCs_Time(ms)], 95thPercentileLatency(ns), 19
[MAIN_GCs_Time(ms)], 99thPercentileLatency(ns), 19
[TRANSACTION], Operations, 1
[TRANSACTION], AverageLatency(ns), 3.354533888E9
[TRANSACTION], MinLatency(ns), 3354525696
[TRANSACTION], MaxLatency(ns), 3354542079
[TRANSACTION], 95thPercentileLatency(ns), 3354542079
[TRANSACTION], 99thPercentileLatency(ns), 3354542079
[GCS_TIME], Operations, 3
[GCS_TIME], AverageLatency(ns), 46.666666666666664
[GCS_TIME], MinLatency(ns), 0
[GCS_TIME], MaxLatency(ns), 101
[GCS_TIME], 95thPercentileLatency(ns), 101
[GCS_TIME], 99thPercentileLatency(ns), 101
[LOAD_GCs_Time(ms)], Operations, 1
[LOAD_GCs_Time(ms)], AverageLatency(ns), 121.0
[LOAD_GCs_Time(ms)], MinLatency(ns), 121
[LOAD_GCs_Time(ms)], MaxLatency(ns), 121
[LOAD_GCs_Time(ms)], 95thPercentileLatency(ns), 121
[LOAD_GCs_Time(ms)], 99thPercentileLatency(ns), 121
[READ], Operations, 1500461
[READ], AverageLatency(ns), 19.43412457904604
[READ], MinLatency(ns), 18
[READ], MaxLatency(ns), 10557
[READ], 95thPercentileLatency(ns), 21
[READ], 99thPercentileLatency(ns), 24
[READ], Return=OK, 1500461
[INIT], Operations, 1
[INIT], AverageLatency(ns), 5266.0
[INIT], MinLatency(ns), 5266
[INIT], MaxLatency(ns), 5266
[INIT], 95thPercentileLatency(ns), 5266
[INIT], 99thPercentileLatency(ns), 5266
[GCS], Operations, 3
[GCS], AverageLatency(ns), 8.0
[GCS], MinLatency(ns), 0
[GCS], MaxLatency(ns), 16
[GCS], 95thPercentileLatency(ns), 16
[GCS], 99thPercentileLatency(ns), 16
[LOAD_GCs_Count], Operations, 1
[LOAD_GCs_Count], AverageLatency(ns), 20.0
[LOAD_GCs_Count], MinLatency(ns), 20
[LOAD_GCs_Count], MaxLatency(ns), 20
[LOAD_GCs_Count], 95thPercentileLatency(ns), 20
[LOAD_GCs_Count], 99thPercentileLatency(ns), 20
[CLEANUP], Operations, 1
[CLEANUP], AverageLatency(ns), 2012.0
[CLEANUP], MinLatency(ns), 2012
[CLEANUP], MaxLatency(ns), 2012
[CLEANUP], 95thPercentileLatency(ns), 2012
[CLEANUP], 99thPercentileLatency(ns), 2012
[INSERT], Operations, 1000000
[INSERT], AverageLatency(ns), 19.779368
[INSERT], MinLatency(ns), 17
[INSERT], MaxLatency(ns), 12433
[INSERT], 95thPercentileLatency(ns), 21
[INSERT], 99thPercentileLatency(ns), 26
[INSERT], Return=OK, 1000000
[UPDATE], Operations, 1499539
[UPDATE], AverageLatency(ns), 19.260887512762256
[UPDATE], MinLatency(ns), 17
[UPDATE], MaxLatency(ns), 13052
[UPDATE], 95thPercentileLatency(ns), 20
[UPDATE], 99thPercentileLatency(ns), 25
[UPDATE], Return=OK, 1499539
