/home/anatole/jdk8u/build/linux-x86_64-normal-server-release/jdk/bin/java -Xmx20g -XX:+UseG1GC -classpath /home/anatole/ycsb/conf:/home/anatole/ycsb/core/target/core-0.18.0-SNAPSHOT.jar:/home/anatole/ycsb/core/target/dependency/HdrHistogram-2.1.4.jar:/home/anatole/ycsb/core/target/dependency/guava-18.0.jar:/home/anatole/ycsb/core/target/dependency/htrace-core4-4.1.0-incubating.jar:/home/anatole/ycsb/core/target/dependency/jackson-core-asl-1.9.4.jar:/home/anatole/ycsb/core/target/dependency/jackson-mapper-asl-1.9.4.jar:/home/anatole/ycsb/core/target/dependency/javax.persistence-api-2.2.jar:/home/anatole/ycsb/core/target/dependency/jnvm-1.0-SNAPSHOT.jar:/home/anatole/ycsb/core/target/dependency/pcj-1.0.jar:/home/anatole/ycsb/core/target/dependency/unsafe-helper-1.0.jar:/home/anatole/ycsb/jnvm/target/jnvm-binding-0.18.0-SNAPSHOT.jar:/home/anatole/ycsb/jnvm/target/dependency/guava-18.0.jar:/home/anatole/ycsb/jnvm/target/dependency/javax.persistence-api-2.2.jar:/home/anatole/ycsb/jnvm/target/dependency/jnvm-1.0-SNAPSHOT.jar:/home/anatole/ycsb/jnvm/target/dependency/unsafe-helper-1.0.jar site.ycsb.Client -t -db site.ycsb.db.VolatileHashMapClient -P ../workloads/workloada -preload -s -threads 1 -p dataintegrity=true -p offheap=false -p recordcount=1000000 -p operationcount=3000000 -p fieldcount=10 -p fieldlength=100 -p requestdistribution=zipfian -p measurement.trackjvm=true -p measurementtype=hdrhistogram -p hdrhistogram.output.path=./out/exp8.pdt.ref/log/jnvm-vhmap.run.workloada.true.1000000.1.10.100.zipfian.1.false.true.default.default.none.r4.hdr.log
[OVERALL], RunTime(ms), 15999
[OVERALL], Throughput(ops/sec), 250015.62597662353
[TOTAL_GCS_G1_Young_Generation], Count, 28
[TOTAL_GC_TIME_G1_Young_Generation], Time(ms), 2718
[TOTAL_GC_TIME_%_G1_Young_Generation], Time(%), 16.98856178511157
[TOTAL_GCS_G1_Old_Generation], Count, 0
[TOTAL_GC_TIME_G1_Old_Generation], Time(ms), 0
[TOTAL_GC_TIME_%_G1_Old_Generation], Time(%), 0.0
[TOTAL_GCs], Count, 28
[TOTAL_GC_TIME], Time(ms), 2718
[TOTAL_GC_TIME_%], Time(%), 16.98856178511157
[MAX_MEM_USED], MBs, 4808
[MIN_MEM_USED], MBs, 28
[MAX_THREADS], Count, 3
[MIN_THREADS], Count, 2
[MAX_SYS_LOAD_AVG], Load, 5.52
[MIN_SYS_LOAD_AVG], Load, 3.79
[THREAD_COUNT], Operations, 3
[THREAD_COUNT], AverageLatency(ns), 2.6666666666666665
[THREAD_COUNT], MinLatency(ns), 2
[THREAD_COUNT], MaxLatency(ns), 3
[THREAD_COUNT], 95thPercentileLatency(ns), 3
[THREAD_COUNT], 99thPercentileLatency(ns), 3
[SYS_LOAD_AVG], Operations, 3
[SYS_LOAD_AVG], AverageLatency(ns), 4.0
[SYS_LOAD_AVG], MinLatency(ns), 3
[SYS_LOAD_AVG], MaxLatency(ns), 5
[SYS_LOAD_AVG], 95thPercentileLatency(ns), 5
[SYS_LOAD_AVG], 99thPercentileLatency(ns), 5
[LOAD], Operations, 1
[LOAD], AverageLatency(ns), 1.1570675712E10
[LOAD], MinLatency(ns), 11570642944
[LOAD], MaxLatency(ns), 11570708479
[LOAD], 95thPercentileLatency(ns), 11570708479
[LOAD], 99thPercentileLatency(ns), 11570708479
[USED_MEM_MB], Operations, 3
[USED_MEM_MB], AverageLatency(ns), 2838.0
[USED_MEM_MB], MinLatency(ns), 28
[USED_MEM_MB], MaxLatency(ns), 4808
[USED_MEM_MB], 95thPercentileLatency(ns), 4808
[USED_MEM_MB], 99thPercentileLatency(ns), 4808
[MAIN_GCs_Count], Operations, 1
[MAIN_GCs_Count], AverageLatency(ns), 4.0
[MAIN_GCs_Count], MinLatency(ns), 4
[MAIN_GCs_Count], MaxLatency(ns), 4
[MAIN_GCs_Count], 95thPercentileLatency(ns), 4
[MAIN_GCs_Count], 99thPercentileLatency(ns), 4
[MAIN_GCs_Time(ms)], Operations, 1
[MAIN_GCs_Time(ms)], AverageLatency(ns), 644.0
[MAIN_GCs_Time(ms)], MinLatency(ns), 644
[MAIN_GCs_Time(ms)], MaxLatency(ns), 644
[MAIN_GCs_Time(ms)], 95thPercentileLatency(ns), 644
[MAIN_GCs_Time(ms)], 99thPercentileLatency(ns), 644
[TRANSACTION], Operations, 1
[TRANSACTION], AverageLatency(ns), 4.350984192E9
[TRANSACTION], MinLatency(ns), 4350967808
[TRANSACTION], MaxLatency(ns), 4351000575
[TRANSACTION], 95thPercentileLatency(ns), 4351000575
[TRANSACTION], 99thPercentileLatency(ns), 4351000575
[GCS_TIME], Operations, 3
[GCS_TIME], AverageLatency(ns), 906.0
[GCS_TIME], MinLatency(ns), 0
[GCS_TIME], MaxLatency(ns), 1767
[GCS_TIME], 95thPercentileLatency(ns), 1767
[GCS_TIME], 99thPercentileLatency(ns), 1767
[LOAD_GCs_Time(ms)], Operations, 1
[LOAD_GCs_Time(ms)], AverageLatency(ns), 2074.0
[LOAD_GCs_Time(ms)], MinLatency(ns), 2074
[LOAD_GCs_Time(ms)], MaxLatency(ns), 2074
[LOAD_GCs_Time(ms)], 95thPercentileLatency(ns), 2074
[LOAD_GCs_Time(ms)], 99thPercentileLatency(ns), 2074
[READ], Operations, 1499598
[READ], AverageLatency(ns), 265.49942651297215
[READ], MinLatency(ns), 49
[READ], MaxLatency(ns), 25926
[READ], 95thPercentileLatency(ns), 500
[READ], 99thPercentileLatency(ns), 696
[READ], Return=OK, 1499598
[INIT], Operations, 1
[INIT], AverageLatency(ns), 224669.0
[INIT], MinLatency(ns), 224669
[INIT], MaxLatency(ns), 224669
[INIT], 95thPercentileLatency(ns), 224669
[INIT], 99thPercentileLatency(ns), 224669
[GCS], Operations, 3
[GCS], AverageLatency(ns), 9.333333333333334
[GCS], MinLatency(ns), 0
[GCS], MaxLatency(ns), 22
[GCS], 95thPercentileLatency(ns), 22
[GCS], 99thPercentileLatency(ns), 22
[LOAD_GCs_Count], Operations, 1
[LOAD_GCs_Count], AverageLatency(ns), 24.0
[LOAD_GCs_Count], MinLatency(ns), 24
[LOAD_GCs_Count], MaxLatency(ns), 24
[LOAD_GCs_Count], 95thPercentileLatency(ns), 24
[LOAD_GCs_Count], 99thPercentileLatency(ns), 24
[CLEANUP], Operations, 1
[CLEANUP], AverageLatency(ns), 13166.0
[CLEANUP], MinLatency(ns), 13166
[CLEANUP], MaxLatency(ns), 13166
[CLEANUP], 95thPercentileLatency(ns), 13166
[CLEANUP], 99thPercentileLatency(ns), 13166
[INSERT], Operations, 1000000
[INSERT], AverageLatency(ns), 441.158344
[INSERT], MinLatency(ns), 221
[INSERT], MaxLatency(ns), 2564399
[INSERT], 95thPercentileLatency(ns), 628
[INSERT], 99thPercentileLatency(ns), 843
[INSERT], Return=OK, 1000000
[UPDATE], Operations, 1500402
[UPDATE], AverageLatency(ns), 425.56047112707125
[UPDATE], MinLatency(ns), 71
[UPDATE], MaxLatency(ns), 453681
[UPDATE], 95thPercentileLatency(ns), 784
[UPDATE], 99thPercentileLatency(ns), 930
[UPDATE], Return=OK, 1500402
