/home/anatole/jdk8u/build/linux-x86_64-normal-server-release/jdk/bin/java -Xmx20g -XX:+UseG1GC -classpath /home/anatole/ycsb/conf:/home/anatole/ycsb/core/target/core-0.18.0-SNAPSHOT.jar:/home/anatole/ycsb/core/target/dependency/HdrHistogram-2.1.4.jar:/home/anatole/ycsb/core/target/dependency/guava-18.0.jar:/home/anatole/ycsb/core/target/dependency/htrace-core4-4.1.0-incubating.jar:/home/anatole/ycsb/core/target/dependency/jackson-core-asl-1.9.4.jar:/home/anatole/ycsb/core/target/dependency/jackson-mapper-asl-1.9.4.jar:/home/anatole/ycsb/core/target/dependency/javax.persistence-api-2.2.jar:/home/anatole/ycsb/core/target/dependency/jnvm-1.0-SNAPSHOT.jar:/home/anatole/ycsb/core/target/dependency/pcj-1.0.jar:/home/anatole/ycsb/core/target/dependency/unsafe-helper-1.0.jar:/home/anatole/ycsb/jnvm/target/jnvm-binding-0.18.0-SNAPSHOT.jar:/home/anatole/ycsb/jnvm/target/dependency/guava-18.0.jar:/home/anatole/ycsb/jnvm/target/dependency/javax.persistence-api-2.2.jar:/home/anatole/ycsb/jnvm/target/dependency/jnvm-1.0-SNAPSHOT.jar:/home/anatole/ycsb/jnvm/target/dependency/unsafe-helper-1.0.jar site.ycsb.Client -t -db site.ycsb.db.RecoverableHashMapClient -P ../workloads/workloada -preload -s -threads 1 -p dataintegrity=true -p offheap=true -p recordcount=1000000 -p operationcount=3000000 -p fieldcount=10 -p fieldlength=100 -p requestdistribution=zipfian -p measurement.trackjvm=true -p measurementtype=hdrhistogram -p hdrhistogram.output.path=./out/exp8.pdt.ref/log/jnvm-rhmap.run.workloada.true.1000000.1.10.100.zipfian.1.false.true.default.default.none.r6.hdr.log
[OVERALL], RunTime(ms), 27552
[OVERALL], Throughput(ops/sec), 145180.0232288037
[TOTAL_GCS_G1_Young_Generation], Count, 30
[TOTAL_GC_TIME_G1_Young_Generation], Time(ms), 2668
[TOTAL_GC_TIME_%_G1_Young_Generation], Time(%), 9.683507549361208
[TOTAL_GCS_G1_Old_Generation], Count, 0
[TOTAL_GC_TIME_G1_Old_Generation], Time(ms), 0
[TOTAL_GC_TIME_%_G1_Old_Generation], Time(%), 0.0
[TOTAL_GCs], Count, 30
[TOTAL_GC_TIME], Time(ms), 2668
[TOTAL_GC_TIME_%], Time(%), 9.683507549361208
[MAX_MEM_USED], MBs, 3372
[MIN_MEM_USED], MBs, 22
[MAX_THREADS], Count, 3
[MIN_THREADS], Count, 2
[MAX_SYS_LOAD_AVG], Load, 3.05
[MIN_SYS_LOAD_AVG], Load, 1.63
[THREAD_COUNT], Operations, 4
[THREAD_COUNT], AverageLatency(ns), 2.75
[THREAD_COUNT], MinLatency(ns), 2
[THREAD_COUNT], MaxLatency(ns), 3
[THREAD_COUNT], 95thPercentileLatency(ns), 3
[THREAD_COUNT], 99thPercentileLatency(ns), 3
[SYS_LOAD_AVG], Operations, 4
[SYS_LOAD_AVG], AverageLatency(ns), 2.0
[SYS_LOAD_AVG], MinLatency(ns), 1
[SYS_LOAD_AVG], MaxLatency(ns), 3
[SYS_LOAD_AVG], 95thPercentileLatency(ns), 3
[SYS_LOAD_AVG], 99thPercentileLatency(ns), 3
[LOAD], Operations, 1
[LOAD], AverageLatency(ns), 2.0733558784E10
[LOAD], MinLatency(ns), 20733493248
[LOAD], MaxLatency(ns), 20733624319
[LOAD], 95thPercentileLatency(ns), 20733624319
[LOAD], 99thPercentileLatency(ns), 20733624319
[USED_MEM_MB], Operations, 4
[USED_MEM_MB], AverageLatency(ns), 2327.25
[USED_MEM_MB], MinLatency(ns), 22
[USED_MEM_MB], MaxLatency(ns), 3372
[USED_MEM_MB], 95thPercentileLatency(ns), 3372
[USED_MEM_MB], 99thPercentileLatency(ns), 3372
[MAIN_GCs_Count], Operations, 1
[MAIN_GCs_Count], AverageLatency(ns), 6.0
[MAIN_GCs_Count], MinLatency(ns), 6
[MAIN_GCs_Count], MaxLatency(ns), 6
[MAIN_GCs_Count], 95thPercentileLatency(ns), 6
[MAIN_GCs_Count], 99thPercentileLatency(ns), 6
[MAIN_GCs_Time(ms)], Operations, 1
[MAIN_GCs_Time(ms)], AverageLatency(ns), 902.0
[MAIN_GCs_Time(ms)], MinLatency(ns), 902
[MAIN_GCs_Time(ms)], MaxLatency(ns), 902
[MAIN_GCs_Time(ms)], 95thPercentileLatency(ns), 902
[MAIN_GCs_Time(ms)], 99thPercentileLatency(ns), 902
[TRANSACTION], Operations, 1
[TRANSACTION], AverageLatency(ns), 6.703661056E9
[TRANSACTION], MinLatency(ns), 6703644672
[TRANSACTION], MaxLatency(ns), 6703677439
[TRANSACTION], 95thPercentileLatency(ns), 6703677439
[TRANSACTION], 99thPercentileLatency(ns), 6703677439
[GCS_TIME], Operations, 4
[GCS_TIME], AverageLatency(ns), 667.0
[GCS_TIME], MinLatency(ns), 0
[GCS_TIME], MaxLatency(ns), 902
[GCS_TIME], 95thPercentileLatency(ns), 902
[GCS_TIME], 99thPercentileLatency(ns), 902
[LOAD_GCs_Time(ms)], Operations, 1
[LOAD_GCs_Time(ms)], AverageLatency(ns), 1766.0
[LOAD_GCs_Time(ms)], MinLatency(ns), 1766
[LOAD_GCs_Time(ms)], MaxLatency(ns), 1766
[LOAD_GCs_Time(ms)], 95thPercentileLatency(ns), 1766
[LOAD_GCs_Time(ms)], 99thPercentileLatency(ns), 1766
[READ], Operations, 1498822
[READ], AverageLatency(ns), 387.5491999717111
[READ], MinLatency(ns), 75
[READ], MaxLatency(ns), 258163
[READ], 95thPercentileLatency(ns), 746
[READ], 99thPercentileLatency(ns), 883
[READ], Return=OK, 1498822
[INIT], Operations, 1
[INIT], AverageLatency(ns), 3.8754688E7
[INIT], MinLatency(ns), 38754560
[INIT], MaxLatency(ns), 38754815
[INIT], 95thPercentileLatency(ns), 38754815
[INIT], 99thPercentileLatency(ns), 38754815
[GCS], Operations, 4
[GCS], AverageLatency(ns), 7.5
[GCS], MinLatency(ns), 0
[GCS], MaxLatency(ns), 18
[GCS], 95thPercentileLatency(ns), 18
[GCS], 99thPercentileLatency(ns), 18
[LOAD_GCs_Count], Operations, 1
[LOAD_GCs_Count], AverageLatency(ns), 24.0
[LOAD_GCs_Count], MinLatency(ns), 24
[LOAD_GCs_Count], MaxLatency(ns), 24
[LOAD_GCs_Count], 95thPercentileLatency(ns), 24
[LOAD_GCs_Count], 99thPercentileLatency(ns), 24
[CLEANUP], Operations, 1
[CLEANUP], AverageLatency(ns), 18499.0
[CLEANUP], MinLatency(ns), 18499
[CLEANUP], MaxLatency(ns), 18499
[CLEANUP], 95thPercentileLatency(ns), 18499
[CLEANUP], 99thPercentileLatency(ns), 18499
[INSERT], Operations, 1000000
[INSERT], AverageLatency(ns), 4374.467947
[INSERT], MinLatency(ns), 963
[INSERT], MaxLatency(ns), 2503423
[INSERT], 95thPercentileLatency(ns), 4018
[INSERT], 99thPercentileLatency(ns), 5548
[INSERT], Return=OK, 1000000
[UPDATE], Operations, 1501178
[UPDATE], AverageLatency(ns), 1012.5739945562751
[UPDATE], MinLatency(ns), 106
[UPDATE], MaxLatency(ns), 129813
[UPDATE], 95thPercentileLatency(ns), 1606
[UPDATE], 99thPercentileLatency(ns), 2162
[UPDATE], Return=OK, 1501178
