/home/anatole/jdk8u/build/linux-x86_64-normal-server-release/jdk/bin/java -Xmx20g -XX:+UseG1GC -classpath /home/anatole/ycsb/conf:/home/anatole/ycsb/core/target/core-0.18.0-SNAPSHOT.jar:/home/anatole/ycsb/core/target/dependency/HdrHistogram-2.1.4.jar:/home/anatole/ycsb/core/target/dependency/guava-18.0.jar:/home/anatole/ycsb/core/target/dependency/htrace-core4-4.1.0-incubating.jar:/home/anatole/ycsb/core/target/dependency/jackson-core-asl-1.9.4.jar:/home/anatole/ycsb/core/target/dependency/jackson-mapper-asl-1.9.4.jar:/home/anatole/ycsb/core/target/dependency/javax.persistence-api-2.2.jar:/home/anatole/ycsb/core/target/dependency/jnvm-1.0-SNAPSHOT.jar:/home/anatole/ycsb/core/target/dependency/pcj-1.0.jar:/home/anatole/ycsb/core/target/dependency/unsafe-helper-1.0.jar:/home/anatole/ycsb/jnvm/target/jnvm-binding-0.18.0-SNAPSHOT.jar:/home/anatole/ycsb/jnvm/target/dependency/guava-18.0.jar:/home/anatole/ycsb/jnvm/target/dependency/javax.persistence-api-2.2.jar:/home/anatole/ycsb/jnvm/target/dependency/jnvm-1.0-SNAPSHOT.jar:/home/anatole/ycsb/jnvm/target/dependency/unsafe-helper-1.0.jar site.ycsb.Client -t -db site.ycsb.db.VolatileSkipListMapClient -P ../workloads/workloada -preload -s -threads 1 -p dataintegrity=true -p offheap=false -p recordcount=1000000 -p operationcount=3000000 -p fieldcount=10 -p fieldlength=100 -p requestdistribution=zipfian -p measurement.trackjvm=true -p measurementtype=hdrhistogram -p hdrhistogram.output.path=./out/exp8.pdt.ref/log/jnvm-vslmap.run.workloada.true.1000000.1.10.100.zipfian.1.false.true.default.default.none.r2.hdr.log
[OVERALL], RunTime(ms), 23641
[OVERALL], Throughput(ops/sec), 169197.5804745992
[TOTAL_GCS_G1_Young_Generation], Count, 29
[TOTAL_GC_TIME_G1_Young_Generation], Time(ms), 2839
[TOTAL_GC_TIME_%_G1_Young_Generation], Time(%), 12.008798274184679
[TOTAL_GCS_G1_Old_Generation], Count, 0
[TOTAL_GC_TIME_G1_Old_Generation], Time(ms), 0
[TOTAL_GC_TIME_%_G1_Old_Generation], Time(%), 0.0
[TOTAL_GCs], Count, 29
[TOTAL_GC_TIME], Time(ms), 2839
[TOTAL_GC_TIME_%], Time(%), 12.008798274184679
[MAX_MEM_USED], MBs, 4978
[MIN_MEM_USED], MBs, 65
[MAX_THREADS], Count, 3
[MIN_THREADS], Count, 2
[MAX_SYS_LOAD_AVG], Load, 4.5
[MIN_SYS_LOAD_AVG], Load, 3.31
[THREAD_COUNT], Operations, 4
[THREAD_COUNT], AverageLatency(ns), 2.75
[THREAD_COUNT], MinLatency(ns), 2
[THREAD_COUNT], MaxLatency(ns), 3
[THREAD_COUNT], 95thPercentileLatency(ns), 3
[THREAD_COUNT], 99thPercentileLatency(ns), 3
[SYS_LOAD_AVG], Operations, 4
[SYS_LOAD_AVG], AverageLatency(ns), 3.25
[SYS_LOAD_AVG], MinLatency(ns), 3
[SYS_LOAD_AVG], MaxLatency(ns), 4
[SYS_LOAD_AVG], 95thPercentileLatency(ns), 4
[SYS_LOAD_AVG], 99thPercentileLatency(ns), 4
[LOAD], Operations, 1
[LOAD], AverageLatency(ns), 1.4089027584E10
[LOAD], MinLatency(ns), 14088994816
[LOAD], MaxLatency(ns), 14089060351
[LOAD], 95thPercentileLatency(ns), 14089060351
[LOAD], 99thPercentileLatency(ns), 14089060351
[USED_MEM_MB], Operations, 4
[USED_MEM_MB], AverageLatency(ns), 3250.75
[USED_MEM_MB], MinLatency(ns), 65
[USED_MEM_MB], MaxLatency(ns), 4978
[USED_MEM_MB], 95thPercentileLatency(ns), 4978
[USED_MEM_MB], 99thPercentileLatency(ns), 4978
[MAIN_GCs_Count], Operations, 1
[MAIN_GCs_Count], AverageLatency(ns), 5.0
[MAIN_GCs_Count], MinLatency(ns), 5
[MAIN_GCs_Count], MaxLatency(ns), 5
[MAIN_GCs_Count], 95thPercentileLatency(ns), 5
[MAIN_GCs_Count], 99thPercentileLatency(ns), 5
[MAIN_GCs_Time(ms)], Operations, 1
[MAIN_GCs_Time(ms)], AverageLatency(ns), 807.0
[MAIN_GCs_Time(ms)], MinLatency(ns), 807
[MAIN_GCs_Time(ms)], MaxLatency(ns), 807
[MAIN_GCs_Time(ms)], 95thPercentileLatency(ns), 807
[MAIN_GCs_Time(ms)], 99thPercentileLatency(ns), 807
[TRANSACTION], Operations, 1
[TRANSACTION], AverageLatency(ns), 9.441542144E9
[TRANSACTION], MinLatency(ns), 9441509376
[TRANSACTION], MaxLatency(ns), 9441574911
[TRANSACTION], 95thPercentileLatency(ns), 9441574911
[TRANSACTION], 99thPercentileLatency(ns), 9441574911
[GCS_TIME], Operations, 4
[GCS_TIME], AverageLatency(ns), 709.75
[GCS_TIME], MinLatency(ns), 73
[GCS_TIME], MaxLatency(ns), 1399
[GCS_TIME], 95thPercentileLatency(ns), 1399
[GCS_TIME], 99thPercentileLatency(ns), 1399
[LOAD_GCs_Time(ms)], Operations, 1
[LOAD_GCs_Time(ms)], AverageLatency(ns), 2032.0
[LOAD_GCs_Time(ms)], MinLatency(ns), 2032
[LOAD_GCs_Time(ms)], MaxLatency(ns), 2032
[LOAD_GCs_Time(ms)], 95thPercentileLatency(ns), 2032
[LOAD_GCs_Time(ms)], 99thPercentileLatency(ns), 2032
[READ], Operations, 1500831
[READ], AverageLatency(ns), 1827.2632581549822
[READ], MinLatency(ns), 216
[READ], MaxLatency(ns), 33375
[READ], 95thPercentileLatency(ns), 3220
[READ], 99thPercentileLatency(ns), 4134
[READ], Return=OK, 1500831
[INIT], Operations, 1
[INIT], AverageLatency(ns), 3147624.0
[INIT], MinLatency(ns), 3147616
[INIT], MaxLatency(ns), 3147631
[INIT], 95thPercentileLatency(ns), 3147631
[INIT], 99thPercentileLatency(ns), 3147631
[GCS], Operations, 4
[GCS], AverageLatency(ns), 7.25
[GCS], MinLatency(ns), 2
[GCS], MaxLatency(ns), 18
[GCS], 95thPercentileLatency(ns), 18
[GCS], 99thPercentileLatency(ns), 18
[LOAD_GCs_Count], Operations, 1
[LOAD_GCs_Count], AverageLatency(ns), 24.0
[LOAD_GCs_Count], MinLatency(ns), 24
[LOAD_GCs_Count], MaxLatency(ns), 24
[LOAD_GCs_Count], 95thPercentileLatency(ns), 24
[LOAD_GCs_Count], 99thPercentileLatency(ns), 24
[CLEANUP], Operations, 1
[CLEANUP], AverageLatency(ns), 16799.0
[CLEANUP], MinLatency(ns), 16799
[CLEANUP], MaxLatency(ns), 16799
[CLEANUP], 95thPercentileLatency(ns), 16799
[CLEANUP], 99thPercentileLatency(ns), 16799
[INSERT], Operations, 1000000
[INSERT], AverageLatency(ns), 2704.944096
[INSERT], MinLatency(ns), 412
[INSERT], MaxLatency(ns), 688119
[INSERT], 95thPercentileLatency(ns), 4321
[INSERT], 99thPercentileLatency(ns), 5578
[INSERT], Return=OK, 1000000
[UPDATE], Operations, 1499169
[UPDATE], AverageLatency(ns), 2067.1604428853584
[UPDATE], MinLatency(ns), 253
[UPDATE], MaxLatency(ns), 78273
[UPDATE], 95thPercentileLatency(ns), 3524
[UPDATE], 99thPercentileLatency(ns), 4474
[UPDATE], Return=OK, 1499169
