/home/anatole/jdk8u/build/linux-x86_64-normal-server-release/jdk/bin/java -Xmx20g -XX:+UseG1GC -classpath /home/anatole/ycsb/conf:/home/anatole/ycsb/core/target/core-0.18.0-SNAPSHOT.jar:/home/anatole/ycsb/core/target/dependency/HdrHistogram-2.1.4.jar:/home/anatole/ycsb/core/target/dependency/guava-18.0.jar:/home/anatole/ycsb/core/target/dependency/htrace-core4-4.1.0-incubating.jar:/home/anatole/ycsb/core/target/dependency/jackson-core-asl-1.9.4.jar:/home/anatole/ycsb/core/target/dependency/jackson-mapper-asl-1.9.4.jar:/home/anatole/ycsb/core/target/dependency/javax.persistence-api-2.2.jar:/home/anatole/ycsb/core/target/dependency/jnvm-1.0-SNAPSHOT.jar:/home/anatole/ycsb/core/target/dependency/pcj-1.0.jar:/home/anatole/ycsb/core/target/dependency/unsafe-helper-1.0.jar:/home/anatole/ycsb/jnvm/target/jnvm-binding-0.18.0-SNAPSHOT.jar:/home/anatole/ycsb/jnvm/target/dependency/guava-18.0.jar:/home/anatole/ycsb/jnvm/target/dependency/javax.persistence-api-2.2.jar:/home/anatole/ycsb/jnvm/target/dependency/jnvm-1.0-SNAPSHOT.jar:/home/anatole/ycsb/jnvm/target/dependency/unsafe-helper-1.0.jar site.ycsb.Client -t -db site.ycsb.db.RecoverableTreeMapClient -P ../workloads/workloada -preload -s -threads 1 -p dataintegrity=true -p offheap=true -p recordcount=1000000 -p operationcount=3000000 -p fieldcount=10 -p fieldlength=100 -p requestdistribution=zipfian -p measurement.trackjvm=true -p measurementtype=hdrhistogram -p hdrhistogram.output.path=./out/exp8.pdt.ref/log/jnvm-rtmap.run.workloada.true.1000000.1.10.100.zipfian.1.false.true.default.default.none.r1.hdr.log
[OVERALL], RunTime(ms), 33473
[OVERALL], Throughput(ops/sec), 119499.2979416246
[TOTAL_GCS_G1_Young_Generation], Count, 53
[TOTAL_GC_TIME_G1_Young_Generation], Time(ms), 2839
[TOTAL_GC_TIME_%_G1_Young_Generation], Time(%), 8.481462671406806
[TOTAL_GCS_G1_Old_Generation], Count, 0
[TOTAL_GC_TIME_G1_Old_Generation], Time(ms), 0
[TOTAL_GC_TIME_%_G1_Old_Generation], Time(%), 0.0
[TOTAL_GCs], Count, 53
[TOTAL_GC_TIME], Time(ms), 2839
[TOTAL_GC_TIME_%], Time(%), 8.481462671406806
[MAX_MEM_USED], MBs, 3331
[MIN_MEM_USED], MBs, 26
[MAX_THREADS], Count, 3
[MIN_THREADS], Count, 2
[MAX_SYS_LOAD_AVG], Load, 2.47
[MIN_SYS_LOAD_AVG], Load, 1.89
[THREAD_COUNT], Operations, 5
[THREAD_COUNT], AverageLatency(ns), 2.8
[THREAD_COUNT], MinLatency(ns), 2
[THREAD_COUNT], MaxLatency(ns), 3
[THREAD_COUNT], 95thPercentileLatency(ns), 3
[THREAD_COUNT], 99thPercentileLatency(ns), 3
[SYS_LOAD_AVG], Operations, 5
[SYS_LOAD_AVG], AverageLatency(ns), 1.6
[SYS_LOAD_AVG], MinLatency(ns), 1
[SYS_LOAD_AVG], MaxLatency(ns), 2
[SYS_LOAD_AVG], 95thPercentileLatency(ns), 2
[SYS_LOAD_AVG], 99thPercentileLatency(ns), 2
[LOAD], Operations, 1
[LOAD], AverageLatency(ns), 2.3441637376E10
[LOAD], MinLatency(ns), 23441571840
[LOAD], MaxLatency(ns), 23441702911
[LOAD], 95thPercentileLatency(ns), 23441702911
[LOAD], 99thPercentileLatency(ns), 23441702911
[USED_MEM_MB], Operations, 5
[USED_MEM_MB], AverageLatency(ns), 2185.8
[USED_MEM_MB], MinLatency(ns), 26
[USED_MEM_MB], MaxLatency(ns), 3331
[USED_MEM_MB], 95thPercentileLatency(ns), 3331
[USED_MEM_MB], 99thPercentileLatency(ns), 3331
[MAIN_GCs_Count], Operations, 1
[MAIN_GCs_Count], AverageLatency(ns), 13.0
[MAIN_GCs_Count], MinLatency(ns), 13
[MAIN_GCs_Count], MaxLatency(ns), 13
[MAIN_GCs_Count], 95thPercentileLatency(ns), 13
[MAIN_GCs_Count], 99thPercentileLatency(ns), 13
[MAIN_GCs_Time(ms)], Operations, 1
[MAIN_GCs_Time(ms)], AverageLatency(ns), 858.0
[MAIN_GCs_Time(ms)], MinLatency(ns), 858
[MAIN_GCs_Time(ms)], MaxLatency(ns), 858
[MAIN_GCs_Time(ms)], 95thPercentileLatency(ns), 858
[MAIN_GCs_Time(ms)], 99thPercentileLatency(ns), 858
[TRANSACTION], Operations, 1
[TRANSACTION], AverageLatency(ns), 9.928802304E9
[TRANSACTION], MinLatency(ns), 9928769536
[TRANSACTION], MaxLatency(ns), 9928835071
[TRANSACTION], 95thPercentileLatency(ns), 9928835071
[TRANSACTION], 99thPercentileLatency(ns), 9928835071
[GCS_TIME], Operations, 5
[GCS_TIME], AverageLatency(ns), 567.8
[GCS_TIME], MinLatency(ns), 0
[GCS_TIME], MaxLatency(ns), 941
[GCS_TIME], 95thPercentileLatency(ns), 941
[GCS_TIME], 99thPercentileLatency(ns), 941
[LOAD_GCs_Time(ms)], Operations, 1
[LOAD_GCs_Time(ms)], AverageLatency(ns), 1981.0
[LOAD_GCs_Time(ms)], MinLatency(ns), 1981
[LOAD_GCs_Time(ms)], MaxLatency(ns), 1981
[LOAD_GCs_Time(ms)], 95thPercentileLatency(ns), 1981
[LOAD_GCs_Time(ms)], 99thPercentileLatency(ns), 1981
[READ], Operations, 1500071
[READ], AverageLatency(ns), 1313.3093700231523
[READ], MinLatency(ns), 61
[READ], MaxLatency(ns), 6055839
[READ], 95thPercentileLatency(ns), 2230
[READ], 99thPercentileLatency(ns), 2709
[READ], Return=OK, 1500071
[INIT], Operations, 1
[INIT], AverageLatency(ns), 3.846592E7
[INIT], MinLatency(ns), 38465792
[INIT], MaxLatency(ns), 38466047
[INIT], 95thPercentileLatency(ns), 38466047
[INIT], 99thPercentileLatency(ns), 38466047
[GCS], Operations, 5
[GCS], AverageLatency(ns), 10.6
[GCS], MinLatency(ns), 0
[GCS], MaxLatency(ns), 25
[GCS], 95thPercentileLatency(ns), 25
[GCS], 99thPercentileLatency(ns), 25
[LOAD_GCs_Count], Operations, 1
[LOAD_GCs_Count], AverageLatency(ns), 40.0
[LOAD_GCs_Count], MinLatency(ns), 40
[LOAD_GCs_Count], MaxLatency(ns), 40
[LOAD_GCs_Count], 95thPercentileLatency(ns), 40
[LOAD_GCs_Count], 99thPercentileLatency(ns), 40
[CLEANUP], Operations, 1
[CLEANUP], AverageLatency(ns), 24616.0
[CLEANUP], MinLatency(ns), 24616
[CLEANUP], MaxLatency(ns), 24616
[CLEANUP], 95thPercentileLatency(ns), 24616
[CLEANUP], 99thPercentileLatency(ns), 24616
[INSERT], Operations, 1000000
[INSERT], AverageLatency(ns), 6404.082447
[INSERT], MinLatency(ns), 1517
[INSERT], MaxLatency(ns), 67461119
[INSERT], 95thPercentileLatency(ns), 6158
[INSERT], 99thPercentileLatency(ns), 8211
[INSERT], Return=OK, 1000000
[UPDATE], Operations, 1499929
[UPDATE], AverageLatency(ns), 1973.0138913241894
[UPDATE], MinLatency(ns), 212
[UPDATE], MaxLatency(ns), 6307455
[UPDATE], 95thPercentileLatency(ns), 3051
[UPDATE], 99thPercentileLatency(ns), 3629
[UPDATE], Return=OK, 1499929
