/home/anatole/jdk8u/build/linux-x86_64-normal-server-release/jdk/bin/java -Xmx20g -XX:+UseG1GC -classpath /home/anatole/ycsb/conf:/home/anatole/ycsb/core/target/core-0.18.0-SNAPSHOT.jar:/home/anatole/ycsb/core/target/dependency/HdrHistogram-2.1.4.jar:/home/anatole/ycsb/core/target/dependency/guava-18.0.jar:/home/anatole/ycsb/core/target/dependency/htrace-core4-4.1.0-incubating.jar:/home/anatole/ycsb/core/target/dependency/jackson-core-asl-1.9.4.jar:/home/anatole/ycsb/core/target/dependency/jackson-mapper-asl-1.9.4.jar:/home/anatole/ycsb/core/target/dependency/javax.persistence-api-2.2.jar:/home/anatole/ycsb/core/target/dependency/jnvm-1.0-SNAPSHOT.jar:/home/anatole/ycsb/core/target/dependency/pcj-1.0.jar:/home/anatole/ycsb/core/target/dependency/unsafe-helper-1.0.jar:/home/anatole/ycsb/jnvm/target/jnvm-binding-0.18.0-SNAPSHOT.jar:/home/anatole/ycsb/jnvm/target/dependency/guava-18.0.jar:/home/anatole/ycsb/jnvm/target/dependency/javax.persistence-api-2.2.jar:/home/anatole/ycsb/jnvm/target/dependency/jnvm-1.0-SNAPSHOT.jar:/home/anatole/ycsb/jnvm/target/dependency/unsafe-helper-1.0.jar site.ycsb.Client -t -db site.ycsb.db.RecoverableHashMapClient -P ../workloads/workloada -preload -s -threads 1 -p dataintegrity=true -p offheap=true -p recordcount=1000000 -p operationcount=3000000 -p fieldcount=10 -p fieldlength=100 -p requestdistribution=zipfian -p measurement.trackjvm=true -p measurementtype=hdrhistogram -p hdrhistogram.output.path=./out/exp8.pdt.ref/log/jnvm-rhmap.run.workloada.true.1000000.1.10.100.zipfian.1.false.true.default.default.none.r1.hdr.log
[OVERALL], RunTime(ms), 28090
[OVERALL], Throughput(ops/sec), 142399.4304022784
[TOTAL_GCS_G1_Young_Generation], Count, 28
[TOTAL_GC_TIME_G1_Young_Generation], Time(ms), 2400
[TOTAL_GC_TIME_%_G1_Young_Generation], Time(%), 8.543965824136704
[TOTAL_GCS_G1_Old_Generation], Count, 0
[TOTAL_GC_TIME_G1_Old_Generation], Time(ms), 0
[TOTAL_GC_TIME_%_G1_Old_Generation], Time(%), 0.0
[TOTAL_GCs], Count, 28
[TOTAL_GC_TIME], Time(ms), 2400
[TOTAL_GC_TIME_%], Time(%), 8.543965824136704
[MAX_MEM_USED], MBs, 4036
[MIN_MEM_USED], MBs, 22
[MAX_THREADS], Count, 3
[MIN_THREADS], Count, 2
[MAX_SYS_LOAD_AVG], Load, 8.53
[MIN_SYS_LOAD_AVG], Load, 6.08
[THREAD_COUNT], Operations, 4
[THREAD_COUNT], AverageLatency(ns), 2.75
[THREAD_COUNT], MinLatency(ns), 2
[THREAD_COUNT], MaxLatency(ns), 3
[THREAD_COUNT], 95thPercentileLatency(ns), 3
[THREAD_COUNT], 99thPercentileLatency(ns), 3
[SYS_LOAD_AVG], Operations, 4
[SYS_LOAD_AVG], AverageLatency(ns), 6.75
[SYS_LOAD_AVG], MinLatency(ns), 6
[SYS_LOAD_AVG], MaxLatency(ns), 8
[SYS_LOAD_AVG], 95thPercentileLatency(ns), 8
[SYS_LOAD_AVG], 99thPercentileLatency(ns), 8
[LOAD], Operations, 1
[LOAD], AverageLatency(ns), 2.1656829952E10
[LOAD], MinLatency(ns), 21656764416
[LOAD], MaxLatency(ns), 21656895487
[LOAD], 95thPercentileLatency(ns), 21656895487
[LOAD], 99thPercentileLatency(ns), 21656895487
[USED_MEM_MB], Operations, 4
[USED_MEM_MB], AverageLatency(ns), 2368.25
[USED_MEM_MB], MinLatency(ns), 22
[USED_MEM_MB], MaxLatency(ns), 4036
[USED_MEM_MB], 95thPercentileLatency(ns), 4036
[USED_MEM_MB], 99thPercentileLatency(ns), 4036
[MAIN_GCs_Count], Operations, 1
[MAIN_GCs_Count], AverageLatency(ns), 4.0
[MAIN_GCs_Count], MinLatency(ns), 4
[MAIN_GCs_Count], MaxLatency(ns), 4
[MAIN_GCs_Count], 95thPercentileLatency(ns), 4
[MAIN_GCs_Count], 99thPercentileLatency(ns), 4
[MAIN_GCs_Time(ms)], Operations, 1
[MAIN_GCs_Time(ms)], AverageLatency(ns), 600.0
[MAIN_GCs_Time(ms)], MinLatency(ns), 600
[MAIN_GCs_Time(ms)], MaxLatency(ns), 600
[MAIN_GCs_Time(ms)], 95thPercentileLatency(ns), 600
[MAIN_GCs_Time(ms)], 99thPercentileLatency(ns), 600
[TRANSACTION], Operations, 1
[TRANSACTION], AverageLatency(ns), 6.304710656E9
[TRANSACTION], MinLatency(ns), 6304694272
[TRANSACTION], MaxLatency(ns), 6304727039
[TRANSACTION], 95thPercentileLatency(ns), 6304727039
[TRANSACTION], 99thPercentileLatency(ns), 6304727039
[GCS_TIME], Operations, 4
[GCS_TIME], AverageLatency(ns), 600.0
[GCS_TIME], MinLatency(ns), 0
[GCS_TIME], MaxLatency(ns), 909
[GCS_TIME], 95thPercentileLatency(ns), 909
[GCS_TIME], 99thPercentileLatency(ns), 909
[LOAD_GCs_Time(ms)], Operations, 1
[LOAD_GCs_Time(ms)], AverageLatency(ns), 1800.0
[LOAD_GCs_Time(ms)], MinLatency(ns), 1800
[LOAD_GCs_Time(ms)], MaxLatency(ns), 1800
[LOAD_GCs_Time(ms)], 95thPercentileLatency(ns), 1800
[LOAD_GCs_Time(ms)], 99thPercentileLatency(ns), 1800
[READ], Operations, 1500996
[READ], AverageLatency(ns), 358.09359318745686
[READ], MinLatency(ns), 67
[READ], MaxLatency(ns), 82317
[READ], 95thPercentileLatency(ns), 715
[READ], 99thPercentileLatency(ns), 843
[READ], Return=OK, 1500996
[INIT], Operations, 1
[INIT], AverageLatency(ns), 4.42464E7
[INIT], MinLatency(ns), 44246272
[INIT], MaxLatency(ns), 44246527
[INIT], 95thPercentileLatency(ns), 44246527
[INIT], 99thPercentileLatency(ns), 44246527
[GCS], Operations, 4
[GCS], AverageLatency(ns), 7.0
[GCS], MinLatency(ns), 0
[GCS], MaxLatency(ns), 18
[GCS], 95thPercentileLatency(ns), 18
[GCS], 99thPercentileLatency(ns), 18
[LOAD_GCs_Count], Operations, 1
[LOAD_GCs_Count], AverageLatency(ns), 24.0
[LOAD_GCs_Count], MinLatency(ns), 24
[LOAD_GCs_Count], MaxLatency(ns), 24
[LOAD_GCs_Count], 95thPercentileLatency(ns), 24
[LOAD_GCs_Count], 99thPercentileLatency(ns), 24
[CLEANUP], Operations, 1
[CLEANUP], AverageLatency(ns), 24310.0
[CLEANUP], MinLatency(ns), 24310
[CLEANUP], MaxLatency(ns), 24310
[CLEANUP], 95thPercentileLatency(ns), 24310
[CLEANUP], 99thPercentileLatency(ns), 24310
[INSERT], Operations, 1000000
[INSERT], AverageLatency(ns), 5313.246482
[INSERT], MinLatency(ns), 982
[INSERT], MaxLatency(ns), 167180287
[INSERT], 95thPercentileLatency(ns), 5504
[INSERT], 99thPercentileLatency(ns), 6725
[INSERT], Return=OK, 1000000
[UPDATE], Operations, 1499004
[UPDATE], AverageLatency(ns), 990.1648261112045
[UPDATE], MinLatency(ns), 104
[UPDATE], MaxLatency(ns), 54220
[UPDATE], 95thPercentileLatency(ns), 1587
[UPDATE], 99thPercentileLatency(ns), 2137
[UPDATE], Return=OK, 1499004
