/home/anatole/jdk8u/build/linux-x86_64-normal-server-release/jdk/bin/java -Xmx20g -XX:+UseG1GC -classpath /home/anatole/ycsb/conf:/home/anatole/ycsb/core/target/core-0.18.0-SNAPSHOT.jar:/home/anatole/ycsb/core/target/dependency/HdrHistogram-2.1.4.jar:/home/anatole/ycsb/core/target/dependency/guava-18.0.jar:/home/anatole/ycsb/core/target/dependency/htrace-core4-4.1.0-incubating.jar:/home/anatole/ycsb/core/target/dependency/jackson-core-asl-1.9.4.jar:/home/anatole/ycsb/core/target/dependency/jackson-mapper-asl-1.9.4.jar:/home/anatole/ycsb/core/target/dependency/javax.persistence-api-2.2.jar:/home/anatole/ycsb/core/target/dependency/jnvm-1.0-SNAPSHOT.jar:/home/anatole/ycsb/core/target/dependency/pcj-1.0.jar:/home/anatole/ycsb/core/target/dependency/unsafe-helper-1.0.jar:/home/anatole/ycsb/jnvm/target/jnvm-binding-0.18.0-SNAPSHOT.jar:/home/anatole/ycsb/jnvm/target/dependency/guava-18.0.jar:/home/anatole/ycsb/jnvm/target/dependency/javax.persistence-api-2.2.jar:/home/anatole/ycsb/jnvm/target/dependency/jnvm-1.0-SNAPSHOT.jar:/home/anatole/ycsb/jnvm/target/dependency/unsafe-helper-1.0.jar site.ycsb.Client -t -db site.ycsb.db.VolatileSkipListMapClient -P ../workloads/workloada -preload -s -threads 1 -p dataintegrity=true -p offheap=false -p recordcount=1000000 -p operationcount=3000000 -p fieldcount=10 -p fieldlength=100 -p requestdistribution=zipfian -p measurement.trackjvm=true -p measurementtype=hdrhistogram -p hdrhistogram.output.path=./out/exp8.pdt.ref/log/jnvm-vslmap.run.workloada.true.1000000.1.10.100.zipfian.1.false.true.default.default.none.r6.hdr.log
[OVERALL], RunTime(ms), 23582
[OVERALL], Throughput(ops/sec), 169620.89729454668
[TOTAL_GCS_G1_Young_Generation], Count, 29
[TOTAL_GC_TIME_G1_Young_Generation], Time(ms), 2835
[TOTAL_GC_TIME_%_G1_Young_Generation], Time(%), 12.021881095750997
[TOTAL_GCS_G1_Old_Generation], Count, 0
[TOTAL_GC_TIME_G1_Old_Generation], Time(ms), 0
[TOTAL_GC_TIME_%_G1_Old_Generation], Time(%), 0.0
[TOTAL_GCs], Count, 29
[TOTAL_GC_TIME], Time(ms), 2835
[TOTAL_GC_TIME_%], Time(%), 12.021881095750997
[MAX_MEM_USED], MBs, 4668
[MIN_MEM_USED], MBs, 75
[MAX_THREADS], Count, 3
[MIN_THREADS], Count, 2
[MAX_SYS_LOAD_AVG], Load, 8.53
[MIN_SYS_LOAD_AVG], Load, 4.42
[THREAD_COUNT], Operations, 4
[THREAD_COUNT], AverageLatency(ns), 2.75
[THREAD_COUNT], MinLatency(ns), 2
[THREAD_COUNT], MaxLatency(ns), 3
[THREAD_COUNT], 95thPercentileLatency(ns), 3
[THREAD_COUNT], 99thPercentileLatency(ns), 3
[SYS_LOAD_AVG], Operations, 4
[SYS_LOAD_AVG], AverageLatency(ns), 6.25
[SYS_LOAD_AVG], MinLatency(ns), 4
[SYS_LOAD_AVG], MaxLatency(ns), 8
[SYS_LOAD_AVG], 95thPercentileLatency(ns), 8
[SYS_LOAD_AVG], 99thPercentileLatency(ns), 8
[LOAD], Operations, 1
[LOAD], AverageLatency(ns), 1.4018445312E10
[LOAD], MinLatency(ns), 14018412544
[LOAD], MaxLatency(ns), 14018478079
[LOAD], 95thPercentileLatency(ns), 14018478079
[LOAD], 99thPercentileLatency(ns), 14018478079
[USED_MEM_MB], Operations, 4
[USED_MEM_MB], AverageLatency(ns), 3130.0
[USED_MEM_MB], MinLatency(ns), 75
[USED_MEM_MB], MaxLatency(ns), 4668
[USED_MEM_MB], 95thPercentileLatency(ns), 4668
[USED_MEM_MB], 99thPercentileLatency(ns), 4668
[MAIN_GCs_Count], Operations, 1
[MAIN_GCs_Count], AverageLatency(ns), 5.0
[MAIN_GCs_Count], MinLatency(ns), 5
[MAIN_GCs_Count], MaxLatency(ns), 5
[MAIN_GCs_Count], 95thPercentileLatency(ns), 5
[MAIN_GCs_Count], 99thPercentileLatency(ns), 5
[MAIN_GCs_Time(ms)], Operations, 1
[MAIN_GCs_Time(ms)], AverageLatency(ns), 825.0
[MAIN_GCs_Time(ms)], MinLatency(ns), 825
[MAIN_GCs_Time(ms)], MaxLatency(ns), 825
[MAIN_GCs_Time(ms)], 95thPercentileLatency(ns), 825
[MAIN_GCs_Time(ms)], 99thPercentileLatency(ns), 825
[TRANSACTION], Operations, 1
[TRANSACTION], AverageLatency(ns), 9.462054912E9
[TRANSACTION], MinLatency(ns), 9462022144
[TRANSACTION], MaxLatency(ns), 9462087679
[TRANSACTION], 95thPercentileLatency(ns), 9462087679
[TRANSACTION], 99thPercentileLatency(ns), 9462087679
[GCS_TIME], Operations, 4
[GCS_TIME], AverageLatency(ns), 708.75
[GCS_TIME], MinLatency(ns), 27
[GCS_TIME], MaxLatency(ns), 1435
[GCS_TIME], 95thPercentileLatency(ns), 1435
[GCS_TIME], 99thPercentileLatency(ns), 1435
[LOAD_GCs_Time(ms)], Operations, 1
[LOAD_GCs_Time(ms)], AverageLatency(ns), 2010.0
[LOAD_GCs_Time(ms)], MinLatency(ns), 2010
[LOAD_GCs_Time(ms)], MaxLatency(ns), 2010
[LOAD_GCs_Time(ms)], 95thPercentileLatency(ns), 2010
[LOAD_GCs_Time(ms)], 99thPercentileLatency(ns), 2010
[READ], Operations, 1500179
[READ], AverageLatency(ns), 1848.848302769203
[READ], MinLatency(ns), 212
[READ], MaxLatency(ns), 76695
[READ], 95thPercentileLatency(ns), 3275
[READ], 99thPercentileLatency(ns), 4194
[READ], Return=OK, 1500179
[INIT], Operations, 1
[INIT], AverageLatency(ns), 3073080.0
[INIT], MinLatency(ns), 3073072
[INIT], MaxLatency(ns), 3073087
[INIT], 95thPercentileLatency(ns), 3073087
[INIT], 99thPercentileLatency(ns), 3073087
[GCS], Operations, 4
[GCS], AverageLatency(ns), 7.25
[GCS], MinLatency(ns), 1
[GCS], MaxLatency(ns), 19
[GCS], 95thPercentileLatency(ns), 19
[GCS], 99thPercentileLatency(ns), 19
[LOAD_GCs_Count], Operations, 1
[LOAD_GCs_Count], AverageLatency(ns), 24.0
[LOAD_GCs_Count], MinLatency(ns), 24
[LOAD_GCs_Count], MaxLatency(ns), 24
[LOAD_GCs_Count], 95thPercentileLatency(ns), 24
[LOAD_GCs_Count], 99thPercentileLatency(ns), 24
[CLEANUP], Operations, 1
[CLEANUP], AverageLatency(ns), 18614.0
[CLEANUP], MinLatency(ns), 18614
[CLEANUP], MaxLatency(ns), 18614
[CLEANUP], 95thPercentileLatency(ns), 18614
[CLEANUP], 99thPercentileLatency(ns), 18614
[INSERT], Operations, 1000000
[INSERT], AverageLatency(ns), 2845.222631
[INSERT], MinLatency(ns), 418
[INSERT], MaxLatency(ns), 84104703
[INSERT], 95thPercentileLatency(ns), 4399
[INSERT], 99thPercentileLatency(ns), 5636
[INSERT], Return=OK, 1000000
[UPDATE], Operations, 1499821
[UPDATE], AverageLatency(ns), 2076.9675614623343
[UPDATE], MinLatency(ns), 242
[UPDATE], MaxLatency(ns), 67540
[UPDATE], 95thPercentileLatency(ns), 3557
[UPDATE], 99thPercentileLatency(ns), 4511
[UPDATE], Return=OK, 1499821
