/home/anatole/jdk8u/build/linux-x86_64-normal-server-release/jdk/bin/java -Xmx20g -XX:+UseG1GC -classpath /home/anatole/ycsb/conf:/home/anatole/ycsb/core/target/core-0.18.0-SNAPSHOT.jar:/home/anatole/ycsb/core/target/dependency/HdrHistogram-2.1.4.jar:/home/anatole/ycsb/core/target/dependency/guava-18.0.jar:/home/anatole/ycsb/core/target/dependency/htrace-core4-4.1.0-incubating.jar:/home/anatole/ycsb/core/target/dependency/jackson-core-asl-1.9.4.jar:/home/anatole/ycsb/core/target/dependency/jackson-mapper-asl-1.9.4.jar:/home/anatole/ycsb/core/target/dependency/javax.persistence-api-2.2.jar:/home/anatole/ycsb/core/target/dependency/jnvm-1.0-SNAPSHOT.jar:/home/anatole/ycsb/core/target/dependency/pcj-1.0.jar:/home/anatole/ycsb/core/target/dependency/unsafe-helper-1.0.jar:/home/anatole/ycsb/jnvm/target/jnvm-binding-0.18.0-SNAPSHOT.jar:/home/anatole/ycsb/jnvm/target/dependency/guava-18.0.jar:/home/anatole/ycsb/jnvm/target/dependency/javax.persistence-api-2.2.jar:/home/anatole/ycsb/jnvm/target/dependency/jnvm-1.0-SNAPSHOT.jar:/home/anatole/ycsb/jnvm/target/dependency/unsafe-helper-1.0.jar site.ycsb.Client -t -db site.ycsb.db.RecoverableSkipListMapClient -P ../workloads/workloada -preload -s -threads 1 -p dataintegrity=true -p offheap=true -p recordcount=1000000 -p operationcount=3000000 -p fieldcount=10 -p fieldlength=100 -p requestdistribution=zipfian -p measurement.trackjvm=true -p measurementtype=hdrhistogram -p hdrhistogram.output.path=./out/exp8.pdt.ref/log/jnvm-rslmap.run.workloada.true.1000000.1.10.100.zipfian.1.false.true.default.default.none.r6.hdr.log
[OVERALL], RunTime(ms), 39236
[OVERALL], Throughput(ops/sec), 101947.19135487817
[TOTAL_GCS_G1_Young_Generation], Count, 36
[TOTAL_GC_TIME_G1_Young_Generation], Time(ms), 3537
[TOTAL_GC_TIME_%_G1_Young_Generation], Time(%), 9.014680395555102
[TOTAL_GCS_G1_Old_Generation], Count, 0
[TOTAL_GC_TIME_G1_Old_Generation], Time(ms), 0
[TOTAL_GC_TIME_%_G1_Old_Generation], Time(%), 0.0
[TOTAL_GCs], Count, 36
[TOTAL_GC_TIME], Time(ms), 3537
[TOTAL_GC_TIME_%], Time(%), 9.014680395555102
[MAX_MEM_USED], MBs, 5037
[MIN_MEM_USED], MBs, 22
[MAX_THREADS], Count, 3
[MIN_THREADS], Count, 2
[MAX_SYS_LOAD_AVG], Load, 8.23
[MIN_SYS_LOAD_AVG], Load, 3.32
[THREAD_COUNT], Operations, 5
[THREAD_COUNT], AverageLatency(ns), 2.8
[THREAD_COUNT], MinLatency(ns), 2
[THREAD_COUNT], MaxLatency(ns), 3
[THREAD_COUNT], 95thPercentileLatency(ns), 3
[THREAD_COUNT], 99thPercentileLatency(ns), 3
[SYS_LOAD_AVG], Operations, 5
[SYS_LOAD_AVG], AverageLatency(ns), 4.4
[SYS_LOAD_AVG], MinLatency(ns), 3
[SYS_LOAD_AVG], MaxLatency(ns), 8
[SYS_LOAD_AVG], 95thPercentileLatency(ns), 8
[SYS_LOAD_AVG], 99thPercentileLatency(ns), 8
[LOAD], Operations, 1
[LOAD], AverageLatency(ns), 2.4906891264E10
[LOAD], MinLatency(ns), 24906825728
[LOAD], MaxLatency(ns), 24906956799
[LOAD], 95thPercentileLatency(ns), 24906956799
[LOAD], 99thPercentileLatency(ns), 24906956799
[USED_MEM_MB], Operations, 5
[USED_MEM_MB], AverageLatency(ns), 2792.0
[USED_MEM_MB], MinLatency(ns), 22
[USED_MEM_MB], MaxLatency(ns), 5037
[USED_MEM_MB], 95thPercentileLatency(ns), 5037
[USED_MEM_MB], 99thPercentileLatency(ns), 5037
[MAIN_GCs_Count], Operations, 1
[MAIN_GCs_Count], AverageLatency(ns), 10.0
[MAIN_GCs_Count], MinLatency(ns), 10
[MAIN_GCs_Count], MaxLatency(ns), 10
[MAIN_GCs_Count], 95thPercentileLatency(ns), 10
[MAIN_GCs_Count], 99thPercentileLatency(ns), 10
[MAIN_GCs_Time(ms)], Operations, 1
[MAIN_GCs_Time(ms)], AverageLatency(ns), 1545.0
[MAIN_GCs_Time(ms)], MinLatency(ns), 1545
[MAIN_GCs_Time(ms)], MaxLatency(ns), 1545
[MAIN_GCs_Time(ms)], 95thPercentileLatency(ns), 1545
[MAIN_GCs_Time(ms)], 99thPercentileLatency(ns), 1545
[TRANSACTION], Operations, 1
[TRANSACTION], AverageLatency(ns), 1.4205026304E10
[TRANSACTION], MinLatency(ns), 14204993536
[TRANSACTION], MaxLatency(ns), 14205059071
[TRANSACTION], 95thPercentileLatency(ns), 14205059071
[TRANSACTION], 99thPercentileLatency(ns), 14205059071
[GCS_TIME], Operations, 5
[GCS_TIME], AverageLatency(ns), 707.4
[GCS_TIME], MinLatency(ns), 0
[GCS_TIME], MaxLatency(ns), 1105
[GCS_TIME], 95thPercentileLatency(ns), 1105
[GCS_TIME], 99thPercentileLatency(ns), 1105
[LOAD_GCs_Time(ms)], Operations, 1
[LOAD_GCs_Time(ms)], AverageLatency(ns), 1992.0
[LOAD_GCs_Time(ms)], MinLatency(ns), 1992
[LOAD_GCs_Time(ms)], MaxLatency(ns), 1992
[LOAD_GCs_Time(ms)], 95thPercentileLatency(ns), 1992
[LOAD_GCs_Time(ms)], 99thPercentileLatency(ns), 1992
[READ], Operations, 1499126
[READ], AverageLatency(ns), 2537.463269931947
[READ], MinLatency(ns), 317
[READ], MaxLatency(ns), 1580183
[READ], 95thPercentileLatency(ns), 4400
[READ], 99thPercentileLatency(ns), 5669
[READ], Return=OK, 1499126
[INIT], Operations, 1
[INIT], AverageLatency(ns), 4.7838592E7
[INIT], MinLatency(ns), 47838464
[INIT], MaxLatency(ns), 47838719
[INIT], 95thPercentileLatency(ns), 47838719
[INIT], 99thPercentileLatency(ns), 47838719
[GCS], Operations, 5
[GCS], AverageLatency(ns), 7.2
[GCS], MinLatency(ns), 0
[GCS], MaxLatency(ns), 18
[GCS], 95thPercentileLatency(ns), 18
[GCS], 99thPercentileLatency(ns), 18
[LOAD_GCs_Count], Operations, 1
[LOAD_GCs_Count], AverageLatency(ns), 26.0
[LOAD_GCs_Count], MinLatency(ns), 26
[LOAD_GCs_Count], MaxLatency(ns), 26
[LOAD_GCs_Count], 95thPercentileLatency(ns), 26
[LOAD_GCs_Count], 99thPercentileLatency(ns), 26
[CLEANUP], Operations, 1
[CLEANUP], AverageLatency(ns), 27972.0
[CLEANUP], MinLatency(ns), 27972
[CLEANUP], MaxLatency(ns), 27972
[CLEANUP], 95thPercentileLatency(ns), 27972
[CLEANUP], 99thPercentileLatency(ns), 27972
[INSERT], Operations, 1000000
[INSERT], AverageLatency(ns), 8053.701085
[INSERT], MinLatency(ns), 1742
[INSERT], MaxLatency(ns), 139489279
[INSERT], 95thPercentileLatency(ns), 8685
[INSERT], 99thPercentileLatency(ns), 10933
[INSERT], Return=OK, 1000000
[UPDATE], Operations, 1500874
[UPDATE], AverageLatency(ns), 3174.8562011201475
[UPDATE], MinLatency(ns), 394
[UPDATE], MaxLatency(ns), 161756
[UPDATE], 95thPercentileLatency(ns), 5154
[UPDATE], 99thPercentileLatency(ns), 6468
[UPDATE], Return=OK, 1500874
