/home/anatole/jdk8u/build/linux-x86_64-normal-server-release/jdk/bin/java -Xmx20g -XX:+UseG1GC -classpath /home/anatole/ycsb/conf:/home/anatole/ycsb/core/target/core-0.18.0-SNAPSHOT.jar:/home/anatole/ycsb/core/target/dependency/HdrHistogram-2.1.4.jar:/home/anatole/ycsb/core/target/dependency/guava-18.0.jar:/home/anatole/ycsb/core/target/dependency/htrace-core4-4.1.0-incubating.jar:/home/anatole/ycsb/core/target/dependency/jackson-core-asl-1.9.4.jar:/home/anatole/ycsb/core/target/dependency/jackson-mapper-asl-1.9.4.jar:/home/anatole/ycsb/core/target/dependency/javax.persistence-api-2.2.jar:/home/anatole/ycsb/core/target/dependency/jnvm-1.0-SNAPSHOT.jar:/home/anatole/ycsb/core/target/dependency/pcj-1.0.jar:/home/anatole/ycsb/core/target/dependency/unsafe-helper-1.0.jar:/home/anatole/ycsb/jnvm/target/jnvm-binding-0.18.0-SNAPSHOT.jar:/home/anatole/ycsb/jnvm/target/dependency/guava-18.0.jar:/home/anatole/ycsb/jnvm/target/dependency/javax.persistence-api-2.2.jar:/home/anatole/ycsb/jnvm/target/dependency/jnvm-1.0-SNAPSHOT.jar:/home/anatole/ycsb/jnvm/target/dependency/unsafe-helper-1.0.jar site.ycsb.Client -t -db site.ycsb.db.RecoverableSkipListMapClient -P ../workloads/workloada -preload -s -threads 1 -p dataintegrity=true -p offheap=true -p recordcount=1000000 -p operationcount=3000000 -p fieldcount=10 -p fieldlength=100 -p requestdistribution=zipfian -p measurement.trackjvm=true -p measurementtype=hdrhistogram -p hdrhistogram.output.path=./out/exp8.pdt.ref/log/jnvm-rslmap.run.workloada.true.1000000.1.10.100.zipfian.1.false.true.default.default.none.r4.hdr.log
[OVERALL], RunTime(ms), 39611
[OVERALL], Throughput(ops/sec), 100982.05044053419
[TOTAL_GCS_G1_Young_Generation], Count, 67
[TOTAL_GC_TIME_G1_Young_Generation], Time(ms), 3160
[TOTAL_GC_TIME_%_G1_Young_Generation], Time(%), 7.977581984802201
[TOTAL_GCS_G1_Old_Generation], Count, 0
[TOTAL_GC_TIME_G1_Old_Generation], Time(ms), 0
[TOTAL_GC_TIME_%_G1_Old_Generation], Time(%), 0.0
[TOTAL_GCs], Count, 67
[TOTAL_GC_TIME], Time(ms), 3160
[TOTAL_GC_TIME_%], Time(%), 7.977581984802201
[MAX_MEM_USED], MBs, 3164
[MIN_MEM_USED], MBs, 22
[MAX_THREADS], Count, 3
[MIN_THREADS], Count, 2
[MAX_SYS_LOAD_AVG], Load, 5.89
[MIN_SYS_LOAD_AVG], Load, 3.98
[THREAD_COUNT], Operations, 5
[THREAD_COUNT], AverageLatency(ns), 2.8
[THREAD_COUNT], MinLatency(ns), 2
[THREAD_COUNT], MaxLatency(ns), 3
[THREAD_COUNT], 95thPercentileLatency(ns), 3
[THREAD_COUNT], 99thPercentileLatency(ns), 3
[SYS_LOAD_AVG], Operations, 5
[SYS_LOAD_AVG], AverageLatency(ns), 4.2
[SYS_LOAD_AVG], MinLatency(ns), 3
[SYS_LOAD_AVG], MaxLatency(ns), 5
[SYS_LOAD_AVG], 95thPercentileLatency(ns), 5
[SYS_LOAD_AVG], 99thPercentileLatency(ns), 5
[LOAD], Operations, 1
[LOAD], AverageLatency(ns), 2.548662272E10
[LOAD], MinLatency(ns), 25486557184
[LOAD], MaxLatency(ns), 25486688255
[LOAD], 95thPercentileLatency(ns), 25486688255
[LOAD], 99thPercentileLatency(ns), 25486688255
[USED_MEM_MB], Operations, 5
[USED_MEM_MB], AverageLatency(ns), 2048.4
[USED_MEM_MB], MinLatency(ns), 22
[USED_MEM_MB], MaxLatency(ns), 3164
[USED_MEM_MB], 95thPercentileLatency(ns), 3164
[USED_MEM_MB], 99thPercentileLatency(ns), 3164
[MAIN_GCs_Count], Operations, 1
[MAIN_GCs_Count], AverageLatency(ns), 13.0
[MAIN_GCs_Count], MinLatency(ns), 13
[MAIN_GCs_Count], MaxLatency(ns), 13
[MAIN_GCs_Count], 95thPercentileLatency(ns), 13
[MAIN_GCs_Count], 99thPercentileLatency(ns), 13
[MAIN_GCs_Time(ms)], Operations, 1
[MAIN_GCs_Time(ms)], AverageLatency(ns), 971.0
[MAIN_GCs_Time(ms)], MinLatency(ns), 971
[MAIN_GCs_Time(ms)], MaxLatency(ns), 971
[MAIN_GCs_Time(ms)], 95thPercentileLatency(ns), 971
[MAIN_GCs_Time(ms)], 99thPercentileLatency(ns), 971
[TRANSACTION], Operations, 1
[TRANSACTION], AverageLatency(ns), 1.3979385856E10
[TRANSACTION], MinLatency(ns), 13979353088
[TRANSACTION], MaxLatency(ns), 13979418623
[TRANSACTION], 95thPercentileLatency(ns), 13979418623
[TRANSACTION], 99thPercentileLatency(ns), 13979418623
[GCS_TIME], Operations, 5
[GCS_TIME], AverageLatency(ns), 632.0
[GCS_TIME], MinLatency(ns), 0
[GCS_TIME], MaxLatency(ns), 895
[GCS_TIME], 95thPercentileLatency(ns), 895
[GCS_TIME], 99thPercentileLatency(ns), 895
[LOAD_GCs_Time(ms)], Operations, 1
[LOAD_GCs_Time(ms)], AverageLatency(ns), 2158.0
[LOAD_GCs_Time(ms)], MinLatency(ns), 2158
[LOAD_GCs_Time(ms)], MaxLatency(ns), 2158
[LOAD_GCs_Time(ms)], 95thPercentileLatency(ns), 2158
[LOAD_GCs_Time(ms)], 99thPercentileLatency(ns), 2158
[READ], Operations, 1500881
[READ], AverageLatency(ns), 2602.092996713264
[READ], MinLatency(ns), 294
[READ], MaxLatency(ns), 7016959
[READ], 95thPercentileLatency(ns), 4531
[READ], 99thPercentileLatency(ns), 5713
[READ], Return=OK, 1500881
[INIT], Operations, 1
[INIT], AverageLatency(ns), 4.5962368E7
[INIT], MinLatency(ns), 45962240
[INIT], MaxLatency(ns), 45962495
[INIT], 95thPercentileLatency(ns), 45962495
[INIT], 99thPercentileLatency(ns), 45962495
[GCS], Operations, 5
[GCS], AverageLatency(ns), 13.4
[GCS], MinLatency(ns), 0
[GCS], MaxLatency(ns), 24
[GCS], 95thPercentileLatency(ns), 24
[GCS], 99thPercentileLatency(ns), 24
[LOAD_GCs_Count], Operations, 1
[LOAD_GCs_Count], AverageLatency(ns), 53.0
[LOAD_GCs_Count], MinLatency(ns), 53
[LOAD_GCs_Count], MaxLatency(ns), 53
[LOAD_GCs_Count], 95thPercentileLatency(ns), 53
[LOAD_GCs_Count], 99thPercentileLatency(ns), 53
[CLEANUP], Operations, 1
[CLEANUP], AverageLatency(ns), 29594.0
[CLEANUP], MinLatency(ns), 29594
[CLEANUP], MaxLatency(ns), 29594
[CLEANUP], 95thPercentileLatency(ns), 29594
[CLEANUP], 99thPercentileLatency(ns), 29594
[INSERT], Operations, 1000000
[INSERT], AverageLatency(ns), 8219.672156
[INSERT], MinLatency(ns), 1720
[INSERT], MaxLatency(ns), 116418559
[INSERT], 95thPercentileLatency(ns), 8982
[INSERT], 99thPercentileLatency(ns), 11637
[INSERT], Return=OK, 1000000
[UPDATE], Operations, 1499119
[UPDATE], AverageLatency(ns), 3285.8402495065434
[UPDATE], MinLatency(ns), 387
[UPDATE], MaxLatency(ns), 33522559
[UPDATE], 95thPercentileLatency(ns), 5305
[UPDATE], 99thPercentileLatency(ns), 6521
[UPDATE], Return=OK, 1499119
