/home/anatole/jdk8u/build/linux-x86_64-normal-server-release/jdk/bin/java -Xmx20g -XX:+UseG1GC -classpath /home/anatole/ycsb/conf:/home/anatole/ycsb/core/target/core-0.18.0-SNAPSHOT.jar:/home/anatole/ycsb/core/target/dependency/HdrHistogram-2.1.4.jar:/home/anatole/ycsb/core/target/dependency/guava-18.0.jar:/home/anatole/ycsb/core/target/dependency/htrace-core4-4.1.0-incubating.jar:/home/anatole/ycsb/core/target/dependency/jackson-core-asl-1.9.4.jar:/home/anatole/ycsb/core/target/dependency/jackson-mapper-asl-1.9.4.jar:/home/anatole/ycsb/core/target/dependency/javax.persistence-api-2.2.jar:/home/anatole/ycsb/core/target/dependency/jnvm-1.0-SNAPSHOT.jar:/home/anatole/ycsb/core/target/dependency/pcj-1.0.jar:/home/anatole/ycsb/core/target/dependency/unsafe-helper-1.0.jar:/home/anatole/ycsb/jnvm/target/jnvm-binding-0.18.0-SNAPSHOT.jar:/home/anatole/ycsb/jnvm/target/dependency/guava-18.0.jar:/home/anatole/ycsb/jnvm/target/dependency/javax.persistence-api-2.2.jar:/home/anatole/ycsb/jnvm/target/dependency/jnvm-1.0-SNAPSHOT.jar:/home/anatole/ycsb/jnvm/target/dependency/unsafe-helper-1.0.jar site.ycsb.Client -t -db site.ycsb.db.RecoverableTreeMapClient -P ../workloads/workloada -preload -s -threads 1 -p dataintegrity=true -p offheap=true -p recordcount=1000000 -p operationcount=3000000 -p fieldcount=10 -p fieldlength=100 -p requestdistribution=zipfian -p measurement.trackjvm=true -p measurementtype=hdrhistogram -p hdrhistogram.output.path=./out/exp8.pdt.ref/log/jnvm-rtmap.run.workloada.true.1000000.1.10.100.zipfian.1.false.true.default.default.none.r3.hdr.log
[OVERALL], RunTime(ms), 33479
[OVERALL], Throughput(ops/sec), 119477.88165715821
[TOTAL_GCS_G1_Young_Generation], Count, 35
[TOTAL_GC_TIME_G1_Young_Generation], Time(ms), 3324
[TOTAL_GC_TIME_%_G1_Young_Generation], Time(%), 9.928611965709848
[TOTAL_GCS_G1_Old_Generation], Count, 0
[TOTAL_GC_TIME_G1_Old_Generation], Time(ms), 0
[TOTAL_GC_TIME_%_G1_Old_Generation], Time(%), 0.0
[TOTAL_GCs], Count, 35
[TOTAL_GC_TIME], Time(ms), 3324
[TOTAL_GC_TIME_%], Time(%), 9.928611965709848
[MAX_MEM_USED], MBs, 3506
[MIN_MEM_USED], MBs, 26
[MAX_THREADS], Count, 3
[MIN_THREADS], Count, 2
[MAX_SYS_LOAD_AVG], Load, 3.82
[MIN_SYS_LOAD_AVG], Load, 1.52
[THREAD_COUNT], Operations, 5
[THREAD_COUNT], AverageLatency(ns), 2.8
[THREAD_COUNT], MinLatency(ns), 2
[THREAD_COUNT], MaxLatency(ns), 3
[THREAD_COUNT], 95thPercentileLatency(ns), 3
[THREAD_COUNT], 99thPercentileLatency(ns), 3
[SYS_LOAD_AVG], Operations, 5
[SYS_LOAD_AVG], AverageLatency(ns), 2.2
[SYS_LOAD_AVG], MinLatency(ns), 1
[SYS_LOAD_AVG], MaxLatency(ns), 3
[SYS_LOAD_AVG], 95thPercentileLatency(ns), 3
[SYS_LOAD_AVG], 99thPercentileLatency(ns), 3
[LOAD], Operations, 1
[LOAD], AverageLatency(ns), 2.2626107392E10
[LOAD], MinLatency(ns), 22626041856
[LOAD], MaxLatency(ns), 22626172927
[LOAD], 95thPercentileLatency(ns), 22626172927
[LOAD], 99thPercentileLatency(ns), 22626172927
[USED_MEM_MB], Operations, 5
[USED_MEM_MB], AverageLatency(ns), 2278.8
[USED_MEM_MB], MinLatency(ns), 26
[USED_MEM_MB], MaxLatency(ns), 3506
[USED_MEM_MB], 95thPercentileLatency(ns), 3506
[USED_MEM_MB], 99thPercentileLatency(ns), 3506
[MAIN_GCs_Count], Operations, 1
[MAIN_GCs_Count], AverageLatency(ns), 10.0
[MAIN_GCs_Count], MinLatency(ns), 10
[MAIN_GCs_Count], MaxLatency(ns), 10
[MAIN_GCs_Count], 95thPercentileLatency(ns), 10
[MAIN_GCs_Count], 99thPercentileLatency(ns), 10
[MAIN_GCs_Time(ms)], Operations, 1
[MAIN_GCs_Time(ms)], AverageLatency(ns), 1503.0
[MAIN_GCs_Time(ms)], MinLatency(ns), 1503
[MAIN_GCs_Time(ms)], MaxLatency(ns), 1503
[MAIN_GCs_Time(ms)], 95thPercentileLatency(ns), 1503
[MAIN_GCs_Time(ms)], 99thPercentileLatency(ns), 1503
[TRANSACTION], Operations, 1
[TRANSACTION], AverageLatency(ns), 1.0739482624E10
[TRANSACTION], MinLatency(ns), 10739449856
[TRANSACTION], MaxLatency(ns), 10739515391
[TRANSACTION], 95thPercentileLatency(ns), 10739515391
[TRANSACTION], 99thPercentileLatency(ns), 10739515391
[GCS_TIME], Operations, 5
[GCS_TIME], AverageLatency(ns), 664.8
[GCS_TIME], MinLatency(ns), 0
[GCS_TIME], MaxLatency(ns), 1154
[GCS_TIME], 95thPercentileLatency(ns), 1154
[GCS_TIME], 99thPercentileLatency(ns), 1154
[LOAD_GCs_Time(ms)], Operations, 1
[LOAD_GCs_Time(ms)], AverageLatency(ns), 1821.0
[LOAD_GCs_Time(ms)], MinLatency(ns), 1821
[LOAD_GCs_Time(ms)], MaxLatency(ns), 1821
[LOAD_GCs_Time(ms)], 95thPercentileLatency(ns), 1821
[LOAD_GCs_Time(ms)], 99thPercentileLatency(ns), 1821
[READ], Operations, 1500677
[READ], AverageLatency(ns), 1331.0555842463102
[READ], MinLatency(ns), 58
[READ], MaxLatency(ns), 97648
[READ], 95thPercentileLatency(ns), 2259
[READ], 99thPercentileLatency(ns), 2873
[READ], Return=OK, 1500677
[INIT], Operations, 1
[INIT], AverageLatency(ns), 3.8395776E7
[INIT], MinLatency(ns), 38395648
[INIT], MaxLatency(ns), 38395903
[INIT], 95thPercentileLatency(ns), 38395903
[INIT], 99thPercentileLatency(ns), 38395903
[GCS], Operations, 5
[GCS], AverageLatency(ns), 7.0
[GCS], MinLatency(ns), 0
[GCS], MaxLatency(ns), 19
[GCS], 95thPercentileLatency(ns), 19
[GCS], 99thPercentileLatency(ns), 19
[LOAD_GCs_Count], Operations, 1
[LOAD_GCs_Count], AverageLatency(ns), 25.0
[LOAD_GCs_Count], MinLatency(ns), 25
[LOAD_GCs_Count], MaxLatency(ns), 25
[LOAD_GCs_Count], 95thPercentileLatency(ns), 25
[LOAD_GCs_Count], 99thPercentileLatency(ns), 25
[CLEANUP], Operations, 1
[CLEANUP], AverageLatency(ns), 24021.0
[CLEANUP], MinLatency(ns), 24021
[CLEANUP], MaxLatency(ns), 24021
[CLEANUP], 95thPercentileLatency(ns), 24021
[CLEANUP], 99thPercentileLatency(ns), 24021
[INSERT], Operations, 1000000
[INSERT], AverageLatency(ns), 6208.987327
[INSERT], MinLatency(ns), 1428
[INSERT], MaxLatency(ns), 1657079
[INSERT], 95thPercentileLatency(ns), 6098
[INSERT], 99thPercentileLatency(ns), 8270
[INSERT], Return=OK, 1000000
[UPDATE], Operations, 1499323
[UPDATE], AverageLatency(ns), 1975.0683181675997
[UPDATE], MinLatency(ns), 220
[UPDATE], MaxLatency(ns), 563687
[UPDATE], 95thPercentileLatency(ns), 3056
[UPDATE], 99thPercentileLatency(ns), 3804
[UPDATE], Return=OK, 1499323
