/home/anatole/jdk8u/build/linux-x86_64-normal-server-release/jdk/bin/java -Xmx20g -XX:+UseG1GC -classpath /home/anatole/ycsb/conf:/home/anatole/ycsb/core/target/core-0.18.0-SNAPSHOT.jar:/home/anatole/ycsb/core/target/dependency/HdrHistogram-2.1.4.jar:/home/anatole/ycsb/core/target/dependency/guava-18.0.jar:/home/anatole/ycsb/core/target/dependency/htrace-core4-4.1.0-incubating.jar:/home/anatole/ycsb/core/target/dependency/jackson-core-asl-1.9.4.jar:/home/anatole/ycsb/core/target/dependency/jackson-mapper-asl-1.9.4.jar:/home/anatole/ycsb/core/target/dependency/javax.persistence-api-2.2.jar:/home/anatole/ycsb/core/target/dependency/jnvm-1.0-SNAPSHOT.jar:/home/anatole/ycsb/core/target/dependency/pcj-1.0.jar:/home/anatole/ycsb/core/target/dependency/unsafe-helper-1.0.jar:/home/anatole/ycsb/jnvm/target/jnvm-binding-0.18.0-SNAPSHOT.jar:/home/anatole/ycsb/jnvm/target/dependency/guava-18.0.jar:/home/anatole/ycsb/jnvm/target/dependency/javax.persistence-api-2.2.jar:/home/anatole/ycsb/jnvm/target/dependency/jnvm-1.0-SNAPSHOT.jar:/home/anatole/ycsb/jnvm/target/dependency/unsafe-helper-1.0.jar site.ycsb.Client -t -db site.ycsb.db.VolatileHashMapClient -P ../workloads/workloada -preload -s -threads 1 -p dataintegrity=true -p offheap=false -p recordcount=1000000 -p operationcount=3000000 -p fieldcount=10 -p fieldlength=100 -p requestdistribution=zipfian -p measurement.trackjvm=true -p measurementtype=hdrhistogram -p hdrhistogram.output.path=./out/exp8.pdt.ref/log/jnvm-vhmap.run.workloada.true.1000000.1.10.100.zipfian.1.false.true.default.default.none.r2.hdr.log
[OVERALL], RunTime(ms), 15911
[OVERALL], Throughput(ops/sec), 251398.40362013702
[TOTAL_GCS_G1_Young_Generation], Count, 29
[TOTAL_GC_TIME_G1_Young_Generation], Time(ms), 2726
[TOTAL_GC_TIME_%_G1_Young_Generation], Time(%), 17.132801206712337
[TOTAL_GCS_G1_Old_Generation], Count, 0
[TOTAL_GC_TIME_G1_Old_Generation], Time(ms), 0
[TOTAL_GC_TIME_%_G1_Old_Generation], Time(%), 0.0
[TOTAL_GCs], Count, 29
[TOTAL_GC_TIME], Time(ms), 2726
[TOTAL_GC_TIME_%], Time(%), 17.132801206712337
[MAX_MEM_USED], MBs, 4741
[MIN_MEM_USED], MBs, 96
[MAX_THREADS], Count, 3
[MIN_THREADS], Count, 2
[MAX_SYS_LOAD_AVG], Load, 4.92
[MIN_SYS_LOAD_AVG], Load, 1.02
[THREAD_COUNT], Operations, 3
[THREAD_COUNT], AverageLatency(ns), 2.6666666666666665
[THREAD_COUNT], MinLatency(ns), 2
[THREAD_COUNT], MaxLatency(ns), 3
[THREAD_COUNT], 95thPercentileLatency(ns), 3
[THREAD_COUNT], 99thPercentileLatency(ns), 3
[SYS_LOAD_AVG], Operations, 3
[SYS_LOAD_AVG], AverageLatency(ns), 2.6666666666666665
[SYS_LOAD_AVG], MinLatency(ns), 1
[SYS_LOAD_AVG], MaxLatency(ns), 4
[SYS_LOAD_AVG], 95thPercentileLatency(ns), 4
[SYS_LOAD_AVG], 99thPercentileLatency(ns), 4
[LOAD], Operations, 1
[LOAD], AverageLatency(ns), 1.1331141632E10
[LOAD], MinLatency(ns), 11331108864
[LOAD], MaxLatency(ns), 11331174399
[LOAD], 95thPercentileLatency(ns), 11331174399
[LOAD], 99thPercentileLatency(ns), 11331174399
[USED_MEM_MB], Operations, 3
[USED_MEM_MB], AverageLatency(ns), 2779.0
[USED_MEM_MB], MinLatency(ns), 96
[USED_MEM_MB], MaxLatency(ns), 4741
[USED_MEM_MB], 95thPercentileLatency(ns), 4741
[USED_MEM_MB], 99thPercentileLatency(ns), 4741
[MAIN_GCs_Count], Operations, 1
[MAIN_GCs_Count], AverageLatency(ns), 5.0
[MAIN_GCs_Count], MinLatency(ns), 5
[MAIN_GCs_Count], MaxLatency(ns), 5
[MAIN_GCs_Count], 95thPercentileLatency(ns), 5
[MAIN_GCs_Count], 99thPercentileLatency(ns), 5
[MAIN_GCs_Time(ms)], Operations, 1
[MAIN_GCs_Time(ms)], AverageLatency(ns), 774.0
[MAIN_GCs_Time(ms)], MinLatency(ns), 774
[MAIN_GCs_Time(ms)], MaxLatency(ns), 774
[MAIN_GCs_Time(ms)], 95thPercentileLatency(ns), 774
[MAIN_GCs_Time(ms)], 99thPercentileLatency(ns), 774
[TRANSACTION], Operations, 1
[TRANSACTION], AverageLatency(ns), 4.507025408E9
[TRANSACTION], MinLatency(ns), 4507009024
[TRANSACTION], MaxLatency(ns), 4507041791
[TRANSACTION], 95thPercentileLatency(ns), 4507041791
[TRANSACTION], 99thPercentileLatency(ns), 4507041791
[GCS_TIME], Operations, 3
[GCS_TIME], AverageLatency(ns), 908.6666666666666
[GCS_TIME], MinLatency(ns), 0
[GCS_TIME], MaxLatency(ns), 1796
[GCS_TIME], 95thPercentileLatency(ns), 1796
[GCS_TIME], 99thPercentileLatency(ns), 1796
[LOAD_GCs_Time(ms)], Operations, 1
[LOAD_GCs_Time(ms)], AverageLatency(ns), 1952.0
[LOAD_GCs_Time(ms)], MinLatency(ns), 1952
[LOAD_GCs_Time(ms)], MaxLatency(ns), 1952
[LOAD_GCs_Time(ms)], 95thPercentileLatency(ns), 1952
[LOAD_GCs_Time(ms)], 99thPercentileLatency(ns), 1952
[READ], Operations, 1500974
[READ], AverageLatency(ns), 266.895361278743
[READ], MinLatency(ns), 52
[READ], MaxLatency(ns), 39807
[READ], 95thPercentileLatency(ns), 507
[READ], 99thPercentileLatency(ns), 704
[READ], Return=OK, 1500974
[INIT], Operations, 1
[INIT], AverageLatency(ns), 241659.0
[INIT], MinLatency(ns), 241659
[INIT], MaxLatency(ns), 241659
[INIT], 95thPercentileLatency(ns), 241659
[INIT], 99thPercentileLatency(ns), 241659
[GCS], Operations, 3
[GCS], AverageLatency(ns), 9.666666666666666
[GCS], MinLatency(ns), 0
[GCS], MaxLatency(ns), 23
[GCS], 95thPercentileLatency(ns), 23
[GCS], 99thPercentileLatency(ns), 23
[LOAD_GCs_Count], Operations, 1
[LOAD_GCs_Count], AverageLatency(ns), 24.0
[LOAD_GCs_Count], MinLatency(ns), 24
[LOAD_GCs_Count], MaxLatency(ns), 24
[LOAD_GCs_Count], 95thPercentileLatency(ns), 24
[LOAD_GCs_Count], 99thPercentileLatency(ns), 24
[CLEANUP], Operations, 1
[CLEANUP], AverageLatency(ns), 15590.0
[CLEANUP], MinLatency(ns), 15590
[CLEANUP], MaxLatency(ns), 15590
[CLEANUP], 95thPercentileLatency(ns), 15590
[CLEANUP], 99thPercentileLatency(ns), 15590
[INSERT], Operations, 1000000
[INSERT], AverageLatency(ns), 428.634931
[INSERT], MinLatency(ns), 222
[INSERT], MaxLatency(ns), 2468559
[INSERT], 95thPercentileLatency(ns), 628
[INSERT], 99thPercentileLatency(ns), 827
[INSERT], Return=OK, 1000000
[UPDATE], Operations, 1499026
[UPDATE], AverageLatency(ns), 428.5282656871862
[UPDATE], MinLatency(ns), 73
[UPDATE], MaxLatency(ns), 250900
[UPDATE], 95thPercentileLatency(ns), 796
[UPDATE], 99thPercentileLatency(ns), 936
[UPDATE], Return=OK, 1499026
