/home/anatole/jdk8u/build/linux-x86_64-normal-server-release/jdk/bin/java -Xmx20g -XX:+UseG1GC -classpath /home/anatole/ycsb/conf:/home/anatole/ycsb/core/target/core-0.18.0-SNAPSHOT.jar:/home/anatole/ycsb/core/target/dependency/HdrHistogram-2.1.4.jar:/home/anatole/ycsb/core/target/dependency/guava-18.0.jar:/home/anatole/ycsb/core/target/dependency/htrace-core4-4.1.0-incubating.jar:/home/anatole/ycsb/core/target/dependency/jackson-core-asl-1.9.4.jar:/home/anatole/ycsb/core/target/dependency/jackson-mapper-asl-1.9.4.jar:/home/anatole/ycsb/core/target/dependency/javax.persistence-api-2.2.jar:/home/anatole/ycsb/core/target/dependency/jnvm-1.0-SNAPSHOT.jar:/home/anatole/ycsb/core/target/dependency/pcj-1.0.jar:/home/anatole/ycsb/core/target/dependency/unsafe-helper-1.0.jar:/home/anatole/ycsb/jnvm/target/jnvm-binding-0.18.0-SNAPSHOT.jar:/home/anatole/ycsb/jnvm/target/dependency/guava-18.0.jar:/home/anatole/ycsb/jnvm/target/dependency/javax.persistence-api-2.2.jar:/home/anatole/ycsb/jnvm/target/dependency/jnvm-1.0-SNAPSHOT.jar:/home/anatole/ycsb/jnvm/target/dependency/unsafe-helper-1.0.jar site.ycsb.Client -t -db site.ycsb.db.VolatileSkipListMapClient -P ../workloads/workloada -preload -s -threads 1 -p dataintegrity=true -p offheap=false -p recordcount=1000000 -p operationcount=3000000 -p fieldcount=10 -p fieldlength=100 -p requestdistribution=zipfian -p measurement.trackjvm=true -p measurementtype=hdrhistogram -p hdrhistogram.output.path=./out/exp8.pdt.ref/log/jnvm-vslmap.run.workloada.true.1000000.1.10.100.zipfian.1.false.true.default.default.none.r4.hdr.log
[OVERALL], RunTime(ms), 23776
[OVERALL], Throughput(ops/sec), 168236.87752355315
[TOTAL_GCS_G1_Young_Generation], Count, 29
[TOTAL_GC_TIME_G1_Young_Generation], Time(ms), 2821
[TOTAL_GC_TIME_%_G1_Young_Generation], Time(%), 11.864905787348587
[TOTAL_GCS_G1_Old_Generation], Count, 0
[TOTAL_GC_TIME_G1_Old_Generation], Time(ms), 0
[TOTAL_GC_TIME_%_G1_Old_Generation], Time(%), 0.0
[TOTAL_GCs], Count, 29
[TOTAL_GC_TIME], Time(ms), 2821
[TOTAL_GC_TIME_%], Time(%), 11.864905787348587
[MAX_MEM_USED], MBs, 4908
[MIN_MEM_USED], MBs, 131
[MAX_THREADS], Count, 3
[MIN_THREADS], Count, 2
[MAX_SYS_LOAD_AVG], Load, 3.3
[MIN_SYS_LOAD_AVG], Load, 2.58
[THREAD_COUNT], Operations, 4
[THREAD_COUNT], AverageLatency(ns), 2.75
[THREAD_COUNT], MinLatency(ns), 2
[THREAD_COUNT], MaxLatency(ns), 3
[THREAD_COUNT], 95thPercentileLatency(ns), 3
[THREAD_COUNT], 99thPercentileLatency(ns), 3
[SYS_LOAD_AVG], Operations, 4
[SYS_LOAD_AVG], AverageLatency(ns), 2.25
[SYS_LOAD_AVG], MinLatency(ns), 2
[SYS_LOAD_AVG], MaxLatency(ns), 3
[SYS_LOAD_AVG], 95thPercentileLatency(ns), 3
[SYS_LOAD_AVG], 99thPercentileLatency(ns), 3
[LOAD], Operations, 1
[LOAD], AverageLatency(ns), 1.4183071744E10
[LOAD], MinLatency(ns), 14183038976
[LOAD], MaxLatency(ns), 14183104511
[LOAD], 95thPercentileLatency(ns), 14183104511
[LOAD], 99thPercentileLatency(ns), 14183104511
[USED_MEM_MB], Operations, 4
[USED_MEM_MB], AverageLatency(ns), 3232.25
[USED_MEM_MB], MinLatency(ns), 131
[USED_MEM_MB], MaxLatency(ns), 4908
[USED_MEM_MB], 95thPercentileLatency(ns), 4908
[USED_MEM_MB], 99thPercentileLatency(ns), 4908
[MAIN_GCs_Count], Operations, 1
[MAIN_GCs_Count], AverageLatency(ns), 5.0
[MAIN_GCs_Count], MinLatency(ns), 5
[MAIN_GCs_Count], MaxLatency(ns), 5
[MAIN_GCs_Count], 95thPercentileLatency(ns), 5
[MAIN_GCs_Count], 99thPercentileLatency(ns), 5
[MAIN_GCs_Time(ms)], Operations, 1
[MAIN_GCs_Time(ms)], AverageLatency(ns), 795.0
[MAIN_GCs_Time(ms)], MinLatency(ns), 795
[MAIN_GCs_Time(ms)], MaxLatency(ns), 795
[MAIN_GCs_Time(ms)], 95thPercentileLatency(ns), 795
[MAIN_GCs_Time(ms)], 99thPercentileLatency(ns), 795
[TRANSACTION], Operations, 1
[TRANSACTION], AverageLatency(ns), 9.486434304E9
[TRANSACTION], MinLatency(ns), 9486401536
[TRANSACTION], MaxLatency(ns), 9486467071
[TRANSACTION], 95thPercentileLatency(ns), 9486467071
[TRANSACTION], 99thPercentileLatency(ns), 9486467071
[GCS_TIME], Operations, 4
[GCS_TIME], AverageLatency(ns), 705.25
[GCS_TIME], MinLatency(ns), 71
[GCS_TIME], MaxLatency(ns), 1391
[GCS_TIME], 95thPercentileLatency(ns), 1391
[GCS_TIME], 99thPercentileLatency(ns), 1391
[LOAD_GCs_Time(ms)], Operations, 1
[LOAD_GCs_Time(ms)], AverageLatency(ns), 2026.0
[LOAD_GCs_Time(ms)], MinLatency(ns), 2026
[LOAD_GCs_Time(ms)], MaxLatency(ns), 2026
[LOAD_GCs_Time(ms)], 95thPercentileLatency(ns), 2026
[LOAD_GCs_Time(ms)], 99thPercentileLatency(ns), 2026
[READ], Operations, 1499927
[READ], AverageLatency(ns), 1860.2736166493437
[READ], MinLatency(ns), 208
[READ], MaxLatency(ns), 103234
[READ], 95thPercentileLatency(ns), 3250
[READ], 99thPercentileLatency(ns), 4230
[READ], Return=OK, 1499927
[INIT], Operations, 1
[INIT], AverageLatency(ns), 3021640.0
[INIT], MinLatency(ns), 3021632
[INIT], MaxLatency(ns), 3021647
[INIT], 95thPercentileLatency(ns), 3021647
[INIT], 99thPercentileLatency(ns), 3021647
[GCS], Operations, 4
[GCS], AverageLatency(ns), 7.25
[GCS], MinLatency(ns), 2
[GCS], MaxLatency(ns), 18
[GCS], 95thPercentileLatency(ns), 18
[GCS], 99thPercentileLatency(ns), 18
[LOAD_GCs_Count], Operations, 1
[LOAD_GCs_Count], AverageLatency(ns), 24.0
[LOAD_GCs_Count], MinLatency(ns), 24
[LOAD_GCs_Count], MaxLatency(ns), 24
[LOAD_GCs_Count], 95thPercentileLatency(ns), 24
[LOAD_GCs_Count], 99thPercentileLatency(ns), 24
[CLEANUP], Operations, 1
[CLEANUP], AverageLatency(ns), 17061.0
[CLEANUP], MinLatency(ns), 17061
[CLEANUP], MaxLatency(ns), 17061
[CLEANUP], 95thPercentileLatency(ns), 17061
[CLEANUP], 99thPercentileLatency(ns), 17061
[INSERT], Operations, 1000000
[INSERT], AverageLatency(ns), 2851.050519
[INSERT], MinLatency(ns), 440
[INSERT], MaxLatency(ns), 86175743
[INSERT], 95thPercentileLatency(ns), 4438
[INSERT], 99thPercentileLatency(ns), 5942
[INSERT], Return=OK, 1000000
[UPDATE], Operations, 1500073
[UPDATE], AverageLatency(ns), 2090.932960595918
[UPDATE], MinLatency(ns), 221
[UPDATE], MaxLatency(ns), 44741
[UPDATE], 95thPercentileLatency(ns), 3546
[UPDATE], 99thPercentileLatency(ns), 4550
[UPDATE], Return=OK, 1500073
