/home/anatole/jdk8u/build/linux-x86_64-normal-server-release/jdk/bin/java -Xmx20g -XX:+UseG1GC -classpath /home/anatole/ycsb/conf:/home/anatole/ycsb/core/target/core-0.18.0-SNAPSHOT.jar:/home/anatole/ycsb/core/target/dependency/HdrHistogram-2.1.4.jar:/home/anatole/ycsb/core/target/dependency/guava-18.0.jar:/home/anatole/ycsb/core/target/dependency/htrace-core4-4.1.0-incubating.jar:/home/anatole/ycsb/core/target/dependency/jackson-core-asl-1.9.4.jar:/home/anatole/ycsb/core/target/dependency/jackson-mapper-asl-1.9.4.jar:/home/anatole/ycsb/core/target/dependency/javax.persistence-api-2.2.jar:/home/anatole/ycsb/core/target/dependency/jnvm-1.0-SNAPSHOT.jar:/home/anatole/ycsb/core/target/dependency/pcj-1.0.jar:/home/anatole/ycsb/core/target/dependency/unsafe-helper-1.0.jar:/home/anatole/ycsb/jnvm/target/jnvm-binding-0.18.0-SNAPSHOT.jar:/home/anatole/ycsb/jnvm/target/dependency/guava-18.0.jar:/home/anatole/ycsb/jnvm/target/dependency/javax.persistence-api-2.2.jar:/home/anatole/ycsb/jnvm/target/dependency/jnvm-1.0-SNAPSHOT.jar:/home/anatole/ycsb/jnvm/target/dependency/unsafe-helper-1.0.jar site.ycsb.Client -t -db site.ycsb.db.RecoverableTreeMapClient -P ../workloads/workloada -preload -s -threads 1 -p dataintegrity=true -p offheap=true -p recordcount=1000000 -p operationcount=3000000 -p fieldcount=10 -p fieldlength=100 -p requestdistribution=zipfian -p measurement.trackjvm=true -p measurementtype=hdrhistogram -p hdrhistogram.output.path=./out/exp8.pdt.ref/log/jnvm-rtmap.run.workloada.true.1000000.1.10.100.zipfian.1.false.true.default.default.none.r5.hdr.log
[OVERALL], RunTime(ms), 33514
[OVERALL], Throughput(ops/sec), 119353.10616458794
[TOTAL_GCS_G1_Young_Generation], Count, 32
[TOTAL_GC_TIME_G1_Young_Generation], Time(ms), 3095
[TOTAL_GC_TIME_%_G1_Young_Generation], Time(%), 9.234946589484991
[TOTAL_GCS_G1_Old_Generation], Count, 0
[TOTAL_GC_TIME_G1_Old_Generation], Time(ms), 0
[TOTAL_GC_TIME_%_G1_Old_Generation], Time(%), 0.0
[TOTAL_GCs], Count, 32
[TOTAL_GC_TIME], Time(ms), 3095
[TOTAL_GC_TIME_%], Time(%), 9.234946589484991
[MAX_MEM_USED], MBs, 3938
[MIN_MEM_USED], MBs, 22
[MAX_THREADS], Count, 3
[MIN_THREADS], Count, 2
[MAX_SYS_LOAD_AVG], Load, 2.29
[MIN_SYS_LOAD_AVG], Load, 1.92
[THREAD_COUNT], Operations, 5
[THREAD_COUNT], AverageLatency(ns), 2.8
[THREAD_COUNT], MinLatency(ns), 2
[THREAD_COUNT], MaxLatency(ns), 3
[THREAD_COUNT], 95thPercentileLatency(ns), 3
[THREAD_COUNT], 99thPercentileLatency(ns), 3
[SYS_LOAD_AVG], Operations, 5
[SYS_LOAD_AVG], AverageLatency(ns), 1.8
[SYS_LOAD_AVG], MinLatency(ns), 1
[SYS_LOAD_AVG], MaxLatency(ns), 2
[SYS_LOAD_AVG], 95thPercentileLatency(ns), 2
[SYS_LOAD_AVG], 99thPercentileLatency(ns), 2
[LOAD], Operations, 1
[LOAD], AverageLatency(ns), 2.3720034304E10
[LOAD], MinLatency(ns), 23719968768
[LOAD], MaxLatency(ns), 23720099839
[LOAD], 95thPercentileLatency(ns), 23720099839
[LOAD], 99thPercentileLatency(ns), 23720099839
[USED_MEM_MB], Operations, 5
[USED_MEM_MB], AverageLatency(ns), 2647.8
[USED_MEM_MB], MinLatency(ns), 22
[USED_MEM_MB], MaxLatency(ns), 3938
[USED_MEM_MB], 95thPercentileLatency(ns), 3938
[USED_MEM_MB], 99thPercentileLatency(ns), 3938
[MAIN_GCs_Count], Operations, 1
[MAIN_GCs_Count], AverageLatency(ns), 6.0
[MAIN_GCs_Count], MinLatency(ns), 6
[MAIN_GCs_Count], MaxLatency(ns), 6
[MAIN_GCs_Count], 95thPercentileLatency(ns), 6
[MAIN_GCs_Count], 99thPercentileLatency(ns), 6
[MAIN_GCs_Time(ms)], Operations, 1
[MAIN_GCs_Time(ms)], AverageLatency(ns), 1080.0
[MAIN_GCs_Time(ms)], MinLatency(ns), 1080
[MAIN_GCs_Time(ms)], MaxLatency(ns), 1080
[MAIN_GCs_Time(ms)], 95thPercentileLatency(ns), 1080
[MAIN_GCs_Time(ms)], 99thPercentileLatency(ns), 1080
[TRANSACTION], Operations, 1
[TRANSACTION], AverageLatency(ns), 9.667182592E9
[TRANSACTION], MinLatency(ns), 9667149824
[TRANSACTION], MaxLatency(ns), 9667215359
[TRANSACTION], 95thPercentileLatency(ns), 9667215359
[TRANSACTION], 99thPercentileLatency(ns), 9667215359
[GCS_TIME], Operations, 5
[GCS_TIME], AverageLatency(ns), 619.0
[GCS_TIME], MinLatency(ns), 0
[GCS_TIME], MaxLatency(ns), 1012
[GCS_TIME], 95thPercentileLatency(ns), 1012
[GCS_TIME], 99thPercentileLatency(ns), 1012
[LOAD_GCs_Time(ms)], Operations, 1
[LOAD_GCs_Time(ms)], AverageLatency(ns), 2015.0
[LOAD_GCs_Time(ms)], MinLatency(ns), 2015
[LOAD_GCs_Time(ms)], MaxLatency(ns), 2015
[LOAD_GCs_Time(ms)], 95thPercentileLatency(ns), 2015
[LOAD_GCs_Time(ms)], 99thPercentileLatency(ns), 2015
[READ], Operations, 1500128
[READ], AverageLatency(ns), 1265.586537282152
[READ], MinLatency(ns), 77
[READ], MaxLatency(ns), 172865
[READ], 95thPercentileLatency(ns), 2138
[READ], 99thPercentileLatency(ns), 2750
[READ], Return=OK, 1500128
[INIT], Operations, 1
[INIT], AverageLatency(ns), 4.6986112E7
[INIT], MinLatency(ns), 46985984
[INIT], MaxLatency(ns), 46986239
[INIT], 95thPercentileLatency(ns), 46986239
[INIT], 99thPercentileLatency(ns), 46986239
[GCS], Operations, 5
[GCS], AverageLatency(ns), 6.4
[GCS], MinLatency(ns), 0
[GCS], MaxLatency(ns), 18
[GCS], 95thPercentileLatency(ns), 18
[GCS], 99thPercentileLatency(ns), 18
[LOAD_GCs_Count], Operations, 1
[LOAD_GCs_Count], AverageLatency(ns), 26.0
[LOAD_GCs_Count], MinLatency(ns), 26
[LOAD_GCs_Count], MaxLatency(ns), 26
[LOAD_GCs_Count], 95thPercentileLatency(ns), 26
[LOAD_GCs_Count], 99thPercentileLatency(ns), 26
[CLEANUP], Operations, 1
[CLEANUP], AverageLatency(ns), 24366.0
[CLEANUP], MinLatency(ns), 24366
[CLEANUP], MaxLatency(ns), 24366
[CLEANUP], 95thPercentileLatency(ns), 24366
[CLEANUP], 99thPercentileLatency(ns), 24366
[INSERT], Operations, 1000000
[INSERT], AverageLatency(ns), 6179.873718
[INSERT], MinLatency(ns), 1449
[INSERT], MaxLatency(ns), 25389311
[INSERT], 95thPercentileLatency(ns), 5991
[INSERT], 99thPercentileLatency(ns), 8210
[INSERT], Return=OK, 1000000
[UPDATE], Operations, 1499872
[UPDATE], AverageLatency(ns), 1905.525582183013
[UPDATE], MinLatency(ns), 215
[UPDATE], MaxLatency(ns), 141798
[UPDATE], 95thPercentileLatency(ns), 2925
[UPDATE], 99thPercentileLatency(ns), 3701
[UPDATE], Return=OK, 1499872
