/home/anatole/jdk8u/build/linux-x86_64-normal-server-release/jdk/bin/java -Xmx20g -XX:+UseG1GC -classpath /home/anatole/ycsb/conf:/home/anatole/ycsb/core/target/core-0.18.0-SNAPSHOT.jar:/home/anatole/ycsb/core/target/dependency/HdrHistogram-2.1.4.jar:/home/anatole/ycsb/core/target/dependency/guava-18.0.jar:/home/anatole/ycsb/core/target/dependency/htrace-core4-4.1.0-incubating.jar:/home/anatole/ycsb/core/target/dependency/jackson-core-asl-1.9.4.jar:/home/anatole/ycsb/core/target/dependency/jackson-mapper-asl-1.9.4.jar:/home/anatole/ycsb/core/target/dependency/javax.persistence-api-2.2.jar:/home/anatole/ycsb/core/target/dependency/jnvm-1.0-SNAPSHOT.jar:/home/anatole/ycsb/core/target/dependency/pcj-1.0.jar:/home/anatole/ycsb/core/target/dependency/unsafe-helper-1.0.jar:/home/anatole/ycsb/jnvm/target/jnvm-binding-0.18.0-SNAPSHOT.jar:/home/anatole/ycsb/jnvm/target/dependency/guava-18.0.jar:/home/anatole/ycsb/jnvm/target/dependency/javax.persistence-api-2.2.jar:/home/anatole/ycsb/jnvm/target/dependency/jnvm-1.0-SNAPSHOT.jar:/home/anatole/ycsb/jnvm/target/dependency/unsafe-helper-1.0.jar site.ycsb.Client -t -db site.ycsb.db.VolatileTreeMapClient -P ../workloads/workloada -preload -s -threads 1 -p dataintegrity=true -p offheap=false -p recordcount=1000000 -p operationcount=3000000 -p fieldcount=10 -p fieldlength=100 -p requestdistribution=zipfian -p measurement.trackjvm=true -p measurementtype=hdrhistogram -p hdrhistogram.output.path=./out/exp8.pdt.ref/log/jnvm-vtmap.run.workloada.true.1000000.1.10.100.zipfian.1.false.true.default.default.none.r5.hdr.log
[OVERALL], RunTime(ms), 19673
[OVERALL], Throughput(ops/sec), 203324.35317440148
[TOTAL_GCS_G1_Young_Generation], Count, 30
[TOTAL_GC_TIME_G1_Young_Generation], Time(ms), 2823
[TOTAL_GC_TIME_%_G1_Young_Generation], Time(%), 14.349616225283382
[TOTAL_GCS_G1_Old_Generation], Count, 0
[TOTAL_GC_TIME_G1_Old_Generation], Time(ms), 0
[TOTAL_GC_TIME_%_G1_Old_Generation], Time(%), 0.0
[TOTAL_GCs], Count, 30
[TOTAL_GC_TIME], Time(ms), 2823
[TOTAL_GC_TIME_%], Time(%), 14.349616225283382
[MAX_MEM_USED], MBs, 4663
[MIN_MEM_USED], MBs, 96
[MAX_THREADS], Count, 3
[MIN_THREADS], Count, 2
[MAX_SYS_LOAD_AVG], Load, 6.83
[MIN_SYS_LOAD_AVG], Load, 5.93
[THREAD_COUNT], Operations, 3
[THREAD_COUNT], AverageLatency(ns), 2.6666666666666665
[THREAD_COUNT], MinLatency(ns), 2
[THREAD_COUNT], MaxLatency(ns), 3
[THREAD_COUNT], 95thPercentileLatency(ns), 3
[THREAD_COUNT], 99thPercentileLatency(ns), 3
[SYS_LOAD_AVG], Operations, 3
[SYS_LOAD_AVG], AverageLatency(ns), 5.666666666666667
[SYS_LOAD_AVG], MinLatency(ns), 5
[SYS_LOAD_AVG], MaxLatency(ns), 6
[SYS_LOAD_AVG], 95thPercentileLatency(ns), 6
[SYS_LOAD_AVG], 99thPercentileLatency(ns), 6
[LOAD], Operations, 1
[LOAD], AverageLatency(ns), 1.2838797312E10
[LOAD], MinLatency(ns), 12838764544
[LOAD], MaxLatency(ns), 12838830079
[LOAD], 95thPercentileLatency(ns), 12838830079
[LOAD], 99thPercentileLatency(ns), 12838830079
[USED_MEM_MB], Operations, 3
[USED_MEM_MB], AverageLatency(ns), 2784.3333333333335
[USED_MEM_MB], MinLatency(ns), 96
[USED_MEM_MB], MaxLatency(ns), 4663
[USED_MEM_MB], 95thPercentileLatency(ns), 4663
[USED_MEM_MB], 99thPercentileLatency(ns), 4663
[MAIN_GCs_Count], Operations, 1
[MAIN_GCs_Count], AverageLatency(ns), 5.0
[MAIN_GCs_Count], MinLatency(ns), 5
[MAIN_GCs_Count], MaxLatency(ns), 5
[MAIN_GCs_Count], 95thPercentileLatency(ns), 5
[MAIN_GCs_Count], 99thPercentileLatency(ns), 5
[MAIN_GCs_Time(ms)], Operations, 1
[MAIN_GCs_Time(ms)], AverageLatency(ns), 838.0
[MAIN_GCs_Time(ms)], MinLatency(ns), 838
[MAIN_GCs_Time(ms)], MaxLatency(ns), 838
[MAIN_GCs_Time(ms)], 95thPercentileLatency(ns), 838
[MAIN_GCs_Time(ms)], 99thPercentileLatency(ns), 838
[TRANSACTION], Operations, 1
[TRANSACTION], AverageLatency(ns), 6.7260416E9
[TRANSACTION], MinLatency(ns), 6726025216
[TRANSACTION], MaxLatency(ns), 6726057983
[TRANSACTION], 95thPercentileLatency(ns), 6726057983
[TRANSACTION], 99thPercentileLatency(ns), 6726057983
[GCS_TIME], Operations, 3
[GCS_TIME], AverageLatency(ns), 941.0
[GCS_TIME], MinLatency(ns), 0
[GCS_TIME], MaxLatency(ns), 1538
[GCS_TIME], 95thPercentileLatency(ns), 1538
[GCS_TIME], 99thPercentileLatency(ns), 1538
[LOAD_GCs_Time(ms)], Operations, 1
[LOAD_GCs_Time(ms)], AverageLatency(ns), 1985.0
[LOAD_GCs_Time(ms)], MinLatency(ns), 1985
[LOAD_GCs_Time(ms)], MaxLatency(ns), 1985
[LOAD_GCs_Time(ms)], 95thPercentileLatency(ns), 1985
[LOAD_GCs_Time(ms)], 99thPercentileLatency(ns), 1985
[READ], Operations, 1499606
[READ], AverageLatency(ns), 955.5859992558045
[READ], MinLatency(ns), 57
[READ], MaxLatency(ns), 74866
[READ], 95thPercentileLatency(ns), 1684
[READ], 99thPercentileLatency(ns), 2099
[READ], Return=OK, 1499606
[INIT], Operations, 1
[INIT], AverageLatency(ns), 286505.0
[INIT], MinLatency(ns), 286504
[INIT], MaxLatency(ns), 286505
[INIT], 95thPercentileLatency(ns), 286505
[INIT], 99thPercentileLatency(ns), 286505
[GCS], Operations, 3
[GCS], AverageLatency(ns), 10.0
[GCS], MinLatency(ns), 0
[GCS], MaxLatency(ns), 22
[GCS], 95thPercentileLatency(ns), 22
[GCS], 99thPercentileLatency(ns), 22
[LOAD_GCs_Count], Operations, 1
[LOAD_GCs_Count], AverageLatency(ns), 25.0
[LOAD_GCs_Count], MinLatency(ns), 25
[LOAD_GCs_Count], MaxLatency(ns), 25
[LOAD_GCs_Count], 95thPercentileLatency(ns), 25
[LOAD_GCs_Count], 99thPercentileLatency(ns), 25
[CLEANUP], Operations, 1
[CLEANUP], AverageLatency(ns), 14038.0
[CLEANUP], MinLatency(ns), 14038
[CLEANUP], MaxLatency(ns), 14038
[CLEANUP], 95thPercentileLatency(ns), 14038
[CLEANUP], 99thPercentileLatency(ns), 14038
[INSERT], Operations, 1000000
[INSERT], AverageLatency(ns), 1674.8588
[INSERT], MinLatency(ns), 362
[INSERT], MaxLatency(ns), 492321
[INSERT], 95thPercentileLatency(ns), 2342
[INSERT], 99thPercentileLatency(ns), 3181
[INSERT], Return=OK, 1000000
[UPDATE], Operations, 1500394
[UPDATE], AverageLatency(ns), 1150.2969400037591
[UPDATE], MinLatency(ns), 123
[UPDATE], MaxLatency(ns), 388135
[UPDATE], 95thPercentileLatency(ns), 1929
[UPDATE], 99thPercentileLatency(ns), 2386
[UPDATE], Return=OK, 1500394
