/home/anatole/jdk8u/build/linux-x86_64-normal-server-release/jdk/bin/java -Xmx20g -XX:+UseG1GC -classpath /home/anatole/ycsb/conf:/home/anatole/ycsb/core/target/core-0.18.0-SNAPSHOT.jar:/home/anatole/ycsb/core/target/dependency/HdrHistogram-2.1.4.jar:/home/anatole/ycsb/core/target/dependency/guava-18.0.jar:/home/anatole/ycsb/core/target/dependency/htrace-core4-4.1.0-incubating.jar:/home/anatole/ycsb/core/target/dependency/jackson-core-asl-1.9.4.jar:/home/anatole/ycsb/core/target/dependency/jackson-mapper-asl-1.9.4.jar:/home/anatole/ycsb/core/target/dependency/javax.persistence-api-2.2.jar:/home/anatole/ycsb/core/target/dependency/jnvm-1.0-SNAPSHOT.jar:/home/anatole/ycsb/core/target/dependency/pcj-1.0.jar:/home/anatole/ycsb/core/target/dependency/unsafe-helper-1.0.jar:/home/anatole/ycsb/jnvm/target/jnvm-binding-0.18.0-SNAPSHOT.jar:/home/anatole/ycsb/jnvm/target/dependency/guava-18.0.jar:/home/anatole/ycsb/jnvm/target/dependency/javax.persistence-api-2.2.jar:/home/anatole/ycsb/jnvm/target/dependency/jnvm-1.0-SNAPSHOT.jar:/home/anatole/ycsb/jnvm/target/dependency/unsafe-helper-1.0.jar site.ycsb.Client -t -db site.ycsb.db.VolatileTreeMapClient -P ../workloads/workloada -preload -s -threads 1 -p dataintegrity=true -p offheap=false -p recordcount=1000000 -p operationcount=3000000 -p fieldcount=10 -p fieldlength=100 -p requestdistribution=zipfian -p measurement.trackjvm=true -p measurementtype=hdrhistogram -p hdrhistogram.output.path=./out/exp8.pdt.ref/log/jnvm-vtmap.run.workloada.true.1000000.1.10.100.zipfian.1.false.true.default.default.none.r2.hdr.log
[OVERALL], RunTime(ms), 20092
[OVERALL], Throughput(ops/sec), 199084.21262193908
[TOTAL_GCS_G1_Young_Generation], Count, 29
[TOTAL_GC_TIME_G1_Young_Generation], Time(ms), 2811
[TOTAL_GC_TIME_%_G1_Young_Generation], Time(%), 13.99064304200677
[TOTAL_GCS_G1_Old_Generation], Count, 0
[TOTAL_GC_TIME_G1_Old_Generation], Time(ms), 0
[TOTAL_GC_TIME_%_G1_Old_Generation], Time(%), 0.0
[TOTAL_GCs], Count, 29
[TOTAL_GC_TIME], Time(ms), 2811
[TOTAL_GC_TIME_%], Time(%), 13.99064304200677
[MAX_MEM_USED], MBs, 4770
[MIN_MEM_USED], MBs, 72
[MAX_THREADS], Count, 3
[MIN_THREADS], Count, 2
[MAX_SYS_LOAD_AVG], Load, 5.82
[MIN_SYS_LOAD_AVG], Load, 4.51
[THREAD_COUNT], Operations, 4
[THREAD_COUNT], AverageLatency(ns), 2.5
[THREAD_COUNT], MinLatency(ns), 2
[THREAD_COUNT], MaxLatency(ns), 3
[THREAD_COUNT], 95thPercentileLatency(ns), 3
[THREAD_COUNT], 99thPercentileLatency(ns), 3
[SYS_LOAD_AVG], Operations, 4
[SYS_LOAD_AVG], AverageLatency(ns), 4.5
[SYS_LOAD_AVG], MinLatency(ns), 4
[SYS_LOAD_AVG], MaxLatency(ns), 5
[SYS_LOAD_AVG], 95thPercentileLatency(ns), 5
[SYS_LOAD_AVG], 99thPercentileLatency(ns), 5
[LOAD], Operations, 1
[LOAD], AverageLatency(ns), 1.3183320064E10
[LOAD], MinLatency(ns), 13183287296
[LOAD], MaxLatency(ns), 13183352831
[LOAD], 95thPercentileLatency(ns), 13183352831
[LOAD], 99thPercentileLatency(ns), 13183352831
[USED_MEM_MB], Operations, 4
[USED_MEM_MB], AverageLatency(ns), 3181.5
[USED_MEM_MB], MinLatency(ns), 72
[USED_MEM_MB], MaxLatency(ns), 4770
[USED_MEM_MB], 95thPercentileLatency(ns), 4770
[USED_MEM_MB], 99thPercentileLatency(ns), 4770
[MAIN_GCs_Count], Operations, 1
[MAIN_GCs_Count], AverageLatency(ns), 5.0
[MAIN_GCs_Count], MinLatency(ns), 5
[MAIN_GCs_Count], MaxLatency(ns), 5
[MAIN_GCs_Count], 95thPercentileLatency(ns), 5
[MAIN_GCs_Count], 99thPercentileLatency(ns), 5
[MAIN_GCs_Time(ms)], Operations, 1
[MAIN_GCs_Time(ms)], AverageLatency(ns), 806.0
[MAIN_GCs_Time(ms)], MinLatency(ns), 806
[MAIN_GCs_Time(ms)], MaxLatency(ns), 806
[MAIN_GCs_Time(ms)], 95thPercentileLatency(ns), 806
[MAIN_GCs_Time(ms)], 99thPercentileLatency(ns), 806
[TRANSACTION], Operations, 1
[TRANSACTION], AverageLatency(ns), 6.835552256E9
[TRANSACTION], MinLatency(ns), 6835535872
[TRANSACTION], MaxLatency(ns), 6835568639
[TRANSACTION], 95thPercentileLatency(ns), 6835568639
[TRANSACTION], 99thPercentileLatency(ns), 6835568639
[GCS_TIME], Operations, 4
[GCS_TIME], AverageLatency(ns), 702.75
[GCS_TIME], MinLatency(ns), 0
[GCS_TIME], MaxLatency(ns), 1572
[GCS_TIME], 95thPercentileLatency(ns), 1572
[GCS_TIME], 99thPercentileLatency(ns), 1572
[LOAD_GCs_Time(ms)], Operations, 1
[LOAD_GCs_Time(ms)], AverageLatency(ns), 2005.0
[LOAD_GCs_Time(ms)], MinLatency(ns), 2005
[LOAD_GCs_Time(ms)], MaxLatency(ns), 2005
[LOAD_GCs_Time(ms)], 95thPercentileLatency(ns), 2005
[LOAD_GCs_Time(ms)], 99thPercentileLatency(ns), 2005
[READ], Operations, 1499374
[READ], AverageLatency(ns), 991.4468524864377
[READ], MinLatency(ns), 61
[READ], MaxLatency(ns), 771227
[READ], 95thPercentileLatency(ns), 1745
[READ], 99thPercentileLatency(ns), 2187
[READ], Return=OK, 1499374
[INIT], Operations, 1
[INIT], AverageLatency(ns), 254534.0
[INIT], MinLatency(ns), 254534
[INIT], MaxLatency(ns), 254534
[INIT], 95thPercentileLatency(ns), 254534
[INIT], 99thPercentileLatency(ns), 254534
[GCS], Operations, 4
[GCS], AverageLatency(ns), 7.25
[GCS], MinLatency(ns), 0
[GCS], MaxLatency(ns), 21
[GCS], 95thPercentileLatency(ns), 21
[GCS], 99thPercentileLatency(ns), 21
[LOAD_GCs_Count], Operations, 1
[LOAD_GCs_Count], AverageLatency(ns), 24.0
[LOAD_GCs_Count], MinLatency(ns), 24
[LOAD_GCs_Count], MaxLatency(ns), 24
[LOAD_GCs_Count], 95thPercentileLatency(ns), 24
[LOAD_GCs_Count], 99thPercentileLatency(ns), 24
[CLEANUP], Operations, 1
[CLEANUP], AverageLatency(ns), 17108.0
[CLEANUP], MinLatency(ns), 17108
[CLEANUP], MaxLatency(ns), 17108
[CLEANUP], 95thPercentileLatency(ns), 17108
[CLEANUP], 99thPercentileLatency(ns), 17108
[INSERT], Operations, 1000000
[INSERT], AverageLatency(ns), 1804.055769
[INSERT], MinLatency(ns), 339
[INSERT], MaxLatency(ns), 83541503
[INSERT], 95thPercentileLatency(ns), 2411
[INSERT], 99thPercentileLatency(ns), 3331
[INSERT], Return=OK, 1000000
[UPDATE], Operations, 1500626
[UPDATE], AverageLatency(ns), 1287.3245092381446
[UPDATE], MinLatency(ns), 141
[UPDATE], MaxLatency(ns), 137087999
[UPDATE], 95thPercentileLatency(ns), 2000
[UPDATE], 99thPercentileLatency(ns), 2495
[UPDATE], Return=OK, 1500626
