/home/anatole/jdk8u/build/linux-x86_64-normal-server-release/jdk/bin/java -Xmx20g -XX:+UseG1GC -classpath /home/anatole/ycsb/conf:/home/anatole/ycsb/core/target/core-0.18.0-SNAPSHOT.jar:/home/anatole/ycsb/core/target/dependency/HdrHistogram-2.1.4.jar:/home/anatole/ycsb/core/target/dependency/guava-18.0.jar:/home/anatole/ycsb/core/target/dependency/htrace-core4-4.1.0-incubating.jar:/home/anatole/ycsb/core/target/dependency/jackson-core-asl-1.9.4.jar:/home/anatole/ycsb/core/target/dependency/jackson-mapper-asl-1.9.4.jar:/home/anatole/ycsb/core/target/dependency/javax.persistence-api-2.2.jar:/home/anatole/ycsb/core/target/dependency/jnvm-1.0-SNAPSHOT.jar:/home/anatole/ycsb/core/target/dependency/pcj-1.0.jar:/home/anatole/ycsb/core/target/dependency/unsafe-helper-1.0.jar:/home/anatole/ycsb/jnvm/target/jnvm-binding-0.18.0-SNAPSHOT.jar:/home/anatole/ycsb/jnvm/target/dependency/guava-18.0.jar:/home/anatole/ycsb/jnvm/target/dependency/javax.persistence-api-2.2.jar:/home/anatole/ycsb/jnvm/target/dependency/jnvm-1.0-SNAPSHOT.jar:/home/anatole/ycsb/jnvm/target/dependency/unsafe-helper-1.0.jar site.ycsb.Client -t -db site.ycsb.db.RecoverableHashMapClient -P ../workloads/workloada -preload -s -threads 1 -p dataintegrity=true -p offheap=true -p recordcount=1000000 -p operationcount=3000000 -p fieldcount=10 -p fieldlength=100 -p requestdistribution=zipfian -p measurement.trackjvm=true -p measurementtype=hdrhistogram -p hdrhistogram.output.path=./out/exp8.pdt.ref/log/jnvm-rhmap.run.workloada.true.1000000.1.10.100.zipfian.1.false.true.default.default.none.r4.hdr.log
[OVERALL], RunTime(ms), 27500
[OVERALL], Throughput(ops/sec), 145454.54545454544
[TOTAL_GCS_G1_Young_Generation], Count, 29
[TOTAL_GC_TIME_G1_Young_Generation], Time(ms), 2527
[TOTAL_GC_TIME_%_G1_Young_Generation], Time(%), 9.18909090909091
[TOTAL_GCS_G1_Old_Generation], Count, 0
[TOTAL_GC_TIME_G1_Old_Generation], Time(ms), 0
[TOTAL_GC_TIME_%_G1_Old_Generation], Time(%), 0.0
[TOTAL_GCs], Count, 29
[TOTAL_GC_TIME], Time(ms), 2527
[TOTAL_GC_TIME_%], Time(%), 9.18909090909091
[MAX_MEM_USED], MBs, 3861
[MIN_MEM_USED], MBs, 24
[MAX_THREADS], Count, 3
[MIN_THREADS], Count, 2
[MAX_SYS_LOAD_AVG], Load, 2.71
[MIN_SYS_LOAD_AVG], Load, 2.13
[THREAD_COUNT], Operations, 4
[THREAD_COUNT], AverageLatency(ns), 2.75
[THREAD_COUNT], MinLatency(ns), 2
[THREAD_COUNT], MaxLatency(ns), 3
[THREAD_COUNT], 95thPercentileLatency(ns), 3
[THREAD_COUNT], 99thPercentileLatency(ns), 3
[SYS_LOAD_AVG], Operations, 4
[SYS_LOAD_AVG], AverageLatency(ns), 2.0
[SYS_LOAD_AVG], MinLatency(ns), 2
[SYS_LOAD_AVG], MaxLatency(ns), 2
[SYS_LOAD_AVG], 95thPercentileLatency(ns), 2
[SYS_LOAD_AVG], 99thPercentileLatency(ns), 2
[LOAD], Operations, 1
[LOAD], AverageLatency(ns), 2.0786118656E10
[LOAD], MinLatency(ns), 20786053120
[LOAD], MaxLatency(ns), 20786184191
[LOAD], 95thPercentileLatency(ns), 20786184191
[LOAD], 99thPercentileLatency(ns), 20786184191
[USED_MEM_MB], Operations, 4
[USED_MEM_MB], AverageLatency(ns), 2352.25
[USED_MEM_MB], MinLatency(ns), 24
[USED_MEM_MB], MaxLatency(ns), 3861
[USED_MEM_MB], 95thPercentileLatency(ns), 3861
[USED_MEM_MB], 99thPercentileLatency(ns), 3861
[MAIN_GCs_Count], Operations, 1
[MAIN_GCs_Count], AverageLatency(ns), 5.0
[MAIN_GCs_Count], MinLatency(ns), 5
[MAIN_GCs_Count], MaxLatency(ns), 5
[MAIN_GCs_Count], 95thPercentileLatency(ns), 5
[MAIN_GCs_Count], 99thPercentileLatency(ns), 5
[MAIN_GCs_Time(ms)], Operations, 1
[MAIN_GCs_Time(ms)], AverageLatency(ns), 741.0
[MAIN_GCs_Time(ms)], MinLatency(ns), 741
[MAIN_GCs_Time(ms)], MaxLatency(ns), 741
[MAIN_GCs_Time(ms)], 95thPercentileLatency(ns), 741
[MAIN_GCs_Time(ms)], 99thPercentileLatency(ns), 741
[TRANSACTION], Operations, 1
[TRANSACTION], AverageLatency(ns), 6.5990656E9
[TRANSACTION], MinLatency(ns), 6599049216
[TRANSACTION], MaxLatency(ns), 6599081983
[TRANSACTION], 95thPercentileLatency(ns), 6599081983
[TRANSACTION], 99thPercentileLatency(ns), 6599081983
[GCS_TIME], Operations, 4
[GCS_TIME], AverageLatency(ns), 631.75
[GCS_TIME], MinLatency(ns), 0
[GCS_TIME], MaxLatency(ns), 909
[GCS_TIME], 95thPercentileLatency(ns), 909
[GCS_TIME], 99thPercentileLatency(ns), 909
[LOAD_GCs_Time(ms)], Operations, 1
[LOAD_GCs_Time(ms)], AverageLatency(ns), 1786.0
[LOAD_GCs_Time(ms)], MinLatency(ns), 1786
[LOAD_GCs_Time(ms)], MaxLatency(ns), 1786
[LOAD_GCs_Time(ms)], 95thPercentileLatency(ns), 1786
[LOAD_GCs_Time(ms)], 99thPercentileLatency(ns), 1786
[READ], Operations, 1500333
[READ], AverageLatency(ns), 393.0765010167743
[READ], MinLatency(ns), 90
[READ], MaxLatency(ns), 257967
[READ], 95thPercentileLatency(ns), 751
[READ], 99thPercentileLatency(ns), 883
[READ], Return=OK, 1500333
[INIT], Operations, 1
[INIT], AverageLatency(ns), 3.748928E7
[INIT], MinLatency(ns), 37489152
[INIT], MaxLatency(ns), 37489407
[INIT], 95thPercentileLatency(ns), 37489407
[INIT], 99thPercentileLatency(ns), 37489407
[GCS], Operations, 4
[GCS], AverageLatency(ns), 7.25
[GCS], MinLatency(ns), 0
[GCS], MaxLatency(ns), 18
[GCS], 95thPercentileLatency(ns), 18
[GCS], 99thPercentileLatency(ns), 18
[LOAD_GCs_Count], Operations, 1
[LOAD_GCs_Count], AverageLatency(ns), 24.0
[LOAD_GCs_Count], MinLatency(ns), 24
[LOAD_GCs_Count], MaxLatency(ns), 24
[LOAD_GCs_Count], 95thPercentileLatency(ns), 24
[LOAD_GCs_Count], 99thPercentileLatency(ns), 24
[CLEANUP], Operations, 1
[CLEANUP], AverageLatency(ns), 21127.0
[CLEANUP], MinLatency(ns), 21127
[CLEANUP], MaxLatency(ns), 21127
[CLEANUP], 95thPercentileLatency(ns), 21127
[CLEANUP], 99thPercentileLatency(ns), 21127
[INSERT], Operations, 1000000
[INSERT], AverageLatency(ns), 4394.841306
[INSERT], MinLatency(ns), 953
[INSERT], MaxLatency(ns), 51469823
[INSERT], 95thPercentileLatency(ns), 3903
[INSERT], 99thPercentileLatency(ns), 5539
[INSERT], Return=OK, 1000000
[UPDATE], Operations, 1499667
[UPDATE], AverageLatency(ns), 1020.490538232821
[UPDATE], MinLatency(ns), 126
[UPDATE], MaxLatency(ns), 74581
[UPDATE], 95thPercentileLatency(ns), 1609
[UPDATE], 99thPercentileLatency(ns), 2176
[UPDATE], Return=OK, 1499667
