/home/anatole/jdk8u/build/linux-x86_64-normal-server-release/jdk/bin/java -Xmx20g -XX:+UseG1GC -classpath /home/anatole/ycsb/conf:/home/anatole/ycsb/core/target/core-0.18.0-SNAPSHOT.jar:/home/anatole/ycsb/core/target/dependency/HdrHistogram-2.1.4.jar:/home/anatole/ycsb/core/target/dependency/guava-18.0.jar:/home/anatole/ycsb/core/target/dependency/htrace-core4-4.1.0-incubating.jar:/home/anatole/ycsb/core/target/dependency/jackson-core-asl-1.9.4.jar:/home/anatole/ycsb/core/target/dependency/jackson-mapper-asl-1.9.4.jar:/home/anatole/ycsb/core/target/dependency/javax.persistence-api-2.2.jar:/home/anatole/ycsb/core/target/dependency/jnvm-1.0-SNAPSHOT.jar:/home/anatole/ycsb/core/target/dependency/pcj-1.0.jar:/home/anatole/ycsb/core/target/dependency/unsafe-helper-1.0.jar:/home/anatole/ycsb/jnvm/target/jnvm-binding-0.18.0-SNAPSHOT.jar:/home/anatole/ycsb/jnvm/target/dependency/guava-18.0.jar:/home/anatole/ycsb/jnvm/target/dependency/javax.persistence-api-2.2.jar:/home/anatole/ycsb/jnvm/target/dependency/jnvm-1.0-SNAPSHOT.jar:/home/anatole/ycsb/jnvm/target/dependency/unsafe-helper-1.0.jar site.ycsb.Client -t -db site.ycsb.db.RecoverableTreeMapClient -P ../workloads/workloada -preload -s -threads 1 -p dataintegrity=true -p offheap=true -p recordcount=1000000 -p operationcount=3000000 -p fieldcount=10 -p fieldlength=100 -p requestdistribution=zipfian -p measurement.trackjvm=true -p measurementtype=hdrhistogram -p hdrhistogram.output.path=./out/exp8.pdt.ref/log/jnvm-rtmap.run.workloada.true.1000000.1.10.100.zipfian.1.false.true.default.default.none.r2.hdr.log
[OVERALL], RunTime(ms), 32960
[OVERALL], Throughput(ops/sec), 121359.22330097087
[TOTAL_GCS_G1_Young_Generation], Count, 32
[TOTAL_GC_TIME_G1_Young_Generation], Time(ms), 2885
[TOTAL_GC_TIME_%_G1_Young_Generation], Time(%), 8.753033980582524
[TOTAL_GCS_G1_Old_Generation], Count, 0
[TOTAL_GC_TIME_G1_Old_Generation], Time(ms), 0
[TOTAL_GC_TIME_%_G1_Old_Generation], Time(%), 0.0
[TOTAL_GCs], Count, 32
[TOTAL_GC_TIME], Time(ms), 2885
[TOTAL_GC_TIME_%], Time(%), 8.753033980582524
[MAX_MEM_USED], MBs, 4198
[MIN_MEM_USED], MBs, 24
[MAX_THREADS], Count, 3
[MIN_THREADS], Count, 2
[MAX_SYS_LOAD_AVG], Load, 1.82
[MIN_SYS_LOAD_AVG], Load, 1.57
[THREAD_COUNT], Operations, 5
[THREAD_COUNT], AverageLatency(ns), 2.8
[THREAD_COUNT], MinLatency(ns), 2
[THREAD_COUNT], MaxLatency(ns), 3
[THREAD_COUNT], 95thPercentileLatency(ns), 3
[THREAD_COUNT], 99thPercentileLatency(ns), 3
[SYS_LOAD_AVG], Operations, 5
[SYS_LOAD_AVG], AverageLatency(ns), 1.0
[SYS_LOAD_AVG], MinLatency(ns), 1
[SYS_LOAD_AVG], MaxLatency(ns), 1
[SYS_LOAD_AVG], 95thPercentileLatency(ns), 1
[SYS_LOAD_AVG], 99thPercentileLatency(ns), 1
[LOAD], Operations, 1
[LOAD], AverageLatency(ns), 2.3359848448E10
[LOAD], MinLatency(ns), 23359782912
[LOAD], MaxLatency(ns), 23359913983
[LOAD], 95thPercentileLatency(ns), 23359913983
[LOAD], 99thPercentileLatency(ns), 23359913983
[USED_MEM_MB], Operations, 5
[USED_MEM_MB], AverageLatency(ns), 2552.4
[USED_MEM_MB], MinLatency(ns), 24
[USED_MEM_MB], MaxLatency(ns), 4198
[USED_MEM_MB], 95thPercentileLatency(ns), 4198
[USED_MEM_MB], 99thPercentileLatency(ns), 4198
[MAIN_GCs_Count], Operations, 1
[MAIN_GCs_Count], AverageLatency(ns), 7.0
[MAIN_GCs_Count], MinLatency(ns), 7
[MAIN_GCs_Count], MaxLatency(ns), 7
[MAIN_GCs_Count], 95thPercentileLatency(ns), 7
[MAIN_GCs_Count], 99thPercentileLatency(ns), 7
[MAIN_GCs_Time(ms)], Operations, 1
[MAIN_GCs_Time(ms)], AverageLatency(ns), 1005.0
[MAIN_GCs_Time(ms)], MinLatency(ns), 1005
[MAIN_GCs_Time(ms)], MaxLatency(ns), 1005
[MAIN_GCs_Time(ms)], 95thPercentileLatency(ns), 1005
[MAIN_GCs_Time(ms)], 99thPercentileLatency(ns), 1005
[TRANSACTION], Operations, 1
[TRANSACTION], AverageLatency(ns), 9.492594688E9
[TRANSACTION], MinLatency(ns), 9492561920
[TRANSACTION], MaxLatency(ns), 9492627455
[TRANSACTION], 95thPercentileLatency(ns), 9492627455
[TRANSACTION], 99thPercentileLatency(ns), 9492627455
[GCS_TIME], Operations, 5
[GCS_TIME], AverageLatency(ns), 577.0
[GCS_TIME], MinLatency(ns), 0
[GCS_TIME], MaxLatency(ns), 1037
[GCS_TIME], 95thPercentileLatency(ns), 1037
[GCS_TIME], 99thPercentileLatency(ns), 1037
[LOAD_GCs_Time(ms)], Operations, 1
[LOAD_GCs_Time(ms)], AverageLatency(ns), 1880.0
[LOAD_GCs_Time(ms)], MinLatency(ns), 1880
[LOAD_GCs_Time(ms)], MaxLatency(ns), 1880
[LOAD_GCs_Time(ms)], 95thPercentileLatency(ns), 1880
[LOAD_GCs_Time(ms)], 99thPercentileLatency(ns), 1880
[READ], Operations, 1500959
[READ], AverageLatency(ns), 1213.188641395268
[READ], MinLatency(ns), 67
[READ], MaxLatency(ns), 93275
[READ], 95thPercentileLatency(ns), 2046
[READ], 99thPercentileLatency(ns), 2552
[READ], Return=OK, 1500959
[INIT], Operations, 1
[INIT], AverageLatency(ns), 4.1625216E7
[INIT], MinLatency(ns), 41625088
[INIT], MaxLatency(ns), 41625343
[INIT], 95thPercentileLatency(ns), 41625343
[INIT], 99thPercentileLatency(ns), 41625343
[GCS], Operations, 5
[GCS], AverageLatency(ns), 6.4
[GCS], MinLatency(ns), 0
[GCS], MaxLatency(ns), 18
[GCS], 95thPercentileLatency(ns), 18
[GCS], 99thPercentileLatency(ns), 18
[LOAD_GCs_Count], Operations, 1
[LOAD_GCs_Count], AverageLatency(ns), 25.0
[LOAD_GCs_Count], MinLatency(ns), 25
[LOAD_GCs_Count], MaxLatency(ns), 25
[LOAD_GCs_Count], 95thPercentileLatency(ns), 25
[LOAD_GCs_Count], 99thPercentileLatency(ns), 25
[CLEANUP], Operations, 1
[CLEANUP], AverageLatency(ns), 23310.0
[CLEANUP], MinLatency(ns), 23310
[CLEANUP], MaxLatency(ns), 23310
[CLEANUP], 95thPercentileLatency(ns), 23310
[CLEANUP], 99thPercentileLatency(ns), 23310
[INSERT], Operations, 1000000
[INSERT], AverageLatency(ns), 6313.653201
[INSERT], MinLatency(ns), 1611
[INSERT], MaxLatency(ns), 83432959
[INSERT], 95thPercentileLatency(ns), 6077
[INSERT], 99thPercentileLatency(ns), 8083
[INSERT], Return=OK, 1000000
[UPDATE], Operations, 1499041
[UPDATE], AverageLatency(ns), 1846.6423740244597
[UPDATE], MinLatency(ns), 202
[UPDATE], MaxLatency(ns), 151320
[UPDATE], 95thPercentileLatency(ns), 2830
[UPDATE], 99thPercentileLatency(ns), 3506
[UPDATE], Return=OK, 1499041
