/home/anatole/jdk8u/build/linux-x86_64-normal-server-release/jdk/bin/java -Xmx20g -XX:+UseG1GC -classpath /home/anatole/ycsb/conf:/home/anatole/ycsb/core/target/core-0.18.0-SNAPSHOT.jar:/home/anatole/ycsb/core/target/dependency/HdrHistogram-2.1.4.jar:/home/anatole/ycsb/core/target/dependency/guava-18.0.jar:/home/anatole/ycsb/core/target/dependency/htrace-core4-4.1.0-incubating.jar:/home/anatole/ycsb/core/target/dependency/jackson-core-asl-1.9.4.jar:/home/anatole/ycsb/core/target/dependency/jackson-mapper-asl-1.9.4.jar:/home/anatole/ycsb/core/target/dependency/javax.persistence-api-2.2.jar:/home/anatole/ycsb/core/target/dependency/jnvm-1.0-SNAPSHOT.jar:/home/anatole/ycsb/core/target/dependency/pcj-1.0.jar:/home/anatole/ycsb/core/target/dependency/unsafe-helper-1.0.jar:/home/anatole/ycsb/jnvm/target/jnvm-binding-0.18.0-SNAPSHOT.jar:/home/anatole/ycsb/jnvm/target/dependency/guava-18.0.jar:/home/anatole/ycsb/jnvm/target/dependency/javax.persistence-api-2.2.jar:/home/anatole/ycsb/jnvm/target/dependency/jnvm-1.0-SNAPSHOT.jar:/home/anatole/ycsb/jnvm/target/dependency/unsafe-helper-1.0.jar site.ycsb.Client -t -db site.ycsb.db.VolatileHashMapClient -P ../workloads/workloada -preload -s -threads 1 -p dataintegrity=true -p offheap=false -p recordcount=1000000 -p operationcount=3000000 -p fieldcount=10 -p fieldlength=100 -p requestdistribution=zipfian -p measurement.trackjvm=true -p measurementtype=hdrhistogram -p hdrhistogram.output.path=./out/exp8.pdt.ref/log/jnvm-vhmap.run.workloada.true.1000000.1.10.100.zipfian.1.false.true.default.default.none.r6.hdr.log
[OVERALL], RunTime(ms), 15946
[OVERALL], Throughput(ops/sec), 250846.60729963626
[TOTAL_GCS_G1_Young_Generation], Count, 28
[TOTAL_GC_TIME_G1_Young_Generation], Time(ms), 2689
[TOTAL_GC_TIME_%_G1_Young_Generation], Time(%), 16.86316317571805
[TOTAL_GCS_G1_Old_Generation], Count, 0
[TOTAL_GC_TIME_G1_Old_Generation], Time(ms), 0
[TOTAL_GC_TIME_%_G1_Old_Generation], Time(%), 0.0
[TOTAL_GCs], Count, 28
[TOTAL_GC_TIME], Time(ms), 2689
[TOTAL_GC_TIME_%], Time(%), 16.86316317571805
[MAX_MEM_USED], MBs, 4736
[MIN_MEM_USED], MBs, 30
[MAX_THREADS], Count, 3
[MIN_THREADS], Count, 2
[MAX_SYS_LOAD_AVG], Load, 7.64
[MIN_SYS_LOAD_AVG], Load, 4.6
[THREAD_COUNT], Operations, 3
[THREAD_COUNT], AverageLatency(ns), 2.6666666666666665
[THREAD_COUNT], MinLatency(ns), 2
[THREAD_COUNT], MaxLatency(ns), 3
[THREAD_COUNT], 95thPercentileLatency(ns), 3
[THREAD_COUNT], 99thPercentileLatency(ns), 3
[SYS_LOAD_AVG], Operations, 3
[SYS_LOAD_AVG], AverageLatency(ns), 5.666666666666667
[SYS_LOAD_AVG], MinLatency(ns), 4
[SYS_LOAD_AVG], MaxLatency(ns), 7
[SYS_LOAD_AVG], 95thPercentileLatency(ns), 7
[SYS_LOAD_AVG], 99thPercentileLatency(ns), 7
[LOAD], Operations, 1
[LOAD], AverageLatency(ns), 1.1510382592E10
[LOAD], MinLatency(ns), 11510349824
[LOAD], MaxLatency(ns), 11510415359
[LOAD], 95thPercentileLatency(ns), 11510415359
[LOAD], 99thPercentileLatency(ns), 11510415359
[USED_MEM_MB], Operations, 3
[USED_MEM_MB], AverageLatency(ns), 2871.3333333333335
[USED_MEM_MB], MinLatency(ns), 30
[USED_MEM_MB], MaxLatency(ns), 4736
[USED_MEM_MB], 95thPercentileLatency(ns), 4736
[USED_MEM_MB], 99thPercentileLatency(ns), 4736
[MAIN_GCs_Count], Operations, 1
[MAIN_GCs_Count], AverageLatency(ns), 4.0
[MAIN_GCs_Count], MinLatency(ns), 4
[MAIN_GCs_Count], MaxLatency(ns), 4
[MAIN_GCs_Count], 95thPercentileLatency(ns), 4
[MAIN_GCs_Count], 99thPercentileLatency(ns), 4
[MAIN_GCs_Time(ms)], Operations, 1
[MAIN_GCs_Time(ms)], AverageLatency(ns), 622.0
[MAIN_GCs_Time(ms)], MinLatency(ns), 622
[MAIN_GCs_Time(ms)], MaxLatency(ns), 622
[MAIN_GCs_Time(ms)], 95thPercentileLatency(ns), 622
[MAIN_GCs_Time(ms)], 99thPercentileLatency(ns), 622
[TRANSACTION], Operations, 1
[TRANSACTION], AverageLatency(ns), 4.360257536E9
[TRANSACTION], MinLatency(ns), 4360241152
[TRANSACTION], MaxLatency(ns), 4360273919
[TRANSACTION], 95thPercentileLatency(ns), 4360273919
[TRANSACTION], 99thPercentileLatency(ns), 4360273919
[GCS_TIME], Operations, 3
[GCS_TIME], AverageLatency(ns), 896.3333333333334
[GCS_TIME], MinLatency(ns), 0
[GCS_TIME], MaxLatency(ns), 1759
[GCS_TIME], 95thPercentileLatency(ns), 1759
[GCS_TIME], 99thPercentileLatency(ns), 1759
[LOAD_GCs_Time(ms)], Operations, 1
[LOAD_GCs_Time(ms)], AverageLatency(ns), 2067.0
[LOAD_GCs_Time(ms)], MinLatency(ns), 2067
[LOAD_GCs_Time(ms)], MaxLatency(ns), 2067
[LOAD_GCs_Time(ms)], 95thPercentileLatency(ns), 2067
[LOAD_GCs_Time(ms)], 99thPercentileLatency(ns), 2067
[READ], Operations, 1498495
[READ], AverageLatency(ns), 266.3839085215499
[READ], MinLatency(ns), 51
[READ], MaxLatency(ns), 41852
[READ], 95thPercentileLatency(ns), 506
[READ], 99thPercentileLatency(ns), 709
[READ], Return=OK, 1498495
[INIT], Operations, 1
[INIT], AverageLatency(ns), 223326.0
[INIT], MinLatency(ns), 223326
[INIT], MaxLatency(ns), 223326
[INIT], 95thPercentileLatency(ns), 223326
[INIT], 99thPercentileLatency(ns), 223326
[GCS], Operations, 3
[GCS], AverageLatency(ns), 9.333333333333334
[GCS], MinLatency(ns), 0
[GCS], MaxLatency(ns), 22
[GCS], 95thPercentileLatency(ns), 22
[GCS], 99thPercentileLatency(ns), 22
[LOAD_GCs_Count], Operations, 1
[LOAD_GCs_Count], AverageLatency(ns), 24.0
[LOAD_GCs_Count], MinLatency(ns), 24
[LOAD_GCs_Count], MaxLatency(ns), 24
[LOAD_GCs_Count], 95thPercentileLatency(ns), 24
[LOAD_GCs_Count], 99thPercentileLatency(ns), 24
[CLEANUP], Operations, 1
[CLEANUP], AverageLatency(ns), 13512.0
[CLEANUP], MinLatency(ns), 13512
[CLEANUP], MaxLatency(ns), 13512
[CLEANUP], 95thPercentileLatency(ns), 13512
[CLEANUP], 99thPercentileLatency(ns), 13512
[INSERT], Operations, 1000000
[INSERT], AverageLatency(ns), 430.718466
[INSERT], MinLatency(ns), 221
[INSERT], MaxLatency(ns), 2561615
[INSERT], 95thPercentileLatency(ns), 604
[INSERT], 99thPercentileLatency(ns), 797
[INSERT], Return=OK, 1000000
[UPDATE], Operations, 1501505
[UPDATE], AverageLatency(ns), 422.03780073992425
[UPDATE], MinLatency(ns), 73
[UPDATE], MaxLatency(ns), 461445
[UPDATE], 95thPercentileLatency(ns), 781
[UPDATE], 99thPercentileLatency(ns), 922
[UPDATE], Return=OK, 1501505
