/home/anatole/jdk8u/build/linux-x86_64-normal-server-release/jdk/bin/java -Xmx20g -XX:+UseG1GC -classpath /home/anatole/ycsb/conf:/home/anatole/ycsb/core/target/core-0.18.0-SNAPSHOT.jar:/home/anatole/ycsb/core/target/dependency/HdrHistogram-2.1.4.jar:/home/anatole/ycsb/core/target/dependency/guava-18.0.jar:/home/anatole/ycsb/core/target/dependency/htrace-core4-4.1.0-incubating.jar:/home/anatole/ycsb/core/target/dependency/jackson-core-asl-1.9.4.jar:/home/anatole/ycsb/core/target/dependency/jackson-mapper-asl-1.9.4.jar:/home/anatole/ycsb/core/target/dependency/javax.persistence-api-2.2.jar:/home/anatole/ycsb/core/target/dependency/jnvm-1.0-SNAPSHOT.jar:/home/anatole/ycsb/core/target/dependency/pcj-1.0.jar:/home/anatole/ycsb/core/target/dependency/unsafe-helper-1.0.jar:/home/anatole/ycsb/jnvm/target/jnvm-binding-0.18.0-SNAPSHOT.jar:/home/anatole/ycsb/jnvm/target/dependency/guava-18.0.jar:/home/anatole/ycsb/jnvm/target/dependency/javax.persistence-api-2.2.jar:/home/anatole/ycsb/jnvm/target/dependency/jnvm-1.0-SNAPSHOT.jar:/home/anatole/ycsb/jnvm/target/dependency/unsafe-helper-1.0.jar site.ycsb.Client -t -db site.ycsb.db.VolatileSkipListMapClient -P ../workloads/workloada -preload -s -threads 1 -p dataintegrity=true -p offheap=false -p recordcount=1000000 -p operationcount=3000000 -p fieldcount=10 -p fieldlength=100 -p requestdistribution=zipfian -p measurement.trackjvm=true -p measurementtype=hdrhistogram -p hdrhistogram.output.path=./out/exp8.pdt.ref/log/jnvm-vslmap.run.workloada.true.1000000.1.10.100.zipfian.1.false.true.default.default.none.r3.hdr.log
[OVERALL], RunTime(ms), 23849
[OVERALL], Throughput(ops/sec), 167721.917061512
[TOTAL_GCS_G1_Young_Generation], Count, 29
[TOTAL_GC_TIME_G1_Young_Generation], Time(ms), 2795
[TOTAL_GC_TIME_%_G1_Young_Generation], Time(%), 11.719568954673152
[TOTAL_GCS_G1_Old_Generation], Count, 0
[TOTAL_GC_TIME_G1_Old_Generation], Time(ms), 0
[TOTAL_GC_TIME_%_G1_Old_Generation], Time(%), 0.0
[TOTAL_GCs], Count, 29
[TOTAL_GC_TIME], Time(ms), 2795
[TOTAL_GC_TIME_%], Time(%), 11.719568954673152
[MAX_MEM_USED], MBs, 4824
[MIN_MEM_USED], MBs, 121
[MAX_THREADS], Count, 3
[MIN_THREADS], Count, 2
[MAX_SYS_LOAD_AVG], Load, 3.31
[MIN_SYS_LOAD_AVG], Load, 2.58
[THREAD_COUNT], Operations, 4
[THREAD_COUNT], AverageLatency(ns), 2.75
[THREAD_COUNT], MinLatency(ns), 2
[THREAD_COUNT], MaxLatency(ns), 3
[THREAD_COUNT], 95thPercentileLatency(ns), 3
[THREAD_COUNT], 99thPercentileLatency(ns), 3
[SYS_LOAD_AVG], Operations, 4
[SYS_LOAD_AVG], AverageLatency(ns), 2.5
[SYS_LOAD_AVG], MinLatency(ns), 2
[SYS_LOAD_AVG], MaxLatency(ns), 3
[SYS_LOAD_AVG], 95thPercentileLatency(ns), 3
[SYS_LOAD_AVG], 99thPercentileLatency(ns), 3
[LOAD], Operations, 1
[LOAD], AverageLatency(ns), 1.4193819648E10
[LOAD], MinLatency(ns), 14193786880
[LOAD], MaxLatency(ns), 14193852415
[LOAD], 95thPercentileLatency(ns), 14193852415
[LOAD], 99thPercentileLatency(ns), 14193852415
[USED_MEM_MB], Operations, 4
[USED_MEM_MB], AverageLatency(ns), 3200.5
[USED_MEM_MB], MinLatency(ns), 121
[USED_MEM_MB], MaxLatency(ns), 4824
[USED_MEM_MB], 95thPercentileLatency(ns), 4824
[USED_MEM_MB], 99thPercentileLatency(ns), 4824
[MAIN_GCs_Count], Operations, 1
[MAIN_GCs_Count], AverageLatency(ns), 5.0
[MAIN_GCs_Count], MinLatency(ns), 5
[MAIN_GCs_Count], MaxLatency(ns), 5
[MAIN_GCs_Count], 95thPercentileLatency(ns), 5
[MAIN_GCs_Count], 99thPercentileLatency(ns), 5
[MAIN_GCs_Time(ms)], Operations, 1
[MAIN_GCs_Time(ms)], AverageLatency(ns), 776.0
[MAIN_GCs_Time(ms)], MinLatency(ns), 776
[MAIN_GCs_Time(ms)], MaxLatency(ns), 776
[MAIN_GCs_Time(ms)], 95thPercentileLatency(ns), 776
[MAIN_GCs_Time(ms)], 99thPercentileLatency(ns), 776
[TRANSACTION], Operations, 1
[TRANSACTION], AverageLatency(ns), 9.538076672E9
[TRANSACTION], MinLatency(ns), 9538043904
[TRANSACTION], MaxLatency(ns), 9538109439
[TRANSACTION], 95thPercentileLatency(ns), 9538109439
[TRANSACTION], 99thPercentileLatency(ns), 9538109439
[GCS_TIME], Operations, 4
[GCS_TIME], AverageLatency(ns), 698.75
[GCS_TIME], MinLatency(ns), 33
[GCS_TIME], MaxLatency(ns), 1428
[GCS_TIME], 95thPercentileLatency(ns), 1428
[GCS_TIME], 99thPercentileLatency(ns), 1428
[LOAD_GCs_Time(ms)], Operations, 1
[LOAD_GCs_Time(ms)], AverageLatency(ns), 2019.0
[LOAD_GCs_Time(ms)], MinLatency(ns), 2019
[LOAD_GCs_Time(ms)], MaxLatency(ns), 2019
[LOAD_GCs_Time(ms)], 95thPercentileLatency(ns), 2019
[LOAD_GCs_Time(ms)], 99thPercentileLatency(ns), 2019
[READ], Operations, 1501063
[READ], AverageLatency(ns), 1886.3482505397842
[READ], MinLatency(ns), 227
[READ], MaxLatency(ns), 194230
[READ], 95thPercentileLatency(ns), 3337
[READ], 99thPercentileLatency(ns), 4290
[READ], Return=OK, 1501063
[INIT], Operations, 1
[INIT], AverageLatency(ns), 2986008.0
[INIT], MinLatency(ns), 2986000
[INIT], MaxLatency(ns), 2986015
[INIT], 95thPercentileLatency(ns), 2986015
[INIT], 99thPercentileLatency(ns), 2986015
[GCS], Operations, 4
[GCS], AverageLatency(ns), 7.25
[GCS], MinLatency(ns), 1
[GCS], MaxLatency(ns), 19
[GCS], 95thPercentileLatency(ns), 19
[GCS], 99thPercentileLatency(ns), 19
[LOAD_GCs_Count], Operations, 1
[LOAD_GCs_Count], AverageLatency(ns), 24.0
[LOAD_GCs_Count], MinLatency(ns), 24
[LOAD_GCs_Count], MaxLatency(ns), 24
[LOAD_GCs_Count], 95thPercentileLatency(ns), 24
[LOAD_GCs_Count], 99thPercentileLatency(ns), 24
[CLEANUP], Operations, 1
[CLEANUP], AverageLatency(ns), 18311.0
[CLEANUP], MinLatency(ns), 18311
[CLEANUP], MaxLatency(ns), 18311
[CLEANUP], 95thPercentileLatency(ns), 18311
[CLEANUP], 99thPercentileLatency(ns), 18311
[INSERT], Operations, 1000000
[INSERT], AverageLatency(ns), 2823.467709
[INSERT], MinLatency(ns), 401
[INSERT], MaxLatency(ns), 34026751
[INSERT], 95thPercentileLatency(ns), 4446
[INSERT], 99thPercentileLatency(ns), 5734
[INSERT], Return=OK, 1000000
[UPDATE], Operations, 1498937
[UPDATE], AverageLatency(ns), 2123.220991942957
[UPDATE], MinLatency(ns), 264
[UPDATE], MaxLatency(ns), 114060
[UPDATE], 95thPercentileLatency(ns), 3630
[UPDATE], 99thPercentileLatency(ns), 4611
[UPDATE], Return=OK, 1498937
