/home/anatole/jdk8u/build/linux-x86_64-normal-server-release/jdk/bin/java -Xmx20g -XX:+UseG1GC -classpath /home/anatole/ycsb/conf:/home/anatole/ycsb/core/target/core-0.18.0-SNAPSHOT.jar:/home/anatole/ycsb/core/target/dependency/HdrHistogram-2.1.4.jar:/home/anatole/ycsb/core/target/dependency/guava-18.0.jar:/home/anatole/ycsb/core/target/dependency/htrace-core4-4.1.0-incubating.jar:/home/anatole/ycsb/core/target/dependency/jackson-core-asl-1.9.4.jar:/home/anatole/ycsb/core/target/dependency/jackson-mapper-asl-1.9.4.jar:/home/anatole/ycsb/core/target/dependency/javax.persistence-api-2.2.jar:/home/anatole/ycsb/core/target/dependency/jnvm-1.0-SNAPSHOT.jar:/home/anatole/ycsb/core/target/dependency/pcj-1.0.jar:/home/anatole/ycsb/core/target/dependency/unsafe-helper-1.0.jar:/home/anatole/ycsb/infinispan/src/main/conf:/home/anatole/ycsb/infinispan/target/infinispan-binding-0.18.0-SNAPSHOT.jar:/home/anatole/ycsb/infinispan/target/dependency/caffeine-2.6.2.jar:/home/anatole/ycsb/infinispan/target/dependency/gson-2.8.2.jar:/home/anatole/ycsb/infinispan/target/dependency/guava-18.0.jar:/home/anatole/ycsb/infinispan/target/dependency/infinispan-cachestore-jnvm-1.0-SNAPSHOT.jar:/home/anatole/ycsb/infinispan/target/dependency/infinispan-cachestore-pcj-1.0-SNAPSHOT.jar:/home/anatole/ycsb/infinispan/target/dependency/infinispan-client-hotrod-9.4.17.Final.jar:/home/anatole/ycsb/infinispan/target/dependency/infinispan-commons-9.4.17.Final.jar:/home/anatole/ycsb/infinispan/target/dependency/infinispan-core-9.4.17.Final.jar:/home/anatole/ycsb/infinispan/target/dependency/javax.persistence-api-2.2.jar:/home/anatole/ycsb/infinispan/target/dependency/jboss-logging-3.3.2.Final.jar:/home/anatole/ycsb/infinispan/target/dependency/jboss-marshalling-osgi-2.0.6.Final.jar:/home/anatole/ycsb/infinispan/target/dependency/jboss-transaction-api_1.2_spec-1.1.1.Final.jar:/home/anatole/ycsb/infinispan/target/dependency/jgroups-4.0.20.Final.jar:/home/anatole/ycsb/infinispan/target/dependency/jnvm-1.0-SNAPSHOT.jar:/home/anatole/ycsb/infinispan/target/dependency/metainf-services-1.7.jar:/home/anatole/ycsb/infinispan/target/dependency/netty-buffer-4.1.42.Final.jar:/home/anatole/ycsb/infinispan/target/dependency/netty-codec-4.1.42.Final.jar:/home/anatole/ycsb/infinispan/target/dependency/netty-common-4.1.42.Final.jar:/home/anatole/ycsb/infinispan/target/dependency/netty-handler-4.1.42.Final.jar:/home/anatole/ycsb/infinispan/target/dependency/netty-resolver-4.1.42.Final.jar:/home/anatole/ycsb/infinispan/target/dependency/netty-transport-4.1.42.Final.jar:/home/anatole/ycsb/infinispan/target/dependency/netty-transport-native-epoll-4.1.42.Final-linux-x86_64.jar:/home/anatole/ycsb/infinispan/target/dependency/netty-transport-native-unix-common-4.1.42.Final.jar:/home/anatole/ycsb/infinispan/target/dependency/pcj-1.0.jar:/home/anatole/ycsb/infinispan/target/dependency/reactive-streams-1.0.2.jar:/home/anatole/ycsb/infinispan/target/dependency/rxjava-2.2.4.jar:/home/anatole/ycsb/infinispan/target/dependency/unsafe-helper-1.0.jar site.ycsb.Client -load -db site.ycsb.db.InfinispanClient -P ../workloads/workloadf -threads 10 -p dataintegrity=true -p offheap=false -p recordcount=15000000 -p operationcount=100000000 -p fieldcount=10 -p requestdistribution=zipfian -p measurementtype=hdrhistogram -p hdrhistogram.output.path=./out/exp00.heapsize.ref/log/infinispan.load.workloadf.true.15000000.150000.10.zipfian.10.hdr.log
[OVERALL], RunTime(ms), 192152
[OVERALL], Throughput(ops/sec), 78063.19996669304
[TOTAL_GCS_G1_Young_Generation], Count, 88
[TOTAL_GC_TIME_G1_Young_Generation], Time(ms), 11355
[TOTAL_GC_TIME_%_G1_Young_Generation], Time(%), 5.909384237478663
[TOTAL_GCS_G1_Old_Generation], Count, 0
[TOTAL_GC_TIME_G1_Old_Generation], Time(ms), 0
[TOTAL_GC_TIME_%_G1_Old_Generation], Time(%), 0.0
[TOTAL_GCs], Count, 88
[TOTAL_GC_TIME], Time(ms), 11355
[TOTAL_GC_TIME_%], Time(%), 5.909384237478663
[INIT], Operations, 10
[INIT], AverageLatency(ns), 1.0694377472E9
[INIT], MinLatency(ns), 1068244992
[INIT], MaxLatency(ns), 1071357951
[INIT], 95thPercentileLatency(ns), 1071357951
[INIT], 99thPercentileLatency(ns), 1071357951
[LOAD], Operations, 10
[LOAD], AverageLatency(ns), 1.890314092544E11
[LOAD], MinLatency(ns), 186965295104
[LOAD], MaxLatency(ns), 190851317759
[LOAD], 95thPercentileLatency(ns), 190851317759
[LOAD], 99thPercentileLatency(ns), 190851317759
[CLEANUP], Operations, 10
[CLEANUP], AverageLatency(ns), 1.9099752704E9
[CLEANUP], MinLatency(ns), 92052480
[CLEANUP], MaxLatency(ns), 3962961919
[CLEANUP], 95thPercentileLatency(ns), 3962961919
[CLEANUP], 99thPercentileLatency(ns), 3962961919
[MAIN_GCs_Count], Operations, 10
[MAIN_GCs_Count], AverageLatency(ns), 86.6
[MAIN_GCs_Count], MinLatency(ns), 86
[MAIN_GCs_Count], MaxLatency(ns), 87
[MAIN_GCs_Count], 95thPercentileLatency(ns), 87
[MAIN_GCs_Count], 99thPercentileLatency(ns), 87
[INSERT], Operations, 15000000
[INSERT], AverageLatency(ns), 115490.0066402
[INSERT], MinLatency(ns), 24246
[INSERT], MaxLatency(ns), 2028552191
[INSERT], 95thPercentileLatency(ns), 119908
[INSERT], 99thPercentileLatency(ns), 134527
[INSERT], Return=OK, 15000000
[MAIN_GCs_Time(ms)], Operations, 10
[MAIN_GCs_Time(ms)], AverageLatency(ns), 11300.0
[MAIN_GCs_Time(ms)], MinLatency(ns), 11246
[MAIN_GCs_Time(ms)], MaxLatency(ns), 11336
[MAIN_GCs_Time(ms)], 95thPercentileLatency(ns), 11336
[MAIN_GCs_Time(ms)], 99thPercentileLatency(ns), 11336
