/home/anatole/jdk8u/build/linux-x86_64-normal-server-release/jdk/bin/java -Xmx20g -XX:+UseG1GC -classpath /home/anatole/ycsb/conf:/home/anatole/ycsb/core/target/core-0.18.0-SNAPSHOT.jar:/home/anatole/ycsb/core/target/dependency/HdrHistogram-2.1.4.jar:/home/anatole/ycsb/core/target/dependency/guava-18.0.jar:/home/anatole/ycsb/core/target/dependency/htrace-core4-4.1.0-incubating.jar:/home/anatole/ycsb/core/target/dependency/jackson-core-asl-1.9.4.jar:/home/anatole/ycsb/core/target/dependency/jackson-mapper-asl-1.9.4.jar:/home/anatole/ycsb/core/target/dependency/javax.persistence-api-2.2.jar:/home/anatole/ycsb/core/target/dependency/jnvm-1.0-SNAPSHOT.jar:/home/anatole/ycsb/core/target/dependency/pcj-1.0.jar:/home/anatole/ycsb/core/target/dependency/unsafe-helper-1.0.jar:/home/anatole/ycsb/infinispan/src/main/conf:/home/anatole/ycsb/infinispan/target/infinispan-binding-0.18.0-SNAPSHOT.jar:/home/anatole/ycsb/infinispan/target/dependency/caffeine-2.6.2.jar:/home/anatole/ycsb/infinispan/target/dependency/gson-2.8.2.jar:/home/anatole/ycsb/infinispan/target/dependency/guava-18.0.jar:/home/anatole/ycsb/infinispan/target/dependency/infinispan-cachestore-jnvm-1.0-SNAPSHOT.jar:/home/anatole/ycsb/infinispan/target/dependency/infinispan-cachestore-pcj-1.0-SNAPSHOT.jar:/home/anatole/ycsb/infinispan/target/dependency/infinispan-client-hotrod-9.4.17.Final.jar:/home/anatole/ycsb/infinispan/target/dependency/infinispan-commons-9.4.17.Final.jar:/home/anatole/ycsb/infinispan/target/dependency/infinispan-core-9.4.17.Final.jar:/home/anatole/ycsb/infinispan/target/dependency/infinispan-embedded-9.0.1.Final.jar:/home/anatole/ycsb/infinispan/target/dependency/javax.persistence-api-2.2.jar:/home/anatole/ycsb/infinispan/target/dependency/jboss-logging-3.3.2.Final.jar:/home/anatole/ycsb/infinispan/target/dependency/jboss-marshalling-osgi-2.0.6.Final.jar:/home/anatole/ycsb/infinispan/target/dependency/jboss-transaction-api_1.1_spec-1.0.1.Final.jar:/home/anatole/ycsb/infinispan/target/dependency/jboss-transaction-api_1.2_spec-1.1.1.Final.jar:/home/anatole/ycsb/infinispan/target/dependency/jgroups-4.0.20.Final.jar:/home/anatole/ycsb/infinispan/target/dependency/jnvm-1.0-SNAPSHOT.jar:/home/anatole/ycsb/infinispan/target/dependency/metainf-services-1.7.jar:/home/anatole/ycsb/infinispan/target/dependency/netty-buffer-4.1.42.Final.jar:/home/anatole/ycsb/infinispan/target/dependency/netty-codec-4.1.42.Final.jar:/home/anatole/ycsb/infinispan/target/dependency/netty-common-4.1.42.Final.jar:/home/anatole/ycsb/infinispan/target/dependency/netty-handler-4.1.42.Final.jar:/home/anatole/ycsb/infinispan/target/dependency/netty-resolver-4.1.42.Final.jar:/home/anatole/ycsb/infinispan/target/dependency/netty-transport-4.1.42.Final.jar:/home/anatole/ycsb/infinispan/target/dependency/netty-transport-native-epoll-4.1.42.Final-linux-x86_64.jar:/home/anatole/ycsb/infinispan/target/dependency/netty-transport-native-unix-common-4.1.42.Final.jar:/home/anatole/ycsb/infinispan/target/dependency/pcj-1.0.jar:/home/anatole/ycsb/infinispan/target/dependency/reactive-streams-1.0.2.jar:/home/anatole/ycsb/infinispan/target/dependency/rxjava-2.2.4.jar:/home/anatole/ycsb/infinispan/target/dependency/unsafe-helper-1.0.jar site.ycsb.Client -t -db site.ycsb.db.InfinispanClient -P ../workloads/workloada -threads 12 -p dataintegrity=true -p offheap=false -p recordcount=1000000 -p operationcount=1000000 -p fieldcount=10 -p requestdistribution=zipfian -p measurementtype=hdrhistogram -p hdrhistogram.output.path=./out/exp5.concurrent.ref/log/infinispan.run.workloada.true.1000000.1000000.10.zipfian.12.hdr.log
[OVERALL], RunTime(ms), 41650
[OVERALL], Throughput(ops/sec), 24009.603841536613
[TOTAL_GCS_G1_Young_Generation], Count, 43
[TOTAL_GC_TIME_G1_Young_Generation], Time(ms), 3376
[TOTAL_GC_TIME_%_G1_Young_Generation], Time(%), 8.10564225690276
[TOTAL_GCS_G1_Old_Generation], Count, 0
[TOTAL_GC_TIME_G1_Old_Generation], Time(ms), 0
[TOTAL_GC_TIME_%_G1_Old_Generation], Time(%), 0.0
[TOTAL_GCs], Count, 43
[TOTAL_GC_TIME], Time(ms), 3376
[TOTAL_GC_TIME_%], Time(%), 8.10564225690276
[READ], Operations, 500521
[READ], AverageLatency(ns), 4412.120987930576
[READ], MinLatency(ns), 302
[READ], MaxLatency(ns), 128323583
[READ], 95thPercentileLatency(ns), 11394
[READ], 99thPercentileLatency(ns), 46643
[READ], Return=OK, 500521
[INIT], Operations, 12
[INIT], AverageLatency(ns), 3.9473577984E10
[INIT], MinLatency(ns), 39471284224
[INIT], MaxLatency(ns), 39476264959
[INIT], 95thPercentileLatency(ns), 39476002815
[INIT], 99thPercentileLatency(ns), 39476264959
[CLEANUP], Operations, 12
[CLEANUP], AverageLatency(ns), 5.677595306666666E8
[CLEANUP], MinLatency(ns), 547270656
[CLEANUP], MaxLatency(ns), 595152895
[CLEANUP], 95thPercentileLatency(ns), 578301951
[CLEANUP], 99thPercentileLatency(ns), 595152895
[UPDATE], Operations, 499479
[UPDATE], AverageLatency(ns), 18112.113658432085
[UPDATE], MinLatency(ns), 2016
[UPDATE], MaxLatency(ns), 128686079
[UPDATE], 95thPercentileLatency(ns), 44711
[UPDATE], 99thPercentileLatency(ns), 85848
[UPDATE], Return=OK, 499479
[TRANSACTION], Operations, 12
[TRANSACTION], AverageLatency(ns), 1.4378530133333333E9
[TRANSACTION], MinLatency(ns), 1398898688
[TRANSACTION], MaxLatency(ns), 1459380223
[TRANSACTION], 95thPercentileLatency(ns), 1458651135
[TRANSACTION], 99thPercentileLatency(ns), 1459380223
