/home/anatole/jdk8u/build/linux-x86_64-normal-server-release/jdk/bin/java -Xmx20g -XX:+UseG1GC -classpath /home/anatole/ycsb/conf:/home/anatole/ycsb/core/target/core-0.18.0-SNAPSHOT.jar:/home/anatole/ycsb/core/target/dependency/HdrHistogram-2.1.4.jar:/home/anatole/ycsb/core/target/dependency/guava-18.0.jar:/home/anatole/ycsb/core/target/dependency/htrace-core4-4.1.0-incubating.jar:/home/anatole/ycsb/core/target/dependency/jackson-core-asl-1.9.4.jar:/home/anatole/ycsb/core/target/dependency/jackson-mapper-asl-1.9.4.jar:/home/anatole/ycsb/core/target/dependency/javax.persistence-api-2.2.jar:/home/anatole/ycsb/core/target/dependency/jnvm-1.0-SNAPSHOT.jar:/home/anatole/ycsb/core/target/dependency/pcj-1.0.jar:/home/anatole/ycsb/core/target/dependency/unsafe-helper-1.0.jar:/home/anatole/ycsb/infinispan/src/main/conf:/home/anatole/ycsb/infinispan/target/infinispan-binding-0.18.0-SNAPSHOT.jar:/home/anatole/ycsb/infinispan/target/dependency/caffeine-2.6.2.jar:/home/anatole/ycsb/infinispan/target/dependency/gson-2.8.2.jar:/home/anatole/ycsb/infinispan/target/dependency/guava-18.0.jar:/home/anatole/ycsb/infinispan/target/dependency/infinispan-cachestore-jnvm-1.0-SNAPSHOT.jar:/home/anatole/ycsb/infinispan/target/dependency/infinispan-cachestore-pcj-1.0-SNAPSHOT.jar:/home/anatole/ycsb/infinispan/target/dependency/infinispan-client-hotrod-9.4.17.Final.jar:/home/anatole/ycsb/infinispan/target/dependency/infinispan-commons-9.4.17.Final.jar:/home/anatole/ycsb/infinispan/target/dependency/infinispan-core-9.4.17.Final.jar:/home/anatole/ycsb/infinispan/target/dependency/infinispan-embedded-9.0.1.Final.jar:/home/anatole/ycsb/infinispan/target/dependency/javax.persistence-api-2.2.jar:/home/anatole/ycsb/infinispan/target/dependency/jboss-logging-3.3.2.Final.jar:/home/anatole/ycsb/infinispan/target/dependency/jboss-marshalling-osgi-2.0.6.Final.jar:/home/anatole/ycsb/infinispan/target/dependency/jboss-transaction-api_1.1_spec-1.0.1.Final.jar:/home/anatole/ycsb/infinispan/target/dependency/jboss-transaction-api_1.2_spec-1.1.1.Final.jar:/home/anatole/ycsb/infinispan/target/dependency/jgroups-4.0.20.Final.jar:/home/anatole/ycsb/infinispan/target/dependency/jnvm-1.0-SNAPSHOT.jar:/home/anatole/ycsb/infinispan/target/dependency/metainf-services-1.7.jar:/home/anatole/ycsb/infinispan/target/dependency/netty-buffer-4.1.42.Final.jar:/home/anatole/ycsb/infinispan/target/dependency/netty-codec-4.1.42.Final.jar:/home/anatole/ycsb/infinispan/target/dependency/netty-common-4.1.42.Final.jar:/home/anatole/ycsb/infinispan/target/dependency/netty-handler-4.1.42.Final.jar:/home/anatole/ycsb/infinispan/target/dependency/netty-resolver-4.1.42.Final.jar:/home/anatole/ycsb/infinispan/target/dependency/netty-transport-4.1.42.Final.jar:/home/anatole/ycsb/infinispan/target/dependency/netty-transport-native-epoll-4.1.42.Final-linux-x86_64.jar:/home/anatole/ycsb/infinispan/target/dependency/netty-transport-native-unix-common-4.1.42.Final.jar:/home/anatole/ycsb/infinispan/target/dependency/pcj-1.0.jar:/home/anatole/ycsb/infinispan/target/dependency/reactive-streams-1.0.2.jar:/home/anatole/ycsb/infinispan/target/dependency/rxjava-2.2.4.jar:/home/anatole/ycsb/infinispan/target/dependency/unsafe-helper-1.0.jar site.ycsb.Client -t -db site.ycsb.db.InfinispanClient -P ../workloads/updatew -threads 16 -p dataintegrity=true -p offheap=false -p recordcount=1000000 -p operationcount=1000000 -p fieldcount=10 -p requestdistribution=zipfian -p measurementtype=hdrhistogram -p hdrhistogram.output.path=./out/exp5.concurrent.ref/log/infinispan.run.updatew.true.1000000.1000000.10.zipfian.16.hdr.log
[OVERALL], RunTime(ms), 41974
[OVERALL], Throughput(ops/sec), 23824.27216848525
[TOTAL_GCS_G1_Young_Generation], Count, 44
[TOTAL_GC_TIME_G1_Young_Generation], Time(ms), 3807
[TOTAL_GC_TIME_%_G1_Young_Generation], Time(%), 9.069900414542335
[TOTAL_GCS_G1_Old_Generation], Count, 0
[TOTAL_GC_TIME_G1_Old_Generation], Time(ms), 0
[TOTAL_GC_TIME_%_G1_Old_Generation], Time(%), 0.0
[TOTAL_GCs], Count, 44
[TOTAL_GC_TIME], Time(ms), 3807
[TOTAL_GC_TIME_%], Time(%), 9.069900414542335
[INIT], Operations, 16
[INIT], AverageLatency(ns), 3.899211776E10
[INIT], MinLatency(ns), 38988939264
[INIT], MaxLatency(ns), 38996279295
[INIT], 95thPercentileLatency(ns), 38995755007
[INIT], 99thPercentileLatency(ns), 38996279295
[CLEANUP], Operations, 16
[CLEANUP], AverageLatency(ns), 5.35585856E8
[CLEANUP], MinLatency(ns), 515305472
[CLEANUP], MaxLatency(ns), 576688127
[CLEANUP], 95thPercentileLatency(ns), 555720703
[CLEANUP], 99thPercentileLatency(ns), 576688127
[UPDATE], Operations, 1000000
[UPDATE], AverageLatency(ns), 27281.759166
[UPDATE], MinLatency(ns), 2116
[UPDATE], MaxLatency(ns), 325304319
[UPDATE], 95thPercentileLatency(ns), 52522
[UPDATE], 99thPercentileLatency(ns), 109384
[UPDATE], Return=OK, 1000000
[TRANSACTION], Operations, 16
[TRANSACTION], AverageLatency(ns), 2.269328384E9
[TRANSACTION], MinLatency(ns), 2211004416
[TRANSACTION], MaxLatency(ns), 2290483199
[TRANSACTION], 95thPercentileLatency(ns), 2290057215
[TRANSACTION], 99thPercentileLatency(ns), 2290483199
