/home/anatole/jdk8u/build/linux-x86_64-normal-server-release/jdk/bin/java -Xmx20g -XX:+UseG1GC -classpath /home/anatole/ycsb/conf:/home/anatole/ycsb/core/target/core-0.18.0-SNAPSHOT.jar:/home/anatole/ycsb/core/target/dependency/HdrHistogram-2.1.4.jar:/home/anatole/ycsb/core/target/dependency/guava-18.0.jar:/home/anatole/ycsb/core/target/dependency/htrace-core4-4.1.0-incubating.jar:/home/anatole/ycsb/core/target/dependency/jackson-core-asl-1.9.4.jar:/home/anatole/ycsb/core/target/dependency/jackson-mapper-asl-1.9.4.jar:/home/anatole/ycsb/core/target/dependency/javax.persistence-api-2.2.jar:/home/anatole/ycsb/core/target/dependency/jnvm-1.0-SNAPSHOT.jar:/home/anatole/ycsb/core/target/dependency/pcj-1.0.jar:/home/anatole/ycsb/core/target/dependency/unsafe-helper-1.0.jar:/home/anatole/ycsb/infinispan/src/main/conf:/home/anatole/ycsb/infinispan/target/infinispan-binding-0.18.0-SNAPSHOT.jar:/home/anatole/ycsb/infinispan/target/dependency/caffeine-2.6.2.jar:/home/anatole/ycsb/infinispan/target/dependency/gson-2.8.2.jar:/home/anatole/ycsb/infinispan/target/dependency/guava-18.0.jar:/home/anatole/ycsb/infinispan/target/dependency/infinispan-cachestore-jnvm-1.0-SNAPSHOT.jar:/home/anatole/ycsb/infinispan/target/dependency/infinispan-cachestore-pcj-1.0-SNAPSHOT.jar:/home/anatole/ycsb/infinispan/target/dependency/infinispan-client-hotrod-9.4.17.Final.jar:/home/anatole/ycsb/infinispan/target/dependency/infinispan-commons-9.4.17.Final.jar:/home/anatole/ycsb/infinispan/target/dependency/infinispan-core-9.4.17.Final.jar:/home/anatole/ycsb/infinispan/target/dependency/infinispan-embedded-9.0.1.Final.jar:/home/anatole/ycsb/infinispan/target/dependency/javax.persistence-api-2.2.jar:/home/anatole/ycsb/infinispan/target/dependency/jboss-logging-3.3.2.Final.jar:/home/anatole/ycsb/infinispan/target/dependency/jboss-marshalling-osgi-2.0.6.Final.jar:/home/anatole/ycsb/infinispan/target/dependency/jboss-transaction-api_1.1_spec-1.0.1.Final.jar:/home/anatole/ycsb/infinispan/target/dependency/jboss-transaction-api_1.2_spec-1.1.1.Final.jar:/home/anatole/ycsb/infinispan/target/dependency/jgroups-4.0.20.Final.jar:/home/anatole/ycsb/infinispan/target/dependency/jnvm-1.0-SNAPSHOT.jar:/home/anatole/ycsb/infinispan/target/dependency/metainf-services-1.7.jar:/home/anatole/ycsb/infinispan/target/dependency/netty-buffer-4.1.42.Final.jar:/home/anatole/ycsb/infinispan/target/dependency/netty-codec-4.1.42.Final.jar:/home/anatole/ycsb/infinispan/target/dependency/netty-common-4.1.42.Final.jar:/home/anatole/ycsb/infinispan/target/dependency/netty-handler-4.1.42.Final.jar:/home/anatole/ycsb/infinispan/target/dependency/netty-resolver-4.1.42.Final.jar:/home/anatole/ycsb/infinispan/target/dependency/netty-transport-4.1.42.Final.jar:/home/anatole/ycsb/infinispan/target/dependency/netty-transport-native-epoll-4.1.42.Final-linux-x86_64.jar:/home/anatole/ycsb/infinispan/target/dependency/netty-transport-native-unix-common-4.1.42.Final.jar:/home/anatole/ycsb/infinispan/target/dependency/pcj-1.0.jar:/home/anatole/ycsb/infinispan/target/dependency/reactive-streams-1.0.2.jar:/home/anatole/ycsb/infinispan/target/dependency/rxjava-2.2.4.jar:/home/anatole/ycsb/infinispan/target/dependency/unsafe-helper-1.0.jar site.ycsb.Client -t -db site.ycsb.db.InfinispanJNVMClient -P ../workloads/workloada -threads 1 -p dataintegrity=true -p offheap=true -p recordcount=1000000 -p operationcount=30000000 -p fieldcount=10 -p requestdistribution=zipfian -p measurementtype=hdrhistogram -p hdrhistogram.output.path=./out/exp5.concurrent.ref/log/infinispan-jnvm.run.workloada.true.1000000.1.10.zipfian.1.hdr.log
[OVERALL], RunTime(ms), 127825
[OVERALL], Throughput(ops/sec), 234695.87326422843
[TOTAL_GCS_G1_Young_Generation], Count, 107
[TOTAL_GC_TIME_G1_Young_Generation], Time(ms), 26690
[TOTAL_GC_TIME_%_G1_Young_Generation], Time(%), 20.880109524740856
[TOTAL_GCS_G1_Old_Generation], Count, 0
[TOTAL_GC_TIME_G1_Old_Generation], Time(ms), 0
[TOTAL_GC_TIME_%_G1_Old_Generation], Time(%), 0.0
[TOTAL_GCs], Count, 107
[TOTAL_GC_TIME], Time(ms), 26690
[TOTAL_GC_TIME_%], Time(%), 20.880109524740856
[READ], Operations, 15002046
[READ], AverageLatency(ns), 1866.749477637917
[READ], MinLatency(ns), 155
[READ], MaxLatency(ns), 366438399
[READ], 95thPercentileLatency(ns), 2117
[READ], 99thPercentileLatency(ns), 2691
[READ], Return=OK, 15002046
[INIT], Operations, 1
[INIT], AverageLatency(ns), 5.852250112E9
[INIT], MinLatency(ns), 5852233728
[INIT], MaxLatency(ns), 5852266495
[INIT], 95thPercentileLatency(ns), 5852266495
[INIT], 99thPercentileLatency(ns), 5852266495
[CLEANUP], Operations, 1
[CLEANUP], AverageLatency(ns), 8549088.0
[CLEANUP], MinLatency(ns), 8549056
[CLEANUP], MaxLatency(ns), 8549119
[CLEANUP], 95thPercentileLatency(ns), 8549119
[CLEANUP], 99thPercentileLatency(ns), 8549119
[UPDATE], Operations, 14997954
[UPDATE], AverageLatency(ns), 2524.556310414074
[UPDATE], MinLatency(ns), 279
[UPDATE], MaxLatency(ns), 361406463
[UPDATE], 95thPercentileLatency(ns), 3188
[UPDATE], 99thPercentileLatency(ns), 3795
[UPDATE], Return=OK, 14997954
[TRANSACTION], Operations, 1
[TRANSACTION], AverageLatency(ns), 1.2190613504E11
[TRANSACTION], MinLatency(ns), 121905872896
[TRANSACTION], MaxLatency(ns), 121906397183
[TRANSACTION], 95thPercentileLatency(ns), 121906397183
[TRANSACTION], 99thPercentileLatency(ns), 121906397183
