/home/anatole/jdk8u/build/linux-x86_64-normal-server-release/jdk/bin/java -Xmx20g -XX:+UseG1GC -classpath /home/anatole/ycsb/conf:/home/anatole/ycsb/core/target/core-0.18.0-SNAPSHOT.jar:/home/anatole/ycsb/core/target/dependency/HdrHistogram-2.1.4.jar:/home/anatole/ycsb/core/target/dependency/guava-18.0.jar:/home/anatole/ycsb/core/target/dependency/htrace-core4-4.1.0-incubating.jar:/home/anatole/ycsb/core/target/dependency/jackson-core-asl-1.9.4.jar:/home/anatole/ycsb/core/target/dependency/jackson-mapper-asl-1.9.4.jar:/home/anatole/ycsb/core/target/dependency/javax.persistence-api-2.2.jar:/home/anatole/ycsb/core/target/dependency/jnvm-1.0-SNAPSHOT.jar:/home/anatole/ycsb/core/target/dependency/pcj-1.0.jar:/home/anatole/ycsb/core/target/dependency/unsafe-helper-1.0.jar:/home/anatole/ycsb/infinispan/src/main/conf:/home/anatole/ycsb/infinispan/target/infinispan-binding-0.18.0-SNAPSHOT.jar:/home/anatole/ycsb/infinispan/target/dependency/caffeine-2.6.2.jar:/home/anatole/ycsb/infinispan/target/dependency/gson-2.8.2.jar:/home/anatole/ycsb/infinispan/target/dependency/guava-18.0.jar:/home/anatole/ycsb/infinispan/target/dependency/infinispan-cachestore-jnvm-1.0-SNAPSHOT.jar:/home/anatole/ycsb/infinispan/target/dependency/infinispan-cachestore-pcj-1.0-SNAPSHOT.jar:/home/anatole/ycsb/infinispan/target/dependency/infinispan-client-hotrod-9.4.17.Final.jar:/home/anatole/ycsb/infinispan/target/dependency/infinispan-commons-9.4.17.Final.jar:/home/anatole/ycsb/infinispan/target/dependency/infinispan-core-9.4.17.Final.jar:/home/anatole/ycsb/infinispan/target/dependency/infinispan-embedded-9.0.1.Final.jar:/home/anatole/ycsb/infinispan/target/dependency/javax.persistence-api-2.2.jar:/home/anatole/ycsb/infinispan/target/dependency/jboss-logging-3.3.2.Final.jar:/home/anatole/ycsb/infinispan/target/dependency/jboss-marshalling-osgi-2.0.6.Final.jar:/home/anatole/ycsb/infinispan/target/dependency/jboss-transaction-api_1.1_spec-1.0.1.Final.jar:/home/anatole/ycsb/infinispan/target/dependency/jboss-transaction-api_1.2_spec-1.1.1.Final.jar:/home/anatole/ycsb/infinispan/target/dependency/jgroups-4.0.20.Final.jar:/home/anatole/ycsb/infinispan/target/dependency/jnvm-1.0-SNAPSHOT.jar:/home/anatole/ycsb/infinispan/target/dependency/metainf-services-1.7.jar:/home/anatole/ycsb/infinispan/target/dependency/netty-buffer-4.1.42.Final.jar:/home/anatole/ycsb/infinispan/target/dependency/netty-codec-4.1.42.Final.jar:/home/anatole/ycsb/infinispan/target/dependency/netty-common-4.1.42.Final.jar:/home/anatole/ycsb/infinispan/target/dependency/netty-handler-4.1.42.Final.jar:/home/anatole/ycsb/infinispan/target/dependency/netty-resolver-4.1.42.Final.jar:/home/anatole/ycsb/infinispan/target/dependency/netty-transport-4.1.42.Final.jar:/home/anatole/ycsb/infinispan/target/dependency/netty-transport-native-epoll-4.1.42.Final-linux-x86_64.jar:/home/anatole/ycsb/infinispan/target/dependency/netty-transport-native-unix-common-4.1.42.Final.jar:/home/anatole/ycsb/infinispan/target/dependency/pcj-1.0.jar:/home/anatole/ycsb/infinispan/target/dependency/reactive-streams-1.0.2.jar:/home/anatole/ycsb/infinispan/target/dependency/rxjava-2.2.4.jar:/home/anatole/ycsb/infinispan/target/dependency/unsafe-helper-1.0.jar site.ycsb.Client -t -db site.ycsb.db.InfinispanClient -P ../workloads/workloada -threads 24 -p dataintegrity=true -p offheap=false -p recordcount=1000000 -p operationcount=1000000 -p fieldcount=10 -p requestdistribution=zipfian -p measurementtype=hdrhistogram -p hdrhistogram.output.path=./out/exp5.concurrent.ref/log/infinispan.run.workloada.true.1000000.1000000.10.zipfian.24.hdr.log
[OVERALL], RunTime(ms), 42362
[OVERALL], Throughput(ops/sec), 23606.062036731033
[TOTAL_GCS_G1_Young_Generation], Count, 43
[TOTAL_GC_TIME_G1_Young_Generation], Time(ms), 3501
[TOTAL_GC_TIME_%_G1_Young_Generation], Time(%), 8.264482319059535
[TOTAL_GCS_G1_Old_Generation], Count, 0
[TOTAL_GC_TIME_G1_Old_Generation], Time(ms), 0
[TOTAL_GC_TIME_%_G1_Old_Generation], Time(%), 0.0
[TOTAL_GCs], Count, 43
[TOTAL_GC_TIME], Time(ms), 3501
[TOTAL_GC_TIME_%], Time(%), 8.264482319059535
[READ], Operations, 501533
[READ], AverageLatency(ns), 24210.50390901496
[READ], MinLatency(ns), 215
[READ], MaxLatency(ns), 204890111
[READ], 95thPercentileLatency(ns), 96169
[READ], 99thPercentileLatency(ns), 140800
[READ], Return=OK, 501533
[INIT], Operations, 24
[INIT], AverageLatency(ns), 3.993501696E10
[INIT], MinLatency(ns), 39927414784
[INIT], MaxLatency(ns), 39941570559
[INIT], 95thPercentileLatency(ns), 39941308415
[INIT], 99thPercentileLatency(ns), 39941570559
[CLEANUP], Operations, 24
[CLEANUP], AverageLatency(ns), 5.171261013333333E8
[CLEANUP], MinLatency(ns), 501305344
[CLEANUP], MaxLatency(ns), 594911231
[CLEANUP], 95thPercentileLatency(ns), 585994239
[CLEANUP], 99thPercentileLatency(ns), 594911231
[UPDATE], Operations, 498467
[UPDATE], AverageLatency(ns), 40492.58949539287
[UPDATE], MinLatency(ns), 2059
[UPDATE], MaxLatency(ns), 204890111
[UPDATE], 95thPercentileLatency(ns), 107399
[UPDATE], 99thPercentileLatency(ns), 177210
[UPDATE], Return=OK, 498467
[TRANSACTION], Operations, 24
[TRANSACTION], AverageLatency(ns), 1.707850752E9
[TRANSACTION], MinLatency(ns), 1619197952
[TRANSACTION], MaxLatency(ns), 1724022783
[TRANSACTION], 95thPercentileLatency(ns), 1723834367
[TRANSACTION], 99thPercentileLatency(ns), 1724022783
