/home/anatole/jdk8u/build/linux-x86_64-normal-server-release/jdk/bin/java -Xmx20g -XX:+UseG1GC -classpath /home/anatole/ycsb/conf:/home/anatole/ycsb/core/target/core-0.18.0-SNAPSHOT.jar:/home/anatole/ycsb/core/target/dependency/HdrHistogram-2.1.4.jar:/home/anatole/ycsb/core/target/dependency/guava-18.0.jar:/home/anatole/ycsb/core/target/dependency/htrace-core4-4.1.0-incubating.jar:/home/anatole/ycsb/core/target/dependency/jackson-core-asl-1.9.4.jar:/home/anatole/ycsb/core/target/dependency/jackson-mapper-asl-1.9.4.jar:/home/anatole/ycsb/core/target/dependency/javax.persistence-api-2.2.jar:/home/anatole/ycsb/core/target/dependency/jnvm-1.0-SNAPSHOT.jar:/home/anatole/ycsb/core/target/dependency/pcj-1.0.jar:/home/anatole/ycsb/core/target/dependency/unsafe-helper-1.0.jar:/home/anatole/ycsb/infinispan/src/main/conf:/home/anatole/ycsb/infinispan/target/infinispan-binding-0.18.0-SNAPSHOT.jar:/home/anatole/ycsb/infinispan/target/dependency/caffeine-2.6.2.jar:/home/anatole/ycsb/infinispan/target/dependency/gson-2.8.2.jar:/home/anatole/ycsb/infinispan/target/dependency/guava-18.0.jar:/home/anatole/ycsb/infinispan/target/dependency/infinispan-cachestore-jnvm-1.0-SNAPSHOT.jar:/home/anatole/ycsb/infinispan/target/dependency/infinispan-cachestore-pcj-1.0-SNAPSHOT.jar:/home/anatole/ycsb/infinispan/target/dependency/infinispan-client-hotrod-9.4.17.Final.jar:/home/anatole/ycsb/infinispan/target/dependency/infinispan-commons-9.4.17.Final.jar:/home/anatole/ycsb/infinispan/target/dependency/infinispan-core-9.4.17.Final.jar:/home/anatole/ycsb/infinispan/target/dependency/infinispan-embedded-9.0.1.Final.jar:/home/anatole/ycsb/infinispan/target/dependency/javax.persistence-api-2.2.jar:/home/anatole/ycsb/infinispan/target/dependency/jboss-logging-3.3.2.Final.jar:/home/anatole/ycsb/infinispan/target/dependency/jboss-marshalling-osgi-2.0.6.Final.jar:/home/anatole/ycsb/infinispan/target/dependency/jboss-transaction-api_1.1_spec-1.0.1.Final.jar:/home/anatole/ycsb/infinispan/target/dependency/jboss-transaction-api_1.2_spec-1.1.1.Final.jar:/home/anatole/ycsb/infinispan/target/dependency/jgroups-4.0.20.Final.jar:/home/anatole/ycsb/infinispan/target/dependency/jnvm-1.0-SNAPSHOT.jar:/home/anatole/ycsb/infinispan/target/dependency/metainf-services-1.7.jar:/home/anatole/ycsb/infinispan/target/dependency/netty-buffer-4.1.42.Final.jar:/home/anatole/ycsb/infinispan/target/dependency/netty-codec-4.1.42.Final.jar:/home/anatole/ycsb/infinispan/target/dependency/netty-common-4.1.42.Final.jar:/home/anatole/ycsb/infinispan/target/dependency/netty-handler-4.1.42.Final.jar:/home/anatole/ycsb/infinispan/target/dependency/netty-resolver-4.1.42.Final.jar:/home/anatole/ycsb/infinispan/target/dependency/netty-transport-4.1.42.Final.jar:/home/anatole/ycsb/infinispan/target/dependency/netty-transport-native-epoll-4.1.42.Final-linux-x86_64.jar:/home/anatole/ycsb/infinispan/target/dependency/netty-transport-native-unix-common-4.1.42.Final.jar:/home/anatole/ycsb/infinispan/target/dependency/pcj-1.0.jar:/home/anatole/ycsb/infinispan/target/dependency/reactive-streams-1.0.2.jar:/home/anatole/ycsb/infinispan/target/dependency/rxjava-2.2.4.jar:/home/anatole/ycsb/infinispan/target/dependency/unsafe-helper-1.0.jar site.ycsb.Client -t -db site.ycsb.db.InfinispanJNVMClient -P ../workloads/workloada -threads 32 -p dataintegrity=true -p offheap=true -p recordcount=1000000 -p operationcount=1000000 -p fieldcount=10 -p requestdistribution=zipfian -p measurementtype=hdrhistogram -p hdrhistogram.output.path=./out/exp5.concurrent.ref/log/infinispan-jnvm.run.workloada.true.1000000.1.10.zipfian.32.hdr.log
[OVERALL], RunTime(ms), 7634
[OVERALL], Throughput(ops/sec), 130992.92638197537
[TOTAL_GCS_G1_Young_Generation], Count, 27
[TOTAL_GC_TIME_G1_Young_Generation], Time(ms), 2277
[TOTAL_GC_TIME_%_G1_Young_Generation], Time(%), 29.827089337175792
[TOTAL_GCS_G1_Old_Generation], Count, 0
[TOTAL_GC_TIME_G1_Old_Generation], Time(ms), 0
[TOTAL_GC_TIME_%_G1_Old_Generation], Time(%), 0.0
[TOTAL_GCs], Count, 27
[TOTAL_GC_TIME], Time(ms), 2277
[TOTAL_GC_TIME_%], Time(%), 29.827089337175792
[READ], Operations, 499622
[READ], AverageLatency(ns), 35309.86208773833
[READ], MinLatency(ns), 224
[READ], MaxLatency(ns), 246168575
[READ], 95thPercentileLatency(ns), 158382
[READ], 99thPercentileLatency(ns), 209214
[READ], Return=OK, 499622
[INIT], Operations, 32
[INIT], AverageLatency(ns), 5.842987008E9
[INIT], MinLatency(ns), 5838209024
[INIT], MaxLatency(ns), 5852495871
[INIT], 95thPercentileLatency(ns), 5851807743
[INIT], 99thPercentileLatency(ns), 5852495871
[CLEANUP], Operations, 32
[CLEANUP], AverageLatency(ns), 5.260193E7
[CLEANUP], MinLatency(ns), 30728704
[CLEANUP], MaxLatency(ns), 153730047
[CLEANUP], 95thPercentileLatency(ns), 73120255
[CLEANUP], 99thPercentileLatency(ns), 153730047
[UPDATE], Operations, 500378
[UPDATE], AverageLatency(ns), 38799.167989000314
[UPDATE], MinLatency(ns), 404
[UPDATE], MaxLatency(ns), 251584511
[UPDATE], 95thPercentileLatency(ns), 165146
[UPDATE], 99thPercentileLatency(ns), 220320
[UPDATE], Return=OK, 500378
[TRANSACTION], Operations, 32
[TRANSACTION], AverageLatency(ns), 1.594427136E9
[TRANSACTION], MinLatency(ns), 1483251712
[TRANSACTION], MaxLatency(ns), 1616699391
[TRANSACTION], 95thPercentileLatency(ns), 1613316095
[TRANSACTION], 99thPercentileLatency(ns), 1616699391
