/home/anatole/jdk8u/build/linux-x86_64-normal-server-release/jdk/bin/java -Xmx20g -XX:+UseG1GC -classpath /home/anatole/ycsb/conf:/home/anatole/ycsb/core/target/core-0.18.0-SNAPSHOT.jar:/home/anatole/ycsb/core/target/dependency/HdrHistogram-2.1.4.jar:/home/anatole/ycsb/core/target/dependency/guava-18.0.jar:/home/anatole/ycsb/core/target/dependency/htrace-core4-4.1.0-incubating.jar:/home/anatole/ycsb/core/target/dependency/jackson-core-asl-1.9.4.jar:/home/anatole/ycsb/core/target/dependency/jackson-mapper-asl-1.9.4.jar:/home/anatole/ycsb/core/target/dependency/javax.persistence-api-2.2.jar:/home/anatole/ycsb/core/target/dependency/jnvm-1.0-SNAPSHOT.jar:/home/anatole/ycsb/core/target/dependency/pcj-1.0.jar:/home/anatole/ycsb/core/target/dependency/unsafe-helper-1.0.jar:/home/anatole/ycsb/infinispan/src/main/conf:/home/anatole/ycsb/infinispan/target/infinispan-binding-0.18.0-SNAPSHOT.jar:/home/anatole/ycsb/infinispan/target/dependency/caffeine-2.6.2.jar:/home/anatole/ycsb/infinispan/target/dependency/gson-2.8.2.jar:/home/anatole/ycsb/infinispan/target/dependency/guava-18.0.jar:/home/anatole/ycsb/infinispan/target/dependency/infinispan-cachestore-jnvm-1.0-SNAPSHOT.jar:/home/anatole/ycsb/infinispan/target/dependency/infinispan-cachestore-pcj-1.0-SNAPSHOT.jar:/home/anatole/ycsb/infinispan/target/dependency/infinispan-client-hotrod-9.4.17.Final.jar:/home/anatole/ycsb/infinispan/target/dependency/infinispan-commons-9.4.17.Final.jar:/home/anatole/ycsb/infinispan/target/dependency/infinispan-core-9.4.17.Final.jar:/home/anatole/ycsb/infinispan/target/dependency/infinispan-embedded-9.0.1.Final.jar:/home/anatole/ycsb/infinispan/target/dependency/javax.persistence-api-2.2.jar:/home/anatole/ycsb/infinispan/target/dependency/jboss-logging-3.3.2.Final.jar:/home/anatole/ycsb/infinispan/target/dependency/jboss-marshalling-osgi-2.0.6.Final.jar:/home/anatole/ycsb/infinispan/target/dependency/jboss-transaction-api_1.1_spec-1.0.1.Final.jar:/home/anatole/ycsb/infinispan/target/dependency/jboss-transaction-api_1.2_spec-1.1.1.Final.jar:/home/anatole/ycsb/infinispan/target/dependency/jgroups-4.0.20.Final.jar:/home/anatole/ycsb/infinispan/target/dependency/jnvm-1.0-SNAPSHOT.jar:/home/anatole/ycsb/infinispan/target/dependency/metainf-services-1.7.jar:/home/anatole/ycsb/infinispan/target/dependency/netty-buffer-4.1.42.Final.jar:/home/anatole/ycsb/infinispan/target/dependency/netty-codec-4.1.42.Final.jar:/home/anatole/ycsb/infinispan/target/dependency/netty-common-4.1.42.Final.jar:/home/anatole/ycsb/infinispan/target/dependency/netty-handler-4.1.42.Final.jar:/home/anatole/ycsb/infinispan/target/dependency/netty-resolver-4.1.42.Final.jar:/home/anatole/ycsb/infinispan/target/dependency/netty-transport-4.1.42.Final.jar:/home/anatole/ycsb/infinispan/target/dependency/netty-transport-native-epoll-4.1.42.Final-linux-x86_64.jar:/home/anatole/ycsb/infinispan/target/dependency/netty-transport-native-unix-common-4.1.42.Final.jar:/home/anatole/ycsb/infinispan/target/dependency/pcj-1.0.jar:/home/anatole/ycsb/infinispan/target/dependency/reactive-streams-1.0.2.jar:/home/anatole/ycsb/infinispan/target/dependency/rxjava-2.2.4.jar:/home/anatole/ycsb/infinispan/target/dependency/unsafe-helper-1.0.jar site.ycsb.Client -t -db site.ycsb.db.InfinispanClient -P ../workloads/workloada -threads 1 -p dataintegrity=true -p offheap=false -p recordcount=3000000 -p operationcount=10000000 -p fieldcount=10 -p requestdistribution=sequential -p measurementtype=hdrhistogram -p hdrhistogram.output.path=./out/exp3.distribution.ref/log/infinispan.run.workloada.true.3000000.300000.10.sequential.1.hdr.log
[OVERALL], RunTime(ms), 645301
[OVERALL], Throughput(ops/sec), 15496.644201698122
[TOTAL_GCS_G1_Young_Generation], Count, 161
[TOTAL_GC_TIME_G1_Young_Generation], Time(ms), 18682
[TOTAL_GC_TIME_%_G1_Young_Generation], Time(%), 2.8950830697612435
[TOTAL_GCS_G1_Old_Generation], Count, 0
[TOTAL_GC_TIME_G1_Old_Generation], Time(ms), 0
[TOTAL_GC_TIME_%_G1_Old_Generation], Time(%), 0.0
[TOTAL_GCs], Count, 161
[TOTAL_GC_TIME], Time(ms), 18682
[TOTAL_GC_TIME_%], Time(%), 2.8950830697612435
[READ], Operations, 5000797
[READ], AverageLatency(ns), 34193.49806160898
[READ], MinLatency(ns), 340
[READ], MaxLatency(ns), 218212351
[READ], 95thPercentileLatency(ns), 35140
[READ], 99thPercentileLatency(ns), 39949
[READ], Return=OK, 5000797
[INIT], Operations, 1
[INIT], AverageLatency(ns), 2.492366848E10
[INIT], MinLatency(ns), 24923602944
[INIT], MaxLatency(ns), 24923734015
[INIT], 95thPercentileLatency(ns), 24923734015
[INIT], 99thPercentileLatency(ns), 24923734015
[CLEANUP], Operations, 1
[CLEANUP], AverageLatency(ns), 1.40442112E8
[CLEANUP], MinLatency(ns), 140441600
[CLEANUP], MaxLatency(ns), 140442623
[CLEANUP], 95thPercentileLatency(ns), 140442623
[CLEANUP], 99thPercentileLatency(ns), 140442623
[UPDATE], Operations, 4999203
[UPDATE], AverageLatency(ns), 87817.06535961833
[UPDATE], MinLatency(ns), 46749
[UPDATE], MaxLatency(ns), 244782079
[UPDATE], 95thPercentileLatency(ns), 89675
[UPDATE], 99thPercentileLatency(ns), 101794
[UPDATE], Return=OK, 4999203
[TRANSACTION], Operations, 1
[TRANSACTION], AverageLatency(ns), 6.20188663808E11
[TRANSACTION], MinLatency(ns), 620186566656
[TRANSACTION], MaxLatency(ns), 620190760959
[TRANSACTION], 95thPercentileLatency(ns), 620190760959
[TRANSACTION], 99thPercentileLatency(ns), 620190760959
