/home/anatole/jdk8u/build/linux-x86_64-normal-server-release/jdk/bin/java -Xmx20g -XX:+UseG1GC -classpath /home/anatole/ycsb/conf:/home/anatole/ycsb/core/target/core-0.18.0-SNAPSHOT.jar:/home/anatole/ycsb/core/target/dependency/HdrHistogram-2.1.4.jar:/home/anatole/ycsb/core/target/dependency/guava-18.0.jar:/home/anatole/ycsb/core/target/dependency/htrace-core4-4.1.0-incubating.jar:/home/anatole/ycsb/core/target/dependency/jackson-core-asl-1.9.4.jar:/home/anatole/ycsb/core/target/dependency/jackson-mapper-asl-1.9.4.jar:/home/anatole/ycsb/core/target/dependency/javax.persistence-api-2.2.jar:/home/anatole/ycsb/core/target/dependency/jnvm-1.0-SNAPSHOT.jar:/home/anatole/ycsb/core/target/dependency/pcj-1.0.jar:/home/anatole/ycsb/core/target/dependency/unsafe-helper-1.0.jar:/home/anatole/ycsb/infinispan/src/main/conf:/home/anatole/ycsb/infinispan/target/infinispan-binding-0.18.0-SNAPSHOT.jar:/home/anatole/ycsb/infinispan/target/dependency/caffeine-2.6.2.jar:/home/anatole/ycsb/infinispan/target/dependency/gson-2.8.2.jar:/home/anatole/ycsb/infinispan/target/dependency/guava-18.0.jar:/home/anatole/ycsb/infinispan/target/dependency/infinispan-cachestore-jnvm-1.0-SNAPSHOT.jar:/home/anatole/ycsb/infinispan/target/dependency/infinispan-cachestore-pcj-1.0-SNAPSHOT.jar:/home/anatole/ycsb/infinispan/target/dependency/infinispan-client-hotrod-9.4.17.Final.jar:/home/anatole/ycsb/infinispan/target/dependency/infinispan-commons-9.4.17.Final.jar:/home/anatole/ycsb/infinispan/target/dependency/infinispan-core-9.4.17.Final.jar:/home/anatole/ycsb/infinispan/target/dependency/infinispan-embedded-9.0.1.Final.jar:/home/anatole/ycsb/infinispan/target/dependency/javax.persistence-api-2.2.jar:/home/anatole/ycsb/infinispan/target/dependency/jboss-logging-3.3.2.Final.jar:/home/anatole/ycsb/infinispan/target/dependency/jboss-marshalling-osgi-2.0.6.Final.jar:/home/anatole/ycsb/infinispan/target/dependency/jboss-transaction-api_1.1_spec-1.0.1.Final.jar:/home/anatole/ycsb/infinispan/target/dependency/jboss-transaction-api_1.2_spec-1.1.1.Final.jar:/home/anatole/ycsb/infinispan/target/dependency/jgroups-4.0.20.Final.jar:/home/anatole/ycsb/infinispan/target/dependency/jnvm-1.0-SNAPSHOT.jar:/home/anatole/ycsb/infinispan/target/dependency/metainf-services-1.7.jar:/home/anatole/ycsb/infinispan/target/dependency/netty-buffer-4.1.42.Final.jar:/home/anatole/ycsb/infinispan/target/dependency/netty-codec-4.1.42.Final.jar:/home/anatole/ycsb/infinispan/target/dependency/netty-common-4.1.42.Final.jar:/home/anatole/ycsb/infinispan/target/dependency/netty-handler-4.1.42.Final.jar:/home/anatole/ycsb/infinispan/target/dependency/netty-resolver-4.1.42.Final.jar:/home/anatole/ycsb/infinispan/target/dependency/netty-transport-4.1.42.Final.jar:/home/anatole/ycsb/infinispan/target/dependency/netty-transport-native-epoll-4.1.42.Final-linux-x86_64.jar:/home/anatole/ycsb/infinispan/target/dependency/netty-transport-native-unix-common-4.1.42.Final.jar:/home/anatole/ycsb/infinispan/target/dependency/pcj-1.0.jar:/home/anatole/ycsb/infinispan/target/dependency/reactive-streams-1.0.2.jar:/home/anatole/ycsb/infinispan/target/dependency/rxjava-2.2.4.jar:/home/anatole/ycsb/infinispan/target/dependency/unsafe-helper-1.0.jar site.ycsb.Client -t -db site.ycsb.db.InfinispanClient -P ../workloads/workloada -threads 1 -p dataintegrity=true -p offheap=false -p recordcount=3000000 -p operationcount=10000000 -p fieldcount=10 -p requestdistribution=uniform -p measurementtype=hdrhistogram -p hdrhistogram.output.path=./out/exp3.distribution.ref/log/infinispan.run.workloada.true.3000000.300000.10.uniform.1.hdr.log
[OVERALL], RunTime(ms), 630969
[OVERALL], Throughput(ops/sec), 15848.639156598818
[TOTAL_GCS_G1_Young_Generation], Count, 144
[TOTAL_GC_TIME_G1_Young_Generation], Time(ms), 14808
[TOTAL_GC_TIME_%_G1_Young_Generation], Time(%), 2.346866486309153
[TOTAL_GCS_G1_Old_Generation], Count, 0
[TOTAL_GC_TIME_G1_Old_Generation], Time(ms), 0
[TOTAL_GC_TIME_%_G1_Old_Generation], Time(%), 0.0
[TOTAL_GCs], Count, 144
[TOTAL_GC_TIME], Time(ms), 14808
[TOTAL_GC_TIME_%], Time(%), 2.346866486309153
[READ], Operations, 5003232
[READ], AverageLatency(ns), 32198.73769935114
[READ], MinLatency(ns), 242
[READ], MaxLatency(ns), 223559679
[READ], 95thPercentileLatency(ns), 36105
[READ], 99thPercentileLatency(ns), 39631
[READ], Return=OK, 5003232
[INIT], Operations, 1
[INIT], AverageLatency(ns), 2.565439488E10
[INIT], MinLatency(ns), 25654329344
[INIT], MaxLatency(ns), 25654460415
[INIT], 95thPercentileLatency(ns), 25654460415
[INIT], 99thPercentileLatency(ns), 25654460415
[CLEANUP], Operations, 1
[CLEANUP], AverageLatency(ns), 1.58078464E8
[CLEANUP], MinLatency(ns), 158077952
[CLEANUP], MaxLatency(ns), 158078975
[CLEANUP], 95thPercentileLatency(ns), 158078975
[CLEANUP], 99thPercentileLatency(ns), 158078975
[UPDATE], Operations, 4996768
[UPDATE], AverageLatency(ns), 86933.45426623769
[UPDATE], MinLatency(ns), 48586
[UPDATE], MaxLatency(ns), 236254207
[UPDATE], 95thPercentileLatency(ns), 92265
[UPDATE], 99thPercentileLatency(ns), 100432
[UPDATE], Return=OK, 4996768
[TRANSACTION], Operations, 1
[TRANSACTION], AverageLatency(ns), 6.05105946624E11
[TRANSACTION], MinLatency(ns), 605103849472
[TRANSACTION], MaxLatency(ns), 605108043775
[TRANSACTION], 95thPercentileLatency(ns), 605108043775
[TRANSACTION], 99thPercentileLatency(ns), 605108043775
