/home/anatole/jdk8u/build/linux-x86_64-normal-server-release/jdk/bin/java -Xmx20g -XX:+UseG1GC -classpath /home/anatole/ycsb/conf:/home/anatole/ycsb/core/target/core-0.18.0-SNAPSHOT.jar:/home/anatole/ycsb/core/target/dependency/HdrHistogram-2.1.4.jar:/home/anatole/ycsb/core/target/dependency/guava-18.0.jar:/home/anatole/ycsb/core/target/dependency/htrace-core4-4.1.0-incubating.jar:/home/anatole/ycsb/core/target/dependency/jackson-core-asl-1.9.4.jar:/home/anatole/ycsb/core/target/dependency/jackson-mapper-asl-1.9.4.jar:/home/anatole/ycsb/core/target/dependency/javax.persistence-api-2.2.jar:/home/anatole/ycsb/core/target/dependency/jnvm-1.0-SNAPSHOT.jar:/home/anatole/ycsb/core/target/dependency/pcj-1.0.jar:/home/anatole/ycsb/core/target/dependency/unsafe-helper-1.0.jar:/home/anatole/ycsb/infinispan/src/main/conf:/home/anatole/ycsb/infinispan/target/infinispan-binding-0.18.0-SNAPSHOT.jar:/home/anatole/ycsb/infinispan/target/dependency/caffeine-2.6.2.jar:/home/anatole/ycsb/infinispan/target/dependency/gson-2.8.2.jar:/home/anatole/ycsb/infinispan/target/dependency/guava-18.0.jar:/home/anatole/ycsb/infinispan/target/dependency/infinispan-cachestore-jnvm-1.0-SNAPSHOT.jar:/home/anatole/ycsb/infinispan/target/dependency/infinispan-cachestore-pcj-1.0-SNAPSHOT.jar:/home/anatole/ycsb/infinispan/target/dependency/infinispan-client-hotrod-9.4.17.Final.jar:/home/anatole/ycsb/infinispan/target/dependency/infinispan-commons-9.4.17.Final.jar:/home/anatole/ycsb/infinispan/target/dependency/infinispan-core-9.4.17.Final.jar:/home/anatole/ycsb/infinispan/target/dependency/infinispan-embedded-9.0.1.Final.jar:/home/anatole/ycsb/infinispan/target/dependency/javax.persistence-api-2.2.jar:/home/anatole/ycsb/infinispan/target/dependency/jboss-logging-3.3.2.Final.jar:/home/anatole/ycsb/infinispan/target/dependency/jboss-marshalling-osgi-2.0.6.Final.jar:/home/anatole/ycsb/infinispan/target/dependency/jboss-transaction-api_1.1_spec-1.0.1.Final.jar:/home/anatole/ycsb/infinispan/target/dependency/jboss-transaction-api_1.2_spec-1.1.1.Final.jar:/home/anatole/ycsb/infinispan/target/dependency/jgroups-4.0.20.Final.jar:/home/anatole/ycsb/infinispan/target/dependency/jnvm-1.0-SNAPSHOT.jar:/home/anatole/ycsb/infinispan/target/dependency/metainf-services-1.7.jar:/home/anatole/ycsb/infinispan/target/dependency/netty-buffer-4.1.42.Final.jar:/home/anatole/ycsb/infinispan/target/dependency/netty-codec-4.1.42.Final.jar:/home/anatole/ycsb/infinispan/target/dependency/netty-common-4.1.42.Final.jar:/home/anatole/ycsb/infinispan/target/dependency/netty-handler-4.1.42.Final.jar:/home/anatole/ycsb/infinispan/target/dependency/netty-resolver-4.1.42.Final.jar:/home/anatole/ycsb/infinispan/target/dependency/netty-transport-4.1.42.Final.jar:/home/anatole/ycsb/infinispan/target/dependency/netty-transport-native-epoll-4.1.42.Final-linux-x86_64.jar:/home/anatole/ycsb/infinispan/target/dependency/netty-transport-native-unix-common-4.1.42.Final.jar:/home/anatole/ycsb/infinispan/target/dependency/pcj-1.0.jar:/home/anatole/ycsb/infinispan/target/dependency/reactive-streams-1.0.2.jar:/home/anatole/ycsb/infinispan/target/dependency/rxjava-2.2.4.jar:/home/anatole/ycsb/infinispan/target/dependency/unsafe-helper-1.0.jar site.ycsb.Client -t -db site.ycsb.db.InfinispanJNVMClient -P ../workloads/workloadf -threads 1 -p dataintegrity=true -p offheap=true -p pcj=false -p recordcount=3000000 -p operationcount=10000000 -p fieldcount=10 -p measurementtype=hdrhistogram -p hdrhistogram.output.path=./out/exp0.exectime.ref/log/infinispan-jnvm.run.workloadf.true.3000000.1.10..1.hdr.log
[OVERALL], RunTime(ms), 49970
[OVERALL], Throughput(ops/sec), 200120.07204322593
[TOTAL_GCS_G1_Young_Generation], Count, 37
[TOTAL_GC_TIME_G1_Young_Generation], Time(ms), 3647
[TOTAL_GC_TIME_%_G1_Young_Generation], Time(%), 7.29837902741645
[TOTAL_GCS_G1_Old_Generation], Count, 0
[TOTAL_GC_TIME_G1_Old_Generation], Time(ms), 0
[TOTAL_GC_TIME_%_G1_Old_Generation], Time(%), 0.0
[TOTAL_GCs], Count, 37
[TOTAL_GC_TIME], Time(ms), 3647
[TOTAL_GC_TIME_%], Time(%), 7.29837902741645
[READ], Operations, 10000000
[READ], AverageLatency(ns), 1562.2591487
[READ], MinLatency(ns), 159
[READ], MaxLatency(ns), 271060991
[READ], 95thPercentileLatency(ns), 2038
[READ], 99thPercentileLatency(ns), 2609
[READ], Return=OK, 10000000
[INIT], Operations, 1
[INIT], AverageLatency(ns), 1.0392600576E10
[INIT], MinLatency(ns), 10392567808
[INIT], MaxLatency(ns), 10392633343
[INIT], 95thPercentileLatency(ns), 10392633343
[INIT], 99thPercentileLatency(ns), 10392633343
[READ-MODIFY-WRITE], Operations, 4999275
[READ-MODIFY-WRITE], AverageLatency(ns), 3564.021422506263
[READ-MODIFY-WRITE], MinLatency(ns), 807
[READ-MODIFY-WRITE], MaxLatency(ns), 106338815
[READ-MODIFY-WRITE], 95thPercentileLatency(ns), 4502
[READ-MODIFY-WRITE], 99thPercentileLatency(ns), 5176
[CLEANUP], Operations, 1
[CLEANUP], AverageLatency(ns), 6568240.0
[CLEANUP], MinLatency(ns), 6568224
[CLEANUP], MaxLatency(ns), 6568255
[CLEANUP], 95thPercentileLatency(ns), 6568255
[CLEANUP], 99thPercentileLatency(ns), 6568255
[UPDATE], Operations, 4999275
[UPDATE], AverageLatency(ns), 1782.4899252391597
[UPDATE], MinLatency(ns), 383
[UPDATE], MaxLatency(ns), 90113535
[UPDATE], 95thPercentileLatency(ns), 2295
[UPDATE], 99thPercentileLatency(ns), 2975
[UPDATE], Return=OK, 4999275
[TRANSACTION], Operations, 1
[TRANSACTION], AverageLatency(ns), 3.951886336E10
[TRANSACTION], MinLatency(ns), 39518732288
[TRANSACTION], MaxLatency(ns), 39518994431
[TRANSACTION], 95thPercentileLatency(ns), 39518994431
[TRANSACTION], 99thPercentileLatency(ns), 39518994431
