/home/anatole/jdk8u/build/linux-x86_64-normal-server-release/jdk/bin/java -Xmx20g -XX:+UseG1GC -classpath /home/anatole/ycsb/conf:/home/anatole/ycsb/core/target/core-0.18.0-SNAPSHOT.jar:/home/anatole/ycsb/core/target/dependency/HdrHistogram-2.1.4.jar:/home/anatole/ycsb/core/target/dependency/guava-18.0.jar:/home/anatole/ycsb/core/target/dependency/htrace-core4-4.1.0-incubating.jar:/home/anatole/ycsb/core/target/dependency/jackson-core-asl-1.9.4.jar:/home/anatole/ycsb/core/target/dependency/jackson-mapper-asl-1.9.4.jar:/home/anatole/ycsb/core/target/dependency/javax.persistence-api-2.2.jar:/home/anatole/ycsb/core/target/dependency/jnvm-1.0-SNAPSHOT.jar:/home/anatole/ycsb/core/target/dependency/pcj-1.0.jar:/home/anatole/ycsb/core/target/dependency/unsafe-helper-1.0.jar:/home/anatole/ycsb/infinispan/src/main/conf:/home/anatole/ycsb/infinispan/target/infinispan-binding-0.18.0-SNAPSHOT.jar:/home/anatole/ycsb/infinispan/target/dependency/caffeine-2.6.2.jar:/home/anatole/ycsb/infinispan/target/dependency/gson-2.8.2.jar:/home/anatole/ycsb/infinispan/target/dependency/guava-18.0.jar:/home/anatole/ycsb/infinispan/target/dependency/infinispan-cachestore-jnvm-1.0-SNAPSHOT.jar:/home/anatole/ycsb/infinispan/target/dependency/infinispan-cachestore-pcj-1.0-SNAPSHOT.jar:/home/anatole/ycsb/infinispan/target/dependency/infinispan-client-hotrod-9.4.17.Final.jar:/home/anatole/ycsb/infinispan/target/dependency/infinispan-commons-9.4.17.Final.jar:/home/anatole/ycsb/infinispan/target/dependency/infinispan-core-9.4.17.Final.jar:/home/anatole/ycsb/infinispan/target/dependency/infinispan-embedded-9.0.1.Final.jar:/home/anatole/ycsb/infinispan/target/dependency/javax.persistence-api-2.2.jar:/home/anatole/ycsb/infinispan/target/dependency/jboss-logging-3.3.2.Final.jar:/home/anatole/ycsb/infinispan/target/dependency/jboss-marshalling-osgi-2.0.6.Final.jar:/home/anatole/ycsb/infinispan/target/dependency/jboss-transaction-api_1.1_spec-1.0.1.Final.jar:/home/anatole/ycsb/infinispan/target/dependency/jboss-transaction-api_1.2_spec-1.1.1.Final.jar:/home/anatole/ycsb/infinispan/target/dependency/jgroups-4.0.20.Final.jar:/home/anatole/ycsb/infinispan/target/dependency/jnvm-1.0-SNAPSHOT.jar:/home/anatole/ycsb/infinispan/target/dependency/metainf-services-1.7.jar:/home/anatole/ycsb/infinispan/target/dependency/netty-buffer-4.1.42.Final.jar:/home/anatole/ycsb/infinispan/target/dependency/netty-codec-4.1.42.Final.jar:/home/anatole/ycsb/infinispan/target/dependency/netty-common-4.1.42.Final.jar:/home/anatole/ycsb/infinispan/target/dependency/netty-handler-4.1.42.Final.jar:/home/anatole/ycsb/infinispan/target/dependency/netty-resolver-4.1.42.Final.jar:/home/anatole/ycsb/infinispan/target/dependency/netty-transport-4.1.42.Final.jar:/home/anatole/ycsb/infinispan/target/dependency/netty-transport-native-epoll-4.1.42.Final-linux-x86_64.jar:/home/anatole/ycsb/infinispan/target/dependency/netty-transport-native-unix-common-4.1.42.Final.jar:/home/anatole/ycsb/infinispan/target/dependency/pcj-1.0.jar:/home/anatole/ycsb/infinispan/target/dependency/reactive-streams-1.0.2.jar:/home/anatole/ycsb/infinispan/target/dependency/rxjava-2.2.4.jar:/home/anatole/ycsb/infinispan/target/dependency/unsafe-helper-1.0.jar site.ycsb.Client -t -db site.ycsb.db.InfinispanJNVMClient -P ../workloads/workloada -threads 1 -p dataintegrity=true -p offheap=true -p pcj=false -p recordcount=3000000 -p operationcount=10000000 -p fieldcount=10 -p measurementtype=hdrhistogram -p hdrhistogram.output.path=./out/exp0.exectime.ref/log/infinispan-jnvm.run.workloada.true.3000000.1.10..1.hdr.log
[OVERALL], RunTime(ms), 47246
[OVERALL], Throughput(ops/sec), 211658.1297887652
[TOTAL_GCS_G1_Young_Generation], Count, 37
[TOTAL_GC_TIME_G1_Young_Generation], Time(ms), 3708
[TOTAL_GC_TIME_%_G1_Young_Generation], Time(%), 7.848283452567413
[TOTAL_GCS_G1_Old_Generation], Count, 0
[TOTAL_GC_TIME_G1_Old_Generation], Time(ms), 0
[TOTAL_GC_TIME_%_G1_Old_Generation], Time(%), 0.0
[TOTAL_GCs], Count, 37
[TOTAL_GC_TIME], Time(ms), 3708
[TOTAL_GC_TIME_%], Time(%), 7.848283452567413
[READ], Operations, 4999786
[READ], AverageLatency(ns), 1513.0374582032111
[READ], MinLatency(ns), 168
[READ], MaxLatency(ns), 6338655
[READ], 95thPercentileLatency(ns), 2013
[READ], 99thPercentileLatency(ns), 2615
[READ], Return=OK, 4999786
[INIT], Operations, 1
[INIT], AverageLatency(ns), 1.0304913408E10
[INIT], MinLatency(ns), 10304880640
[INIT], MaxLatency(ns), 10304946175
[INIT], 95thPercentileLatency(ns), 10304946175
[INIT], 99thPercentileLatency(ns), 10304946175
[CLEANUP], Operations, 1
[CLEANUP], AverageLatency(ns), 6741232.0
[CLEANUP], MinLatency(ns), 6741216
[CLEANUP], MaxLatency(ns), 6741247
[CLEANUP], 95thPercentileLatency(ns), 6741247
[CLEANUP], 99thPercentileLatency(ns), 6741247
[UPDATE], Operations, 5000214
[UPDATE], AverageLatency(ns), 3097.64690631241
[UPDATE], MinLatency(ns), 385
[UPDATE], MaxLatency(ns), 252699647
[UPDATE], 95thPercentileLatency(ns), 3996
[UPDATE], 99thPercentileLatency(ns), 4610
[UPDATE], Return=OK, 5000214
[TRANSACTION], Operations, 1
[TRANSACTION], AverageLatency(ns), 3.6881170432E10
[TRANSACTION], MinLatency(ns), 36881039360
[TRANSACTION], MaxLatency(ns), 36881301503
[TRANSACTION], 95thPercentileLatency(ns), 36881301503
[TRANSACTION], 99thPercentileLatency(ns), 36881301503
