/home/anatole/jdk8u/build/linux-x86_64-normal-server-release/jdk/bin/java -Xmx20g -XX:+UseG1GC -classpath /home/anatole/ycsb/conf:/home/anatole/ycsb/core/target/core-0.18.0-SNAPSHOT.jar:/home/anatole/ycsb/core/target/dependency/HdrHistogram-2.1.4.jar:/home/anatole/ycsb/core/target/dependency/guava-18.0.jar:/home/anatole/ycsb/core/target/dependency/htrace-core4-4.1.0-incubating.jar:/home/anatole/ycsb/core/target/dependency/jackson-core-asl-1.9.4.jar:/home/anatole/ycsb/core/target/dependency/jackson-mapper-asl-1.9.4.jar:/home/anatole/ycsb/core/target/dependency/javax.persistence-api-2.2.jar:/home/anatole/ycsb/core/target/dependency/jnvm-1.0-SNAPSHOT.jar:/home/anatole/ycsb/core/target/dependency/pcj-1.0.jar:/home/anatole/ycsb/core/target/dependency/unsafe-helper-1.0.jar:/home/anatole/ycsb/infinispan/src/main/conf:/home/anatole/ycsb/infinispan/target/infinispan-binding-0.18.0-SNAPSHOT.jar:/home/anatole/ycsb/infinispan/target/dependency/caffeine-2.6.2.jar:/home/anatole/ycsb/infinispan/target/dependency/gson-2.8.2.jar:/home/anatole/ycsb/infinispan/target/dependency/guava-18.0.jar:/home/anatole/ycsb/infinispan/target/dependency/infinispan-cachestore-jnvm-1.0-SNAPSHOT.jar:/home/anatole/ycsb/infinispan/target/dependency/infinispan-cachestore-pcj-1.0-SNAPSHOT.jar:/home/anatole/ycsb/infinispan/target/dependency/infinispan-client-hotrod-9.4.17.Final.jar:/home/anatole/ycsb/infinispan/target/dependency/infinispan-commons-9.4.17.Final.jar:/home/anatole/ycsb/infinispan/target/dependency/infinispan-core-9.4.17.Final.jar:/home/anatole/ycsb/infinispan/target/dependency/infinispan-embedded-9.0.1.Final.jar:/home/anatole/ycsb/infinispan/target/dependency/javax.persistence-api-2.2.jar:/home/anatole/ycsb/infinispan/target/dependency/jboss-logging-3.3.2.Final.jar:/home/anatole/ycsb/infinispan/target/dependency/jboss-marshalling-osgi-2.0.6.Final.jar:/home/anatole/ycsb/infinispan/target/dependency/jboss-transaction-api_1.1_spec-1.0.1.Final.jar:/home/anatole/ycsb/infinispan/target/dependency/jboss-transaction-api_1.2_spec-1.1.1.Final.jar:/home/anatole/ycsb/infinispan/target/dependency/jgroups-4.0.20.Final.jar:/home/anatole/ycsb/infinispan/target/dependency/jnvm-1.0-SNAPSHOT.jar:/home/anatole/ycsb/infinispan/target/dependency/metainf-services-1.7.jar:/home/anatole/ycsb/infinispan/target/dependency/netty-buffer-4.1.42.Final.jar:/home/anatole/ycsb/infinispan/target/dependency/netty-codec-4.1.42.Final.jar:/home/anatole/ycsb/infinispan/target/dependency/netty-common-4.1.42.Final.jar:/home/anatole/ycsb/infinispan/target/dependency/netty-handler-4.1.42.Final.jar:/home/anatole/ycsb/infinispan/target/dependency/netty-resolver-4.1.42.Final.jar:/home/anatole/ycsb/infinispan/target/dependency/netty-transport-4.1.42.Final.jar:/home/anatole/ycsb/infinispan/target/dependency/netty-transport-native-epoll-4.1.42.Final-linux-x86_64.jar:/home/anatole/ycsb/infinispan/target/dependency/netty-transport-native-unix-common-4.1.42.Final.jar:/home/anatole/ycsb/infinispan/target/dependency/pcj-1.0.jar:/home/anatole/ycsb/infinispan/target/dependency/reactive-streams-1.0.2.jar:/home/anatole/ycsb/infinispan/target/dependency/rxjava-2.2.4.jar:/home/anatole/ycsb/infinispan/target/dependency/unsafe-helper-1.0.jar site.ycsb.Client -t -db site.ycsb.db.InfinispanJPFAClient -P ../workloads/workloadd -threads 1 -p dataintegrity=true -p offheap=true -p pcj=false -p recordcount=1000000 -p operationcount=10000000 -p fieldcount=10 -p measurementtype=hdrhistogram -p hdrhistogram.output.path=./out/exp0.exectime.ref/log/infinispan-jpfa.run.workloadd.true.1000000.1.10.default.1.hdr.log
[OVERALL], RunTime(ms), 40910
[OVERALL], Throughput(ops/sec), 244439.01246638963
[TOTAL_GCS_G1_Young_Generation], Count, 69
[TOTAL_GC_TIME_G1_Young_Generation], Time(ms), 1798
[TOTAL_GC_TIME_%_G1_Young_Generation], Time(%), 4.395013444145686
[TOTAL_GCS_G1_Old_Generation], Count, 0
[TOTAL_GC_TIME_G1_Old_Generation], Time(ms), 0
[TOTAL_GC_TIME_%_G1_Old_Generation], Time(%), 0.0
[TOTAL_GCs], Count, 69
[TOTAL_GC_TIME], Time(ms), 1798
[TOTAL_GC_TIME_%], Time(%), 4.395013444145686
[READ], Operations, 8180779
[READ], AverageLatency(ns), 1676.7455326687104
[READ], MinLatency(ns), 165
[READ], MaxLatency(ns), 43245567
[READ], 95thPercentileLatency(ns), 4581
[READ], 99thPercentileLatency(ns), 6410
[READ], Return=OK, 8180779
[READ], Return=ERROR, 1321086
[INIT], Operations, 1
[INIT], AverageLatency(ns), 1.532530688E9
[INIT], MinLatency(ns), 1532526592
[INIT], MaxLatency(ns), 1532534783
[INIT], 95thPercentileLatency(ns), 1532534783
[INIT], 99thPercentileLatency(ns), 1532534783
[CLEANUP], Operations, 1
[CLEANUP], AverageLatency(ns), 7495440.0
[CLEANUP], MinLatency(ns), 7495424
[CLEANUP], MaxLatency(ns), 7495455
[CLEANUP], 95thPercentileLatency(ns), 7495455
[CLEANUP], 99thPercentileLatency(ns), 7495455
[READ-FAILED], Operations, 1321086
[READ-FAILED], AverageLatency(ns), 1262.535221022704
[READ-FAILED], MinLatency(ns), 631
[READ-FAILED], MaxLatency(ns), 99891711
[READ-FAILED], 95thPercentileLatency(ns), 5018
[READ-FAILED], 99thPercentileLatency(ns), 5623
[INSERT], Operations, 498135
[INSERT], AverageLatency(ns), 19054.627598944062
[INSERT], MinLatency(ns), 9489
[INSERT], MaxLatency(ns), 56195839
[INSERT], 95thPercentileLatency(ns), 18102
[INSERT], 99thPercentileLatency(ns), 23357
[INSERT], Return=OK, 498135
[TRANSACTION], Operations, 1
[TRANSACTION], AverageLatency(ns), 3.9320158208E10
[TRANSACTION], MinLatency(ns), 39320027136
[TRANSACTION], MaxLatency(ns), 39320289279
[TRANSACTION], 95thPercentileLatency(ns), 39320289279
[TRANSACTION], 99thPercentileLatency(ns), 39320289279
