/home/anatole/jdk8u/build/linux-x86_64-normal-server-release/jdk/bin/java -Xmx40g -XX:+UseG1GC -classpath /home/anatole/ycsb/conf:/home/anatole/ycsb/core/target/core-0.18.0-SNAPSHOT.jar:/home/anatole/ycsb/core/target/dependency/HdrHistogram-2.1.4.jar:/home/anatole/ycsb/core/target/dependency/guava-18.0.jar:/home/anatole/ycsb/core/target/dependency/htrace-core4-4.1.0-incubating.jar:/home/anatole/ycsb/core/target/dependency/jackson-core-asl-1.9.4.jar:/home/anatole/ycsb/core/target/dependency/jackson-mapper-asl-1.9.4.jar:/home/anatole/ycsb/core/target/dependency/javax.persistence-api-2.2.jar:/home/anatole/ycsb/core/target/dependency/jnvm-1.0-SNAPSHOT.jar:/home/anatole/ycsb/core/target/dependency/pcj-1.0.jar:/home/anatole/ycsb/core/target/dependency/unsafe-helper-1.0.jar:/home/anatole/ycsb/infinispan/src/main/conf:/home/anatole/ycsb/infinispan/target/infinispan-binding-0.18.0-SNAPSHOT.jar:/home/anatole/ycsb/infinispan/target/dependency/caffeine-2.6.2.jar:/home/anatole/ycsb/infinispan/target/dependency/gson-2.8.2.jar:/home/anatole/ycsb/infinispan/target/dependency/guava-18.0.jar:/home/anatole/ycsb/infinispan/target/dependency/infinispan-cachestore-jnvm-1.0-SNAPSHOT.jar:/home/anatole/ycsb/infinispan/target/dependency/infinispan-cachestore-pcj-1.0-SNAPSHOT.jar:/home/anatole/ycsb/infinispan/target/dependency/infinispan-client-hotrod-9.4.20.Final.jar:/home/anatole/ycsb/infinispan/target/dependency/infinispan-commons-9.4.20.Final.jar:/home/anatole/ycsb/infinispan/target/dependency/infinispan-core-9.4.20.Final.jar:/home/anatole/ycsb/infinispan/target/dependency/infinispan-persistence-soft-index-9.4.20.Final.jar:/home/anatole/ycsb/infinispan/target/dependency/javax.persistence-api-2.2.jar:/home/anatole/ycsb/infinispan/target/dependency/jboss-logging-3.3.2.Final.jar:/home/anatole/ycsb/infinispan/target/dependency/jboss-marshalling-osgi-2.0.6.Final.jar:/home/anatole/ycsb/infinispan/target/dependency/jboss-transaction-api_1.2_spec-1.1.1.Final.jar:/home/anatole/ycsb/infinispan/target/dependency/jgroups-4.0.21.Final.jar:/home/anatole/ycsb/infinispan/target/dependency/jnvm-1.0-SNAPSHOT.jar:/home/anatole/ycsb/infinispan/target/dependency/metainf-services-1.7.jar:/home/anatole/ycsb/infinispan/target/dependency/netty-buffer-4.1.51.Final.jar:/home/anatole/ycsb/infinispan/target/dependency/netty-codec-4.1.51.Final.jar:/home/anatole/ycsb/infinispan/target/dependency/netty-common-4.1.51.Final.jar:/home/anatole/ycsb/infinispan/target/dependency/netty-handler-4.1.51.Final.jar:/home/anatole/ycsb/infinispan/target/dependency/netty-resolver-4.1.51.Final.jar:/home/anatole/ycsb/infinispan/target/dependency/netty-transport-4.1.51.Final.jar:/home/anatole/ycsb/infinispan/target/dependency/netty-transport-native-epoll-4.1.51.Final-linux-x86_64.jar:/home/anatole/ycsb/infinispan/target/dependency/netty-transport-native-unix-common-4.1.51.Final.jar:/home/anatole/ycsb/infinispan/target/dependency/pcj-1.0.jar:/home/anatole/ycsb/infinispan/target/dependency/reactive-streams-1.0.2.jar:/home/anatole/ycsb/infinispan/target/dependency/rxjava-2.2.4.jar:/home/anatole/ycsb/infinispan/target/dependency/unsafe-helper-1.0.jar site.ycsb.Client -t -db site.ycsb.db.InfinispanClient -P ../workloads/workloadf -preload -s -threads 1 -p dataintegrity=true -p offheap=false -p recordcount=1000000 -p operationcount=3000000 -p fieldcount=10 -p fieldlength=200 -p requestdistribution=zipfian -p measurement.trackjvm=true -p measurementtype=hdrhistogram -p hdrhistogram.output.path=./out/exp7.marshalling.ref/log/infinispan.run.workloadf.true.1000000.1000000.10.200.zipfian.1.false.true.default.default.pmem0.r3.hdr.log
[OVERALL], RunTime(ms), 136120
[OVERALL], Throughput(ops/sec), 29385.83602703497
[TOTAL_GCS_G1_Young_Generation], Count, 240
[TOTAL_GC_TIME_G1_Young_Generation], Time(ms), 9839
[TOTAL_GC_TIME_%_G1_Young_Generation], Time(%), 7.228181016749927
[TOTAL_GCS_G1_Old_Generation], Count, 0
[TOTAL_GC_TIME_G1_Old_Generation], Time(ms), 0
[TOTAL_GC_TIME_%_G1_Old_Generation], Time(%), 0.0
[TOTAL_GCs], Count, 240
[TOTAL_GC_TIME], Time(ms), 9839
[TOTAL_GC_TIME_%], Time(%), 7.228181016749927
[MAX_MEM_USED], MBs, 7296
[MIN_MEM_USED], MBs, 58
[MAX_THREADS], Count, 7
[MIN_THREADS], Count, 3
[MAX_SYS_LOAD_AVG], Load, 4.14
[MIN_SYS_LOAD_AVG], Load, 2.65
[THREAD_COUNT], Operations, 15
[THREAD_COUNT], AverageLatency(ns), 6.2
[THREAD_COUNT], MinLatency(ns), 3
[THREAD_COUNT], MaxLatency(ns), 7
[THREAD_COUNT], 95thPercentileLatency(ns), 7
[THREAD_COUNT], 99thPercentileLatency(ns), 7
[SYS_LOAD_AVG], Operations, 15
[SYS_LOAD_AVG], AverageLatency(ns), 2.933333333333333
[SYS_LOAD_AVG], MinLatency(ns), 2
[SYS_LOAD_AVG], MaxLatency(ns), 4
[SYS_LOAD_AVG], 95thPercentileLatency(ns), 4
[SYS_LOAD_AVG], 99thPercentileLatency(ns), 4
[READ-MODIFY-WRITE], Operations, 1498720
[READ-MODIFY-WRITE], AverageLatency(ns), 38916.67527289954
[READ-MODIFY-WRITE], MinLatency(ns), 26106
[READ-MODIFY-WRITE], MaxLatency(ns), 166674431
[READ-MODIFY-WRITE], 95thPercentileLatency(ns), 46082
[READ-MODIFY-WRITE], 99thPercentileLatency(ns), 52716
[LOAD], Operations, 1
[LOAD], AverageLatency(ns), 6.885081088E10
[LOAD], MinLatency(ns), 68850548736
[LOAD], MaxLatency(ns), 68851073023
[LOAD], 95thPercentileLatency(ns), 68851073023
[LOAD], 99thPercentileLatency(ns), 68851073023
[USED_MEM_MB], Operations, 15
[USED_MEM_MB], AverageLatency(ns), 5378.6
[USED_MEM_MB], MinLatency(ns), 58
[USED_MEM_MB], MaxLatency(ns), 7296
[USED_MEM_MB], 95thPercentileLatency(ns), 7291
[USED_MEM_MB], 99thPercentileLatency(ns), 7296
[MAIN_GCs_Count], Operations, 1
[MAIN_GCs_Count], AverageLatency(ns), 133.0
[MAIN_GCs_Count], MinLatency(ns), 133
[MAIN_GCs_Count], MaxLatency(ns), 133
[MAIN_GCs_Count], 95thPercentileLatency(ns), 133
[MAIN_GCs_Count], 99thPercentileLatency(ns), 133
[MAIN_GCs_Time(ms)], Operations, 1
[MAIN_GCs_Time(ms)], AverageLatency(ns), 4915.0
[MAIN_GCs_Time(ms)], MinLatency(ns), 4915
[MAIN_GCs_Time(ms)], MaxLatency(ns), 4915
[MAIN_GCs_Time(ms)], 95thPercentileLatency(ns), 4915
[MAIN_GCs_Time(ms)], 99thPercentileLatency(ns), 4915
[TRANSACTION], Operations, 1
[TRANSACTION], AverageLatency(ns), 6.6545385472E10
[TRANSACTION], MinLatency(ns), 66545254400
[TRANSACTION], MaxLatency(ns), 66545516543
[TRANSACTION], 95thPercentileLatency(ns), 66545516543
[TRANSACTION], 99thPercentileLatency(ns), 66545516543
[GCS_TIME], Operations, 15
[GCS_TIME], AverageLatency(ns), 655.9333333333333
[GCS_TIME], MinLatency(ns), 0
[GCS_TIME], MaxLatency(ns), 928
[GCS_TIME], 95thPercentileLatency(ns), 890
[GCS_TIME], 99thPercentileLatency(ns), 928
[LOAD_GCs_Time(ms)], Operations, 1
[LOAD_GCs_Time(ms)], AverageLatency(ns), 4894.0
[LOAD_GCs_Time(ms)], MinLatency(ns), 4894
[LOAD_GCs_Time(ms)], MaxLatency(ns), 4894
[LOAD_GCs_Time(ms)], 95thPercentileLatency(ns), 4894
[LOAD_GCs_Time(ms)], 99thPercentileLatency(ns), 4894
[READ], Operations, 3000000
[READ], AverageLatency(ns), 770.1899046666666
[READ], MinLatency(ns), 211
[READ], MaxLatency(ns), 1591463
[READ], 95thPercentileLatency(ns), 1702
[READ], 99thPercentileLatency(ns), 2685
[READ], Return=OK, 3000000
[INIT], Operations, 1
[INIT], AverageLatency(ns), 6.69509632E8
[INIT], MinLatency(ns), 669507584
[INIT], MaxLatency(ns), 669511679
[INIT], 95thPercentileLatency(ns), 669511679
[INIT], 99thPercentileLatency(ns), 669511679
[GCS], Operations, 15
[GCS], AverageLatency(ns), 16.0
[GCS], MinLatency(ns), 0
[GCS], MaxLatency(ns), 24
[GCS], 95thPercentileLatency(ns), 21
[GCS], 99thPercentileLatency(ns), 24
[LOAD_GCs_Count], Operations, 1
[LOAD_GCs_Count], AverageLatency(ns), 105.0
[LOAD_GCs_Count], MinLatency(ns), 105
[LOAD_GCs_Count], MaxLatency(ns), 105
[LOAD_GCs_Count], 95thPercentileLatency(ns), 105
[LOAD_GCs_Count], 99thPercentileLatency(ns), 105
[CLEANUP], Operations, 1
[CLEANUP], AverageLatency(ns), 16379.0
[CLEANUP], MinLatency(ns), 16379
[CLEANUP], MaxLatency(ns), 16379
[CLEANUP], 95thPercentileLatency(ns), 16379
[CLEANUP], 99thPercentileLatency(ns), 16379
[INSERT], Operations, 1000000
[INSERT], AverageLatency(ns), 40289.337942
[INSERT], MinLatency(ns), 24954
[INSERT], MaxLatency(ns), 183514111
[INSERT], 95thPercentileLatency(ns), 45713
[INSERT], 99thPercentileLatency(ns), 56059
[INSERT], Return=OK, 1000000
[UPDATE], Operations, 1498720
[UPDATE], AverageLatency(ns), 37405.21603101313
[UPDATE], MinLatency(ns), 25453
[UPDATE], MaxLatency(ns), 118328319
[UPDATE], 95thPercentileLatency(ns), 44568
[UPDATE], 99thPercentileLatency(ns), 50922
[UPDATE], Return=OK, 1498720
