/home/anatole/jdk8u/build/linux-x86_64-normal-server-release/jdk/bin/java -Xmx20g -XX:+UseG1GC -classpath /home/anatole/ycsb/conf:/home/anatole/ycsb/core/target/core-0.18.0-SNAPSHOT.jar:/home/anatole/ycsb/core/target/dependency/HdrHistogram-2.1.4.jar:/home/anatole/ycsb/core/target/dependency/guava-18.0.jar:/home/anatole/ycsb/core/target/dependency/htrace-core4-4.1.0-incubating.jar:/home/anatole/ycsb/core/target/dependency/jackson-core-asl-1.9.4.jar:/home/anatole/ycsb/core/target/dependency/jackson-mapper-asl-1.9.4.jar:/home/anatole/ycsb/core/target/dependency/javax.persistence-api-2.2.jar:/home/anatole/ycsb/core/target/dependency/jnvm-1.0-SNAPSHOT.jar:/home/anatole/ycsb/core/target/dependency/pcj-1.0.jar:/home/anatole/ycsb/core/target/dependency/unsafe-helper-1.0.jar:/home/anatole/ycsb/infinispan/src/main/conf:/home/anatole/ycsb/infinispan/target/infinispan-binding-0.18.0-SNAPSHOT.jar:/home/anatole/ycsb/infinispan/target/dependency/caffeine-2.6.2.jar:/home/anatole/ycsb/infinispan/target/dependency/gson-2.8.2.jar:/home/anatole/ycsb/infinispan/target/dependency/guava-18.0.jar:/home/anatole/ycsb/infinispan/target/dependency/infinispan-cachestore-jnvm-1.0-SNAPSHOT.jar:/home/anatole/ycsb/infinispan/target/dependency/infinispan-cachestore-pcj-1.0-SNAPSHOT.jar:/home/anatole/ycsb/infinispan/target/dependency/infinispan-client-hotrod-9.4.20.Final.jar:/home/anatole/ycsb/infinispan/target/dependency/infinispan-commons-9.4.20.Final.jar:/home/anatole/ycsb/infinispan/target/dependency/infinispan-core-9.4.20.Final.jar:/home/anatole/ycsb/infinispan/target/dependency/infinispan-persistence-soft-index-9.4.20.Final.jar:/home/anatole/ycsb/infinispan/target/dependency/javax.persistence-api-2.2.jar:/home/anatole/ycsb/infinispan/target/dependency/jboss-logging-3.3.2.Final.jar:/home/anatole/ycsb/infinispan/target/dependency/jboss-marshalling-osgi-2.0.6.Final.jar:/home/anatole/ycsb/infinispan/target/dependency/jboss-transaction-api_1.2_spec-1.1.1.Final.jar:/home/anatole/ycsb/infinispan/target/dependency/jgroups-4.0.21.Final.jar:/home/anatole/ycsb/infinispan/target/dependency/jnvm-1.0-SNAPSHOT.jar:/home/anatole/ycsb/infinispan/target/dependency/metainf-services-1.7.jar:/home/anatole/ycsb/infinispan/target/dependency/netty-buffer-4.1.51.Final.jar:/home/anatole/ycsb/infinispan/target/dependency/netty-codec-4.1.51.Final.jar:/home/anatole/ycsb/infinispan/target/dependency/netty-common-4.1.51.Final.jar:/home/anatole/ycsb/infinispan/target/dependency/netty-handler-4.1.51.Final.jar:/home/anatole/ycsb/infinispan/target/dependency/netty-resolver-4.1.51.Final.jar:/home/anatole/ycsb/infinispan/target/dependency/netty-transport-4.1.51.Final.jar:/home/anatole/ycsb/infinispan/target/dependency/netty-transport-native-epoll-4.1.51.Final-linux-x86_64.jar:/home/anatole/ycsb/infinispan/target/dependency/netty-transport-native-unix-common-4.1.51.Final.jar:/home/anatole/ycsb/infinispan/target/dependency/pcj-1.0.jar:/home/anatole/ycsb/infinispan/target/dependency/reactive-streams-1.0.2.jar:/home/anatole/ycsb/infinispan/target/dependency/rxjava-2.2.4.jar:/home/anatole/ycsb/infinispan/target/dependency/unsafe-helper-1.0.jar site.ycsb.Client -t -db site.ycsb.db.InfinispanClient -P ../workloads/workloadf -preload -s -threads 1 -p dataintegrity=true -p offheap=false -p recordcount=1000000 -p operationcount=3000000 -p fieldcount=10 -p fieldlength=700 -p requestdistribution=zipfian -p measurement.trackjvm=true -p measurementtype=hdrhistogram -p hdrhistogram.output.path=./out/exp7.marshalling.ref/log/infinispan.run.workloadf.true.1000000.100000.10.700.zipfian.1.false.true.default.default.pmem0.r5.hdr.log
[OVERALL], RunTime(ms), 479670
[OVERALL], Throughput(ops/sec), 8339.066441511874
[TOTAL_GCS_G1_Young_Generation], Count, 328
[TOTAL_GC_TIME_G1_Young_Generation], Time(ms), 13314
[TOTAL_GC_TIME_%_G1_Young_Generation], Time(%), 2.775658265057227
[TOTAL_GCS_G1_Old_Generation], Count, 0
[TOTAL_GC_TIME_G1_Old_Generation], Time(ms), 0
[TOTAL_GC_TIME_%_G1_Old_Generation], Time(%), 0.0
[TOTAL_GCs], Count, 328
[TOTAL_GC_TIME], Time(ms), 13314
[TOTAL_GC_TIME_%], Time(%), 2.775658265057227
[MAX_MEM_USED], MBs, 6099
[MIN_MEM_USED], MBs, 48
[MAX_THREADS], Count, 7
[MIN_THREADS], Count, 3
[MAX_SYS_LOAD_AVG], Load, 6.58
[MIN_SYS_LOAD_AVG], Load, 1.28
[THREAD_COUNT], Operations, 49
[THREAD_COUNT], AverageLatency(ns), 5.387755102040816
[THREAD_COUNT], MinLatency(ns), 3
[THREAD_COUNT], MaxLatency(ns), 7
[THREAD_COUNT], 95thPercentileLatency(ns), 7
[THREAD_COUNT], 99thPercentileLatency(ns), 7
[SYS_LOAD_AVG], Operations, 49
[SYS_LOAD_AVG], AverageLatency(ns), 2.4081632653061225
[SYS_LOAD_AVG], MinLatency(ns), 1
[SYS_LOAD_AVG], MaxLatency(ns), 6
[SYS_LOAD_AVG], 95thPercentileLatency(ns), 5
[SYS_LOAD_AVG], 99thPercentileLatency(ns), 6
[READ-MODIFY-WRITE], Operations, 1499665
[READ-MODIFY-WRITE], AverageLatency(ns), 77437.64849349688
[READ-MODIFY-WRITE], MinLatency(ns), 43220
[READ-MODIFY-WRITE], MaxLatency(ns), 123053055
[READ-MODIFY-WRITE], 95thPercentileLatency(ns), 100529
[READ-MODIFY-WRITE], 99thPercentileLatency(ns), 111384
[LOAD], Operations, 1
[LOAD], AverageLatency(ns), 2.84775415808E11
[LOAD], MinLatency(ns), 284774367232
[LOAD], MaxLatency(ns), 284776464383
[LOAD], 95thPercentileLatency(ns), 284776464383
[LOAD], 99thPercentileLatency(ns), 284776464383
[USED_MEM_MB], Operations, 49
[USED_MEM_MB], AverageLatency(ns), 4083.8367346938776
[USED_MEM_MB], MinLatency(ns), 48
[USED_MEM_MB], MaxLatency(ns), 6099
[USED_MEM_MB], 95thPercentileLatency(ns), 5919
[USED_MEM_MB], 99thPercentileLatency(ns), 6099
[MAIN_GCs_Count], Operations, 1
[MAIN_GCs_Count], AverageLatency(ns), 94.0
[MAIN_GCs_Count], MinLatency(ns), 94
[MAIN_GCs_Count], MaxLatency(ns), 94
[MAIN_GCs_Count], 95thPercentileLatency(ns), 94
[MAIN_GCs_Count], 99thPercentileLatency(ns), 94
[MAIN_GCs_Time(ms)], Operations, 1
[MAIN_GCs_Time(ms)], AverageLatency(ns), 7615.0
[MAIN_GCs_Time(ms)], MinLatency(ns), 7615
[MAIN_GCs_Time(ms)], MaxLatency(ns), 7615
[MAIN_GCs_Time(ms)], 95thPercentileLatency(ns), 7615
[MAIN_GCs_Time(ms)], 99thPercentileLatency(ns), 7615
[TRANSACTION], Operations, 1
[TRANSACTION], AverageLatency(ns), 1.94186313728E11
[TRANSACTION], MinLatency(ns), 194185789440
[TRANSACTION], MaxLatency(ns), 194186838015
[TRANSACTION], 95thPercentileLatency(ns), 194186838015
[TRANSACTION], 99thPercentileLatency(ns), 194186838015
[GCS_TIME], Operations, 49
[GCS_TIME], AverageLatency(ns), 271.7142857142857
[GCS_TIME], MinLatency(ns), 0
[GCS_TIME], MaxLatency(ns), 600
[GCS_TIME], 95thPercentileLatency(ns), 553
[GCS_TIME], 99thPercentileLatency(ns), 600
[LOAD_GCs_Time(ms)], Operations, 1
[LOAD_GCs_Time(ms)], AverageLatency(ns), 5679.0
[LOAD_GCs_Time(ms)], MinLatency(ns), 5679
[LOAD_GCs_Time(ms)], MaxLatency(ns), 5679
[LOAD_GCs_Time(ms)], 95thPercentileLatency(ns), 5679
[LOAD_GCs_Time(ms)], 99thPercentileLatency(ns), 5679
[READ], Operations, 3000000
[READ], AverageLatency(ns), 26589.050043666666
[READ], MinLatency(ns), 238
[READ], MaxLatency(ns), 154576895
[READ], 95thPercentileLatency(ns), 50837
[READ], 99thPercentileLatency(ns), 55570
[READ], Return=OK, 3000000
[INIT], Operations, 1
[INIT], AverageLatency(ns), 6.50336256E8
[INIT], MinLatency(ns), 650334208
[INIT], MaxLatency(ns), 650338303
[INIT], 95thPercentileLatency(ns), 650338303
[INIT], 99thPercentileLatency(ns), 650338303
[GCS], Operations, 49
[GCS], AverageLatency(ns), 6.6938775510204085
[GCS], MinLatency(ns), 0
[GCS], MaxLatency(ns), 59
[GCS], 95thPercentileLatency(ns), 20
[GCS], 99thPercentileLatency(ns), 59
[LOAD_GCs_Count], Operations, 1
[LOAD_GCs_Count], AverageLatency(ns), 233.0
[LOAD_GCs_Count], MinLatency(ns), 233
[LOAD_GCs_Count], MaxLatency(ns), 233
[LOAD_GCs_Count], 95thPercentileLatency(ns), 233
[LOAD_GCs_Count], 99thPercentileLatency(ns), 233
[CLEANUP], Operations, 1
[CLEANUP], AverageLatency(ns), 16348.0
[CLEANUP], MinLatency(ns), 16348
[CLEANUP], MaxLatency(ns), 16348
[CLEANUP], 95thPercentileLatency(ns), 16348
[CLEANUP], 99thPercentileLatency(ns), 16348
[INSERT], Operations, 1000000
[INSERT], AverageLatency(ns), 59299.933145
[INSERT], MinLatency(ns), 49102
[INSERT], MaxLatency(ns), 77913599
[INSERT], 95thPercentileLatency(ns), 62592
[INSERT], 99thPercentileLatency(ns), 83625
[INSERT], Return=OK, 1000000
[UPDATE], Operations, 1499665
[UPDATE], AverageLatency(ns), 50082.69396231825
[UPDATE], MinLatency(ns), 42463
[UPDATE], MaxLatency(ns), 123049471
[UPDATE], 95thPercentileLatency(ns), 53513
[UPDATE], 99thPercentileLatency(ns), 60556
[UPDATE], Return=OK, 1499665
