/home/anatole/jdk8u/build/linux-x86_64-normal-server-release/jdk/bin/java -Xmx40g -XX:+UseG1GC -classpath /home/anatole/ycsb/conf:/home/anatole/ycsb/core/target/core-0.18.0-SNAPSHOT.jar:/home/anatole/ycsb/core/target/dependency/HdrHistogram-2.1.4.jar:/home/anatole/ycsb/core/target/dependency/guava-18.0.jar:/home/anatole/ycsb/core/target/dependency/htrace-core4-4.1.0-incubating.jar:/home/anatole/ycsb/core/target/dependency/jackson-core-asl-1.9.4.jar:/home/anatole/ycsb/core/target/dependency/jackson-mapper-asl-1.9.4.jar:/home/anatole/ycsb/core/target/dependency/javax.persistence-api-2.2.jar:/home/anatole/ycsb/core/target/dependency/jnvm-1.0-SNAPSHOT.jar:/home/anatole/ycsb/core/target/dependency/pcj-1.0.jar:/home/anatole/ycsb/core/target/dependency/unsafe-helper-1.0.jar:/home/anatole/ycsb/infinispan/src/main/conf:/home/anatole/ycsb/infinispan/target/infinispan-binding-0.18.0-SNAPSHOT.jar:/home/anatole/ycsb/infinispan/target/dependency/caffeine-2.6.2.jar:/home/anatole/ycsb/infinispan/target/dependency/gson-2.8.2.jar:/home/anatole/ycsb/infinispan/target/dependency/guava-18.0.jar:/home/anatole/ycsb/infinispan/target/dependency/infinispan-cachestore-jnvm-1.0-SNAPSHOT.jar:/home/anatole/ycsb/infinispan/target/dependency/infinispan-cachestore-pcj-1.0-SNAPSHOT.jar:/home/anatole/ycsb/infinispan/target/dependency/infinispan-client-hotrod-9.4.20.Final.jar:/home/anatole/ycsb/infinispan/target/dependency/infinispan-commons-9.4.20.Final.jar:/home/anatole/ycsb/infinispan/target/dependency/infinispan-core-9.4.20.Final.jar:/home/anatole/ycsb/infinispan/target/dependency/infinispan-persistence-soft-index-9.4.20.Final.jar:/home/anatole/ycsb/infinispan/target/dependency/javax.persistence-api-2.2.jar:/home/anatole/ycsb/infinispan/target/dependency/jboss-logging-3.3.2.Final.jar:/home/anatole/ycsb/infinispan/target/dependency/jboss-marshalling-osgi-2.0.6.Final.jar:/home/anatole/ycsb/infinispan/target/dependency/jboss-transaction-api_1.2_spec-1.1.1.Final.jar:/home/anatole/ycsb/infinispan/target/dependency/jgroups-4.0.21.Final.jar:/home/anatole/ycsb/infinispan/target/dependency/jnvm-1.0-SNAPSHOT.jar:/home/anatole/ycsb/infinispan/target/dependency/metainf-services-1.7.jar:/home/anatole/ycsb/infinispan/target/dependency/netty-buffer-4.1.51.Final.jar:/home/anatole/ycsb/infinispan/target/dependency/netty-codec-4.1.51.Final.jar:/home/anatole/ycsb/infinispan/target/dependency/netty-common-4.1.51.Final.jar:/home/anatole/ycsb/infinispan/target/dependency/netty-handler-4.1.51.Final.jar:/home/anatole/ycsb/infinispan/target/dependency/netty-resolver-4.1.51.Final.jar:/home/anatole/ycsb/infinispan/target/dependency/netty-transport-4.1.51.Final.jar:/home/anatole/ycsb/infinispan/target/dependency/netty-transport-native-epoll-4.1.51.Final-linux-x86_64.jar:/home/anatole/ycsb/infinispan/target/dependency/netty-transport-native-unix-common-4.1.51.Final.jar:/home/anatole/ycsb/infinispan/target/dependency/pcj-1.0.jar:/home/anatole/ycsb/infinispan/target/dependency/reactive-streams-1.0.2.jar:/home/anatole/ycsb/infinispan/target/dependency/rxjava-2.2.4.jar:/home/anatole/ycsb/infinispan/target/dependency/unsafe-helper-1.0.jar site.ycsb.Client -t -db site.ycsb.db.InfinispanClient -P ../workloads/workloadf -preload -s -threads 1 -p dataintegrity=true -p offheap=false -p recordcount=1000000 -p operationcount=3000000 -p fieldcount=10 -p fieldlength=800 -p requestdistribution=zipfian -p measurement.trackjvm=true -p measurementtype=hdrhistogram -p hdrhistogram.output.path=./out/exp7.marshalling.ref/log/infinispan.run.workloadf.true.1000000.1000000.10.800.zipfian.1.false.true.default.default.nullfsvfs.r3.hdr.log
[OVERALL], RunTime(ms), 487184
[OVERALL], Throughput(ops/sec), 8210.45026109232
[TOTAL_GCS_G1_Young_Generation], Count, 545
[TOTAL_GC_TIME_G1_Young_Generation], Time(ms), 22585
[TOTAL_GC_TIME_%_G1_Young_Generation], Time(%), 4.6358254786692505
[TOTAL_GCS_G1_Old_Generation], Count, 0
[TOTAL_GC_TIME_G1_Old_Generation], Time(ms), 0
[TOTAL_GC_TIME_%_G1_Old_Generation], Time(%), 0.0
[TOTAL_GCs], Count, 545
[TOTAL_GC_TIME], Time(ms), 22585
[TOTAL_GC_TIME_%], Time(%), 4.6358254786692505
[MAX_MEM_USED], MBs, 21508
[MIN_MEM_USED], MBs, 58
[MAX_THREADS], Count, 7
[MIN_THREADS], Count, 3
[MAX_SYS_LOAD_AVG], Load, 7.42
[MIN_SYS_LOAD_AVG], Load, 1.57
[THREAD_COUNT], Operations, 50
[THREAD_COUNT], AverageLatency(ns), 5.38
[THREAD_COUNT], MinLatency(ns), 3
[THREAD_COUNT], MaxLatency(ns), 7
[THREAD_COUNT], 95thPercentileLatency(ns), 7
[THREAD_COUNT], 99thPercentileLatency(ns), 7
[SYS_LOAD_AVG], Operations, 50
[SYS_LOAD_AVG], AverageLatency(ns), 2.4
[SYS_LOAD_AVG], MinLatency(ns), 1
[SYS_LOAD_AVG], MaxLatency(ns), 7
[SYS_LOAD_AVG], 95thPercentileLatency(ns), 4
[SYS_LOAD_AVG], 99thPercentileLatency(ns), 7
[READ-MODIFY-WRITE], Operations, 1499463
[READ-MODIFY-WRITE], AverageLatency(ns), 56910.82765630096
[READ-MODIFY-WRITE], MinLatency(ns), 46415
[READ-MODIFY-WRITE], MaxLatency(ns), 132090879
[READ-MODIFY-WRITE], 95thPercentileLatency(ns), 66073
[READ-MODIFY-WRITE], 99thPercentileLatency(ns), 72674
[LOAD], Operations, 1
[LOAD], AverageLatency(ns), 3.5220094976E11
[LOAD], MinLatency(ns), 352199901184
[LOAD], MaxLatency(ns), 352201998335
[LOAD], 95thPercentileLatency(ns), 352201998335
[LOAD], 99thPercentileLatency(ns), 352201998335
[USED_MEM_MB], Operations, 50
[USED_MEM_MB], AverageLatency(ns), 14032.06
[USED_MEM_MB], MinLatency(ns), 58
[USED_MEM_MB], MaxLatency(ns), 21508
[USED_MEM_MB], 95thPercentileLatency(ns), 21417
[USED_MEM_MB], 99thPercentileLatency(ns), 21508
[MAIN_GCs_Count], Operations, 1
[MAIN_GCs_Count], AverageLatency(ns), 115.0
[MAIN_GCs_Count], MinLatency(ns), 115
[MAIN_GCs_Count], MaxLatency(ns), 115
[MAIN_GCs_Count], 95thPercentileLatency(ns), 115
[MAIN_GCs_Count], 99thPercentileLatency(ns), 115
[MAIN_GCs_Time(ms)], Operations, 1
[MAIN_GCs_Time(ms)], AverageLatency(ns), 5951.0
[MAIN_GCs_Time(ms)], MinLatency(ns), 5951
[MAIN_GCs_Time(ms)], MaxLatency(ns), 5951
[MAIN_GCs_Time(ms)], 95thPercentileLatency(ns), 5951
[MAIN_GCs_Time(ms)], 99thPercentileLatency(ns), 5951
[TRANSACTION], Operations, 1
[TRANSACTION], AverageLatency(ns), 1.34191251456E11
[TRANSACTION], MinLatency(ns), 134190989312
[TRANSACTION], MaxLatency(ns), 134191513599
[TRANSACTION], 95thPercentileLatency(ns), 134191513599
[TRANSACTION], 99thPercentileLatency(ns), 134191513599
[GCS_TIME], Operations, 50
[GCS_TIME], AverageLatency(ns), 451.7
[GCS_TIME], MinLatency(ns), 0
[GCS_TIME], MaxLatency(ns), 754
[GCS_TIME], 95thPercentileLatency(ns), 687
[GCS_TIME], 99thPercentileLatency(ns), 754
[LOAD_GCs_Time(ms)], Operations, 1
[LOAD_GCs_Time(ms)], AverageLatency(ns), 16547.0
[LOAD_GCs_Time(ms)], MinLatency(ns), 16547
[LOAD_GCs_Time(ms)], MaxLatency(ns), 16547
[LOAD_GCs_Time(ms)], 95thPercentileLatency(ns), 16547
[LOAD_GCs_Time(ms)], 99thPercentileLatency(ns), 16547
[READ], Operations, 3000000
[READ], AverageLatency(ns), 762.790864
[READ], MinLatency(ns), 191
[READ], MaxLatency(ns), 19268991
[READ], 95thPercentileLatency(ns), 1827
[READ], 99thPercentileLatency(ns), 2797
[READ], Return=OK, 3000000
[INIT], Operations, 1
[INIT], AverageLatency(ns), 6.79102464E8
[INIT], MinLatency(ns), 679100416
[INIT], MaxLatency(ns), 679104511
[INIT], 95thPercentileLatency(ns), 679104511
[INIT], 99thPercentileLatency(ns), 679104511
[GCS], Operations, 50
[GCS], AverageLatency(ns), 10.9
[GCS], MinLatency(ns), 0
[GCS], MaxLatency(ns), 67
[GCS], 95thPercentileLatency(ns), 47
[GCS], 99thPercentileLatency(ns), 67
[LOAD_GCs_Count], Operations, 1
[LOAD_GCs_Count], AverageLatency(ns), 427.0
[LOAD_GCs_Count], MinLatency(ns), 427
[LOAD_GCs_Count], MaxLatency(ns), 427
[LOAD_GCs_Count], 95thPercentileLatency(ns), 427
[LOAD_GCs_Count], 99thPercentileLatency(ns), 427
[CLEANUP], Operations, 1
[CLEANUP], AverageLatency(ns), 30550.0
[CLEANUP], MinLatency(ns), 30550
[CLEANUP], MaxLatency(ns), 30550
[CLEANUP], 95thPercentileLatency(ns), 30550
[CLEANUP], 99thPercentileLatency(ns), 30550
[INSERT], Operations, 1000000
[INSERT], AverageLatency(ns), 52063.479427
[INSERT], MinLatency(ns), 45169
[INSERT], MaxLatency(ns), 155181055
[INSERT], 95thPercentileLatency(ns), 58559
[INSERT], 99thPercentileLatency(ns), 72548
[INSERT], Return=OK, 1000000
[UPDATE], Operations, 1499463
[UPDATE], AverageLatency(ns), 55218.32338843973
[UPDATE], MinLatency(ns), 45643
[UPDATE], MaxLatency(ns), 99519487
[UPDATE], 95thPercentileLatency(ns), 64608
[UPDATE], 99thPercentileLatency(ns), 70975
[UPDATE], Return=OK, 1499463
