/home/anatole/jdk8u/build/linux-x86_64-normal-server-release/jdk/bin/java -Xmx20g -XX:+UseG1GC -classpath /home/anatole/ycsb/conf:/home/anatole/ycsb/core/target/core-0.18.0-SNAPSHOT.jar:/home/anatole/ycsb/core/target/dependency/HdrHistogram-2.1.4.jar:/home/anatole/ycsb/core/target/dependency/guava-18.0.jar:/home/anatole/ycsb/core/target/dependency/htrace-core4-4.1.0-incubating.jar:/home/anatole/ycsb/core/target/dependency/jackson-core-asl-1.9.4.jar:/home/anatole/ycsb/core/target/dependency/jackson-mapper-asl-1.9.4.jar:/home/anatole/ycsb/core/target/dependency/javax.persistence-api-2.2.jar:/home/anatole/ycsb/core/target/dependency/jnvm-1.0-SNAPSHOT.jar:/home/anatole/ycsb/core/target/dependency/pcj-1.0.jar:/home/anatole/ycsb/core/target/dependency/unsafe-helper-1.0.jar:/home/anatole/ycsb/infinispan/src/main/conf:/home/anatole/ycsb/infinispan/target/infinispan-binding-0.18.0-SNAPSHOT.jar:/home/anatole/ycsb/infinispan/target/dependency/caffeine-2.6.2.jar:/home/anatole/ycsb/infinispan/target/dependency/gson-2.8.2.jar:/home/anatole/ycsb/infinispan/target/dependency/guava-18.0.jar:/home/anatole/ycsb/infinispan/target/dependency/infinispan-cachestore-jnvm-1.0-SNAPSHOT.jar:/home/anatole/ycsb/infinispan/target/dependency/infinispan-cachestore-pcj-1.0-SNAPSHOT.jar:/home/anatole/ycsb/infinispan/target/dependency/infinispan-client-hotrod-9.4.20.Final.jar:/home/anatole/ycsb/infinispan/target/dependency/infinispan-commons-9.4.20.Final.jar:/home/anatole/ycsb/infinispan/target/dependency/infinispan-core-9.4.20.Final.jar:/home/anatole/ycsb/infinispan/target/dependency/infinispan-persistence-soft-index-9.4.20.Final.jar:/home/anatole/ycsb/infinispan/target/dependency/javax.persistence-api-2.2.jar:/home/anatole/ycsb/infinispan/target/dependency/jboss-logging-3.3.2.Final.jar:/home/anatole/ycsb/infinispan/target/dependency/jboss-marshalling-osgi-2.0.6.Final.jar:/home/anatole/ycsb/infinispan/target/dependency/jboss-transaction-api_1.2_spec-1.1.1.Final.jar:/home/anatole/ycsb/infinispan/target/dependency/jgroups-4.0.21.Final.jar:/home/anatole/ycsb/infinispan/target/dependency/jnvm-1.0-SNAPSHOT.jar:/home/anatole/ycsb/infinispan/target/dependency/metainf-services-1.7.jar:/home/anatole/ycsb/infinispan/target/dependency/netty-buffer-4.1.51.Final.jar:/home/anatole/ycsb/infinispan/target/dependency/netty-codec-4.1.51.Final.jar:/home/anatole/ycsb/infinispan/target/dependency/netty-common-4.1.51.Final.jar:/home/anatole/ycsb/infinispan/target/dependency/netty-handler-4.1.51.Final.jar:/home/anatole/ycsb/infinispan/target/dependency/netty-resolver-4.1.51.Final.jar:/home/anatole/ycsb/infinispan/target/dependency/netty-transport-4.1.51.Final.jar:/home/anatole/ycsb/infinispan/target/dependency/netty-transport-native-epoll-4.1.51.Final-linux-x86_64.jar:/home/anatole/ycsb/infinispan/target/dependency/netty-transport-native-unix-common-4.1.51.Final.jar:/home/anatole/ycsb/infinispan/target/dependency/pcj-1.0.jar:/home/anatole/ycsb/infinispan/target/dependency/reactive-streams-1.0.2.jar:/home/anatole/ycsb/infinispan/target/dependency/rxjava-2.2.4.jar:/home/anatole/ycsb/infinispan/target/dependency/unsafe-helper-1.0.jar site.ycsb.Client -t -db site.ycsb.db.InfinispanClient -P ../workloads/workloadf -preload -s -threads 1 -p dataintegrity=true -p offheap=false -p recordcount=1000000 -p operationcount=3000000 -p fieldcount=10 -p fieldlength=400 -p requestdistribution=zipfian -p measurement.trackjvm=true -p measurementtype=hdrhistogram -p hdrhistogram.output.path=./out/exp7.marshalling.ref/log/infinispan.run.workloadf.true.1000000.100000.10.400.zipfian.1.false.true.default.default.tmpfs.r3.hdr.log
[OVERALL], RunTime(ms), 264358
[OVERALL], Throughput(ops/sec), 15130.996603091262
[TOTAL_GCS_G1_Young_Generation], Count, 698
[TOTAL_GC_TIME_G1_Young_Generation], Time(ms), 11974
[TOTAL_GC_TIME_%_G1_Young_Generation], Time(%), 4.529463833135369
[TOTAL_GCS_G1_Old_Generation], Count, 0
[TOTAL_GC_TIME_G1_Old_Generation], Time(ms), 0
[TOTAL_GC_TIME_%_G1_Old_Generation], Time(%), 0.0
[TOTAL_GCs], Count, 698
[TOTAL_GC_TIME], Time(ms), 11974
[TOTAL_GC_TIME_%], Time(%), 4.529463833135369
[MAX_MEM_USED], MBs, 12138
[MIN_MEM_USED], MBs, 48
[MAX_THREADS], Count, 7
[MIN_THREADS], Count, 3
[MAX_SYS_LOAD_AVG], Load, 5.15
[MIN_SYS_LOAD_AVG], Load, 1.46
[THREAD_COUNT], Operations, 28
[THREAD_COUNT], AverageLatency(ns), 5.678571428571429
[THREAD_COUNT], MinLatency(ns), 3
[THREAD_COUNT], MaxLatency(ns), 7
[THREAD_COUNT], 95thPercentileLatency(ns), 7
[THREAD_COUNT], 99thPercentileLatency(ns), 7
[SYS_LOAD_AVG], Operations, 28
[SYS_LOAD_AVG], AverageLatency(ns), 2.25
[SYS_LOAD_AVG], MinLatency(ns), 1
[SYS_LOAD_AVG], MaxLatency(ns), 5
[SYS_LOAD_AVG], 95thPercentileLatency(ns), 4
[SYS_LOAD_AVG], 99thPercentileLatency(ns), 5
[READ-MODIFY-WRITE], Operations, 1499306
[READ-MODIFY-WRITE], AverageLatency(ns), 58480.47624300843
[READ-MODIFY-WRITE], MinLatency(ns), 29270
[READ-MODIFY-WRITE], MaxLatency(ns), 469039103
[READ-MODIFY-WRITE], 95thPercentileLatency(ns), 77161
[READ-MODIFY-WRITE], 99thPercentileLatency(ns), 82852
[LOAD], Operations, 1
[LOAD], AverageLatency(ns), 1.27780257792E11
[LOAD], MinLatency(ns), 127779995648
[LOAD], MaxLatency(ns), 127780519935
[LOAD], 95thPercentileLatency(ns), 127780519935
[LOAD], 99thPercentileLatency(ns), 127780519935
[USED_MEM_MB], Operations, 28
[USED_MEM_MB], AverageLatency(ns), 4491.785714285715
[USED_MEM_MB], MinLatency(ns), 48
[USED_MEM_MB], MaxLatency(ns), 12138
[USED_MEM_MB], 95thPercentileLatency(ns), 11088
[USED_MEM_MB], 99thPercentileLatency(ns), 12138
[MAIN_GCs_Count], Operations, 1
[MAIN_GCs_Count], AverageLatency(ns), 52.0
[MAIN_GCs_Count], MinLatency(ns), 52
[MAIN_GCs_Count], MaxLatency(ns), 52
[MAIN_GCs_Count], 95thPercentileLatency(ns), 52
[MAIN_GCs_Count], 99thPercentileLatency(ns), 52
[MAIN_GCs_Time(ms)], Operations, 1
[MAIN_GCs_Time(ms)], AverageLatency(ns), 4769.0
[MAIN_GCs_Time(ms)], MinLatency(ns), 4769
[MAIN_GCs_Time(ms)], MaxLatency(ns), 4769
[MAIN_GCs_Time(ms)], 95thPercentileLatency(ns), 4769
[MAIN_GCs_Time(ms)], 99thPercentileLatency(ns), 4769
[TRANSACTION], Operations, 1
[TRANSACTION], AverageLatency(ns), 1.35850098688E11
[TRANSACTION], MinLatency(ns), 135849836544
[TRANSACTION], MaxLatency(ns), 135850360831
[TRANSACTION], 95thPercentileLatency(ns), 135850360831
[TRANSACTION], 99thPercentileLatency(ns), 135850360831
[GCS_TIME], Operations, 28
[GCS_TIME], AverageLatency(ns), 427.64285714285717
[GCS_TIME], MinLatency(ns), 0
[GCS_TIME], MaxLatency(ns), 782
[GCS_TIME], 95thPercentileLatency(ns), 768
[GCS_TIME], 99thPercentileLatency(ns), 782
[LOAD_GCs_Time(ms)], Operations, 1
[LOAD_GCs_Time(ms)], AverageLatency(ns), 7179.0
[LOAD_GCs_Time(ms)], MinLatency(ns), 7179
[LOAD_GCs_Time(ms)], MaxLatency(ns), 7179
[LOAD_GCs_Time(ms)], 95thPercentileLatency(ns), 7179
[LOAD_GCs_Time(ms)], 99thPercentileLatency(ns), 7179
[READ], Operations, 3000000
[READ], AverageLatency(ns), 22052.673743666666
[READ], MinLatency(ns), 218
[READ], MaxLatency(ns), 454809599
[READ], 95thPercentileLatency(ns), 41605
[READ], 99thPercentileLatency(ns), 45025
[READ], Return=OK, 3000000
[INIT], Operations, 1
[INIT], AverageLatency(ns), 6.60027392E8
[INIT], MinLatency(ns), 660025344
[INIT], MaxLatency(ns), 660029439
[INIT], 95thPercentileLatency(ns), 660029439
[INIT], 99thPercentileLatency(ns), 660029439
[GCS], Operations, 28
[GCS], AverageLatency(ns), 24.928571428571427
[GCS], MinLatency(ns), 0
[GCS], MaxLatency(ns), 62
[GCS], 95thPercentileLatency(ns), 61
[GCS], 99thPercentileLatency(ns), 62
[LOAD_GCs_Count], Operations, 1
[LOAD_GCs_Count], AverageLatency(ns), 644.0
[LOAD_GCs_Count], MinLatency(ns), 644
[LOAD_GCs_Count], MaxLatency(ns), 644
[LOAD_GCs_Count], 95thPercentileLatency(ns), 644
[LOAD_GCs_Count], 99thPercentileLatency(ns), 644
[CLEANUP], Operations, 1
[CLEANUP], AverageLatency(ns), 15865.0
[CLEANUP], MinLatency(ns), 15865
[CLEANUP], MaxLatency(ns), 15865
[CLEANUP], 95thPercentileLatency(ns), 15865
[CLEANUP], 99thPercentileLatency(ns), 15865
[INSERT], Operations, 1000000
[INSERT], AverageLatency(ns), 37984.247875
[INSERT], MinLatency(ns), 29277
[INSERT], MaxLatency(ns), 99346431
[INSERT], 95thPercentileLatency(ns), 45654
[INSERT], 99thPercentileLatency(ns), 60193
[INSERT], Return=OK, 1000000
[UPDATE], Operations, 1499306
[UPDATE], AverageLatency(ns), 35619.47967259519
[UPDATE], MinLatency(ns), 28340
[UPDATE], MaxLatency(ns), 198653951
[UPDATE], 95thPercentileLatency(ns), 38221
[UPDATE], 99thPercentileLatency(ns), 41968
[UPDATE], Return=OK, 1499306
