/home/anatole/jdk8u/build/linux-x86_64-normal-server-release/jdk/bin/java -Xmx100g -XX:+UseG1GC -XX:InitiatingHeapOccupancyPercent=15 -classpath /home/anatole/ycsb/conf:/home/anatole/ycsb/core/target/core-0.18.0-SNAPSHOT.jar:/home/anatole/ycsb/core/target/dependency/HdrHistogram-2.1.4.jar:/home/anatole/ycsb/core/target/dependency/guava-18.0.jar:/home/anatole/ycsb/core/target/dependency/htrace-core4-4.1.0-incubating.jar:/home/anatole/ycsb/core/target/dependency/jackson-core-asl-1.9.4.jar:/home/anatole/ycsb/core/target/dependency/jackson-mapper-asl-1.9.4.jar:/home/anatole/ycsb/core/target/dependency/javax.persistence-api-2.2.jar:/home/anatole/ycsb/core/target/dependency/jnvm-1.0-SNAPSHOT.jar:/home/anatole/ycsb/core/target/dependency/pcj-1.0.jar:/home/anatole/ycsb/core/target/dependency/unsafe-helper-1.0.jar:/home/anatole/ycsb/infinispan/src/main/conf:/home/anatole/ycsb/infinispan/target/infinispan-binding-0.18.0-SNAPSHOT.jar:/home/anatole/ycsb/infinispan/target/dependency/caffeine-2.6.2.jar:/home/anatole/ycsb/infinispan/target/dependency/gson-2.8.2.jar:/home/anatole/ycsb/infinispan/target/dependency/guava-18.0.jar:/home/anatole/ycsb/infinispan/target/dependency/infinispan-cachestore-jnvm-1.0-SNAPSHOT.jar:/home/anatole/ycsb/infinispan/target/dependency/infinispan-cachestore-pcj-1.0-SNAPSHOT.jar:/home/anatole/ycsb/infinispan/target/dependency/infinispan-client-hotrod-9.4.20.Final.jar:/home/anatole/ycsb/infinispan/target/dependency/infinispan-commons-9.4.20.Final.jar:/home/anatole/ycsb/infinispan/target/dependency/infinispan-core-9.4.20.Final.jar:/home/anatole/ycsb/infinispan/target/dependency/infinispan-persistence-soft-index-9.4.20.Final.jar:/home/anatole/ycsb/infinispan/target/dependency/javax.persistence-api-2.2.jar:/home/anatole/ycsb/infinispan/target/dependency/jboss-logging-3.3.2.Final.jar:/home/anatole/ycsb/infinispan/target/dependency/jboss-marshalling-osgi-2.0.6.Final.jar:/home/anatole/ycsb/infinispan/target/dependency/jboss-transaction-api_1.2_spec-1.1.1.Final.jar:/home/anatole/ycsb/infinispan/target/dependency/jgroups-4.0.21.Final.jar:/home/anatole/ycsb/infinispan/target/dependency/jnvm-1.0-SNAPSHOT.jar:/home/anatole/ycsb/infinispan/target/dependency/metainf-services-1.7.jar:/home/anatole/ycsb/infinispan/target/dependency/netty-buffer-4.1.51.Final.jar:/home/anatole/ycsb/infinispan/target/dependency/netty-codec-4.1.51.Final.jar:/home/anatole/ycsb/infinispan/target/dependency/netty-common-4.1.51.Final.jar:/home/anatole/ycsb/infinispan/target/dependency/netty-handler-4.1.51.Final.jar:/home/anatole/ycsb/infinispan/target/dependency/netty-resolver-4.1.51.Final.jar:/home/anatole/ycsb/infinispan/target/dependency/netty-transport-4.1.51.Final.jar:/home/anatole/ycsb/infinispan/target/dependency/netty-transport-native-epoll-4.1.51.Final-linux-x86_64.jar:/home/anatole/ycsb/infinispan/target/dependency/netty-transport-native-unix-common-4.1.51.Final.jar:/home/anatole/ycsb/infinispan/target/dependency/pcj-1.0.jar:/home/anatole/ycsb/infinispan/target/dependency/reactive-streams-1.0.2.jar:/home/anatole/ycsb/infinispan/target/dependency/rxjava-2.2.4.jar:/home/anatole/ycsb/infinispan/target/dependency/unsafe-helper-1.0.jar site.ycsb.Client -t -db site.ycsb.db.InfinispanClient -P ../workloads/workloadf -preload -s -threads 1 -p dataintegrity=true -p offheap=false -p recordcount=1000000 -p operationcount=3000000 -p fieldcount=10 -p fieldlength=700 -p requestdistribution=zipfian -p measurement.trackjvm=true -p measurementtype=hdrhistogram -p hdrhistogram.output.path=./out/exp7.marshalling.ref/log/infinispan.run.workloadf.true.1000000.1000000.10.700.zipfian.1.false.true.default.default.none.r10.hdr.log
[OVERALL], RunTime(ms), 298166
[OVERALL], Throughput(ops/sec), 13415.345814076722
[TOTAL_GCS_G1_Young_Generation], Count, 508
[TOTAL_GC_TIME_G1_Young_Generation], Time(ms), 18312
[TOTAL_GC_TIME_%_G1_Young_Generation], Time(%), 6.141545313684324
[TOTAL_GCS_G1_Old_Generation], Count, 0
[TOTAL_GC_TIME_G1_Old_Generation], Time(ms), 0
[TOTAL_GC_TIME_%_G1_Old_Generation], Time(%), 0.0
[TOTAL_GCs], Count, 508
[TOTAL_GC_TIME], Time(ms), 18312
[TOTAL_GC_TIME_%], Time(%), 6.141545313684324
[MAX_MEM_USED], MBs, 21511
[MIN_MEM_USED], MBs, 56
[MAX_THREADS], Count, 6
[MIN_THREADS], Count, 3
[MAX_SYS_LOAD_AVG], Load, 5.56
[MIN_SYS_LOAD_AVG], Load, 1.84
[THREAD_COUNT], Operations, 31
[THREAD_COUNT], AverageLatency(ns), 4.645161290322581
[THREAD_COUNT], MinLatency(ns), 3
[THREAD_COUNT], MaxLatency(ns), 6
[THREAD_COUNT], 95thPercentileLatency(ns), 6
[THREAD_COUNT], 99thPercentileLatency(ns), 6
[SYS_LOAD_AVG], Operations, 31
[SYS_LOAD_AVG], AverageLatency(ns), 2.7419354838709675
[SYS_LOAD_AVG], MinLatency(ns), 1
[SYS_LOAD_AVG], MaxLatency(ns), 5
[SYS_LOAD_AVG], 95thPercentileLatency(ns), 4
[SYS_LOAD_AVG], 99thPercentileLatency(ns), 5
[READ-MODIFY-WRITE], Operations, 1499716
[READ-MODIFY-WRITE], AverageLatency(ns), 3461.1935393101094
[READ-MODIFY-WRITE], MinLatency(ns), 1496
[READ-MODIFY-WRITE], MaxLatency(ns), 83344383
[READ-MODIFY-WRITE], 95thPercentileLatency(ns), 5184
[READ-MODIFY-WRITE], 99thPercentileLatency(ns), 12645
[LOAD], Operations, 1
[LOAD], AverageLatency(ns), 2.46123331584E11
[LOAD], MinLatency(ns), 246122807296
[LOAD], MaxLatency(ns), 246123855871
[LOAD], 95thPercentileLatency(ns), 246123855871
[LOAD], 99thPercentileLatency(ns), 246123855871
[USED_MEM_MB], Operations, 31
[USED_MEM_MB], AverageLatency(ns), 12069.967741935483
[USED_MEM_MB], MinLatency(ns), 56
[USED_MEM_MB], MaxLatency(ns), 21511
[USED_MEM_MB], 95thPercentileLatency(ns), 18492
[USED_MEM_MB], 99thPercentileLatency(ns), 21511
[MAIN_GCs_Count], Operations, 1
[MAIN_GCs_Count], AverageLatency(ns), 51.0
[MAIN_GCs_Count], MinLatency(ns), 51
[MAIN_GCs_Count], MaxLatency(ns), 51
[MAIN_GCs_Count], 95thPercentileLatency(ns), 51
[MAIN_GCs_Count], 99thPercentileLatency(ns), 51
[MAIN_GCs_Time(ms)], Operations, 1
[MAIN_GCs_Time(ms)], AverageLatency(ns), 3550.0
[MAIN_GCs_Time(ms)], MinLatency(ns), 3550
[MAIN_GCs_Time(ms)], MaxLatency(ns), 3550
[MAIN_GCs_Time(ms)], 95thPercentileLatency(ns), 3550
[MAIN_GCs_Time(ms)], 99thPercentileLatency(ns), 3550
[TRANSACTION], Operations, 1
[TRANSACTION], AverageLatency(ns), 5.11410176E10
[TRANSACTION], MinLatency(ns), 51140886528
[TRANSACTION], MaxLatency(ns), 51141148671
[TRANSACTION], 95thPercentileLatency(ns), 51141148671
[TRANSACTION], 99thPercentileLatency(ns), 51141148671
[GCS_TIME], Operations, 31
[GCS_TIME], AverageLatency(ns), 590.7096774193549
[GCS_TIME], MinLatency(ns), 0
[GCS_TIME], MaxLatency(ns), 875
[GCS_TIME], 95thPercentileLatency(ns), 786
[GCS_TIME], 99thPercentileLatency(ns), 875
[LOAD_GCs_Time(ms)], Operations, 1
[LOAD_GCs_Time(ms)], AverageLatency(ns), 14527.0
[LOAD_GCs_Time(ms)], MinLatency(ns), 14527
[LOAD_GCs_Time(ms)], MaxLatency(ns), 14527
[LOAD_GCs_Time(ms)], 95thPercentileLatency(ns), 14527
[LOAD_GCs_Time(ms)], 99thPercentileLatency(ns), 14527
[READ], Operations, 3000000
[READ], AverageLatency(ns), 749.8623696666667
[READ], MinLatency(ns), 158
[READ], MaxLatency(ns), 57370879
[READ], 95thPercentileLatency(ns), 1695
[READ], 99thPercentileLatency(ns), 2678
[READ], Return=OK, 3000000
[INIT], Operations, 1
[INIT], AverageLatency(ns), 6.33358336E8
[INIT], MinLatency(ns), 633356288
[INIT], MaxLatency(ns), 633360383
[INIT], 95thPercentileLatency(ns), 633360383
[INIT], 99thPercentileLatency(ns), 633360383
[GCS], Operations, 31
[GCS], AverageLatency(ns), 16.387096774193548
[GCS], MinLatency(ns), 0
[GCS], MaxLatency(ns), 58
[GCS], 95thPercentileLatency(ns), 46
[GCS], 99thPercentileLatency(ns), 58
[LOAD_GCs_Count], Operations, 1
[LOAD_GCs_Count], AverageLatency(ns), 453.0
[LOAD_GCs_Count], MinLatency(ns), 453
[LOAD_GCs_Count], MaxLatency(ns), 453
[LOAD_GCs_Count], 95thPercentileLatency(ns), 453
[LOAD_GCs_Count], 99thPercentileLatency(ns), 453
[CLEANUP], Operations, 1
[CLEANUP], AverageLatency(ns), 25425.0
[CLEANUP], MinLatency(ns), 25425
[CLEANUP], MaxLatency(ns), 25425
[CLEANUP], 95thPercentileLatency(ns), 25425
[CLEANUP], 99thPercentileLatency(ns), 25425
[INSERT], Operations, 1000000
[INSERT], AverageLatency(ns), 2599.687949
[INSERT], MinLatency(ns), 1203
[INSERT], MaxLatency(ns), 134346751
[INSERT], 95thPercentileLatency(ns), 2567
[INSERT], 99thPercentileLatency(ns), 5464
[INSERT], Return=OK, 1000000
[UPDATE], Operations, 1499716
[UPDATE], AverageLatency(ns), 2269.5325861696483
[UPDATE], MinLatency(ns), 965
[UPDATE], MaxLatency(ns), 64467711
[UPDATE], 95thPercentileLatency(ns), 3870
[UPDATE], 99thPercentileLatency(ns), 7063
[UPDATE], Return=OK, 1499716
