/home/anatole/jdk8u/build/linux-x86_64-normal-server-release/jdk/bin/java -Xmx20g -XX:+UseG1GC -classpath /home/anatole/ycsb/conf:/home/anatole/ycsb/core/target/core-0.18.0-SNAPSHOT.jar:/home/anatole/ycsb/core/target/dependency/HdrHistogram-2.1.4.jar:/home/anatole/ycsb/core/target/dependency/guava-18.0.jar:/home/anatole/ycsb/core/target/dependency/htrace-core4-4.1.0-incubating.jar:/home/anatole/ycsb/core/target/dependency/jackson-core-asl-1.9.4.jar:/home/anatole/ycsb/core/target/dependency/jackson-mapper-asl-1.9.4.jar:/home/anatole/ycsb/core/target/dependency/javax.persistence-api-2.2.jar:/home/anatole/ycsb/core/target/dependency/jnvm-1.0-SNAPSHOT.jar:/home/anatole/ycsb/core/target/dependency/pcj-1.0.jar:/home/anatole/ycsb/core/target/dependency/unsafe-helper-1.0.jar:/home/anatole/ycsb/infinispan/src/main/conf:/home/anatole/ycsb/infinispan/target/infinispan-binding-0.18.0-SNAPSHOT.jar:/home/anatole/ycsb/infinispan/target/dependency/caffeine-2.6.2.jar:/home/anatole/ycsb/infinispan/target/dependency/gson-2.8.2.jar:/home/anatole/ycsb/infinispan/target/dependency/guava-18.0.jar:/home/anatole/ycsb/infinispan/target/dependency/infinispan-cachestore-jnvm-1.0-SNAPSHOT.jar:/home/anatole/ycsb/infinispan/target/dependency/infinispan-cachestore-pcj-1.0-SNAPSHOT.jar:/home/anatole/ycsb/infinispan/target/dependency/infinispan-client-hotrod-9.4.20.Final.jar:/home/anatole/ycsb/infinispan/target/dependency/infinispan-commons-9.4.20.Final.jar:/home/anatole/ycsb/infinispan/target/dependency/infinispan-core-9.4.20.Final.jar:/home/anatole/ycsb/infinispan/target/dependency/infinispan-persistence-soft-index-9.4.20.Final.jar:/home/anatole/ycsb/infinispan/target/dependency/javax.persistence-api-2.2.jar:/home/anatole/ycsb/infinispan/target/dependency/jboss-logging-3.3.2.Final.jar:/home/anatole/ycsb/infinispan/target/dependency/jboss-marshalling-osgi-2.0.6.Final.jar:/home/anatole/ycsb/infinispan/target/dependency/jboss-transaction-api_1.2_spec-1.1.1.Final.jar:/home/anatole/ycsb/infinispan/target/dependency/jgroups-4.0.21.Final.jar:/home/anatole/ycsb/infinispan/target/dependency/jnvm-1.0-SNAPSHOT.jar:/home/anatole/ycsb/infinispan/target/dependency/metainf-services-1.7.jar:/home/anatole/ycsb/infinispan/target/dependency/netty-buffer-4.1.51.Final.jar:/home/anatole/ycsb/infinispan/target/dependency/netty-codec-4.1.51.Final.jar:/home/anatole/ycsb/infinispan/target/dependency/netty-common-4.1.51.Final.jar:/home/anatole/ycsb/infinispan/target/dependency/netty-handler-4.1.51.Final.jar:/home/anatole/ycsb/infinispan/target/dependency/netty-resolver-4.1.51.Final.jar:/home/anatole/ycsb/infinispan/target/dependency/netty-transport-4.1.51.Final.jar:/home/anatole/ycsb/infinispan/target/dependency/netty-transport-native-epoll-4.1.51.Final-linux-x86_64.jar:/home/anatole/ycsb/infinispan/target/dependency/netty-transport-native-unix-common-4.1.51.Final.jar:/home/anatole/ycsb/infinispan/target/dependency/pcj-1.0.jar:/home/anatole/ycsb/infinispan/target/dependency/reactive-streams-1.0.2.jar:/home/anatole/ycsb/infinispan/target/dependency/rxjava-2.2.4.jar:/home/anatole/ycsb/infinispan/target/dependency/unsafe-helper-1.0.jar site.ycsb.Client -t -db site.ycsb.db.InfinispanClient -P ../workloads/workloadf -preload -s -threads 1 -p dataintegrity=true -p offheap=false -p recordcount=1000000 -p operationcount=3000000 -p fieldcount=10 -p fieldlength=400 -p requestdistribution=zipfian -p measurement.trackjvm=true -p measurementtype=hdrhistogram -p hdrhistogram.output.path=./out/exp7.marshalling.ref/log/infinispan.run.workloadf.true.1000000.100000.10.400.zipfian.1.false.true.default.default.tmpfs.r4.hdr.log
[OVERALL], RunTime(ms), 265661
[OVERALL], Throughput(ops/sec), 15056.782892483277
[TOTAL_GCS_G1_Young_Generation], Count, 704
[TOTAL_GC_TIME_G1_Young_Generation], Time(ms), 12160
[TOTAL_GC_TIME_%_G1_Young_Generation], Time(%), 4.577261999314916
[TOTAL_GCS_G1_Old_Generation], Count, 0
[TOTAL_GC_TIME_G1_Old_Generation], Time(ms), 0
[TOTAL_GC_TIME_%_G1_Old_Generation], Time(%), 0.0
[TOTAL_GCs], Count, 704
[TOTAL_GC_TIME], Time(ms), 12160
[TOTAL_GC_TIME_%], Time(%), 4.577261999314916
[MAX_MEM_USED], MBs, 6118
[MIN_MEM_USED], MBs, 48
[MAX_THREADS], Count, 7
[MIN_THREADS], Count, 3
[MAX_SYS_LOAD_AVG], Load, 4.03
[MIN_SYS_LOAD_AVG], Load, 1.36
[THREAD_COUNT], Operations, 28
[THREAD_COUNT], AverageLatency(ns), 5.678571428571429
[THREAD_COUNT], MinLatency(ns), 3
[THREAD_COUNT], MaxLatency(ns), 7
[THREAD_COUNT], 95thPercentileLatency(ns), 7
[THREAD_COUNT], 99thPercentileLatency(ns), 7
[SYS_LOAD_AVG], Operations, 28
[SYS_LOAD_AVG], AverageLatency(ns), 1.75
[SYS_LOAD_AVG], MinLatency(ns), 1
[SYS_LOAD_AVG], MaxLatency(ns), 4
[SYS_LOAD_AVG], 95thPercentileLatency(ns), 3
[SYS_LOAD_AVG], 99thPercentileLatency(ns), 4
[READ-MODIFY-WRITE], Operations, 1500717
[READ-MODIFY-WRITE], AverageLatency(ns), 59034.76904772852
[READ-MODIFY-WRITE], MinLatency(ns), 29579
[READ-MODIFY-WRITE], MaxLatency(ns), 172530687
[READ-MODIFY-WRITE], 95thPercentileLatency(ns), 78100
[READ-MODIFY-WRITE], 99thPercentileLatency(ns), 86281
[LOAD], Operations, 1
[LOAD], AverageLatency(ns), 1.27794413568E11
[LOAD], MinLatency(ns), 127794151424
[LOAD], MaxLatency(ns), 127794675711
[LOAD], 95thPercentileLatency(ns), 127794675711
[LOAD], 99thPercentileLatency(ns), 127794675711
[USED_MEM_MB], Operations, 28
[USED_MEM_MB], AverageLatency(ns), 2948.75
[USED_MEM_MB], MinLatency(ns), 48
[USED_MEM_MB], MaxLatency(ns), 6118
[USED_MEM_MB], 95thPercentileLatency(ns), 5944
[USED_MEM_MB], 99thPercentileLatency(ns), 6118
[MAIN_GCs_Count], Operations, 1
[MAIN_GCs_Count], AverageLatency(ns), 59.0
[MAIN_GCs_Count], MinLatency(ns), 59
[MAIN_GCs_Count], MaxLatency(ns), 59
[MAIN_GCs_Count], 95thPercentileLatency(ns), 59
[MAIN_GCs_Count], 99thPercentileLatency(ns), 59
[MAIN_GCs_Time(ms)], Operations, 1
[MAIN_GCs_Time(ms)], AverageLatency(ns), 4824.0
[MAIN_GCs_Time(ms)], MinLatency(ns), 4824
[MAIN_GCs_Time(ms)], MaxLatency(ns), 4824
[MAIN_GCs_Time(ms)], 95thPercentileLatency(ns), 4824
[MAIN_GCs_Time(ms)], 99thPercentileLatency(ns), 4824
[TRANSACTION], Operations, 1
[TRANSACTION], AverageLatency(ns), 1.37142992896E11
[TRANSACTION], MinLatency(ns), 137142730752
[TRANSACTION], MaxLatency(ns), 137143255039
[TRANSACTION], 95thPercentileLatency(ns), 137143255039
[TRANSACTION], 99thPercentileLatency(ns), 137143255039
[GCS_TIME], Operations, 28
[GCS_TIME], AverageLatency(ns), 434.2857142857143
[GCS_TIME], MinLatency(ns), 0
[GCS_TIME], MaxLatency(ns), 725
[GCS_TIME], 95thPercentileLatency(ns), 724
[GCS_TIME], 99thPercentileLatency(ns), 725
[LOAD_GCs_Time(ms)], Operations, 1
[LOAD_GCs_Time(ms)], AverageLatency(ns), 7309.0
[LOAD_GCs_Time(ms)], MinLatency(ns), 7309
[LOAD_GCs_Time(ms)], MaxLatency(ns), 7309
[LOAD_GCs_Time(ms)], 95thPercentileLatency(ns), 7309
[LOAD_GCs_Time(ms)], 99thPercentileLatency(ns), 7309
[READ], Operations, 3000000
[READ], AverageLatency(ns), 22484.874483333333
[READ], MinLatency(ns), 231
[READ], MaxLatency(ns), 145475583
[READ], 95thPercentileLatency(ns), 42499
[READ], 99thPercentileLatency(ns), 46414
[READ], Return=OK, 3000000
[INIT], Operations, 1
[INIT], AverageLatency(ns), 6.58847744E8
[INIT], MinLatency(ns), 658845696
[INIT], MaxLatency(ns), 658849791
[INIT], 95thPercentileLatency(ns), 658849791
[INIT], 99thPercentileLatency(ns), 658849791
[GCS], Operations, 28
[GCS], AverageLatency(ns), 25.142857142857142
[GCS], MinLatency(ns), 0
[GCS], MaxLatency(ns), 63
[GCS], 95thPercentileLatency(ns), 61
[GCS], 99thPercentileLatency(ns), 63
[LOAD_GCs_Count], Operations, 1
[LOAD_GCs_Count], AverageLatency(ns), 643.0
[LOAD_GCs_Count], MinLatency(ns), 643
[LOAD_GCs_Count], MaxLatency(ns), 643
[LOAD_GCs_Count], 95thPercentileLatency(ns), 643
[LOAD_GCs_Count], 99thPercentileLatency(ns), 643
[CLEANUP], Operations, 1
[CLEANUP], AverageLatency(ns), 17192.0
[CLEANUP], MinLatency(ns), 17192
[CLEANUP], MaxLatency(ns), 17192
[CLEANUP], 95thPercentileLatency(ns), 17192
[CLEANUP], 99thPercentileLatency(ns), 17192
[INSERT], Operations, 1000000
[INSERT], AverageLatency(ns), 38583.811372
[INSERT], MinLatency(ns), 29941
[INSERT], MaxLatency(ns), 105185791
[INSERT], 95thPercentileLatency(ns), 45909
[INSERT], 99thPercentileLatency(ns), 60480
[INSERT], Return=OK, 1000000
[UPDATE], Operations, 1500717
[UPDATE], AverageLatency(ns), 35858.534571808006
[UPDATE], MinLatency(ns), 28764
[UPDATE], MaxLatency(ns), 165746687
[UPDATE], 95thPercentileLatency(ns), 38421
[UPDATE], 99thPercentileLatency(ns), 43813
[UPDATE], Return=OK, 1500717
