/home/anatole/jdk8u/build/linux-x86_64-normal-server-release/jdk/bin/java -Xmx40g -XX:+UseG1GC -classpath /home/anatole/ycsb/conf:/home/anatole/ycsb/core/target/core-0.18.0-SNAPSHOT.jar:/home/anatole/ycsb/core/target/dependency/HdrHistogram-2.1.4.jar:/home/anatole/ycsb/core/target/dependency/guava-18.0.jar:/home/anatole/ycsb/core/target/dependency/htrace-core4-4.1.0-incubating.jar:/home/anatole/ycsb/core/target/dependency/jackson-core-asl-1.9.4.jar:/home/anatole/ycsb/core/target/dependency/jackson-mapper-asl-1.9.4.jar:/home/anatole/ycsb/core/target/dependency/javax.persistence-api-2.2.jar:/home/anatole/ycsb/core/target/dependency/jnvm-1.0-SNAPSHOT.jar:/home/anatole/ycsb/core/target/dependency/pcj-1.0.jar:/home/anatole/ycsb/core/target/dependency/unsafe-helper-1.0.jar:/home/anatole/ycsb/infinispan/src/main/conf:/home/anatole/ycsb/infinispan/target/infinispan-binding-0.18.0-SNAPSHOT.jar:/home/anatole/ycsb/infinispan/target/dependency/caffeine-2.6.2.jar:/home/anatole/ycsb/infinispan/target/dependency/gson-2.8.2.jar:/home/anatole/ycsb/infinispan/target/dependency/guava-18.0.jar:/home/anatole/ycsb/infinispan/target/dependency/infinispan-cachestore-jnvm-1.0-SNAPSHOT.jar:/home/anatole/ycsb/infinispan/target/dependency/infinispan-cachestore-pcj-1.0-SNAPSHOT.jar:/home/anatole/ycsb/infinispan/target/dependency/infinispan-client-hotrod-9.4.20.Final.jar:/home/anatole/ycsb/infinispan/target/dependency/infinispan-commons-9.4.20.Final.jar:/home/anatole/ycsb/infinispan/target/dependency/infinispan-core-9.4.20.Final.jar:/home/anatole/ycsb/infinispan/target/dependency/infinispan-persistence-soft-index-9.4.20.Final.jar:/home/anatole/ycsb/infinispan/target/dependency/javax.persistence-api-2.2.jar:/home/anatole/ycsb/infinispan/target/dependency/jboss-logging-3.3.2.Final.jar:/home/anatole/ycsb/infinispan/target/dependency/jboss-marshalling-osgi-2.0.6.Final.jar:/home/anatole/ycsb/infinispan/target/dependency/jboss-transaction-api_1.2_spec-1.1.1.Final.jar:/home/anatole/ycsb/infinispan/target/dependency/jgroups-4.0.21.Final.jar:/home/anatole/ycsb/infinispan/target/dependency/jnvm-1.0-SNAPSHOT.jar:/home/anatole/ycsb/infinispan/target/dependency/metainf-services-1.7.jar:/home/anatole/ycsb/infinispan/target/dependency/netty-buffer-4.1.51.Final.jar:/home/anatole/ycsb/infinispan/target/dependency/netty-codec-4.1.51.Final.jar:/home/anatole/ycsb/infinispan/target/dependency/netty-common-4.1.51.Final.jar:/home/anatole/ycsb/infinispan/target/dependency/netty-handler-4.1.51.Final.jar:/home/anatole/ycsb/infinispan/target/dependency/netty-resolver-4.1.51.Final.jar:/home/anatole/ycsb/infinispan/target/dependency/netty-transport-4.1.51.Final.jar:/home/anatole/ycsb/infinispan/target/dependency/netty-transport-native-epoll-4.1.51.Final-linux-x86_64.jar:/home/anatole/ycsb/infinispan/target/dependency/netty-transport-native-unix-common-4.1.51.Final.jar:/home/anatole/ycsb/infinispan/target/dependency/pcj-1.0.jar:/home/anatole/ycsb/infinispan/target/dependency/reactive-streams-1.0.2.jar:/home/anatole/ycsb/infinispan/target/dependency/rxjava-2.2.4.jar:/home/anatole/ycsb/infinispan/target/dependency/unsafe-helper-1.0.jar site.ycsb.Client -t -db site.ycsb.db.InfinispanClient -P ../workloads/workloadf -preload -s -threads 1 -p dataintegrity=true -p offheap=false -p recordcount=1000000 -p operationcount=3000000 -p fieldcount=10 -p fieldlength=200 -p requestdistribution=zipfian -p measurement.trackjvm=true -p measurementtype=hdrhistogram -p hdrhistogram.output.path=./out/exp7.marshalling.ref/log/infinispan.run.workloadf.true.1000000.1000000.10.200.zipfian.1.false.true.default.default.tmpfs.r4.hdr.log
[OVERALL], RunTime(ms), 110938
[OVERALL], Throughput(ops/sec), 36056.175521462435
[TOTAL_GCS_G1_Young_Generation], Count, 76
[TOTAL_GC_TIME_G1_Young_Generation], Time(ms), 5422
[TOTAL_GC_TIME_%_G1_Young_Generation], Time(%), 4.887414591934233
[TOTAL_GCS_G1_Old_Generation], Count, 0
[TOTAL_GC_TIME_G1_Old_Generation], Time(ms), 0
[TOTAL_GC_TIME_%_G1_Old_Generation], Time(%), 0.0
[TOTAL_GCs], Count, 76
[TOTAL_GC_TIME], Time(ms), 5422
[TOTAL_GC_TIME_%], Time(%), 4.887414591934233
[MAX_MEM_USED], MBs, 12306
[MIN_MEM_USED], MBs, 54
[MAX_THREADS], Count, 7
[MIN_THREADS], Count, 3
[MAX_SYS_LOAD_AVG], Load, 5.23
[MIN_SYS_LOAD_AVG], Load, 2.28
[THREAD_COUNT], Operations, 13
[THREAD_COUNT], AverageLatency(ns), 6.230769230769231
[THREAD_COUNT], MinLatency(ns), 3
[THREAD_COUNT], MaxLatency(ns), 7
[THREAD_COUNT], 95thPercentileLatency(ns), 7
[THREAD_COUNT], 99thPercentileLatency(ns), 7
[SYS_LOAD_AVG], Operations, 13
[SYS_LOAD_AVG], AverageLatency(ns), 3.076923076923077
[SYS_LOAD_AVG], MinLatency(ns), 2
[SYS_LOAD_AVG], MaxLatency(ns), 5
[SYS_LOAD_AVG], 95thPercentileLatency(ns), 4
[SYS_LOAD_AVG], 99thPercentileLatency(ns), 5
[READ-MODIFY-WRITE], Operations, 1500629
[READ-MODIFY-WRITE], AverageLatency(ns), 30442.887881015227
[READ-MODIFY-WRITE], MinLatency(ns), 22753
[READ-MODIFY-WRITE], MaxLatency(ns), 162171903
[READ-MODIFY-WRITE], 95thPercentileLatency(ns), 32887
[READ-MODIFY-WRITE], 99thPercentileLatency(ns), 38570
[LOAD], Operations, 1
[LOAD], AverageLatency(ns), 5.7453182976E10
[LOAD], MinLatency(ns), 57453051904
[LOAD], MaxLatency(ns), 57453314047
[LOAD], 95thPercentileLatency(ns), 57453314047
[LOAD], 99thPercentileLatency(ns), 57453314047
[USED_MEM_MB], Operations, 13
[USED_MEM_MB], AverageLatency(ns), 7361.692307692308
[USED_MEM_MB], MinLatency(ns), 54
[USED_MEM_MB], MaxLatency(ns), 12306
[USED_MEM_MB], 95thPercentileLatency(ns), 11851
[USED_MEM_MB], 99thPercentileLatency(ns), 12306
[MAIN_GCs_Count], Operations, 1
[MAIN_GCs_Count], AverageLatency(ns), 9.0
[MAIN_GCs_Count], MinLatency(ns), 9
[MAIN_GCs_Count], MaxLatency(ns), 9
[MAIN_GCs_Count], 95thPercentileLatency(ns), 9
[MAIN_GCs_Count], 99thPercentileLatency(ns), 9
[MAIN_GCs_Time(ms)], Operations, 1
[MAIN_GCs_Time(ms)], AverageLatency(ns), 1289.0
[MAIN_GCs_Time(ms)], MinLatency(ns), 1289
[MAIN_GCs_Time(ms)], MaxLatency(ns), 1289
[MAIN_GCs_Time(ms)], 95thPercentileLatency(ns), 1289
[MAIN_GCs_Time(ms)], 99thPercentileLatency(ns), 1289
[TRANSACTION], Operations, 1
[TRANSACTION], AverageLatency(ns), 5.2770766848E10
[TRANSACTION], MinLatency(ns), 52770635776
[TRANSACTION], MaxLatency(ns), 52770897919
[TRANSACTION], 95thPercentileLatency(ns), 52770897919
[TRANSACTION], 99thPercentileLatency(ns), 52770897919
[GCS_TIME], Operations, 13
[GCS_TIME], AverageLatency(ns), 417.0769230769231
[GCS_TIME], MinLatency(ns), 0
[GCS_TIME], MaxLatency(ns), 929
[GCS_TIME], 95thPercentileLatency(ns), 896
[GCS_TIME], 99thPercentileLatency(ns), 929
[LOAD_GCs_Time(ms)], Operations, 1
[LOAD_GCs_Time(ms)], AverageLatency(ns), 4101.0
[LOAD_GCs_Time(ms)], MinLatency(ns), 4101
[LOAD_GCs_Time(ms)], MaxLatency(ns), 4101
[LOAD_GCs_Time(ms)], 95thPercentileLatency(ns), 4101
[LOAD_GCs_Time(ms)], 99thPercentileLatency(ns), 4101
[READ], Operations, 3000000
[READ], AverageLatency(ns), 661.4866783333333
[READ], MinLatency(ns), 181
[READ], MaxLatency(ns), 1567279
[READ], 95thPercentileLatency(ns), 1563
[READ], 99thPercentileLatency(ns), 2369
[READ], Return=OK, 3000000
[INIT], Operations, 1
[INIT], AverageLatency(ns), 6.57700864E8
[INIT], MinLatency(ns), 657698816
[INIT], MaxLatency(ns), 657702911
[INIT], 95thPercentileLatency(ns), 657702911
[INIT], 99thPercentileLatency(ns), 657702911
[GCS], Operations, 13
[GCS], AverageLatency(ns), 5.846153846153846
[GCS], MinLatency(ns), 0
[GCS], MaxLatency(ns), 30
[GCS], 95thPercentileLatency(ns), 12
[GCS], 99thPercentileLatency(ns), 30
[LOAD_GCs_Count], Operations, 1
[LOAD_GCs_Count], AverageLatency(ns), 65.0
[LOAD_GCs_Count], MinLatency(ns), 65
[LOAD_GCs_Count], MaxLatency(ns), 65
[LOAD_GCs_Count], 95thPercentileLatency(ns), 65
[LOAD_GCs_Count], 99thPercentileLatency(ns), 65
[CLEANUP], Operations, 1
[CLEANUP], AverageLatency(ns), 15687.0
[CLEANUP], MinLatency(ns), 15687
[CLEANUP], MaxLatency(ns), 15687
[CLEANUP], 95thPercentileLatency(ns), 15687
[CLEANUP], 99thPercentileLatency(ns), 15687
[INSERT], Operations, 1000000
[INSERT], AverageLatency(ns), 28254.265578
[INSERT], MinLatency(ns), 22187
[INSERT], MaxLatency(ns), 169092095
[INSERT], 95thPercentileLatency(ns), 31672
[INSERT], 99thPercentileLatency(ns), 45692
[INSERT], Return=OK, 1000000
[UPDATE], Operations, 1500629
[UPDATE], AverageLatency(ns), 29387.815806571776
[UPDATE], MinLatency(ns), 22123
[UPDATE], MaxLatency(ns), 149429247
[UPDATE], 95thPercentileLatency(ns), 31731
[UPDATE], 99thPercentileLatency(ns), 37167
[UPDATE], Return=OK, 1500629
