/home/anatole/jdk8u/build/linux-x86_64-normal-server-release/jdk/bin/java -Xmx20g -XX:+UseG1GC -classpath /home/anatole/ycsb/conf:/home/anatole/ycsb/core/target/core-0.18.0-SNAPSHOT.jar:/home/anatole/ycsb/core/target/dependency/HdrHistogram-2.1.4.jar:/home/anatole/ycsb/core/target/dependency/guava-18.0.jar:/home/anatole/ycsb/core/target/dependency/htrace-core4-4.1.0-incubating.jar:/home/anatole/ycsb/core/target/dependency/jackson-core-asl-1.9.4.jar:/home/anatole/ycsb/core/target/dependency/jackson-mapper-asl-1.9.4.jar:/home/anatole/ycsb/core/target/dependency/javax.persistence-api-2.2.jar:/home/anatole/ycsb/core/target/dependency/jnvm-1.0-SNAPSHOT.jar:/home/anatole/ycsb/core/target/dependency/pcj-1.0.jar:/home/anatole/ycsb/core/target/dependency/unsafe-helper-1.0.jar:/home/anatole/ycsb/infinispan/src/main/conf:/home/anatole/ycsb/infinispan/target/infinispan-binding-0.18.0-SNAPSHOT.jar:/home/anatole/ycsb/infinispan/target/dependency/caffeine-2.6.2.jar:/home/anatole/ycsb/infinispan/target/dependency/gson-2.8.2.jar:/home/anatole/ycsb/infinispan/target/dependency/guava-18.0.jar:/home/anatole/ycsb/infinispan/target/dependency/infinispan-cachestore-jnvm-1.0-SNAPSHOT.jar:/home/anatole/ycsb/infinispan/target/dependency/infinispan-cachestore-pcj-1.0-SNAPSHOT.jar:/home/anatole/ycsb/infinispan/target/dependency/infinispan-client-hotrod-9.4.20.Final.jar:/home/anatole/ycsb/infinispan/target/dependency/infinispan-commons-9.4.20.Final.jar:/home/anatole/ycsb/infinispan/target/dependency/infinispan-core-9.4.20.Final.jar:/home/anatole/ycsb/infinispan/target/dependency/infinispan-persistence-soft-index-9.4.20.Final.jar:/home/anatole/ycsb/infinispan/target/dependency/javax.persistence-api-2.2.jar:/home/anatole/ycsb/infinispan/target/dependency/jboss-logging-3.3.2.Final.jar:/home/anatole/ycsb/infinispan/target/dependency/jboss-marshalling-osgi-2.0.6.Final.jar:/home/anatole/ycsb/infinispan/target/dependency/jboss-transaction-api_1.2_spec-1.1.1.Final.jar:/home/anatole/ycsb/infinispan/target/dependency/jgroups-4.0.21.Final.jar:/home/anatole/ycsb/infinispan/target/dependency/jnvm-1.0-SNAPSHOT.jar:/home/anatole/ycsb/infinispan/target/dependency/metainf-services-1.7.jar:/home/anatole/ycsb/infinispan/target/dependency/netty-buffer-4.1.51.Final.jar:/home/anatole/ycsb/infinispan/target/dependency/netty-codec-4.1.51.Final.jar:/home/anatole/ycsb/infinispan/target/dependency/netty-common-4.1.51.Final.jar:/home/anatole/ycsb/infinispan/target/dependency/netty-handler-4.1.51.Final.jar:/home/anatole/ycsb/infinispan/target/dependency/netty-resolver-4.1.51.Final.jar:/home/anatole/ycsb/infinispan/target/dependency/netty-transport-4.1.51.Final.jar:/home/anatole/ycsb/infinispan/target/dependency/netty-transport-native-epoll-4.1.51.Final-linux-x86_64.jar:/home/anatole/ycsb/infinispan/target/dependency/netty-transport-native-unix-common-4.1.51.Final.jar:/home/anatole/ycsb/infinispan/target/dependency/pcj-1.0.jar:/home/anatole/ycsb/infinispan/target/dependency/reactive-streams-1.0.2.jar:/home/anatole/ycsb/infinispan/target/dependency/rxjava-2.2.4.jar:/home/anatole/ycsb/infinispan/target/dependency/unsafe-helper-1.0.jar site.ycsb.Client -t -db site.ycsb.db.InfinispanClient -P ../workloads/workloadf -preload -s -threads 1 -p dataintegrity=true -p offheap=false -p recordcount=1000000 -p operationcount=3000000 -p fieldcount=10 -p fieldlength=300 -p requestdistribution=zipfian -p measurement.trackjvm=true -p measurementtype=hdrhistogram -p hdrhistogram.output.path=./out/exp7.marshalling.ref/log/infinispan.run.workloadf.true.1000000.100000.10.300.zipfian.1.false.true.default.default.tmpfs.r1.hdr.log
[OVERALL], RunTime(ms), 209374
[OVERALL], Throughput(ops/sec), 19104.568857642305
[TOTAL_GCS_G1_Young_Generation], Count, 308
[TOTAL_GC_TIME_G1_Young_Generation], Time(ms), 7605
[TOTAL_GC_TIME_%_G1_Young_Generation], Time(%), 3.6322561540592435
[TOTAL_GCS_G1_Old_Generation], Count, 0
[TOTAL_GC_TIME_G1_Old_Generation], Time(ms), 0
[TOTAL_GC_TIME_%_G1_Old_Generation], Time(%), 0.0
[TOTAL_GCs], Count, 308
[TOTAL_GC_TIME], Time(ms), 7605
[TOTAL_GC_TIME_%], Time(%), 3.6322561540592435
[MAX_MEM_USED], MBs, 5708
[MIN_MEM_USED], MBs, 48
[MAX_THREADS], Count, 7
[MIN_THREADS], Count, 3
[MAX_SYS_LOAD_AVG], Load, 4.72
[MIN_SYS_LOAD_AVG], Load, 1.23
[THREAD_COUNT], Operations, 22
[THREAD_COUNT], AverageLatency(ns), 5.863636363636363
[THREAD_COUNT], MinLatency(ns), 3
[THREAD_COUNT], MaxLatency(ns), 7
[THREAD_COUNT], 95thPercentileLatency(ns), 7
[THREAD_COUNT], 99thPercentileLatency(ns), 7
[SYS_LOAD_AVG], Operations, 22
[SYS_LOAD_AVG], AverageLatency(ns), 2.6818181818181817
[SYS_LOAD_AVG], MinLatency(ns), 1
[SYS_LOAD_AVG], MaxLatency(ns), 4
[SYS_LOAD_AVG], 95thPercentileLatency(ns), 4
[SYS_LOAD_AVG], 99thPercentileLatency(ns), 4
[READ-MODIFY-WRITE], Operations, 1499496
[READ-MODIFY-WRITE], AverageLatency(ns), 54504.27565995508
[READ-MODIFY-WRITE], MinLatency(ns), 26548
[READ-MODIFY-WRITE], MaxLatency(ns), 160545791
[READ-MODIFY-WRITE], 95thPercentileLatency(ns), 72335
[READ-MODIFY-WRITE], 99thPercentileLatency(ns), 79398
[LOAD], Operations, 1
[LOAD], AverageLatency(ns), 8.548646912E10
[LOAD], MinLatency(ns), 85486206976
[LOAD], MaxLatency(ns), 85486731263
[LOAD], 95thPercentileLatency(ns), 85486731263
[LOAD], 99thPercentileLatency(ns), 85486731263
[USED_MEM_MB], Operations, 22
[USED_MEM_MB], AverageLatency(ns), 2658.909090909091
[USED_MEM_MB], MinLatency(ns), 48
[USED_MEM_MB], MaxLatency(ns), 5708
[USED_MEM_MB], 95thPercentileLatency(ns), 4551
[USED_MEM_MB], 99thPercentileLatency(ns), 5708
[MAIN_GCs_Count], Operations, 1
[MAIN_GCs_Count], AverageLatency(ns), 47.0
[MAIN_GCs_Count], MinLatency(ns), 47
[MAIN_GCs_Count], MaxLatency(ns), 47
[MAIN_GCs_Count], 95thPercentileLatency(ns), 47
[MAIN_GCs_Count], 99thPercentileLatency(ns), 47
[MAIN_GCs_Time(ms)], Operations, 1
[MAIN_GCs_Time(ms)], AverageLatency(ns), 3890.0
[MAIN_GCs_Time(ms)], MinLatency(ns), 3890
[MAIN_GCs_Time(ms)], MaxLatency(ns), 3890
[MAIN_GCs_Time(ms)], 95thPercentileLatency(ns), 3890
[MAIN_GCs_Time(ms)], 99thPercentileLatency(ns), 3890
[TRANSACTION], Operations, 1
[TRANSACTION], AverageLatency(ns), 1.23159707648E11
[TRANSACTION], MinLatency(ns), 123159445504
[TRANSACTION], MaxLatency(ns), 123159969791
[TRANSACTION], 95thPercentileLatency(ns), 123159969791
[TRANSACTION], 99thPercentileLatency(ns), 123159969791
[GCS_TIME], Operations, 22
[GCS_TIME], AverageLatency(ns), 345.6818181818182
[GCS_TIME], MinLatency(ns), 0
[GCS_TIME], MaxLatency(ns), 766
[GCS_TIME], 95thPercentileLatency(ns), 562
[GCS_TIME], 99thPercentileLatency(ns), 766
[LOAD_GCs_Time(ms)], Operations, 1
[LOAD_GCs_Time(ms)], AverageLatency(ns), 3682.0
[LOAD_GCs_Time(ms)], MinLatency(ns), 3682
[LOAD_GCs_Time(ms)], MaxLatency(ns), 3682
[LOAD_GCs_Time(ms)], 95thPercentileLatency(ns), 3682
[LOAD_GCs_Time(ms)], 99thPercentileLatency(ns), 3682
[READ], Operations, 3000000
[READ], AverageLatency(ns), 21180.420578
[READ], MinLatency(ns), 223
[READ], MaxLatency(ns), 148547583
[READ], 95thPercentileLatency(ns), 40382
[READ], 99thPercentileLatency(ns), 44188
[READ], Return=OK, 3000000
[INIT], Operations, 1
[INIT], AverageLatency(ns), 6.5727488E8
[INIT], MinLatency(ns), 657272832
[INIT], MaxLatency(ns), 657276927
[INIT], 95thPercentileLatency(ns), 657276927
[INIT], 99thPercentileLatency(ns), 657276927
[GCS], Operations, 22
[GCS], AverageLatency(ns), 14.0
[GCS], MinLatency(ns), 0
[GCS], MaxLatency(ns), 35
[GCS], 95thPercentileLatency(ns), 34
[GCS], 99thPercentileLatency(ns), 35
[LOAD_GCs_Count], Operations, 1
[LOAD_GCs_Count], AverageLatency(ns), 259.0
[LOAD_GCs_Count], MinLatency(ns), 259
[LOAD_GCs_Count], MaxLatency(ns), 259
[LOAD_GCs_Count], 95thPercentileLatency(ns), 259
[LOAD_GCs_Count], 99thPercentileLatency(ns), 259
[CLEANUP], Operations, 1
[CLEANUP], AverageLatency(ns), 22564.0
[CLEANUP], MinLatency(ns), 22564
[CLEANUP], MaxLatency(ns), 22564
[CLEANUP], 95thPercentileLatency(ns), 22564
[CLEANUP], 99thPercentileLatency(ns), 22564
[INSERT], Operations, 1000000
[INSERT], AverageLatency(ns), 34190.519611
[INSERT], MinLatency(ns), 26675
[INSERT], MaxLatency(ns), 67261439
[INSERT], 95thPercentileLatency(ns), 40271
[INSERT], 99thPercentileLatency(ns), 53827
[INSERT], Return=OK, 1000000
[UPDATE], Operations, 1499496
[UPDATE], AverageLatency(ns), 32467.473411733008
[UPDATE], MinLatency(ns), 25785
[UPDATE], MaxLatency(ns), 143593471
[UPDATE], 95thPercentileLatency(ns), 34526
[UPDATE], 99thPercentileLatency(ns), 39366
[UPDATE], Return=OK, 1499496
