/home/anatole/jdk8u/build/linux-x86_64-normal-server-release/jdk/bin/java -Xmx40g -XX:+UseG1GC -classpath /home/anatole/ycsb/conf:/home/anatole/ycsb/core/target/core-0.18.0-SNAPSHOT.jar:/home/anatole/ycsb/core/target/dependency/HdrHistogram-2.1.4.jar:/home/anatole/ycsb/core/target/dependency/guava-18.0.jar:/home/anatole/ycsb/core/target/dependency/htrace-core4-4.1.0-incubating.jar:/home/anatole/ycsb/core/target/dependency/jackson-core-asl-1.9.4.jar:/home/anatole/ycsb/core/target/dependency/jackson-mapper-asl-1.9.4.jar:/home/anatole/ycsb/core/target/dependency/javax.persistence-api-2.2.jar:/home/anatole/ycsb/core/target/dependency/jnvm-1.0-SNAPSHOT.jar:/home/anatole/ycsb/core/target/dependency/pcj-1.0.jar:/home/anatole/ycsb/core/target/dependency/unsafe-helper-1.0.jar:/home/anatole/ycsb/infinispan/src/main/conf:/home/anatole/ycsb/infinispan/target/infinispan-binding-0.18.0-SNAPSHOT.jar:/home/anatole/ycsb/infinispan/target/dependency/caffeine-2.6.2.jar:/home/anatole/ycsb/infinispan/target/dependency/gson-2.8.2.jar:/home/anatole/ycsb/infinispan/target/dependency/guava-18.0.jar:/home/anatole/ycsb/infinispan/target/dependency/infinispan-cachestore-jnvm-1.0-SNAPSHOT.jar:/home/anatole/ycsb/infinispan/target/dependency/infinispan-cachestore-pcj-1.0-SNAPSHOT.jar:/home/anatole/ycsb/infinispan/target/dependency/infinispan-client-hotrod-9.4.20.Final.jar:/home/anatole/ycsb/infinispan/target/dependency/infinispan-commons-9.4.20.Final.jar:/home/anatole/ycsb/infinispan/target/dependency/infinispan-core-9.4.20.Final.jar:/home/anatole/ycsb/infinispan/target/dependency/infinispan-persistence-soft-index-9.4.20.Final.jar:/home/anatole/ycsb/infinispan/target/dependency/javax.persistence-api-2.2.jar:/home/anatole/ycsb/infinispan/target/dependency/jboss-logging-3.3.2.Final.jar:/home/anatole/ycsb/infinispan/target/dependency/jboss-marshalling-osgi-2.0.6.Final.jar:/home/anatole/ycsb/infinispan/target/dependency/jboss-transaction-api_1.2_spec-1.1.1.Final.jar:/home/anatole/ycsb/infinispan/target/dependency/jgroups-4.0.21.Final.jar:/home/anatole/ycsb/infinispan/target/dependency/jnvm-1.0-SNAPSHOT.jar:/home/anatole/ycsb/infinispan/target/dependency/metainf-services-1.7.jar:/home/anatole/ycsb/infinispan/target/dependency/netty-buffer-4.1.51.Final.jar:/home/anatole/ycsb/infinispan/target/dependency/netty-codec-4.1.51.Final.jar:/home/anatole/ycsb/infinispan/target/dependency/netty-common-4.1.51.Final.jar:/home/anatole/ycsb/infinispan/target/dependency/netty-handler-4.1.51.Final.jar:/home/anatole/ycsb/infinispan/target/dependency/netty-resolver-4.1.51.Final.jar:/home/anatole/ycsb/infinispan/target/dependency/netty-transport-4.1.51.Final.jar:/home/anatole/ycsb/infinispan/target/dependency/netty-transport-native-epoll-4.1.51.Final-linux-x86_64.jar:/home/anatole/ycsb/infinispan/target/dependency/netty-transport-native-unix-common-4.1.51.Final.jar:/home/anatole/ycsb/infinispan/target/dependency/pcj-1.0.jar:/home/anatole/ycsb/infinispan/target/dependency/reactive-streams-1.0.2.jar:/home/anatole/ycsb/infinispan/target/dependency/rxjava-2.2.4.jar:/home/anatole/ycsb/infinispan/target/dependency/unsafe-helper-1.0.jar site.ycsb.Client -t -db site.ycsb.db.InfinispanClient -P ../workloads/workloadf -preload -s -threads 1 -p dataintegrity=true -p offheap=false -p recordcount=1000000 -p operationcount=3000000 -p fieldcount=10 -p fieldlength=600 -p requestdistribution=zipfian -p measurement.trackjvm=true -p measurementtype=hdrhistogram -p hdrhistogram.output.path=./out/exp7.marshalling.ref/log/infinispan.run.workloadf.true.1000000.1000000.10.600.zipfian.1.false.true.default.default.pmem0.r3.hdr.log
[OVERALL], RunTime(ms), 352952
[OVERALL], Throughput(ops/sec), 11332.98578843582
[TOTAL_GCS_G1_Young_Generation], Count, 827
[TOTAL_GC_TIME_G1_Young_Generation], Time(ms), 23704
[TOTAL_GC_TIME_%_G1_Young_Generation], Time(%), 6.715927378227067
[TOTAL_GCS_G1_Old_Generation], Count, 0
[TOTAL_GC_TIME_G1_Old_Generation], Time(ms), 0
[TOTAL_GC_TIME_%_G1_Old_Generation], Time(%), 0.0
[TOTAL_GCs], Count, 827
[TOTAL_GC_TIME], Time(ms), 23704
[TOTAL_GC_TIME_%], Time(%), 6.715927378227067
[MAX_MEM_USED], MBs, 16440
[MIN_MEM_USED], MBs, 52
[MAX_THREADS], Count, 7
[MIN_THREADS], Count, 3
[MAX_SYS_LOAD_AVG], Load, 6.01
[MIN_SYS_LOAD_AVG], Load, 2.91
[THREAD_COUNT], Operations, 37
[THREAD_COUNT], AverageLatency(ns), 5.513513513513513
[THREAD_COUNT], MinLatency(ns), 3
[THREAD_COUNT], MaxLatency(ns), 7
[THREAD_COUNT], 95thPercentileLatency(ns), 7
[THREAD_COUNT], 99thPercentileLatency(ns), 7
[SYS_LOAD_AVG], Operations, 37
[SYS_LOAD_AVG], AverageLatency(ns), 3.4324324324324325
[SYS_LOAD_AVG], MinLatency(ns), 2
[SYS_LOAD_AVG], MaxLatency(ns), 6
[SYS_LOAD_AVG], 95thPercentileLatency(ns), 5
[SYS_LOAD_AVG], 99thPercentileLatency(ns), 6
[READ-MODIFY-WRITE], Operations, 1501522
[READ-MODIFY-WRITE], AverageLatency(ns), 51420.098257634585
[READ-MODIFY-WRITE], MinLatency(ns), 36686
[READ-MODIFY-WRITE], MaxLatency(ns), 212986879
[READ-MODIFY-WRITE], 95thPercentileLatency(ns), 59271
[READ-MODIFY-WRITE], 99thPercentileLatency(ns), 64523
[LOAD], Operations, 1
[LOAD], AverageLatency(ns), 2.43040518144E11
[LOAD], MinLatency(ns), 243039993856
[LOAD], MaxLatency(ns), 243041042431
[LOAD], 95thPercentileLatency(ns), 243041042431
[LOAD], 99thPercentileLatency(ns), 243041042431
[USED_MEM_MB], Operations, 37
[USED_MEM_MB], AverageLatency(ns), 10762.567567567568
[USED_MEM_MB], MinLatency(ns), 52
[USED_MEM_MB], MaxLatency(ns), 16440
[USED_MEM_MB], 95thPercentileLatency(ns), 16282
[USED_MEM_MB], 99thPercentileLatency(ns), 16440
[MAIN_GCs_Count], Operations, 1
[MAIN_GCs_Count], AverageLatency(ns), 150.0
[MAIN_GCs_Count], MinLatency(ns), 150
[MAIN_GCs_Count], MaxLatency(ns), 150
[MAIN_GCs_Count], 95thPercentileLatency(ns), 150
[MAIN_GCs_Count], 99thPercentileLatency(ns), 150
[MAIN_GCs_Time(ms)], Operations, 1
[MAIN_GCs_Time(ms)], AverageLatency(ns), 6878.0
[MAIN_GCs_Time(ms)], MinLatency(ns), 6878
[MAIN_GCs_Time(ms)], MaxLatency(ns), 6878
[MAIN_GCs_Time(ms)], 95thPercentileLatency(ns), 6878
[MAIN_GCs_Time(ms)], 99thPercentileLatency(ns), 6878
[TRANSACTION], Operations, 1
[TRANSACTION], AverageLatency(ns), 1.0912923648E11
[TRANSACTION], MinLatency(ns), 109128974336
[TRANSACTION], MaxLatency(ns), 109129498623
[TRANSACTION], 95thPercentileLatency(ns), 109129498623
[TRANSACTION], 99thPercentileLatency(ns), 109129498623
[GCS_TIME], Operations, 37
[GCS_TIME], AverageLatency(ns), 640.6486486486486
[GCS_TIME], MinLatency(ns), 0
[GCS_TIME], MaxLatency(ns), 821
[GCS_TIME], 95thPercentileLatency(ns), 805
[GCS_TIME], 99thPercentileLatency(ns), 821
[LOAD_GCs_Time(ms)], Operations, 1
[LOAD_GCs_Time(ms)], AverageLatency(ns), 16739.0
[LOAD_GCs_Time(ms)], MinLatency(ns), 16739
[LOAD_GCs_Time(ms)], MaxLatency(ns), 16739
[LOAD_GCs_Time(ms)], 95thPercentileLatency(ns), 16739
[LOAD_GCs_Time(ms)], 99thPercentileLatency(ns), 16739
[READ], Operations, 3000000
[READ], AverageLatency(ns), 800.204394
[READ], MinLatency(ns), 216
[READ], MaxLatency(ns), 19834879
[READ], 95thPercentileLatency(ns), 1789
[READ], 99thPercentileLatency(ns), 2851
[READ], Return=OK, 3000000
[INIT], Operations, 1
[INIT], AverageLatency(ns), 6.70251008E8
[INIT], MinLatency(ns), 670248960
[INIT], MaxLatency(ns), 670253055
[INIT], 95thPercentileLatency(ns), 670253055
[INIT], 99thPercentileLatency(ns), 670253055
[GCS], Operations, 37
[GCS], AverageLatency(ns), 22.35135135135135
[GCS], MinLatency(ns), 0
[GCS], MaxLatency(ns), 47
[GCS], 95thPercentileLatency(ns), 44
[GCS], 99thPercentileLatency(ns), 47
[LOAD_GCs_Count], Operations, 1
[LOAD_GCs_Count], AverageLatency(ns), 673.0
[LOAD_GCs_Count], MinLatency(ns), 673
[LOAD_GCs_Count], MaxLatency(ns), 673
[LOAD_GCs_Count], 95thPercentileLatency(ns), 673
[LOAD_GCs_Count], 99thPercentileLatency(ns), 673
[CLEANUP], Operations, 1
[CLEANUP], AverageLatency(ns), 38875.0
[CLEANUP], MinLatency(ns), 38875
[CLEANUP], MaxLatency(ns), 38875
[CLEANUP], 95thPercentileLatency(ns), 38875
[CLEANUP], 99thPercentileLatency(ns), 38875
[INSERT], Operations, 1000000
[INSERT], AverageLatency(ns), 56185.193759
[INSERT], MinLatency(ns), 42144
[INSERT], MaxLatency(ns), 118339071
[INSERT], 95thPercentileLatency(ns), 62880
[INSERT], 99thPercentileLatency(ns), 78131
[INSERT], Return=OK, 1000000
[UPDATE], Operations, 1501522
[UPDATE], AverageLatency(ns), 49663.36339660691
[UPDATE], MinLatency(ns), 35953
[UPDATE], MaxLatency(ns), 135843839
[UPDATE], 95thPercentileLatency(ns), 57745
[UPDATE], 99thPercentileLatency(ns), 62831
[UPDATE], Return=OK, 1501522
