/home/anatole/jdk8u/build/linux-x86_64-normal-server-release/jdk/bin/java -Xmx20g -XX:+UseG1GC -classpath /home/anatole/ycsb/conf:/home/anatole/ycsb/core/target/core-0.18.0-SNAPSHOT.jar:/home/anatole/ycsb/core/target/dependency/HdrHistogram-2.1.4.jar:/home/anatole/ycsb/core/target/dependency/guava-18.0.jar:/home/anatole/ycsb/core/target/dependency/htrace-core4-4.1.0-incubating.jar:/home/anatole/ycsb/core/target/dependency/jackson-core-asl-1.9.4.jar:/home/anatole/ycsb/core/target/dependency/jackson-mapper-asl-1.9.4.jar:/home/anatole/ycsb/core/target/dependency/javax.persistence-api-2.2.jar:/home/anatole/ycsb/core/target/dependency/jnvm-1.0-SNAPSHOT.jar:/home/anatole/ycsb/core/target/dependency/pcj-1.0.jar:/home/anatole/ycsb/core/target/dependency/unsafe-helper-1.0.jar:/home/anatole/ycsb/infinispan/src/main/conf:/home/anatole/ycsb/infinispan/target/infinispan-binding-0.18.0-SNAPSHOT.jar:/home/anatole/ycsb/infinispan/target/dependency/caffeine-2.6.2.jar:/home/anatole/ycsb/infinispan/target/dependency/gson-2.8.2.jar:/home/anatole/ycsb/infinispan/target/dependency/guava-18.0.jar:/home/anatole/ycsb/infinispan/target/dependency/infinispan-cachestore-jnvm-1.0-SNAPSHOT.jar:/home/anatole/ycsb/infinispan/target/dependency/infinispan-cachestore-pcj-1.0-SNAPSHOT.jar:/home/anatole/ycsb/infinispan/target/dependency/infinispan-client-hotrod-9.4.20.Final.jar:/home/anatole/ycsb/infinispan/target/dependency/infinispan-commons-9.4.20.Final.jar:/home/anatole/ycsb/infinispan/target/dependency/infinispan-core-9.4.20.Final.jar:/home/anatole/ycsb/infinispan/target/dependency/infinispan-persistence-soft-index-9.4.20.Final.jar:/home/anatole/ycsb/infinispan/target/dependency/javax.persistence-api-2.2.jar:/home/anatole/ycsb/infinispan/target/dependency/jboss-logging-3.3.2.Final.jar:/home/anatole/ycsb/infinispan/target/dependency/jboss-marshalling-osgi-2.0.6.Final.jar:/home/anatole/ycsb/infinispan/target/dependency/jboss-transaction-api_1.2_spec-1.1.1.Final.jar:/home/anatole/ycsb/infinispan/target/dependency/jgroups-4.0.21.Final.jar:/home/anatole/ycsb/infinispan/target/dependency/jnvm-1.0-SNAPSHOT.jar:/home/anatole/ycsb/infinispan/target/dependency/metainf-services-1.7.jar:/home/anatole/ycsb/infinispan/target/dependency/netty-buffer-4.1.51.Final.jar:/home/anatole/ycsb/infinispan/target/dependency/netty-codec-4.1.51.Final.jar:/home/anatole/ycsb/infinispan/target/dependency/netty-common-4.1.51.Final.jar:/home/anatole/ycsb/infinispan/target/dependency/netty-handler-4.1.51.Final.jar:/home/anatole/ycsb/infinispan/target/dependency/netty-resolver-4.1.51.Final.jar:/home/anatole/ycsb/infinispan/target/dependency/netty-transport-4.1.51.Final.jar:/home/anatole/ycsb/infinispan/target/dependency/netty-transport-native-epoll-4.1.51.Final-linux-x86_64.jar:/home/anatole/ycsb/infinispan/target/dependency/netty-transport-native-unix-common-4.1.51.Final.jar:/home/anatole/ycsb/infinispan/target/dependency/pcj-1.0.jar:/home/anatole/ycsb/infinispan/target/dependency/reactive-streams-1.0.2.jar:/home/anatole/ycsb/infinispan/target/dependency/rxjava-2.2.4.jar:/home/anatole/ycsb/infinispan/target/dependency/unsafe-helper-1.0.jar site.ycsb.Client -t -db site.ycsb.db.InfinispanClient -P ../workloads/workloadf -preload -s -threads 1 -p dataintegrity=true -p offheap=false -p recordcount=1000000 -p operationcount=3000000 -p fieldcount=10 -p fieldlength=600 -p requestdistribution=zipfian -p measurement.trackjvm=true -p measurementtype=hdrhistogram -p hdrhistogram.output.path=./out/exp7.marshalling.ref/log/infinispan.run.workloadf.true.1000000.100000.10.600.zipfian.1.false.true.default.default.tmpfs.r4.hdr.log
[OVERALL], RunTime(ms), 379849
[OVERALL], Throughput(ops/sec), 10530.500277741945
[TOTAL_GCS_G1_Young_Generation], Count, 274
[TOTAL_GC_TIME_G1_Young_Generation], Time(ms), 11316
[TOTAL_GC_TIME_%_G1_Young_Generation], Time(%), 2.979078528573196
[TOTAL_GCS_G1_Old_Generation], Count, 0
[TOTAL_GC_TIME_G1_Old_Generation], Time(ms), 0
[TOTAL_GC_TIME_%_G1_Old_Generation], Time(%), 0.0
[TOTAL_GCs], Count, 274
[TOTAL_GC_TIME], Time(ms), 11316
[TOTAL_GC_TIME_%], Time(%), 2.979078528573196
[MAX_MEM_USED], MBs, 6184
[MIN_MEM_USED], MBs, 48
[MAX_THREADS], Count, 7
[MIN_THREADS], Count, 3
[MAX_SYS_LOAD_AVG], Load, 4.32
[MIN_SYS_LOAD_AVG], Load, 1.53
[THREAD_COUNT], Operations, 39
[THREAD_COUNT], AverageLatency(ns), 5.487179487179487
[THREAD_COUNT], MinLatency(ns), 3
[THREAD_COUNT], MaxLatency(ns), 7
[THREAD_COUNT], 95thPercentileLatency(ns), 7
[THREAD_COUNT], 99thPercentileLatency(ns), 7
[SYS_LOAD_AVG], Operations, 39
[SYS_LOAD_AVG], AverageLatency(ns), 1.8974358974358974
[SYS_LOAD_AVG], MinLatency(ns), 1
[SYS_LOAD_AVG], MaxLatency(ns), 4
[SYS_LOAD_AVG], 95thPercentileLatency(ns), 3
[SYS_LOAD_AVG], 99thPercentileLatency(ns), 4
[READ-MODIFY-WRITE], Operations, 1500184
[READ-MODIFY-WRITE], AverageLatency(ns), 67458.44700116785
[READ-MODIFY-WRITE], MinLatency(ns), 36254
[READ-MODIFY-WRITE], MaxLatency(ns), 249302015
[READ-MODIFY-WRITE], 95thPercentileLatency(ns), 89334
[READ-MODIFY-WRITE], 99thPercentileLatency(ns), 96939
[LOAD], Operations, 1
[LOAD], AverageLatency(ns), 2.11494109184E11
[LOAD], MinLatency(ns), 211493584896
[LOAD], MaxLatency(ns), 211494633471
[LOAD], 95thPercentileLatency(ns), 211494633471
[LOAD], 99thPercentileLatency(ns), 211494633471
[USED_MEM_MB], Operations, 39
[USED_MEM_MB], AverageLatency(ns), 4280.0
[USED_MEM_MB], MinLatency(ns), 48
[USED_MEM_MB], MaxLatency(ns), 6184
[USED_MEM_MB], 95thPercentileLatency(ns), 5948
[USED_MEM_MB], 99thPercentileLatency(ns), 6184
[MAIN_GCs_Count], Operations, 1
[MAIN_GCs_Count], AverageLatency(ns), 78.0
[MAIN_GCs_Count], MinLatency(ns), 78
[MAIN_GCs_Count], MaxLatency(ns), 78
[MAIN_GCs_Count], 95thPercentileLatency(ns), 78
[MAIN_GCs_Count], 99thPercentileLatency(ns), 78
[MAIN_GCs_Time(ms)], Operations, 1
[MAIN_GCs_Time(ms)], AverageLatency(ns), 6434.0
[MAIN_GCs_Time(ms)], MinLatency(ns), 6434
[MAIN_GCs_Time(ms)], MaxLatency(ns), 6434
[MAIN_GCs_Time(ms)], 95thPercentileLatency(ns), 6434
[MAIN_GCs_Time(ms)], 99thPercentileLatency(ns), 6434
[TRANSACTION], Operations, 1
[TRANSACTION], AverageLatency(ns), 1.67634272256E11
[TRANSACTION], MinLatency(ns), 167633747968
[TRANSACTION], MaxLatency(ns), 167634796543
[TRANSACTION], 95thPercentileLatency(ns), 167634796543
[TRANSACTION], 99thPercentileLatency(ns), 167634796543
[GCS_TIME], Operations, 39
[GCS_TIME], AverageLatency(ns), 290.15384615384613
[GCS_TIME], MinLatency(ns), 0
[GCS_TIME], MaxLatency(ns), 623
[GCS_TIME], 95thPercentileLatency(ns), 557
[GCS_TIME], 99thPercentileLatency(ns), 623
[LOAD_GCs_Time(ms)], Operations, 1
[LOAD_GCs_Time(ms)], AverageLatency(ns), 4861.0
[LOAD_GCs_Time(ms)], MinLatency(ns), 4861
[LOAD_GCs_Time(ms)], MaxLatency(ns), 4861
[LOAD_GCs_Time(ms)], 95thPercentileLatency(ns), 4861
[LOAD_GCs_Time(ms)], 99thPercentileLatency(ns), 4861
[READ], Operations, 3000000
[READ], AverageLatency(ns), 24876.577374
[READ], MinLatency(ns), 219
[READ], MaxLatency(ns), 154359807
[READ], 95thPercentileLatency(ns), 48427
[READ], 99thPercentileLatency(ns), 52272
[READ], Return=OK, 3000000
[INIT], Operations, 1
[INIT], AverageLatency(ns), 6.62898688E8
[INIT], MinLatency(ns), 662896640
[INIT], MaxLatency(ns), 662900735
[INIT], 95thPercentileLatency(ns), 662900735
[INIT], 99thPercentileLatency(ns), 662900735
[GCS], Operations, 39
[GCS], AverageLatency(ns), 7.0256410256410255
[GCS], MinLatency(ns), 0
[GCS], MaxLatency(ns), 43
[GCS], 95thPercentileLatency(ns), 22
[GCS], 99thPercentileLatency(ns), 43
[LOAD_GCs_Count], Operations, 1
[LOAD_GCs_Count], AverageLatency(ns), 195.0
[LOAD_GCs_Count], MinLatency(ns), 195
[LOAD_GCs_Count], MaxLatency(ns), 195
[LOAD_GCs_Count], 95thPercentileLatency(ns), 195
[LOAD_GCs_Count], 99thPercentileLatency(ns), 195
[CLEANUP], Operations, 1
[CLEANUP], AverageLatency(ns), 18392.0
[CLEANUP], MinLatency(ns), 18392
[CLEANUP], MaxLatency(ns), 18392
[CLEANUP], 95thPercentileLatency(ns), 18392
[CLEANUP], 99thPercentileLatency(ns), 18392
[INSERT], Operations, 1000000
[INSERT], AverageLatency(ns), 41273.590126
[INSERT], MinLatency(ns), 35340
[INSERT], MaxLatency(ns), 69710847
[INSERT], 95thPercentileLatency(ns), 43043
[INSERT], 99thPercentileLatency(ns), 56895
[INSERT], Return=OK, 1000000
[UPDATE], Operations, 1500184
[UPDATE], AverageLatency(ns), 41733.76583005818
[UPDATE], MinLatency(ns), 35351
[UPDATE], MaxLatency(ns), 148951039
[UPDATE], 95thPercentileLatency(ns), 44519
[UPDATE], 99thPercentileLatency(ns), 49937
[UPDATE], Return=OK, 1500184
