/home/anatole/jdk8u/build/linux-x86_64-normal-server-release/jdk/bin/java -Xmx100g -XX:+UseG1GC -XX:InitiatingHeapOccupancyPercent=15 -classpath /home/anatole/ycsb/conf:/home/anatole/ycsb/core/target/core-0.18.0-SNAPSHOT.jar:/home/anatole/ycsb/core/target/dependency/HdrHistogram-2.1.4.jar:/home/anatole/ycsb/core/target/dependency/guava-18.0.jar:/home/anatole/ycsb/core/target/dependency/htrace-core4-4.1.0-incubating.jar:/home/anatole/ycsb/core/target/dependency/jackson-core-asl-1.9.4.jar:/home/anatole/ycsb/core/target/dependency/jackson-mapper-asl-1.9.4.jar:/home/anatole/ycsb/core/target/dependency/javax.persistence-api-2.2.jar:/home/anatole/ycsb/core/target/dependency/jnvm-1.0-SNAPSHOT.jar:/home/anatole/ycsb/core/target/dependency/pcj-1.0.jar:/home/anatole/ycsb/core/target/dependency/unsafe-helper-1.0.jar:/home/anatole/ycsb/infinispan/src/main/conf:/home/anatole/ycsb/infinispan/target/infinispan-binding-0.18.0-SNAPSHOT.jar:/home/anatole/ycsb/infinispan/target/dependency/caffeine-2.6.2.jar:/home/anatole/ycsb/infinispan/target/dependency/gson-2.8.2.jar:/home/anatole/ycsb/infinispan/target/dependency/guava-18.0.jar:/home/anatole/ycsb/infinispan/target/dependency/infinispan-cachestore-jnvm-1.0-SNAPSHOT.jar:/home/anatole/ycsb/infinispan/target/dependency/infinispan-cachestore-pcj-1.0-SNAPSHOT.jar:/home/anatole/ycsb/infinispan/target/dependency/infinispan-client-hotrod-9.4.20.Final.jar:/home/anatole/ycsb/infinispan/target/dependency/infinispan-commons-9.4.20.Final.jar:/home/anatole/ycsb/infinispan/target/dependency/infinispan-core-9.4.20.Final.jar:/home/anatole/ycsb/infinispan/target/dependency/infinispan-persistence-soft-index-9.4.20.Final.jar:/home/anatole/ycsb/infinispan/target/dependency/javax.persistence-api-2.2.jar:/home/anatole/ycsb/infinispan/target/dependency/jboss-logging-3.3.2.Final.jar:/home/anatole/ycsb/infinispan/target/dependency/jboss-marshalling-osgi-2.0.6.Final.jar:/home/anatole/ycsb/infinispan/target/dependency/jboss-transaction-api_1.2_spec-1.1.1.Final.jar:/home/anatole/ycsb/infinispan/target/dependency/jgroups-4.0.21.Final.jar:/home/anatole/ycsb/infinispan/target/dependency/jnvm-1.0-SNAPSHOT.jar:/home/anatole/ycsb/infinispan/target/dependency/metainf-services-1.7.jar:/home/anatole/ycsb/infinispan/target/dependency/netty-buffer-4.1.51.Final.jar:/home/anatole/ycsb/infinispan/target/dependency/netty-codec-4.1.51.Final.jar:/home/anatole/ycsb/infinispan/target/dependency/netty-common-4.1.51.Final.jar:/home/anatole/ycsb/infinispan/target/dependency/netty-handler-4.1.51.Final.jar:/home/anatole/ycsb/infinispan/target/dependency/netty-resolver-4.1.51.Final.jar:/home/anatole/ycsb/infinispan/target/dependency/netty-transport-4.1.51.Final.jar:/home/anatole/ycsb/infinispan/target/dependency/netty-transport-native-epoll-4.1.51.Final-linux-x86_64.jar:/home/anatole/ycsb/infinispan/target/dependency/netty-transport-native-unix-common-4.1.51.Final.jar:/home/anatole/ycsb/infinispan/target/dependency/pcj-1.0.jar:/home/anatole/ycsb/infinispan/target/dependency/reactive-streams-1.0.2.jar:/home/anatole/ycsb/infinispan/target/dependency/rxjava-2.2.4.jar:/home/anatole/ycsb/infinispan/target/dependency/unsafe-helper-1.0.jar site.ycsb.Client -t -db site.ycsb.db.InfinispanClient -P ../workloads/workloadf -preload -s -threads 1 -p dataintegrity=true -p offheap=false -p recordcount=1000000 -p operationcount=3000000 -p fieldcount=10 -p fieldlength=700 -p requestdistribution=zipfian -p measurement.trackjvm=true -p measurementtype=hdrhistogram -p hdrhistogram.output.path=./out/exp7.marshalling.ref/log/infinispan.run.workloadf.true.1000000.1000000.10.700.zipfian.1.false.true.default.default.tmpfs.r6.hdr.log
[OVERALL], RunTime(ms), 400230
[OVERALL], Throughput(ops/sec), 9994.253304349999
[TOTAL_GCS_G1_Young_Generation], Count, 315
[TOTAL_GC_TIME_G1_Young_Generation], Time(ms), 15966
[TOTAL_GC_TIME_%_G1_Young_Generation], Time(%), 3.989206206431302
[TOTAL_GCS_G1_Old_Generation], Count, 0
[TOTAL_GC_TIME_G1_Old_Generation], Time(ms), 0
[TOTAL_GC_TIME_%_G1_Old_Generation], Time(%), 0.0
[TOTAL_GCs], Count, 315
[TOTAL_GC_TIME], Time(ms), 15966
[TOTAL_GC_TIME_%], Time(%), 3.989206206431302
[MAX_MEM_USED], MBs, 28221
[MIN_MEM_USED], MBs, 54
[MAX_THREADS], Count, 7
[MIN_THREADS], Count, 3
[MAX_SYS_LOAD_AVG], Load, 5.39
[MIN_SYS_LOAD_AVG], Load, 1.52
[THREAD_COUNT], Operations, 42
[THREAD_COUNT], AverageLatency(ns), 5.428571428571429
[THREAD_COUNT], MinLatency(ns), 3
[THREAD_COUNT], MaxLatency(ns), 7
[THREAD_COUNT], 95thPercentileLatency(ns), 7
[THREAD_COUNT], 99thPercentileLatency(ns), 7
[SYS_LOAD_AVG], Operations, 42
[SYS_LOAD_AVG], AverageLatency(ns), 2.857142857142857
[SYS_LOAD_AVG], MinLatency(ns), 1
[SYS_LOAD_AVG], MaxLatency(ns), 5
[SYS_LOAD_AVG], 95thPercentileLatency(ns), 4
[SYS_LOAD_AVG], 99thPercentileLatency(ns), 5
[READ-MODIFY-WRITE], Operations, 1502098
[READ-MODIFY-WRITE], AverageLatency(ns), 49380.51196726179
[READ-MODIFY-WRITE], MinLatency(ns), 35627
[READ-MODIFY-WRITE], MaxLatency(ns), 255689727
[READ-MODIFY-WRITE], 95thPercentileLatency(ns), 56808
[READ-MODIFY-WRITE], 99thPercentileLatency(ns), 65757
[LOAD], Operations, 1
[LOAD], AverageLatency(ns), 2.87180849152E11
[LOAD], MinLatency(ns), 287179800576
[LOAD], MaxLatency(ns), 287181897727
[LOAD], 95thPercentileLatency(ns), 287181897727
[LOAD], 99thPercentileLatency(ns), 287181897727
[USED_MEM_MB], Operations, 42
[USED_MEM_MB], AverageLatency(ns), 15907.857142857143
[USED_MEM_MB], MinLatency(ns), 54
[USED_MEM_MB], MaxLatency(ns), 28221
[USED_MEM_MB], 95thPercentileLatency(ns), 27929
[USED_MEM_MB], 99thPercentileLatency(ns), 28221
[MAIN_GCs_Count], Operations, 1
[MAIN_GCs_Count], AverageLatency(ns), 31.0
[MAIN_GCs_Count], MinLatency(ns), 31
[MAIN_GCs_Count], MaxLatency(ns), 31
[MAIN_GCs_Count], 95thPercentileLatency(ns), 31
[MAIN_GCs_Count], 99thPercentileLatency(ns), 31
[MAIN_GCs_Time(ms)], Operations, 1
[MAIN_GCs_Time(ms)], AverageLatency(ns), 2741.0
[MAIN_GCs_Time(ms)], MinLatency(ns), 2741
[MAIN_GCs_Time(ms)], MaxLatency(ns), 2741
[MAIN_GCs_Time(ms)], 95thPercentileLatency(ns), 2741
[MAIN_GCs_Time(ms)], 99thPercentileLatency(ns), 2741
[TRANSACTION], Operations, 1
[TRANSACTION], AverageLatency(ns), 1.12032219136E11
[TRANSACTION], MinLatency(ns), 112031956992
[TRANSACTION], MaxLatency(ns), 112032481279
[TRANSACTION], 95thPercentileLatency(ns), 112032481279
[TRANSACTION], 99thPercentileLatency(ns), 112032481279
[GCS_TIME], Operations, 42
[GCS_TIME], AverageLatency(ns), 380.14285714285717
[GCS_TIME], MinLatency(ns), 0
[GCS_TIME], MaxLatency(ns), 638
[GCS_TIME], 95thPercentileLatency(ns), 626
[GCS_TIME], 99thPercentileLatency(ns), 638
[LOAD_GCs_Time(ms)], Operations, 1
[LOAD_GCs_Time(ms)], AverageLatency(ns), 12949.0
[LOAD_GCs_Time(ms)], MinLatency(ns), 12949
[LOAD_GCs_Time(ms)], MaxLatency(ns), 12949
[LOAD_GCs_Time(ms)], 95thPercentileLatency(ns), 12949
[LOAD_GCs_Time(ms)], 99thPercentileLatency(ns), 12949
[READ], Operations, 3000000
[READ], AverageLatency(ns), 885.0825213333334
[READ], MinLatency(ns), 186
[READ], MaxLatency(ns), 17204607
[READ], 95thPercentileLatency(ns), 2612
[READ], 99thPercentileLatency(ns), 4734
[READ], Return=OK, 3000000
[INIT], Operations, 1
[INIT], AverageLatency(ns), 6.69628416E8
[INIT], MinLatency(ns), 669626368
[INIT], MaxLatency(ns), 669630463
[INIT], 95thPercentileLatency(ns), 669630463
[INIT], 99thPercentileLatency(ns), 669630463
[GCS], Operations, 42
[GCS], AverageLatency(ns), 7.5
[GCS], MinLatency(ns), 0
[GCS], MaxLatency(ns), 59
[GCS], 95thPercentileLatency(ns), 32
[GCS], 99thPercentileLatency(ns), 59
[LOAD_GCs_Count], Operations, 1
[LOAD_GCs_Count], AverageLatency(ns), 281.0
[LOAD_GCs_Count], MinLatency(ns), 281
[LOAD_GCs_Count], MaxLatency(ns), 281
[LOAD_GCs_Count], 95thPercentileLatency(ns), 281
[LOAD_GCs_Count], 99thPercentileLatency(ns), 281
[CLEANUP], Operations, 1
[CLEANUP], AverageLatency(ns), 16287.0
[CLEANUP], MinLatency(ns), 16287
[CLEANUP], MaxLatency(ns), 16287
[CLEANUP], 95thPercentileLatency(ns), 16287
[CLEANUP], 99thPercentileLatency(ns), 16287
[INSERT], Operations, 1000000
[INSERT], AverageLatency(ns), 44930.996725
[INSERT], MinLatency(ns), 35317
[INSERT], MaxLatency(ns), 285667327
[INSERT], 95thPercentileLatency(ns), 51995
[INSERT], 99thPercentileLatency(ns), 64900
[INSERT], Return=OK, 1000000
[UPDATE], Operations, 1502098
[UPDATE], AverageLatency(ns), 47706.115405253186
[UPDATE], MinLatency(ns), 34977
[UPDATE], MaxLatency(ns), 225915903
[UPDATE], 95thPercentileLatency(ns), 55146
[UPDATE], 99thPercentileLatency(ns), 63929
[UPDATE], Return=OK, 1502098
