/home/anatole/jdk8u/build/linux-x86_64-normal-server-release/jdk/bin/java -Xmx20g -XX:+UseG1GC -classpath /home/anatole/ycsb/conf:/home/anatole/ycsb/core/target/core-0.18.0-SNAPSHOT.jar:/home/anatole/ycsb/core/target/dependency/HdrHistogram-2.1.4.jar:/home/anatole/ycsb/core/target/dependency/guava-18.0.jar:/home/anatole/ycsb/core/target/dependency/htrace-core4-4.1.0-incubating.jar:/home/anatole/ycsb/core/target/dependency/jackson-core-asl-1.9.4.jar:/home/anatole/ycsb/core/target/dependency/jackson-mapper-asl-1.9.4.jar:/home/anatole/ycsb/core/target/dependency/javax.persistence-api-2.2.jar:/home/anatole/ycsb/core/target/dependency/jnvm-1.0-SNAPSHOT.jar:/home/anatole/ycsb/core/target/dependency/pcj-1.0.jar:/home/anatole/ycsb/core/target/dependency/unsafe-helper-1.0.jar:/home/anatole/ycsb/infinispan/src/main/conf:/home/anatole/ycsb/infinispan/target/infinispan-binding-0.18.0-SNAPSHOT.jar:/home/anatole/ycsb/infinispan/target/dependency/caffeine-2.6.2.jar:/home/anatole/ycsb/infinispan/target/dependency/gson-2.8.2.jar:/home/anatole/ycsb/infinispan/target/dependency/guava-18.0.jar:/home/anatole/ycsb/infinispan/target/dependency/infinispan-cachestore-jnvm-1.0-SNAPSHOT.jar:/home/anatole/ycsb/infinispan/target/dependency/infinispan-cachestore-pcj-1.0-SNAPSHOT.jar:/home/anatole/ycsb/infinispan/target/dependency/infinispan-client-hotrod-9.4.20.Final.jar:/home/anatole/ycsb/infinispan/target/dependency/infinispan-commons-9.4.20.Final.jar:/home/anatole/ycsb/infinispan/target/dependency/infinispan-core-9.4.20.Final.jar:/home/anatole/ycsb/infinispan/target/dependency/infinispan-persistence-soft-index-9.4.20.Final.jar:/home/anatole/ycsb/infinispan/target/dependency/javax.persistence-api-2.2.jar:/home/anatole/ycsb/infinispan/target/dependency/jboss-logging-3.3.2.Final.jar:/home/anatole/ycsb/infinispan/target/dependency/jboss-marshalling-osgi-2.0.6.Final.jar:/home/anatole/ycsb/infinispan/target/dependency/jboss-transaction-api_1.2_spec-1.1.1.Final.jar:/home/anatole/ycsb/infinispan/target/dependency/jgroups-4.0.21.Final.jar:/home/anatole/ycsb/infinispan/target/dependency/jnvm-1.0-SNAPSHOT.jar:/home/anatole/ycsb/infinispan/target/dependency/metainf-services-1.7.jar:/home/anatole/ycsb/infinispan/target/dependency/netty-buffer-4.1.51.Final.jar:/home/anatole/ycsb/infinispan/target/dependency/netty-codec-4.1.51.Final.jar:/home/anatole/ycsb/infinispan/target/dependency/netty-common-4.1.51.Final.jar:/home/anatole/ycsb/infinispan/target/dependency/netty-handler-4.1.51.Final.jar:/home/anatole/ycsb/infinispan/target/dependency/netty-resolver-4.1.51.Final.jar:/home/anatole/ycsb/infinispan/target/dependency/netty-transport-4.1.51.Final.jar:/home/anatole/ycsb/infinispan/target/dependency/netty-transport-native-epoll-4.1.51.Final-linux-x86_64.jar:/home/anatole/ycsb/infinispan/target/dependency/netty-transport-native-unix-common-4.1.51.Final.jar:/home/anatole/ycsb/infinispan/target/dependency/pcj-1.0.jar:/home/anatole/ycsb/infinispan/target/dependency/reactive-streams-1.0.2.jar:/home/anatole/ycsb/infinispan/target/dependency/rxjava-2.2.4.jar:/home/anatole/ycsb/infinispan/target/dependency/unsafe-helper-1.0.jar site.ycsb.Client -t -db site.ycsb.db.InfinispanClient -P ../workloads/workloadf -preload -s -threads 1 -p dataintegrity=true -p offheap=false -p recordcount=1000000 -p operationcount=3000000 -p fieldcount=10 -p fieldlength=600 -p requestdistribution=zipfian -p measurement.trackjvm=true -p measurementtype=hdrhistogram -p hdrhistogram.output.path=./out/exp7.marshalling.ref/log/infinispan.run.workloadf.true.1000000.100000.10.600.zipfian.1.false.true.default.default.tmpfs.r5.hdr.log
[OVERALL], RunTime(ms), 379949
[OVERALL], Throughput(ops/sec), 10527.728721486304
[TOTAL_GCS_G1_Young_Generation], Count, 274
[TOTAL_GC_TIME_G1_Young_Generation], Time(ms), 11405
[TOTAL_GC_TIME_%_G1_Young_Generation], Time(%), 3.001718651713783
[TOTAL_GCS_G1_Old_Generation], Count, 0
[TOTAL_GC_TIME_G1_Old_Generation], Time(ms), 0
[TOTAL_GC_TIME_%_G1_Old_Generation], Time(%), 0.0
[TOTAL_GCs], Count, 274
[TOTAL_GC_TIME], Time(ms), 11405
[TOTAL_GC_TIME_%], Time(%), 3.001718651713783
[MAX_MEM_USED], MBs, 6226
[MIN_MEM_USED], MBs, 48
[MAX_THREADS], Count, 7
[MIN_THREADS], Count, 3
[MAX_SYS_LOAD_AVG], Load, 3.39
[MIN_SYS_LOAD_AVG], Load, 1.07
[THREAD_COUNT], Operations, 39
[THREAD_COUNT], AverageLatency(ns), 5.487179487179487
[THREAD_COUNT], MinLatency(ns), 3
[THREAD_COUNT], MaxLatency(ns), 7
[THREAD_COUNT], 95thPercentileLatency(ns), 7
[THREAD_COUNT], 99thPercentileLatency(ns), 7
[SYS_LOAD_AVG], Operations, 39
[SYS_LOAD_AVG], AverageLatency(ns), 1.3076923076923077
[SYS_LOAD_AVG], MinLatency(ns), 1
[SYS_LOAD_AVG], MaxLatency(ns), 3
[SYS_LOAD_AVG], 95thPercentileLatency(ns), 2
[SYS_LOAD_AVG], 99thPercentileLatency(ns), 3
[READ-MODIFY-WRITE], Operations, 1499766
[READ-MODIFY-WRITE], AverageLatency(ns), 67189.36044156221
[READ-MODIFY-WRITE], MinLatency(ns), 36144
[READ-MODIFY-WRITE], MaxLatency(ns), 168081407
[READ-MODIFY-WRITE], 95thPercentileLatency(ns), 89586
[READ-MODIFY-WRITE], 99thPercentileLatency(ns), 98594
[LOAD], Operations, 1
[LOAD], AverageLatency(ns), 2.11323191296E11
[LOAD], MinLatency(ns), 211322667008
[LOAD], MaxLatency(ns), 211323715583
[LOAD], 95thPercentileLatency(ns), 211323715583
[LOAD], 99thPercentileLatency(ns), 211323715583
[USED_MEM_MB], Operations, 39
[USED_MEM_MB], AverageLatency(ns), 4142.205128205128
[USED_MEM_MB], MinLatency(ns), 48
[USED_MEM_MB], MaxLatency(ns), 6226
[USED_MEM_MB], 95thPercentileLatency(ns), 5970
[USED_MEM_MB], 99thPercentileLatency(ns), 6226
[MAIN_GCs_Count], Operations, 1
[MAIN_GCs_Count], AverageLatency(ns), 78.0
[MAIN_GCs_Count], MinLatency(ns), 78
[MAIN_GCs_Count], MaxLatency(ns), 78
[MAIN_GCs_Count], 95thPercentileLatency(ns), 78
[MAIN_GCs_Count], 99thPercentileLatency(ns), 78
[MAIN_GCs_Time(ms)], Operations, 1
[MAIN_GCs_Time(ms)], AverageLatency(ns), 6363.0
[MAIN_GCs_Time(ms)], MinLatency(ns), 6363
[MAIN_GCs_Time(ms)], MaxLatency(ns), 6363
[MAIN_GCs_Time(ms)], 95thPercentileLatency(ns), 6363
[MAIN_GCs_Time(ms)], 99thPercentileLatency(ns), 6363
[TRANSACTION], Operations, 1
[TRANSACTION], AverageLatency(ns), 1.6791109632E11
[TRANSACTION], MinLatency(ns), 167910572032
[TRANSACTION], MaxLatency(ns), 167911620607
[TRANSACTION], 95thPercentileLatency(ns), 167911620607
[TRANSACTION], 99thPercentileLatency(ns), 167911620607
[GCS_TIME], Operations, 39
[GCS_TIME], AverageLatency(ns), 292.43589743589746
[GCS_TIME], MinLatency(ns), 0
[GCS_TIME], MaxLatency(ns), 645
[GCS_TIME], 95thPercentileLatency(ns), 603
[GCS_TIME], 99thPercentileLatency(ns), 645
[LOAD_GCs_Time(ms)], Operations, 1
[LOAD_GCs_Time(ms)], AverageLatency(ns), 5022.0
[LOAD_GCs_Time(ms)], MinLatency(ns), 5022
[LOAD_GCs_Time(ms)], MaxLatency(ns), 5022
[LOAD_GCs_Time(ms)], 95thPercentileLatency(ns), 5022
[LOAD_GCs_Time(ms)], 99thPercentileLatency(ns), 5022
[READ], Operations, 3000000
[READ], AverageLatency(ns), 24945.959214333332
[READ], MinLatency(ns), 227
[READ], MaxLatency(ns), 167436287
[READ], 95thPercentileLatency(ns), 48266
[READ], 99thPercentileLatency(ns), 52409
[READ], Return=OK, 3000000
[INIT], Operations, 1
[INIT], AverageLatency(ns), 6.57815552E8
[INIT], MinLatency(ns), 657813504
[INIT], MaxLatency(ns), 657817599
[INIT], 95thPercentileLatency(ns), 657817599
[INIT], 99thPercentileLatency(ns), 657817599
[GCS], Operations, 39
[GCS], AverageLatency(ns), 7.0256410256410255
[GCS], MinLatency(ns), 0
[GCS], MaxLatency(ns), 43
[GCS], 95thPercentileLatency(ns), 23
[GCS], 99thPercentileLatency(ns), 43
[LOAD_GCs_Count], Operations, 1
[LOAD_GCs_Count], AverageLatency(ns), 195.0
[LOAD_GCs_Count], MinLatency(ns), 195
[LOAD_GCs_Count], MaxLatency(ns), 195
[LOAD_GCs_Count], 95thPercentileLatency(ns), 195
[LOAD_GCs_Count], 99thPercentileLatency(ns), 195
[CLEANUP], Operations, 1
[CLEANUP], AverageLatency(ns), 15888.0
[CLEANUP], MinLatency(ns), 15888
[CLEANUP], MaxLatency(ns), 15888
[CLEANUP], 95thPercentileLatency(ns), 15888
[CLEANUP], 99thPercentileLatency(ns), 15888
[INSERT], Operations, 1000000
[INSERT], AverageLatency(ns), 41213.068477
[INSERT], MinLatency(ns), 35116
[INSERT], MaxLatency(ns), 67908607
[INSERT], 95thPercentileLatency(ns), 42741
[INSERT], 99thPercentileLatency(ns), 52942
[INSERT], Return=OK, 1000000
[UPDATE], Operations, 1499766
[UPDATE], AverageLatency(ns), 41791.24252916788
[UPDATE], MinLatency(ns), 35335
[UPDATE], MaxLatency(ns), 135872511
[UPDATE], 95thPercentileLatency(ns), 45019
[UPDATE], 99thPercentileLatency(ns), 50718
[UPDATE], Return=OK, 1499766
