/home/anatole/jdk8u/build/linux-x86_64-normal-server-release/jdk/bin/java -Xmx40g -XX:+UseG1GC -classpath /home/anatole/ycsb/conf:/home/anatole/ycsb/core/target/core-0.18.0-SNAPSHOT.jar:/home/anatole/ycsb/core/target/dependency/HdrHistogram-2.1.4.jar:/home/anatole/ycsb/core/target/dependency/guava-18.0.jar:/home/anatole/ycsb/core/target/dependency/htrace-core4-4.1.0-incubating.jar:/home/anatole/ycsb/core/target/dependency/jackson-core-asl-1.9.4.jar:/home/anatole/ycsb/core/target/dependency/jackson-mapper-asl-1.9.4.jar:/home/anatole/ycsb/core/target/dependency/javax.persistence-api-2.2.jar:/home/anatole/ycsb/core/target/dependency/jnvm-1.0-SNAPSHOT.jar:/home/anatole/ycsb/core/target/dependency/pcj-1.0.jar:/home/anatole/ycsb/core/target/dependency/unsafe-helper-1.0.jar:/home/anatole/ycsb/infinispan/src/main/conf:/home/anatole/ycsb/infinispan/target/infinispan-binding-0.18.0-SNAPSHOT.jar:/home/anatole/ycsb/infinispan/target/dependency/caffeine-2.6.2.jar:/home/anatole/ycsb/infinispan/target/dependency/gson-2.8.2.jar:/home/anatole/ycsb/infinispan/target/dependency/guava-18.0.jar:/home/anatole/ycsb/infinispan/target/dependency/infinispan-cachestore-jnvm-1.0-SNAPSHOT.jar:/home/anatole/ycsb/infinispan/target/dependency/infinispan-cachestore-pcj-1.0-SNAPSHOT.jar:/home/anatole/ycsb/infinispan/target/dependency/infinispan-client-hotrod-9.4.20.Final.jar:/home/anatole/ycsb/infinispan/target/dependency/infinispan-commons-9.4.20.Final.jar:/home/anatole/ycsb/infinispan/target/dependency/infinispan-core-9.4.20.Final.jar:/home/anatole/ycsb/infinispan/target/dependency/infinispan-persistence-soft-index-9.4.20.Final.jar:/home/anatole/ycsb/infinispan/target/dependency/javax.persistence-api-2.2.jar:/home/anatole/ycsb/infinispan/target/dependency/jboss-logging-3.3.2.Final.jar:/home/anatole/ycsb/infinispan/target/dependency/jboss-marshalling-osgi-2.0.6.Final.jar:/home/anatole/ycsb/infinispan/target/dependency/jboss-transaction-api_1.2_spec-1.1.1.Final.jar:/home/anatole/ycsb/infinispan/target/dependency/jgroups-4.0.21.Final.jar:/home/anatole/ycsb/infinispan/target/dependency/jnvm-1.0-SNAPSHOT.jar:/home/anatole/ycsb/infinispan/target/dependency/metainf-services-1.7.jar:/home/anatole/ycsb/infinispan/target/dependency/netty-buffer-4.1.51.Final.jar:/home/anatole/ycsb/infinispan/target/dependency/netty-codec-4.1.51.Final.jar:/home/anatole/ycsb/infinispan/target/dependency/netty-common-4.1.51.Final.jar:/home/anatole/ycsb/infinispan/target/dependency/netty-handler-4.1.51.Final.jar:/home/anatole/ycsb/infinispan/target/dependency/netty-resolver-4.1.51.Final.jar:/home/anatole/ycsb/infinispan/target/dependency/netty-transport-4.1.51.Final.jar:/home/anatole/ycsb/infinispan/target/dependency/netty-transport-native-epoll-4.1.51.Final-linux-x86_64.jar:/home/anatole/ycsb/infinispan/target/dependency/netty-transport-native-unix-common-4.1.51.Final.jar:/home/anatole/ycsb/infinispan/target/dependency/pcj-1.0.jar:/home/anatole/ycsb/infinispan/target/dependency/reactive-streams-1.0.2.jar:/home/anatole/ycsb/infinispan/target/dependency/rxjava-2.2.4.jar:/home/anatole/ycsb/infinispan/target/dependency/unsafe-helper-1.0.jar site.ycsb.Client -t -db site.ycsb.db.InfinispanClient -P ../workloads/workloadf -preload -s -threads 1 -p dataintegrity=true -p offheap=false -p recordcount=1000000 -p operationcount=3000000 -p fieldcount=10 -p fieldlength=100 -p requestdistribution=zipfian -p measurement.trackjvm=true -p measurementtype=hdrhistogram -p hdrhistogram.output.path=./out/exp7.marshalling.ref/log/infinispan.run.workloadf.true.1000000.1000000.10.100.zipfian.1.false.true.default.default.pmem0.r3.hdr.log
[OVERALL], RunTime(ms), 98826
[OVERALL], Throughput(ops/sec), 40475.17859672556
[TOTAL_GCS_G1_Young_Generation], Count, 82
[TOTAL_GC_TIME_G1_Young_Generation], Time(ms), 5534
[TOTAL_GC_TIME_%_G1_Young_Generation], Time(%), 5.599740958856981
[TOTAL_GCS_G1_Old_Generation], Count, 0
[TOTAL_GC_TIME_G1_Old_Generation], Time(ms), 0
[TOTAL_GC_TIME_%_G1_Old_Generation], Time(%), 0.0
[TOTAL_GCs], Count, 82
[TOTAL_GC_TIME], Time(ms), 5534
[TOTAL_GC_TIME_%], Time(%), 5.599740958856981
[MAX_MEM_USED], MBs, 6351
[MIN_MEM_USED], MBs, 58
[MAX_THREADS], Count, 7
[MIN_THREADS], Count, 3
[MAX_SYS_LOAD_AVG], Load, 2.93
[MIN_SYS_LOAD_AVG], Load, 0.01
[THREAD_COUNT], Operations, 11
[THREAD_COUNT], AverageLatency(ns), 6.2727272727272725
[THREAD_COUNT], MinLatency(ns), 3
[THREAD_COUNT], MaxLatency(ns), 7
[THREAD_COUNT], 95thPercentileLatency(ns), 7
[THREAD_COUNT], 99thPercentileLatency(ns), 7
[SYS_LOAD_AVG], Operations, 11
[SYS_LOAD_AVG], AverageLatency(ns), 1.2727272727272727
[SYS_LOAD_AVG], MinLatency(ns), 0
[SYS_LOAD_AVG], MaxLatency(ns), 2
[SYS_LOAD_AVG], 95thPercentileLatency(ns), 2
[SYS_LOAD_AVG], 99thPercentileLatency(ns), 2
[READ-MODIFY-WRITE], Operations, 1501606
[READ-MODIFY-WRITE], AverageLatency(ns), 32393.834145574805
[READ-MODIFY-WRITE], MinLatency(ns), 23415
[READ-MODIFY-WRITE], MaxLatency(ns), 252565503
[READ-MODIFY-WRITE], 95thPercentileLatency(ns), 41021
[READ-MODIFY-WRITE], 99thPercentileLatency(ns), 48835
[LOAD], Operations, 1
[LOAD], AverageLatency(ns), 4.4831997952E10
[LOAD], MinLatency(ns), 44831866880
[LOAD], MaxLatency(ns), 44832129023
[LOAD], 95thPercentileLatency(ns), 44832129023
[LOAD], 99thPercentileLatency(ns), 44832129023
[USED_MEM_MB], Operations, 11
[USED_MEM_MB], AverageLatency(ns), 4363.0
[USED_MEM_MB], MinLatency(ns), 58
[USED_MEM_MB], MaxLatency(ns), 6351
[USED_MEM_MB], 95thPercentileLatency(ns), 5563
[USED_MEM_MB], 99thPercentileLatency(ns), 6351
[MAIN_GCs_Count], Operations, 1
[MAIN_GCs_Count], AverageLatency(ns), 28.0
[MAIN_GCs_Count], MinLatency(ns), 28
[MAIN_GCs_Count], MaxLatency(ns), 28
[MAIN_GCs_Count], 95thPercentileLatency(ns), 28
[MAIN_GCs_Count], 99thPercentileLatency(ns), 28
[MAIN_GCs_Time(ms)], Operations, 1
[MAIN_GCs_Time(ms)], AverageLatency(ns), 2188.0
[MAIN_GCs_Time(ms)], MinLatency(ns), 2188
[MAIN_GCs_Time(ms)], MaxLatency(ns), 2188
[MAIN_GCs_Time(ms)], 95thPercentileLatency(ns), 2188
[MAIN_GCs_Time(ms)], 99thPercentileLatency(ns), 2188
[TRANSACTION], Operations, 1
[TRANSACTION], AverageLatency(ns), 5.328011264E10
[TRANSACTION], MinLatency(ns), 53279981568
[TRANSACTION], MaxLatency(ns), 53280243711
[TRANSACTION], 95thPercentileLatency(ns), 53280243711
[TRANSACTION], 99thPercentileLatency(ns), 53280243711
[GCS_TIME], Operations, 11
[GCS_TIME], AverageLatency(ns), 503.09090909090907
[GCS_TIME], MinLatency(ns), 0
[GCS_TIME], MaxLatency(ns), 967
[GCS_TIME], 95thPercentileLatency(ns), 886
[GCS_TIME], 99thPercentileLatency(ns), 967
[LOAD_GCs_Time(ms)], Operations, 1
[LOAD_GCs_Time(ms)], AverageLatency(ns), 3310.0
[LOAD_GCs_Time(ms)], MinLatency(ns), 3310
[LOAD_GCs_Time(ms)], MaxLatency(ns), 3310
[LOAD_GCs_Time(ms)], 95thPercentileLatency(ns), 3310
[LOAD_GCs_Time(ms)], 99thPercentileLatency(ns), 3310
[READ], Operations, 3000000
[READ], AverageLatency(ns), 740.2282286666667
[READ], MinLatency(ns), 209
[READ], MaxLatency(ns), 60178687
[READ], 95thPercentileLatency(ns), 1626
[READ], 99thPercentileLatency(ns), 2495
[READ], Return=OK, 3000000
[INIT], Operations, 1
[INIT], AverageLatency(ns), 6.57246208E8
[INIT], MinLatency(ns), 657244160
[INIT], MaxLatency(ns), 657248255
[INIT], 95thPercentileLatency(ns), 657248255
[INIT], 99thPercentileLatency(ns), 657248255
[GCS], Operations, 11
[GCS], AverageLatency(ns), 7.454545454545454
[GCS], MinLatency(ns), 0
[GCS], MaxLatency(ns), 24
[GCS], 95thPercentileLatency(ns), 18
[GCS], 99thPercentileLatency(ns), 24
[LOAD_GCs_Count], Operations, 1
[LOAD_GCs_Count], AverageLatency(ns), 52.0
[LOAD_GCs_Count], MinLatency(ns), 52
[LOAD_GCs_Count], MaxLatency(ns), 52
[LOAD_GCs_Count], 95thPercentileLatency(ns), 52
[LOAD_GCs_Count], 99thPercentileLatency(ns), 52
[CLEANUP], Operations, 1
[CLEANUP], AverageLatency(ns), 16018.0
[CLEANUP], MinLatency(ns), 16018
[CLEANUP], MaxLatency(ns), 16018
[CLEANUP], 95thPercentileLatency(ns), 16018
[CLEANUP], 99thPercentileLatency(ns), 16018
[INSERT], Operations, 1000000
[INSERT], AverageLatency(ns), 35478.13451
[INSERT], MinLatency(ns), 22261
[INSERT], MaxLatency(ns), 232537087
[INSERT], 95thPercentileLatency(ns), 38716
[INSERT], 99thPercentileLatency(ns), 54633
[INSERT], Return=OK, 1000000
[UPDATE], Operations, 1501606
[UPDATE], AverageLatency(ns), 31023.352176269942
[UPDATE], MinLatency(ns), 22514
[UPDATE], MaxLatency(ns), 140895231
[UPDATE], 95thPercentileLatency(ns), 39623
[UPDATE], 99thPercentileLatency(ns), 47076
[UPDATE], Return=OK, 1501606
