/home/anatole/jdk8u/build/linux-x86_64-normal-server-release/jdk/bin/java -Xmx40g -XX:+UseG1GC -classpath /home/anatole/ycsb/conf:/home/anatole/ycsb/core/target/core-0.18.0-SNAPSHOT.jar:/home/anatole/ycsb/core/target/dependency/HdrHistogram-2.1.4.jar:/home/anatole/ycsb/core/target/dependency/guava-18.0.jar:/home/anatole/ycsb/core/target/dependency/htrace-core4-4.1.0-incubating.jar:/home/anatole/ycsb/core/target/dependency/jackson-core-asl-1.9.4.jar:/home/anatole/ycsb/core/target/dependency/jackson-mapper-asl-1.9.4.jar:/home/anatole/ycsb/core/target/dependency/javax.persistence-api-2.2.jar:/home/anatole/ycsb/core/target/dependency/jnvm-1.0-SNAPSHOT.jar:/home/anatole/ycsb/core/target/dependency/pcj-1.0.jar:/home/anatole/ycsb/core/target/dependency/unsafe-helper-1.0.jar:/home/anatole/ycsb/infinispan/src/main/conf:/home/anatole/ycsb/infinispan/target/infinispan-binding-0.18.0-SNAPSHOT.jar:/home/anatole/ycsb/infinispan/target/dependency/caffeine-2.6.2.jar:/home/anatole/ycsb/infinispan/target/dependency/gson-2.8.2.jar:/home/anatole/ycsb/infinispan/target/dependency/guava-18.0.jar:/home/anatole/ycsb/infinispan/target/dependency/infinispan-cachestore-jnvm-1.0-SNAPSHOT.jar:/home/anatole/ycsb/infinispan/target/dependency/infinispan-cachestore-pcj-1.0-SNAPSHOT.jar:/home/anatole/ycsb/infinispan/target/dependency/infinispan-client-hotrod-9.4.20.Final.jar:/home/anatole/ycsb/infinispan/target/dependency/infinispan-commons-9.4.20.Final.jar:/home/anatole/ycsb/infinispan/target/dependency/infinispan-core-9.4.20.Final.jar:/home/anatole/ycsb/infinispan/target/dependency/infinispan-persistence-soft-index-9.4.20.Final.jar:/home/anatole/ycsb/infinispan/target/dependency/javax.persistence-api-2.2.jar:/home/anatole/ycsb/infinispan/target/dependency/jboss-logging-3.3.2.Final.jar:/home/anatole/ycsb/infinispan/target/dependency/jboss-marshalling-osgi-2.0.6.Final.jar:/home/anatole/ycsb/infinispan/target/dependency/jboss-transaction-api_1.2_spec-1.1.1.Final.jar:/home/anatole/ycsb/infinispan/target/dependency/jgroups-4.0.21.Final.jar:/home/anatole/ycsb/infinispan/target/dependency/jnvm-1.0-SNAPSHOT.jar:/home/anatole/ycsb/infinispan/target/dependency/metainf-services-1.7.jar:/home/anatole/ycsb/infinispan/target/dependency/netty-buffer-4.1.51.Final.jar:/home/anatole/ycsb/infinispan/target/dependency/netty-codec-4.1.51.Final.jar:/home/anatole/ycsb/infinispan/target/dependency/netty-common-4.1.51.Final.jar:/home/anatole/ycsb/infinispan/target/dependency/netty-handler-4.1.51.Final.jar:/home/anatole/ycsb/infinispan/target/dependency/netty-resolver-4.1.51.Final.jar:/home/anatole/ycsb/infinispan/target/dependency/netty-transport-4.1.51.Final.jar:/home/anatole/ycsb/infinispan/target/dependency/netty-transport-native-epoll-4.1.51.Final-linux-x86_64.jar:/home/anatole/ycsb/infinispan/target/dependency/netty-transport-native-unix-common-4.1.51.Final.jar:/home/anatole/ycsb/infinispan/target/dependency/pcj-1.0.jar:/home/anatole/ycsb/infinispan/target/dependency/reactive-streams-1.0.2.jar:/home/anatole/ycsb/infinispan/target/dependency/rxjava-2.2.4.jar:/home/anatole/ycsb/infinispan/target/dependency/unsafe-helper-1.0.jar site.ycsb.Client -t -db site.ycsb.db.InfinispanClient -P ../workloads/workloadf -preload -s -threads 1 -p dataintegrity=true -p offheap=false -p recordcount=1000000 -p operationcount=3000000 -p fieldcount=10 -p fieldlength=900 -p requestdistribution=zipfian -p measurement.trackjvm=true -p measurementtype=hdrhistogram -p hdrhistogram.output.path=./out/exp7.marshalling.ref/log/infinispan.run.workloadf.true.1000000.1000000.10.900.zipfian.1.false.true.default.default.tmpfs.r4.hdr.log
[OVERALL], RunTime(ms), 618009
[OVERALL], Throughput(ops/sec), 6472.3976511668925
[TOTAL_GCS_G1_Young_Generation], Count, 1007
[TOTAL_GC_TIME_G1_Young_Generation], Time(ms), 31662
[TOTAL_GC_TIME_%_G1_Young_Generation], Time(%), 5.123226360781154
[TOTAL_GCS_G1_Old_Generation], Count, 0
[TOTAL_GC_TIME_G1_Old_Generation], Time(ms), 0
[TOTAL_GC_TIME_%_G1_Old_Generation], Time(%), 0.0
[TOTAL_GCs], Count, 1007
[TOTAL_GC_TIME], Time(ms), 31662
[TOTAL_GC_TIME_%], Time(%), 5.123226360781154
[MAX_MEM_USED], MBs, 23247
[MIN_MEM_USED], MBs, 52
[MAX_THREADS], Count, 7
[MIN_THREADS], Count, 3
[MAX_SYS_LOAD_AVG], Load, 7.22
[MIN_SYS_LOAD_AVG], Load, 1.36
[THREAD_COUNT], Operations, 63
[THREAD_COUNT], AverageLatency(ns), 5.301587301587301
[THREAD_COUNT], MinLatency(ns), 3
[THREAD_COUNT], MaxLatency(ns), 7
[THREAD_COUNT], 95thPercentileLatency(ns), 7
[THREAD_COUNT], 99thPercentileLatency(ns), 7
[SYS_LOAD_AVG], Operations, 63
[SYS_LOAD_AVG], AverageLatency(ns), 2.238095238095238
[SYS_LOAD_AVG], MinLatency(ns), 1
[SYS_LOAD_AVG], MaxLatency(ns), 7
[SYS_LOAD_AVG], 95thPercentileLatency(ns), 5
[SYS_LOAD_AVG], 99thPercentileLatency(ns), 6
[READ-MODIFY-WRITE], Operations, 1499595
[READ-MODIFY-WRITE], AverageLatency(ns), 69393.59509400872
[READ-MODIFY-WRITE], MinLatency(ns), 50885
[READ-MODIFY-WRITE], MaxLatency(ns), 160637951
[READ-MODIFY-WRITE], 95thPercentileLatency(ns), 79523
[READ-MODIFY-WRITE], 99thPercentileLatency(ns), 89559
[LOAD], Operations, 1
[LOAD], AverageLatency(ns), 4.4668813312E11
[LOAD], MinLatency(ns), 446687084544
[LOAD], MaxLatency(ns), 446689181695
[LOAD], 95thPercentileLatency(ns), 446689181695
[LOAD], 99thPercentileLatency(ns), 446689181695
[USED_MEM_MB], Operations, 63
[USED_MEM_MB], AverageLatency(ns), 15091.15873015873
[USED_MEM_MB], MinLatency(ns), 52
[USED_MEM_MB], MaxLatency(ns), 23247
[USED_MEM_MB], 95thPercentileLatency(ns), 23127
[USED_MEM_MB], 99thPercentileLatency(ns), 23246
[MAIN_GCs_Count], Operations, 1
[MAIN_GCs_Count], AverageLatency(ns), 183.0
[MAIN_GCs_Count], MinLatency(ns), 183
[MAIN_GCs_Count], MaxLatency(ns), 183
[MAIN_GCs_Count], 95thPercentileLatency(ns), 183
[MAIN_GCs_Count], 99thPercentileLatency(ns), 183
[MAIN_GCs_Time(ms)], Operations, 1
[MAIN_GCs_Time(ms)], AverageLatency(ns), 9514.0
[MAIN_GCs_Time(ms)], MinLatency(ns), 9514
[MAIN_GCs_Time(ms)], MaxLatency(ns), 9514
[MAIN_GCs_Time(ms)], 95thPercentileLatency(ns), 9514
[MAIN_GCs_Time(ms)], 99thPercentileLatency(ns), 9514
[TRANSACTION], Operations, 1
[TRANSACTION], AverageLatency(ns), 1.70513661952E11
[TRANSACTION], MinLatency(ns), 170513137664
[TRANSACTION], MaxLatency(ns), 170514186239
[TRANSACTION], 95thPercentileLatency(ns), 170514186239
[TRANSACTION], 99thPercentileLatency(ns), 170514186239
[GCS_TIME], Operations, 63
[GCS_TIME], AverageLatency(ns), 502.57142857142856
[GCS_TIME], MinLatency(ns), 0
[GCS_TIME], MaxLatency(ns), 756
[GCS_TIME], 95thPercentileLatency(ns), 720
[GCS_TIME], 99thPercentileLatency(ns), 730
[LOAD_GCs_Time(ms)], Operations, 1
[LOAD_GCs_Time(ms)], AverageLatency(ns), 22056.0
[LOAD_GCs_Time(ms)], MinLatency(ns), 22056
[LOAD_GCs_Time(ms)], MaxLatency(ns), 22056
[LOAD_GCs_Time(ms)], 95thPercentileLatency(ns), 22056
[LOAD_GCs_Time(ms)], 99thPercentileLatency(ns), 22056
[READ], Operations, 3000000
[READ], AverageLatency(ns), 835.3638303333333
[READ], MinLatency(ns), 201
[READ], MaxLatency(ns), 14064127
[READ], 95thPercentileLatency(ns), 1979
[READ], 99thPercentileLatency(ns), 3121
[READ], Return=OK, 3000000
[INIT], Operations, 1
[INIT], AverageLatency(ns), 6.62853632E8
[INIT], MinLatency(ns), 662851584
[INIT], MaxLatency(ns), 662855679
[INIT], 95thPercentileLatency(ns), 662855679
[INIT], 99thPercentileLatency(ns), 662855679
[GCS], Operations, 63
[GCS], AverageLatency(ns), 15.984126984126984
[GCS], MinLatency(ns), 0
[GCS], MaxLatency(ns), 64
[GCS], 95thPercentileLatency(ns), 48
[GCS], 99thPercentileLatency(ns), 52
[LOAD_GCs_Count], Operations, 1
[LOAD_GCs_Count], AverageLatency(ns), 821.0
[LOAD_GCs_Count], MinLatency(ns), 821
[LOAD_GCs_Count], MaxLatency(ns), 821
[LOAD_GCs_Count], 95thPercentileLatency(ns), 821
[LOAD_GCs_Count], 99thPercentileLatency(ns), 821
[CLEANUP], Operations, 1
[CLEANUP], AverageLatency(ns), 19657.0
[CLEANUP], MinLatency(ns), 19657
[CLEANUP], MaxLatency(ns), 19657
[CLEANUP], 95thPercentileLatency(ns), 19657
[CLEANUP], 99thPercentileLatency(ns), 19657
[INSERT], Operations, 1000000
[INSERT], AverageLatency(ns), 65593.745055
[INSERT], MinLatency(ns), 51911
[INSERT], MaxLatency(ns), 109444095
[INSERT], 95thPercentileLatency(ns), 75302
[INSERT], 99thPercentileLatency(ns), 91233
[INSERT], Return=OK, 1000000
[UPDATE], Operations, 1499595
[UPDATE], AverageLatency(ns), 67453.78001727133
[UPDATE], MinLatency(ns), 50123
[UPDATE], MaxLatency(ns), 90144767
[UPDATE], 95thPercentileLatency(ns), 77858
[UPDATE], 99thPercentileLatency(ns), 87744
[UPDATE], Return=OK, 1499595
