/home/anatole/jdk8u/build/linux-x86_64-normal-server-release/jdk/bin/java -Xmx100g -XX:+UseG1GC -XX:InitiatingHeapOccupancyPercent=15 -classpath /home/anatole/ycsb/conf:/home/anatole/ycsb/core/target/core-0.18.0-SNAPSHOT.jar:/home/anatole/ycsb/core/target/dependency/HdrHistogram-2.1.4.jar:/home/anatole/ycsb/core/target/dependency/guava-18.0.jar:/home/anatole/ycsb/core/target/dependency/htrace-core4-4.1.0-incubating.jar:/home/anatole/ycsb/core/target/dependency/jackson-core-asl-1.9.4.jar:/home/anatole/ycsb/core/target/dependency/jackson-mapper-asl-1.9.4.jar:/home/anatole/ycsb/core/target/dependency/javax.persistence-api-2.2.jar:/home/anatole/ycsb/core/target/dependency/jnvm-1.0-SNAPSHOT.jar:/home/anatole/ycsb/core/target/dependency/pcj-1.0.jar:/home/anatole/ycsb/core/target/dependency/unsafe-helper-1.0.jar:/home/anatole/ycsb/infinispan/src/main/conf:/home/anatole/ycsb/infinispan/target/infinispan-binding-0.18.0-SNAPSHOT.jar:/home/anatole/ycsb/infinispan/target/dependency/caffeine-2.6.2.jar:/home/anatole/ycsb/infinispan/target/dependency/gson-2.8.2.jar:/home/anatole/ycsb/infinispan/target/dependency/guava-18.0.jar:/home/anatole/ycsb/infinispan/target/dependency/infinispan-cachestore-jnvm-1.0-SNAPSHOT.jar:/home/anatole/ycsb/infinispan/target/dependency/infinispan-cachestore-pcj-1.0-SNAPSHOT.jar:/home/anatole/ycsb/infinispan/target/dependency/infinispan-client-hotrod-9.4.20.Final.jar:/home/anatole/ycsb/infinispan/target/dependency/infinispan-commons-9.4.20.Final.jar:/home/anatole/ycsb/infinispan/target/dependency/infinispan-core-9.4.20.Final.jar:/home/anatole/ycsb/infinispan/target/dependency/infinispan-persistence-soft-index-9.4.20.Final.jar:/home/anatole/ycsb/infinispan/target/dependency/javax.persistence-api-2.2.jar:/home/anatole/ycsb/infinispan/target/dependency/jboss-logging-3.3.2.Final.jar:/home/anatole/ycsb/infinispan/target/dependency/jboss-marshalling-osgi-2.0.6.Final.jar:/home/anatole/ycsb/infinispan/target/dependency/jboss-transaction-api_1.2_spec-1.1.1.Final.jar:/home/anatole/ycsb/infinispan/target/dependency/jgroups-4.0.21.Final.jar:/home/anatole/ycsb/infinispan/target/dependency/jnvm-1.0-SNAPSHOT.jar:/home/anatole/ycsb/infinispan/target/dependency/metainf-services-1.7.jar:/home/anatole/ycsb/infinispan/target/dependency/netty-buffer-4.1.51.Final.jar:/home/anatole/ycsb/infinispan/target/dependency/netty-codec-4.1.51.Final.jar:/home/anatole/ycsb/infinispan/target/dependency/netty-common-4.1.51.Final.jar:/home/anatole/ycsb/infinispan/target/dependency/netty-handler-4.1.51.Final.jar:/home/anatole/ycsb/infinispan/target/dependency/netty-resolver-4.1.51.Final.jar:/home/anatole/ycsb/infinispan/target/dependency/netty-transport-4.1.51.Final.jar:/home/anatole/ycsb/infinispan/target/dependency/netty-transport-native-epoll-4.1.51.Final-linux-x86_64.jar:/home/anatole/ycsb/infinispan/target/dependency/netty-transport-native-unix-common-4.1.51.Final.jar:/home/anatole/ycsb/infinispan/target/dependency/pcj-1.0.jar:/home/anatole/ycsb/infinispan/target/dependency/reactive-streams-1.0.2.jar:/home/anatole/ycsb/infinispan/target/dependency/rxjava-2.2.4.jar:/home/anatole/ycsb/infinispan/target/dependency/unsafe-helper-1.0.jar site.ycsb.Client -t -db site.ycsb.db.InfinispanClient -P ../workloads/workloadf -preload -s -threads 1 -p dataintegrity=true -p offheap=false -p recordcount=1000000 -p operationcount=3000000 -p fieldcount=10 -p fieldlength=400 -p requestdistribution=zipfian -p measurement.trackjvm=true -p measurementtype=hdrhistogram -p hdrhistogram.output.path=./out/exp7.marshalling.ref/log/infinispan.run.workloadf.true.1000000.1000000.10.400.zipfian.1.false.true.default.default.none.r12.hdr.log
[OVERALL], RunTime(ms), 111414
[OVERALL], Throughput(ops/sec), 35902.13079146247
[TOTAL_GCS_G1_Young_Generation], Count, 98
[TOTAL_GC_TIME_G1_Young_Generation], Time(ms), 8774
[TOTAL_GC_TIME_%_G1_Young_Generation], Time(%), 7.875132389107294
[TOTAL_GCS_G1_Old_Generation], Count, 0
[TOTAL_GC_TIME_G1_Old_Generation], Time(ms), 0
[TOTAL_GC_TIME_%_G1_Old_Generation], Time(%), 0.0
[TOTAL_GCs], Count, 98
[TOTAL_GC_TIME], Time(ms), 8774
[TOTAL_GC_TIME_%], Time(%), 7.875132389107294
[MAX_MEM_USED], MBs, 12544
[MIN_MEM_USED], MBs, 56
[MAX_THREADS], Count, 6
[MIN_THREADS], Count, 3
[MAX_SYS_LOAD_AVG], Load, 8.86
[MIN_SYS_LOAD_AVG], Load, 4.29
[THREAD_COUNT], Operations, 13
[THREAD_COUNT], AverageLatency(ns), 5.3076923076923075
[THREAD_COUNT], MinLatency(ns), 3
[THREAD_COUNT], MaxLatency(ns), 6
[THREAD_COUNT], 95thPercentileLatency(ns), 6
[THREAD_COUNT], 99thPercentileLatency(ns), 6
[SYS_LOAD_AVG], Operations, 13
[SYS_LOAD_AVG], AverageLatency(ns), 5.846153846153846
[SYS_LOAD_AVG], MinLatency(ns), 4
[SYS_LOAD_AVG], MaxLatency(ns), 8
[SYS_LOAD_AVG], 95thPercentileLatency(ns), 8
[SYS_LOAD_AVG], 99thPercentileLatency(ns), 8
[READ-MODIFY-WRITE], Operations, 1500725
[READ-MODIFY-WRITE], AverageLatency(ns), 3065.2949760948873
[READ-MODIFY-WRITE], MinLatency(ns), 1440
[READ-MODIFY-WRITE], MaxLatency(ns), 81462271
[READ-MODIFY-WRITE], 95thPercentileLatency(ns), 4586
[READ-MODIFY-WRITE], 99thPercentileLatency(ns), 8513
[LOAD], Operations, 1
[LOAD], AverageLatency(ns), 8.968863744E10
[LOAD], MinLatency(ns), 89688375296
[LOAD], MaxLatency(ns), 89688899583
[LOAD], 95thPercentileLatency(ns), 89688899583
[LOAD], 99thPercentileLatency(ns), 89688899583
[USED_MEM_MB], Operations, 13
[USED_MEM_MB], AverageLatency(ns), 8126.923076923077
[USED_MEM_MB], MinLatency(ns), 56
[USED_MEM_MB], MaxLatency(ns), 12544
[USED_MEM_MB], 95thPercentileLatency(ns), 12451
[USED_MEM_MB], 99thPercentileLatency(ns), 12544
[MAIN_GCs_Count], Operations, 1
[MAIN_GCs_Count], AverageLatency(ns), 18.0
[MAIN_GCs_Count], MinLatency(ns), 18
[MAIN_GCs_Count], MaxLatency(ns), 18
[MAIN_GCs_Count], 95thPercentileLatency(ns), 18
[MAIN_GCs_Count], 99thPercentileLatency(ns), 18
[MAIN_GCs_Time(ms)], Operations, 1
[MAIN_GCs_Time(ms)], AverageLatency(ns), 1546.0
[MAIN_GCs_Time(ms)], MinLatency(ns), 1546
[MAIN_GCs_Time(ms)], MaxLatency(ns), 1546
[MAIN_GCs_Time(ms)], 95thPercentileLatency(ns), 1546
[MAIN_GCs_Time(ms)], 99thPercentileLatency(ns), 1546
[TRANSACTION], Operations, 1
[TRANSACTION], AverageLatency(ns), 2.1004746752E10
[TRANSACTION], MinLatency(ns), 21004681216
[TRANSACTION], MaxLatency(ns), 21004812287
[TRANSACTION], 95thPercentileLatency(ns), 21004812287
[TRANSACTION], 99thPercentileLatency(ns), 21004812287
[GCS_TIME], Operations, 13
[GCS_TIME], AverageLatency(ns), 674.9230769230769
[GCS_TIME], MinLatency(ns), 0
[GCS_TIME], MaxLatency(ns), 991
[GCS_TIME], 95thPercentileLatency(ns), 981
[GCS_TIME], 99thPercentileLatency(ns), 991
[LOAD_GCs_Time(ms)], Operations, 1
[LOAD_GCs_Time(ms)], AverageLatency(ns), 7149.0
[LOAD_GCs_Time(ms)], MinLatency(ns), 7149
[LOAD_GCs_Time(ms)], MaxLatency(ns), 7149
[LOAD_GCs_Time(ms)], 95thPercentileLatency(ns), 7149
[LOAD_GCs_Time(ms)], 99thPercentileLatency(ns), 7149
[READ], Operations, 3000000
[READ], AverageLatency(ns), 648.827252
[READ], MinLatency(ns), 158
[READ], MaxLatency(ns), 15046463
[READ], 95thPercentileLatency(ns), 1596
[READ], 99thPercentileLatency(ns), 2503
[READ], Return=OK, 3000000
[INIT], Operations, 1
[INIT], AverageLatency(ns), 6.20849152E8
[INIT], MinLatency(ns), 620847104
[INIT], MaxLatency(ns), 620851199
[INIT], 95thPercentileLatency(ns), 620851199
[INIT], 99thPercentileLatency(ns), 620851199
[GCS], Operations, 13
[GCS], AverageLatency(ns), 7.538461538461538
[GCS], MinLatency(ns), 0
[GCS], MaxLatency(ns), 18
[GCS], 95thPercentileLatency(ns), 15
[GCS], 99thPercentileLatency(ns), 18
[LOAD_GCs_Count], Operations, 1
[LOAD_GCs_Count], AverageLatency(ns), 77.0
[LOAD_GCs_Count], MinLatency(ns), 77
[LOAD_GCs_Count], MaxLatency(ns), 77
[LOAD_GCs_Count], 95thPercentileLatency(ns), 77
[LOAD_GCs_Count], 99thPercentileLatency(ns), 77
[CLEANUP], Operations, 1
[CLEANUP], AverageLatency(ns), 40062.0
[CLEANUP], MinLatency(ns), 40062
[CLEANUP], MaxLatency(ns), 40062
[CLEANUP], 95thPercentileLatency(ns), 40062
[CLEANUP], 99thPercentileLatency(ns), 40062
[INSERT], Operations, 1000000
[INSERT], AverageLatency(ns), 2497.788644
[INSERT], MinLatency(ns), 1204
[INSERT], MaxLatency(ns), 233400319
[INSERT], 95thPercentileLatency(ns), 2267
[INSERT], 99thPercentileLatency(ns), 3970
[INSERT], Return=OK, 1000000
[UPDATE], Operations, 1500725
[UPDATE], AverageLatency(ns), 1998.0003191790634
[UPDATE], MinLatency(ns), 977
[UPDATE], MaxLatency(ns), 69488127
[UPDATE], 95thPercentileLatency(ns), 3430
[UPDATE], 99thPercentileLatency(ns), 5109
[UPDATE], Return=OK, 1500725
