/home/anatole/jdk8u/build/linux-x86_64-normal-server-release/jdk/bin/java -Xmx100g -XX:+UseG1GC -XX:InitiatingHeapOccupancyPercent=15 -classpath /home/anatole/ycsb/conf:/home/anatole/ycsb/core/target/core-0.18.0-SNAPSHOT.jar:/home/anatole/ycsb/core/target/dependency/HdrHistogram-2.1.4.jar:/home/anatole/ycsb/core/target/dependency/guava-18.0.jar:/home/anatole/ycsb/core/target/dependency/htrace-core4-4.1.0-incubating.jar:/home/anatole/ycsb/core/target/dependency/jackson-core-asl-1.9.4.jar:/home/anatole/ycsb/core/target/dependency/jackson-mapper-asl-1.9.4.jar:/home/anatole/ycsb/core/target/dependency/javax.persistence-api-2.2.jar:/home/anatole/ycsb/core/target/dependency/jnvm-1.0-SNAPSHOT.jar:/home/anatole/ycsb/core/target/dependency/pcj-1.0.jar:/home/anatole/ycsb/core/target/dependency/unsafe-helper-1.0.jar:/home/anatole/ycsb/infinispan/src/main/conf:/home/anatole/ycsb/infinispan/target/infinispan-binding-0.18.0-SNAPSHOT.jar:/home/anatole/ycsb/infinispan/target/dependency/caffeine-2.6.2.jar:/home/anatole/ycsb/infinispan/target/dependency/gson-2.8.2.jar:/home/anatole/ycsb/infinispan/target/dependency/guava-18.0.jar:/home/anatole/ycsb/infinispan/target/dependency/infinispan-cachestore-jnvm-1.0-SNAPSHOT.jar:/home/anatole/ycsb/infinispan/target/dependency/infinispan-cachestore-pcj-1.0-SNAPSHOT.jar:/home/anatole/ycsb/infinispan/target/dependency/infinispan-client-hotrod-9.4.20.Final.jar:/home/anatole/ycsb/infinispan/target/dependency/infinispan-commons-9.4.20.Final.jar:/home/anatole/ycsb/infinispan/target/dependency/infinispan-core-9.4.20.Final.jar:/home/anatole/ycsb/infinispan/target/dependency/infinispan-persistence-soft-index-9.4.20.Final.jar:/home/anatole/ycsb/infinispan/target/dependency/javax.persistence-api-2.2.jar:/home/anatole/ycsb/infinispan/target/dependency/jboss-logging-3.3.2.Final.jar:/home/anatole/ycsb/infinispan/target/dependency/jboss-marshalling-osgi-2.0.6.Final.jar:/home/anatole/ycsb/infinispan/target/dependency/jboss-transaction-api_1.2_spec-1.1.1.Final.jar:/home/anatole/ycsb/infinispan/target/dependency/jgroups-4.0.21.Final.jar:/home/anatole/ycsb/infinispan/target/dependency/jnvm-1.0-SNAPSHOT.jar:/home/anatole/ycsb/infinispan/target/dependency/metainf-services-1.7.jar:/home/anatole/ycsb/infinispan/target/dependency/netty-buffer-4.1.51.Final.jar:/home/anatole/ycsb/infinispan/target/dependency/netty-codec-4.1.51.Final.jar:/home/anatole/ycsb/infinispan/target/dependency/netty-common-4.1.51.Final.jar:/home/anatole/ycsb/infinispan/target/dependency/netty-handler-4.1.51.Final.jar:/home/anatole/ycsb/infinispan/target/dependency/netty-resolver-4.1.51.Final.jar:/home/anatole/ycsb/infinispan/target/dependency/netty-transport-4.1.51.Final.jar:/home/anatole/ycsb/infinispan/target/dependency/netty-transport-native-epoll-4.1.51.Final-linux-x86_64.jar:/home/anatole/ycsb/infinispan/target/dependency/netty-transport-native-unix-common-4.1.51.Final.jar:/home/anatole/ycsb/infinispan/target/dependency/pcj-1.0.jar:/home/anatole/ycsb/infinispan/target/dependency/reactive-streams-1.0.2.jar:/home/anatole/ycsb/infinispan/target/dependency/rxjava-2.2.4.jar:/home/anatole/ycsb/infinispan/target/dependency/unsafe-helper-1.0.jar site.ycsb.Client -t -db site.ycsb.db.InfinispanClient -P ../workloads/workloadf -preload -s -threads 1 -p dataintegrity=true -p offheap=false -p recordcount=1000000 -p operationcount=3000000 -p fieldcount=10 -p fieldlength=100 -p requestdistribution=zipfian -p measurement.trackjvm=true -p measurementtype=hdrhistogram -p hdrhistogram.output.path=./out/exp7.marshalling.ref/log/infinispan.run.workloadf.true.1000000.1000000.10.100.zipfian.1.false.true.default.default.nullfsvfs.r6.hdr.log
[OVERALL], RunTime(ms), 79896
[OVERALL], Throughput(ops/sec), 50065.08460999299
[TOTAL_GCS_G1_Young_Generation], Count, 39
[TOTAL_GC_TIME_G1_Young_Generation], Time(ms), 4448
[TOTAL_GC_TIME_%_G1_Young_Generation], Time(%), 5.56723740863122
[TOTAL_GCS_G1_Old_Generation], Count, 0
[TOTAL_GC_TIME_G1_Old_Generation], Time(ms), 0
[TOTAL_GC_TIME_%_G1_Old_Generation], Time(%), 0.0
[TOTAL_GCs], Count, 39
[TOTAL_GC_TIME], Time(ms), 4448
[TOTAL_GC_TIME_%], Time(%), 5.56723740863122
[MAX_MEM_USED], MBs, 10318
[MIN_MEM_USED], MBs, 56
[MAX_THREADS], Count, 7
[MIN_THREADS], Count, 3
[MAX_SYS_LOAD_AVG], Load, 4.34
[MIN_SYS_LOAD_AVG], Load, 2.45
[THREAD_COUNT], Operations, 9
[THREAD_COUNT], AverageLatency(ns), 6.333333333333333
[THREAD_COUNT], MinLatency(ns), 3
[THREAD_COUNT], MaxLatency(ns), 7
[THREAD_COUNT], 95thPercentileLatency(ns), 7
[THREAD_COUNT], 99thPercentileLatency(ns), 7
[SYS_LOAD_AVG], Operations, 9
[SYS_LOAD_AVG], AverageLatency(ns), 2.6666666666666665
[SYS_LOAD_AVG], MinLatency(ns), 2
[SYS_LOAD_AVG], MaxLatency(ns), 4
[SYS_LOAD_AVG], 95thPercentileLatency(ns), 4
[SYS_LOAD_AVG], 99thPercentileLatency(ns), 4
[READ-MODIFY-WRITE], Operations, 1499035
[READ-MODIFY-WRITE], AverageLatency(ns), 26716.197845280465
[READ-MODIFY-WRITE], MinLatency(ns), 20215
[READ-MODIFY-WRITE], MaxLatency(ns), 224895999
[READ-MODIFY-WRITE], 95thPercentileLatency(ns), 28538
[READ-MODIFY-WRITE], 99thPercentileLatency(ns), 34016
[LOAD], Operations, 1
[LOAD], AverageLatency(ns), 3.4890186752E10
[LOAD], MinLatency(ns), 34890055680
[LOAD], MaxLatency(ns), 34890317823
[LOAD], 95thPercentileLatency(ns), 34890317823
[LOAD], 99thPercentileLatency(ns), 34890317823
[USED_MEM_MB], Operations, 9
[USED_MEM_MB], AverageLatency(ns), 6385.777777777777
[USED_MEM_MB], MinLatency(ns), 56
[USED_MEM_MB], MaxLatency(ns), 10318
[USED_MEM_MB], 95thPercentileLatency(ns), 10318
[USED_MEM_MB], 99thPercentileLatency(ns), 10318
[MAIN_GCs_Count], Operations, 1
[MAIN_GCs_Count], AverageLatency(ns), 11.0
[MAIN_GCs_Count], MinLatency(ns), 11
[MAIN_GCs_Count], MaxLatency(ns), 11
[MAIN_GCs_Count], 95thPercentileLatency(ns), 11
[MAIN_GCs_Count], 99thPercentileLatency(ns), 11
[MAIN_GCs_Time(ms)], Operations, 1
[MAIN_GCs_Time(ms)], AverageLatency(ns), 1481.0
[MAIN_GCs_Time(ms)], MinLatency(ns), 1481
[MAIN_GCs_Time(ms)], MaxLatency(ns), 1481
[MAIN_GCs_Time(ms)], 95thPercentileLatency(ns), 1481
[MAIN_GCs_Time(ms)], 99thPercentileLatency(ns), 1481
[TRANSACTION], Operations, 1
[TRANSACTION], AverageLatency(ns), 4.4277301248E10
[TRANSACTION], MinLatency(ns), 44277170176
[TRANSACTION], MaxLatency(ns), 44277432319
[TRANSACTION], 95thPercentileLatency(ns), 44277432319
[TRANSACTION], 99thPercentileLatency(ns), 44277432319
[GCS_TIME], Operations, 9
[GCS_TIME], AverageLatency(ns), 494.22222222222223
[GCS_TIME], MinLatency(ns), 0
[GCS_TIME], MaxLatency(ns), 929
[GCS_TIME], 95thPercentileLatency(ns), 929
[GCS_TIME], 99thPercentileLatency(ns), 929
[LOAD_GCs_Time(ms)], Operations, 1
[LOAD_GCs_Time(ms)], AverageLatency(ns), 2939.0
[LOAD_GCs_Time(ms)], MinLatency(ns), 2939
[LOAD_GCs_Time(ms)], MaxLatency(ns), 2939
[LOAD_GCs_Time(ms)], 95thPercentileLatency(ns), 2939
[LOAD_GCs_Time(ms)], 99thPercentileLatency(ns), 2939
[READ], Operations, 3000000
[READ], AverageLatency(ns), 659.118436
[READ], MinLatency(ns), 182
[READ], MaxLatency(ns), 1791943
[READ], 95thPercentileLatency(ns), 1527
[READ], 99thPercentileLatency(ns), 2349
[READ], Return=OK, 3000000
[INIT], Operations, 1
[INIT], AverageLatency(ns), 6.65593856E8
[INIT], MinLatency(ns), 665591808
[INIT], MaxLatency(ns), 665595903
[INIT], 95thPercentileLatency(ns), 665595903
[INIT], 99thPercentileLatency(ns), 665595903
[GCS], Operations, 9
[GCS], AverageLatency(ns), 4.333333333333333
[GCS], MinLatency(ns), 0
[GCS], MaxLatency(ns), 17
[GCS], 95thPercentileLatency(ns), 17
[GCS], 99thPercentileLatency(ns), 17
[LOAD_GCs_Count], Operations, 1
[LOAD_GCs_Count], AverageLatency(ns), 26.0
[LOAD_GCs_Count], MinLatency(ns), 26
[LOAD_GCs_Count], MaxLatency(ns), 26
[LOAD_GCs_Count], 95thPercentileLatency(ns), 26
[LOAD_GCs_Count], 99thPercentileLatency(ns), 26
[CLEANUP], Operations, 1
[CLEANUP], AverageLatency(ns), 14593.0
[CLEANUP], MinLatency(ns), 14593
[CLEANUP], MaxLatency(ns), 14593
[CLEANUP], 95thPercentileLatency(ns), 14593
[CLEANUP], 99thPercentileLatency(ns), 14593
[INSERT], Operations, 1000000
[INSERT], AverageLatency(ns), 25045.581249
[INSERT], MinLatency(ns), 19658
[INSERT], MaxLatency(ns), 214291455
[INSERT], 95thPercentileLatency(ns), 24497
[INSERT], 99thPercentileLatency(ns), 37247
[INSERT], Return=OK, 1000000
[UPDATE], Operations, 1499035
[UPDATE], AverageLatency(ns), 25651.60211936346
[UPDATE], MinLatency(ns), 19462
[UPDATE], MaxLatency(ns), 207157247
[UPDATE], 95thPercentileLatency(ns), 27398
[UPDATE], 99thPercentileLatency(ns), 32586
[UPDATE], Return=OK, 1499035
