/home/anatole/jdk8u/build/linux-x86_64-normal-server-release/jdk/bin/java -Xmx20g -XX:+UseG1GC -classpath /home/anatole/ycsb/conf:/home/anatole/ycsb/core/target/core-0.18.0-SNAPSHOT.jar:/home/anatole/ycsb/core/target/dependency/HdrHistogram-2.1.4.jar:/home/anatole/ycsb/core/target/dependency/guava-18.0.jar:/home/anatole/ycsb/core/target/dependency/htrace-core4-4.1.0-incubating.jar:/home/anatole/ycsb/core/target/dependency/jackson-core-asl-1.9.4.jar:/home/anatole/ycsb/core/target/dependency/jackson-mapper-asl-1.9.4.jar:/home/anatole/ycsb/core/target/dependency/javax.persistence-api-2.2.jar:/home/anatole/ycsb/core/target/dependency/jnvm-1.0-SNAPSHOT.jar:/home/anatole/ycsb/core/target/dependency/pcj-1.0.jar:/home/anatole/ycsb/core/target/dependency/unsafe-helper-1.0.jar:/home/anatole/ycsb/infinispan/src/main/conf:/home/anatole/ycsb/infinispan/target/infinispan-binding-0.18.0-SNAPSHOT.jar:/home/anatole/ycsb/infinispan/target/dependency/caffeine-2.6.2.jar:/home/anatole/ycsb/infinispan/target/dependency/gson-2.8.2.jar:/home/anatole/ycsb/infinispan/target/dependency/guava-18.0.jar:/home/anatole/ycsb/infinispan/target/dependency/infinispan-cachestore-jnvm-1.0-SNAPSHOT.jar:/home/anatole/ycsb/infinispan/target/dependency/infinispan-cachestore-pcj-1.0-SNAPSHOT.jar:/home/anatole/ycsb/infinispan/target/dependency/infinispan-client-hotrod-9.4.20.Final.jar:/home/anatole/ycsb/infinispan/target/dependency/infinispan-commons-9.4.20.Final.jar:/home/anatole/ycsb/infinispan/target/dependency/infinispan-core-9.4.20.Final.jar:/home/anatole/ycsb/infinispan/target/dependency/infinispan-persistence-soft-index-9.4.20.Final.jar:/home/anatole/ycsb/infinispan/target/dependency/javax.persistence-api-2.2.jar:/home/anatole/ycsb/infinispan/target/dependency/jboss-logging-3.3.2.Final.jar:/home/anatole/ycsb/infinispan/target/dependency/jboss-marshalling-osgi-2.0.6.Final.jar:/home/anatole/ycsb/infinispan/target/dependency/jboss-transaction-api_1.2_spec-1.1.1.Final.jar:/home/anatole/ycsb/infinispan/target/dependency/jgroups-4.0.21.Final.jar:/home/anatole/ycsb/infinispan/target/dependency/jnvm-1.0-SNAPSHOT.jar:/home/anatole/ycsb/infinispan/target/dependency/metainf-services-1.7.jar:/home/anatole/ycsb/infinispan/target/dependency/netty-buffer-4.1.51.Final.jar:/home/anatole/ycsb/infinispan/target/dependency/netty-codec-4.1.51.Final.jar:/home/anatole/ycsb/infinispan/target/dependency/netty-common-4.1.51.Final.jar:/home/anatole/ycsb/infinispan/target/dependency/netty-handler-4.1.51.Final.jar:/home/anatole/ycsb/infinispan/target/dependency/netty-resolver-4.1.51.Final.jar:/home/anatole/ycsb/infinispan/target/dependency/netty-transport-4.1.51.Final.jar:/home/anatole/ycsb/infinispan/target/dependency/netty-transport-native-epoll-4.1.51.Final-linux-x86_64.jar:/home/anatole/ycsb/infinispan/target/dependency/netty-transport-native-unix-common-4.1.51.Final.jar:/home/anatole/ycsb/infinispan/target/dependency/pcj-1.0.jar:/home/anatole/ycsb/infinispan/target/dependency/reactive-streams-1.0.2.jar:/home/anatole/ycsb/infinispan/target/dependency/rxjava-2.2.4.jar:/home/anatole/ycsb/infinispan/target/dependency/unsafe-helper-1.0.jar site.ycsb.Client -t -db site.ycsb.db.InfinispanClient -P ../workloads/workloadf -preload -s -threads 1 -p dataintegrity=true -p offheap=false -p recordcount=1000000 -p operationcount=3000000 -p fieldcount=10 -p fieldlength=200 -p requestdistribution=zipfian -p measurement.trackjvm=true -p measurementtype=hdrhistogram -p hdrhistogram.output.path=./out/exp7.marshalling.ref/log/infinispan.run.workloadf.true.1000000.100000.10.200.zipfian.1.false.true.default.default.tmpfs.r6.hdr.log
[OVERALL], RunTime(ms), 172991
[OVERALL], Throughput(ops/sec), 23122.59019255337
[TOTAL_GCS_G1_Young_Generation], Count, 302
[TOTAL_GC_TIME_G1_Young_Generation], Time(ms), 6697
[TOTAL_GC_TIME_%_G1_Young_Generation], Time(%), 3.871299662988248
[TOTAL_GCS_G1_Old_Generation], Count, 0
[TOTAL_GC_TIME_G1_Old_Generation], Time(ms), 0
[TOTAL_GC_TIME_%_G1_Old_Generation], Time(%), 0.0
[TOTAL_GCs], Count, 302
[TOTAL_GC_TIME], Time(ms), 6697
[TOTAL_GC_TIME_%], Time(%), 3.871299662988248
[MAX_MEM_USED], MBs, 5042
[MIN_MEM_USED], MBs, 48
[MAX_THREADS], Count, 7
[MIN_THREADS], Count, 3
[MAX_SYS_LOAD_AVG], Load, 4.97
[MIN_SYS_LOAD_AVG], Load, 2.5
[THREAD_COUNT], Operations, 19
[THREAD_COUNT], AverageLatency(ns), 6.0
[THREAD_COUNT], MinLatency(ns), 3
[THREAD_COUNT], MaxLatency(ns), 7
[THREAD_COUNT], 95thPercentileLatency(ns), 7
[THREAD_COUNT], 99thPercentileLatency(ns), 7
[SYS_LOAD_AVG], Operations, 19
[SYS_LOAD_AVG], AverageLatency(ns), 2.8947368421052633
[SYS_LOAD_AVG], MinLatency(ns), 2
[SYS_LOAD_AVG], MaxLatency(ns), 4
[SYS_LOAD_AVG], 95thPercentileLatency(ns), 4
[SYS_LOAD_AVG], 99thPercentileLatency(ns), 4
[READ-MODIFY-WRITE], Operations, 1498967
[READ-MODIFY-WRITE], AverageLatency(ns), 52650.90852233572
[READ-MODIFY-WRITE], MinLatency(ns), 24322
[READ-MODIFY-WRITE], MaxLatency(ns), 172239871
[READ-MODIFY-WRITE], 95thPercentileLatency(ns), 71104
[READ-MODIFY-WRITE], 99thPercentileLatency(ns), 88605
[LOAD], Operations, 1
[LOAD], AverageLatency(ns), 5.5342661632E10
[LOAD], MinLatency(ns), 55342530560
[LOAD], MaxLatency(ns), 55342792703
[LOAD], 95thPercentileLatency(ns), 55342792703
[LOAD], 99thPercentileLatency(ns), 55342792703
[USED_MEM_MB], Operations, 19
[USED_MEM_MB], AverageLatency(ns), 2146.4210526315787
[USED_MEM_MB], MinLatency(ns), 48
[USED_MEM_MB], MaxLatency(ns), 5042
[USED_MEM_MB], 95thPercentileLatency(ns), 4846
[USED_MEM_MB], 99thPercentileLatency(ns), 5042
[MAIN_GCs_Count], Operations, 1
[MAIN_GCs_Count], AverageLatency(ns), 178.0
[MAIN_GCs_Count], MinLatency(ns), 178
[MAIN_GCs_Count], MaxLatency(ns), 178
[MAIN_GCs_Count], 95thPercentileLatency(ns), 178
[MAIN_GCs_Count], 99thPercentileLatency(ns), 178
[MAIN_GCs_Time(ms)], Operations, 1
[MAIN_GCs_Time(ms)], AverageLatency(ns), 4491.0
[MAIN_GCs_Time(ms)], MinLatency(ns), 4491
[MAIN_GCs_Time(ms)], MaxLatency(ns), 4491
[MAIN_GCs_Time(ms)], 95thPercentileLatency(ns), 4491
[MAIN_GCs_Time(ms)], 99thPercentileLatency(ns), 4491
[TRANSACTION], Operations, 1
[TRANSACTION], AverageLatency(ns), 1.16889223168E11
[TRANSACTION], MinLatency(ns), 116888961024
[TRANSACTION], MaxLatency(ns), 116889485311
[TRANSACTION], 95thPercentileLatency(ns), 116889485311
[TRANSACTION], 99thPercentileLatency(ns), 116889485311
[GCS_TIME], Operations, 19
[GCS_TIME], AverageLatency(ns), 352.4736842105263
[GCS_TIME], MinLatency(ns), 0
[GCS_TIME], MaxLatency(ns), 772
[GCS_TIME], 95thPercentileLatency(ns), 669
[GCS_TIME], 99thPercentileLatency(ns), 772
[LOAD_GCs_Time(ms)], Operations, 1
[LOAD_GCs_Time(ms)], AverageLatency(ns), 2167.0
[LOAD_GCs_Time(ms)], MinLatency(ns), 2167
[LOAD_GCs_Time(ms)], MaxLatency(ns), 2167
[LOAD_GCs_Time(ms)], 95thPercentileLatency(ns), 2167
[LOAD_GCs_Time(ms)], 99thPercentileLatency(ns), 2167
[READ], Operations, 3000000
[READ], AverageLatency(ns), 20927.639067666667
[READ], MinLatency(ns), 225
[READ], MaxLatency(ns), 140116991
[READ], 95thPercentileLatency(ns), 40378
[READ], 99thPercentileLatency(ns), 49934
[READ], Return=OK, 3000000
[INIT], Operations, 1
[INIT], AverageLatency(ns), 6.84681216E8
[INIT], MinLatency(ns), 684679168
[INIT], MaxLatency(ns), 684683263
[INIT], 95thPercentileLatency(ns), 684683263
[INIT], 99thPercentileLatency(ns), 684683263
[GCS], Operations, 19
[GCS], AverageLatency(ns), 15.894736842105264
[GCS], MinLatency(ns), 0
[GCS], MaxLatency(ns), 35
[GCS], 95thPercentileLatency(ns), 33
[GCS], 99thPercentileLatency(ns), 35
[LOAD_GCs_Count], Operations, 1
[LOAD_GCs_Count], AverageLatency(ns), 122.0
[LOAD_GCs_Count], MinLatency(ns), 122
[LOAD_GCs_Count], MaxLatency(ns), 122
[LOAD_GCs_Count], 95thPercentileLatency(ns), 122
[LOAD_GCs_Count], 99thPercentileLatency(ns), 122
[CLEANUP], Operations, 1
[CLEANUP], AverageLatency(ns), 19066.0
[CLEANUP], MinLatency(ns), 19066
[CLEANUP], MaxLatency(ns), 19066
[CLEANUP], 95thPercentileLatency(ns), 19066
[CLEANUP], 99thPercentileLatency(ns), 19066
[INSERT], Operations, 1000000
[INSERT], AverageLatency(ns), 29902.926731
[INSERT], MinLatency(ns), 23662
[INSERT], MaxLatency(ns), 83985407
[INSERT], 95thPercentileLatency(ns), 35276
[INSERT], 99thPercentileLatency(ns), 49456
[INSERT], Return=OK, 1000000
[UPDATE], Operations, 1498967
[UPDATE], AverageLatency(ns), 30991.579560457303
[UPDATE], MinLatency(ns), 23674
[UPDATE], MaxLatency(ns), 152496127
[UPDATE], 95thPercentileLatency(ns), 36072
[UPDATE], 99thPercentileLatency(ns), 42816
[UPDATE], Return=OK, 1498967
