/home/anatole/jdk8u/build/linux-x86_64-normal-server-release/jdk/bin/java -Xmx20g -XX:+UseG1GC -classpath /home/anatole/ycsb/conf:/home/anatole/ycsb/core/target/core-0.18.0-SNAPSHOT.jar:/home/anatole/ycsb/core/target/dependency/HdrHistogram-2.1.4.jar:/home/anatole/ycsb/core/target/dependency/guava-18.0.jar:/home/anatole/ycsb/core/target/dependency/htrace-core4-4.1.0-incubating.jar:/home/anatole/ycsb/core/target/dependency/jackson-core-asl-1.9.4.jar:/home/anatole/ycsb/core/target/dependency/jackson-mapper-asl-1.9.4.jar:/home/anatole/ycsb/core/target/dependency/javax.persistence-api-2.2.jar:/home/anatole/ycsb/core/target/dependency/jnvm-1.0-SNAPSHOT.jar:/home/anatole/ycsb/core/target/dependency/pcj-1.0.jar:/home/anatole/ycsb/core/target/dependency/unsafe-helper-1.0.jar:/home/anatole/ycsb/infinispan/src/main/conf:/home/anatole/ycsb/infinispan/target/infinispan-binding-0.18.0-SNAPSHOT.jar:/home/anatole/ycsb/infinispan/target/dependency/caffeine-2.6.2.jar:/home/anatole/ycsb/infinispan/target/dependency/gson-2.8.2.jar:/home/anatole/ycsb/infinispan/target/dependency/guava-18.0.jar:/home/anatole/ycsb/infinispan/target/dependency/infinispan-cachestore-jnvm-1.0-SNAPSHOT.jar:/home/anatole/ycsb/infinispan/target/dependency/infinispan-cachestore-pcj-1.0-SNAPSHOT.jar:/home/anatole/ycsb/infinispan/target/dependency/infinispan-client-hotrod-9.4.20.Final.jar:/home/anatole/ycsb/infinispan/target/dependency/infinispan-commons-9.4.20.Final.jar:/home/anatole/ycsb/infinispan/target/dependency/infinispan-core-9.4.20.Final.jar:/home/anatole/ycsb/infinispan/target/dependency/infinispan-persistence-soft-index-9.4.20.Final.jar:/home/anatole/ycsb/infinispan/target/dependency/javax.persistence-api-2.2.jar:/home/anatole/ycsb/infinispan/target/dependency/jboss-logging-3.3.2.Final.jar:/home/anatole/ycsb/infinispan/target/dependency/jboss-marshalling-osgi-2.0.6.Final.jar:/home/anatole/ycsb/infinispan/target/dependency/jboss-transaction-api_1.2_spec-1.1.1.Final.jar:/home/anatole/ycsb/infinispan/target/dependency/jgroups-4.0.21.Final.jar:/home/anatole/ycsb/infinispan/target/dependency/jnvm-1.0-SNAPSHOT.jar:/home/anatole/ycsb/infinispan/target/dependency/metainf-services-1.7.jar:/home/anatole/ycsb/infinispan/target/dependency/netty-buffer-4.1.51.Final.jar:/home/anatole/ycsb/infinispan/target/dependency/netty-codec-4.1.51.Final.jar:/home/anatole/ycsb/infinispan/target/dependency/netty-common-4.1.51.Final.jar:/home/anatole/ycsb/infinispan/target/dependency/netty-handler-4.1.51.Final.jar:/home/anatole/ycsb/infinispan/target/dependency/netty-resolver-4.1.51.Final.jar:/home/anatole/ycsb/infinispan/target/dependency/netty-transport-4.1.51.Final.jar:/home/anatole/ycsb/infinispan/target/dependency/netty-transport-native-epoll-4.1.51.Final-linux-x86_64.jar:/home/anatole/ycsb/infinispan/target/dependency/netty-transport-native-unix-common-4.1.51.Final.jar:/home/anatole/ycsb/infinispan/target/dependency/pcj-1.0.jar:/home/anatole/ycsb/infinispan/target/dependency/reactive-streams-1.0.2.jar:/home/anatole/ycsb/infinispan/target/dependency/rxjava-2.2.4.jar:/home/anatole/ycsb/infinispan/target/dependency/unsafe-helper-1.0.jar site.ycsb.Client -t -db site.ycsb.db.InfinispanClient -P ../workloads/workloadf -preload -s -threads 1 -p dataintegrity=true -p offheap=false -p recordcount=1000000 -p operationcount=3000000 -p fieldcount=10 -p fieldlength=300 -p requestdistribution=zipfian -p measurement.trackjvm=true -p measurementtype=hdrhistogram -p hdrhistogram.output.path=./out/exp7.marshalling.ref/log/infinispan.run.workloadf.true.1000000.100000.10.300.zipfian.1.false.true.default.default.tmpfs.r4.hdr.log
[OVERALL], RunTime(ms), 209620
[OVERALL], Throughput(ops/sec), 19082.148649937983
[TOTAL_GCS_G1_Young_Generation], Count, 317
[TOTAL_GC_TIME_G1_Young_Generation], Time(ms), 7577
[TOTAL_GC_TIME_%_G1_Young_Generation], Time(%), 3.6146360080145024
[TOTAL_GCS_G1_Old_Generation], Count, 0
[TOTAL_GC_TIME_G1_Old_Generation], Time(ms), 0
[TOTAL_GC_TIME_%_G1_Old_Generation], Time(%), 0.0
[TOTAL_GCs], Count, 317
[TOTAL_GC_TIME], Time(ms), 7577
[TOTAL_GC_TIME_%], Time(%), 3.6146360080145024
[MAX_MEM_USED], MBs, 6054
[MIN_MEM_USED], MBs, 48
[MAX_THREADS], Count, 7
[MIN_THREADS], Count, 3
[MAX_SYS_LOAD_AVG], Load, 4.18
[MIN_SYS_LOAD_AVG], Load, 1.77
[THREAD_COUNT], Operations, 22
[THREAD_COUNT], AverageLatency(ns), 5.863636363636363
[THREAD_COUNT], MinLatency(ns), 3
[THREAD_COUNT], MaxLatency(ns), 7
[THREAD_COUNT], 95thPercentileLatency(ns), 7
[THREAD_COUNT], 99thPercentileLatency(ns), 7
[SYS_LOAD_AVG], Operations, 22
[SYS_LOAD_AVG], AverageLatency(ns), 2.272727272727273
[SYS_LOAD_AVG], MinLatency(ns), 1
[SYS_LOAD_AVG], MaxLatency(ns), 4
[SYS_LOAD_AVG], 95thPercentileLatency(ns), 4
[SYS_LOAD_AVG], 99thPercentileLatency(ns), 4
[READ-MODIFY-WRITE], Operations, 1499206
[READ-MODIFY-WRITE], AverageLatency(ns), 54233.76183659884
[READ-MODIFY-WRITE], MinLatency(ns), 26920
[READ-MODIFY-WRITE], MaxLatency(ns), 182978559
[READ-MODIFY-WRITE], 95thPercentileLatency(ns), 72057
[READ-MODIFY-WRITE], 99thPercentileLatency(ns), 78942
[LOAD], Operations, 1
[LOAD], AverageLatency(ns), 8.6446964736E10
[LOAD], MinLatency(ns), 86446702592
[LOAD], MaxLatency(ns), 86447226879
[LOAD], 95thPercentileLatency(ns), 86447226879
[LOAD], 99thPercentileLatency(ns), 86447226879
[USED_MEM_MB], Operations, 22
[USED_MEM_MB], AverageLatency(ns), 2844.0
[USED_MEM_MB], MinLatency(ns), 48
[USED_MEM_MB], MaxLatency(ns), 6054
[USED_MEM_MB], 95thPercentileLatency(ns), 5800
[USED_MEM_MB], 99thPercentileLatency(ns), 6054
[MAIN_GCs_Count], Operations, 1
[MAIN_GCs_Count], AverageLatency(ns), 48.0
[MAIN_GCs_Count], MinLatency(ns), 48
[MAIN_GCs_Count], MaxLatency(ns), 48
[MAIN_GCs_Count], 95thPercentileLatency(ns), 48
[MAIN_GCs_Count], 99thPercentileLatency(ns), 48
[MAIN_GCs_Time(ms)], Operations, 1
[MAIN_GCs_Time(ms)], AverageLatency(ns), 3857.0
[MAIN_GCs_Time(ms)], MinLatency(ns), 3857
[MAIN_GCs_Time(ms)], MaxLatency(ns), 3857
[MAIN_GCs_Time(ms)], 95thPercentileLatency(ns), 3857
[MAIN_GCs_Time(ms)], 99thPercentileLatency(ns), 3857
[TRANSACTION], Operations, 1
[TRANSACTION], AverageLatency(ns), 1.22430947328E11
[TRANSACTION], MinLatency(ns), 122430685184
[TRANSACTION], MaxLatency(ns), 122431209471
[TRANSACTION], 95thPercentileLatency(ns), 122431209471
[TRANSACTION], 99thPercentileLatency(ns), 122431209471
[GCS_TIME], Operations, 22
[GCS_TIME], AverageLatency(ns), 344.40909090909093
[GCS_TIME], MinLatency(ns), 0
[GCS_TIME], MaxLatency(ns), 776
[GCS_TIME], 95thPercentileLatency(ns), 645
[GCS_TIME], 99thPercentileLatency(ns), 776
[LOAD_GCs_Time(ms)], Operations, 1
[LOAD_GCs_Time(ms)], AverageLatency(ns), 3683.0
[LOAD_GCs_Time(ms)], MinLatency(ns), 3683
[LOAD_GCs_Time(ms)], MaxLatency(ns), 3683
[LOAD_GCs_Time(ms)], 95thPercentileLatency(ns), 3683
[LOAD_GCs_Time(ms)], 99thPercentileLatency(ns), 3683
[READ], Operations, 3000000
[READ], AverageLatency(ns), 20852.251568666667
[READ], MinLatency(ns), 217
[READ], MaxLatency(ns), 176955391
[READ], 95thPercentileLatency(ns), 39662
[READ], 99thPercentileLatency(ns), 43407
[READ], Return=OK, 3000000
[INIT], Operations, 1
[INIT], AverageLatency(ns), 6.68280832E8
[INIT], MinLatency(ns), 668278784
[INIT], MaxLatency(ns), 668282879
[INIT], 95thPercentileLatency(ns), 668282879
[INIT], 99thPercentileLatency(ns), 668282879
[GCS], Operations, 22
[GCS], AverageLatency(ns), 14.409090909090908
[GCS], MinLatency(ns), 0
[GCS], MaxLatency(ns), 37
[GCS], 95thPercentileLatency(ns), 34
[GCS], 99thPercentileLatency(ns), 37
[LOAD_GCs_Count], Operations, 1
[LOAD_GCs_Count], AverageLatency(ns), 267.0
[LOAD_GCs_Count], MinLatency(ns), 267
[LOAD_GCs_Count], MaxLatency(ns), 267
[LOAD_GCs_Count], 95thPercentileLatency(ns), 267
[LOAD_GCs_Count], 99thPercentileLatency(ns), 267
[CLEANUP], Operations, 1
[CLEANUP], AverageLatency(ns), 22518.0
[CLEANUP], MinLatency(ns), 22518
[CLEANUP], MaxLatency(ns), 22518
[CLEANUP], 95thPercentileLatency(ns), 22518
[CLEANUP], 99thPercentileLatency(ns), 22518
[INSERT], Operations, 1000000
[INSERT], AverageLatency(ns), 34990.491378
[INSERT], MinLatency(ns), 27014
[INSERT], MaxLatency(ns), 70459391
[INSERT], 95thPercentileLatency(ns), 41772
[INSERT], 99thPercentileLatency(ns), 57392
[INSERT], Return=OK, 1000000
[UPDATE], Operations, 1499206
[UPDATE], AverageLatency(ns), 32816.662689450284
[UPDATE], MinLatency(ns), 26153
[UPDATE], MaxLatency(ns), 156588031
[UPDATE], 95thPercentileLatency(ns), 34817
[UPDATE], 99thPercentileLatency(ns), 39390
[UPDATE], Return=OK, 1499206
