/home/anatole/jdk8u/build/linux-x86_64-normal-server-release/jdk/bin/java -Xmx100g -XX:+UseG1GC -XX:InitiatingHeapOccupancyPercent=15 -classpath /home/anatole/ycsb/conf:/home/anatole/ycsb/core/target/core-0.18.0-SNAPSHOT.jar:/home/anatole/ycsb/core/target/dependency/HdrHistogram-2.1.4.jar:/home/anatole/ycsb/core/target/dependency/guava-18.0.jar:/home/anatole/ycsb/core/target/dependency/htrace-core4-4.1.0-incubating.jar:/home/anatole/ycsb/core/target/dependency/jackson-core-asl-1.9.4.jar:/home/anatole/ycsb/core/target/dependency/jackson-mapper-asl-1.9.4.jar:/home/anatole/ycsb/core/target/dependency/javax.persistence-api-2.2.jar:/home/anatole/ycsb/core/target/dependency/jnvm-1.0-SNAPSHOT.jar:/home/anatole/ycsb/core/target/dependency/pcj-1.0.jar:/home/anatole/ycsb/core/target/dependency/unsafe-helper-1.0.jar:/home/anatole/ycsb/infinispan/src/main/conf:/home/anatole/ycsb/infinispan/target/infinispan-binding-0.18.0-SNAPSHOT.jar:/home/anatole/ycsb/infinispan/target/dependency/caffeine-2.6.2.jar:/home/anatole/ycsb/infinispan/target/dependency/gson-2.8.2.jar:/home/anatole/ycsb/infinispan/target/dependency/guava-18.0.jar:/home/anatole/ycsb/infinispan/target/dependency/infinispan-cachestore-jnvm-1.0-SNAPSHOT.jar:/home/anatole/ycsb/infinispan/target/dependency/infinispan-cachestore-pcj-1.0-SNAPSHOT.jar:/home/anatole/ycsb/infinispan/target/dependency/infinispan-client-hotrod-9.4.20.Final.jar:/home/anatole/ycsb/infinispan/target/dependency/infinispan-commons-9.4.20.Final.jar:/home/anatole/ycsb/infinispan/target/dependency/infinispan-core-9.4.20.Final.jar:/home/anatole/ycsb/infinispan/target/dependency/infinispan-persistence-soft-index-9.4.20.Final.jar:/home/anatole/ycsb/infinispan/target/dependency/javax.persistence-api-2.2.jar:/home/anatole/ycsb/infinispan/target/dependency/jboss-logging-3.3.2.Final.jar:/home/anatole/ycsb/infinispan/target/dependency/jboss-marshalling-osgi-2.0.6.Final.jar:/home/anatole/ycsb/infinispan/target/dependency/jboss-transaction-api_1.2_spec-1.1.1.Final.jar:/home/anatole/ycsb/infinispan/target/dependency/jgroups-4.0.21.Final.jar:/home/anatole/ycsb/infinispan/target/dependency/jnvm-1.0-SNAPSHOT.jar:/home/anatole/ycsb/infinispan/target/dependency/metainf-services-1.7.jar:/home/anatole/ycsb/infinispan/target/dependency/netty-buffer-4.1.51.Final.jar:/home/anatole/ycsb/infinispan/target/dependency/netty-codec-4.1.51.Final.jar:/home/anatole/ycsb/infinispan/target/dependency/netty-common-4.1.51.Final.jar:/home/anatole/ycsb/infinispan/target/dependency/netty-handler-4.1.51.Final.jar:/home/anatole/ycsb/infinispan/target/dependency/netty-resolver-4.1.51.Final.jar:/home/anatole/ycsb/infinispan/target/dependency/netty-transport-4.1.51.Final.jar:/home/anatole/ycsb/infinispan/target/dependency/netty-transport-native-epoll-4.1.51.Final-linux-x86_64.jar:/home/anatole/ycsb/infinispan/target/dependency/netty-transport-native-unix-common-4.1.51.Final.jar:/home/anatole/ycsb/infinispan/target/dependency/pcj-1.0.jar:/home/anatole/ycsb/infinispan/target/dependency/reactive-streams-1.0.2.jar:/home/anatole/ycsb/infinispan/target/dependency/rxjava-2.2.4.jar:/home/anatole/ycsb/infinispan/target/dependency/unsafe-helper-1.0.jar site.ycsb.Client -t -db site.ycsb.db.InfinispanClient -P ../workloads/workloadf -preload -s -threads 1 -p dataintegrity=true -p offheap=false -p recordcount=1000000 -p operationcount=3000000 -p fieldcount=10 -p fieldlength=900 -p requestdistribution=zipfian -p measurement.trackjvm=true -p measurementtype=hdrhistogram -p hdrhistogram.output.path=./out/exp7.marshalling.ref/log/infinispan.run.workloadf.true.1000000.1000000.10.900.zipfian.1.false.true.default.default.none.r12.hdr.log
[OVERALL], RunTime(ms), 546080
[OVERALL], Throughput(ops/sec), 7324.93407559332
[TOTAL_GCS_G1_Young_Generation], Count, 468
[TOTAL_GC_TIME_G1_Young_Generation], Time(ms), 27658
[TOTAL_GC_TIME_%_G1_Young_Generation], Time(%), 5.064825666569001
[TOTAL_GCS_G1_Old_Generation], Count, 0
[TOTAL_GC_TIME_G1_Old_Generation], Time(ms), 0
[TOTAL_GC_TIME_%_G1_Old_Generation], Time(%), 0.0
[TOTAL_GCs], Count, 468
[TOTAL_GC_TIME], Time(ms), 27658
[TOTAL_GC_TIME_%], Time(%), 5.064825666569001
[MAX_MEM_USED], MBs, 35724
[MIN_MEM_USED], MBs, 56
[MAX_THREADS], Count, 6
[MIN_THREADS], Count, 3
[MAX_SYS_LOAD_AVG], Load, 8.94
[MIN_SYS_LOAD_AVG], Load, 1.44
[THREAD_COUNT], Operations, 56
[THREAD_COUNT], AverageLatency(ns), 4.357142857142857
[THREAD_COUNT], MinLatency(ns), 3
[THREAD_COUNT], MaxLatency(ns), 6
[THREAD_COUNT], 95thPercentileLatency(ns), 6
[THREAD_COUNT], 99thPercentileLatency(ns), 6
[SYS_LOAD_AVG], Operations, 56
[SYS_LOAD_AVG], AverageLatency(ns), 3.25
[SYS_LOAD_AVG], MinLatency(ns), 1
[SYS_LOAD_AVG], MaxLatency(ns), 8
[SYS_LOAD_AVG], 95thPercentileLatency(ns), 8
[SYS_LOAD_AVG], 99thPercentileLatency(ns), 8
[READ-MODIFY-WRITE], Operations, 1499177
[READ-MODIFY-WRITE], AverageLatency(ns), 24894.059481302076
[READ-MODIFY-WRITE], MinLatency(ns), 1488
[READ-MODIFY-WRITE], MaxLatency(ns), 476710911
[READ-MODIFY-WRITE], 95thPercentileLatency(ns), 7694
[READ-MODIFY-WRITE], 99thPercentileLatency(ns), 18351
[LOAD], Operations, 1
[LOAD], AverageLatency(ns), 4.2277011456E11
[LOAD], MinLatency(ns), 422769065984
[LOAD], MaxLatency(ns), 422771163135
[LOAD], 95thPercentileLatency(ns), 422771163135
[LOAD], 99thPercentileLatency(ns), 422771163135
[USED_MEM_MB], Operations, 56
[USED_MEM_MB], AverageLatency(ns), 17187.51785714286
[USED_MEM_MB], MinLatency(ns), 56
[USED_MEM_MB], MaxLatency(ns), 35724
[USED_MEM_MB], 95thPercentileLatency(ns), 26055
[USED_MEM_MB], 99thPercentileLatency(ns), 33066
[MAIN_GCs_Count], Operations, 1
[MAIN_GCs_Count], AverageLatency(ns), 22.0
[MAIN_GCs_Count], MinLatency(ns), 22
[MAIN_GCs_Count], MaxLatency(ns), 22
[MAIN_GCs_Count], 95thPercentileLatency(ns), 22
[MAIN_GCs_Count], 99thPercentileLatency(ns), 22
[MAIN_GCs_Time(ms)], Operations, 1
[MAIN_GCs_Time(ms)], AverageLatency(ns), 3515.0
[MAIN_GCs_Time(ms)], MinLatency(ns), 3515
[MAIN_GCs_Time(ms)], MaxLatency(ns), 3515
[MAIN_GCs_Time(ms)], 95thPercentileLatency(ns), 3515
[MAIN_GCs_Time(ms)], 99thPercentileLatency(ns), 3515
[TRANSACTION], Operations, 1
[TRANSACTION], AverageLatency(ns), 1.21617252352E11
[TRANSACTION], MinLatency(ns), 121616990208
[TRANSACTION], MaxLatency(ns), 121617514495
[TRANSACTION], 95thPercentileLatency(ns), 121617514495
[TRANSACTION], 99thPercentileLatency(ns), 121617514495
[GCS_TIME], Operations, 56
[GCS_TIME], AverageLatency(ns), 493.89285714285717
[GCS_TIME], MinLatency(ns), 0
[GCS_TIME], MaxLatency(ns), 6535
[GCS_TIME], 95thPercentileLatency(ns), 702
[GCS_TIME], 99thPercentileLatency(ns), 757
[LOAD_GCs_Time(ms)], Operations, 1
[LOAD_GCs_Time(ms)], AverageLatency(ns), 24110.0
[LOAD_GCs_Time(ms)], MinLatency(ns), 24110
[LOAD_GCs_Time(ms)], MaxLatency(ns), 24110
[LOAD_GCs_Time(ms)], 95thPercentileLatency(ns), 24110
[LOAD_GCs_Time(ms)], 99thPercentileLatency(ns), 24110
[READ], Operations, 3000000
[READ], AverageLatency(ns), 9270.752379333333
[READ], MinLatency(ns), 160
[READ], MaxLatency(ns), 3011264511
[READ], 95thPercentileLatency(ns), 2098
[READ], 99thPercentileLatency(ns), 3925
[READ], Return=OK, 3000000
[INIT], Operations, 1
[INIT], AverageLatency(ns), 1.046308864E9
[INIT], MinLatency(ns), 1046306816
[INIT], MaxLatency(ns), 1046310911
[INIT], 95thPercentileLatency(ns), 1046310911
[INIT], 99thPercentileLatency(ns), 1046310911
[GCS], Operations, 56
[GCS], AverageLatency(ns), 8.357142857142858
[GCS], MinLatency(ns), 0
[GCS], MaxLatency(ns), 84
[GCS], 95thPercentileLatency(ns), 33
[GCS], 99thPercentileLatency(ns), 55
[LOAD_GCs_Count], Operations, 1
[LOAD_GCs_Count], AverageLatency(ns), 444.0
[LOAD_GCs_Count], MinLatency(ns), 444
[LOAD_GCs_Count], MaxLatency(ns), 444
[LOAD_GCs_Count], 95thPercentileLatency(ns), 444
[LOAD_GCs_Count], 99thPercentileLatency(ns), 444
[CLEANUP], Operations, 1
[CLEANUP], AverageLatency(ns), 24020.0
[CLEANUP], MinLatency(ns), 24020
[CLEANUP], MaxLatency(ns), 24020
[CLEANUP], 95thPercentileLatency(ns), 24020
[CLEANUP], 99thPercentileLatency(ns), 24020
[INSERT], Operations, 1000000
[INSERT], AverageLatency(ns), 4039.954341
[INSERT], MinLatency(ns), 1442
[INSERT], MaxLatency(ns), 199606271
[INSERT], 95thPercentileLatency(ns), 4129
[INSERT], 99thPercentileLatency(ns), 7139
[INSERT], Return=OK, 1000000
[UPDATE], Operations, 1499177
[UPDATE], AverageLatency(ns), 15981.998874715928
[UPDATE], MinLatency(ns), 945
[UPDATE], MaxLatency(ns), 262982655
[UPDATE], 95thPercentileLatency(ns), 5697
[UPDATE], 99thPercentileLatency(ns), 14670
[UPDATE], Return=OK, 1499177
