/home/anatole/jdk8u/build/linux-x86_64-normal-server-release/jdk/bin/java -Xmx100g -XX:+UseG1GC -XX:InitiatingHeapOccupancyPercent=15 -classpath /home/anatole/ycsb/conf:/home/anatole/ycsb/core/target/core-0.18.0-SNAPSHOT.jar:/home/anatole/ycsb/core/target/dependency/HdrHistogram-2.1.4.jar:/home/anatole/ycsb/core/target/dependency/guava-18.0.jar:/home/anatole/ycsb/core/target/dependency/htrace-core4-4.1.0-incubating.jar:/home/anatole/ycsb/core/target/dependency/jackson-core-asl-1.9.4.jar:/home/anatole/ycsb/core/target/dependency/jackson-mapper-asl-1.9.4.jar:/home/anatole/ycsb/core/target/dependency/javax.persistence-api-2.2.jar:/home/anatole/ycsb/core/target/dependency/jnvm-1.0-SNAPSHOT.jar:/home/anatole/ycsb/core/target/dependency/pcj-1.0.jar:/home/anatole/ycsb/core/target/dependency/unsafe-helper-1.0.jar:/home/anatole/ycsb/infinispan/src/main/conf:/home/anatole/ycsb/infinispan/target/infinispan-binding-0.18.0-SNAPSHOT.jar:/home/anatole/ycsb/infinispan/target/dependency/caffeine-2.6.2.jar:/home/anatole/ycsb/infinispan/target/dependency/gson-2.8.2.jar:/home/anatole/ycsb/infinispan/target/dependency/guava-18.0.jar:/home/anatole/ycsb/infinispan/target/dependency/infinispan-cachestore-jnvm-1.0-SNAPSHOT.jar:/home/anatole/ycsb/infinispan/target/dependency/infinispan-cachestore-pcj-1.0-SNAPSHOT.jar:/home/anatole/ycsb/infinispan/target/dependency/infinispan-client-hotrod-9.4.20.Final.jar:/home/anatole/ycsb/infinispan/target/dependency/infinispan-commons-9.4.20.Final.jar:/home/anatole/ycsb/infinispan/target/dependency/infinispan-core-9.4.20.Final.jar:/home/anatole/ycsb/infinispan/target/dependency/infinispan-persistence-soft-index-9.4.20.Final.jar:/home/anatole/ycsb/infinispan/target/dependency/javax.persistence-api-2.2.jar:/home/anatole/ycsb/infinispan/target/dependency/jboss-logging-3.3.2.Final.jar:/home/anatole/ycsb/infinispan/target/dependency/jboss-marshalling-osgi-2.0.6.Final.jar:/home/anatole/ycsb/infinispan/target/dependency/jboss-transaction-api_1.2_spec-1.1.1.Final.jar:/home/anatole/ycsb/infinispan/target/dependency/jgroups-4.0.21.Final.jar:/home/anatole/ycsb/infinispan/target/dependency/jnvm-1.0-SNAPSHOT.jar:/home/anatole/ycsb/infinispan/target/dependency/metainf-services-1.7.jar:/home/anatole/ycsb/infinispan/target/dependency/netty-buffer-4.1.51.Final.jar:/home/anatole/ycsb/infinispan/target/dependency/netty-codec-4.1.51.Final.jar:/home/anatole/ycsb/infinispan/target/dependency/netty-common-4.1.51.Final.jar:/home/anatole/ycsb/infinispan/target/dependency/netty-handler-4.1.51.Final.jar:/home/anatole/ycsb/infinispan/target/dependency/netty-resolver-4.1.51.Final.jar:/home/anatole/ycsb/infinispan/target/dependency/netty-transport-4.1.51.Final.jar:/home/anatole/ycsb/infinispan/target/dependency/netty-transport-native-epoll-4.1.51.Final-linux-x86_64.jar:/home/anatole/ycsb/infinispan/target/dependency/netty-transport-native-unix-common-4.1.51.Final.jar:/home/anatole/ycsb/infinispan/target/dependency/pcj-1.0.jar:/home/anatole/ycsb/infinispan/target/dependency/reactive-streams-1.0.2.jar:/home/anatole/ycsb/infinispan/target/dependency/rxjava-2.2.4.jar:/home/anatole/ycsb/infinispan/target/dependency/unsafe-helper-1.0.jar site.ycsb.Client -t -db site.ycsb.db.InfinispanClient -P ../workloads/workloadf -preload -s -threads 1 -p dataintegrity=true -p offheap=false -p recordcount=1000000 -p operationcount=3000000 -p fieldcount=10 -p fieldlength=600 -p requestdistribution=zipfian -p measurement.trackjvm=true -p measurementtype=hdrhistogram -p hdrhistogram.output.path=./out/exp7.marshalling.ref/log/infinispan.run.workloadf.true.1000000.1000000.10.600.zipfian.1.false.true.default.default.pmem0.r6.hdr.log
[OVERALL], RunTime(ms), 364302
[OVERALL], Throughput(ops/sec), 10979.901290687396
[TOTAL_GCS_G1_Young_Generation], Count, 846
[TOTAL_GC_TIME_G1_Young_Generation], Time(ms), 24046
[TOTAL_GC_TIME_%_G1_Young_Generation], Time(%), 6.600567660896727
[TOTAL_GCS_G1_Old_Generation], Count, 0
[TOTAL_GC_TIME_G1_Old_Generation], Time(ms), 0
[TOTAL_GC_TIME_%_G1_Old_Generation], Time(%), 0.0
[TOTAL_GCs], Count, 846
[TOTAL_GC_TIME], Time(ms), 24046
[TOTAL_GC_TIME_%], Time(%), 6.600567660896727
[MAX_MEM_USED], MBs, 16424
[MIN_MEM_USED], MBs, 56
[MAX_THREADS], Count, 7
[MIN_THREADS], Count, 3
[MAX_SYS_LOAD_AVG], Load, 7.86
[MIN_SYS_LOAD_AVG], Load, 2.41
[THREAD_COUNT], Operations, 38
[THREAD_COUNT], AverageLatency(ns), 5.5
[THREAD_COUNT], MinLatency(ns), 3
[THREAD_COUNT], MaxLatency(ns), 7
[THREAD_COUNT], 95thPercentileLatency(ns), 7
[THREAD_COUNT], 99thPercentileLatency(ns), 7
[SYS_LOAD_AVG], Operations, 38
[SYS_LOAD_AVG], AverageLatency(ns), 4.447368421052632
[SYS_LOAD_AVG], MinLatency(ns), 2
[SYS_LOAD_AVG], MaxLatency(ns), 7
[SYS_LOAD_AVG], 95thPercentileLatency(ns), 7
[SYS_LOAD_AVG], 99thPercentileLatency(ns), 7
[READ-MODIFY-WRITE], Operations, 1499043
[READ-MODIFY-WRITE], AverageLatency(ns), 52202.04412348411
[READ-MODIFY-WRITE], MinLatency(ns), 36171
[READ-MODIFY-WRITE], MaxLatency(ns), 201075711
[READ-MODIFY-WRITE], 95thPercentileLatency(ns), 60074
[READ-MODIFY-WRITE], 99thPercentileLatency(ns), 66809
[LOAD], Operations, 1
[LOAD], AverageLatency(ns), 2.51590606848E11
[LOAD], MinLatency(ns), 251590082560
[LOAD], MaxLatency(ns), 251591131135
[LOAD], 95thPercentileLatency(ns), 251591131135
[LOAD], 99thPercentileLatency(ns), 251591131135
[USED_MEM_MB], Operations, 38
[USED_MEM_MB], AverageLatency(ns), 10765.605263157895
[USED_MEM_MB], MinLatency(ns), 56
[USED_MEM_MB], MaxLatency(ns), 16424
[USED_MEM_MB], 95thPercentileLatency(ns), 16078
[USED_MEM_MB], 99thPercentileLatency(ns), 16424
[MAIN_GCs_Count], Operations, 1
[MAIN_GCs_Count], AverageLatency(ns), 152.0
[MAIN_GCs_Count], MinLatency(ns), 152
[MAIN_GCs_Count], MaxLatency(ns), 152
[MAIN_GCs_Count], 95thPercentileLatency(ns), 152
[MAIN_GCs_Count], 99thPercentileLatency(ns), 152
[MAIN_GCs_Time(ms)], Operations, 1
[MAIN_GCs_Time(ms)], AverageLatency(ns), 6858.0
[MAIN_GCs_Time(ms)], MinLatency(ns), 6858
[MAIN_GCs_Time(ms)], MaxLatency(ns), 6858
[MAIN_GCs_Time(ms)], 95thPercentileLatency(ns), 6858
[MAIN_GCs_Time(ms)], 99thPercentileLatency(ns), 6858
[TRANSACTION], Operations, 1
[TRANSACTION], AverageLatency(ns), 1.11310798848E11
[TRANSACTION], MinLatency(ns), 111310536704
[TRANSACTION], MaxLatency(ns), 111311060991
[TRANSACTION], 95thPercentileLatency(ns), 111311060991
[TRANSACTION], 99thPercentileLatency(ns), 111311060991
[GCS_TIME], Operations, 38
[GCS_TIME], AverageLatency(ns), 632.7894736842105
[GCS_TIME], MinLatency(ns), 0
[GCS_TIME], MaxLatency(ns), 817
[GCS_TIME], 95thPercentileLatency(ns), 789
[GCS_TIME], 99thPercentileLatency(ns), 817
[LOAD_GCs_Time(ms)], Operations, 1
[LOAD_GCs_Time(ms)], AverageLatency(ns), 17122.0
[LOAD_GCs_Time(ms)], MinLatency(ns), 17122
[LOAD_GCs_Time(ms)], MaxLatency(ns), 17122
[LOAD_GCs_Time(ms)], 95thPercentileLatency(ns), 17122
[LOAD_GCs_Time(ms)], 99thPercentileLatency(ns), 17122
[READ], Operations, 3000000
[READ], AverageLatency(ns), 775.0937966666667
[READ], MinLatency(ns), 184
[READ], MaxLatency(ns), 1598959
[READ], 95thPercentileLatency(ns), 1757
[READ], 99thPercentileLatency(ns), 2818
[READ], Return=OK, 3000000
[INIT], Operations, 1
[INIT], AverageLatency(ns), 1.304997888E9
[INIT], MinLatency(ns), 1304993792
[INIT], MaxLatency(ns), 1305001983
[INIT], 95thPercentileLatency(ns), 1305001983
[INIT], 99thPercentileLatency(ns), 1305001983
[GCS], Operations, 38
[GCS], AverageLatency(ns), 22.263157894736842
[GCS], MinLatency(ns), 0
[GCS], MaxLatency(ns), 55
[GCS], 95thPercentileLatency(ns), 42
[GCS], 99thPercentileLatency(ns), 55
[LOAD_GCs_Count], Operations, 1
[LOAD_GCs_Count], AverageLatency(ns), 691.0
[LOAD_GCs_Count], MinLatency(ns), 691
[LOAD_GCs_Count], MaxLatency(ns), 691
[LOAD_GCs_Count], 95thPercentileLatency(ns), 691
[LOAD_GCs_Count], 99thPercentileLatency(ns), 691
[CLEANUP], Operations, 1
[CLEANUP], AverageLatency(ns), 51769.0
[CLEANUP], MinLatency(ns), 51769
[CLEANUP], MaxLatency(ns), 51769
[CLEANUP], 95thPercentileLatency(ns), 51769
[CLEANUP], 99thPercentileLatency(ns), 51769
[INSERT], Operations, 1000000
[INSERT], AverageLatency(ns), 56614.278659
[INSERT], MinLatency(ns), 41944
[INSERT], MaxLatency(ns), 123787775
[INSERT], 95thPercentileLatency(ns), 63567
[INSERT], 99thPercentileLatency(ns), 79075
[INSERT], Return=OK, 1000000
[UPDATE], Operations, 1499043
[UPDATE], AverageLatency(ns), 50426.50574733347
[UPDATE], MinLatency(ns), 35454
[UPDATE], MaxLatency(ns), 140238847
[UPDATE], 95thPercentileLatency(ns), 58535
[UPDATE], 99thPercentileLatency(ns), 64999
[UPDATE], Return=OK, 1499043
