/home/anatole/jdk8u/build/linux-x86_64-normal-server-release/jdk/bin/java -Xmx20g -XX:+UseG1GC -classpath /home/anatole/ycsb/conf:/home/anatole/ycsb/core/target/core-0.18.0-SNAPSHOT.jar:/home/anatole/ycsb/core/target/dependency/HdrHistogram-2.1.4.jar:/home/anatole/ycsb/core/target/dependency/guava-18.0.jar:/home/anatole/ycsb/core/target/dependency/htrace-core4-4.1.0-incubating.jar:/home/anatole/ycsb/core/target/dependency/jackson-core-asl-1.9.4.jar:/home/anatole/ycsb/core/target/dependency/jackson-mapper-asl-1.9.4.jar:/home/anatole/ycsb/core/target/dependency/javax.persistence-api-2.2.jar:/home/anatole/ycsb/core/target/dependency/jnvm-1.0-SNAPSHOT.jar:/home/anatole/ycsb/core/target/dependency/pcj-1.0.jar:/home/anatole/ycsb/core/target/dependency/unsafe-helper-1.0.jar:/home/anatole/ycsb/infinispan/src/main/conf:/home/anatole/ycsb/infinispan/target/infinispan-binding-0.18.0-SNAPSHOT.jar:/home/anatole/ycsb/infinispan/target/dependency/caffeine-2.6.2.jar:/home/anatole/ycsb/infinispan/target/dependency/gson-2.8.2.jar:/home/anatole/ycsb/infinispan/target/dependency/guava-18.0.jar:/home/anatole/ycsb/infinispan/target/dependency/infinispan-cachestore-jnvm-1.0-SNAPSHOT.jar:/home/anatole/ycsb/infinispan/target/dependency/infinispan-cachestore-pcj-1.0-SNAPSHOT.jar:/home/anatole/ycsb/infinispan/target/dependency/infinispan-client-hotrod-9.4.20.Final.jar:/home/anatole/ycsb/infinispan/target/dependency/infinispan-commons-9.4.20.Final.jar:/home/anatole/ycsb/infinispan/target/dependency/infinispan-core-9.4.20.Final.jar:/home/anatole/ycsb/infinispan/target/dependency/infinispan-persistence-soft-index-9.4.20.Final.jar:/home/anatole/ycsb/infinispan/target/dependency/javax.persistence-api-2.2.jar:/home/anatole/ycsb/infinispan/target/dependency/jboss-logging-3.3.2.Final.jar:/home/anatole/ycsb/infinispan/target/dependency/jboss-marshalling-osgi-2.0.6.Final.jar:/home/anatole/ycsb/infinispan/target/dependency/jboss-transaction-api_1.2_spec-1.1.1.Final.jar:/home/anatole/ycsb/infinispan/target/dependency/jgroups-4.0.21.Final.jar:/home/anatole/ycsb/infinispan/target/dependency/jnvm-1.0-SNAPSHOT.jar:/home/anatole/ycsb/infinispan/target/dependency/metainf-services-1.7.jar:/home/anatole/ycsb/infinispan/target/dependency/netty-buffer-4.1.51.Final.jar:/home/anatole/ycsb/infinispan/target/dependency/netty-codec-4.1.51.Final.jar:/home/anatole/ycsb/infinispan/target/dependency/netty-common-4.1.51.Final.jar:/home/anatole/ycsb/infinispan/target/dependency/netty-handler-4.1.51.Final.jar:/home/anatole/ycsb/infinispan/target/dependency/netty-resolver-4.1.51.Final.jar:/home/anatole/ycsb/infinispan/target/dependency/netty-transport-4.1.51.Final.jar:/home/anatole/ycsb/infinispan/target/dependency/netty-transport-native-epoll-4.1.51.Final-linux-x86_64.jar:/home/anatole/ycsb/infinispan/target/dependency/netty-transport-native-unix-common-4.1.51.Final.jar:/home/anatole/ycsb/infinispan/target/dependency/pcj-1.0.jar:/home/anatole/ycsb/infinispan/target/dependency/reactive-streams-1.0.2.jar:/home/anatole/ycsb/infinispan/target/dependency/rxjava-2.2.4.jar:/home/anatole/ycsb/infinispan/target/dependency/unsafe-helper-1.0.jar site.ycsb.Client -t -db site.ycsb.db.InfinispanClient -P ../workloads/workloadf -preload -s -threads 1 -p dataintegrity=true -p offheap=false -p recordcount=1000000 -p operationcount=3000000 -p fieldcount=10 -p fieldlength=900 -p requestdistribution=zipfian -p measurement.trackjvm=true -p measurementtype=hdrhistogram -p hdrhistogram.output.path=./out/exp7.marshalling.ref/log/infinispan.run.workloadf.true.1000000.100000.10.900.zipfian.1.false.true.default.default.pmem0.r2.hdr.log
[OVERALL], RunTime(ms), 694776
[OVERALL], Throughput(ops/sec), 5757.2512579593995
[TOTAL_GCS_G1_Young_Generation], Count, 602
[TOTAL_GC_TIME_G1_Young_Generation], Time(ms), 19416
[TOTAL_GC_TIME_%_G1_Young_Generation], Time(%), 2.7945697606134927
[TOTAL_GCS_G1_Old_Generation], Count, 0
[TOTAL_GC_TIME_G1_Old_Generation], Time(ms), 0
[TOTAL_GC_TIME_%_G1_Old_Generation], Time(%), 0.0
[TOTAL_GCs], Count, 602
[TOTAL_GC_TIME], Time(ms), 19416
[TOTAL_GC_TIME_%], Time(%), 2.7945697606134927
[MAX_MEM_USED], MBs, 6315
[MIN_MEM_USED], MBs, 46
[MAX_THREADS], Count, 7
[MIN_THREADS], Count, 3
[MAX_SYS_LOAD_AVG], Load, 4.95
[MIN_SYS_LOAD_AVG], Load, 1.0
[THREAD_COUNT], Operations, 71
[THREAD_COUNT], AverageLatency(ns), 5.267605633802817
[THREAD_COUNT], MinLatency(ns), 3
[THREAD_COUNT], MaxLatency(ns), 7
[THREAD_COUNT], 95thPercentileLatency(ns), 7
[THREAD_COUNT], 99thPercentileLatency(ns), 7
[SYS_LOAD_AVG], Operations, 71
[SYS_LOAD_AVG], AverageLatency(ns), 1.4366197183098592
[SYS_LOAD_AVG], MinLatency(ns), 1
[SYS_LOAD_AVG], MaxLatency(ns), 4
[SYS_LOAD_AVG], 95thPercentileLatency(ns), 3
[SYS_LOAD_AVG], 99thPercentileLatency(ns), 4
[READ-MODIFY-WRITE], Operations, 1500419
[READ-MODIFY-WRITE], AverageLatency(ns), 99387.7974572436
[READ-MODIFY-WRITE], MinLatency(ns), 59180
[READ-MODIFY-WRITE], MaxLatency(ns), 184683519
[READ-MODIFY-WRITE], 95thPercentileLatency(ns), 124548
[READ-MODIFY-WRITE], 99thPercentileLatency(ns), 142814
[LOAD], Operations, 1
[LOAD], AverageLatency(ns), 4.40350539776E11
[LOAD], MinLatency(ns), 440349491200
[LOAD], MaxLatency(ns), 440351588351
[LOAD], 95thPercentileLatency(ns), 440351588351
[LOAD], 99thPercentileLatency(ns), 440351588351
[USED_MEM_MB], Operations, 71
[USED_MEM_MB], AverageLatency(ns), 4234.830985915493
[USED_MEM_MB], MinLatency(ns), 46
[USED_MEM_MB], MaxLatency(ns), 6315
[USED_MEM_MB], 95thPercentileLatency(ns), 6112
[USED_MEM_MB], 99thPercentileLatency(ns), 6214
[MAIN_GCs_Count], Operations, 1
[MAIN_GCs_Count], AverageLatency(ns), 230.0
[MAIN_GCs_Count], MinLatency(ns), 230
[MAIN_GCs_Count], MaxLatency(ns), 230
[MAIN_GCs_Count], 95thPercentileLatency(ns), 230
[MAIN_GCs_Count], 99thPercentileLatency(ns), 230
[MAIN_GCs_Time(ms)], Operations, 1
[MAIN_GCs_Time(ms)], AverageLatency(ns), 11586.0
[MAIN_GCs_Time(ms)], MinLatency(ns), 11586
[MAIN_GCs_Time(ms)], MaxLatency(ns), 11586
[MAIN_GCs_Time(ms)], 95thPercentileLatency(ns), 11586
[MAIN_GCs_Time(ms)], 99thPercentileLatency(ns), 11586
[TRANSACTION], Operations, 1
[TRANSACTION], AverageLatency(ns), 2.53673078784E11
[TRANSACTION], MinLatency(ns), 253672554496
[TRANSACTION], MaxLatency(ns), 253673603071
[TRANSACTION], 95thPercentileLatency(ns), 253673603071
[TRANSACTION], 99thPercentileLatency(ns), 253673603071
[GCS_TIME], Operations, 71
[GCS_TIME], AverageLatency(ns), 273.46478873239437
[GCS_TIME], MinLatency(ns), 0
[GCS_TIME], MaxLatency(ns), 764
[GCS_TIME], 95thPercentileLatency(ns), 556
[GCS_TIME], 99thPercentileLatency(ns), 714
[LOAD_GCs_Time(ms)], Operations, 1
[LOAD_GCs_Time(ms)], AverageLatency(ns), 7785.0
[LOAD_GCs_Time(ms)], MinLatency(ns), 7785
[LOAD_GCs_Time(ms)], MaxLatency(ns), 7785
[LOAD_GCs_Time(ms)], 95thPercentileLatency(ns), 7785
[LOAD_GCs_Time(ms)], 99thPercentileLatency(ns), 7785
[READ], Operations, 3000000
[READ], AverageLatency(ns), 30019.126841
[READ], MinLatency(ns), 232
[READ], MaxLatency(ns), 178887679
[READ], 95thPercentileLatency(ns), 56988
[READ], 99thPercentileLatency(ns), 64922
[READ], Return=OK, 3000000
[INIT], Operations, 1
[INIT], AverageLatency(ns), 6.6417664E8
[INIT], MinLatency(ns), 664174592
[INIT], MaxLatency(ns), 664178687
[INIT], 95thPercentileLatency(ns), 664178687
[INIT], 99thPercentileLatency(ns), 664178687
[GCS], Operations, 71
[GCS], AverageLatency(ns), 8.47887323943662
[GCS], MinLatency(ns), 0
[GCS], MaxLatency(ns), 54
[GCS], 95thPercentileLatency(ns), 17
[GCS], 99thPercentileLatency(ns), 45
[LOAD_GCs_Count], Operations, 1
[LOAD_GCs_Count], AverageLatency(ns), 370.0
[LOAD_GCs_Count], MinLatency(ns), 370
[LOAD_GCs_Count], MaxLatency(ns), 370
[LOAD_GCs_Count], 95thPercentileLatency(ns), 370
[LOAD_GCs_Count], 99thPercentileLatency(ns), 370
[CLEANUP], Operations, 1
[CLEANUP], AverageLatency(ns), 18010.0
[CLEANUP], MinLatency(ns), 18010
[CLEANUP], MaxLatency(ns), 18010
[CLEANUP], 95thPercentileLatency(ns), 18010
[CLEANUP], 99thPercentileLatency(ns), 18010
[INSERT], Operations, 1000000
[INSERT], AverageLatency(ns), 82616.686304
[INSERT], MinLatency(ns), 70093
[INSERT], MaxLatency(ns), 93513727
[INSERT], 95thPercentileLatency(ns), 85912
[INSERT], 99thPercentileLatency(ns), 104847
[INSERT], Return=OK, 1000000
[UPDATE], Operations, 1500419
[UPDATE], AverageLatency(ns), 68102.01665801353
[UPDATE], MinLatency(ns), 58270
[UPDATE], MaxLatency(ns), 156302335
[UPDATE], 95thPercentileLatency(ns), 71928
[UPDATE], 99thPercentileLatency(ns), 81972
[UPDATE], Return=OK, 1500419
