/home/anatole/jdk8u/build/linux-x86_64-normal-server-release/jdk/bin/java -Xmx20g -XX:+UseG1GC -classpath /home/anatole/ycsb/conf:/home/anatole/ycsb/core/target/core-0.18.0-SNAPSHOT.jar:/home/anatole/ycsb/core/target/dependency/HdrHistogram-2.1.4.jar:/home/anatole/ycsb/core/target/dependency/guava-18.0.jar:/home/anatole/ycsb/core/target/dependency/htrace-core4-4.1.0-incubating.jar:/home/anatole/ycsb/core/target/dependency/jackson-core-asl-1.9.4.jar:/home/anatole/ycsb/core/target/dependency/jackson-mapper-asl-1.9.4.jar:/home/anatole/ycsb/core/target/dependency/javax.persistence-api-2.2.jar:/home/anatole/ycsb/core/target/dependency/jnvm-1.0-SNAPSHOT.jar:/home/anatole/ycsb/core/target/dependency/pcj-1.0.jar:/home/anatole/ycsb/core/target/dependency/unsafe-helper-1.0.jar:/home/anatole/ycsb/infinispan/src/main/conf:/home/anatole/ycsb/infinispan/target/infinispan-binding-0.18.0-SNAPSHOT.jar:/home/anatole/ycsb/infinispan/target/dependency/caffeine-2.6.2.jar:/home/anatole/ycsb/infinispan/target/dependency/gson-2.8.2.jar:/home/anatole/ycsb/infinispan/target/dependency/guava-18.0.jar:/home/anatole/ycsb/infinispan/target/dependency/infinispan-cachestore-jnvm-1.0-SNAPSHOT.jar:/home/anatole/ycsb/infinispan/target/dependency/infinispan-cachestore-pcj-1.0-SNAPSHOT.jar:/home/anatole/ycsb/infinispan/target/dependency/infinispan-client-hotrod-9.4.20.Final.jar:/home/anatole/ycsb/infinispan/target/dependency/infinispan-commons-9.4.20.Final.jar:/home/anatole/ycsb/infinispan/target/dependency/infinispan-core-9.4.20.Final.jar:/home/anatole/ycsb/infinispan/target/dependency/infinispan-persistence-soft-index-9.4.20.Final.jar:/home/anatole/ycsb/infinispan/target/dependency/javax.persistence-api-2.2.jar:/home/anatole/ycsb/infinispan/target/dependency/jboss-logging-3.3.2.Final.jar:/home/anatole/ycsb/infinispan/target/dependency/jboss-marshalling-osgi-2.0.6.Final.jar:/home/anatole/ycsb/infinispan/target/dependency/jboss-transaction-api_1.2_spec-1.1.1.Final.jar:/home/anatole/ycsb/infinispan/target/dependency/jgroups-4.0.21.Final.jar:/home/anatole/ycsb/infinispan/target/dependency/jnvm-1.0-SNAPSHOT.jar:/home/anatole/ycsb/infinispan/target/dependency/metainf-services-1.7.jar:/home/anatole/ycsb/infinispan/target/dependency/netty-buffer-4.1.51.Final.jar:/home/anatole/ycsb/infinispan/target/dependency/netty-codec-4.1.51.Final.jar:/home/anatole/ycsb/infinispan/target/dependency/netty-common-4.1.51.Final.jar:/home/anatole/ycsb/infinispan/target/dependency/netty-handler-4.1.51.Final.jar:/home/anatole/ycsb/infinispan/target/dependency/netty-resolver-4.1.51.Final.jar:/home/anatole/ycsb/infinispan/target/dependency/netty-transport-4.1.51.Final.jar:/home/anatole/ycsb/infinispan/target/dependency/netty-transport-native-epoll-4.1.51.Final-linux-x86_64.jar:/home/anatole/ycsb/infinispan/target/dependency/netty-transport-native-unix-common-4.1.51.Final.jar:/home/anatole/ycsb/infinispan/target/dependency/pcj-1.0.jar:/home/anatole/ycsb/infinispan/target/dependency/reactive-streams-1.0.2.jar:/home/anatole/ycsb/infinispan/target/dependency/rxjava-2.2.4.jar:/home/anatole/ycsb/infinispan/target/dependency/unsafe-helper-1.0.jar site.ycsb.Client -t -db site.ycsb.db.InfinispanClient -P ../workloads/workloadf -preload -s -threads 1 -p dataintegrity=true -p offheap=false -p recordcount=1000000 -p operationcount=3000000 -p fieldcount=10 -p fieldlength=700 -p requestdistribution=zipfian -p measurement.trackjvm=true -p measurementtype=hdrhistogram -p hdrhistogram.output.path=./out/exp7.marshalling.ref/log/infinispan.run.workloadf.true.1000000.100000.10.700.zipfian.1.false.true.default.default.pmem0.r2.hdr.log
[OVERALL], RunTime(ms), 481873
[OVERALL], Throughput(ops/sec), 8300.942364481927
[TOTAL_GCS_G1_Young_Generation], Count, 332
[TOTAL_GC_TIME_G1_Young_Generation], Time(ms), 13083
[TOTAL_GC_TIME_%_G1_Young_Generation], Time(%), 2.7150307238629265
[TOTAL_GCS_G1_Old_Generation], Count, 0
[TOTAL_GC_TIME_G1_Old_Generation], Time(ms), 0
[TOTAL_GC_TIME_%_G1_Old_Generation], Time(%), 0.0
[TOTAL_GCs], Count, 332
[TOTAL_GC_TIME], Time(ms), 13083
[TOTAL_GC_TIME_%], Time(%), 2.7150307238629265
[MAX_MEM_USED], MBs, 6256
[MIN_MEM_USED], MBs, 50
[MAX_THREADS], Count, 7
[MIN_THREADS], Count, 3
[MAX_SYS_LOAD_AVG], Load, 4.55
[MIN_SYS_LOAD_AVG], Load, 1.01
[THREAD_COUNT], Operations, 50
[THREAD_COUNT], AverageLatency(ns), 5.38
[THREAD_COUNT], MinLatency(ns), 3
[THREAD_COUNT], MaxLatency(ns), 7
[THREAD_COUNT], 95thPercentileLatency(ns), 7
[THREAD_COUNT], 99thPercentileLatency(ns), 7
[SYS_LOAD_AVG], Operations, 50
[SYS_LOAD_AVG], AverageLatency(ns), 1.34
[SYS_LOAD_AVG], MinLatency(ns), 1
[SYS_LOAD_AVG], MaxLatency(ns), 4
[SYS_LOAD_AVG], 95thPercentileLatency(ns), 3
[SYS_LOAD_AVG], 99thPercentileLatency(ns), 4
[READ-MODIFY-WRITE], Operations, 1499894
[READ-MODIFY-WRITE], AverageLatency(ns), 78204.57009562009
[READ-MODIFY-WRITE], MinLatency(ns), 43356
[READ-MODIFY-WRITE], MaxLatency(ns), 254187519
[READ-MODIFY-WRITE], 95thPercentileLatency(ns), 101280
[READ-MODIFY-WRITE], 99thPercentileLatency(ns), 112898
[LOAD], Operations, 1
[LOAD], AverageLatency(ns), 2.85865934848E11
[LOAD], MinLatency(ns), 285864886272
[LOAD], MaxLatency(ns), 285866983423
[LOAD], 95thPercentileLatency(ns), 285866983423
[LOAD], 99thPercentileLatency(ns), 285866983423
[USED_MEM_MB], Operations, 50
[USED_MEM_MB], AverageLatency(ns), 4034.8
[USED_MEM_MB], MinLatency(ns), 50
[USED_MEM_MB], MaxLatency(ns), 6256
[USED_MEM_MB], 95thPercentileLatency(ns), 5976
[USED_MEM_MB], 99thPercentileLatency(ns), 6256
[MAIN_GCs_Count], Operations, 1
[MAIN_GCs_Count], AverageLatency(ns), 97.0
[MAIN_GCs_Count], MinLatency(ns), 97
[MAIN_GCs_Count], MaxLatency(ns), 97
[MAIN_GCs_Count], 95thPercentileLatency(ns), 97
[MAIN_GCs_Count], 99thPercentileLatency(ns), 97
[MAIN_GCs_Time(ms)], Operations, 1
[MAIN_GCs_Time(ms)], AverageLatency(ns), 7498.0
[MAIN_GCs_Time(ms)], MinLatency(ns), 7498
[MAIN_GCs_Time(ms)], MaxLatency(ns), 7498
[MAIN_GCs_Time(ms)], 95thPercentileLatency(ns), 7498
[MAIN_GCs_Time(ms)], 99thPercentileLatency(ns), 7498
[TRANSACTION], Operations, 1
[TRANSACTION], AverageLatency(ns), 1.95307241472E11
[TRANSACTION], MinLatency(ns), 195306717184
[TRANSACTION], MaxLatency(ns), 195307765759
[TRANSACTION], 95thPercentileLatency(ns), 195307765759
[TRANSACTION], 99thPercentileLatency(ns), 195307765759
[GCS_TIME], Operations, 50
[GCS_TIME], AverageLatency(ns), 261.66
[GCS_TIME], MinLatency(ns), 0
[GCS_TIME], MaxLatency(ns), 626
[GCS_TIME], 95thPercentileLatency(ns), 546
[GCS_TIME], 99thPercentileLatency(ns), 626
[LOAD_GCs_Time(ms)], Operations, 1
[LOAD_GCs_Time(ms)], AverageLatency(ns), 5563.0
[LOAD_GCs_Time(ms)], MinLatency(ns), 5563
[LOAD_GCs_Time(ms)], MaxLatency(ns), 5563
[LOAD_GCs_Time(ms)], 95thPercentileLatency(ns), 5563
[LOAD_GCs_Time(ms)], 99thPercentileLatency(ns), 5563
[READ], Operations, 3000000
[READ], AverageLatency(ns), 26630.312840666666
[READ], MinLatency(ns), 222
[READ], MaxLatency(ns), 169501695
[READ], 95thPercentileLatency(ns), 51308
[READ], 99thPercentileLatency(ns), 56428
[READ], Return=OK, 3000000
[INIT], Operations, 1
[INIT], AverageLatency(ns), 6.41255424E8
[INIT], MinLatency(ns), 641253376
[INIT], MaxLatency(ns), 641257471
[INIT], 95thPercentileLatency(ns), 641257471
[INIT], 99thPercentileLatency(ns), 641257471
[GCS], Operations, 50
[GCS], AverageLatency(ns), 6.64
[GCS], MinLatency(ns), 0
[GCS], MaxLatency(ns), 59
[GCS], 95thPercentileLatency(ns), 20
[GCS], 99thPercentileLatency(ns), 59
[LOAD_GCs_Count], Operations, 1
[LOAD_GCs_Count], AverageLatency(ns), 234.0
[LOAD_GCs_Count], MinLatency(ns), 234
[LOAD_GCs_Count], MaxLatency(ns), 234
[LOAD_GCs_Count], 95thPercentileLatency(ns), 234
[LOAD_GCs_Count], 99thPercentileLatency(ns), 234
[CLEANUP], Operations, 1
[CLEANUP], AverageLatency(ns), 15784.0
[CLEANUP], MinLatency(ns), 15784
[CLEANUP], MaxLatency(ns), 15784
[CLEANUP], 95thPercentileLatency(ns), 15784
[CLEANUP], 99thPercentileLatency(ns), 15784
[INSERT], Operations, 1000000
[INSERT], AverageLatency(ns), 60147.957426
[INSERT], MinLatency(ns), 50037
[INSERT], MaxLatency(ns), 76542463
[INSERT], 95thPercentileLatency(ns), 63583
[INSERT], 99thPercentileLatency(ns), 83377
[INSERT], Return=OK, 1000000
[UPDATE], Operations, 1499894
[UPDATE], AverageLatency(ns), 50763.62527351933
[UPDATE], MinLatency(ns), 42615
[UPDATE], MaxLatency(ns), 163827711
[UPDATE], 95thPercentileLatency(ns), 53804
[UPDATE], 99thPercentileLatency(ns), 61071
[UPDATE], Return=OK, 1499894
