/home/anatole/jdk8u/build/linux-x86_64-normal-server-release/jdk/bin/java -Xmx100g -XX:+UseG1GC -XX:InitiatingHeapOccupancyPercent=15 -classpath /home/anatole/ycsb/conf:/home/anatole/ycsb/core/target/core-0.18.0-SNAPSHOT.jar:/home/anatole/ycsb/core/target/dependency/HdrHistogram-2.1.4.jar:/home/anatole/ycsb/core/target/dependency/guava-18.0.jar:/home/anatole/ycsb/core/target/dependency/htrace-core4-4.1.0-incubating.jar:/home/anatole/ycsb/core/target/dependency/jackson-core-asl-1.9.4.jar:/home/anatole/ycsb/core/target/dependency/jackson-mapper-asl-1.9.4.jar:/home/anatole/ycsb/core/target/dependency/javax.persistence-api-2.2.jar:/home/anatole/ycsb/core/target/dependency/jnvm-1.0-SNAPSHOT.jar:/home/anatole/ycsb/core/target/dependency/pcj-1.0.jar:/home/anatole/ycsb/core/target/dependency/unsafe-helper-1.0.jar:/home/anatole/ycsb/infinispan/src/main/conf:/home/anatole/ycsb/infinispan/target/infinispan-binding-0.18.0-SNAPSHOT.jar:/home/anatole/ycsb/infinispan/target/dependency/caffeine-2.6.2.jar:/home/anatole/ycsb/infinispan/target/dependency/gson-2.8.2.jar:/home/anatole/ycsb/infinispan/target/dependency/guava-18.0.jar:/home/anatole/ycsb/infinispan/target/dependency/infinispan-cachestore-jnvm-1.0-SNAPSHOT.jar:/home/anatole/ycsb/infinispan/target/dependency/infinispan-cachestore-pcj-1.0-SNAPSHOT.jar:/home/anatole/ycsb/infinispan/target/dependency/infinispan-client-hotrod-9.4.20.Final.jar:/home/anatole/ycsb/infinispan/target/dependency/infinispan-commons-9.4.20.Final.jar:/home/anatole/ycsb/infinispan/target/dependency/infinispan-core-9.4.20.Final.jar:/home/anatole/ycsb/infinispan/target/dependency/infinispan-persistence-soft-index-9.4.20.Final.jar:/home/anatole/ycsb/infinispan/target/dependency/javax.persistence-api-2.2.jar:/home/anatole/ycsb/infinispan/target/dependency/jboss-logging-3.3.2.Final.jar:/home/anatole/ycsb/infinispan/target/dependency/jboss-marshalling-osgi-2.0.6.Final.jar:/home/anatole/ycsb/infinispan/target/dependency/jboss-transaction-api_1.2_spec-1.1.1.Final.jar:/home/anatole/ycsb/infinispan/target/dependency/jgroups-4.0.21.Final.jar:/home/anatole/ycsb/infinispan/target/dependency/jnvm-1.0-SNAPSHOT.jar:/home/anatole/ycsb/infinispan/target/dependency/metainf-services-1.7.jar:/home/anatole/ycsb/infinispan/target/dependency/netty-buffer-4.1.51.Final.jar:/home/anatole/ycsb/infinispan/target/dependency/netty-codec-4.1.51.Final.jar:/home/anatole/ycsb/infinispan/target/dependency/netty-common-4.1.51.Final.jar:/home/anatole/ycsb/infinispan/target/dependency/netty-handler-4.1.51.Final.jar:/home/anatole/ycsb/infinispan/target/dependency/netty-resolver-4.1.51.Final.jar:/home/anatole/ycsb/infinispan/target/dependency/netty-transport-4.1.51.Final.jar:/home/anatole/ycsb/infinispan/target/dependency/netty-transport-native-epoll-4.1.51.Final-linux-x86_64.jar:/home/anatole/ycsb/infinispan/target/dependency/netty-transport-native-unix-common-4.1.51.Final.jar:/home/anatole/ycsb/infinispan/target/dependency/pcj-1.0.jar:/home/anatole/ycsb/infinispan/target/dependency/reactive-streams-1.0.2.jar:/home/anatole/ycsb/infinispan/target/dependency/rxjava-2.2.4.jar:/home/anatole/ycsb/infinispan/target/dependency/unsafe-helper-1.0.jar site.ycsb.Client -t -db site.ycsb.db.InfinispanClient -P ../workloads/workloadf -preload -s -threads 1 -p dataintegrity=true -p offheap=false -p recordcount=1000000 -p operationcount=3000000 -p fieldcount=10 -p fieldlength=900 -p requestdistribution=zipfian -p measurement.trackjvm=true -p measurementtype=hdrhistogram -p hdrhistogram.output.path=./out/exp7.marshalling.ref/log/infinispan.run.workloadf.true.1000000.1000000.10.900.zipfian.1.false.true.default.default.none.r7.hdr.log
[OVERALL], RunTime(ms), 460100
[OVERALL], Throughput(ops/sec), 8693.76222560313
[TOTAL_GCS_G1_Young_Generation], Count, 981
[TOTAL_GC_TIME_G1_Young_Generation], Time(ms), 27298
[TOTAL_GC_TIME_%_G1_Young_Generation], Time(%), 5.933058030862856
[TOTAL_GCS_G1_Old_Generation], Count, 0
[TOTAL_GC_TIME_G1_Old_Generation], Time(ms), 0
[TOTAL_GC_TIME_%_G1_Old_Generation], Time(%), 0.0
[TOTAL_GCs], Count, 981
[TOTAL_GC_TIME], Time(ms), 27298
[TOTAL_GC_TIME_%], Time(%), 5.933058030862856
[MAX_MEM_USED], MBs, 23100
[MIN_MEM_USED], MBs, 54
[MAX_THREADS], Count, 6
[MIN_THREADS], Count, 3
[MAX_SYS_LOAD_AVG], Load, 8.64
[MIN_SYS_LOAD_AVG], Load, 3.16
[THREAD_COUNT], Operations, 48
[THREAD_COUNT], AverageLatency(ns), 4.395833333333333
[THREAD_COUNT], MinLatency(ns), 3
[THREAD_COUNT], MaxLatency(ns), 6
[THREAD_COUNT], 95thPercentileLatency(ns), 6
[THREAD_COUNT], 99thPercentileLatency(ns), 6
[SYS_LOAD_AVG], Operations, 48
[SYS_LOAD_AVG], AverageLatency(ns), 5.041666666666667
[SYS_LOAD_AVG], MinLatency(ns), 3
[SYS_LOAD_AVG], MaxLatency(ns), 8
[SYS_LOAD_AVG], 95thPercentileLatency(ns), 7
[SYS_LOAD_AVG], 99thPercentileLatency(ns), 8
[READ-MODIFY-WRITE], Operations, 1498437
[READ-MODIFY-WRITE], AverageLatency(ns), 3697.586126076705
[READ-MODIFY-WRITE], MinLatency(ns), 1497
[READ-MODIFY-WRITE], MaxLatency(ns), 148567039
[READ-MODIFY-WRITE], 95thPercentileLatency(ns), 5088
[READ-MODIFY-WRITE], 99thPercentileLatency(ns), 16646
[LOAD], Operations, 1
[LOAD], AverageLatency(ns), 3.90008406016E11
[LOAD], MinLatency(ns), 390007357440
[LOAD], MaxLatency(ns), 390009454591
[LOAD], 95thPercentileLatency(ns), 390009454591
[LOAD], 99thPercentileLatency(ns), 390009454591
[USED_MEM_MB], Operations, 48
[USED_MEM_MB], AverageLatency(ns), 13438.875
[USED_MEM_MB], MinLatency(ns), 54
[USED_MEM_MB], MaxLatency(ns), 23100
[USED_MEM_MB], 95thPercentileLatency(ns), 22516
[USED_MEM_MB], 99thPercentileLatency(ns), 23100
[MAIN_GCs_Count], Operations, 1
[MAIN_GCs_Count], AverageLatency(ns), 122.0
[MAIN_GCs_Count], MinLatency(ns), 122
[MAIN_GCs_Count], MaxLatency(ns), 122
[MAIN_GCs_Count], 95thPercentileLatency(ns), 122
[MAIN_GCs_Count], 99thPercentileLatency(ns), 122
[MAIN_GCs_Time(ms)], Operations, 1
[MAIN_GCs_Time(ms)], AverageLatency(ns), 5732.0
[MAIN_GCs_Time(ms)], MinLatency(ns), 5732
[MAIN_GCs_Time(ms)], MaxLatency(ns), 5732
[MAIN_GCs_Time(ms)], 95thPercentileLatency(ns), 5732
[MAIN_GCs_Time(ms)], 99thPercentileLatency(ns), 5732
[TRANSACTION], Operations, 1
[TRANSACTION], AverageLatency(ns), 6.8706238464E10
[TRANSACTION], MinLatency(ns), 68706107392
[TRANSACTION], MaxLatency(ns), 68706369535
[TRANSACTION], 95thPercentileLatency(ns), 68706369535
[TRANSACTION], 99thPercentileLatency(ns), 68706369535
[GCS_TIME], Operations, 48
[GCS_TIME], AverageLatency(ns), 568.7083333333334
[GCS_TIME], MinLatency(ns), 0
[GCS_TIME], MaxLatency(ns), 906
[GCS_TIME], 95thPercentileLatency(ns), 861
[GCS_TIME], 99thPercentileLatency(ns), 906
[LOAD_GCs_Time(ms)], Operations, 1
[LOAD_GCs_Time(ms)], AverageLatency(ns), 21456.0
[LOAD_GCs_Time(ms)], MinLatency(ns), 21456
[LOAD_GCs_Time(ms)], MaxLatency(ns), 21456
[LOAD_GCs_Time(ms)], 95thPercentileLatency(ns), 21456
[LOAD_GCs_Time(ms)], 99thPercentileLatency(ns), 21456
[READ], Operations, 3000000
[READ], AverageLatency(ns), 722.407439
[READ], MinLatency(ns), 159
[READ], MaxLatency(ns), 13237823
[READ], 95thPercentileLatency(ns), 1666
[READ], 99thPercentileLatency(ns), 2714
[READ], Return=OK, 3000000
[INIT], Operations, 1
[INIT], AverageLatency(ns), 1.239248896E9
[INIT], MinLatency(ns), 1239244800
[INIT], MaxLatency(ns), 1239252991
[INIT], 95thPercentileLatency(ns), 1239252991
[INIT], 99thPercentileLatency(ns), 1239252991
[GCS], Operations, 48
[GCS], AverageLatency(ns), 20.4375
[GCS], MinLatency(ns), 0
[GCS], MaxLatency(ns), 87
[GCS], 95thPercentileLatency(ns), 57
[GCS], 99thPercentileLatency(ns), 87
[LOAD_GCs_Count], Operations, 1
[LOAD_GCs_Count], AverageLatency(ns), 855.0
[LOAD_GCs_Count], MinLatency(ns), 855
[LOAD_GCs_Count], MaxLatency(ns), 855
[LOAD_GCs_Count], 95thPercentileLatency(ns), 855
[LOAD_GCs_Count], 99thPercentileLatency(ns), 855
[CLEANUP], Operations, 1
[CLEANUP], AverageLatency(ns), 60222.0
[CLEANUP], MinLatency(ns), 60222
[CLEANUP], MaxLatency(ns), 60222
[CLEANUP], 95thPercentileLatency(ns), 60222
[CLEANUP], 99thPercentileLatency(ns), 60222
[INSERT], Operations, 1000000
[INSERT], AverageLatency(ns), 2878.035135
[INSERT], MinLatency(ns), 1389
[INSERT], MaxLatency(ns), 133764095
[INSERT], 95thPercentileLatency(ns), 3376
[INSERT], 99thPercentileLatency(ns), 8805
[INSERT], Return=OK, 1000000
[UPDATE], Operations, 1498437
[UPDATE], AverageLatency(ns), 2362.0727871775725
[UPDATE], MinLatency(ns), 971
[UPDATE], MaxLatency(ns), 89978879
[UPDATE], 95thPercentileLatency(ns), 3776
[UPDATE], 99thPercentileLatency(ns), 13623
[UPDATE], Return=OK, 1498437
