/home/anatole/jdk8u/build/linux-x86_64-normal-server-release/jdk/bin/java -Xmx40g -XX:+UseG1GC -classpath /home/anatole/ycsb/conf:/home/anatole/ycsb/core/target/core-0.18.0-SNAPSHOT.jar:/home/anatole/ycsb/core/target/dependency/HdrHistogram-2.1.4.jar:/home/anatole/ycsb/core/target/dependency/guava-18.0.jar:/home/anatole/ycsb/core/target/dependency/htrace-core4-4.1.0-incubating.jar:/home/anatole/ycsb/core/target/dependency/jackson-core-asl-1.9.4.jar:/home/anatole/ycsb/core/target/dependency/jackson-mapper-asl-1.9.4.jar:/home/anatole/ycsb/core/target/dependency/javax.persistence-api-2.2.jar:/home/anatole/ycsb/core/target/dependency/jnvm-1.0-SNAPSHOT.jar:/home/anatole/ycsb/core/target/dependency/pcj-1.0.jar:/home/anatole/ycsb/core/target/dependency/unsafe-helper-1.0.jar:/home/anatole/ycsb/infinispan/src/main/conf:/home/anatole/ycsb/infinispan/target/infinispan-binding-0.18.0-SNAPSHOT.jar:/home/anatole/ycsb/infinispan/target/dependency/caffeine-2.6.2.jar:/home/anatole/ycsb/infinispan/target/dependency/gson-2.8.2.jar:/home/anatole/ycsb/infinispan/target/dependency/guava-18.0.jar:/home/anatole/ycsb/infinispan/target/dependency/infinispan-cachestore-jnvm-1.0-SNAPSHOT.jar:/home/anatole/ycsb/infinispan/target/dependency/infinispan-cachestore-pcj-1.0-SNAPSHOT.jar:/home/anatole/ycsb/infinispan/target/dependency/infinispan-client-hotrod-9.4.20.Final.jar:/home/anatole/ycsb/infinispan/target/dependency/infinispan-commons-9.4.20.Final.jar:/home/anatole/ycsb/infinispan/target/dependency/infinispan-core-9.4.20.Final.jar:/home/anatole/ycsb/infinispan/target/dependency/infinispan-persistence-soft-index-9.4.20.Final.jar:/home/anatole/ycsb/infinispan/target/dependency/javax.persistence-api-2.2.jar:/home/anatole/ycsb/infinispan/target/dependency/jboss-logging-3.3.2.Final.jar:/home/anatole/ycsb/infinispan/target/dependency/jboss-marshalling-osgi-2.0.6.Final.jar:/home/anatole/ycsb/infinispan/target/dependency/jboss-transaction-api_1.2_spec-1.1.1.Final.jar:/home/anatole/ycsb/infinispan/target/dependency/jgroups-4.0.21.Final.jar:/home/anatole/ycsb/infinispan/target/dependency/jnvm-1.0-SNAPSHOT.jar:/home/anatole/ycsb/infinispan/target/dependency/metainf-services-1.7.jar:/home/anatole/ycsb/infinispan/target/dependency/netty-buffer-4.1.51.Final.jar:/home/anatole/ycsb/infinispan/target/dependency/netty-codec-4.1.51.Final.jar:/home/anatole/ycsb/infinispan/target/dependency/netty-common-4.1.51.Final.jar:/home/anatole/ycsb/infinispan/target/dependency/netty-handler-4.1.51.Final.jar:/home/anatole/ycsb/infinispan/target/dependency/netty-resolver-4.1.51.Final.jar:/home/anatole/ycsb/infinispan/target/dependency/netty-transport-4.1.51.Final.jar:/home/anatole/ycsb/infinispan/target/dependency/netty-transport-native-epoll-4.1.51.Final-linux-x86_64.jar:/home/anatole/ycsb/infinispan/target/dependency/netty-transport-native-unix-common-4.1.51.Final.jar:/home/anatole/ycsb/infinispan/target/dependency/pcj-1.0.jar:/home/anatole/ycsb/infinispan/target/dependency/reactive-streams-1.0.2.jar:/home/anatole/ycsb/infinispan/target/dependency/rxjava-2.2.4.jar:/home/anatole/ycsb/infinispan/target/dependency/unsafe-helper-1.0.jar site.ycsb.Client -t -db site.ycsb.db.InfinispanClient -P ../workloads/workloadf -preload -s -threads 1 -p dataintegrity=true -p offheap=false -p recordcount=1000000 -p operationcount=3000000 -p fieldcount=10 -p fieldlength=500 -p requestdistribution=zipfian -p measurement.trackjvm=true -p measurementtype=hdrhistogram -p hdrhistogram.output.path=./out/exp7.marshalling.ref/log/infinispan.run.workloadf.true.1000000.1000000.10.500.zipfian.1.false.true.default.default.tmpfs.r4.hdr.log
[OVERALL], RunTime(ms), 250633
[OVERALL], Throughput(ops/sec), 15959.590317316555
[TOTAL_GCS_G1_Young_Generation], Count, 302
[TOTAL_GC_TIME_G1_Young_Generation], Time(ms), 13385
[TOTAL_GC_TIME_%_G1_Young_Generation], Time(%), 5.340477909932052
[TOTAL_GCS_G1_Old_Generation], Count, 0
[TOTAL_GC_TIME_G1_Old_Generation], Time(ms), 0
[TOTAL_GC_TIME_%_G1_Old_Generation], Time(%), 0.0
[TOTAL_GCs], Count, 302
[TOTAL_GC_TIME], Time(ms), 13385
[TOTAL_GC_TIME_%], Time(%), 5.340477909932052
[MAX_MEM_USED], MBs, 17556
[MIN_MEM_USED], MBs, 54
[MAX_THREADS], Count, 7
[MIN_THREADS], Count, 3
[MAX_SYS_LOAD_AVG], Load, 4.91
[MIN_SYS_LOAD_AVG], Load, 2.15
[THREAD_COUNT], Operations, 27
[THREAD_COUNT], AverageLatency(ns), 5.703703703703703
[THREAD_COUNT], MinLatency(ns), 3
[THREAD_COUNT], MaxLatency(ns), 7
[THREAD_COUNT], 95thPercentileLatency(ns), 7
[THREAD_COUNT], 99thPercentileLatency(ns), 7
[SYS_LOAD_AVG], Operations, 27
[SYS_LOAD_AVG], AverageLatency(ns), 2.6666666666666665
[SYS_LOAD_AVG], MinLatency(ns), 2
[SYS_LOAD_AVG], MaxLatency(ns), 4
[SYS_LOAD_AVG], 95thPercentileLatency(ns), 4
[SYS_LOAD_AVG], 99thPercentileLatency(ns), 4
[READ-MODIFY-WRITE], Operations, 1498682
[READ-MODIFY-WRITE], AverageLatency(ns), 40326.47113797323
[READ-MODIFY-WRITE], MinLatency(ns), 30733
[READ-MODIFY-WRITE], MaxLatency(ns), 135198719
[READ-MODIFY-WRITE], 95thPercentileLatency(ns), 47818
[READ-MODIFY-WRITE], 99thPercentileLatency(ns), 54459
[LOAD], Operations, 1
[LOAD], AverageLatency(ns), 1.67151927296E11
[LOAD], MinLatency(ns), 167151403008
[LOAD], MaxLatency(ns), 167152451583
[LOAD], 95thPercentileLatency(ns), 167152451583
[LOAD], 99thPercentileLatency(ns), 167152451583
[USED_MEM_MB], Operations, 27
[USED_MEM_MB], AverageLatency(ns), 10278.037037037036
[USED_MEM_MB], MinLatency(ns), 54
[USED_MEM_MB], MaxLatency(ns), 17556
[USED_MEM_MB], 95thPercentileLatency(ns), 16346
[USED_MEM_MB], 99thPercentileLatency(ns), 17556
[MAIN_GCs_Count], Operations, 1
[MAIN_GCs_Count], AverageLatency(ns), 37.0
[MAIN_GCs_Count], MinLatency(ns), 37
[MAIN_GCs_Count], MaxLatency(ns), 37
[MAIN_GCs_Count], 95thPercentileLatency(ns), 37
[MAIN_GCs_Count], 99thPercentileLatency(ns), 37
[MAIN_GCs_Time(ms)], Operations, 1
[MAIN_GCs_Time(ms)], AverageLatency(ns), 2774.0
[MAIN_GCs_Time(ms)], MinLatency(ns), 2774
[MAIN_GCs_Time(ms)], MaxLatency(ns), 2774
[MAIN_GCs_Time(ms)], 95thPercentileLatency(ns), 2774
[MAIN_GCs_Time(ms)], 99thPercentileLatency(ns), 2774
[TRANSACTION], Operations, 1
[TRANSACTION], AverageLatency(ns), 8.2737627136E10
[TRANSACTION], MinLatency(ns), 82737364992
[TRANSACTION], MaxLatency(ns), 82737889279
[TRANSACTION], 95thPercentileLatency(ns), 82737889279
[TRANSACTION], 99thPercentileLatency(ns), 82737889279
[GCS_TIME], Operations, 27
[GCS_TIME], AverageLatency(ns), 495.74074074074076
[GCS_TIME], MinLatency(ns), 0
[GCS_TIME], MaxLatency(ns), 939
[GCS_TIME], 95thPercentileLatency(ns), 907
[GCS_TIME], 99thPercentileLatency(ns), 939
[LOAD_GCs_Time(ms)], Operations, 1
[LOAD_GCs_Time(ms)], AverageLatency(ns), 10579.0
[LOAD_GCs_Time(ms)], MinLatency(ns), 10579
[LOAD_GCs_Time(ms)], MaxLatency(ns), 10579
[LOAD_GCs_Time(ms)], 95thPercentileLatency(ns), 10579
[LOAD_GCs_Time(ms)], 99thPercentileLatency(ns), 10579
[READ], Operations, 3000000
[READ], AverageLatency(ns), 743.0421943333333
[READ], MinLatency(ns), 201
[READ], MaxLatency(ns), 16409855
[READ], 95thPercentileLatency(ns), 1684
[READ], 99thPercentileLatency(ns), 2556
[READ], Return=OK, 3000000
[INIT], Operations, 1
[INIT], AverageLatency(ns), 6.88134144E8
[INIT], MinLatency(ns), 688132096
[INIT], MaxLatency(ns), 688136191
[INIT], 95thPercentileLatency(ns), 688136191
[INIT], 99thPercentileLatency(ns), 688136191
[GCS], Operations, 27
[GCS], AverageLatency(ns), 11.185185185185185
[GCS], MinLatency(ns), 0
[GCS], MaxLatency(ns), 54
[GCS], 95thPercentileLatency(ns), 49
[GCS], 99thPercentileLatency(ns), 54
[LOAD_GCs_Count], Operations, 1
[LOAD_GCs_Count], AverageLatency(ns), 263.0
[LOAD_GCs_Count], MinLatency(ns), 263
[LOAD_GCs_Count], MaxLatency(ns), 263
[LOAD_GCs_Count], 95thPercentileLatency(ns), 263
[LOAD_GCs_Count], 99thPercentileLatency(ns), 263
[CLEANUP], Operations, 1
[CLEANUP], AverageLatency(ns), 15549.0
[CLEANUP], MinLatency(ns), 15549
[CLEANUP], MaxLatency(ns), 15549
[CLEANUP], 95thPercentileLatency(ns), 15549
[CLEANUP], 99thPercentileLatency(ns), 15549
[INSERT], Operations, 1000000
[INSERT], AverageLatency(ns), 36999.282566
[INSERT], MinLatency(ns), 29638
[INSERT], MaxLatency(ns), 303005695
[INSERT], 95thPercentileLatency(ns), 41868
[INSERT], 99thPercentileLatency(ns), 51389
[INSERT], Return=OK, 1000000
[UPDATE], Operations, 1498682
[UPDATE], AverageLatency(ns), 38876.50272372658
[UPDATE], MinLatency(ns), 29876
[UPDATE], MaxLatency(ns), 89767935
[UPDATE], 95thPercentileLatency(ns), 46321
[UPDATE], 99thPercentileLatency(ns), 52800
[UPDATE], Return=OK, 1498682
