/home/anatole/jdk8u/build/linux-x86_64-normal-server-release/jdk/bin/java -Xmx100g -XX:+UseG1GC -XX:InitiatingHeapOccupancyPercent=15 -classpath /home/anatole/ycsb/conf:/home/anatole/ycsb/core/target/core-0.18.0-SNAPSHOT.jar:/home/anatole/ycsb/core/target/dependency/HdrHistogram-2.1.4.jar:/home/anatole/ycsb/core/target/dependency/guava-18.0.jar:/home/anatole/ycsb/core/target/dependency/htrace-core4-4.1.0-incubating.jar:/home/anatole/ycsb/core/target/dependency/jackson-core-asl-1.9.4.jar:/home/anatole/ycsb/core/target/dependency/jackson-mapper-asl-1.9.4.jar:/home/anatole/ycsb/core/target/dependency/javax.persistence-api-2.2.jar:/home/anatole/ycsb/core/target/dependency/jnvm-1.0-SNAPSHOT.jar:/home/anatole/ycsb/core/target/dependency/pcj-1.0.jar:/home/anatole/ycsb/core/target/dependency/unsafe-helper-1.0.jar:/home/anatole/ycsb/infinispan/src/main/conf:/home/anatole/ycsb/infinispan/target/infinispan-binding-0.18.0-SNAPSHOT.jar:/home/anatole/ycsb/infinispan/target/dependency/caffeine-2.6.2.jar:/home/anatole/ycsb/infinispan/target/dependency/gson-2.8.2.jar:/home/anatole/ycsb/infinispan/target/dependency/guava-18.0.jar:/home/anatole/ycsb/infinispan/target/dependency/infinispan-cachestore-jnvm-1.0-SNAPSHOT.jar:/home/anatole/ycsb/infinispan/target/dependency/infinispan-cachestore-pcj-1.0-SNAPSHOT.jar:/home/anatole/ycsb/infinispan/target/dependency/infinispan-client-hotrod-9.4.20.Final.jar:/home/anatole/ycsb/infinispan/target/dependency/infinispan-commons-9.4.20.Final.jar:/home/anatole/ycsb/infinispan/target/dependency/infinispan-core-9.4.20.Final.jar:/home/anatole/ycsb/infinispan/target/dependency/infinispan-persistence-soft-index-9.4.20.Final.jar:/home/anatole/ycsb/infinispan/target/dependency/javax.persistence-api-2.2.jar:/home/anatole/ycsb/infinispan/target/dependency/jboss-logging-3.3.2.Final.jar:/home/anatole/ycsb/infinispan/target/dependency/jboss-marshalling-osgi-2.0.6.Final.jar:/home/anatole/ycsb/infinispan/target/dependency/jboss-transaction-api_1.2_spec-1.1.1.Final.jar:/home/anatole/ycsb/infinispan/target/dependency/jgroups-4.0.21.Final.jar:/home/anatole/ycsb/infinispan/target/dependency/jnvm-1.0-SNAPSHOT.jar:/home/anatole/ycsb/infinispan/target/dependency/metainf-services-1.7.jar:/home/anatole/ycsb/infinispan/target/dependency/netty-buffer-4.1.51.Final.jar:/home/anatole/ycsb/infinispan/target/dependency/netty-codec-4.1.51.Final.jar:/home/anatole/ycsb/infinispan/target/dependency/netty-common-4.1.51.Final.jar:/home/anatole/ycsb/infinispan/target/dependency/netty-handler-4.1.51.Final.jar:/home/anatole/ycsb/infinispan/target/dependency/netty-resolver-4.1.51.Final.jar:/home/anatole/ycsb/infinispan/target/dependency/netty-transport-4.1.51.Final.jar:/home/anatole/ycsb/infinispan/target/dependency/netty-transport-native-epoll-4.1.51.Final-linux-x86_64.jar:/home/anatole/ycsb/infinispan/target/dependency/netty-transport-native-unix-common-4.1.51.Final.jar:/home/anatole/ycsb/infinispan/target/dependency/pcj-1.0.jar:/home/anatole/ycsb/infinispan/target/dependency/reactive-streams-1.0.2.jar:/home/anatole/ycsb/infinispan/target/dependency/rxjava-2.2.4.jar:/home/anatole/ycsb/infinispan/target/dependency/unsafe-helper-1.0.jar site.ycsb.Client -t -db site.ycsb.db.InfinispanClient -P ../workloads/workloadf -preload -s -threads 1 -p dataintegrity=true -p offheap=false -p recordcount=1000000 -p operationcount=3000000 -p fieldcount=10 -p fieldlength=1000 -p requestdistribution=zipfian -p measurement.trackjvm=true -p measurementtype=hdrhistogram -p hdrhistogram.output.path=./out/exp7.marshalling.ref/log/infinispan.run.workloadf.true.1000000.1000000.10.1000.zipfian.1.false.true.default.default.tmpfs.r5.hdr.log
[OVERALL], RunTime(ms), 717268
[OVERALL], Throughput(ops/sec), 5576.716094960321
[TOTAL_GCS_G1_Young_Generation], Count, 801
[TOTAL_GC_TIME_G1_Young_Generation], Time(ms), 29312
[TOTAL_GC_TIME_%_G1_Young_Generation], Time(%), 4.086617554386924
[TOTAL_GCS_G1_Old_Generation], Count, 0
[TOTAL_GC_TIME_G1_Old_Generation], Time(ms), 0
[TOTAL_GC_TIME_%_G1_Old_Generation], Time(%), 0.0
[TOTAL_GCs], Count, 801
[TOTAL_GC_TIME], Time(ms), 29312
[TOTAL_GC_TIME_%], Time(%), 4.086617554386924
[MAX_MEM_USED], MBs, 32291
[MIN_MEM_USED], MBs, 56
[MAX_THREADS], Count, 7
[MIN_THREADS], Count, 3
[MAX_SYS_LOAD_AVG], Load, 7.41
[MIN_SYS_LOAD_AVG], Load, 1.41
[THREAD_COUNT], Operations, 73
[THREAD_COUNT], AverageLatency(ns), 5.260273972602739
[THREAD_COUNT], MinLatency(ns), 3
[THREAD_COUNT], MaxLatency(ns), 7
[THREAD_COUNT], 95thPercentileLatency(ns), 7
[THREAD_COUNT], 99thPercentileLatency(ns), 7
[SYS_LOAD_AVG], Operations, 73
[SYS_LOAD_AVG], AverageLatency(ns), 2.9452054794520546
[SYS_LOAD_AVG], MinLatency(ns), 1
[SYS_LOAD_AVG], MaxLatency(ns), 7
[SYS_LOAD_AVG], 95thPercentileLatency(ns), 5
[SYS_LOAD_AVG], 99thPercentileLatency(ns), 6
[READ-MODIFY-WRITE], Operations, 1500187
[READ-MODIFY-WRITE], AverageLatency(ns), 66568.83816417553
[READ-MODIFY-WRITE], MinLatency(ns), 52431
[READ-MODIFY-WRITE], MaxLatency(ns), 264561663
[READ-MODIFY-WRITE], 95thPercentileLatency(ns), 74028
[READ-MODIFY-WRITE], 99thPercentileLatency(ns), 83004
[LOAD], Operations, 1
[LOAD], AverageLatency(ns), 5.4563176448E11
[LOAD], MinLatency(ns), 545630715904
[LOAD], MaxLatency(ns), 545632813055
[LOAD], 95thPercentileLatency(ns), 545632813055
[LOAD], 99thPercentileLatency(ns), 545632813055
[USED_MEM_MB], Operations, 73
[USED_MEM_MB], AverageLatency(ns), 18338.054794520547
[USED_MEM_MB], MinLatency(ns), 56
[USED_MEM_MB], MaxLatency(ns), 32291
[USED_MEM_MB], 95thPercentileLatency(ns), 30326
[USED_MEM_MB], 99thPercentileLatency(ns), 31516
[MAIN_GCs_Count], Operations, 1
[MAIN_GCs_Count], AverageLatency(ns), 43.0
[MAIN_GCs_Count], MinLatency(ns), 43
[MAIN_GCs_Count], MaxLatency(ns), 43
[MAIN_GCs_Count], 95thPercentileLatency(ns), 43
[MAIN_GCs_Count], 99thPercentileLatency(ns), 43
[MAIN_GCs_Time(ms)], Operations, 1
[MAIN_GCs_Time(ms)], AverageLatency(ns), 4336.0
[MAIN_GCs_Time(ms)], MinLatency(ns), 4336
[MAIN_GCs_Time(ms)], MaxLatency(ns), 4336
[MAIN_GCs_Time(ms)], 95thPercentileLatency(ns), 4336
[MAIN_GCs_Time(ms)], 99thPercentileLatency(ns), 4336
[TRANSACTION], Operations, 1
[TRANSACTION], AverageLatency(ns), 1.7070030848E11
[TRANSACTION], MinLatency(ns), 170699784192
[TRANSACTION], MaxLatency(ns), 170700832767
[TRANSACTION], 95thPercentileLatency(ns), 170700832767
[TRANSACTION], 99thPercentileLatency(ns), 170700832767
[GCS_TIME], Operations, 73
[GCS_TIME], AverageLatency(ns), 401.5342465753425
[GCS_TIME], MinLatency(ns), 0
[GCS_TIME], MaxLatency(ns), 765
[GCS_TIME], 95thPercentileLatency(ns), 726
[GCS_TIME], 99thPercentileLatency(ns), 763
[LOAD_GCs_Time(ms)], Operations, 1
[LOAD_GCs_Time(ms)], AverageLatency(ns), 24839.0
[LOAD_GCs_Time(ms)], MinLatency(ns), 24839
[LOAD_GCs_Time(ms)], MaxLatency(ns), 24839
[LOAD_GCs_Time(ms)], 95thPercentileLatency(ns), 24839
[LOAD_GCs_Time(ms)], 99thPercentileLatency(ns), 24839
[READ], Operations, 3000000
[READ], AverageLatency(ns), 921.9982963333333
[READ], MinLatency(ns), 199
[READ], MaxLatency(ns), 30761215
[READ], 95thPercentileLatency(ns), 2232
[READ], 99thPercentileLatency(ns), 3852
[READ], Return=OK, 3000000
[INIT], Operations, 1
[INIT], AverageLatency(ns), 7.3556992E8
[INIT], MinLatency(ns), 735567872
[INIT], MaxLatency(ns), 735571967
[INIT], 95thPercentileLatency(ns), 735571967
[INIT], 99thPercentileLatency(ns), 735571967
[GCS], Operations, 73
[GCS], AverageLatency(ns), 10.972602739726028
[GCS], MinLatency(ns), 0
[GCS], MaxLatency(ns), 106
[GCS], 95thPercentileLatency(ns), 49
[GCS], 99thPercentileLatency(ns), 52
[LOAD_GCs_Count], Operations, 1
[LOAD_GCs_Count], AverageLatency(ns), 754.0
[LOAD_GCs_Count], MinLatency(ns), 754
[LOAD_GCs_Count], MaxLatency(ns), 754
[LOAD_GCs_Count], 95thPercentileLatency(ns), 754
[LOAD_GCs_Count], 99thPercentileLatency(ns), 754
[CLEANUP], Operations, 1
[CLEANUP], AverageLatency(ns), 25271.0
[CLEANUP], MinLatency(ns), 25271
[CLEANUP], MaxLatency(ns), 25271
[CLEANUP], 95thPercentileLatency(ns), 25271
[CLEANUP], 99thPercentileLatency(ns), 25271
[INSERT], Operations, 1000000
[INSERT], AverageLatency(ns), 71945.40908
[INSERT], MinLatency(ns), 55460
[INSERT], MaxLatency(ns), 224935935
[INSERT], 95thPercentileLatency(ns), 79612
[INSERT], 99thPercentileLatency(ns), 94519
[INSERT], Return=OK, 1000000
[UPDATE], Operations, 1500187
[UPDATE], AverageLatency(ns), 64659.69107051321
[UPDATE], MinLatency(ns), 51602
[UPDATE], MaxLatency(ns), 196115455
[UPDATE], 95thPercentileLatency(ns), 72218
[UPDATE], 99thPercentileLatency(ns), 81045
[UPDATE], Return=OK, 1500187
