/home/anatole/jdk8u/build/linux-x86_64-normal-server-release/jdk/bin/java -Xmx100g -XX:+UseG1GC -XX:InitiatingHeapOccupancyPercent=15 -classpath /home/anatole/ycsb/conf:/home/anatole/ycsb/core/target/core-0.18.0-SNAPSHOT.jar:/home/anatole/ycsb/core/target/dependency/HdrHistogram-2.1.4.jar:/home/anatole/ycsb/core/target/dependency/guava-18.0.jar:/home/anatole/ycsb/core/target/dependency/htrace-core4-4.1.0-incubating.jar:/home/anatole/ycsb/core/target/dependency/jackson-core-asl-1.9.4.jar:/home/anatole/ycsb/core/target/dependency/jackson-mapper-asl-1.9.4.jar:/home/anatole/ycsb/core/target/dependency/javax.persistence-api-2.2.jar:/home/anatole/ycsb/core/target/dependency/jnvm-1.0-SNAPSHOT.jar:/home/anatole/ycsb/core/target/dependency/pcj-1.0.jar:/home/anatole/ycsb/core/target/dependency/unsafe-helper-1.0.jar:/home/anatole/ycsb/infinispan/src/main/conf:/home/anatole/ycsb/infinispan/target/infinispan-binding-0.18.0-SNAPSHOT.jar:/home/anatole/ycsb/infinispan/target/dependency/caffeine-2.6.2.jar:/home/anatole/ycsb/infinispan/target/dependency/gson-2.8.2.jar:/home/anatole/ycsb/infinispan/target/dependency/guava-18.0.jar:/home/anatole/ycsb/infinispan/target/dependency/infinispan-cachestore-jnvm-1.0-SNAPSHOT.jar:/home/anatole/ycsb/infinispan/target/dependency/infinispan-cachestore-pcj-1.0-SNAPSHOT.jar:/home/anatole/ycsb/infinispan/target/dependency/infinispan-client-hotrod-9.4.20.Final.jar:/home/anatole/ycsb/infinispan/target/dependency/infinispan-commons-9.4.20.Final.jar:/home/anatole/ycsb/infinispan/target/dependency/infinispan-core-9.4.20.Final.jar:/home/anatole/ycsb/infinispan/target/dependency/infinispan-persistence-soft-index-9.4.20.Final.jar:/home/anatole/ycsb/infinispan/target/dependency/javax.persistence-api-2.2.jar:/home/anatole/ycsb/infinispan/target/dependency/jboss-logging-3.3.2.Final.jar:/home/anatole/ycsb/infinispan/target/dependency/jboss-marshalling-osgi-2.0.6.Final.jar:/home/anatole/ycsb/infinispan/target/dependency/jboss-transaction-api_1.2_spec-1.1.1.Final.jar:/home/anatole/ycsb/infinispan/target/dependency/jgroups-4.0.21.Final.jar:/home/anatole/ycsb/infinispan/target/dependency/jnvm-1.0-SNAPSHOT.jar:/home/anatole/ycsb/infinispan/target/dependency/metainf-services-1.7.jar:/home/anatole/ycsb/infinispan/target/dependency/netty-buffer-4.1.51.Final.jar:/home/anatole/ycsb/infinispan/target/dependency/netty-codec-4.1.51.Final.jar:/home/anatole/ycsb/infinispan/target/dependency/netty-common-4.1.51.Final.jar:/home/anatole/ycsb/infinispan/target/dependency/netty-handler-4.1.51.Final.jar:/home/anatole/ycsb/infinispan/target/dependency/netty-resolver-4.1.51.Final.jar:/home/anatole/ycsb/infinispan/target/dependency/netty-transport-4.1.51.Final.jar:/home/anatole/ycsb/infinispan/target/dependency/netty-transport-native-epoll-4.1.51.Final-linux-x86_64.jar:/home/anatole/ycsb/infinispan/target/dependency/netty-transport-native-unix-common-4.1.51.Final.jar:/home/anatole/ycsb/infinispan/target/dependency/pcj-1.0.jar:/home/anatole/ycsb/infinispan/target/dependency/reactive-streams-1.0.2.jar:/home/anatole/ycsb/infinispan/target/dependency/rxjava-2.2.4.jar:/home/anatole/ycsb/infinispan/target/dependency/unsafe-helper-1.0.jar site.ycsb.Client -t -db site.ycsb.db.InfinispanClient -P ../workloads/workloadf -preload -s -threads 1 -p dataintegrity=true -p offheap=false -p recordcount=1000000 -p operationcount=3000000 -p fieldcount=10 -p fieldlength=800 -p requestdistribution=zipfian -p measurement.trackjvm=true -p measurementtype=hdrhistogram -p hdrhistogram.output.path=./out/exp7.marshalling.ref/log/infinispan.run.workloadf.true.1000000.1000000.10.800.zipfian.1.false.true.default.default.tmpfs.r5.hdr.log
[OVERALL], RunTime(ms), 523114
[OVERALL], Throughput(ops/sec), 7646.516820425376
[TOTAL_GCS_G1_Young_Generation], Count, 932
[TOTAL_GC_TIME_G1_Young_Generation], Time(ms), 28303
[TOTAL_GC_TIME_%_G1_Young_Generation], Time(%), 5.410484139212485
[TOTAL_GCS_G1_Old_Generation], Count, 0
[TOTAL_GC_TIME_G1_Old_Generation], Time(ms), 0
[TOTAL_GC_TIME_%_G1_Old_Generation], Time(%), 0.0
[TOTAL_GCs], Count, 932
[TOTAL_GC_TIME], Time(ms), 28303
[TOTAL_GC_TIME_%], Time(%), 5.410484139212485
[MAX_MEM_USED], MBs, 21192
[MIN_MEM_USED], MBs, 54
[MAX_THREADS], Count, 7
[MIN_THREADS], Count, 3
[MAX_SYS_LOAD_AVG], Load, 5.58
[MIN_SYS_LOAD_AVG], Load, 1.71
[THREAD_COUNT], Operations, 54
[THREAD_COUNT], AverageLatency(ns), 5.351851851851852
[THREAD_COUNT], MinLatency(ns), 3
[THREAD_COUNT], MaxLatency(ns), 7
[THREAD_COUNT], 95thPercentileLatency(ns), 7
[THREAD_COUNT], 99thPercentileLatency(ns), 7
[SYS_LOAD_AVG], Operations, 54
[SYS_LOAD_AVG], AverageLatency(ns), 2.9444444444444446
[SYS_LOAD_AVG], MinLatency(ns), 1
[SYS_LOAD_AVG], MaxLatency(ns), 5
[SYS_LOAD_AVG], 95thPercentileLatency(ns), 4
[SYS_LOAD_AVG], 99thPercentileLatency(ns), 4
[READ-MODIFY-WRITE], Operations, 1498603
[READ-MODIFY-WRITE], AverageLatency(ns), 64465.408595872286
[READ-MODIFY-WRITE], MinLatency(ns), 46898
[READ-MODIFY-WRITE], MaxLatency(ns), 151480319
[READ-MODIFY-WRITE], 95thPercentileLatency(ns), 74626
[READ-MODIFY-WRITE], 99thPercentileLatency(ns), 84518
[LOAD], Operations, 1
[LOAD], AverageLatency(ns), 3.7046714368E11
[LOAD], MinLatency(ns), 370466095104
[LOAD], MaxLatency(ns), 370468192255
[LOAD], 95thPercentileLatency(ns), 370468192255
[LOAD], 99thPercentileLatency(ns), 370468192255
[USED_MEM_MB], Operations, 54
[USED_MEM_MB], AverageLatency(ns), 14061.722222222223
[USED_MEM_MB], MinLatency(ns), 54
[USED_MEM_MB], MaxLatency(ns), 21192
[USED_MEM_MB], 95thPercentileLatency(ns), 20660
[USED_MEM_MB], 99thPercentileLatency(ns), 20795
[MAIN_GCs_Count], Operations, 1
[MAIN_GCs_Count], AverageLatency(ns), 166.0
[MAIN_GCs_Count], MinLatency(ns), 166
[MAIN_GCs_Count], MaxLatency(ns), 166
[MAIN_GCs_Count], 95thPercentileLatency(ns), 166
[MAIN_GCs_Count], 99thPercentileLatency(ns), 166
[MAIN_GCs_Time(ms)], Operations, 1
[MAIN_GCs_Time(ms)], AverageLatency(ns), 8185.0
[MAIN_GCs_Time(ms)], MinLatency(ns), 8185
[MAIN_GCs_Time(ms)], MaxLatency(ns), 8185
[MAIN_GCs_Time(ms)], 95thPercentileLatency(ns), 8185
[MAIN_GCs_Time(ms)], 99thPercentileLatency(ns), 8185
[TRANSACTION], Operations, 1
[TRANSACTION], AverageLatency(ns), 1.50983933952E11
[TRANSACTION], MinLatency(ns), 150983409664
[TRANSACTION], MaxLatency(ns), 150984458239
[TRANSACTION], 95thPercentileLatency(ns), 150984458239
[TRANSACTION], 99thPercentileLatency(ns), 150984458239
[GCS_TIME], Operations, 54
[GCS_TIME], AverageLatency(ns), 524.1296296296297
[GCS_TIME], MinLatency(ns), 0
[GCS_TIME], MaxLatency(ns), 801
[GCS_TIME], 95thPercentileLatency(ns), 715
[GCS_TIME], 99thPercentileLatency(ns), 779
[LOAD_GCs_Time(ms)], Operations, 1
[LOAD_GCs_Time(ms)], AverageLatency(ns), 20056.0
[LOAD_GCs_Time(ms)], MinLatency(ns), 20056
[LOAD_GCs_Time(ms)], MaxLatency(ns), 20056
[LOAD_GCs_Time(ms)], 95thPercentileLatency(ns), 20056
[LOAD_GCs_Time(ms)], 99thPercentileLatency(ns), 20056
[READ], Operations, 3000000
[READ], AverageLatency(ns), 811.692803
[READ], MinLatency(ns), 201
[READ], MaxLatency(ns), 18734719
[READ], 95thPercentileLatency(ns), 1831
[READ], 99thPercentileLatency(ns), 2850
[READ], Return=OK, 3000000
[INIT], Operations, 1
[INIT], AverageLatency(ns), 1.554673664E9
[INIT], MinLatency(ns), 1554669568
[INIT], MaxLatency(ns), 1554677759
[INIT], 95thPercentileLatency(ns), 1554677759
[INIT], 99thPercentileLatency(ns), 1554677759
[GCS], Operations, 54
[GCS], AverageLatency(ns), 17.25925925925926
[GCS], MinLatency(ns), 0
[GCS], MaxLatency(ns), 86
[GCS], 95thPercentileLatency(ns), 65
[GCS], 99thPercentileLatency(ns), 77
[LOAD_GCs_Count], Operations, 1
[LOAD_GCs_Count], AverageLatency(ns), 763.0
[LOAD_GCs_Count], MinLatency(ns), 763
[LOAD_GCs_Count], MaxLatency(ns), 763
[LOAD_GCs_Count], 95thPercentileLatency(ns), 763
[LOAD_GCs_Count], 99thPercentileLatency(ns), 763
[CLEANUP], Operations, 1
[CLEANUP], AverageLatency(ns), 17634.0
[CLEANUP], MinLatency(ns), 17634
[CLEANUP], MaxLatency(ns), 17634
[CLEANUP], 95thPercentileLatency(ns), 17634
[CLEANUP], 99thPercentileLatency(ns), 17634
[INSERT], Operations, 1000000
[INSERT], AverageLatency(ns), 56828.27301
[INSERT], MinLatency(ns), 46655
[INSERT], MaxLatency(ns), 141366271
[INSERT], 95thPercentileLatency(ns), 65809
[INSERT], 99thPercentileLatency(ns), 84336
[INSERT], Return=OK, 1000000
[UPDATE], Operations, 1498603
[UPDATE], AverageLatency(ns), 62788.85354360027
[UPDATE], MinLatency(ns), 46145
[UPDATE], MaxLatency(ns), 114797055
[UPDATE], 95thPercentileLatency(ns), 73069
[UPDATE], 99thPercentileLatency(ns), 82712
[UPDATE], Return=OK, 1498603
