/home/anatole/jdk8u/build/linux-x86_64-normal-server-release/jdk/bin/java -Xmx40g -XX:+UseG1GC -classpath /home/anatole/ycsb/conf:/home/anatole/ycsb/core/target/core-0.18.0-SNAPSHOT.jar:/home/anatole/ycsb/core/target/dependency/HdrHistogram-2.1.4.jar:/home/anatole/ycsb/core/target/dependency/guava-18.0.jar:/home/anatole/ycsb/core/target/dependency/htrace-core4-4.1.0-incubating.jar:/home/anatole/ycsb/core/target/dependency/jackson-core-asl-1.9.4.jar:/home/anatole/ycsb/core/target/dependency/jackson-mapper-asl-1.9.4.jar:/home/anatole/ycsb/core/target/dependency/javax.persistence-api-2.2.jar:/home/anatole/ycsb/core/target/dependency/jnvm-1.0-SNAPSHOT.jar:/home/anatole/ycsb/core/target/dependency/pcj-1.0.jar:/home/anatole/ycsb/core/target/dependency/unsafe-helper-1.0.jar:/home/anatole/ycsb/infinispan/src/main/conf:/home/anatole/ycsb/infinispan/target/infinispan-binding-0.18.0-SNAPSHOT.jar:/home/anatole/ycsb/infinispan/target/dependency/caffeine-2.6.2.jar:/home/anatole/ycsb/infinispan/target/dependency/gson-2.8.2.jar:/home/anatole/ycsb/infinispan/target/dependency/guava-18.0.jar:/home/anatole/ycsb/infinispan/target/dependency/infinispan-cachestore-jnvm-1.0-SNAPSHOT.jar:/home/anatole/ycsb/infinispan/target/dependency/infinispan-cachestore-pcj-1.0-SNAPSHOT.jar:/home/anatole/ycsb/infinispan/target/dependency/infinispan-client-hotrod-9.4.20.Final.jar:/home/anatole/ycsb/infinispan/target/dependency/infinispan-commons-9.4.20.Final.jar:/home/anatole/ycsb/infinispan/target/dependency/infinispan-core-9.4.20.Final.jar:/home/anatole/ycsb/infinispan/target/dependency/infinispan-persistence-soft-index-9.4.20.Final.jar:/home/anatole/ycsb/infinispan/target/dependency/javax.persistence-api-2.2.jar:/home/anatole/ycsb/infinispan/target/dependency/jboss-logging-3.3.2.Final.jar:/home/anatole/ycsb/infinispan/target/dependency/jboss-marshalling-osgi-2.0.6.Final.jar:/home/anatole/ycsb/infinispan/target/dependency/jboss-transaction-api_1.2_spec-1.1.1.Final.jar:/home/anatole/ycsb/infinispan/target/dependency/jgroups-4.0.21.Final.jar:/home/anatole/ycsb/infinispan/target/dependency/jnvm-1.0-SNAPSHOT.jar:/home/anatole/ycsb/infinispan/target/dependency/metainf-services-1.7.jar:/home/anatole/ycsb/infinispan/target/dependency/netty-buffer-4.1.51.Final.jar:/home/anatole/ycsb/infinispan/target/dependency/netty-codec-4.1.51.Final.jar:/home/anatole/ycsb/infinispan/target/dependency/netty-common-4.1.51.Final.jar:/home/anatole/ycsb/infinispan/target/dependency/netty-handler-4.1.51.Final.jar:/home/anatole/ycsb/infinispan/target/dependency/netty-resolver-4.1.51.Final.jar:/home/anatole/ycsb/infinispan/target/dependency/netty-transport-4.1.51.Final.jar:/home/anatole/ycsb/infinispan/target/dependency/netty-transport-native-epoll-4.1.51.Final-linux-x86_64.jar:/home/anatole/ycsb/infinispan/target/dependency/netty-transport-native-unix-common-4.1.51.Final.jar:/home/anatole/ycsb/infinispan/target/dependency/pcj-1.0.jar:/home/anatole/ycsb/infinispan/target/dependency/reactive-streams-1.0.2.jar:/home/anatole/ycsb/infinispan/target/dependency/rxjava-2.2.4.jar:/home/anatole/ycsb/infinispan/target/dependency/unsafe-helper-1.0.jar site.ycsb.Client -t -db site.ycsb.db.InfinispanClient -P ../workloads/workloadf -preload -s -threads 1 -p dataintegrity=true -p offheap=false -p recordcount=1000000 -p operationcount=3000000 -p fieldcount=10 -p fieldlength=200 -p requestdistribution=zipfian -p measurement.trackjvm=true -p measurementtype=hdrhistogram -p hdrhistogram.output.path=./out/exp7.marshalling.ref/log/infinispan.run.workloadf.true.1000000.1000000.10.200.zipfian.1.false.true.default.default.pmem0.r4.hdr.log
[OVERALL], RunTime(ms), 127296
[OVERALL], Throughput(ops/sec), 31422.8255404726
[TOTAL_GCS_G1_Young_Generation], Count, 92
[TOTAL_GC_TIME_G1_Young_Generation], Time(ms), 6471
[TOTAL_GC_TIME_%_G1_Young_Generation], Time(%), 5.083427601809955
[TOTAL_GCS_G1_Old_Generation], Count, 0
[TOTAL_GC_TIME_G1_Old_Generation], Time(ms), 0
[TOTAL_GC_TIME_%_G1_Old_Generation], Time(%), 0.0
[TOTAL_GCs], Count, 92
[TOTAL_GC_TIME], Time(ms), 6471
[TOTAL_GC_TIME_%], Time(%), 5.083427601809955
[MAX_MEM_USED], MBs, 11991
[MIN_MEM_USED], MBs, 52
[MAX_THREADS], Count, 7
[MIN_THREADS], Count, 3
[MAX_SYS_LOAD_AVG], Load, 3.99
[MIN_SYS_LOAD_AVG], Load, 1.76
[THREAD_COUNT], Operations, 14
[THREAD_COUNT], AverageLatency(ns), 6.214285714285714
[THREAD_COUNT], MinLatency(ns), 3
[THREAD_COUNT], MaxLatency(ns), 7
[THREAD_COUNT], 95thPercentileLatency(ns), 7
[THREAD_COUNT], 99thPercentileLatency(ns), 7
[SYS_LOAD_AVG], Operations, 14
[SYS_LOAD_AVG], AverageLatency(ns), 2.0
[SYS_LOAD_AVG], MinLatency(ns), 1
[SYS_LOAD_AVG], MaxLatency(ns), 3
[SYS_LOAD_AVG], 95thPercentileLatency(ns), 3
[SYS_LOAD_AVG], 99thPercentileLatency(ns), 3
[READ-MODIFY-WRITE], Operations, 1500863
[READ-MODIFY-WRITE], AverageLatency(ns), 34318.776791752476
[READ-MODIFY-WRITE], MinLatency(ns), 26024
[READ-MODIFY-WRITE], MaxLatency(ns), 205196287
[READ-MODIFY-WRITE], 95thPercentileLatency(ns), 39360
[READ-MODIFY-WRITE], 99thPercentileLatency(ns), 47142
[LOAD], Operations, 1
[LOAD], AverageLatency(ns), 6.7975380992E10
[LOAD], MinLatency(ns), 67975249920
[LOAD], MaxLatency(ns), 67975512063
[LOAD], 95thPercentileLatency(ns), 67975512063
[LOAD], 99thPercentileLatency(ns), 67975512063
[USED_MEM_MB], Operations, 14
[USED_MEM_MB], AverageLatency(ns), 6984.357142857143
[USED_MEM_MB], MinLatency(ns), 52
[USED_MEM_MB], MaxLatency(ns), 11991
[USED_MEM_MB], 95thPercentileLatency(ns), 11752
[USED_MEM_MB], 99thPercentileLatency(ns), 11991
[MAIN_GCs_Count], Operations, 1
[MAIN_GCs_Count], AverageLatency(ns), 20.0
[MAIN_GCs_Count], MinLatency(ns), 20
[MAIN_GCs_Count], MaxLatency(ns), 20
[MAIN_GCs_Count], 95thPercentileLatency(ns), 20
[MAIN_GCs_Count], 99thPercentileLatency(ns), 20
[MAIN_GCs_Time(ms)], Operations, 1
[MAIN_GCs_Time(ms)], AverageLatency(ns), 1796.0
[MAIN_GCs_Time(ms)], MinLatency(ns), 1796
[MAIN_GCs_Time(ms)], MaxLatency(ns), 1796
[MAIN_GCs_Time(ms)], 95thPercentileLatency(ns), 1796
[MAIN_GCs_Time(ms)], 99thPercentileLatency(ns), 1796
[TRANSACTION], Operations, 1
[TRANSACTION], AverageLatency(ns), 5.8550779904E10
[TRANSACTION], MinLatency(ns), 58550648832
[TRANSACTION], MaxLatency(ns), 58550910975
[TRANSACTION], 95thPercentileLatency(ns), 58550910975
[TRANSACTION], 99thPercentileLatency(ns), 58550910975
[GCS_TIME], Operations, 14
[GCS_TIME], AverageLatency(ns), 462.2142857142857
[GCS_TIME], MinLatency(ns), 0
[GCS_TIME], MaxLatency(ns), 939
[GCS_TIME], 95thPercentileLatency(ns), 828
[GCS_TIME], 99thPercentileLatency(ns), 939
[LOAD_GCs_Time(ms)], Operations, 1
[LOAD_GCs_Time(ms)], AverageLatency(ns), 4586.0
[LOAD_GCs_Time(ms)], MinLatency(ns), 4586
[LOAD_GCs_Time(ms)], MaxLatency(ns), 4586
[LOAD_GCs_Time(ms)], 95thPercentileLatency(ns), 4586
[LOAD_GCs_Time(ms)], 99thPercentileLatency(ns), 4586
[READ], Operations, 3000000
[READ], AverageLatency(ns), 693.0239586666667
[READ], MinLatency(ns), 206
[READ], MaxLatency(ns), 1690639
[READ], 95thPercentileLatency(ns), 1594
[READ], 99thPercentileLatency(ns), 2439
[READ], Return=OK, 3000000
[INIT], Operations, 1
[INIT], AverageLatency(ns), 6.56365568E8
[INIT], MinLatency(ns), 656363520
[INIT], MaxLatency(ns), 656367615
[INIT], 95thPercentileLatency(ns), 656367615
[INIT], 99thPercentileLatency(ns), 656367615
[GCS], Operations, 14
[GCS], AverageLatency(ns), 6.571428571428571
[GCS], MinLatency(ns), 0
[GCS], MaxLatency(ns), 26
[GCS], 95thPercentileLatency(ns), 15
[GCS], 99thPercentileLatency(ns), 26
[LOAD_GCs_Count], Operations, 1
[LOAD_GCs_Count], AverageLatency(ns), 69.0
[LOAD_GCs_Count], MinLatency(ns), 69
[LOAD_GCs_Count], MaxLatency(ns), 69
[LOAD_GCs_Count], 95thPercentileLatency(ns), 69
[LOAD_GCs_Count], 99thPercentileLatency(ns), 69
[CLEANUP], Operations, 1
[CLEANUP], AverageLatency(ns), 33012.0
[CLEANUP], MinLatency(ns), 33012
[CLEANUP], MaxLatency(ns), 33012
[CLEANUP], 95thPercentileLatency(ns), 33012
[CLEANUP], 99thPercentileLatency(ns), 33012
[INSERT], Operations, 1000000
[INSERT], AverageLatency(ns), 39132.709149
[INSERT], MinLatency(ns), 25080
[INSERT], MaxLatency(ns), 201544703
[INSERT], 95thPercentileLatency(ns), 42546
[INSERT], 99thPercentileLatency(ns), 55156
[INSERT], Return=OK, 1000000
[UPDATE], Operations, 1500863
[UPDATE], AverageLatency(ns), 33058.74017481942
[UPDATE], MinLatency(ns), 25265
[UPDATE], MaxLatency(ns), 186334207
[UPDATE], 95thPercentileLatency(ns), 38008
[UPDATE], 99thPercentileLatency(ns), 45542
[UPDATE], Return=OK, 1500863
