/home/anatole/jdk8u/build/linux-x86_64-normal-server-release/jdk/bin/java -Xmx100g -XX:+UseG1GC -XX:InitiatingHeapOccupancyPercent=15 -classpath /home/anatole/ycsb/conf:/home/anatole/ycsb/core/target/core-0.18.0-SNAPSHOT.jar:/home/anatole/ycsb/core/target/dependency/HdrHistogram-2.1.4.jar:/home/anatole/ycsb/core/target/dependency/guava-18.0.jar:/home/anatole/ycsb/core/target/dependency/htrace-core4-4.1.0-incubating.jar:/home/anatole/ycsb/core/target/dependency/jackson-core-asl-1.9.4.jar:/home/anatole/ycsb/core/target/dependency/jackson-mapper-asl-1.9.4.jar:/home/anatole/ycsb/core/target/dependency/javax.persistence-api-2.2.jar:/home/anatole/ycsb/core/target/dependency/jnvm-1.0-SNAPSHOT.jar:/home/anatole/ycsb/core/target/dependency/pcj-1.0.jar:/home/anatole/ycsb/core/target/dependency/unsafe-helper-1.0.jar:/home/anatole/ycsb/infinispan/src/main/conf:/home/anatole/ycsb/infinispan/target/infinispan-binding-0.18.0-SNAPSHOT.jar:/home/anatole/ycsb/infinispan/target/dependency/caffeine-2.6.2.jar:/home/anatole/ycsb/infinispan/target/dependency/gson-2.8.2.jar:/home/anatole/ycsb/infinispan/target/dependency/guava-18.0.jar:/home/anatole/ycsb/infinispan/target/dependency/infinispan-cachestore-jnvm-1.0-SNAPSHOT.jar:/home/anatole/ycsb/infinispan/target/dependency/infinispan-cachestore-pcj-1.0-SNAPSHOT.jar:/home/anatole/ycsb/infinispan/target/dependency/infinispan-client-hotrod-9.4.20.Final.jar:/home/anatole/ycsb/infinispan/target/dependency/infinispan-commons-9.4.20.Final.jar:/home/anatole/ycsb/infinispan/target/dependency/infinispan-core-9.4.20.Final.jar:/home/anatole/ycsb/infinispan/target/dependency/infinispan-persistence-soft-index-9.4.20.Final.jar:/home/anatole/ycsb/infinispan/target/dependency/javax.persistence-api-2.2.jar:/home/anatole/ycsb/infinispan/target/dependency/jboss-logging-3.3.2.Final.jar:/home/anatole/ycsb/infinispan/target/dependency/jboss-marshalling-osgi-2.0.6.Final.jar:/home/anatole/ycsb/infinispan/target/dependency/jboss-transaction-api_1.2_spec-1.1.1.Final.jar:/home/anatole/ycsb/infinispan/target/dependency/jgroups-4.0.21.Final.jar:/home/anatole/ycsb/infinispan/target/dependency/jnvm-1.0-SNAPSHOT.jar:/home/anatole/ycsb/infinispan/target/dependency/metainf-services-1.7.jar:/home/anatole/ycsb/infinispan/target/dependency/netty-buffer-4.1.51.Final.jar:/home/anatole/ycsb/infinispan/target/dependency/netty-codec-4.1.51.Final.jar:/home/anatole/ycsb/infinispan/target/dependency/netty-common-4.1.51.Final.jar:/home/anatole/ycsb/infinispan/target/dependency/netty-handler-4.1.51.Final.jar:/home/anatole/ycsb/infinispan/target/dependency/netty-resolver-4.1.51.Final.jar:/home/anatole/ycsb/infinispan/target/dependency/netty-transport-4.1.51.Final.jar:/home/anatole/ycsb/infinispan/target/dependency/netty-transport-native-epoll-4.1.51.Final-linux-x86_64.jar:/home/anatole/ycsb/infinispan/target/dependency/netty-transport-native-unix-common-4.1.51.Final.jar:/home/anatole/ycsb/infinispan/target/dependency/pcj-1.0.jar:/home/anatole/ycsb/infinispan/target/dependency/reactive-streams-1.0.2.jar:/home/anatole/ycsb/infinispan/target/dependency/rxjava-2.2.4.jar:/home/anatole/ycsb/infinispan/target/dependency/unsafe-helper-1.0.jar site.ycsb.Client -t -db site.ycsb.db.InfinispanClient -P ../workloads/workloadf -preload -s -threads 1 -p dataintegrity=true -p offheap=false -p recordcount=1000000 -p operationcount=3000000 -p fieldcount=10 -p fieldlength=200 -p requestdistribution=zipfian -p measurement.trackjvm=true -p measurementtype=hdrhistogram -p hdrhistogram.output.path=./out/exp7.marshalling.ref/log/infinispan.run.workloadf.true.1000000.1000000.10.200.zipfian.1.false.true.default.default.none.r10.hdr.log
[OVERALL], RunTime(ms), 50067
[OVERALL], Throughput(ops/sec), 79892.94345576927
[TOTAL_GCS_G1_Young_Generation], Count, 31
[TOTAL_GC_TIME_G1_Young_Generation], Time(ms), 3642
[TOTAL_GC_TIME_%_G1_Young_Generation], Time(%), 7.2742525016477915
[TOTAL_GCS_G1_Old_Generation], Count, 0
[TOTAL_GC_TIME_G1_Old_Generation], Time(ms), 0
[TOTAL_GC_TIME_%_G1_Old_Generation], Time(%), 0.0
[TOTAL_GCs], Count, 31
[TOTAL_GC_TIME], Time(ms), 3642
[TOTAL_GC_TIME_%], Time(%), 7.2742525016477915
[MAX_MEM_USED], MBs, 10904
[MIN_MEM_USED], MBs, 56
[MAX_THREADS], Count, 6
[MIN_THREADS], Count, 3
[MAX_SYS_LOAD_AVG], Load, 5.4
[MIN_SYS_LOAD_AVG], Load, 3.61
[THREAD_COUNT], Operations, 7
[THREAD_COUNT], AverageLatency(ns), 5.285714285714286
[THREAD_COUNT], MinLatency(ns), 3
[THREAD_COUNT], MaxLatency(ns), 6
[THREAD_COUNT], 95thPercentileLatency(ns), 6
[THREAD_COUNT], 99thPercentileLatency(ns), 6
[SYS_LOAD_AVG], Operations, 7
[SYS_LOAD_AVG], AverageLatency(ns), 3.5714285714285716
[SYS_LOAD_AVG], MinLatency(ns), 3
[SYS_LOAD_AVG], MaxLatency(ns), 5
[SYS_LOAD_AVG], 95thPercentileLatency(ns), 5
[SYS_LOAD_AVG], 99thPercentileLatency(ns), 5
[READ-MODIFY-WRITE], Operations, 1500592
[READ-MODIFY-WRITE], AverageLatency(ns), 4366.606775859128
[READ-MODIFY-WRITE], MinLatency(ns), 1363
[READ-MODIFY-WRITE], MaxLatency(ns), 14250367
[READ-MODIFY-WRITE], 95thPercentileLatency(ns), 9262
[READ-MODIFY-WRITE], 99thPercentileLatency(ns), 14197
[LOAD], Operations, 1
[LOAD], AverageLatency(ns), 3.521183744E10
[LOAD], MinLatency(ns), 35211706368
[LOAD], MaxLatency(ns), 35211968511
[LOAD], 95thPercentileLatency(ns), 35211968511
[LOAD], 99thPercentileLatency(ns), 35211968511
[USED_MEM_MB], Operations, 7
[USED_MEM_MB], AverageLatency(ns), 6634.0
[USED_MEM_MB], MinLatency(ns), 56
[USED_MEM_MB], MaxLatency(ns), 10904
[USED_MEM_MB], 95thPercentileLatency(ns), 10904
[USED_MEM_MB], 99thPercentileLatency(ns), 10904
[MAIN_GCs_Count], Operations, 1
[MAIN_GCs_Count], AverageLatency(ns), 3.0
[MAIN_GCs_Count], MinLatency(ns), 3
[MAIN_GCs_Count], MaxLatency(ns), 3
[MAIN_GCs_Count], 95thPercentileLatency(ns), 3
[MAIN_GCs_Count], 99thPercentileLatency(ns), 3
[MAIN_GCs_Time(ms)], Operations, 1
[MAIN_GCs_Time(ms)], AverageLatency(ns), 449.0
[MAIN_GCs_Time(ms)], MinLatency(ns), 449
[MAIN_GCs_Time(ms)], MaxLatency(ns), 449
[MAIN_GCs_Time(ms)], 95thPercentileLatency(ns), 449
[MAIN_GCs_Time(ms)], 99thPercentileLatency(ns), 449
[TRANSACTION], Operations, 1
[TRANSACTION], AverageLatency(ns), 1.4095384576E10
[TRANSACTION], MinLatency(ns), 14095351808
[TRANSACTION], MaxLatency(ns), 14095417343
[TRANSACTION], 95thPercentileLatency(ns), 14095417343
[TRANSACTION], 99thPercentileLatency(ns), 14095417343
[GCS_TIME], Operations, 7
[GCS_TIME], AverageLatency(ns), 520.2857142857143
[GCS_TIME], MinLatency(ns), 0
[GCS_TIME], MaxLatency(ns), 1077
[GCS_TIME], 95thPercentileLatency(ns), 1077
[GCS_TIME], 99thPercentileLatency(ns), 1077
[LOAD_GCs_Time(ms)], Operations, 1
[LOAD_GCs_Time(ms)], AverageLatency(ns), 3158.0
[LOAD_GCs_Time(ms)], MinLatency(ns), 3158
[LOAD_GCs_Time(ms)], MaxLatency(ns), 3158
[LOAD_GCs_Time(ms)], 95thPercentileLatency(ns), 3158
[LOAD_GCs_Time(ms)], 99thPercentileLatency(ns), 3158
[READ], Operations, 3000000
[READ], AverageLatency(ns), 1073.92488
[READ], MinLatency(ns), 159
[READ], MaxLatency(ns), 2108879
[READ], 95thPercentileLatency(ns), 3469
[READ], 99thPercentileLatency(ns), 6176
[READ], Return=OK, 3000000
[INIT], Operations, 1
[INIT], AverageLatency(ns), 6.6059264E8
[INIT], MinLatency(ns), 660590592
[INIT], MaxLatency(ns), 660594687
[INIT], 95thPercentileLatency(ns), 660594687
[INIT], 99thPercentileLatency(ns), 660594687
[GCS], Operations, 7
[GCS], AverageLatency(ns), 4.428571428571429
[GCS], MinLatency(ns), 0
[GCS], MaxLatency(ns), 16
[GCS], 95thPercentileLatency(ns), 16
[GCS], 99thPercentileLatency(ns), 16
[LOAD_GCs_Count], Operations, 1
[LOAD_GCs_Count], AverageLatency(ns), 26.0
[LOAD_GCs_Count], MinLatency(ns), 26
[LOAD_GCs_Count], MaxLatency(ns), 26
[LOAD_GCs_Count], 95thPercentileLatency(ns), 26
[LOAD_GCs_Count], 99thPercentileLatency(ns), 26
[CLEANUP], Operations, 1
[CLEANUP], AverageLatency(ns), 19233.0
[CLEANUP], MinLatency(ns), 19233
[CLEANUP], MaxLatency(ns), 19233
[CLEANUP], 95thPercentileLatency(ns), 19233
[CLEANUP], 99thPercentileLatency(ns), 19233
[INSERT], Operations, 1000000
[INSERT], AverageLatency(ns), 2834.801659
[INSERT], MinLatency(ns), 1173
[INSERT], MaxLatency(ns), 215171071
[INSERT], 95thPercentileLatency(ns), 3391
[INSERT], 99thPercentileLatency(ns), 6187
[INSERT], Return=OK, 1000000
[UPDATE], Operations, 1500592
[UPDATE], AverageLatency(ns), 2971.435011648736
[UPDATE], MinLatency(ns), 937
[UPDATE], MaxLatency(ns), 608927
[UPDATE], 95thPercentileLatency(ns), 7279
[UPDATE], 99thPercentileLatency(ns), 11199
[UPDATE], Return=OK, 1500592
