/home/anatole/jdk8u/build/linux-x86_64-normal-server-release/jdk/bin/java -Xmx100g -XX:+UseG1GC -XX:InitiatingHeapOccupancyPercent=15 -classpath /home/anatole/ycsb/conf:/home/anatole/ycsb/core/target/core-0.18.0-SNAPSHOT.jar:/home/anatole/ycsb/core/target/dependency/HdrHistogram-2.1.4.jar:/home/anatole/ycsb/core/target/dependency/guava-18.0.jar:/home/anatole/ycsb/core/target/dependency/htrace-core4-4.1.0-incubating.jar:/home/anatole/ycsb/core/target/dependency/jackson-core-asl-1.9.4.jar:/home/anatole/ycsb/core/target/dependency/jackson-mapper-asl-1.9.4.jar:/home/anatole/ycsb/core/target/dependency/javax.persistence-api-2.2.jar:/home/anatole/ycsb/core/target/dependency/jnvm-1.0-SNAPSHOT.jar:/home/anatole/ycsb/core/target/dependency/pcj-1.0.jar:/home/anatole/ycsb/core/target/dependency/unsafe-helper-1.0.jar:/home/anatole/ycsb/infinispan/src/main/conf:/home/anatole/ycsb/infinispan/target/infinispan-binding-0.18.0-SNAPSHOT.jar:/home/anatole/ycsb/infinispan/target/dependency/caffeine-2.6.2.jar:/home/anatole/ycsb/infinispan/target/dependency/gson-2.8.2.jar:/home/anatole/ycsb/infinispan/target/dependency/guava-18.0.jar:/home/anatole/ycsb/infinispan/target/dependency/infinispan-cachestore-jnvm-1.0-SNAPSHOT.jar:/home/anatole/ycsb/infinispan/target/dependency/infinispan-cachestore-pcj-1.0-SNAPSHOT.jar:/home/anatole/ycsb/infinispan/target/dependency/infinispan-client-hotrod-9.4.20.Final.jar:/home/anatole/ycsb/infinispan/target/dependency/infinispan-commons-9.4.20.Final.jar:/home/anatole/ycsb/infinispan/target/dependency/infinispan-core-9.4.20.Final.jar:/home/anatole/ycsb/infinispan/target/dependency/infinispan-persistence-soft-index-9.4.20.Final.jar:/home/anatole/ycsb/infinispan/target/dependency/javax.persistence-api-2.2.jar:/home/anatole/ycsb/infinispan/target/dependency/jboss-logging-3.3.2.Final.jar:/home/anatole/ycsb/infinispan/target/dependency/jboss-marshalling-osgi-2.0.6.Final.jar:/home/anatole/ycsb/infinispan/target/dependency/jboss-transaction-api_1.2_spec-1.1.1.Final.jar:/home/anatole/ycsb/infinispan/target/dependency/jgroups-4.0.21.Final.jar:/home/anatole/ycsb/infinispan/target/dependency/jnvm-1.0-SNAPSHOT.jar:/home/anatole/ycsb/infinispan/target/dependency/metainf-services-1.7.jar:/home/anatole/ycsb/infinispan/target/dependency/netty-buffer-4.1.51.Final.jar:/home/anatole/ycsb/infinispan/target/dependency/netty-codec-4.1.51.Final.jar:/home/anatole/ycsb/infinispan/target/dependency/netty-common-4.1.51.Final.jar:/home/anatole/ycsb/infinispan/target/dependency/netty-handler-4.1.51.Final.jar:/home/anatole/ycsb/infinispan/target/dependency/netty-resolver-4.1.51.Final.jar:/home/anatole/ycsb/infinispan/target/dependency/netty-transport-4.1.51.Final.jar:/home/anatole/ycsb/infinispan/target/dependency/netty-transport-native-epoll-4.1.51.Final-linux-x86_64.jar:/home/anatole/ycsb/infinispan/target/dependency/netty-transport-native-unix-common-4.1.51.Final.jar:/home/anatole/ycsb/infinispan/target/dependency/pcj-1.0.jar:/home/anatole/ycsb/infinispan/target/dependency/reactive-streams-1.0.2.jar:/home/anatole/ycsb/infinispan/target/dependency/rxjava-2.2.4.jar:/home/anatole/ycsb/infinispan/target/dependency/unsafe-helper-1.0.jar site.ycsb.Client -t -db site.ycsb.db.InfinispanClient -P ../workloads/workloadf -preload -s -threads 1 -p dataintegrity=true -p offheap=false -p recordcount=1000000 -p operationcount=3000000 -p fieldcount=10 -p fieldlength=500 -p requestdistribution=zipfian -p measurement.trackjvm=true -p measurementtype=hdrhistogram -p hdrhistogram.output.path=./out/exp7.marshalling.ref/log/infinispan.run.workloadf.true.1000000.1000000.10.500.zipfian.1.false.true.default.default.none.r9.hdr.log
[OVERALL], RunTime(ms), 161319
[OVERALL], Throughput(ops/sec), 24795.59134385906
[TOTAL_GCS_G1_Young_Generation], Count, 135
[TOTAL_GC_TIME_G1_Young_Generation], Time(ms), 9328
[TOTAL_GC_TIME_%_G1_Young_Generation], Time(%), 5.782331901387933
[TOTAL_GCS_G1_Old_Generation], Count, 0
[TOTAL_GC_TIME_G1_Old_Generation], Time(ms), 0
[TOTAL_GC_TIME_%_G1_Old_Generation], Time(%), 0.0
[TOTAL_GCs], Count, 135
[TOTAL_GC_TIME], Time(ms), 9328
[TOTAL_GC_TIME_%], Time(%), 5.782331901387933
[MAX_MEM_USED], MBs, 22169
[MIN_MEM_USED], MBs, 54
[MAX_THREADS], Count, 6
[MIN_THREADS], Count, 3
[MAX_SYS_LOAD_AVG], Load, 7.47
[MIN_SYS_LOAD_AVG], Load, 2.91
[THREAD_COUNT], Operations, 18
[THREAD_COUNT], AverageLatency(ns), 5.111111111111111
[THREAD_COUNT], MinLatency(ns), 3
[THREAD_COUNT], MaxLatency(ns), 6
[THREAD_COUNT], 95thPercentileLatency(ns), 6
[THREAD_COUNT], 99thPercentileLatency(ns), 6
[SYS_LOAD_AVG], Operations, 18
[SYS_LOAD_AVG], AverageLatency(ns), 4.055555555555555
[SYS_LOAD_AVG], MinLatency(ns), 2
[SYS_LOAD_AVG], MaxLatency(ns), 7
[SYS_LOAD_AVG], 95thPercentileLatency(ns), 6
[SYS_LOAD_AVG], 99thPercentileLatency(ns), 7
[READ-MODIFY-WRITE], Operations, 1500667
[READ-MODIFY-WRITE], AverageLatency(ns), 2987.2879139742527
[READ-MODIFY-WRITE], MinLatency(ns), 1491
[READ-MODIFY-WRITE], MaxLatency(ns), 94503423
[READ-MODIFY-WRITE], 95thPercentileLatency(ns), 4372
[READ-MODIFY-WRITE], 99thPercentileLatency(ns), 5889
[LOAD], Operations, 1
[LOAD], AverageLatency(ns), 1.33748752384E11
[LOAD], MinLatency(ns), 133748490240
[LOAD], MaxLatency(ns), 133749014527
[LOAD], 95thPercentileLatency(ns), 133749014527
[LOAD], 99thPercentileLatency(ns), 133749014527
[USED_MEM_MB], Operations, 18
[USED_MEM_MB], AverageLatency(ns), 10841.777777777777
[USED_MEM_MB], MinLatency(ns), 54
[USED_MEM_MB], MaxLatency(ns), 22169
[USED_MEM_MB], 95thPercentileLatency(ns), 17034
[USED_MEM_MB], 99thPercentileLatency(ns), 22169
[MAIN_GCs_Count], Operations, 1
[MAIN_GCs_Count], AverageLatency(ns), 11.0
[MAIN_GCs_Count], MinLatency(ns), 11
[MAIN_GCs_Count], MaxLatency(ns), 11
[MAIN_GCs_Count], 95thPercentileLatency(ns), 11
[MAIN_GCs_Count], 99thPercentileLatency(ns), 11
[MAIN_GCs_Time(ms)], Operations, 1
[MAIN_GCs_Time(ms)], AverageLatency(ns), 1270.0
[MAIN_GCs_Time(ms)], MinLatency(ns), 1270
[MAIN_GCs_Time(ms)], MaxLatency(ns), 1270
[MAIN_GCs_Time(ms)], 95thPercentileLatency(ns), 1270
[MAIN_GCs_Time(ms)], 99thPercentileLatency(ns), 1270
[TRANSACTION], Operations, 1
[TRANSACTION], AverageLatency(ns), 2.6751991808E10
[TRANSACTION], MinLatency(ns), 26751926272
[TRANSACTION], MaxLatency(ns), 26752057343
[TRANSACTION], 95thPercentileLatency(ns), 26752057343
[TRANSACTION], 99thPercentileLatency(ns), 26752057343
[GCS_TIME], Operations, 18
[GCS_TIME], AverageLatency(ns), 518.2222222222222
[GCS_TIME], MinLatency(ns), 0
[GCS_TIME], MaxLatency(ns), 833
[GCS_TIME], 95thPercentileLatency(ns), 780
[GCS_TIME], 99thPercentileLatency(ns), 833
[LOAD_GCs_Time(ms)], Operations, 1
[LOAD_GCs_Time(ms)], AverageLatency(ns), 8025.0
[LOAD_GCs_Time(ms)], MinLatency(ns), 8025
[LOAD_GCs_Time(ms)], MaxLatency(ns), 8025
[LOAD_GCs_Time(ms)], 95thPercentileLatency(ns), 8025
[LOAD_GCs_Time(ms)], 99thPercentileLatency(ns), 8025
[READ], Operations, 3000000
[READ], AverageLatency(ns), 615.5453173333333
[READ], MinLatency(ns), 150
[READ], MaxLatency(ns), 1492223
[READ], 95thPercentileLatency(ns), 1502
[READ], 99thPercentileLatency(ns), 2381
[READ], Return=OK, 3000000
[INIT], Operations, 1
[INIT], AverageLatency(ns), 7.65294592E8
[INIT], MinLatency(ns), 765292544
[INIT], MaxLatency(ns), 765296639
[INIT], 95thPercentileLatency(ns), 765296639
[INIT], 99thPercentileLatency(ns), 765296639
[GCS], Operations, 18
[GCS], AverageLatency(ns), 7.5
[GCS], MinLatency(ns), 0
[GCS], MaxLatency(ns), 33
[GCS], 95thPercentileLatency(ns), 19
[GCS], 99thPercentileLatency(ns), 33
[LOAD_GCs_Count], Operations, 1
[LOAD_GCs_Count], AverageLatency(ns), 122.0
[LOAD_GCs_Count], MinLatency(ns), 122
[LOAD_GCs_Count], MaxLatency(ns), 122
[LOAD_GCs_Count], 95thPercentileLatency(ns), 122
[LOAD_GCs_Count], 99thPercentileLatency(ns), 122
[CLEANUP], Operations, 1
[CLEANUP], AverageLatency(ns), 13597.0
[CLEANUP], MinLatency(ns), 13597
[CLEANUP], MaxLatency(ns), 13597
[CLEANUP], 95thPercentileLatency(ns), 13597
[CLEANUP], 99thPercentileLatency(ns), 13597
[INSERT], Operations, 1000000
[INSERT], AverageLatency(ns), 2500.669441
[INSERT], MinLatency(ns), 1212
[INSERT], MaxLatency(ns), 238271487
[INSERT], 95thPercentileLatency(ns), 2306
[INSERT], 99thPercentileLatency(ns), 3864
[INSERT], Return=OK, 1000000
[UPDATE], Operations, 1500667
[UPDATE], AverageLatency(ns), 1970.6845969159046
[UPDATE], MinLatency(ns), 1002
[UPDATE], MaxLatency(ns), 88692223
[UPDATE], 95thPercentileLatency(ns), 3288
[UPDATE], 99thPercentileLatency(ns), 4252
[UPDATE], Return=OK, 1500667
