/home/anatole/jdk8u/build/linux-x86_64-normal-server-release/jdk/bin/java -Xmx40g -XX:+UseG1GC -classpath /home/anatole/ycsb/conf:/home/anatole/ycsb/core/target/core-0.18.0-SNAPSHOT.jar:/home/anatole/ycsb/core/target/dependency/HdrHistogram-2.1.4.jar:/home/anatole/ycsb/core/target/dependency/guava-18.0.jar:/home/anatole/ycsb/core/target/dependency/htrace-core4-4.1.0-incubating.jar:/home/anatole/ycsb/core/target/dependency/jackson-core-asl-1.9.4.jar:/home/anatole/ycsb/core/target/dependency/jackson-mapper-asl-1.9.4.jar:/home/anatole/ycsb/core/target/dependency/javax.persistence-api-2.2.jar:/home/anatole/ycsb/core/target/dependency/jnvm-1.0-SNAPSHOT.jar:/home/anatole/ycsb/core/target/dependency/pcj-1.0.jar:/home/anatole/ycsb/core/target/dependency/unsafe-helper-1.0.jar:/home/anatole/ycsb/infinispan/src/main/conf:/home/anatole/ycsb/infinispan/target/infinispan-binding-0.18.0-SNAPSHOT.jar:/home/anatole/ycsb/infinispan/target/dependency/caffeine-2.6.2.jar:/home/anatole/ycsb/infinispan/target/dependency/gson-2.8.2.jar:/home/anatole/ycsb/infinispan/target/dependency/guava-18.0.jar:/home/anatole/ycsb/infinispan/target/dependency/infinispan-cachestore-jnvm-1.0-SNAPSHOT.jar:/home/anatole/ycsb/infinispan/target/dependency/infinispan-cachestore-pcj-1.0-SNAPSHOT.jar:/home/anatole/ycsb/infinispan/target/dependency/infinispan-client-hotrod-9.4.20.Final.jar:/home/anatole/ycsb/infinispan/target/dependency/infinispan-commons-9.4.20.Final.jar:/home/anatole/ycsb/infinispan/target/dependency/infinispan-core-9.4.20.Final.jar:/home/anatole/ycsb/infinispan/target/dependency/infinispan-persistence-soft-index-9.4.20.Final.jar:/home/anatole/ycsb/infinispan/target/dependency/javax.persistence-api-2.2.jar:/home/anatole/ycsb/infinispan/target/dependency/jboss-logging-3.3.2.Final.jar:/home/anatole/ycsb/infinispan/target/dependency/jboss-marshalling-osgi-2.0.6.Final.jar:/home/anatole/ycsb/infinispan/target/dependency/jboss-transaction-api_1.2_spec-1.1.1.Final.jar:/home/anatole/ycsb/infinispan/target/dependency/jgroups-4.0.21.Final.jar:/home/anatole/ycsb/infinispan/target/dependency/jnvm-1.0-SNAPSHOT.jar:/home/anatole/ycsb/infinispan/target/dependency/metainf-services-1.7.jar:/home/anatole/ycsb/infinispan/target/dependency/netty-buffer-4.1.51.Final.jar:/home/anatole/ycsb/infinispan/target/dependency/netty-codec-4.1.51.Final.jar:/home/anatole/ycsb/infinispan/target/dependency/netty-common-4.1.51.Final.jar:/home/anatole/ycsb/infinispan/target/dependency/netty-handler-4.1.51.Final.jar:/home/anatole/ycsb/infinispan/target/dependency/netty-resolver-4.1.51.Final.jar:/home/anatole/ycsb/infinispan/target/dependency/netty-transport-4.1.51.Final.jar:/home/anatole/ycsb/infinispan/target/dependency/netty-transport-native-epoll-4.1.51.Final-linux-x86_64.jar:/home/anatole/ycsb/infinispan/target/dependency/netty-transport-native-unix-common-4.1.51.Final.jar:/home/anatole/ycsb/infinispan/target/dependency/pcj-1.0.jar:/home/anatole/ycsb/infinispan/target/dependency/reactive-streams-1.0.2.jar:/home/anatole/ycsb/infinispan/target/dependency/rxjava-2.2.4.jar:/home/anatole/ycsb/infinispan/target/dependency/unsafe-helper-1.0.jar site.ycsb.Client -t -db site.ycsb.db.InfinispanClient -P ../workloads/workloadf -preload -s -threads 1 -p dataintegrity=true -p offheap=false -p recordcount=1000000 -p operationcount=3000000 -p fieldcount=10 -p fieldlength=800 -p requestdistribution=zipfian -p measurement.trackjvm=true -p measurementtype=hdrhistogram -p hdrhistogram.output.path=./out/exp7.marshalling.ref/log/infinispan.run.workloadf.true.1000000.1000000.10.800.zipfian.1.false.true.default.default.tmpfs.r4.hdr.log
[OVERALL], RunTime(ms), 529812
[OVERALL], Throughput(ops/sec), 7549.847870565408
[TOTAL_GCS_G1_Young_Generation], Count, 1219
[TOTAL_GC_TIME_G1_Young_Generation], Time(ms), 31679
[TOTAL_GC_TIME_%_G1_Young_Generation], Time(%), 5.979290767291039
[TOTAL_GCS_G1_Old_Generation], Count, 0
[TOTAL_GC_TIME_G1_Old_Generation], Time(ms), 0
[TOTAL_GC_TIME_%_G1_Old_Generation], Time(%), 0.0
[TOTAL_GCs], Count, 1219
[TOTAL_GC_TIME], Time(ms), 31679
[TOTAL_GC_TIME_%], Time(%), 5.979290767291039
[MAX_MEM_USED], MBs, 20894
[MIN_MEM_USED], MBs, 50
[MAX_THREADS], Count, 7
[MIN_THREADS], Count, 3
[MAX_SYS_LOAD_AVG], Load, 7.25
[MIN_SYS_LOAD_AVG], Load, 2.52
[THREAD_COUNT], Operations, 54
[THREAD_COUNT], AverageLatency(ns), 5.351851851851852
[THREAD_COUNT], MinLatency(ns), 3
[THREAD_COUNT], MaxLatency(ns), 7
[THREAD_COUNT], 95thPercentileLatency(ns), 7
[THREAD_COUNT], 99thPercentileLatency(ns), 7
[SYS_LOAD_AVG], Operations, 54
[SYS_LOAD_AVG], AverageLatency(ns), 3.7777777777777777
[SYS_LOAD_AVG], MinLatency(ns), 2
[SYS_LOAD_AVG], MaxLatency(ns), 7
[SYS_LOAD_AVG], 95thPercentileLatency(ns), 6
[SYS_LOAD_AVG], 99thPercentileLatency(ns), 6
[READ-MODIFY-WRITE], Operations, 1500865
[READ-MODIFY-WRITE], AverageLatency(ns), 66825.16821966
[READ-MODIFY-WRITE], MinLatency(ns), 48498
[READ-MODIFY-WRITE], MaxLatency(ns), 188829695
[READ-MODIFY-WRITE], 95thPercentileLatency(ns), 77176
[READ-MODIFY-WRITE], 99thPercentileLatency(ns), 86103
[LOAD], Operations, 1
[LOAD], AverageLatency(ns), 3.74648864768E11
[LOAD], MinLatency(ns), 374647816192
[LOAD], MaxLatency(ns), 374649913343
[LOAD], 95thPercentileLatency(ns), 374649913343
[LOAD], 99thPercentileLatency(ns), 374649913343
[USED_MEM_MB], Operations, 54
[USED_MEM_MB], AverageLatency(ns), 13350.962962962964
[USED_MEM_MB], MinLatency(ns), 50
[USED_MEM_MB], MaxLatency(ns), 20894
[USED_MEM_MB], 95thPercentileLatency(ns), 20856
[USED_MEM_MB], 99thPercentileLatency(ns), 20889
[MAIN_GCs_Count], Operations, 1
[MAIN_GCs_Count], AverageLatency(ns), 172.0
[MAIN_GCs_Count], MinLatency(ns), 172
[MAIN_GCs_Count], MaxLatency(ns), 172
[MAIN_GCs_Count], 95thPercentileLatency(ns), 172
[MAIN_GCs_Count], 99thPercentileLatency(ns), 172
[MAIN_GCs_Time(ms)], Operations, 1
[MAIN_GCs_Time(ms)], AverageLatency(ns), 8490.0
[MAIN_GCs_Time(ms)], MinLatency(ns), 8490
[MAIN_GCs_Time(ms)], MaxLatency(ns), 8490
[MAIN_GCs_Time(ms)], 95thPercentileLatency(ns), 8490
[MAIN_GCs_Time(ms)], 99thPercentileLatency(ns), 8490
[TRANSACTION], Operations, 1
[TRANSACTION], AverageLatency(ns), 1.54445283328E11
[TRANSACTION], MinLatency(ns), 154444759040
[TRANSACTION], MaxLatency(ns), 154445807615
[TRANSACTION], 95thPercentileLatency(ns), 154445807615
[TRANSACTION], 99thPercentileLatency(ns), 154445807615
[GCS_TIME], Operations, 54
[GCS_TIME], AverageLatency(ns), 586.6481481481482
[GCS_TIME], MinLatency(ns), 0
[GCS_TIME], MaxLatency(ns), 806
[GCS_TIME], 95thPercentileLatency(ns), 732
[GCS_TIME], 99thPercentileLatency(ns), 760
[LOAD_GCs_Time(ms)], Operations, 1
[LOAD_GCs_Time(ms)], AverageLatency(ns), 23155.0
[LOAD_GCs_Time(ms)], MinLatency(ns), 23155
[LOAD_GCs_Time(ms)], MaxLatency(ns), 23155
[LOAD_GCs_Time(ms)], 95thPercentileLatency(ns), 23155
[LOAD_GCs_Time(ms)], 99thPercentileLatency(ns), 23155
[READ], Operations, 3000000
[READ], AverageLatency(ns), 810.4943583333334
[READ], MinLatency(ns), 196
[READ], MaxLatency(ns), 16186623
[READ], 95thPercentileLatency(ns), 1879
[READ], 99thPercentileLatency(ns), 2974
[READ], Return=OK, 3000000
[INIT], Operations, 1
[INIT], AverageLatency(ns), 6.47288832E8
[INIT], MinLatency(ns), 647286784
[INIT], MaxLatency(ns), 647290879
[INIT], 95thPercentileLatency(ns), 647290879
[INIT], 99thPercentileLatency(ns), 647290879
[GCS], Operations, 54
[GCS], AverageLatency(ns), 22.574074074074073
[GCS], MinLatency(ns), 0
[GCS], MaxLatency(ns), 68
[GCS], 95thPercentileLatency(ns), 46
[GCS], 99thPercentileLatency(ns), 51
[LOAD_GCs_Count], Operations, 1
[LOAD_GCs_Count], AverageLatency(ns), 1045.0
[LOAD_GCs_Count], MinLatency(ns), 1045
[LOAD_GCs_Count], MaxLatency(ns), 1045
[LOAD_GCs_Count], 95thPercentileLatency(ns), 1045
[LOAD_GCs_Count], 99thPercentileLatency(ns), 1045
[CLEANUP], Operations, 1
[CLEANUP], AverageLatency(ns), 17432.0
[CLEANUP], MinLatency(ns), 17432
[CLEANUP], MaxLatency(ns), 17432
[CLEANUP], 95thPercentileLatency(ns), 17432
[CLEANUP], 99thPercentileLatency(ns), 17432
[INSERT], Operations, 1000000
[INSERT], AverageLatency(ns), 60762.183958
[INSERT], MinLatency(ns), 49195
[INSERT], MaxLatency(ns), 139196415
[INSERT], 95thPercentileLatency(ns), 70242
[INSERT], 99thPercentileLatency(ns), 89280
[INSERT], Return=OK, 1000000
[UPDATE], Operations, 1500865
[UPDATE], AverageLatency(ns), 64992.53120233998
[UPDATE], MinLatency(ns), 47861
[UPDATE], MaxLatency(ns), 128292863
[UPDATE], 95thPercentileLatency(ns), 75650
[UPDATE], 99thPercentileLatency(ns), 84347
[UPDATE], Return=OK, 1500865
