/home/anatole/jdk8u/build/linux-x86_64-normal-server-release/jdk/bin/java -Xmx100g -XX:+UseG1GC -XX:InitiatingHeapOccupancyPercent=15 -classpath /home/anatole/ycsb/conf:/home/anatole/ycsb/core/target/core-0.18.0-SNAPSHOT.jar:/home/anatole/ycsb/core/target/dependency/HdrHistogram-2.1.4.jar:/home/anatole/ycsb/core/target/dependency/guava-18.0.jar:/home/anatole/ycsb/core/target/dependency/htrace-core4-4.1.0-incubating.jar:/home/anatole/ycsb/core/target/dependency/jackson-core-asl-1.9.4.jar:/home/anatole/ycsb/core/target/dependency/jackson-mapper-asl-1.9.4.jar:/home/anatole/ycsb/core/target/dependency/javax.persistence-api-2.2.jar:/home/anatole/ycsb/core/target/dependency/jnvm-1.0-SNAPSHOT.jar:/home/anatole/ycsb/core/target/dependency/pcj-1.0.jar:/home/anatole/ycsb/core/target/dependency/unsafe-helper-1.0.jar:/home/anatole/ycsb/infinispan/src/main/conf:/home/anatole/ycsb/infinispan/target/infinispan-binding-0.18.0-SNAPSHOT.jar:/home/anatole/ycsb/infinispan/target/dependency/caffeine-2.6.2.jar:/home/anatole/ycsb/infinispan/target/dependency/gson-2.8.2.jar:/home/anatole/ycsb/infinispan/target/dependency/guava-18.0.jar:/home/anatole/ycsb/infinispan/target/dependency/infinispan-cachestore-jnvm-1.0-SNAPSHOT.jar:/home/anatole/ycsb/infinispan/target/dependency/infinispan-cachestore-pcj-1.0-SNAPSHOT.jar:/home/anatole/ycsb/infinispan/target/dependency/infinispan-client-hotrod-9.4.20.Final.jar:/home/anatole/ycsb/infinispan/target/dependency/infinispan-commons-9.4.20.Final.jar:/home/anatole/ycsb/infinispan/target/dependency/infinispan-core-9.4.20.Final.jar:/home/anatole/ycsb/infinispan/target/dependency/infinispan-persistence-soft-index-9.4.20.Final.jar:/home/anatole/ycsb/infinispan/target/dependency/javax.persistence-api-2.2.jar:/home/anatole/ycsb/infinispan/target/dependency/jboss-logging-3.3.2.Final.jar:/home/anatole/ycsb/infinispan/target/dependency/jboss-marshalling-osgi-2.0.6.Final.jar:/home/anatole/ycsb/infinispan/target/dependency/jboss-transaction-api_1.2_spec-1.1.1.Final.jar:/home/anatole/ycsb/infinispan/target/dependency/jgroups-4.0.21.Final.jar:/home/anatole/ycsb/infinispan/target/dependency/jnvm-1.0-SNAPSHOT.jar:/home/anatole/ycsb/infinispan/target/dependency/metainf-services-1.7.jar:/home/anatole/ycsb/infinispan/target/dependency/netty-buffer-4.1.51.Final.jar:/home/anatole/ycsb/infinispan/target/dependency/netty-codec-4.1.51.Final.jar:/home/anatole/ycsb/infinispan/target/dependency/netty-common-4.1.51.Final.jar:/home/anatole/ycsb/infinispan/target/dependency/netty-handler-4.1.51.Final.jar:/home/anatole/ycsb/infinispan/target/dependency/netty-resolver-4.1.51.Final.jar:/home/anatole/ycsb/infinispan/target/dependency/netty-transport-4.1.51.Final.jar:/home/anatole/ycsb/infinispan/target/dependency/netty-transport-native-epoll-4.1.51.Final-linux-x86_64.jar:/home/anatole/ycsb/infinispan/target/dependency/netty-transport-native-unix-common-4.1.51.Final.jar:/home/anatole/ycsb/infinispan/target/dependency/pcj-1.0.jar:/home/anatole/ycsb/infinispan/target/dependency/reactive-streams-1.0.2.jar:/home/anatole/ycsb/infinispan/target/dependency/rxjava-2.2.4.jar:/home/anatole/ycsb/infinispan/target/dependency/unsafe-helper-1.0.jar site.ycsb.Client -t -db site.ycsb.db.InfinispanClient -P ../workloads/workloadf -preload -s -threads 1 -p dataintegrity=true -p offheap=false -p recordcount=1000000 -p operationcount=3000000 -p fieldcount=10 -p fieldlength=300 -p requestdistribution=zipfian -p measurement.trackjvm=true -p measurementtype=hdrhistogram -p hdrhistogram.output.path=./out/exp7.marshalling.ref/log/infinispan.run.workloadf.true.1000000.1000000.10.300.zipfian.1.false.true.default.default.none.r10.hdr.log
[OVERALL], RunTime(ms), 74649
[OVERALL], Throughput(ops/sec), 53584.10695387748
[TOTAL_GCS_G1_Young_Generation], Count, 51
[TOTAL_GC_TIME_G1_Young_Generation], Time(ms), 6373
[TOTAL_GC_TIME_%_G1_Young_Generation], Time(%), 8.53728784042653
[TOTAL_GCS_G1_Old_Generation], Count, 0
[TOTAL_GC_TIME_G1_Old_Generation], Time(ms), 0
[TOTAL_GC_TIME_%_G1_Old_Generation], Time(%), 0.0
[TOTAL_GCs], Count, 51
[TOTAL_GC_TIME], Time(ms), 6373
[TOTAL_GC_TIME_%], Time(%), 8.53728784042653
[MAX_MEM_USED], MBs, 13645
[MIN_MEM_USED], MBs, 56
[MAX_THREADS], Count, 6
[MIN_THREADS], Count, 3
[MAX_SYS_LOAD_AVG], Load, 4.63
[MIN_SYS_LOAD_AVG], Load, 2.04
[THREAD_COUNT], Operations, 9
[THREAD_COUNT], AverageLatency(ns), 5.555555555555555
[THREAD_COUNT], MinLatency(ns), 3
[THREAD_COUNT], MaxLatency(ns), 6
[THREAD_COUNT], 95thPercentileLatency(ns), 6
[THREAD_COUNT], 99thPercentileLatency(ns), 6
[SYS_LOAD_AVG], Operations, 9
[SYS_LOAD_AVG], AverageLatency(ns), 2.6666666666666665
[SYS_LOAD_AVG], MinLatency(ns), 2
[SYS_LOAD_AVG], MaxLatency(ns), 4
[SYS_LOAD_AVG], 95thPercentileLatency(ns), 4
[SYS_LOAD_AVG], 99thPercentileLatency(ns), 4
[READ-MODIFY-WRITE], Operations, 1500927
[READ-MODIFY-WRITE], AverageLatency(ns), 3270.28842375412
[READ-MODIFY-WRITE], MinLatency(ns), 1370
[READ-MODIFY-WRITE], MaxLatency(ns), 42764543
[READ-MODIFY-WRITE], 95thPercentileLatency(ns), 5366
[READ-MODIFY-WRITE], 99thPercentileLatency(ns), 8719
[LOAD], Operations, 1
[LOAD], AverageLatency(ns), 5.697110016E10
[LOAD], MinLatency(ns), 56970969088
[LOAD], MaxLatency(ns), 56971231231
[LOAD], 95thPercentileLatency(ns), 56971231231
[LOAD], 99thPercentileLatency(ns), 56971231231
[USED_MEM_MB], Operations, 9
[USED_MEM_MB], AverageLatency(ns), 8138.666666666667
[USED_MEM_MB], MinLatency(ns), 56
[USED_MEM_MB], MaxLatency(ns), 13645
[USED_MEM_MB], 95thPercentileLatency(ns), 13645
[USED_MEM_MB], 99thPercentileLatency(ns), 13645
[MAIN_GCs_Count], Operations, 1
[MAIN_GCs_Count], AverageLatency(ns), 8.0
[MAIN_GCs_Count], MinLatency(ns), 8
[MAIN_GCs_Count], MaxLatency(ns), 8
[MAIN_GCs_Count], 95thPercentileLatency(ns), 8
[MAIN_GCs_Count], 99thPercentileLatency(ns), 8
[MAIN_GCs_Time(ms)], Operations, 1
[MAIN_GCs_Time(ms)], AverageLatency(ns), 965.0
[MAIN_GCs_Time(ms)], MinLatency(ns), 965
[MAIN_GCs_Time(ms)], MaxLatency(ns), 965
[MAIN_GCs_Time(ms)], 95thPercentileLatency(ns), 965
[MAIN_GCs_Time(ms)], 99thPercentileLatency(ns), 965
[TRANSACTION], Operations, 1
[TRANSACTION], AverageLatency(ns), 1.6224452608E10
[TRANSACTION], MinLatency(ns), 16224419840
[TRANSACTION], MaxLatency(ns), 16224485375
[TRANSACTION], 95thPercentileLatency(ns), 16224485375
[TRANSACTION], 99thPercentileLatency(ns), 16224485375
[GCS_TIME], Operations, 9
[GCS_TIME], AverageLatency(ns), 708.1111111111111
[GCS_TIME], MinLatency(ns), 0
[GCS_TIME], MaxLatency(ns), 1145
[GCS_TIME], 95thPercentileLatency(ns), 1145
[GCS_TIME], 99thPercentileLatency(ns), 1145
[LOAD_GCs_Time(ms)], Operations, 1
[LOAD_GCs_Time(ms)], AverageLatency(ns), 5146.0
[LOAD_GCs_Time(ms)], MinLatency(ns), 5146
[LOAD_GCs_Time(ms)], MaxLatency(ns), 5146
[LOAD_GCs_Time(ms)], 95thPercentileLatency(ns), 5146
[LOAD_GCs_Time(ms)], 99thPercentileLatency(ns), 5146
[READ], Operations, 3000000
[READ], AverageLatency(ns), 778.3366763333333
[READ], MinLatency(ns), 148
[READ], MaxLatency(ns), 119495679
[READ], 95thPercentileLatency(ns), 1792
[READ], 99thPercentileLatency(ns), 3037
[READ], Return=OK, 3000000
[INIT], Operations, 1
[INIT], AverageLatency(ns), 1.111568384E9
[INIT], MinLatency(ns), 1111564288
[INIT], MaxLatency(ns), 1111572479
[INIT], 95thPercentileLatency(ns), 1111572479
[INIT], 99thPercentileLatency(ns), 1111572479
[GCS], Operations, 9
[GCS], AverageLatency(ns), 5.666666666666667
[GCS], MinLatency(ns), 0
[GCS], MaxLatency(ns), 18
[GCS], 95thPercentileLatency(ns), 18
[GCS], 99thPercentileLatency(ns), 18
[LOAD_GCs_Count], Operations, 1
[LOAD_GCs_Count], AverageLatency(ns), 39.0
[LOAD_GCs_Count], MinLatency(ns), 39
[LOAD_GCs_Count], MaxLatency(ns), 39
[LOAD_GCs_Count], 95thPercentileLatency(ns), 39
[LOAD_GCs_Count], 99thPercentileLatency(ns), 39
[CLEANUP], Operations, 1
[CLEANUP], AverageLatency(ns), 21855.0
[CLEANUP], MinLatency(ns), 21855
[CLEANUP], MaxLatency(ns), 21855
[CLEANUP], 95thPercentileLatency(ns), 21855
[CLEANUP], 99thPercentileLatency(ns), 21855
[INSERT], Operations, 1000000
[INSERT], AverageLatency(ns), 2215.889084
[INSERT], MinLatency(ns), 1194
[INSERT], MaxLatency(ns), 210544639
[INSERT], 95thPercentileLatency(ns), 2094
[INSERT], 99thPercentileLatency(ns), 4038
[INSERT], Return=OK, 1000000
[UPDATE], Operations, 1500927
[UPDATE], AverageLatency(ns), 2148.9531975905556
[UPDATE], MinLatency(ns), 948
[UPDATE], MaxLatency(ns), 23969919
[UPDATE], 95thPercentileLatency(ns), 4065
[UPDATE], 99thPercentileLatency(ns), 5723
[UPDATE], Return=OK, 1500927
