/home/anatole/jdk8u/build/linux-x86_64-normal-server-release/jdk/bin/java -Xmx20g -XX:+UseG1GC -classpath /home/anatole/ycsb/conf:/home/anatole/ycsb/core/target/core-0.18.0-SNAPSHOT.jar:/home/anatole/ycsb/core/target/dependency/HdrHistogram-2.1.4.jar:/home/anatole/ycsb/core/target/dependency/guava-18.0.jar:/home/anatole/ycsb/core/target/dependency/htrace-core4-4.1.0-incubating.jar:/home/anatole/ycsb/core/target/dependency/jackson-core-asl-1.9.4.jar:/home/anatole/ycsb/core/target/dependency/jackson-mapper-asl-1.9.4.jar:/home/anatole/ycsb/core/target/dependency/javax.persistence-api-2.2.jar:/home/anatole/ycsb/core/target/dependency/jnvm-1.0-SNAPSHOT.jar:/home/anatole/ycsb/core/target/dependency/pcj-1.0.jar:/home/anatole/ycsb/core/target/dependency/unsafe-helper-1.0.jar:/home/anatole/ycsb/infinispan/src/main/conf:/home/anatole/ycsb/infinispan/target/infinispan-binding-0.18.0-SNAPSHOT.jar:/home/anatole/ycsb/infinispan/target/dependency/caffeine-2.6.2.jar:/home/anatole/ycsb/infinispan/target/dependency/gson-2.8.2.jar:/home/anatole/ycsb/infinispan/target/dependency/guava-18.0.jar:/home/anatole/ycsb/infinispan/target/dependency/infinispan-cachestore-jnvm-1.0-SNAPSHOT.jar:/home/anatole/ycsb/infinispan/target/dependency/infinispan-cachestore-pcj-1.0-SNAPSHOT.jar:/home/anatole/ycsb/infinispan/target/dependency/infinispan-client-hotrod-9.4.20.Final.jar:/home/anatole/ycsb/infinispan/target/dependency/infinispan-commons-9.4.20.Final.jar:/home/anatole/ycsb/infinispan/target/dependency/infinispan-core-9.4.20.Final.jar:/home/anatole/ycsb/infinispan/target/dependency/infinispan-persistence-soft-index-9.4.20.Final.jar:/home/anatole/ycsb/infinispan/target/dependency/javax.persistence-api-2.2.jar:/home/anatole/ycsb/infinispan/target/dependency/jboss-logging-3.3.2.Final.jar:/home/anatole/ycsb/infinispan/target/dependency/jboss-marshalling-osgi-2.0.6.Final.jar:/home/anatole/ycsb/infinispan/target/dependency/jboss-transaction-api_1.2_spec-1.1.1.Final.jar:/home/anatole/ycsb/infinispan/target/dependency/jgroups-4.0.21.Final.jar:/home/anatole/ycsb/infinispan/target/dependency/jnvm-1.0-SNAPSHOT.jar:/home/anatole/ycsb/infinispan/target/dependency/metainf-services-1.7.jar:/home/anatole/ycsb/infinispan/target/dependency/netty-buffer-4.1.51.Final.jar:/home/anatole/ycsb/infinispan/target/dependency/netty-codec-4.1.51.Final.jar:/home/anatole/ycsb/infinispan/target/dependency/netty-common-4.1.51.Final.jar:/home/anatole/ycsb/infinispan/target/dependency/netty-handler-4.1.51.Final.jar:/home/anatole/ycsb/infinispan/target/dependency/netty-resolver-4.1.51.Final.jar:/home/anatole/ycsb/infinispan/target/dependency/netty-transport-4.1.51.Final.jar:/home/anatole/ycsb/infinispan/target/dependency/netty-transport-native-epoll-4.1.51.Final-linux-x86_64.jar:/home/anatole/ycsb/infinispan/target/dependency/netty-transport-native-unix-common-4.1.51.Final.jar:/home/anatole/ycsb/infinispan/target/dependency/pcj-1.0.jar:/home/anatole/ycsb/infinispan/target/dependency/reactive-streams-1.0.2.jar:/home/anatole/ycsb/infinispan/target/dependency/rxjava-2.2.4.jar:/home/anatole/ycsb/infinispan/target/dependency/unsafe-helper-1.0.jar site.ycsb.Client -t -db site.ycsb.db.InfinispanClient -P ../workloads/workloadf -preload -s -threads 1 -p dataintegrity=true -p offheap=false -p recordcount=1000000 -p operationcount=3000000 -p fieldcount=10 -p fieldlength=600 -p requestdistribution=zipfian -p measurement.trackjvm=true -p measurementtype=hdrhistogram -p hdrhistogram.output.path=./out/exp7.marshalling.ref/log/infinispan.run.workloadf.true.1000000.100000.10.600.zipfian.1.false.true.default.default.pmem0.r5.hdr.log
[OVERALL], RunTime(ms), 402353
[OVERALL], Throughput(ops/sec), 9941.519014397805
[TOTAL_GCS_G1_Young_Generation], Count, 278
[TOTAL_GC_TIME_G1_Young_Generation], Time(ms), 11378
[TOTAL_GC_TIME_%_G1_Young_Generation], Time(%), 2.8278650836454555
[TOTAL_GCS_G1_Old_Generation], Count, 0
[TOTAL_GC_TIME_G1_Old_Generation], Time(ms), 0
[TOTAL_GC_TIME_%_G1_Old_Generation], Time(%), 0.0
[TOTAL_GCs], Count, 278
[TOTAL_GC_TIME], Time(ms), 11378
[TOTAL_GC_TIME_%], Time(%), 2.8278650836454555
[MAX_MEM_USED], MBs, 6318
[MIN_MEM_USED], MBs, 48
[MAX_THREADS], Count, 7
[MIN_THREADS], Count, 3
[MAX_SYS_LOAD_AVG], Load, 3.61
[MIN_SYS_LOAD_AVG], Load, 1.02
[THREAD_COUNT], Operations, 42
[THREAD_COUNT], AverageLatency(ns), 5.4523809523809526
[THREAD_COUNT], MinLatency(ns), 3
[THREAD_COUNT], MaxLatency(ns), 7
[THREAD_COUNT], 95thPercentileLatency(ns), 7
[THREAD_COUNT], 99thPercentileLatency(ns), 7
[SYS_LOAD_AVG], Operations, 42
[SYS_LOAD_AVG], AverageLatency(ns), 1.4047619047619047
[SYS_LOAD_AVG], MinLatency(ns), 1
[SYS_LOAD_AVG], MaxLatency(ns), 3
[SYS_LOAD_AVG], 95thPercentileLatency(ns), 3
[SYS_LOAD_AVG], 99thPercentileLatency(ns), 3
[READ-MODIFY-WRITE], Operations, 1500875
[READ-MODIFY-WRITE], AverageLatency(ns), 72664.01923944366
[READ-MODIFY-WRITE], MinLatency(ns), 39018
[READ-MODIFY-WRITE], MaxLatency(ns), 215824383
[READ-MODIFY-WRITE], 95thPercentileLatency(ns), 95434
[READ-MODIFY-WRITE], 99thPercentileLatency(ns), 104052
[LOAD], Operations, 1
[LOAD], AverageLatency(ns), 2.24835141632E11
[LOAD], MinLatency(ns), 224834617344
[LOAD], MaxLatency(ns), 224835665919
[LOAD], 95thPercentileLatency(ns), 224835665919
[LOAD], 99thPercentileLatency(ns), 224835665919
[USED_MEM_MB], Operations, 42
[USED_MEM_MB], AverageLatency(ns), 4092.214285714286
[USED_MEM_MB], MinLatency(ns), 48
[USED_MEM_MB], MaxLatency(ns), 6318
[USED_MEM_MB], 95thPercentileLatency(ns), 6215
[USED_MEM_MB], 99thPercentileLatency(ns), 6318
[MAIN_GCs_Count], Operations, 1
[MAIN_GCs_Count], AverageLatency(ns), 79.0
[MAIN_GCs_Count], MinLatency(ns), 79
[MAIN_GCs_Count], MaxLatency(ns), 79
[MAIN_GCs_Count], 95thPercentileLatency(ns), 79
[MAIN_GCs_Count], 99thPercentileLatency(ns), 79
[MAIN_GCs_Time(ms)], Operations, 1
[MAIN_GCs_Time(ms)], AverageLatency(ns), 6421.0
[MAIN_GCs_Time(ms)], MinLatency(ns), 6421
[MAIN_GCs_Time(ms)], MaxLatency(ns), 6421
[MAIN_GCs_Time(ms)], 95thPercentileLatency(ns), 6421
[MAIN_GCs_Time(ms)], 99thPercentileLatency(ns), 6421
[TRANSACTION], Operations, 1
[TRANSACTION], AverageLatency(ns), 1.7681350656E11
[TRANSACTION], MinLatency(ns), 176812982272
[TRANSACTION], MaxLatency(ns), 176814030847
[TRANSACTION], 95thPercentileLatency(ns), 176814030847
[TRANSACTION], 99thPercentileLatency(ns), 176814030847
[GCS_TIME], Operations, 42
[GCS_TIME], AverageLatency(ns), 270.9047619047619
[GCS_TIME], MinLatency(ns), 0
[GCS_TIME], MaxLatency(ns), 595
[GCS_TIME], 95thPercentileLatency(ns), 568
[GCS_TIME], 99thPercentileLatency(ns), 595
[LOAD_GCs_Time(ms)], Operations, 1
[LOAD_GCs_Time(ms)], AverageLatency(ns), 4940.0
[LOAD_GCs_Time(ms)], MinLatency(ns), 4940
[LOAD_GCs_Time(ms)], MaxLatency(ns), 4940
[LOAD_GCs_Time(ms)], 95thPercentileLatency(ns), 4940
[LOAD_GCs_Time(ms)], 99thPercentileLatency(ns), 4940
[READ], Operations, 3000000
[READ], AverageLatency(ns), 25716.740714
[READ], MinLatency(ns), 224
[READ], MaxLatency(ns), 152085503
[READ], 95thPercentileLatency(ns), 49979
[READ], 99thPercentileLatency(ns), 53806
[READ], Return=OK, 3000000
[INIT], Operations, 1
[INIT], AverageLatency(ns), 6.4830464E8
[INIT], MinLatency(ns), 648302592
[INIT], MaxLatency(ns), 648306687
[INIT], 95thPercentileLatency(ns), 648306687
[INIT], 99thPercentileLatency(ns), 648306687
[GCS], Operations, 42
[GCS], AverageLatency(ns), 6.619047619047619
[GCS], MinLatency(ns), 0
[GCS], MaxLatency(ns), 41
[GCS], 95thPercentileLatency(ns), 20
[GCS], 99thPercentileLatency(ns), 41
[LOAD_GCs_Count], Operations, 1
[LOAD_GCs_Count], AverageLatency(ns), 198.0
[LOAD_GCs_Count], MinLatency(ns), 198
[LOAD_GCs_Count], MaxLatency(ns), 198
[LOAD_GCs_Count], 95thPercentileLatency(ns), 198
[LOAD_GCs_Count], 99thPercentileLatency(ns), 198
[CLEANUP], Operations, 1
[CLEANUP], AverageLatency(ns), 15289.0
[CLEANUP], MinLatency(ns), 15289
[CLEANUP], MaxLatency(ns), 15289
[CLEANUP], 95thPercentileLatency(ns), 15289
[CLEANUP], 99thPercentileLatency(ns), 15289
[INSERT], Operations, 1000000
[INSERT], AverageLatency(ns), 54515.951739
[INSERT], MinLatency(ns), 44976
[INSERT], MaxLatency(ns), 92837887
[INSERT], 95thPercentileLatency(ns), 57575
[INSERT], 99thPercentileLatency(ns), 72882
[INSERT], Return=OK, 1000000
[UPDATE], Operations, 1500875
[UPDATE], AverageLatency(ns), 46064.75776863496
[UPDATE], MinLatency(ns), 38291
[UPDATE], MaxLatency(ns), 131929599
[UPDATE], 95thPercentileLatency(ns), 48884
[UPDATE], 99thPercentileLatency(ns), 55143
[UPDATE], Return=OK, 1500875
