/home/anatole/jdk8u/build/linux-x86_64-normal-server-release/jdk/bin/java -Xmx100g -XX:+UseG1GC -XX:InitiatingHeapOccupancyPercent=15 -classpath /home/anatole/ycsb/conf:/home/anatole/ycsb/core/target/core-0.18.0-SNAPSHOT.jar:/home/anatole/ycsb/core/target/dependency/HdrHistogram-2.1.4.jar:/home/anatole/ycsb/core/target/dependency/guava-18.0.jar:/home/anatole/ycsb/core/target/dependency/htrace-core4-4.1.0-incubating.jar:/home/anatole/ycsb/core/target/dependency/jackson-core-asl-1.9.4.jar:/home/anatole/ycsb/core/target/dependency/jackson-mapper-asl-1.9.4.jar:/home/anatole/ycsb/core/target/dependency/javax.persistence-api-2.2.jar:/home/anatole/ycsb/core/target/dependency/jnvm-1.0-SNAPSHOT.jar:/home/anatole/ycsb/core/target/dependency/pcj-1.0.jar:/home/anatole/ycsb/core/target/dependency/unsafe-helper-1.0.jar:/home/anatole/ycsb/infinispan/src/main/conf:/home/anatole/ycsb/infinispan/target/infinispan-binding-0.18.0-SNAPSHOT.jar:/home/anatole/ycsb/infinispan/target/dependency/caffeine-2.6.2.jar:/home/anatole/ycsb/infinispan/target/dependency/gson-2.8.2.jar:/home/anatole/ycsb/infinispan/target/dependency/guava-18.0.jar:/home/anatole/ycsb/infinispan/target/dependency/infinispan-cachestore-jnvm-1.0-SNAPSHOT.jar:/home/anatole/ycsb/infinispan/target/dependency/infinispan-cachestore-pcj-1.0-SNAPSHOT.jar:/home/anatole/ycsb/infinispan/target/dependency/infinispan-client-hotrod-9.4.20.Final.jar:/home/anatole/ycsb/infinispan/target/dependency/infinispan-commons-9.4.20.Final.jar:/home/anatole/ycsb/infinispan/target/dependency/infinispan-core-9.4.20.Final.jar:/home/anatole/ycsb/infinispan/target/dependency/infinispan-persistence-soft-index-9.4.20.Final.jar:/home/anatole/ycsb/infinispan/target/dependency/javax.persistence-api-2.2.jar:/home/anatole/ycsb/infinispan/target/dependency/jboss-logging-3.3.2.Final.jar:/home/anatole/ycsb/infinispan/target/dependency/jboss-marshalling-osgi-2.0.6.Final.jar:/home/anatole/ycsb/infinispan/target/dependency/jboss-transaction-api_1.2_spec-1.1.1.Final.jar:/home/anatole/ycsb/infinispan/target/dependency/jgroups-4.0.21.Final.jar:/home/anatole/ycsb/infinispan/target/dependency/jnvm-1.0-SNAPSHOT.jar:/home/anatole/ycsb/infinispan/target/dependency/metainf-services-1.7.jar:/home/anatole/ycsb/infinispan/target/dependency/netty-buffer-4.1.51.Final.jar:/home/anatole/ycsb/infinispan/target/dependency/netty-codec-4.1.51.Final.jar:/home/anatole/ycsb/infinispan/target/dependency/netty-common-4.1.51.Final.jar:/home/anatole/ycsb/infinispan/target/dependency/netty-handler-4.1.51.Final.jar:/home/anatole/ycsb/infinispan/target/dependency/netty-resolver-4.1.51.Final.jar:/home/anatole/ycsb/infinispan/target/dependency/netty-transport-4.1.51.Final.jar:/home/anatole/ycsb/infinispan/target/dependency/netty-transport-native-epoll-4.1.51.Final-linux-x86_64.jar:/home/anatole/ycsb/infinispan/target/dependency/netty-transport-native-unix-common-4.1.51.Final.jar:/home/anatole/ycsb/infinispan/target/dependency/pcj-1.0.jar:/home/anatole/ycsb/infinispan/target/dependency/reactive-streams-1.0.2.jar:/home/anatole/ycsb/infinispan/target/dependency/rxjava-2.2.4.jar:/home/anatole/ycsb/infinispan/target/dependency/unsafe-helper-1.0.jar site.ycsb.Client -t -db site.ycsb.db.InfinispanClient -P ../workloads/workloadf -preload -s -threads 1 -p dataintegrity=true -p offheap=false -p recordcount=1000000 -p operationcount=3000000 -p fieldcount=10 -p fieldlength=1000 -p requestdistribution=zipfian -p measurement.trackjvm=true -p measurementtype=hdrhistogram -p hdrhistogram.output.path=./out/exp7.marshalling.ref/log/infinispan.run.workloadf.true.1000000.1000000.10.1000.zipfian.1.false.true.default.default.none.r8.hdr.log
[OVERALL], RunTime(ms), 569483
[OVERALL], Throughput(ops/sec), 7023.914673484546
[TOTAL_GCS_G1_Young_Generation], Count, 1656
[TOTAL_GC_TIME_G1_Young_Generation], Time(ms), 36022
[TOTAL_GC_TIME_%_G1_Young_Generation], Time(%), 6.325386359206508
[TOTAL_GCS_G1_Old_Generation], Count, 0
[TOTAL_GC_TIME_G1_Old_Generation], Time(ms), 0
[TOTAL_GC_TIME_%_G1_Old_Generation], Time(%), 0.0
[TOTAL_GCs], Count, 1656
[TOTAL_GC_TIME], Time(ms), 36022
[TOTAL_GC_TIME_%], Time(%), 6.325386359206508
[MAX_MEM_USED], MBs, 25447
[MIN_MEM_USED], MBs, 54
[MAX_THREADS], Count, 6
[MIN_THREADS], Count, 3
[MAX_SYS_LOAD_AVG], Load, 8.77
[MIN_SYS_LOAD_AVG], Load, 2.13
[THREAD_COUNT], Operations, 58
[THREAD_COUNT], AverageLatency(ns), 4.344827586206897
[THREAD_COUNT], MinLatency(ns), 3
[THREAD_COUNT], MaxLatency(ns), 6
[THREAD_COUNT], 95thPercentileLatency(ns), 6
[THREAD_COUNT], 99thPercentileLatency(ns), 6
[SYS_LOAD_AVG], Operations, 58
[SYS_LOAD_AVG], AverageLatency(ns), 3.603448275862069
[SYS_LOAD_AVG], MinLatency(ns), 2
[SYS_LOAD_AVG], MaxLatency(ns), 8
[SYS_LOAD_AVG], 95thPercentileLatency(ns), 7
[SYS_LOAD_AVG], 99thPercentileLatency(ns), 8
[READ-MODIFY-WRITE], Operations, 1500011
[READ-MODIFY-WRITE], AverageLatency(ns), 3641.4374827917927
[READ-MODIFY-WRITE], MinLatency(ns), 1503
[READ-MODIFY-WRITE], MaxLatency(ns), 115482623
[READ-MODIFY-WRITE], 95thPercentileLatency(ns), 5309
[READ-MODIFY-WRITE], 99thPercentileLatency(ns), 17637
[LOAD], Operations, 1
[LOAD], AverageLatency(ns), 4.8728899584E11
[LOAD], MinLatency(ns), 487287947264
[LOAD], MaxLatency(ns), 487290044415
[LOAD], 95thPercentileLatency(ns), 487290044415
[LOAD], 99thPercentileLatency(ns), 487290044415
[USED_MEM_MB], Operations, 58
[USED_MEM_MB], AverageLatency(ns), 13918.068965517241
[USED_MEM_MB], MinLatency(ns), 54
[USED_MEM_MB], MaxLatency(ns), 25447
[USED_MEM_MB], 95thPercentileLatency(ns), 24839
[USED_MEM_MB], 99thPercentileLatency(ns), 24905
[MAIN_GCs_Count], Operations, 1
[MAIN_GCs_Count], AverageLatency(ns), 134.0
[MAIN_GCs_Count], MinLatency(ns), 134
[MAIN_GCs_Count], MaxLatency(ns), 134
[MAIN_GCs_Count], 95thPercentileLatency(ns), 134
[MAIN_GCs_Count], 99thPercentileLatency(ns), 134
[MAIN_GCs_Time(ms)], Operations, 1
[MAIN_GCs_Time(ms)], AverageLatency(ns), 5961.0
[MAIN_GCs_Time(ms)], MinLatency(ns), 5961
[MAIN_GCs_Time(ms)], MaxLatency(ns), 5961
[MAIN_GCs_Time(ms)], 95thPercentileLatency(ns), 5961
[MAIN_GCs_Time(ms)], 99thPercentileLatency(ns), 5961
[TRANSACTION], Operations, 1
[TRANSACTION], AverageLatency(ns), 8.1175248896E10
[TRANSACTION], MinLatency(ns), 81174986752
[TRANSACTION], MaxLatency(ns), 81175511039
[TRANSACTION], 95thPercentileLatency(ns), 81175511039
[TRANSACTION], 99thPercentileLatency(ns), 81175511039
[GCS_TIME], Operations, 58
[GCS_TIME], AverageLatency(ns), 621.0689655172414
[GCS_TIME], MinLatency(ns), 0
[GCS_TIME], MaxLatency(ns), 815
[GCS_TIME], 95thPercentileLatency(ns), 785
[GCS_TIME], 99thPercentileLatency(ns), 811
[LOAD_GCs_Time(ms)], Operations, 1
[LOAD_GCs_Time(ms)], AverageLatency(ns), 29998.0
[LOAD_GCs_Time(ms)], MinLatency(ns), 29998
[LOAD_GCs_Time(ms)], MaxLatency(ns), 29998
[LOAD_GCs_Time(ms)], 95thPercentileLatency(ns), 29998
[LOAD_GCs_Time(ms)], 99thPercentileLatency(ns), 29998
[READ], Operations, 3000000
[READ], AverageLatency(ns), 756.53103
[READ], MinLatency(ns), 159
[READ], MaxLatency(ns), 21540095
[READ], 95thPercentileLatency(ns), 1756
[READ], 99thPercentileLatency(ns), 2856
[READ], Return=OK, 3000000
[INIT], Operations, 1
[INIT], AverageLatency(ns), 9.33967872E8
[INIT], MinLatency(ns), 933965824
[INIT], MaxLatency(ns), 933969919
[INIT], 95thPercentileLatency(ns), 933969919
[INIT], 99thPercentileLatency(ns), 933969919
[GCS], Operations, 58
[GCS], AverageLatency(ns), 28.551724137931036
[GCS], MinLatency(ns), 0
[GCS], MaxLatency(ns), 129
[GCS], 95thPercentileLatency(ns), 55
[GCS], 99thPercentileLatency(ns), 64
[LOAD_GCs_Count], Operations, 1
[LOAD_GCs_Count], AverageLatency(ns), 1519.0
[LOAD_GCs_Count], MinLatency(ns), 1519
[LOAD_GCs_Count], MaxLatency(ns), 1519
[LOAD_GCs_Count], 95thPercentileLatency(ns), 1519
[LOAD_GCs_Count], 99thPercentileLatency(ns), 1519
[CLEANUP], Operations, 1
[CLEANUP], AverageLatency(ns), 15674.0
[CLEANUP], MinLatency(ns), 15674
[CLEANUP], MaxLatency(ns), 15674
[CLEANUP], 95thPercentileLatency(ns), 15674
[CLEANUP], 99thPercentileLatency(ns), 15674
[INSERT], Operations, 1000000
[INSERT], AverageLatency(ns), 4275.867582
[INSERT], MinLatency(ns), 2106
[INSERT], MaxLatency(ns), 112207871
[INSERT], 95thPercentileLatency(ns), 5108
[INSERT], 99thPercentileLatency(ns), 11920
[INSERT], Return=OK, 1000000
[UPDATE], Operations, 1500011
[UPDATE], AverageLatency(ns), 2324.3614100163268
[UPDATE], MinLatency(ns), 963
[UPDATE], MaxLatency(ns), 78248447
[UPDATE], 95thPercentileLatency(ns), 3952
[UPDATE], 99thPercentileLatency(ns), 14188
[UPDATE], Return=OK, 1500011
