/home/anatole/jdk8u/build/linux-x86_64-normal-server-release/jdk/bin/java -Xmx20g -XX:+UseG1GC -classpath /home/anatole/ycsb/conf:/home/anatole/ycsb/core/target/core-0.18.0-SNAPSHOT.jar:/home/anatole/ycsb/core/target/dependency/HdrHistogram-2.1.4.jar:/home/anatole/ycsb/core/target/dependency/guava-18.0.jar:/home/anatole/ycsb/core/target/dependency/htrace-core4-4.1.0-incubating.jar:/home/anatole/ycsb/core/target/dependency/jackson-core-asl-1.9.4.jar:/home/anatole/ycsb/core/target/dependency/jackson-mapper-asl-1.9.4.jar:/home/anatole/ycsb/core/target/dependency/javax.persistence-api-2.2.jar:/home/anatole/ycsb/core/target/dependency/jnvm-1.0-SNAPSHOT.jar:/home/anatole/ycsb/core/target/dependency/pcj-1.0.jar:/home/anatole/ycsb/core/target/dependency/unsafe-helper-1.0.jar:/home/anatole/ycsb/infinispan/src/main/conf:/home/anatole/ycsb/infinispan/target/infinispan-binding-0.18.0-SNAPSHOT.jar:/home/anatole/ycsb/infinispan/target/dependency/caffeine-2.6.2.jar:/home/anatole/ycsb/infinispan/target/dependency/gson-2.8.2.jar:/home/anatole/ycsb/infinispan/target/dependency/guava-18.0.jar:/home/anatole/ycsb/infinispan/target/dependency/infinispan-cachestore-jnvm-1.0-SNAPSHOT.jar:/home/anatole/ycsb/infinispan/target/dependency/infinispan-cachestore-pcj-1.0-SNAPSHOT.jar:/home/anatole/ycsb/infinispan/target/dependency/infinispan-client-hotrod-9.4.20.Final.jar:/home/anatole/ycsb/infinispan/target/dependency/infinispan-commons-9.4.20.Final.jar:/home/anatole/ycsb/infinispan/target/dependency/infinispan-core-9.4.20.Final.jar:/home/anatole/ycsb/infinispan/target/dependency/infinispan-persistence-soft-index-9.4.20.Final.jar:/home/anatole/ycsb/infinispan/target/dependency/javax.persistence-api-2.2.jar:/home/anatole/ycsb/infinispan/target/dependency/jboss-logging-3.3.2.Final.jar:/home/anatole/ycsb/infinispan/target/dependency/jboss-marshalling-osgi-2.0.6.Final.jar:/home/anatole/ycsb/infinispan/target/dependency/jboss-transaction-api_1.2_spec-1.1.1.Final.jar:/home/anatole/ycsb/infinispan/target/dependency/jgroups-4.0.21.Final.jar:/home/anatole/ycsb/infinispan/target/dependency/jnvm-1.0-SNAPSHOT.jar:/home/anatole/ycsb/infinispan/target/dependency/metainf-services-1.7.jar:/home/anatole/ycsb/infinispan/target/dependency/netty-buffer-4.1.51.Final.jar:/home/anatole/ycsb/infinispan/target/dependency/netty-codec-4.1.51.Final.jar:/home/anatole/ycsb/infinispan/target/dependency/netty-common-4.1.51.Final.jar:/home/anatole/ycsb/infinispan/target/dependency/netty-handler-4.1.51.Final.jar:/home/anatole/ycsb/infinispan/target/dependency/netty-resolver-4.1.51.Final.jar:/home/anatole/ycsb/infinispan/target/dependency/netty-transport-4.1.51.Final.jar:/home/anatole/ycsb/infinispan/target/dependency/netty-transport-native-epoll-4.1.51.Final-linux-x86_64.jar:/home/anatole/ycsb/infinispan/target/dependency/netty-transport-native-unix-common-4.1.51.Final.jar:/home/anatole/ycsb/infinispan/target/dependency/pcj-1.0.jar:/home/anatole/ycsb/infinispan/target/dependency/reactive-streams-1.0.2.jar:/home/anatole/ycsb/infinispan/target/dependency/rxjava-2.2.4.jar:/home/anatole/ycsb/infinispan/target/dependency/unsafe-helper-1.0.jar site.ycsb.Client -t -db site.ycsb.db.InfinispanClient -P ../workloads/workloadf -preload -s -threads 1 -p dataintegrity=true -p offheap=false -p recordcount=1000000 -p operationcount=3000000 -p fieldcount=10 -p fieldlength=500 -p requestdistribution=zipfian -p measurement.trackjvm=true -p measurementtype=hdrhistogram -p hdrhistogram.output.path=./out/exp7.marshalling.ref/log/infinispan.run.workloadf.true.1000000.100000.10.500.zipfian.1.false.true.default.default.tmpfs.r4.hdr.log
[OVERALL], RunTime(ms), 312860
[OVERALL], Throughput(ops/sec), 12785.271367384772
[TOTAL_GCS_G1_Young_Generation], Count, 454
[TOTAL_GC_TIME_G1_Young_Generation], Time(ms), 13005
[TOTAL_GC_TIME_%_G1_Young_Generation], Time(%), 4.1568113533209745
[TOTAL_GCS_G1_Old_Generation], Count, 0
[TOTAL_GC_TIME_G1_Old_Generation], Time(ms), 0
[TOTAL_GC_TIME_%_G1_Old_Generation], Time(%), 0.0
[TOTAL_GCs], Count, 454
[TOTAL_GC_TIME], Time(ms), 13005
[TOTAL_GC_TIME_%], Time(%), 4.1568113533209745
[MAX_MEM_USED], MBs, 3527
[MIN_MEM_USED], MBs, 48
[MAX_THREADS], Count, 7
[MIN_THREADS], Count, 3
[MAX_SYS_LOAD_AVG], Load, 6.33
[MIN_SYS_LOAD_AVG], Load, 1.66
[THREAD_COUNT], Operations, 33
[THREAD_COUNT], AverageLatency(ns), 5.575757575757576
[THREAD_COUNT], MinLatency(ns), 3
[THREAD_COUNT], MaxLatency(ns), 7
[THREAD_COUNT], 95thPercentileLatency(ns), 7
[THREAD_COUNT], 99thPercentileLatency(ns), 7
[SYS_LOAD_AVG], Operations, 33
[SYS_LOAD_AVG], AverageLatency(ns), 2.515151515151515
[SYS_LOAD_AVG], MinLatency(ns), 1
[SYS_LOAD_AVG], MaxLatency(ns), 6
[SYS_LOAD_AVG], 95thPercentileLatency(ns), 5
[SYS_LOAD_AVG], 99thPercentileLatency(ns), 6
[READ-MODIFY-WRITE], Operations, 1499429
[READ-MODIFY-WRITE], AverageLatency(ns), 62900.97292435987
[READ-MODIFY-WRITE], MinLatency(ns), 31130
[READ-MODIFY-WRITE], MaxLatency(ns), 156512255
[READ-MODIFY-WRITE], 95thPercentileLatency(ns), 83706
[READ-MODIFY-WRITE], 99thPercentileLatency(ns), 101002
[LOAD], Operations, 1
[LOAD], AverageLatency(ns), 1.58753882112E11
[LOAD], MinLatency(ns), 158753357824
[LOAD], MaxLatency(ns), 158754406399
[LOAD], 95thPercentileLatency(ns), 158754406399
[LOAD], 99thPercentileLatency(ns), 158754406399
[USED_MEM_MB], Operations, 33
[USED_MEM_MB], AverageLatency(ns), 2501.757575757576
[USED_MEM_MB], MinLatency(ns), 48
[USED_MEM_MB], MaxLatency(ns), 3527
[USED_MEM_MB], 95thPercentileLatency(ns), 3309
[USED_MEM_MB], 99thPercentileLatency(ns), 3527
[MAIN_GCs_Count], Operations, 1
[MAIN_GCs_Count], AverageLatency(ns), 194.0
[MAIN_GCs_Count], MinLatency(ns), 194
[MAIN_GCs_Count], MaxLatency(ns), 194
[MAIN_GCs_Count], 95thPercentileLatency(ns), 194
[MAIN_GCs_Count], 99thPercentileLatency(ns), 194
[MAIN_GCs_Time(ms)], Operations, 1
[MAIN_GCs_Time(ms)], AverageLatency(ns), 8392.0
[MAIN_GCs_Time(ms)], MinLatency(ns), 8392
[MAIN_GCs_Time(ms)], MaxLatency(ns), 8392
[MAIN_GCs_Time(ms)], 95thPercentileLatency(ns), 8392
[MAIN_GCs_Time(ms)], 99thPercentileLatency(ns), 8392
[TRANSACTION], Operations, 1
[TRANSACTION], AverageLatency(ns), 1.53317015552E11
[TRANSACTION], MinLatency(ns), 153316491264
[TRANSACTION], MaxLatency(ns), 153317539839
[TRANSACTION], 95thPercentileLatency(ns), 153317539839
[TRANSACTION], 99thPercentileLatency(ns), 153317539839
[GCS_TIME], Operations, 33
[GCS_TIME], AverageLatency(ns), 394.09090909090907
[GCS_TIME], MinLatency(ns), 0
[GCS_TIME], MaxLatency(ns), 877
[GCS_TIME], 95thPercentileLatency(ns), 663
[GCS_TIME], 99thPercentileLatency(ns), 877
[LOAD_GCs_Time(ms)], Operations, 1
[LOAD_GCs_Time(ms)], AverageLatency(ns), 4536.0
[LOAD_GCs_Time(ms)], MinLatency(ns), 4536
[LOAD_GCs_Time(ms)], MaxLatency(ns), 4536
[LOAD_GCs_Time(ms)], 95thPercentileLatency(ns), 4536
[LOAD_GCs_Time(ms)], 99thPercentileLatency(ns), 4536
[READ], Operations, 3000000
[READ], AverageLatency(ns), 24339.734127666667
[READ], MinLatency(ns), 228
[READ], MaxLatency(ns), 141911039
[READ], 95thPercentileLatency(ns), 47082
[READ], 99thPercentileLatency(ns), 55498
[READ], Return=OK, 3000000
[INIT], Operations, 1
[INIT], AverageLatency(ns), 6.68932096E8
[INIT], MinLatency(ns), 668930048
[INIT], MaxLatency(ns), 668934143
[INIT], 95thPercentileLatency(ns), 668934143
[INIT], 99thPercentileLatency(ns), 668934143
[GCS], Operations, 33
[GCS], AverageLatency(ns), 13.757575757575758
[GCS], MinLatency(ns), 0
[GCS], MaxLatency(ns), 49
[GCS], 95thPercentileLatency(ns), 25
[GCS], 99thPercentileLatency(ns), 49
[LOAD_GCs_Count], Operations, 1
[LOAD_GCs_Count], AverageLatency(ns), 257.0
[LOAD_GCs_Count], MinLatency(ns), 257
[LOAD_GCs_Count], MaxLatency(ns), 257
[LOAD_GCs_Count], 95thPercentileLatency(ns), 257
[LOAD_GCs_Count], 99thPercentileLatency(ns), 257
[CLEANUP], Operations, 1
[CLEANUP], AverageLatency(ns), 18154.0
[CLEANUP], MinLatency(ns), 18154
[CLEANUP], MaxLatency(ns), 18154
[CLEANUP], 95thPercentileLatency(ns), 18154
[CLEANUP], 99thPercentileLatency(ns), 18154
[INSERT], Operations, 1000000
[INSERT], AverageLatency(ns), 35988.830212
[INSERT], MinLatency(ns), 30168
[INSERT], MaxLatency(ns), 83312127
[INSERT], 95thPercentileLatency(ns), 38219
[INSERT], 99thPercentileLatency(ns), 52929
[INSERT], Return=OK, 1000000
[UPDATE], Operations, 1499429
[UPDATE], AverageLatency(ns), 37572.13356817829
[UPDATE], MinLatency(ns), 30202
[UPDATE], MaxLatency(ns), 94288383
[UPDATE], 95thPercentileLatency(ns), 42964
[UPDATE], 99thPercentileLatency(ns), 49604
[UPDATE], Return=OK, 1499429
