/home/anatole/jdk8u/build/linux-x86_64-normal-server-release/jdk/bin/java -Xmx20g -XX:+UseG1GC -classpath /home/anatole/ycsb/conf:/home/anatole/ycsb/core/target/core-0.18.0-SNAPSHOT.jar:/home/anatole/ycsb/core/target/dependency/HdrHistogram-2.1.4.jar:/home/anatole/ycsb/core/target/dependency/guava-18.0.jar:/home/anatole/ycsb/core/target/dependency/htrace-core4-4.1.0-incubating.jar:/home/anatole/ycsb/core/target/dependency/jackson-core-asl-1.9.4.jar:/home/anatole/ycsb/core/target/dependency/jackson-mapper-asl-1.9.4.jar:/home/anatole/ycsb/core/target/dependency/javax.persistence-api-2.2.jar:/home/anatole/ycsb/core/target/dependency/jnvm-1.0-SNAPSHOT.jar:/home/anatole/ycsb/core/target/dependency/pcj-1.0.jar:/home/anatole/ycsb/core/target/dependency/unsafe-helper-1.0.jar:/home/anatole/ycsb/infinispan/src/main/conf:/home/anatole/ycsb/infinispan/target/infinispan-binding-0.18.0-SNAPSHOT.jar:/home/anatole/ycsb/infinispan/target/dependency/caffeine-2.6.2.jar:/home/anatole/ycsb/infinispan/target/dependency/gson-2.8.2.jar:/home/anatole/ycsb/infinispan/target/dependency/guava-18.0.jar:/home/anatole/ycsb/infinispan/target/dependency/infinispan-cachestore-jnvm-1.0-SNAPSHOT.jar:/home/anatole/ycsb/infinispan/target/dependency/infinispan-cachestore-pcj-1.0-SNAPSHOT.jar:/home/anatole/ycsb/infinispan/target/dependency/infinispan-client-hotrod-9.4.20.Final.jar:/home/anatole/ycsb/infinispan/target/dependency/infinispan-commons-9.4.20.Final.jar:/home/anatole/ycsb/infinispan/target/dependency/infinispan-core-9.4.20.Final.jar:/home/anatole/ycsb/infinispan/target/dependency/infinispan-persistence-soft-index-9.4.20.Final.jar:/home/anatole/ycsb/infinispan/target/dependency/javax.persistence-api-2.2.jar:/home/anatole/ycsb/infinispan/target/dependency/jboss-logging-3.3.2.Final.jar:/home/anatole/ycsb/infinispan/target/dependency/jboss-marshalling-osgi-2.0.6.Final.jar:/home/anatole/ycsb/infinispan/target/dependency/jboss-transaction-api_1.2_spec-1.1.1.Final.jar:/home/anatole/ycsb/infinispan/target/dependency/jgroups-4.0.21.Final.jar:/home/anatole/ycsb/infinispan/target/dependency/jnvm-1.0-SNAPSHOT.jar:/home/anatole/ycsb/infinispan/target/dependency/metainf-services-1.7.jar:/home/anatole/ycsb/infinispan/target/dependency/netty-buffer-4.1.51.Final.jar:/home/anatole/ycsb/infinispan/target/dependency/netty-codec-4.1.51.Final.jar:/home/anatole/ycsb/infinispan/target/dependency/netty-common-4.1.51.Final.jar:/home/anatole/ycsb/infinispan/target/dependency/netty-handler-4.1.51.Final.jar:/home/anatole/ycsb/infinispan/target/dependency/netty-resolver-4.1.51.Final.jar:/home/anatole/ycsb/infinispan/target/dependency/netty-transport-4.1.51.Final.jar:/home/anatole/ycsb/infinispan/target/dependency/netty-transport-native-epoll-4.1.51.Final-linux-x86_64.jar:/home/anatole/ycsb/infinispan/target/dependency/netty-transport-native-unix-common-4.1.51.Final.jar:/home/anatole/ycsb/infinispan/target/dependency/pcj-1.0.jar:/home/anatole/ycsb/infinispan/target/dependency/reactive-streams-1.0.2.jar:/home/anatole/ycsb/infinispan/target/dependency/rxjava-2.2.4.jar:/home/anatole/ycsb/infinispan/target/dependency/unsafe-helper-1.0.jar site.ycsb.Client -t -db site.ycsb.db.InfinispanClient -P ../workloads/workloadf -preload -s -threads 1 -p dataintegrity=true -p offheap=false -p recordcount=1000000 -p operationcount=3000000 -p fieldcount=10 -p fieldlength=800 -p requestdistribution=zipfian -p measurement.trackjvm=true -p measurementtype=hdrhistogram -p hdrhistogram.output.path=./out/exp7.marshalling.ref/log/infinispan.run.workloadf.true.1000000.100000.10.800.zipfian.1.false.true.default.default.tmpfs.r3.hdr.log
[OVERALL], RunTime(ms), 562176
[OVERALL], Throughput(ops/sec), 7115.209471766849
[TOTAL_GCS_G1_Young_Generation], Count, 418
[TOTAL_GC_TIME_G1_Young_Generation], Time(ms), 14995
[TOTAL_GC_TIME_%_G1_Young_Generation], Time(%), 2.6673141507285973
[TOTAL_GCS_G1_Old_Generation], Count, 0
[TOTAL_GC_TIME_G1_Old_Generation], Time(ms), 0
[TOTAL_GC_TIME_%_G1_Old_Generation], Time(%), 0.0
[TOTAL_GCs], Count, 418
[TOTAL_GC_TIME], Time(ms), 14995
[TOTAL_GC_TIME_%], Time(%), 2.6673141507285973
[MAX_MEM_USED], MBs, 6162
[MIN_MEM_USED], MBs, 52
[MAX_THREADS], Count, 7
[MIN_THREADS], Count, 3
[MAX_SYS_LOAD_AVG], Load, 2.0
[MIN_SYS_LOAD_AVG], Load, 1.01
[THREAD_COUNT], Operations, 58
[THREAD_COUNT], AverageLatency(ns), 5.327586206896552
[THREAD_COUNT], MinLatency(ns), 3
[THREAD_COUNT], MaxLatency(ns), 7
[THREAD_COUNT], 95thPercentileLatency(ns), 7
[THREAD_COUNT], 99thPercentileLatency(ns), 7
[SYS_LOAD_AVG], Operations, 58
[SYS_LOAD_AVG], AverageLatency(ns), 1.0172413793103448
[SYS_LOAD_AVG], MinLatency(ns), 1
[SYS_LOAD_AVG], MaxLatency(ns), 2
[SYS_LOAD_AVG], 95thPercentileLatency(ns), 1
[SYS_LOAD_AVG], 99thPercentileLatency(ns), 1
[READ-MODIFY-WRITE], Operations, 1500118
[READ-MODIFY-WRITE], AverageLatency(ns), 85892.10065874818
[READ-MODIFY-WRITE], MinLatency(ns), 51143
[READ-MODIFY-WRITE], MaxLatency(ns), 219584511
[READ-MODIFY-WRITE], 95thPercentileLatency(ns), 108353
[READ-MODIFY-WRITE], 99thPercentileLatency(ns), 122443
[LOAD], Operations, 1
[LOAD], AverageLatency(ns), 3.45135644672E11
[LOAD], MinLatency(ns), 345134596096
[LOAD], MaxLatency(ns), 345136693247
[LOAD], 95thPercentileLatency(ns), 345136693247
[LOAD], 99thPercentileLatency(ns), 345136693247
[USED_MEM_MB], Operations, 58
[USED_MEM_MB], AverageLatency(ns), 4324.017241379311
[USED_MEM_MB], MinLatency(ns), 52
[USED_MEM_MB], MaxLatency(ns), 6162
[USED_MEM_MB], 95thPercentileLatency(ns), 6008
[USED_MEM_MB], 99thPercentileLatency(ns), 6082
[MAIN_GCs_Count], Operations, 1
[MAIN_GCs_Count], AverageLatency(ns), 116.0
[MAIN_GCs_Count], MinLatency(ns), 116
[MAIN_GCs_Count], MaxLatency(ns), 116
[MAIN_GCs_Count], 95thPercentileLatency(ns), 116
[MAIN_GCs_Count], 99thPercentileLatency(ns), 116
[MAIN_GCs_Time(ms)], Operations, 1
[MAIN_GCs_Time(ms)], AverageLatency(ns), 8754.0
[MAIN_GCs_Time(ms)], MinLatency(ns), 8754
[MAIN_GCs_Time(ms)], MaxLatency(ns), 8754
[MAIN_GCs_Time(ms)], 95thPercentileLatency(ns), 8754
[MAIN_GCs_Time(ms)], 99thPercentileLatency(ns), 8754
[TRANSACTION], Operations, 1
[TRANSACTION], AverageLatency(ns), 2.16312315904E11
[TRANSACTION], MinLatency(ns), 216311791616
[TRANSACTION], MaxLatency(ns), 216312840191
[TRANSACTION], 95thPercentileLatency(ns), 216312840191
[TRANSACTION], 99thPercentileLatency(ns), 216312840191
[GCS_TIME], Operations, 58
[GCS_TIME], AverageLatency(ns), 256.8103448275862
[GCS_TIME], MinLatency(ns), 0
[GCS_TIME], MaxLatency(ns), 722
[GCS_TIME], 95thPercentileLatency(ns), 518
[GCS_TIME], 99thPercentileLatency(ns), 548
[LOAD_GCs_Time(ms)], Operations, 1
[LOAD_GCs_Time(ms)], AverageLatency(ns), 6119.0
[LOAD_GCs_Time(ms)], MinLatency(ns), 6119
[LOAD_GCs_Time(ms)], MaxLatency(ns), 6119
[LOAD_GCs_Time(ms)], 95thPercentileLatency(ns), 6119
[LOAD_GCs_Time(ms)], 99thPercentileLatency(ns), 6119
[READ], Operations, 3000000
[READ], AverageLatency(ns), 26944.160679333334
[READ], MinLatency(ns), 224
[READ], MaxLatency(ns), 114487295
[READ], 95thPercentileLatency(ns), 51549
[READ], 99thPercentileLatency(ns), 57157
[READ], Return=OK, 3000000
[INIT], Operations, 1
[INIT], AverageLatency(ns), 6.72708608E8
[INIT], MinLatency(ns), 672706560
[INIT], MaxLatency(ns), 672710655
[INIT], 95thPercentileLatency(ns), 672710655
[INIT], 99thPercentileLatency(ns), 672710655
[GCS], Operations, 58
[GCS], AverageLatency(ns), 7.189655172413793
[GCS], MinLatency(ns), 0
[GCS], MaxLatency(ns), 79
[GCS], 95thPercentileLatency(ns), 8
[GCS], 99thPercentileLatency(ns), 31
[LOAD_GCs_Count], Operations, 1
[LOAD_GCs_Count], AverageLatency(ns), 300.0
[LOAD_GCs_Count], MinLatency(ns), 300
[LOAD_GCs_Count], MaxLatency(ns), 300
[LOAD_GCs_Count], 95thPercentileLatency(ns), 300
[LOAD_GCs_Count], 99thPercentileLatency(ns), 300
[CLEANUP], Operations, 1
[CLEANUP], AverageLatency(ns), 14335.0
[CLEANUP], MinLatency(ns), 14335
[CLEANUP], MaxLatency(ns), 14335
[CLEANUP], 95thPercentileLatency(ns), 14335
[CLEANUP], 99thPercentileLatency(ns), 14335
[INSERT], Operations, 1000000
[INSERT], AverageLatency(ns), 58474.883652
[INSERT], MinLatency(ns), 51720
[INSERT], MaxLatency(ns), 98556415
[INSERT], 95thPercentileLatency(ns), 60811
[INSERT], 99thPercentileLatency(ns), 79294
[INSERT], Return=OK, 1000000
[UPDATE], Operations, 1500118
[UPDATE], AverageLatency(ns), 57791.83217253576
[UPDATE], MinLatency(ns), 50338
[UPDATE], MaxLatency(ns), 141050879
[UPDATE], 95thPercentileLatency(ns), 60372
[UPDATE], 99thPercentileLatency(ns), 69325
[UPDATE], Return=OK, 1500118
