/home/anatole/jdk8u/build/linux-x86_64-normal-server-release/jdk/bin/java -Xmx20g -XX:+UseG1GC -classpath /home/anatole/ycsb/conf:/home/anatole/ycsb/core/target/core-0.18.0-SNAPSHOT.jar:/home/anatole/ycsb/core/target/dependency/HdrHistogram-2.1.4.jar:/home/anatole/ycsb/core/target/dependency/guava-18.0.jar:/home/anatole/ycsb/core/target/dependency/htrace-core4-4.1.0-incubating.jar:/home/anatole/ycsb/core/target/dependency/jackson-core-asl-1.9.4.jar:/home/anatole/ycsb/core/target/dependency/jackson-mapper-asl-1.9.4.jar:/home/anatole/ycsb/core/target/dependency/javax.persistence-api-2.2.jar:/home/anatole/ycsb/core/target/dependency/jnvm-1.0-SNAPSHOT.jar:/home/anatole/ycsb/core/target/dependency/pcj-1.0.jar:/home/anatole/ycsb/core/target/dependency/unsafe-helper-1.0.jar:/home/anatole/ycsb/infinispan/src/main/conf:/home/anatole/ycsb/infinispan/target/infinispan-binding-0.18.0-SNAPSHOT.jar:/home/anatole/ycsb/infinispan/target/dependency/caffeine-2.6.2.jar:/home/anatole/ycsb/infinispan/target/dependency/gson-2.8.2.jar:/home/anatole/ycsb/infinispan/target/dependency/guava-18.0.jar:/home/anatole/ycsb/infinispan/target/dependency/infinispan-cachestore-jnvm-1.0-SNAPSHOT.jar:/home/anatole/ycsb/infinispan/target/dependency/infinispan-cachestore-pcj-1.0-SNAPSHOT.jar:/home/anatole/ycsb/infinispan/target/dependency/infinispan-client-hotrod-9.4.20.Final.jar:/home/anatole/ycsb/infinispan/target/dependency/infinispan-commons-9.4.20.Final.jar:/home/anatole/ycsb/infinispan/target/dependency/infinispan-core-9.4.20.Final.jar:/home/anatole/ycsb/infinispan/target/dependency/infinispan-persistence-soft-index-9.4.20.Final.jar:/home/anatole/ycsb/infinispan/target/dependency/javax.persistence-api-2.2.jar:/home/anatole/ycsb/infinispan/target/dependency/jboss-logging-3.3.2.Final.jar:/home/anatole/ycsb/infinispan/target/dependency/jboss-marshalling-osgi-2.0.6.Final.jar:/home/anatole/ycsb/infinispan/target/dependency/jboss-transaction-api_1.2_spec-1.1.1.Final.jar:/home/anatole/ycsb/infinispan/target/dependency/jgroups-4.0.21.Final.jar:/home/anatole/ycsb/infinispan/target/dependency/jnvm-1.0-SNAPSHOT.jar:/home/anatole/ycsb/infinispan/target/dependency/metainf-services-1.7.jar:/home/anatole/ycsb/infinispan/target/dependency/netty-buffer-4.1.51.Final.jar:/home/anatole/ycsb/infinispan/target/dependency/netty-codec-4.1.51.Final.jar:/home/anatole/ycsb/infinispan/target/dependency/netty-common-4.1.51.Final.jar:/home/anatole/ycsb/infinispan/target/dependency/netty-handler-4.1.51.Final.jar:/home/anatole/ycsb/infinispan/target/dependency/netty-resolver-4.1.51.Final.jar:/home/anatole/ycsb/infinispan/target/dependency/netty-transport-4.1.51.Final.jar:/home/anatole/ycsb/infinispan/target/dependency/netty-transport-native-epoll-4.1.51.Final-linux-x86_64.jar:/home/anatole/ycsb/infinispan/target/dependency/netty-transport-native-unix-common-4.1.51.Final.jar:/home/anatole/ycsb/infinispan/target/dependency/pcj-1.0.jar:/home/anatole/ycsb/infinispan/target/dependency/reactive-streams-1.0.2.jar:/home/anatole/ycsb/infinispan/target/dependency/rxjava-2.2.4.jar:/home/anatole/ycsb/infinispan/target/dependency/unsafe-helper-1.0.jar site.ycsb.Client -t -db site.ycsb.db.InfinispanClient -P ../workloads/workloadf -preload -s -threads 1 -p dataintegrity=true -p offheap=false -p recordcount=1000000 -p operationcount=3000000 -p fieldcount=10 -p fieldlength=200 -p requestdistribution=zipfian -p measurement.trackjvm=true -p measurementtype=hdrhistogram -p hdrhistogram.output.path=./out/exp7.marshalling.ref/log/infinispan.run.workloadf.true.1000000.100000.10.200.zipfian.1.false.true.default.default.tmpfs.r1.hdr.log
[OVERALL], RunTime(ms), 165814
[OVERALL], Throughput(ops/sec), 24123.41539315136
[TOTAL_GCS_G1_Young_Generation], Count, 125
[TOTAL_GC_TIME_G1_Young_Generation], Time(ms), 6322
[TOTAL_GC_TIME_%_G1_Young_Generation], Time(%), 3.8127058028875727
[TOTAL_GCS_G1_Old_Generation], Count, 0
[TOTAL_GC_TIME_G1_Old_Generation], Time(ms), 0
[TOTAL_GC_TIME_%_G1_Old_Generation], Time(%), 0.0
[TOTAL_GCs], Count, 125
[TOTAL_GC_TIME], Time(ms), 6322
[TOTAL_GC_TIME_%], Time(%), 3.8127058028875727
[MAX_MEM_USED], MBs, 3259
[MIN_MEM_USED], MBs, 48
[MAX_THREADS], Count, 7
[MIN_THREADS], Count, 3
[MAX_SYS_LOAD_AVG], Load, 3.63
[MIN_SYS_LOAD_AVG], Load, 1.46
[THREAD_COUNT], Operations, 18
[THREAD_COUNT], AverageLatency(ns), 6.055555555555555
[THREAD_COUNT], MinLatency(ns), 3
[THREAD_COUNT], MaxLatency(ns), 7
[THREAD_COUNT], 95thPercentileLatency(ns), 7
[THREAD_COUNT], 99thPercentileLatency(ns), 7
[SYS_LOAD_AVG], Operations, 18
[SYS_LOAD_AVG], AverageLatency(ns), 1.5
[SYS_LOAD_AVG], MinLatency(ns), 1
[SYS_LOAD_AVG], MaxLatency(ns), 3
[SYS_LOAD_AVG], 95thPercentileLatency(ns), 3
[SYS_LOAD_AVG], 99thPercentileLatency(ns), 3
[READ-MODIFY-WRITE], Operations, 1501185
[READ-MODIFY-WRITE], AverageLatency(ns), 50264.670024680505
[READ-MODIFY-WRITE], MinLatency(ns), 24942
[READ-MODIFY-WRITE], MaxLatency(ns), 185151487
[READ-MODIFY-WRITE], 95thPercentileLatency(ns), 67145
[READ-MODIFY-WRITE], 99thPercentileLatency(ns), 79431
[LOAD], Operations, 1
[LOAD], AverageLatency(ns), 5.3534916608E10
[LOAD], MinLatency(ns), 53534785536
[LOAD], MaxLatency(ns), 53535047679
[LOAD], 95thPercentileLatency(ns), 53535047679
[LOAD], 99thPercentileLatency(ns), 53535047679
[USED_MEM_MB], Operations, 18
[USED_MEM_MB], AverageLatency(ns), 2190.1111111111113
[USED_MEM_MB], MinLatency(ns), 48
[USED_MEM_MB], MaxLatency(ns), 3259
[USED_MEM_MB], 95thPercentileLatency(ns), 3127
[USED_MEM_MB], 99thPercentileLatency(ns), 3259
[MAIN_GCs_Count], Operations, 1
[MAIN_GCs_Count], AverageLatency(ns), 75.0
[MAIN_GCs_Count], MinLatency(ns), 75
[MAIN_GCs_Count], MaxLatency(ns), 75
[MAIN_GCs_Count], 95thPercentileLatency(ns), 75
[MAIN_GCs_Count], 99thPercentileLatency(ns), 75
[MAIN_GCs_Time(ms)], Operations, 1
[MAIN_GCs_Time(ms)], AverageLatency(ns), 4264.0
[MAIN_GCs_Time(ms)], MinLatency(ns), 4264
[MAIN_GCs_Time(ms)], MaxLatency(ns), 4264
[MAIN_GCs_Time(ms)], 95thPercentileLatency(ns), 4264
[MAIN_GCs_Time(ms)], 99thPercentileLatency(ns), 4264
[TRANSACTION], Operations, 1
[TRANSACTION], AverageLatency(ns), 1.11562981376E11
[TRANSACTION], MinLatency(ns), 111562719232
[TRANSACTION], MaxLatency(ns), 111563243519
[TRANSACTION], 95thPercentileLatency(ns), 111563243519
[TRANSACTION], 99thPercentileLatency(ns), 111563243519
[GCS_TIME], Operations, 18
[GCS_TIME], AverageLatency(ns), 349.0
[GCS_TIME], MinLatency(ns), 0
[GCS_TIME], MaxLatency(ns), 662
[GCS_TIME], 95thPercentileLatency(ns), 619
[GCS_TIME], 99thPercentileLatency(ns), 662
[LOAD_GCs_Time(ms)], Operations, 1
[LOAD_GCs_Time(ms)], AverageLatency(ns), 1999.0
[LOAD_GCs_Time(ms)], MinLatency(ns), 1999
[LOAD_GCs_Time(ms)], MaxLatency(ns), 1999
[LOAD_GCs_Time(ms)], 95thPercentileLatency(ns), 1999
[LOAD_GCs_Time(ms)], 99thPercentileLatency(ns), 1999
[READ], Operations, 3000000
[READ], AverageLatency(ns), 19948.933344333334
[READ], MinLatency(ns), 210
[READ], MaxLatency(ns), 83762175
[READ], 95thPercentileLatency(ns), 37645
[READ], 99thPercentileLatency(ns), 43214
[READ], Return=OK, 3000000
[INIT], Operations, 1
[INIT], AverageLatency(ns), 6.58712576E8
[INIT], MinLatency(ns), 658710528
[INIT], MaxLatency(ns), 658714623
[INIT], 95thPercentileLatency(ns), 658714623
[INIT], 99thPercentileLatency(ns), 658714623
[GCS], Operations, 18
[GCS], AverageLatency(ns), 6.888888888888889
[GCS], MinLatency(ns), 0
[GCS], MaxLatency(ns), 16
[GCS], 95thPercentileLatency(ns), 11
[GCS], 99thPercentileLatency(ns), 16
[LOAD_GCs_Count], Operations, 1
[LOAD_GCs_Count], AverageLatency(ns), 48.0
[LOAD_GCs_Count], MinLatency(ns), 48
[LOAD_GCs_Count], MaxLatency(ns), 48
[LOAD_GCs_Count], 95thPercentileLatency(ns), 48
[LOAD_GCs_Count], 99thPercentileLatency(ns), 48
[CLEANUP], Operations, 1
[CLEANUP], AverageLatency(ns), 16566.0
[CLEANUP], MinLatency(ns), 16566
[CLEANUP], MaxLatency(ns), 16566
[CLEANUP], 95thPercentileLatency(ns), 16566
[CLEANUP], 99thPercentileLatency(ns), 16566
[INSERT], Operations, 1000000
[INSERT], AverageLatency(ns), 28238.555459
[INSERT], MinLatency(ns), 23630
[INSERT], MaxLatency(ns), 74682879
[INSERT], 95thPercentileLatency(ns), 29456
[INSERT], 99thPercentileLatency(ns), 35618
[INSERT], Return=OK, 1000000
[UPDATE], Operations, 1501185
[UPDATE], AverageLatency(ns), 29728.75968718046
[UPDATE], MinLatency(ns), 24164
[UPDATE], MaxLatency(ns), 121977343
[UPDATE], 95thPercentileLatency(ns), 31601
[UPDATE], 99thPercentileLatency(ns), 37826
[UPDATE], Return=OK, 1501185
