/home/anatole/jdk8u/build/linux-x86_64-normal-server-release/jdk/bin/java -Xmx100g -XX:+UseG1GC -XX:InitiatingHeapOccupancyPercent=15 -classpath /home/anatole/ycsb/conf:/home/anatole/ycsb/core/target/core-0.18.0-SNAPSHOT.jar:/home/anatole/ycsb/core/target/dependency/HdrHistogram-2.1.4.jar:/home/anatole/ycsb/core/target/dependency/guava-18.0.jar:/home/anatole/ycsb/core/target/dependency/htrace-core4-4.1.0-incubating.jar:/home/anatole/ycsb/core/target/dependency/jackson-core-asl-1.9.4.jar:/home/anatole/ycsb/core/target/dependency/jackson-mapper-asl-1.9.4.jar:/home/anatole/ycsb/core/target/dependency/javax.persistence-api-2.2.jar:/home/anatole/ycsb/core/target/dependency/jnvm-1.0-SNAPSHOT.jar:/home/anatole/ycsb/core/target/dependency/pcj-1.0.jar:/home/anatole/ycsb/core/target/dependency/unsafe-helper-1.0.jar:/home/anatole/ycsb/infinispan/src/main/conf:/home/anatole/ycsb/infinispan/target/infinispan-binding-0.18.0-SNAPSHOT.jar:/home/anatole/ycsb/infinispan/target/dependency/caffeine-2.6.2.jar:/home/anatole/ycsb/infinispan/target/dependency/gson-2.8.2.jar:/home/anatole/ycsb/infinispan/target/dependency/guava-18.0.jar:/home/anatole/ycsb/infinispan/target/dependency/infinispan-cachestore-jnvm-1.0-SNAPSHOT.jar:/home/anatole/ycsb/infinispan/target/dependency/infinispan-cachestore-pcj-1.0-SNAPSHOT.jar:/home/anatole/ycsb/infinispan/target/dependency/infinispan-client-hotrod-9.4.20.Final.jar:/home/anatole/ycsb/infinispan/target/dependency/infinispan-commons-9.4.20.Final.jar:/home/anatole/ycsb/infinispan/target/dependency/infinispan-core-9.4.20.Final.jar:/home/anatole/ycsb/infinispan/target/dependency/infinispan-persistence-soft-index-9.4.20.Final.jar:/home/anatole/ycsb/infinispan/target/dependency/javax.persistence-api-2.2.jar:/home/anatole/ycsb/infinispan/target/dependency/jboss-logging-3.3.2.Final.jar:/home/anatole/ycsb/infinispan/target/dependency/jboss-marshalling-osgi-2.0.6.Final.jar:/home/anatole/ycsb/infinispan/target/dependency/jboss-transaction-api_1.2_spec-1.1.1.Final.jar:/home/anatole/ycsb/infinispan/target/dependency/jgroups-4.0.21.Final.jar:/home/anatole/ycsb/infinispan/target/dependency/jnvm-1.0-SNAPSHOT.jar:/home/anatole/ycsb/infinispan/target/dependency/metainf-services-1.7.jar:/home/anatole/ycsb/infinispan/target/dependency/netty-buffer-4.1.51.Final.jar:/home/anatole/ycsb/infinispan/target/dependency/netty-codec-4.1.51.Final.jar:/home/anatole/ycsb/infinispan/target/dependency/netty-common-4.1.51.Final.jar:/home/anatole/ycsb/infinispan/target/dependency/netty-handler-4.1.51.Final.jar:/home/anatole/ycsb/infinispan/target/dependency/netty-resolver-4.1.51.Final.jar:/home/anatole/ycsb/infinispan/target/dependency/netty-transport-4.1.51.Final.jar:/home/anatole/ycsb/infinispan/target/dependency/netty-transport-native-epoll-4.1.51.Final-linux-x86_64.jar:/home/anatole/ycsb/infinispan/target/dependency/netty-transport-native-unix-common-4.1.51.Final.jar:/home/anatole/ycsb/infinispan/target/dependency/pcj-1.0.jar:/home/anatole/ycsb/infinispan/target/dependency/reactive-streams-1.0.2.jar:/home/anatole/ycsb/infinispan/target/dependency/rxjava-2.2.4.jar:/home/anatole/ycsb/infinispan/target/dependency/unsafe-helper-1.0.jar site.ycsb.Client -t -db site.ycsb.db.InfinispanClient -P ../workloads/workloadf -preload -s -threads 1 -p dataintegrity=true -p offheap=false -p recordcount=1000000 -p operationcount=3000000 -p fieldcount=10 -p fieldlength=900 -p requestdistribution=zipfian -p measurement.trackjvm=true -p measurementtype=hdrhistogram -p hdrhistogram.output.path=./out/exp7.marshalling.ref/log/infinispan.run.workloadf.true.1000000.1000000.10.900.zipfian.1.false.true.default.default.nullfsvfs.r5.hdr.log
[OVERALL], RunTime(ms), 654615
[OVERALL], Throughput(ops/sec), 6110.461874536942
[TOTAL_GCS_G1_Young_Generation], Count, 850
[TOTAL_GC_TIME_G1_Young_Generation], Time(ms), 39339
[TOTAL_GC_TIME_%_G1_Young_Generation], Time(%), 6.009486492060218
[TOTAL_GCS_G1_Old_Generation], Count, 0
[TOTAL_GC_TIME_G1_Old_Generation], Time(ms), 0
[TOTAL_GC_TIME_%_G1_Old_Generation], Time(%), 0.0
[TOTAL_GCs], Count, 850
[TOTAL_GC_TIME], Time(ms), 39339
[TOTAL_GC_TIME_%], Time(%), 6.009486492060218
[MAX_MEM_USED], MBs, 30466
[MIN_MEM_USED], MBs, 54
[MAX_THREADS], Count, 7
[MIN_THREADS], Count, 3
[MAX_SYS_LOAD_AVG], Load, 7.39
[MIN_SYS_LOAD_AVG], Load, 1.24
[THREAD_COUNT], Operations, 67
[THREAD_COUNT], AverageLatency(ns), 5.2835820895522385
[THREAD_COUNT], MinLatency(ns), 3
[THREAD_COUNT], MaxLatency(ns), 7
[THREAD_COUNT], 95thPercentileLatency(ns), 7
[THREAD_COUNT], 99thPercentileLatency(ns), 7
[SYS_LOAD_AVG], Operations, 67
[SYS_LOAD_AVG], AverageLatency(ns), 3.253731343283582
[SYS_LOAD_AVG], MinLatency(ns), 1
[SYS_LOAD_AVG], MaxLatency(ns), 7
[SYS_LOAD_AVG], 95thPercentileLatency(ns), 7
[SYS_LOAD_AVG], 99thPercentileLatency(ns), 7
[READ-MODIFY-WRITE], Operations, 1500735
[READ-MODIFY-WRITE], AverageLatency(ns), 84826.44895467887
[READ-MODIFY-WRITE], MinLatency(ns), 50137
[READ-MODIFY-WRITE], MaxLatency(ns), 13191479295
[READ-MODIFY-WRITE], 95thPercentileLatency(ns), 84677
[READ-MODIFY-WRITE], 99thPercentileLatency(ns), 114364
[LOAD], Operations, 1
[LOAD], AverageLatency(ns), 4.49838055424E11
[LOAD], MinLatency(ns), 449837006848
[LOAD], MaxLatency(ns), 449839103999
[LOAD], 95thPercentileLatency(ns), 449839103999
[LOAD], 99thPercentileLatency(ns), 449839103999
[USED_MEM_MB], Operations, 67
[USED_MEM_MB], AverageLatency(ns), 17095.0
[USED_MEM_MB], MinLatency(ns), 54
[USED_MEM_MB], MaxLatency(ns), 30466
[USED_MEM_MB], 95thPercentileLatency(ns), 28118
[USED_MEM_MB], 99thPercentileLatency(ns), 30090
[MAIN_GCs_Count], Operations, 1
[MAIN_GCs_Count], AverageLatency(ns), 46.0
[MAIN_GCs_Count], MinLatency(ns), 46
[MAIN_GCs_Count], MaxLatency(ns), 46
[MAIN_GCs_Count], 95thPercentileLatency(ns), 46
[MAIN_GCs_Count], 99thPercentileLatency(ns), 46
[MAIN_GCs_Time(ms)], Operations, 1
[MAIN_GCs_Time(ms)], AverageLatency(ns), 18976.0
[MAIN_GCs_Time(ms)], MinLatency(ns), 18976
[MAIN_GCs_Time(ms)], MaxLatency(ns), 18976
[MAIN_GCs_Time(ms)], 95thPercentileLatency(ns), 18976
[MAIN_GCs_Time(ms)], 99thPercentileLatency(ns), 18976
[TRANSACTION], Operations, 1
[TRANSACTION], AverageLatency(ns), 2.03880398848E11
[TRANSACTION], MinLatency(ns), 203879874560
[TRANSACTION], MaxLatency(ns), 203880923135
[TRANSACTION], 95thPercentileLatency(ns), 203880923135
[TRANSACTION], 99thPercentileLatency(ns), 203880923135
[GCS_TIME], Operations, 67
[GCS_TIME], AverageLatency(ns), 587.1492537313433
[GCS_TIME], MinLatency(ns), 0
[GCS_TIME], MaxLatency(ns), 13090
[GCS_TIME], 95thPercentileLatency(ns), 747
[GCS_TIME], 99thPercentileLatency(ns), 805
[LOAD_GCs_Time(ms)], Operations, 1
[LOAD_GCs_Time(ms)], AverageLatency(ns), 20221.0
[LOAD_GCs_Time(ms)], MinLatency(ns), 20221
[LOAD_GCs_Time(ms)], MaxLatency(ns), 20221
[LOAD_GCs_Time(ms)], 95thPercentileLatency(ns), 20221
[LOAD_GCs_Time(ms)], 99thPercentileLatency(ns), 20221
[READ], Operations, 3000000
[READ], AverageLatency(ns), 2879.6175803333335
[READ], MinLatency(ns), 198
[READ], MaxLatency(ns), 353394687
[READ], 95thPercentileLatency(ns), 2222
[READ], 99thPercentileLatency(ns), 3790
[READ], Return=OK, 3000000
[INIT], Operations, 1
[INIT], AverageLatency(ns), 6.61260288E8
[INIT], MinLatency(ns), 661258240
[INIT], MaxLatency(ns), 661262335
[INIT], 95thPercentileLatency(ns), 661262335
[INIT], 99thPercentileLatency(ns), 661262335
[GCS], Operations, 67
[GCS], AverageLatency(ns), 12.686567164179104
[GCS], MinLatency(ns), 0
[GCS], MaxLatency(ns), 118
[GCS], 95thPercentileLatency(ns), 58
[GCS], 99thPercentileLatency(ns), 82
[LOAD_GCs_Count], Operations, 1
[LOAD_GCs_Count], AverageLatency(ns), 801.0
[LOAD_GCs_Count], MinLatency(ns), 801
[LOAD_GCs_Count], MaxLatency(ns), 801
[LOAD_GCs_Count], 95thPercentileLatency(ns), 801
[LOAD_GCs_Count], 99thPercentileLatency(ns), 801
[CLEANUP], Operations, 1
[CLEANUP], AverageLatency(ns), 18830.0
[CLEANUP], MinLatency(ns), 18830
[CLEANUP], MaxLatency(ns), 18830
[CLEANUP], 95thPercentileLatency(ns), 18830
[CLEANUP], 99thPercentileLatency(ns), 18830
[INSERT], Operations, 1000000
[INSERT], AverageLatency(ns), 60209.836229
[INSERT], MinLatency(ns), 49984
[INSERT], MaxLatency(ns), 288120831
[INSERT], 95thPercentileLatency(ns), 67757
[INSERT], 99thPercentileLatency(ns), 88102
[INSERT], Return=OK, 1000000
[UPDATE], Operations, 1500735
[UPDATE], AverageLatency(ns), 72219.68879648972
[UPDATE], MinLatency(ns), 49421
[UPDATE], MaxLatency(ns), 1109172223
[UPDATE], 95thPercentileLatency(ns), 82900
[UPDATE], 99thPercentileLatency(ns), 111989
[UPDATE], Return=OK, 1500735
