/home/anatole/jdk8u/build/linux-x86_64-normal-server-release/jdk/bin/java -Xmx40g -XX:+UseG1GC -classpath /home/anatole/ycsb/conf:/home/anatole/ycsb/core/target/core-0.18.0-SNAPSHOT.jar:/home/anatole/ycsb/core/target/dependency/HdrHistogram-2.1.4.jar:/home/anatole/ycsb/core/target/dependency/guava-18.0.jar:/home/anatole/ycsb/core/target/dependency/htrace-core4-4.1.0-incubating.jar:/home/anatole/ycsb/core/target/dependency/jackson-core-asl-1.9.4.jar:/home/anatole/ycsb/core/target/dependency/jackson-mapper-asl-1.9.4.jar:/home/anatole/ycsb/core/target/dependency/javax.persistence-api-2.2.jar:/home/anatole/ycsb/core/target/dependency/jnvm-1.0-SNAPSHOT.jar:/home/anatole/ycsb/core/target/dependency/pcj-1.0.jar:/home/anatole/ycsb/core/target/dependency/unsafe-helper-1.0.jar:/home/anatole/ycsb/infinispan/src/main/conf:/home/anatole/ycsb/infinispan/target/infinispan-binding-0.18.0-SNAPSHOT.jar:/home/anatole/ycsb/infinispan/target/dependency/caffeine-2.6.2.jar:/home/anatole/ycsb/infinispan/target/dependency/gson-2.8.2.jar:/home/anatole/ycsb/infinispan/target/dependency/guava-18.0.jar:/home/anatole/ycsb/infinispan/target/dependency/infinispan-cachestore-jnvm-1.0-SNAPSHOT.jar:/home/anatole/ycsb/infinispan/target/dependency/infinispan-cachestore-pcj-1.0-SNAPSHOT.jar:/home/anatole/ycsb/infinispan/target/dependency/infinispan-client-hotrod-9.4.20.Final.jar:/home/anatole/ycsb/infinispan/target/dependency/infinispan-commons-9.4.20.Final.jar:/home/anatole/ycsb/infinispan/target/dependency/infinispan-core-9.4.20.Final.jar:/home/anatole/ycsb/infinispan/target/dependency/infinispan-persistence-soft-index-9.4.20.Final.jar:/home/anatole/ycsb/infinispan/target/dependency/javax.persistence-api-2.2.jar:/home/anatole/ycsb/infinispan/target/dependency/jboss-logging-3.3.2.Final.jar:/home/anatole/ycsb/infinispan/target/dependency/jboss-marshalling-osgi-2.0.6.Final.jar:/home/anatole/ycsb/infinispan/target/dependency/jboss-transaction-api_1.2_spec-1.1.1.Final.jar:/home/anatole/ycsb/infinispan/target/dependency/jgroups-4.0.21.Final.jar:/home/anatole/ycsb/infinispan/target/dependency/jnvm-1.0-SNAPSHOT.jar:/home/anatole/ycsb/infinispan/target/dependency/metainf-services-1.7.jar:/home/anatole/ycsb/infinispan/target/dependency/netty-buffer-4.1.51.Final.jar:/home/anatole/ycsb/infinispan/target/dependency/netty-codec-4.1.51.Final.jar:/home/anatole/ycsb/infinispan/target/dependency/netty-common-4.1.51.Final.jar:/home/anatole/ycsb/infinispan/target/dependency/netty-handler-4.1.51.Final.jar:/home/anatole/ycsb/infinispan/target/dependency/netty-resolver-4.1.51.Final.jar:/home/anatole/ycsb/infinispan/target/dependency/netty-transport-4.1.51.Final.jar:/home/anatole/ycsb/infinispan/target/dependency/netty-transport-native-epoll-4.1.51.Final-linux-x86_64.jar:/home/anatole/ycsb/infinispan/target/dependency/netty-transport-native-unix-common-4.1.51.Final.jar:/home/anatole/ycsb/infinispan/target/dependency/pcj-1.0.jar:/home/anatole/ycsb/infinispan/target/dependency/reactive-streams-1.0.2.jar:/home/anatole/ycsb/infinispan/target/dependency/rxjava-2.2.4.jar:/home/anatole/ycsb/infinispan/target/dependency/unsafe-helper-1.0.jar site.ycsb.Client -t -db site.ycsb.db.InfinispanClient -P ../workloads/workloadf -preload -s -threads 1 -p dataintegrity=true -p offheap=false -p recordcount=1000000 -p operationcount=3000000 -p fieldcount=10 -p fieldlength=500 -p requestdistribution=zipfian -p measurement.trackjvm=true -p measurementtype=hdrhistogram -p hdrhistogram.output.path=./out/exp7.marshalling.ref/log/infinispan.run.workloadf.true.1000000.1000000.10.500.zipfian.1.false.true.default.default.pmem0.r3.hdr.log
[OVERALL], RunTime(ms), 276704
[OVERALL], Throughput(ops/sec), 14455.880652249334
[TOTAL_GCS_G1_Young_Generation], Count, 438
[TOTAL_GC_TIME_G1_Young_Generation], Time(ms), 16597
[TOTAL_GC_TIME_%_G1_Young_Generation], Time(%), 5.9981062796345554
[TOTAL_GCS_G1_Old_Generation], Count, 0
[TOTAL_GC_TIME_G1_Old_Generation], Time(ms), 0
[TOTAL_GC_TIME_%_G1_Old_Generation], Time(%), 0.0
[TOTAL_GCs], Count, 438
[TOTAL_GC_TIME], Time(ms), 16597
[TOTAL_GC_TIME_%], Time(%), 5.9981062796345554
[MAX_MEM_USED], MBs, 14286
[MIN_MEM_USED], MBs, 52
[MAX_THREADS], Count, 7
[MIN_THREADS], Count, 3
[MAX_SYS_LOAD_AVG], Load, 4.37
[MIN_SYS_LOAD_AVG], Load, 1.61
[THREAD_COUNT], Operations, 29
[THREAD_COUNT], AverageLatency(ns), 5.655172413793103
[THREAD_COUNT], MinLatency(ns), 3
[THREAD_COUNT], MaxLatency(ns), 7
[THREAD_COUNT], 95thPercentileLatency(ns), 7
[THREAD_COUNT], 99thPercentileLatency(ns), 7
[SYS_LOAD_AVG], Operations, 29
[SYS_LOAD_AVG], AverageLatency(ns), 2.3448275862068964
[SYS_LOAD_AVG], MinLatency(ns), 1
[SYS_LOAD_AVG], MaxLatency(ns), 4
[SYS_LOAD_AVG], 95thPercentileLatency(ns), 4
[SYS_LOAD_AVG], 99thPercentileLatency(ns), 4
[READ-MODIFY-WRITE], Operations, 1498810
[READ-MODIFY-WRITE], AverageLatency(ns), 46916.261222569905
[READ-MODIFY-WRITE], MinLatency(ns), 33804
[READ-MODIFY-WRITE], MaxLatency(ns), 154835967
[READ-MODIFY-WRITE], 95thPercentileLatency(ns), 55743
[READ-MODIFY-WRITE], 99thPercentileLatency(ns), 61987
[LOAD], Operations, 1
[LOAD], AverageLatency(ns), 1.80859961344E11
[LOAD], MinLatency(ns), 180859437056
[LOAD], MaxLatency(ns), 180860485631
[LOAD], 95thPercentileLatency(ns), 180860485631
[LOAD], 99thPercentileLatency(ns), 180860485631
[USED_MEM_MB], Operations, 29
[USED_MEM_MB], AverageLatency(ns), 9914.862068965518
[USED_MEM_MB], MinLatency(ns), 52
[USED_MEM_MB], MaxLatency(ns), 14286
[USED_MEM_MB], 95thPercentileLatency(ns), 14081
[USED_MEM_MB], 99thPercentileLatency(ns), 14286
[MAIN_GCs_Count], Operations, 1
[MAIN_GCs_Count], AverageLatency(ns), 140.0
[MAIN_GCs_Count], MinLatency(ns), 140
[MAIN_GCs_Count], MaxLatency(ns), 140
[MAIN_GCs_Count], 95thPercentileLatency(ns), 140
[MAIN_GCs_Count], 99thPercentileLatency(ns), 140
[MAIN_GCs_Time(ms)], Operations, 1
[MAIN_GCs_Time(ms)], AverageLatency(ns), 5791.0
[MAIN_GCs_Time(ms)], MinLatency(ns), 5791
[MAIN_GCs_Time(ms)], MaxLatency(ns), 5791
[MAIN_GCs_Time(ms)], 95thPercentileLatency(ns), 5791
[MAIN_GCs_Time(ms)], 99thPercentileLatency(ns), 5791
[TRANSACTION], Operations, 1
[TRANSACTION], AverageLatency(ns), 9.5121309696E10
[TRANSACTION], MinLatency(ns), 95121047552
[TRANSACTION], MaxLatency(ns), 95121571839
[TRANSACTION], 95thPercentileLatency(ns), 95121571839
[TRANSACTION], 99thPercentileLatency(ns), 95121571839
[GCS_TIME], Operations, 29
[GCS_TIME], AverageLatency(ns), 572.3103448275862
[GCS_TIME], MinLatency(ns), 0
[GCS_TIME], MaxLatency(ns), 907
[GCS_TIME], 95thPercentileLatency(ns), 873
[GCS_TIME], 99thPercentileLatency(ns), 907
[LOAD_GCs_Time(ms)], Operations, 1
[LOAD_GCs_Time(ms)], AverageLatency(ns), 10772.0
[LOAD_GCs_Time(ms)], MinLatency(ns), 10772
[LOAD_GCs_Time(ms)], MaxLatency(ns), 10772
[LOAD_GCs_Time(ms)], 95thPercentileLatency(ns), 10772
[LOAD_GCs_Time(ms)], 99thPercentileLatency(ns), 10772
[READ], Operations, 3000000
[READ], AverageLatency(ns), 801.1542003333333
[READ], MinLatency(ns), 226
[READ], MaxLatency(ns), 19647487
[READ], 95thPercentileLatency(ns), 1768
[READ], 99thPercentileLatency(ns), 2780
[READ], Return=OK, 3000000
[INIT], Operations, 1
[INIT], AverageLatency(ns), 6.67379712E8
[INIT], MinLatency(ns), 667377664
[INIT], MaxLatency(ns), 667381759
[INIT], 95thPercentileLatency(ns), 667381759
[INIT], 99thPercentileLatency(ns), 667381759
[GCS], Operations, 29
[GCS], AverageLatency(ns), 15.10344827586207
[GCS], MinLatency(ns), 0
[GCS], MaxLatency(ns), 67
[GCS], 95thPercentileLatency(ns), 43
[GCS], 99thPercentileLatency(ns), 67
[LOAD_GCs_Count], Operations, 1
[LOAD_GCs_Count], AverageLatency(ns), 296.0
[LOAD_GCs_Count], MinLatency(ns), 296
[LOAD_GCs_Count], MaxLatency(ns), 296
[LOAD_GCs_Count], 95thPercentileLatency(ns), 296
[LOAD_GCs_Count], 99thPercentileLatency(ns), 296
[CLEANUP], Operations, 1
[CLEANUP], AverageLatency(ns), 16277.0
[CLEANUP], MinLatency(ns), 16277
[CLEANUP], MaxLatency(ns), 16277
[CLEANUP], 95thPercentileLatency(ns), 16277
[CLEANUP], 99thPercentileLatency(ns), 16277
[INSERT], Operations, 1000000
[INSERT], AverageLatency(ns), 50200.831241
[INSERT], MinLatency(ns), 38385
[INSERT], MaxLatency(ns), 145440767
[INSERT], 95thPercentileLatency(ns), 56750
[INSERT], 99thPercentileLatency(ns), 70065
[INSERT], Return=OK, 1000000
[UPDATE], Operations, 1498810
[UPDATE], AverageLatency(ns), 45351.21029950427
[UPDATE], MinLatency(ns), 32769
[UPDATE], MaxLatency(ns), 99314687
[UPDATE], 95thPercentileLatency(ns), 54192
[UPDATE], 99thPercentileLatency(ns), 60194
[UPDATE], Return=OK, 1498810
