/home/anatole/jdk8u/build/linux-x86_64-normal-server-release/jdk/bin/java -Xmx100g -XX:+UseG1GC -XX:InitiatingHeapOccupancyPercent=15 -classpath /home/anatole/ycsb/conf:/home/anatole/ycsb/core/target/core-0.18.0-SNAPSHOT.jar:/home/anatole/ycsb/core/target/dependency/HdrHistogram-2.1.4.jar:/home/anatole/ycsb/core/target/dependency/guava-18.0.jar:/home/anatole/ycsb/core/target/dependency/htrace-core4-4.1.0-incubating.jar:/home/anatole/ycsb/core/target/dependency/jackson-core-asl-1.9.4.jar:/home/anatole/ycsb/core/target/dependency/jackson-mapper-asl-1.9.4.jar:/home/anatole/ycsb/core/target/dependency/javax.persistence-api-2.2.jar:/home/anatole/ycsb/core/target/dependency/jnvm-1.0-SNAPSHOT.jar:/home/anatole/ycsb/core/target/dependency/pcj-1.0.jar:/home/anatole/ycsb/core/target/dependency/unsafe-helper-1.0.jar:/home/anatole/ycsb/infinispan/src/main/conf:/home/anatole/ycsb/infinispan/target/infinispan-binding-0.18.0-SNAPSHOT.jar:/home/anatole/ycsb/infinispan/target/dependency/caffeine-2.6.2.jar:/home/anatole/ycsb/infinispan/target/dependency/gson-2.8.2.jar:/home/anatole/ycsb/infinispan/target/dependency/guava-18.0.jar:/home/anatole/ycsb/infinispan/target/dependency/infinispan-cachestore-jnvm-1.0-SNAPSHOT.jar:/home/anatole/ycsb/infinispan/target/dependency/infinispan-cachestore-pcj-1.0-SNAPSHOT.jar:/home/anatole/ycsb/infinispan/target/dependency/infinispan-client-hotrod-9.4.20.Final.jar:/home/anatole/ycsb/infinispan/target/dependency/infinispan-commons-9.4.20.Final.jar:/home/anatole/ycsb/infinispan/target/dependency/infinispan-core-9.4.20.Final.jar:/home/anatole/ycsb/infinispan/target/dependency/infinispan-persistence-soft-index-9.4.20.Final.jar:/home/anatole/ycsb/infinispan/target/dependency/javax.persistence-api-2.2.jar:/home/anatole/ycsb/infinispan/target/dependency/jboss-logging-3.3.2.Final.jar:/home/anatole/ycsb/infinispan/target/dependency/jboss-marshalling-osgi-2.0.6.Final.jar:/home/anatole/ycsb/infinispan/target/dependency/jboss-transaction-api_1.2_spec-1.1.1.Final.jar:/home/anatole/ycsb/infinispan/target/dependency/jgroups-4.0.21.Final.jar:/home/anatole/ycsb/infinispan/target/dependency/jnvm-1.0-SNAPSHOT.jar:/home/anatole/ycsb/infinispan/target/dependency/metainf-services-1.7.jar:/home/anatole/ycsb/infinispan/target/dependency/netty-buffer-4.1.51.Final.jar:/home/anatole/ycsb/infinispan/target/dependency/netty-codec-4.1.51.Final.jar:/home/anatole/ycsb/infinispan/target/dependency/netty-common-4.1.51.Final.jar:/home/anatole/ycsb/infinispan/target/dependency/netty-handler-4.1.51.Final.jar:/home/anatole/ycsb/infinispan/target/dependency/netty-resolver-4.1.51.Final.jar:/home/anatole/ycsb/infinispan/target/dependency/netty-transport-4.1.51.Final.jar:/home/anatole/ycsb/infinispan/target/dependency/netty-transport-native-epoll-4.1.51.Final-linux-x86_64.jar:/home/anatole/ycsb/infinispan/target/dependency/netty-transport-native-unix-common-4.1.51.Final.jar:/home/anatole/ycsb/infinispan/target/dependency/pcj-1.0.jar:/home/anatole/ycsb/infinispan/target/dependency/reactive-streams-1.0.2.jar:/home/anatole/ycsb/infinispan/target/dependency/rxjava-2.2.4.jar:/home/anatole/ycsb/infinispan/target/dependency/unsafe-helper-1.0.jar site.ycsb.Client -t -db site.ycsb.db.InfinispanClient -P ../workloads/workloadf -preload -s -threads 1 -p dataintegrity=true -p offheap=false -p recordcount=1000000 -p operationcount=3000000 -p fieldcount=10 -p fieldlength=500 -p requestdistribution=zipfian -p measurement.trackjvm=true -p measurementtype=hdrhistogram -p hdrhistogram.output.path=./out/exp7.marshalling.ref/log/infinispan.run.workloadf.true.1000000.1000000.10.500.zipfian.1.false.true.default.default.none.r8.hdr.log
[OVERALL], RunTime(ms), 160999
[OVERALL], Throughput(ops/sec), 24844.874812887036
[TOTAL_GCS_G1_Young_Generation], Count, 141
[TOTAL_GC_TIME_G1_Young_Generation], Time(ms), 9838
[TOTAL_GC_TIME_%_G1_Young_Generation], Time(%), 6.110596960229567
[TOTAL_GCS_G1_Old_Generation], Count, 0
[TOTAL_GC_TIME_G1_Old_Generation], Time(ms), 0
[TOTAL_GC_TIME_%_G1_Old_Generation], Time(%), 0.0
[TOTAL_GCs], Count, 141
[TOTAL_GC_TIME], Time(ms), 9838
[TOTAL_GC_TIME_%], Time(%), 6.110596960229567
[MAX_MEM_USED], MBs, 23200
[MIN_MEM_USED], MBs, 56
[MAX_THREADS], Count, 6
[MIN_THREADS], Count, 3
[MAX_SYS_LOAD_AVG], Load, 4.88
[MIN_SYS_LOAD_AVG], Load, 1.81
[THREAD_COUNT], Operations, 18
[THREAD_COUNT], AverageLatency(ns), 5.111111111111111
[THREAD_COUNT], MinLatency(ns), 3
[THREAD_COUNT], MaxLatency(ns), 6
[THREAD_COUNT], 95thPercentileLatency(ns), 6
[THREAD_COUNT], 99thPercentileLatency(ns), 6
[SYS_LOAD_AVG], Operations, 18
[SYS_LOAD_AVG], AverageLatency(ns), 2.7222222222222223
[SYS_LOAD_AVG], MinLatency(ns), 1
[SYS_LOAD_AVG], MaxLatency(ns), 4
[SYS_LOAD_AVG], 95thPercentileLatency(ns), 4
[SYS_LOAD_AVG], 99thPercentileLatency(ns), 4
[READ-MODIFY-WRITE], Operations, 1500916
[READ-MODIFY-WRITE], AverageLatency(ns), 3106.771430246596
[READ-MODIFY-WRITE], MinLatency(ns), 1463
[READ-MODIFY-WRITE], MaxLatency(ns), 169256959
[READ-MODIFY-WRITE], 95thPercentileLatency(ns), 4384
[READ-MODIFY-WRITE], 99thPercentileLatency(ns), 5841
[LOAD], Operations, 1
[LOAD], AverageLatency(ns), 1.33848891392E11
[LOAD], MinLatency(ns), 133848629248
[LOAD], MaxLatency(ns), 133849153535
[LOAD], 95thPercentileLatency(ns), 133849153535
[LOAD], 99thPercentileLatency(ns), 133849153535
[USED_MEM_MB], Operations, 18
[USED_MEM_MB], AverageLatency(ns), 11185.277777777777
[USED_MEM_MB], MinLatency(ns), 56
[USED_MEM_MB], MaxLatency(ns), 23200
[USED_MEM_MB], 95thPercentileLatency(ns), 21128
[USED_MEM_MB], 99thPercentileLatency(ns), 23200
[MAIN_GCs_Count], Operations, 1
[MAIN_GCs_Count], AverageLatency(ns), 11.0
[MAIN_GCs_Count], MinLatency(ns), 11
[MAIN_GCs_Count], MaxLatency(ns), 11
[MAIN_GCs_Count], 95thPercentileLatency(ns), 11
[MAIN_GCs_Count], 99thPercentileLatency(ns), 11
[MAIN_GCs_Time(ms)], Operations, 1
[MAIN_GCs_Time(ms)], AverageLatency(ns), 1121.0
[MAIN_GCs_Time(ms)], MinLatency(ns), 1121
[MAIN_GCs_Time(ms)], MaxLatency(ns), 1121
[MAIN_GCs_Time(ms)], 95thPercentileLatency(ns), 1121
[MAIN_GCs_Time(ms)], 99thPercentileLatency(ns), 1121
[TRANSACTION], Operations, 1
[TRANSACTION], AverageLatency(ns), 2.6367819776E10
[TRANSACTION], MinLatency(ns), 26367754240
[TRANSACTION], MaxLatency(ns), 26367885311
[TRANSACTION], 95thPercentileLatency(ns), 26367885311
[TRANSACTION], 99thPercentileLatency(ns), 26367885311
[GCS_TIME], Operations, 18
[GCS_TIME], AverageLatency(ns), 546.5555555555555
[GCS_TIME], MinLatency(ns), 0
[GCS_TIME], MaxLatency(ns), 833
[GCS_TIME], 95thPercentileLatency(ns), 821
[GCS_TIME], 99thPercentileLatency(ns), 833
[LOAD_GCs_Time(ms)], Operations, 1
[LOAD_GCs_Time(ms)], AverageLatency(ns), 8571.0
[LOAD_GCs_Time(ms)], MinLatency(ns), 8571
[LOAD_GCs_Time(ms)], MaxLatency(ns), 8571
[LOAD_GCs_Time(ms)], 95thPercentileLatency(ns), 8571
[LOAD_GCs_Time(ms)], 99thPercentileLatency(ns), 8571
[READ], Operations, 3000000
[READ], AverageLatency(ns), 639.0437193333333
[READ], MinLatency(ns), 154
[READ], MaxLatency(ns), 3042015
[READ], 95thPercentileLatency(ns), 1531
[READ], 99thPercentileLatency(ns), 2416
[READ], Return=OK, 3000000
[INIT], Operations, 1
[INIT], AverageLatency(ns), 5.9884544E8
[INIT], MinLatency(ns), 598843392
[INIT], MaxLatency(ns), 598847487
[INIT], 95thPercentileLatency(ns), 598847487
[INIT], 99thPercentileLatency(ns), 598847487
[GCS], Operations, 18
[GCS], AverageLatency(ns), 7.833333333333333
[GCS], MinLatency(ns), 0
[GCS], MaxLatency(ns), 35
[GCS], 95thPercentileLatency(ns), 19
[GCS], 99thPercentileLatency(ns), 35
[LOAD_GCs_Count], Operations, 1
[LOAD_GCs_Count], AverageLatency(ns), 127.0
[LOAD_GCs_Count], MinLatency(ns), 127
[LOAD_GCs_Count], MaxLatency(ns), 127
[LOAD_GCs_Count], 95thPercentileLatency(ns), 127
[LOAD_GCs_Count], 99thPercentileLatency(ns), 127
[CLEANUP], Operations, 1
[CLEANUP], AverageLatency(ns), 16148.0
[CLEANUP], MinLatency(ns), 16148
[CLEANUP], MaxLatency(ns), 16148
[CLEANUP], 95thPercentileLatency(ns), 16148
[CLEANUP], 99thPercentileLatency(ns), 16148
[INSERT], Operations, 1000000
[INSERT], AverageLatency(ns), 2481.557199
[INSERT], MinLatency(ns), 1226
[INSERT], MaxLatency(ns), 335941631
[INSERT], 95thPercentileLatency(ns), 2441
[INSERT], 99thPercentileLatency(ns), 4239
[INSERT], Return=OK, 1000000
[UPDATE], Operations, 1500916
[UPDATE], AverageLatency(ns), 2044.6506246851923
[UPDATE], MinLatency(ns), 954
[UPDATE], MaxLatency(ns), 134318079
[UPDATE], 95thPercentileLatency(ns), 3282
[UPDATE], 99thPercentileLatency(ns), 4230
[UPDATE], Return=OK, 1500916
