/home/anatole/jdk8u/build/linux-x86_64-normal-server-release/jdk/bin/java -Xmx20g -XX:+UseG1GC -classpath /home/anatole/ycsb/conf:/home/anatole/ycsb/core/target/core-0.18.0-SNAPSHOT.jar:/home/anatole/ycsb/core/target/dependency/HdrHistogram-2.1.4.jar:/home/anatole/ycsb/core/target/dependency/guava-18.0.jar:/home/anatole/ycsb/core/target/dependency/htrace-core4-4.1.0-incubating.jar:/home/anatole/ycsb/core/target/dependency/jackson-core-asl-1.9.4.jar:/home/anatole/ycsb/core/target/dependency/jackson-mapper-asl-1.9.4.jar:/home/anatole/ycsb/core/target/dependency/javax.persistence-api-2.2.jar:/home/anatole/ycsb/core/target/dependency/jnvm-1.0-SNAPSHOT.jar:/home/anatole/ycsb/core/target/dependency/pcj-1.0.jar:/home/anatole/ycsb/core/target/dependency/unsafe-helper-1.0.jar:/home/anatole/ycsb/infinispan/src/main/conf:/home/anatole/ycsb/infinispan/target/infinispan-binding-0.18.0-SNAPSHOT.jar:/home/anatole/ycsb/infinispan/target/dependency/caffeine-2.6.2.jar:/home/anatole/ycsb/infinispan/target/dependency/gson-2.8.2.jar:/home/anatole/ycsb/infinispan/target/dependency/guava-18.0.jar:/home/anatole/ycsb/infinispan/target/dependency/infinispan-cachestore-jnvm-1.0-SNAPSHOT.jar:/home/anatole/ycsb/infinispan/target/dependency/infinispan-cachestore-pcj-1.0-SNAPSHOT.jar:/home/anatole/ycsb/infinispan/target/dependency/infinispan-client-hotrod-9.4.20.Final.jar:/home/anatole/ycsb/infinispan/target/dependency/infinispan-commons-9.4.20.Final.jar:/home/anatole/ycsb/infinispan/target/dependency/infinispan-core-9.4.20.Final.jar:/home/anatole/ycsb/infinispan/target/dependency/infinispan-persistence-soft-index-9.4.20.Final.jar:/home/anatole/ycsb/infinispan/target/dependency/javax.persistence-api-2.2.jar:/home/anatole/ycsb/infinispan/target/dependency/jboss-logging-3.3.2.Final.jar:/home/anatole/ycsb/infinispan/target/dependency/jboss-marshalling-osgi-2.0.6.Final.jar:/home/anatole/ycsb/infinispan/target/dependency/jboss-transaction-api_1.2_spec-1.1.1.Final.jar:/home/anatole/ycsb/infinispan/target/dependency/jgroups-4.0.21.Final.jar:/home/anatole/ycsb/infinispan/target/dependency/jnvm-1.0-SNAPSHOT.jar:/home/anatole/ycsb/infinispan/target/dependency/metainf-services-1.7.jar:/home/anatole/ycsb/infinispan/target/dependency/netty-buffer-4.1.51.Final.jar:/home/anatole/ycsb/infinispan/target/dependency/netty-codec-4.1.51.Final.jar:/home/anatole/ycsb/infinispan/target/dependency/netty-common-4.1.51.Final.jar:/home/anatole/ycsb/infinispan/target/dependency/netty-handler-4.1.51.Final.jar:/home/anatole/ycsb/infinispan/target/dependency/netty-resolver-4.1.51.Final.jar:/home/anatole/ycsb/infinispan/target/dependency/netty-transport-4.1.51.Final.jar:/home/anatole/ycsb/infinispan/target/dependency/netty-transport-native-epoll-4.1.51.Final-linux-x86_64.jar:/home/anatole/ycsb/infinispan/target/dependency/netty-transport-native-unix-common-4.1.51.Final.jar:/home/anatole/ycsb/infinispan/target/dependency/pcj-1.0.jar:/home/anatole/ycsb/infinispan/target/dependency/reactive-streams-1.0.2.jar:/home/anatole/ycsb/infinispan/target/dependency/rxjava-2.2.4.jar:/home/anatole/ycsb/infinispan/target/dependency/unsafe-helper-1.0.jar site.ycsb.Client -t -db site.ycsb.db.InfinispanClient -P ../workloads/workloadf -preload -s -threads 1 -p dataintegrity=true -p offheap=false -p recordcount=1000000 -p operationcount=3000000 -p fieldcount=10 -p fieldlength=100 -p requestdistribution=zipfian -p measurement.trackjvm=true -p measurementtype=hdrhistogram -p hdrhistogram.output.path=./out/exp7.marshalling.ref/log/infinispan.run.workloadf.true.1000000.100000.10.100.zipfian.1.false.true.default.default.pmem0.r6.hdr.log
[OVERALL], RunTime(ms), 156954
[OVERALL], Throughput(ops/sec), 25485.174000025487
[TOTAL_GCS_G1_Young_Generation], Count, 280
[TOTAL_GC_TIME_G1_Young_Generation], Time(ms), 6532
[TOTAL_GC_TIME_%_G1_Young_Generation], Time(%), 4.161728914204161
[TOTAL_GCS_G1_Old_Generation], Count, 0
[TOTAL_GC_TIME_G1_Old_Generation], Time(ms), 0
[TOTAL_GC_TIME_%_G1_Old_Generation], Time(%), 0.0
[TOTAL_GCs], Count, 280
[TOTAL_GC_TIME], Time(ms), 6532
[TOTAL_GC_TIME_%], Time(%), 4.161728914204161
[MAX_MEM_USED], MBs, 1695
[MIN_MEM_USED], MBs, 48
[MAX_THREADS], Count, 7
[MIN_THREADS], Count, 3
[MAX_SYS_LOAD_AVG], Load, 3.7
[MIN_SYS_LOAD_AVG], Load, 1.51
[THREAD_COUNT], Operations, 17
[THREAD_COUNT], AverageLatency(ns), 6.117647058823529
[THREAD_COUNT], MinLatency(ns), 3
[THREAD_COUNT], MaxLatency(ns), 7
[THREAD_COUNT], 95thPercentileLatency(ns), 7
[THREAD_COUNT], 99thPercentileLatency(ns), 7
[SYS_LOAD_AVG], Operations, 17
[SYS_LOAD_AVG], AverageLatency(ns), 2.0588235294117645
[SYS_LOAD_AVG], MinLatency(ns), 1
[SYS_LOAD_AVG], MaxLatency(ns), 3
[SYS_LOAD_AVG], 95thPercentileLatency(ns), 3
[SYS_LOAD_AVG], 99thPercentileLatency(ns), 3
[READ-MODIFY-WRITE], Operations, 1501452
[READ-MODIFY-WRITE], AverageLatency(ns), 52328.057201961834
[READ-MODIFY-WRITE], MinLatency(ns), 24316
[READ-MODIFY-WRITE], MaxLatency(ns), 154860543
[READ-MODIFY-WRITE], 95thPercentileLatency(ns), 75431
[READ-MODIFY-WRITE], 99thPercentileLatency(ns), 87653
[LOAD], Operations, 1
[LOAD], AverageLatency(ns), 4.3093721088E10
[LOAD], MinLatency(ns), 43093590016
[LOAD], MaxLatency(ns), 43093852159
[LOAD], 95thPercentileLatency(ns), 43093852159
[LOAD], 99thPercentileLatency(ns), 43093852159
[USED_MEM_MB], Operations, 17
[USED_MEM_MB], AverageLatency(ns), 1425.6470588235295
[USED_MEM_MB], MinLatency(ns), 48
[USED_MEM_MB], MaxLatency(ns), 1695
[USED_MEM_MB], 95thPercentileLatency(ns), 1659
[USED_MEM_MB], 99thPercentileLatency(ns), 1695
[MAIN_GCs_Count], Operations, 1
[MAIN_GCs_Count], AverageLatency(ns), 223.0
[MAIN_GCs_Count], MinLatency(ns), 223
[MAIN_GCs_Count], MaxLatency(ns), 223
[MAIN_GCs_Count], 95thPercentileLatency(ns), 223
[MAIN_GCs_Count], 99thPercentileLatency(ns), 223
[MAIN_GCs_Time(ms)], Operations, 1
[MAIN_GCs_Time(ms)], AverageLatency(ns), 5039.0
[MAIN_GCs_Time(ms)], MinLatency(ns), 5039
[MAIN_GCs_Time(ms)], MaxLatency(ns), 5039
[MAIN_GCs_Time(ms)], 95thPercentileLatency(ns), 5039
[MAIN_GCs_Time(ms)], 99thPercentileLatency(ns), 5039
[TRANSACTION], Operations, 1
[TRANSACTION], AverageLatency(ns), 1.13094426624E11
[TRANSACTION], MinLatency(ns), 113094164480
[TRANSACTION], MaxLatency(ns), 113094688767
[TRANSACTION], 95thPercentileLatency(ns), 113094688767
[TRANSACTION], 99thPercentileLatency(ns), 113094688767
[GCS_TIME], Operations, 17
[GCS_TIME], AverageLatency(ns), 384.2352941176471
[GCS_TIME], MinLatency(ns), 0
[GCS_TIME], MaxLatency(ns), 565
[GCS_TIME], 95thPercentileLatency(ns), 521
[GCS_TIME], 99thPercentileLatency(ns), 565
[LOAD_GCs_Time(ms)], Operations, 1
[LOAD_GCs_Time(ms)], AverageLatency(ns), 1459.0
[LOAD_GCs_Time(ms)], MinLatency(ns), 1459
[LOAD_GCs_Time(ms)], MaxLatency(ns), 1459
[LOAD_GCs_Time(ms)], 95thPercentileLatency(ns), 1459
[LOAD_GCs_Time(ms)], 99thPercentileLatency(ns), 1459
[READ], Operations, 3000000
[READ], AverageLatency(ns), 20357.754015333332
[READ], MinLatency(ns), 220
[READ], MaxLatency(ns), 140755967
[READ], 95thPercentileLatency(ns), 40901
[READ], 99thPercentileLatency(ns), 49000
[READ], Return=OK, 3000000
[INIT], Operations, 1
[INIT], AverageLatency(ns), 6.92455424E8
[INIT], MinLatency(ns), 692453376
[INIT], MaxLatency(ns), 692457471
[INIT], 95thPercentileLatency(ns), 692457471
[INIT], 99thPercentileLatency(ns), 692457471
[GCS], Operations, 17
[GCS], AverageLatency(ns), 16.470588235294116
[GCS], MinLatency(ns), 0
[GCS], MaxLatency(ns), 21
[GCS], 95thPercentileLatency(ns), 21
[GCS], 99thPercentileLatency(ns), 21
[LOAD_GCs_Count], Operations, 1
[LOAD_GCs_Count], AverageLatency(ns), 55.0
[LOAD_GCs_Count], MinLatency(ns), 55
[LOAD_GCs_Count], MaxLatency(ns), 55
[LOAD_GCs_Count], 95thPercentileLatency(ns), 55
[LOAD_GCs_Count], 99thPercentileLatency(ns), 55
[CLEANUP], Operations, 1
[CLEANUP], AverageLatency(ns), 16842.0
[CLEANUP], MinLatency(ns), 16842
[CLEANUP], MaxLatency(ns), 16842
[CLEANUP], 95thPercentileLatency(ns), 16842
[CLEANUP], 99thPercentileLatency(ns), 16842
[INSERT], Operations, 1000000
[INSERT], AverageLatency(ns), 34286.452944
[INSERT], MinLatency(ns), 23042
[INSERT], MaxLatency(ns), 57864447
[INSERT], 95thPercentileLatency(ns), 39226
[INSERT], 99thPercentileLatency(ns), 45736
[INSERT], Return=OK, 1000000
[UPDATE], Operations, 1501452
[UPDATE], AverageLatency(ns), 31249.057862655616
[UPDATE], MinLatency(ns), 23353
[UPDATE], MaxLatency(ns), 102976511
[UPDATE], 95thPercentileLatency(ns), 37207
[UPDATE], 99thPercentileLatency(ns), 42394
[UPDATE], Return=OK, 1501452
