/home/anatole/jdk8u/build/linux-x86_64-normal-server-release/jdk/bin/java -Xmx20g -XX:+UseG1GC -classpath /home/anatole/ycsb/conf:/home/anatole/ycsb/core/target/core-0.18.0-SNAPSHOT.jar:/home/anatole/ycsb/core/target/dependency/HdrHistogram-2.1.4.jar:/home/anatole/ycsb/core/target/dependency/guava-18.0.jar:/home/anatole/ycsb/core/target/dependency/htrace-core4-4.1.0-incubating.jar:/home/anatole/ycsb/core/target/dependency/jackson-core-asl-1.9.4.jar:/home/anatole/ycsb/core/target/dependency/jackson-mapper-asl-1.9.4.jar:/home/anatole/ycsb/core/target/dependency/javax.persistence-api-2.2.jar:/home/anatole/ycsb/core/target/dependency/jnvm-1.0-SNAPSHOT.jar:/home/anatole/ycsb/core/target/dependency/pcj-1.0.jar:/home/anatole/ycsb/core/target/dependency/unsafe-helper-1.0.jar:/home/anatole/ycsb/infinispan/src/main/conf:/home/anatole/ycsb/infinispan/target/infinispan-binding-0.18.0-SNAPSHOT.jar:/home/anatole/ycsb/infinispan/target/dependency/caffeine-2.6.2.jar:/home/anatole/ycsb/infinispan/target/dependency/gson-2.8.2.jar:/home/anatole/ycsb/infinispan/target/dependency/guava-18.0.jar:/home/anatole/ycsb/infinispan/target/dependency/infinispan-cachestore-jnvm-1.0-SNAPSHOT.jar:/home/anatole/ycsb/infinispan/target/dependency/infinispan-cachestore-pcj-1.0-SNAPSHOT.jar:/home/anatole/ycsb/infinispan/target/dependency/infinispan-client-hotrod-9.4.20.Final.jar:/home/anatole/ycsb/infinispan/target/dependency/infinispan-commons-9.4.20.Final.jar:/home/anatole/ycsb/infinispan/target/dependency/infinispan-core-9.4.20.Final.jar:/home/anatole/ycsb/infinispan/target/dependency/infinispan-persistence-soft-index-9.4.20.Final.jar:/home/anatole/ycsb/infinispan/target/dependency/javax.persistence-api-2.2.jar:/home/anatole/ycsb/infinispan/target/dependency/jboss-logging-3.3.2.Final.jar:/home/anatole/ycsb/infinispan/target/dependency/jboss-marshalling-osgi-2.0.6.Final.jar:/home/anatole/ycsb/infinispan/target/dependency/jboss-transaction-api_1.2_spec-1.1.1.Final.jar:/home/anatole/ycsb/infinispan/target/dependency/jgroups-4.0.21.Final.jar:/home/anatole/ycsb/infinispan/target/dependency/jnvm-1.0-SNAPSHOT.jar:/home/anatole/ycsb/infinispan/target/dependency/metainf-services-1.7.jar:/home/anatole/ycsb/infinispan/target/dependency/netty-buffer-4.1.51.Final.jar:/home/anatole/ycsb/infinispan/target/dependency/netty-codec-4.1.51.Final.jar:/home/anatole/ycsb/infinispan/target/dependency/netty-common-4.1.51.Final.jar:/home/anatole/ycsb/infinispan/target/dependency/netty-handler-4.1.51.Final.jar:/home/anatole/ycsb/infinispan/target/dependency/netty-resolver-4.1.51.Final.jar:/home/anatole/ycsb/infinispan/target/dependency/netty-transport-4.1.51.Final.jar:/home/anatole/ycsb/infinispan/target/dependency/netty-transport-native-epoll-4.1.51.Final-linux-x86_64.jar:/home/anatole/ycsb/infinispan/target/dependency/netty-transport-native-unix-common-4.1.51.Final.jar:/home/anatole/ycsb/infinispan/target/dependency/pcj-1.0.jar:/home/anatole/ycsb/infinispan/target/dependency/reactive-streams-1.0.2.jar:/home/anatole/ycsb/infinispan/target/dependency/rxjava-2.2.4.jar:/home/anatole/ycsb/infinispan/target/dependency/unsafe-helper-1.0.jar site.ycsb.Client -t -db site.ycsb.db.InfinispanClient -P ../workloads/workloadf -preload -s -threads 1 -p dataintegrity=true -p offheap=false -p recordcount=1000000 -p operationcount=3000000 -p fieldcount=10 -p fieldlength=1000 -p requestdistribution=zipfian -p measurement.trackjvm=true -p measurementtype=hdrhistogram -p hdrhistogram.output.path=./out/exp7.marshalling.ref/log/infinispan.run.workloadf.true.1000000.100000.10.1000.zipfian.1.false.true.default.default.pmem0.r6.hdr.log
[OVERALL], RunTime(ms), 808816
[OVERALL], Throughput(ops/sec), 4945.500583569069
[TOTAL_GCS_G1_Young_Generation], Count, 640
[TOTAL_GC_TIME_G1_Young_Generation], Time(ms), 20844
[TOTAL_GC_TIME_%_G1_Young_Generation], Time(%), 2.577100354097842
[TOTAL_GCS_G1_Old_Generation], Count, 0
[TOTAL_GC_TIME_G1_Old_Generation], Time(ms), 0
[TOTAL_GC_TIME_%_G1_Old_Generation], Time(%), 0.0
[TOTAL_GCs], Count, 640
[TOTAL_GC_TIME], Time(ms), 20844
[TOTAL_GC_TIME_%], Time(%), 2.577100354097842
[MAX_MEM_USED], MBs, 6271
[MIN_MEM_USED], MBs, 52
[MAX_THREADS], Count, 7
[MIN_THREADS], Count, 3
[MAX_SYS_LOAD_AVG], Load, 4.9
[MIN_SYS_LOAD_AVG], Load, 1.0
[THREAD_COUNT], Operations, 82
[THREAD_COUNT], AverageLatency(ns), 5.2317073170731705
[THREAD_COUNT], MinLatency(ns), 3
[THREAD_COUNT], MaxLatency(ns), 7
[THREAD_COUNT], 95thPercentileLatency(ns), 7
[THREAD_COUNT], 99thPercentileLatency(ns), 7
[SYS_LOAD_AVG], Operations, 82
[SYS_LOAD_AVG], AverageLatency(ns), 1.2439024390243902
[SYS_LOAD_AVG], MinLatency(ns), 1
[SYS_LOAD_AVG], MaxLatency(ns), 4
[SYS_LOAD_AVG], 95thPercentileLatency(ns), 3
[SYS_LOAD_AVG], 99thPercentileLatency(ns), 4
[READ-MODIFY-WRITE], Operations, 1498934
[READ-MODIFY-WRITE], AverageLatency(ns), 106262.70503704633
[READ-MODIFY-WRITE], MinLatency(ns), 64300
[READ-MODIFY-WRITE], MaxLatency(ns), 193119231
[READ-MODIFY-WRITE], 95thPercentileLatency(ns), 133386
[READ-MODIFY-WRITE], 99thPercentileLatency(ns), 153196
[LOAD], Operations, 1
[LOAD], AverageLatency(ns), 5.29091526656E11
[LOAD], MinLatency(ns), 529090478080
[LOAD], MaxLatency(ns), 529092575231
[LOAD], 95thPercentileLatency(ns), 529092575231
[LOAD], 99thPercentileLatency(ns), 529092575231
[USED_MEM_MB], Operations, 82
[USED_MEM_MB], AverageLatency(ns), 4402.304878048781
[USED_MEM_MB], MinLatency(ns), 52
[USED_MEM_MB], MaxLatency(ns), 6271
[USED_MEM_MB], 95thPercentileLatency(ns), 6042
[USED_MEM_MB], 99thPercentileLatency(ns), 6214
[MAIN_GCs_Count], Operations, 1
[MAIN_GCs_Count], AverageLatency(ns), 202.0
[MAIN_GCs_Count], MinLatency(ns), 202
[MAIN_GCs_Count], MaxLatency(ns), 202
[MAIN_GCs_Count], 95thPercentileLatency(ns), 202
[MAIN_GCs_Count], 99thPercentileLatency(ns), 202
[MAIN_GCs_Time(ms)], Operations, 1
[MAIN_GCs_Time(ms)], AverageLatency(ns), 11885.0
[MAIN_GCs_Time(ms)], MinLatency(ns), 11885
[MAIN_GCs_Time(ms)], MaxLatency(ns), 11885
[MAIN_GCs_Time(ms)], 95thPercentileLatency(ns), 11885
[MAIN_GCs_Time(ms)], 99thPercentileLatency(ns), 11885
[TRANSACTION], Operations, 1
[TRANSACTION], AverageLatency(ns), 2.7895791616E11
[TRANSACTION], MinLatency(ns), 278956867584
[TRANSACTION], MaxLatency(ns), 278958964735
[TRANSACTION], 95thPercentileLatency(ns), 278958964735
[TRANSACTION], 99thPercentileLatency(ns), 278958964735
[GCS_TIME], Operations, 82
[GCS_TIME], AverageLatency(ns), 254.1951219512195
[GCS_TIME], MinLatency(ns), 0
[GCS_TIME], MaxLatency(ns), 640
[GCS_TIME], 95thPercentileLatency(ns), 577
[GCS_TIME], 99thPercentileLatency(ns), 603
[LOAD_GCs_Time(ms)], Operations, 1
[LOAD_GCs_Time(ms)], AverageLatency(ns), 8887.0
[LOAD_GCs_Time(ms)], MinLatency(ns), 8887
[LOAD_GCs_Time(ms)], MaxLatency(ns), 8887
[LOAD_GCs_Time(ms)], 95thPercentileLatency(ns), 8887
[LOAD_GCs_Time(ms)], 99thPercentileLatency(ns), 8887
[READ], Operations, 3000000
[READ], AverageLatency(ns), 31303.545498333333
[READ], MinLatency(ns), 241
[READ], MaxLatency(ns), 162884607
[READ], 95thPercentileLatency(ns), 60455
[READ], 99thPercentileLatency(ns), 68827
[READ], Return=OK, 3000000
[INIT], Operations, 1
[INIT], AverageLatency(ns), 6.56734208E8
[INIT], MinLatency(ns), 656732160
[INIT], MaxLatency(ns), 656736255
[INIT], 95thPercentileLatency(ns), 656736255
[INIT], 99thPercentileLatency(ns), 656736255
[GCS], Operations, 82
[GCS], AverageLatency(ns), 7.804878048780488
[GCS], MinLatency(ns), 0
[GCS], MaxLatency(ns), 72
[GCS], 95thPercentileLatency(ns), 10
[GCS], 99thPercentileLatency(ns), 46
[LOAD_GCs_Count], Operations, 1
[LOAD_GCs_Count], AverageLatency(ns), 436.0
[LOAD_GCs_Count], MinLatency(ns), 436
[LOAD_GCs_Count], MaxLatency(ns), 436
[LOAD_GCs_Count], 95thPercentileLatency(ns), 436
[LOAD_GCs_Count], 99thPercentileLatency(ns), 436
[CLEANUP], Operations, 1
[CLEANUP], AverageLatency(ns), 18448.0
[CLEANUP], MinLatency(ns), 18448
[CLEANUP], MaxLatency(ns), 18448
[CLEANUP], 95thPercentileLatency(ns), 18448
[CLEANUP], 99thPercentileLatency(ns), 18448
[INSERT], Operations, 1000000
[INSERT], AverageLatency(ns), 91496.2483
[INSERT], MinLatency(ns), 76405
[INSERT], MaxLatency(ns), 78260223
[INSERT], 95thPercentileLatency(ns), 94931
[INSERT], 99thPercentileLatency(ns), 110049
[INSERT], Return=OK, 1000000
[UPDATE], Operations, 1498934
[UPDATE], AverageLatency(ns), 73822.61183814632
[UPDATE], MinLatency(ns), 63542
[UPDATE], MaxLatency(ns), 146525183
[UPDATE], 95thPercentileLatency(ns), 77422
[UPDATE], 99thPercentileLatency(ns), 88007
[UPDATE], Return=OK, 1498934
