/home/anatole/jdk8u/build/linux-x86_64-normal-server-release/jdk/bin/java -Xmx40g -XX:+UseG1GC -classpath /home/anatole/ycsb/conf:/home/anatole/ycsb/core/target/core-0.18.0-SNAPSHOT.jar:/home/anatole/ycsb/core/target/dependency/HdrHistogram-2.1.4.jar:/home/anatole/ycsb/core/target/dependency/guava-18.0.jar:/home/anatole/ycsb/core/target/dependency/htrace-core4-4.1.0-incubating.jar:/home/anatole/ycsb/core/target/dependency/jackson-core-asl-1.9.4.jar:/home/anatole/ycsb/core/target/dependency/jackson-mapper-asl-1.9.4.jar:/home/anatole/ycsb/core/target/dependency/javax.persistence-api-2.2.jar:/home/anatole/ycsb/core/target/dependency/jnvm-1.0-SNAPSHOT.jar:/home/anatole/ycsb/core/target/dependency/pcj-1.0.jar:/home/anatole/ycsb/core/target/dependency/unsafe-helper-1.0.jar:/home/anatole/ycsb/infinispan/src/main/conf:/home/anatole/ycsb/infinispan/target/infinispan-binding-0.18.0-SNAPSHOT.jar:/home/anatole/ycsb/infinispan/target/dependency/caffeine-2.6.2.jar:/home/anatole/ycsb/infinispan/target/dependency/gson-2.8.2.jar:/home/anatole/ycsb/infinispan/target/dependency/guava-18.0.jar:/home/anatole/ycsb/infinispan/target/dependency/infinispan-cachestore-jnvm-1.0-SNAPSHOT.jar:/home/anatole/ycsb/infinispan/target/dependency/infinispan-cachestore-pcj-1.0-SNAPSHOT.jar:/home/anatole/ycsb/infinispan/target/dependency/infinispan-client-hotrod-9.4.20.Final.jar:/home/anatole/ycsb/infinispan/target/dependency/infinispan-commons-9.4.20.Final.jar:/home/anatole/ycsb/infinispan/target/dependency/infinispan-core-9.4.20.Final.jar:/home/anatole/ycsb/infinispan/target/dependency/infinispan-persistence-soft-index-9.4.20.Final.jar:/home/anatole/ycsb/infinispan/target/dependency/javax.persistence-api-2.2.jar:/home/anatole/ycsb/infinispan/target/dependency/jboss-logging-3.3.2.Final.jar:/home/anatole/ycsb/infinispan/target/dependency/jboss-marshalling-osgi-2.0.6.Final.jar:/home/anatole/ycsb/infinispan/target/dependency/jboss-transaction-api_1.2_spec-1.1.1.Final.jar:/home/anatole/ycsb/infinispan/target/dependency/jgroups-4.0.21.Final.jar:/home/anatole/ycsb/infinispan/target/dependency/jnvm-1.0-SNAPSHOT.jar:/home/anatole/ycsb/infinispan/target/dependency/metainf-services-1.7.jar:/home/anatole/ycsb/infinispan/target/dependency/netty-buffer-4.1.51.Final.jar:/home/anatole/ycsb/infinispan/target/dependency/netty-codec-4.1.51.Final.jar:/home/anatole/ycsb/infinispan/target/dependency/netty-common-4.1.51.Final.jar:/home/anatole/ycsb/infinispan/target/dependency/netty-handler-4.1.51.Final.jar:/home/anatole/ycsb/infinispan/target/dependency/netty-resolver-4.1.51.Final.jar:/home/anatole/ycsb/infinispan/target/dependency/netty-transport-4.1.51.Final.jar:/home/anatole/ycsb/infinispan/target/dependency/netty-transport-native-epoll-4.1.51.Final-linux-x86_64.jar:/home/anatole/ycsb/infinispan/target/dependency/netty-transport-native-unix-common-4.1.51.Final.jar:/home/anatole/ycsb/infinispan/target/dependency/pcj-1.0.jar:/home/anatole/ycsb/infinispan/target/dependency/reactive-streams-1.0.2.jar:/home/anatole/ycsb/infinispan/target/dependency/rxjava-2.2.4.jar:/home/anatole/ycsb/infinispan/target/dependency/unsafe-helper-1.0.jar site.ycsb.Client -t -db site.ycsb.db.InfinispanClient -P ../workloads/workloadf -preload -s -threads 1 -p dataintegrity=true -p offheap=false -p recordcount=1000000 -p operationcount=3000000 -p fieldcount=10 -p fieldlength=1000 -p requestdistribution=zipfian -p measurement.trackjvm=true -p measurementtype=hdrhistogram -p hdrhistogram.output.path=./out/exp7.marshalling.ref/log/infinispan.run.workloadf.true.1000000.1000000.10.1000.zipfian.1.false.true.default.default.pmem0.r4.hdr.log
[OVERALL], RunTime(ms), 757012
[OVERALL], Throughput(ops/sec), 5283.932090904767
[TOTAL_GCS_G1_Young_Generation], Count, 1680
[TOTAL_GC_TIME_G1_Young_Generation], Time(ms), 41014
[TOTAL_GC_TIME_%_G1_Young_Generation], Time(%), 5.417879769409203
[TOTAL_GCS_G1_Old_Generation], Count, 0
[TOTAL_GC_TIME_G1_Old_Generation], Time(ms), 0
[TOTAL_GC_TIME_%_G1_Old_Generation], Time(%), 0.0
[TOTAL_GCs], Count, 1680
[TOTAL_GC_TIME], Time(ms), 41014
[TOTAL_GC_TIME_%], Time(%), 5.417879769409203
[MAX_MEM_USED], MBs, 25557
[MIN_MEM_USED], MBs, 51
[MAX_THREADS], Count, 7
[MIN_THREADS], Count, 3
[MAX_SYS_LOAD_AVG], Load, 6.06
[MIN_SYS_LOAD_AVG], Load, 1.44
[THREAD_COUNT], Operations, 77
[THREAD_COUNT], AverageLatency(ns), 5.246753246753247
[THREAD_COUNT], MinLatency(ns), 3
[THREAD_COUNT], MaxLatency(ns), 7
[THREAD_COUNT], 95thPercentileLatency(ns), 7
[THREAD_COUNT], 99thPercentileLatency(ns), 7
[SYS_LOAD_AVG], Operations, 77
[SYS_LOAD_AVG], AverageLatency(ns), 3.311688311688312
[SYS_LOAD_AVG], MinLatency(ns), 1
[SYS_LOAD_AVG], MaxLatency(ns), 6
[SYS_LOAD_AVG], 95thPercentileLatency(ns), 5
[SYS_LOAD_AVG], 99thPercentileLatency(ns), 5
[READ-MODIFY-WRITE], Operations, 1499671
[READ-MODIFY-WRITE], AverageLatency(ns), 75225.23214625074
[READ-MODIFY-WRITE], MinLatency(ns), 59694
[READ-MODIFY-WRITE], MaxLatency(ns), 172612607
[READ-MODIFY-WRITE], 95thPercentileLatency(ns), 84850
[READ-MODIFY-WRITE], 99thPercentileLatency(ns), 92829
[LOAD], Operations, 1
[LOAD], AverageLatency(ns), 5.67361404928E11
[LOAD], MinLatency(ns), 567359307776
[LOAD], MaxLatency(ns), 567363502079
[LOAD], 95thPercentileLatency(ns), 567363502079
[LOAD], 99thPercentileLatency(ns), 567363502079
[USED_MEM_MB], Operations, 77
[USED_MEM_MB], AverageLatency(ns), 15561.12987012987
[USED_MEM_MB], MinLatency(ns), 51
[USED_MEM_MB], MaxLatency(ns), 25557
[USED_MEM_MB], 95thPercentileLatency(ns), 25218
[USED_MEM_MB], 99thPercentileLatency(ns), 25441
[MAIN_GCs_Count], Operations, 1
[MAIN_GCs_Count], AverageLatency(ns), 196.0
[MAIN_GCs_Count], MinLatency(ns), 196
[MAIN_GCs_Count], MaxLatency(ns), 196
[MAIN_GCs_Count], 95thPercentileLatency(ns), 196
[MAIN_GCs_Count], 99thPercentileLatency(ns), 196
[MAIN_GCs_Time(ms)], Operations, 1
[MAIN_GCs_Time(ms)], AverageLatency(ns), 9774.0
[MAIN_GCs_Time(ms)], MinLatency(ns), 9774
[MAIN_GCs_Time(ms)], MaxLatency(ns), 9774
[MAIN_GCs_Time(ms)], 95thPercentileLatency(ns), 9774
[MAIN_GCs_Time(ms)], 99thPercentileLatency(ns), 9774
[TRANSACTION], Operations, 1
[TRANSACTION], AverageLatency(ns), 1.88921413632E11
[TRANSACTION], MinLatency(ns), 188920889344
[TRANSACTION], MaxLatency(ns), 188921937919
[TRANSACTION], 95thPercentileLatency(ns), 188921937919
[TRANSACTION], 99thPercentileLatency(ns), 188921937919
[GCS_TIME], Operations, 77
[GCS_TIME], AverageLatency(ns), 532.6493506493506
[GCS_TIME], MinLatency(ns), 0
[GCS_TIME], MaxLatency(ns), 697
[GCS_TIME], 95thPercentileLatency(ns), 669
[GCS_TIME], 99thPercentileLatency(ns), 678
[LOAD_GCs_Time(ms)], Operations, 1
[LOAD_GCs_Time(ms)], AverageLatency(ns), 31167.0
[LOAD_GCs_Time(ms)], MinLatency(ns), 31167
[LOAD_GCs_Time(ms)], MaxLatency(ns), 31167
[LOAD_GCs_Time(ms)], 95thPercentileLatency(ns), 31167
[LOAD_GCs_Time(ms)], 99thPercentileLatency(ns), 31167
[READ], Operations, 3000000
[READ], AverageLatency(ns), 859.824021
[READ], MinLatency(ns), 205
[READ], MaxLatency(ns), 23026687
[READ], 95thPercentileLatency(ns), 1966
[READ], 99thPercentileLatency(ns), 3098
[READ], Return=OK, 3000000
[INIT], Operations, 1
[INIT], AverageLatency(ns), 6.31609344E8
[INIT], MinLatency(ns), 631607296
[INIT], MaxLatency(ns), 631611391
[INIT], 95thPercentileLatency(ns), 631611391
[INIT], 99thPercentileLatency(ns), 631611391
[GCS], Operations, 77
[GCS], AverageLatency(ns), 21.818181818181817
[GCS], MinLatency(ns), 0
[GCS], MaxLatency(ns), 63
[GCS], 95thPercentileLatency(ns), 47
[GCS], 99thPercentileLatency(ns), 50
[LOAD_GCs_Count], Operations, 1
[LOAD_GCs_Count], AverageLatency(ns), 1481.0
[LOAD_GCs_Count], MinLatency(ns), 1481
[LOAD_GCs_Count], MaxLatency(ns), 1481
[LOAD_GCs_Count], 95thPercentileLatency(ns), 1481
[LOAD_GCs_Count], 99thPercentileLatency(ns), 1481
[CLEANUP], Operations, 1
[CLEANUP], AverageLatency(ns), 38810.0
[CLEANUP], MinLatency(ns), 38810
[CLEANUP], MaxLatency(ns), 38810
[CLEANUP], 95thPercentileLatency(ns), 38810
[CLEANUP], 99thPercentileLatency(ns), 38810
[INSERT], Operations, 1000000
[INSERT], AverageLatency(ns), 91790.932117
[INSERT], MinLatency(ns), 72443
[INSERT], MaxLatency(ns), 97245183
[INSERT], 95thPercentileLatency(ns), 102730
[INSERT], 99thPercentileLatency(ns), 127158
[INSERT], Return=OK, 1000000
[UPDATE], Operations, 1499671
[UPDATE], AverageLatency(ns), 73092.93609931778
[UPDATE], MinLatency(ns), 58952
[UPDATE], MaxLatency(ns), 114547711
[UPDATE], 95thPercentileLatency(ns), 83223
[UPDATE], 99thPercentileLatency(ns), 90985
[UPDATE], Return=OK, 1499671
