/home/anatole/jdk8u/build/linux-x86_64-normal-server-release/jdk/bin/java -Xmx100g -XX:+UseG1GC -XX:InitiatingHeapOccupancyPercent=15 -classpath /home/anatole/ycsb/conf:/home/anatole/ycsb/core/target/core-0.18.0-SNAPSHOT.jar:/home/anatole/ycsb/core/target/dependency/HdrHistogram-2.1.4.jar:/home/anatole/ycsb/core/target/dependency/guava-18.0.jar:/home/anatole/ycsb/core/target/dependency/htrace-core4-4.1.0-incubating.jar:/home/anatole/ycsb/core/target/dependency/jackson-core-asl-1.9.4.jar:/home/anatole/ycsb/core/target/dependency/jackson-mapper-asl-1.9.4.jar:/home/anatole/ycsb/core/target/dependency/javax.persistence-api-2.2.jar:/home/anatole/ycsb/core/target/dependency/jnvm-1.0-SNAPSHOT.jar:/home/anatole/ycsb/core/target/dependency/pcj-1.0.jar:/home/anatole/ycsb/core/target/dependency/unsafe-helper-1.0.jar:/home/anatole/ycsb/infinispan/src/main/conf:/home/anatole/ycsb/infinispan/target/infinispan-binding-0.18.0-SNAPSHOT.jar:/home/anatole/ycsb/infinispan/target/dependency/caffeine-2.6.2.jar:/home/anatole/ycsb/infinispan/target/dependency/gson-2.8.2.jar:/home/anatole/ycsb/infinispan/target/dependency/guava-18.0.jar:/home/anatole/ycsb/infinispan/target/dependency/infinispan-cachestore-jnvm-1.0-SNAPSHOT.jar:/home/anatole/ycsb/infinispan/target/dependency/infinispan-cachestore-pcj-1.0-SNAPSHOT.jar:/home/anatole/ycsb/infinispan/target/dependency/infinispan-client-hotrod-9.4.20.Final.jar:/home/anatole/ycsb/infinispan/target/dependency/infinispan-commons-9.4.20.Final.jar:/home/anatole/ycsb/infinispan/target/dependency/infinispan-core-9.4.20.Final.jar:/home/anatole/ycsb/infinispan/target/dependency/infinispan-persistence-soft-index-9.4.20.Final.jar:/home/anatole/ycsb/infinispan/target/dependency/javax.persistence-api-2.2.jar:/home/anatole/ycsb/infinispan/target/dependency/jboss-logging-3.3.2.Final.jar:/home/anatole/ycsb/infinispan/target/dependency/jboss-marshalling-osgi-2.0.6.Final.jar:/home/anatole/ycsb/infinispan/target/dependency/jboss-transaction-api_1.2_spec-1.1.1.Final.jar:/home/anatole/ycsb/infinispan/target/dependency/jgroups-4.0.21.Final.jar:/home/anatole/ycsb/infinispan/target/dependency/jnvm-1.0-SNAPSHOT.jar:/home/anatole/ycsb/infinispan/target/dependency/metainf-services-1.7.jar:/home/anatole/ycsb/infinispan/target/dependency/netty-buffer-4.1.51.Final.jar:/home/anatole/ycsb/infinispan/target/dependency/netty-codec-4.1.51.Final.jar:/home/anatole/ycsb/infinispan/target/dependency/netty-common-4.1.51.Final.jar:/home/anatole/ycsb/infinispan/target/dependency/netty-handler-4.1.51.Final.jar:/home/anatole/ycsb/infinispan/target/dependency/netty-resolver-4.1.51.Final.jar:/home/anatole/ycsb/infinispan/target/dependency/netty-transport-4.1.51.Final.jar:/home/anatole/ycsb/infinispan/target/dependency/netty-transport-native-epoll-4.1.51.Final-linux-x86_64.jar:/home/anatole/ycsb/infinispan/target/dependency/netty-transport-native-unix-common-4.1.51.Final.jar:/home/anatole/ycsb/infinispan/target/dependency/pcj-1.0.jar:/home/anatole/ycsb/infinispan/target/dependency/reactive-streams-1.0.2.jar:/home/anatole/ycsb/infinispan/target/dependency/rxjava-2.2.4.jar:/home/anatole/ycsb/infinispan/target/dependency/unsafe-helper-1.0.jar site.ycsb.Client -t -db site.ycsb.db.InfinispanClient -P ../workloads/workloadf -preload -s -threads 1 -p dataintegrity=true -p offheap=false -p recordcount=1000000 -p operationcount=3000000 -p fieldcount=10 -p fieldlength=400 -p requestdistribution=zipfian -p measurement.trackjvm=true -p measurementtype=hdrhistogram -p hdrhistogram.output.path=./out/exp7.marshalling.ref/log/infinispan.run.workloadf.true.1000000.1000000.10.400.zipfian.1.false.true.default.default.nullfsvfs.r6.hdr.log
[OVERALL], RunTime(ms), 190382
[OVERALL], Throughput(ops/sec), 21010.38963767583
[TOTAL_GCS_G1_Young_Generation], Count, 197
[TOTAL_GC_TIME_G1_Young_Generation], Time(ms), 11217
[TOTAL_GC_TIME_%_G1_Young_Generation], Time(%), 5.891838514145245
[TOTAL_GCS_G1_Old_Generation], Count, 0
[TOTAL_GC_TIME_G1_Old_Generation], Time(ms), 0
[TOTAL_GC_TIME_%_G1_Old_Generation], Time(%), 0.0
[TOTAL_GCs], Count, 197
[TOTAL_GC_TIME], Time(ms), 11217
[TOTAL_GC_TIME_%], Time(%), 5.891838514145245
[MAX_MEM_USED], MBs, 13827
[MIN_MEM_USED], MBs, 56
[MAX_THREADS], Count, 7
[MIN_THREADS], Count, 3
[MAX_SYS_LOAD_AVG], Load, 7.46
[MIN_SYS_LOAD_AVG], Load, 1.87
[THREAD_COUNT], Operations, 21
[THREAD_COUNT], AverageLatency(ns), 5.857142857142857
[THREAD_COUNT], MinLatency(ns), 3
[THREAD_COUNT], MaxLatency(ns), 7
[THREAD_COUNT], 95thPercentileLatency(ns), 7
[THREAD_COUNT], 99thPercentileLatency(ns), 7
[SYS_LOAD_AVG], Operations, 21
[SYS_LOAD_AVG], AverageLatency(ns), 3.5714285714285716
[SYS_LOAD_AVG], MinLatency(ns), 1
[SYS_LOAD_AVG], MaxLatency(ns), 7
[SYS_LOAD_AVG], 95thPercentileLatency(ns), 6
[SYS_LOAD_AVG], 99thPercentileLatency(ns), 7
[READ-MODIFY-WRITE], Operations, 1499898
[READ-MODIFY-WRITE], AverageLatency(ns), 35113.86034383671
[READ-MODIFY-WRITE], MinLatency(ns), 27489
[READ-MODIFY-WRITE], MaxLatency(ns), 252021759
[READ-MODIFY-WRITE], 95thPercentileLatency(ns), 42748
[READ-MODIFY-WRITE], 99thPercentileLatency(ns), 49195
[LOAD], Operations, 1
[LOAD], AverageLatency(ns), 1.207369728E11
[LOAD], MinLatency(ns), 120736710656
[LOAD], MaxLatency(ns), 120737234943
[LOAD], 95thPercentileLatency(ns), 120737234943
[LOAD], 99thPercentileLatency(ns), 120737234943
[USED_MEM_MB], Operations, 21
[USED_MEM_MB], AverageLatency(ns), 8900.619047619048
[USED_MEM_MB], MinLatency(ns), 56
[USED_MEM_MB], MaxLatency(ns), 13827
[USED_MEM_MB], 95thPercentileLatency(ns), 13705
[USED_MEM_MB], 99thPercentileLatency(ns), 13827
[MAIN_GCs_Count], Operations, 1
[MAIN_GCs_Count], AverageLatency(ns), 34.0
[MAIN_GCs_Count], MinLatency(ns), 34
[MAIN_GCs_Count], MaxLatency(ns), 34
[MAIN_GCs_Count], 95thPercentileLatency(ns), 34
[MAIN_GCs_Count], 99thPercentileLatency(ns), 34
[MAIN_GCs_Time(ms)], Operations, 1
[MAIN_GCs_Time(ms)], AverageLatency(ns), 2696.0
[MAIN_GCs_Time(ms)], MinLatency(ns), 2696
[MAIN_GCs_Time(ms)], MaxLatency(ns), 2696
[MAIN_GCs_Time(ms)], 95thPercentileLatency(ns), 2696
[MAIN_GCs_Time(ms)], 99thPercentileLatency(ns), 2696
[TRANSACTION], Operations, 1
[TRANSACTION], AverageLatency(ns), 6.8914774016E10
[TRANSACTION], MinLatency(ns), 68914511872
[TRANSACTION], MaxLatency(ns), 68915036159
[TRANSACTION], 95thPercentileLatency(ns), 68915036159
[TRANSACTION], 99thPercentileLatency(ns), 68915036159
[GCS_TIME], Operations, 21
[GCS_TIME], AverageLatency(ns), 534.1428571428571
[GCS_TIME], MinLatency(ns), 0
[GCS_TIME], MaxLatency(ns), 892
[GCS_TIME], 95thPercentileLatency(ns), 835
[GCS_TIME], 99thPercentileLatency(ns), 892
[LOAD_GCs_Time(ms)], Operations, 1
[LOAD_GCs_Time(ms)], AverageLatency(ns), 8488.0
[LOAD_GCs_Time(ms)], MinLatency(ns), 8488
[LOAD_GCs_Time(ms)], MaxLatency(ns), 8488
[LOAD_GCs_Time(ms)], 95thPercentileLatency(ns), 8488
[LOAD_GCs_Time(ms)], 99thPercentileLatency(ns), 8488
[READ], Operations, 3000000
[READ], AverageLatency(ns), 708.9923086666666
[READ], MinLatency(ns), 184
[READ], MaxLatency(ns), 1575831
[READ], 95thPercentileLatency(ns), 1662
[READ], 99thPercentileLatency(ns), 2568
[READ], Return=OK, 3000000
[INIT], Operations, 1
[INIT], AverageLatency(ns), 6.74629632E8
[INIT], MinLatency(ns), 674627584
[INIT], MaxLatency(ns), 674631679
[INIT], 95thPercentileLatency(ns), 674631679
[INIT], 99thPercentileLatency(ns), 674631679
[GCS], Operations, 21
[GCS], AverageLatency(ns), 9.380952380952381
[GCS], MinLatency(ns), 0
[GCS], MaxLatency(ns), 50
[GCS], 95thPercentileLatency(ns), 27
[GCS], 99thPercentileLatency(ns), 50
[LOAD_GCs_Count], Operations, 1
[LOAD_GCs_Count], AverageLatency(ns), 161.0
[LOAD_GCs_Count], MinLatency(ns), 161
[LOAD_GCs_Count], MaxLatency(ns), 161
[LOAD_GCs_Count], 95thPercentileLatency(ns), 161
[LOAD_GCs_Count], 99thPercentileLatency(ns), 161
[CLEANUP], Operations, 1
[CLEANUP], AverageLatency(ns), 17897.0
[CLEANUP], MinLatency(ns), 17897
[CLEANUP], MaxLatency(ns), 17897
[CLEANUP], 95thPercentileLatency(ns), 17897
[CLEANUP], 99thPercentileLatency(ns), 17897
[INSERT], Operations, 1000000
[INSERT], AverageLatency(ns), 32061.485849
[INSERT], MinLatency(ns), 26180
[INSERT], MaxLatency(ns), 310833151
[INSERT], 95thPercentileLatency(ns), 36587
[INSERT], 99thPercentileLatency(ns), 47348
[INSERT], Return=OK, 1000000
[UPDATE], Operations, 1499898
[UPDATE], AverageLatency(ns), 33819.19179837562
[UPDATE], MinLatency(ns), 26686
[UPDATE], MaxLatency(ns), 144391167
[UPDATE], 95thPercentileLatency(ns), 41304
[UPDATE], 99thPercentileLatency(ns), 47578
[UPDATE], Return=OK, 1499898
