/home/anatole/jdk8u/build/linux-x86_64-normal-server-release/jdk/bin/java -Xmx100g -XX:+UseG1GC -XX:InitiatingHeapOccupancyPercent=15 -classpath /home/anatole/ycsb/conf:/home/anatole/ycsb/core/target/core-0.18.0-SNAPSHOT.jar:/home/anatole/ycsb/core/target/dependency/HdrHistogram-2.1.4.jar:/home/anatole/ycsb/core/target/dependency/guava-18.0.jar:/home/anatole/ycsb/core/target/dependency/htrace-core4-4.1.0-incubating.jar:/home/anatole/ycsb/core/target/dependency/jackson-core-asl-1.9.4.jar:/home/anatole/ycsb/core/target/dependency/jackson-mapper-asl-1.9.4.jar:/home/anatole/ycsb/core/target/dependency/javax.persistence-api-2.2.jar:/home/anatole/ycsb/core/target/dependency/jnvm-1.0-SNAPSHOT.jar:/home/anatole/ycsb/core/target/dependency/pcj-1.0.jar:/home/anatole/ycsb/core/target/dependency/unsafe-helper-1.0.jar:/home/anatole/ycsb/infinispan/src/main/conf:/home/anatole/ycsb/infinispan/target/infinispan-binding-0.18.0-SNAPSHOT.jar:/home/anatole/ycsb/infinispan/target/dependency/caffeine-2.6.2.jar:/home/anatole/ycsb/infinispan/target/dependency/gson-2.8.2.jar:/home/anatole/ycsb/infinispan/target/dependency/guava-18.0.jar:/home/anatole/ycsb/infinispan/target/dependency/infinispan-cachestore-jnvm-1.0-SNAPSHOT.jar:/home/anatole/ycsb/infinispan/target/dependency/infinispan-cachestore-pcj-1.0-SNAPSHOT.jar:/home/anatole/ycsb/infinispan/target/dependency/infinispan-client-hotrod-9.4.20.Final.jar:/home/anatole/ycsb/infinispan/target/dependency/infinispan-commons-9.4.20.Final.jar:/home/anatole/ycsb/infinispan/target/dependency/infinispan-core-9.4.20.Final.jar:/home/anatole/ycsb/infinispan/target/dependency/infinispan-persistence-soft-index-9.4.20.Final.jar:/home/anatole/ycsb/infinispan/target/dependency/javax.persistence-api-2.2.jar:/home/anatole/ycsb/infinispan/target/dependency/jboss-logging-3.3.2.Final.jar:/home/anatole/ycsb/infinispan/target/dependency/jboss-marshalling-osgi-2.0.6.Final.jar:/home/anatole/ycsb/infinispan/target/dependency/jboss-transaction-api_1.2_spec-1.1.1.Final.jar:/home/anatole/ycsb/infinispan/target/dependency/jgroups-4.0.21.Final.jar:/home/anatole/ycsb/infinispan/target/dependency/jnvm-1.0-SNAPSHOT.jar:/home/anatole/ycsb/infinispan/target/dependency/metainf-services-1.7.jar:/home/anatole/ycsb/infinispan/target/dependency/netty-buffer-4.1.51.Final.jar:/home/anatole/ycsb/infinispan/target/dependency/netty-codec-4.1.51.Final.jar:/home/anatole/ycsb/infinispan/target/dependency/netty-common-4.1.51.Final.jar:/home/anatole/ycsb/infinispan/target/dependency/netty-handler-4.1.51.Final.jar:/home/anatole/ycsb/infinispan/target/dependency/netty-resolver-4.1.51.Final.jar:/home/anatole/ycsb/infinispan/target/dependency/netty-transport-4.1.51.Final.jar:/home/anatole/ycsb/infinispan/target/dependency/netty-transport-native-epoll-4.1.51.Final-linux-x86_64.jar:/home/anatole/ycsb/infinispan/target/dependency/netty-transport-native-unix-common-4.1.51.Final.jar:/home/anatole/ycsb/infinispan/target/dependency/pcj-1.0.jar:/home/anatole/ycsb/infinispan/target/dependency/reactive-streams-1.0.2.jar:/home/anatole/ycsb/infinispan/target/dependency/rxjava-2.2.4.jar:/home/anatole/ycsb/infinispan/target/dependency/unsafe-helper-1.0.jar site.ycsb.Client -t -db site.ycsb.db.InfinispanClient -P ../workloads/workloadf -preload -s -threads 1 -p dataintegrity=true -p offheap=false -p recordcount=1000000 -p operationcount=3000000 -p fieldcount=10 -p fieldlength=900 -p requestdistribution=zipfian -p measurement.trackjvm=true -p measurementtype=hdrhistogram -p hdrhistogram.output.path=./out/exp7.marshalling.ref/log/infinispan.run.workloadf.true.1000000.1000000.10.900.zipfian.1.false.true.default.default.none.r10.hdr.log
[OVERALL], RunTime(ms), 464050
[OVERALL], Throughput(ops/sec), 8619.760801637754
[TOTAL_GCS_G1_Young_Generation], Count, 905
[TOTAL_GC_TIME_G1_Young_Generation], Time(ms), 25640
[TOTAL_GC_TIME_%_G1_Young_Generation], Time(%), 5.5252666738498
[TOTAL_GCS_G1_Old_Generation], Count, 0
[TOTAL_GC_TIME_G1_Old_Generation], Time(ms), 0
[TOTAL_GC_TIME_%_G1_Old_Generation], Time(%), 0.0
[TOTAL_GCs], Count, 905
[TOTAL_GC_TIME], Time(ms), 25640
[TOTAL_GC_TIME_%], Time(%), 5.5252666738498
[MAX_MEM_USED], MBs, 32278
[MIN_MEM_USED], MBs, 54
[MAX_THREADS], Count, 6
[MIN_THREADS], Count, 3
[MAX_SYS_LOAD_AVG], Load, 8.93
[MIN_SYS_LOAD_AVG], Load, 1.84
[THREAD_COUNT], Operations, 48
[THREAD_COUNT], AverageLatency(ns), 4.416666666666667
[THREAD_COUNT], MinLatency(ns), 3
[THREAD_COUNT], MaxLatency(ns), 6
[THREAD_COUNT], 95thPercentileLatency(ns), 6
[THREAD_COUNT], 99thPercentileLatency(ns), 6
[SYS_LOAD_AVG], Operations, 48
[SYS_LOAD_AVG], AverageLatency(ns), 3.6875
[SYS_LOAD_AVG], MinLatency(ns), 1
[SYS_LOAD_AVG], MaxLatency(ns), 8
[SYS_LOAD_AVG], 95thPercentileLatency(ns), 7
[SYS_LOAD_AVG], 99thPercentileLatency(ns), 8
[READ-MODIFY-WRITE], Operations, 1501081
[READ-MODIFY-WRITE], AverageLatency(ns), 3232.5260682135076
[READ-MODIFY-WRITE], MinLatency(ns), 1508
[READ-MODIFY-WRITE], MaxLatency(ns), 40622079
[READ-MODIFY-WRITE], 95thPercentileLatency(ns), 5029
[READ-MODIFY-WRITE], 99thPercentileLatency(ns), 7501
[LOAD], Operations, 1
[LOAD], AverageLatency(ns), 3.88808835072E11
[LOAD], MinLatency(ns), 388807786496
[LOAD], MaxLatency(ns), 388809883647
[LOAD], 95thPercentileLatency(ns), 388809883647
[LOAD], 99thPercentileLatency(ns), 388809883647
[USED_MEM_MB], Operations, 48
[USED_MEM_MB], AverageLatency(ns), 14155.6875
[USED_MEM_MB], MinLatency(ns), 54
[USED_MEM_MB], MaxLatency(ns), 32278
[USED_MEM_MB], 95thPercentileLatency(ns), 26083
[USED_MEM_MB], 99thPercentileLatency(ns), 32278
[MAIN_GCs_Count], Operations, 1
[MAIN_GCs_Count], AverageLatency(ns), 30.0
[MAIN_GCs_Count], MinLatency(ns), 30
[MAIN_GCs_Count], MaxLatency(ns), 30
[MAIN_GCs_Count], 95thPercentileLatency(ns), 30
[MAIN_GCs_Count], 99thPercentileLatency(ns), 30
[MAIN_GCs_Time(ms)], Operations, 1
[MAIN_GCs_Time(ms)], AverageLatency(ns), 3669.0
[MAIN_GCs_Time(ms)], MinLatency(ns), 3669
[MAIN_GCs_Time(ms)], MaxLatency(ns), 3669
[MAIN_GCs_Time(ms)], 95thPercentileLatency(ns), 3669
[MAIN_GCs_Time(ms)], 99thPercentileLatency(ns), 3669
[TRANSACTION], Operations, 1
[TRANSACTION], AverageLatency(ns), 7.3817915392E10
[TRANSACTION], MinLatency(ns), 73817653248
[TRANSACTION], MaxLatency(ns), 73818177535
[TRANSACTION], 95thPercentileLatency(ns), 73818177535
[TRANSACTION], 99thPercentileLatency(ns), 73818177535
[GCS_TIME], Operations, 48
[GCS_TIME], AverageLatency(ns), 534.1666666666666
[GCS_TIME], MinLatency(ns), 0
[GCS_TIME], MaxLatency(ns), 806
[GCS_TIME], 95thPercentileLatency(ns), 756
[GCS_TIME], 99thPercentileLatency(ns), 806
[LOAD_GCs_Time(ms)], Operations, 1
[LOAD_GCs_Time(ms)], AverageLatency(ns), 21745.0
[LOAD_GCs_Time(ms)], MinLatency(ns), 21745
[LOAD_GCs_Time(ms)], MaxLatency(ns), 21745
[LOAD_GCs_Time(ms)], 95thPercentileLatency(ns), 21745
[LOAD_GCs_Time(ms)], 99thPercentileLatency(ns), 21745
[READ], Operations, 3000000
[READ], AverageLatency(ns), 695.7268113333333
[READ], MinLatency(ns), 163
[READ], MaxLatency(ns), 18637567
[READ], 95thPercentileLatency(ns), 1675
[READ], 99thPercentileLatency(ns), 2564
[READ], Return=OK, 3000000
[INIT], Operations, 1
[INIT], AverageLatency(ns), 1.155821568E9
[INIT], MinLatency(ns), 1155817472
[INIT], MaxLatency(ns), 1155825663
[INIT], 95thPercentileLatency(ns), 1155825663
[INIT], 99thPercentileLatency(ns), 1155825663
[GCS], Operations, 48
[GCS], AverageLatency(ns), 18.854166666666668
[GCS], MinLatency(ns), 0
[GCS], MaxLatency(ns), 86
[GCS], 95thPercentileLatency(ns), 63
[GCS], 99thPercentileLatency(ns), 86
[LOAD_GCs_Count], Operations, 1
[LOAD_GCs_Count], AverageLatency(ns), 871.0
[LOAD_GCs_Count], MinLatency(ns), 871
[LOAD_GCs_Count], MaxLatency(ns), 871
[LOAD_GCs_Count], 95thPercentileLatency(ns), 871
[LOAD_GCs_Count], 99thPercentileLatency(ns), 871
[CLEANUP], Operations, 1
[CLEANUP], AverageLatency(ns), 50863.0
[CLEANUP], MinLatency(ns), 50863
[CLEANUP], MaxLatency(ns), 50863
[CLEANUP], 95thPercentileLatency(ns), 50863
[CLEANUP], 99thPercentileLatency(ns), 50863
[INSERT], Operations, 1000000
[INSERT], AverageLatency(ns), 3082.740639
[INSERT], MinLatency(ns), 1468
[INSERT], MaxLatency(ns), 114886143
[INSERT], 95thPercentileLatency(ns), 3430
[INSERT], 99thPercentileLatency(ns), 8786
[INSERT], Return=OK, 1000000
[UPDATE], Operations, 1501081
[UPDATE], AverageLatency(ns), 2090.95297189159
[UPDATE], MinLatency(ns), 972
[UPDATE], MaxLatency(ns), 12604991
[UPDATE], 95thPercentileLatency(ns), 3763
[UPDATE], 99thPercentileLatency(ns), 5655
[UPDATE], Return=OK, 1501081
