/home/anatole/jdk8u/build/linux-x86_64-normal-server-release/jdk/bin/java -Xmx100g -XX:+UseG1GC -XX:InitiatingHeapOccupancyPercent=15 -classpath /home/anatole/ycsb/conf:/home/anatole/ycsb/core/target/core-0.18.0-SNAPSHOT.jar:/home/anatole/ycsb/core/target/dependency/HdrHistogram-2.1.4.jar:/home/anatole/ycsb/core/target/dependency/guava-18.0.jar:/home/anatole/ycsb/core/target/dependency/htrace-core4-4.1.0-incubating.jar:/home/anatole/ycsb/core/target/dependency/jackson-core-asl-1.9.4.jar:/home/anatole/ycsb/core/target/dependency/jackson-mapper-asl-1.9.4.jar:/home/anatole/ycsb/core/target/dependency/javax.persistence-api-2.2.jar:/home/anatole/ycsb/core/target/dependency/jnvm-1.0-SNAPSHOT.jar:/home/anatole/ycsb/core/target/dependency/pcj-1.0.jar:/home/anatole/ycsb/core/target/dependency/unsafe-helper-1.0.jar:/home/anatole/ycsb/infinispan/src/main/conf:/home/anatole/ycsb/infinispan/target/infinispan-binding-0.18.0-SNAPSHOT.jar:/home/anatole/ycsb/infinispan/target/dependency/caffeine-2.6.2.jar:/home/anatole/ycsb/infinispan/target/dependency/gson-2.8.2.jar:/home/anatole/ycsb/infinispan/target/dependency/guava-18.0.jar:/home/anatole/ycsb/infinispan/target/dependency/infinispan-cachestore-jnvm-1.0-SNAPSHOT.jar:/home/anatole/ycsb/infinispan/target/dependency/infinispan-cachestore-pcj-1.0-SNAPSHOT.jar:/home/anatole/ycsb/infinispan/target/dependency/infinispan-client-hotrod-9.4.20.Final.jar:/home/anatole/ycsb/infinispan/target/dependency/infinispan-commons-9.4.20.Final.jar:/home/anatole/ycsb/infinispan/target/dependency/infinispan-core-9.4.20.Final.jar:/home/anatole/ycsb/infinispan/target/dependency/infinispan-persistence-soft-index-9.4.20.Final.jar:/home/anatole/ycsb/infinispan/target/dependency/javax.persistence-api-2.2.jar:/home/anatole/ycsb/infinispan/target/dependency/jboss-logging-3.3.2.Final.jar:/home/anatole/ycsb/infinispan/target/dependency/jboss-marshalling-osgi-2.0.6.Final.jar:/home/anatole/ycsb/infinispan/target/dependency/jboss-transaction-api_1.2_spec-1.1.1.Final.jar:/home/anatole/ycsb/infinispan/target/dependency/jgroups-4.0.21.Final.jar:/home/anatole/ycsb/infinispan/target/dependency/jnvm-1.0-SNAPSHOT.jar:/home/anatole/ycsb/infinispan/target/dependency/metainf-services-1.7.jar:/home/anatole/ycsb/infinispan/target/dependency/netty-buffer-4.1.51.Final.jar:/home/anatole/ycsb/infinispan/target/dependency/netty-codec-4.1.51.Final.jar:/home/anatole/ycsb/infinispan/target/dependency/netty-common-4.1.51.Final.jar:/home/anatole/ycsb/infinispan/target/dependency/netty-handler-4.1.51.Final.jar:/home/anatole/ycsb/infinispan/target/dependency/netty-resolver-4.1.51.Final.jar:/home/anatole/ycsb/infinispan/target/dependency/netty-transport-4.1.51.Final.jar:/home/anatole/ycsb/infinispan/target/dependency/netty-transport-native-epoll-4.1.51.Final-linux-x86_64.jar:/home/anatole/ycsb/infinispan/target/dependency/netty-transport-native-unix-common-4.1.51.Final.jar:/home/anatole/ycsb/infinispan/target/dependency/pcj-1.0.jar:/home/anatole/ycsb/infinispan/target/dependency/reactive-streams-1.0.2.jar:/home/anatole/ycsb/infinispan/target/dependency/rxjava-2.2.4.jar:/home/anatole/ycsb/infinispan/target/dependency/unsafe-helper-1.0.jar site.ycsb.Client -t -db site.ycsb.db.InfinispanClient -P ../workloads/workloadf -preload -s -threads 1 -p dataintegrity=true -p offheap=false -p recordcount=1000000 -p operationcount=3000000 -p fieldcount=10 -p fieldlength=300 -p requestdistribution=zipfian -p measurement.trackjvm=true -p measurementtype=hdrhistogram -p hdrhistogram.output.path=./out/exp7.marshalling.ref/log/infinispan.run.workloadf.true.1000000.1000000.10.300.zipfian.1.false.true.default.default.pmem0.r6.hdr.log
[OVERALL], RunTime(ms), 168464
[OVERALL], Throughput(ops/sec), 23743.945293950044
[TOTAL_GCS_G1_Young_Generation], Count, 155
[TOTAL_GC_TIME_G1_Young_Generation], Time(ms), 8949
[TOTAL_GC_TIME_%_G1_Young_Generation], Time(%), 5.3121141608889735
[TOTAL_GCS_G1_Old_Generation], Count, 0
[TOTAL_GC_TIME_G1_Old_Generation], Time(ms), 0
[TOTAL_GC_TIME_%_G1_Old_Generation], Time(%), 0.0
[TOTAL_GCs], Count, 155
[TOTAL_GC_TIME], Time(ms), 8949
[TOTAL_GC_TIME_%], Time(%), 5.3121141608889735
[MAX_MEM_USED], MBs, 16464
[MIN_MEM_USED], MBs, 54
[MAX_THREADS], Count, 7
[MIN_THREADS], Count, 3
[MAX_SYS_LOAD_AVG], Load, 5.72
[MIN_SYS_LOAD_AVG], Load, 3.21
[THREAD_COUNT], Operations, 18
[THREAD_COUNT], AverageLatency(ns), 6.055555555555555
[THREAD_COUNT], MinLatency(ns), 3
[THREAD_COUNT], MaxLatency(ns), 7
[THREAD_COUNT], 95thPercentileLatency(ns), 7
[THREAD_COUNT], 99thPercentileLatency(ns), 7
[SYS_LOAD_AVG], Operations, 18
[SYS_LOAD_AVG], AverageLatency(ns), 3.7222222222222223
[SYS_LOAD_AVG], MinLatency(ns), 3
[SYS_LOAD_AVG], MaxLatency(ns), 5
[SYS_LOAD_AVG], 95thPercentileLatency(ns), 5
[SYS_LOAD_AVG], 99thPercentileLatency(ns), 5
[READ-MODIFY-WRITE], Operations, 1498803
[READ-MODIFY-WRITE], AverageLatency(ns), 36748.16376268262
[READ-MODIFY-WRITE], MinLatency(ns), 28487
[READ-MODIFY-WRITE], MaxLatency(ns), 295790591
[READ-MODIFY-WRITE], 95thPercentileLatency(ns), 41907
[READ-MODIFY-WRITE], 99thPercentileLatency(ns), 50699
[LOAD], Operations, 1
[LOAD], AverageLatency(ns), 1.01726814208E11
[LOAD], MinLatency(ns), 101726552064
[LOAD], MaxLatency(ns), 101727076351
[LOAD], 95thPercentileLatency(ns), 101727076351
[LOAD], 99thPercentileLatency(ns), 101727076351
[USED_MEM_MB], Operations, 18
[USED_MEM_MB], AverageLatency(ns), 8354.333333333334
[USED_MEM_MB], MinLatency(ns), 54
[USED_MEM_MB], MaxLatency(ns), 16464
[USED_MEM_MB], 95thPercentileLatency(ns), 13007
[USED_MEM_MB], 99thPercentileLatency(ns), 16464
[MAIN_GCs_Count], Operations, 1
[MAIN_GCs_Count], AverageLatency(ns), 13.0
[MAIN_GCs_Count], MinLatency(ns), 13
[MAIN_GCs_Count], MaxLatency(ns), 13
[MAIN_GCs_Count], 95thPercentileLatency(ns), 13
[MAIN_GCs_Count], 99thPercentileLatency(ns), 13
[MAIN_GCs_Time(ms)], Operations, 1
[MAIN_GCs_Time(ms)], AverageLatency(ns), 1688.0
[MAIN_GCs_Time(ms)], MinLatency(ns), 1688
[MAIN_GCs_Time(ms)], MaxLatency(ns), 1688
[MAIN_GCs_Time(ms)], 95thPercentileLatency(ns), 1688
[MAIN_GCs_Time(ms)], 99thPercentileLatency(ns), 1688
[TRANSACTION], Operations, 1
[TRANSACTION], AverageLatency(ns), 6.5989640192E10
[TRANSACTION], MinLatency(ns), 65989509120
[TRANSACTION], MaxLatency(ns), 65989771263
[TRANSACTION], 95thPercentileLatency(ns), 65989771263
[TRANSACTION], 99thPercentileLatency(ns), 65989771263
[GCS_TIME], Operations, 18
[GCS_TIME], AverageLatency(ns), 497.1666666666667
[GCS_TIME], MinLatency(ns), 0
[GCS_TIME], MaxLatency(ns), 970
[GCS_TIME], 95thPercentileLatency(ns), 941
[GCS_TIME], 99thPercentileLatency(ns), 970
[LOAD_GCs_Time(ms)], Operations, 1
[LOAD_GCs_Time(ms)], AverageLatency(ns), 7228.0
[LOAD_GCs_Time(ms)], MinLatency(ns), 7228
[LOAD_GCs_Time(ms)], MaxLatency(ns), 7228
[LOAD_GCs_Time(ms)], 95thPercentileLatency(ns), 7228
[LOAD_GCs_Time(ms)], 99thPercentileLatency(ns), 7228
[READ], Operations, 3000000
[READ], AverageLatency(ns), 682.353934
[READ], MinLatency(ns), 185
[READ], MaxLatency(ns), 2137583
[READ], 95thPercentileLatency(ns), 1687
[READ], 99thPercentileLatency(ns), 2559
[READ], Return=OK, 3000000
[INIT], Operations, 1
[INIT], AverageLatency(ns), 6.78602752E8
[INIT], MinLatency(ns), 678600704
[INIT], MaxLatency(ns), 678604799
[INIT], 95thPercentileLatency(ns), 678604799
[INIT], 99thPercentileLatency(ns), 678604799
[GCS], Operations, 18
[GCS], AverageLatency(ns), 8.61111111111111
[GCS], MinLatency(ns), 0
[GCS], MaxLatency(ns), 44
[GCS], 95thPercentileLatency(ns), 27
[GCS], 99thPercentileLatency(ns), 44
[LOAD_GCs_Count], Operations, 1
[LOAD_GCs_Count], AverageLatency(ns), 140.0
[LOAD_GCs_Count], MinLatency(ns), 140
[LOAD_GCs_Count], MaxLatency(ns), 140
[LOAD_GCs_Count], 95thPercentileLatency(ns), 140
[LOAD_GCs_Count], 99thPercentileLatency(ns), 140
[CLEANUP], Operations, 1
[CLEANUP], AverageLatency(ns), 23294.0
[CLEANUP], MinLatency(ns), 23294
[CLEANUP], MaxLatency(ns), 23294
[CLEANUP], 95thPercentileLatency(ns), 23294
[CLEANUP], 99thPercentileLatency(ns), 23294
[INSERT], Operations, 1000000
[INSERT], AverageLatency(ns), 44881.69153
[INSERT], MinLatency(ns), 32233
[INSERT], MaxLatency(ns), 228752383
[INSERT], 95thPercentileLatency(ns), 50498
[INSERT], 99thPercentileLatency(ns), 65905
[INSERT], Return=OK, 1000000
[UPDATE], Operations, 1498803
[UPDATE], AverageLatency(ns), 35526.95425215989
[UPDATE], MinLatency(ns), 27797
[UPDATE], MaxLatency(ns), 157886463
[UPDATE], 95thPercentileLatency(ns), 40628
[UPDATE], 99thPercentileLatency(ns), 49145
[UPDATE], Return=OK, 1498803
