/home/anatole/jdk8u/build/linux-x86_64-normal-server-release/jdk/bin/java -Xmx20g -XX:+UseG1GC -classpath /home/anatole/ycsb/conf:/home/anatole/ycsb/core/target/core-0.18.0-SNAPSHOT.jar:/home/anatole/ycsb/core/target/dependency/HdrHistogram-2.1.4.jar:/home/anatole/ycsb/core/target/dependency/guava-18.0.jar:/home/anatole/ycsb/core/target/dependency/htrace-core4-4.1.0-incubating.jar:/home/anatole/ycsb/core/target/dependency/jackson-core-asl-1.9.4.jar:/home/anatole/ycsb/core/target/dependency/jackson-mapper-asl-1.9.4.jar:/home/anatole/ycsb/core/target/dependency/javax.persistence-api-2.2.jar:/home/anatole/ycsb/core/target/dependency/jnvm-1.0-SNAPSHOT.jar:/home/anatole/ycsb/core/target/dependency/pcj-1.0.jar:/home/anatole/ycsb/core/target/dependency/unsafe-helper-1.0.jar:/home/anatole/ycsb/infinispan/src/main/conf:/home/anatole/ycsb/infinispan/target/infinispan-binding-0.18.0-SNAPSHOT.jar:/home/anatole/ycsb/infinispan/target/dependency/caffeine-2.6.2.jar:/home/anatole/ycsb/infinispan/target/dependency/gson-2.8.2.jar:/home/anatole/ycsb/infinispan/target/dependency/guava-18.0.jar:/home/anatole/ycsb/infinispan/target/dependency/infinispan-cachestore-jnvm-1.0-SNAPSHOT.jar:/home/anatole/ycsb/infinispan/target/dependency/infinispan-cachestore-pcj-1.0-SNAPSHOT.jar:/home/anatole/ycsb/infinispan/target/dependency/infinispan-client-hotrod-9.4.20.Final.jar:/home/anatole/ycsb/infinispan/target/dependency/infinispan-commons-9.4.20.Final.jar:/home/anatole/ycsb/infinispan/target/dependency/infinispan-core-9.4.20.Final.jar:/home/anatole/ycsb/infinispan/target/dependency/infinispan-persistence-soft-index-9.4.20.Final.jar:/home/anatole/ycsb/infinispan/target/dependency/javax.persistence-api-2.2.jar:/home/anatole/ycsb/infinispan/target/dependency/jboss-logging-3.3.2.Final.jar:/home/anatole/ycsb/infinispan/target/dependency/jboss-marshalling-osgi-2.0.6.Final.jar:/home/anatole/ycsb/infinispan/target/dependency/jboss-transaction-api_1.2_spec-1.1.1.Final.jar:/home/anatole/ycsb/infinispan/target/dependency/jgroups-4.0.21.Final.jar:/home/anatole/ycsb/infinispan/target/dependency/jnvm-1.0-SNAPSHOT.jar:/home/anatole/ycsb/infinispan/target/dependency/metainf-services-1.7.jar:/home/anatole/ycsb/infinispan/target/dependency/netty-buffer-4.1.51.Final.jar:/home/anatole/ycsb/infinispan/target/dependency/netty-codec-4.1.51.Final.jar:/home/anatole/ycsb/infinispan/target/dependency/netty-common-4.1.51.Final.jar:/home/anatole/ycsb/infinispan/target/dependency/netty-handler-4.1.51.Final.jar:/home/anatole/ycsb/infinispan/target/dependency/netty-resolver-4.1.51.Final.jar:/home/anatole/ycsb/infinispan/target/dependency/netty-transport-4.1.51.Final.jar:/home/anatole/ycsb/infinispan/target/dependency/netty-transport-native-epoll-4.1.51.Final-linux-x86_64.jar:/home/anatole/ycsb/infinispan/target/dependency/netty-transport-native-unix-common-4.1.51.Final.jar:/home/anatole/ycsb/infinispan/target/dependency/pcj-1.0.jar:/home/anatole/ycsb/infinispan/target/dependency/reactive-streams-1.0.2.jar:/home/anatole/ycsb/infinispan/target/dependency/rxjava-2.2.4.jar:/home/anatole/ycsb/infinispan/target/dependency/unsafe-helper-1.0.jar site.ycsb.Client -t -db site.ycsb.db.InfinispanClient -P ../workloads/workloadf -preload -s -threads 1 -p dataintegrity=true -p offheap=false -p recordcount=1000000 -p operationcount=3000000 -p fieldcount=10 -p fieldlength=300 -p requestdistribution=zipfian -p measurement.trackjvm=true -p measurementtype=hdrhistogram -p hdrhistogram.output.path=./out/exp7.marshalling.ref/log/infinispan.run.workloadf.true.1000000.100000.10.300.zipfian.1.false.true.default.default.tmpfs.r6.hdr.log
[OVERALL], RunTime(ms), 214713
[OVERALL], Throughput(ops/sec), 18629.51940497315
[TOTAL_GCS_G1_Young_Generation], Count, 379
[TOTAL_GC_TIME_G1_Young_Generation], Time(ms), 9052
[TOTAL_GC_TIME_%_G1_Young_Generation], Time(%), 4.215860241345424
[TOTAL_GCS_G1_Old_Generation], Count, 0
[TOTAL_GC_TIME_G1_Old_Generation], Time(ms), 0
[TOTAL_GC_TIME_%_G1_Old_Generation], Time(%), 0.0
[TOTAL_GCs], Count, 379
[TOTAL_GC_TIME], Time(ms), 9052
[TOTAL_GC_TIME_%], Time(%), 4.215860241345424
[MAX_MEM_USED], MBs, 3409
[MIN_MEM_USED], MBs, 48
[MAX_THREADS], Count, 7
[MIN_THREADS], Count, 3
[MAX_SYS_LOAD_AVG], Load, 6.08
[MIN_SYS_LOAD_AVG], Load, 1.28
[THREAD_COUNT], Operations, 23
[THREAD_COUNT], AverageLatency(ns), 5.826086956521739
[THREAD_COUNT], MinLatency(ns), 3
[THREAD_COUNT], MaxLatency(ns), 7
[THREAD_COUNT], 95thPercentileLatency(ns), 7
[THREAD_COUNT], 99thPercentileLatency(ns), 7
[SYS_LOAD_AVG], Operations, 23
[SYS_LOAD_AVG], AverageLatency(ns), 2.4782608695652173
[SYS_LOAD_AVG], MinLatency(ns), 1
[SYS_LOAD_AVG], MaxLatency(ns), 6
[SYS_LOAD_AVG], 95thPercentileLatency(ns), 5
[SYS_LOAD_AVG], 99thPercentileLatency(ns), 6
[READ-MODIFY-WRITE], Operations, 1499603
[READ-MODIFY-WRITE], AverageLatency(ns), 56069.25162993139
[READ-MODIFY-WRITE], MinLatency(ns), 27428
[READ-MODIFY-WRITE], MaxLatency(ns), 163070975
[READ-MODIFY-WRITE], 95thPercentileLatency(ns), 74755
[READ-MODIFY-WRITE], 99thPercentileLatency(ns), 92134
[LOAD], Operations, 1
[LOAD], AverageLatency(ns), 8.6725361664E10
[LOAD], MinLatency(ns), 86725099520
[LOAD], MaxLatency(ns), 86725623807
[LOAD], 95thPercentileLatency(ns), 86725623807
[LOAD], 99thPercentileLatency(ns), 86725623807
[USED_MEM_MB], Operations, 23
[USED_MEM_MB], AverageLatency(ns), 1840.9130434782608
[USED_MEM_MB], MinLatency(ns), 48
[USED_MEM_MB], MaxLatency(ns), 3409
[USED_MEM_MB], 95thPercentileLatency(ns), 2629
[USED_MEM_MB], 99thPercentileLatency(ns), 3409
[MAIN_GCs_Count], Operations, 1
[MAIN_GCs_Count], AverageLatency(ns), 114.0
[MAIN_GCs_Count], MinLatency(ns), 114
[MAIN_GCs_Count], MaxLatency(ns), 114
[MAIN_GCs_Count], 95thPercentileLatency(ns), 114
[MAIN_GCs_Count], 99thPercentileLatency(ns), 114
[MAIN_GCs_Time(ms)], Operations, 1
[MAIN_GCs_Time(ms)], AverageLatency(ns), 5360.0
[MAIN_GCs_Time(ms)], MinLatency(ns), 5360
[MAIN_GCs_Time(ms)], MaxLatency(ns), 5360
[MAIN_GCs_Time(ms)], 95thPercentileLatency(ns), 5360
[MAIN_GCs_Time(ms)], 99thPercentileLatency(ns), 5360
[TRANSACTION], Operations, 1
[TRANSACTION], AverageLatency(ns), 1.2723027968E11
[TRANSACTION], MinLatency(ns), 127230017536
[TRANSACTION], MaxLatency(ns), 127230541823
[TRANSACTION], 95thPercentileLatency(ns), 127230541823
[TRANSACTION], 99thPercentileLatency(ns), 127230541823
[GCS_TIME], Operations, 23
[GCS_TIME], AverageLatency(ns), 393.5652173913044
[GCS_TIME], MinLatency(ns), 0
[GCS_TIME], MaxLatency(ns), 776
[GCS_TIME], 95thPercentileLatency(ns), 593
[GCS_TIME], 99thPercentileLatency(ns), 776
[LOAD_GCs_Time(ms)], Operations, 1
[LOAD_GCs_Time(ms)], AverageLatency(ns), 3672.0
[LOAD_GCs_Time(ms)], MinLatency(ns), 3672
[LOAD_GCs_Time(ms)], MaxLatency(ns), 3672
[LOAD_GCs_Time(ms)], 95thPercentileLatency(ns), 3672
[LOAD_GCs_Time(ms)], 99thPercentileLatency(ns), 3672
[READ], Operations, 3000000
[READ], AverageLatency(ns), 21714.028923
[READ], MinLatency(ns), 230
[READ], MaxLatency(ns), 150270975
[READ], 95thPercentileLatency(ns), 41271
[READ], 99thPercentileLatency(ns), 50623
[READ], Return=OK, 3000000
[INIT], Operations, 1
[INIT], AverageLatency(ns), 6.97751552E8
[INIT], MinLatency(ns), 697749504
[INIT], MaxLatency(ns), 697753599
[INIT], 95thPercentileLatency(ns), 697753599
[INIT], 99thPercentileLatency(ns), 697753599
[GCS], Operations, 23
[GCS], AverageLatency(ns), 16.47826086956522
[GCS], MinLatency(ns), 0
[GCS], MaxLatency(ns), 39
[GCS], 95thPercentileLatency(ns), 32
[GCS], 99thPercentileLatency(ns), 39
[LOAD_GCs_Count], Operations, 1
[LOAD_GCs_Count], AverageLatency(ns), 264.0
[LOAD_GCs_Count], MinLatency(ns), 264
[LOAD_GCs_Count], MaxLatency(ns), 264
[LOAD_GCs_Count], 95thPercentileLatency(ns), 264
[LOAD_GCs_Count], 99thPercentileLatency(ns), 264
[CLEANUP], Operations, 1
[CLEANUP], AverageLatency(ns), 14706.0
[CLEANUP], MinLatency(ns), 14706
[CLEANUP], MaxLatency(ns), 14706
[CLEANUP], 95thPercentileLatency(ns), 14706
[CLEANUP], 99thPercentileLatency(ns), 14706
[INSERT], Operations, 1000000
[INSERT], AverageLatency(ns), 35387.563924
[INSERT], MinLatency(ns), 27770
[INSERT], MaxLatency(ns), 84809727
[INSERT], 95thPercentileLatency(ns), 41940
[INSERT], 99thPercentileLatency(ns), 55496
[INSERT], Return=OK, 1000000
[UPDATE], Operations, 1499603
[UPDATE], AverageLatency(ns), 33726.546511976834
[UPDATE], MinLatency(ns), 26538
[UPDATE], MaxLatency(ns), 99845631
[UPDATE], 95thPercentileLatency(ns), 36844
[UPDATE], 99thPercentileLatency(ns), 44470
[UPDATE], Return=OK, 1499603
