/home/anatole/jdk8u/build/linux-x86_64-normal-server-release/jdk/bin/java -Xmx100g -XX:+UseG1GC -XX:InitiatingHeapOccupancyPercent=15 -classpath /home/anatole/ycsb/conf:/home/anatole/ycsb/core/target/core-0.18.0-SNAPSHOT.jar:/home/anatole/ycsb/core/target/dependency/HdrHistogram-2.1.4.jar:/home/anatole/ycsb/core/target/dependency/guava-18.0.jar:/home/anatole/ycsb/core/target/dependency/htrace-core4-4.1.0-incubating.jar:/home/anatole/ycsb/core/target/dependency/jackson-core-asl-1.9.4.jar:/home/anatole/ycsb/core/target/dependency/jackson-mapper-asl-1.9.4.jar:/home/anatole/ycsb/core/target/dependency/javax.persistence-api-2.2.jar:/home/anatole/ycsb/core/target/dependency/jnvm-1.0-SNAPSHOT.jar:/home/anatole/ycsb/core/target/dependency/pcj-1.0.jar:/home/anatole/ycsb/core/target/dependency/unsafe-helper-1.0.jar:/home/anatole/ycsb/infinispan/src/main/conf:/home/anatole/ycsb/infinispan/target/infinispan-binding-0.18.0-SNAPSHOT.jar:/home/anatole/ycsb/infinispan/target/dependency/caffeine-2.6.2.jar:/home/anatole/ycsb/infinispan/target/dependency/gson-2.8.2.jar:/home/anatole/ycsb/infinispan/target/dependency/guava-18.0.jar:/home/anatole/ycsb/infinispan/target/dependency/infinispan-cachestore-jnvm-1.0-SNAPSHOT.jar:/home/anatole/ycsb/infinispan/target/dependency/infinispan-cachestore-pcj-1.0-SNAPSHOT.jar:/home/anatole/ycsb/infinispan/target/dependency/infinispan-client-hotrod-9.4.20.Final.jar:/home/anatole/ycsb/infinispan/target/dependency/infinispan-commons-9.4.20.Final.jar:/home/anatole/ycsb/infinispan/target/dependency/infinispan-core-9.4.20.Final.jar:/home/anatole/ycsb/infinispan/target/dependency/infinispan-persistence-soft-index-9.4.20.Final.jar:/home/anatole/ycsb/infinispan/target/dependency/javax.persistence-api-2.2.jar:/home/anatole/ycsb/infinispan/target/dependency/jboss-logging-3.3.2.Final.jar:/home/anatole/ycsb/infinispan/target/dependency/jboss-marshalling-osgi-2.0.6.Final.jar:/home/anatole/ycsb/infinispan/target/dependency/jboss-transaction-api_1.2_spec-1.1.1.Final.jar:/home/anatole/ycsb/infinispan/target/dependency/jgroups-4.0.21.Final.jar:/home/anatole/ycsb/infinispan/target/dependency/jnvm-1.0-SNAPSHOT.jar:/home/anatole/ycsb/infinispan/target/dependency/metainf-services-1.7.jar:/home/anatole/ycsb/infinispan/target/dependency/netty-buffer-4.1.51.Final.jar:/home/anatole/ycsb/infinispan/target/dependency/netty-codec-4.1.51.Final.jar:/home/anatole/ycsb/infinispan/target/dependency/netty-common-4.1.51.Final.jar:/home/anatole/ycsb/infinispan/target/dependency/netty-handler-4.1.51.Final.jar:/home/anatole/ycsb/infinispan/target/dependency/netty-resolver-4.1.51.Final.jar:/home/anatole/ycsb/infinispan/target/dependency/netty-transport-4.1.51.Final.jar:/home/anatole/ycsb/infinispan/target/dependency/netty-transport-native-epoll-4.1.51.Final-linux-x86_64.jar:/home/anatole/ycsb/infinispan/target/dependency/netty-transport-native-unix-common-4.1.51.Final.jar:/home/anatole/ycsb/infinispan/target/dependency/pcj-1.0.jar:/home/anatole/ycsb/infinispan/target/dependency/reactive-streams-1.0.2.jar:/home/anatole/ycsb/infinispan/target/dependency/rxjava-2.2.4.jar:/home/anatole/ycsb/infinispan/target/dependency/unsafe-helper-1.0.jar site.ycsb.Client -t -db site.ycsb.db.InfinispanClient -P ../workloads/workloadf -preload -s -threads 1 -p dataintegrity=true -p offheap=false -p recordcount=1000000 -p operationcount=3000000 -p fieldcount=10 -p fieldlength=300 -p requestdistribution=zipfian -p measurement.trackjvm=true -p measurementtype=hdrhistogram -p hdrhistogram.output.path=./out/exp7.marshalling.ref/log/infinispan.run.workloadf.true.1000000.1000000.10.300.zipfian.1.false.true.default.default.none.r11.hdr.log
[OVERALL], RunTime(ms), 93326
[OVERALL], Throughput(ops/sec), 42860.510468679684
[TOTAL_GCS_G1_Young_Generation], Count, 49
[TOTAL_GC_TIME_G1_Young_Generation], Time(ms), 8734
[TOTAL_GC_TIME_%_G1_Young_Generation], Time(%), 9.358592460836208
[TOTAL_GCS_G1_Old_Generation], Count, 0
[TOTAL_GC_TIME_G1_Old_Generation], Time(ms), 0
[TOTAL_GC_TIME_%_G1_Old_Generation], Time(%), 0.0
[TOTAL_GCs], Count, 49
[TOTAL_GC_TIME], Time(ms), 8734
[TOTAL_GC_TIME_%], Time(%), 9.358592460836208
[MAX_MEM_USED], MBs, 17262
[MIN_MEM_USED], MBs, 54
[MAX_THREADS], Count, 6
[MIN_THREADS], Count, 3
[MAX_SYS_LOAD_AVG], Load, 5.5
[MIN_SYS_LOAD_AVG], Load, 1.45
[THREAD_COUNT], Operations, 11
[THREAD_COUNT], AverageLatency(ns), 5.363636363636363
[THREAD_COUNT], MinLatency(ns), 3
[THREAD_COUNT], MaxLatency(ns), 6
[THREAD_COUNT], 95thPercentileLatency(ns), 6
[THREAD_COUNT], 99thPercentileLatency(ns), 6
[SYS_LOAD_AVG], Operations, 11
[SYS_LOAD_AVG], AverageLatency(ns), 2.1818181818181817
[SYS_LOAD_AVG], MinLatency(ns), 1
[SYS_LOAD_AVG], MaxLatency(ns), 5
[SYS_LOAD_AVG], 95thPercentileLatency(ns), 5
[SYS_LOAD_AVG], 99thPercentileLatency(ns), 5
[READ-MODIFY-WRITE], Operations, 1500514
[READ-MODIFY-WRITE], AverageLatency(ns), 4176.237355332906
[READ-MODIFY-WRITE], MinLatency(ns), 1392
[READ-MODIFY-WRITE], MaxLatency(ns), 39645439
[READ-MODIFY-WRITE], 95thPercentileLatency(ns), 7873
[READ-MODIFY-WRITE], 99thPercentileLatency(ns), 9885
[LOAD], Operations, 1
[LOAD], AverageLatency(ns), 7.2506671104E10
[LOAD], MinLatency(ns), 72506408960
[LOAD], MaxLatency(ns), 72506933247
[LOAD], 95thPercentileLatency(ns), 72506933247
[LOAD], 99thPercentileLatency(ns), 72506933247
[USED_MEM_MB], Operations, 11
[USED_MEM_MB], AverageLatency(ns), 9258.0
[USED_MEM_MB], MinLatency(ns), 54
[USED_MEM_MB], MaxLatency(ns), 17262
[USED_MEM_MB], 95thPercentileLatency(ns), 15680
[USED_MEM_MB], 99thPercentileLatency(ns), 17262
[MAIN_GCs_Count], Operations, 1
[MAIN_GCs_Count], AverageLatency(ns), 4.0
[MAIN_GCs_Count], MinLatency(ns), 4
[MAIN_GCs_Count], MaxLatency(ns), 4
[MAIN_GCs_Count], 95thPercentileLatency(ns), 4
[MAIN_GCs_Count], 99thPercentileLatency(ns), 4
[MAIN_GCs_Time(ms)], Operations, 1
[MAIN_GCs_Time(ms)], AverageLatency(ns), 1178.0
[MAIN_GCs_Time(ms)], MinLatency(ns), 1178
[MAIN_GCs_Time(ms)], MaxLatency(ns), 1178
[MAIN_GCs_Time(ms)], 95thPercentileLatency(ns), 1178
[MAIN_GCs_Time(ms)], 99thPercentileLatency(ns), 1178
[TRANSACTION], Operations, 1
[TRANSACTION], AverageLatency(ns), 2.0136787968E10
[TRANSACTION], MinLatency(ns), 20136722432
[TRANSACTION], MaxLatency(ns), 20136853503
[TRANSACTION], 95thPercentileLatency(ns), 20136853503
[TRANSACTION], 99thPercentileLatency(ns), 20136853503
[GCS_TIME], Operations, 11
[GCS_TIME], AverageLatency(ns), 794.0
[GCS_TIME], MinLatency(ns), 0
[GCS_TIME], MaxLatency(ns), 1228
[GCS_TIME], 95thPercentileLatency(ns), 1154
[GCS_TIME], 99thPercentileLatency(ns), 1228
[LOAD_GCs_Time(ms)], Operations, 1
[LOAD_GCs_Time(ms)], AverageLatency(ns), 7525.0
[LOAD_GCs_Time(ms)], MinLatency(ns), 7525
[LOAD_GCs_Time(ms)], MaxLatency(ns), 7525
[LOAD_GCs_Time(ms)], 95thPercentileLatency(ns), 7525
[LOAD_GCs_Time(ms)], 99thPercentileLatency(ns), 7525
[READ], Operations, 3000000
[READ], AverageLatency(ns), 948.123151
[READ], MinLatency(ns), 157
[READ], MaxLatency(ns), 1825471
[READ], 95thPercentileLatency(ns), 2751
[READ], 99thPercentileLatency(ns), 4900
[READ], Return=OK, 3000000
[INIT], Operations, 1
[INIT], AverageLatency(ns), 5.67711744E8
[INIT], MinLatency(ns), 567709696
[INIT], MaxLatency(ns), 567713791
[INIT], 95thPercentileLatency(ns), 567713791
[INIT], 99thPercentileLatency(ns), 567713791
[GCS], Operations, 11
[GCS], AverageLatency(ns), 4.454545454545454
[GCS], MinLatency(ns), 0
[GCS], MaxLatency(ns), 18
[GCS], 95thPercentileLatency(ns), 7
[GCS], 99thPercentileLatency(ns), 18
[LOAD_GCs_Count], Operations, 1
[LOAD_GCs_Count], AverageLatency(ns), 43.0
[LOAD_GCs_Count], MinLatency(ns), 43
[LOAD_GCs_Count], MaxLatency(ns), 43
[LOAD_GCs_Count], 95thPercentileLatency(ns), 43
[LOAD_GCs_Count], 99thPercentileLatency(ns), 43
[CLEANUP], Operations, 1
[CLEANUP], AverageLatency(ns), 15030.0
[CLEANUP], MinLatency(ns), 15030
[CLEANUP], MaxLatency(ns), 15030
[CLEANUP], 95thPercentileLatency(ns), 15030
[CLEANUP], 99thPercentileLatency(ns), 15030
[INSERT], Operations, 1000000
[INSERT], AverageLatency(ns), 2660.599637
[INSERT], MinLatency(ns), 1227
[INSERT], MaxLatency(ns), 124772351
[INSERT], 95thPercentileLatency(ns), 4914
[INSERT], 99thPercentileLatency(ns), 5933
[INSERT], Return=OK, 1000000
[UPDATE], Operations, 1500514
[UPDATE], AverageLatency(ns), 2861.0545553057154
[UPDATE], MinLatency(ns), 953
[UPDATE], MaxLatency(ns), 584347
[UPDATE], 95thPercentileLatency(ns), 6282
[UPDATE], 99thPercentileLatency(ns), 8059
[UPDATE], Return=OK, 1500514
