/home/anatole/jdk8u/build/linux-x86_64-normal-server-release/jdk/bin/java -Xmx20g -XX:+UseG1GC -classpath /home/anatole/ycsb/conf:/home/anatole/ycsb/core/target/core-0.18.0-SNAPSHOT.jar:/home/anatole/ycsb/core/target/dependency/HdrHistogram-2.1.4.jar:/home/anatole/ycsb/core/target/dependency/guava-18.0.jar:/home/anatole/ycsb/core/target/dependency/htrace-core4-4.1.0-incubating.jar:/home/anatole/ycsb/core/target/dependency/jackson-core-asl-1.9.4.jar:/home/anatole/ycsb/core/target/dependency/jackson-mapper-asl-1.9.4.jar:/home/anatole/ycsb/core/target/dependency/javax.persistence-api-2.2.jar:/home/anatole/ycsb/core/target/dependency/jnvm-1.0-SNAPSHOT.jar:/home/anatole/ycsb/core/target/dependency/pcj-1.0.jar:/home/anatole/ycsb/core/target/dependency/unsafe-helper-1.0.jar:/home/anatole/ycsb/infinispan/src/main/conf:/home/anatole/ycsb/infinispan/target/infinispan-binding-0.18.0-SNAPSHOT.jar:/home/anatole/ycsb/infinispan/target/dependency/caffeine-2.6.2.jar:/home/anatole/ycsb/infinispan/target/dependency/gson-2.8.2.jar:/home/anatole/ycsb/infinispan/target/dependency/guava-18.0.jar:/home/anatole/ycsb/infinispan/target/dependency/infinispan-cachestore-jnvm-1.0-SNAPSHOT.jar:/home/anatole/ycsb/infinispan/target/dependency/infinispan-cachestore-pcj-1.0-SNAPSHOT.jar:/home/anatole/ycsb/infinispan/target/dependency/infinispan-client-hotrod-9.4.20.Final.jar:/home/anatole/ycsb/infinispan/target/dependency/infinispan-commons-9.4.20.Final.jar:/home/anatole/ycsb/infinispan/target/dependency/infinispan-core-9.4.20.Final.jar:/home/anatole/ycsb/infinispan/target/dependency/infinispan-persistence-soft-index-9.4.20.Final.jar:/home/anatole/ycsb/infinispan/target/dependency/javax.persistence-api-2.2.jar:/home/anatole/ycsb/infinispan/target/dependency/jboss-logging-3.3.2.Final.jar:/home/anatole/ycsb/infinispan/target/dependency/jboss-marshalling-osgi-2.0.6.Final.jar:/home/anatole/ycsb/infinispan/target/dependency/jboss-transaction-api_1.2_spec-1.1.1.Final.jar:/home/anatole/ycsb/infinispan/target/dependency/jgroups-4.0.21.Final.jar:/home/anatole/ycsb/infinispan/target/dependency/jnvm-1.0-SNAPSHOT.jar:/home/anatole/ycsb/infinispan/target/dependency/metainf-services-1.7.jar:/home/anatole/ycsb/infinispan/target/dependency/netty-buffer-4.1.51.Final.jar:/home/anatole/ycsb/infinispan/target/dependency/netty-codec-4.1.51.Final.jar:/home/anatole/ycsb/infinispan/target/dependency/netty-common-4.1.51.Final.jar:/home/anatole/ycsb/infinispan/target/dependency/netty-handler-4.1.51.Final.jar:/home/anatole/ycsb/infinispan/target/dependency/netty-resolver-4.1.51.Final.jar:/home/anatole/ycsb/infinispan/target/dependency/netty-transport-4.1.51.Final.jar:/home/anatole/ycsb/infinispan/target/dependency/netty-transport-native-epoll-4.1.51.Final-linux-x86_64.jar:/home/anatole/ycsb/infinispan/target/dependency/netty-transport-native-unix-common-4.1.51.Final.jar:/home/anatole/ycsb/infinispan/target/dependency/pcj-1.0.jar:/home/anatole/ycsb/infinispan/target/dependency/reactive-streams-1.0.2.jar:/home/anatole/ycsb/infinispan/target/dependency/rxjava-2.2.4.jar:/home/anatole/ycsb/infinispan/target/dependency/unsafe-helper-1.0.jar site.ycsb.Client -t -db site.ycsb.db.InfinispanClient -P ../workloads/workloadf -preload -s -threads 1 -p dataintegrity=true -p offheap=false -p recordcount=1000000 -p operationcount=3000000 -p fieldcount=10 -p fieldlength=700 -p requestdistribution=zipfian -p measurement.trackjvm=true -p measurementtype=hdrhistogram -p hdrhistogram.output.path=./out/exp7.marshalling.ref/log/infinispan.run.workloadf.true.1000000.100000.10.700.zipfian.1.false.true.default.default.pmem0.r6.hdr.log
[OVERALL], RunTime(ms), 483031
[OVERALL], Throughput(ops/sec), 8281.042003515302
[TOTAL_GCS_G1_Young_Generation], Count, 330
[TOTAL_GC_TIME_G1_Young_Generation], Time(ms), 13157
[TOTAL_GC_TIME_%_G1_Young_Generation], Time(%), 2.7238417410062707
[TOTAL_GCS_G1_Old_Generation], Count, 0
[TOTAL_GC_TIME_G1_Old_Generation], Time(ms), 0
[TOTAL_GC_TIME_%_G1_Old_Generation], Time(%), 0.0
[TOTAL_GCs], Count, 330
[TOTAL_GC_TIME], Time(ms), 13157
[TOTAL_GC_TIME_%], Time(%), 2.7238417410062707
[MAX_MEM_USED], MBs, 6329
[MIN_MEM_USED], MBs, 48
[MAX_THREADS], Count, 7
[MIN_THREADS], Count, 3
[MAX_SYS_LOAD_AVG], Load, 3.81
[MIN_SYS_LOAD_AVG], Load, 1.02
[THREAD_COUNT], Operations, 50
[THREAD_COUNT], AverageLatency(ns), 5.38
[THREAD_COUNT], MinLatency(ns), 3
[THREAD_COUNT], MaxLatency(ns), 7
[THREAD_COUNT], 95thPercentileLatency(ns), 7
[THREAD_COUNT], 99thPercentileLatency(ns), 7
[SYS_LOAD_AVG], Operations, 50
[SYS_LOAD_AVG], AverageLatency(ns), 1.4
[SYS_LOAD_AVG], MinLatency(ns), 1
[SYS_LOAD_AVG], MaxLatency(ns), 3
[SYS_LOAD_AVG], 95thPercentileLatency(ns), 3
[SYS_LOAD_AVG], 99thPercentileLatency(ns), 3
[READ-MODIFY-WRITE], Operations, 1499509
[READ-MODIFY-WRITE], AverageLatency(ns), 78748.17503796243
[READ-MODIFY-WRITE], MinLatency(ns), 42889
[READ-MODIFY-WRITE], MaxLatency(ns), 187010047
[READ-MODIFY-WRITE], 95thPercentileLatency(ns), 101830
[READ-MODIFY-WRITE], 99thPercentileLatency(ns), 113057
[LOAD], Operations, 1
[LOAD], AverageLatency(ns), 2.8594143232E11
[LOAD], MinLatency(ns), 285940383744
[LOAD], MaxLatency(ns), 285942480895
[LOAD], 95thPercentileLatency(ns), 285942480895
[LOAD], 99thPercentileLatency(ns), 285942480895
[USED_MEM_MB], Operations, 50
[USED_MEM_MB], AverageLatency(ns), 3993.3
[USED_MEM_MB], MinLatency(ns), 48
[USED_MEM_MB], MaxLatency(ns), 6329
[USED_MEM_MB], 95thPercentileLatency(ns), 6248
[USED_MEM_MB], 99thPercentileLatency(ns), 6329
[MAIN_GCs_Count], Operations, 1
[MAIN_GCs_Count], AverageLatency(ns), 96.0
[MAIN_GCs_Count], MinLatency(ns), 96
[MAIN_GCs_Count], MaxLatency(ns), 96
[MAIN_GCs_Count], 95thPercentileLatency(ns), 96
[MAIN_GCs_Count], 99thPercentileLatency(ns), 96
[MAIN_GCs_Time(ms)], Operations, 1
[MAIN_GCs_Time(ms)], AverageLatency(ns), 7532.0
[MAIN_GCs_Time(ms)], MinLatency(ns), 7532
[MAIN_GCs_Time(ms)], MaxLatency(ns), 7532
[MAIN_GCs_Time(ms)], 95thPercentileLatency(ns), 7532
[MAIN_GCs_Time(ms)], 99thPercentileLatency(ns), 7532
[TRANSACTION], Operations, 1
[TRANSACTION], AverageLatency(ns), 1.96362108928E11
[TRANSACTION], MinLatency(ns), 196361584640
[TRANSACTION], MaxLatency(ns), 196362633215
[TRANSACTION], 95thPercentileLatency(ns), 196362633215
[TRANSACTION], 99thPercentileLatency(ns), 196362633215
[GCS_TIME], Operations, 50
[GCS_TIME], AverageLatency(ns), 263.14
[GCS_TIME], MinLatency(ns), 0
[GCS_TIME], MaxLatency(ns), 627
[GCS_TIME], 95thPercentileLatency(ns), 538
[GCS_TIME], 99thPercentileLatency(ns), 627
[LOAD_GCs_Time(ms)], Operations, 1
[LOAD_GCs_Time(ms)], AverageLatency(ns), 5606.0
[LOAD_GCs_Time(ms)], MinLatency(ns), 5606
[LOAD_GCs_Time(ms)], MaxLatency(ns), 5606
[LOAD_GCs_Time(ms)], 95thPercentileLatency(ns), 5606
[LOAD_GCs_Time(ms)], 99thPercentileLatency(ns), 5606
[READ], Operations, 3000000
[READ], AverageLatency(ns), 27217.883262333333
[READ], MinLatency(ns), 225
[READ], MaxLatency(ns), 188989439
[READ], 95thPercentileLatency(ns), 52349
[READ], 99thPercentileLatency(ns), 57161
[READ], Return=OK, 3000000
[INIT], Operations, 1
[INIT], AverageLatency(ns), 6.69579264E8
[INIT], MinLatency(ns), 669577216
[INIT], MaxLatency(ns), 669581311
[INIT], 95thPercentileLatency(ns), 669581311
[INIT], 99thPercentileLatency(ns), 669581311
[GCS], Operations, 50
[GCS], AverageLatency(ns), 6.6
[GCS], MinLatency(ns), 0
[GCS], MaxLatency(ns), 61
[GCS], 95thPercentileLatency(ns), 20
[GCS], 99thPercentileLatency(ns), 61
[LOAD_GCs_Count], Operations, 1
[LOAD_GCs_Count], AverageLatency(ns), 233.0
[LOAD_GCs_Count], MinLatency(ns), 233
[LOAD_GCs_Count], MaxLatency(ns), 233
[LOAD_GCs_Count], 95thPercentileLatency(ns), 233
[LOAD_GCs_Count], 99thPercentileLatency(ns), 233
[CLEANUP], Operations, 1
[CLEANUP], AverageLatency(ns), 17244.0
[CLEANUP], MinLatency(ns), 17244
[CLEANUP], MaxLatency(ns), 17244
[CLEANUP], 95thPercentileLatency(ns), 17244
[CLEANUP], 99thPercentileLatency(ns), 17244
[INSERT], Operations, 1000000
[INSERT], AverageLatency(ns), 59680.340791
[INSERT], MinLatency(ns), 49695
[INSERT], MaxLatency(ns), 71075839
[INSERT], 95thPercentileLatency(ns), 63117
[INSERT], 99thPercentileLatency(ns), 79748
[INSERT], Return=OK, 1000000
[UPDATE], Operations, 1499509
[UPDATE], AverageLatency(ns), 50613.44790127969
[UPDATE], MinLatency(ns), 42127
[UPDATE], MaxLatency(ns), 160374783
[UPDATE], 95thPercentileLatency(ns), 53226
[UPDATE], 99thPercentileLatency(ns), 60875
[UPDATE], Return=OK, 1499509
