/home/anatole/jdk8u/build/linux-x86_64-normal-server-release/jdk/bin/java -Xmx40g -XX:+UseG1GC -classpath /home/anatole/ycsb/conf:/home/anatole/ycsb/core/target/core-0.18.0-SNAPSHOT.jar:/home/anatole/ycsb/core/target/dependency/HdrHistogram-2.1.4.jar:/home/anatole/ycsb/core/target/dependency/guava-18.0.jar:/home/anatole/ycsb/core/target/dependency/htrace-core4-4.1.0-incubating.jar:/home/anatole/ycsb/core/target/dependency/jackson-core-asl-1.9.4.jar:/home/anatole/ycsb/core/target/dependency/jackson-mapper-asl-1.9.4.jar:/home/anatole/ycsb/core/target/dependency/javax.persistence-api-2.2.jar:/home/anatole/ycsb/core/target/dependency/jnvm-1.0-SNAPSHOT.jar:/home/anatole/ycsb/core/target/dependency/pcj-1.0.jar:/home/anatole/ycsb/core/target/dependency/unsafe-helper-1.0.jar:/home/anatole/ycsb/infinispan/src/main/conf:/home/anatole/ycsb/infinispan/target/infinispan-binding-0.18.0-SNAPSHOT.jar:/home/anatole/ycsb/infinispan/target/dependency/caffeine-2.6.2.jar:/home/anatole/ycsb/infinispan/target/dependency/gson-2.8.2.jar:/home/anatole/ycsb/infinispan/target/dependency/guava-18.0.jar:/home/anatole/ycsb/infinispan/target/dependency/infinispan-cachestore-jnvm-1.0-SNAPSHOT.jar:/home/anatole/ycsb/infinispan/target/dependency/infinispan-cachestore-pcj-1.0-SNAPSHOT.jar:/home/anatole/ycsb/infinispan/target/dependency/infinispan-client-hotrod-9.4.20.Final.jar:/home/anatole/ycsb/infinispan/target/dependency/infinispan-commons-9.4.20.Final.jar:/home/anatole/ycsb/infinispan/target/dependency/infinispan-core-9.4.20.Final.jar:/home/anatole/ycsb/infinispan/target/dependency/infinispan-persistence-soft-index-9.4.20.Final.jar:/home/anatole/ycsb/infinispan/target/dependency/javax.persistence-api-2.2.jar:/home/anatole/ycsb/infinispan/target/dependency/jboss-logging-3.3.2.Final.jar:/home/anatole/ycsb/infinispan/target/dependency/jboss-marshalling-osgi-2.0.6.Final.jar:/home/anatole/ycsb/infinispan/target/dependency/jboss-transaction-api_1.2_spec-1.1.1.Final.jar:/home/anatole/ycsb/infinispan/target/dependency/jgroups-4.0.21.Final.jar:/home/anatole/ycsb/infinispan/target/dependency/jnvm-1.0-SNAPSHOT.jar:/home/anatole/ycsb/infinispan/target/dependency/metainf-services-1.7.jar:/home/anatole/ycsb/infinispan/target/dependency/netty-buffer-4.1.51.Final.jar:/home/anatole/ycsb/infinispan/target/dependency/netty-codec-4.1.51.Final.jar:/home/anatole/ycsb/infinispan/target/dependency/netty-common-4.1.51.Final.jar:/home/anatole/ycsb/infinispan/target/dependency/netty-handler-4.1.51.Final.jar:/home/anatole/ycsb/infinispan/target/dependency/netty-resolver-4.1.51.Final.jar:/home/anatole/ycsb/infinispan/target/dependency/netty-transport-4.1.51.Final.jar:/home/anatole/ycsb/infinispan/target/dependency/netty-transport-native-epoll-4.1.51.Final-linux-x86_64.jar:/home/anatole/ycsb/infinispan/target/dependency/netty-transport-native-unix-common-4.1.51.Final.jar:/home/anatole/ycsb/infinispan/target/dependency/pcj-1.0.jar:/home/anatole/ycsb/infinispan/target/dependency/reactive-streams-1.0.2.jar:/home/anatole/ycsb/infinispan/target/dependency/rxjava-2.2.4.jar:/home/anatole/ycsb/infinispan/target/dependency/unsafe-helper-1.0.jar site.ycsb.Client -t -db site.ycsb.db.InfinispanClient -P ../workloads/workloadf -preload -s -threads 1 -p dataintegrity=true -p offheap=false -p recordcount=1000000 -p operationcount=3000000 -p fieldcount=10 -p fieldlength=100 -p requestdistribution=zipfian -p measurement.trackjvm=true -p measurementtype=hdrhistogram -p hdrhistogram.output.path=./out/exp7.marshalling.ref/log/infinispan.run.workloadf.true.1000000.1000000.10.100.zipfian.1.false.true.default.default.nullfsvfs.r4.hdr.log
[OVERALL], RunTime(ms), 80439
[OVERALL], Throughput(ops/sec), 49727.12241574361
[TOTAL_GCS_G1_Young_Generation], Count, 43
[TOTAL_GC_TIME_G1_Young_Generation], Time(ms), 4356
[TOTAL_GC_TIME_%_G1_Young_Generation], Time(%), 5.4152836310744785
[TOTAL_GCS_G1_Old_Generation], Count, 0
[TOTAL_GC_TIME_G1_Old_Generation], Time(ms), 0
[TOTAL_GC_TIME_%_G1_Old_Generation], Time(%), 0.0
[TOTAL_GCs], Count, 43
[TOTAL_GC_TIME], Time(ms), 4356
[TOTAL_GC_TIME_%], Time(%), 5.4152836310744785
[MAX_MEM_USED], MBs, 10714
[MIN_MEM_USED], MBs, 54
[MAX_THREADS], Count, 7
[MIN_THREADS], Count, 3
[MAX_SYS_LOAD_AVG], Load, 4.79
[MIN_SYS_LOAD_AVG], Load, 2.64
[THREAD_COUNT], Operations, 10
[THREAD_COUNT], AverageLatency(ns), 6.3
[THREAD_COUNT], MinLatency(ns), 3
[THREAD_COUNT], MaxLatency(ns), 7
[THREAD_COUNT], 95thPercentileLatency(ns), 7
[THREAD_COUNT], 99thPercentileLatency(ns), 7
[SYS_LOAD_AVG], Operations, 10
[SYS_LOAD_AVG], AverageLatency(ns), 2.8
[SYS_LOAD_AVG], MinLatency(ns), 2
[SYS_LOAD_AVG], MaxLatency(ns), 4
[SYS_LOAD_AVG], 95thPercentileLatency(ns), 4
[SYS_LOAD_AVG], 99thPercentileLatency(ns), 4
[READ-MODIFY-WRITE], Operations, 1501540
[READ-MODIFY-WRITE], AverageLatency(ns), 26580.522939115843
[READ-MODIFY-WRITE], MinLatency(ns), 20083
[READ-MODIFY-WRITE], MaxLatency(ns), 182645759
[READ-MODIFY-WRITE], 95thPercentileLatency(ns), 28650
[READ-MODIFY-WRITE], 99thPercentileLatency(ns), 33742
[LOAD], Operations, 1
[LOAD], AverageLatency(ns), 3.54648064E10
[LOAD], MinLatency(ns), 35464675328
[LOAD], MaxLatency(ns), 35464937471
[LOAD], 95thPercentileLatency(ns), 35464937471
[LOAD], 99thPercentileLatency(ns), 35464937471
[USED_MEM_MB], Operations, 10
[USED_MEM_MB], AverageLatency(ns), 6487.0
[USED_MEM_MB], MinLatency(ns), 54
[USED_MEM_MB], MaxLatency(ns), 10714
[USED_MEM_MB], 95thPercentileLatency(ns), 10714
[USED_MEM_MB], 99thPercentileLatency(ns), 10714
[MAIN_GCs_Count], Operations, 1
[MAIN_GCs_Count], AverageLatency(ns), 9.0
[MAIN_GCs_Count], MinLatency(ns), 9
[MAIN_GCs_Count], MaxLatency(ns), 9
[MAIN_GCs_Count], 95thPercentileLatency(ns), 9
[MAIN_GCs_Count], 99thPercentileLatency(ns), 9
[MAIN_GCs_Time(ms)], Operations, 1
[MAIN_GCs_Time(ms)], AverageLatency(ns), 1108.0
[MAIN_GCs_Time(ms)], MinLatency(ns), 1108
[MAIN_GCs_Time(ms)], MaxLatency(ns), 1108
[MAIN_GCs_Time(ms)], 95thPercentileLatency(ns), 1108
[MAIN_GCs_Time(ms)], 99thPercentileLatency(ns), 1108
[TRANSACTION], Operations, 1
[TRANSACTION], AverageLatency(ns), 4.4204163072E10
[TRANSACTION], MinLatency(ns), 44204032000
[TRANSACTION], MaxLatency(ns), 44204294143
[TRANSACTION], 95thPercentileLatency(ns), 44204294143
[TRANSACTION], 99thPercentileLatency(ns), 44204294143
[GCS_TIME], Operations, 10
[GCS_TIME], AverageLatency(ns), 435.6
[GCS_TIME], MinLatency(ns), 0
[GCS_TIME], MaxLatency(ns), 972
[GCS_TIME], 95thPercentileLatency(ns), 972
[GCS_TIME], 99thPercentileLatency(ns), 972
[LOAD_GCs_Time(ms)], Operations, 1
[LOAD_GCs_Time(ms)], AverageLatency(ns), 3214.0
[LOAD_GCs_Time(ms)], MinLatency(ns), 3214
[LOAD_GCs_Time(ms)], MaxLatency(ns), 3214
[LOAD_GCs_Time(ms)], 95thPercentileLatency(ns), 3214
[LOAD_GCs_Time(ms)], 99thPercentileLatency(ns), 3214
[READ], Operations, 3000000
[READ], AverageLatency(ns), 697.684685
[READ], MinLatency(ns), 196
[READ], MaxLatency(ns), 1732247
[READ], 95thPercentileLatency(ns), 1610
[READ], 99thPercentileLatency(ns), 2442
[READ], Return=OK, 3000000
[INIT], Operations, 1
[INIT], AverageLatency(ns), 7.1486464E8
[INIT], MinLatency(ns), 714862592
[INIT], MaxLatency(ns), 714866687
[INIT], 95thPercentileLatency(ns), 714866687
[INIT], 99thPercentileLatency(ns), 714866687
[GCS], Operations, 10
[GCS], AverageLatency(ns), 4.3
[GCS], MinLatency(ns), 0
[GCS], MaxLatency(ns), 18
[GCS], 95thPercentileLatency(ns), 18
[GCS], 99thPercentileLatency(ns), 18
[LOAD_GCs_Count], Operations, 1
[LOAD_GCs_Count], AverageLatency(ns), 32.0
[LOAD_GCs_Count], MinLatency(ns), 32
[LOAD_GCs_Count], MaxLatency(ns), 32
[LOAD_GCs_Count], 95thPercentileLatency(ns), 32
[LOAD_GCs_Count], 99thPercentileLatency(ns), 32
[CLEANUP], Operations, 1
[CLEANUP], AverageLatency(ns), 15852.0
[CLEANUP], MinLatency(ns), 15852
[CLEANUP], MaxLatency(ns), 15852
[CLEANUP], 95thPercentileLatency(ns), 15852
[CLEANUP], 99thPercentileLatency(ns), 15852
[INSERT], Operations, 1000000
[INSERT], AverageLatency(ns), 25057.458953
[INSERT], MinLatency(ns), 19870
[INSERT], MaxLatency(ns), 176265215
[INSERT], 95thPercentileLatency(ns), 25213
[INSERT], 99thPercentileLatency(ns), 42053
[INSERT], Return=OK, 1000000
[UPDATE], Operations, 1501540
[UPDATE], AverageLatency(ns), 25484.864366583643
[UPDATE], MinLatency(ns), 19469
[UPDATE], MaxLatency(ns), 156455935
[UPDATE], 95thPercentileLatency(ns), 27467
[UPDATE], 99thPercentileLatency(ns), 32262
[UPDATE], Return=OK, 1501540
