/home/anatole/jdk8u/build/linux-x86_64-normal-server-release/jdk/bin/java -Xmx20g -XX:+UseG1GC -classpath /home/anatole/ycsb/conf:/home/anatole/ycsb/core/target/core-0.18.0-SNAPSHOT.jar:/home/anatole/ycsb/core/target/dependency/HdrHistogram-2.1.4.jar:/home/anatole/ycsb/core/target/dependency/guava-18.0.jar:/home/anatole/ycsb/core/target/dependency/htrace-core4-4.1.0-incubating.jar:/home/anatole/ycsb/core/target/dependency/jackson-core-asl-1.9.4.jar:/home/anatole/ycsb/core/target/dependency/jackson-mapper-asl-1.9.4.jar:/home/anatole/ycsb/core/target/dependency/javax.persistence-api-2.2.jar:/home/anatole/ycsb/core/target/dependency/jnvm-1.0-SNAPSHOT.jar:/home/anatole/ycsb/core/target/dependency/pcj-1.0.jar:/home/anatole/ycsb/core/target/dependency/unsafe-helper-1.0.jar:/home/anatole/ycsb/infinispan/src/main/conf:/home/anatole/ycsb/infinispan/target/infinispan-binding-0.18.0-SNAPSHOT.jar:/home/anatole/ycsb/infinispan/target/dependency/caffeine-2.6.2.jar:/home/anatole/ycsb/infinispan/target/dependency/gson-2.8.2.jar:/home/anatole/ycsb/infinispan/target/dependency/guava-18.0.jar:/home/anatole/ycsb/infinispan/target/dependency/infinispan-cachestore-jnvm-1.0-SNAPSHOT.jar:/home/anatole/ycsb/infinispan/target/dependency/infinispan-cachestore-pcj-1.0-SNAPSHOT.jar:/home/anatole/ycsb/infinispan/target/dependency/infinispan-client-hotrod-9.4.20.Final.jar:/home/anatole/ycsb/infinispan/target/dependency/infinispan-commons-9.4.20.Final.jar:/home/anatole/ycsb/infinispan/target/dependency/infinispan-core-9.4.20.Final.jar:/home/anatole/ycsb/infinispan/target/dependency/infinispan-persistence-soft-index-9.4.20.Final.jar:/home/anatole/ycsb/infinispan/target/dependency/javax.persistence-api-2.2.jar:/home/anatole/ycsb/infinispan/target/dependency/jboss-logging-3.3.2.Final.jar:/home/anatole/ycsb/infinispan/target/dependency/jboss-marshalling-osgi-2.0.6.Final.jar:/home/anatole/ycsb/infinispan/target/dependency/jboss-transaction-api_1.2_spec-1.1.1.Final.jar:/home/anatole/ycsb/infinispan/target/dependency/jgroups-4.0.21.Final.jar:/home/anatole/ycsb/infinispan/target/dependency/jnvm-1.0-SNAPSHOT.jar:/home/anatole/ycsb/infinispan/target/dependency/metainf-services-1.7.jar:/home/anatole/ycsb/infinispan/target/dependency/netty-buffer-4.1.51.Final.jar:/home/anatole/ycsb/infinispan/target/dependency/netty-codec-4.1.51.Final.jar:/home/anatole/ycsb/infinispan/target/dependency/netty-common-4.1.51.Final.jar:/home/anatole/ycsb/infinispan/target/dependency/netty-handler-4.1.51.Final.jar:/home/anatole/ycsb/infinispan/target/dependency/netty-resolver-4.1.51.Final.jar:/home/anatole/ycsb/infinispan/target/dependency/netty-transport-4.1.51.Final.jar:/home/anatole/ycsb/infinispan/target/dependency/netty-transport-native-epoll-4.1.51.Final-linux-x86_64.jar:/home/anatole/ycsb/infinispan/target/dependency/netty-transport-native-unix-common-4.1.51.Final.jar:/home/anatole/ycsb/infinispan/target/dependency/pcj-1.0.jar:/home/anatole/ycsb/infinispan/target/dependency/reactive-streams-1.0.2.jar:/home/anatole/ycsb/infinispan/target/dependency/rxjava-2.2.4.jar:/home/anatole/ycsb/infinispan/target/dependency/unsafe-helper-1.0.jar site.ycsb.Client -t -db site.ycsb.db.InfinispanClient -P ../workloads/workloadf -preload -s -threads 1 -p dataintegrity=true -p offheap=false -p recordcount=1000000 -p operationcount=3000000 -p fieldcount=10 -p fieldlength=500 -p requestdistribution=zipfian -p measurement.trackjvm=true -p measurementtype=hdrhistogram -p hdrhistogram.output.path=./out/exp7.marshalling.ref/log/infinispan.run.workloadf.true.1000000.100000.10.500.zipfian.1.false.true.default.default.pmem0.r3.hdr.log
[OVERALL], RunTime(ms), 344763
[OVERALL], Throughput(ops/sec), 11602.173087019199
[TOTAL_GCS_G1_Young_Generation], Count, 949
[TOTAL_GC_TIME_G1_Young_Generation], Time(ms), 14879
[TOTAL_GC_TIME_%_G1_Young_Generation], Time(%), 4.315718334043966
[TOTAL_GCS_G1_Old_Generation], Count, 0
[TOTAL_GC_TIME_G1_Old_Generation], Time(ms), 0
[TOTAL_GC_TIME_%_G1_Old_Generation], Time(%), 0.0
[TOTAL_GCs], Count, 949
[TOTAL_GC_TIME], Time(ms), 14879
[TOTAL_GC_TIME_%], Time(%), 4.315718334043966
[MAX_MEM_USED], MBs, 5881
[MIN_MEM_USED], MBs, 48
[MAX_THREADS], Count, 7
[MIN_THREADS], Count, 3
[MAX_SYS_LOAD_AVG], Load, 4.56
[MIN_SYS_LOAD_AVG], Load, 1.49
[THREAD_COUNT], Operations, 36
[THREAD_COUNT], AverageLatency(ns), 5.527777777777778
[THREAD_COUNT], MinLatency(ns), 3
[THREAD_COUNT], MaxLatency(ns), 7
[THREAD_COUNT], 95thPercentileLatency(ns), 7
[THREAD_COUNT], 99thPercentileLatency(ns), 7
[SYS_LOAD_AVG], Operations, 36
[SYS_LOAD_AVG], AverageLatency(ns), 1.8888888888888888
[SYS_LOAD_AVG], MinLatency(ns), 1
[SYS_LOAD_AVG], MaxLatency(ns), 4
[SYS_LOAD_AVG], 95thPercentileLatency(ns), 3
[SYS_LOAD_AVG], 99thPercentileLatency(ns), 4
[READ-MODIFY-WRITE], Operations, 1500716
[READ-MODIFY-WRITE], AverageLatency(ns), 66622.27028631666
[READ-MODIFY-WRITE], MinLatency(ns), 34616
[READ-MODIFY-WRITE], MaxLatency(ns), 241445887
[READ-MODIFY-WRITE], 95thPercentileLatency(ns), 88247
[READ-MODIFY-WRITE], 99thPercentileLatency(ns), 95503
[LOAD], Operations, 1
[LOAD], AverageLatency(ns), 1.85623642112E11
[LOAD], MinLatency(ns), 185623117824
[LOAD], MaxLatency(ns), 185624166399
[LOAD], 95thPercentileLatency(ns), 185624166399
[LOAD], 99thPercentileLatency(ns), 185624166399
[USED_MEM_MB], Operations, 36
[USED_MEM_MB], AverageLatency(ns), 3115.3888888888887
[USED_MEM_MB], MinLatency(ns), 48
[USED_MEM_MB], MaxLatency(ns), 5881
[USED_MEM_MB], 95thPercentileLatency(ns), 5421
[USED_MEM_MB], 99thPercentileLatency(ns), 5881
[MAIN_GCs_Count], Operations, 1
[MAIN_GCs_Count], AverageLatency(ns), 63.0
[MAIN_GCs_Count], MinLatency(ns), 63
[MAIN_GCs_Count], MaxLatency(ns), 63
[MAIN_GCs_Count], 95thPercentileLatency(ns), 63
[MAIN_GCs_Count], 99thPercentileLatency(ns), 63
[MAIN_GCs_Time(ms)], Operations, 1
[MAIN_GCs_Time(ms)], AverageLatency(ns), 5767.0
[MAIN_GCs_Time(ms)], MinLatency(ns), 5767
[MAIN_GCs_Time(ms)], MaxLatency(ns), 5767
[MAIN_GCs_Time(ms)], 95thPercentileLatency(ns), 5767
[MAIN_GCs_Time(ms)], 99thPercentileLatency(ns), 5767
[TRANSACTION], Operations, 1
[TRANSACTION], AverageLatency(ns), 1.584267264E11
[TRANSACTION], MinLatency(ns), 158426202112
[TRANSACTION], MaxLatency(ns), 158427250687
[TRANSACTION], 95thPercentileLatency(ns), 158427250687
[TRANSACTION], 99thPercentileLatency(ns), 158427250687
[GCS_TIME], Operations, 36
[GCS_TIME], AverageLatency(ns), 413.30555555555554
[GCS_TIME], MinLatency(ns), 0
[GCS_TIME], MaxLatency(ns), 797
[GCS_TIME], 95thPercentileLatency(ns), 750
[GCS_TIME], 99thPercentileLatency(ns), 797
[LOAD_GCs_Time(ms)], Operations, 1
[LOAD_GCs_Time(ms)], AverageLatency(ns), 9094.0
[LOAD_GCs_Time(ms)], MinLatency(ns), 9094
[LOAD_GCs_Time(ms)], MaxLatency(ns), 9094
[LOAD_GCs_Time(ms)], 95thPercentileLatency(ns), 9094
[LOAD_GCs_Time(ms)], 99thPercentileLatency(ns), 9094
[READ], Operations, 3000000
[READ], AverageLatency(ns), 24688.943461
[READ], MinLatency(ns), 218
[READ], MaxLatency(ns), 137251839
[READ], 95thPercentileLatency(ns), 47866
[READ], 99thPercentileLatency(ns), 51697
[READ], Return=OK, 3000000
[INIT], Operations, 1
[INIT], AverageLatency(ns), 6.56275456E8
[INIT], MinLatency(ns), 656273408
[INIT], MaxLatency(ns), 656277503
[INIT], 95thPercentileLatency(ns), 656277503
[INIT], 99thPercentileLatency(ns), 656277503
[GCS], Operations, 36
[GCS], AverageLatency(ns), 26.36111111111111
[GCS], MinLatency(ns), 0
[GCS], MaxLatency(ns), 89
[GCS], 95thPercentileLatency(ns), 84
[GCS], 99thPercentileLatency(ns), 89
[LOAD_GCs_Count], Operations, 1
[LOAD_GCs_Count], AverageLatency(ns), 885.0
[LOAD_GCs_Count], MinLatency(ns), 885
[LOAD_GCs_Count], MaxLatency(ns), 885
[LOAD_GCs_Count], 95thPercentileLatency(ns), 885
[LOAD_GCs_Count], 99thPercentileLatency(ns), 885
[CLEANUP], Operations, 1
[CLEANUP], AverageLatency(ns), 17689.0
[CLEANUP], MinLatency(ns), 17689
[CLEANUP], MaxLatency(ns), 17689
[CLEANUP], 95thPercentileLatency(ns), 17689
[CLEANUP], 99thPercentileLatency(ns), 17689
[INSERT], Operations, 1000000
[INSERT], AverageLatency(ns), 52086.53409
[INSERT], MinLatency(ns), 38918
[INSERT], MaxLatency(ns), 88248319
[INSERT], 95thPercentileLatency(ns), 61551
[INSERT], 99thPercentileLatency(ns), 78080
[INSERT], Return=OK, 1000000
[UPDATE], Operations, 1500716
[UPDATE], AverageLatency(ns), 41208.596194749705
[UPDATE], MinLatency(ns), 33709
[UPDATE], MaxLatency(ns), 232152063
[UPDATE], 95thPercentileLatency(ns), 43570
[UPDATE], 99thPercentileLatency(ns), 48957
[UPDATE], Return=OK, 1500716
