/home/anatole/jdk8u/build/linux-x86_64-normal-server-release/jdk/bin/java -Xmx20g -XX:+UseG1GC -classpath /home/anatole/ycsb/conf:/home/anatole/ycsb/core/target/core-0.18.0-SNAPSHOT.jar:/home/anatole/ycsb/core/target/dependency/HdrHistogram-2.1.4.jar:/home/anatole/ycsb/core/target/dependency/guava-18.0.jar:/home/anatole/ycsb/core/target/dependency/htrace-core4-4.1.0-incubating.jar:/home/anatole/ycsb/core/target/dependency/jackson-core-asl-1.9.4.jar:/home/anatole/ycsb/core/target/dependency/jackson-mapper-asl-1.9.4.jar:/home/anatole/ycsb/core/target/dependency/javax.persistence-api-2.2.jar:/home/anatole/ycsb/core/target/dependency/jnvm-1.0-SNAPSHOT.jar:/home/anatole/ycsb/core/target/dependency/pcj-1.0.jar:/home/anatole/ycsb/core/target/dependency/unsafe-helper-1.0.jar:/home/anatole/ycsb/infinispan/src/main/conf:/home/anatole/ycsb/infinispan/target/infinispan-binding-0.18.0-SNAPSHOT.jar:/home/anatole/ycsb/infinispan/target/dependency/caffeine-2.6.2.jar:/home/anatole/ycsb/infinispan/target/dependency/gson-2.8.2.jar:/home/anatole/ycsb/infinispan/target/dependency/guava-18.0.jar:/home/anatole/ycsb/infinispan/target/dependency/infinispan-cachestore-jnvm-1.0-SNAPSHOT.jar:/home/anatole/ycsb/infinispan/target/dependency/infinispan-cachestore-pcj-1.0-SNAPSHOT.jar:/home/anatole/ycsb/infinispan/target/dependency/infinispan-client-hotrod-9.4.20.Final.jar:/home/anatole/ycsb/infinispan/target/dependency/infinispan-commons-9.4.20.Final.jar:/home/anatole/ycsb/infinispan/target/dependency/infinispan-core-9.4.20.Final.jar:/home/anatole/ycsb/infinispan/target/dependency/infinispan-persistence-soft-index-9.4.20.Final.jar:/home/anatole/ycsb/infinispan/target/dependency/javax.persistence-api-2.2.jar:/home/anatole/ycsb/infinispan/target/dependency/jboss-logging-3.3.2.Final.jar:/home/anatole/ycsb/infinispan/target/dependency/jboss-marshalling-osgi-2.0.6.Final.jar:/home/anatole/ycsb/infinispan/target/dependency/jboss-transaction-api_1.2_spec-1.1.1.Final.jar:/home/anatole/ycsb/infinispan/target/dependency/jgroups-4.0.21.Final.jar:/home/anatole/ycsb/infinispan/target/dependency/jnvm-1.0-SNAPSHOT.jar:/home/anatole/ycsb/infinispan/target/dependency/metainf-services-1.7.jar:/home/anatole/ycsb/infinispan/target/dependency/netty-buffer-4.1.51.Final.jar:/home/anatole/ycsb/infinispan/target/dependency/netty-codec-4.1.51.Final.jar:/home/anatole/ycsb/infinispan/target/dependency/netty-common-4.1.51.Final.jar:/home/anatole/ycsb/infinispan/target/dependency/netty-handler-4.1.51.Final.jar:/home/anatole/ycsb/infinispan/target/dependency/netty-resolver-4.1.51.Final.jar:/home/anatole/ycsb/infinispan/target/dependency/netty-transport-4.1.51.Final.jar:/home/anatole/ycsb/infinispan/target/dependency/netty-transport-native-epoll-4.1.51.Final-linux-x86_64.jar:/home/anatole/ycsb/infinispan/target/dependency/netty-transport-native-unix-common-4.1.51.Final.jar:/home/anatole/ycsb/infinispan/target/dependency/pcj-1.0.jar:/home/anatole/ycsb/infinispan/target/dependency/reactive-streams-1.0.2.jar:/home/anatole/ycsb/infinispan/target/dependency/rxjava-2.2.4.jar:/home/anatole/ycsb/infinispan/target/dependency/unsafe-helper-1.0.jar site.ycsb.Client -t -db site.ycsb.db.InfinispanClient -P ../workloads/workloadf -preload -s -threads 1 -p dataintegrity=true -p offheap=false -p recordcount=1000000 -p operationcount=3000000 -p fieldcount=10 -p fieldlength=800 -p requestdistribution=zipfian -p measurement.trackjvm=true -p measurementtype=hdrhistogram -p hdrhistogram.output.path=./out/exp7.marshalling.ref/log/infinispan.run.workloadf.true.1000000.100000.10.800.zipfian.1.false.true.default.default.tmpfs.r1.hdr.log
[OVERALL], RunTime(ms), 566471
[OVERALL], Throughput(ops/sec), 7061.26174155429
[TOTAL_GCS_G1_Young_Generation], Count, 428
[TOTAL_GC_TIME_G1_Young_Generation], Time(ms), 16014
[TOTAL_GC_TIME_%_G1_Young_Generation], Time(%), 2.82697613823126
[TOTAL_GCS_G1_Old_Generation], Count, 0
[TOTAL_GC_TIME_G1_Old_Generation], Time(ms), 0
[TOTAL_GC_TIME_%_G1_Old_Generation], Time(%), 0.0
[TOTAL_GCs], Count, 428
[TOTAL_GC_TIME], Time(ms), 16014
[TOTAL_GC_TIME_%], Time(%), 2.82697613823126
[MAX_MEM_USED], MBs, 6025
[MIN_MEM_USED], MBs, 50
[MAX_THREADS], Count, 7
[MIN_THREADS], Count, 3
[MAX_SYS_LOAD_AVG], Load, 4.07
[MIN_SYS_LOAD_AVG], Load, 1.05
[THREAD_COUNT], Operations, 58
[THREAD_COUNT], AverageLatency(ns), 5.327586206896552
[THREAD_COUNT], MinLatency(ns), 3
[THREAD_COUNT], MaxLatency(ns), 7
[THREAD_COUNT], 95thPercentileLatency(ns), 7
[THREAD_COUNT], 99thPercentileLatency(ns), 7
[SYS_LOAD_AVG], Operations, 58
[SYS_LOAD_AVG], AverageLatency(ns), 1.396551724137931
[SYS_LOAD_AVG], MinLatency(ns), 1
[SYS_LOAD_AVG], MaxLatency(ns), 4
[SYS_LOAD_AVG], 95thPercentileLatency(ns), 3
[SYS_LOAD_AVG], 99thPercentileLatency(ns), 3
[READ-MODIFY-WRITE], Operations, 1499884
[READ-MODIFY-WRITE], AverageLatency(ns), 86392.74395886615
[READ-MODIFY-WRITE], MinLatency(ns), 51592
[READ-MODIFY-WRITE], MaxLatency(ns), 217141247
[READ-MODIFY-WRITE], 95thPercentileLatency(ns), 109431
[READ-MODIFY-WRITE], 99thPercentileLatency(ns), 125409
[LOAD], Operations, 1
[LOAD], AverageLatency(ns), 3.47245379584E11
[LOAD], MinLatency(ns), 347244331008
[LOAD], MaxLatency(ns), 347246428159
[LOAD], 95thPercentileLatency(ns), 347246428159
[LOAD], 99thPercentileLatency(ns), 347246428159
[USED_MEM_MB], Operations, 58
[USED_MEM_MB], AverageLatency(ns), 4256.293103448276
[USED_MEM_MB], MinLatency(ns), 50
[USED_MEM_MB], MaxLatency(ns), 6025
[USED_MEM_MB], 95thPercentileLatency(ns), 5871
[USED_MEM_MB], 99thPercentileLatency(ns), 6006
[MAIN_GCs_Count], Operations, 1
[MAIN_GCs_Count], AverageLatency(ns), 121.0
[MAIN_GCs_Count], MinLatency(ns), 121
[MAIN_GCs_Count], MaxLatency(ns), 121
[MAIN_GCs_Count], 95thPercentileLatency(ns), 121
[MAIN_GCs_Count], 99thPercentileLatency(ns), 121
[MAIN_GCs_Time(ms)], Operations, 1
[MAIN_GCs_Time(ms)], AverageLatency(ns), 9031.0
[MAIN_GCs_Time(ms)], MinLatency(ns), 9031
[MAIN_GCs_Time(ms)], MaxLatency(ns), 9031
[MAIN_GCs_Time(ms)], 95thPercentileLatency(ns), 9031
[MAIN_GCs_Time(ms)], 99thPercentileLatency(ns), 9031
[TRANSACTION], Operations, 1
[TRANSACTION], AverageLatency(ns), 2.1837381632E11
[TRANSACTION], MinLatency(ns), 218373292032
[TRANSACTION], MaxLatency(ns), 218374340607
[TRANSACTION], 95thPercentileLatency(ns), 218374340607
[TRANSACTION], 99thPercentileLatency(ns), 218374340607
[GCS_TIME], Operations, 58
[GCS_TIME], AverageLatency(ns), 276.1034482758621
[GCS_TIME], MinLatency(ns), 0
[GCS_TIME], MaxLatency(ns), 828
[GCS_TIME], 95thPercentileLatency(ns), 641
[GCS_TIME], 99thPercentileLatency(ns), 714
[LOAD_GCs_Time(ms)], Operations, 1
[LOAD_GCs_Time(ms)], AverageLatency(ns), 6837.0
[LOAD_GCs_Time(ms)], MinLatency(ns), 6837
[LOAD_GCs_Time(ms)], MaxLatency(ns), 6837
[LOAD_GCs_Time(ms)], 95thPercentileLatency(ns), 6837
[LOAD_GCs_Time(ms)], 99thPercentileLatency(ns), 6837
[READ], Operations, 3000000
[READ], AverageLatency(ns), 27089.901948
[READ], MinLatency(ns), 242
[READ], MaxLatency(ns), 152566783
[READ], 95thPercentileLatency(ns), 51866
[READ], 99thPercentileLatency(ns), 58556
[READ], Return=OK, 3000000
[INIT], Operations, 1
[INIT], AverageLatency(ns), 6.63640064E8
[INIT], MinLatency(ns), 663638016
[INIT], MaxLatency(ns), 663642111
[INIT], 95thPercentileLatency(ns), 663642111
[INIT], 99thPercentileLatency(ns), 663642111
[GCS], Operations, 58
[GCS], AverageLatency(ns), 7.379310344827586
[GCS], MinLatency(ns), 0
[GCS], MaxLatency(ns), 75
[GCS], 95thPercentileLatency(ns), 9
[GCS], 99thPercentileLatency(ns), 32
[LOAD_GCs_Count], Operations, 1
[LOAD_GCs_Count], AverageLatency(ns), 304.0
[LOAD_GCs_Count], MinLatency(ns), 304
[LOAD_GCs_Count], MaxLatency(ns), 304
[LOAD_GCs_Count], 95thPercentileLatency(ns), 304
[LOAD_GCs_Count], 99thPercentileLatency(ns), 304
[CLEANUP], Operations, 1
[CLEANUP], AverageLatency(ns), 28202.0
[CLEANUP], MinLatency(ns), 28202
[CLEANUP], MaxLatency(ns), 28202
[CLEANUP], 95thPercentileLatency(ns), 28202
[CLEANUP], 99thPercentileLatency(ns), 28202
[INSERT], Operations, 1000000
[INSERT], AverageLatency(ns), 59526.094456
[INSERT], MinLatency(ns), 51979
[INSERT], MaxLatency(ns), 68177919
[INSERT], 95thPercentileLatency(ns), 61876
[INSERT], 99thPercentileLatency(ns), 80754
[INSERT], Return=OK, 1000000
[UPDATE], Operations, 1499884
[UPDATE], AverageLatency(ns), 58558.15348386942
[UPDATE], MinLatency(ns), 50850
[UPDATE], MaxLatency(ns), 126167039
[UPDATE], 95thPercentileLatency(ns), 61064
[UPDATE], 99thPercentileLatency(ns), 71077
[UPDATE], Return=OK, 1499884
