/home/anatole/jdk8u/build/linux-x86_64-normal-server-release/jdk/bin/java -Xmx100g -XX:+UseG1GC -XX:InitiatingHeapOccupancyPercent=15 -classpath /home/anatole/ycsb/conf:/home/anatole/ycsb/core/target/core-0.18.0-SNAPSHOT.jar:/home/anatole/ycsb/core/target/dependency/HdrHistogram-2.1.4.jar:/home/anatole/ycsb/core/target/dependency/guava-18.0.jar:/home/anatole/ycsb/core/target/dependency/htrace-core4-4.1.0-incubating.jar:/home/anatole/ycsb/core/target/dependency/jackson-core-asl-1.9.4.jar:/home/anatole/ycsb/core/target/dependency/jackson-mapper-asl-1.9.4.jar:/home/anatole/ycsb/core/target/dependency/javax.persistence-api-2.2.jar:/home/anatole/ycsb/core/target/dependency/jnvm-1.0-SNAPSHOT.jar:/home/anatole/ycsb/core/target/dependency/pcj-1.0.jar:/home/anatole/ycsb/core/target/dependency/unsafe-helper-1.0.jar:/home/anatole/ycsb/infinispan/src/main/conf:/home/anatole/ycsb/infinispan/target/infinispan-binding-0.18.0-SNAPSHOT.jar:/home/anatole/ycsb/infinispan/target/dependency/caffeine-2.6.2.jar:/home/anatole/ycsb/infinispan/target/dependency/gson-2.8.2.jar:/home/anatole/ycsb/infinispan/target/dependency/guava-18.0.jar:/home/anatole/ycsb/infinispan/target/dependency/infinispan-cachestore-jnvm-1.0-SNAPSHOT.jar:/home/anatole/ycsb/infinispan/target/dependency/infinispan-cachestore-pcj-1.0-SNAPSHOT.jar:/home/anatole/ycsb/infinispan/target/dependency/infinispan-client-hotrod-9.4.20.Final.jar:/home/anatole/ycsb/infinispan/target/dependency/infinispan-commons-9.4.20.Final.jar:/home/anatole/ycsb/infinispan/target/dependency/infinispan-core-9.4.20.Final.jar:/home/anatole/ycsb/infinispan/target/dependency/infinispan-persistence-soft-index-9.4.20.Final.jar:/home/anatole/ycsb/infinispan/target/dependency/javax.persistence-api-2.2.jar:/home/anatole/ycsb/infinispan/target/dependency/jboss-logging-3.3.2.Final.jar:/home/anatole/ycsb/infinispan/target/dependency/jboss-marshalling-osgi-2.0.6.Final.jar:/home/anatole/ycsb/infinispan/target/dependency/jboss-transaction-api_1.2_spec-1.1.1.Final.jar:/home/anatole/ycsb/infinispan/target/dependency/jgroups-4.0.21.Final.jar:/home/anatole/ycsb/infinispan/target/dependency/jnvm-1.0-SNAPSHOT.jar:/home/anatole/ycsb/infinispan/target/dependency/metainf-services-1.7.jar:/home/anatole/ycsb/infinispan/target/dependency/netty-buffer-4.1.51.Final.jar:/home/anatole/ycsb/infinispan/target/dependency/netty-codec-4.1.51.Final.jar:/home/anatole/ycsb/infinispan/target/dependency/netty-common-4.1.51.Final.jar:/home/anatole/ycsb/infinispan/target/dependency/netty-handler-4.1.51.Final.jar:/home/anatole/ycsb/infinispan/target/dependency/netty-resolver-4.1.51.Final.jar:/home/anatole/ycsb/infinispan/target/dependency/netty-transport-4.1.51.Final.jar:/home/anatole/ycsb/infinispan/target/dependency/netty-transport-native-epoll-4.1.51.Final-linux-x86_64.jar:/home/anatole/ycsb/infinispan/target/dependency/netty-transport-native-unix-common-4.1.51.Final.jar:/home/anatole/ycsb/infinispan/target/dependency/pcj-1.0.jar:/home/anatole/ycsb/infinispan/target/dependency/reactive-streams-1.0.2.jar:/home/anatole/ycsb/infinispan/target/dependency/rxjava-2.2.4.jar:/home/anatole/ycsb/infinispan/target/dependency/unsafe-helper-1.0.jar site.ycsb.Client -t -db site.ycsb.db.InfinispanClient -P ../workloads/workloadf -preload -s -threads 1 -p dataintegrity=true -p offheap=false -p recordcount=1000000 -p operationcount=3000000 -p fieldcount=10 -p fieldlength=1000 -p requestdistribution=zipfian -p measurement.trackjvm=true -p measurementtype=hdrhistogram -p hdrhistogram.output.path=./out/exp7.marshalling.ref/log/infinispan.run.workloadf.true.1000000.1000000.10.1000.zipfian.1.false.true.default.default.pmem0.r5.hdr.log
[OVERALL], RunTime(ms), 758732
[OVERALL], Throughput(ops/sec), 5271.953733334036
[TOTAL_GCS_G1_Young_Generation], Count, 1804
[TOTAL_GC_TIME_G1_Young_Generation], Time(ms), 41696
[TOTAL_GC_TIME_%_G1_Young_Generation], Time(%), 5.495484571627399
[TOTAL_GCS_G1_Old_Generation], Count, 0
[TOTAL_GC_TIME_G1_Old_Generation], Time(ms), 0
[TOTAL_GC_TIME_%_G1_Old_Generation], Time(%), 0.0
[TOTAL_GCs], Count, 1804
[TOTAL_GC_TIME], Time(ms), 41696
[TOTAL_GC_TIME_%], Time(%), 5.495484571627399
[MAX_MEM_USED], MBs, 25451
[MIN_MEM_USED], MBs, 54
[MAX_THREADS], Count, 7
[MIN_THREADS], Count, 3
[MAX_SYS_LOAD_AVG], Load, 7.38
[MIN_SYS_LOAD_AVG], Load, 1.84
[THREAD_COUNT], Operations, 77
[THREAD_COUNT], AverageLatency(ns), 5.246753246753247
[THREAD_COUNT], MinLatency(ns), 3
[THREAD_COUNT], MaxLatency(ns), 7
[THREAD_COUNT], 95thPercentileLatency(ns), 7
[THREAD_COUNT], 99thPercentileLatency(ns), 7
[SYS_LOAD_AVG], Operations, 77
[SYS_LOAD_AVG], AverageLatency(ns), 2.5714285714285716
[SYS_LOAD_AVG], MinLatency(ns), 1
[SYS_LOAD_AVG], MaxLatency(ns), 7
[SYS_LOAD_AVG], 95thPercentileLatency(ns), 5
[SYS_LOAD_AVG], 99thPercentileLatency(ns), 6
[READ-MODIFY-WRITE], Operations, 1500653
[READ-MODIFY-WRITE], AverageLatency(ns), 72487.11341862509
[READ-MODIFY-WRITE], MinLatency(ns), 57215
[READ-MODIFY-WRITE], MaxLatency(ns), 155807743
[READ-MODIFY-WRITE], 95thPercentileLatency(ns), 83125
[READ-MODIFY-WRITE], 99thPercentileLatency(ns), 94283
[LOAD], Operations, 1
[LOAD], AverageLatency(ns), 5.72033859584E11
[LOAD], MinLatency(ns), 572031762432
[LOAD], MaxLatency(ns), 572035956735
[LOAD], 95thPercentileLatency(ns), 572035956735
[LOAD], 99thPercentileLatency(ns), 572035956735
[USED_MEM_MB], Operations, 77
[USED_MEM_MB], AverageLatency(ns), 15262.805194805194
[USED_MEM_MB], MinLatency(ns), 54
[USED_MEM_MB], MaxLatency(ns), 25451
[USED_MEM_MB], 95thPercentileLatency(ns), 24920
[USED_MEM_MB], 99thPercentileLatency(ns), 25432
[MAIN_GCs_Count], Operations, 1
[MAIN_GCs_Count], AverageLatency(ns), 190.0
[MAIN_GCs_Count], MinLatency(ns), 190
[MAIN_GCs_Count], MaxLatency(ns), 190
[MAIN_GCs_Count], 95thPercentileLatency(ns), 190
[MAIN_GCs_Count], 99thPercentileLatency(ns), 190
[MAIN_GCs_Time(ms)], Operations, 1
[MAIN_GCs_Time(ms)], AverageLatency(ns), 9057.0
[MAIN_GCs_Time(ms)], MinLatency(ns), 9057
[MAIN_GCs_Time(ms)], MaxLatency(ns), 9057
[MAIN_GCs_Time(ms)], 95thPercentileLatency(ns), 9057
[MAIN_GCs_Time(ms)], 99thPercentileLatency(ns), 9057
[TRANSACTION], Operations, 1
[TRANSACTION], AverageLatency(ns), 1.85028050944E11
[TRANSACTION], MinLatency(ns), 185027526656
[TRANSACTION], MaxLatency(ns), 185028575231
[TRANSACTION], 95thPercentileLatency(ns), 185028575231
[TRANSACTION], 99thPercentileLatency(ns), 185028575231
[GCS_TIME], Operations, 77
[GCS_TIME], AverageLatency(ns), 541.5064935064935
[GCS_TIME], MinLatency(ns), 0
[GCS_TIME], MaxLatency(ns), 746
[GCS_TIME], 95thPercentileLatency(ns), 693
[GCS_TIME], 99thPercentileLatency(ns), 728
[LOAD_GCs_Time(ms)], Operations, 1
[LOAD_GCs_Time(ms)], AverageLatency(ns), 32527.0
[LOAD_GCs_Time(ms)], MinLatency(ns), 32527
[LOAD_GCs_Time(ms)], MaxLatency(ns), 32527
[LOAD_GCs_Time(ms)], 95thPercentileLatency(ns), 32527
[LOAD_GCs_Time(ms)], 99thPercentileLatency(ns), 32527
[READ], Operations, 3000000
[READ], AverageLatency(ns), 857.7476083333333
[READ], MinLatency(ns), 211
[READ], MaxLatency(ns), 23948799
[READ], 95thPercentileLatency(ns), 2019
[READ], 99thPercentileLatency(ns), 3160
[READ], Return=OK, 3000000
[INIT], Operations, 1
[INIT], AverageLatency(ns), 1.516621824E9
[INIT], MinLatency(ns), 1516617728
[INIT], MaxLatency(ns), 1516625919
[INIT], 95thPercentileLatency(ns), 1516625919
[INIT], 99thPercentileLatency(ns), 1516625919
[GCS], Operations, 77
[GCS], AverageLatency(ns), 23.428571428571427
[GCS], MinLatency(ns), 0
[GCS], MaxLatency(ns), 108
[GCS], 95thPercentileLatency(ns), 47
[GCS], 99thPercentileLatency(ns), 95
[LOAD_GCs_Count], Operations, 1
[LOAD_GCs_Count], AverageLatency(ns), 1610.0
[LOAD_GCs_Count], MinLatency(ns), 1610
[LOAD_GCs_Count], MaxLatency(ns), 1610
[LOAD_GCs_Count], 95thPercentileLatency(ns), 1610
[LOAD_GCs_Count], 99thPercentileLatency(ns), 1610
[CLEANUP], Operations, 1
[CLEANUP], AverageLatency(ns), 44974.0
[CLEANUP], MinLatency(ns), 44974
[CLEANUP], MaxLatency(ns), 44974
[CLEANUP], 95thPercentileLatency(ns), 44974
[CLEANUP], 99thPercentileLatency(ns), 44974
[INSERT], Operations, 1000000
[INSERT], AverageLatency(ns), 90676.176102
[INSERT], MinLatency(ns), 68413
[INSERT], MaxLatency(ns), 144563199
[INSERT], 95thPercentileLatency(ns), 100000
[INSERT], 99thPercentileLatency(ns), 124560
[INSERT], Return=OK, 1000000
[UPDATE], Operations, 1500653
[UPDATE], AverageLatency(ns), 70597.03406716943
[UPDATE], MinLatency(ns), 56374
[UPDATE], MaxLatency(ns), 108403199
[UPDATE], 95thPercentileLatency(ns), 81493
[UPDATE], 99thPercentileLatency(ns), 92387
[UPDATE], Return=OK, 1500653
