/home/anatole/jdk8u/build/linux-x86_64-normal-server-release/jdk/bin/java -Xmx20g -XX:+UseG1GC -classpath /home/anatole/ycsb/conf:/home/anatole/ycsb/core/target/core-0.18.0-SNAPSHOT.jar:/home/anatole/ycsb/core/target/dependency/HdrHistogram-2.1.4.jar:/home/anatole/ycsb/core/target/dependency/guava-18.0.jar:/home/anatole/ycsb/core/target/dependency/htrace-core4-4.1.0-incubating.jar:/home/anatole/ycsb/core/target/dependency/jackson-core-asl-1.9.4.jar:/home/anatole/ycsb/core/target/dependency/jackson-mapper-asl-1.9.4.jar:/home/anatole/ycsb/core/target/dependency/javax.persistence-api-2.2.jar:/home/anatole/ycsb/core/target/dependency/jnvm-1.0-SNAPSHOT.jar:/home/anatole/ycsb/core/target/dependency/pcj-1.0.jar:/home/anatole/ycsb/core/target/dependency/unsafe-helper-1.0.jar:/home/anatole/ycsb/infinispan/src/main/conf:/home/anatole/ycsb/infinispan/target/infinispan-binding-0.18.0-SNAPSHOT.jar:/home/anatole/ycsb/infinispan/target/dependency/caffeine-2.6.2.jar:/home/anatole/ycsb/infinispan/target/dependency/gson-2.8.2.jar:/home/anatole/ycsb/infinispan/target/dependency/guava-18.0.jar:/home/anatole/ycsb/infinispan/target/dependency/infinispan-cachestore-jnvm-1.0-SNAPSHOT.jar:/home/anatole/ycsb/infinispan/target/dependency/infinispan-cachestore-pcj-1.0-SNAPSHOT.jar:/home/anatole/ycsb/infinispan/target/dependency/infinispan-client-hotrod-9.4.20.Final.jar:/home/anatole/ycsb/infinispan/target/dependency/infinispan-commons-9.4.20.Final.jar:/home/anatole/ycsb/infinispan/target/dependency/infinispan-core-9.4.20.Final.jar:/home/anatole/ycsb/infinispan/target/dependency/infinispan-persistence-soft-index-9.4.20.Final.jar:/home/anatole/ycsb/infinispan/target/dependency/javax.persistence-api-2.2.jar:/home/anatole/ycsb/infinispan/target/dependency/jboss-logging-3.3.2.Final.jar:/home/anatole/ycsb/infinispan/target/dependency/jboss-marshalling-osgi-2.0.6.Final.jar:/home/anatole/ycsb/infinispan/target/dependency/jboss-transaction-api_1.2_spec-1.1.1.Final.jar:/home/anatole/ycsb/infinispan/target/dependency/jgroups-4.0.21.Final.jar:/home/anatole/ycsb/infinispan/target/dependency/jnvm-1.0-SNAPSHOT.jar:/home/anatole/ycsb/infinispan/target/dependency/metainf-services-1.7.jar:/home/anatole/ycsb/infinispan/target/dependency/netty-buffer-4.1.51.Final.jar:/home/anatole/ycsb/infinispan/target/dependency/netty-codec-4.1.51.Final.jar:/home/anatole/ycsb/infinispan/target/dependency/netty-common-4.1.51.Final.jar:/home/anatole/ycsb/infinispan/target/dependency/netty-handler-4.1.51.Final.jar:/home/anatole/ycsb/infinispan/target/dependency/netty-resolver-4.1.51.Final.jar:/home/anatole/ycsb/infinispan/target/dependency/netty-transport-4.1.51.Final.jar:/home/anatole/ycsb/infinispan/target/dependency/netty-transport-native-epoll-4.1.51.Final-linux-x86_64.jar:/home/anatole/ycsb/infinispan/target/dependency/netty-transport-native-unix-common-4.1.51.Final.jar:/home/anatole/ycsb/infinispan/target/dependency/pcj-1.0.jar:/home/anatole/ycsb/infinispan/target/dependency/reactive-streams-1.0.2.jar:/home/anatole/ycsb/infinispan/target/dependency/rxjava-2.2.4.jar:/home/anatole/ycsb/infinispan/target/dependency/unsafe-helper-1.0.jar site.ycsb.Client -t -db site.ycsb.db.InfinispanClient -P ../workloads/workloadf -preload -s -threads 1 -p dataintegrity=true -p offheap=false -p recordcount=1000000 -p operationcount=3000000 -p fieldcount=10 -p fieldlength=800 -p requestdistribution=zipfian -p measurement.trackjvm=true -p measurementtype=hdrhistogram -p hdrhistogram.output.path=./out/exp7.marshalling.ref/log/infinispan.run.workloadf.true.1000000.100000.10.800.zipfian.1.false.true.default.default.pmem0.r1.hdr.log
[OVERALL], RunTime(ms), 590684
[OVERALL], Throughput(ops/sec), 6771.810308049651
[TOTAL_GCS_G1_Young_Generation], Count, 408
[TOTAL_GC_TIME_G1_Young_Generation], Time(ms), 15103
[TOTAL_GC_TIME_%_G1_Young_Generation], Time(%), 2.556866277061847
[TOTAL_GCS_G1_Old_Generation], Count, 0
[TOTAL_GC_TIME_G1_Old_Generation], Time(ms), 0
[TOTAL_GC_TIME_%_G1_Old_Generation], Time(%), 0.0
[TOTAL_GCs], Count, 408
[TOTAL_GC_TIME], Time(ms), 15103
[TOTAL_GC_TIME_%], Time(%), 2.556866277061847
[MAX_MEM_USED], MBs, 6379
[MIN_MEM_USED], MBs, 48
[MAX_THREADS], Count, 7
[MIN_THREADS], Count, 3
[MAX_SYS_LOAD_AVG], Load, 3.07
[MIN_SYS_LOAD_AVG], Load, 1.02
[THREAD_COUNT], Operations, 61
[THREAD_COUNT], AverageLatency(ns), 5.295081967213115
[THREAD_COUNT], MinLatency(ns), 3
[THREAD_COUNT], MaxLatency(ns), 7
[THREAD_COUNT], 95thPercentileLatency(ns), 7
[THREAD_COUNT], 99thPercentileLatency(ns), 7
[SYS_LOAD_AVG], Operations, 61
[SYS_LOAD_AVG], AverageLatency(ns), 1.098360655737705
[SYS_LOAD_AVG], MinLatency(ns), 1
[SYS_LOAD_AVG], MaxLatency(ns), 3
[SYS_LOAD_AVG], 95thPercentileLatency(ns), 2
[SYS_LOAD_AVG], 99thPercentileLatency(ns), 2
[READ-MODIFY-WRITE], Operations, 1500825
[READ-MODIFY-WRITE], AverageLatency(ns), 92668.24676361335
[READ-MODIFY-WRITE], MinLatency(ns), 55177
[READ-MODIFY-WRITE], MaxLatency(ns), 239520767
[READ-MODIFY-WRITE], 95thPercentileLatency(ns), 116131
[READ-MODIFY-WRITE], 99thPercentileLatency(ns), 130212
[LOAD], Operations, 1
[LOAD], AverageLatency(ns), 3.62013523968E11
[LOAD], MinLatency(ns), 362012475392
[LOAD], MaxLatency(ns), 362014572543
[LOAD], 95thPercentileLatency(ns), 362014572543
[LOAD], 99thPercentileLatency(ns), 362014572543
[USED_MEM_MB], Operations, 61
[USED_MEM_MB], AverageLatency(ns), 4172.459016393443
[USED_MEM_MB], MinLatency(ns), 48
[USED_MEM_MB], MaxLatency(ns), 6379
[USED_MEM_MB], 95thPercentileLatency(ns), 5861
[USED_MEM_MB], 99thPercentileLatency(ns), 6293
[MAIN_GCs_Count], Operations, 1
[MAIN_GCs_Count], AverageLatency(ns), 122.0
[MAIN_GCs_Count], MinLatency(ns), 122
[MAIN_GCs_Count], MaxLatency(ns), 122
[MAIN_GCs_Count], 95thPercentileLatency(ns), 122
[MAIN_GCs_Count], 99thPercentileLatency(ns), 122
[MAIN_GCs_Time(ms)], Operations, 1
[MAIN_GCs_Time(ms)], AverageLatency(ns), 8884.0
[MAIN_GCs_Time(ms)], MinLatency(ns), 8884
[MAIN_GCs_Time(ms)], MaxLatency(ns), 8884
[MAIN_GCs_Time(ms)], 95thPercentileLatency(ns), 8884
[MAIN_GCs_Time(ms)], 99thPercentileLatency(ns), 8884
[TRANSACTION], Operations, 1
[TRANSACTION], AverageLatency(ns), 2.27943120896E11
[TRANSACTION], MinLatency(ns), 227942596608
[TRANSACTION], MaxLatency(ns), 227943645183
[TRANSACTION], 95thPercentileLatency(ns), 227943645183
[TRANSACTION], 99thPercentileLatency(ns), 227943645183
[GCS_TIME], Operations, 61
[GCS_TIME], AverageLatency(ns), 247.59016393442624
[GCS_TIME], MinLatency(ns), 0
[GCS_TIME], MaxLatency(ns), 679
[GCS_TIME], 95thPercentileLatency(ns), 524
[GCS_TIME], 99thPercentileLatency(ns), 617
[LOAD_GCs_Time(ms)], Operations, 1
[LOAD_GCs_Time(ms)], AverageLatency(ns), 6202.0
[LOAD_GCs_Time(ms)], MinLatency(ns), 6202
[LOAD_GCs_Time(ms)], MaxLatency(ns), 6202
[LOAD_GCs_Time(ms)], 95thPercentileLatency(ns), 6202
[LOAD_GCs_Time(ms)], 99thPercentileLatency(ns), 6202
[READ], Operations, 3000000
[READ], AverageLatency(ns), 27855.098101
[READ], MinLatency(ns), 216
[READ], MaxLatency(ns), 111239167
[READ], 95thPercentileLatency(ns), 53302
[READ], 99thPercentileLatency(ns), 58833
[READ], Return=OK, 3000000
[INIT], Operations, 1
[INIT], AverageLatency(ns), 6.68715008E8
[INIT], MinLatency(ns), 668712960
[INIT], MaxLatency(ns), 668717055
[INIT], 95thPercentileLatency(ns), 668717055
[INIT], 99thPercentileLatency(ns), 668717055
[GCS], Operations, 61
[GCS], AverageLatency(ns), 6.688524590163935
[GCS], MinLatency(ns), 0
[GCS], MaxLatency(ns), 69
[GCS], 95thPercentileLatency(ns), 8
[GCS], 99thPercentileLatency(ns), 28
[LOAD_GCs_Count], Operations, 1
[LOAD_GCs_Count], AverageLatency(ns), 285.0
[LOAD_GCs_Count], MinLatency(ns), 285
[LOAD_GCs_Count], MaxLatency(ns), 285
[LOAD_GCs_Count], 95thPercentileLatency(ns), 285
[LOAD_GCs_Count], 99thPercentileLatency(ns), 285
[CLEANUP], Operations, 1
[CLEANUP], AverageLatency(ns), 16475.0
[CLEANUP], MinLatency(ns), 16475
[CLEANUP], MaxLatency(ns), 16475
[CLEANUP], 95thPercentileLatency(ns), 16475
[CLEANUP], 99thPercentileLatency(ns), 16475
[INSERT], Operations, 1000000
[INSERT], AverageLatency(ns), 74094.94654
[INSERT], MinLatency(ns), 63512
[INSERT], MaxLatency(ns), 76855295
[INSERT], 95thPercentileLatency(ns), 77430
[INSERT], 99thPercentileLatency(ns), 96745
[INSERT], Return=OK, 1000000
[UPDATE], Operations, 1500825
[UPDATE], AverageLatency(ns), 63472.14283277531
[UPDATE], MinLatency(ns), 54317
[UPDATE], MaxLatency(ns), 162143231
[UPDATE], 95thPercentileLatency(ns), 65910
[UPDATE], 99thPercentileLatency(ns), 75206
[UPDATE], Return=OK, 1500825
