/home/anatole/jdk8u/build/linux-x86_64-normal-server-release/jdk/bin/java -Xmx100g -XX:+UseG1GC -XX:InitiatingHeapOccupancyPercent=15 -classpath /home/anatole/ycsb/conf:/home/anatole/ycsb/core/target/core-0.18.0-SNAPSHOT.jar:/home/anatole/ycsb/core/target/dependency/HdrHistogram-2.1.4.jar:/home/anatole/ycsb/core/target/dependency/guava-18.0.jar:/home/anatole/ycsb/core/target/dependency/htrace-core4-4.1.0-incubating.jar:/home/anatole/ycsb/core/target/dependency/jackson-core-asl-1.9.4.jar:/home/anatole/ycsb/core/target/dependency/jackson-mapper-asl-1.9.4.jar:/home/anatole/ycsb/core/target/dependency/javax.persistence-api-2.2.jar:/home/anatole/ycsb/core/target/dependency/jnvm-1.0-SNAPSHOT.jar:/home/anatole/ycsb/core/target/dependency/pcj-1.0.jar:/home/anatole/ycsb/core/target/dependency/unsafe-helper-1.0.jar:/home/anatole/ycsb/infinispan/src/main/conf:/home/anatole/ycsb/infinispan/target/infinispan-binding-0.18.0-SNAPSHOT.jar:/home/anatole/ycsb/infinispan/target/dependency/caffeine-2.6.2.jar:/home/anatole/ycsb/infinispan/target/dependency/gson-2.8.2.jar:/home/anatole/ycsb/infinispan/target/dependency/guava-18.0.jar:/home/anatole/ycsb/infinispan/target/dependency/infinispan-cachestore-jnvm-1.0-SNAPSHOT.jar:/home/anatole/ycsb/infinispan/target/dependency/infinispan-cachestore-pcj-1.0-SNAPSHOT.jar:/home/anatole/ycsb/infinispan/target/dependency/infinispan-client-hotrod-9.4.20.Final.jar:/home/anatole/ycsb/infinispan/target/dependency/infinispan-commons-9.4.20.Final.jar:/home/anatole/ycsb/infinispan/target/dependency/infinispan-core-9.4.20.Final.jar:/home/anatole/ycsb/infinispan/target/dependency/infinispan-persistence-soft-index-9.4.20.Final.jar:/home/anatole/ycsb/infinispan/target/dependency/javax.persistence-api-2.2.jar:/home/anatole/ycsb/infinispan/target/dependency/jboss-logging-3.3.2.Final.jar:/home/anatole/ycsb/infinispan/target/dependency/jboss-marshalling-osgi-2.0.6.Final.jar:/home/anatole/ycsb/infinispan/target/dependency/jboss-transaction-api_1.2_spec-1.1.1.Final.jar:/home/anatole/ycsb/infinispan/target/dependency/jgroups-4.0.21.Final.jar:/home/anatole/ycsb/infinispan/target/dependency/jnvm-1.0-SNAPSHOT.jar:/home/anatole/ycsb/infinispan/target/dependency/metainf-services-1.7.jar:/home/anatole/ycsb/infinispan/target/dependency/netty-buffer-4.1.51.Final.jar:/home/anatole/ycsb/infinispan/target/dependency/netty-codec-4.1.51.Final.jar:/home/anatole/ycsb/infinispan/target/dependency/netty-common-4.1.51.Final.jar:/home/anatole/ycsb/infinispan/target/dependency/netty-handler-4.1.51.Final.jar:/home/anatole/ycsb/infinispan/target/dependency/netty-resolver-4.1.51.Final.jar:/home/anatole/ycsb/infinispan/target/dependency/netty-transport-4.1.51.Final.jar:/home/anatole/ycsb/infinispan/target/dependency/netty-transport-native-epoll-4.1.51.Final-linux-x86_64.jar:/home/anatole/ycsb/infinispan/target/dependency/netty-transport-native-unix-common-4.1.51.Final.jar:/home/anatole/ycsb/infinispan/target/dependency/pcj-1.0.jar:/home/anatole/ycsb/infinispan/target/dependency/reactive-streams-1.0.2.jar:/home/anatole/ycsb/infinispan/target/dependency/rxjava-2.2.4.jar:/home/anatole/ycsb/infinispan/target/dependency/unsafe-helper-1.0.jar site.ycsb.Client -t -db site.ycsb.db.InfinispanClient -P ../workloads/workloadf -preload -s -threads 1 -p dataintegrity=true -p offheap=false -p recordcount=1000000 -p operationcount=3000000 -p fieldcount=10 -p fieldlength=500 -p requestdistribution=zipfian -p measurement.trackjvm=true -p measurementtype=hdrhistogram -p hdrhistogram.output.path=./out/exp7.marshalling.ref/log/infinispan.run.workloadf.true.1000000.1000000.10.500.zipfian.1.false.true.default.default.nullfsvfs.r5.hdr.log
[OVERALL], RunTime(ms), 247176
[OVERALL], Throughput(ops/sec), 16182.800919183092
[TOTAL_GCS_G1_Young_Generation], Count, 269
[TOTAL_GC_TIME_G1_Young_Generation], Time(ms), 12048
[TOTAL_GC_TIME_%_G1_Young_Generation], Time(%), 4.874259636857947
[TOTAL_GCS_G1_Old_Generation], Count, 0
[TOTAL_GC_TIME_G1_Old_Generation], Time(ms), 0
[TOTAL_GC_TIME_%_G1_Old_Generation], Time(%), 0.0
[TOTAL_GCs], Count, 269
[TOTAL_GC_TIME], Time(ms), 12048
[TOTAL_GC_TIME_%], Time(%), 4.874259636857947
[MAX_MEM_USED], MBs, 26651
[MIN_MEM_USED], MBs, 56
[MAX_THREADS], Count, 7
[MIN_THREADS], Count, 3
[MAX_SYS_LOAD_AVG], Load, 5.37
[MIN_SYS_LOAD_AVG], Load, 1.62
[THREAD_COUNT], Operations, 26
[THREAD_COUNT], AverageLatency(ns), 5.730769230769231
[THREAD_COUNT], MinLatency(ns), 3
[THREAD_COUNT], MaxLatency(ns), 7
[THREAD_COUNT], 95thPercentileLatency(ns), 7
[THREAD_COUNT], 99thPercentileLatency(ns), 7
[SYS_LOAD_AVG], Operations, 26
[SYS_LOAD_AVG], AverageLatency(ns), 2.3461538461538463
[SYS_LOAD_AVG], MinLatency(ns), 1
[SYS_LOAD_AVG], MaxLatency(ns), 5
[SYS_LOAD_AVG], 95thPercentileLatency(ns), 4
[SYS_LOAD_AVG], 99thPercentileLatency(ns), 5
[READ-MODIFY-WRITE], Operations, 1501313
[READ-MODIFY-WRITE], AverageLatency(ns), 37899.74075559194
[READ-MODIFY-WRITE], MinLatency(ns), 29748
[READ-MODIFY-WRITE], MaxLatency(ns), 234304511
[READ-MODIFY-WRITE], 95thPercentileLatency(ns), 44905
[READ-MODIFY-WRITE], 99thPercentileLatency(ns), 53246
[LOAD], Operations, 1
[LOAD], AverageLatency(ns), 1.67352205312E11
[LOAD], MinLatency(ns), 167351681024
[LOAD], MaxLatency(ns), 167352729599
[LOAD], 95thPercentileLatency(ns), 167352729599
[LOAD], 99thPercentileLatency(ns), 167352729599
[USED_MEM_MB], Operations, 26
[USED_MEM_MB], AverageLatency(ns), 11925.653846153846
[USED_MEM_MB], MinLatency(ns), 56
[USED_MEM_MB], MaxLatency(ns), 26651
[USED_MEM_MB], 95thPercentileLatency(ns), 23320
[USED_MEM_MB], 99thPercentileLatency(ns), 26651
[MAIN_GCs_Count], Operations, 1
[MAIN_GCs_Count], AverageLatency(ns), 17.0
[MAIN_GCs_Count], MinLatency(ns), 17
[MAIN_GCs_Count], MaxLatency(ns), 17
[MAIN_GCs_Count], 95thPercentileLatency(ns), 17
[MAIN_GCs_Count], 99thPercentileLatency(ns), 17
[MAIN_GCs_Time(ms)], Operations, 1
[MAIN_GCs_Time(ms)], AverageLatency(ns), 1790.0
[MAIN_GCs_Time(ms)], MinLatency(ns), 1790
[MAIN_GCs_Time(ms)], MaxLatency(ns), 1790
[MAIN_GCs_Time(ms)], 95thPercentileLatency(ns), 1790
[MAIN_GCs_Time(ms)], 99thPercentileLatency(ns), 1790
[TRANSACTION], Operations, 1
[TRANSACTION], AverageLatency(ns), 7.890927616E10
[TRANSACTION], MinLatency(ns), 78909014016
[TRANSACTION], MaxLatency(ns), 78909538303
[TRANSACTION], 95thPercentileLatency(ns), 78909538303
[TRANSACTION], 99thPercentileLatency(ns), 78909538303
[GCS_TIME], Operations, 26
[GCS_TIME], AverageLatency(ns), 463.38461538461536
[GCS_TIME], MinLatency(ns), 0
[GCS_TIME], MaxLatency(ns), 813
[GCS_TIME], 95thPercentileLatency(ns), 724
[GCS_TIME], 99thPercentileLatency(ns), 813
[LOAD_GCs_Time(ms)], Operations, 1
[LOAD_GCs_Time(ms)], AverageLatency(ns), 10060.0
[LOAD_GCs_Time(ms)], MinLatency(ns), 10060
[LOAD_GCs_Time(ms)], MaxLatency(ns), 10060
[LOAD_GCs_Time(ms)], 95thPercentileLatency(ns), 10060
[LOAD_GCs_Time(ms)], 99thPercentileLatency(ns), 10060
[READ], Operations, 3000000
[READ], AverageLatency(ns), 783.7728566666667
[READ], MinLatency(ns), 194
[READ], MaxLatency(ns), 13477887
[READ], 95thPercentileLatency(ns), 1758
[READ], 99thPercentileLatency(ns), 2874
[READ], Return=OK, 3000000
[INIT], Operations, 1
[INIT], AverageLatency(ns), 6.8969472E8
[INIT], MinLatency(ns), 689692672
[INIT], MaxLatency(ns), 689696767
[INIT], 95thPercentileLatency(ns), 689696767
[INIT], 99thPercentileLatency(ns), 689696767
[GCS], Operations, 26
[GCS], AverageLatency(ns), 10.346153846153847
[GCS], MinLatency(ns), 0
[GCS], MaxLatency(ns), 51
[GCS], 95thPercentileLatency(ns), 41
[GCS], 99thPercentileLatency(ns), 51
[LOAD_GCs_Count], Operations, 1
[LOAD_GCs_Count], AverageLatency(ns), 249.0
[LOAD_GCs_Count], MinLatency(ns), 249
[LOAD_GCs_Count], MaxLatency(ns), 249
[LOAD_GCs_Count], 95thPercentileLatency(ns), 249
[LOAD_GCs_Count], 99thPercentileLatency(ns), 249
[CLEANUP], Operations, 1
[CLEANUP], AverageLatency(ns), 16185.0
[CLEANUP], MinLatency(ns), 16185
[CLEANUP], MaxLatency(ns), 16185
[CLEANUP], 95thPercentileLatency(ns), 16185
[CLEANUP], 99thPercentileLatency(ns), 16185
[INSERT], Operations, 1000000
[INSERT], AverageLatency(ns), 35162.07999
[INSERT], MinLatency(ns), 28285
[INSERT], MaxLatency(ns), 279375871
[INSERT], 95thPercentileLatency(ns), 40317
[INSERT], 99thPercentileLatency(ns), 49906
[INSERT], Return=OK, 1000000
[UPDATE], Operations, 1501313
[UPDATE], AverageLatency(ns), 36450.28944796987
[UPDATE], MinLatency(ns), 29048
[UPDATE], MaxLatency(ns), 144856063
[UPDATE], 95thPercentileLatency(ns), 43460
[UPDATE], 99thPercentileLatency(ns), 51609
[UPDATE], Return=OK, 1501313
