/home/anatole/jdk8u/build/linux-x86_64-normal-server-release/jdk/bin/java -Xmx100g -XX:+UseG1GC -XX:InitiatingHeapOccupancyPercent=15 -classpath /home/anatole/ycsb/conf:/home/anatole/ycsb/core/target/core-0.18.0-SNAPSHOT.jar:/home/anatole/ycsb/core/target/dependency/HdrHistogram-2.1.4.jar:/home/anatole/ycsb/core/target/dependency/guava-18.0.jar:/home/anatole/ycsb/core/target/dependency/htrace-core4-4.1.0-incubating.jar:/home/anatole/ycsb/core/target/dependency/jackson-core-asl-1.9.4.jar:/home/anatole/ycsb/core/target/dependency/jackson-mapper-asl-1.9.4.jar:/home/anatole/ycsb/core/target/dependency/javax.persistence-api-2.2.jar:/home/anatole/ycsb/core/target/dependency/jnvm-1.0-SNAPSHOT.jar:/home/anatole/ycsb/core/target/dependency/pcj-1.0.jar:/home/anatole/ycsb/core/target/dependency/unsafe-helper-1.0.jar:/home/anatole/ycsb/infinispan/src/main/conf:/home/anatole/ycsb/infinispan/target/infinispan-binding-0.18.0-SNAPSHOT.jar:/home/anatole/ycsb/infinispan/target/dependency/caffeine-2.6.2.jar:/home/anatole/ycsb/infinispan/target/dependency/gson-2.8.2.jar:/home/anatole/ycsb/infinispan/target/dependency/guava-18.0.jar:/home/anatole/ycsb/infinispan/target/dependency/infinispan-cachestore-jnvm-1.0-SNAPSHOT.jar:/home/anatole/ycsb/infinispan/target/dependency/infinispan-cachestore-pcj-1.0-SNAPSHOT.jar:/home/anatole/ycsb/infinispan/target/dependency/infinispan-client-hotrod-9.4.20.Final.jar:/home/anatole/ycsb/infinispan/target/dependency/infinispan-commons-9.4.20.Final.jar:/home/anatole/ycsb/infinispan/target/dependency/infinispan-core-9.4.20.Final.jar:/home/anatole/ycsb/infinispan/target/dependency/infinispan-persistence-soft-index-9.4.20.Final.jar:/home/anatole/ycsb/infinispan/target/dependency/javax.persistence-api-2.2.jar:/home/anatole/ycsb/infinispan/target/dependency/jboss-logging-3.3.2.Final.jar:/home/anatole/ycsb/infinispan/target/dependency/jboss-marshalling-osgi-2.0.6.Final.jar:/home/anatole/ycsb/infinispan/target/dependency/jboss-transaction-api_1.2_spec-1.1.1.Final.jar:/home/anatole/ycsb/infinispan/target/dependency/jgroups-4.0.21.Final.jar:/home/anatole/ycsb/infinispan/target/dependency/jnvm-1.0-SNAPSHOT.jar:/home/anatole/ycsb/infinispan/target/dependency/metainf-services-1.7.jar:/home/anatole/ycsb/infinispan/target/dependency/netty-buffer-4.1.51.Final.jar:/home/anatole/ycsb/infinispan/target/dependency/netty-codec-4.1.51.Final.jar:/home/anatole/ycsb/infinispan/target/dependency/netty-common-4.1.51.Final.jar:/home/anatole/ycsb/infinispan/target/dependency/netty-handler-4.1.51.Final.jar:/home/anatole/ycsb/infinispan/target/dependency/netty-resolver-4.1.51.Final.jar:/home/anatole/ycsb/infinispan/target/dependency/netty-transport-4.1.51.Final.jar:/home/anatole/ycsb/infinispan/target/dependency/netty-transport-native-epoll-4.1.51.Final-linux-x86_64.jar:/home/anatole/ycsb/infinispan/target/dependency/netty-transport-native-unix-common-4.1.51.Final.jar:/home/anatole/ycsb/infinispan/target/dependency/pcj-1.0.jar:/home/anatole/ycsb/infinispan/target/dependency/reactive-streams-1.0.2.jar:/home/anatole/ycsb/infinispan/target/dependency/rxjava-2.2.4.jar:/home/anatole/ycsb/infinispan/target/dependency/unsafe-helper-1.0.jar site.ycsb.Client -t -db site.ycsb.db.InfinispanClient -P ../workloads/workloadf -preload -s -threads 1 -p dataintegrity=true -p offheap=false -p recordcount=1000000 -p operationcount=3000000 -p fieldcount=10 -p fieldlength=400 -p requestdistribution=zipfian -p measurement.trackjvm=true -p measurementtype=hdrhistogram -p hdrhistogram.output.path=./out/exp7.marshalling.ref/log/infinispan.run.workloadf.true.1000000.1000000.10.400.zipfian.1.false.true.default.default.pmem0.r5.hdr.log
[OVERALL], RunTime(ms), 219139
[OVERALL], Throughput(ops/sec), 18253.254783493583
[TOTAL_GCS_G1_Young_Generation], Count, 227
[TOTAL_GC_TIME_G1_Young_Generation], Time(ms), 11191
[TOTAL_GC_TIME_%_G1_Young_Generation], Time(%), 5.106804357051916
[TOTAL_GCS_G1_Old_Generation], Count, 0
[TOTAL_GC_TIME_G1_Old_Generation], Time(ms), 0
[TOTAL_GC_TIME_%_G1_Old_Generation], Time(%), 0.0
[TOTAL_GCs], Count, 227
[TOTAL_GC_TIME], Time(ms), 11191
[TOTAL_GC_TIME_%], Time(%), 5.106804357051916
[MAX_MEM_USED], MBs, 24851
[MIN_MEM_USED], MBs, 56
[MAX_THREADS], Count, 7
[MIN_THREADS], Count, 3
[MAX_SYS_LOAD_AVG], Load, 6.01
[MIN_SYS_LOAD_AVG], Load, 2.11
[THREAD_COUNT], Operations, 23
[THREAD_COUNT], AverageLatency(ns), 5.826086956521739
[THREAD_COUNT], MinLatency(ns), 3
[THREAD_COUNT], MaxLatency(ns), 7
[THREAD_COUNT], 95thPercentileLatency(ns), 7
[THREAD_COUNT], 99thPercentileLatency(ns), 7
[SYS_LOAD_AVG], Operations, 23
[SYS_LOAD_AVG], AverageLatency(ns), 3.0434782608695654
[SYS_LOAD_AVG], MinLatency(ns), 2
[SYS_LOAD_AVG], MaxLatency(ns), 6
[SYS_LOAD_AVG], 95thPercentileLatency(ns), 5
[SYS_LOAD_AVG], 99thPercentileLatency(ns), 6
[READ-MODIFY-WRITE], Operations, 1499910
[READ-MODIFY-WRITE], AverageLatency(ns), 40657.84486402517
[READ-MODIFY-WRITE], MinLatency(ns), 31682
[READ-MODIFY-WRITE], MaxLatency(ns), 239026175
[READ-MODIFY-WRITE], 95thPercentileLatency(ns), 47882
[READ-MODIFY-WRITE], 99thPercentileLatency(ns), 56330
[LOAD], Operations, 1
[LOAD], AverageLatency(ns), 1.41189185536E11
[LOAD], MinLatency(ns), 141188661248
[LOAD], MaxLatency(ns), 141189709823
[LOAD], 95thPercentileLatency(ns), 141189709823
[LOAD], 99thPercentileLatency(ns), 141189709823
[USED_MEM_MB], Operations, 23
[USED_MEM_MB], AverageLatency(ns), 10438.739130434782
[USED_MEM_MB], MinLatency(ns), 56
[USED_MEM_MB], MaxLatency(ns), 24851
[USED_MEM_MB], 95thPercentileLatency(ns), 18189
[USED_MEM_MB], 99thPercentileLatency(ns), 24851
[MAIN_GCs_Count], Operations, 1
[MAIN_GCs_Count], AverageLatency(ns), 16.0
[MAIN_GCs_Count], MinLatency(ns), 16
[MAIN_GCs_Count], MaxLatency(ns), 16
[MAIN_GCs_Count], 95thPercentileLatency(ns), 16
[MAIN_GCs_Count], 99thPercentileLatency(ns), 16
[MAIN_GCs_Time(ms)], Operations, 1
[MAIN_GCs_Time(ms)], AverageLatency(ns), 2038.0
[MAIN_GCs_Time(ms)], MinLatency(ns), 2038
[MAIN_GCs_Time(ms)], MaxLatency(ns), 2038
[MAIN_GCs_Time(ms)], 95thPercentileLatency(ns), 2038
[MAIN_GCs_Time(ms)], 99thPercentileLatency(ns), 2038
[TRANSACTION], Operations, 1
[TRANSACTION], AverageLatency(ns), 7.7209010176E10
[TRANSACTION], MinLatency(ns), 77208748032
[TRANSACTION], MaxLatency(ns), 77209272319
[TRANSACTION], 95thPercentileLatency(ns), 77209272319
[TRANSACTION], 99thPercentileLatency(ns), 77209272319
[GCS_TIME], Operations, 23
[GCS_TIME], AverageLatency(ns), 486.5652173913044
[GCS_TIME], MinLatency(ns), 0
[GCS_TIME], MaxLatency(ns), 854
[GCS_TIME], 95thPercentileLatency(ns), 780
[GCS_TIME], 99thPercentileLatency(ns), 854
[LOAD_GCs_Time(ms)], Operations, 1
[LOAD_GCs_Time(ms)], AverageLatency(ns), 9123.0
[LOAD_GCs_Time(ms)], MinLatency(ns), 9123
[LOAD_GCs_Time(ms)], MaxLatency(ns), 9123
[LOAD_GCs_Time(ms)], 95thPercentileLatency(ns), 9123
[LOAD_GCs_Time(ms)], 99thPercentileLatency(ns), 9123
[READ], Operations, 3000000
[READ], AverageLatency(ns), 737.1823886666666
[READ], MinLatency(ns), 190
[READ], MaxLatency(ns), 15355583
[READ], 95thPercentileLatency(ns), 1663
[READ], 99thPercentileLatency(ns), 2537
[READ], Return=OK, 3000000
[INIT], Operations, 1
[INIT], AverageLatency(ns), 6.73396736E8
[INIT], MinLatency(ns), 673394688
[INIT], MaxLatency(ns), 673398783
[INIT], 95thPercentileLatency(ns), 673398783
[INIT], 99thPercentileLatency(ns), 673398783
[GCS], Operations, 23
[GCS], AverageLatency(ns), 9.869565217391305
[GCS], MinLatency(ns), 0
[GCS], MaxLatency(ns), 48
[GCS], 95thPercentileLatency(ns), 35
[GCS], 99thPercentileLatency(ns), 48
[LOAD_GCs_Count], Operations, 1
[LOAD_GCs_Count], AverageLatency(ns), 209.0
[LOAD_GCs_Count], MinLatency(ns), 209
[LOAD_GCs_Count], MaxLatency(ns), 209
[LOAD_GCs_Count], 95thPercentileLatency(ns), 209
[LOAD_GCs_Count], 99thPercentileLatency(ns), 209
[CLEANUP], Operations, 1
[CLEANUP], AverageLatency(ns), 17878.0
[CLEANUP], MinLatency(ns), 17878
[CLEANUP], MaxLatency(ns), 17878
[CLEANUP], 95thPercentileLatency(ns), 17878
[CLEANUP], 99thPercentileLatency(ns), 17878
[INSERT], Operations, 1000000
[INSERT], AverageLatency(ns), 48902.564174
[INSERT], MinLatency(ns), 36689
[INSERT], MaxLatency(ns), 360103935
[INSERT], 95thPercentileLatency(ns), 55235
[INSERT], 99thPercentileLatency(ns), 67363
[INSERT], Return=OK, 1000000
[UPDATE], Operations, 1499910
[UPDATE], AverageLatency(ns), 39189.177009287225
[UPDATE], MinLatency(ns), 31001
[UPDATE], MaxLatency(ns), 143891455
[UPDATE], 95thPercentileLatency(ns), 46510
[UPDATE], 99thPercentileLatency(ns), 54758
[UPDATE], Return=OK, 1499910
