/home/anatole/jdk8u/build/linux-x86_64-normal-server-release/jdk/bin/java -Xmx20g -XX:+UseG1GC -classpath /home/anatole/ycsb/conf:/home/anatole/ycsb/core/target/core-0.18.0-SNAPSHOT.jar:/home/anatole/ycsb/core/target/dependency/HdrHistogram-2.1.4.jar:/home/anatole/ycsb/core/target/dependency/guava-18.0.jar:/home/anatole/ycsb/core/target/dependency/htrace-core4-4.1.0-incubating.jar:/home/anatole/ycsb/core/target/dependency/jackson-core-asl-1.9.4.jar:/home/anatole/ycsb/core/target/dependency/jackson-mapper-asl-1.9.4.jar:/home/anatole/ycsb/core/target/dependency/javax.persistence-api-2.2.jar:/home/anatole/ycsb/core/target/dependency/jnvm-1.0-SNAPSHOT.jar:/home/anatole/ycsb/core/target/dependency/pcj-1.0.jar:/home/anatole/ycsb/core/target/dependency/unsafe-helper-1.0.jar:/home/anatole/ycsb/infinispan/src/main/conf:/home/anatole/ycsb/infinispan/target/infinispan-binding-0.18.0-SNAPSHOT.jar:/home/anatole/ycsb/infinispan/target/dependency/caffeine-2.6.2.jar:/home/anatole/ycsb/infinispan/target/dependency/gson-2.8.2.jar:/home/anatole/ycsb/infinispan/target/dependency/guava-18.0.jar:/home/anatole/ycsb/infinispan/target/dependency/infinispan-cachestore-jnvm-1.0-SNAPSHOT.jar:/home/anatole/ycsb/infinispan/target/dependency/infinispan-cachestore-pcj-1.0-SNAPSHOT.jar:/home/anatole/ycsb/infinispan/target/dependency/infinispan-client-hotrod-9.4.20.Final.jar:/home/anatole/ycsb/infinispan/target/dependency/infinispan-commons-9.4.20.Final.jar:/home/anatole/ycsb/infinispan/target/dependency/infinispan-core-9.4.20.Final.jar:/home/anatole/ycsb/infinispan/target/dependency/infinispan-persistence-soft-index-9.4.20.Final.jar:/home/anatole/ycsb/infinispan/target/dependency/javax.persistence-api-2.2.jar:/home/anatole/ycsb/infinispan/target/dependency/jboss-logging-3.3.2.Final.jar:/home/anatole/ycsb/infinispan/target/dependency/jboss-marshalling-osgi-2.0.6.Final.jar:/home/anatole/ycsb/infinispan/target/dependency/jboss-transaction-api_1.2_spec-1.1.1.Final.jar:/home/anatole/ycsb/infinispan/target/dependency/jgroups-4.0.21.Final.jar:/home/anatole/ycsb/infinispan/target/dependency/jnvm-1.0-SNAPSHOT.jar:/home/anatole/ycsb/infinispan/target/dependency/metainf-services-1.7.jar:/home/anatole/ycsb/infinispan/target/dependency/netty-buffer-4.1.51.Final.jar:/home/anatole/ycsb/infinispan/target/dependency/netty-codec-4.1.51.Final.jar:/home/anatole/ycsb/infinispan/target/dependency/netty-common-4.1.51.Final.jar:/home/anatole/ycsb/infinispan/target/dependency/netty-handler-4.1.51.Final.jar:/home/anatole/ycsb/infinispan/target/dependency/netty-resolver-4.1.51.Final.jar:/home/anatole/ycsb/infinispan/target/dependency/netty-transport-4.1.51.Final.jar:/home/anatole/ycsb/infinispan/target/dependency/netty-transport-native-epoll-4.1.51.Final-linux-x86_64.jar:/home/anatole/ycsb/infinispan/target/dependency/netty-transport-native-unix-common-4.1.51.Final.jar:/home/anatole/ycsb/infinispan/target/dependency/pcj-1.0.jar:/home/anatole/ycsb/infinispan/target/dependency/reactive-streams-1.0.2.jar:/home/anatole/ycsb/infinispan/target/dependency/rxjava-2.2.4.jar:/home/anatole/ycsb/infinispan/target/dependency/unsafe-helper-1.0.jar site.ycsb.Client -t -db site.ycsb.db.InfinispanClient -P ../workloads/workloadf -preload -s -threads 1 -p dataintegrity=true -p offheap=false -p recordcount=1000000 -p operationcount=3000000 -p fieldcount=10 -p fieldlength=1000 -p requestdistribution=zipfian -p measurement.trackjvm=true -p measurementtype=hdrhistogram -p hdrhistogram.output.path=./out/exp7.marshalling.ref/log/infinispan.run.workloadf.true.1000000.100000.10.1000.zipfian.1.false.true.default.default.pmem0.r4.hdr.log
[OVERALL], RunTime(ms), 796073
[OVERALL], Throughput(ops/sec), 5024.664823452121
[TOTAL_GCS_G1_Young_Generation], Count, 622
[TOTAL_GC_TIME_G1_Young_Generation], Time(ms), 19591
[TOTAL_GC_TIME_%_G1_Young_Generation], Time(%), 2.4609552139062623
[TOTAL_GCS_G1_Old_Generation], Count, 0
[TOTAL_GC_TIME_G1_Old_Generation], Time(ms), 0
[TOTAL_GC_TIME_%_G1_Old_Generation], Time(%), 0.0
[TOTAL_GCs], Count, 622
[TOTAL_GC_TIME], Time(ms), 19591
[TOTAL_GC_TIME_%], Time(%), 2.4609552139062623
[MAX_MEM_USED], MBs, 7961
[MIN_MEM_USED], MBs, 48
[MAX_THREADS], Count, 7
[MIN_THREADS], Count, 3
[MAX_SYS_LOAD_AVG], Load, 3.92
[MIN_SYS_LOAD_AVG], Load, 1.03
[THREAD_COUNT], Operations, 81
[THREAD_COUNT], AverageLatency(ns), 5.234567901234568
[THREAD_COUNT], MinLatency(ns), 3
[THREAD_COUNT], MaxLatency(ns), 7
[THREAD_COUNT], 95thPercentileLatency(ns), 7
[THREAD_COUNT], 99thPercentileLatency(ns), 7
[SYS_LOAD_AVG], Operations, 81
[SYS_LOAD_AVG], AverageLatency(ns), 1.4074074074074074
[SYS_LOAD_AVG], MinLatency(ns), 1
[SYS_LOAD_AVG], MaxLatency(ns), 3
[SYS_LOAD_AVG], 95thPercentileLatency(ns), 3
[SYS_LOAD_AVG], 99thPercentileLatency(ns), 3
[READ-MODIFY-WRITE], Operations, 1499666
[READ-MODIFY-WRITE], AverageLatency(ns), 101875.98905356259
[READ-MODIFY-WRITE], MinLatency(ns), 58552
[READ-MODIFY-WRITE], MaxLatency(ns), 147997695
[READ-MODIFY-WRITE], 95thPercentileLatency(ns), 128533
[READ-MODIFY-WRITE], 99thPercentileLatency(ns), 146442
[LOAD], Operations, 1
[LOAD], AverageLatency(ns), 5.24939165696E11
[LOAD], MinLatency(ns), 524938117120
[LOAD], MaxLatency(ns), 524940214271
[LOAD], 95thPercentileLatency(ns), 524940214271
[LOAD], 99thPercentileLatency(ns), 524940214271
[USED_MEM_MB], Operations, 81
[USED_MEM_MB], AverageLatency(ns), 4661.456790123457
[USED_MEM_MB], MinLatency(ns), 48
[USED_MEM_MB], MaxLatency(ns), 7961
[USED_MEM_MB], 95thPercentileLatency(ns), 6986
[USED_MEM_MB], 99thPercentileLatency(ns), 7840
[MAIN_GCs_Count], Operations, 1
[MAIN_GCs_Count], AverageLatency(ns), 189.0
[MAIN_GCs_Count], MinLatency(ns), 189
[MAIN_GCs_Count], MaxLatency(ns), 189
[MAIN_GCs_Count], 95thPercentileLatency(ns), 189
[MAIN_GCs_Count], 99thPercentileLatency(ns), 189
[MAIN_GCs_Time(ms)], Operations, 1
[MAIN_GCs_Time(ms)], AverageLatency(ns), 10716.0
[MAIN_GCs_Time(ms)], MinLatency(ns), 10716
[MAIN_GCs_Time(ms)], MaxLatency(ns), 10716
[MAIN_GCs_Time(ms)], 95thPercentileLatency(ns), 10716
[MAIN_GCs_Time(ms)], 99thPercentileLatency(ns), 10716
[TRANSACTION], Operations, 1
[TRANSACTION], AverageLatency(ns), 2.704146432E11
[TRANSACTION], MinLatency(ns), 270414118912
[TRANSACTION], MaxLatency(ns), 270415167487
[TRANSACTION], 95thPercentileLatency(ns), 270415167487
[TRANSACTION], 99thPercentileLatency(ns), 270415167487
[GCS_TIME], Operations, 81
[GCS_TIME], AverageLatency(ns), 241.8641975308642
[GCS_TIME], MinLatency(ns), 0
[GCS_TIME], MaxLatency(ns), 633
[GCS_TIME], 95thPercentileLatency(ns), 575
[GCS_TIME], 99thPercentileLatency(ns), 625
[LOAD_GCs_Time(ms)], Operations, 1
[LOAD_GCs_Time(ms)], AverageLatency(ns), 8855.0
[LOAD_GCs_Time(ms)], MinLatency(ns), 8855
[LOAD_GCs_Time(ms)], MaxLatency(ns), 8855
[LOAD_GCs_Time(ms)], 95thPercentileLatency(ns), 8855
[LOAD_GCs_Time(ms)], 99thPercentileLatency(ns), 8855
[READ], Operations, 3000000
[READ], AverageLatency(ns), 30991.212235666666
[READ], MinLatency(ns), 222
[READ], MaxLatency(ns), 155207679
[READ], 95thPercentileLatency(ns), 58945
[READ], 99thPercentileLatency(ns), 66536
[READ], Return=OK, 3000000
[INIT], Operations, 1
[INIT], AverageLatency(ns), 6.62173696E8
[INIT], MinLatency(ns), 662171648
[INIT], MaxLatency(ns), 662175743
[INIT], 95thPercentileLatency(ns), 662175743
[INIT], 99thPercentileLatency(ns), 662175743
[GCS], Operations, 81
[GCS], AverageLatency(ns), 7.679012345679013
[GCS], MinLatency(ns), 0
[GCS], MaxLatency(ns), 66
[GCS], 95thPercentileLatency(ns), 11
[GCS], 99thPercentileLatency(ns), 46
[LOAD_GCs_Count], Operations, 1
[LOAD_GCs_Count], AverageLatency(ns), 432.0
[LOAD_GCs_Count], MinLatency(ns), 432
[LOAD_GCs_Count], MaxLatency(ns), 432
[LOAD_GCs_Count], 95thPercentileLatency(ns), 432
[LOAD_GCs_Count], 99thPercentileLatency(ns), 432
[CLEANUP], Operations, 1
[CLEANUP], AverageLatency(ns), 15407.0
[CLEANUP], MinLatency(ns), 15407
[CLEANUP], MaxLatency(ns), 15407
[CLEANUP], 95thPercentileLatency(ns), 15407
[CLEANUP], 99thPercentileLatency(ns), 15407
[INSERT], Operations, 1000000
[INSERT], AverageLatency(ns), 88128.84213
[INSERT], MinLatency(ns), 72154
[INSERT], MaxLatency(ns), 79693311
[INSERT], 95thPercentileLatency(ns), 91474
[INSERT], 99thPercentileLatency(ns), 110991
[INSERT], Return=OK, 1000000
[UPDATE], Operations, 1499666
[UPDATE], AverageLatency(ns), 69243.84708928522
[UPDATE], MinLatency(ns), 57754
[UPDATE], MaxLatency(ns), 129564671
[UPDATE], 95thPercentileLatency(ns), 73435
[UPDATE], 99thPercentileLatency(ns), 82983
[UPDATE], Return=OK, 1499666
