/home/anatole/jdk8u/build/linux-x86_64-normal-server-release/jdk/bin/java -Xmx40g -XX:+UseG1GC -classpath /home/anatole/ycsb/conf:/home/anatole/ycsb/core/target/core-0.18.0-SNAPSHOT.jar:/home/anatole/ycsb/core/target/dependency/HdrHistogram-2.1.4.jar:/home/anatole/ycsb/core/target/dependency/guava-18.0.jar:/home/anatole/ycsb/core/target/dependency/htrace-core4-4.1.0-incubating.jar:/home/anatole/ycsb/core/target/dependency/jackson-core-asl-1.9.4.jar:/home/anatole/ycsb/core/target/dependency/jackson-mapper-asl-1.9.4.jar:/home/anatole/ycsb/core/target/dependency/javax.persistence-api-2.2.jar:/home/anatole/ycsb/core/target/dependency/jnvm-1.0-SNAPSHOT.jar:/home/anatole/ycsb/core/target/dependency/pcj-1.0.jar:/home/anatole/ycsb/core/target/dependency/unsafe-helper-1.0.jar:/home/anatole/ycsb/infinispan/src/main/conf:/home/anatole/ycsb/infinispan/target/infinispan-binding-0.18.0-SNAPSHOT.jar:/home/anatole/ycsb/infinispan/target/dependency/caffeine-2.6.2.jar:/home/anatole/ycsb/infinispan/target/dependency/gson-2.8.2.jar:/home/anatole/ycsb/infinispan/target/dependency/guava-18.0.jar:/home/anatole/ycsb/infinispan/target/dependency/infinispan-cachestore-jnvm-1.0-SNAPSHOT.jar:/home/anatole/ycsb/infinispan/target/dependency/infinispan-cachestore-pcj-1.0-SNAPSHOT.jar:/home/anatole/ycsb/infinispan/target/dependency/infinispan-client-hotrod-9.4.20.Final.jar:/home/anatole/ycsb/infinispan/target/dependency/infinispan-commons-9.4.20.Final.jar:/home/anatole/ycsb/infinispan/target/dependency/infinispan-core-9.4.20.Final.jar:/home/anatole/ycsb/infinispan/target/dependency/infinispan-persistence-soft-index-9.4.20.Final.jar:/home/anatole/ycsb/infinispan/target/dependency/javax.persistence-api-2.2.jar:/home/anatole/ycsb/infinispan/target/dependency/jboss-logging-3.3.2.Final.jar:/home/anatole/ycsb/infinispan/target/dependency/jboss-marshalling-osgi-2.0.6.Final.jar:/home/anatole/ycsb/infinispan/target/dependency/jboss-transaction-api_1.2_spec-1.1.1.Final.jar:/home/anatole/ycsb/infinispan/target/dependency/jgroups-4.0.21.Final.jar:/home/anatole/ycsb/infinispan/target/dependency/jnvm-1.0-SNAPSHOT.jar:/home/anatole/ycsb/infinispan/target/dependency/metainf-services-1.7.jar:/home/anatole/ycsb/infinispan/target/dependency/netty-buffer-4.1.51.Final.jar:/home/anatole/ycsb/infinispan/target/dependency/netty-codec-4.1.51.Final.jar:/home/anatole/ycsb/infinispan/target/dependency/netty-common-4.1.51.Final.jar:/home/anatole/ycsb/infinispan/target/dependency/netty-handler-4.1.51.Final.jar:/home/anatole/ycsb/infinispan/target/dependency/netty-resolver-4.1.51.Final.jar:/home/anatole/ycsb/infinispan/target/dependency/netty-transport-4.1.51.Final.jar:/home/anatole/ycsb/infinispan/target/dependency/netty-transport-native-epoll-4.1.51.Final-linux-x86_64.jar:/home/anatole/ycsb/infinispan/target/dependency/netty-transport-native-unix-common-4.1.51.Final.jar:/home/anatole/ycsb/infinispan/target/dependency/pcj-1.0.jar:/home/anatole/ycsb/infinispan/target/dependency/reactive-streams-1.0.2.jar:/home/anatole/ycsb/infinispan/target/dependency/rxjava-2.2.4.jar:/home/anatole/ycsb/infinispan/target/dependency/unsafe-helper-1.0.jar site.ycsb.Client -t -db site.ycsb.db.InfinispanClient -P ../workloads/workloadf -preload -s -threads 1 -p dataintegrity=true -p offheap=false -p recordcount=1000000 -p operationcount=3000000 -p fieldcount=10 -p fieldlength=700 -p requestdistribution=zipfian -p measurement.trackjvm=true -p measurementtype=hdrhistogram -p hdrhistogram.output.path=./out/exp7.marshalling.ref/log/infinispan.run.workloadf.true.1000000.1000000.10.700.zipfian.1.false.true.default.default.tmpfs.r4.hdr.log
[OVERALL], RunTime(ms), 408522
[OVERALL], Throughput(ops/sec), 9791.394343511487
[TOTAL_GCS_G1_Young_Generation], Count, 822
[TOTAL_GC_TIME_G1_Young_Generation], Time(ms), 25240
[TOTAL_GC_TIME_%_G1_Young_Generation], Time(%), 6.178369830755749
[TOTAL_GCS_G1_Old_Generation], Count, 0
[TOTAL_GC_TIME_G1_Old_Generation], Time(ms), 0
[TOTAL_GC_TIME_%_G1_Old_Generation], Time(%), 0.0
[TOTAL_GCs], Count, 822
[TOTAL_GC_TIME], Time(ms), 25240
[TOTAL_GC_TIME_%], Time(%), 6.178369830755749
[MAX_MEM_USED], MBs, 18713
[MIN_MEM_USED], MBs, 52
[MAX_THREADS], Count, 7
[MIN_THREADS], Count, 3
[MAX_SYS_LOAD_AVG], Load, 5.57
[MIN_SYS_LOAD_AVG], Load, 1.52
[THREAD_COUNT], Operations, 42
[THREAD_COUNT], AverageLatency(ns), 5.4523809523809526
[THREAD_COUNT], MinLatency(ns), 3
[THREAD_COUNT], MaxLatency(ns), 7
[THREAD_COUNT], 95thPercentileLatency(ns), 7
[THREAD_COUNT], 99thPercentileLatency(ns), 7
[SYS_LOAD_AVG], Operations, 42
[SYS_LOAD_AVG], AverageLatency(ns), 2.880952380952381
[SYS_LOAD_AVG], MinLatency(ns), 1
[SYS_LOAD_AVG], MaxLatency(ns), 5
[SYS_LOAD_AVG], 95thPercentileLatency(ns), 4
[SYS_LOAD_AVG], 99thPercentileLatency(ns), 5
[READ-MODIFY-WRITE], Operations, 1500260
[READ-MODIFY-WRITE], AverageLatency(ns), 51379.39855491715
[READ-MODIFY-WRITE], MinLatency(ns), 34086
[READ-MODIFY-WRITE], MaxLatency(ns), 183940095
[READ-MODIFY-WRITE], 95thPercentileLatency(ns), 60331
[READ-MODIFY-WRITE], 99thPercentileLatency(ns), 69819
[LOAD], Operations, 1
[LOAD], AverageLatency(ns), 2.89303166976E11
[LOAD], MinLatency(ns), 289302118400
[LOAD], MaxLatency(ns), 289304215551
[LOAD], 95thPercentileLatency(ns), 289304215551
[LOAD], 99thPercentileLatency(ns), 289304215551
[USED_MEM_MB], Operations, 42
[USED_MEM_MB], AverageLatency(ns), 12221.142857142857
[USED_MEM_MB], MinLatency(ns), 52
[USED_MEM_MB], MaxLatency(ns), 18713
[USED_MEM_MB], 95thPercentileLatency(ns), 18616
[USED_MEM_MB], 99thPercentileLatency(ns), 18713
[MAIN_GCs_Count], Operations, 1
[MAIN_GCs_Count], AverageLatency(ns), 162.0
[MAIN_GCs_Count], MinLatency(ns), 162
[MAIN_GCs_Count], MaxLatency(ns), 162
[MAIN_GCs_Count], 95thPercentileLatency(ns), 162
[MAIN_GCs_Count], 99thPercentileLatency(ns), 162
[MAIN_GCs_Time(ms)], Operations, 1
[MAIN_GCs_Time(ms)], AverageLatency(ns), 7376.0
[MAIN_GCs_Time(ms)], MinLatency(ns), 7376
[MAIN_GCs_Time(ms)], MaxLatency(ns), 7376
[MAIN_GCs_Time(ms)], 95thPercentileLatency(ns), 7376
[MAIN_GCs_Time(ms)], 99thPercentileLatency(ns), 7376
[TRANSACTION], Operations, 1
[TRANSACTION], AverageLatency(ns), 1.1846680576E11
[TRANSACTION], MinLatency(ns), 118466543616
[TRANSACTION], MaxLatency(ns), 118467067903
[TRANSACTION], 95thPercentileLatency(ns), 118467067903
[TRANSACTION], 99thPercentileLatency(ns), 118467067903
[GCS_TIME], Operations, 42
[GCS_TIME], AverageLatency(ns), 600.952380952381
[GCS_TIME], MinLatency(ns), 0
[GCS_TIME], MaxLatency(ns), 791
[GCS_TIME], 95thPercentileLatency(ns), 761
[GCS_TIME], 99thPercentileLatency(ns), 791
[LOAD_GCs_Time(ms)], Operations, 1
[LOAD_GCs_Time(ms)], AverageLatency(ns), 17791.0
[LOAD_GCs_Time(ms)], MinLatency(ns), 17791
[LOAD_GCs_Time(ms)], MaxLatency(ns), 17791
[LOAD_GCs_Time(ms)], 95thPercentileLatency(ns), 17791
[LOAD_GCs_Time(ms)], 99thPercentileLatency(ns), 17791
[READ], Operations, 3000000
[READ], AverageLatency(ns), 812.0301436666666
[READ], MinLatency(ns), 201
[READ], MaxLatency(ns), 42562047
[READ], 95thPercentileLatency(ns), 1876
[READ], 99thPercentileLatency(ns), 2965
[READ], Return=OK, 3000000
[INIT], Operations, 1
[INIT], AverageLatency(ns), 6.53195264E8
[INIT], MinLatency(ns), 653193216
[INIT], MaxLatency(ns), 653197311
[INIT], 95thPercentileLatency(ns), 653197311
[INIT], 99thPercentileLatency(ns), 653197311
[GCS], Operations, 42
[GCS], AverageLatency(ns), 19.571428571428573
[GCS], MinLatency(ns), 0
[GCS], MaxLatency(ns), 51
[GCS], 95thPercentileLatency(ns), 49
[GCS], 99thPercentileLatency(ns), 51
[LOAD_GCs_Count], Operations, 1
[LOAD_GCs_Count], AverageLatency(ns), 657.0
[LOAD_GCs_Count], MinLatency(ns), 657
[LOAD_GCs_Count], MaxLatency(ns), 657
[LOAD_GCs_Count], 95thPercentileLatency(ns), 657
[LOAD_GCs_Count], 99thPercentileLatency(ns), 657
[CLEANUP], Operations, 1
[CLEANUP], AverageLatency(ns), 61502.0
[CLEANUP], MinLatency(ns), 61502
[CLEANUP], MaxLatency(ns), 61502
[CLEANUP], 95thPercentileLatency(ns), 61502
[CLEANUP], 99thPercentileLatency(ns), 61502
[INSERT], Operations, 1000000
[INSERT], AverageLatency(ns), 45069.638653
[INSERT], MinLatency(ns), 35731
[INSERT], MaxLatency(ns), 148751359
[INSERT], 95thPercentileLatency(ns), 53472
[INSERT], 99thPercentileLatency(ns), 71368
[INSERT], Return=OK, 1000000
[UPDATE], Operations, 1500260
[UPDATE], AverageLatency(ns), 49599.19796102009
[UPDATE], MinLatency(ns), 33322
[UPDATE], MaxLatency(ns), 119090175
[UPDATE], 95thPercentileLatency(ns), 58782
[UPDATE], 99thPercentileLatency(ns), 67875
[UPDATE], Return=OK, 1500260
