/home/anatole/jdk8u/build/linux-x86_64-normal-server-release/jdk/bin/java -Xmx100g -XX:+UseG1GC -XX:InitiatingHeapOccupancyPercent=15 -classpath /home/anatole/ycsb/conf:/home/anatole/ycsb/core/target/core-0.18.0-SNAPSHOT.jar:/home/anatole/ycsb/core/target/dependency/HdrHistogram-2.1.4.jar:/home/anatole/ycsb/core/target/dependency/guava-18.0.jar:/home/anatole/ycsb/core/target/dependency/htrace-core4-4.1.0-incubating.jar:/home/anatole/ycsb/core/target/dependency/jackson-core-asl-1.9.4.jar:/home/anatole/ycsb/core/target/dependency/jackson-mapper-asl-1.9.4.jar:/home/anatole/ycsb/core/target/dependency/javax.persistence-api-2.2.jar:/home/anatole/ycsb/core/target/dependency/jnvm-1.0-SNAPSHOT.jar:/home/anatole/ycsb/core/target/dependency/pcj-1.0.jar:/home/anatole/ycsb/core/target/dependency/unsafe-helper-1.0.jar:/home/anatole/ycsb/infinispan/src/main/conf:/home/anatole/ycsb/infinispan/target/infinispan-binding-0.18.0-SNAPSHOT.jar:/home/anatole/ycsb/infinispan/target/dependency/caffeine-2.6.2.jar:/home/anatole/ycsb/infinispan/target/dependency/gson-2.8.2.jar:/home/anatole/ycsb/infinispan/target/dependency/guava-18.0.jar:/home/anatole/ycsb/infinispan/target/dependency/infinispan-cachestore-jnvm-1.0-SNAPSHOT.jar:/home/anatole/ycsb/infinispan/target/dependency/infinispan-cachestore-pcj-1.0-SNAPSHOT.jar:/home/anatole/ycsb/infinispan/target/dependency/infinispan-client-hotrod-9.4.20.Final.jar:/home/anatole/ycsb/infinispan/target/dependency/infinispan-commons-9.4.20.Final.jar:/home/anatole/ycsb/infinispan/target/dependency/infinispan-core-9.4.20.Final.jar:/home/anatole/ycsb/infinispan/target/dependency/infinispan-persistence-soft-index-9.4.20.Final.jar:/home/anatole/ycsb/infinispan/target/dependency/javax.persistence-api-2.2.jar:/home/anatole/ycsb/infinispan/target/dependency/jboss-logging-3.3.2.Final.jar:/home/anatole/ycsb/infinispan/target/dependency/jboss-marshalling-osgi-2.0.6.Final.jar:/home/anatole/ycsb/infinispan/target/dependency/jboss-transaction-api_1.2_spec-1.1.1.Final.jar:/home/anatole/ycsb/infinispan/target/dependency/jgroups-4.0.21.Final.jar:/home/anatole/ycsb/infinispan/target/dependency/jnvm-1.0-SNAPSHOT.jar:/home/anatole/ycsb/infinispan/target/dependency/metainf-services-1.7.jar:/home/anatole/ycsb/infinispan/target/dependency/netty-buffer-4.1.51.Final.jar:/home/anatole/ycsb/infinispan/target/dependency/netty-codec-4.1.51.Final.jar:/home/anatole/ycsb/infinispan/target/dependency/netty-common-4.1.51.Final.jar:/home/anatole/ycsb/infinispan/target/dependency/netty-handler-4.1.51.Final.jar:/home/anatole/ycsb/infinispan/target/dependency/netty-resolver-4.1.51.Final.jar:/home/anatole/ycsb/infinispan/target/dependency/netty-transport-4.1.51.Final.jar:/home/anatole/ycsb/infinispan/target/dependency/netty-transport-native-epoll-4.1.51.Final-linux-x86_64.jar:/home/anatole/ycsb/infinispan/target/dependency/netty-transport-native-unix-common-4.1.51.Final.jar:/home/anatole/ycsb/infinispan/target/dependency/pcj-1.0.jar:/home/anatole/ycsb/infinispan/target/dependency/reactive-streams-1.0.2.jar:/home/anatole/ycsb/infinispan/target/dependency/rxjava-2.2.4.jar:/home/anatole/ycsb/infinispan/target/dependency/unsafe-helper-1.0.jar site.ycsb.Client -t -db site.ycsb.db.InfinispanClient -P ../workloads/workloadf -preload -s -threads 1 -p dataintegrity=true -p offheap=false -p recordcount=1000000 -p operationcount=3000000 -p fieldcount=10 -p fieldlength=700 -p requestdistribution=zipfian -p measurement.trackjvm=true -p measurementtype=hdrhistogram -p hdrhistogram.output.path=./out/exp7.marshalling.ref/log/infinispan.run.workloadf.true.1000000.1000000.10.700.zipfian.1.false.true.default.default.nullfsvfs.r6.hdr.log
[OVERALL], RunTime(ms), 382177
[OVERALL], Throughput(ops/sec), 10466.354594860497
[TOTAL_GCS_G1_Young_Generation], Count, 336
[TOTAL_GC_TIME_G1_Young_Generation], Time(ms), 15404
[TOTAL_GC_TIME_%_G1_Young_Generation], Time(%), 4.030593154480777
[TOTAL_GCS_G1_Old_Generation], Count, 0
[TOTAL_GC_TIME_G1_Old_Generation], Time(ms), 0
[TOTAL_GC_TIME_%_G1_Old_Generation], Time(%), 0.0
[TOTAL_GCs], Count, 336
[TOTAL_GC_TIME], Time(ms), 15404
[TOTAL_GC_TIME_%], Time(%), 4.030593154480777
[MAX_MEM_USED], MBs, 27866
[MIN_MEM_USED], MBs, 56
[MAX_THREADS], Count, 7
[MIN_THREADS], Count, 3
[MAX_SYS_LOAD_AVG], Load, 5.93
[MIN_SYS_LOAD_AVG], Load, 1.54
[THREAD_COUNT], Operations, 40
[THREAD_COUNT], AverageLatency(ns), 5.475
[THREAD_COUNT], MinLatency(ns), 3
[THREAD_COUNT], MaxLatency(ns), 7
[THREAD_COUNT], 95thPercentileLatency(ns), 7
[THREAD_COUNT], 99thPercentileLatency(ns), 7
[SYS_LOAD_AVG], Operations, 40
[SYS_LOAD_AVG], AverageLatency(ns), 2.75
[SYS_LOAD_AVG], MinLatency(ns), 1
[SYS_LOAD_AVG], MaxLatency(ns), 5
[SYS_LOAD_AVG], 95thPercentileLatency(ns), 5
[SYS_LOAD_AVG], 99thPercentileLatency(ns), 5
[READ-MODIFY-WRITE], Operations, 1499369
[READ-MODIFY-WRITE], AverageLatency(ns), 43572.653824375455
[READ-MODIFY-WRITE], MinLatency(ns), 34488
[READ-MODIFY-WRITE], MaxLatency(ns), 182699007
[READ-MODIFY-WRITE], 95thPercentileLatency(ns), 49517
[READ-MODIFY-WRITE], 99thPercentileLatency(ns), 58087
[LOAD], Operations, 1
[LOAD], AverageLatency(ns), 2.78345547776E11
[LOAD], MinLatency(ns), 278344499200
[LOAD], MaxLatency(ns), 278346596351
[LOAD], 95thPercentileLatency(ns), 278346596351
[LOAD], 99thPercentileLatency(ns), 278346596351
[USED_MEM_MB], Operations, 40
[USED_MEM_MB], AverageLatency(ns), 15368.1
[USED_MEM_MB], MinLatency(ns), 56
[USED_MEM_MB], MaxLatency(ns), 27866
[USED_MEM_MB], 95thPercentileLatency(ns), 26870
[USED_MEM_MB], 99thPercentileLatency(ns), 27866
[MAIN_GCs_Count], Operations, 1
[MAIN_GCs_Count], AverageLatency(ns), 28.0
[MAIN_GCs_Count], MinLatency(ns), 28
[MAIN_GCs_Count], MaxLatency(ns), 28
[MAIN_GCs_Count], 95thPercentileLatency(ns), 28
[MAIN_GCs_Count], 99thPercentileLatency(ns), 28
[MAIN_GCs_Time(ms)], Operations, 1
[MAIN_GCs_Time(ms)], AverageLatency(ns), 2517.0
[MAIN_GCs_Time(ms)], MinLatency(ns), 2517
[MAIN_GCs_Time(ms)], MaxLatency(ns), 2517
[MAIN_GCs_Time(ms)], 95thPercentileLatency(ns), 2517
[MAIN_GCs_Time(ms)], 99thPercentileLatency(ns), 2517
[TRANSACTION], Operations, 1
[TRANSACTION], AverageLatency(ns), 1.02818906112E11
[TRANSACTION], MinLatency(ns), 102818643968
[TRANSACTION], MaxLatency(ns), 102819168255
[TRANSACTION], 95thPercentileLatency(ns), 102819168255
[TRANSACTION], 99thPercentileLatency(ns), 102819168255
[GCS_TIME], Operations, 40
[GCS_TIME], AverageLatency(ns), 385.1
[GCS_TIME], MinLatency(ns), 0
[GCS_TIME], MaxLatency(ns), 785
[GCS_TIME], 95thPercentileLatency(ns), 695
[GCS_TIME], 99thPercentileLatency(ns), 785
[LOAD_GCs_Time(ms)], Operations, 1
[LOAD_GCs_Time(ms)], AverageLatency(ns), 12590.0
[LOAD_GCs_Time(ms)], MinLatency(ns), 12590
[LOAD_GCs_Time(ms)], MaxLatency(ns), 12590
[LOAD_GCs_Time(ms)], 95thPercentileLatency(ns), 12590
[LOAD_GCs_Time(ms)], 99thPercentileLatency(ns), 12590
[READ], Operations, 3000000
[READ], AverageLatency(ns), 831.8290703333333
[READ], MinLatency(ns), 182
[READ], MaxLatency(ns), 20735487
[READ], 95thPercentileLatency(ns), 1982
[READ], 99thPercentileLatency(ns), 3416
[READ], Return=OK, 3000000
[INIT], Operations, 1
[INIT], AverageLatency(ns), 6.6321408E8
[INIT], MinLatency(ns), 663212032
[INIT], MaxLatency(ns), 663216127
[INIT], 95thPercentileLatency(ns), 663216127
[INIT], 99thPercentileLatency(ns), 663216127
[GCS], Operations, 40
[GCS], AverageLatency(ns), 8.4
[GCS], MinLatency(ns), 0
[GCS], MaxLatency(ns), 67
[GCS], 95thPercentileLatency(ns), 36
[GCS], 99thPercentileLatency(ns), 67
[LOAD_GCs_Count], Operations, 1
[LOAD_GCs_Count], AverageLatency(ns), 304.0
[LOAD_GCs_Count], MinLatency(ns), 304
[LOAD_GCs_Count], MaxLatency(ns), 304
[LOAD_GCs_Count], 95thPercentileLatency(ns), 304
[LOAD_GCs_Count], 99thPercentileLatency(ns), 304
[CLEANUP], Operations, 1
[CLEANUP], AverageLatency(ns), 48535.0
[CLEANUP], MinLatency(ns), 48535
[CLEANUP], MaxLatency(ns), 48535
[CLEANUP], 95thPercentileLatency(ns), 48535
[CLEANUP], 99thPercentileLatency(ns), 48535
[INSERT], Operations, 1000000
[INSERT], AverageLatency(ns), 40194.734913
[INSERT], MinLatency(ns), 32776
[INSERT], MaxLatency(ns), 238211071
[INSERT], 95thPercentileLatency(ns), 45224
[INSERT], 99thPercentileLatency(ns), 62591
[INSERT], Return=OK, 1000000
[UPDATE], Operations, 1499369
[UPDATE], AverageLatency(ns), 42131.422843876324
[UPDATE], MinLatency(ns), 33617
[UPDATE], MaxLatency(ns), 181414911
[UPDATE], 95thPercentileLatency(ns), 47873
[UPDATE], 99thPercentileLatency(ns), 56297
[UPDATE], Return=OK, 1499369
