/home/anatole/jdk8u/build/linux-x86_64-normal-server-release/jdk/bin/java -Xmx40g -XX:+UseG1GC -classpath /home/anatole/ycsb/conf:/home/anatole/ycsb/core/target/core-0.18.0-SNAPSHOT.jar:/home/anatole/ycsb/core/target/dependency/HdrHistogram-2.1.4.jar:/home/anatole/ycsb/core/target/dependency/guava-18.0.jar:/home/anatole/ycsb/core/target/dependency/htrace-core4-4.1.0-incubating.jar:/home/anatole/ycsb/core/target/dependency/jackson-core-asl-1.9.4.jar:/home/anatole/ycsb/core/target/dependency/jackson-mapper-asl-1.9.4.jar:/home/anatole/ycsb/core/target/dependency/javax.persistence-api-2.2.jar:/home/anatole/ycsb/core/target/dependency/jnvm-1.0-SNAPSHOT.jar:/home/anatole/ycsb/core/target/dependency/pcj-1.0.jar:/home/anatole/ycsb/core/target/dependency/unsafe-helper-1.0.jar:/home/anatole/ycsb/infinispan/src/main/conf:/home/anatole/ycsb/infinispan/target/infinispan-binding-0.18.0-SNAPSHOT.jar:/home/anatole/ycsb/infinispan/target/dependency/caffeine-2.6.2.jar:/home/anatole/ycsb/infinispan/target/dependency/gson-2.8.2.jar:/home/anatole/ycsb/infinispan/target/dependency/guava-18.0.jar:/home/anatole/ycsb/infinispan/target/dependency/infinispan-cachestore-jnvm-1.0-SNAPSHOT.jar:/home/anatole/ycsb/infinispan/target/dependency/infinispan-cachestore-pcj-1.0-SNAPSHOT.jar:/home/anatole/ycsb/infinispan/target/dependency/infinispan-client-hotrod-9.4.20.Final.jar:/home/anatole/ycsb/infinispan/target/dependency/infinispan-commons-9.4.20.Final.jar:/home/anatole/ycsb/infinispan/target/dependency/infinispan-core-9.4.20.Final.jar:/home/anatole/ycsb/infinispan/target/dependency/infinispan-persistence-soft-index-9.4.20.Final.jar:/home/anatole/ycsb/infinispan/target/dependency/javax.persistence-api-2.2.jar:/home/anatole/ycsb/infinispan/target/dependency/jboss-logging-3.3.2.Final.jar:/home/anatole/ycsb/infinispan/target/dependency/jboss-marshalling-osgi-2.0.6.Final.jar:/home/anatole/ycsb/infinispan/target/dependency/jboss-transaction-api_1.2_spec-1.1.1.Final.jar:/home/anatole/ycsb/infinispan/target/dependency/jgroups-4.0.21.Final.jar:/home/anatole/ycsb/infinispan/target/dependency/jnvm-1.0-SNAPSHOT.jar:/home/anatole/ycsb/infinispan/target/dependency/metainf-services-1.7.jar:/home/anatole/ycsb/infinispan/target/dependency/netty-buffer-4.1.51.Final.jar:/home/anatole/ycsb/infinispan/target/dependency/netty-codec-4.1.51.Final.jar:/home/anatole/ycsb/infinispan/target/dependency/netty-common-4.1.51.Final.jar:/home/anatole/ycsb/infinispan/target/dependency/netty-handler-4.1.51.Final.jar:/home/anatole/ycsb/infinispan/target/dependency/netty-resolver-4.1.51.Final.jar:/home/anatole/ycsb/infinispan/target/dependency/netty-transport-4.1.51.Final.jar:/home/anatole/ycsb/infinispan/target/dependency/netty-transport-native-epoll-4.1.51.Final-linux-x86_64.jar:/home/anatole/ycsb/infinispan/target/dependency/netty-transport-native-unix-common-4.1.51.Final.jar:/home/anatole/ycsb/infinispan/target/dependency/pcj-1.0.jar:/home/anatole/ycsb/infinispan/target/dependency/reactive-streams-1.0.2.jar:/home/anatole/ycsb/infinispan/target/dependency/rxjava-2.2.4.jar:/home/anatole/ycsb/infinispan/target/dependency/unsafe-helper-1.0.jar site.ycsb.Client -t -db site.ycsb.db.InfinispanClient -P ../workloads/workloadf -preload -s -threads 1 -p dataintegrity=true -p offheap=false -p recordcount=1000000 -p operationcount=3000000 -p fieldcount=10 -p fieldlength=300 -p requestdistribution=zipfian -p measurement.trackjvm=true -p measurementtype=hdrhistogram -p hdrhistogram.output.path=./out/exp7.marshalling.ref/log/infinispan.run.workloadf.true.1000000.1000000.10.300.zipfian.1.false.true.default.default.nullfsvfs.r3.hdr.log
[OVERALL], RunTime(ms), 142310
[OVERALL], Throughput(ops/sec), 28107.652308340945
[TOTAL_GCS_G1_Young_Generation], Count, 100
[TOTAL_GC_TIME_G1_Young_Generation], Time(ms), 7569
[TOTAL_GC_TIME_%_G1_Young_Generation], Time(%), 5.318670508045815
[TOTAL_GCS_G1_Old_Generation], Count, 0
[TOTAL_GC_TIME_G1_Old_Generation], Time(ms), 0
[TOTAL_GC_TIME_%_G1_Old_Generation], Time(%), 0.0
[TOTAL_GCs], Count, 100
[TOTAL_GC_TIME], Time(ms), 7569
[TOTAL_GC_TIME_%], Time(%), 5.318670508045815
[MAX_MEM_USED], MBs, 12522
[MIN_MEM_USED], MBs, 54
[MAX_THREADS], Count, 7
[MIN_THREADS], Count, 3
[MAX_SYS_LOAD_AVG], Load, 3.89
[MIN_SYS_LOAD_AVG], Load, 1.7
[THREAD_COUNT], Operations, 16
[THREAD_COUNT], AverageLatency(ns), 6.1875
[THREAD_COUNT], MinLatency(ns), 3
[THREAD_COUNT], MaxLatency(ns), 7
[THREAD_COUNT], 95thPercentileLatency(ns), 7
[THREAD_COUNT], 99thPercentileLatency(ns), 7
[SYS_LOAD_AVG], Operations, 16
[SYS_LOAD_AVG], AverageLatency(ns), 2.125
[SYS_LOAD_AVG], MinLatency(ns), 1
[SYS_LOAD_AVG], MaxLatency(ns), 3
[SYS_LOAD_AVG], 95thPercentileLatency(ns), 3
[SYS_LOAD_AVG], 99thPercentileLatency(ns), 3
[READ-MODIFY-WRITE], Operations, 1499827
[READ-MODIFY-WRITE], AverageLatency(ns), 32461.185480725442
[READ-MODIFY-WRITE], MinLatency(ns), 25285
[READ-MODIFY-WRITE], MaxLatency(ns), 173201407
[READ-MODIFY-WRITE], 95thPercentileLatency(ns), 39793
[READ-MODIFY-WRITE], 99thPercentileLatency(ns), 48418
[LOAD], Operations, 1
[LOAD], AverageLatency(ns), 8.2323439616E10
[LOAD], MinLatency(ns), 82323177472
[LOAD], MaxLatency(ns), 82323701759
[LOAD], 95thPercentileLatency(ns), 82323701759
[LOAD], 99thPercentileLatency(ns), 82323701759
[USED_MEM_MB], Operations, 16
[USED_MEM_MB], AverageLatency(ns), 8059.25
[USED_MEM_MB], MinLatency(ns), 54
[USED_MEM_MB], MaxLatency(ns), 12522
[USED_MEM_MB], 95thPercentileLatency(ns), 11656
[USED_MEM_MB], 99thPercentileLatency(ns), 12522
[MAIN_GCs_Count], Operations, 1
[MAIN_GCs_Count], AverageLatency(ns), 25.0
[MAIN_GCs_Count], MinLatency(ns), 25
[MAIN_GCs_Count], MaxLatency(ns), 25
[MAIN_GCs_Count], 95thPercentileLatency(ns), 25
[MAIN_GCs_Count], 99thPercentileLatency(ns), 25
[MAIN_GCs_Time(ms)], Operations, 1
[MAIN_GCs_Time(ms)], AverageLatency(ns), 1768.0
[MAIN_GCs_Time(ms)], MinLatency(ns), 1768
[MAIN_GCs_Time(ms)], MaxLatency(ns), 1768
[MAIN_GCs_Time(ms)], 95thPercentileLatency(ns), 1768
[MAIN_GCs_Time(ms)], 99thPercentileLatency(ns), 1768
[TRANSACTION], Operations, 1
[TRANSACTION], AverageLatency(ns), 5.9221868544E10
[TRANSACTION], MinLatency(ns), 59221737472
[TRANSACTION], MaxLatency(ns), 59221999615
[TRANSACTION], 95thPercentileLatency(ns), 59221999615
[TRANSACTION], 99thPercentileLatency(ns), 59221999615
[GCS_TIME], Operations, 16
[GCS_TIME], AverageLatency(ns), 473.0625
[GCS_TIME], MinLatency(ns), 0
[GCS_TIME], MaxLatency(ns), 881
[GCS_TIME], 95thPercentileLatency(ns), 825
[GCS_TIME], 99thPercentileLatency(ns), 881
[LOAD_GCs_Time(ms)], Operations, 1
[LOAD_GCs_Time(ms)], AverageLatency(ns), 5705.0
[LOAD_GCs_Time(ms)], MinLatency(ns), 5705
[LOAD_GCs_Time(ms)], MaxLatency(ns), 5705
[LOAD_GCs_Time(ms)], 95thPercentileLatency(ns), 5705
[LOAD_GCs_Time(ms)], 99thPercentileLatency(ns), 5705
[READ], Operations, 3000000
[READ], AverageLatency(ns), 679.5014786666667
[READ], MinLatency(ns), 187
[READ], MaxLatency(ns), 1497647
[READ], 95thPercentileLatency(ns), 1579
[READ], 99thPercentileLatency(ns), 2435
[READ], Return=OK, 3000000
[INIT], Operations, 1
[INIT], AverageLatency(ns), 6.486528E8
[INIT], MinLatency(ns), 648650752
[INIT], MaxLatency(ns), 648654847
[INIT], 95thPercentileLatency(ns), 648654847
[INIT], 99thPercentileLatency(ns), 648654847
[GCS], Operations, 16
[GCS], AverageLatency(ns), 6.25
[GCS], MinLatency(ns), 0
[GCS], MaxLatency(ns), 28
[GCS], 95thPercentileLatency(ns), 13
[GCS], 99thPercentileLatency(ns), 28
[LOAD_GCs_Count], Operations, 1
[LOAD_GCs_Count], AverageLatency(ns), 72.0
[LOAD_GCs_Count], MinLatency(ns), 72
[LOAD_GCs_Count], MaxLatency(ns), 72
[LOAD_GCs_Count], 95thPercentileLatency(ns), 72
[LOAD_GCs_Count], 99thPercentileLatency(ns), 72
[CLEANUP], Operations, 1
[CLEANUP], AverageLatency(ns), 28409.0
[CLEANUP], MinLatency(ns), 28409
[CLEANUP], MaxLatency(ns), 28409
[CLEANUP], 95thPercentileLatency(ns), 28409
[CLEANUP], 99thPercentileLatency(ns), 28409
[INSERT], Operations, 1000000
[INSERT], AverageLatency(ns), 29222.502628
[INSERT], MinLatency(ns), 24136
[INSERT], MaxLatency(ns), 286238719
[INSERT], 95thPercentileLatency(ns), 31425
[INSERT], 99thPercentileLatency(ns), 45035
[INSERT], Return=OK, 1000000
[UPDATE], Operations, 1499827
[UPDATE], AverageLatency(ns), 31245.20572639378
[UPDATE], MinLatency(ns), 24637
[UPDATE], MaxLatency(ns), 160107519
[UPDATE], 95thPercentileLatency(ns), 38368
[UPDATE], 99thPercentileLatency(ns), 46783
[UPDATE], Return=OK, 1499827
