/home/anatole/jdk8u/build/linux-x86_64-normal-server-release/jdk/bin/java -Xmx20g -XX:+UseG1GC -classpath /home/anatole/ycsb/conf:/home/anatole/ycsb/core/target/core-0.18.0-SNAPSHOT.jar:/home/anatole/ycsb/core/target/dependency/HdrHistogram-2.1.4.jar:/home/anatole/ycsb/core/target/dependency/guava-18.0.jar:/home/anatole/ycsb/core/target/dependency/htrace-core4-4.1.0-incubating.jar:/home/anatole/ycsb/core/target/dependency/jackson-core-asl-1.9.4.jar:/home/anatole/ycsb/core/target/dependency/jackson-mapper-asl-1.9.4.jar:/home/anatole/ycsb/core/target/dependency/javax.persistence-api-2.2.jar:/home/anatole/ycsb/core/target/dependency/jnvm-1.0-SNAPSHOT.jar:/home/anatole/ycsb/core/target/dependency/pcj-1.0.jar:/home/anatole/ycsb/core/target/dependency/unsafe-helper-1.0.jar:/home/anatole/ycsb/infinispan/src/main/conf:/home/anatole/ycsb/infinispan/target/infinispan-binding-0.18.0-SNAPSHOT.jar:/home/anatole/ycsb/infinispan/target/dependency/caffeine-2.6.2.jar:/home/anatole/ycsb/infinispan/target/dependency/gson-2.8.2.jar:/home/anatole/ycsb/infinispan/target/dependency/guava-18.0.jar:/home/anatole/ycsb/infinispan/target/dependency/infinispan-cachestore-jnvm-1.0-SNAPSHOT.jar:/home/anatole/ycsb/infinispan/target/dependency/infinispan-cachestore-pcj-1.0-SNAPSHOT.jar:/home/anatole/ycsb/infinispan/target/dependency/infinispan-client-hotrod-9.4.20.Final.jar:/home/anatole/ycsb/infinispan/target/dependency/infinispan-commons-9.4.20.Final.jar:/home/anatole/ycsb/infinispan/target/dependency/infinispan-core-9.4.20.Final.jar:/home/anatole/ycsb/infinispan/target/dependency/infinispan-persistence-soft-index-9.4.20.Final.jar:/home/anatole/ycsb/infinispan/target/dependency/javax.persistence-api-2.2.jar:/home/anatole/ycsb/infinispan/target/dependency/jboss-logging-3.3.2.Final.jar:/home/anatole/ycsb/infinispan/target/dependency/jboss-marshalling-osgi-2.0.6.Final.jar:/home/anatole/ycsb/infinispan/target/dependency/jboss-transaction-api_1.2_spec-1.1.1.Final.jar:/home/anatole/ycsb/infinispan/target/dependency/jgroups-4.0.21.Final.jar:/home/anatole/ycsb/infinispan/target/dependency/jnvm-1.0-SNAPSHOT.jar:/home/anatole/ycsb/infinispan/target/dependency/metainf-services-1.7.jar:/home/anatole/ycsb/infinispan/target/dependency/netty-buffer-4.1.51.Final.jar:/home/anatole/ycsb/infinispan/target/dependency/netty-codec-4.1.51.Final.jar:/home/anatole/ycsb/infinispan/target/dependency/netty-common-4.1.51.Final.jar:/home/anatole/ycsb/infinispan/target/dependency/netty-handler-4.1.51.Final.jar:/home/anatole/ycsb/infinispan/target/dependency/netty-resolver-4.1.51.Final.jar:/home/anatole/ycsb/infinispan/target/dependency/netty-transport-4.1.51.Final.jar:/home/anatole/ycsb/infinispan/target/dependency/netty-transport-native-epoll-4.1.51.Final-linux-x86_64.jar:/home/anatole/ycsb/infinispan/target/dependency/netty-transport-native-unix-common-4.1.51.Final.jar:/home/anatole/ycsb/infinispan/target/dependency/pcj-1.0.jar:/home/anatole/ycsb/infinispan/target/dependency/reactive-streams-1.0.2.jar:/home/anatole/ycsb/infinispan/target/dependency/rxjava-2.2.4.jar:/home/anatole/ycsb/infinispan/target/dependency/unsafe-helper-1.0.jar site.ycsb.Client -t -db site.ycsb.db.InfinispanClient -P ../workloads/workloadf -preload -s -threads 1 -p dataintegrity=true -p offheap=false -p recordcount=1000000 -p operationcount=3000000 -p fieldcount=10 -p fieldlength=500 -p requestdistribution=zipfian -p measurement.trackjvm=true -p measurementtype=hdrhistogram -p hdrhistogram.output.path=./out/exp7.marshalling.ref/log/infinispan.run.workloadf.true.1000000.100000.10.500.zipfian.1.false.true.default.default.tmpfs.r6.hdr.log
[OVERALL], RunTime(ms), 314601
[OVERALL], Throughput(ops/sec), 12714.517754234728
[TOTAL_GCS_G1_Young_Generation], Count, 497
[TOTAL_GC_TIME_G1_Young_Generation], Time(ms), 13365
[TOTAL_GC_TIME_%_G1_Young_Generation], Time(%), 4.248238244633678
[TOTAL_GCS_G1_Old_Generation], Count, 0
[TOTAL_GC_TIME_G1_Old_Generation], Time(ms), 0
[TOTAL_GC_TIME_%_G1_Old_Generation], Time(%), 0.0
[TOTAL_GCs], Count, 497
[TOTAL_GC_TIME], Time(ms), 13365
[TOTAL_GC_TIME_%], Time(%), 4.248238244633678
[MAX_MEM_USED], MBs, 3050
[MIN_MEM_USED], MBs, 48
[MAX_THREADS], Count, 7
[MIN_THREADS], Count, 3
[MAX_SYS_LOAD_AVG], Load, 6.2
[MIN_SYS_LOAD_AVG], Load, 1.14
[THREAD_COUNT], Operations, 33
[THREAD_COUNT], AverageLatency(ns), 5.575757575757576
[THREAD_COUNT], MinLatency(ns), 3
[THREAD_COUNT], MaxLatency(ns), 7
[THREAD_COUNT], 95thPercentileLatency(ns), 7
[THREAD_COUNT], 99thPercentileLatency(ns), 7
[SYS_LOAD_AVG], Operations, 33
[SYS_LOAD_AVG], AverageLatency(ns), 2.0606060606060606
[SYS_LOAD_AVG], MinLatency(ns), 1
[SYS_LOAD_AVG], MaxLatency(ns), 6
[SYS_LOAD_AVG], 95thPercentileLatency(ns), 4
[SYS_LOAD_AVG], 99thPercentileLatency(ns), 6
[READ-MODIFY-WRITE], Operations, 1499682
[READ-MODIFY-WRITE], AverageLatency(ns), 63173.22056009207
[READ-MODIFY-WRITE], MinLatency(ns), 31077
[READ-MODIFY-WRITE], MaxLatency(ns), 165351423
[READ-MODIFY-WRITE], 95thPercentileLatency(ns), 83962
[READ-MODIFY-WRITE], 99thPercentileLatency(ns), 101800
[LOAD], Operations, 1
[LOAD], AverageLatency(ns), 1.59201624064E11
[LOAD], MinLatency(ns), 159201099776
[LOAD], MaxLatency(ns), 159202148351
[LOAD], 95thPercentileLatency(ns), 159202148351
[LOAD], 99thPercentileLatency(ns), 159202148351
[USED_MEM_MB], Operations, 33
[USED_MEM_MB], AverageLatency(ns), 2372.3939393939395
[USED_MEM_MB], MinLatency(ns), 48
[USED_MEM_MB], MaxLatency(ns), 3050
[USED_MEM_MB], 95thPercentileLatency(ns), 2976
[USED_MEM_MB], 99thPercentileLatency(ns), 3050
[MAIN_GCs_Count], Operations, 1
[MAIN_GCs_Count], AverageLatency(ns), 200.0
[MAIN_GCs_Count], MinLatency(ns), 200
[MAIN_GCs_Count], MaxLatency(ns), 200
[MAIN_GCs_Count], 95thPercentileLatency(ns), 200
[MAIN_GCs_Count], 99thPercentileLatency(ns), 200
[MAIN_GCs_Time(ms)], Operations, 1
[MAIN_GCs_Time(ms)], AverageLatency(ns), 8510.0
[MAIN_GCs_Time(ms)], MinLatency(ns), 8510
[MAIN_GCs_Time(ms)], MaxLatency(ns), 8510
[MAIN_GCs_Time(ms)], 95thPercentileLatency(ns), 8510
[MAIN_GCs_Time(ms)], 99thPercentileLatency(ns), 8510
[TRANSACTION], Operations, 1
[TRANSACTION], AverageLatency(ns), 1.54659192832E11
[TRANSACTION], MinLatency(ns), 154658668544
[TRANSACTION], MaxLatency(ns), 154659717119
[TRANSACTION], 95thPercentileLatency(ns), 154659717119
[TRANSACTION], 99thPercentileLatency(ns), 154659717119
[GCS_TIME], Operations, 33
[GCS_TIME], AverageLatency(ns), 405.0
[GCS_TIME], MinLatency(ns), 0
[GCS_TIME], MaxLatency(ns), 802
[GCS_TIME], 95thPercentileLatency(ns), 715
[GCS_TIME], 99thPercentileLatency(ns), 802
[LOAD_GCs_Time(ms)], Operations, 1
[LOAD_GCs_Time(ms)], AverageLatency(ns), 4809.0
[LOAD_GCs_Time(ms)], MinLatency(ns), 4809
[LOAD_GCs_Time(ms)], MaxLatency(ns), 4809
[LOAD_GCs_Time(ms)], 95thPercentileLatency(ns), 4809
[LOAD_GCs_Time(ms)], 99thPercentileLatency(ns), 4809
[READ], Operations, 3000000
[READ], AverageLatency(ns), 24811.085868
[READ], MinLatency(ns), 230
[READ], MaxLatency(ns), 150853631
[READ], 95thPercentileLatency(ns), 47665
[READ], 99thPercentileLatency(ns), 56903
[READ], Return=OK, 3000000
[INIT], Operations, 1
[INIT], AverageLatency(ns), 6.53355008E8
[INIT], MinLatency(ns), 653352960
[INIT], MaxLatency(ns), 653357055
[INIT], 95thPercentileLatency(ns), 653357055
[INIT], 99thPercentileLatency(ns), 653357055
[GCS], Operations, 33
[GCS], AverageLatency(ns), 15.06060606060606
[GCS], MinLatency(ns), 0
[GCS], MaxLatency(ns), 75
[GCS], 95thPercentileLatency(ns), 25
[GCS], 99thPercentileLatency(ns), 75
[LOAD_GCs_Count], Operations, 1
[LOAD_GCs_Count], AverageLatency(ns), 294.0
[LOAD_GCs_Count], MinLatency(ns), 294
[LOAD_GCs_Count], MaxLatency(ns), 294
[LOAD_GCs_Count], 95thPercentileLatency(ns), 294
[LOAD_GCs_Count], 99thPercentileLatency(ns), 294
[CLEANUP], Operations, 1
[CLEANUP], AverageLatency(ns), 18743.0
[CLEANUP], MinLatency(ns), 18743
[CLEANUP], MaxLatency(ns), 18743
[CLEANUP], 95thPercentileLatency(ns), 18743
[CLEANUP], 99thPercentileLatency(ns), 18743
[INSERT], Operations, 1000000
[INSERT], AverageLatency(ns), 36045.608434
[INSERT], MinLatency(ns), 29688
[INSERT], MaxLatency(ns), 73986047
[INSERT], 95thPercentileLatency(ns), 39001
[INSERT], 99thPercentileLatency(ns), 53014
[INSERT], Return=OK, 1000000
[UPDATE], Operations, 1499682
[UPDATE], AverageLatency(ns), 37675.2228872521
[UPDATE], MinLatency(ns), 29944
[UPDATE], MaxLatency(ns), 93771263
[UPDATE], 95thPercentileLatency(ns), 42297
[UPDATE], 99thPercentileLatency(ns), 49259
[UPDATE], Return=OK, 1499682
