/home/anatole/jdk8u/build/linux-x86_64-normal-server-release/jdk/bin/java -Xmx40g -XX:+UseG1GC -classpath /home/anatole/ycsb/conf:/home/anatole/ycsb/core/target/core-0.18.0-SNAPSHOT.jar:/home/anatole/ycsb/core/target/dependency/HdrHistogram-2.1.4.jar:/home/anatole/ycsb/core/target/dependency/guava-18.0.jar:/home/anatole/ycsb/core/target/dependency/htrace-core4-4.1.0-incubating.jar:/home/anatole/ycsb/core/target/dependency/jackson-core-asl-1.9.4.jar:/home/anatole/ycsb/core/target/dependency/jackson-mapper-asl-1.9.4.jar:/home/anatole/ycsb/core/target/dependency/javax.persistence-api-2.2.jar:/home/anatole/ycsb/core/target/dependency/jnvm-1.0-SNAPSHOT.jar:/home/anatole/ycsb/core/target/dependency/pcj-1.0.jar:/home/anatole/ycsb/core/target/dependency/unsafe-helper-1.0.jar:/home/anatole/ycsb/infinispan/src/main/conf:/home/anatole/ycsb/infinispan/target/infinispan-binding-0.18.0-SNAPSHOT.jar:/home/anatole/ycsb/infinispan/target/dependency/caffeine-2.6.2.jar:/home/anatole/ycsb/infinispan/target/dependency/gson-2.8.2.jar:/home/anatole/ycsb/infinispan/target/dependency/guava-18.0.jar:/home/anatole/ycsb/infinispan/target/dependency/infinispan-cachestore-jnvm-1.0-SNAPSHOT.jar:/home/anatole/ycsb/infinispan/target/dependency/infinispan-cachestore-pcj-1.0-SNAPSHOT.jar:/home/anatole/ycsb/infinispan/target/dependency/infinispan-client-hotrod-9.4.20.Final.jar:/home/anatole/ycsb/infinispan/target/dependency/infinispan-commons-9.4.20.Final.jar:/home/anatole/ycsb/infinispan/target/dependency/infinispan-core-9.4.20.Final.jar:/home/anatole/ycsb/infinispan/target/dependency/infinispan-persistence-soft-index-9.4.20.Final.jar:/home/anatole/ycsb/infinispan/target/dependency/javax.persistence-api-2.2.jar:/home/anatole/ycsb/infinispan/target/dependency/jboss-logging-3.3.2.Final.jar:/home/anatole/ycsb/infinispan/target/dependency/jboss-marshalling-osgi-2.0.6.Final.jar:/home/anatole/ycsb/infinispan/target/dependency/jboss-transaction-api_1.2_spec-1.1.1.Final.jar:/home/anatole/ycsb/infinispan/target/dependency/jgroups-4.0.21.Final.jar:/home/anatole/ycsb/infinispan/target/dependency/jnvm-1.0-SNAPSHOT.jar:/home/anatole/ycsb/infinispan/target/dependency/metainf-services-1.7.jar:/home/anatole/ycsb/infinispan/target/dependency/netty-buffer-4.1.51.Final.jar:/home/anatole/ycsb/infinispan/target/dependency/netty-codec-4.1.51.Final.jar:/home/anatole/ycsb/infinispan/target/dependency/netty-common-4.1.51.Final.jar:/home/anatole/ycsb/infinispan/target/dependency/netty-handler-4.1.51.Final.jar:/home/anatole/ycsb/infinispan/target/dependency/netty-resolver-4.1.51.Final.jar:/home/anatole/ycsb/infinispan/target/dependency/netty-transport-4.1.51.Final.jar:/home/anatole/ycsb/infinispan/target/dependency/netty-transport-native-epoll-4.1.51.Final-linux-x86_64.jar:/home/anatole/ycsb/infinispan/target/dependency/netty-transport-native-unix-common-4.1.51.Final.jar:/home/anatole/ycsb/infinispan/target/dependency/pcj-1.0.jar:/home/anatole/ycsb/infinispan/target/dependency/reactive-streams-1.0.2.jar:/home/anatole/ycsb/infinispan/target/dependency/rxjava-2.2.4.jar:/home/anatole/ycsb/infinispan/target/dependency/unsafe-helper-1.0.jar site.ycsb.Client -t -db site.ycsb.db.InfinispanClient -P ../workloads/workloadf -preload -s -threads 1 -p dataintegrity=true -p offheap=false -p recordcount=1000000 -p operationcount=3000000 -p fieldcount=10 -p fieldlength=300 -p requestdistribution=zipfian -p measurement.trackjvm=true -p measurementtype=hdrhistogram -p hdrhistogram.output.path=./out/exp7.marshalling.ref/log/infinispan.run.workloadf.true.1000000.1000000.10.300.zipfian.1.false.true.default.default.tmpfs.r4.hdr.log
[OVERALL], RunTime(ms), 149973
[OVERALL], Throughput(ops/sec), 26671.467530822214
[TOTAL_GCS_G1_Young_Generation], Count, 107
[TOTAL_GC_TIME_G1_Young_Generation], Time(ms), 8383
[TOTAL_GC_TIME_%_G1_Young_Generation], Time(%), 5.589672807772065
[TOTAL_GCS_G1_Old_Generation], Count, 0
[TOTAL_GC_TIME_G1_Old_Generation], Time(ms), 0
[TOTAL_GC_TIME_%_G1_Old_Generation], Time(%), 0.0
[TOTAL_GCs], Count, 107
[TOTAL_GC_TIME], Time(ms), 8383
[TOTAL_GC_TIME_%], Time(%), 5.589672807772065
[MAX_MEM_USED], MBs, 12630
[MIN_MEM_USED], MBs, 54
[MAX_THREADS], Count, 7
[MIN_THREADS], Count, 3
[MAX_SYS_LOAD_AVG], Load, 6.6
[MIN_SYS_LOAD_AVG], Load, 2.54
[THREAD_COUNT], Operations, 16
[THREAD_COUNT], AverageLatency(ns), 6.1875
[THREAD_COUNT], MinLatency(ns), 3
[THREAD_COUNT], MaxLatency(ns), 7
[THREAD_COUNT], 95thPercentileLatency(ns), 7
[THREAD_COUNT], 99thPercentileLatency(ns), 7
[SYS_LOAD_AVG], Operations, 16
[SYS_LOAD_AVG], AverageLatency(ns), 3.8125
[SYS_LOAD_AVG], MinLatency(ns), 2
[SYS_LOAD_AVG], MaxLatency(ns), 6
[SYS_LOAD_AVG], 95thPercentileLatency(ns), 5
[SYS_LOAD_AVG], 99thPercentileLatency(ns), 6
[READ-MODIFY-WRITE], Operations, 1500331
[READ-MODIFY-WRITE], AverageLatency(ns), 35167.03987186828
[READ-MODIFY-WRITE], MinLatency(ns), 26362
[READ-MODIFY-WRITE], MaxLatency(ns), 258812927
[READ-MODIFY-WRITE], 95thPercentileLatency(ns), 42574
[READ-MODIFY-WRITE], 99thPercentileLatency(ns), 51161
[LOAD], Operations, 1
[LOAD], AverageLatency(ns), 8.5743894528E10
[LOAD], MinLatency(ns), 85743632384
[LOAD], MaxLatency(ns), 85744156671
[LOAD], 95thPercentileLatency(ns), 85744156671
[LOAD], 99thPercentileLatency(ns), 85744156671
[USED_MEM_MB], Operations, 16
[USED_MEM_MB], AverageLatency(ns), 7982.0625
[USED_MEM_MB], MinLatency(ns), 54
[USED_MEM_MB], MaxLatency(ns), 12630
[USED_MEM_MB], 95thPercentileLatency(ns), 12574
[USED_MEM_MB], 99thPercentileLatency(ns), 12630
[MAIN_GCs_Count], Operations, 1
[MAIN_GCs_Count], AverageLatency(ns), 25.0
[MAIN_GCs_Count], MinLatency(ns), 25
[MAIN_GCs_Count], MaxLatency(ns), 25
[MAIN_GCs_Count], 95thPercentileLatency(ns), 25
[MAIN_GCs_Count], 99thPercentileLatency(ns), 25
[MAIN_GCs_Time(ms)], Operations, 1
[MAIN_GCs_Time(ms)], AverageLatency(ns), 1948.0
[MAIN_GCs_Time(ms)], MinLatency(ns), 1948
[MAIN_GCs_Time(ms)], MaxLatency(ns), 1948
[MAIN_GCs_Time(ms)], 95thPercentileLatency(ns), 1948
[MAIN_GCs_Time(ms)], 99thPercentileLatency(ns), 1948
[TRANSACTION], Operations, 1
[TRANSACTION], AverageLatency(ns), 6.3389696E10
[TRANSACTION], MinLatency(ns), 63389564928
[TRANSACTION], MaxLatency(ns), 63389827071
[TRANSACTION], 95thPercentileLatency(ns), 63389827071
[TRANSACTION], 99thPercentileLatency(ns), 63389827071
[GCS_TIME], Operations, 16
[GCS_TIME], AverageLatency(ns), 523.9375
[GCS_TIME], MinLatency(ns), 0
[GCS_TIME], MaxLatency(ns), 979
[GCS_TIME], 95thPercentileLatency(ns), 934
[GCS_TIME], 99thPercentileLatency(ns), 979
[LOAD_GCs_Time(ms)], Operations, 1
[LOAD_GCs_Time(ms)], AverageLatency(ns), 6317.0
[LOAD_GCs_Time(ms)], MinLatency(ns), 6317
[LOAD_GCs_Time(ms)], MaxLatency(ns), 6317
[LOAD_GCs_Time(ms)], 95thPercentileLatency(ns), 6317
[LOAD_GCs_Time(ms)], 99thPercentileLatency(ns), 6317
[READ], Operations, 3000000
[READ], AverageLatency(ns), 707.4617196666667
[READ], MinLatency(ns), 201
[READ], MaxLatency(ns), 2893103
[READ], 95thPercentileLatency(ns), 1638
[READ], 99thPercentileLatency(ns), 2496
[READ], Return=OK, 3000000
[INIT], Operations, 1
[INIT], AverageLatency(ns), 7.02642176E8
[INIT], MinLatency(ns), 702640128
[INIT], MaxLatency(ns), 702644223
[INIT], 95thPercentileLatency(ns), 702644223
[INIT], 99thPercentileLatency(ns), 702644223
[GCS], Operations, 16
[GCS], AverageLatency(ns), 6.6875
[GCS], MinLatency(ns), 0
[GCS], MaxLatency(ns), 28
[GCS], 95thPercentileLatency(ns), 17
[GCS], 99thPercentileLatency(ns), 28
[LOAD_GCs_Count], Operations, 1
[LOAD_GCs_Count], AverageLatency(ns), 79.0
[LOAD_GCs_Count], MinLatency(ns), 79
[LOAD_GCs_Count], MaxLatency(ns), 79
[LOAD_GCs_Count], 95thPercentileLatency(ns), 79
[LOAD_GCs_Count], 99thPercentileLatency(ns), 79
[CLEANUP], Operations, 1
[CLEANUP], AverageLatency(ns), 21816.0
[CLEANUP], MinLatency(ns), 21816
[CLEANUP], MaxLatency(ns), 21816
[CLEANUP], 95thPercentileLatency(ns), 21816
[CLEANUP], 99thPercentileLatency(ns), 21816
[INSERT], Operations, 1000000
[INSERT], AverageLatency(ns), 31722.77075
[INSERT], MinLatency(ns), 25582
[INSERT], MaxLatency(ns), 182745087
[INSERT], 95thPercentileLatency(ns), 35815
[INSERT], 99thPercentileLatency(ns), 49977
[INSERT], Return=OK, 1000000
[UPDATE], Operations, 1500331
[UPDATE], AverageLatency(ns), 33749.493703722714
[UPDATE], MinLatency(ns), 25675
[UPDATE], MaxLatency(ns), 141072383
[UPDATE], 95thPercentileLatency(ns), 41132
[UPDATE], 99thPercentileLatency(ns), 49483
[UPDATE], Return=OK, 1500331
