/home/anatole/jdk8u/build/linux-x86_64-normal-server-release/jdk/bin/java -Xmx100g -XX:+UseG1GC -XX:InitiatingHeapOccupancyPercent=15 -classpath /home/anatole/ycsb/conf:/home/anatole/ycsb/core/target/core-0.18.0-SNAPSHOT.jar:/home/anatole/ycsb/core/target/dependency/HdrHistogram-2.1.4.jar:/home/anatole/ycsb/core/target/dependency/guava-18.0.jar:/home/anatole/ycsb/core/target/dependency/htrace-core4-4.1.0-incubating.jar:/home/anatole/ycsb/core/target/dependency/jackson-core-asl-1.9.4.jar:/home/anatole/ycsb/core/target/dependency/jackson-mapper-asl-1.9.4.jar:/home/anatole/ycsb/core/target/dependency/javax.persistence-api-2.2.jar:/home/anatole/ycsb/core/target/dependency/jnvm-1.0-SNAPSHOT.jar:/home/anatole/ycsb/core/target/dependency/pcj-1.0.jar:/home/anatole/ycsb/core/target/dependency/unsafe-helper-1.0.jar:/home/anatole/ycsb/infinispan/src/main/conf:/home/anatole/ycsb/infinispan/target/infinispan-binding-0.18.0-SNAPSHOT.jar:/home/anatole/ycsb/infinispan/target/dependency/caffeine-2.6.2.jar:/home/anatole/ycsb/infinispan/target/dependency/gson-2.8.2.jar:/home/anatole/ycsb/infinispan/target/dependency/guava-18.0.jar:/home/anatole/ycsb/infinispan/target/dependency/infinispan-cachestore-jnvm-1.0-SNAPSHOT.jar:/home/anatole/ycsb/infinispan/target/dependency/infinispan-cachestore-pcj-1.0-SNAPSHOT.jar:/home/anatole/ycsb/infinispan/target/dependency/infinispan-client-hotrod-9.4.20.Final.jar:/home/anatole/ycsb/infinispan/target/dependency/infinispan-commons-9.4.20.Final.jar:/home/anatole/ycsb/infinispan/target/dependency/infinispan-core-9.4.20.Final.jar:/home/anatole/ycsb/infinispan/target/dependency/infinispan-persistence-soft-index-9.4.20.Final.jar:/home/anatole/ycsb/infinispan/target/dependency/javax.persistence-api-2.2.jar:/home/anatole/ycsb/infinispan/target/dependency/jboss-logging-3.3.2.Final.jar:/home/anatole/ycsb/infinispan/target/dependency/jboss-marshalling-osgi-2.0.6.Final.jar:/home/anatole/ycsb/infinispan/target/dependency/jboss-transaction-api_1.2_spec-1.1.1.Final.jar:/home/anatole/ycsb/infinispan/target/dependency/jgroups-4.0.21.Final.jar:/home/anatole/ycsb/infinispan/target/dependency/jnvm-1.0-SNAPSHOT.jar:/home/anatole/ycsb/infinispan/target/dependency/metainf-services-1.7.jar:/home/anatole/ycsb/infinispan/target/dependency/netty-buffer-4.1.51.Final.jar:/home/anatole/ycsb/infinispan/target/dependency/netty-codec-4.1.51.Final.jar:/home/anatole/ycsb/infinispan/target/dependency/netty-common-4.1.51.Final.jar:/home/anatole/ycsb/infinispan/target/dependency/netty-handler-4.1.51.Final.jar:/home/anatole/ycsb/infinispan/target/dependency/netty-resolver-4.1.51.Final.jar:/home/anatole/ycsb/infinispan/target/dependency/netty-transport-4.1.51.Final.jar:/home/anatole/ycsb/infinispan/target/dependency/netty-transport-native-epoll-4.1.51.Final-linux-x86_64.jar:/home/anatole/ycsb/infinispan/target/dependency/netty-transport-native-unix-common-4.1.51.Final.jar:/home/anatole/ycsb/infinispan/target/dependency/pcj-1.0.jar:/home/anatole/ycsb/infinispan/target/dependency/reactive-streams-1.0.2.jar:/home/anatole/ycsb/infinispan/target/dependency/rxjava-2.2.4.jar:/home/anatole/ycsb/infinispan/target/dependency/unsafe-helper-1.0.jar site.ycsb.Client -t -db site.ycsb.db.InfinispanClient -P ../workloads/workloadf -preload -s -threads 1 -p dataintegrity=true -p offheap=false -p recordcount=1000000 -p operationcount=3000000 -p fieldcount=10 -p fieldlength=400 -p requestdistribution=zipfian -p measurement.trackjvm=true -p measurementtype=hdrhistogram -p hdrhistogram.output.path=./out/exp7.marshalling.ref/log/infinispan.run.workloadf.true.1000000.1000000.10.400.zipfian.1.false.true.default.default.nullfsvfs.r5.hdr.log
[OVERALL], RunTime(ms), 190521
[OVERALL], Throughput(ops/sec), 20995.06091192047
[TOTAL_GCS_G1_Young_Generation], Count, 141
[TOTAL_GC_TIME_G1_Young_Generation], Time(ms), 9508
[TOTAL_GC_TIME_%_G1_Young_Generation], Time(%), 4.990525978763496
[TOTAL_GCS_G1_Old_Generation], Count, 0
[TOTAL_GC_TIME_G1_Old_Generation], Time(ms), 0
[TOTAL_GC_TIME_%_G1_Old_Generation], Time(%), 0.0
[TOTAL_GCs], Count, 141
[TOTAL_GC_TIME], Time(ms), 9508
[TOTAL_GC_TIME_%], Time(%), 4.990525978763496
[MAX_MEM_USED], MBs, 24075
[MIN_MEM_USED], MBs, 56
[MAX_THREADS], Count, 7
[MIN_THREADS], Count, 3
[MAX_SYS_LOAD_AVG], Load, 6.86
[MIN_SYS_LOAD_AVG], Load, 2.13
[THREAD_COUNT], Operations, 21
[THREAD_COUNT], AverageLatency(ns), 5.904761904761905
[THREAD_COUNT], MinLatency(ns), 3
[THREAD_COUNT], MaxLatency(ns), 7
[THREAD_COUNT], 95thPercentileLatency(ns), 7
[THREAD_COUNT], 99thPercentileLatency(ns), 7
[SYS_LOAD_AVG], Operations, 21
[SYS_LOAD_AVG], AverageLatency(ns), 3.8095238095238093
[SYS_LOAD_AVG], MinLatency(ns), 2
[SYS_LOAD_AVG], MaxLatency(ns), 6
[SYS_LOAD_AVG], 95thPercentileLatency(ns), 6
[SYS_LOAD_AVG], 99thPercentileLatency(ns), 6
[READ-MODIFY-WRITE], Operations, 1498940
[READ-MODIFY-WRITE], AverageLatency(ns), 35081.22756681388
[READ-MODIFY-WRITE], MinLatency(ns), 27322
[READ-MODIFY-WRITE], MaxLatency(ns), 243289087
[READ-MODIFY-WRITE], 95thPercentileLatency(ns), 45178
[READ-MODIFY-WRITE], 99thPercentileLatency(ns), 52820
[LOAD], Operations, 1
[LOAD], AverageLatency(ns), 1.21019564032E11
[LOAD], MinLatency(ns), 121019301888
[LOAD], MaxLatency(ns), 121019826175
[LOAD], 95thPercentileLatency(ns), 121019826175
[LOAD], 99thPercentileLatency(ns), 121019826175
[USED_MEM_MB], Operations, 21
[USED_MEM_MB], AverageLatency(ns), 11632.047619047618
[USED_MEM_MB], MinLatency(ns), 56
[USED_MEM_MB], MaxLatency(ns), 24075
[USED_MEM_MB], 95thPercentileLatency(ns), 23867
[USED_MEM_MB], 99thPercentileLatency(ns), 24075
[MAIN_GCs_Count], Operations, 1
[MAIN_GCs_Count], AverageLatency(ns), 14.0
[MAIN_GCs_Count], MinLatency(ns), 14
[MAIN_GCs_Count], MaxLatency(ns), 14
[MAIN_GCs_Count], 95thPercentileLatency(ns), 14
[MAIN_GCs_Count], 99thPercentileLatency(ns), 14
[MAIN_GCs_Time(ms)], Operations, 1
[MAIN_GCs_Time(ms)], AverageLatency(ns), 1399.0
[MAIN_GCs_Time(ms)], MinLatency(ns), 1399
[MAIN_GCs_Time(ms)], MaxLatency(ns), 1399
[MAIN_GCs_Time(ms)], 95thPercentileLatency(ns), 1399
[MAIN_GCs_Time(ms)], 99thPercentileLatency(ns), 1399
[TRANSACTION], Operations, 1
[TRANSACTION], AverageLatency(ns), 6.8449337344E10
[TRANSACTION], MinLatency(ns), 68449206272
[TRANSACTION], MaxLatency(ns), 68449468415
[TRANSACTION], 95thPercentileLatency(ns), 68449468415
[TRANSACTION], 99thPercentileLatency(ns), 68449468415
[GCS_TIME], Operations, 21
[GCS_TIME], AverageLatency(ns), 452.76190476190476
[GCS_TIME], MinLatency(ns), 0
[GCS_TIME], MaxLatency(ns), 825
[GCS_TIME], 95thPercentileLatency(ns), 771
[GCS_TIME], 99thPercentileLatency(ns), 825
[LOAD_GCs_Time(ms)], Operations, 1
[LOAD_GCs_Time(ms)], AverageLatency(ns), 8077.0
[LOAD_GCs_Time(ms)], MinLatency(ns), 8077
[LOAD_GCs_Time(ms)], MaxLatency(ns), 8077
[LOAD_GCs_Time(ms)], 95thPercentileLatency(ns), 8077
[LOAD_GCs_Time(ms)], 99thPercentileLatency(ns), 8077
[READ], Operations, 3000000
[READ], AverageLatency(ns), 753.562747
[READ], MinLatency(ns), 206
[READ], MaxLatency(ns), 1851615
[READ], 95thPercentileLatency(ns), 1767
[READ], 99thPercentileLatency(ns), 2665
[READ], Return=OK, 3000000
[INIT], Operations, 1
[INIT], AverageLatency(ns), 9.95649536E8
[INIT], MinLatency(ns), 995647488
[INIT], MaxLatency(ns), 995651583
[INIT], 95thPercentileLatency(ns), 995651583
[INIT], 99thPercentileLatency(ns), 995651583
[GCS], Operations, 21
[GCS], AverageLatency(ns), 6.714285714285714
[GCS], MinLatency(ns), 0
[GCS], MaxLatency(ns), 50
[GCS], 95thPercentileLatency(ns), 27
[GCS], 99thPercentileLatency(ns), 50
[LOAD_GCs_Count], Operations, 1
[LOAD_GCs_Count], AverageLatency(ns), 125.0
[LOAD_GCs_Count], MinLatency(ns), 125
[LOAD_GCs_Count], MaxLatency(ns), 125
[LOAD_GCs_Count], 95thPercentileLatency(ns), 125
[LOAD_GCs_Count], 99thPercentileLatency(ns), 125
[CLEANUP], Operations, 1
[CLEANUP], AverageLatency(ns), 19833.0
[CLEANUP], MinLatency(ns), 19833
[CLEANUP], MaxLatency(ns), 19833
[CLEANUP], 95thPercentileLatency(ns), 19833
[CLEANUP], 99thPercentileLatency(ns), 19833
[INSERT], Operations, 1000000
[INSERT], AverageLatency(ns), 32148.408193
[INSERT], MinLatency(ns), 25887
[INSERT], MaxLatency(ns), 199898111
[INSERT], 95thPercentileLatency(ns), 35535
[INSERT], 99thPercentileLatency(ns), 50846
[INSERT], Return=OK, 1000000
[UPDATE], Operations, 1498940
[UPDATE], AverageLatency(ns), 33715.44308244493
[UPDATE], MinLatency(ns), 26612
[UPDATE], MaxLatency(ns), 150537215
[UPDATE], 95thPercentileLatency(ns), 43779
[UPDATE], 99thPercentileLatency(ns), 51175
[UPDATE], Return=OK, 1498940
