/home/anatole/jdk8u/build/linux-x86_64-normal-server-release/jdk/bin/java -Xmx20g -XX:+UseG1GC -classpath /home/anatole/ycsb/conf:/home/anatole/ycsb/core/target/core-0.18.0-SNAPSHOT.jar:/home/anatole/ycsb/core/target/dependency/HdrHistogram-2.1.4.jar:/home/anatole/ycsb/core/target/dependency/guava-18.0.jar:/home/anatole/ycsb/core/target/dependency/htrace-core4-4.1.0-incubating.jar:/home/anatole/ycsb/core/target/dependency/jackson-core-asl-1.9.4.jar:/home/anatole/ycsb/core/target/dependency/jackson-mapper-asl-1.9.4.jar:/home/anatole/ycsb/core/target/dependency/javax.persistence-api-2.2.jar:/home/anatole/ycsb/core/target/dependency/jnvm-1.0-SNAPSHOT.jar:/home/anatole/ycsb/core/target/dependency/pcj-1.0.jar:/home/anatole/ycsb/core/target/dependency/unsafe-helper-1.0.jar:/home/anatole/ycsb/infinispan/src/main/conf:/home/anatole/ycsb/infinispan/target/infinispan-binding-0.18.0-SNAPSHOT.jar:/home/anatole/ycsb/infinispan/target/dependency/caffeine-2.6.2.jar:/home/anatole/ycsb/infinispan/target/dependency/gson-2.8.2.jar:/home/anatole/ycsb/infinispan/target/dependency/guava-18.0.jar:/home/anatole/ycsb/infinispan/target/dependency/infinispan-cachestore-jnvm-1.0-SNAPSHOT.jar:/home/anatole/ycsb/infinispan/target/dependency/infinispan-cachestore-pcj-1.0-SNAPSHOT.jar:/home/anatole/ycsb/infinispan/target/dependency/infinispan-client-hotrod-9.4.20.Final.jar:/home/anatole/ycsb/infinispan/target/dependency/infinispan-commons-9.4.20.Final.jar:/home/anatole/ycsb/infinispan/target/dependency/infinispan-core-9.4.20.Final.jar:/home/anatole/ycsb/infinispan/target/dependency/infinispan-persistence-soft-index-9.4.20.Final.jar:/home/anatole/ycsb/infinispan/target/dependency/javax.persistence-api-2.2.jar:/home/anatole/ycsb/infinispan/target/dependency/jboss-logging-3.3.2.Final.jar:/home/anatole/ycsb/infinispan/target/dependency/jboss-marshalling-osgi-2.0.6.Final.jar:/home/anatole/ycsb/infinispan/target/dependency/jboss-transaction-api_1.2_spec-1.1.1.Final.jar:/home/anatole/ycsb/infinispan/target/dependency/jgroups-4.0.21.Final.jar:/home/anatole/ycsb/infinispan/target/dependency/jnvm-1.0-SNAPSHOT.jar:/home/anatole/ycsb/infinispan/target/dependency/metainf-services-1.7.jar:/home/anatole/ycsb/infinispan/target/dependency/netty-buffer-4.1.51.Final.jar:/home/anatole/ycsb/infinispan/target/dependency/netty-codec-4.1.51.Final.jar:/home/anatole/ycsb/infinispan/target/dependency/netty-common-4.1.51.Final.jar:/home/anatole/ycsb/infinispan/target/dependency/netty-handler-4.1.51.Final.jar:/home/anatole/ycsb/infinispan/target/dependency/netty-resolver-4.1.51.Final.jar:/home/anatole/ycsb/infinispan/target/dependency/netty-transport-4.1.51.Final.jar:/home/anatole/ycsb/infinispan/target/dependency/netty-transport-native-epoll-4.1.51.Final-linux-x86_64.jar:/home/anatole/ycsb/infinispan/target/dependency/netty-transport-native-unix-common-4.1.51.Final.jar:/home/anatole/ycsb/infinispan/target/dependency/pcj-1.0.jar:/home/anatole/ycsb/infinispan/target/dependency/reactive-streams-1.0.2.jar:/home/anatole/ycsb/infinispan/target/dependency/rxjava-2.2.4.jar:/home/anatole/ycsb/infinispan/target/dependency/unsafe-helper-1.0.jar site.ycsb.Client -t -db site.ycsb.db.InfinispanClient -P ../workloads/workloadf -preload -s -threads 1 -p dataintegrity=true -p offheap=false -p recordcount=1000000 -p operationcount=3000000 -p fieldcount=10 -p fieldlength=600 -p requestdistribution=zipfian -p measurement.trackjvm=true -p measurementtype=hdrhistogram -p hdrhistogram.output.path=./out/exp7.marshalling.ref/log/infinispan.run.workloadf.true.1000000.100000.10.600.zipfian.1.false.true.default.default.pmem0.r2.hdr.log
[OVERALL], RunTime(ms), 400665
[OVERALL], Throughput(ops/sec), 9983.402593188823
[TOTAL_GCS_G1_Young_Generation], Count, 278
[TOTAL_GC_TIME_G1_Young_Generation], Time(ms), 11551
[TOTAL_GC_TIME_%_G1_Young_Generation], Time(%), 2.8829570838481025
[TOTAL_GCS_G1_Old_Generation], Count, 0
[TOTAL_GC_TIME_G1_Old_Generation], Time(ms), 0
[TOTAL_GC_TIME_%_G1_Old_Generation], Time(%), 0.0
[TOTAL_GCs], Count, 278
[TOTAL_GC_TIME], Time(ms), 11551
[TOTAL_GC_TIME_%], Time(%), 2.8829570838481025
[MAX_MEM_USED], MBs, 6164
[MIN_MEM_USED], MBs, 50
[MAX_THREADS], Count, 7
[MIN_THREADS], Count, 3
[MAX_SYS_LOAD_AVG], Load, 4.39
[MIN_SYS_LOAD_AVG], Load, 1.23
[THREAD_COUNT], Operations, 42
[THREAD_COUNT], AverageLatency(ns), 5.428571428571429
[THREAD_COUNT], MinLatency(ns), 3
[THREAD_COUNT], MaxLatency(ns), 7
[THREAD_COUNT], 95thPercentileLatency(ns), 7
[THREAD_COUNT], 99thPercentileLatency(ns), 7
[SYS_LOAD_AVG], Operations, 42
[SYS_LOAD_AVG], AverageLatency(ns), 1.9523809523809523
[SYS_LOAD_AVG], MinLatency(ns), 1
[SYS_LOAD_AVG], MaxLatency(ns), 4
[SYS_LOAD_AVG], 95thPercentileLatency(ns), 3
[SYS_LOAD_AVG], 99thPercentileLatency(ns), 4
[READ-MODIFY-WRITE], Operations, 1499731
[READ-MODIFY-WRITE], AverageLatency(ns), 72610.20480406153
[READ-MODIFY-WRITE], MinLatency(ns), 39519
[READ-MODIFY-WRITE], MaxLatency(ns), 258753535
[READ-MODIFY-WRITE], 95thPercentileLatency(ns), 94510
[READ-MODIFY-WRITE], 99thPercentileLatency(ns), 102127
[LOAD], Operations, 1
[LOAD], AverageLatency(ns), 2.24452411392E11
[LOAD], MinLatency(ns), 224451887104
[LOAD], MaxLatency(ns), 224452935679
[LOAD], 95thPercentileLatency(ns), 224452935679
[LOAD], 99thPercentileLatency(ns), 224452935679
[USED_MEM_MB], Operations, 42
[USED_MEM_MB], AverageLatency(ns), 3996.690476190476
[USED_MEM_MB], MinLatency(ns), 50
[USED_MEM_MB], MaxLatency(ns), 6164
[USED_MEM_MB], 95thPercentileLatency(ns), 6042
[USED_MEM_MB], 99thPercentileLatency(ns), 6164
[MAIN_GCs_Count], Operations, 1
[MAIN_GCs_Count], AverageLatency(ns), 79.0
[MAIN_GCs_Count], MinLatency(ns), 79
[MAIN_GCs_Count], MaxLatency(ns), 79
[MAIN_GCs_Count], 95thPercentileLatency(ns), 79
[MAIN_GCs_Count], 99thPercentileLatency(ns), 79
[MAIN_GCs_Time(ms)], Operations, 1
[MAIN_GCs_Time(ms)], AverageLatency(ns), 6520.0
[MAIN_GCs_Time(ms)], MinLatency(ns), 6520
[MAIN_GCs_Time(ms)], MaxLatency(ns), 6520
[MAIN_GCs_Time(ms)], 95thPercentileLatency(ns), 6520
[MAIN_GCs_Time(ms)], 99thPercentileLatency(ns), 6520
[TRANSACTION], Operations, 1
[TRANSACTION], AverageLatency(ns), 1.7541890048E11
[TRANSACTION], MinLatency(ns), 175418376192
[TRANSACTION], MaxLatency(ns), 175419424767
[TRANSACTION], 95thPercentileLatency(ns), 175419424767
[TRANSACTION], 99thPercentileLatency(ns), 175419424767
[GCS_TIME], Operations, 42
[GCS_TIME], AverageLatency(ns), 275.0238095238095
[GCS_TIME], MinLatency(ns), 0
[GCS_TIME], MaxLatency(ns), 685
[GCS_TIME], 95thPercentileLatency(ns), 585
[GCS_TIME], 99thPercentileLatency(ns), 685
[LOAD_GCs_Time(ms)], Operations, 1
[LOAD_GCs_Time(ms)], AverageLatency(ns), 4935.0
[LOAD_GCs_Time(ms)], MinLatency(ns), 4935
[LOAD_GCs_Time(ms)], MaxLatency(ns), 4935
[LOAD_GCs_Time(ms)], 95thPercentileLatency(ns), 4935
[LOAD_GCs_Time(ms)], 99thPercentileLatency(ns), 4935
[READ], Operations, 3000000
[READ], AverageLatency(ns), 25291.118344666666
[READ], MinLatency(ns), 224
[READ], MaxLatency(ns), 199864319
[READ], 95thPercentileLatency(ns), 49008
[READ], 99thPercentileLatency(ns), 52622
[READ], Return=OK, 3000000
[INIT], Operations, 1
[INIT], AverageLatency(ns), 6.57876992E8
[INIT], MinLatency(ns), 657874944
[INIT], MaxLatency(ns), 657879039
[INIT], 95thPercentileLatency(ns), 657879039
[INIT], 99thPercentileLatency(ns), 657879039
[GCS], Operations, 42
[GCS], AverageLatency(ns), 6.619047619047619
[GCS], MinLatency(ns), 0
[GCS], MaxLatency(ns), 39
[GCS], 95thPercentileLatency(ns), 20
[GCS], 99thPercentileLatency(ns), 39
[LOAD_GCs_Count], Operations, 1
[LOAD_GCs_Count], AverageLatency(ns), 197.0
[LOAD_GCs_Count], MinLatency(ns), 197
[LOAD_GCs_Count], MaxLatency(ns), 197
[LOAD_GCs_Count], 95thPercentileLatency(ns), 197
[LOAD_GCs_Count], 99thPercentileLatency(ns), 197
[CLEANUP], Operations, 1
[CLEANUP], AverageLatency(ns), 19562.0
[CLEANUP], MinLatency(ns), 19562
[CLEANUP], MaxLatency(ns), 19562
[CLEANUP], 95thPercentileLatency(ns), 19562
[CLEANUP], 99thPercentileLatency(ns), 19562
[INSERT], Operations, 1000000
[INSERT], AverageLatency(ns), 54855.632287
[INSERT], MinLatency(ns), 44881
[INSERT], MaxLatency(ns), 82670591
[INSERT], 95thPercentileLatency(ns), 57440
[INSERT], 99thPercentileLatency(ns), 71573
[INSERT], Return=OK, 1000000
[UPDATE], Operations, 1499731
[UPDATE], AverageLatency(ns), 46253.28424364103
[UPDATE], MinLatency(ns), 38389
[UPDATE], MaxLatency(ns), 177328127
[UPDATE], 95thPercentileLatency(ns), 49011
[UPDATE], 99thPercentileLatency(ns), 55425
[UPDATE], Return=OK, 1499731
