/home/anatole/jdk8u/build/linux-x86_64-normal-server-release/jdk/bin/java -Xmx20g -XX:+UseG1GC -classpath /home/anatole/ycsb/conf:/home/anatole/ycsb/core/target/core-0.18.0-SNAPSHOT.jar:/home/anatole/ycsb/core/target/dependency/HdrHistogram-2.1.4.jar:/home/anatole/ycsb/core/target/dependency/guava-18.0.jar:/home/anatole/ycsb/core/target/dependency/htrace-core4-4.1.0-incubating.jar:/home/anatole/ycsb/core/target/dependency/jackson-core-asl-1.9.4.jar:/home/anatole/ycsb/core/target/dependency/jackson-mapper-asl-1.9.4.jar:/home/anatole/ycsb/core/target/dependency/javax.persistence-api-2.2.jar:/home/anatole/ycsb/core/target/dependency/jnvm-1.0-SNAPSHOT.jar:/home/anatole/ycsb/core/target/dependency/pcj-1.0.jar:/home/anatole/ycsb/core/target/dependency/unsafe-helper-1.0.jar:/home/anatole/ycsb/infinispan/src/main/conf:/home/anatole/ycsb/infinispan/target/infinispan-binding-0.18.0-SNAPSHOT.jar:/home/anatole/ycsb/infinispan/target/dependency/caffeine-2.6.2.jar:/home/anatole/ycsb/infinispan/target/dependency/gson-2.8.2.jar:/home/anatole/ycsb/infinispan/target/dependency/guava-18.0.jar:/home/anatole/ycsb/infinispan/target/dependency/infinispan-cachestore-jnvm-1.0-SNAPSHOT.jar:/home/anatole/ycsb/infinispan/target/dependency/infinispan-cachestore-pcj-1.0-SNAPSHOT.jar:/home/anatole/ycsb/infinispan/target/dependency/infinispan-client-hotrod-9.4.20.Final.jar:/home/anatole/ycsb/infinispan/target/dependency/infinispan-commons-9.4.20.Final.jar:/home/anatole/ycsb/infinispan/target/dependency/infinispan-core-9.4.20.Final.jar:/home/anatole/ycsb/infinispan/target/dependency/infinispan-persistence-soft-index-9.4.20.Final.jar:/home/anatole/ycsb/infinispan/target/dependency/javax.persistence-api-2.2.jar:/home/anatole/ycsb/infinispan/target/dependency/jboss-logging-3.3.2.Final.jar:/home/anatole/ycsb/infinispan/target/dependency/jboss-marshalling-osgi-2.0.6.Final.jar:/home/anatole/ycsb/infinispan/target/dependency/jboss-transaction-api_1.2_spec-1.1.1.Final.jar:/home/anatole/ycsb/infinispan/target/dependency/jgroups-4.0.21.Final.jar:/home/anatole/ycsb/infinispan/target/dependency/jnvm-1.0-SNAPSHOT.jar:/home/anatole/ycsb/infinispan/target/dependency/metainf-services-1.7.jar:/home/anatole/ycsb/infinispan/target/dependency/netty-buffer-4.1.51.Final.jar:/home/anatole/ycsb/infinispan/target/dependency/netty-codec-4.1.51.Final.jar:/home/anatole/ycsb/infinispan/target/dependency/netty-common-4.1.51.Final.jar:/home/anatole/ycsb/infinispan/target/dependency/netty-handler-4.1.51.Final.jar:/home/anatole/ycsb/infinispan/target/dependency/netty-resolver-4.1.51.Final.jar:/home/anatole/ycsb/infinispan/target/dependency/netty-transport-4.1.51.Final.jar:/home/anatole/ycsb/infinispan/target/dependency/netty-transport-native-epoll-4.1.51.Final-linux-x86_64.jar:/home/anatole/ycsb/infinispan/target/dependency/netty-transport-native-unix-common-4.1.51.Final.jar:/home/anatole/ycsb/infinispan/target/dependency/pcj-1.0.jar:/home/anatole/ycsb/infinispan/target/dependency/reactive-streams-1.0.2.jar:/home/anatole/ycsb/infinispan/target/dependency/rxjava-2.2.4.jar:/home/anatole/ycsb/infinispan/target/dependency/unsafe-helper-1.0.jar site.ycsb.Client -t -db site.ycsb.db.InfinispanClient -P ../workloads/workloadf -preload -s -threads 1 -p dataintegrity=true -p offheap=false -p recordcount=1000000 -p operationcount=3000000 -p fieldcount=10 -p fieldlength=100 -p requestdistribution=zipfian -p measurement.trackjvm=true -p measurementtype=hdrhistogram -p hdrhistogram.output.path=./out/exp7.marshalling.ref/log/infinispan.run.workloadf.true.1000000.100000.10.100.zipfian.1.false.true.default.default.tmpfs.r1.hdr.log
[OVERALL], RunTime(ms), 144348
[OVERALL], Throughput(ops/sec), 27710.80998697592
[TOTAL_GCS_G1_Young_Generation], Count, 288
[TOTAL_GC_TIME_G1_Young_Generation], Time(ms), 6699
[TOTAL_GC_TIME_%_G1_Young_Generation], Time(%), 4.640867902568792
[TOTAL_GCS_G1_Old_Generation], Count, 0
[TOTAL_GC_TIME_G1_Old_Generation], Time(ms), 0
[TOTAL_GC_TIME_%_G1_Old_Generation], Time(%), 0.0
[TOTAL_GCs], Count, 288
[TOTAL_GC_TIME], Time(ms), 6699
[TOTAL_GC_TIME_%], Time(%), 4.640867902568792
[MAX_MEM_USED], MBs, 1688
[MIN_MEM_USED], MBs, 48
[MAX_THREADS], Count, 7
[MIN_THREADS], Count, 3
[MAX_SYS_LOAD_AVG], Load, 6.04
[MIN_SYS_LOAD_AVG], Load, 1.99
[THREAD_COUNT], Operations, 16
[THREAD_COUNT], AverageLatency(ns), 6.1875
[THREAD_COUNT], MinLatency(ns), 3
[THREAD_COUNT], MaxLatency(ns), 7
[THREAD_COUNT], 95thPercentileLatency(ns), 7
[THREAD_COUNT], 99thPercentileLatency(ns), 7
[SYS_LOAD_AVG], Operations, 16
[SYS_LOAD_AVG], AverageLatency(ns), 3.75
[SYS_LOAD_AVG], MinLatency(ns), 1
[SYS_LOAD_AVG], MaxLatency(ns), 6
[SYS_LOAD_AVG], 95thPercentileLatency(ns), 5
[SYS_LOAD_AVG], 99thPercentileLatency(ns), 6
[READ-MODIFY-WRITE], Operations, 1499052
[READ-MODIFY-WRITE], AverageLatency(ns), 49612.84398072915
[READ-MODIFY-WRITE], MinLatency(ns), 22382
[READ-MODIFY-WRITE], MaxLatency(ns), 102764543
[READ-MODIFY-WRITE], 95thPercentileLatency(ns), 74351
[READ-MODIFY-WRITE], 99thPercentileLatency(ns), 82040
[LOAD], Operations, 1
[LOAD], AverageLatency(ns), 3.483041792E10
[LOAD], MinLatency(ns), 34830286848
[LOAD], MaxLatency(ns), 34830548991
[LOAD], 95thPercentileLatency(ns), 34830548991
[LOAD], 99thPercentileLatency(ns), 34830548991
[USED_MEM_MB], Operations, 16
[USED_MEM_MB], AverageLatency(ns), 1378.5625
[USED_MEM_MB], MinLatency(ns), 48
[USED_MEM_MB], MaxLatency(ns), 1688
[USED_MEM_MB], 95thPercentileLatency(ns), 1655
[USED_MEM_MB], 99thPercentileLatency(ns), 1688
[MAIN_GCs_Count], Operations, 1
[MAIN_GCs_Count], AverageLatency(ns), 229.0
[MAIN_GCs_Count], MinLatency(ns), 229
[MAIN_GCs_Count], MaxLatency(ns), 229
[MAIN_GCs_Count], 95thPercentileLatency(ns), 229
[MAIN_GCs_Count], 99thPercentileLatency(ns), 229
[MAIN_GCs_Time(ms)], Operations, 1
[MAIN_GCs_Time(ms)], AverageLatency(ns), 5144.0
[MAIN_GCs_Time(ms)], MinLatency(ns), 5144
[MAIN_GCs_Time(ms)], MaxLatency(ns), 5144
[MAIN_GCs_Time(ms)], 95thPercentileLatency(ns), 5144
[MAIN_GCs_Time(ms)], 99thPercentileLatency(ns), 5144
[TRANSACTION], Operations, 1
[TRANSACTION], AverageLatency(ns), 1.08754894848E11
[TRANSACTION], MinLatency(ns), 108754632704
[TRANSACTION], MaxLatency(ns), 108755156991
[TRANSACTION], 95thPercentileLatency(ns), 108755156991
[TRANSACTION], 99thPercentileLatency(ns), 108755156991
[GCS_TIME], Operations, 16
[GCS_TIME], AverageLatency(ns), 418.6875
[GCS_TIME], MinLatency(ns), 0
[GCS_TIME], MaxLatency(ns), 668
[GCS_TIME], 95thPercentileLatency(ns), 547
[GCS_TIME], 99thPercentileLatency(ns), 668
[LOAD_GCs_Time(ms)], Operations, 1
[LOAD_GCs_Time(ms)], AverageLatency(ns), 1493.0
[LOAD_GCs_Time(ms)], MinLatency(ns), 1493
[LOAD_GCs_Time(ms)], MaxLatency(ns), 1493
[LOAD_GCs_Time(ms)], 95thPercentileLatency(ns), 1493
[LOAD_GCs_Time(ms)], 99thPercentileLatency(ns), 1493
[READ], Operations, 3000000
[READ], AverageLatency(ns), 20380.495055666666
[READ], MinLatency(ns), 234
[READ], MaxLatency(ns), 132398591
[READ], 95thPercentileLatency(ns), 40854
[READ], 99thPercentileLatency(ns), 47324
[READ], Return=OK, 3000000
[INIT], Operations, 1
[INIT], AverageLatency(ns), 6.62530048E8
[INIT], MinLatency(ns), 662528000
[INIT], MaxLatency(ns), 662532095
[INIT], 95thPercentileLatency(ns), 662532095
[INIT], 99thPercentileLatency(ns), 662532095
[GCS], Operations, 16
[GCS], AverageLatency(ns), 18.0
[GCS], MinLatency(ns), 0
[GCS], MaxLatency(ns), 24
[GCS], 95thPercentileLatency(ns), 22
[GCS], 99thPercentileLatency(ns), 24
[LOAD_GCs_Count], Operations, 1
[LOAD_GCs_Count], AverageLatency(ns), 56.0
[LOAD_GCs_Count], MinLatency(ns), 56
[LOAD_GCs_Count], MaxLatency(ns), 56
[LOAD_GCs_Count], 95thPercentileLatency(ns), 56
[LOAD_GCs_Count], 99thPercentileLatency(ns), 56
[CLEANUP], Operations, 1
[CLEANUP], AverageLatency(ns), 16309.0
[CLEANUP], MinLatency(ns), 16309
[CLEANUP], MaxLatency(ns), 16309
[CLEANUP], 95thPercentileLatency(ns), 16309
[CLEANUP], 99thPercentileLatency(ns), 16309
[INSERT], Operations, 1000000
[INSERT], AverageLatency(ns), 26190.454552
[INSERT], MinLatency(ns), 21013
[INSERT], MaxLatency(ns), 90993663
[INSERT], 95thPercentileLatency(ns), 27467
[INSERT], 99thPercentileLatency(ns), 35634
[INSERT], Return=OK, 1000000
[UPDATE], Operations, 1499052
[UPDATE], AverageLatency(ns), 28354.055507080477
[UPDATE], MinLatency(ns), 21381
[UPDATE], MaxLatency(ns), 91787775
[UPDATE], 95thPercentileLatency(ns), 34199
[UPDATE], 99thPercentileLatency(ns), 38197
[UPDATE], Return=OK, 1499052
