/home/anatole/jdk8u/build/linux-x86_64-normal-server-release/jdk/bin/java -Xmx100g -XX:+UseG1GC -XX:InitiatingHeapOccupancyPercent=15 -classpath /home/anatole/ycsb/conf:/home/anatole/ycsb/core/target/core-0.18.0-SNAPSHOT.jar:/home/anatole/ycsb/core/target/dependency/HdrHistogram-2.1.4.jar:/home/anatole/ycsb/core/target/dependency/guava-18.0.jar:/home/anatole/ycsb/core/target/dependency/htrace-core4-4.1.0-incubating.jar:/home/anatole/ycsb/core/target/dependency/jackson-core-asl-1.9.4.jar:/home/anatole/ycsb/core/target/dependency/jackson-mapper-asl-1.9.4.jar:/home/anatole/ycsb/core/target/dependency/javax.persistence-api-2.2.jar:/home/anatole/ycsb/core/target/dependency/jnvm-1.0-SNAPSHOT.jar:/home/anatole/ycsb/core/target/dependency/pcj-1.0.jar:/home/anatole/ycsb/core/target/dependency/unsafe-helper-1.0.jar:/home/anatole/ycsb/infinispan/src/main/conf:/home/anatole/ycsb/infinispan/target/infinispan-binding-0.18.0-SNAPSHOT.jar:/home/anatole/ycsb/infinispan/target/dependency/caffeine-2.6.2.jar:/home/anatole/ycsb/infinispan/target/dependency/gson-2.8.2.jar:/home/anatole/ycsb/infinispan/target/dependency/guava-18.0.jar:/home/anatole/ycsb/infinispan/target/dependency/infinispan-cachestore-jnvm-1.0-SNAPSHOT.jar:/home/anatole/ycsb/infinispan/target/dependency/infinispan-cachestore-pcj-1.0-SNAPSHOT.jar:/home/anatole/ycsb/infinispan/target/dependency/infinispan-client-hotrod-9.4.20.Final.jar:/home/anatole/ycsb/infinispan/target/dependency/infinispan-commons-9.4.20.Final.jar:/home/anatole/ycsb/infinispan/target/dependency/infinispan-core-9.4.20.Final.jar:/home/anatole/ycsb/infinispan/target/dependency/infinispan-persistence-soft-index-9.4.20.Final.jar:/home/anatole/ycsb/infinispan/target/dependency/javax.persistence-api-2.2.jar:/home/anatole/ycsb/infinispan/target/dependency/jboss-logging-3.3.2.Final.jar:/home/anatole/ycsb/infinispan/target/dependency/jboss-marshalling-osgi-2.0.6.Final.jar:/home/anatole/ycsb/infinispan/target/dependency/jboss-transaction-api_1.2_spec-1.1.1.Final.jar:/home/anatole/ycsb/infinispan/target/dependency/jgroups-4.0.21.Final.jar:/home/anatole/ycsb/infinispan/target/dependency/jnvm-1.0-SNAPSHOT.jar:/home/anatole/ycsb/infinispan/target/dependency/metainf-services-1.7.jar:/home/anatole/ycsb/infinispan/target/dependency/netty-buffer-4.1.51.Final.jar:/home/anatole/ycsb/infinispan/target/dependency/netty-codec-4.1.51.Final.jar:/home/anatole/ycsb/infinispan/target/dependency/netty-common-4.1.51.Final.jar:/home/anatole/ycsb/infinispan/target/dependency/netty-handler-4.1.51.Final.jar:/home/anatole/ycsb/infinispan/target/dependency/netty-resolver-4.1.51.Final.jar:/home/anatole/ycsb/infinispan/target/dependency/netty-transport-4.1.51.Final.jar:/home/anatole/ycsb/infinispan/target/dependency/netty-transport-native-epoll-4.1.51.Final-linux-x86_64.jar:/home/anatole/ycsb/infinispan/target/dependency/netty-transport-native-unix-common-4.1.51.Final.jar:/home/anatole/ycsb/infinispan/target/dependency/pcj-1.0.jar:/home/anatole/ycsb/infinispan/target/dependency/reactive-streams-1.0.2.jar:/home/anatole/ycsb/infinispan/target/dependency/rxjava-2.2.4.jar:/home/anatole/ycsb/infinispan/target/dependency/unsafe-helper-1.0.jar site.ycsb.Client -t -db site.ycsb.db.InfinispanClient -P ../workloads/workloadf -preload -s -threads 1 -p dataintegrity=true -p offheap=false -p recordcount=1000000 -p operationcount=3000000 -p fieldcount=10 -p fieldlength=800 -p requestdistribution=zipfian -p measurement.trackjvm=true -p measurementtype=hdrhistogram -p hdrhistogram.output.path=./out/exp7.marshalling.ref/log/infinispan.run.workloadf.true.1000000.1000000.10.800.zipfian.1.false.true.default.default.none.r11.hdr.log
[OVERALL], RunTime(ms), 360718
[OVERALL], Throughput(ops/sec), 11088.994727183008
[TOTAL_GCS_G1_Young_Generation], Count, 417
[TOTAL_GC_TIME_G1_Young_Generation], Time(ms), 17145
[TOTAL_GC_TIME_%_G1_Young_Generation], Time(%), 4.753020364938816
[TOTAL_GCS_G1_Old_Generation], Count, 0
[TOTAL_GC_TIME_G1_Old_Generation], Time(ms), 0
[TOTAL_GC_TIME_%_G1_Old_Generation], Time(%), 0.0
[TOTAL_GCs], Count, 417
[TOTAL_GC_TIME], Time(ms), 17145
[TOTAL_GC_TIME_%], Time(%), 4.753020364938816
[MAX_MEM_USED], MBs, 28870
[MIN_MEM_USED], MBs, 56
[MAX_THREADS], Count, 6
[MIN_THREADS], Count, 3
[MAX_SYS_LOAD_AVG], Load, 3.62
[MIN_SYS_LOAD_AVG], Load, 1.35
[THREAD_COUNT], Operations, 38
[THREAD_COUNT], AverageLatency(ns), 4.526315789473684
[THREAD_COUNT], MinLatency(ns), 3
[THREAD_COUNT], MaxLatency(ns), 6
[THREAD_COUNT], 95thPercentileLatency(ns), 6
[THREAD_COUNT], 99thPercentileLatency(ns), 6
[SYS_LOAD_AVG], Operations, 38
[SYS_LOAD_AVG], AverageLatency(ns), 1.4210526315789473
[SYS_LOAD_AVG], MinLatency(ns), 1
[SYS_LOAD_AVG], MaxLatency(ns), 3
[SYS_LOAD_AVG], 95thPercentileLatency(ns), 3
[SYS_LOAD_AVG], 99thPercentileLatency(ns), 3
[READ-MODIFY-WRITE], Operations, 1499980
[READ-MODIFY-WRITE], AverageLatency(ns), 3394.588625181669
[READ-MODIFY-WRITE], MinLatency(ns), 1522
[READ-MODIFY-WRITE], MaxLatency(ns), 17639807
[READ-MODIFY-WRITE], 95thPercentileLatency(ns), 5741
[READ-MODIFY-WRITE], 99thPercentileLatency(ns), 7235
[LOAD], Operations, 1
[LOAD], AverageLatency(ns), 3.0665080832E11
[LOAD], MinLatency(ns), 306649759744
[LOAD], MaxLatency(ns), 306651856895
[LOAD], 95thPercentileLatency(ns), 306651856895
[LOAD], 99thPercentileLatency(ns), 306651856895
[USED_MEM_MB], Operations, 38
[USED_MEM_MB], AverageLatency(ns), 15963.026315789473
[USED_MEM_MB], MinLatency(ns), 56
[USED_MEM_MB], MaxLatency(ns), 28870
[USED_MEM_MB], 95thPercentileLatency(ns), 28076
[USED_MEM_MB], 99thPercentileLatency(ns), 28870
[MAIN_GCs_Count], Operations, 1
[MAIN_GCs_Count], AverageLatency(ns), 18.0
[MAIN_GCs_Count], MinLatency(ns), 18
[MAIN_GCs_Count], MaxLatency(ns), 18
[MAIN_GCs_Count], 95thPercentileLatency(ns), 18
[MAIN_GCs_Count], 99thPercentileLatency(ns), 18
[MAIN_GCs_Time(ms)], Operations, 1
[MAIN_GCs_Time(ms)], AverageLatency(ns), 2095.0
[MAIN_GCs_Time(ms)], MinLatency(ns), 2095
[MAIN_GCs_Time(ms)], MaxLatency(ns), 2095
[MAIN_GCs_Time(ms)], 95thPercentileLatency(ns), 2095
[MAIN_GCs_Time(ms)], 99thPercentileLatency(ns), 2095
[TRANSACTION], Operations, 1
[TRANSACTION], AverageLatency(ns), 5.2516749312E10
[TRANSACTION], MinLatency(ns), 52516618240
[TRANSACTION], MaxLatency(ns), 52516880383
[TRANSACTION], 95thPercentileLatency(ns), 52516880383
[TRANSACTION], 99thPercentileLatency(ns), 52516880383
[GCS_TIME], Operations, 38
[GCS_TIME], AverageLatency(ns), 451.1842105263158
[GCS_TIME], MinLatency(ns), 0
[GCS_TIME], MaxLatency(ns), 918
[GCS_TIME], 95thPercentileLatency(ns), 732
[GCS_TIME], 99thPercentileLatency(ns), 918
[LOAD_GCs_Time(ms)], Operations, 1
[LOAD_GCs_Time(ms)], AverageLatency(ns), 14935.0
[LOAD_GCs_Time(ms)], MinLatency(ns), 14935
[LOAD_GCs_Time(ms)], MaxLatency(ns), 14935
[LOAD_GCs_Time(ms)], 95thPercentileLatency(ns), 14935
[LOAD_GCs_Time(ms)], 99thPercentileLatency(ns), 14935
[READ], Operations, 3000000
[READ], AverageLatency(ns), 805.3971823333334
[READ], MinLatency(ns), 161
[READ], MaxLatency(ns), 1497711
[READ], 95thPercentileLatency(ns), 1883
[READ], 99thPercentileLatency(ns), 3356
[READ], Return=OK, 3000000
[INIT], Operations, 1
[INIT], AverageLatency(ns), 1.389539328E9
[INIT], MinLatency(ns), 1389535232
[INIT], MaxLatency(ns), 1389543423
[INIT], 95thPercentileLatency(ns), 1389543423
[INIT], 99thPercentileLatency(ns), 1389543423
[GCS], Operations, 38
[GCS], AverageLatency(ns), 10.973684210526315
[GCS], MinLatency(ns), 0
[GCS], MaxLatency(ns), 75
[GCS], 95thPercentileLatency(ns), 72
[GCS], 99thPercentileLatency(ns), 75
[LOAD_GCs_Count], Operations, 1
[LOAD_GCs_Count], AverageLatency(ns), 396.0
[LOAD_GCs_Count], MinLatency(ns), 396
[LOAD_GCs_Count], MaxLatency(ns), 396
[LOAD_GCs_Count], 95thPercentileLatency(ns), 396
[LOAD_GCs_Count], 99thPercentileLatency(ns), 396
[CLEANUP], Operations, 1
[CLEANUP], AverageLatency(ns), 55328.0
[CLEANUP], MinLatency(ns), 55328
[CLEANUP], MaxLatency(ns), 55328
[CLEANUP], 95thPercentileLatency(ns), 55328
[CLEANUP], 99thPercentileLatency(ns), 55328
[INSERT], Operations, 1000000
[INSERT], AverageLatency(ns), 2705.403183
[INSERT], MinLatency(ns), 1230
[INSERT], MaxLatency(ns), 234505215
[INSERT], 95thPercentileLatency(ns), 2795
[INSERT], 99thPercentileLatency(ns), 5344
[INSERT], Return=OK, 1000000
[UPDATE], Operations, 1499980
[UPDATE], AverageLatency(ns), 2190.346689955866
[UPDATE], MinLatency(ns), 995
[UPDATE], MaxLatency(ns), 8824191
[UPDATE], 95thPercentileLatency(ns), 4353
[UPDATE], 99thPercentileLatency(ns), 5542
[UPDATE], Return=OK, 1499980
