/home/anatole/jdk8u/build/linux-x86_64-normal-server-release/jdk/bin/java -Xmx100g -XX:+UseG1GC -XX:InitiatingHeapOccupancyPercent=15 -classpath /home/anatole/ycsb/conf:/home/anatole/ycsb/core/target/core-0.18.0-SNAPSHOT.jar:/home/anatole/ycsb/core/target/dependency/HdrHistogram-2.1.4.jar:/home/anatole/ycsb/core/target/dependency/guava-18.0.jar:/home/anatole/ycsb/core/target/dependency/htrace-core4-4.1.0-incubating.jar:/home/anatole/ycsb/core/target/dependency/jackson-core-asl-1.9.4.jar:/home/anatole/ycsb/core/target/dependency/jackson-mapper-asl-1.9.4.jar:/home/anatole/ycsb/core/target/dependency/javax.persistence-api-2.2.jar:/home/anatole/ycsb/core/target/dependency/jnvm-1.0-SNAPSHOT.jar:/home/anatole/ycsb/core/target/dependency/pcj-1.0.jar:/home/anatole/ycsb/core/target/dependency/unsafe-helper-1.0.jar:/home/anatole/ycsb/infinispan/src/main/conf:/home/anatole/ycsb/infinispan/target/infinispan-binding-0.18.0-SNAPSHOT.jar:/home/anatole/ycsb/infinispan/target/dependency/caffeine-2.6.2.jar:/home/anatole/ycsb/infinispan/target/dependency/gson-2.8.2.jar:/home/anatole/ycsb/infinispan/target/dependency/guava-18.0.jar:/home/anatole/ycsb/infinispan/target/dependency/infinispan-cachestore-jnvm-1.0-SNAPSHOT.jar:/home/anatole/ycsb/infinispan/target/dependency/infinispan-cachestore-pcj-1.0-SNAPSHOT.jar:/home/anatole/ycsb/infinispan/target/dependency/infinispan-client-hotrod-9.4.20.Final.jar:/home/anatole/ycsb/infinispan/target/dependency/infinispan-commons-9.4.20.Final.jar:/home/anatole/ycsb/infinispan/target/dependency/infinispan-core-9.4.20.Final.jar:/home/anatole/ycsb/infinispan/target/dependency/infinispan-persistence-soft-index-9.4.20.Final.jar:/home/anatole/ycsb/infinispan/target/dependency/javax.persistence-api-2.2.jar:/home/anatole/ycsb/infinispan/target/dependency/jboss-logging-3.3.2.Final.jar:/home/anatole/ycsb/infinispan/target/dependency/jboss-marshalling-osgi-2.0.6.Final.jar:/home/anatole/ycsb/infinispan/target/dependency/jboss-transaction-api_1.2_spec-1.1.1.Final.jar:/home/anatole/ycsb/infinispan/target/dependency/jgroups-4.0.21.Final.jar:/home/anatole/ycsb/infinispan/target/dependency/jnvm-1.0-SNAPSHOT.jar:/home/anatole/ycsb/infinispan/target/dependency/metainf-services-1.7.jar:/home/anatole/ycsb/infinispan/target/dependency/netty-buffer-4.1.51.Final.jar:/home/anatole/ycsb/infinispan/target/dependency/netty-codec-4.1.51.Final.jar:/home/anatole/ycsb/infinispan/target/dependency/netty-common-4.1.51.Final.jar:/home/anatole/ycsb/infinispan/target/dependency/netty-handler-4.1.51.Final.jar:/home/anatole/ycsb/infinispan/target/dependency/netty-resolver-4.1.51.Final.jar:/home/anatole/ycsb/infinispan/target/dependency/netty-transport-4.1.51.Final.jar:/home/anatole/ycsb/infinispan/target/dependency/netty-transport-native-epoll-4.1.51.Final-linux-x86_64.jar:/home/anatole/ycsb/infinispan/target/dependency/netty-transport-native-unix-common-4.1.51.Final.jar:/home/anatole/ycsb/infinispan/target/dependency/pcj-1.0.jar:/home/anatole/ycsb/infinispan/target/dependency/reactive-streams-1.0.2.jar:/home/anatole/ycsb/infinispan/target/dependency/rxjava-2.2.4.jar:/home/anatole/ycsb/infinispan/target/dependency/unsafe-helper-1.0.jar site.ycsb.Client -t -db site.ycsb.db.InfinispanClient -P ../workloads/workloadf -preload -s -threads 1 -p dataintegrity=true -p offheap=false -p recordcount=1000000 -p operationcount=3000000 -p fieldcount=10 -p fieldlength=1000 -p requestdistribution=zipfian -p measurement.trackjvm=true -p measurementtype=hdrhistogram -p hdrhistogram.output.path=./out/exp7.marshalling.ref/log/infinispan.run.workloadf.true.1000000.1000000.10.1000.zipfian.1.false.true.default.default.none.r10.hdr.log
[OVERALL], RunTime(ms), 601526
[OVERALL], Throughput(ops/sec), 6649.7541253412155
[TOTAL_GCS_G1_Young_Generation], Count, 767
[TOTAL_GC_TIME_G1_Young_Generation], Time(ms), 28318
[TOTAL_GC_TIME_%_G1_Young_Generation], Time(%), 4.707693433035313
[TOTAL_GCS_G1_Old_Generation], Count, 0
[TOTAL_GC_TIME_G1_Old_Generation], Time(ms), 0
[TOTAL_GC_TIME_%_G1_Old_Generation], Time(%), 0.0
[TOTAL_GCs], Count, 767
[TOTAL_GC_TIME], Time(ms), 28318
[TOTAL_GC_TIME_%], Time(%), 4.707693433035313
[MAX_MEM_USED], MBs, 31399
[MIN_MEM_USED], MBs, 56
[MAX_THREADS], Count, 6
[MIN_THREADS], Count, 3
[MAX_SYS_LOAD_AVG], Load, 8.08
[MIN_SYS_LOAD_AVG], Load, 1.68
[THREAD_COUNT], Operations, 62
[THREAD_COUNT], AverageLatency(ns), 4.32258064516129
[THREAD_COUNT], MinLatency(ns), 3
[THREAD_COUNT], MaxLatency(ns), 6
[THREAD_COUNT], 95thPercentileLatency(ns), 6
[THREAD_COUNT], 99thPercentileLatency(ns), 6
[SYS_LOAD_AVG], Operations, 62
[SYS_LOAD_AVG], AverageLatency(ns), 3.4193548387096775
[SYS_LOAD_AVG], MinLatency(ns), 1
[SYS_LOAD_AVG], MaxLatency(ns), 8
[SYS_LOAD_AVG], 95thPercentileLatency(ns), 7
[SYS_LOAD_AVG], 99thPercentileLatency(ns), 7
[READ-MODIFY-WRITE], Operations, 1499433
[READ-MODIFY-WRITE], AverageLatency(ns), 14086.058131306967
[READ-MODIFY-WRITE], MinLatency(ns), 1512
[READ-MODIFY-WRITE], MaxLatency(ns), 228519935
[READ-MODIFY-WRITE], 95thPercentileLatency(ns), 8796
[READ-MODIFY-WRITE], 99thPercentileLatency(ns), 17533
[LOAD], Operations, 1
[LOAD], AverageLatency(ns), 4.94903754752E11
[LOAD], MinLatency(ns), 494902706176
[LOAD], MaxLatency(ns), 494904803327
[LOAD], 95thPercentileLatency(ns), 494904803327
[LOAD], 99thPercentileLatency(ns), 494904803327
[USED_MEM_MB], Operations, 62
[USED_MEM_MB], AverageLatency(ns), 18027.951612903227
[USED_MEM_MB], MinLatency(ns), 56
[USED_MEM_MB], MaxLatency(ns), 31399
[USED_MEM_MB], 95thPercentileLatency(ns), 29900
[USED_MEM_MB], 99thPercentileLatency(ns), 30924
[MAIN_GCs_Count], Operations, 1
[MAIN_GCs_Count], AverageLatency(ns), 33.0
[MAIN_GCs_Count], MinLatency(ns), 33
[MAIN_GCs_Count], MaxLatency(ns), 33
[MAIN_GCs_Count], 95thPercentileLatency(ns), 33
[MAIN_GCs_Count], 99thPercentileLatency(ns), 33
[MAIN_GCs_Time(ms)], Operations, 1
[MAIN_GCs_Time(ms)], AverageLatency(ns), 5676.0
[MAIN_GCs_Time(ms)], MinLatency(ns), 5676
[MAIN_GCs_Time(ms)], MaxLatency(ns), 5676
[MAIN_GCs_Time(ms)], 95thPercentileLatency(ns), 5676
[MAIN_GCs_Time(ms)], 99thPercentileLatency(ns), 5676
[TRANSACTION], Operations, 1
[TRANSACTION], AverageLatency(ns), 1.05259466752E11
[TRANSACTION], MinLatency(ns), 105259204608
[TRANSACTION], MaxLatency(ns), 105259728895
[TRANSACTION], 95thPercentileLatency(ns), 105259728895
[TRANSACTION], 99thPercentileLatency(ns), 105259728895
[GCS_TIME], Operations, 62
[GCS_TIME], AverageLatency(ns), 456.741935483871
[GCS_TIME], MinLatency(ns), 0
[GCS_TIME], MaxLatency(ns), 1980
[GCS_TIME], 95thPercentileLatency(ns), 837
[GCS_TIME], 99thPercentileLatency(ns), 972
[LOAD_GCs_Time(ms)], Operations, 1
[LOAD_GCs_Time(ms)], AverageLatency(ns), 22516.0
[LOAD_GCs_Time(ms)], MinLatency(ns), 22516
[LOAD_GCs_Time(ms)], MaxLatency(ns), 22516
[LOAD_GCs_Time(ms)], 95thPercentileLatency(ns), 22516
[LOAD_GCs_Time(ms)], 99thPercentileLatency(ns), 22516
[READ], Operations, 3000000
[READ], AverageLatency(ns), 3537.182287
[READ], MinLatency(ns), 162
[READ], MaxLatency(ns), 1247494143
[READ], 95thPercentileLatency(ns), 2873
[READ], 99thPercentileLatency(ns), 5426
[READ], Return=OK, 3000000
[INIT], Operations, 1
[INIT], AverageLatency(ns), 1.126330368E9
[INIT], MinLatency(ns), 1126326272
[INIT], MaxLatency(ns), 1126334463
[INIT], 95thPercentileLatency(ns), 1126334463
[INIT], 99thPercentileLatency(ns), 1126334463
[GCS], Operations, 62
[GCS], AverageLatency(ns), 12.370967741935484
[GCS], MinLatency(ns), 0
[GCS], MaxLatency(ns), 129
[GCS], 95thPercentileLatency(ns), 55
[GCS], 99thPercentileLatency(ns), 62
[LOAD_GCs_Count], Operations, 1
[LOAD_GCs_Count], AverageLatency(ns), 731.0
[LOAD_GCs_Count], MinLatency(ns), 731
[LOAD_GCs_Count], MaxLatency(ns), 731
[LOAD_GCs_Count], 95thPercentileLatency(ns), 731
[LOAD_GCs_Count], 99thPercentileLatency(ns), 731
[CLEANUP], Operations, 1
[CLEANUP], AverageLatency(ns), 27298.0
[CLEANUP], MinLatency(ns), 27298
[CLEANUP], MaxLatency(ns), 27298
[CLEANUP], 95thPercentileLatency(ns), 27298
[CLEANUP], 99thPercentileLatency(ns), 27298
[INSERT], Operations, 1000000
[INSERT], AverageLatency(ns), 5314.810559
[INSERT], MinLatency(ns), 1506
[INSERT], MaxLatency(ns), 224357375
[INSERT], 95thPercentileLatency(ns), 4795
[INSERT], 99thPercentileLatency(ns), 10119
[INSERT], Return=OK, 1000000
[UPDATE], Operations, 1499433
[UPDATE], AverageLatency(ns), 10222.706984573502
[UPDATE], MinLatency(ns), 962
[UPDATE], MaxLatency(ns), 214490111
[UPDATE], 95thPercentileLatency(ns), 6887
[UPDATE], 99thPercentileLatency(ns), 13628
[UPDATE], Return=OK, 1499433
