/home/anatole/jdk8u/build/linux-x86_64-normal-server-release/jdk/bin/java -Xmx20g -XX:+UseG1GC -classpath /home/anatole/ycsb/conf:/home/anatole/ycsb/core/target/core-0.18.0-SNAPSHOT.jar:/home/anatole/ycsb/core/target/dependency/HdrHistogram-2.1.4.jar:/home/anatole/ycsb/core/target/dependency/guava-18.0.jar:/home/anatole/ycsb/core/target/dependency/htrace-core4-4.1.0-incubating.jar:/home/anatole/ycsb/core/target/dependency/jackson-core-asl-1.9.4.jar:/home/anatole/ycsb/core/target/dependency/jackson-mapper-asl-1.9.4.jar:/home/anatole/ycsb/core/target/dependency/javax.persistence-api-2.2.jar:/home/anatole/ycsb/core/target/dependency/jnvm-1.0-SNAPSHOT.jar:/home/anatole/ycsb/core/target/dependency/pcj-1.0.jar:/home/anatole/ycsb/core/target/dependency/unsafe-helper-1.0.jar:/home/anatole/ycsb/infinispan/src/main/conf:/home/anatole/ycsb/infinispan/target/infinispan-binding-0.18.0-SNAPSHOT.jar:/home/anatole/ycsb/infinispan/target/dependency/caffeine-2.6.2.jar:/home/anatole/ycsb/infinispan/target/dependency/gson-2.8.2.jar:/home/anatole/ycsb/infinispan/target/dependency/guava-18.0.jar:/home/anatole/ycsb/infinispan/target/dependency/infinispan-cachestore-jnvm-1.0-SNAPSHOT.jar:/home/anatole/ycsb/infinispan/target/dependency/infinispan-cachestore-pcj-1.0-SNAPSHOT.jar:/home/anatole/ycsb/infinispan/target/dependency/infinispan-client-hotrod-9.4.20.Final.jar:/home/anatole/ycsb/infinispan/target/dependency/infinispan-commons-9.4.20.Final.jar:/home/anatole/ycsb/infinispan/target/dependency/infinispan-core-9.4.20.Final.jar:/home/anatole/ycsb/infinispan/target/dependency/infinispan-persistence-soft-index-9.4.20.Final.jar:/home/anatole/ycsb/infinispan/target/dependency/javax.persistence-api-2.2.jar:/home/anatole/ycsb/infinispan/target/dependency/jboss-logging-3.3.2.Final.jar:/home/anatole/ycsb/infinispan/target/dependency/jboss-marshalling-osgi-2.0.6.Final.jar:/home/anatole/ycsb/infinispan/target/dependency/jboss-transaction-api_1.2_spec-1.1.1.Final.jar:/home/anatole/ycsb/infinispan/target/dependency/jgroups-4.0.21.Final.jar:/home/anatole/ycsb/infinispan/target/dependency/jnvm-1.0-SNAPSHOT.jar:/home/anatole/ycsb/infinispan/target/dependency/metainf-services-1.7.jar:/home/anatole/ycsb/infinispan/target/dependency/netty-buffer-4.1.51.Final.jar:/home/anatole/ycsb/infinispan/target/dependency/netty-codec-4.1.51.Final.jar:/home/anatole/ycsb/infinispan/target/dependency/netty-common-4.1.51.Final.jar:/home/anatole/ycsb/infinispan/target/dependency/netty-handler-4.1.51.Final.jar:/home/anatole/ycsb/infinispan/target/dependency/netty-resolver-4.1.51.Final.jar:/home/anatole/ycsb/infinispan/target/dependency/netty-transport-4.1.51.Final.jar:/home/anatole/ycsb/infinispan/target/dependency/netty-transport-native-epoll-4.1.51.Final-linux-x86_64.jar:/home/anatole/ycsb/infinispan/target/dependency/netty-transport-native-unix-common-4.1.51.Final.jar:/home/anatole/ycsb/infinispan/target/dependency/pcj-1.0.jar:/home/anatole/ycsb/infinispan/target/dependency/reactive-streams-1.0.2.jar:/home/anatole/ycsb/infinispan/target/dependency/rxjava-2.2.4.jar:/home/anatole/ycsb/infinispan/target/dependency/unsafe-helper-1.0.jar site.ycsb.Client -t -db site.ycsb.db.InfinispanClient -P ../workloads/workloadf -preload -s -threads 1 -p dataintegrity=true -p offheap=false -p recordcount=1000000 -p operationcount=3000000 -p fieldcount=10 -p fieldlength=900 -p requestdistribution=zipfian -p measurement.trackjvm=true -p measurementtype=hdrhistogram -p hdrhistogram.output.path=./out/exp7.marshalling.ref/log/infinispan.run.workloadf.true.1000000.100000.10.900.zipfian.1.false.true.default.default.tmpfs.r2.hdr.log
[OVERALL], RunTime(ms), 664958
[OVERALL], Throughput(ops/sec), 6015.417515091179
[TOTAL_GCS_G1_Young_Generation], Count, 511
[TOTAL_GC_TIME_G1_Young_Generation], Time(ms), 18732
[TOTAL_GC_TIME_%_G1_Young_Generation], Time(%), 2.817020022317199
[TOTAL_GCS_G1_Old_Generation], Count, 0
[TOTAL_GC_TIME_G1_Old_Generation], Time(ms), 0
[TOTAL_GC_TIME_%_G1_Old_Generation], Time(%), 0.0
[TOTAL_GCs], Count, 511
[TOTAL_GC_TIME], Time(ms), 18732
[TOTAL_GC_TIME_%], Time(%), 2.817020022317199
[MAX_MEM_USED], MBs, 6361
[MIN_MEM_USED], MBs, 48
[MAX_THREADS], Count, 7
[MIN_THREADS], Count, 3
[MAX_SYS_LOAD_AVG], Load, 5.27
[MIN_SYS_LOAD_AVG], Load, 1.02
[THREAD_COUNT], Operations, 68
[THREAD_COUNT], AverageLatency(ns), 5.279411764705882
[THREAD_COUNT], MinLatency(ns), 3
[THREAD_COUNT], MaxLatency(ns), 7
[THREAD_COUNT], 95thPercentileLatency(ns), 7
[THREAD_COUNT], 99thPercentileLatency(ns), 7
[SYS_LOAD_AVG], Operations, 68
[SYS_LOAD_AVG], AverageLatency(ns), 1.661764705882353
[SYS_LOAD_AVG], MinLatency(ns), 1
[SYS_LOAD_AVG], MaxLatency(ns), 5
[SYS_LOAD_AVG], 95thPercentileLatency(ns), 4
[SYS_LOAD_AVG], 99thPercentileLatency(ns), 4
[READ-MODIFY-WRITE], Operations, 1499186
[READ-MODIFY-WRITE], AverageLatency(ns), 91917.08460124361
[READ-MODIFY-WRITE], MinLatency(ns), 54901
[READ-MODIFY-WRITE], MaxLatency(ns), 168750079
[READ-MODIFY-WRITE], 95thPercentileLatency(ns), 115926
[READ-MODIFY-WRITE], 99thPercentileLatency(ns), 134858
[LOAD], Operations, 1
[LOAD], AverageLatency(ns), 4.2361946112E11
[LOAD], MinLatency(ns), 423618412544
[LOAD], MaxLatency(ns), 423620509695
[LOAD], 95thPercentileLatency(ns), 423620509695
[LOAD], 99thPercentileLatency(ns), 423620509695
[USED_MEM_MB], Operations, 68
[USED_MEM_MB], AverageLatency(ns), 4337.64705882353
[USED_MEM_MB], MinLatency(ns), 48
[USED_MEM_MB], MaxLatency(ns), 6361
[USED_MEM_MB], 95thPercentileLatency(ns), 6199
[USED_MEM_MB], 99thPercentileLatency(ns), 6311
[MAIN_GCs_Count], Operations, 1
[MAIN_GCs_Count], AverageLatency(ns), 161.0
[MAIN_GCs_Count], MinLatency(ns), 161
[MAIN_GCs_Count], MaxLatency(ns), 161
[MAIN_GCs_Count], 95thPercentileLatency(ns), 161
[MAIN_GCs_Count], 99thPercentileLatency(ns), 161
[MAIN_GCs_Time(ms)], Operations, 1
[MAIN_GCs_Time(ms)], AverageLatency(ns), 10896.0
[MAIN_GCs_Time(ms)], MinLatency(ns), 10896
[MAIN_GCs_Time(ms)], MaxLatency(ns), 10896
[MAIN_GCs_Time(ms)], 95thPercentileLatency(ns), 10896
[MAIN_GCs_Time(ms)], 99thPercentileLatency(ns), 10896
[TRANSACTION], Operations, 1
[TRANSACTION], AverageLatency(ns), 2.40550150144E11
[TRANSACTION], MinLatency(ns), 240549625856
[TRANSACTION], MaxLatency(ns), 240550674431
[TRANSACTION], 95thPercentileLatency(ns), 240550674431
[TRANSACTION], 99thPercentileLatency(ns), 240550674431
[GCS_TIME], Operations, 68
[GCS_TIME], AverageLatency(ns), 275.47058823529414
[GCS_TIME], MinLatency(ns), 0
[GCS_TIME], MaxLatency(ns), 681
[GCS_TIME], 95thPercentileLatency(ns), 615
[GCS_TIME], 99thPercentileLatency(ns), 644
[LOAD_GCs_Time(ms)], Operations, 1
[LOAD_GCs_Time(ms)], AverageLatency(ns), 7783.0
[LOAD_GCs_Time(ms)], MinLatency(ns), 7783
[LOAD_GCs_Time(ms)], MaxLatency(ns), 7783
[LOAD_GCs_Time(ms)], 95thPercentileLatency(ns), 7783
[LOAD_GCs_Time(ms)], 99thPercentileLatency(ns), 7783
[READ], Operations, 3000000
[READ], AverageLatency(ns), 28899.505246
[READ], MinLatency(ns), 228
[READ], MaxLatency(ns), 150825983
[READ], 95thPercentileLatency(ns), 55208
[READ], 99thPercentileLatency(ns), 62951
[READ], Return=OK, 3000000
[INIT], Operations, 1
[INIT], AverageLatency(ns), 6.94880256E8
[INIT], MinLatency(ns), 694878208
[INIT], MaxLatency(ns), 694882303
[INIT], 95thPercentileLatency(ns), 694882303
[INIT], 99thPercentileLatency(ns), 694882303
[GCS], Operations, 68
[GCS], AverageLatency(ns), 7.514705882352941
[GCS], MinLatency(ns), 0
[GCS], MaxLatency(ns), 61
[GCS], 95thPercentileLatency(ns), 20
[GCS], 99thPercentileLatency(ns), 30
[LOAD_GCs_Count], Operations, 1
[LOAD_GCs_Count], AverageLatency(ns), 348.0
[LOAD_GCs_Count], MinLatency(ns), 348
[LOAD_GCs_Count], MaxLatency(ns), 348
[LOAD_GCs_Count], 95thPercentileLatency(ns), 348
[LOAD_GCs_Count], 99thPercentileLatency(ns), 348
[CLEANUP], Operations, 1
[CLEANUP], AverageLatency(ns), 18395.0
[CLEANUP], MinLatency(ns), 18395
[CLEANUP], MaxLatency(ns), 18395
[CLEANUP], 95thPercentileLatency(ns), 18395
[CLEANUP], 99thPercentileLatency(ns), 18395
[INSERT], Operations, 1000000
[INSERT], AverageLatency(ns), 65790.611848
[INSERT], MinLatency(ns), 56435
[INSERT], MaxLatency(ns), 88282111
[INSERT], 95thPercentileLatency(ns), 67654
[INSERT], 99thPercentileLatency(ns), 85879
[INSERT], Return=OK, 1000000
[UPDATE], Operations, 1499186
[UPDATE], AverageLatency(ns), 61753.15184973712
[UPDATE], MinLatency(ns), 53942
[UPDATE], MaxLatency(ns), 138976255
[UPDATE], 95thPercentileLatency(ns), 65194
[UPDATE], 99thPercentileLatency(ns), 75625
[UPDATE], Return=OK, 1499186
