/home/anatole/jdk8u/build/linux-x86_64-normal-server-release/jdk/bin/java -Xmx20g -XX:+UseG1GC -classpath /home/anatole/ycsb/conf:/home/anatole/ycsb/core/target/core-0.18.0-SNAPSHOT.jar:/home/anatole/ycsb/core/target/dependency/HdrHistogram-2.1.4.jar:/home/anatole/ycsb/core/target/dependency/guava-18.0.jar:/home/anatole/ycsb/core/target/dependency/htrace-core4-4.1.0-incubating.jar:/home/anatole/ycsb/core/target/dependency/jackson-core-asl-1.9.4.jar:/home/anatole/ycsb/core/target/dependency/jackson-mapper-asl-1.9.4.jar:/home/anatole/ycsb/core/target/dependency/javax.persistence-api-2.2.jar:/home/anatole/ycsb/core/target/dependency/jnvm-1.0-SNAPSHOT.jar:/home/anatole/ycsb/core/target/dependency/pcj-1.0.jar:/home/anatole/ycsb/core/target/dependency/unsafe-helper-1.0.jar:/home/anatole/ycsb/infinispan/src/main/conf:/home/anatole/ycsb/infinispan/target/infinispan-binding-0.18.0-SNAPSHOT.jar:/home/anatole/ycsb/infinispan/target/dependency/caffeine-2.6.2.jar:/home/anatole/ycsb/infinispan/target/dependency/gson-2.8.2.jar:/home/anatole/ycsb/infinispan/target/dependency/guava-18.0.jar:/home/anatole/ycsb/infinispan/target/dependency/infinispan-cachestore-jnvm-1.0-SNAPSHOT.jar:/home/anatole/ycsb/infinispan/target/dependency/infinispan-cachestore-pcj-1.0-SNAPSHOT.jar:/home/anatole/ycsb/infinispan/target/dependency/infinispan-client-hotrod-9.4.20.Final.jar:/home/anatole/ycsb/infinispan/target/dependency/infinispan-commons-9.4.20.Final.jar:/home/anatole/ycsb/infinispan/target/dependency/infinispan-core-9.4.20.Final.jar:/home/anatole/ycsb/infinispan/target/dependency/infinispan-persistence-soft-index-9.4.20.Final.jar:/home/anatole/ycsb/infinispan/target/dependency/javax.persistence-api-2.2.jar:/home/anatole/ycsb/infinispan/target/dependency/jboss-logging-3.3.2.Final.jar:/home/anatole/ycsb/infinispan/target/dependency/jboss-marshalling-osgi-2.0.6.Final.jar:/home/anatole/ycsb/infinispan/target/dependency/jboss-transaction-api_1.2_spec-1.1.1.Final.jar:/home/anatole/ycsb/infinispan/target/dependency/jgroups-4.0.21.Final.jar:/home/anatole/ycsb/infinispan/target/dependency/jnvm-1.0-SNAPSHOT.jar:/home/anatole/ycsb/infinispan/target/dependency/metainf-services-1.7.jar:/home/anatole/ycsb/infinispan/target/dependency/netty-buffer-4.1.51.Final.jar:/home/anatole/ycsb/infinispan/target/dependency/netty-codec-4.1.51.Final.jar:/home/anatole/ycsb/infinispan/target/dependency/netty-common-4.1.51.Final.jar:/home/anatole/ycsb/infinispan/target/dependency/netty-handler-4.1.51.Final.jar:/home/anatole/ycsb/infinispan/target/dependency/netty-resolver-4.1.51.Final.jar:/home/anatole/ycsb/infinispan/target/dependency/netty-transport-4.1.51.Final.jar:/home/anatole/ycsb/infinispan/target/dependency/netty-transport-native-epoll-4.1.51.Final-linux-x86_64.jar:/home/anatole/ycsb/infinispan/target/dependency/netty-transport-native-unix-common-4.1.51.Final.jar:/home/anatole/ycsb/infinispan/target/dependency/pcj-1.0.jar:/home/anatole/ycsb/infinispan/target/dependency/reactive-streams-1.0.2.jar:/home/anatole/ycsb/infinispan/target/dependency/rxjava-2.2.4.jar:/home/anatole/ycsb/infinispan/target/dependency/unsafe-helper-1.0.jar site.ycsb.Client -t -db site.ycsb.db.InfinispanClient -P ../workloads/workloadf -preload -s -threads 1 -p dataintegrity=true -p offheap=false -p recordcount=1000000 -p operationcount=3000000 -p fieldcount=10 -p fieldlength=1000 -p requestdistribution=zipfian -p measurement.trackjvm=true -p measurementtype=hdrhistogram -p hdrhistogram.output.path=./out/exp7.marshalling.ref/log/infinispan.run.workloadf.true.1000000.100000.10.1000.zipfian.1.false.true.default.default.pmem0.r3.hdr.log
[OVERALL], RunTime(ms), 804478
[OVERALL], Throughput(ops/sec), 4972.168288007876
[TOTAL_GCS_G1_Young_Generation], Count, 662
[TOTAL_GC_TIME_G1_Young_Generation], Time(ms), 21935
[TOTAL_GC_TIME_%_G1_Young_Generation], Time(%), 2.726612784936319
[TOTAL_GCS_G1_Old_Generation], Count, 0
[TOTAL_GC_TIME_G1_Old_Generation], Time(ms), 0
[TOTAL_GC_TIME_%_G1_Old_Generation], Time(%), 0.0
[TOTAL_GCs], Count, 662
[TOTAL_GC_TIME], Time(ms), 21935
[TOTAL_GC_TIME_%], Time(%), 2.726612784936319
[MAX_MEM_USED], MBs, 6385
[MIN_MEM_USED], MBs, 48
[MAX_THREADS], Count, 7
[MIN_THREADS], Count, 3
[MAX_SYS_LOAD_AVG], Load, 4.96
[MIN_SYS_LOAD_AVG], Load, 1.02
[THREAD_COUNT], Operations, 82
[THREAD_COUNT], AverageLatency(ns), 5.2317073170731705
[THREAD_COUNT], MinLatency(ns), 3
[THREAD_COUNT], MaxLatency(ns), 7
[THREAD_COUNT], 95thPercentileLatency(ns), 7
[THREAD_COUNT], 99thPercentileLatency(ns), 7
[SYS_LOAD_AVG], Operations, 82
[SYS_LOAD_AVG], AverageLatency(ns), 1.4634146341463414
[SYS_LOAD_AVG], MinLatency(ns), 1
[SYS_LOAD_AVG], MaxLatency(ns), 4
[SYS_LOAD_AVG], 95thPercentileLatency(ns), 3
[SYS_LOAD_AVG], 99thPercentileLatency(ns), 4
[READ-MODIFY-WRITE], Operations, 1500008
[READ-MODIFY-WRITE], AverageLatency(ns), 104643.6423999072
[READ-MODIFY-WRITE], MinLatency(ns), 63741
[READ-MODIFY-WRITE], MaxLatency(ns), 179887103
[READ-MODIFY-WRITE], 95thPercentileLatency(ns), 131186
[READ-MODIFY-WRITE], 99thPercentileLatency(ns), 152308
[LOAD], Operations, 1
[LOAD], AverageLatency(ns), 5.26897905664E11
[LOAD], MinLatency(ns), 526896857088
[LOAD], MaxLatency(ns), 526898954239
[LOAD], 95thPercentileLatency(ns), 526898954239
[LOAD], 99thPercentileLatency(ns), 526898954239
[USED_MEM_MB], Operations, 82
[USED_MEM_MB], AverageLatency(ns), 4278.963414634146
[USED_MEM_MB], MinLatency(ns), 48
[USED_MEM_MB], MaxLatency(ns), 6385
[USED_MEM_MB], 95thPercentileLatency(ns), 6060
[USED_MEM_MB], 99thPercentileLatency(ns), 6247
[MAIN_GCs_Count], Operations, 1
[MAIN_GCs_Count], AverageLatency(ns), 228.0
[MAIN_GCs_Count], MinLatency(ns), 228
[MAIN_GCs_Count], MaxLatency(ns), 228
[MAIN_GCs_Count], 95thPercentileLatency(ns), 228
[MAIN_GCs_Count], 99thPercentileLatency(ns), 228
[MAIN_GCs_Time(ms)], Operations, 1
[MAIN_GCs_Time(ms)], AverageLatency(ns), 13072.0
[MAIN_GCs_Time(ms)], MinLatency(ns), 13072
[MAIN_GCs_Time(ms)], MaxLatency(ns), 13072
[MAIN_GCs_Time(ms)], 95thPercentileLatency(ns), 13072
[MAIN_GCs_Time(ms)], 99thPercentileLatency(ns), 13072
[TRANSACTION], Operations, 1
[TRANSACTION], AverageLatency(ns), 2.7682930688E11
[TRANSACTION], MinLatency(ns), 276828258304
[TRANSACTION], MaxLatency(ns), 276830355455
[TRANSACTION], 95thPercentileLatency(ns), 276830355455
[TRANSACTION], 99thPercentileLatency(ns), 276830355455
[GCS_TIME], Operations, 82
[GCS_TIME], AverageLatency(ns), 267.5
[GCS_TIME], MinLatency(ns), 0
[GCS_TIME], MaxLatency(ns), 664
[GCS_TIME], 95thPercentileLatency(ns), 601
[GCS_TIME], 99thPercentileLatency(ns), 632
[LOAD_GCs_Time(ms)], Operations, 1
[LOAD_GCs_Time(ms)], AverageLatency(ns), 8840.0
[LOAD_GCs_Time(ms)], MinLatency(ns), 8840
[LOAD_GCs_Time(ms)], MaxLatency(ns), 8840
[LOAD_GCs_Time(ms)], 95thPercentileLatency(ns), 8840
[LOAD_GCs_Time(ms)], 99thPercentileLatency(ns), 8840
[READ], Operations, 3000000
[READ], AverageLatency(ns), 31021.130976666667
[READ], MinLatency(ns), 221
[READ], MaxLatency(ns), 148732927
[READ], 95thPercentileLatency(ns), 59136
[READ], 99thPercentileLatency(ns), 68578
[READ], Return=OK, 3000000
[INIT], Operations, 1
[INIT], AverageLatency(ns), 6.93057536E8
[INIT], MinLatency(ns), 693055488
[INIT], MaxLatency(ns), 693059583
[INIT], 95thPercentileLatency(ns), 693059583
[INIT], 99thPercentileLatency(ns), 693059583
[GCS], Operations, 82
[GCS], AverageLatency(ns), 8.073170731707316
[GCS], MinLatency(ns), 0
[GCS], MaxLatency(ns), 65
[GCS], 95thPercentileLatency(ns), 12
[GCS], 99thPercentileLatency(ns), 45
[LOAD_GCs_Count], Operations, 1
[LOAD_GCs_Count], AverageLatency(ns), 433.0
[LOAD_GCs_Count], MinLatency(ns), 433
[LOAD_GCs_Count], MaxLatency(ns), 433
[LOAD_GCs_Count], 95thPercentileLatency(ns), 433
[LOAD_GCs_Count], 99thPercentileLatency(ns), 433
[CLEANUP], Operations, 1
[CLEANUP], AverageLatency(ns), 15495.0
[CLEANUP], MinLatency(ns), 15495
[CLEANUP], MaxLatency(ns), 15495
[CLEANUP], 95thPercentileLatency(ns), 15495
[CLEANUP], 99thPercentileLatency(ns), 15495
[INSERT], Operations, 1000000
[INSERT], AverageLatency(ns), 90222.631926
[INSERT], MinLatency(ns), 75248
[INSERT], MaxLatency(ns), 88248831
[INSERT], 95thPercentileLatency(ns), 93293
[INSERT], 99thPercentileLatency(ns), 114187
[INSERT], Return=OK, 1000000
[UPDATE], Operations, 1500008
[UPDATE], AverageLatency(ns), 72350.3612560733
[UPDATE], MinLatency(ns), 62718
[UPDATE], MaxLatency(ns), 134848511
[UPDATE], 95thPercentileLatency(ns), 77456
[UPDATE], 99thPercentileLatency(ns), 88133
[UPDATE], Return=OK, 1500008
