/home/anatole/jdk8u/build/linux-x86_64-normal-server-release/jdk/bin/java -Xmx100g -XX:+UseG1GC -XX:InitiatingHeapOccupancyPercent=15 -classpath /home/anatole/ycsb/conf:/home/anatole/ycsb/core/target/core-0.18.0-SNAPSHOT.jar:/home/anatole/ycsb/core/target/dependency/HdrHistogram-2.1.4.jar:/home/anatole/ycsb/core/target/dependency/guava-18.0.jar:/home/anatole/ycsb/core/target/dependency/htrace-core4-4.1.0-incubating.jar:/home/anatole/ycsb/core/target/dependency/jackson-core-asl-1.9.4.jar:/home/anatole/ycsb/core/target/dependency/jackson-mapper-asl-1.9.4.jar:/home/anatole/ycsb/core/target/dependency/javax.persistence-api-2.2.jar:/home/anatole/ycsb/core/target/dependency/jnvm-1.0-SNAPSHOT.jar:/home/anatole/ycsb/core/target/dependency/pcj-1.0.jar:/home/anatole/ycsb/core/target/dependency/unsafe-helper-1.0.jar:/home/anatole/ycsb/infinispan/src/main/conf:/home/anatole/ycsb/infinispan/target/infinispan-binding-0.18.0-SNAPSHOT.jar:/home/anatole/ycsb/infinispan/target/dependency/caffeine-2.6.2.jar:/home/anatole/ycsb/infinispan/target/dependency/gson-2.8.2.jar:/home/anatole/ycsb/infinispan/target/dependency/guava-18.0.jar:/home/anatole/ycsb/infinispan/target/dependency/infinispan-cachestore-jnvm-1.0-SNAPSHOT.jar:/home/anatole/ycsb/infinispan/target/dependency/infinispan-cachestore-pcj-1.0-SNAPSHOT.jar:/home/anatole/ycsb/infinispan/target/dependency/infinispan-client-hotrod-9.4.20.Final.jar:/home/anatole/ycsb/infinispan/target/dependency/infinispan-commons-9.4.20.Final.jar:/home/anatole/ycsb/infinispan/target/dependency/infinispan-core-9.4.20.Final.jar:/home/anatole/ycsb/infinispan/target/dependency/infinispan-persistence-soft-index-9.4.20.Final.jar:/home/anatole/ycsb/infinispan/target/dependency/javax.persistence-api-2.2.jar:/home/anatole/ycsb/infinispan/target/dependency/jboss-logging-3.3.2.Final.jar:/home/anatole/ycsb/infinispan/target/dependency/jboss-marshalling-osgi-2.0.6.Final.jar:/home/anatole/ycsb/infinispan/target/dependency/jboss-transaction-api_1.2_spec-1.1.1.Final.jar:/home/anatole/ycsb/infinispan/target/dependency/jgroups-4.0.21.Final.jar:/home/anatole/ycsb/infinispan/target/dependency/jnvm-1.0-SNAPSHOT.jar:/home/anatole/ycsb/infinispan/target/dependency/metainf-services-1.7.jar:/home/anatole/ycsb/infinispan/target/dependency/netty-buffer-4.1.51.Final.jar:/home/anatole/ycsb/infinispan/target/dependency/netty-codec-4.1.51.Final.jar:/home/anatole/ycsb/infinispan/target/dependency/netty-common-4.1.51.Final.jar:/home/anatole/ycsb/infinispan/target/dependency/netty-handler-4.1.51.Final.jar:/home/anatole/ycsb/infinispan/target/dependency/netty-resolver-4.1.51.Final.jar:/home/anatole/ycsb/infinispan/target/dependency/netty-transport-4.1.51.Final.jar:/home/anatole/ycsb/infinispan/target/dependency/netty-transport-native-epoll-4.1.51.Final-linux-x86_64.jar:/home/anatole/ycsb/infinispan/target/dependency/netty-transport-native-unix-common-4.1.51.Final.jar:/home/anatole/ycsb/infinispan/target/dependency/pcj-1.0.jar:/home/anatole/ycsb/infinispan/target/dependency/reactive-streams-1.0.2.jar:/home/anatole/ycsb/infinispan/target/dependency/rxjava-2.2.4.jar:/home/anatole/ycsb/infinispan/target/dependency/unsafe-helper-1.0.jar site.ycsb.Client -t -db site.ycsb.db.InfinispanClient -P ../workloads/workloadf -preload -s -threads 1 -p dataintegrity=true -p offheap=false -p recordcount=1000000 -p operationcount=3000000 -p fieldcount=10 -p fieldlength=600 -p requestdistribution=zipfian -p measurement.trackjvm=true -p measurementtype=hdrhistogram -p hdrhistogram.output.path=./out/exp7.marshalling.ref/log/infinispan.run.workloadf.true.1000000.1000000.10.600.zipfian.1.false.true.default.default.none.r11.hdr.log
[OVERALL], RunTime(ms), 219020
[OVERALL], Throughput(ops/sec), 18263.172313030773
[TOTAL_GCS_G1_Young_Generation], Count, 280
[TOTAL_GC_TIME_G1_Young_Generation], Time(ms), 11893
[TOTAL_GC_TIME_%_G1_Young_Generation], Time(%), 5.430097707971875
[TOTAL_GCS_G1_Old_Generation], Count, 0
[TOTAL_GC_TIME_G1_Old_Generation], Time(ms), 0
[TOTAL_GC_TIME_%_G1_Old_Generation], Time(%), 0.0
[TOTAL_GCs], Count, 280
[TOTAL_GC_TIME], Time(ms), 11893
[TOTAL_GC_TIME_%], Time(%), 5.430097707971875
[MAX_MEM_USED], MBs, 28612
[MIN_MEM_USED], MBs, 56
[MAX_THREADS], Count, 6
[MIN_THREADS], Count, 3
[MAX_SYS_LOAD_AVG], Load, 5.98
[MIN_SYS_LOAD_AVG], Load, 2.15
[THREAD_COUNT], Operations, 23
[THREAD_COUNT], AverageLatency(ns), 4.869565217391305
[THREAD_COUNT], MinLatency(ns), 3
[THREAD_COUNT], MaxLatency(ns), 6
[THREAD_COUNT], 95thPercentileLatency(ns), 6
[THREAD_COUNT], 99thPercentileLatency(ns), 6
[SYS_LOAD_AVG], Operations, 23
[SYS_LOAD_AVG], AverageLatency(ns), 3.260869565217391
[SYS_LOAD_AVG], MinLatency(ns), 2
[SYS_LOAD_AVG], MaxLatency(ns), 5
[SYS_LOAD_AVG], 95thPercentileLatency(ns), 5
[SYS_LOAD_AVG], 99thPercentileLatency(ns), 5
[READ-MODIFY-WRITE], Operations, 1498731
[READ-MODIFY-WRITE], AverageLatency(ns), 3204.0271476335647
[READ-MODIFY-WRITE], MinLatency(ns), 1487
[READ-MODIFY-WRITE], MaxLatency(ns), 136627199
[READ-MODIFY-WRITE], 95thPercentileLatency(ns), 4850
[READ-MODIFY-WRITE], 99thPercentileLatency(ns), 6514
[LOAD], Operations, 1
[LOAD], AverageLatency(ns), 1.83670145024E11
[LOAD], MinLatency(ns), 183669620736
[LOAD], MaxLatency(ns), 183670669311
[LOAD], 95thPercentileLatency(ns), 183670669311
[LOAD], 99thPercentileLatency(ns), 183670669311
[USED_MEM_MB], Operations, 23
[USED_MEM_MB], AverageLatency(ns), 12472.608695652174
[USED_MEM_MB], MinLatency(ns), 56
[USED_MEM_MB], MaxLatency(ns), 28612
[USED_MEM_MB], 95thPercentileLatency(ns), 28043
[USED_MEM_MB], 99thPercentileLatency(ns), 28612
[MAIN_GCs_Count], Operations, 1
[MAIN_GCs_Count], AverageLatency(ns), 15.0
[MAIN_GCs_Count], MinLatency(ns), 15
[MAIN_GCs_Count], MaxLatency(ns), 15
[MAIN_GCs_Count], 95thPercentileLatency(ns), 15
[MAIN_GCs_Count], 99thPercentileLatency(ns), 15
[MAIN_GCs_Time(ms)], Operations, 1
[MAIN_GCs_Time(ms)], AverageLatency(ns), 1380.0
[MAIN_GCs_Time(ms)], MinLatency(ns), 1380
[MAIN_GCs_Time(ms)], MaxLatency(ns), 1380
[MAIN_GCs_Time(ms)], 95thPercentileLatency(ns), 1380
[MAIN_GCs_Time(ms)], 99thPercentileLatency(ns), 1380
[TRANSACTION], Operations, 1
[TRANSACTION], AverageLatency(ns), 3.4495135744E10
[TRANSACTION], MinLatency(ns), 34495004672
[TRANSACTION], MaxLatency(ns), 34495266815
[TRANSACTION], 95thPercentileLatency(ns), 34495266815
[TRANSACTION], 99thPercentileLatency(ns), 34495266815
[GCS_TIME], Operations, 23
[GCS_TIME], AverageLatency(ns), 517.0869565217391
[GCS_TIME], MinLatency(ns), 0
[GCS_TIME], MaxLatency(ns), 900
[GCS_TIME], 95thPercentileLatency(ns), 749
[GCS_TIME], 99thPercentileLatency(ns), 900
[LOAD_GCs_Time(ms)], Operations, 1
[LOAD_GCs_Time(ms)], AverageLatency(ns), 10369.0
[LOAD_GCs_Time(ms)], MinLatency(ns), 10369
[LOAD_GCs_Time(ms)], MaxLatency(ns), 10369
[LOAD_GCs_Time(ms)], 95thPercentileLatency(ns), 10369
[LOAD_GCs_Time(ms)], 99thPercentileLatency(ns), 10369
[READ], Operations, 3000000
[READ], AverageLatency(ns), 692.1690903333333
[READ], MinLatency(ns), 163
[READ], MaxLatency(ns), 16351743
[READ], 95thPercentileLatency(ns), 1578
[READ], 99thPercentileLatency(ns), 2634
[READ], Return=OK, 3000000
[INIT], Operations, 1
[INIT], AverageLatency(ns), 6.7767296E8
[INIT], MinLatency(ns), 677670912
[INIT], MaxLatency(ns), 677675007
[INIT], 95thPercentileLatency(ns), 677675007
[INIT], 99thPercentileLatency(ns), 677675007
[GCS], Operations, 23
[GCS], AverageLatency(ns), 12.173913043478262
[GCS], MinLatency(ns), 0
[GCS], MaxLatency(ns), 55
[GCS], 95thPercentileLatency(ns), 54
[GCS], 99thPercentileLatency(ns), 55
[LOAD_GCs_Count], Operations, 1
[LOAD_GCs_Count], AverageLatency(ns), 262.0
[LOAD_GCs_Count], MinLatency(ns), 262
[LOAD_GCs_Count], MaxLatency(ns), 262
[LOAD_GCs_Count], 95thPercentileLatency(ns), 262
[LOAD_GCs_Count], 99thPercentileLatency(ns), 262
[CLEANUP], Operations, 1
[CLEANUP], AverageLatency(ns), 14496.0
[CLEANUP], MinLatency(ns), 14496
[CLEANUP], MaxLatency(ns), 14496
[CLEANUP], 95thPercentileLatency(ns), 14496
[CLEANUP], 99thPercentileLatency(ns), 14496
[INSERT], Operations, 1000000
[INSERT], AverageLatency(ns), 2409.040294
[INSERT], MinLatency(ns), 1177
[INSERT], MaxLatency(ns), 296302591
[INSERT], 95thPercentileLatency(ns), 2450
[INSERT], 99thPercentileLatency(ns), 4621
[INSERT], Return=OK, 1000000
[UPDATE], Operations, 1498731
[UPDATE], AverageLatency(ns), 2084.5013521439137
[UPDATE], MinLatency(ns), 973
[UPDATE], MaxLatency(ns), 114891263
[UPDATE], 95thPercentileLatency(ns), 3656
[UPDATE], 99thPercentileLatency(ns), 4780
[UPDATE], Return=OK, 1498731
