/home/anatole/jdk8u/build/linux-x86_64-normal-server-release/jdk/bin/java -Xmx20g -XX:+UseG1GC -classpath /home/anatole/ycsb/conf:/home/anatole/ycsb/core/target/core-0.18.0-SNAPSHOT.jar:/home/anatole/ycsb/core/target/dependency/HdrHistogram-2.1.4.jar:/home/anatole/ycsb/core/target/dependency/guava-18.0.jar:/home/anatole/ycsb/core/target/dependency/htrace-core4-4.1.0-incubating.jar:/home/anatole/ycsb/core/target/dependency/jackson-core-asl-1.9.4.jar:/home/anatole/ycsb/core/target/dependency/jackson-mapper-asl-1.9.4.jar:/home/anatole/ycsb/core/target/dependency/javax.persistence-api-2.2.jar:/home/anatole/ycsb/core/target/dependency/jnvm-1.0-SNAPSHOT.jar:/home/anatole/ycsb/core/target/dependency/pcj-1.0.jar:/home/anatole/ycsb/core/target/dependency/unsafe-helper-1.0.jar:/home/anatole/ycsb/infinispan/src/main/conf:/home/anatole/ycsb/infinispan/target/infinispan-binding-0.18.0-SNAPSHOT.jar:/home/anatole/ycsb/infinispan/target/dependency/caffeine-2.6.2.jar:/home/anatole/ycsb/infinispan/target/dependency/gson-2.8.2.jar:/home/anatole/ycsb/infinispan/target/dependency/guava-18.0.jar:/home/anatole/ycsb/infinispan/target/dependency/infinispan-cachestore-jnvm-1.0-SNAPSHOT.jar:/home/anatole/ycsb/infinispan/target/dependency/infinispan-cachestore-pcj-1.0-SNAPSHOT.jar:/home/anatole/ycsb/infinispan/target/dependency/infinispan-client-hotrod-9.4.20.Final.jar:/home/anatole/ycsb/infinispan/target/dependency/infinispan-commons-9.4.20.Final.jar:/home/anatole/ycsb/infinispan/target/dependency/infinispan-core-9.4.20.Final.jar:/home/anatole/ycsb/infinispan/target/dependency/infinispan-persistence-soft-index-9.4.20.Final.jar:/home/anatole/ycsb/infinispan/target/dependency/javax.persistence-api-2.2.jar:/home/anatole/ycsb/infinispan/target/dependency/jboss-logging-3.3.2.Final.jar:/home/anatole/ycsb/infinispan/target/dependency/jboss-marshalling-osgi-2.0.6.Final.jar:/home/anatole/ycsb/infinispan/target/dependency/jboss-transaction-api_1.2_spec-1.1.1.Final.jar:/home/anatole/ycsb/infinispan/target/dependency/jgroups-4.0.21.Final.jar:/home/anatole/ycsb/infinispan/target/dependency/jnvm-1.0-SNAPSHOT.jar:/home/anatole/ycsb/infinispan/target/dependency/metainf-services-1.7.jar:/home/anatole/ycsb/infinispan/target/dependency/netty-buffer-4.1.51.Final.jar:/home/anatole/ycsb/infinispan/target/dependency/netty-codec-4.1.51.Final.jar:/home/anatole/ycsb/infinispan/target/dependency/netty-common-4.1.51.Final.jar:/home/anatole/ycsb/infinispan/target/dependency/netty-handler-4.1.51.Final.jar:/home/anatole/ycsb/infinispan/target/dependency/netty-resolver-4.1.51.Final.jar:/home/anatole/ycsb/infinispan/target/dependency/netty-transport-4.1.51.Final.jar:/home/anatole/ycsb/infinispan/target/dependency/netty-transport-native-epoll-4.1.51.Final-linux-x86_64.jar:/home/anatole/ycsb/infinispan/target/dependency/netty-transport-native-unix-common-4.1.51.Final.jar:/home/anatole/ycsb/infinispan/target/dependency/pcj-1.0.jar:/home/anatole/ycsb/infinispan/target/dependency/reactive-streams-1.0.2.jar:/home/anatole/ycsb/infinispan/target/dependency/rxjava-2.2.4.jar:/home/anatole/ycsb/infinispan/target/dependency/unsafe-helper-1.0.jar site.ycsb.Client -t -db site.ycsb.db.InfinispanClient -P ../workloads/workloadf -preload -s -threads 1 -p dataintegrity=true -p offheap=false -p recordcount=1000000 -p operationcount=3000000 -p fieldcount=10 -p fieldlength=1000 -p requestdistribution=zipfian -p measurement.trackjvm=true -p measurementtype=hdrhistogram -p hdrhistogram.output.path=./out/exp7.marshalling.ref/log/infinispan.run.workloadf.true.1000000.100000.10.1000.zipfian.1.false.true.default.default.tmpfs.r6.hdr.log
[OVERALL], RunTime(ms), 775531
[OVERALL], Throughput(ops/sec), 5157.756427531588
[TOTAL_GCS_G1_Young_Generation], Count, 649
[TOTAL_GC_TIME_G1_Young_Generation], Time(ms), 21136
[TOTAL_GC_TIME_%_G1_Young_Generation], Time(%), 2.725358496307691
[TOTAL_GCS_G1_Old_Generation], Count, 0
[TOTAL_GC_TIME_G1_Old_Generation], Time(ms), 0
[TOTAL_GC_TIME_%_G1_Old_Generation], Time(%), 0.0
[TOTAL_GCs], Count, 649
[TOTAL_GC_TIME], Time(ms), 21136
[TOTAL_GC_TIME_%], Time(%), 2.725358496307691
[MAX_MEM_USED], MBs, 6997
[MIN_MEM_USED], MBs, 48
[MAX_THREADS], Count, 7
[MIN_THREADS], Count, 3
[MAX_SYS_LOAD_AVG], Load, 4.44
[MIN_SYS_LOAD_AVG], Load, 1.02
[THREAD_COUNT], Operations, 79
[THREAD_COUNT], AverageLatency(ns), 5.2405063291139244
[THREAD_COUNT], MinLatency(ns), 3
[THREAD_COUNT], MaxLatency(ns), 7
[THREAD_COUNT], 95thPercentileLatency(ns), 7
[THREAD_COUNT], 99thPercentileLatency(ns), 7
[SYS_LOAD_AVG], Operations, 79
[SYS_LOAD_AVG], AverageLatency(ns), 1.6708860759493671
[SYS_LOAD_AVG], MinLatency(ns), 1
[SYS_LOAD_AVG], MaxLatency(ns), 4
[SYS_LOAD_AVG], 95thPercentileLatency(ns), 3
[SYS_LOAD_AVG], 99thPercentileLatency(ns), 4
[READ-MODIFY-WRITE], Operations, 1500153
[READ-MODIFY-WRITE], AverageLatency(ns), 97321.34654465245
[READ-MODIFY-WRITE], MinLatency(ns), 56596
[READ-MODIFY-WRITE], MaxLatency(ns), 175771647
[READ-MODIFY-WRITE], 95thPercentileLatency(ns), 122603
[READ-MODIFY-WRITE], 99thPercentileLatency(ns), 142137
[LOAD], Operations, 1
[LOAD], AverageLatency(ns), 5.1064078336E11
[LOAD], MinLatency(ns), 510639734784
[LOAD], MaxLatency(ns), 510641831935
[LOAD], 95thPercentileLatency(ns), 510641831935
[LOAD], 99thPercentileLatency(ns), 510641831935
[USED_MEM_MB], Operations, 79
[USED_MEM_MB], AverageLatency(ns), 4509.06329113924
[USED_MEM_MB], MinLatency(ns), 48
[USED_MEM_MB], MaxLatency(ns), 6997
[USED_MEM_MB], 95thPercentileLatency(ns), 6214
[USED_MEM_MB], 99thPercentileLatency(ns), 6394
[MAIN_GCs_Count], Operations, 1
[MAIN_GCs_Count], AverageLatency(ns), 207.0
[MAIN_GCs_Count], MinLatency(ns), 207
[MAIN_GCs_Count], MaxLatency(ns), 207
[MAIN_GCs_Count], 95thPercentileLatency(ns), 207
[MAIN_GCs_Count], 99thPercentileLatency(ns), 207
[MAIN_GCs_Time(ms)], Operations, 1
[MAIN_GCs_Time(ms)], AverageLatency(ns), 12132.0
[MAIN_GCs_Time(ms)], MinLatency(ns), 12132
[MAIN_GCs_Time(ms)], MaxLatency(ns), 12132
[MAIN_GCs_Time(ms)], 95thPercentileLatency(ns), 12132
[MAIN_GCs_Time(ms)], 99thPercentileLatency(ns), 12132
[TRANSACTION], Operations, 1
[TRANSACTION], AverageLatency(ns), 2.64151498752E11
[TRANSACTION], MinLatency(ns), 264150974464
[TRANSACTION], MaxLatency(ns), 264152023039
[TRANSACTION], 95thPercentileLatency(ns), 264152023039
[TRANSACTION], 99thPercentileLatency(ns), 264152023039
[GCS_TIME], Operations, 79
[GCS_TIME], AverageLatency(ns), 267.54430379746833
[GCS_TIME], MinLatency(ns), 0
[GCS_TIME], MaxLatency(ns), 769
[GCS_TIME], 95thPercentileLatency(ns), 609
[GCS_TIME], 99thPercentileLatency(ns), 736
[LOAD_GCs_Time(ms)], Operations, 1
[LOAD_GCs_Time(ms)], AverageLatency(ns), 8959.0
[LOAD_GCs_Time(ms)], MinLatency(ns), 8959
[LOAD_GCs_Time(ms)], MaxLatency(ns), 8959
[LOAD_GCs_Time(ms)], 95thPercentileLatency(ns), 8959
[LOAD_GCs_Time(ms)], 99thPercentileLatency(ns), 8959
[READ], Operations, 3000000
[READ], AverageLatency(ns), 30157.198248333334
[READ], MinLatency(ns), 215
[READ], MaxLatency(ns), 152969215
[READ], 95thPercentileLatency(ns), 57362
[READ], 99thPercentileLatency(ns), 65641
[READ], Return=OK, 3000000
[INIT], Operations, 1
[INIT], AverageLatency(ns), 6.55054848E8
[INIT], MinLatency(ns), 655052800
[INIT], MaxLatency(ns), 655056895
[INIT], 95thPercentileLatency(ns), 655056895
[INIT], 99thPercentileLatency(ns), 655056895
[GCS], Operations, 79
[GCS], AverageLatency(ns), 8.215189873417721
[GCS], MinLatency(ns), 0
[GCS], MaxLatency(ns), 57
[GCS], 95thPercentileLatency(ns), 16
[GCS], 99thPercentileLatency(ns), 55
[LOAD_GCs_Count], Operations, 1
[LOAD_GCs_Count], AverageLatency(ns), 440.0
[LOAD_GCs_Count], MinLatency(ns), 440
[LOAD_GCs_Count], MaxLatency(ns), 440
[LOAD_GCs_Count], 95thPercentileLatency(ns), 440
[LOAD_GCs_Count], 99thPercentileLatency(ns), 440
[CLEANUP], Operations, 1
[CLEANUP], AverageLatency(ns), 15935.0
[CLEANUP], MinLatency(ns), 15935
[CLEANUP], MaxLatency(ns), 15935
[CLEANUP], 95thPercentileLatency(ns), 15935
[CLEANUP], 99thPercentileLatency(ns), 15935
[INSERT], Operations, 1000000
[INSERT], AverageLatency(ns), 73205.81382
[INSERT], MinLatency(ns), 61900
[INSERT], MaxLatency(ns), 81909247
[INSERT], 95thPercentileLatency(ns), 74800
[INSERT], 99thPercentileLatency(ns), 94465
[INSERT], Return=OK, 1000000
[UPDATE], Operations, 1500153
[UPDATE], AverageLatency(ns), 66058.12846156358
[UPDATE], MinLatency(ns), 55762
[UPDATE], MaxLatency(ns), 130717183
[UPDATE], 95thPercentileLatency(ns), 69910
[UPDATE], 99thPercentileLatency(ns), 81329
[UPDATE], Return=OK, 1500153
