/home/anatole/jdk8u/build/linux-x86_64-normal-server-release/jdk/bin/java -Xmx100g -XX:+UseG1GC -XX:InitiatingHeapOccupancyPercent=15 -classpath /home/anatole/ycsb/conf:/home/anatole/ycsb/core/target/core-0.18.0-SNAPSHOT.jar:/home/anatole/ycsb/core/target/dependency/HdrHistogram-2.1.4.jar:/home/anatole/ycsb/core/target/dependency/guava-18.0.jar:/home/anatole/ycsb/core/target/dependency/htrace-core4-4.1.0-incubating.jar:/home/anatole/ycsb/core/target/dependency/jackson-core-asl-1.9.4.jar:/home/anatole/ycsb/core/target/dependency/jackson-mapper-asl-1.9.4.jar:/home/anatole/ycsb/core/target/dependency/javax.persistence-api-2.2.jar:/home/anatole/ycsb/core/target/dependency/jnvm-1.0-SNAPSHOT.jar:/home/anatole/ycsb/core/target/dependency/pcj-1.0.jar:/home/anatole/ycsb/core/target/dependency/unsafe-helper-1.0.jar:/home/anatole/ycsb/infinispan/src/main/conf:/home/anatole/ycsb/infinispan/target/infinispan-binding-0.18.0-SNAPSHOT.jar:/home/anatole/ycsb/infinispan/target/dependency/caffeine-2.6.2.jar:/home/anatole/ycsb/infinispan/target/dependency/gson-2.8.2.jar:/home/anatole/ycsb/infinispan/target/dependency/guava-18.0.jar:/home/anatole/ycsb/infinispan/target/dependency/infinispan-cachestore-jnvm-1.0-SNAPSHOT.jar:/home/anatole/ycsb/infinispan/target/dependency/infinispan-cachestore-pcj-1.0-SNAPSHOT.jar:/home/anatole/ycsb/infinispan/target/dependency/infinispan-client-hotrod-9.4.20.Final.jar:/home/anatole/ycsb/infinispan/target/dependency/infinispan-commons-9.4.20.Final.jar:/home/anatole/ycsb/infinispan/target/dependency/infinispan-core-9.4.20.Final.jar:/home/anatole/ycsb/infinispan/target/dependency/infinispan-persistence-soft-index-9.4.20.Final.jar:/home/anatole/ycsb/infinispan/target/dependency/javax.persistence-api-2.2.jar:/home/anatole/ycsb/infinispan/target/dependency/jboss-logging-3.3.2.Final.jar:/home/anatole/ycsb/infinispan/target/dependency/jboss-marshalling-osgi-2.0.6.Final.jar:/home/anatole/ycsb/infinispan/target/dependency/jboss-transaction-api_1.2_spec-1.1.1.Final.jar:/home/anatole/ycsb/infinispan/target/dependency/jgroups-4.0.21.Final.jar:/home/anatole/ycsb/infinispan/target/dependency/jnvm-1.0-SNAPSHOT.jar:/home/anatole/ycsb/infinispan/target/dependency/metainf-services-1.7.jar:/home/anatole/ycsb/infinispan/target/dependency/netty-buffer-4.1.51.Final.jar:/home/anatole/ycsb/infinispan/target/dependency/netty-codec-4.1.51.Final.jar:/home/anatole/ycsb/infinispan/target/dependency/netty-common-4.1.51.Final.jar:/home/anatole/ycsb/infinispan/target/dependency/netty-handler-4.1.51.Final.jar:/home/anatole/ycsb/infinispan/target/dependency/netty-resolver-4.1.51.Final.jar:/home/anatole/ycsb/infinispan/target/dependency/netty-transport-4.1.51.Final.jar:/home/anatole/ycsb/infinispan/target/dependency/netty-transport-native-epoll-4.1.51.Final-linux-x86_64.jar:/home/anatole/ycsb/infinispan/target/dependency/netty-transport-native-unix-common-4.1.51.Final.jar:/home/anatole/ycsb/infinispan/target/dependency/pcj-1.0.jar:/home/anatole/ycsb/infinispan/target/dependency/reactive-streams-1.0.2.jar:/home/anatole/ycsb/infinispan/target/dependency/rxjava-2.2.4.jar:/home/anatole/ycsb/infinispan/target/dependency/unsafe-helper-1.0.jar site.ycsb.Client -t -db site.ycsb.db.InfinispanClient -P ../workloads/workloadf -preload -s -threads 1 -p dataintegrity=true -p offheap=false -p recordcount=1000000 -p operationcount=3000000 -p fieldcount=10 -p fieldlength=300 -p requestdistribution=zipfian -p measurement.trackjvm=true -p measurementtype=hdrhistogram -p hdrhistogram.output.path=./out/exp7.marshalling.ref/log/infinispan.run.workloadf.true.1000000.1000000.10.300.zipfian.1.false.true.default.default.tmpfs.r5.hdr.log
[OVERALL], RunTime(ms), 158115
[OVERALL], Throughput(ops/sec), 25298.042563956613
[TOTAL_GCS_G1_Young_Generation], Count, 136
[TOTAL_GC_TIME_G1_Young_Generation], Time(ms), 8161
[TOTAL_GC_TIME_%_G1_Young_Generation], Time(%), 5.161433134111249
[TOTAL_GCS_G1_Old_Generation], Count, 0
[TOTAL_GC_TIME_G1_Old_Generation], Time(ms), 0
[TOTAL_GC_TIME_%_G1_Old_Generation], Time(%), 0.0
[TOTAL_GCs], Count, 136
[TOTAL_GC_TIME], Time(ms), 8161
[TOTAL_GC_TIME_%], Time(%), 5.161433134111249
[MAX_MEM_USED], MBs, 21784
[MIN_MEM_USED], MBs, 54
[MAX_THREADS], Count, 7
[MIN_THREADS], Count, 3
[MAX_SYS_LOAD_AVG], Load, 5.75
[MIN_SYS_LOAD_AVG], Load, 3.1
[THREAD_COUNT], Operations, 17
[THREAD_COUNT], AverageLatency(ns), 6.117647058823529
[THREAD_COUNT], MinLatency(ns), 3
[THREAD_COUNT], MaxLatency(ns), 7
[THREAD_COUNT], 95thPercentileLatency(ns), 7
[THREAD_COUNT], 99thPercentileLatency(ns), 7
[SYS_LOAD_AVG], Operations, 17
[SYS_LOAD_AVG], AverageLatency(ns), 4.0588235294117645
[SYS_LOAD_AVG], MinLatency(ns), 3
[SYS_LOAD_AVG], MaxLatency(ns), 5
[SYS_LOAD_AVG], 95thPercentileLatency(ns), 5
[SYS_LOAD_AVG], 99thPercentileLatency(ns), 5
[READ-MODIFY-WRITE], Operations, 1499548
[READ-MODIFY-WRITE], AverageLatency(ns), 36411.92527881735
[READ-MODIFY-WRITE], MinLatency(ns), 26426
[READ-MODIFY-WRITE], MaxLatency(ns), 545865727
[READ-MODIFY-WRITE], 95thPercentileLatency(ns), 44981
[READ-MODIFY-WRITE], 99thPercentileLatency(ns), 51742
[LOAD], Operations, 1
[LOAD], AverageLatency(ns), 9.1775827968E10
[LOAD], MinLatency(ns), 91775565824
[LOAD], MaxLatency(ns), 91776090111
[LOAD], 95thPercentileLatency(ns), 91776090111
[LOAD], 99thPercentileLatency(ns), 91776090111
[USED_MEM_MB], Operations, 17
[USED_MEM_MB], AverageLatency(ns), 10276.29411764706
[USED_MEM_MB], MinLatency(ns), 54
[USED_MEM_MB], MaxLatency(ns), 21784
[USED_MEM_MB], 95thPercentileLatency(ns), 20456
[USED_MEM_MB], 99thPercentileLatency(ns), 21784
[MAIN_GCs_Count], Operations, 1
[MAIN_GCs_Count], AverageLatency(ns), 18.0
[MAIN_GCs_Count], MinLatency(ns), 18
[MAIN_GCs_Count], MaxLatency(ns), 18
[MAIN_GCs_Count], 95thPercentileLatency(ns), 18
[MAIN_GCs_Count], 99thPercentileLatency(ns), 18
[MAIN_GCs_Time(ms)], Operations, 1
[MAIN_GCs_Time(ms)], AverageLatency(ns), 2056.0
[MAIN_GCs_Time(ms)], MinLatency(ns), 2056
[MAIN_GCs_Time(ms)], MaxLatency(ns), 2056
[MAIN_GCs_Time(ms)], 95thPercentileLatency(ns), 2056
[MAIN_GCs_Time(ms)], 99thPercentileLatency(ns), 2056
[TRANSACTION], Operations, 1
[TRANSACTION], AverageLatency(ns), 6.5582268416E10
[TRANSACTION], MinLatency(ns), 65582137344
[TRANSACTION], MaxLatency(ns), 65582399487
[TRANSACTION], 95thPercentileLatency(ns), 65582399487
[TRANSACTION], 99thPercentileLatency(ns), 65582399487
[GCS_TIME], Operations, 17
[GCS_TIME], AverageLatency(ns), 480.05882352941177
[GCS_TIME], MinLatency(ns), 0
[GCS_TIME], MaxLatency(ns), 949
[GCS_TIME], 95thPercentileLatency(ns), 894
[GCS_TIME], 99thPercentileLatency(ns), 949
[LOAD_GCs_Time(ms)], Operations, 1
[LOAD_GCs_Time(ms)], AverageLatency(ns), 6072.0
[LOAD_GCs_Time(ms)], MinLatency(ns), 6072
[LOAD_GCs_Time(ms)], MaxLatency(ns), 6072
[LOAD_GCs_Time(ms)], 95thPercentileLatency(ns), 6072
[LOAD_GCs_Time(ms)], 99thPercentileLatency(ns), 6072
[READ], Operations, 3000000
[READ], AverageLatency(ns), 751.7631166666666
[READ], MinLatency(ns), 207
[READ], MaxLatency(ns), 1931919
[READ], 95thPercentileLatency(ns), 1703
[READ], 99thPercentileLatency(ns), 2637
[READ], Return=OK, 3000000
[INIT], Operations, 1
[INIT], AverageLatency(ns), 6.611456E8
[INIT], MinLatency(ns), 661143552
[INIT], MaxLatency(ns), 661147647
[INIT], 95thPercentileLatency(ns), 661147647
[INIT], 99thPercentileLatency(ns), 661147647
[GCS], Operations, 17
[GCS], AverageLatency(ns), 8.0
[GCS], MinLatency(ns), 0
[GCS], MaxLatency(ns), 30
[GCS], 95thPercentileLatency(ns), 27
[GCS], 99thPercentileLatency(ns), 30
[LOAD_GCs_Count], Operations, 1
[LOAD_GCs_Count], AverageLatency(ns), 116.0
[LOAD_GCs_Count], MinLatency(ns), 116
[LOAD_GCs_Count], MaxLatency(ns), 116
[LOAD_GCs_Count], 95thPercentileLatency(ns), 116
[LOAD_GCs_Count], 99thPercentileLatency(ns), 116
[CLEANUP], Operations, 1
[CLEANUP], AverageLatency(ns), 14033.0
[CLEANUP], MinLatency(ns), 14033
[CLEANUP], MaxLatency(ns), 14033
[CLEANUP], 95thPercentileLatency(ns), 14033
[CLEANUP], 99thPercentileLatency(ns), 14033
[INSERT], Operations, 1000000
[INSERT], AverageLatency(ns), 33874.201678
[INSERT], MinLatency(ns), 25601
[INSERT], MaxLatency(ns), 253692927
[INSERT], 95thPercentileLatency(ns), 42219
[INSERT], 99thPercentileLatency(ns), 49910
[INSERT], Return=OK, 1000000
[UPDATE], Operations, 1499548
[UPDATE], AverageLatency(ns), 34687.829483284295
[UPDATE], MinLatency(ns), 25715
[UPDATE], MaxLatency(ns), 346349567
[UPDATE], 95thPercentileLatency(ns), 43582
[UPDATE], 99thPercentileLatency(ns), 50153
[UPDATE], Return=OK, 1499548
