/home/anatole/jdk8u/build/linux-x86_64-normal-server-release/jdk/bin/java -Xmx100g -XX:+UseG1GC -XX:InitiatingHeapOccupancyPercent=15 -classpath /home/anatole/ycsb/conf:/home/anatole/ycsb/core/target/core-0.18.0-SNAPSHOT.jar:/home/anatole/ycsb/core/target/dependency/HdrHistogram-2.1.4.jar:/home/anatole/ycsb/core/target/dependency/guava-18.0.jar:/home/anatole/ycsb/core/target/dependency/htrace-core4-4.1.0-incubating.jar:/home/anatole/ycsb/core/target/dependency/jackson-core-asl-1.9.4.jar:/home/anatole/ycsb/core/target/dependency/jackson-mapper-asl-1.9.4.jar:/home/anatole/ycsb/core/target/dependency/javax.persistence-api-2.2.jar:/home/anatole/ycsb/core/target/dependency/jnvm-1.0-SNAPSHOT.jar:/home/anatole/ycsb/core/target/dependency/pcj-1.0.jar:/home/anatole/ycsb/core/target/dependency/unsafe-helper-1.0.jar:/home/anatole/ycsb/infinispan/src/main/conf:/home/anatole/ycsb/infinispan/target/infinispan-binding-0.18.0-SNAPSHOT.jar:/home/anatole/ycsb/infinispan/target/dependency/caffeine-2.6.2.jar:/home/anatole/ycsb/infinispan/target/dependency/gson-2.8.2.jar:/home/anatole/ycsb/infinispan/target/dependency/guava-18.0.jar:/home/anatole/ycsb/infinispan/target/dependency/infinispan-cachestore-jnvm-1.0-SNAPSHOT.jar:/home/anatole/ycsb/infinispan/target/dependency/infinispan-cachestore-pcj-1.0-SNAPSHOT.jar:/home/anatole/ycsb/infinispan/target/dependency/infinispan-client-hotrod-9.4.20.Final.jar:/home/anatole/ycsb/infinispan/target/dependency/infinispan-commons-9.4.20.Final.jar:/home/anatole/ycsb/infinispan/target/dependency/infinispan-core-9.4.20.Final.jar:/home/anatole/ycsb/infinispan/target/dependency/infinispan-persistence-soft-index-9.4.20.Final.jar:/home/anatole/ycsb/infinispan/target/dependency/javax.persistence-api-2.2.jar:/home/anatole/ycsb/infinispan/target/dependency/jboss-logging-3.3.2.Final.jar:/home/anatole/ycsb/infinispan/target/dependency/jboss-marshalling-osgi-2.0.6.Final.jar:/home/anatole/ycsb/infinispan/target/dependency/jboss-transaction-api_1.2_spec-1.1.1.Final.jar:/home/anatole/ycsb/infinispan/target/dependency/jgroups-4.0.21.Final.jar:/home/anatole/ycsb/infinispan/target/dependency/jnvm-1.0-SNAPSHOT.jar:/home/anatole/ycsb/infinispan/target/dependency/metainf-services-1.7.jar:/home/anatole/ycsb/infinispan/target/dependency/netty-buffer-4.1.51.Final.jar:/home/anatole/ycsb/infinispan/target/dependency/netty-codec-4.1.51.Final.jar:/home/anatole/ycsb/infinispan/target/dependency/netty-common-4.1.51.Final.jar:/home/anatole/ycsb/infinispan/target/dependency/netty-handler-4.1.51.Final.jar:/home/anatole/ycsb/infinispan/target/dependency/netty-resolver-4.1.51.Final.jar:/home/anatole/ycsb/infinispan/target/dependency/netty-transport-4.1.51.Final.jar:/home/anatole/ycsb/infinispan/target/dependency/netty-transport-native-epoll-4.1.51.Final-linux-x86_64.jar:/home/anatole/ycsb/infinispan/target/dependency/netty-transport-native-unix-common-4.1.51.Final.jar:/home/anatole/ycsb/infinispan/target/dependency/pcj-1.0.jar:/home/anatole/ycsb/infinispan/target/dependency/reactive-streams-1.0.2.jar:/home/anatole/ycsb/infinispan/target/dependency/rxjava-2.2.4.jar:/home/anatole/ycsb/infinispan/target/dependency/unsafe-helper-1.0.jar site.ycsb.Client -t -db site.ycsb.db.InfinispanClient -P ../workloads/workloadf -preload -s -threads 1 -p dataintegrity=true -p offheap=false -p recordcount=1000000 -p operationcount=3000000 -p fieldcount=10 -p fieldlength=400 -p requestdistribution=zipfian -p measurement.trackjvm=true -p measurementtype=hdrhistogram -p hdrhistogram.output.path=./out/exp7.marshalling.ref/log/infinispan.run.workloadf.true.1000000.1000000.10.400.zipfian.1.false.true.default.default.pmem0.r6.hdr.log
[OVERALL], RunTime(ms), 218391
[OVERALL], Throughput(ops/sec), 18315.77308588724
[TOTAL_GCS_G1_Young_Generation], Count, 207
[TOTAL_GC_TIME_G1_Young_Generation], Time(ms), 10320
[TOTAL_GC_TIME_%_G1_Young_Generation], Time(%), 4.7254694561589075
[TOTAL_GCS_G1_Old_Generation], Count, 0
[TOTAL_GC_TIME_G1_Old_Generation], Time(ms), 0
[TOTAL_GC_TIME_%_G1_Old_Generation], Time(%), 0.0
[TOTAL_GCs], Count, 207
[TOTAL_GC_TIME], Time(ms), 10320
[TOTAL_GC_TIME_%], Time(%), 4.7254694561589075
[MAX_MEM_USED], MBs, 24945
[MIN_MEM_USED], MBs, 52
[MAX_THREADS], Count, 7
[MIN_THREADS], Count, 3
[MAX_SYS_LOAD_AVG], Load, 5.36
[MIN_SYS_LOAD_AVG], Load, 2.49
[THREAD_COUNT], Operations, 23
[THREAD_COUNT], AverageLatency(ns), 5.826086956521739
[THREAD_COUNT], MinLatency(ns), 3
[THREAD_COUNT], MaxLatency(ns), 7
[THREAD_COUNT], 95thPercentileLatency(ns), 7
[THREAD_COUNT], 99thPercentileLatency(ns), 7
[SYS_LOAD_AVG], Operations, 23
[SYS_LOAD_AVG], AverageLatency(ns), 2.9565217391304346
[SYS_LOAD_AVG], MinLatency(ns), 2
[SYS_LOAD_AVG], MaxLatency(ns), 5
[SYS_LOAD_AVG], 95thPercentileLatency(ns), 4
[SYS_LOAD_AVG], 99thPercentileLatency(ns), 5
[READ-MODIFY-WRITE], Operations, 1500700
[READ-MODIFY-WRITE], AverageLatency(ns), 41766.73295462118
[READ-MODIFY-WRITE], MinLatency(ns), 31372
[READ-MODIFY-WRITE], MaxLatency(ns), 282013695
[READ-MODIFY-WRITE], 95thPercentileLatency(ns), 52336
[READ-MODIFY-WRITE], 99thPercentileLatency(ns), 60128
[LOAD], Operations, 1
[LOAD], AverageLatency(ns), 1.38082254848E11
[LOAD], MinLatency(ns), 138081730560
[LOAD], MaxLatency(ns), 138082779135
[LOAD], 95thPercentileLatency(ns), 138082779135
[LOAD], 99thPercentileLatency(ns), 138082779135
[USED_MEM_MB], Operations, 23
[USED_MEM_MB], AverageLatency(ns), 10407.869565217392
[USED_MEM_MB], MinLatency(ns), 52
[USED_MEM_MB], MaxLatency(ns), 24945
[USED_MEM_MB], 95thPercentileLatency(ns), 20879
[USED_MEM_MB], 99thPercentileLatency(ns), 24945
[MAIN_GCs_Count], Operations, 1
[MAIN_GCs_Count], AverageLatency(ns), 15.0
[MAIN_GCs_Count], MinLatency(ns), 15
[MAIN_GCs_Count], MaxLatency(ns), 15
[MAIN_GCs_Count], 95thPercentileLatency(ns), 15
[MAIN_GCs_Count], 99thPercentileLatency(ns), 15
[MAIN_GCs_Time(ms)], Operations, 1
[MAIN_GCs_Time(ms)], AverageLatency(ns), 1693.0
[MAIN_GCs_Time(ms)], MinLatency(ns), 1693
[MAIN_GCs_Time(ms)], MaxLatency(ns), 1693
[MAIN_GCs_Time(ms)], 95thPercentileLatency(ns), 1693
[MAIN_GCs_Time(ms)], 99thPercentileLatency(ns), 1693
[TRANSACTION], Operations, 1
[TRANSACTION], AverageLatency(ns), 7.9449817088E10
[TRANSACTION], MinLatency(ns), 79449554944
[TRANSACTION], MaxLatency(ns), 79450079231
[TRANSACTION], 95thPercentileLatency(ns), 79450079231
[TRANSACTION], 99thPercentileLatency(ns), 79450079231
[GCS_TIME], Operations, 23
[GCS_TIME], AverageLatency(ns), 448.69565217391306
[GCS_TIME], MinLatency(ns), 0
[GCS_TIME], MaxLatency(ns), 902
[GCS_TIME], 95thPercentileLatency(ns), 824
[GCS_TIME], 99thPercentileLatency(ns), 902
[LOAD_GCs_Time(ms)], Operations, 1
[LOAD_GCs_Time(ms)], AverageLatency(ns), 8466.0
[LOAD_GCs_Time(ms)], MinLatency(ns), 8466
[LOAD_GCs_Time(ms)], MaxLatency(ns), 8466
[LOAD_GCs_Time(ms)], 95thPercentileLatency(ns), 8466
[LOAD_GCs_Time(ms)], 99thPercentileLatency(ns), 8466
[READ], Operations, 3000000
[READ], AverageLatency(ns), 769.635828
[READ], MinLatency(ns), 212
[READ], MaxLatency(ns), 6956319
[READ], 95thPercentileLatency(ns), 1779
[READ], 99thPercentileLatency(ns), 2633
[READ], Return=OK, 3000000
[INIT], Operations, 1
[INIT], AverageLatency(ns), 6.64332288E8
[INIT], MinLatency(ns), 664330240
[INIT], MaxLatency(ns), 664334335
[INIT], 95thPercentileLatency(ns), 664334335
[INIT], 99thPercentileLatency(ns), 664334335
[GCS], Operations, 23
[GCS], AverageLatency(ns), 9.0
[GCS], MinLatency(ns), 0
[GCS], MaxLatency(ns), 47
[GCS], 95thPercentileLatency(ns), 37
[GCS], 99thPercentileLatency(ns), 47
[LOAD_GCs_Count], Operations, 1
[LOAD_GCs_Count], AverageLatency(ns), 189.0
[LOAD_GCs_Count], MinLatency(ns), 189
[LOAD_GCs_Count], MaxLatency(ns), 189
[LOAD_GCs_Count], 95thPercentileLatency(ns), 189
[LOAD_GCs_Count], 99thPercentileLatency(ns), 189
[CLEANUP], Operations, 1
[CLEANUP], AverageLatency(ns), 16938.0
[CLEANUP], MinLatency(ns), 16938
[CLEANUP], MaxLatency(ns), 16938
[CLEANUP], 95thPercentileLatency(ns), 16938
[CLEANUP], 99thPercentileLatency(ns), 16938
[INSERT], Operations, 1000000
[INSERT], AverageLatency(ns), 47381.960325
[INSERT], MinLatency(ns), 35694
[INSERT], MaxLatency(ns), 305178623
[INSERT], 95thPercentileLatency(ns), 53202
[INSERT], 99thPercentileLatency(ns), 69181
[INSERT], Return=OK, 1000000
[UPDATE], Operations, 1500700
[UPDATE], AverageLatency(ns), 40215.45851669221
[UPDATE], MinLatency(ns), 30545
[UPDATE], MaxLatency(ns), 136688639
[UPDATE], 95thPercentileLatency(ns), 50950
[UPDATE], 99thPercentileLatency(ns), 58592
[UPDATE], Return=OK, 1500700
