/home/anatole/jdk8u/build/linux-x86_64-normal-server-release/jdk/bin/java -Xmx40g -XX:+UseG1GC -classpath /home/anatole/ycsb/conf:/home/anatole/ycsb/core/target/core-0.18.0-SNAPSHOT.jar:/home/anatole/ycsb/core/target/dependency/HdrHistogram-2.1.4.jar:/home/anatole/ycsb/core/target/dependency/guava-18.0.jar:/home/anatole/ycsb/core/target/dependency/htrace-core4-4.1.0-incubating.jar:/home/anatole/ycsb/core/target/dependency/jackson-core-asl-1.9.4.jar:/home/anatole/ycsb/core/target/dependency/jackson-mapper-asl-1.9.4.jar:/home/anatole/ycsb/core/target/dependency/javax.persistence-api-2.2.jar:/home/anatole/ycsb/core/target/dependency/jnvm-1.0-SNAPSHOT.jar:/home/anatole/ycsb/core/target/dependency/pcj-1.0.jar:/home/anatole/ycsb/core/target/dependency/unsafe-helper-1.0.jar:/home/anatole/ycsb/infinispan/src/main/conf:/home/anatole/ycsb/infinispan/target/infinispan-binding-0.18.0-SNAPSHOT.jar:/home/anatole/ycsb/infinispan/target/dependency/caffeine-2.6.2.jar:/home/anatole/ycsb/infinispan/target/dependency/gson-2.8.2.jar:/home/anatole/ycsb/infinispan/target/dependency/guava-18.0.jar:/home/anatole/ycsb/infinispan/target/dependency/infinispan-cachestore-jnvm-1.0-SNAPSHOT.jar:/home/anatole/ycsb/infinispan/target/dependency/infinispan-cachestore-pcj-1.0-SNAPSHOT.jar:/home/anatole/ycsb/infinispan/target/dependency/infinispan-client-hotrod-9.4.20.Final.jar:/home/anatole/ycsb/infinispan/target/dependency/infinispan-commons-9.4.20.Final.jar:/home/anatole/ycsb/infinispan/target/dependency/infinispan-core-9.4.20.Final.jar:/home/anatole/ycsb/infinispan/target/dependency/infinispan-persistence-soft-index-9.4.20.Final.jar:/home/anatole/ycsb/infinispan/target/dependency/javax.persistence-api-2.2.jar:/home/anatole/ycsb/infinispan/target/dependency/jboss-logging-3.3.2.Final.jar:/home/anatole/ycsb/infinispan/target/dependency/jboss-marshalling-osgi-2.0.6.Final.jar:/home/anatole/ycsb/infinispan/target/dependency/jboss-transaction-api_1.2_spec-1.1.1.Final.jar:/home/anatole/ycsb/infinispan/target/dependency/jgroups-4.0.21.Final.jar:/home/anatole/ycsb/infinispan/target/dependency/jnvm-1.0-SNAPSHOT.jar:/home/anatole/ycsb/infinispan/target/dependency/metainf-services-1.7.jar:/home/anatole/ycsb/infinispan/target/dependency/netty-buffer-4.1.51.Final.jar:/home/anatole/ycsb/infinispan/target/dependency/netty-codec-4.1.51.Final.jar:/home/anatole/ycsb/infinispan/target/dependency/netty-common-4.1.51.Final.jar:/home/anatole/ycsb/infinispan/target/dependency/netty-handler-4.1.51.Final.jar:/home/anatole/ycsb/infinispan/target/dependency/netty-resolver-4.1.51.Final.jar:/home/anatole/ycsb/infinispan/target/dependency/netty-transport-4.1.51.Final.jar:/home/anatole/ycsb/infinispan/target/dependency/netty-transport-native-epoll-4.1.51.Final-linux-x86_64.jar:/home/anatole/ycsb/infinispan/target/dependency/netty-transport-native-unix-common-4.1.51.Final.jar:/home/anatole/ycsb/infinispan/target/dependency/pcj-1.0.jar:/home/anatole/ycsb/infinispan/target/dependency/reactive-streams-1.0.2.jar:/home/anatole/ycsb/infinispan/target/dependency/rxjava-2.2.4.jar:/home/anatole/ycsb/infinispan/target/dependency/unsafe-helper-1.0.jar site.ycsb.Client -t -db site.ycsb.db.InfinispanClient -P ../workloads/workloadf -preload -s -threads 1 -p dataintegrity=true -p offheap=false -p recordcount=1000000 -p operationcount=3000000 -p fieldcount=10 -p fieldlength=300 -p requestdistribution=zipfian -p measurement.trackjvm=true -p measurementtype=hdrhistogram -p hdrhistogram.output.path=./out/exp7.marshalling.ref/log/infinispan.run.workloadf.true.1000000.1000000.10.300.zipfian.1.false.true.default.default.tmpfs.r3.hdr.log
[OVERALL], RunTime(ms), 149659
[OVERALL], Throughput(ops/sec), 26727.4270174196
[TOTAL_GCS_G1_Young_Generation], Count, 118
[TOTAL_GC_TIME_G1_Young_Generation], Time(ms), 8774
[TOTAL_GC_TIME_%_G1_Young_Generation], Time(%), 5.862661116270989
[TOTAL_GCS_G1_Old_Generation], Count, 0
[TOTAL_GC_TIME_G1_Old_Generation], Time(ms), 0
[TOTAL_GC_TIME_%_G1_Old_Generation], Time(%), 0.0
[TOTAL_GCs], Count, 118
[TOTAL_GC_TIME], Time(ms), 8774
[TOTAL_GC_TIME_%], Time(%), 5.862661116270989
[MAX_MEM_USED], MBs, 12539
[MIN_MEM_USED], MBs, 54
[MAX_THREADS], Count, 7
[MIN_THREADS], Count, 3
[MAX_SYS_LOAD_AVG], Load, 3.47
[MIN_SYS_LOAD_AVG], Load, 1.99
[THREAD_COUNT], Operations, 16
[THREAD_COUNT], AverageLatency(ns), 6.1875
[THREAD_COUNT], MinLatency(ns), 3
[THREAD_COUNT], MaxLatency(ns), 7
[THREAD_COUNT], 95thPercentileLatency(ns), 7
[THREAD_COUNT], 99thPercentileLatency(ns), 7
[SYS_LOAD_AVG], Operations, 16
[SYS_LOAD_AVG], AverageLatency(ns), 2.3125
[SYS_LOAD_AVG], MinLatency(ns), 1
[SYS_LOAD_AVG], MaxLatency(ns), 3
[SYS_LOAD_AVG], 95thPercentileLatency(ns), 3
[SYS_LOAD_AVG], 99thPercentileLatency(ns), 3
[READ-MODIFY-WRITE], Operations, 1499793
[READ-MODIFY-WRITE], AverageLatency(ns), 35022.863641182485
[READ-MODIFY-WRITE], MinLatency(ns), 26296
[READ-MODIFY-WRITE], MaxLatency(ns), 210454527
[READ-MODIFY-WRITE], 95thPercentileLatency(ns), 41168
[READ-MODIFY-WRITE], 99thPercentileLatency(ns), 49133
[LOAD], Operations, 1
[LOAD], AverageLatency(ns), 8.5698281472E10
[LOAD], MinLatency(ns), 85698019328
[LOAD], MaxLatency(ns), 85698543615
[LOAD], 95thPercentileLatency(ns), 85698543615
[LOAD], 99thPercentileLatency(ns), 85698543615
[USED_MEM_MB], Operations, 16
[USED_MEM_MB], AverageLatency(ns), 7639.3125
[USED_MEM_MB], MinLatency(ns), 54
[USED_MEM_MB], MaxLatency(ns), 12539
[USED_MEM_MB], 95thPercentileLatency(ns), 11711
[USED_MEM_MB], 99thPercentileLatency(ns), 12539
[MAIN_GCs_Count], Operations, 1
[MAIN_GCs_Count], AverageLatency(ns), 28.0
[MAIN_GCs_Count], MinLatency(ns), 28
[MAIN_GCs_Count], MaxLatency(ns), 28
[MAIN_GCs_Count], 95thPercentileLatency(ns), 28
[MAIN_GCs_Count], 99thPercentileLatency(ns), 28
[MAIN_GCs_Time(ms)], Operations, 1
[MAIN_GCs_Time(ms)], AverageLatency(ns), 2110.0
[MAIN_GCs_Time(ms)], MinLatency(ns), 2110
[MAIN_GCs_Time(ms)], MaxLatency(ns), 2110
[MAIN_GCs_Time(ms)], 95thPercentileLatency(ns), 2110
[MAIN_GCs_Time(ms)], 99thPercentileLatency(ns), 2110
[TRANSACTION], Operations, 1
[TRANSACTION], AverageLatency(ns), 6.3211700224E10
[TRANSACTION], MinLatency(ns), 63211569152
[TRANSACTION], MaxLatency(ns), 63211831295
[TRANSACTION], 95thPercentileLatency(ns), 63211831295
[TRANSACTION], 99thPercentileLatency(ns), 63211831295
[GCS_TIME], Operations, 16
[GCS_TIME], AverageLatency(ns), 548.375
[GCS_TIME], MinLatency(ns), 0
[GCS_TIME], MaxLatency(ns), 990
[GCS_TIME], 95thPercentileLatency(ns), 923
[GCS_TIME], 99thPercentileLatency(ns), 990
[LOAD_GCs_Time(ms)], Operations, 1
[LOAD_GCs_Time(ms)], AverageLatency(ns), 6590.0
[LOAD_GCs_Time(ms)], MinLatency(ns), 6590
[LOAD_GCs_Time(ms)], MaxLatency(ns), 6590
[LOAD_GCs_Time(ms)], 95thPercentileLatency(ns), 6590
[LOAD_GCs_Time(ms)], 99thPercentileLatency(ns), 6590
[READ], Operations, 3000000
[READ], AverageLatency(ns), 728.3745623333333
[READ], MinLatency(ns), 206
[READ], MaxLatency(ns), 1733807
[READ], 95thPercentileLatency(ns), 1688
[READ], 99thPercentileLatency(ns), 2549
[READ], Return=OK, 3000000
[INIT], Operations, 1
[INIT], AverageLatency(ns), 6.46125568E8
[INIT], MinLatency(ns), 646123520
[INIT], MaxLatency(ns), 646127615
[INIT], 95thPercentileLatency(ns), 646127615
[INIT], 99thPercentileLatency(ns), 646127615
[GCS], Operations, 16
[GCS], AverageLatency(ns), 7.375
[GCS], MinLatency(ns), 0
[GCS], MaxLatency(ns), 28
[GCS], 95thPercentileLatency(ns), 16
[GCS], 99thPercentileLatency(ns), 28
[LOAD_GCs_Count], Operations, 1
[LOAD_GCs_Count], AverageLatency(ns), 87.0
[LOAD_GCs_Count], MinLatency(ns), 87
[LOAD_GCs_Count], MaxLatency(ns), 87
[LOAD_GCs_Count], 95thPercentileLatency(ns), 87
[LOAD_GCs_Count], 99thPercentileLatency(ns), 87
[CLEANUP], Operations, 1
[CLEANUP], AverageLatency(ns), 17388.0
[CLEANUP], MinLatency(ns), 17388
[CLEANUP], MaxLatency(ns), 17388
[CLEANUP], 95thPercentileLatency(ns), 17388
[CLEANUP], 99thPercentileLatency(ns), 17388
[INSERT], Operations, 1000000
[INSERT], AverageLatency(ns), 32142.389814
[INSERT], MinLatency(ns), 25415
[INSERT], MaxLatency(ns), 193407999
[INSERT], 95thPercentileLatency(ns), 35842
[INSERT], 99thPercentileLatency(ns), 46349
[INSERT], Return=OK, 1000000
[UPDATE], Operations, 1499793
[UPDATE], AverageLatency(ns), 33673.64198326036
[UPDATE], MinLatency(ns), 25534
[UPDATE], MaxLatency(ns), 129630719
[UPDATE], 95thPercentileLatency(ns), 39715
[UPDATE], 99thPercentileLatency(ns), 47497
[UPDATE], Return=OK, 1499793
