/home/anatole/jdk8u/build/linux-x86_64-normal-server-release/jdk/bin/java -Xmx100g -XX:+UseG1GC -XX:InitiatingHeapOccupancyPercent=15 -classpath /home/anatole/ycsb/conf:/home/anatole/ycsb/core/target/core-0.18.0-SNAPSHOT.jar:/home/anatole/ycsb/core/target/dependency/HdrHistogram-2.1.4.jar:/home/anatole/ycsb/core/target/dependency/guava-18.0.jar:/home/anatole/ycsb/core/target/dependency/htrace-core4-4.1.0-incubating.jar:/home/anatole/ycsb/core/target/dependency/jackson-core-asl-1.9.4.jar:/home/anatole/ycsb/core/target/dependency/jackson-mapper-asl-1.9.4.jar:/home/anatole/ycsb/core/target/dependency/javax.persistence-api-2.2.jar:/home/anatole/ycsb/core/target/dependency/jnvm-1.0-SNAPSHOT.jar:/home/anatole/ycsb/core/target/dependency/pcj-1.0.jar:/home/anatole/ycsb/core/target/dependency/unsafe-helper-1.0.jar:/home/anatole/ycsb/infinispan/src/main/conf:/home/anatole/ycsb/infinispan/target/infinispan-binding-0.18.0-SNAPSHOT.jar:/home/anatole/ycsb/infinispan/target/dependency/caffeine-2.6.2.jar:/home/anatole/ycsb/infinispan/target/dependency/gson-2.8.2.jar:/home/anatole/ycsb/infinispan/target/dependency/guava-18.0.jar:/home/anatole/ycsb/infinispan/target/dependency/infinispan-cachestore-jnvm-1.0-SNAPSHOT.jar:/home/anatole/ycsb/infinispan/target/dependency/infinispan-cachestore-pcj-1.0-SNAPSHOT.jar:/home/anatole/ycsb/infinispan/target/dependency/infinispan-client-hotrod-9.4.20.Final.jar:/home/anatole/ycsb/infinispan/target/dependency/infinispan-commons-9.4.20.Final.jar:/home/anatole/ycsb/infinispan/target/dependency/infinispan-core-9.4.20.Final.jar:/home/anatole/ycsb/infinispan/target/dependency/infinispan-persistence-soft-index-9.4.20.Final.jar:/home/anatole/ycsb/infinispan/target/dependency/javax.persistence-api-2.2.jar:/home/anatole/ycsb/infinispan/target/dependency/jboss-logging-3.3.2.Final.jar:/home/anatole/ycsb/infinispan/target/dependency/jboss-marshalling-osgi-2.0.6.Final.jar:/home/anatole/ycsb/infinispan/target/dependency/jboss-transaction-api_1.2_spec-1.1.1.Final.jar:/home/anatole/ycsb/infinispan/target/dependency/jgroups-4.0.21.Final.jar:/home/anatole/ycsb/infinispan/target/dependency/jnvm-1.0-SNAPSHOT.jar:/home/anatole/ycsb/infinispan/target/dependency/metainf-services-1.7.jar:/home/anatole/ycsb/infinispan/target/dependency/netty-buffer-4.1.51.Final.jar:/home/anatole/ycsb/infinispan/target/dependency/netty-codec-4.1.51.Final.jar:/home/anatole/ycsb/infinispan/target/dependency/netty-common-4.1.51.Final.jar:/home/anatole/ycsb/infinispan/target/dependency/netty-handler-4.1.51.Final.jar:/home/anatole/ycsb/infinispan/target/dependency/netty-resolver-4.1.51.Final.jar:/home/anatole/ycsb/infinispan/target/dependency/netty-transport-4.1.51.Final.jar:/home/anatole/ycsb/infinispan/target/dependency/netty-transport-native-epoll-4.1.51.Final-linux-x86_64.jar:/home/anatole/ycsb/infinispan/target/dependency/netty-transport-native-unix-common-4.1.51.Final.jar:/home/anatole/ycsb/infinispan/target/dependency/pcj-1.0.jar:/home/anatole/ycsb/infinispan/target/dependency/reactive-streams-1.0.2.jar:/home/anatole/ycsb/infinispan/target/dependency/rxjava-2.2.4.jar:/home/anatole/ycsb/infinispan/target/dependency/unsafe-helper-1.0.jar site.ycsb.Client -t -db site.ycsb.db.InfinispanClient -P ../workloads/workloadf -preload -s -threads 1 -p dataintegrity=true -p offheap=false -p recordcount=1000000 -p operationcount=3000000 -p fieldcount=10 -p fieldlength=900 -p requestdistribution=zipfian -p measurement.trackjvm=true -p measurementtype=hdrhistogram -p hdrhistogram.output.path=./out/exp7.marshalling.ref/log/infinispan.run.workloadf.true.1000000.1000000.10.900.zipfian.1.false.true.default.default.pmem0.r5.hdr.log
[OVERALL], RunTime(ms), 655617
[OVERALL], Throughput(ops/sec), 6101.123064228048
[TOTAL_GCS_G1_Young_Generation], Count, 1533
[TOTAL_GC_TIME_G1_Young_Generation], Time(ms), 37569
[TOTAL_GC_TIME_%_G1_Young_Generation], Time(%), 5.730327309999588
[TOTAL_GCS_G1_Old_Generation], Count, 0
[TOTAL_GC_TIME_G1_Old_Generation], Time(ms), 0
[TOTAL_GC_TIME_%_G1_Old_Generation], Time(%), 0.0
[TOTAL_GCs], Count, 1533
[TOTAL_GC_TIME], Time(ms), 37569
[TOTAL_GC_TIME_%], Time(%), 5.730327309999588
[MAX_MEM_USED], MBs, 23280
[MIN_MEM_USED], MBs, 56
[MAX_THREADS], Count, 7
[MIN_THREADS], Count, 3
[MAX_SYS_LOAD_AVG], Load, 6.79
[MIN_SYS_LOAD_AVG], Load, 1.95
[THREAD_COUNT], Operations, 67
[THREAD_COUNT], AverageLatency(ns), 5.2835820895522385
[THREAD_COUNT], MinLatency(ns), 3
[THREAD_COUNT], MaxLatency(ns), 7
[THREAD_COUNT], 95thPercentileLatency(ns), 7
[THREAD_COUNT], 99thPercentileLatency(ns), 7
[SYS_LOAD_AVG], Operations, 67
[SYS_LOAD_AVG], AverageLatency(ns), 3.1641791044776117
[SYS_LOAD_AVG], MinLatency(ns), 1
[SYS_LOAD_AVG], MaxLatency(ns), 6
[SYS_LOAD_AVG], 95thPercentileLatency(ns), 5
[SYS_LOAD_AVG], 99thPercentileLatency(ns), 6
[READ-MODIFY-WRITE], Operations, 1501008
[READ-MODIFY-WRITE], AverageLatency(ns), 71877.54945276774
[READ-MODIFY-WRITE], MinLatency(ns), 54927
[READ-MODIFY-WRITE], MaxLatency(ns), 161916927
[READ-MODIFY-WRITE], 95thPercentileLatency(ns), 81760
[READ-MODIFY-WRITE], 99thPercentileLatency(ns), 90621
[LOAD], Operations, 1
[LOAD], AverageLatency(ns), 4.84210376704E11
[LOAD], MinLatency(ns), 484209328128
[LOAD], MaxLatency(ns), 484211425279
[LOAD], 95thPercentileLatency(ns), 484211425279
[LOAD], 99thPercentileLatency(ns), 484211425279
[USED_MEM_MB], Operations, 67
[USED_MEM_MB], AverageLatency(ns), 14123.671641791045
[USED_MEM_MB], MinLatency(ns), 56
[USED_MEM_MB], MaxLatency(ns), 23280
[USED_MEM_MB], 95thPercentileLatency(ns), 22826
[USED_MEM_MB], 99thPercentileLatency(ns), 23221
[MAIN_GCs_Count], Operations, 1
[MAIN_GCs_Count], AverageLatency(ns), 181.0
[MAIN_GCs_Count], MinLatency(ns), 181
[MAIN_GCs_Count], MaxLatency(ns), 181
[MAIN_GCs_Count], 95thPercentileLatency(ns), 181
[MAIN_GCs_Count], 99thPercentileLatency(ns), 181
[MAIN_GCs_Time(ms)], Operations, 1
[MAIN_GCs_Time(ms)], AverageLatency(ns), 8534.0
[MAIN_GCs_Time(ms)], MinLatency(ns), 8534
[MAIN_GCs_Time(ms)], MaxLatency(ns), 8534
[MAIN_GCs_Time(ms)], 95thPercentileLatency(ns), 8534
[MAIN_GCs_Time(ms)], 99thPercentileLatency(ns), 8534
[TRANSACTION], Operations, 1
[TRANSACTION], AverageLatency(ns), 1.70639491072E11
[TRANSACTION], MinLatency(ns), 170638966784
[TRANSACTION], MaxLatency(ns), 170640015359
[TRANSACTION], 95thPercentileLatency(ns), 170640015359
[TRANSACTION], 99thPercentileLatency(ns), 170640015359
[GCS_TIME], Operations, 67
[GCS_TIME], AverageLatency(ns), 560.7313432835821
[GCS_TIME], MinLatency(ns), 0
[GCS_TIME], MaxLatency(ns), 852
[GCS_TIME], 95thPercentileLatency(ns), 707
[GCS_TIME], 99thPercentileLatency(ns), 722
[LOAD_GCs_Time(ms)], Operations, 1
[LOAD_GCs_Time(ms)], AverageLatency(ns), 28933.0
[LOAD_GCs_Time(ms)], MinLatency(ns), 28933
[LOAD_GCs_Time(ms)], MaxLatency(ns), 28933
[LOAD_GCs_Time(ms)], 95thPercentileLatency(ns), 28933
[LOAD_GCs_Time(ms)], 99thPercentileLatency(ns), 28933
[READ], Operations, 3000000
[READ], AverageLatency(ns), 833.4542746666667
[READ], MinLatency(ns), 208
[READ], MaxLatency(ns), 25700479
[READ], 95thPercentileLatency(ns), 1937
[READ], 99thPercentileLatency(ns), 3030
[READ], Return=OK, 3000000
[INIT], Operations, 1
[INIT], AverageLatency(ns), 6.31420928E8
[INIT], MinLatency(ns), 631418880
[INIT], MaxLatency(ns), 631422975
[INIT], 95thPercentileLatency(ns), 631422975
[INIT], 99thPercentileLatency(ns), 631422975
[GCS], Operations, 67
[GCS], AverageLatency(ns), 22.880597014925375
[GCS], MinLatency(ns), 0
[GCS], MaxLatency(ns), 118
[GCS], 95thPercentileLatency(ns), 49
[GCS], 99thPercentileLatency(ns), 52
[LOAD_GCs_Count], Operations, 1
[LOAD_GCs_Count], AverageLatency(ns), 1348.0
[LOAD_GCs_Count], MinLatency(ns), 1348
[LOAD_GCs_Count], MaxLatency(ns), 1348
[LOAD_GCs_Count], 95thPercentileLatency(ns), 1348
[LOAD_GCs_Count], 99thPercentileLatency(ns), 1348
[CLEANUP], Operations, 1
[CLEANUP], AverageLatency(ns), 48743.0
[CLEANUP], MinLatency(ns), 48743
[CLEANUP], MaxLatency(ns), 48743
[CLEANUP], 95thPercentileLatency(ns), 48743
[CLEANUP], 99thPercentileLatency(ns), 48743
[INSERT], Operations, 1000000
[INSERT], AverageLatency(ns), 87055.452106
[INSERT], MinLatency(ns), 66924
[INSERT], MaxLatency(ns), 140866559
[INSERT], 95thPercentileLatency(ns), 97866
[INSERT], 99thPercentileLatency(ns), 122326
[INSERT], Return=OK, 1000000
[UPDATE], Operations, 1501008
[UPDATE], AverageLatency(ns), 70066.49776350292
[UPDATE], MinLatency(ns), 54129
[UPDATE], MaxLatency(ns), 132583935
[UPDATE], 95thPercentileLatency(ns), 80209
[UPDATE], 99thPercentileLatency(ns), 88733
[UPDATE], Return=OK, 1501008
