/home/anatole/jdk8u/build/linux-x86_64-normal-server-release/jdk/bin/java -Xmx100g -XX:+UseG1GC -XX:InitiatingHeapOccupancyPercent=15 -classpath /home/anatole/ycsb/conf:/home/anatole/ycsb/core/target/core-0.18.0-SNAPSHOT.jar:/home/anatole/ycsb/core/target/dependency/HdrHistogram-2.1.4.jar:/home/anatole/ycsb/core/target/dependency/guava-18.0.jar:/home/anatole/ycsb/core/target/dependency/htrace-core4-4.1.0-incubating.jar:/home/anatole/ycsb/core/target/dependency/jackson-core-asl-1.9.4.jar:/home/anatole/ycsb/core/target/dependency/jackson-mapper-asl-1.9.4.jar:/home/anatole/ycsb/core/target/dependency/javax.persistence-api-2.2.jar:/home/anatole/ycsb/core/target/dependency/jnvm-1.0-SNAPSHOT.jar:/home/anatole/ycsb/core/target/dependency/pcj-1.0.jar:/home/anatole/ycsb/core/target/dependency/unsafe-helper-1.0.jar:/home/anatole/ycsb/infinispan/src/main/conf:/home/anatole/ycsb/infinispan/target/infinispan-binding-0.18.0-SNAPSHOT.jar:/home/anatole/ycsb/infinispan/target/dependency/caffeine-2.6.2.jar:/home/anatole/ycsb/infinispan/target/dependency/gson-2.8.2.jar:/home/anatole/ycsb/infinispan/target/dependency/guava-18.0.jar:/home/anatole/ycsb/infinispan/target/dependency/infinispan-cachestore-jnvm-1.0-SNAPSHOT.jar:/home/anatole/ycsb/infinispan/target/dependency/infinispan-cachestore-pcj-1.0-SNAPSHOT.jar:/home/anatole/ycsb/infinispan/target/dependency/infinispan-client-hotrod-9.4.20.Final.jar:/home/anatole/ycsb/infinispan/target/dependency/infinispan-commons-9.4.20.Final.jar:/home/anatole/ycsb/infinispan/target/dependency/infinispan-core-9.4.20.Final.jar:/home/anatole/ycsb/infinispan/target/dependency/infinispan-persistence-soft-index-9.4.20.Final.jar:/home/anatole/ycsb/infinispan/target/dependency/javax.persistence-api-2.2.jar:/home/anatole/ycsb/infinispan/target/dependency/jboss-logging-3.3.2.Final.jar:/home/anatole/ycsb/infinispan/target/dependency/jboss-marshalling-osgi-2.0.6.Final.jar:/home/anatole/ycsb/infinispan/target/dependency/jboss-transaction-api_1.2_spec-1.1.1.Final.jar:/home/anatole/ycsb/infinispan/target/dependency/jgroups-4.0.21.Final.jar:/home/anatole/ycsb/infinispan/target/dependency/jnvm-1.0-SNAPSHOT.jar:/home/anatole/ycsb/infinispan/target/dependency/metainf-services-1.7.jar:/home/anatole/ycsb/infinispan/target/dependency/netty-buffer-4.1.51.Final.jar:/home/anatole/ycsb/infinispan/target/dependency/netty-codec-4.1.51.Final.jar:/home/anatole/ycsb/infinispan/target/dependency/netty-common-4.1.51.Final.jar:/home/anatole/ycsb/infinispan/target/dependency/netty-handler-4.1.51.Final.jar:/home/anatole/ycsb/infinispan/target/dependency/netty-resolver-4.1.51.Final.jar:/home/anatole/ycsb/infinispan/target/dependency/netty-transport-4.1.51.Final.jar:/home/anatole/ycsb/infinispan/target/dependency/netty-transport-native-epoll-4.1.51.Final-linux-x86_64.jar:/home/anatole/ycsb/infinispan/target/dependency/netty-transport-native-unix-common-4.1.51.Final.jar:/home/anatole/ycsb/infinispan/target/dependency/pcj-1.0.jar:/home/anatole/ycsb/infinispan/target/dependency/reactive-streams-1.0.2.jar:/home/anatole/ycsb/infinispan/target/dependency/rxjava-2.2.4.jar:/home/anatole/ycsb/infinispan/target/dependency/unsafe-helper-1.0.jar site.ycsb.Client -t -db site.ycsb.db.InfinispanClient -P ../workloads/workloadf -preload -s -threads 1 -p dataintegrity=true -p offheap=false -p recordcount=1000000 -p operationcount=3000000 -p fieldcount=10 -p fieldlength=600 -p requestdistribution=zipfian -p measurement.trackjvm=true -p measurementtype=hdrhistogram -p hdrhistogram.output.path=./out/exp7.marshalling.ref/log/infinispan.run.workloadf.true.1000000.1000000.10.600.zipfian.1.false.true.default.default.nullfsvfs.r6.hdr.log
[OVERALL], RunTime(ms), 335156
[OVERALL], Throughput(ops/sec), 11934.740837102723
[TOTAL_GCS_G1_Young_Generation], Count, 834
[TOTAL_GC_TIME_G1_Young_Generation], Time(ms), 23826
[TOTAL_GC_TIME_%_G1_Young_Generation], Time(%), 7.108928379620237
[TOTAL_GCS_G1_Old_Generation], Count, 0
[TOTAL_GC_TIME_G1_Old_Generation], Time(ms), 0
[TOTAL_GC_TIME_%_G1_Old_Generation], Time(%), 0.0
[TOTAL_GCs], Count, 834
[TOTAL_GC_TIME], Time(ms), 23826
[TOTAL_GC_TIME_%], Time(%), 7.108928379620237
[MAX_MEM_USED], MBs, 16575
[MIN_MEM_USED], MBs, 54
[MAX_THREADS], Count, 7
[MIN_THREADS], Count, 3
[MAX_SYS_LOAD_AVG], Load, 7.87
[MIN_SYS_LOAD_AVG], Load, 1.94
[THREAD_COUNT], Operations, 35
[THREAD_COUNT], AverageLatency(ns), 5.542857142857143
[THREAD_COUNT], MinLatency(ns), 3
[THREAD_COUNT], MaxLatency(ns), 7
[THREAD_COUNT], 95thPercentileLatency(ns), 7
[THREAD_COUNT], 99thPercentileLatency(ns), 7
[SYS_LOAD_AVG], Operations, 35
[SYS_LOAD_AVG], AverageLatency(ns), 3.5142857142857142
[SYS_LOAD_AVG], MinLatency(ns), 1
[SYS_LOAD_AVG], MaxLatency(ns), 7
[SYS_LOAD_AVG], 95thPercentileLatency(ns), 7
[SYS_LOAD_AVG], 99thPercentileLatency(ns), 7
[READ-MODIFY-WRITE], Operations, 1498570
[READ-MODIFY-WRITE], AverageLatency(ns), 44537.798983697794
[READ-MODIFY-WRITE], MinLatency(ns), 31192
[READ-MODIFY-WRITE], MaxLatency(ns), 138539007
[READ-MODIFY-WRITE], 95thPercentileLatency(ns), 53190
[READ-MODIFY-WRITE], 99thPercentileLatency(ns), 59906
[LOAD], Operations, 1
[LOAD], AverageLatency(ns), 2.33788932096E11
[LOAD], MinLatency(ns), 233788407808
[LOAD], MaxLatency(ns), 233789456383
[LOAD], 95thPercentileLatency(ns), 233789456383
[LOAD], 99thPercentileLatency(ns), 233789456383
[USED_MEM_MB], Operations, 35
[USED_MEM_MB], AverageLatency(ns), 10693.657142857142
[USED_MEM_MB], MinLatency(ns), 54
[USED_MEM_MB], MaxLatency(ns), 16575
[USED_MEM_MB], 95thPercentileLatency(ns), 16256
[USED_MEM_MB], 99thPercentileLatency(ns), 16575
[MAIN_GCs_Count], Operations, 1
[MAIN_GCs_Count], AverageLatency(ns), 150.0
[MAIN_GCs_Count], MinLatency(ns), 150
[MAIN_GCs_Count], MaxLatency(ns), 150
[MAIN_GCs_Count], 95thPercentileLatency(ns), 150
[MAIN_GCs_Count], 99thPercentileLatency(ns), 150
[MAIN_GCs_Time(ms)], Operations, 1
[MAIN_GCs_Time(ms)], AverageLatency(ns), 6746.0
[MAIN_GCs_Time(ms)], MinLatency(ns), 6746
[MAIN_GCs_Time(ms)], MaxLatency(ns), 6746
[MAIN_GCs_Time(ms)], 95thPercentileLatency(ns), 6746
[MAIN_GCs_Time(ms)], 99thPercentileLatency(ns), 6746
[TRANSACTION], Operations, 1
[TRANSACTION], AverageLatency(ns), 1.00027072512E11
[TRANSACTION], MinLatency(ns), 100026810368
[TRANSACTION], MaxLatency(ns), 100027334655
[TRANSACTION], 95thPercentileLatency(ns), 100027334655
[TRANSACTION], 99thPercentileLatency(ns), 100027334655
[GCS_TIME], Operations, 35
[GCS_TIME], AverageLatency(ns), 680.7428571428571
[GCS_TIME], MinLatency(ns), 0
[GCS_TIME], MaxLatency(ns), 883
[GCS_TIME], 95thPercentileLatency(ns), 856
[GCS_TIME], 99thPercentileLatency(ns), 883
[LOAD_GCs_Time(ms)], Operations, 1
[LOAD_GCs_Time(ms)], AverageLatency(ns), 17049.0
[LOAD_GCs_Time(ms)], MinLatency(ns), 17049
[LOAD_GCs_Time(ms)], MaxLatency(ns), 17049
[LOAD_GCs_Time(ms)], 95thPercentileLatency(ns), 17049
[LOAD_GCs_Time(ms)], 99thPercentileLatency(ns), 17049
[READ], Operations, 3000000
[READ], AverageLatency(ns), 793.2184546666666
[READ], MinLatency(ns), 212
[READ], MaxLatency(ns), 1870735
[READ], 95thPercentileLatency(ns), 1782
[READ], 99thPercentileLatency(ns), 2876
[READ], Return=OK, 3000000
[INIT], Operations, 1
[INIT], AverageLatency(ns), 1.222832128E9
[INIT], MinLatency(ns), 1222828032
[INIT], MaxLatency(ns), 1222836223
[INIT], 95thPercentileLatency(ns), 1222836223
[INIT], 99thPercentileLatency(ns), 1222836223
[GCS], Operations, 35
[GCS], AverageLatency(ns), 23.82857142857143
[GCS], MinLatency(ns), 0
[GCS], MaxLatency(ns), 47
[GCS], 95thPercentileLatency(ns), 43
[GCS], 99thPercentileLatency(ns), 47
[LOAD_GCs_Count], Operations, 1
[LOAD_GCs_Count], AverageLatency(ns), 682.0
[LOAD_GCs_Count], MinLatency(ns), 682
[LOAD_GCs_Count], MaxLatency(ns), 682
[LOAD_GCs_Count], 95thPercentileLatency(ns), 682
[LOAD_GCs_Count], 99thPercentileLatency(ns), 682
[CLEANUP], Operations, 1
[CLEANUP], AverageLatency(ns), 19268.0
[CLEANUP], MinLatency(ns), 19268
[CLEANUP], MaxLatency(ns), 19268
[CLEANUP], 95thPercentileLatency(ns), 19268
[CLEANUP], 99thPercentileLatency(ns), 19268
[INSERT], Operations, 1000000
[INSERT], AverageLatency(ns), 39874.881615
[INSERT], MinLatency(ns), 30519
[INSERT], MaxLatency(ns), 144802815
[INSERT], 95thPercentileLatency(ns), 45975
[INSERT], 99thPercentileLatency(ns), 58663
[INSERT], Return=OK, 1000000
[UPDATE], Operations, 1498570
[UPDATE], AverageLatency(ns), 42974.01801317256
[UPDATE], MinLatency(ns), 30360
[UPDATE], MaxLatency(ns), 121606655
[UPDATE], 95thPercentileLatency(ns), 51649
[UPDATE], 99thPercentileLatency(ns), 58041
[UPDATE], Return=OK, 1498570
