/home/anatole/jdk8u/build/linux-x86_64-normal-server-release/jdk/bin/java -Xmx40g -XX:+UseG1GC -classpath /home/anatole/ycsb/conf:/home/anatole/ycsb/core/target/core-0.18.0-SNAPSHOT.jar:/home/anatole/ycsb/core/target/dependency/HdrHistogram-2.1.4.jar:/home/anatole/ycsb/core/target/dependency/guava-18.0.jar:/home/anatole/ycsb/core/target/dependency/htrace-core4-4.1.0-incubating.jar:/home/anatole/ycsb/core/target/dependency/jackson-core-asl-1.9.4.jar:/home/anatole/ycsb/core/target/dependency/jackson-mapper-asl-1.9.4.jar:/home/anatole/ycsb/core/target/dependency/javax.persistence-api-2.2.jar:/home/anatole/ycsb/core/target/dependency/jnvm-1.0-SNAPSHOT.jar:/home/anatole/ycsb/core/target/dependency/pcj-1.0.jar:/home/anatole/ycsb/core/target/dependency/unsafe-helper-1.0.jar:/home/anatole/ycsb/infinispan/src/main/conf:/home/anatole/ycsb/infinispan/target/infinispan-binding-0.18.0-SNAPSHOT.jar:/home/anatole/ycsb/infinispan/target/dependency/caffeine-2.6.2.jar:/home/anatole/ycsb/infinispan/target/dependency/gson-2.8.2.jar:/home/anatole/ycsb/infinispan/target/dependency/guava-18.0.jar:/home/anatole/ycsb/infinispan/target/dependency/infinispan-cachestore-jnvm-1.0-SNAPSHOT.jar:/home/anatole/ycsb/infinispan/target/dependency/infinispan-cachestore-pcj-1.0-SNAPSHOT.jar:/home/anatole/ycsb/infinispan/target/dependency/infinispan-client-hotrod-9.4.20.Final.jar:/home/anatole/ycsb/infinispan/target/dependency/infinispan-commons-9.4.20.Final.jar:/home/anatole/ycsb/infinispan/target/dependency/infinispan-core-9.4.20.Final.jar:/home/anatole/ycsb/infinispan/target/dependency/infinispan-persistence-soft-index-9.4.20.Final.jar:/home/anatole/ycsb/infinispan/target/dependency/javax.persistence-api-2.2.jar:/home/anatole/ycsb/infinispan/target/dependency/jboss-logging-3.3.2.Final.jar:/home/anatole/ycsb/infinispan/target/dependency/jboss-marshalling-osgi-2.0.6.Final.jar:/home/anatole/ycsb/infinispan/target/dependency/jboss-transaction-api_1.2_spec-1.1.1.Final.jar:/home/anatole/ycsb/infinispan/target/dependency/jgroups-4.0.21.Final.jar:/home/anatole/ycsb/infinispan/target/dependency/jnvm-1.0-SNAPSHOT.jar:/home/anatole/ycsb/infinispan/target/dependency/metainf-services-1.7.jar:/home/anatole/ycsb/infinispan/target/dependency/netty-buffer-4.1.51.Final.jar:/home/anatole/ycsb/infinispan/target/dependency/netty-codec-4.1.51.Final.jar:/home/anatole/ycsb/infinispan/target/dependency/netty-common-4.1.51.Final.jar:/home/anatole/ycsb/infinispan/target/dependency/netty-handler-4.1.51.Final.jar:/home/anatole/ycsb/infinispan/target/dependency/netty-resolver-4.1.51.Final.jar:/home/anatole/ycsb/infinispan/target/dependency/netty-transport-4.1.51.Final.jar:/home/anatole/ycsb/infinispan/target/dependency/netty-transport-native-epoll-4.1.51.Final-linux-x86_64.jar:/home/anatole/ycsb/infinispan/target/dependency/netty-transport-native-unix-common-4.1.51.Final.jar:/home/anatole/ycsb/infinispan/target/dependency/pcj-1.0.jar:/home/anatole/ycsb/infinispan/target/dependency/reactive-streams-1.0.2.jar:/home/anatole/ycsb/infinispan/target/dependency/rxjava-2.2.4.jar:/home/anatole/ycsb/infinispan/target/dependency/unsafe-helper-1.0.jar site.ycsb.Client -t -db site.ycsb.db.InfinispanClient -P ../workloads/workloadf -preload -s -threads 1 -p dataintegrity=true -p offheap=false -p recordcount=1000000 -p operationcount=3000000 -p fieldcount=10 -p fieldlength=400 -p requestdistribution=zipfian -p measurement.trackjvm=true -p measurementtype=hdrhistogram -p hdrhistogram.output.path=./out/exp7.marshalling.ref/log/infinispan.run.workloadf.true.1000000.1000000.10.400.zipfian.1.false.true.default.default.nullfsvfs.r3.hdr.log
[OVERALL], RunTime(ms), 189172
[OVERALL], Throughput(ops/sec), 21144.778296999557
[TOTAL_GCS_G1_Young_Generation], Count, 196
[TOTAL_GC_TIME_G1_Young_Generation], Time(ms), 10210
[TOTAL_GC_TIME_%_G1_Young_Generation], Time(%), 5.397204660309137
[TOTAL_GCS_G1_Old_Generation], Count, 0
[TOTAL_GC_TIME_G1_Old_Generation], Time(ms), 0
[TOTAL_GC_TIME_%_G1_Old_Generation], Time(%), 0.0
[TOTAL_GCs], Count, 196
[TOTAL_GC_TIME], Time(ms), 10210
[TOTAL_GC_TIME_%], Time(%), 5.397204660309137
[MAX_MEM_USED], MBs, 16124
[MIN_MEM_USED], MBs, 54
[MAX_THREADS], Count, 7
[MIN_THREADS], Count, 3
[MAX_SYS_LOAD_AVG], Load, 4.59
[MIN_SYS_LOAD_AVG], Load, 1.17
[THREAD_COUNT], Operations, 20
[THREAD_COUNT], AverageLatency(ns), 5.95
[THREAD_COUNT], MinLatency(ns), 3
[THREAD_COUNT], MaxLatency(ns), 7
[THREAD_COUNT], 95thPercentileLatency(ns), 7
[THREAD_COUNT], 99thPercentileLatency(ns), 7
[SYS_LOAD_AVG], Operations, 20
[SYS_LOAD_AVG], AverageLatency(ns), 2.2
[SYS_LOAD_AVG], MinLatency(ns), 1
[SYS_LOAD_AVG], MaxLatency(ns), 4
[SYS_LOAD_AVG], 95thPercentileLatency(ns), 4
[SYS_LOAD_AVG], 99thPercentileLatency(ns), 4
[READ-MODIFY-WRITE], Operations, 1501200
[READ-MODIFY-WRITE], AverageLatency(ns), 34665.39421129763
[READ-MODIFY-WRITE], MinLatency(ns), 27813
[READ-MODIFY-WRITE], MaxLatency(ns), 288628735
[READ-MODIFY-WRITE], 95thPercentileLatency(ns), 40141
[READ-MODIFY-WRITE], 99thPercentileLatency(ns), 48481
[LOAD], Operations, 1
[LOAD], AverageLatency(ns), 1.20888492032E11
[LOAD], MinLatency(ns), 120888229888
[LOAD], MaxLatency(ns), 120888754175
[LOAD], 95thPercentileLatency(ns), 120888754175
[LOAD], 99thPercentileLatency(ns), 120888754175
[USED_MEM_MB], Operations, 20
[USED_MEM_MB], AverageLatency(ns), 9463.0
[USED_MEM_MB], MinLatency(ns), 54
[USED_MEM_MB], MaxLatency(ns), 16124
[USED_MEM_MB], 95thPercentileLatency(ns), 15121
[USED_MEM_MB], 99thPercentileLatency(ns), 16124
[MAIN_GCs_Count], Operations, 1
[MAIN_GCs_Count], AverageLatency(ns), 20.0
[MAIN_GCs_Count], MinLatency(ns), 20
[MAIN_GCs_Count], MaxLatency(ns), 20
[MAIN_GCs_Count], 95thPercentileLatency(ns), 20
[MAIN_GCs_Count], 99thPercentileLatency(ns), 20
[MAIN_GCs_Time(ms)], Operations, 1
[MAIN_GCs_Time(ms)], AverageLatency(ns), 1760.0
[MAIN_GCs_Time(ms)], MinLatency(ns), 1760
[MAIN_GCs_Time(ms)], MaxLatency(ns), 1760
[MAIN_GCs_Time(ms)], 95thPercentileLatency(ns), 1760
[MAIN_GCs_Time(ms)], 99thPercentileLatency(ns), 1760
[TRANSACTION], Operations, 1
[TRANSACTION], AverageLatency(ns), 6.7505094656E10
[TRANSACTION], MinLatency(ns), 67504963584
[TRANSACTION], MaxLatency(ns), 67505225727
[TRANSACTION], 95thPercentileLatency(ns), 67505225727
[TRANSACTION], 99thPercentileLatency(ns), 67505225727
[GCS_TIME], Operations, 20
[GCS_TIME], AverageLatency(ns), 510.5
[GCS_TIME], MinLatency(ns), 0
[GCS_TIME], MaxLatency(ns), 913
[GCS_TIME], 95thPercentileLatency(ns), 814
[GCS_TIME], 99thPercentileLatency(ns), 913
[LOAD_GCs_Time(ms)], Operations, 1
[LOAD_GCs_Time(ms)], AverageLatency(ns), 8416.0
[LOAD_GCs_Time(ms)], MinLatency(ns), 8416
[LOAD_GCs_Time(ms)], MaxLatency(ns), 8416
[LOAD_GCs_Time(ms)], 95thPercentileLatency(ns), 8416
[LOAD_GCs_Time(ms)], 99thPercentileLatency(ns), 8416
[READ], Operations, 3000000
[READ], AverageLatency(ns), 709.969343
[READ], MinLatency(ns), 203
[READ], MaxLatency(ns), 1924775
[READ], 95thPercentileLatency(ns), 1682
[READ], 99thPercentileLatency(ns), 2536
[READ], Return=OK, 3000000
[INIT], Operations, 1
[INIT], AverageLatency(ns), 7.2344576E8
[INIT], MinLatency(ns), 723443712
[INIT], MaxLatency(ns), 723447807
[INIT], 95thPercentileLatency(ns), 723447807
[INIT], 99thPercentileLatency(ns), 723447807
[GCS], Operations, 20
[GCS], AverageLatency(ns), 9.8
[GCS], MinLatency(ns), 0
[GCS], MaxLatency(ns), 48
[GCS], 95thPercentileLatency(ns), 30
[GCS], 99thPercentileLatency(ns), 48
[LOAD_GCs_Count], Operations, 1
[LOAD_GCs_Count], AverageLatency(ns), 174.0
[LOAD_GCs_Count], MinLatency(ns), 174
[LOAD_GCs_Count], MaxLatency(ns), 174
[LOAD_GCs_Count], 95thPercentileLatency(ns), 174
[LOAD_GCs_Count], 99thPercentileLatency(ns), 174
[CLEANUP], Operations, 1
[CLEANUP], AverageLatency(ns), 18111.0
[CLEANUP], MinLatency(ns), 18111
[CLEANUP], MaxLatency(ns), 18111
[CLEANUP], 95thPercentileLatency(ns), 18111
[CLEANUP], 99thPercentileLatency(ns), 18111
[INSERT], Operations, 1000000
[INSERT], AverageLatency(ns), 32141.25615
[INSERT], MinLatency(ns), 26356
[INSERT], MaxLatency(ns), 151044095
[INSERT], 95thPercentileLatency(ns), 35978
[INSERT], 99thPercentileLatency(ns), 47048
[INSERT], Return=OK, 1000000
[UPDATE], Operations, 1501200
[UPDATE], AverageLatency(ns), 33303.916776578735
[UPDATE], MinLatency(ns), 27141
[UPDATE], MaxLatency(ns), 159704063
[UPDATE], 95thPercentileLatency(ns), 38760
[UPDATE], 99thPercentileLatency(ns), 46880
[UPDATE], Return=OK, 1501200
