/home/anatole/jdk8u/build/linux-x86_64-normal-server-release/jdk/bin/java -Xmx20g -XX:+UseG1GC -classpath /home/anatole/ycsb/conf:/home/anatole/ycsb/core/target/core-0.18.0-SNAPSHOT.jar:/home/anatole/ycsb/core/target/dependency/HdrHistogram-2.1.4.jar:/home/anatole/ycsb/core/target/dependency/guava-18.0.jar:/home/anatole/ycsb/core/target/dependency/htrace-core4-4.1.0-incubating.jar:/home/anatole/ycsb/core/target/dependency/jackson-core-asl-1.9.4.jar:/home/anatole/ycsb/core/target/dependency/jackson-mapper-asl-1.9.4.jar:/home/anatole/ycsb/core/target/dependency/javax.persistence-api-2.2.jar:/home/anatole/ycsb/core/target/dependency/jnvm-1.0-SNAPSHOT.jar:/home/anatole/ycsb/core/target/dependency/pcj-1.0.jar:/home/anatole/ycsb/core/target/dependency/unsafe-helper-1.0.jar:/home/anatole/ycsb/infinispan/src/main/conf:/home/anatole/ycsb/infinispan/target/infinispan-binding-0.18.0-SNAPSHOT.jar:/home/anatole/ycsb/infinispan/target/dependency/caffeine-2.6.2.jar:/home/anatole/ycsb/infinispan/target/dependency/gson-2.8.2.jar:/home/anatole/ycsb/infinispan/target/dependency/guava-18.0.jar:/home/anatole/ycsb/infinispan/target/dependency/infinispan-cachestore-jnvm-1.0-SNAPSHOT.jar:/home/anatole/ycsb/infinispan/target/dependency/infinispan-cachestore-pcj-1.0-SNAPSHOT.jar:/home/anatole/ycsb/infinispan/target/dependency/infinispan-client-hotrod-9.4.20.Final.jar:/home/anatole/ycsb/infinispan/target/dependency/infinispan-commons-9.4.20.Final.jar:/home/anatole/ycsb/infinispan/target/dependency/infinispan-core-9.4.20.Final.jar:/home/anatole/ycsb/infinispan/target/dependency/infinispan-persistence-soft-index-9.4.20.Final.jar:/home/anatole/ycsb/infinispan/target/dependency/javax.persistence-api-2.2.jar:/home/anatole/ycsb/infinispan/target/dependency/jboss-logging-3.3.2.Final.jar:/home/anatole/ycsb/infinispan/target/dependency/jboss-marshalling-osgi-2.0.6.Final.jar:/home/anatole/ycsb/infinispan/target/dependency/jboss-transaction-api_1.2_spec-1.1.1.Final.jar:/home/anatole/ycsb/infinispan/target/dependency/jgroups-4.0.21.Final.jar:/home/anatole/ycsb/infinispan/target/dependency/jnvm-1.0-SNAPSHOT.jar:/home/anatole/ycsb/infinispan/target/dependency/metainf-services-1.7.jar:/home/anatole/ycsb/infinispan/target/dependency/netty-buffer-4.1.51.Final.jar:/home/anatole/ycsb/infinispan/target/dependency/netty-codec-4.1.51.Final.jar:/home/anatole/ycsb/infinispan/target/dependency/netty-common-4.1.51.Final.jar:/home/anatole/ycsb/infinispan/target/dependency/netty-handler-4.1.51.Final.jar:/home/anatole/ycsb/infinispan/target/dependency/netty-resolver-4.1.51.Final.jar:/home/anatole/ycsb/infinispan/target/dependency/netty-transport-4.1.51.Final.jar:/home/anatole/ycsb/infinispan/target/dependency/netty-transport-native-epoll-4.1.51.Final-linux-x86_64.jar:/home/anatole/ycsb/infinispan/target/dependency/netty-transport-native-unix-common-4.1.51.Final.jar:/home/anatole/ycsb/infinispan/target/dependency/pcj-1.0.jar:/home/anatole/ycsb/infinispan/target/dependency/reactive-streams-1.0.2.jar:/home/anatole/ycsb/infinispan/target/dependency/rxjava-2.2.4.jar:/home/anatole/ycsb/infinispan/target/dependency/unsafe-helper-1.0.jar site.ycsb.Client -t -db site.ycsb.db.InfinispanClient -P ../workloads/workloadf -preload -s -threads 1 -p dataintegrity=true -p offheap=false -p recordcount=1000000 -p operationcount=3000000 -p fieldcount=10 -p fieldlength=700 -p requestdistribution=zipfian -p measurement.trackjvm=true -p measurementtype=hdrhistogram -p hdrhistogram.output.path=./out/exp7.marshalling.ref/log/infinispan.run.workloadf.true.1000000.100000.10.700.zipfian.1.false.true.default.default.tmpfs.r1.hdr.log
[OVERALL], RunTime(ms), 458283
[OVERALL], Throughput(ops/sec), 8728.231245758625
[TOTAL_GCS_G1_Young_Generation], Count, 331
[TOTAL_GC_TIME_G1_Young_Generation], Time(ms), 13157
[TOTAL_GC_TIME_%_G1_Young_Generation], Time(%), 2.870933462511156
[TOTAL_GCS_G1_Old_Generation], Count, 0
[TOTAL_GC_TIME_G1_Old_Generation], Time(ms), 0
[TOTAL_GC_TIME_%_G1_Old_Generation], Time(%), 0.0
[TOTAL_GCs], Count, 331
[TOTAL_GC_TIME], Time(ms), 13157
[TOTAL_GC_TIME_%], Time(%), 2.870933462511156
[MAX_MEM_USED], MBs, 6430
[MIN_MEM_USED], MBs, 52
[MAX_THREADS], Count, 7
[MIN_THREADS], Count, 3
[MAX_SYS_LOAD_AVG], Load, 5.21
[MIN_SYS_LOAD_AVG], Load, 1.1
[THREAD_COUNT], Operations, 47
[THREAD_COUNT], AverageLatency(ns), 5.404255319148936
[THREAD_COUNT], MinLatency(ns), 3
[THREAD_COUNT], MaxLatency(ns), 7
[THREAD_COUNT], 95thPercentileLatency(ns), 7
[THREAD_COUNT], 99thPercentileLatency(ns), 7
[SYS_LOAD_AVG], Operations, 47
[SYS_LOAD_AVG], AverageLatency(ns), 1.7872340425531914
[SYS_LOAD_AVG], MinLatency(ns), 1
[SYS_LOAD_AVG], MaxLatency(ns), 5
[SYS_LOAD_AVG], 95thPercentileLatency(ns), 4
[SYS_LOAD_AVG], 99thPercentileLatency(ns), 5
[READ-MODIFY-WRITE], Operations, 1498592
[READ-MODIFY-WRITE], AverageLatency(ns), 72102.38808962013
[READ-MODIFY-WRITE], MinLatency(ns), 39477
[READ-MODIFY-WRITE], MaxLatency(ns), 199078911
[READ-MODIFY-WRITE], 95thPercentileLatency(ns), 94872
[READ-MODIFY-WRITE], 99thPercentileLatency(ns), 103249
[LOAD], Operations, 1
[LOAD], AverageLatency(ns), 2.72120676352E11
[LOAD], MinLatency(ns), 272120152064
[LOAD], MaxLatency(ns), 272121200639
[LOAD], 95thPercentileLatency(ns), 272121200639
[LOAD], 99thPercentileLatency(ns), 272121200639
[USED_MEM_MB], Operations, 47
[USED_MEM_MB], AverageLatency(ns), 4302.936170212766
[USED_MEM_MB], MinLatency(ns), 52
[USED_MEM_MB], MaxLatency(ns), 6430
[USED_MEM_MB], 95thPercentileLatency(ns), 6127
[USED_MEM_MB], 99thPercentileLatency(ns), 6430
[MAIN_GCs_Count], Operations, 1
[MAIN_GCs_Count], AverageLatency(ns), 95.0
[MAIN_GCs_Count], MinLatency(ns), 95
[MAIN_GCs_Count], MaxLatency(ns), 95
[MAIN_GCs_Count], 95thPercentileLatency(ns), 95
[MAIN_GCs_Count], 99thPercentileLatency(ns), 95
[MAIN_GCs_Time(ms)], Operations, 1
[MAIN_GCs_Time(ms)], AverageLatency(ns), 7345.0
[MAIN_GCs_Time(ms)], MinLatency(ns), 7345
[MAIN_GCs_Time(ms)], MaxLatency(ns), 7345
[MAIN_GCs_Time(ms)], 95thPercentileLatency(ns), 7345
[MAIN_GCs_Time(ms)], 99thPercentileLatency(ns), 7345
[TRANSACTION], Operations, 1
[TRANSACTION], AverageLatency(ns), 1.85463209984E11
[TRANSACTION], MinLatency(ns), 185462685696
[TRANSACTION], MaxLatency(ns), 185463734271
[TRANSACTION], 95thPercentileLatency(ns), 185463734271
[TRANSACTION], 99thPercentileLatency(ns), 185463734271
[GCS_TIME], Operations, 47
[GCS_TIME], AverageLatency(ns), 279.93617021276594
[GCS_TIME], MinLatency(ns), 0
[GCS_TIME], MaxLatency(ns), 659
[GCS_TIME], 95thPercentileLatency(ns), 570
[GCS_TIME], 99thPercentileLatency(ns), 659
[LOAD_GCs_Time(ms)], Operations, 1
[LOAD_GCs_Time(ms)], AverageLatency(ns), 5790.0
[LOAD_GCs_Time(ms)], MinLatency(ns), 5790
[LOAD_GCs_Time(ms)], MaxLatency(ns), 5790
[LOAD_GCs_Time(ms)], 95thPercentileLatency(ns), 5790
[LOAD_GCs_Time(ms)], 99thPercentileLatency(ns), 5790
[READ], Operations, 3000000
[READ], AverageLatency(ns), 25988.026804666668
[READ], MinLatency(ns), 223
[READ], MaxLatency(ns), 165881855
[READ], 95thPercentileLatency(ns), 50117
[READ], 99thPercentileLatency(ns), 54169
[READ], Return=OK, 3000000
[INIT], Operations, 1
[INIT], AverageLatency(ns), 6.42455552E8
[INIT], MinLatency(ns), 642453504
[INIT], MaxLatency(ns), 642457599
[INIT], 95thPercentileLatency(ns), 642457599
[INIT], 99thPercentileLatency(ns), 642457599
[GCS], Operations, 47
[GCS], AverageLatency(ns), 7.042553191489362
[GCS], MinLatency(ns), 0
[GCS], MaxLatency(ns), 54
[GCS], 95thPercentileLatency(ns), 22
[GCS], 99thPercentileLatency(ns), 54
[LOAD_GCs_Count], Operations, 1
[LOAD_GCs_Count], AverageLatency(ns), 235.0
[LOAD_GCs_Count], MinLatency(ns), 235
[LOAD_GCs_Count], MaxLatency(ns), 235
[LOAD_GCs_Count], 95thPercentileLatency(ns), 235
[LOAD_GCs_Count], 99thPercentileLatency(ns), 235
[CLEANUP], Operations, 1
[CLEANUP], AverageLatency(ns), 14945.0
[CLEANUP], MinLatency(ns), 14945
[CLEANUP], MaxLatency(ns), 14945
[CLEANUP], 95thPercentileLatency(ns), 14945
[CLEANUP], 99thPercentileLatency(ns), 14945
[INSERT], Operations, 1000000
[INSERT], AverageLatency(ns), 45602.477252
[INSERT], MinLatency(ns), 39003
[INSERT], MaxLatency(ns), 87553023
[INSERT], 95thPercentileLatency(ns), 47366
[INSERT], 99thPercentileLatency(ns), 65635
[INSERT], Return=OK, 1000000
[UPDATE], Operations, 1498592
[UPDATE], AverageLatency(ns), 45448.07652583225
[UPDATE], MinLatency(ns), 38710
[UPDATE], MaxLatency(ns), 180559871
[UPDATE], 95thPercentileLatency(ns), 48865
[UPDATE], 99thPercentileLatency(ns), 54359
[UPDATE], Return=OK, 1498592
