/home/anatole/jdk8u/build/linux-x86_64-normal-server-release/jdk/bin/java -Xmx20g -XX:+UseG1GC -classpath /home/anatole/ycsb/conf:/home/anatole/ycsb/core/target/core-0.18.0-SNAPSHOT.jar:/home/anatole/ycsb/core/target/dependency/HdrHistogram-2.1.4.jar:/home/anatole/ycsb/core/target/dependency/guava-18.0.jar:/home/anatole/ycsb/core/target/dependency/htrace-core4-4.1.0-incubating.jar:/home/anatole/ycsb/core/target/dependency/jackson-core-asl-1.9.4.jar:/home/anatole/ycsb/core/target/dependency/jackson-mapper-asl-1.9.4.jar:/home/anatole/ycsb/core/target/dependency/javax.persistence-api-2.2.jar:/home/anatole/ycsb/core/target/dependency/jnvm-1.0-SNAPSHOT.jar:/home/anatole/ycsb/core/target/dependency/pcj-1.0.jar:/home/anatole/ycsb/core/target/dependency/unsafe-helper-1.0.jar:/home/anatole/ycsb/infinispan/src/main/conf:/home/anatole/ycsb/infinispan/target/infinispan-binding-0.18.0-SNAPSHOT.jar:/home/anatole/ycsb/infinispan/target/dependency/caffeine-2.6.2.jar:/home/anatole/ycsb/infinispan/target/dependency/gson-2.8.2.jar:/home/anatole/ycsb/infinispan/target/dependency/guava-18.0.jar:/home/anatole/ycsb/infinispan/target/dependency/infinispan-cachestore-jnvm-1.0-SNAPSHOT.jar:/home/anatole/ycsb/infinispan/target/dependency/infinispan-cachestore-pcj-1.0-SNAPSHOT.jar:/home/anatole/ycsb/infinispan/target/dependency/infinispan-client-hotrod-9.4.20.Final.jar:/home/anatole/ycsb/infinispan/target/dependency/infinispan-commons-9.4.20.Final.jar:/home/anatole/ycsb/infinispan/target/dependency/infinispan-core-9.4.20.Final.jar:/home/anatole/ycsb/infinispan/target/dependency/infinispan-persistence-soft-index-9.4.20.Final.jar:/home/anatole/ycsb/infinispan/target/dependency/javax.persistence-api-2.2.jar:/home/anatole/ycsb/infinispan/target/dependency/jboss-logging-3.3.2.Final.jar:/home/anatole/ycsb/infinispan/target/dependency/jboss-marshalling-osgi-2.0.6.Final.jar:/home/anatole/ycsb/infinispan/target/dependency/jboss-transaction-api_1.2_spec-1.1.1.Final.jar:/home/anatole/ycsb/infinispan/target/dependency/jgroups-4.0.21.Final.jar:/home/anatole/ycsb/infinispan/target/dependency/jnvm-1.0-SNAPSHOT.jar:/home/anatole/ycsb/infinispan/target/dependency/metainf-services-1.7.jar:/home/anatole/ycsb/infinispan/target/dependency/netty-buffer-4.1.51.Final.jar:/home/anatole/ycsb/infinispan/target/dependency/netty-codec-4.1.51.Final.jar:/home/anatole/ycsb/infinispan/target/dependency/netty-common-4.1.51.Final.jar:/home/anatole/ycsb/infinispan/target/dependency/netty-handler-4.1.51.Final.jar:/home/anatole/ycsb/infinispan/target/dependency/netty-resolver-4.1.51.Final.jar:/home/anatole/ycsb/infinispan/target/dependency/netty-transport-4.1.51.Final.jar:/home/anatole/ycsb/infinispan/target/dependency/netty-transport-native-epoll-4.1.51.Final-linux-x86_64.jar:/home/anatole/ycsb/infinispan/target/dependency/netty-transport-native-unix-common-4.1.51.Final.jar:/home/anatole/ycsb/infinispan/target/dependency/pcj-1.0.jar:/home/anatole/ycsb/infinispan/target/dependency/reactive-streams-1.0.2.jar:/home/anatole/ycsb/infinispan/target/dependency/rxjava-2.2.4.jar:/home/anatole/ycsb/infinispan/target/dependency/unsafe-helper-1.0.jar site.ycsb.Client -t -db site.ycsb.db.InfinispanClient -P ../workloads/workloadf -preload -s -threads 1 -p dataintegrity=true -p offheap=false -p recordcount=1000000 -p operationcount=3000000 -p fieldcount=10 -p fieldlength=300 -p requestdistribution=zipfian -p measurement.trackjvm=true -p measurementtype=hdrhistogram -p hdrhistogram.output.path=./out/exp7.marshalling.ref/log/infinispan.run.workloadf.true.1000000.100000.10.300.zipfian.1.false.true.default.default.pmem0.r6.hdr.log
[OVERALL], RunTime(ms), 227379
[OVERALL], Throughput(ops/sec), 17591.77408643718
[TOTAL_GCS_G1_Young_Generation], Count, 317
[TOTAL_GC_TIME_G1_Young_Generation], Time(ms), 7782
[TOTAL_GC_TIME_%_G1_Young_Generation], Time(%), 3.4224796485163536
[TOTAL_GCS_G1_Old_Generation], Count, 0
[TOTAL_GC_TIME_G1_Old_Generation], Time(ms), 0
[TOTAL_GC_TIME_%_G1_Old_Generation], Time(%), 0.0
[TOTAL_GCs], Count, 317
[TOTAL_GC_TIME], Time(ms), 7782
[TOTAL_GC_TIME_%], Time(%), 3.4224796485163536
[MAX_MEM_USED], MBs, 5970
[MIN_MEM_USED], MBs, 50
[MAX_THREADS], Count, 7
[MIN_THREADS], Count, 3
[MAX_SYS_LOAD_AVG], Load, 2.57
[MIN_SYS_LOAD_AVG], Load, 1.28
[THREAD_COUNT], Operations, 24
[THREAD_COUNT], AverageLatency(ns), 5.791666666666667
[THREAD_COUNT], MinLatency(ns), 3
[THREAD_COUNT], MaxLatency(ns), 7
[THREAD_COUNT], 95thPercentileLatency(ns), 7
[THREAD_COUNT], 99thPercentileLatency(ns), 7
[SYS_LOAD_AVG], Operations, 24
[SYS_LOAD_AVG], AverageLatency(ns), 1.4166666666666667
[SYS_LOAD_AVG], MinLatency(ns), 1
[SYS_LOAD_AVG], MaxLatency(ns), 2
[SYS_LOAD_AVG], 95thPercentileLatency(ns), 2
[SYS_LOAD_AVG], 99thPercentileLatency(ns), 2
[READ-MODIFY-WRITE], Operations, 1500264
[READ-MODIFY-WRITE], AverageLatency(ns), 57796.60848290701
[READ-MODIFY-WRITE], MinLatency(ns), 29257
[READ-MODIFY-WRITE], MaxLatency(ns), 133100031
[READ-MODIFY-WRITE], 95thPercentileLatency(ns), 76931
[READ-MODIFY-WRITE], 99thPercentileLatency(ns), 83525
[LOAD], Operations, 1
[LOAD], AverageLatency(ns), 9.6892878848E10
[LOAD], MinLatency(ns), 96892616704
[LOAD], MaxLatency(ns), 96893140991
[LOAD], 95thPercentileLatency(ns), 96893140991
[LOAD], 99thPercentileLatency(ns), 96893140991
[USED_MEM_MB], Operations, 24
[USED_MEM_MB], AverageLatency(ns), 2657.5
[USED_MEM_MB], MinLatency(ns), 50
[USED_MEM_MB], MaxLatency(ns), 5970
[USED_MEM_MB], 95thPercentileLatency(ns), 4449
[USED_MEM_MB], 99thPercentileLatency(ns), 5970
[MAIN_GCs_Count], Operations, 1
[MAIN_GCs_Count], AverageLatency(ns), 51.0
[MAIN_GCs_Count], MinLatency(ns), 51
[MAIN_GCs_Count], MaxLatency(ns), 51
[MAIN_GCs_Count], 95thPercentileLatency(ns), 51
[MAIN_GCs_Count], 99thPercentileLatency(ns), 51
[MAIN_GCs_Time(ms)], Operations, 1
[MAIN_GCs_Time(ms)], AverageLatency(ns), 4049.0
[MAIN_GCs_Time(ms)], MinLatency(ns), 4049
[MAIN_GCs_Time(ms)], MaxLatency(ns), 4049
[MAIN_GCs_Time(ms)], 95thPercentileLatency(ns), 4049
[MAIN_GCs_Time(ms)], 99thPercentileLatency(ns), 4049
[TRANSACTION], Operations, 1
[TRANSACTION], AverageLatency(ns), 1.29753153536E11
[TRANSACTION], MinLatency(ns), 129752891392
[TRANSACTION], MaxLatency(ns), 129753415679
[TRANSACTION], 95thPercentileLatency(ns), 129753415679
[TRANSACTION], 99thPercentileLatency(ns), 129753415679
[GCS_TIME], Operations, 24
[GCS_TIME], AverageLatency(ns), 324.25
[GCS_TIME], MinLatency(ns), 0
[GCS_TIME], MaxLatency(ns), 693
[GCS_TIME], 95thPercentileLatency(ns), 662
[GCS_TIME], 99thPercentileLatency(ns), 693
[LOAD_GCs_Time(ms)], Operations, 1
[LOAD_GCs_Time(ms)], AverageLatency(ns), 3701.0
[LOAD_GCs_Time(ms)], MinLatency(ns), 3701
[LOAD_GCs_Time(ms)], MaxLatency(ns), 3701
[LOAD_GCs_Time(ms)], 95thPercentileLatency(ns), 3701
[LOAD_GCs_Time(ms)], 99thPercentileLatency(ns), 3701
[READ], Operations, 3000000
[READ], AverageLatency(ns), 21792.017622666666
[READ], MinLatency(ns), 243
[READ], MaxLatency(ns), 140731391
[READ], 95thPercentileLatency(ns), 41393
[READ], 99thPercentileLatency(ns), 44874
[READ], Return=OK, 3000000
[INIT], Operations, 1
[INIT], AverageLatency(ns), 6.66331136E8
[INIT], MinLatency(ns), 666329088
[INIT], MaxLatency(ns), 666333183
[INIT], 95thPercentileLatency(ns), 666333183
[INIT], 99thPercentileLatency(ns), 666333183
[GCS], Operations, 24
[GCS], AverageLatency(ns), 13.208333333333334
[GCS], MinLatency(ns), 0
[GCS], MaxLatency(ns), 39
[GCS], 95thPercentileLatency(ns), 31
[GCS], 99thPercentileLatency(ns), 39
[LOAD_GCs_Count], Operations, 1
[LOAD_GCs_Count], AverageLatency(ns), 264.0
[LOAD_GCs_Count], MinLatency(ns), 264
[LOAD_GCs_Count], MaxLatency(ns), 264
[LOAD_GCs_Count], 95thPercentileLatency(ns), 264
[LOAD_GCs_Count], 99thPercentileLatency(ns), 264
[CLEANUP], Operations, 1
[CLEANUP], AverageLatency(ns), 19174.0
[CLEANUP], MinLatency(ns), 19174
[CLEANUP], MaxLatency(ns), 19174
[CLEANUP], 95thPercentileLatency(ns), 19174
[CLEANUP], 99thPercentileLatency(ns), 19174
[INSERT], Operations, 1000000
[INSERT], AverageLatency(ns), 45983.184624
[INSERT], MinLatency(ns), 33612
[INSERT], MaxLatency(ns), 78545919
[INSERT], 95thPercentileLatency(ns), 52779
[INSERT], 99thPercentileLatency(ns), 67383
[INSERT], Return=OK, 1000000
[UPDATE], Operations, 1500264
[UPDATE], AverageLatency(ns), 35818.870895389075
[UPDATE], MinLatency(ns), 28506
[UPDATE], MaxLatency(ns), 123858943
[UPDATE], 95thPercentileLatency(ns), 38013
[UPDATE], 99thPercentileLatency(ns), 42762
[UPDATE], Return=OK, 1500264
