/home/anatole/jdk8u/build/linux-x86_64-normal-server-release/jdk/bin/java -Xmx20g -XX:+UseG1GC -classpath /home/anatole/ycsb/conf:/home/anatole/ycsb/core/target/core-0.18.0-SNAPSHOT.jar:/home/anatole/ycsb/core/target/dependency/HdrHistogram-2.1.4.jar:/home/anatole/ycsb/core/target/dependency/guava-18.0.jar:/home/anatole/ycsb/core/target/dependency/htrace-core4-4.1.0-incubating.jar:/home/anatole/ycsb/core/target/dependency/jackson-core-asl-1.9.4.jar:/home/anatole/ycsb/core/target/dependency/jackson-mapper-asl-1.9.4.jar:/home/anatole/ycsb/core/target/dependency/javax.persistence-api-2.2.jar:/home/anatole/ycsb/core/target/dependency/jnvm-1.0-SNAPSHOT.jar:/home/anatole/ycsb/core/target/dependency/pcj-1.0.jar:/home/anatole/ycsb/core/target/dependency/unsafe-helper-1.0.jar:/home/anatole/ycsb/infinispan/src/main/conf:/home/anatole/ycsb/infinispan/target/infinispan-binding-0.18.0-SNAPSHOT.jar:/home/anatole/ycsb/infinispan/target/dependency/caffeine-2.6.2.jar:/home/anatole/ycsb/infinispan/target/dependency/gson-2.8.2.jar:/home/anatole/ycsb/infinispan/target/dependency/guava-18.0.jar:/home/anatole/ycsb/infinispan/target/dependency/infinispan-cachestore-jnvm-1.0-SNAPSHOT.jar:/home/anatole/ycsb/infinispan/target/dependency/infinispan-cachestore-pcj-1.0-SNAPSHOT.jar:/home/anatole/ycsb/infinispan/target/dependency/infinispan-client-hotrod-9.4.20.Final.jar:/home/anatole/ycsb/infinispan/target/dependency/infinispan-commons-9.4.20.Final.jar:/home/anatole/ycsb/infinispan/target/dependency/infinispan-core-9.4.20.Final.jar:/home/anatole/ycsb/infinispan/target/dependency/infinispan-persistence-soft-index-9.4.20.Final.jar:/home/anatole/ycsb/infinispan/target/dependency/javax.persistence-api-2.2.jar:/home/anatole/ycsb/infinispan/target/dependency/jboss-logging-3.3.2.Final.jar:/home/anatole/ycsb/infinispan/target/dependency/jboss-marshalling-osgi-2.0.6.Final.jar:/home/anatole/ycsb/infinispan/target/dependency/jboss-transaction-api_1.2_spec-1.1.1.Final.jar:/home/anatole/ycsb/infinispan/target/dependency/jgroups-4.0.21.Final.jar:/home/anatole/ycsb/infinispan/target/dependency/jnvm-1.0-SNAPSHOT.jar:/home/anatole/ycsb/infinispan/target/dependency/metainf-services-1.7.jar:/home/anatole/ycsb/infinispan/target/dependency/netty-buffer-4.1.51.Final.jar:/home/anatole/ycsb/infinispan/target/dependency/netty-codec-4.1.51.Final.jar:/home/anatole/ycsb/infinispan/target/dependency/netty-common-4.1.51.Final.jar:/home/anatole/ycsb/infinispan/target/dependency/netty-handler-4.1.51.Final.jar:/home/anatole/ycsb/infinispan/target/dependency/netty-resolver-4.1.51.Final.jar:/home/anatole/ycsb/infinispan/target/dependency/netty-transport-4.1.51.Final.jar:/home/anatole/ycsb/infinispan/target/dependency/netty-transport-native-epoll-4.1.51.Final-linux-x86_64.jar:/home/anatole/ycsb/infinispan/target/dependency/netty-transport-native-unix-common-4.1.51.Final.jar:/home/anatole/ycsb/infinispan/target/dependency/pcj-1.0.jar:/home/anatole/ycsb/infinispan/target/dependency/reactive-streams-1.0.2.jar:/home/anatole/ycsb/infinispan/target/dependency/rxjava-2.2.4.jar:/home/anatole/ycsb/infinispan/target/dependency/unsafe-helper-1.0.jar site.ycsb.Client -t -db site.ycsb.db.InfinispanClient -P ../workloads/workloadf -preload -s -threads 1 -p dataintegrity=true -p offheap=false -p recordcount=1000000 -p operationcount=3000000 -p fieldcount=10 -p fieldlength=100 -p requestdistribution=zipfian -p measurement.trackjvm=true -p measurementtype=hdrhistogram -p hdrhistogram.output.path=./out/exp7.marshalling.ref/log/infinispan.run.workloadf.true.1000000.100000.10.100.zipfian.1.false.true.default.default.tmpfs.r2.hdr.log
[OVERALL], RunTime(ms), 134494
[OVERALL], Throughput(ops/sec), 29741.103692358025
[TOTAL_GCS_G1_Young_Generation], Count, 37
[TOTAL_GC_TIME_G1_Young_Generation], Time(ms), 3161
[TOTAL_GC_TIME_%_G1_Young_Generation], Time(%), 2.350290719288593
[TOTAL_GCS_G1_Old_Generation], Count, 0
[TOTAL_GC_TIME_G1_Old_Generation], Time(ms), 0
[TOTAL_GC_TIME_%_G1_Old_Generation], Time(%), 0.0
[TOTAL_GCs], Count, 37
[TOTAL_GC_TIME], Time(ms), 3161
[TOTAL_GC_TIME_%], Time(%), 2.350290719288593
[MAX_MEM_USED], MBs, 7518
[MIN_MEM_USED], MBs, 48
[MAX_THREADS], Count, 7
[MIN_THREADS], Count, 3
[MAX_SYS_LOAD_AVG], Load, 5.91
[MIN_SYS_LOAD_AVG], Load, 1.97
[THREAD_COUNT], Operations, 15
[THREAD_COUNT], AverageLatency(ns), 6.2
[THREAD_COUNT], MinLatency(ns), 3
[THREAD_COUNT], MaxLatency(ns), 7
[THREAD_COUNT], 95thPercentileLatency(ns), 7
[THREAD_COUNT], 99thPercentileLatency(ns), 7
[SYS_LOAD_AVG], Operations, 15
[SYS_LOAD_AVG], AverageLatency(ns), 3.2
[SYS_LOAD_AVG], MinLatency(ns), 1
[SYS_LOAD_AVG], MaxLatency(ns), 5
[SYS_LOAD_AVG], 95thPercentileLatency(ns), 5
[SYS_LOAD_AVG], 99thPercentileLatency(ns), 5
[READ-MODIFY-WRITE], Operations, 1500186
[READ-MODIFY-WRITE], AverageLatency(ns), 45023.860591953264
[READ-MODIFY-WRITE], MinLatency(ns), 22012
[READ-MODIFY-WRITE], MaxLatency(ns), 225250303
[READ-MODIFY-WRITE], 95thPercentileLatency(ns), 61899
[READ-MODIFY-WRITE], 99thPercentileLatency(ns), 66457
[LOAD], Operations, 1
[LOAD], AverageLatency(ns), 3.4963587072E10
[LOAD], MinLatency(ns), 34963456000
[LOAD], MaxLatency(ns), 34963718143
[LOAD], 95thPercentileLatency(ns), 34963718143
[LOAD], 99thPercentileLatency(ns), 34963718143
[USED_MEM_MB], Operations, 15
[USED_MEM_MB], AverageLatency(ns), 4294.4
[USED_MEM_MB], MinLatency(ns), 48
[USED_MEM_MB], MaxLatency(ns), 7518
[USED_MEM_MB], 95thPercentileLatency(ns), 7269
[USED_MEM_MB], 99thPercentileLatency(ns), 7518
[MAIN_GCs_Count], Operations, 1
[MAIN_GCs_Count], AverageLatency(ns), 16.0
[MAIN_GCs_Count], MinLatency(ns), 16
[MAIN_GCs_Count], MaxLatency(ns), 16
[MAIN_GCs_Count], 95thPercentileLatency(ns), 16
[MAIN_GCs_Count], 99thPercentileLatency(ns), 16
[MAIN_GCs_Time(ms)], Operations, 1
[MAIN_GCs_Time(ms)], AverageLatency(ns), 2097.0
[MAIN_GCs_Time(ms)], MinLatency(ns), 2097
[MAIN_GCs_Time(ms)], MaxLatency(ns), 2097
[MAIN_GCs_Time(ms)], 95thPercentileLatency(ns), 2097
[MAIN_GCs_Time(ms)], 99thPercentileLatency(ns), 2097
[TRANSACTION], Operations, 1
[TRANSACTION], AverageLatency(ns), 9.8789228544E10
[TRANSACTION], MinLatency(ns), 98788966400
[TRANSACTION], MaxLatency(ns), 98789490687
[TRANSACTION], 95thPercentileLatency(ns), 98789490687
[TRANSACTION], 99thPercentileLatency(ns), 98789490687
[GCS_TIME], Operations, 15
[GCS_TIME], AverageLatency(ns), 210.73333333333332
[GCS_TIME], MinLatency(ns), 0
[GCS_TIME], MaxLatency(ns), 631
[GCS_TIME], 95thPercentileLatency(ns), 428
[GCS_TIME], 99thPercentileLatency(ns), 631
[LOAD_GCs_Time(ms)], Operations, 1
[LOAD_GCs_Time(ms)], AverageLatency(ns), 1046.0
[LOAD_GCs_Time(ms)], MinLatency(ns), 1046
[LOAD_GCs_Time(ms)], MaxLatency(ns), 1046
[LOAD_GCs_Time(ms)], 95thPercentileLatency(ns), 1046
[LOAD_GCs_Time(ms)], 99thPercentileLatency(ns), 1046
[READ], Operations, 3000000
[READ], AverageLatency(ns), 18638.61660233333
[READ], MinLatency(ns), 212
[READ], MaxLatency(ns), 218886143
[READ], 95thPercentileLatency(ns), 35543
[READ], 99thPercentileLatency(ns), 38510
[READ], Return=OK, 3000000
[INIT], Operations, 1
[INIT], AverageLatency(ns), 6.74203648E8
[INIT], MinLatency(ns), 674201600
[INIT], MaxLatency(ns), 674205695
[INIT], 95thPercentileLatency(ns), 674205695
[INIT], 99thPercentileLatency(ns), 674205695
[GCS], Operations, 15
[GCS], AverageLatency(ns), 2.466666666666667
[GCS], MinLatency(ns), 0
[GCS], MaxLatency(ns), 15
[GCS], 95thPercentileLatency(ns), 3
[GCS], 99thPercentileLatency(ns), 15
[LOAD_GCs_Count], Operations, 1
[LOAD_GCs_Count], AverageLatency(ns), 20.0
[LOAD_GCs_Count], MinLatency(ns), 20
[LOAD_GCs_Count], MaxLatency(ns), 20
[LOAD_GCs_Count], 95thPercentileLatency(ns), 20
[LOAD_GCs_Count], 99thPercentileLatency(ns), 20
[CLEANUP], Operations, 1
[CLEANUP], AverageLatency(ns), 27874.0
[CLEANUP], MinLatency(ns), 27874
[CLEANUP], MaxLatency(ns), 27874
[CLEANUP], 95thPercentileLatency(ns), 27874
[CLEANUP], 99thPercentileLatency(ns), 27874
[INSERT], Operations, 1000000
[INSERT], AverageLatency(ns), 26126.063392
[INSERT], MinLatency(ns), 20740
[INSERT], MaxLatency(ns), 101476351
[INSERT], 95thPercentileLatency(ns), 26739
[INSERT], 99thPercentileLatency(ns), 34094
[INSERT], Return=OK, 1000000
[UPDATE], Operations, 1500186
[UPDATE], AverageLatency(ns), 25990.51483349398
[UPDATE], MinLatency(ns), 21257
[UPDATE], MaxLatency(ns), 172708863
[UPDATE], 95thPercentileLatency(ns), 28072
[UPDATE], 99thPercentileLatency(ns), 31072
[UPDATE], Return=OK, 1500186
