/home/anatole/jdk8u/build/linux-x86_64-normal-server-release/jdk/bin/java -Xmx100g -XX:+UseG1GC -XX:InitiatingHeapOccupancyPercent=15 -classpath /home/anatole/ycsb/conf:/home/anatole/ycsb/core/target/core-0.18.0-SNAPSHOT.jar:/home/anatole/ycsb/core/target/dependency/HdrHistogram-2.1.4.jar:/home/anatole/ycsb/core/target/dependency/guava-18.0.jar:/home/anatole/ycsb/core/target/dependency/htrace-core4-4.1.0-incubating.jar:/home/anatole/ycsb/core/target/dependency/jackson-core-asl-1.9.4.jar:/home/anatole/ycsb/core/target/dependency/jackson-mapper-asl-1.9.4.jar:/home/anatole/ycsb/core/target/dependency/javax.persistence-api-2.2.jar:/home/anatole/ycsb/core/target/dependency/jnvm-1.0-SNAPSHOT.jar:/home/anatole/ycsb/core/target/dependency/pcj-1.0.jar:/home/anatole/ycsb/core/target/dependency/unsafe-helper-1.0.jar:/home/anatole/ycsb/infinispan/src/main/conf:/home/anatole/ycsb/infinispan/target/infinispan-binding-0.18.0-SNAPSHOT.jar:/home/anatole/ycsb/infinispan/target/dependency/caffeine-2.6.2.jar:/home/anatole/ycsb/infinispan/target/dependency/gson-2.8.2.jar:/home/anatole/ycsb/infinispan/target/dependency/guava-18.0.jar:/home/anatole/ycsb/infinispan/target/dependency/infinispan-cachestore-jnvm-1.0-SNAPSHOT.jar:/home/anatole/ycsb/infinispan/target/dependency/infinispan-cachestore-pcj-1.0-SNAPSHOT.jar:/home/anatole/ycsb/infinispan/target/dependency/infinispan-client-hotrod-9.4.20.Final.jar:/home/anatole/ycsb/infinispan/target/dependency/infinispan-commons-9.4.20.Final.jar:/home/anatole/ycsb/infinispan/target/dependency/infinispan-core-9.4.20.Final.jar:/home/anatole/ycsb/infinispan/target/dependency/infinispan-persistence-soft-index-9.4.20.Final.jar:/home/anatole/ycsb/infinispan/target/dependency/javax.persistence-api-2.2.jar:/home/anatole/ycsb/infinispan/target/dependency/jboss-logging-3.3.2.Final.jar:/home/anatole/ycsb/infinispan/target/dependency/jboss-marshalling-osgi-2.0.6.Final.jar:/home/anatole/ycsb/infinispan/target/dependency/jboss-transaction-api_1.2_spec-1.1.1.Final.jar:/home/anatole/ycsb/infinispan/target/dependency/jgroups-4.0.21.Final.jar:/home/anatole/ycsb/infinispan/target/dependency/jnvm-1.0-SNAPSHOT.jar:/home/anatole/ycsb/infinispan/target/dependency/metainf-services-1.7.jar:/home/anatole/ycsb/infinispan/target/dependency/netty-buffer-4.1.51.Final.jar:/home/anatole/ycsb/infinispan/target/dependency/netty-codec-4.1.51.Final.jar:/home/anatole/ycsb/infinispan/target/dependency/netty-common-4.1.51.Final.jar:/home/anatole/ycsb/infinispan/target/dependency/netty-handler-4.1.51.Final.jar:/home/anatole/ycsb/infinispan/target/dependency/netty-resolver-4.1.51.Final.jar:/home/anatole/ycsb/infinispan/target/dependency/netty-transport-4.1.51.Final.jar:/home/anatole/ycsb/infinispan/target/dependency/netty-transport-native-epoll-4.1.51.Final-linux-x86_64.jar:/home/anatole/ycsb/infinispan/target/dependency/netty-transport-native-unix-common-4.1.51.Final.jar:/home/anatole/ycsb/infinispan/target/dependency/pcj-1.0.jar:/home/anatole/ycsb/infinispan/target/dependency/reactive-streams-1.0.2.jar:/home/anatole/ycsb/infinispan/target/dependency/rxjava-2.2.4.jar:/home/anatole/ycsb/infinispan/target/dependency/unsafe-helper-1.0.jar site.ycsb.Client -t -db site.ycsb.db.InfinispanClient -P ../workloads/workloadf -preload -s -threads 1 -p dataintegrity=true -p offheap=false -p recordcount=1000000 -p operationcount=3000000 -p fieldcount=10 -p fieldlength=700 -p requestdistribution=zipfian -p measurement.trackjvm=true -p measurementtype=hdrhistogram -p hdrhistogram.output.path=./out/exp7.marshalling.ref/log/infinispan.run.workloadf.true.1000000.1000000.10.700.zipfian.1.false.true.default.default.none.r8.hdr.log
[OVERALL], RunTime(ms), 294201
[OVERALL], Throughput(ops/sec), 13596.146851982148
[TOTAL_GCS_G1_Young_Generation], Count, 416
[TOTAL_GC_TIME_G1_Young_Generation], Time(ms), 15226
[TOTAL_GC_TIME_%_G1_Young_Generation], Time(%), 5.1753732992070045
[TOTAL_GCS_G1_Old_Generation], Count, 0
[TOTAL_GC_TIME_G1_Old_Generation], Time(ms), 0
[TOTAL_GC_TIME_%_G1_Old_Generation], Time(%), 0.0
[TOTAL_GCs], Count, 416
[TOTAL_GC_TIME], Time(ms), 15226
[TOTAL_GC_TIME_%], Time(%), 5.1753732992070045
[MAX_MEM_USED], MBs, 27087
[MIN_MEM_USED], MBs, 56
[MAX_THREADS], Count, 6
[MIN_THREADS], Count, 3
[MAX_SYS_LOAD_AVG], Load, 9.72
[MIN_SYS_LOAD_AVG], Load, 1.6
[THREAD_COUNT], Operations, 31
[THREAD_COUNT], AverageLatency(ns), 4.645161290322581
[THREAD_COUNT], MinLatency(ns), 3
[THREAD_COUNT], MaxLatency(ns), 6
[THREAD_COUNT], 95thPercentileLatency(ns), 6
[THREAD_COUNT], 99thPercentileLatency(ns), 6
[SYS_LOAD_AVG], Operations, 31
[SYS_LOAD_AVG], AverageLatency(ns), 3.2580645161290325
[SYS_LOAD_AVG], MinLatency(ns), 1
[SYS_LOAD_AVG], MaxLatency(ns), 9
[SYS_LOAD_AVG], 95thPercentileLatency(ns), 8
[SYS_LOAD_AVG], 99thPercentileLatency(ns), 9
[READ-MODIFY-WRITE], Operations, 1499638
[READ-MODIFY-WRITE], AverageLatency(ns), 3121.7396778422526
[READ-MODIFY-WRITE], MinLatency(ns), 1529
[READ-MODIFY-WRITE], MaxLatency(ns), 43501055
[READ-MODIFY-WRITE], 95thPercentileLatency(ns), 4937
[READ-MODIFY-WRITE], 99thPercentileLatency(ns), 6264
[LOAD], Operations, 1
[LOAD], AverageLatency(ns), 2.50493796352E11
[LOAD], MinLatency(ns), 250493272064
[LOAD], MaxLatency(ns), 250494320639
[LOAD], 95thPercentileLatency(ns), 250494320639
[LOAD], 99thPercentileLatency(ns), 250494320639
[USED_MEM_MB], Operations, 31
[USED_MEM_MB], AverageLatency(ns), 13005.870967741936
[USED_MEM_MB], MinLatency(ns), 56
[USED_MEM_MB], MaxLatency(ns), 27087
[USED_MEM_MB], 95thPercentileLatency(ns), 26064
[USED_MEM_MB], 99thPercentileLatency(ns), 27087
[MAIN_GCs_Count], Operations, 1
[MAIN_GCs_Count], AverageLatency(ns), 13.0
[MAIN_GCs_Count], MinLatency(ns), 13
[MAIN_GCs_Count], MaxLatency(ns), 13
[MAIN_GCs_Count], 95thPercentileLatency(ns), 13
[MAIN_GCs_Count], 99thPercentileLatency(ns), 13
[MAIN_GCs_Time(ms)], Operations, 1
[MAIN_GCs_Time(ms)], AverageLatency(ns), 1603.0
[MAIN_GCs_Time(ms)], MinLatency(ns), 1603
[MAIN_GCs_Time(ms)], MaxLatency(ns), 1603
[MAIN_GCs_Time(ms)], 95thPercentileLatency(ns), 1603
[MAIN_GCs_Time(ms)], 99thPercentileLatency(ns), 1603
[TRANSACTION], Operations, 1
[TRANSACTION], AverageLatency(ns), 4.2418176E10
[TRANSACTION], MinLatency(ns), 42418044928
[TRANSACTION], MaxLatency(ns), 42418307071
[TRANSACTION], 95thPercentileLatency(ns), 42418307071
[TRANSACTION], 99thPercentileLatency(ns), 42418307071
[GCS_TIME], Operations, 31
[GCS_TIME], AverageLatency(ns), 491.16129032258067
[GCS_TIME], MinLatency(ns), 0
[GCS_TIME], MaxLatency(ns), 884
[GCS_TIME], 95thPercentileLatency(ns), 774
[GCS_TIME], 99thPercentileLatency(ns), 884
[LOAD_GCs_Time(ms)], Operations, 1
[LOAD_GCs_Time(ms)], AverageLatency(ns), 13586.0
[LOAD_GCs_Time(ms)], MinLatency(ns), 13586
[LOAD_GCs_Time(ms)], MaxLatency(ns), 13586
[LOAD_GCs_Time(ms)], 95thPercentileLatency(ns), 13586
[LOAD_GCs_Time(ms)], 99thPercentileLatency(ns), 13586
[READ], Operations, 3000000
[READ], AverageLatency(ns), 710.3340923333334
[READ], MinLatency(ns), 157
[READ], MaxLatency(ns), 102358527
[READ], 95thPercentileLatency(ns), 1635
[READ], 99thPercentileLatency(ns), 2771
[READ], Return=OK, 3000000
[INIT], Operations, 1
[INIT], AverageLatency(ns), 1.214623744E9
[INIT], MinLatency(ns), 1214619648
[INIT], MaxLatency(ns), 1214627839
[INIT], 95thPercentileLatency(ns), 1214627839
[INIT], 99thPercentileLatency(ns), 1214627839
[GCS], Operations, 31
[GCS], AverageLatency(ns), 13.419354838709678
[GCS], MinLatency(ns), 0
[GCS], MaxLatency(ns), 51
[GCS], 95thPercentileLatency(ns), 46
[GCS], 99thPercentileLatency(ns), 51
[LOAD_GCs_Count], Operations, 1
[LOAD_GCs_Count], AverageLatency(ns), 401.0
[LOAD_GCs_Count], MinLatency(ns), 401
[LOAD_GCs_Count], MaxLatency(ns), 401
[LOAD_GCs_Count], 95thPercentileLatency(ns), 401
[LOAD_GCs_Count], 99thPercentileLatency(ns), 401
[CLEANUP], Operations, 1
[CLEANUP], AverageLatency(ns), 15874.0
[CLEANUP], MinLatency(ns), 15874
[CLEANUP], MaxLatency(ns), 15874
[CLEANUP], 95thPercentileLatency(ns), 15874
[CLEANUP], 99thPercentileLatency(ns), 15874
[INSERT], Operations, 1000000
[INSERT], AverageLatency(ns), 2492.115929
[INSERT], MinLatency(ns), 1159
[INSERT], MaxLatency(ns), 311515135
[INSERT], 95thPercentileLatency(ns), 2712
[INSERT], 99thPercentileLatency(ns), 5325
[INSERT], Return=OK, 1000000
[UPDATE], Operations, 1499638
[UPDATE], AverageLatency(ns), 2030.617904454275
[UPDATE], MinLatency(ns), 991
[UPDATE], MaxLatency(ns), 17753471
[UPDATE], 95thPercentileLatency(ns), 3736
[UPDATE], 99thPercentileLatency(ns), 4730
[UPDATE], Return=OK, 1499638
