/home/anatole/jdk8u/build/linux-x86_64-normal-server-release/jdk/bin/java -Xmx100g -XX:+UseG1GC -XX:InitiatingHeapOccupancyPercent=15 -classpath /home/anatole/ycsb/conf:/home/anatole/ycsb/core/target/core-0.18.0-SNAPSHOT.jar:/home/anatole/ycsb/core/target/dependency/HdrHistogram-2.1.4.jar:/home/anatole/ycsb/core/target/dependency/guava-18.0.jar:/home/anatole/ycsb/core/target/dependency/htrace-core4-4.1.0-incubating.jar:/home/anatole/ycsb/core/target/dependency/jackson-core-asl-1.9.4.jar:/home/anatole/ycsb/core/target/dependency/jackson-mapper-asl-1.9.4.jar:/home/anatole/ycsb/core/target/dependency/javax.persistence-api-2.2.jar:/home/anatole/ycsb/core/target/dependency/jnvm-1.0-SNAPSHOT.jar:/home/anatole/ycsb/core/target/dependency/pcj-1.0.jar:/home/anatole/ycsb/core/target/dependency/unsafe-helper-1.0.jar:/home/anatole/ycsb/infinispan/src/main/conf:/home/anatole/ycsb/infinispan/target/infinispan-binding-0.18.0-SNAPSHOT.jar:/home/anatole/ycsb/infinispan/target/dependency/caffeine-2.6.2.jar:/home/anatole/ycsb/infinispan/target/dependency/gson-2.8.2.jar:/home/anatole/ycsb/infinispan/target/dependency/guava-18.0.jar:/home/anatole/ycsb/infinispan/target/dependency/infinispan-cachestore-jnvm-1.0-SNAPSHOT.jar:/home/anatole/ycsb/infinispan/target/dependency/infinispan-cachestore-pcj-1.0-SNAPSHOT.jar:/home/anatole/ycsb/infinispan/target/dependency/infinispan-client-hotrod-9.4.20.Final.jar:/home/anatole/ycsb/infinispan/target/dependency/infinispan-commons-9.4.20.Final.jar:/home/anatole/ycsb/infinispan/target/dependency/infinispan-core-9.4.20.Final.jar:/home/anatole/ycsb/infinispan/target/dependency/infinispan-persistence-soft-index-9.4.20.Final.jar:/home/anatole/ycsb/infinispan/target/dependency/javax.persistence-api-2.2.jar:/home/anatole/ycsb/infinispan/target/dependency/jboss-logging-3.3.2.Final.jar:/home/anatole/ycsb/infinispan/target/dependency/jboss-marshalling-osgi-2.0.6.Final.jar:/home/anatole/ycsb/infinispan/target/dependency/jboss-transaction-api_1.2_spec-1.1.1.Final.jar:/home/anatole/ycsb/infinispan/target/dependency/jgroups-4.0.21.Final.jar:/home/anatole/ycsb/infinispan/target/dependency/jnvm-1.0-SNAPSHOT.jar:/home/anatole/ycsb/infinispan/target/dependency/metainf-services-1.7.jar:/home/anatole/ycsb/infinispan/target/dependency/netty-buffer-4.1.51.Final.jar:/home/anatole/ycsb/infinispan/target/dependency/netty-codec-4.1.51.Final.jar:/home/anatole/ycsb/infinispan/target/dependency/netty-common-4.1.51.Final.jar:/home/anatole/ycsb/infinispan/target/dependency/netty-handler-4.1.51.Final.jar:/home/anatole/ycsb/infinispan/target/dependency/netty-resolver-4.1.51.Final.jar:/home/anatole/ycsb/infinispan/target/dependency/netty-transport-4.1.51.Final.jar:/home/anatole/ycsb/infinispan/target/dependency/netty-transport-native-epoll-4.1.51.Final-linux-x86_64.jar:/home/anatole/ycsb/infinispan/target/dependency/netty-transport-native-unix-common-4.1.51.Final.jar:/home/anatole/ycsb/infinispan/target/dependency/pcj-1.0.jar:/home/anatole/ycsb/infinispan/target/dependency/reactive-streams-1.0.2.jar:/home/anatole/ycsb/infinispan/target/dependency/rxjava-2.2.4.jar:/home/anatole/ycsb/infinispan/target/dependency/unsafe-helper-1.0.jar site.ycsb.Client -t -db site.ycsb.db.InfinispanClient -P ../workloads/workloadf -preload -s -threads 1 -p dataintegrity=true -p offheap=false -p recordcount=1000000 -p operationcount=3000000 -p fieldcount=10 -p fieldlength=200 -p requestdistribution=zipfian -p measurement.trackjvm=true -p measurementtype=hdrhistogram -p hdrhistogram.output.path=./out/exp7.marshalling.ref/log/infinispan.run.workloadf.true.1000000.1000000.10.200.zipfian.1.false.true.default.default.pmem0.r5.hdr.log
[OVERALL], RunTime(ms), 137023
[OVERALL], Throughput(ops/sec), 29192.179415134684
[TOTAL_GCS_G1_Young_Generation], Count, 224
[TOTAL_GC_TIME_G1_Young_Generation], Time(ms), 9773
[TOTAL_GC_TIME_%_G1_Young_Generation], Time(%), 7.132379235602782
[TOTAL_GCS_G1_Old_Generation], Count, 0
[TOTAL_GC_TIME_G1_Old_Generation], Time(ms), 0
[TOTAL_GC_TIME_%_G1_Old_Generation], Time(%), 0.0
[TOTAL_GCs], Count, 224
[TOTAL_GC_TIME], Time(ms), 9773
[TOTAL_GC_TIME_%], Time(%), 7.132379235602782
[MAX_MEM_USED], MBs, 7355
[MIN_MEM_USED], MBs, 56
[MAX_THREADS], Count, 7
[MIN_THREADS], Count, 3
[MAX_SYS_LOAD_AVG], Load, 8.49
[MIN_SYS_LOAD_AVG], Load, 1.99
[THREAD_COUNT], Operations, 15
[THREAD_COUNT], AverageLatency(ns), 6.2
[THREAD_COUNT], MinLatency(ns), 3
[THREAD_COUNT], MaxLatency(ns), 7
[THREAD_COUNT], 95thPercentileLatency(ns), 7
[THREAD_COUNT], 99thPercentileLatency(ns), 7
[SYS_LOAD_AVG], Operations, 15
[SYS_LOAD_AVG], AverageLatency(ns), 4.0
[SYS_LOAD_AVG], MinLatency(ns), 1
[SYS_LOAD_AVG], MaxLatency(ns), 8
[SYS_LOAD_AVG], 95thPercentileLatency(ns), 7
[SYS_LOAD_AVG], 99thPercentileLatency(ns), 8
[READ-MODIFY-WRITE], Operations, 1499437
[READ-MODIFY-WRITE], AverageLatency(ns), 38861.713374419865
[READ-MODIFY-WRITE], MinLatency(ns), 25973
[READ-MODIFY-WRITE], MaxLatency(ns), 122234367
[READ-MODIFY-WRITE], 95thPercentileLatency(ns), 45435
[READ-MODIFY-WRITE], 99thPercentileLatency(ns), 51569
[LOAD], Operations, 1
[LOAD], AverageLatency(ns), 6.9429100544E10
[LOAD], MinLatency(ns), 69428838400
[LOAD], MaxLatency(ns), 69429362687
[LOAD], 95thPercentileLatency(ns), 69429362687
[LOAD], 99thPercentileLatency(ns), 69429362687
[USED_MEM_MB], Operations, 15
[USED_MEM_MB], AverageLatency(ns), 5791.066666666667
[USED_MEM_MB], MinLatency(ns), 56
[USED_MEM_MB], MaxLatency(ns), 7355
[USED_MEM_MB], 95thPercentileLatency(ns), 7283
[USED_MEM_MB], 99thPercentileLatency(ns), 7355
[MAIN_GCs_Count], Operations, 1
[MAIN_GCs_Count], AverageLatency(ns), 134.0
[MAIN_GCs_Count], MinLatency(ns), 134
[MAIN_GCs_Count], MaxLatency(ns), 134
[MAIN_GCs_Count], 95thPercentileLatency(ns), 134
[MAIN_GCs_Count], 99thPercentileLatency(ns), 134
[MAIN_GCs_Time(ms)], Operations, 1
[MAIN_GCs_Time(ms)], AverageLatency(ns), 4910.0
[MAIN_GCs_Time(ms)], MinLatency(ns), 4910
[MAIN_GCs_Time(ms)], MaxLatency(ns), 4910
[MAIN_GCs_Time(ms)], 95thPercentileLatency(ns), 4910
[MAIN_GCs_Time(ms)], 99thPercentileLatency(ns), 4910
[TRANSACTION], Operations, 1
[TRANSACTION], AverageLatency(ns), 6.676611072E10
[TRANSACTION], MinLatency(ns), 66765979648
[TRANSACTION], MaxLatency(ns), 66766241791
[TRANSACTION], 95thPercentileLatency(ns), 66766241791
[TRANSACTION], 99thPercentileLatency(ns), 66766241791
[GCS_TIME], Operations, 15
[GCS_TIME], AverageLatency(ns), 651.5333333333333
[GCS_TIME], MinLatency(ns), 0
[GCS_TIME], MaxLatency(ns), 907
[GCS_TIME], 95thPercentileLatency(ns), 797
[GCS_TIME], 99thPercentileLatency(ns), 907
[LOAD_GCs_Time(ms)], Operations, 1
[LOAD_GCs_Time(ms)], AverageLatency(ns), 4781.0
[LOAD_GCs_Time(ms)], MinLatency(ns), 4781
[LOAD_GCs_Time(ms)], MaxLatency(ns), 4781
[LOAD_GCs_Time(ms)], 95thPercentileLatency(ns), 4781
[LOAD_GCs_Time(ms)], 99thPercentileLatency(ns), 4781
[READ], Operations, 3000000
[READ], AverageLatency(ns), 693.063872
[READ], MinLatency(ns), 149
[READ], MaxLatency(ns), 1977455
[READ], 95thPercentileLatency(ns), 1711
[READ], 99thPercentileLatency(ns), 2709
[READ], Return=OK, 3000000
[INIT], Operations, 1
[INIT], AverageLatency(ns), 7.28303616E8
[INIT], MinLatency(ns), 728301568
[INIT], MaxLatency(ns), 728305663
[INIT], 95thPercentileLatency(ns), 728305663
[INIT], 99thPercentileLatency(ns), 728305663
[GCS], Operations, 15
[GCS], AverageLatency(ns), 14.933333333333334
[GCS], MinLatency(ns), 0
[GCS], MaxLatency(ns), 23
[GCS], 95thPercentileLatency(ns), 23
[GCS], 99thPercentileLatency(ns), 23
[LOAD_GCs_Count], Operations, 1
[LOAD_GCs_Count], AverageLatency(ns), 87.0
[LOAD_GCs_Count], MinLatency(ns), 87
[LOAD_GCs_Count], MaxLatency(ns), 87
[LOAD_GCs_Count], 95thPercentileLatency(ns), 87
[LOAD_GCs_Count], 99thPercentileLatency(ns), 87
[CLEANUP], Operations, 1
[CLEANUP], AverageLatency(ns), 13428.0
[CLEANUP], MinLatency(ns), 13428
[CLEANUP], MaxLatency(ns), 13428
[CLEANUP], 95thPercentileLatency(ns), 13428
[CLEANUP], 99thPercentileLatency(ns), 13428
[INSERT], Operations, 1000000
[INSERT], AverageLatency(ns), 39931.167677
[INSERT], MinLatency(ns), 24944
[INSERT], MaxLatency(ns), 131921919
[INSERT], 95thPercentileLatency(ns), 45828
[INSERT], 99thPercentileLatency(ns), 57952
[INSERT], Return=OK, 1000000
[UPDATE], Operations, 1499437
[UPDATE], AverageLatency(ns), 37670.09708377211
[UPDATE], MinLatency(ns), 25075
[UPDATE], MaxLatency(ns), 109404671
[UPDATE], 95thPercentileLatency(ns), 44049
[UPDATE], 99thPercentileLatency(ns), 49911
[UPDATE], Return=OK, 1499437
