/home/anatole/jdk8u/build/linux-x86_64-normal-server-release/jdk/bin/java -Xmx100g -XX:+UseG1GC -XX:InitiatingHeapOccupancyPercent=15 -classpath /home/anatole/ycsb/conf:/home/anatole/ycsb/core/target/core-0.18.0-SNAPSHOT.jar:/home/anatole/ycsb/core/target/dependency/HdrHistogram-2.1.4.jar:/home/anatole/ycsb/core/target/dependency/guava-18.0.jar:/home/anatole/ycsb/core/target/dependency/htrace-core4-4.1.0-incubating.jar:/home/anatole/ycsb/core/target/dependency/jackson-core-asl-1.9.4.jar:/home/anatole/ycsb/core/target/dependency/jackson-mapper-asl-1.9.4.jar:/home/anatole/ycsb/core/target/dependency/javax.persistence-api-2.2.jar:/home/anatole/ycsb/core/target/dependency/jnvm-1.0-SNAPSHOT.jar:/home/anatole/ycsb/core/target/dependency/pcj-1.0.jar:/home/anatole/ycsb/core/target/dependency/unsafe-helper-1.0.jar:/home/anatole/ycsb/infinispan/src/main/conf:/home/anatole/ycsb/infinispan/target/infinispan-binding-0.18.0-SNAPSHOT.jar:/home/anatole/ycsb/infinispan/target/dependency/caffeine-2.6.2.jar:/home/anatole/ycsb/infinispan/target/dependency/gson-2.8.2.jar:/home/anatole/ycsb/infinispan/target/dependency/guava-18.0.jar:/home/anatole/ycsb/infinispan/target/dependency/infinispan-cachestore-jnvm-1.0-SNAPSHOT.jar:/home/anatole/ycsb/infinispan/target/dependency/infinispan-cachestore-pcj-1.0-SNAPSHOT.jar:/home/anatole/ycsb/infinispan/target/dependency/infinispan-client-hotrod-9.4.20.Final.jar:/home/anatole/ycsb/infinispan/target/dependency/infinispan-commons-9.4.20.Final.jar:/home/anatole/ycsb/infinispan/target/dependency/infinispan-core-9.4.20.Final.jar:/home/anatole/ycsb/infinispan/target/dependency/infinispan-persistence-soft-index-9.4.20.Final.jar:/home/anatole/ycsb/infinispan/target/dependency/javax.persistence-api-2.2.jar:/home/anatole/ycsb/infinispan/target/dependency/jboss-logging-3.3.2.Final.jar:/home/anatole/ycsb/infinispan/target/dependency/jboss-marshalling-osgi-2.0.6.Final.jar:/home/anatole/ycsb/infinispan/target/dependency/jboss-transaction-api_1.2_spec-1.1.1.Final.jar:/home/anatole/ycsb/infinispan/target/dependency/jgroups-4.0.21.Final.jar:/home/anatole/ycsb/infinispan/target/dependency/jnvm-1.0-SNAPSHOT.jar:/home/anatole/ycsb/infinispan/target/dependency/metainf-services-1.7.jar:/home/anatole/ycsb/infinispan/target/dependency/netty-buffer-4.1.51.Final.jar:/home/anatole/ycsb/infinispan/target/dependency/netty-codec-4.1.51.Final.jar:/home/anatole/ycsb/infinispan/target/dependency/netty-common-4.1.51.Final.jar:/home/anatole/ycsb/infinispan/target/dependency/netty-handler-4.1.51.Final.jar:/home/anatole/ycsb/infinispan/target/dependency/netty-resolver-4.1.51.Final.jar:/home/anatole/ycsb/infinispan/target/dependency/netty-transport-4.1.51.Final.jar:/home/anatole/ycsb/infinispan/target/dependency/netty-transport-native-epoll-4.1.51.Final-linux-x86_64.jar:/home/anatole/ycsb/infinispan/target/dependency/netty-transport-native-unix-common-4.1.51.Final.jar:/home/anatole/ycsb/infinispan/target/dependency/pcj-1.0.jar:/home/anatole/ycsb/infinispan/target/dependency/reactive-streams-1.0.2.jar:/home/anatole/ycsb/infinispan/target/dependency/rxjava-2.2.4.jar:/home/anatole/ycsb/infinispan/target/dependency/unsafe-helper-1.0.jar site.ycsb.Client -t -db site.ycsb.db.InfinispanClient -P ../workloads/workloadf -preload -s -threads 1 -p dataintegrity=true -p offheap=false -p recordcount=1000000 -p operationcount=3000000 -p fieldcount=10 -p fieldlength=500 -p requestdistribution=zipfian -p measurement.trackjvm=true -p measurementtype=hdrhistogram -p hdrhistogram.output.path=./out/exp7.marshalling.ref/log/infinispan.run.workloadf.true.1000000.1000000.10.500.zipfian.1.false.true.default.default.tmpfs.r5.hdr.log
[OVERALL], RunTime(ms), 257489
[OVERALL], Throughput(ops/sec), 15534.644198392942
[TOTAL_GCS_G1_Young_Generation], Count, 276
[TOTAL_GC_TIME_G1_Young_Generation], Time(ms), 12666
[TOTAL_GC_TIME_%_G1_Young_Generation], Time(%), 4.919045085421125
[TOTAL_GCS_G1_Old_Generation], Count, 0
[TOTAL_GC_TIME_G1_Old_Generation], Time(ms), 0
[TOTAL_GC_TIME_%_G1_Old_Generation], Time(%), 0.0
[TOTAL_GCs], Count, 276
[TOTAL_GC_TIME], Time(ms), 12666
[TOTAL_GC_TIME_%], Time(%), 4.919045085421125
[MAX_MEM_USED], MBs, 27184
[MIN_MEM_USED], MBs, 56
[MAX_THREADS], Count, 7
[MIN_THREADS], Count, 3
[MAX_SYS_LOAD_AVG], Load, 8.94
[MIN_SYS_LOAD_AVG], Load, 2.47
[THREAD_COUNT], Operations, 27
[THREAD_COUNT], AverageLatency(ns), 5.703703703703703
[THREAD_COUNT], MinLatency(ns), 3
[THREAD_COUNT], MaxLatency(ns), 7
[THREAD_COUNT], 95thPercentileLatency(ns), 7
[THREAD_COUNT], 99thPercentileLatency(ns), 7
[SYS_LOAD_AVG], Operations, 27
[SYS_LOAD_AVG], AverageLatency(ns), 4.888888888888889
[SYS_LOAD_AVG], MinLatency(ns), 2
[SYS_LOAD_AVG], MaxLatency(ns), 8
[SYS_LOAD_AVG], 95thPercentileLatency(ns), 8
[SYS_LOAD_AVG], 99thPercentileLatency(ns), 8
[READ-MODIFY-WRITE], Operations, 1500343
[READ-MODIFY-WRITE], AverageLatency(ns), 42527.98745486866
[READ-MODIFY-WRITE], MinLatency(ns), 30957
[READ-MODIFY-WRITE], MaxLatency(ns), 366821375
[READ-MODIFY-WRITE], 95thPercentileLatency(ns), 52997
[READ-MODIFY-WRITE], 99thPercentileLatency(ns), 60846
[LOAD], Operations, 1
[LOAD], AverageLatency(ns), 1.7052729344E11
[LOAD], MinLatency(ns), 170526769152
[LOAD], MaxLatency(ns), 170527817727
[LOAD], 95thPercentileLatency(ns), 170527817727
[LOAD], 99thPercentileLatency(ns), 170527817727
[USED_MEM_MB], Operations, 27
[USED_MEM_MB], AverageLatency(ns), 12215.185185185184
[USED_MEM_MB], MinLatency(ns), 56
[USED_MEM_MB], MaxLatency(ns), 27184
[USED_MEM_MB], 95thPercentileLatency(ns), 26300
[USED_MEM_MB], 99thPercentileLatency(ns), 27184
[MAIN_GCs_Count], Operations, 1
[MAIN_GCs_Count], AverageLatency(ns), 17.0
[MAIN_GCs_Count], MinLatency(ns), 17
[MAIN_GCs_Count], MaxLatency(ns), 17
[MAIN_GCs_Count], 95thPercentileLatency(ns), 17
[MAIN_GCs_Count], 99thPercentileLatency(ns), 17
[MAIN_GCs_Time(ms)], Operations, 1
[MAIN_GCs_Time(ms)], AverageLatency(ns), 2202.0
[MAIN_GCs_Time(ms)], MinLatency(ns), 2202
[MAIN_GCs_Time(ms)], MaxLatency(ns), 2202
[MAIN_GCs_Time(ms)], 95thPercentileLatency(ns), 2202
[MAIN_GCs_Time(ms)], 99thPercentileLatency(ns), 2202
[TRANSACTION], Operations, 1
[TRANSACTION], AverageLatency(ns), 8.625455104E10
[TRANSACTION], MinLatency(ns), 86254288896
[TRANSACTION], MaxLatency(ns), 86254813183
[TRANSACTION], 95thPercentileLatency(ns), 86254813183
[TRANSACTION], 99thPercentileLatency(ns), 86254813183
[GCS_TIME], Operations, 27
[GCS_TIME], AverageLatency(ns), 469.1111111111111
[GCS_TIME], MinLatency(ns), 0
[GCS_TIME], MaxLatency(ns), 924
[GCS_TIME], 95thPercentileLatency(ns), 783
[GCS_TIME], 99thPercentileLatency(ns), 924
[LOAD_GCs_Time(ms)], Operations, 1
[LOAD_GCs_Time(ms)], AverageLatency(ns), 10430.0
[LOAD_GCs_Time(ms)], MinLatency(ns), 10430
[LOAD_GCs_Time(ms)], MaxLatency(ns), 10430
[LOAD_GCs_Time(ms)], 95thPercentileLatency(ns), 10430
[LOAD_GCs_Time(ms)], 99thPercentileLatency(ns), 10430
[READ], Operations, 3000000
[READ], AverageLatency(ns), 782.615707
[READ], MinLatency(ns), 205
[READ], MaxLatency(ns), 1887831
[READ], 95thPercentileLatency(ns), 1783
[READ], 99thPercentileLatency(ns), 2895
[READ], Return=OK, 3000000
[INIT], Operations, 1
[INIT], AverageLatency(ns), 6.51216896E8
[INIT], MinLatency(ns), 651214848
[INIT], MaxLatency(ns), 651218943
[INIT], 95thPercentileLatency(ns), 651218943
[INIT], 99thPercentileLatency(ns), 651218943
[GCS], Operations, 27
[GCS], AverageLatency(ns), 10.222222222222221
[GCS], MinLatency(ns), 0
[GCS], MaxLatency(ns), 50
[GCS], 95thPercentileLatency(ns), 48
[GCS], 99thPercentileLatency(ns), 50
[LOAD_GCs_Count], Operations, 1
[LOAD_GCs_Count], AverageLatency(ns), 257.0
[LOAD_GCs_Count], MinLatency(ns), 257
[LOAD_GCs_Count], MaxLatency(ns), 257
[LOAD_GCs_Count], 95thPercentileLatency(ns), 257
[LOAD_GCs_Count], 99thPercentileLatency(ns), 257
[CLEANUP], Operations, 1
[CLEANUP], AverageLatency(ns), 17141.0
[CLEANUP], MinLatency(ns), 17141
[CLEANUP], MaxLatency(ns), 17141
[CLEANUP], 95thPercentileLatency(ns), 17141
[CLEANUP], 99thPercentileLatency(ns), 17141
[INSERT], Operations, 1000000
[INSERT], AverageLatency(ns), 37892.54978
[INSERT], MinLatency(ns), 30433
[INSERT], MaxLatency(ns), 266994687
[INSERT], 95thPercentileLatency(ns), 43844
[INSERT], 99thPercentileLatency(ns), 57287
[INSERT], Return=OK, 1000000
[UPDATE], Operations, 1500343
[UPDATE], AverageLatency(ns), 40908.3600523347
[UPDATE], MinLatency(ns), 30125
[UPDATE], MaxLatency(ns), 204081151
[UPDATE], 95thPercentileLatency(ns), 51581
[UPDATE], 99thPercentileLatency(ns), 59331
[UPDATE], Return=OK, 1500343
