/home/anatole/jdk8u/build/linux-x86_64-normal-server-release/jdk/bin/java -Xmx40g -XX:+UseG1GC -classpath /home/anatole/ycsb/conf:/home/anatole/ycsb/core/target/core-0.18.0-SNAPSHOT.jar:/home/anatole/ycsb/core/target/dependency/HdrHistogram-2.1.4.jar:/home/anatole/ycsb/core/target/dependency/guava-18.0.jar:/home/anatole/ycsb/core/target/dependency/htrace-core4-4.1.0-incubating.jar:/home/anatole/ycsb/core/target/dependency/jackson-core-asl-1.9.4.jar:/home/anatole/ycsb/core/target/dependency/jackson-mapper-asl-1.9.4.jar:/home/anatole/ycsb/core/target/dependency/javax.persistence-api-2.2.jar:/home/anatole/ycsb/core/target/dependency/jnvm-1.0-SNAPSHOT.jar:/home/anatole/ycsb/core/target/dependency/pcj-1.0.jar:/home/anatole/ycsb/core/target/dependency/unsafe-helper-1.0.jar:/home/anatole/ycsb/infinispan/src/main/conf:/home/anatole/ycsb/infinispan/target/infinispan-binding-0.18.0-SNAPSHOT.jar:/home/anatole/ycsb/infinispan/target/dependency/caffeine-2.6.2.jar:/home/anatole/ycsb/infinispan/target/dependency/gson-2.8.2.jar:/home/anatole/ycsb/infinispan/target/dependency/guava-18.0.jar:/home/anatole/ycsb/infinispan/target/dependency/infinispan-cachestore-jnvm-1.0-SNAPSHOT.jar:/home/anatole/ycsb/infinispan/target/dependency/infinispan-cachestore-pcj-1.0-SNAPSHOT.jar:/home/anatole/ycsb/infinispan/target/dependency/infinispan-client-hotrod-9.4.20.Final.jar:/home/anatole/ycsb/infinispan/target/dependency/infinispan-commons-9.4.20.Final.jar:/home/anatole/ycsb/infinispan/target/dependency/infinispan-core-9.4.20.Final.jar:/home/anatole/ycsb/infinispan/target/dependency/infinispan-persistence-soft-index-9.4.20.Final.jar:/home/anatole/ycsb/infinispan/target/dependency/javax.persistence-api-2.2.jar:/home/anatole/ycsb/infinispan/target/dependency/jboss-logging-3.3.2.Final.jar:/home/anatole/ycsb/infinispan/target/dependency/jboss-marshalling-osgi-2.0.6.Final.jar:/home/anatole/ycsb/infinispan/target/dependency/jboss-transaction-api_1.2_spec-1.1.1.Final.jar:/home/anatole/ycsb/infinispan/target/dependency/jgroups-4.0.21.Final.jar:/home/anatole/ycsb/infinispan/target/dependency/jnvm-1.0-SNAPSHOT.jar:/home/anatole/ycsb/infinispan/target/dependency/metainf-services-1.7.jar:/home/anatole/ycsb/infinispan/target/dependency/netty-buffer-4.1.51.Final.jar:/home/anatole/ycsb/infinispan/target/dependency/netty-codec-4.1.51.Final.jar:/home/anatole/ycsb/infinispan/target/dependency/netty-common-4.1.51.Final.jar:/home/anatole/ycsb/infinispan/target/dependency/netty-handler-4.1.51.Final.jar:/home/anatole/ycsb/infinispan/target/dependency/netty-resolver-4.1.51.Final.jar:/home/anatole/ycsb/infinispan/target/dependency/netty-transport-4.1.51.Final.jar:/home/anatole/ycsb/infinispan/target/dependency/netty-transport-native-epoll-4.1.51.Final-linux-x86_64.jar:/home/anatole/ycsb/infinispan/target/dependency/netty-transport-native-unix-common-4.1.51.Final.jar:/home/anatole/ycsb/infinispan/target/dependency/pcj-1.0.jar:/home/anatole/ycsb/infinispan/target/dependency/reactive-streams-1.0.2.jar:/home/anatole/ycsb/infinispan/target/dependency/rxjava-2.2.4.jar:/home/anatole/ycsb/infinispan/target/dependency/unsafe-helper-1.0.jar site.ycsb.Client -t -db site.ycsb.db.InfinispanClient -P ../workloads/workloadf -preload -s -threads 1 -p dataintegrity=true -p offheap=false -p recordcount=1000000 -p operationcount=3000000 -p fieldcount=10 -p fieldlength=500 -p requestdistribution=zipfian -p measurement.trackjvm=true -p measurementtype=hdrhistogram -p hdrhistogram.output.path=./out/exp7.marshalling.ref/log/infinispan.run.workloadf.true.1000000.1000000.10.500.zipfian.1.false.true.default.default.nullfsvfs.r4.hdr.log
[OVERALL], RunTime(ms), 244293
[OVERALL], Throughput(ops/sec), 16373.780665021102
[TOTAL_GCS_G1_Young_Generation], Count, 283
[TOTAL_GC_TIME_G1_Young_Generation], Time(ms), 12778
[TOTAL_GC_TIME_%_G1_Young_Generation], Time(%), 5.230604233440991
[TOTAL_GCS_G1_Old_Generation], Count, 0
[TOTAL_GC_TIME_G1_Old_Generation], Time(ms), 0
[TOTAL_GC_TIME_%_G1_Old_Generation], Time(%), 0.0
[TOTAL_GCs], Count, 283
[TOTAL_GC_TIME], Time(ms), 12778
[TOTAL_GC_TIME_%], Time(%), 5.230604233440991
[MAX_MEM_USED], MBs, 17586
[MIN_MEM_USED], MBs, 52
[MAX_THREADS], Count, 7
[MIN_THREADS], Count, 3
[MAX_SYS_LOAD_AVG], Load, 5.84
[MIN_SYS_LOAD_AVG], Load, 2.15
[THREAD_COUNT], Operations, 26
[THREAD_COUNT], AverageLatency(ns), 5.730769230769231
[THREAD_COUNT], MinLatency(ns), 3
[THREAD_COUNT], MaxLatency(ns), 7
[THREAD_COUNT], 95thPercentileLatency(ns), 7
[THREAD_COUNT], 99thPercentileLatency(ns), 7
[SYS_LOAD_AVG], Operations, 26
[SYS_LOAD_AVG], AverageLatency(ns), 3.230769230769231
[SYS_LOAD_AVG], MinLatency(ns), 2
[SYS_LOAD_AVG], MaxLatency(ns), 5
[SYS_LOAD_AVG], 95thPercentileLatency(ns), 5
[SYS_LOAD_AVG], 99thPercentileLatency(ns), 5
[READ-MODIFY-WRITE], Operations, 1501509
[READ-MODIFY-WRITE], AverageLatency(ns), 37383.76391217102
[READ-MODIFY-WRITE], MinLatency(ns), 29784
[READ-MODIFY-WRITE], MaxLatency(ns), 278652927
[READ-MODIFY-WRITE], 95thPercentileLatency(ns), 44651
[READ-MODIFY-WRITE], 99thPercentileLatency(ns), 52313
[LOAD], Operations, 1
[LOAD], AverageLatency(ns), 1.65122932736E11
[LOAD], MinLatency(ns), 165122408448
[LOAD], MaxLatency(ns), 165123457023
[LOAD], 95thPercentileLatency(ns), 165123457023
[LOAD], 99thPercentileLatency(ns), 165123457023
[USED_MEM_MB], Operations, 26
[USED_MEM_MB], AverageLatency(ns), 10563.384615384615
[USED_MEM_MB], MinLatency(ns), 52
[USED_MEM_MB], MaxLatency(ns), 17586
[USED_MEM_MB], 95thPercentileLatency(ns), 17321
[USED_MEM_MB], 99thPercentileLatency(ns), 17586
[MAIN_GCs_Count], Operations, 1
[MAIN_GCs_Count], AverageLatency(ns), 34.0
[MAIN_GCs_Count], MinLatency(ns), 34
[MAIN_GCs_Count], MaxLatency(ns), 34
[MAIN_GCs_Count], 95thPercentileLatency(ns), 34
[MAIN_GCs_Count], 99thPercentileLatency(ns), 34
[MAIN_GCs_Time(ms)], Operations, 1
[MAIN_GCs_Time(ms)], AverageLatency(ns), 2502.0
[MAIN_GCs_Time(ms)], MinLatency(ns), 2502
[MAIN_GCs_Time(ms)], MaxLatency(ns), 2502
[MAIN_GCs_Time(ms)], 95thPercentileLatency(ns), 2502
[MAIN_GCs_Time(ms)], 99thPercentileLatency(ns), 2502
[TRANSACTION], Operations, 1
[TRANSACTION], AverageLatency(ns), 7.8434271232E10
[TRANSACTION], MinLatency(ns), 78434009088
[TRANSACTION], MaxLatency(ns), 78434533375
[TRANSACTION], 95thPercentileLatency(ns), 78434533375
[TRANSACTION], 99thPercentileLatency(ns), 78434533375
[GCS_TIME], Operations, 26
[GCS_TIME], AverageLatency(ns), 491.46153846153845
[GCS_TIME], MinLatency(ns), 0
[GCS_TIME], MaxLatency(ns), 836
[GCS_TIME], 95thPercentileLatency(ns), 804
[GCS_TIME], 99thPercentileLatency(ns), 836
[LOAD_GCs_Time(ms)], Operations, 1
[LOAD_GCs_Time(ms)], AverageLatency(ns), 10243.0
[LOAD_GCs_Time(ms)], MinLatency(ns), 10243
[LOAD_GCs_Time(ms)], MaxLatency(ns), 10243
[LOAD_GCs_Time(ms)], 95thPercentileLatency(ns), 10243
[LOAD_GCs_Time(ms)], 99thPercentileLatency(ns), 10243
[READ], Operations, 3000000
[READ], AverageLatency(ns), 747.9792993333333
[READ], MinLatency(ns), 209
[READ], MaxLatency(ns), 17216511
[READ], 95thPercentileLatency(ns), 1671
[READ], 99thPercentileLatency(ns), 2536
[READ], Return=OK, 3000000
[INIT], Operations, 1
[INIT], AverageLatency(ns), 6.8013056E8
[INIT], MinLatency(ns), 680128512
[INIT], MaxLatency(ns), 680132607
[INIT], 95thPercentileLatency(ns), 680132607
[INIT], 99thPercentileLatency(ns), 680132607
[GCS], Operations, 26
[GCS], AverageLatency(ns), 10.884615384615385
[GCS], MinLatency(ns), 0
[GCS], MaxLatency(ns), 56
[GCS], 95thPercentileLatency(ns), 41
[GCS], 99thPercentileLatency(ns), 56
[LOAD_GCs_Count], Operations, 1
[LOAD_GCs_Count], AverageLatency(ns), 247.0
[LOAD_GCs_Count], MinLatency(ns), 247
[LOAD_GCs_Count], MaxLatency(ns), 247
[LOAD_GCs_Count], 95thPercentileLatency(ns), 247
[LOAD_GCs_Count], 99thPercentileLatency(ns), 247
[CLEANUP], Operations, 1
[CLEANUP], AverageLatency(ns), 16088.0
[CLEANUP], MinLatency(ns), 16088
[CLEANUP], MaxLatency(ns), 16088
[CLEANUP], 95thPercentileLatency(ns), 16088
[CLEANUP], 99thPercentileLatency(ns), 16088
[INSERT], Operations, 1000000
[INSERT], AverageLatency(ns), 34379.425414
[INSERT], MinLatency(ns), 28372
[INSERT], MaxLatency(ns), 161424383
[INSERT], 95thPercentileLatency(ns), 39152
[INSERT], 99thPercentileLatency(ns), 52903
[INSERT], Return=OK, 1000000
[UPDATE], Operations, 1501509
[UPDATE], AverageLatency(ns), 35998.61272027007
[UPDATE], MinLatency(ns), 29048
[UPDATE], MaxLatency(ns), 157540351
[UPDATE], 95thPercentileLatency(ns), 43148
[UPDATE], 99thPercentileLatency(ns), 50690
[UPDATE], Return=OK, 1501509
