/home/anatole/jdk8u/build/linux-x86_64-normal-server-release/jdk/bin/java -Xmx40g -XX:+UseG1GC -classpath /home/anatole/ycsb/conf:/home/anatole/ycsb/core/target/core-0.18.0-SNAPSHOT.jar:/home/anatole/ycsb/core/target/dependency/HdrHistogram-2.1.4.jar:/home/anatole/ycsb/core/target/dependency/guava-18.0.jar:/home/anatole/ycsb/core/target/dependency/htrace-core4-4.1.0-incubating.jar:/home/anatole/ycsb/core/target/dependency/jackson-core-asl-1.9.4.jar:/home/anatole/ycsb/core/target/dependency/jackson-mapper-asl-1.9.4.jar:/home/anatole/ycsb/core/target/dependency/javax.persistence-api-2.2.jar:/home/anatole/ycsb/core/target/dependency/jnvm-1.0-SNAPSHOT.jar:/home/anatole/ycsb/core/target/dependency/pcj-1.0.jar:/home/anatole/ycsb/core/target/dependency/unsafe-helper-1.0.jar:/home/anatole/ycsb/infinispan/src/main/conf:/home/anatole/ycsb/infinispan/target/infinispan-binding-0.18.0-SNAPSHOT.jar:/home/anatole/ycsb/infinispan/target/dependency/caffeine-2.6.2.jar:/home/anatole/ycsb/infinispan/target/dependency/gson-2.8.2.jar:/home/anatole/ycsb/infinispan/target/dependency/guava-18.0.jar:/home/anatole/ycsb/infinispan/target/dependency/infinispan-cachestore-jnvm-1.0-SNAPSHOT.jar:/home/anatole/ycsb/infinispan/target/dependency/infinispan-cachestore-pcj-1.0-SNAPSHOT.jar:/home/anatole/ycsb/infinispan/target/dependency/infinispan-client-hotrod-9.4.20.Final.jar:/home/anatole/ycsb/infinispan/target/dependency/infinispan-commons-9.4.20.Final.jar:/home/anatole/ycsb/infinispan/target/dependency/infinispan-core-9.4.20.Final.jar:/home/anatole/ycsb/infinispan/target/dependency/infinispan-persistence-soft-index-9.4.20.Final.jar:/home/anatole/ycsb/infinispan/target/dependency/javax.persistence-api-2.2.jar:/home/anatole/ycsb/infinispan/target/dependency/jboss-logging-3.3.2.Final.jar:/home/anatole/ycsb/infinispan/target/dependency/jboss-marshalling-osgi-2.0.6.Final.jar:/home/anatole/ycsb/infinispan/target/dependency/jboss-transaction-api_1.2_spec-1.1.1.Final.jar:/home/anatole/ycsb/infinispan/target/dependency/jgroups-4.0.21.Final.jar:/home/anatole/ycsb/infinispan/target/dependency/jnvm-1.0-SNAPSHOT.jar:/home/anatole/ycsb/infinispan/target/dependency/metainf-services-1.7.jar:/home/anatole/ycsb/infinispan/target/dependency/netty-buffer-4.1.51.Final.jar:/home/anatole/ycsb/infinispan/target/dependency/netty-codec-4.1.51.Final.jar:/home/anatole/ycsb/infinispan/target/dependency/netty-common-4.1.51.Final.jar:/home/anatole/ycsb/infinispan/target/dependency/netty-handler-4.1.51.Final.jar:/home/anatole/ycsb/infinispan/target/dependency/netty-resolver-4.1.51.Final.jar:/home/anatole/ycsb/infinispan/target/dependency/netty-transport-4.1.51.Final.jar:/home/anatole/ycsb/infinispan/target/dependency/netty-transport-native-epoll-4.1.51.Final-linux-x86_64.jar:/home/anatole/ycsb/infinispan/target/dependency/netty-transport-native-unix-common-4.1.51.Final.jar:/home/anatole/ycsb/infinispan/target/dependency/pcj-1.0.jar:/home/anatole/ycsb/infinispan/target/dependency/reactive-streams-1.0.2.jar:/home/anatole/ycsb/infinispan/target/dependency/rxjava-2.2.4.jar:/home/anatole/ycsb/infinispan/target/dependency/unsafe-helper-1.0.jar site.ycsb.Client -t -db site.ycsb.db.InfinispanClient -P ../workloads/workloadf -preload -s -threads 1 -p dataintegrity=true -p offheap=false -p recordcount=1000000 -p operationcount=3000000 -p fieldcount=10 -p fieldlength=100 -p requestdistribution=zipfian -p measurement.trackjvm=true -p measurementtype=hdrhistogram -p hdrhistogram.output.path=./out/exp7.marshalling.ref/log/infinispan.run.workloadf.true.1000000.1000000.10.100.zipfian.1.false.true.default.default.pmem0.r4.hdr.log
[OVERALL], RunTime(ms), 98306
[OVERALL], Throughput(ops/sec), 40689.27634122027
[TOTAL_GCS_G1_Young_Generation], Count, 85
[TOTAL_GC_TIME_G1_Young_Generation], Time(ms), 5112
[TOTAL_GC_TIME_%_G1_Young_Generation], Time(%), 5.20008951640795
[TOTAL_GCS_G1_Old_Generation], Count, 0
[TOTAL_GC_TIME_G1_Old_Generation], Time(ms), 0
[TOTAL_GC_TIME_%_G1_Old_Generation], Time(%), 0.0
[TOTAL_GCs], Count, 85
[TOTAL_GC_TIME], Time(ms), 5112
[TOTAL_GC_TIME_%], Time(%), 5.20008951640795
[MAX_MEM_USED], MBs, 6918
[MIN_MEM_USED], MBs, 52
[MAX_THREADS], Count, 7
[MIN_THREADS], Count, 3
[MAX_SYS_LOAD_AVG], Load, 5.27
[MIN_SYS_LOAD_AVG], Load, 1.72
[THREAD_COUNT], Operations, 11
[THREAD_COUNT], AverageLatency(ns), 6.2727272727272725
[THREAD_COUNT], MinLatency(ns), 3
[THREAD_COUNT], MaxLatency(ns), 7
[THREAD_COUNT], 95thPercentileLatency(ns), 7
[THREAD_COUNT], 99thPercentileLatency(ns), 7
[SYS_LOAD_AVG], Operations, 11
[SYS_LOAD_AVG], AverageLatency(ns), 2.8181818181818183
[SYS_LOAD_AVG], MinLatency(ns), 1
[SYS_LOAD_AVG], MaxLatency(ns), 5
[SYS_LOAD_AVG], 95thPercentileLatency(ns), 4
[SYS_LOAD_AVG], 99thPercentileLatency(ns), 5
[READ-MODIFY-WRITE], Operations, 1498864
[READ-MODIFY-WRITE], AverageLatency(ns), 31868.378363213742
[READ-MODIFY-WRITE], MinLatency(ns), 23739
[READ-MODIFY-WRITE], MaxLatency(ns), 114537983
[READ-MODIFY-WRITE], 95thPercentileLatency(ns), 37308
[READ-MODIFY-WRITE], 99thPercentileLatency(ns), 43574
[LOAD], Operations, 1
[LOAD], AverageLatency(ns), 4.5539262464E10
[LOAD], MinLatency(ns), 45539131392
[LOAD], MaxLatency(ns), 45539393535
[LOAD], 95thPercentileLatency(ns), 45539393535
[LOAD], 99thPercentileLatency(ns), 45539393535
[USED_MEM_MB], Operations, 11
[USED_MEM_MB], AverageLatency(ns), 4516.0
[USED_MEM_MB], MinLatency(ns), 52
[USED_MEM_MB], MaxLatency(ns), 6918
[USED_MEM_MB], 95thPercentileLatency(ns), 6422
[USED_MEM_MB], 99thPercentileLatency(ns), 6918
[MAIN_GCs_Count], Operations, 1
[MAIN_GCs_Count], AverageLatency(ns), 26.0
[MAIN_GCs_Count], MinLatency(ns), 26
[MAIN_GCs_Count], MaxLatency(ns), 26
[MAIN_GCs_Count], 95thPercentileLatency(ns), 26
[MAIN_GCs_Count], 99thPercentileLatency(ns), 26
[MAIN_GCs_Time(ms)], Operations, 1
[MAIN_GCs_Time(ms)], AverageLatency(ns), 1611.0
[MAIN_GCs_Time(ms)], MinLatency(ns), 1611
[MAIN_GCs_Time(ms)], MaxLatency(ns), 1611
[MAIN_GCs_Time(ms)], 95thPercentileLatency(ns), 1611
[MAIN_GCs_Time(ms)], 99thPercentileLatency(ns), 1611
[TRANSACTION], Operations, 1
[TRANSACTION], AverageLatency(ns), 5.2080017408E10
[TRANSACTION], MinLatency(ns), 52079886336
[TRANSACTION], MaxLatency(ns), 52080148479
[TRANSACTION], 95thPercentileLatency(ns), 52080148479
[TRANSACTION], 99thPercentileLatency(ns), 52080148479
[GCS_TIME], Operations, 11
[GCS_TIME], AverageLatency(ns), 464.72727272727275
[GCS_TIME], MinLatency(ns), 0
[GCS_TIME], MaxLatency(ns), 879
[GCS_TIME], 95thPercentileLatency(ns), 829
[GCS_TIME], 99thPercentileLatency(ns), 879
[LOAD_GCs_Time(ms)], Operations, 1
[LOAD_GCs_Time(ms)], AverageLatency(ns), 3468.0
[LOAD_GCs_Time(ms)], MinLatency(ns), 3468
[LOAD_GCs_Time(ms)], MaxLatency(ns), 3468
[LOAD_GCs_Time(ms)], 95thPercentileLatency(ns), 3468
[LOAD_GCs_Time(ms)], 99thPercentileLatency(ns), 3468
[READ], Operations, 3000000
[READ], AverageLatency(ns), 705.8695443333334
[READ], MinLatency(ns), 200
[READ], MaxLatency(ns), 60318975
[READ], 95thPercentileLatency(ns), 1629
[READ], 99thPercentileLatency(ns), 2488
[READ], Return=OK, 3000000
[INIT], Operations, 1
[INIT], AverageLatency(ns), 6.3157248E8
[INIT], MinLatency(ns), 631570432
[INIT], MaxLatency(ns), 631574527
[INIT], 95thPercentileLatency(ns), 631574527
[INIT], 99thPercentileLatency(ns), 631574527
[GCS], Operations, 11
[GCS], AverageLatency(ns), 7.7272727272727275
[GCS], MinLatency(ns), 0
[GCS], MaxLatency(ns), 25
[GCS], 95thPercentileLatency(ns), 20
[GCS], 99thPercentileLatency(ns), 25
[LOAD_GCs_Count], Operations, 1
[LOAD_GCs_Count], AverageLatency(ns), 57.0
[LOAD_GCs_Count], MinLatency(ns), 57
[LOAD_GCs_Count], MaxLatency(ns), 57
[LOAD_GCs_Count], 95thPercentileLatency(ns), 57
[LOAD_GCs_Count], 99thPercentileLatency(ns), 57
[CLEANUP], Operations, 1
[CLEANUP], AverageLatency(ns), 18340.0
[CLEANUP], MinLatency(ns), 18340
[CLEANUP], MaxLatency(ns), 18340
[CLEANUP], 95thPercentileLatency(ns), 18340
[CLEANUP], 99thPercentileLatency(ns), 18340
[INSERT], Operations, 1000000
[INSERT], AverageLatency(ns), 35810.191491
[INSERT], MinLatency(ns), 22166
[INSERT], MaxLatency(ns), 212510719
[INSERT], 95thPercentileLatency(ns), 39762
[INSERT], 99thPercentileLatency(ns), 55376
[INSERT], Return=OK, 1000000
[UPDATE], Operations, 1498864
[UPDATE], AverageLatency(ns), 30732.489608797063
[UPDATE], MinLatency(ns), 22943
[UPDATE], MaxLatency(ns), 104205823
[UPDATE], 95thPercentileLatency(ns), 35956
[UPDATE], 99thPercentileLatency(ns), 42088
[UPDATE], Return=OK, 1498864
