/home/anatole/jdk8u/build/linux-x86_64-normal-server-release/jdk/bin/java -Xmx100g -XX:+UseG1GC -XX:InitiatingHeapOccupancyPercent=15 -classpath /home/anatole/ycsb/conf:/home/anatole/ycsb/core/target/core-0.18.0-SNAPSHOT.jar:/home/anatole/ycsb/core/target/dependency/HdrHistogram-2.1.4.jar:/home/anatole/ycsb/core/target/dependency/guava-18.0.jar:/home/anatole/ycsb/core/target/dependency/htrace-core4-4.1.0-incubating.jar:/home/anatole/ycsb/core/target/dependency/jackson-core-asl-1.9.4.jar:/home/anatole/ycsb/core/target/dependency/jackson-mapper-asl-1.9.4.jar:/home/anatole/ycsb/core/target/dependency/javax.persistence-api-2.2.jar:/home/anatole/ycsb/core/target/dependency/jnvm-1.0-SNAPSHOT.jar:/home/anatole/ycsb/core/target/dependency/pcj-1.0.jar:/home/anatole/ycsb/core/target/dependency/unsafe-helper-1.0.jar:/home/anatole/ycsb/infinispan/src/main/conf:/home/anatole/ycsb/infinispan/target/infinispan-binding-0.18.0-SNAPSHOT.jar:/home/anatole/ycsb/infinispan/target/dependency/caffeine-2.6.2.jar:/home/anatole/ycsb/infinispan/target/dependency/gson-2.8.2.jar:/home/anatole/ycsb/infinispan/target/dependency/guava-18.0.jar:/home/anatole/ycsb/infinispan/target/dependency/infinispan-cachestore-jnvm-1.0-SNAPSHOT.jar:/home/anatole/ycsb/infinispan/target/dependency/infinispan-cachestore-pcj-1.0-SNAPSHOT.jar:/home/anatole/ycsb/infinispan/target/dependency/infinispan-client-hotrod-9.4.20.Final.jar:/home/anatole/ycsb/infinispan/target/dependency/infinispan-commons-9.4.20.Final.jar:/home/anatole/ycsb/infinispan/target/dependency/infinispan-core-9.4.20.Final.jar:/home/anatole/ycsb/infinispan/target/dependency/infinispan-persistence-soft-index-9.4.20.Final.jar:/home/anatole/ycsb/infinispan/target/dependency/javax.persistence-api-2.2.jar:/home/anatole/ycsb/infinispan/target/dependency/jboss-logging-3.3.2.Final.jar:/home/anatole/ycsb/infinispan/target/dependency/jboss-marshalling-osgi-2.0.6.Final.jar:/home/anatole/ycsb/infinispan/target/dependency/jboss-transaction-api_1.2_spec-1.1.1.Final.jar:/home/anatole/ycsb/infinispan/target/dependency/jgroups-4.0.21.Final.jar:/home/anatole/ycsb/infinispan/target/dependency/jnvm-1.0-SNAPSHOT.jar:/home/anatole/ycsb/infinispan/target/dependency/metainf-services-1.7.jar:/home/anatole/ycsb/infinispan/target/dependency/netty-buffer-4.1.51.Final.jar:/home/anatole/ycsb/infinispan/target/dependency/netty-codec-4.1.51.Final.jar:/home/anatole/ycsb/infinispan/target/dependency/netty-common-4.1.51.Final.jar:/home/anatole/ycsb/infinispan/target/dependency/netty-handler-4.1.51.Final.jar:/home/anatole/ycsb/infinispan/target/dependency/netty-resolver-4.1.51.Final.jar:/home/anatole/ycsb/infinispan/target/dependency/netty-transport-4.1.51.Final.jar:/home/anatole/ycsb/infinispan/target/dependency/netty-transport-native-epoll-4.1.51.Final-linux-x86_64.jar:/home/anatole/ycsb/infinispan/target/dependency/netty-transport-native-unix-common-4.1.51.Final.jar:/home/anatole/ycsb/infinispan/target/dependency/pcj-1.0.jar:/home/anatole/ycsb/infinispan/target/dependency/reactive-streams-1.0.2.jar:/home/anatole/ycsb/infinispan/target/dependency/rxjava-2.2.4.jar:/home/anatole/ycsb/infinispan/target/dependency/unsafe-helper-1.0.jar site.ycsb.Client -t -db site.ycsb.db.InfinispanClient -P ../workloads/workloadf -preload -s -threads 1 -p dataintegrity=true -p offheap=false -p recordcount=1000000 -p operationcount=3000000 -p fieldcount=10 -p fieldlength=100 -p requestdistribution=zipfian -p measurement.trackjvm=true -p measurementtype=hdrhistogram -p hdrhistogram.output.path=./out/exp7.marshalling.ref/log/infinispan.run.workloadf.true.1000000.1000000.10.100.zipfian.1.false.true.default.default.none.r8.hdr.log
[OVERALL], RunTime(ms), 31183
[OVERALL], Throughput(ops/sec), 128275.0216464099
[TOTAL_GCS_G1_Young_Generation], Count, 21
[TOTAL_GC_TIME_G1_Young_Generation], Time(ms), 2873
[TOTAL_GC_TIME_%_G1_Young_Generation], Time(%), 9.213353429753392
[TOTAL_GCS_G1_Old_Generation], Count, 0
[TOTAL_GC_TIME_G1_Old_Generation], Time(ms), 0
[TOTAL_GC_TIME_%_G1_Old_Generation], Time(%), 0.0
[TOTAL_GCs], Count, 21
[TOTAL_GC_TIME], Time(ms), 2873
[TOTAL_GC_TIME_%], Time(%), 9.213353429753392
[MAX_MEM_USED], MBs, 7820
[MIN_MEM_USED], MBs, 54
[MAX_THREADS], Count, 6
[MIN_THREADS], Count, 3
[MAX_SYS_LOAD_AVG], Load, 2.21
[MIN_SYS_LOAD_AVG], Load, 1.86
[THREAD_COUNT], Operations, 5
[THREAD_COUNT], AverageLatency(ns), 5.2
[THREAD_COUNT], MinLatency(ns), 3
[THREAD_COUNT], MaxLatency(ns), 6
[THREAD_COUNT], 95thPercentileLatency(ns), 6
[THREAD_COUNT], 99thPercentileLatency(ns), 6
[SYS_LOAD_AVG], Operations, 5
[SYS_LOAD_AVG], AverageLatency(ns), 1.4
[SYS_LOAD_AVG], MinLatency(ns), 1
[SYS_LOAD_AVG], MaxLatency(ns), 2
[SYS_LOAD_AVG], 95thPercentileLatency(ns), 2
[SYS_LOAD_AVG], 99thPercentileLatency(ns), 2
[READ-MODIFY-WRITE], Operations, 1500652
[READ-MODIFY-WRITE], AverageLatency(ns), 4041.0736713108704
[READ-MODIFY-WRITE], MinLatency(ns), 1427
[READ-MODIFY-WRITE], MaxLatency(ns), 9965887
[READ-MODIFY-WRITE], 95thPercentileLatency(ns), 7404
[READ-MODIFY-WRITE], 99thPercentileLatency(ns), 12140
[LOAD], Operations, 1
[LOAD], AverageLatency(ns), 1.7012916224E10
[LOAD], MinLatency(ns), 17012883456
[LOAD], MaxLatency(ns), 17012948991
[LOAD], 95thPercentileLatency(ns), 17012948991
[LOAD], 99thPercentileLatency(ns), 17012948991
[USED_MEM_MB], Operations, 5
[USED_MEM_MB], AverageLatency(ns), 5322.8
[USED_MEM_MB], MinLatency(ns), 54
[USED_MEM_MB], MaxLatency(ns), 7820
[USED_MEM_MB], 95thPercentileLatency(ns), 7820
[USED_MEM_MB], 99thPercentileLatency(ns), 7820
[MAIN_GCs_Count], Operations, 1
[MAIN_GCs_Count], AverageLatency(ns), 2.0
[MAIN_GCs_Count], MinLatency(ns), 2
[MAIN_GCs_Count], MaxLatency(ns), 2
[MAIN_GCs_Count], 95thPercentileLatency(ns), 2
[MAIN_GCs_Count], 99thPercentileLatency(ns), 2
[MAIN_GCs_Time(ms)], Operations, 1
[MAIN_GCs_Time(ms)], AverageLatency(ns), 410.0
[MAIN_GCs_Time(ms)], MinLatency(ns), 410
[MAIN_GCs_Time(ms)], MaxLatency(ns), 410
[MAIN_GCs_Time(ms)], 95thPercentileLatency(ns), 410
[MAIN_GCs_Time(ms)], 99thPercentileLatency(ns), 410
[TRANSACTION], Operations, 1
[TRANSACTION], AverageLatency(ns), 1.3435895808E10
[TRANSACTION], MinLatency(ns), 13435863040
[TRANSACTION], MaxLatency(ns), 13435928575
[TRANSACTION], 95thPercentileLatency(ns), 13435928575
[TRANSACTION], 99thPercentileLatency(ns), 13435928575
[GCS_TIME], Operations, 5
[GCS_TIME], AverageLatency(ns), 574.6
[GCS_TIME], MinLatency(ns), 0
[GCS_TIME], MaxLatency(ns), 1428
[GCS_TIME], 95thPercentileLatency(ns), 1428
[GCS_TIME], 99thPercentileLatency(ns), 1428
[LOAD_GCs_Time(ms)], Operations, 1
[LOAD_GCs_Time(ms)], AverageLatency(ns), 2429.0
[LOAD_GCs_Time(ms)], MinLatency(ns), 2429
[LOAD_GCs_Time(ms)], MaxLatency(ns), 2429
[LOAD_GCs_Time(ms)], 95thPercentileLatency(ns), 2429
[LOAD_GCs_Time(ms)], 99thPercentileLatency(ns), 2429
[READ], Operations, 3000000
[READ], AverageLatency(ns), 756.990642
[READ], MinLatency(ns), 154
[READ], MaxLatency(ns), 2897599
[READ], 95thPercentileLatency(ns), 2347
[READ], 99thPercentileLatency(ns), 3802
[READ], Return=OK, 3000000
[INIT], Operations, 1
[INIT], AverageLatency(ns), 6.23835136E8
[INIT], MinLatency(ns), 623833088
[INIT], MaxLatency(ns), 623837183
[INIT], 95thPercentileLatency(ns), 623837183
[INIT], 99thPercentileLatency(ns), 623837183
[GCS], Operations, 5
[GCS], AverageLatency(ns), 4.2
[GCS], MinLatency(ns), 0
[GCS], MaxLatency(ns), 16
[GCS], 95thPercentileLatency(ns), 16
[GCS], 99thPercentileLatency(ns), 16
[LOAD_GCs_Count], Operations, 1
[LOAD_GCs_Count], AverageLatency(ns), 17.0
[LOAD_GCs_Count], MinLatency(ns), 17
[LOAD_GCs_Count], MaxLatency(ns), 17
[LOAD_GCs_Count], 95thPercentileLatency(ns), 17
[LOAD_GCs_Count], 99thPercentileLatency(ns), 17
[CLEANUP], Operations, 1
[CLEANUP], AverageLatency(ns), 31453.0
[CLEANUP], MinLatency(ns), 31453
[CLEANUP], MaxLatency(ns), 31453
[CLEANUP], 95thPercentileLatency(ns), 31453
[CLEANUP], 99thPercentileLatency(ns), 31453
[INSERT], Operations, 1000000
[INSERT], AverageLatency(ns), 3010.321163
[INSERT], MinLatency(ns), 1251
[INSERT], MaxLatency(ns), 237492223
[INSERT], 95thPercentileLatency(ns), 3435
[INSERT], 99thPercentileLatency(ns), 6283
[INSERT], Return=OK, 1000000
[UPDATE], Operations, 1500652
[UPDATE], AverageLatency(ns), 2948.7034355733376
[UPDATE], MinLatency(ns), 983
[UPDATE], MaxLatency(ns), 1748143
[UPDATE], 95thPercentileLatency(ns), 6000
[UPDATE], 99thPercentileLatency(ns), 10010
[UPDATE], Return=OK, 1500652
