/home/anatole/jdk8u/build/linux-x86_64-normal-server-release/jdk/bin/java -Xmx100g -XX:+UseG1GC -XX:InitiatingHeapOccupancyPercent=15 -classpath /home/anatole/ycsb/conf:/home/anatole/ycsb/core/target/core-0.18.0-SNAPSHOT.jar:/home/anatole/ycsb/core/target/dependency/HdrHistogram-2.1.4.jar:/home/anatole/ycsb/core/target/dependency/guava-18.0.jar:/home/anatole/ycsb/core/target/dependency/htrace-core4-4.1.0-incubating.jar:/home/anatole/ycsb/core/target/dependency/jackson-core-asl-1.9.4.jar:/home/anatole/ycsb/core/target/dependency/jackson-mapper-asl-1.9.4.jar:/home/anatole/ycsb/core/target/dependency/javax.persistence-api-2.2.jar:/home/anatole/ycsb/core/target/dependency/jnvm-1.0-SNAPSHOT.jar:/home/anatole/ycsb/core/target/dependency/pcj-1.0.jar:/home/anatole/ycsb/core/target/dependency/unsafe-helper-1.0.jar:/home/anatole/ycsb/infinispan/src/main/conf:/home/anatole/ycsb/infinispan/target/infinispan-binding-0.18.0-SNAPSHOT.jar:/home/anatole/ycsb/infinispan/target/dependency/caffeine-2.6.2.jar:/home/anatole/ycsb/infinispan/target/dependency/gson-2.8.2.jar:/home/anatole/ycsb/infinispan/target/dependency/guava-18.0.jar:/home/anatole/ycsb/infinispan/target/dependency/infinispan-cachestore-jnvm-1.0-SNAPSHOT.jar:/home/anatole/ycsb/infinispan/target/dependency/infinispan-cachestore-pcj-1.0-SNAPSHOT.jar:/home/anatole/ycsb/infinispan/target/dependency/infinispan-client-hotrod-9.4.20.Final.jar:/home/anatole/ycsb/infinispan/target/dependency/infinispan-commons-9.4.20.Final.jar:/home/anatole/ycsb/infinispan/target/dependency/infinispan-core-9.4.20.Final.jar:/home/anatole/ycsb/infinispan/target/dependency/infinispan-persistence-soft-index-9.4.20.Final.jar:/home/anatole/ycsb/infinispan/target/dependency/javax.persistence-api-2.2.jar:/home/anatole/ycsb/infinispan/target/dependency/jboss-logging-3.3.2.Final.jar:/home/anatole/ycsb/infinispan/target/dependency/jboss-marshalling-osgi-2.0.6.Final.jar:/home/anatole/ycsb/infinispan/target/dependency/jboss-transaction-api_1.2_spec-1.1.1.Final.jar:/home/anatole/ycsb/infinispan/target/dependency/jgroups-4.0.21.Final.jar:/home/anatole/ycsb/infinispan/target/dependency/jnvm-1.0-SNAPSHOT.jar:/home/anatole/ycsb/infinispan/target/dependency/metainf-services-1.7.jar:/home/anatole/ycsb/infinispan/target/dependency/netty-buffer-4.1.51.Final.jar:/home/anatole/ycsb/infinispan/target/dependency/netty-codec-4.1.51.Final.jar:/home/anatole/ycsb/infinispan/target/dependency/netty-common-4.1.51.Final.jar:/home/anatole/ycsb/infinispan/target/dependency/netty-handler-4.1.51.Final.jar:/home/anatole/ycsb/infinispan/target/dependency/netty-resolver-4.1.51.Final.jar:/home/anatole/ycsb/infinispan/target/dependency/netty-transport-4.1.51.Final.jar:/home/anatole/ycsb/infinispan/target/dependency/netty-transport-native-epoll-4.1.51.Final-linux-x86_64.jar:/home/anatole/ycsb/infinispan/target/dependency/netty-transport-native-unix-common-4.1.51.Final.jar:/home/anatole/ycsb/infinispan/target/dependency/pcj-1.0.jar:/home/anatole/ycsb/infinispan/target/dependency/reactive-streams-1.0.2.jar:/home/anatole/ycsb/infinispan/target/dependency/rxjava-2.2.4.jar:/home/anatole/ycsb/infinispan/target/dependency/unsafe-helper-1.0.jar site.ycsb.Client -t -db site.ycsb.db.InfinispanClient -P ../workloads/workloadf -preload -s -threads 1 -p dataintegrity=true -p offheap=false -p recordcount=1000000 -p operationcount=3000000 -p fieldcount=10 -p fieldlength=500 -p requestdistribution=zipfian -p measurement.trackjvm=true -p measurementtype=hdrhistogram -p hdrhistogram.output.path=./out/exp7.marshalling.ref/log/infinispan.run.workloadf.true.1000000.1000000.10.500.zipfian.1.false.true.default.default.none.r10.hdr.log
[OVERALL], RunTime(ms), 161949
[OVERALL], Throughput(ops/sec), 24699.13367788625
[TOTAL_GCS_G1_Young_Generation], Count, 136
[TOTAL_GC_TIME_G1_Young_Generation], Time(ms), 9435
[TOTAL_GC_TIME_%_G1_Young_Generation], Time(%), 5.825908156271418
[TOTAL_GCS_G1_Old_Generation], Count, 0
[TOTAL_GC_TIME_G1_Old_Generation], Time(ms), 0
[TOTAL_GC_TIME_%_G1_Old_Generation], Time(%), 0.0
[TOTAL_GCs], Count, 136
[TOTAL_GC_TIME], Time(ms), 9435
[TOTAL_GC_TIME_%], Time(%), 5.825908156271418
[MAX_MEM_USED], MBs, 19399
[MIN_MEM_USED], MBs, 54
[MAX_THREADS], Count, 6
[MIN_THREADS], Count, 3
[MAX_SYS_LOAD_AVG], Load, 4.7
[MIN_SYS_LOAD_AVG], Load, 1.93
[THREAD_COUNT], Operations, 18
[THREAD_COUNT], AverageLatency(ns), 5.111111111111111
[THREAD_COUNT], MinLatency(ns), 3
[THREAD_COUNT], MaxLatency(ns), 6
[THREAD_COUNT], 95thPercentileLatency(ns), 6
[THREAD_COUNT], 99thPercentileLatency(ns), 6
[SYS_LOAD_AVG], Operations, 18
[SYS_LOAD_AVG], AverageLatency(ns), 2.7777777777777777
[SYS_LOAD_AVG], MinLatency(ns), 1
[SYS_LOAD_AVG], MaxLatency(ns), 4
[SYS_LOAD_AVG], 95thPercentileLatency(ns), 4
[SYS_LOAD_AVG], 99thPercentileLatency(ns), 4
[READ-MODIFY-WRITE], Operations, 1499853
[READ-MODIFY-WRITE], AverageLatency(ns), 3166.101628626272
[READ-MODIFY-WRITE], MinLatency(ns), 1492
[READ-MODIFY-WRITE], MaxLatency(ns), 203379711
[READ-MODIFY-WRITE], 95thPercentileLatency(ns), 4556
[READ-MODIFY-WRITE], 99thPercentileLatency(ns), 5947
[LOAD], Operations, 1
[LOAD], AverageLatency(ns), 1.34416695296E11
[LOAD], MinLatency(ns), 134416433152
[LOAD], MaxLatency(ns), 134416957439
[LOAD], 95thPercentileLatency(ns), 134416957439
[LOAD], 99thPercentileLatency(ns), 134416957439
[USED_MEM_MB], Operations, 18
[USED_MEM_MB], AverageLatency(ns), 10385.611111111111
[USED_MEM_MB], MinLatency(ns), 54
[USED_MEM_MB], MaxLatency(ns), 19399
[USED_MEM_MB], 95thPercentileLatency(ns), 17159
[USED_MEM_MB], 99thPercentileLatency(ns), 19399
[MAIN_GCs_Count], Operations, 1
[MAIN_GCs_Count], AverageLatency(ns), 11.0
[MAIN_GCs_Count], MinLatency(ns), 11
[MAIN_GCs_Count], MaxLatency(ns), 11
[MAIN_GCs_Count], 95thPercentileLatency(ns), 11
[MAIN_GCs_Count], 99thPercentileLatency(ns), 11
[MAIN_GCs_Time(ms)], Operations, 1
[MAIN_GCs_Time(ms)], AverageLatency(ns), 1218.0
[MAIN_GCs_Time(ms)], MinLatency(ns), 1218
[MAIN_GCs_Time(ms)], MaxLatency(ns), 1218
[MAIN_GCs_Time(ms)], 95thPercentileLatency(ns), 1218
[MAIN_GCs_Time(ms)], 99thPercentileLatency(ns), 1218
[TRANSACTION], Operations, 1
[TRANSACTION], AverageLatency(ns), 2.6568753152E10
[TRANSACTION], MinLatency(ns), 26568687616
[TRANSACTION], MaxLatency(ns), 26568818687
[TRANSACTION], 95thPercentileLatency(ns), 26568818687
[TRANSACTION], 99thPercentileLatency(ns), 26568818687
[GCS_TIME], Operations, 18
[GCS_TIME], AverageLatency(ns), 524.1666666666666
[GCS_TIME], MinLatency(ns), 0
[GCS_TIME], MaxLatency(ns), 840
[GCS_TIME], 95thPercentileLatency(ns), 828
[GCS_TIME], 99thPercentileLatency(ns), 840
[LOAD_GCs_Time(ms)], Operations, 1
[LOAD_GCs_Time(ms)], AverageLatency(ns), 8183.0
[LOAD_GCs_Time(ms)], MinLatency(ns), 8183
[LOAD_GCs_Time(ms)], MaxLatency(ns), 8183
[LOAD_GCs_Time(ms)], 95thPercentileLatency(ns), 8183
[LOAD_GCs_Time(ms)], 99thPercentileLatency(ns), 8183
[READ], Operations, 3000000
[READ], AverageLatency(ns), 663.4807513333334
[READ], MinLatency(ns), 162
[READ], MaxLatency(ns), 16983935
[READ], 95thPercentileLatency(ns), 1544
[READ], 99thPercentileLatency(ns), 2451
[READ], Return=OK, 3000000
[INIT], Operations, 1
[INIT], AverageLatency(ns), 8.99545088E8
[INIT], MinLatency(ns), 899543040
[INIT], MaxLatency(ns), 899547135
[INIT], 95thPercentileLatency(ns), 899547135
[INIT], 99thPercentileLatency(ns), 899547135
[GCS], Operations, 18
[GCS], AverageLatency(ns), 7.555555555555555
[GCS], MinLatency(ns), 0
[GCS], MaxLatency(ns), 34
[GCS], 95thPercentileLatency(ns), 19
[GCS], 99thPercentileLatency(ns), 34
[LOAD_GCs_Count], Operations, 1
[LOAD_GCs_Count], AverageLatency(ns), 123.0
[LOAD_GCs_Count], MinLatency(ns), 123
[LOAD_GCs_Count], MaxLatency(ns), 123
[LOAD_GCs_Count], 95thPercentileLatency(ns), 123
[LOAD_GCs_Count], 99thPercentileLatency(ns), 123
[CLEANUP], Operations, 1
[CLEANUP], AverageLatency(ns), 13483.0
[CLEANUP], MinLatency(ns), 13483
[CLEANUP], MaxLatency(ns), 13483
[CLEANUP], 95thPercentileLatency(ns), 13483
[CLEANUP], 99thPercentileLatency(ns), 13483
[INSERT], Operations, 1000000
[INSERT], AverageLatency(ns), 2165.21699
[INSERT], MinLatency(ns), 1189
[INSERT], MaxLatency(ns), 90803199
[INSERT], 95thPercentileLatency(ns), 2423
[INSERT], 99thPercentileLatency(ns), 4534
[INSERT], Return=OK, 1000000
[UPDATE], Operations, 1499853
[UPDATE], AverageLatency(ns), 2066.090581543658
[UPDATE], MinLatency(ns), 983
[UPDATE], MaxLatency(ns), 195960831
[UPDATE], 95thPercentileLatency(ns), 3417
[UPDATE], 99thPercentileLatency(ns), 4324
[UPDATE], Return=OK, 1499853
