/home/anatole/jdk8u/build/linux-x86_64-normal-server-release/jdk/bin/java -Xmx20g -XX:+UseG1GC -classpath /home/anatole/ycsb/conf:/home/anatole/ycsb/core/target/core-0.18.0-SNAPSHOT.jar:/home/anatole/ycsb/core/target/dependency/HdrHistogram-2.1.4.jar:/home/anatole/ycsb/core/target/dependency/guava-18.0.jar:/home/anatole/ycsb/core/target/dependency/htrace-core4-4.1.0-incubating.jar:/home/anatole/ycsb/core/target/dependency/jackson-core-asl-1.9.4.jar:/home/anatole/ycsb/core/target/dependency/jackson-mapper-asl-1.9.4.jar:/home/anatole/ycsb/core/target/dependency/javax.persistence-api-2.2.jar:/home/anatole/ycsb/core/target/dependency/jnvm-1.0-SNAPSHOT.jar:/home/anatole/ycsb/core/target/dependency/pcj-1.0.jar:/home/anatole/ycsb/core/target/dependency/unsafe-helper-1.0.jar:/home/anatole/ycsb/infinispan/src/main/conf:/home/anatole/ycsb/infinispan/target/infinispan-binding-0.18.0-SNAPSHOT.jar:/home/anatole/ycsb/infinispan/target/dependency/caffeine-2.6.2.jar:/home/anatole/ycsb/infinispan/target/dependency/gson-2.8.2.jar:/home/anatole/ycsb/infinispan/target/dependency/guava-18.0.jar:/home/anatole/ycsb/infinispan/target/dependency/infinispan-cachestore-jnvm-1.0-SNAPSHOT.jar:/home/anatole/ycsb/infinispan/target/dependency/infinispan-cachestore-pcj-1.0-SNAPSHOT.jar:/home/anatole/ycsb/infinispan/target/dependency/infinispan-client-hotrod-9.4.20.Final.jar:/home/anatole/ycsb/infinispan/target/dependency/infinispan-commons-9.4.20.Final.jar:/home/anatole/ycsb/infinispan/target/dependency/infinispan-core-9.4.20.Final.jar:/home/anatole/ycsb/infinispan/target/dependency/infinispan-persistence-soft-index-9.4.20.Final.jar:/home/anatole/ycsb/infinispan/target/dependency/javax.persistence-api-2.2.jar:/home/anatole/ycsb/infinispan/target/dependency/jboss-logging-3.3.2.Final.jar:/home/anatole/ycsb/infinispan/target/dependency/jboss-marshalling-osgi-2.0.6.Final.jar:/home/anatole/ycsb/infinispan/target/dependency/jboss-transaction-api_1.2_spec-1.1.1.Final.jar:/home/anatole/ycsb/infinispan/target/dependency/jgroups-4.0.21.Final.jar:/home/anatole/ycsb/infinispan/target/dependency/jnvm-1.0-SNAPSHOT.jar:/home/anatole/ycsb/infinispan/target/dependency/metainf-services-1.7.jar:/home/anatole/ycsb/infinispan/target/dependency/netty-buffer-4.1.51.Final.jar:/home/anatole/ycsb/infinispan/target/dependency/netty-codec-4.1.51.Final.jar:/home/anatole/ycsb/infinispan/target/dependency/netty-common-4.1.51.Final.jar:/home/anatole/ycsb/infinispan/target/dependency/netty-handler-4.1.51.Final.jar:/home/anatole/ycsb/infinispan/target/dependency/netty-resolver-4.1.51.Final.jar:/home/anatole/ycsb/infinispan/target/dependency/netty-transport-4.1.51.Final.jar:/home/anatole/ycsb/infinispan/target/dependency/netty-transport-native-epoll-4.1.51.Final-linux-x86_64.jar:/home/anatole/ycsb/infinispan/target/dependency/netty-transport-native-unix-common-4.1.51.Final.jar:/home/anatole/ycsb/infinispan/target/dependency/pcj-1.0.jar:/home/anatole/ycsb/infinispan/target/dependency/reactive-streams-1.0.2.jar:/home/anatole/ycsb/infinispan/target/dependency/rxjava-2.2.4.jar:/home/anatole/ycsb/infinispan/target/dependency/unsafe-helper-1.0.jar site.ycsb.Client -t -db site.ycsb.db.InfinispanClient -P ../workloads/workloadf -preload -s -threads 1 -p dataintegrity=true -p offheap=false -p recordcount=1000000 -p operationcount=3000000 -p fieldcount=10 -p fieldlength=700 -p requestdistribution=zipfian -p measurement.trackjvm=true -p measurementtype=hdrhistogram -p hdrhistogram.output.path=./out/exp7.marshalling.ref/log/infinispan.run.workloadf.true.1000000.100000.10.700.zipfian.1.false.true.default.default.pmem0.r1.hdr.log
[OVERALL], RunTime(ms), 481125
[OVERALL], Throughput(ops/sec), 8313.847752663029
[TOTAL_GCS_G1_Young_Generation], Count, 335
[TOTAL_GC_TIME_G1_Young_Generation], Time(ms), 13383
[TOTAL_GC_TIME_%_G1_Young_Generation], Time(%), 2.781605611847233
[TOTAL_GCS_G1_Old_Generation], Count, 0
[TOTAL_GC_TIME_G1_Old_Generation], Time(ms), 0
[TOTAL_GC_TIME_%_G1_Old_Generation], Time(%), 0.0
[TOTAL_GCs], Count, 335
[TOTAL_GC_TIME], Time(ms), 13383
[TOTAL_GC_TIME_%], Time(%), 2.781605611847233
[MAX_MEM_USED], MBs, 6275
[MIN_MEM_USED], MBs, 48
[MAX_THREADS], Count, 7
[MIN_THREADS], Count, 3
[MAX_SYS_LOAD_AVG], Load, 4.45
[MIN_SYS_LOAD_AVG], Load, 1.05
[THREAD_COUNT], Operations, 50
[THREAD_COUNT], AverageLatency(ns), 5.38
[THREAD_COUNT], MinLatency(ns), 3
[THREAD_COUNT], MaxLatency(ns), 7
[THREAD_COUNT], 95thPercentileLatency(ns), 7
[THREAD_COUNT], 99thPercentileLatency(ns), 7
[SYS_LOAD_AVG], Operations, 50
[SYS_LOAD_AVG], AverageLatency(ns), 1.54
[SYS_LOAD_AVG], MinLatency(ns), 1
[SYS_LOAD_AVG], MaxLatency(ns), 4
[SYS_LOAD_AVG], 95thPercentileLatency(ns), 3
[SYS_LOAD_AVG], 99thPercentileLatency(ns), 4
[READ-MODIFY-WRITE], Operations, 1499660
[READ-MODIFY-WRITE], AverageLatency(ns), 77812.57528173052
[READ-MODIFY-WRITE], MinLatency(ns), 42665
[READ-MODIFY-WRITE], MaxLatency(ns), 230159359
[READ-MODIFY-WRITE], 95thPercentileLatency(ns), 101131
[READ-MODIFY-WRITE], 99thPercentileLatency(ns), 110557
[LOAD], Operations, 1
[LOAD], AverageLatency(ns), 2.85274537984E11
[LOAD], MinLatency(ns), 285273489408
[LOAD], MaxLatency(ns), 285275586559
[LOAD], 95thPercentileLatency(ns), 285275586559
[LOAD], 99thPercentileLatency(ns), 285275586559
[USED_MEM_MB], Operations, 50
[USED_MEM_MB], AverageLatency(ns), 4230.14
[USED_MEM_MB], MinLatency(ns), 48
[USED_MEM_MB], MaxLatency(ns), 6275
[USED_MEM_MB], 95thPercentileLatency(ns), 6149
[USED_MEM_MB], 99thPercentileLatency(ns), 6275
[MAIN_GCs_Count], Operations, 1
[MAIN_GCs_Count], AverageLatency(ns), 99.0
[MAIN_GCs_Count], MinLatency(ns), 99
[MAIN_GCs_Count], MaxLatency(ns), 99
[MAIN_GCs_Count], 95thPercentileLatency(ns), 99
[MAIN_GCs_Count], 99thPercentileLatency(ns), 99
[MAIN_GCs_Time(ms)], Operations, 1
[MAIN_GCs_Time(ms)], AverageLatency(ns), 7812.0
[MAIN_GCs_Time(ms)], MinLatency(ns), 7812
[MAIN_GCs_Time(ms)], MaxLatency(ns), 7812
[MAIN_GCs_Time(ms)], 95thPercentileLatency(ns), 7812
[MAIN_GCs_Time(ms)], 99thPercentileLatency(ns), 7812
[TRANSACTION], Operations, 1
[TRANSACTION], AverageLatency(ns), 1.95135275008E11
[TRANSACTION], MinLatency(ns), 195134750720
[TRANSACTION], MaxLatency(ns), 195135799295
[TRANSACTION], 95thPercentileLatency(ns), 195135799295
[TRANSACTION], 99thPercentileLatency(ns), 195135799295
[GCS_TIME], Operations, 50
[GCS_TIME], AverageLatency(ns), 267.66
[GCS_TIME], MinLatency(ns), 0
[GCS_TIME], MaxLatency(ns), 774
[GCS_TIME], 95thPercentileLatency(ns), 608
[GCS_TIME], 99thPercentileLatency(ns), 774
[LOAD_GCs_Time(ms)], Operations, 1
[LOAD_GCs_Time(ms)], AverageLatency(ns), 5553.0
[LOAD_GCs_Time(ms)], MinLatency(ns), 5553
[LOAD_GCs_Time(ms)], MaxLatency(ns), 5553
[LOAD_GCs_Time(ms)], 95thPercentileLatency(ns), 5553
[LOAD_GCs_Time(ms)], 99thPercentileLatency(ns), 5553
[READ], Operations, 3000000
[READ], AverageLatency(ns), 26981.689162666666
[READ], MinLatency(ns), 231
[READ], MaxLatency(ns), 133999615
[READ], 95thPercentileLatency(ns), 51756
[READ], 99thPercentileLatency(ns), 56175
[READ], Return=OK, 3000000
[INIT], Operations, 1
[INIT], AverageLatency(ns), 6.5799168E8
[INIT], MinLatency(ns), 657989632
[INIT], MaxLatency(ns), 657993727
[INIT], 95thPercentileLatency(ns), 657993727
[INIT], 99thPercentileLatency(ns), 657993727
[GCS], Operations, 50
[GCS], AverageLatency(ns), 6.7
[GCS], MinLatency(ns), 0
[GCS], MaxLatency(ns), 60
[GCS], 95thPercentileLatency(ns), 21
[GCS], 99thPercentileLatency(ns), 60
[LOAD_GCs_Count], Operations, 1
[LOAD_GCs_Count], AverageLatency(ns), 235.0
[LOAD_GCs_Count], MinLatency(ns), 235
[LOAD_GCs_Count], MaxLatency(ns), 235
[LOAD_GCs_Count], 95thPercentileLatency(ns), 235
[LOAD_GCs_Count], 99thPercentileLatency(ns), 235
[CLEANUP], Operations, 1
[CLEANUP], AverageLatency(ns), 18287.0
[CLEANUP], MinLatency(ns), 18287
[CLEANUP], MaxLatency(ns), 18287
[CLEANUP], 95thPercentileLatency(ns), 18287
[CLEANUP], 99thPercentileLatency(ns), 18287
[INSERT], Operations, 1000000
[INSERT], AverageLatency(ns), 59911.318624
[INSERT], MinLatency(ns), 49508
[INSERT], MaxLatency(ns), 76118527
[INSERT], 95thPercentileLatency(ns), 63261
[INSERT], 99thPercentileLatency(ns), 82404
[INSERT], Return=OK, 1000000
[UPDATE], Operations, 1499660
[UPDATE], AverageLatency(ns), 50205.248006214744
[UPDATE], MinLatency(ns), 41872
[UPDATE], MaxLatency(ns), 154096639
[UPDATE], 95thPercentileLatency(ns), 53067
[UPDATE], 99thPercentileLatency(ns), 59775
[UPDATE], Return=OK, 1499660
