/home/anatole/jdk8u/build/linux-x86_64-normal-server-release/jdk/bin/java -Xmx20g -XX:+UseG1GC -classpath /home/anatole/ycsb/conf:/home/anatole/ycsb/core/target/core-0.18.0-SNAPSHOT.jar:/home/anatole/ycsb/core/target/dependency/HdrHistogram-2.1.4.jar:/home/anatole/ycsb/core/target/dependency/guava-18.0.jar:/home/anatole/ycsb/core/target/dependency/htrace-core4-4.1.0-incubating.jar:/home/anatole/ycsb/core/target/dependency/jackson-core-asl-1.9.4.jar:/home/anatole/ycsb/core/target/dependency/jackson-mapper-asl-1.9.4.jar:/home/anatole/ycsb/core/target/dependency/javax.persistence-api-2.2.jar:/home/anatole/ycsb/core/target/dependency/jnvm-1.0-SNAPSHOT.jar:/home/anatole/ycsb/core/target/dependency/pcj-1.0.jar:/home/anatole/ycsb/core/target/dependency/unsafe-helper-1.0.jar:/home/anatole/ycsb/infinispan/src/main/conf:/home/anatole/ycsb/infinispan/target/infinispan-binding-0.18.0-SNAPSHOT.jar:/home/anatole/ycsb/infinispan/target/dependency/caffeine-2.6.2.jar:/home/anatole/ycsb/infinispan/target/dependency/gson-2.8.2.jar:/home/anatole/ycsb/infinispan/target/dependency/guava-18.0.jar:/home/anatole/ycsb/infinispan/target/dependency/infinispan-cachestore-jnvm-1.0-SNAPSHOT.jar:/home/anatole/ycsb/infinispan/target/dependency/infinispan-cachestore-pcj-1.0-SNAPSHOT.jar:/home/anatole/ycsb/infinispan/target/dependency/infinispan-client-hotrod-9.4.20.Final.jar:/home/anatole/ycsb/infinispan/target/dependency/infinispan-commons-9.4.20.Final.jar:/home/anatole/ycsb/infinispan/target/dependency/infinispan-core-9.4.20.Final.jar:/home/anatole/ycsb/infinispan/target/dependency/infinispan-persistence-soft-index-9.4.20.Final.jar:/home/anatole/ycsb/infinispan/target/dependency/javax.persistence-api-2.2.jar:/home/anatole/ycsb/infinispan/target/dependency/jboss-logging-3.3.2.Final.jar:/home/anatole/ycsb/infinispan/target/dependency/jboss-marshalling-osgi-2.0.6.Final.jar:/home/anatole/ycsb/infinispan/target/dependency/jboss-transaction-api_1.2_spec-1.1.1.Final.jar:/home/anatole/ycsb/infinispan/target/dependency/jgroups-4.0.21.Final.jar:/home/anatole/ycsb/infinispan/target/dependency/jnvm-1.0-SNAPSHOT.jar:/home/anatole/ycsb/infinispan/target/dependency/metainf-services-1.7.jar:/home/anatole/ycsb/infinispan/target/dependency/netty-buffer-4.1.51.Final.jar:/home/anatole/ycsb/infinispan/target/dependency/netty-codec-4.1.51.Final.jar:/home/anatole/ycsb/infinispan/target/dependency/netty-common-4.1.51.Final.jar:/home/anatole/ycsb/infinispan/target/dependency/netty-handler-4.1.51.Final.jar:/home/anatole/ycsb/infinispan/target/dependency/netty-resolver-4.1.51.Final.jar:/home/anatole/ycsb/infinispan/target/dependency/netty-transport-4.1.51.Final.jar:/home/anatole/ycsb/infinispan/target/dependency/netty-transport-native-epoll-4.1.51.Final-linux-x86_64.jar:/home/anatole/ycsb/infinispan/target/dependency/netty-transport-native-unix-common-4.1.51.Final.jar:/home/anatole/ycsb/infinispan/target/dependency/pcj-1.0.jar:/home/anatole/ycsb/infinispan/target/dependency/reactive-streams-1.0.2.jar:/home/anatole/ycsb/infinispan/target/dependency/rxjava-2.2.4.jar:/home/anatole/ycsb/infinispan/target/dependency/unsafe-helper-1.0.jar site.ycsb.Client -t -db site.ycsb.db.InfinispanClient -P ../workloads/workloadf -preload -s -threads 1 -p dataintegrity=true -p offheap=false -p recordcount=1000000 -p operationcount=3000000 -p fieldcount=10 -p fieldlength=900 -p requestdistribution=zipfian -p measurement.trackjvm=true -p measurementtype=hdrhistogram -p hdrhistogram.output.path=./out/exp7.marshalling.ref/log/infinispan.run.workloadf.true.1000000.100000.10.900.zipfian.1.false.true.default.default.tmpfs.r6.hdr.log
[OVERALL], RunTime(ms), 663589
[OVERALL], Throughput(ops/sec), 6027.827465494455
[TOTAL_GCS_G1_Young_Generation], Count, 508
[TOTAL_GC_TIME_G1_Young_Generation], Time(ms), 18497
[TOTAL_GC_TIME_%_G1_Young_Generation], Time(%), 2.787418115731273
[TOTAL_GCS_G1_Old_Generation], Count, 0
[TOTAL_GC_TIME_G1_Old_Generation], Time(ms), 0
[TOTAL_GC_TIME_%_G1_Old_Generation], Time(%), 0.0
[TOTAL_GCs], Count, 508
[TOTAL_GC_TIME], Time(ms), 18497
[TOTAL_GC_TIME_%], Time(%), 2.787418115731273
[MAX_MEM_USED], MBs, 6330
[MIN_MEM_USED], MBs, 48
[MAX_THREADS], Count, 7
[MIN_THREADS], Count, 3
[MAX_SYS_LOAD_AVG], Load, 3.8
[MIN_SYS_LOAD_AVG], Load, 1.01
[THREAD_COUNT], Operations, 68
[THREAD_COUNT], AverageLatency(ns), 5.279411764705882
[THREAD_COUNT], MinLatency(ns), 3
[THREAD_COUNT], MaxLatency(ns), 7
[THREAD_COUNT], 95thPercentileLatency(ns), 7
[THREAD_COUNT], 99thPercentileLatency(ns), 7
[SYS_LOAD_AVG], Operations, 68
[SYS_LOAD_AVG], AverageLatency(ns), 1.3529411764705883
[SYS_LOAD_AVG], MinLatency(ns), 1
[SYS_LOAD_AVG], MaxLatency(ns), 3
[SYS_LOAD_AVG], 95thPercentileLatency(ns), 3
[SYS_LOAD_AVG], 99thPercentileLatency(ns), 3
[READ-MODIFY-WRITE], Operations, 1499101
[READ-MODIFY-WRITE], AverageLatency(ns), 90621.21323446519
[READ-MODIFY-WRITE], MinLatency(ns), 54866
[READ-MODIFY-WRITE], MaxLatency(ns), 140217343
[READ-MODIFY-WRITE], 95thPercentileLatency(ns), 115028
[READ-MODIFY-WRITE], 99thPercentileLatency(ns), 133229
[LOAD], Operations, 1
[LOAD], AverageLatency(ns), 4.24540110848E11
[LOAD], MinLatency(ns), 424539062272
[LOAD], MaxLatency(ns), 424541159423
[LOAD], 95thPercentileLatency(ns), 424541159423
[LOAD], 99thPercentileLatency(ns), 424541159423
[USED_MEM_MB], Operations, 68
[USED_MEM_MB], AverageLatency(ns), 4199.735294117647
[USED_MEM_MB], MinLatency(ns), 48
[USED_MEM_MB], MaxLatency(ns), 6330
[USED_MEM_MB], 95thPercentileLatency(ns), 6118
[USED_MEM_MB], 99thPercentileLatency(ns), 6305
[MAIN_GCs_Count], Operations, 1
[MAIN_GCs_Count], AverageLatency(ns), 151.0
[MAIN_GCs_Count], MinLatency(ns), 151
[MAIN_GCs_Count], MaxLatency(ns), 151
[MAIN_GCs_Count], 95thPercentileLatency(ns), 151
[MAIN_GCs_Count], 99thPercentileLatency(ns), 151
[MAIN_GCs_Time(ms)], Operations, 1
[MAIN_GCs_Time(ms)], AverageLatency(ns), 10480.0
[MAIN_GCs_Time(ms)], MinLatency(ns), 10480
[MAIN_GCs_Time(ms)], MaxLatency(ns), 10480
[MAIN_GCs_Time(ms)], 95thPercentileLatency(ns), 10480
[MAIN_GCs_Time(ms)], 99thPercentileLatency(ns), 10480
[TRANSACTION], Operations, 1
[TRANSACTION], AverageLatency(ns), 2.38251671552E11
[TRANSACTION], MinLatency(ns), 238251147264
[TRANSACTION], MaxLatency(ns), 238252195839
[TRANSACTION], 95thPercentileLatency(ns), 238252195839
[TRANSACTION], 99thPercentileLatency(ns), 238252195839
[GCS_TIME], Operations, 68
[GCS_TIME], AverageLatency(ns), 272.0147058823529
[GCS_TIME], MinLatency(ns), 0
[GCS_TIME], MaxLatency(ns), 665
[GCS_TIME], 95thPercentileLatency(ns), 576
[GCS_TIME], 99thPercentileLatency(ns), 641
[LOAD_GCs_Time(ms)], Operations, 1
[LOAD_GCs_Time(ms)], AverageLatency(ns), 7934.0
[LOAD_GCs_Time(ms)], MinLatency(ns), 7934
[LOAD_GCs_Time(ms)], MaxLatency(ns), 7934
[LOAD_GCs_Time(ms)], 95thPercentileLatency(ns), 7934
[LOAD_GCs_Time(ms)], 99thPercentileLatency(ns), 7934
[READ], Operations, 3000000
[READ], AverageLatency(ns), 28343.007721
[READ], MinLatency(ns), 218
[READ], MaxLatency(ns), 133345791
[READ], 95thPercentileLatency(ns), 54059
[READ], 99thPercentileLatency(ns), 61219
[READ], Return=OK, 3000000
[INIT], Operations, 1
[INIT], AverageLatency(ns), 6.70992384E8
[INIT], MinLatency(ns), 670990336
[INIT], MaxLatency(ns), 670994431
[INIT], 95thPercentileLatency(ns), 670994431
[INIT], 99thPercentileLatency(ns), 670994431
[GCS], Operations, 68
[GCS], AverageLatency(ns), 7.470588235294118
[GCS], MinLatency(ns), 0
[GCS], MaxLatency(ns), 59
[GCS], 95thPercentileLatency(ns), 20
[GCS], 99thPercentileLatency(ns), 34
[LOAD_GCs_Count], Operations, 1
[LOAD_GCs_Count], AverageLatency(ns), 355.0
[LOAD_GCs_Count], MinLatency(ns), 355
[LOAD_GCs_Count], MaxLatency(ns), 355
[LOAD_GCs_Count], 95thPercentileLatency(ns), 355
[LOAD_GCs_Count], 99thPercentileLatency(ns), 355
[CLEANUP], Operations, 1
[CLEANUP], AverageLatency(ns), 20925.0
[CLEANUP], MinLatency(ns), 20925
[CLEANUP], MaxLatency(ns), 20925
[CLEANUP], 95thPercentileLatency(ns), 20925
[CLEANUP], 99thPercentileLatency(ns), 20925
[INSERT], Operations, 1000000
[INSERT], AverageLatency(ns), 66259.415522
[INSERT], MinLatency(ns), 56943
[INSERT], MaxLatency(ns), 83690495
[INSERT], 95thPercentileLatency(ns), 67969
[INSERT], 99thPercentileLatency(ns), 89291
[INSERT], Return=OK, 1000000
[UPDATE], Operations, 1499101
[UPDATE], AverageLatency(ns), 61426.362886156436
[UPDATE], MinLatency(ns), 54096
[UPDATE], MaxLatency(ns), 123983871
[UPDATE], 95thPercentileLatency(ns), 64997
[UPDATE], 99thPercentileLatency(ns), 75508
[UPDATE], Return=OK, 1499101
