/home/anatole/jdk8u/build/linux-x86_64-normal-server-release/jdk/bin/java -Xmx20g -XX:+UseG1GC -classpath /home/anatole/ycsb/conf:/home/anatole/ycsb/core/target/core-0.18.0-SNAPSHOT.jar:/home/anatole/ycsb/core/target/dependency/HdrHistogram-2.1.4.jar:/home/anatole/ycsb/core/target/dependency/guava-18.0.jar:/home/anatole/ycsb/core/target/dependency/htrace-core4-4.1.0-incubating.jar:/home/anatole/ycsb/core/target/dependency/jackson-core-asl-1.9.4.jar:/home/anatole/ycsb/core/target/dependency/jackson-mapper-asl-1.9.4.jar:/home/anatole/ycsb/core/target/dependency/javax.persistence-api-2.2.jar:/home/anatole/ycsb/core/target/dependency/jnvm-1.0-SNAPSHOT.jar:/home/anatole/ycsb/core/target/dependency/pcj-1.0.jar:/home/anatole/ycsb/core/target/dependency/unsafe-helper-1.0.jar:/home/anatole/ycsb/infinispan/src/main/conf:/home/anatole/ycsb/infinispan/target/infinispan-binding-0.18.0-SNAPSHOT.jar:/home/anatole/ycsb/infinispan/target/dependency/caffeine-2.6.2.jar:/home/anatole/ycsb/infinispan/target/dependency/gson-2.8.2.jar:/home/anatole/ycsb/infinispan/target/dependency/guava-18.0.jar:/home/anatole/ycsb/infinispan/target/dependency/infinispan-cachestore-jnvm-1.0-SNAPSHOT.jar:/home/anatole/ycsb/infinispan/target/dependency/infinispan-cachestore-pcj-1.0-SNAPSHOT.jar:/home/anatole/ycsb/infinispan/target/dependency/infinispan-client-hotrod-9.4.20.Final.jar:/home/anatole/ycsb/infinispan/target/dependency/infinispan-commons-9.4.20.Final.jar:/home/anatole/ycsb/infinispan/target/dependency/infinispan-core-9.4.20.Final.jar:/home/anatole/ycsb/infinispan/target/dependency/infinispan-persistence-soft-index-9.4.20.Final.jar:/home/anatole/ycsb/infinispan/target/dependency/javax.persistence-api-2.2.jar:/home/anatole/ycsb/infinispan/target/dependency/jboss-logging-3.3.2.Final.jar:/home/anatole/ycsb/infinispan/target/dependency/jboss-marshalling-osgi-2.0.6.Final.jar:/home/anatole/ycsb/infinispan/target/dependency/jboss-transaction-api_1.2_spec-1.1.1.Final.jar:/home/anatole/ycsb/infinispan/target/dependency/jgroups-4.0.21.Final.jar:/home/anatole/ycsb/infinispan/target/dependency/jnvm-1.0-SNAPSHOT.jar:/home/anatole/ycsb/infinispan/target/dependency/metainf-services-1.7.jar:/home/anatole/ycsb/infinispan/target/dependency/netty-buffer-4.1.51.Final.jar:/home/anatole/ycsb/infinispan/target/dependency/netty-codec-4.1.51.Final.jar:/home/anatole/ycsb/infinispan/target/dependency/netty-common-4.1.51.Final.jar:/home/anatole/ycsb/infinispan/target/dependency/netty-handler-4.1.51.Final.jar:/home/anatole/ycsb/infinispan/target/dependency/netty-resolver-4.1.51.Final.jar:/home/anatole/ycsb/infinispan/target/dependency/netty-transport-4.1.51.Final.jar:/home/anatole/ycsb/infinispan/target/dependency/netty-transport-native-epoll-4.1.51.Final-linux-x86_64.jar:/home/anatole/ycsb/infinispan/target/dependency/netty-transport-native-unix-common-4.1.51.Final.jar:/home/anatole/ycsb/infinispan/target/dependency/pcj-1.0.jar:/home/anatole/ycsb/infinispan/target/dependency/reactive-streams-1.0.2.jar:/home/anatole/ycsb/infinispan/target/dependency/rxjava-2.2.4.jar:/home/anatole/ycsb/infinispan/target/dependency/unsafe-helper-1.0.jar site.ycsb.Client -t -db site.ycsb.db.InfinispanClient -P ../workloads/workloadf -preload -s -threads 1 -p dataintegrity=true -p offheap=false -p recordcount=1000000 -p operationcount=3000000 -p fieldcount=10 -p fieldlength=500 -p requestdistribution=zipfian -p measurement.trackjvm=true -p measurementtype=hdrhistogram -p hdrhistogram.output.path=./out/exp7.marshalling.ref/log/infinispan.run.workloadf.true.1000000.100000.10.500.zipfian.1.false.true.default.default.pmem0.r6.hdr.log
[OVERALL], RunTime(ms), 327664
[OVERALL], Throughput(ops/sec), 12207.627325553005
[TOTAL_GCS_G1_Young_Generation], Count, 258
[TOTAL_GC_TIME_G1_Young_Generation], Time(ms), 10094
[TOTAL_GC_TIME_%_G1_Young_Generation], Time(%), 3.080594755603301
[TOTAL_GCS_G1_Old_Generation], Count, 0
[TOTAL_GC_TIME_G1_Old_Generation], Time(ms), 0
[TOTAL_GC_TIME_%_G1_Old_Generation], Time(%), 0.0
[TOTAL_GCs], Count, 258
[TOTAL_GC_TIME], Time(ms), 10094
[TOTAL_GC_TIME_%], Time(%), 3.080594755603301
[MAX_MEM_USED], MBs, 6174
[MIN_MEM_USED], MBs, 48
[MAX_THREADS], Count, 7
[MIN_THREADS], Count, 3
[MAX_SYS_LOAD_AVG], Load, 3.77
[MIN_SYS_LOAD_AVG], Load, 1.1
[THREAD_COUNT], Operations, 34
[THREAD_COUNT], AverageLatency(ns), 5.5588235294117645
[THREAD_COUNT], MinLatency(ns), 3
[THREAD_COUNT], MaxLatency(ns), 7
[THREAD_COUNT], 95thPercentileLatency(ns), 7
[THREAD_COUNT], 99thPercentileLatency(ns), 7
[SYS_LOAD_AVG], Operations, 34
[SYS_LOAD_AVG], AverageLatency(ns), 1.3823529411764706
[SYS_LOAD_AVG], MinLatency(ns), 1
[SYS_LOAD_AVG], MaxLatency(ns), 3
[SYS_LOAD_AVG], 95thPercentileLatency(ns), 3
[SYS_LOAD_AVG], 99thPercentileLatency(ns), 3
[READ-MODIFY-WRITE], Operations, 1499317
[READ-MODIFY-WRITE], AverageLatency(ns), 65438.1966402035
[READ-MODIFY-WRITE], MinLatency(ns), 34682
[READ-MODIFY-WRITE], MaxLatency(ns), 181834751
[READ-MODIFY-WRITE], 95thPercentileLatency(ns), 86438
[READ-MODIFY-WRITE], 99thPercentileLatency(ns), 92464
[LOAD], Operations, 1
[LOAD], AverageLatency(ns), 1.71656609792E11
[LOAD], MinLatency(ns), 171656085504
[LOAD], MaxLatency(ns), 171657134079
[LOAD], 95thPercentileLatency(ns), 171657134079
[LOAD], 99thPercentileLatency(ns), 171657134079
[USED_MEM_MB], Operations, 34
[USED_MEM_MB], AverageLatency(ns), 3809.5
[USED_MEM_MB], MinLatency(ns), 48
[USED_MEM_MB], MaxLatency(ns), 6174
[USED_MEM_MB], 95thPercentileLatency(ns), 5703
[USED_MEM_MB], 99thPercentileLatency(ns), 6174
[MAIN_GCs_Count], Operations, 1
[MAIN_GCs_Count], AverageLatency(ns), 67.0
[MAIN_GCs_Count], MinLatency(ns), 67
[MAIN_GCs_Count], MaxLatency(ns), 67
[MAIN_GCs_Count], 95thPercentileLatency(ns), 67
[MAIN_GCs_Count], 99thPercentileLatency(ns), 67
[MAIN_GCs_Time(ms)], Operations, 1
[MAIN_GCs_Time(ms)], AverageLatency(ns), 5593.0
[MAIN_GCs_Time(ms)], MinLatency(ns), 5593
[MAIN_GCs_Time(ms)], MaxLatency(ns), 5593
[MAIN_GCs_Time(ms)], 95thPercentileLatency(ns), 5593
[MAIN_GCs_Time(ms)], 99thPercentileLatency(ns), 5593
[TRANSACTION], Operations, 1
[TRANSACTION], AverageLatency(ns), 1.5529148416E11
[TRANSACTION], MinLatency(ns), 155290959872
[TRANSACTION], MaxLatency(ns), 155292008447
[TRANSACTION], 95thPercentileLatency(ns), 155292008447
[TRANSACTION], 99thPercentileLatency(ns), 155292008447
[GCS_TIME], Operations, 34
[GCS_TIME], AverageLatency(ns), 296.88235294117646
[GCS_TIME], MinLatency(ns), 0
[GCS_TIME], MaxLatency(ns), 748
[GCS_TIME], 95thPercentileLatency(ns), 610
[GCS_TIME], 99thPercentileLatency(ns), 748
[LOAD_GCs_Time(ms)], Operations, 1
[LOAD_GCs_Time(ms)], AverageLatency(ns), 4479.0
[LOAD_GCs_Time(ms)], MinLatency(ns), 4479
[LOAD_GCs_Time(ms)], MaxLatency(ns), 4479
[LOAD_GCs_Time(ms)], 95thPercentileLatency(ns), 4479
[LOAD_GCs_Time(ms)], 99thPercentileLatency(ns), 4479
[READ], Operations, 3000000
[READ], AverageLatency(ns), 23890.694045333334
[READ], MinLatency(ns), 225
[READ], MaxLatency(ns), 154354687
[READ], 95thPercentileLatency(ns), 46074
[READ], 99thPercentileLatency(ns), 49323
[READ], Return=OK, 3000000
[INIT], Operations, 1
[INIT], AverageLatency(ns), 6.58712576E8
[INIT], MinLatency(ns), 658710528
[INIT], MaxLatency(ns), 658714623
[INIT], 95thPercentileLatency(ns), 658714623
[INIT], 99thPercentileLatency(ns), 658714623
[GCS], Operations, 34
[GCS], AverageLatency(ns), 7.588235294117647
[GCS], MinLatency(ns), 0
[GCS], MaxLatency(ns), 68
[GCS], 95thPercentileLatency(ns), 24
[GCS], 99thPercentileLatency(ns), 68
[LOAD_GCs_Count], Operations, 1
[LOAD_GCs_Count], AverageLatency(ns), 190.0
[LOAD_GCs_Count], MinLatency(ns), 190
[LOAD_GCs_Count], MaxLatency(ns), 190
[LOAD_GCs_Count], 95thPercentileLatency(ns), 190
[LOAD_GCs_Count], 99thPercentileLatency(ns), 190
[CLEANUP], Operations, 1
[CLEANUP], AverageLatency(ns), 20663.0
[CLEANUP], MinLatency(ns), 20663
[CLEANUP], MaxLatency(ns), 20663
[CLEANUP], 95thPercentileLatency(ns), 20663
[CLEANUP], 99thPercentileLatency(ns), 20663
[INSERT], Operations, 1000000
[INSERT], AverageLatency(ns), 49074.52182
[INSERT], MinLatency(ns), 38808
[INSERT], MaxLatency(ns), 71609855
[INSERT], 95thPercentileLatency(ns), 52231
[INSERT], 99thPercentileLatency(ns), 65116
[INSERT], Return=OK, 1000000
[UPDATE], Operations, 1499317
[UPDATE], AverageLatency(ns), 40768.9811607552
[UPDATE], MinLatency(ns), 33474
[UPDATE], MaxLatency(ns), 181789695
[UPDATE], 95thPercentileLatency(ns), 43448
[UPDATE], 99thPercentileLatency(ns), 48034
[UPDATE], Return=OK, 1499317
