/home/anatole/jdk8u/build/linux-x86_64-normal-server-release/jdk/bin/java -Xmx20g -XX:+UseG1GC -classpath /home/anatole/ycsb/conf:/home/anatole/ycsb/core/target/core-0.18.0-SNAPSHOT.jar:/home/anatole/ycsb/core/target/dependency/HdrHistogram-2.1.4.jar:/home/anatole/ycsb/core/target/dependency/guava-18.0.jar:/home/anatole/ycsb/core/target/dependency/htrace-core4-4.1.0-incubating.jar:/home/anatole/ycsb/core/target/dependency/jackson-core-asl-1.9.4.jar:/home/anatole/ycsb/core/target/dependency/jackson-mapper-asl-1.9.4.jar:/home/anatole/ycsb/core/target/dependency/javax.persistence-api-2.2.jar:/home/anatole/ycsb/core/target/dependency/jnvm-1.0-SNAPSHOT.jar:/home/anatole/ycsb/core/target/dependency/pcj-1.0.jar:/home/anatole/ycsb/core/target/dependency/unsafe-helper-1.0.jar:/home/anatole/ycsb/infinispan/src/main/conf:/home/anatole/ycsb/infinispan/target/infinispan-binding-0.18.0-SNAPSHOT.jar:/home/anatole/ycsb/infinispan/target/dependency/caffeine-2.6.2.jar:/home/anatole/ycsb/infinispan/target/dependency/gson-2.8.2.jar:/home/anatole/ycsb/infinispan/target/dependency/guava-18.0.jar:/home/anatole/ycsb/infinispan/target/dependency/infinispan-cachestore-jnvm-1.0-SNAPSHOT.jar:/home/anatole/ycsb/infinispan/target/dependency/infinispan-cachestore-pcj-1.0-SNAPSHOT.jar:/home/anatole/ycsb/infinispan/target/dependency/infinispan-client-hotrod-9.4.20.Final.jar:/home/anatole/ycsb/infinispan/target/dependency/infinispan-commons-9.4.20.Final.jar:/home/anatole/ycsb/infinispan/target/dependency/infinispan-core-9.4.20.Final.jar:/home/anatole/ycsb/infinispan/target/dependency/infinispan-persistence-soft-index-9.4.20.Final.jar:/home/anatole/ycsb/infinispan/target/dependency/javax.persistence-api-2.2.jar:/home/anatole/ycsb/infinispan/target/dependency/jboss-logging-3.3.2.Final.jar:/home/anatole/ycsb/infinispan/target/dependency/jboss-marshalling-osgi-2.0.6.Final.jar:/home/anatole/ycsb/infinispan/target/dependency/jboss-transaction-api_1.2_spec-1.1.1.Final.jar:/home/anatole/ycsb/infinispan/target/dependency/jgroups-4.0.21.Final.jar:/home/anatole/ycsb/infinispan/target/dependency/jnvm-1.0-SNAPSHOT.jar:/home/anatole/ycsb/infinispan/target/dependency/metainf-services-1.7.jar:/home/anatole/ycsb/infinispan/target/dependency/netty-buffer-4.1.51.Final.jar:/home/anatole/ycsb/infinispan/target/dependency/netty-codec-4.1.51.Final.jar:/home/anatole/ycsb/infinispan/target/dependency/netty-common-4.1.51.Final.jar:/home/anatole/ycsb/infinispan/target/dependency/netty-handler-4.1.51.Final.jar:/home/anatole/ycsb/infinispan/target/dependency/netty-resolver-4.1.51.Final.jar:/home/anatole/ycsb/infinispan/target/dependency/netty-transport-4.1.51.Final.jar:/home/anatole/ycsb/infinispan/target/dependency/netty-transport-native-epoll-4.1.51.Final-linux-x86_64.jar:/home/anatole/ycsb/infinispan/target/dependency/netty-transport-native-unix-common-4.1.51.Final.jar:/home/anatole/ycsb/infinispan/target/dependency/pcj-1.0.jar:/home/anatole/ycsb/infinispan/target/dependency/reactive-streams-1.0.2.jar:/home/anatole/ycsb/infinispan/target/dependency/rxjava-2.2.4.jar:/home/anatole/ycsb/infinispan/target/dependency/unsafe-helper-1.0.jar site.ycsb.Client -t -db site.ycsb.db.InfinispanClient -P ../workloads/workloadf -preload -s -threads 1 -p dataintegrity=true -p offheap=false -p recordcount=1000000 -p operationcount=3000000 -p fieldcount=10 -p fieldlength=800 -p requestdistribution=zipfian -p measurement.trackjvm=true -p measurementtype=hdrhistogram -p hdrhistogram.output.path=./out/exp7.marshalling.ref/log/infinispan.run.workloadf.true.1000000.100000.10.800.zipfian.1.false.true.default.default.tmpfs.r2.hdr.log
[OVERALL], RunTime(ms), 564593
[OVERALL], Throughput(ops/sec), 7084.749545247639
[TOTAL_GCS_G1_Young_Generation], Count, 411
[TOTAL_GC_TIME_G1_Young_Generation], Time(ms), 15717
[TOTAL_GC_TIME_%_G1_Young_Generation], Time(%), 2.7837752150664286
[TOTAL_GCS_G1_Old_Generation], Count, 0
[TOTAL_GC_TIME_G1_Old_Generation], Time(ms), 0
[TOTAL_GC_TIME_%_G1_Old_Generation], Time(%), 0.0
[TOTAL_GCs], Count, 411
[TOTAL_GC_TIME], Time(ms), 15717
[TOTAL_GC_TIME_%], Time(%), 2.7837752150664286
[MAX_MEM_USED], MBs, 6343
[MIN_MEM_USED], MBs, 48
[MAX_THREADS], Count, 7
[MIN_THREADS], Count, 3
[MAX_SYS_LOAD_AVG], Load, 3.88
[MIN_SYS_LOAD_AVG], Load, 1.2
[THREAD_COUNT], Operations, 58
[THREAD_COUNT], AverageLatency(ns), 5.327586206896552
[THREAD_COUNT], MinLatency(ns), 3
[THREAD_COUNT], MaxLatency(ns), 7
[THREAD_COUNT], 95thPercentileLatency(ns), 7
[THREAD_COUNT], 99thPercentileLatency(ns), 7
[SYS_LOAD_AVG], Operations, 58
[SYS_LOAD_AVG], AverageLatency(ns), 1.5344827586206897
[SYS_LOAD_AVG], MinLatency(ns), 1
[SYS_LOAD_AVG], MaxLatency(ns), 3
[SYS_LOAD_AVG], 95thPercentileLatency(ns), 3
[SYS_LOAD_AVG], 99thPercentileLatency(ns), 3
[READ-MODIFY-WRITE], Operations, 1499824
[READ-MODIFY-WRITE], AverageLatency(ns), 86328.72183002805
[READ-MODIFY-WRITE], MinLatency(ns), 51347
[READ-MODIFY-WRITE], MaxLatency(ns), 246574079
[READ-MODIFY-WRITE], 95thPercentileLatency(ns), 108909
[READ-MODIFY-WRITE], 99thPercentileLatency(ns), 122957
[LOAD], Operations, 1
[LOAD], AverageLatency(ns), 3.46217775104E11
[LOAD], MinLatency(ns), 346216726528
[LOAD], MaxLatency(ns), 346218823679
[LOAD], 95thPercentileLatency(ns), 346218823679
[LOAD], 99thPercentileLatency(ns), 346218823679
[USED_MEM_MB], Operations, 58
[USED_MEM_MB], AverageLatency(ns), 4354.1551724137935
[USED_MEM_MB], MinLatency(ns), 48
[USED_MEM_MB], MaxLatency(ns), 6343
[USED_MEM_MB], 95thPercentileLatency(ns), 6154
[USED_MEM_MB], 99thPercentileLatency(ns), 6288
[MAIN_GCs_Count], Operations, 1
[MAIN_GCs_Count], AverageLatency(ns), 119.0
[MAIN_GCs_Count], MinLatency(ns), 119
[MAIN_GCs_Count], MaxLatency(ns), 119
[MAIN_GCs_Count], 95thPercentileLatency(ns), 119
[MAIN_GCs_Count], 99thPercentileLatency(ns), 119
[MAIN_GCs_Time(ms)], Operations, 1
[MAIN_GCs_Time(ms)], AverageLatency(ns), 9162.0
[MAIN_GCs_Time(ms)], MinLatency(ns), 9162
[MAIN_GCs_Time(ms)], MaxLatency(ns), 9162
[MAIN_GCs_Time(ms)], 95thPercentileLatency(ns), 9162
[MAIN_GCs_Time(ms)], 99thPercentileLatency(ns), 9162
[TRANSACTION], Operations, 1
[TRANSACTION], AverageLatency(ns), 2.17657638912E11
[TRANSACTION], MinLatency(ns), 217657114624
[TRANSACTION], MaxLatency(ns), 217658163199
[TRANSACTION], 95thPercentileLatency(ns), 217658163199
[TRANSACTION], 99thPercentileLatency(ns), 217658163199
[GCS_TIME], Operations, 58
[GCS_TIME], AverageLatency(ns), 270.1896551724138
[GCS_TIME], MinLatency(ns), 0
[GCS_TIME], MaxLatency(ns), 691
[GCS_TIME], 95thPercentileLatency(ns), 501
[GCS_TIME], 99thPercentileLatency(ns), 666
[LOAD_GCs_Time(ms)], Operations, 1
[LOAD_GCs_Time(ms)], AverageLatency(ns), 6492.0
[LOAD_GCs_Time(ms)], MinLatency(ns), 6492
[LOAD_GCs_Time(ms)], MaxLatency(ns), 6492
[LOAD_GCs_Time(ms)], 95thPercentileLatency(ns), 6492
[LOAD_GCs_Time(ms)], 99thPercentileLatency(ns), 6492
[READ], Operations, 3000000
[READ], AverageLatency(ns), 27136.261219666667
[READ], MinLatency(ns), 232
[READ], MaxLatency(ns), 124425215
[READ], 95thPercentileLatency(ns), 51832
[READ], 99thPercentileLatency(ns), 57226
[READ], Return=OK, 3000000
[INIT], Operations, 1
[INIT], AverageLatency(ns), 6.59994624E8
[INIT], MinLatency(ns), 659992576
[INIT], MaxLatency(ns), 659996671
[INIT], 95thPercentileLatency(ns), 659996671
[INIT], 99thPercentileLatency(ns), 659996671
[GCS], Operations, 58
[GCS], AverageLatency(ns), 7.068965517241379
[GCS], MinLatency(ns), 0
[GCS], MaxLatency(ns), 72
[GCS], 95thPercentileLatency(ns), 9
[GCS], 99thPercentileLatency(ns), 31
[LOAD_GCs_Count], Operations, 1
[LOAD_GCs_Count], AverageLatency(ns), 290.0
[LOAD_GCs_Count], MinLatency(ns), 290
[LOAD_GCs_Count], MaxLatency(ns), 290
[LOAD_GCs_Count], 95thPercentileLatency(ns), 290
[LOAD_GCs_Count], 99thPercentileLatency(ns), 290
[CLEANUP], Operations, 1
[CLEANUP], AverageLatency(ns), 16927.0
[CLEANUP], MinLatency(ns), 16927
[CLEANUP], MaxLatency(ns), 16927
[CLEANUP], 95thPercentileLatency(ns), 16927
[CLEANUP], 99thPercentileLatency(ns), 16927
[INSERT], Operations, 1000000
[INSERT], AverageLatency(ns), 58661.850505
[INSERT], MinLatency(ns), 51849
[INSERT], MaxLatency(ns), 69004287
[INSERT], 95thPercentileLatency(ns), 60944
[INSERT], 99thPercentileLatency(ns), 79423
[INSERT], Return=OK, 1000000
[UPDATE], Operations, 1499824
[UPDATE], AverageLatency(ns), 58184.522607986
[UPDATE], MinLatency(ns), 50512
[UPDATE], MaxLatency(ns), 169384959
[UPDATE], 95thPercentileLatency(ns), 60723
[UPDATE], 99thPercentileLatency(ns), 70230
[UPDATE], Return=OK, 1499824
