/home/anatole/jdk8u/build/linux-x86_64-normal-server-release/jdk/bin/java -Xmx100g -XX:+UseG1GC -XX:InitiatingHeapOccupancyPercent=15 -classpath /home/anatole/ycsb/conf:/home/anatole/ycsb/core/target/core-0.18.0-SNAPSHOT.jar:/home/anatole/ycsb/core/target/dependency/HdrHistogram-2.1.4.jar:/home/anatole/ycsb/core/target/dependency/guava-18.0.jar:/home/anatole/ycsb/core/target/dependency/htrace-core4-4.1.0-incubating.jar:/home/anatole/ycsb/core/target/dependency/jackson-core-asl-1.9.4.jar:/home/anatole/ycsb/core/target/dependency/jackson-mapper-asl-1.9.4.jar:/home/anatole/ycsb/core/target/dependency/javax.persistence-api-2.2.jar:/home/anatole/ycsb/core/target/dependency/jnvm-1.0-SNAPSHOT.jar:/home/anatole/ycsb/core/target/dependency/pcj-1.0.jar:/home/anatole/ycsb/core/target/dependency/unsafe-helper-1.0.jar:/home/anatole/ycsb/infinispan/src/main/conf:/home/anatole/ycsb/infinispan/target/infinispan-binding-0.18.0-SNAPSHOT.jar:/home/anatole/ycsb/infinispan/target/dependency/caffeine-2.6.2.jar:/home/anatole/ycsb/infinispan/target/dependency/gson-2.8.2.jar:/home/anatole/ycsb/infinispan/target/dependency/guava-18.0.jar:/home/anatole/ycsb/infinispan/target/dependency/infinispan-cachestore-jnvm-1.0-SNAPSHOT.jar:/home/anatole/ycsb/infinispan/target/dependency/infinispan-cachestore-pcj-1.0-SNAPSHOT.jar:/home/anatole/ycsb/infinispan/target/dependency/infinispan-client-hotrod-9.4.20.Final.jar:/home/anatole/ycsb/infinispan/target/dependency/infinispan-commons-9.4.20.Final.jar:/home/anatole/ycsb/infinispan/target/dependency/infinispan-core-9.4.20.Final.jar:/home/anatole/ycsb/infinispan/target/dependency/infinispan-persistence-soft-index-9.4.20.Final.jar:/home/anatole/ycsb/infinispan/target/dependency/javax.persistence-api-2.2.jar:/home/anatole/ycsb/infinispan/target/dependency/jboss-logging-3.3.2.Final.jar:/home/anatole/ycsb/infinispan/target/dependency/jboss-marshalling-osgi-2.0.6.Final.jar:/home/anatole/ycsb/infinispan/target/dependency/jboss-transaction-api_1.2_spec-1.1.1.Final.jar:/home/anatole/ycsb/infinispan/target/dependency/jgroups-4.0.21.Final.jar:/home/anatole/ycsb/infinispan/target/dependency/jnvm-1.0-SNAPSHOT.jar:/home/anatole/ycsb/infinispan/target/dependency/metainf-services-1.7.jar:/home/anatole/ycsb/infinispan/target/dependency/netty-buffer-4.1.51.Final.jar:/home/anatole/ycsb/infinispan/target/dependency/netty-codec-4.1.51.Final.jar:/home/anatole/ycsb/infinispan/target/dependency/netty-common-4.1.51.Final.jar:/home/anatole/ycsb/infinispan/target/dependency/netty-handler-4.1.51.Final.jar:/home/anatole/ycsb/infinispan/target/dependency/netty-resolver-4.1.51.Final.jar:/home/anatole/ycsb/infinispan/target/dependency/netty-transport-4.1.51.Final.jar:/home/anatole/ycsb/infinispan/target/dependency/netty-transport-native-epoll-4.1.51.Final-linux-x86_64.jar:/home/anatole/ycsb/infinispan/target/dependency/netty-transport-native-unix-common-4.1.51.Final.jar:/home/anatole/ycsb/infinispan/target/dependency/pcj-1.0.jar:/home/anatole/ycsb/infinispan/target/dependency/reactive-streams-1.0.2.jar:/home/anatole/ycsb/infinispan/target/dependency/rxjava-2.2.4.jar:/home/anatole/ycsb/infinispan/target/dependency/unsafe-helper-1.0.jar site.ycsb.Client -t -db site.ycsb.db.InfinispanClient -P ../workloads/workloadf -preload -s -threads 1 -p dataintegrity=true -p offheap=false -p recordcount=1000000 -p operationcount=3000000 -p fieldcount=10 -p fieldlength=900 -p requestdistribution=zipfian -p measurement.trackjvm=true -p measurementtype=hdrhistogram -p hdrhistogram.output.path=./out/exp7.marshalling.ref/log/infinispan.run.workloadf.true.1000000.1000000.10.900.zipfian.1.false.true.default.default.tmpfs.r5.hdr.log
[OVERALL], RunTime(ms), 645337
[OVERALL], Throughput(ops/sec), 6198.311889756825
[TOTAL_GCS_G1_Young_Generation], Count, 1531
[TOTAL_GC_TIME_G1_Young_Generation], Time(ms), 38666
[TOTAL_GC_TIME_%_G1_Young_Generation], Time(%), 5.991598188233435
[TOTAL_GCS_G1_Old_Generation], Count, 0
[TOTAL_GC_TIME_G1_Old_Generation], Time(ms), 0
[TOTAL_GC_TIME_%_G1_Old_Generation], Time(%), 0.0
[TOTAL_GCs], Count, 1531
[TOTAL_GC_TIME], Time(ms), 38666
[TOTAL_GC_TIME_%], Time(%), 5.991598188233435
[MAX_MEM_USED], MBs, 23298
[MIN_MEM_USED], MBs, 52
[MAX_THREADS], Count, 7
[MIN_THREADS], Count, 3
[MAX_SYS_LOAD_AVG], Load, 8.7
[MIN_SYS_LOAD_AVG], Load, 2.96
[THREAD_COUNT], Operations, 66
[THREAD_COUNT], AverageLatency(ns), 5.287878787878788
[THREAD_COUNT], MinLatency(ns), 3
[THREAD_COUNT], MaxLatency(ns), 7
[THREAD_COUNT], 95thPercentileLatency(ns), 7
[THREAD_COUNT], 99thPercentileLatency(ns), 7
[SYS_LOAD_AVG], Operations, 66
[SYS_LOAD_AVG], AverageLatency(ns), 4.893939393939394
[SYS_LOAD_AVG], MinLatency(ns), 2
[SYS_LOAD_AVG], MaxLatency(ns), 8
[SYS_LOAD_AVG], 95thPercentileLatency(ns), 7
[SYS_LOAD_AVG], 99thPercentileLatency(ns), 8
[READ-MODIFY-WRITE], Operations, 1499001
[READ-MODIFY-WRITE], AverageLatency(ns), 71428.43160878478
[READ-MODIFY-WRITE], MinLatency(ns), 54518
[READ-MODIFY-WRITE], MaxLatency(ns), 175210495
[READ-MODIFY-WRITE], 95thPercentileLatency(ns), 82207
[READ-MODIFY-WRITE], 99thPercentileLatency(ns), 93061
[LOAD], Operations, 1
[LOAD], AverageLatency(ns), 4.69853274112E11
[LOAD], MinLatency(ns), 469852225536
[LOAD], MaxLatency(ns), 469854322687
[LOAD], 95thPercentileLatency(ns), 469854322687
[LOAD], 99thPercentileLatency(ns), 469854322687
[USED_MEM_MB], Operations, 66
[USED_MEM_MB], AverageLatency(ns), 14327.924242424242
[USED_MEM_MB], MinLatency(ns), 52
[USED_MEM_MB], MaxLatency(ns), 23298
[USED_MEM_MB], 95thPercentileLatency(ns), 22963
[USED_MEM_MB], 99thPercentileLatency(ns), 23142
[MAIN_GCs_Count], Operations, 1
[MAIN_GCs_Count], AverageLatency(ns), 179.0
[MAIN_GCs_Count], MinLatency(ns), 179
[MAIN_GCs_Count], MaxLatency(ns), 179
[MAIN_GCs_Count], 95thPercentileLatency(ns), 179
[MAIN_GCs_Count], 99thPercentileLatency(ns), 179
[MAIN_GCs_Time(ms)], Operations, 1
[MAIN_GCs_Time(ms)], AverageLatency(ns), 9950.0
[MAIN_GCs_Time(ms)], MinLatency(ns), 9950
[MAIN_GCs_Time(ms)], MaxLatency(ns), 9950
[MAIN_GCs_Time(ms)], 95thPercentileLatency(ns), 9950
[MAIN_GCs_Time(ms)], 99thPercentileLatency(ns), 9950
[TRANSACTION], Operations, 1
[TRANSACTION], AverageLatency(ns), 1.74659731456E11
[TRANSACTION], MinLatency(ns), 174659207168
[TRANSACTION], MaxLatency(ns), 174660255743
[TRANSACTION], 95thPercentileLatency(ns), 174660255743
[TRANSACTION], 99thPercentileLatency(ns), 174660255743
[GCS_TIME], Operations, 66
[GCS_TIME], AverageLatency(ns), 585.8484848484849
[GCS_TIME], MinLatency(ns), 0
[GCS_TIME], MaxLatency(ns), 814
[GCS_TIME], 95thPercentileLatency(ns), 759
[GCS_TIME], 99thPercentileLatency(ns), 792
[LOAD_GCs_Time(ms)], Operations, 1
[LOAD_GCs_Time(ms)], AverageLatency(ns), 28595.0
[LOAD_GCs_Time(ms)], MinLatency(ns), 28595
[LOAD_GCs_Time(ms)], MaxLatency(ns), 28595
[LOAD_GCs_Time(ms)], 95thPercentileLatency(ns), 28595
[LOAD_GCs_Time(ms)], 99thPercentileLatency(ns), 28595
[READ], Operations, 3000000
[READ], AverageLatency(ns), 880.9242406666667
[READ], MinLatency(ns), 202
[READ], MaxLatency(ns), 18567423
[READ], 95thPercentileLatency(ns), 2021
[READ], 99thPercentileLatency(ns), 3396
[READ], Return=OK, 3000000
[INIT], Operations, 1
[INIT], AverageLatency(ns), 6.55644672E8
[INIT], MinLatency(ns), 655642624
[INIT], MaxLatency(ns), 655646719
[INIT], 95thPercentileLatency(ns), 655646719
[INIT], 99thPercentileLatency(ns), 655646719
[GCS], Operations, 66
[GCS], AverageLatency(ns), 23.196969696969695
[GCS], MinLatency(ns), 0
[GCS], MaxLatency(ns), 116
[GCS], 95thPercentileLatency(ns), 49
[GCS], 99thPercentileLatency(ns), 55
[LOAD_GCs_Count], Operations, 1
[LOAD_GCs_Count], AverageLatency(ns), 1348.0
[LOAD_GCs_Count], MinLatency(ns), 1348
[LOAD_GCs_Count], MaxLatency(ns), 1348
[LOAD_GCs_Count], 95thPercentileLatency(ns), 1348
[LOAD_GCs_Count], 99thPercentileLatency(ns), 1348
[CLEANUP], Operations, 1
[CLEANUP], AverageLatency(ns), 40949.0
[CLEANUP], MinLatency(ns), 40949
[CLEANUP], MaxLatency(ns), 40949
[CLEANUP], 95thPercentileLatency(ns), 40949
[CLEANUP], 99thPercentileLatency(ns), 40949
[INSERT], Operations, 1000000
[INSERT], AverageLatency(ns), 70059.758526
[INSERT], MinLatency(ns), 53768
[INSERT], MaxLatency(ns), 103467007
[INSERT], 95thPercentileLatency(ns), 80910
[INSERT], 99thPercentileLatency(ns), 103473
[INSERT], Return=OK, 1000000
[UPDATE], Operations, 1499001
[UPDATE], AverageLatency(ns), 69501.85804212272
[UPDATE], MinLatency(ns), 53771
[UPDATE], MaxLatency(ns), 106046975
[UPDATE], 95thPercentileLatency(ns), 80498
[UPDATE], 99thPercentileLatency(ns), 91153
[UPDATE], Return=OK, 1499001
