/home/anatole/jdk8u/build/linux-x86_64-normal-server-release/jdk/bin/java -Xmx20g -XX:+UseG1GC -classpath /home/anatole/ycsb/conf:/home/anatole/ycsb/core/target/core-0.18.0-SNAPSHOT.jar:/home/anatole/ycsb/core/target/dependency/HdrHistogram-2.1.4.jar:/home/anatole/ycsb/core/target/dependency/guava-18.0.jar:/home/anatole/ycsb/core/target/dependency/htrace-core4-4.1.0-incubating.jar:/home/anatole/ycsb/core/target/dependency/jackson-core-asl-1.9.4.jar:/home/anatole/ycsb/core/target/dependency/jackson-mapper-asl-1.9.4.jar:/home/anatole/ycsb/core/target/dependency/javax.persistence-api-2.2.jar:/home/anatole/ycsb/core/target/dependency/jnvm-1.0-SNAPSHOT.jar:/home/anatole/ycsb/core/target/dependency/pcj-1.0.jar:/home/anatole/ycsb/core/target/dependency/unsafe-helper-1.0.jar:/home/anatole/ycsb/infinispan/src/main/conf:/home/anatole/ycsb/infinispan/target/infinispan-binding-0.18.0-SNAPSHOT.jar:/home/anatole/ycsb/infinispan/target/dependency/caffeine-2.6.2.jar:/home/anatole/ycsb/infinispan/target/dependency/gson-2.8.2.jar:/home/anatole/ycsb/infinispan/target/dependency/guava-18.0.jar:/home/anatole/ycsb/infinispan/target/dependency/infinispan-cachestore-jnvm-1.0-SNAPSHOT.jar:/home/anatole/ycsb/infinispan/target/dependency/infinispan-cachestore-pcj-1.0-SNAPSHOT.jar:/home/anatole/ycsb/infinispan/target/dependency/infinispan-client-hotrod-9.4.20.Final.jar:/home/anatole/ycsb/infinispan/target/dependency/infinispan-commons-9.4.20.Final.jar:/home/anatole/ycsb/infinispan/target/dependency/infinispan-core-9.4.20.Final.jar:/home/anatole/ycsb/infinispan/target/dependency/infinispan-persistence-soft-index-9.4.20.Final.jar:/home/anatole/ycsb/infinispan/target/dependency/javax.persistence-api-2.2.jar:/home/anatole/ycsb/infinispan/target/dependency/jboss-logging-3.3.2.Final.jar:/home/anatole/ycsb/infinispan/target/dependency/jboss-marshalling-osgi-2.0.6.Final.jar:/home/anatole/ycsb/infinispan/target/dependency/jboss-transaction-api_1.2_spec-1.1.1.Final.jar:/home/anatole/ycsb/infinispan/target/dependency/jgroups-4.0.21.Final.jar:/home/anatole/ycsb/infinispan/target/dependency/jnvm-1.0-SNAPSHOT.jar:/home/anatole/ycsb/infinispan/target/dependency/metainf-services-1.7.jar:/home/anatole/ycsb/infinispan/target/dependency/netty-buffer-4.1.51.Final.jar:/home/anatole/ycsb/infinispan/target/dependency/netty-codec-4.1.51.Final.jar:/home/anatole/ycsb/infinispan/target/dependency/netty-common-4.1.51.Final.jar:/home/anatole/ycsb/infinispan/target/dependency/netty-handler-4.1.51.Final.jar:/home/anatole/ycsb/infinispan/target/dependency/netty-resolver-4.1.51.Final.jar:/home/anatole/ycsb/infinispan/target/dependency/netty-transport-4.1.51.Final.jar:/home/anatole/ycsb/infinispan/target/dependency/netty-transport-native-epoll-4.1.51.Final-linux-x86_64.jar:/home/anatole/ycsb/infinispan/target/dependency/netty-transport-native-unix-common-4.1.51.Final.jar:/home/anatole/ycsb/infinispan/target/dependency/pcj-1.0.jar:/home/anatole/ycsb/infinispan/target/dependency/reactive-streams-1.0.2.jar:/home/anatole/ycsb/infinispan/target/dependency/rxjava-2.2.4.jar:/home/anatole/ycsb/infinispan/target/dependency/unsafe-helper-1.0.jar site.ycsb.Client -t -db site.ycsb.db.InfinispanClient -P ../workloads/workloadf -preload -s -threads 1 -p dataintegrity=true -p offheap=false -p recordcount=1000000 -p operationcount=3000000 -p fieldcount=10 -p fieldlength=200 -p requestdistribution=zipfian -p measurement.trackjvm=true -p measurementtype=hdrhistogram -p hdrhistogram.output.path=./out/exp7.marshalling.ref/log/infinispan.run.workloadf.true.1000000.100000.10.200.zipfian.1.false.true.default.default.tmpfs.r4.hdr.log
[OVERALL], RunTime(ms), 170858
[OVERALL], Throughput(ops/sec), 23411.253789696708
[TOTAL_GCS_G1_Young_Generation], Count, 281
[TOTAL_GC_TIME_G1_Young_Generation], Time(ms), 6453
[TOTAL_GC_TIME_%_G1_Young_Generation], Time(%), 3.7768205176228213
[TOTAL_GCS_G1_Old_Generation], Count, 0
[TOTAL_GC_TIME_G1_Old_Generation], Time(ms), 0
[TOTAL_GC_TIME_%_G1_Old_Generation], Time(%), 0.0
[TOTAL_GCs], Count, 281
[TOTAL_GC_TIME], Time(ms), 6453
[TOTAL_GC_TIME_%], Time(%), 3.7768205176228213
[MAX_MEM_USED], MBs, 5148
[MIN_MEM_USED], MBs, 48
[MAX_THREADS], Count, 7
[MIN_THREADS], Count, 3
[MAX_SYS_LOAD_AVG], Load, 4.54
[MIN_SYS_LOAD_AVG], Load, 1.39
[THREAD_COUNT], Operations, 19
[THREAD_COUNT], AverageLatency(ns), 6.0
[THREAD_COUNT], MinLatency(ns), 3
[THREAD_COUNT], MaxLatency(ns), 7
[THREAD_COUNT], 95thPercentileLatency(ns), 7
[THREAD_COUNT], 99thPercentileLatency(ns), 7
[SYS_LOAD_AVG], Operations, 19
[SYS_LOAD_AVG], AverageLatency(ns), 2.0526315789473686
[SYS_LOAD_AVG], MinLatency(ns), 1
[SYS_LOAD_AVG], MaxLatency(ns), 4
[SYS_LOAD_AVG], 95thPercentileLatency(ns), 3
[SYS_LOAD_AVG], 99thPercentileLatency(ns), 4
[READ-MODIFY-WRITE], Operations, 1499505
[READ-MODIFY-WRITE], AverageLatency(ns), 51738.207336421015
[READ-MODIFY-WRITE], MinLatency(ns), 24174
[READ-MODIFY-WRITE], MaxLatency(ns), 122382847
[READ-MODIFY-WRITE], 95thPercentileLatency(ns), 69903
[READ-MODIFY-WRITE], 99thPercentileLatency(ns), 86741
[LOAD], Operations, 1
[LOAD], AverageLatency(ns), 5.4989553664E10
[LOAD], MinLatency(ns), 54989422592
[LOAD], MaxLatency(ns), 54989684735
[LOAD], 95thPercentileLatency(ns), 54989684735
[LOAD], 99thPercentileLatency(ns), 54989684735
[USED_MEM_MB], Operations, 19
[USED_MEM_MB], AverageLatency(ns), 2200.6315789473683
[USED_MEM_MB], MinLatency(ns), 48
[USED_MEM_MB], MaxLatency(ns), 5148
[USED_MEM_MB], 95thPercentileLatency(ns), 4724
[USED_MEM_MB], 99thPercentileLatency(ns), 5148
[MAIN_GCs_Count], Operations, 1
[MAIN_GCs_Count], AverageLatency(ns), 154.0
[MAIN_GCs_Count], MinLatency(ns), 154
[MAIN_GCs_Count], MaxLatency(ns), 154
[MAIN_GCs_Count], 95thPercentileLatency(ns), 154
[MAIN_GCs_Count], 99thPercentileLatency(ns), 154
[MAIN_GCs_Time(ms)], Operations, 1
[MAIN_GCs_Time(ms)], AverageLatency(ns), 4282.0
[MAIN_GCs_Time(ms)], MinLatency(ns), 4282
[MAIN_GCs_Time(ms)], MaxLatency(ns), 4282
[MAIN_GCs_Time(ms)], 95thPercentileLatency(ns), 4282
[MAIN_GCs_Time(ms)], 99thPercentileLatency(ns), 4282
[TRANSACTION], Operations, 1
[TRANSACTION], AverageLatency(ns), 1.1514544128E11
[TRANSACTION], MinLatency(ns), 115145179136
[TRANSACTION], MaxLatency(ns), 115145703423
[TRANSACTION], 95thPercentileLatency(ns), 115145703423
[TRANSACTION], 99thPercentileLatency(ns), 115145703423
[GCS_TIME], Operations, 19
[GCS_TIME], AverageLatency(ns), 339.63157894736844
[GCS_TIME], MinLatency(ns), 0
[GCS_TIME], MaxLatency(ns), 730
[GCS_TIME], 95thPercentileLatency(ns), 708
[GCS_TIME], 99thPercentileLatency(ns), 730
[LOAD_GCs_Time(ms)], Operations, 1
[LOAD_GCs_Time(ms)], AverageLatency(ns), 2138.0
[LOAD_GCs_Time(ms)], MinLatency(ns), 2138
[LOAD_GCs_Time(ms)], MaxLatency(ns), 2138
[LOAD_GCs_Time(ms)], 95thPercentileLatency(ns), 2138
[LOAD_GCs_Time(ms)], 99thPercentileLatency(ns), 2138
[READ], Operations, 3000000
[READ], AverageLatency(ns), 20600.411730666667
[READ], MinLatency(ns), 240
[READ], MaxLatency(ns), 140670975
[READ], 95thPercentileLatency(ns), 39299
[READ], 99thPercentileLatency(ns), 48412
[READ], Return=OK, 3000000
[INIT], Operations, 1
[INIT], AverageLatency(ns), 6.50397696E8
[INIT], MinLatency(ns), 650395648
[INIT], MaxLatency(ns), 650399743
[INIT], 95thPercentileLatency(ns), 650399743
[INIT], 99thPercentileLatency(ns), 650399743
[GCS], Operations, 19
[GCS], AverageLatency(ns), 14.789473684210526
[GCS], MinLatency(ns), 0
[GCS], MaxLatency(ns), 35
[GCS], 95thPercentileLatency(ns), 34
[GCS], 99thPercentileLatency(ns), 35
[LOAD_GCs_Count], Operations, 1
[LOAD_GCs_Count], AverageLatency(ns), 125.0
[LOAD_GCs_Count], MinLatency(ns), 125
[LOAD_GCs_Count], MaxLatency(ns), 125
[LOAD_GCs_Count], 95thPercentileLatency(ns), 125
[LOAD_GCs_Count], 99thPercentileLatency(ns), 125
[CLEANUP], Operations, 1
[CLEANUP], AverageLatency(ns), 15129.0
[CLEANUP], MinLatency(ns), 15129
[CLEANUP], MaxLatency(ns), 15129
[CLEANUP], 95thPercentileLatency(ns), 15129
[CLEANUP], 99thPercentileLatency(ns), 15129
[INSERT], Operations, 1000000
[INSERT], AverageLatency(ns), 29785.810433
[INSERT], MinLatency(ns), 23603
[INSERT], MaxLatency(ns), 87817215
[INSERT], 95thPercentileLatency(ns), 34829
[INSERT], 99thPercentileLatency(ns), 44955
[INSERT], Return=OK, 1000000
[UPDATE], Operations, 1499505
[UPDATE], AverageLatency(ns), 30733.523434066574
[UPDATE], MinLatency(ns), 23335
[UPDATE], MaxLatency(ns), 122342399
[UPDATE], 95thPercentileLatency(ns), 35092
[UPDATE], 99thPercentileLatency(ns), 41690
[UPDATE], Return=OK, 1499505
