/home/anatole/jdk8u/build/linux-x86_64-normal-server-release/jdk/bin/java -Xmx40g -XX:+UseG1GC -classpath /home/anatole/ycsb/conf:/home/anatole/ycsb/core/target/core-0.18.0-SNAPSHOT.jar:/home/anatole/ycsb/core/target/dependency/HdrHistogram-2.1.4.jar:/home/anatole/ycsb/core/target/dependency/guava-18.0.jar:/home/anatole/ycsb/core/target/dependency/htrace-core4-4.1.0-incubating.jar:/home/anatole/ycsb/core/target/dependency/jackson-core-asl-1.9.4.jar:/home/anatole/ycsb/core/target/dependency/jackson-mapper-asl-1.9.4.jar:/home/anatole/ycsb/core/target/dependency/javax.persistence-api-2.2.jar:/home/anatole/ycsb/core/target/dependency/jnvm-1.0-SNAPSHOT.jar:/home/anatole/ycsb/core/target/dependency/pcj-1.0.jar:/home/anatole/ycsb/core/target/dependency/unsafe-helper-1.0.jar:/home/anatole/ycsb/infinispan/src/main/conf:/home/anatole/ycsb/infinispan/target/infinispan-binding-0.18.0-SNAPSHOT.jar:/home/anatole/ycsb/infinispan/target/dependency/caffeine-2.6.2.jar:/home/anatole/ycsb/infinispan/target/dependency/gson-2.8.2.jar:/home/anatole/ycsb/infinispan/target/dependency/guava-18.0.jar:/home/anatole/ycsb/infinispan/target/dependency/infinispan-cachestore-jnvm-1.0-SNAPSHOT.jar:/home/anatole/ycsb/infinispan/target/dependency/infinispan-cachestore-pcj-1.0-SNAPSHOT.jar:/home/anatole/ycsb/infinispan/target/dependency/infinispan-client-hotrod-9.4.20.Final.jar:/home/anatole/ycsb/infinispan/target/dependency/infinispan-commons-9.4.20.Final.jar:/home/anatole/ycsb/infinispan/target/dependency/infinispan-core-9.4.20.Final.jar:/home/anatole/ycsb/infinispan/target/dependency/infinispan-persistence-soft-index-9.4.20.Final.jar:/home/anatole/ycsb/infinispan/target/dependency/javax.persistence-api-2.2.jar:/home/anatole/ycsb/infinispan/target/dependency/jboss-logging-3.3.2.Final.jar:/home/anatole/ycsb/infinispan/target/dependency/jboss-marshalling-osgi-2.0.6.Final.jar:/home/anatole/ycsb/infinispan/target/dependency/jboss-transaction-api_1.2_spec-1.1.1.Final.jar:/home/anatole/ycsb/infinispan/target/dependency/jgroups-4.0.21.Final.jar:/home/anatole/ycsb/infinispan/target/dependency/jnvm-1.0-SNAPSHOT.jar:/home/anatole/ycsb/infinispan/target/dependency/metainf-services-1.7.jar:/home/anatole/ycsb/infinispan/target/dependency/netty-buffer-4.1.51.Final.jar:/home/anatole/ycsb/infinispan/target/dependency/netty-codec-4.1.51.Final.jar:/home/anatole/ycsb/infinispan/target/dependency/netty-common-4.1.51.Final.jar:/home/anatole/ycsb/infinispan/target/dependency/netty-handler-4.1.51.Final.jar:/home/anatole/ycsb/infinispan/target/dependency/netty-resolver-4.1.51.Final.jar:/home/anatole/ycsb/infinispan/target/dependency/netty-transport-4.1.51.Final.jar:/home/anatole/ycsb/infinispan/target/dependency/netty-transport-native-epoll-4.1.51.Final-linux-x86_64.jar:/home/anatole/ycsb/infinispan/target/dependency/netty-transport-native-unix-common-4.1.51.Final.jar:/home/anatole/ycsb/infinispan/target/dependency/pcj-1.0.jar:/home/anatole/ycsb/infinispan/target/dependency/reactive-streams-1.0.2.jar:/home/anatole/ycsb/infinispan/target/dependency/rxjava-2.2.4.jar:/home/anatole/ycsb/infinispan/target/dependency/unsafe-helper-1.0.jar site.ycsb.Client -t -db site.ycsb.db.InfinispanClient -P ../workloads/workloadf -preload -s -threads 1 -p dataintegrity=true -p offheap=false -p recordcount=1000000 -p operationcount=3000000 -p fieldcount=10 -p fieldlength=200 -p requestdistribution=zipfian -p measurement.trackjvm=true -p measurementtype=hdrhistogram -p hdrhistogram.output.path=./out/exp7.marshalling.ref/log/infinispan.run.workloadf.true.1000000.1000000.10.200.zipfian.1.false.true.default.default.nullfsvfs.r3.hdr.log
[OVERALL], RunTime(ms), 106898
[OVERALL], Throughput(ops/sec), 37418.84787367397
[TOTAL_GCS_G1_Young_Generation], Count, 64
[TOTAL_GC_TIME_G1_Young_Generation], Time(ms), 5434
[TOTAL_GC_TIME_%_G1_Young_Generation], Time(%), 5.0833504836386085
[TOTAL_GCS_G1_Old_Generation], Count, 0
[TOTAL_GC_TIME_G1_Old_Generation], Time(ms), 0
[TOTAL_GC_TIME_%_G1_Old_Generation], Time(%), 0.0
[TOTAL_GCs], Count, 64
[TOTAL_GC_TIME], Time(ms), 5434
[TOTAL_GC_TIME_%], Time(%), 5.0833504836386085
[MAX_MEM_USED], MBs, 11946
[MIN_MEM_USED], MBs, 58
[MAX_THREADS], Count, 7
[MIN_THREADS], Count, 3
[MAX_SYS_LOAD_AVG], Load, 3.82
[MIN_SYS_LOAD_AVG], Load, 1.77
[THREAD_COUNT], Operations, 12
[THREAD_COUNT], AverageLatency(ns), 6.25
[THREAD_COUNT], MinLatency(ns), 3
[THREAD_COUNT], MaxLatency(ns), 7
[THREAD_COUNT], 95thPercentileLatency(ns), 7
[THREAD_COUNT], 99thPercentileLatency(ns), 7
[SYS_LOAD_AVG], Operations, 12
[SYS_LOAD_AVG], AverageLatency(ns), 2.0
[SYS_LOAD_AVG], MinLatency(ns), 1
[SYS_LOAD_AVG], MaxLatency(ns), 3
[SYS_LOAD_AVG], 95thPercentileLatency(ns), 3
[SYS_LOAD_AVG], 99thPercentileLatency(ns), 3
[READ-MODIFY-WRITE], Operations, 1500176
[READ-MODIFY-WRITE], AverageLatency(ns), 29303.468655011144
[READ-MODIFY-WRITE], MinLatency(ns), 22948
[READ-MODIFY-WRITE], MaxLatency(ns), 316401663
[READ-MODIFY-WRITE], 95thPercentileLatency(ns), 33407
[READ-MODIFY-WRITE], 99thPercentileLatency(ns), 42998
[LOAD], Operations, 1
[LOAD], AverageLatency(ns), 5.5162568704E10
[LOAD], MinLatency(ns), 55162437632
[LOAD], MaxLatency(ns), 55162699775
[LOAD], 95thPercentileLatency(ns), 55162699775
[LOAD], 99thPercentileLatency(ns), 55162699775
[USED_MEM_MB], Operations, 12
[USED_MEM_MB], AverageLatency(ns), 7295.333333333333
[USED_MEM_MB], MinLatency(ns), 58
[USED_MEM_MB], MaxLatency(ns), 11946
[USED_MEM_MB], 95thPercentileLatency(ns), 10818
[USED_MEM_MB], 99thPercentileLatency(ns), 11946
[MAIN_GCs_Count], Operations, 1
[MAIN_GCs_Count], AverageLatency(ns), 14.0
[MAIN_GCs_Count], MinLatency(ns), 14
[MAIN_GCs_Count], MaxLatency(ns), 14
[MAIN_GCs_Count], 95thPercentileLatency(ns), 14
[MAIN_GCs_Count], 99thPercentileLatency(ns), 14
[MAIN_GCs_Time(ms)], Operations, 1
[MAIN_GCs_Time(ms)], AverageLatency(ns), 1367.0
[MAIN_GCs_Time(ms)], MinLatency(ns), 1367
[MAIN_GCs_Time(ms)], MaxLatency(ns), 1367
[MAIN_GCs_Time(ms)], 95thPercentileLatency(ns), 1367
[MAIN_GCs_Time(ms)], 99thPercentileLatency(ns), 1367
[TRANSACTION], Operations, 1
[TRANSACTION], AverageLatency(ns), 5.1022790656E10
[TRANSACTION], MinLatency(ns), 51022659584
[TRANSACTION], MaxLatency(ns), 51022921727
[TRANSACTION], 95thPercentileLatency(ns), 51022921727
[TRANSACTION], 99thPercentileLatency(ns), 51022921727
[GCS_TIME], Operations, 12
[GCS_TIME], AverageLatency(ns), 452.8333333333333
[GCS_TIME], MinLatency(ns), 0
[GCS_TIME], MaxLatency(ns), 914
[GCS_TIME], 95thPercentileLatency(ns), 825
[GCS_TIME], 99thPercentileLatency(ns), 914
[LOAD_GCs_Time(ms)], Operations, 1
[LOAD_GCs_Time(ms)], AverageLatency(ns), 4036.0
[LOAD_GCs_Time(ms)], MinLatency(ns), 4036
[LOAD_GCs_Time(ms)], MaxLatency(ns), 4036
[LOAD_GCs_Time(ms)], 95thPercentileLatency(ns), 4036
[LOAD_GCs_Time(ms)], 99thPercentileLatency(ns), 4036
[READ], Operations, 3000000
[READ], AverageLatency(ns), 693.4965726666667
[READ], MinLatency(ns), 194
[READ], MaxLatency(ns), 2081823
[READ], 95thPercentileLatency(ns), 1663
[READ], 99thPercentileLatency(ns), 2528
[READ], Return=OK, 3000000
[INIT], Operations, 1
[INIT], AverageLatency(ns), 6.57221632E8
[INIT], MinLatency(ns), 657219584
[INIT], MaxLatency(ns), 657223679
[INIT], 95thPercentileLatency(ns), 657223679
[INIT], 99thPercentileLatency(ns), 657223679
[GCS], Operations, 12
[GCS], AverageLatency(ns), 5.333333333333333
[GCS], MinLatency(ns), 0
[GCS], MaxLatency(ns), 26
[GCS], 95thPercentileLatency(ns), 9
[GCS], 99thPercentileLatency(ns), 26
[LOAD_GCs_Count], Operations, 1
[LOAD_GCs_Count], AverageLatency(ns), 48.0
[LOAD_GCs_Count], MinLatency(ns), 48
[LOAD_GCs_Count], MaxLatency(ns), 48
[LOAD_GCs_Count], 95thPercentileLatency(ns), 48
[LOAD_GCs_Count], 99thPercentileLatency(ns), 48
[CLEANUP], Operations, 1
[CLEANUP], AverageLatency(ns), 14482.0
[CLEANUP], MinLatency(ns), 14482
[CLEANUP], MaxLatency(ns), 14482
[CLEANUP], 95thPercentileLatency(ns), 14482
[CLEANUP], 99thPercentileLatency(ns), 14482
[INSERT], Operations, 1000000
[INSERT], AverageLatency(ns), 26465.505148
[INSERT], MinLatency(ns), 21849
[INSERT], MaxLatency(ns), 218994687
[INSERT], 95thPercentileLatency(ns), 28171
[INSERT], 99thPercentileLatency(ns), 39789
[INSERT], Return=OK, 1000000
[UPDATE], Operations, 1500176
[UPDATE], AverageLatency(ns), 28102.936803415065
[UPDATE], MinLatency(ns), 22217
[UPDATE], MaxLatency(ns), 158002175
[UPDATE], 95thPercentileLatency(ns), 32107
[UPDATE], 99thPercentileLatency(ns), 41373
[UPDATE], Return=OK, 1500176
