/home/anatole/jdk8u/build/linux-x86_64-normal-server-release/jdk/bin/java -Xmx100g -XX:+UseG1GC -XX:InitiatingHeapOccupancyPercent=15 -classpath /home/anatole/ycsb/conf:/home/anatole/ycsb/core/target/core-0.18.0-SNAPSHOT.jar:/home/anatole/ycsb/core/target/dependency/HdrHistogram-2.1.4.jar:/home/anatole/ycsb/core/target/dependency/guava-18.0.jar:/home/anatole/ycsb/core/target/dependency/htrace-core4-4.1.0-incubating.jar:/home/anatole/ycsb/core/target/dependency/jackson-core-asl-1.9.4.jar:/home/anatole/ycsb/core/target/dependency/jackson-mapper-asl-1.9.4.jar:/home/anatole/ycsb/core/target/dependency/javax.persistence-api-2.2.jar:/home/anatole/ycsb/core/target/dependency/jnvm-1.0-SNAPSHOT.jar:/home/anatole/ycsb/core/target/dependency/pcj-1.0.jar:/home/anatole/ycsb/core/target/dependency/unsafe-helper-1.0.jar:/home/anatole/ycsb/infinispan/src/main/conf:/home/anatole/ycsb/infinispan/target/infinispan-binding-0.18.0-SNAPSHOT.jar:/home/anatole/ycsb/infinispan/target/dependency/caffeine-2.6.2.jar:/home/anatole/ycsb/infinispan/target/dependency/gson-2.8.2.jar:/home/anatole/ycsb/infinispan/target/dependency/guava-18.0.jar:/home/anatole/ycsb/infinispan/target/dependency/infinispan-cachestore-jnvm-1.0-SNAPSHOT.jar:/home/anatole/ycsb/infinispan/target/dependency/infinispan-cachestore-pcj-1.0-SNAPSHOT.jar:/home/anatole/ycsb/infinispan/target/dependency/infinispan-client-hotrod-9.4.20.Final.jar:/home/anatole/ycsb/infinispan/target/dependency/infinispan-commons-9.4.20.Final.jar:/home/anatole/ycsb/infinispan/target/dependency/infinispan-core-9.4.20.Final.jar:/home/anatole/ycsb/infinispan/target/dependency/infinispan-persistence-soft-index-9.4.20.Final.jar:/home/anatole/ycsb/infinispan/target/dependency/javax.persistence-api-2.2.jar:/home/anatole/ycsb/infinispan/target/dependency/jboss-logging-3.3.2.Final.jar:/home/anatole/ycsb/infinispan/target/dependency/jboss-marshalling-osgi-2.0.6.Final.jar:/home/anatole/ycsb/infinispan/target/dependency/jboss-transaction-api_1.2_spec-1.1.1.Final.jar:/home/anatole/ycsb/infinispan/target/dependency/jgroups-4.0.21.Final.jar:/home/anatole/ycsb/infinispan/target/dependency/jnvm-1.0-SNAPSHOT.jar:/home/anatole/ycsb/infinispan/target/dependency/metainf-services-1.7.jar:/home/anatole/ycsb/infinispan/target/dependency/netty-buffer-4.1.51.Final.jar:/home/anatole/ycsb/infinispan/target/dependency/netty-codec-4.1.51.Final.jar:/home/anatole/ycsb/infinispan/target/dependency/netty-common-4.1.51.Final.jar:/home/anatole/ycsb/infinispan/target/dependency/netty-handler-4.1.51.Final.jar:/home/anatole/ycsb/infinispan/target/dependency/netty-resolver-4.1.51.Final.jar:/home/anatole/ycsb/infinispan/target/dependency/netty-transport-4.1.51.Final.jar:/home/anatole/ycsb/infinispan/target/dependency/netty-transport-native-epoll-4.1.51.Final-linux-x86_64.jar:/home/anatole/ycsb/infinispan/target/dependency/netty-transport-native-unix-common-4.1.51.Final.jar:/home/anatole/ycsb/infinispan/target/dependency/pcj-1.0.jar:/home/anatole/ycsb/infinispan/target/dependency/reactive-streams-1.0.2.jar:/home/anatole/ycsb/infinispan/target/dependency/rxjava-2.2.4.jar:/home/anatole/ycsb/infinispan/target/dependency/unsafe-helper-1.0.jar site.ycsb.Client -t -db site.ycsb.db.InfinispanClient -P ../workloads/workloadf -preload -s -threads 1 -p dataintegrity=true -p offheap=false -p recordcount=1000000 -p operationcount=3000000 -p fieldcount=10 -p fieldlength=500 -p requestdistribution=zipfian -p measurement.trackjvm=true -p measurementtype=hdrhistogram -p hdrhistogram.output.path=./out/exp7.marshalling.ref/log/infinispan.run.workloadf.true.1000000.1000000.10.500.zipfian.1.false.true.default.default.nullfsvfs.r6.hdr.log
[OVERALL], RunTime(ms), 247245
[OVERALL], Throughput(ops/sec), 16178.284697364961
[TOTAL_GCS_G1_Young_Generation], Count, 263
[TOTAL_GC_TIME_G1_Young_Generation], Time(ms), 12384
[TOTAL_GC_TIME_%_G1_Young_Generation], Time(%), 5.008796942304192
[TOTAL_GCS_G1_Old_Generation], Count, 0
[TOTAL_GC_TIME_G1_Old_Generation], Time(ms), 0
[TOTAL_GC_TIME_%_G1_Old_Generation], Time(%), 0.0
[TOTAL_GCs], Count, 263
[TOTAL_GC_TIME], Time(ms), 12384
[TOTAL_GC_TIME_%], Time(%), 5.008796942304192
[MAX_MEM_USED], MBs, 25685
[MIN_MEM_USED], MBs, 54
[MAX_THREADS], Count, 7
[MIN_THREADS], Count, 3
[MAX_SYS_LOAD_AVG], Load, 6.55
[MIN_SYS_LOAD_AVG], Load, 1.59
[THREAD_COUNT], Operations, 26
[THREAD_COUNT], AverageLatency(ns), 5.730769230769231
[THREAD_COUNT], MinLatency(ns), 3
[THREAD_COUNT], MaxLatency(ns), 7
[THREAD_COUNT], 95thPercentileLatency(ns), 7
[THREAD_COUNT], 99thPercentileLatency(ns), 7
[SYS_LOAD_AVG], Operations, 26
[SYS_LOAD_AVG], AverageLatency(ns), 3.1153846153846154
[SYS_LOAD_AVG], MinLatency(ns), 1
[SYS_LOAD_AVG], MaxLatency(ns), 6
[SYS_LOAD_AVG], 95thPercentileLatency(ns), 5
[SYS_LOAD_AVG], 99thPercentileLatency(ns), 6
[READ-MODIFY-WRITE], Operations, 1499496
[READ-MODIFY-WRITE], AverageLatency(ns), 37872.64077863495
[READ-MODIFY-WRITE], MinLatency(ns), 29684
[READ-MODIFY-WRITE], MaxLatency(ns), 404557823
[READ-MODIFY-WRITE], 95thPercentileLatency(ns), 45633
[READ-MODIFY-WRITE], 99thPercentileLatency(ns), 54712
[LOAD], Operations, 1
[LOAD], AverageLatency(ns), 1.66648610816E11
[LOAD], MinLatency(ns), 166648086528
[LOAD], MaxLatency(ns), 166649135103
[LOAD], 95thPercentileLatency(ns), 166649135103
[LOAD], 99thPercentileLatency(ns), 166649135103
[USED_MEM_MB], Operations, 26
[USED_MEM_MB], AverageLatency(ns), 11879.76923076923
[USED_MEM_MB], MinLatency(ns), 54
[USED_MEM_MB], MaxLatency(ns), 25685
[USED_MEM_MB], 95thPercentileLatency(ns), 22324
[USED_MEM_MB], 99thPercentileLatency(ns), 25685
[MAIN_GCs_Count], Operations, 1
[MAIN_GCs_Count], AverageLatency(ns), 19.0
[MAIN_GCs_Count], MinLatency(ns), 19
[MAIN_GCs_Count], MaxLatency(ns), 19
[MAIN_GCs_Count], 95thPercentileLatency(ns), 19
[MAIN_GCs_Count], 99thPercentileLatency(ns), 19
[MAIN_GCs_Time(ms)], Operations, 1
[MAIN_GCs_Time(ms)], AverageLatency(ns), 2043.0
[MAIN_GCs_Time(ms)], MinLatency(ns), 2043
[MAIN_GCs_Time(ms)], MaxLatency(ns), 2043
[MAIN_GCs_Time(ms)], 95thPercentileLatency(ns), 2043
[MAIN_GCs_Time(ms)], 99thPercentileLatency(ns), 2043
[TRANSACTION], Operations, 1
[TRANSACTION], AverageLatency(ns), 7.907180544E10
[TRANSACTION], MinLatency(ns), 79071543296
[TRANSACTION], MaxLatency(ns), 79072067583
[TRANSACTION], 95thPercentileLatency(ns), 79072067583
[TRANSACTION], 99thPercentileLatency(ns), 79072067583
[GCS_TIME], Operations, 26
[GCS_TIME], AverageLatency(ns), 476.3076923076923
[GCS_TIME], MinLatency(ns), 0
[GCS_TIME], MaxLatency(ns), 870
[GCS_TIME], 95thPercentileLatency(ns), 819
[GCS_TIME], 99thPercentileLatency(ns), 870
[LOAD_GCs_Time(ms)], Operations, 1
[LOAD_GCs_Time(ms)], AverageLatency(ns), 10159.0
[LOAD_GCs_Time(ms)], MinLatency(ns), 10159
[LOAD_GCs_Time(ms)], MaxLatency(ns), 10159
[LOAD_GCs_Time(ms)], 95thPercentileLatency(ns), 10159
[LOAD_GCs_Time(ms)], 99thPercentileLatency(ns), 10159
[READ], Operations, 3000000
[READ], AverageLatency(ns), 724.558614
[READ], MinLatency(ns), 185
[READ], MaxLatency(ns), 4993695
[READ], 95thPercentileLatency(ns), 1722
[READ], 99thPercentileLatency(ns), 2701
[READ], Return=OK, 3000000
[INIT], Operations, 1
[INIT], AverageLatency(ns), 1.29824768E9
[INIT], MinLatency(ns), 1298243584
[INIT], MaxLatency(ns), 1298251775
[INIT], 95thPercentileLatency(ns), 1298251775
[INIT], 99thPercentileLatency(ns), 1298251775
[GCS], Operations, 26
[GCS], AverageLatency(ns), 10.115384615384615
[GCS], MinLatency(ns), 0
[GCS], MaxLatency(ns), 47
[GCS], 95thPercentileLatency(ns), 41
[GCS], 99thPercentileLatency(ns), 47
[LOAD_GCs_Count], Operations, 1
[LOAD_GCs_Count], AverageLatency(ns), 241.0
[LOAD_GCs_Count], MinLatency(ns), 241
[LOAD_GCs_Count], MaxLatency(ns), 241
[LOAD_GCs_Count], 95thPercentileLatency(ns), 241
[LOAD_GCs_Count], 99thPercentileLatency(ns), 241
[CLEANUP], Operations, 1
[CLEANUP], AverageLatency(ns), 18756.0
[CLEANUP], MinLatency(ns), 18756
[CLEANUP], MaxLatency(ns), 18756
[CLEANUP], 95thPercentileLatency(ns), 18756
[CLEANUP], 99thPercentileLatency(ns), 18756
[INSERT], Operations, 1000000
[INSERT], AverageLatency(ns), 34614.834078
[INSERT], MinLatency(ns), 28267
[INSERT], MaxLatency(ns), 256057343
[INSERT], 95thPercentileLatency(ns), 40180
[INSERT], 99thPercentileLatency(ns), 49954
[INSERT], Return=OK, 1000000
[UPDATE], Operations, 1499496
[UPDATE], AverageLatency(ns), 36351.73935775754
[UPDATE], MinLatency(ns), 28980
[UPDATE], MaxLatency(ns), 195801087
[UPDATE], 95thPercentileLatency(ns), 44223
[UPDATE], 99thPercentileLatency(ns), 53228
[UPDATE], Return=OK, 1499496
