/home/anatole/jdk8u/build/linux-x86_64-normal-server-release/jdk/bin/java -Xmx20g -XX:+UseG1GC -classpath /home/anatole/ycsb/conf:/home/anatole/ycsb/core/target/core-0.18.0-SNAPSHOT.jar:/home/anatole/ycsb/core/target/dependency/HdrHistogram-2.1.4.jar:/home/anatole/ycsb/core/target/dependency/guava-18.0.jar:/home/anatole/ycsb/core/target/dependency/htrace-core4-4.1.0-incubating.jar:/home/anatole/ycsb/core/target/dependency/jackson-core-asl-1.9.4.jar:/home/anatole/ycsb/core/target/dependency/jackson-mapper-asl-1.9.4.jar:/home/anatole/ycsb/core/target/dependency/javax.persistence-api-2.2.jar:/home/anatole/ycsb/core/target/dependency/jnvm-1.0-SNAPSHOT.jar:/home/anatole/ycsb/core/target/dependency/pcj-1.0.jar:/home/anatole/ycsb/core/target/dependency/unsafe-helper-1.0.jar:/home/anatole/ycsb/infinispan/src/main/conf:/home/anatole/ycsb/infinispan/target/infinispan-binding-0.18.0-SNAPSHOT.jar:/home/anatole/ycsb/infinispan/target/dependency/caffeine-2.6.2.jar:/home/anatole/ycsb/infinispan/target/dependency/gson-2.8.2.jar:/home/anatole/ycsb/infinispan/target/dependency/guava-18.0.jar:/home/anatole/ycsb/infinispan/target/dependency/infinispan-cachestore-jnvm-1.0-SNAPSHOT.jar:/home/anatole/ycsb/infinispan/target/dependency/infinispan-cachestore-pcj-1.0-SNAPSHOT.jar:/home/anatole/ycsb/infinispan/target/dependency/infinispan-client-hotrod-9.4.20.Final.jar:/home/anatole/ycsb/infinispan/target/dependency/infinispan-commons-9.4.20.Final.jar:/home/anatole/ycsb/infinispan/target/dependency/infinispan-core-9.4.20.Final.jar:/home/anatole/ycsb/infinispan/target/dependency/infinispan-persistence-soft-index-9.4.20.Final.jar:/home/anatole/ycsb/infinispan/target/dependency/javax.persistence-api-2.2.jar:/home/anatole/ycsb/infinispan/target/dependency/jboss-logging-3.3.2.Final.jar:/home/anatole/ycsb/infinispan/target/dependency/jboss-marshalling-osgi-2.0.6.Final.jar:/home/anatole/ycsb/infinispan/target/dependency/jboss-transaction-api_1.2_spec-1.1.1.Final.jar:/home/anatole/ycsb/infinispan/target/dependency/jgroups-4.0.21.Final.jar:/home/anatole/ycsb/infinispan/target/dependency/jnvm-1.0-SNAPSHOT.jar:/home/anatole/ycsb/infinispan/target/dependency/metainf-services-1.7.jar:/home/anatole/ycsb/infinispan/target/dependency/netty-buffer-4.1.51.Final.jar:/home/anatole/ycsb/infinispan/target/dependency/netty-codec-4.1.51.Final.jar:/home/anatole/ycsb/infinispan/target/dependency/netty-common-4.1.51.Final.jar:/home/anatole/ycsb/infinispan/target/dependency/netty-handler-4.1.51.Final.jar:/home/anatole/ycsb/infinispan/target/dependency/netty-resolver-4.1.51.Final.jar:/home/anatole/ycsb/infinispan/target/dependency/netty-transport-4.1.51.Final.jar:/home/anatole/ycsb/infinispan/target/dependency/netty-transport-native-epoll-4.1.51.Final-linux-x86_64.jar:/home/anatole/ycsb/infinispan/target/dependency/netty-transport-native-unix-common-4.1.51.Final.jar:/home/anatole/ycsb/infinispan/target/dependency/pcj-1.0.jar:/home/anatole/ycsb/infinispan/target/dependency/reactive-streams-1.0.2.jar:/home/anatole/ycsb/infinispan/target/dependency/rxjava-2.2.4.jar:/home/anatole/ycsb/infinispan/target/dependency/unsafe-helper-1.0.jar site.ycsb.Client -t -db site.ycsb.db.InfinispanClient -P ../workloads/workloadf -preload -s -threads 1 -p dataintegrity=true -p offheap=false -p recordcount=1000000 -p operationcount=3000000 -p fieldcount=10 -p fieldlength=600 -p requestdistribution=zipfian -p measurement.trackjvm=true -p measurementtype=hdrhistogram -p hdrhistogram.output.path=./out/exp7.marshalling.ref/log/infinispan.run.workloadf.true.1000000.100000.10.600.zipfian.1.false.true.default.default.pmem0.r6.hdr.log
[OVERALL], RunTime(ms), 403022
[OVERALL], Throughput(ops/sec), 9925.016500339932
[TOTAL_GCS_G1_Young_Generation], Count, 274
[TOTAL_GC_TIME_G1_Young_Generation], Time(ms), 11526
[TOTAL_GC_TIME_%_G1_Young_Generation], Time(%), 2.8598935045729514
[TOTAL_GCS_G1_Old_Generation], Count, 0
[TOTAL_GC_TIME_G1_Old_Generation], Time(ms), 0
[TOTAL_GC_TIME_%_G1_Old_Generation], Time(%), 0.0
[TOTAL_GCs], Count, 274
[TOTAL_GC_TIME], Time(ms), 11526
[TOTAL_GC_TIME_%], Time(%), 2.8598935045729514
[MAX_MEM_USED], MBs, 6143
[MIN_MEM_USED], MBs, 50
[MAX_THREADS], Count, 7
[MIN_THREADS], Count, 3
[MAX_SYS_LOAD_AVG], Load, 3.95
[MIN_SYS_LOAD_AVG], Load, 1.61
[THREAD_COUNT], Operations, 42
[THREAD_COUNT], AverageLatency(ns), 5.4523809523809526
[THREAD_COUNT], MinLatency(ns), 3
[THREAD_COUNT], MaxLatency(ns), 7
[THREAD_COUNT], 95thPercentileLatency(ns), 7
[THREAD_COUNT], 99thPercentileLatency(ns), 7
[SYS_LOAD_AVG], Operations, 42
[SYS_LOAD_AVG], AverageLatency(ns), 1.7380952380952381
[SYS_LOAD_AVG], MinLatency(ns), 1
[SYS_LOAD_AVG], MaxLatency(ns), 3
[SYS_LOAD_AVG], 95thPercentileLatency(ns), 3
[SYS_LOAD_AVG], 99thPercentileLatency(ns), 3
[READ-MODIFY-WRITE], Operations, 1500459
[READ-MODIFY-WRITE], AverageLatency(ns), 73041.71254862679
[READ-MODIFY-WRITE], MinLatency(ns), 38831
[READ-MODIFY-WRITE], MaxLatency(ns), 172717055
[READ-MODIFY-WRITE], 95thPercentileLatency(ns), 95805
[READ-MODIFY-WRITE], 99thPercentileLatency(ns), 103444
[LOAD], Operations, 1
[LOAD], AverageLatency(ns), 2.2428254208E11
[LOAD], MinLatency(ns), 224282017792
[LOAD], MaxLatency(ns), 224283066367
[LOAD], 95thPercentileLatency(ns), 224283066367
[LOAD], 99thPercentileLatency(ns), 224283066367
[USED_MEM_MB], Operations, 42
[USED_MEM_MB], AverageLatency(ns), 4197.976190476191
[USED_MEM_MB], MinLatency(ns), 50
[USED_MEM_MB], MaxLatency(ns), 6143
[USED_MEM_MB], 95thPercentileLatency(ns), 6098
[USED_MEM_MB], 99thPercentileLatency(ns), 6143
[MAIN_GCs_Count], Operations, 1
[MAIN_GCs_Count], AverageLatency(ns), 78.0
[MAIN_GCs_Count], MinLatency(ns), 78
[MAIN_GCs_Count], MaxLatency(ns), 78
[MAIN_GCs_Count], 95thPercentileLatency(ns), 78
[MAIN_GCs_Count], 99thPercentileLatency(ns), 78
[MAIN_GCs_Time(ms)], Operations, 1
[MAIN_GCs_Time(ms)], AverageLatency(ns), 6535.0
[MAIN_GCs_Time(ms)], MinLatency(ns), 6535
[MAIN_GCs_Time(ms)], MaxLatency(ns), 6535
[MAIN_GCs_Time(ms)], 95thPercentileLatency(ns), 6535
[MAIN_GCs_Time(ms)], 99thPercentileLatency(ns), 6535
[TRANSACTION], Operations, 1
[TRANSACTION], AverageLatency(ns), 1.7794072576E11
[TRANSACTION], MinLatency(ns), 177940201472
[TRANSACTION], MaxLatency(ns), 177941250047
[TRANSACTION], 95thPercentileLatency(ns), 177941250047
[TRANSACTION], 99thPercentileLatency(ns), 177941250047
[GCS_TIME], Operations, 42
[GCS_TIME], AverageLatency(ns), 274.42857142857144
[GCS_TIME], MinLatency(ns), 0
[GCS_TIME], MaxLatency(ns), 592
[GCS_TIME], 95thPercentileLatency(ns), 544
[GCS_TIME], 99thPercentileLatency(ns), 592
[LOAD_GCs_Time(ms)], Operations, 1
[LOAD_GCs_Time(ms)], AverageLatency(ns), 4895.0
[LOAD_GCs_Time(ms)], MinLatency(ns), 4895
[LOAD_GCs_Time(ms)], MaxLatency(ns), 4895
[LOAD_GCs_Time(ms)], 95thPercentileLatency(ns), 4895
[LOAD_GCs_Time(ms)], 99thPercentileLatency(ns), 4895
[READ], Operations, 3000000
[READ], AverageLatency(ns), 26245.560783
[READ], MinLatency(ns), 227
[READ], MaxLatency(ns), 154822655
[READ], 95thPercentileLatency(ns), 50427
[READ], 99thPercentileLatency(ns), 54485
[READ], Return=OK, 3000000
[INIT], Operations, 1
[INIT], AverageLatency(ns), 6.63980032E8
[INIT], MinLatency(ns), 663977984
[INIT], MaxLatency(ns), 663982079
[INIT], 95thPercentileLatency(ns), 663982079
[INIT], 99thPercentileLatency(ns), 663982079
[GCS], Operations, 42
[GCS], AverageLatency(ns), 6.523809523809524
[GCS], MinLatency(ns), 0
[GCS], MaxLatency(ns), 39
[GCS], 95thPercentileLatency(ns), 22
[GCS], 99thPercentileLatency(ns), 39
[LOAD_GCs_Count], Operations, 1
[LOAD_GCs_Count], AverageLatency(ns), 194.0
[LOAD_GCs_Count], MinLatency(ns), 194
[LOAD_GCs_Count], MaxLatency(ns), 194
[LOAD_GCs_Count], 95thPercentileLatency(ns), 194
[LOAD_GCs_Count], 99thPercentileLatency(ns), 194
[CLEANUP], Operations, 1
[CLEANUP], AverageLatency(ns), 25566.0
[CLEANUP], MinLatency(ns), 25566
[CLEANUP], MaxLatency(ns), 25566
[CLEANUP], 95thPercentileLatency(ns), 25566
[CLEANUP], 99thPercentileLatency(ns), 25566
[INSERT], Operations, 1000000
[INSERT], AverageLatency(ns), 54387.80088
[INSERT], MinLatency(ns), 44894
[INSERT], MaxLatency(ns), 64901375
[INSERT], 95thPercentileLatency(ns), 57455
[INSERT], 99thPercentileLatency(ns), 72213
[INSERT], Return=OK, 1000000
[UPDATE], Operations, 1500459
[UPDATE], AverageLatency(ns), 46260.307811143124
[UPDATE], MinLatency(ns), 38079
[UPDATE], MaxLatency(ns), 142352383
[UPDATE], 95thPercentileLatency(ns), 49271
[UPDATE], 99thPercentileLatency(ns), 55518
[UPDATE], Return=OK, 1500459
