/home/anatole/jdk8u/build/linux-x86_64-normal-server-release/jdk/bin/java -Xmx100g -XX:+UseG1GC -XX:InitiatingHeapOccupancyPercent=15 -classpath /home/anatole/ycsb/conf:/home/anatole/ycsb/core/target/core-0.18.0-SNAPSHOT.jar:/home/anatole/ycsb/core/target/dependency/HdrHistogram-2.1.4.jar:/home/anatole/ycsb/core/target/dependency/guava-18.0.jar:/home/anatole/ycsb/core/target/dependency/htrace-core4-4.1.0-incubating.jar:/home/anatole/ycsb/core/target/dependency/jackson-core-asl-1.9.4.jar:/home/anatole/ycsb/core/target/dependency/jackson-mapper-asl-1.9.4.jar:/home/anatole/ycsb/core/target/dependency/javax.persistence-api-2.2.jar:/home/anatole/ycsb/core/target/dependency/jnvm-1.0-SNAPSHOT.jar:/home/anatole/ycsb/core/target/dependency/pcj-1.0.jar:/home/anatole/ycsb/core/target/dependency/unsafe-helper-1.0.jar:/home/anatole/ycsb/infinispan/src/main/conf:/home/anatole/ycsb/infinispan/target/infinispan-binding-0.18.0-SNAPSHOT.jar:/home/anatole/ycsb/infinispan/target/dependency/caffeine-2.6.2.jar:/home/anatole/ycsb/infinispan/target/dependency/gson-2.8.2.jar:/home/anatole/ycsb/infinispan/target/dependency/guava-18.0.jar:/home/anatole/ycsb/infinispan/target/dependency/infinispan-cachestore-jnvm-1.0-SNAPSHOT.jar:/home/anatole/ycsb/infinispan/target/dependency/infinispan-cachestore-pcj-1.0-SNAPSHOT.jar:/home/anatole/ycsb/infinispan/target/dependency/infinispan-client-hotrod-9.4.20.Final.jar:/home/anatole/ycsb/infinispan/target/dependency/infinispan-commons-9.4.20.Final.jar:/home/anatole/ycsb/infinispan/target/dependency/infinispan-core-9.4.20.Final.jar:/home/anatole/ycsb/infinispan/target/dependency/infinispan-persistence-soft-index-9.4.20.Final.jar:/home/anatole/ycsb/infinispan/target/dependency/javax.persistence-api-2.2.jar:/home/anatole/ycsb/infinispan/target/dependency/jboss-logging-3.3.2.Final.jar:/home/anatole/ycsb/infinispan/target/dependency/jboss-marshalling-osgi-2.0.6.Final.jar:/home/anatole/ycsb/infinispan/target/dependency/jboss-transaction-api_1.2_spec-1.1.1.Final.jar:/home/anatole/ycsb/infinispan/target/dependency/jgroups-4.0.21.Final.jar:/home/anatole/ycsb/infinispan/target/dependency/jnvm-1.0-SNAPSHOT.jar:/home/anatole/ycsb/infinispan/target/dependency/metainf-services-1.7.jar:/home/anatole/ycsb/infinispan/target/dependency/netty-buffer-4.1.51.Final.jar:/home/anatole/ycsb/infinispan/target/dependency/netty-codec-4.1.51.Final.jar:/home/anatole/ycsb/infinispan/target/dependency/netty-common-4.1.51.Final.jar:/home/anatole/ycsb/infinispan/target/dependency/netty-handler-4.1.51.Final.jar:/home/anatole/ycsb/infinispan/target/dependency/netty-resolver-4.1.51.Final.jar:/home/anatole/ycsb/infinispan/target/dependency/netty-transport-4.1.51.Final.jar:/home/anatole/ycsb/infinispan/target/dependency/netty-transport-native-epoll-4.1.51.Final-linux-x86_64.jar:/home/anatole/ycsb/infinispan/target/dependency/netty-transport-native-unix-common-4.1.51.Final.jar:/home/anatole/ycsb/infinispan/target/dependency/pcj-1.0.jar:/home/anatole/ycsb/infinispan/target/dependency/reactive-streams-1.0.2.jar:/home/anatole/ycsb/infinispan/target/dependency/rxjava-2.2.4.jar:/home/anatole/ycsb/infinispan/target/dependency/unsafe-helper-1.0.jar site.ycsb.Client -t -db site.ycsb.db.InfinispanClient -P ../workloads/workloadf -preload -s -threads 1 -p dataintegrity=true -p offheap=false -p recordcount=1000000 -p operationcount=3000000 -p fieldcount=10 -p fieldlength=600 -p requestdistribution=zipfian -p measurement.trackjvm=true -p measurementtype=hdrhistogram -p hdrhistogram.output.path=./out/exp7.marshalling.ref/log/infinispan.run.workloadf.true.1000000.1000000.10.600.zipfian.1.false.true.default.default.none.r7.hdr.log
[OVERALL], RunTime(ms), 221319
[OVERALL], Throughput(ops/sec), 18073.459576448477
[TOTAL_GCS_G1_Young_Generation], Count, 286
[TOTAL_GC_TIME_G1_Young_Generation], Time(ms), 12201
[TOTAL_GC_TIME_%_G1_Young_Generation], Time(%), 5.512857007306196
[TOTAL_GCS_G1_Old_Generation], Count, 0
[TOTAL_GC_TIME_G1_Old_Generation], Time(ms), 0
[TOTAL_GC_TIME_%_G1_Old_Generation], Time(%), 0.0
[TOTAL_GCs], Count, 286
[TOTAL_GC_TIME], Time(ms), 12201
[TOTAL_GC_TIME_%], Time(%), 5.512857007306196
[MAX_MEM_USED], MBs, 21312
[MIN_MEM_USED], MBs, 54
[MAX_THREADS], Count, 6
[MIN_THREADS], Count, 3
[MAX_SYS_LOAD_AVG], Load, 4.42
[MIN_SYS_LOAD_AVG], Load, 1.44
[THREAD_COUNT], Operations, 24
[THREAD_COUNT], AverageLatency(ns), 4.833333333333333
[THREAD_COUNT], MinLatency(ns), 3
[THREAD_COUNT], MaxLatency(ns), 6
[THREAD_COUNT], 95thPercentileLatency(ns), 6
[THREAD_COUNT], 99thPercentileLatency(ns), 6
[SYS_LOAD_AVG], Operations, 24
[SYS_LOAD_AVG], AverageLatency(ns), 2.0833333333333335
[SYS_LOAD_AVG], MinLatency(ns), 1
[SYS_LOAD_AVG], MaxLatency(ns), 4
[SYS_LOAD_AVG], 95thPercentileLatency(ns), 3
[SYS_LOAD_AVG], 99thPercentileLatency(ns), 4
[READ-MODIFY-WRITE], Operations, 1498729
[READ-MODIFY-WRITE], AverageLatency(ns), 3077.327510176957
[READ-MODIFY-WRITE], MinLatency(ns), 1448
[READ-MODIFY-WRITE], MaxLatency(ns), 93242879
[READ-MODIFY-WRITE], 95thPercentileLatency(ns), 4823
[READ-MODIFY-WRITE], 99thPercentileLatency(ns), 6352
[LOAD], Operations, 1
[LOAD], AverageLatency(ns), 1.86053558272E11
[LOAD], MinLatency(ns), 186053033984
[LOAD], MaxLatency(ns), 186054082559
[LOAD], 95thPercentileLatency(ns), 186054082559
[LOAD], 99thPercentileLatency(ns), 186054082559
[USED_MEM_MB], Operations, 24
[USED_MEM_MB], AverageLatency(ns), 10946.125
[USED_MEM_MB], MinLatency(ns), 54
[USED_MEM_MB], MaxLatency(ns), 21312
[USED_MEM_MB], 95thPercentileLatency(ns), 21221
[USED_MEM_MB], 99thPercentileLatency(ns), 21312
[MAIN_GCs_Count], Operations, 1
[MAIN_GCs_Count], AverageLatency(ns), 15.0
[MAIN_GCs_Count], MinLatency(ns), 15
[MAIN_GCs_Count], MaxLatency(ns), 15
[MAIN_GCs_Count], 95thPercentileLatency(ns), 15
[MAIN_GCs_Count], 99thPercentileLatency(ns), 15
[MAIN_GCs_Time(ms)], Operations, 1
[MAIN_GCs_Time(ms)], AverageLatency(ns), 1613.0
[MAIN_GCs_Time(ms)], MinLatency(ns), 1613
[MAIN_GCs_Time(ms)], MaxLatency(ns), 1613
[MAIN_GCs_Time(ms)], 95thPercentileLatency(ns), 1613
[MAIN_GCs_Time(ms)], 99thPercentileLatency(ns), 1613
[TRANSACTION], Operations, 1
[TRANSACTION], AverageLatency(ns), 3.4060435456E10
[TRANSACTION], MinLatency(ns), 34060369920
[TRANSACTION], MaxLatency(ns), 34060500991
[TRANSACTION], 95thPercentileLatency(ns), 34060500991
[TRANSACTION], 99thPercentileLatency(ns), 34060500991
[GCS_TIME], Operations, 24
[GCS_TIME], AverageLatency(ns), 508.375
[GCS_TIME], MinLatency(ns), 0
[GCS_TIME], MaxLatency(ns), 877
[GCS_TIME], 95thPercentileLatency(ns), 850
[GCS_TIME], 99thPercentileLatency(ns), 877
[LOAD_GCs_Time(ms)], Operations, 1
[LOAD_GCs_Time(ms)], AverageLatency(ns), 10310.0
[LOAD_GCs_Time(ms)], MinLatency(ns), 10310
[LOAD_GCs_Time(ms)], MaxLatency(ns), 10310
[LOAD_GCs_Time(ms)], 95thPercentileLatency(ns), 10310
[LOAD_GCs_Time(ms)], 99thPercentileLatency(ns), 10310
[READ], Operations, 3000000
[READ], AverageLatency(ns), 662.9135996666666
[READ], MinLatency(ns), 148
[READ], MaxLatency(ns), 3213135
[READ], 95thPercentileLatency(ns), 1575
[READ], 99thPercentileLatency(ns), 2641
[READ], Return=OK, 3000000
[INIT], Operations, 1
[INIT], AverageLatency(ns), 8.94359552E8
[INIT], MinLatency(ns), 894357504
[INIT], MaxLatency(ns), 894361599
[INIT], 95thPercentileLatency(ns), 894361599
[INIT], 99thPercentileLatency(ns), 894361599
[GCS], Operations, 24
[GCS], AverageLatency(ns), 11.916666666666666
[GCS], MinLatency(ns), 0
[GCS], MaxLatency(ns), 57
[GCS], 95thPercentileLatency(ns), 51
[GCS], 99thPercentileLatency(ns), 57
[LOAD_GCs_Count], Operations, 1
[LOAD_GCs_Count], AverageLatency(ns), 267.0
[LOAD_GCs_Count], MinLatency(ns), 267
[LOAD_GCs_Count], MaxLatency(ns), 267
[LOAD_GCs_Count], 95thPercentileLatency(ns), 267
[LOAD_GCs_Count], 99thPercentileLatency(ns), 267
[CLEANUP], Operations, 1
[CLEANUP], AverageLatency(ns), 63935.0
[CLEANUP], MinLatency(ns), 63935
[CLEANUP], MaxLatency(ns), 63935
[CLEANUP], 95thPercentileLatency(ns), 63935
[CLEANUP], 99thPercentileLatency(ns), 63935
[INSERT], Operations, 1000000
[INSERT], AverageLatency(ns), 2443.096352
[INSERT], MinLatency(ns), 1211
[INSERT], MaxLatency(ns), 334903295
[INSERT], 95thPercentileLatency(ns), 2456
[INSERT], 99thPercentileLatency(ns), 4727
[INSERT], Return=OK, 1000000
[UPDATE], Operations, 1498729
[UPDATE], AverageLatency(ns), 2022.4586252751499
[UPDATE], MinLatency(ns), 936
[UPDATE], MaxLatency(ns), 83843583
[UPDATE], 95thPercentileLatency(ns), 3644
[UPDATE], 99thPercentileLatency(ns), 4731
[UPDATE], Return=OK, 1498729
