/home/anatole/jdk8u/build/linux-x86_64-normal-server-release/jdk/bin/java -Xmx20g -XX:+UseG1GC -classpath /home/anatole/ycsb/conf:/home/anatole/ycsb/core/target/core-0.18.0-SNAPSHOT.jar:/home/anatole/ycsb/core/target/dependency/HdrHistogram-2.1.4.jar:/home/anatole/ycsb/core/target/dependency/guava-18.0.jar:/home/anatole/ycsb/core/target/dependency/htrace-core4-4.1.0-incubating.jar:/home/anatole/ycsb/core/target/dependency/jackson-core-asl-1.9.4.jar:/home/anatole/ycsb/core/target/dependency/jackson-mapper-asl-1.9.4.jar:/home/anatole/ycsb/core/target/dependency/javax.persistence-api-2.2.jar:/home/anatole/ycsb/core/target/dependency/jnvm-1.0-SNAPSHOT.jar:/home/anatole/ycsb/core/target/dependency/pcj-1.0.jar:/home/anatole/ycsb/core/target/dependency/unsafe-helper-1.0.jar:/home/anatole/ycsb/infinispan/src/main/conf:/home/anatole/ycsb/infinispan/target/infinispan-binding-0.18.0-SNAPSHOT.jar:/home/anatole/ycsb/infinispan/target/dependency/caffeine-2.6.2.jar:/home/anatole/ycsb/infinispan/target/dependency/gson-2.8.2.jar:/home/anatole/ycsb/infinispan/target/dependency/guava-18.0.jar:/home/anatole/ycsb/infinispan/target/dependency/infinispan-cachestore-jnvm-1.0-SNAPSHOT.jar:/home/anatole/ycsb/infinispan/target/dependency/infinispan-cachestore-pcj-1.0-SNAPSHOT.jar:/home/anatole/ycsb/infinispan/target/dependency/infinispan-client-hotrod-9.4.20.Final.jar:/home/anatole/ycsb/infinispan/target/dependency/infinispan-commons-9.4.20.Final.jar:/home/anatole/ycsb/infinispan/target/dependency/infinispan-core-9.4.20.Final.jar:/home/anatole/ycsb/infinispan/target/dependency/infinispan-persistence-soft-index-9.4.20.Final.jar:/home/anatole/ycsb/infinispan/target/dependency/javax.persistence-api-2.2.jar:/home/anatole/ycsb/infinispan/target/dependency/jboss-logging-3.3.2.Final.jar:/home/anatole/ycsb/infinispan/target/dependency/jboss-marshalling-osgi-2.0.6.Final.jar:/home/anatole/ycsb/infinispan/target/dependency/jboss-transaction-api_1.2_spec-1.1.1.Final.jar:/home/anatole/ycsb/infinispan/target/dependency/jgroups-4.0.21.Final.jar:/home/anatole/ycsb/infinispan/target/dependency/jnvm-1.0-SNAPSHOT.jar:/home/anatole/ycsb/infinispan/target/dependency/metainf-services-1.7.jar:/home/anatole/ycsb/infinispan/target/dependency/netty-buffer-4.1.51.Final.jar:/home/anatole/ycsb/infinispan/target/dependency/netty-codec-4.1.51.Final.jar:/home/anatole/ycsb/infinispan/target/dependency/netty-common-4.1.51.Final.jar:/home/anatole/ycsb/infinispan/target/dependency/netty-handler-4.1.51.Final.jar:/home/anatole/ycsb/infinispan/target/dependency/netty-resolver-4.1.51.Final.jar:/home/anatole/ycsb/infinispan/target/dependency/netty-transport-4.1.51.Final.jar:/home/anatole/ycsb/infinispan/target/dependency/netty-transport-native-epoll-4.1.51.Final-linux-x86_64.jar:/home/anatole/ycsb/infinispan/target/dependency/netty-transport-native-unix-common-4.1.51.Final.jar:/home/anatole/ycsb/infinispan/target/dependency/pcj-1.0.jar:/home/anatole/ycsb/infinispan/target/dependency/reactive-streams-1.0.2.jar:/home/anatole/ycsb/infinispan/target/dependency/rxjava-2.2.4.jar:/home/anatole/ycsb/infinispan/target/dependency/unsafe-helper-1.0.jar site.ycsb.Client -t -db site.ycsb.db.InfinispanClient -P ../workloads/workloadf -preload -s -threads 1 -p dataintegrity=true -p offheap=false -p recordcount=1000000 -p operationcount=3000000 -p fieldcount=10 -p fieldlength=700 -p requestdistribution=zipfian -p measurement.trackjvm=true -p measurementtype=hdrhistogram -p hdrhistogram.output.path=./out/exp7.marshalling.ref/log/infinispan.run.workloadf.true.1000000.100000.10.700.zipfian.1.false.true.default.default.pmem0.r4.hdr.log
[OVERALL], RunTime(ms), 481554
[OVERALL], Throughput(ops/sec), 8306.441229851689
[TOTAL_GCS_G1_Young_Generation], Count, 343
[TOTAL_GC_TIME_G1_Young_Generation], Time(ms), 13308
[TOTAL_GC_TIME_%_G1_Young_Generation], Time(%), 2.7635529971716566
[TOTAL_GCS_G1_Old_Generation], Count, 0
[TOTAL_GC_TIME_G1_Old_Generation], Time(ms), 0
[TOTAL_GC_TIME_%_G1_Old_Generation], Time(%), 0.0
[TOTAL_GCs], Count, 343
[TOTAL_GC_TIME], Time(ms), 13308
[TOTAL_GC_TIME_%], Time(%), 2.7635529971716566
[MAX_MEM_USED], MBs, 6277
[MIN_MEM_USED], MBs, 52
[MAX_THREADS], Count, 7
[MIN_THREADS], Count, 3
[MAX_SYS_LOAD_AVG], Load, 3.45
[MIN_SYS_LOAD_AVG], Load, 1.03
[THREAD_COUNT], Operations, 50
[THREAD_COUNT], AverageLatency(ns), 5.38
[THREAD_COUNT], MinLatency(ns), 3
[THREAD_COUNT], MaxLatency(ns), 7
[THREAD_COUNT], 95thPercentileLatency(ns), 7
[THREAD_COUNT], 99thPercentileLatency(ns), 7
[SYS_LOAD_AVG], Operations, 50
[SYS_LOAD_AVG], AverageLatency(ns), 1.22
[SYS_LOAD_AVG], MinLatency(ns), 1
[SYS_LOAD_AVG], MaxLatency(ns), 3
[SYS_LOAD_AVG], 95thPercentileLatency(ns), 3
[SYS_LOAD_AVG], 99thPercentileLatency(ns), 3
[READ-MODIFY-WRITE], Operations, 1498820
[READ-MODIFY-WRITE], AverageLatency(ns), 78414.1348787713
[READ-MODIFY-WRITE], MinLatency(ns), 43277
[READ-MODIFY-WRITE], MaxLatency(ns), 254852095
[READ-MODIFY-WRITE], 95thPercentileLatency(ns), 101420
[READ-MODIFY-WRITE], 99thPercentileLatency(ns), 110548
[LOAD], Operations, 1
[LOAD], AverageLatency(ns), 2.85203234816E11
[LOAD], MinLatency(ns), 285202186240
[LOAD], MaxLatency(ns), 285204283391
[LOAD], 95thPercentileLatency(ns), 285204283391
[LOAD], 99thPercentileLatency(ns), 285204283391
[USED_MEM_MB], Operations, 50
[USED_MEM_MB], AverageLatency(ns), 4275.16
[USED_MEM_MB], MinLatency(ns), 52
[USED_MEM_MB], MaxLatency(ns), 6277
[USED_MEM_MB], 95thPercentileLatency(ns), 6088
[USED_MEM_MB], 99thPercentileLatency(ns), 6277
[MAIN_GCs_Count], Operations, 1
[MAIN_GCs_Count], AverageLatency(ns), 106.0
[MAIN_GCs_Count], MinLatency(ns), 106
[MAIN_GCs_Count], MaxLatency(ns), 106
[MAIN_GCs_Count], 95thPercentileLatency(ns), 106
[MAIN_GCs_Count], 99thPercentileLatency(ns), 106
[MAIN_GCs_Time(ms)], Operations, 1
[MAIN_GCs_Time(ms)], AverageLatency(ns), 7613.0
[MAIN_GCs_Time(ms)], MinLatency(ns), 7613
[MAIN_GCs_Time(ms)], MaxLatency(ns), 7613
[MAIN_GCs_Time(ms)], 95thPercentileLatency(ns), 7613
[MAIN_GCs_Time(ms)], 99thPercentileLatency(ns), 7613
[TRANSACTION], Operations, 1
[TRANSACTION], AverageLatency(ns), 1.95587211264E11
[TRANSACTION], MinLatency(ns), 195586686976
[TRANSACTION], MaxLatency(ns), 195587735551
[TRANSACTION], 95thPercentileLatency(ns), 195587735551
[TRANSACTION], 99thPercentileLatency(ns), 195587735551
[GCS_TIME], Operations, 50
[GCS_TIME], AverageLatency(ns), 266.16
[GCS_TIME], MinLatency(ns), 0
[GCS_TIME], MaxLatency(ns), 741
[GCS_TIME], 95thPercentileLatency(ns), 593
[GCS_TIME], 99thPercentileLatency(ns), 741
[LOAD_GCs_Time(ms)], Operations, 1
[LOAD_GCs_Time(ms)], AverageLatency(ns), 5672.0
[LOAD_GCs_Time(ms)], MinLatency(ns), 5672
[LOAD_GCs_Time(ms)], MaxLatency(ns), 5672
[LOAD_GCs_Time(ms)], 95thPercentileLatency(ns), 5672
[LOAD_GCs_Time(ms)], 99thPercentileLatency(ns), 5672
[READ], Operations, 3000000
[READ], AverageLatency(ns), 27085.120293666667
[READ], MinLatency(ns), 231
[READ], MaxLatency(ns), 171628543
[READ], 95thPercentileLatency(ns), 51763
[READ], 99thPercentileLatency(ns), 56029
[READ], Return=OK, 3000000
[INIT], Operations, 1
[INIT], AverageLatency(ns), 7.05964032E8
[INIT], MinLatency(ns), 705961984
[INIT], MaxLatency(ns), 705966079
[INIT], 95thPercentileLatency(ns), 705966079
[INIT], 99thPercentileLatency(ns), 705966079
[GCS], Operations, 50
[GCS], AverageLatency(ns), 6.86
[GCS], MinLatency(ns), 0
[GCS], MaxLatency(ns), 59
[GCS], 95thPercentileLatency(ns), 20
[GCS], 99thPercentileLatency(ns), 59
[LOAD_GCs_Count], Operations, 1
[LOAD_GCs_Count], AverageLatency(ns), 236.0
[LOAD_GCs_Count], MinLatency(ns), 236
[LOAD_GCs_Count], MaxLatency(ns), 236
[LOAD_GCs_Count], 95thPercentileLatency(ns), 236
[LOAD_GCs_Count], 99thPercentileLatency(ns), 236
[CLEANUP], Operations, 1
[CLEANUP], AverageLatency(ns), 17090.0
[CLEANUP], MinLatency(ns), 17090
[CLEANUP], MaxLatency(ns), 17090
[CLEANUP], 95thPercentileLatency(ns), 17090
[CLEANUP], 99thPercentileLatency(ns), 17090
[INSERT], Operations, 1000000
[INSERT], AverageLatency(ns), 59881.981129
[INSERT], MinLatency(ns), 49808
[INSERT], MaxLatency(ns), 89668607
[INSERT], 95thPercentileLatency(ns), 63017
[INSERT], 99thPercentileLatency(ns), 78331
[INSERT], Return=OK, 1000000
[UPDATE], Operations, 1498820
[UPDATE], AverageLatency(ns), 50473.67563416554
[UPDATE], MinLatency(ns), 42502
[UPDATE], MaxLatency(ns), 163889151
[UPDATE], 95thPercentileLatency(ns), 53417
[UPDATE], 99thPercentileLatency(ns), 60184
[UPDATE], Return=OK, 1498820
