/home/anatole/jdk8u/build/linux-x86_64-normal-server-release/jdk/bin/java -Xmx40g -XX:+UseG1GC -classpath /home/anatole/ycsb/conf:/home/anatole/ycsb/core/target/core-0.18.0-SNAPSHOT.jar:/home/anatole/ycsb/core/target/dependency/HdrHistogram-2.1.4.jar:/home/anatole/ycsb/core/target/dependency/guava-18.0.jar:/home/anatole/ycsb/core/target/dependency/htrace-core4-4.1.0-incubating.jar:/home/anatole/ycsb/core/target/dependency/jackson-core-asl-1.9.4.jar:/home/anatole/ycsb/core/target/dependency/jackson-mapper-asl-1.9.4.jar:/home/anatole/ycsb/core/target/dependency/javax.persistence-api-2.2.jar:/home/anatole/ycsb/core/target/dependency/jnvm-1.0-SNAPSHOT.jar:/home/anatole/ycsb/core/target/dependency/pcj-1.0.jar:/home/anatole/ycsb/core/target/dependency/unsafe-helper-1.0.jar:/home/anatole/ycsb/infinispan/src/main/conf:/home/anatole/ycsb/infinispan/target/infinispan-binding-0.18.0-SNAPSHOT.jar:/home/anatole/ycsb/infinispan/target/dependency/caffeine-2.6.2.jar:/home/anatole/ycsb/infinispan/target/dependency/gson-2.8.2.jar:/home/anatole/ycsb/infinispan/target/dependency/guava-18.0.jar:/home/anatole/ycsb/infinispan/target/dependency/infinispan-cachestore-jnvm-1.0-SNAPSHOT.jar:/home/anatole/ycsb/infinispan/target/dependency/infinispan-cachestore-pcj-1.0-SNAPSHOT.jar:/home/anatole/ycsb/infinispan/target/dependency/infinispan-client-hotrod-9.4.20.Final.jar:/home/anatole/ycsb/infinispan/target/dependency/infinispan-commons-9.4.20.Final.jar:/home/anatole/ycsb/infinispan/target/dependency/infinispan-core-9.4.20.Final.jar:/home/anatole/ycsb/infinispan/target/dependency/infinispan-persistence-soft-index-9.4.20.Final.jar:/home/anatole/ycsb/infinispan/target/dependency/javax.persistence-api-2.2.jar:/home/anatole/ycsb/infinispan/target/dependency/jboss-logging-3.3.2.Final.jar:/home/anatole/ycsb/infinispan/target/dependency/jboss-marshalling-osgi-2.0.6.Final.jar:/home/anatole/ycsb/infinispan/target/dependency/jboss-transaction-api_1.2_spec-1.1.1.Final.jar:/home/anatole/ycsb/infinispan/target/dependency/jgroups-4.0.21.Final.jar:/home/anatole/ycsb/infinispan/target/dependency/jnvm-1.0-SNAPSHOT.jar:/home/anatole/ycsb/infinispan/target/dependency/metainf-services-1.7.jar:/home/anatole/ycsb/infinispan/target/dependency/netty-buffer-4.1.51.Final.jar:/home/anatole/ycsb/infinispan/target/dependency/netty-codec-4.1.51.Final.jar:/home/anatole/ycsb/infinispan/target/dependency/netty-common-4.1.51.Final.jar:/home/anatole/ycsb/infinispan/target/dependency/netty-handler-4.1.51.Final.jar:/home/anatole/ycsb/infinispan/target/dependency/netty-resolver-4.1.51.Final.jar:/home/anatole/ycsb/infinispan/target/dependency/netty-transport-4.1.51.Final.jar:/home/anatole/ycsb/infinispan/target/dependency/netty-transport-native-epoll-4.1.51.Final-linux-x86_64.jar:/home/anatole/ycsb/infinispan/target/dependency/netty-transport-native-unix-common-4.1.51.Final.jar:/home/anatole/ycsb/infinispan/target/dependency/pcj-1.0.jar:/home/anatole/ycsb/infinispan/target/dependency/reactive-streams-1.0.2.jar:/home/anatole/ycsb/infinispan/target/dependency/rxjava-2.2.4.jar:/home/anatole/ycsb/infinispan/target/dependency/unsafe-helper-1.0.jar site.ycsb.Client -t -db site.ycsb.db.InfinispanClient -P ../workloads/workloadf -preload -s -threads 1 -p dataintegrity=true -p offheap=false -p recordcount=1000000 -p operationcount=3000000 -p fieldcount=10 -p fieldlength=1000 -p requestdistribution=zipfian -p measurement.trackjvm=true -p measurementtype=hdrhistogram -p hdrhistogram.output.path=./out/exp7.marshalling.ref/log/infinispan.run.workloadf.true.1000000.1000000.10.1000.zipfian.1.false.true.default.default.nullfsvfs.r3.hdr.log
[OVERALL], RunTime(ms), 712237
[OVERALL], Throughput(ops/sec), 5616.108121313551
[TOTAL_GCS_G1_Young_Generation], Count, 1664
[TOTAL_GC_TIME_G1_Young_Generation], Time(ms), 40747
[TOTAL_GC_TIME_%_G1_Young_Generation], Time(%), 5.7209889404790815
[TOTAL_GCS_G1_Old_Generation], Count, 0
[TOTAL_GC_TIME_G1_Old_Generation], Time(ms), 0
[TOTAL_GC_TIME_%_G1_Old_Generation], Time(%), 0.0
[TOTAL_GCs], Count, 1664
[TOTAL_GC_TIME], Time(ms), 40747
[TOTAL_GC_TIME_%], Time(%), 5.7209889404790815
[MAX_MEM_USED], MBs, 25789
[MIN_MEM_USED], MBs, 52
[MAX_THREADS], Count, 7
[MIN_THREADS], Count, 3
[MAX_SYS_LOAD_AVG], Load, 8.29
[MIN_SYS_LOAD_AVG], Load, 2.15
[THREAD_COUNT], Operations, 73
[THREAD_COUNT], AverageLatency(ns), 5.260273972602739
[THREAD_COUNT], MinLatency(ns), 3
[THREAD_COUNT], MaxLatency(ns), 7
[THREAD_COUNT], 95thPercentileLatency(ns), 7
[THREAD_COUNT], 99thPercentileLatency(ns), 7
[SYS_LOAD_AVG], Operations, 73
[SYS_LOAD_AVG], AverageLatency(ns), 4.2465753424657535
[SYS_LOAD_AVG], MinLatency(ns), 2
[SYS_LOAD_AVG], MaxLatency(ns), 8
[SYS_LOAD_AVG], 95thPercentileLatency(ns), 6
[SYS_LOAD_AVG], 99thPercentileLatency(ns), 7
[READ-MODIFY-WRITE], Operations, 1498196
[READ-MODIFY-WRITE], AverageLatency(ns), 62738.78262189994
[READ-MODIFY-WRITE], MinLatency(ns), 50082
[READ-MODIFY-WRITE], MaxLatency(ns), 175762431
[READ-MODIFY-WRITE], 95thPercentileLatency(ns), 72678
[READ-MODIFY-WRITE], 99thPercentileLatency(ns), 81005
[LOAD], Operations, 1
[LOAD], AverageLatency(ns), 5.41603135488E11
[LOAD], MinLatency(ns), 541602086912
[LOAD], MaxLatency(ns), 541604184063
[LOAD], 95thPercentileLatency(ns), 541604184063
[LOAD], 99thPercentileLatency(ns), 541604184063
[USED_MEM_MB], Operations, 73
[USED_MEM_MB], AverageLatency(ns), 15576.479452054795
[USED_MEM_MB], MinLatency(ns), 52
[USED_MEM_MB], MaxLatency(ns), 25789
[USED_MEM_MB], 95thPercentileLatency(ns), 25251
[USED_MEM_MB], 99thPercentileLatency(ns), 25527
[MAIN_GCs_Count], Operations, 1
[MAIN_GCs_Count], AverageLatency(ns), 191.0
[MAIN_GCs_Count], MinLatency(ns), 191
[MAIN_GCs_Count], MaxLatency(ns), 191
[MAIN_GCs_Count], 95thPercentileLatency(ns), 191
[MAIN_GCs_Count], 99thPercentileLatency(ns), 191
[MAIN_GCs_Time(ms)], Operations, 1
[MAIN_GCs_Time(ms)], AverageLatency(ns), 9570.0
[MAIN_GCs_Time(ms)], MinLatency(ns), 9570
[MAIN_GCs_Time(ms)], MaxLatency(ns), 9570
[MAIN_GCs_Time(ms)], 95thPercentileLatency(ns), 9570
[MAIN_GCs_Time(ms)], 99thPercentileLatency(ns), 9570
[TRANSACTION], Operations, 1
[TRANSACTION], AverageLatency(ns), 1.69886613504E11
[TRANSACTION], MinLatency(ns), 169886089216
[TRANSACTION], MaxLatency(ns), 169887137791
[TRANSACTION], 95thPercentileLatency(ns), 169887137791
[TRANSACTION], 99thPercentileLatency(ns), 169887137791
[GCS_TIME], Operations, 73
[GCS_TIME], AverageLatency(ns), 558.1780821917808
[GCS_TIME], MinLatency(ns), 0
[GCS_TIME], MaxLatency(ns), 738
[GCS_TIME], 95thPercentileLatency(ns), 684
[GCS_TIME], 99thPercentileLatency(ns), 719
[LOAD_GCs_Time(ms)], Operations, 1
[LOAD_GCs_Time(ms)], AverageLatency(ns), 31138.0
[LOAD_GCs_Time(ms)], MinLatency(ns), 31138
[LOAD_GCs_Time(ms)], MaxLatency(ns), 31138
[LOAD_GCs_Time(ms)], 95thPercentileLatency(ns), 31138
[LOAD_GCs_Time(ms)], 99thPercentileLatency(ns), 31138
[READ], Operations, 3000000
[READ], AverageLatency(ns), 830.6052553333334
[READ], MinLatency(ns), 209
[READ], MaxLatency(ns), 17319423
[READ], 95thPercentileLatency(ns), 1983
[READ], 99thPercentileLatency(ns), 3123
[READ], Return=OK, 3000000
[INIT], Operations, 1
[INIT], AverageLatency(ns), 6.91369984E8
[INIT], MinLatency(ns), 691367936
[INIT], MaxLatency(ns), 691372031
[INIT], 95thPercentileLatency(ns), 691372031
[INIT], 99thPercentileLatency(ns), 691372031
[GCS], Operations, 73
[GCS], AverageLatency(ns), 22.794520547945204
[GCS], MinLatency(ns), 0
[GCS], MaxLatency(ns), 52
[GCS], 95thPercentileLatency(ns), 49
[GCS], 99thPercentileLatency(ns), 52
[LOAD_GCs_Count], Operations, 1
[LOAD_GCs_Count], AverageLatency(ns), 1471.0
[LOAD_GCs_Count], MinLatency(ns), 1471
[LOAD_GCs_Count], MaxLatency(ns), 1471
[LOAD_GCs_Count], 95thPercentileLatency(ns), 1471
[LOAD_GCs_Count], 99thPercentileLatency(ns), 1471
[CLEANUP], Operations, 1
[CLEANUP], AverageLatency(ns), 15156.0
[CLEANUP], MinLatency(ns), 15156
[CLEANUP], MaxLatency(ns), 15156
[CLEANUP], 95thPercentileLatency(ns), 15156
[CLEANUP], 99thPercentileLatency(ns), 15156
[INSERT], Operations, 1000000
[INSERT], AverageLatency(ns), 66937.722773
[INSERT], MinLatency(ns), 52745
[INSERT], MaxLatency(ns), 146026495
[INSERT], 95thPercentileLatency(ns), 75709
[INSERT], 99thPercentileLatency(ns), 98605
[INSERT], Return=OK, 1000000
[UPDATE], Operations, 1498196
[UPDATE], AverageLatency(ns), 60808.09670230063
[UPDATE], MinLatency(ns), 48900
[UPDATE], MaxLatency(ns), 107509759
[UPDATE], 95thPercentileLatency(ns), 71067
[UPDATE], 99thPercentileLatency(ns), 79005
[UPDATE], Return=OK, 1498196
