/home/anatole/jdk8u/build/linux-x86_64-normal-server-release/jdk/bin/java -Xmx100g -XX:+UseG1GC -XX:InitiatingHeapOccupancyPercent=15 -classpath /home/anatole/ycsb/conf:/home/anatole/ycsb/core/target/core-0.18.0-SNAPSHOT.jar:/home/anatole/ycsb/core/target/dependency/HdrHistogram-2.1.4.jar:/home/anatole/ycsb/core/target/dependency/guava-18.0.jar:/home/anatole/ycsb/core/target/dependency/htrace-core4-4.1.0-incubating.jar:/home/anatole/ycsb/core/target/dependency/jackson-core-asl-1.9.4.jar:/home/anatole/ycsb/core/target/dependency/jackson-mapper-asl-1.9.4.jar:/home/anatole/ycsb/core/target/dependency/javax.persistence-api-2.2.jar:/home/anatole/ycsb/core/target/dependency/jnvm-1.0-SNAPSHOT.jar:/home/anatole/ycsb/core/target/dependency/pcj-1.0.jar:/home/anatole/ycsb/core/target/dependency/unsafe-helper-1.0.jar:/home/anatole/ycsb/infinispan/src/main/conf:/home/anatole/ycsb/infinispan/target/infinispan-binding-0.18.0-SNAPSHOT.jar:/home/anatole/ycsb/infinispan/target/dependency/caffeine-2.6.2.jar:/home/anatole/ycsb/infinispan/target/dependency/gson-2.8.2.jar:/home/anatole/ycsb/infinispan/target/dependency/guava-18.0.jar:/home/anatole/ycsb/infinispan/target/dependency/infinispan-cachestore-jnvm-1.0-SNAPSHOT.jar:/home/anatole/ycsb/infinispan/target/dependency/infinispan-cachestore-pcj-1.0-SNAPSHOT.jar:/home/anatole/ycsb/infinispan/target/dependency/infinispan-client-hotrod-9.4.20.Final.jar:/home/anatole/ycsb/infinispan/target/dependency/infinispan-commons-9.4.20.Final.jar:/home/anatole/ycsb/infinispan/target/dependency/infinispan-core-9.4.20.Final.jar:/home/anatole/ycsb/infinispan/target/dependency/infinispan-persistence-soft-index-9.4.20.Final.jar:/home/anatole/ycsb/infinispan/target/dependency/javax.persistence-api-2.2.jar:/home/anatole/ycsb/infinispan/target/dependency/jboss-logging-3.3.2.Final.jar:/home/anatole/ycsb/infinispan/target/dependency/jboss-marshalling-osgi-2.0.6.Final.jar:/home/anatole/ycsb/infinispan/target/dependency/jboss-transaction-api_1.2_spec-1.1.1.Final.jar:/home/anatole/ycsb/infinispan/target/dependency/jgroups-4.0.21.Final.jar:/home/anatole/ycsb/infinispan/target/dependency/jnvm-1.0-SNAPSHOT.jar:/home/anatole/ycsb/infinispan/target/dependency/metainf-services-1.7.jar:/home/anatole/ycsb/infinispan/target/dependency/netty-buffer-4.1.51.Final.jar:/home/anatole/ycsb/infinispan/target/dependency/netty-codec-4.1.51.Final.jar:/home/anatole/ycsb/infinispan/target/dependency/netty-common-4.1.51.Final.jar:/home/anatole/ycsb/infinispan/target/dependency/netty-handler-4.1.51.Final.jar:/home/anatole/ycsb/infinispan/target/dependency/netty-resolver-4.1.51.Final.jar:/home/anatole/ycsb/infinispan/target/dependency/netty-transport-4.1.51.Final.jar:/home/anatole/ycsb/infinispan/target/dependency/netty-transport-native-epoll-4.1.51.Final-linux-x86_64.jar:/home/anatole/ycsb/infinispan/target/dependency/netty-transport-native-unix-common-4.1.51.Final.jar:/home/anatole/ycsb/infinispan/target/dependency/pcj-1.0.jar:/home/anatole/ycsb/infinispan/target/dependency/reactive-streams-1.0.2.jar:/home/anatole/ycsb/infinispan/target/dependency/rxjava-2.2.4.jar:/home/anatole/ycsb/infinispan/target/dependency/unsafe-helper-1.0.jar site.ycsb.Client -t -db site.ycsb.db.InfinispanClient -P ../workloads/workloadf -preload -s -threads 1 -p dataintegrity=true -p offheap=false -p recordcount=1000000 -p operationcount=3000000 -p fieldcount=10 -p fieldlength=1000 -p requestdistribution=zipfian -p measurement.trackjvm=true -p measurementtype=hdrhistogram -p hdrhistogram.output.path=./out/exp7.marshalling.ref/log/infinispan.run.workloadf.true.1000000.1000000.10.1000.zipfian.1.false.true.default.default.nullfsvfs.r5.hdr.log
[OVERALL], RunTime(ms), 707744
[OVERALL], Throughput(ops/sec), 5651.761088755256
[TOTAL_GCS_G1_Young_Generation], Count, 1280
[TOTAL_GC_TIME_G1_Young_Generation], Time(ms), 35458
[TOTAL_GC_TIME_%_G1_Young_Generation], Time(%), 5.010003617127097
[TOTAL_GCS_G1_Old_Generation], Count, 0
[TOTAL_GC_TIME_G1_Old_Generation], Time(ms), 0
[TOTAL_GC_TIME_%_G1_Old_Generation], Time(%), 0.0
[TOTAL_GCs], Count, 1280
[TOTAL_GC_TIME], Time(ms), 35458
[TOTAL_GC_TIME_%], Time(%), 5.010003617127097
[MAX_MEM_USED], MBs, 25743
[MIN_MEM_USED], MBs, 56
[MAX_THREADS], Count, 7
[MIN_THREADS], Count, 3
[MAX_SYS_LOAD_AVG], Load, 8.45
[MIN_SYS_LOAD_AVG], Load, 1.59
[THREAD_COUNT], Operations, 72
[THREAD_COUNT], AverageLatency(ns), 5.263888888888889
[THREAD_COUNT], MinLatency(ns), 3
[THREAD_COUNT], MaxLatency(ns), 7
[THREAD_COUNT], 95thPercentileLatency(ns), 7
[THREAD_COUNT], 99thPercentileLatency(ns), 7
[SYS_LOAD_AVG], Operations, 72
[SYS_LOAD_AVG], AverageLatency(ns), 3.9305555555555554
[SYS_LOAD_AVG], MinLatency(ns), 1
[SYS_LOAD_AVG], MaxLatency(ns), 8
[SYS_LOAD_AVG], 95thPercentileLatency(ns), 7
[SYS_LOAD_AVG], 99thPercentileLatency(ns), 7
[READ-MODIFY-WRITE], Operations, 1499705
[READ-MODIFY-WRITE], AverageLatency(ns), 62449.14185123074
[READ-MODIFY-WRITE], MinLatency(ns), 49516
[READ-MODIFY-WRITE], MaxLatency(ns), 161528831
[READ-MODIFY-WRITE], 95thPercentileLatency(ns), 71546
[READ-MODIFY-WRITE], 99thPercentileLatency(ns), 77475
[LOAD], Operations, 1
[LOAD], AverageLatency(ns), 5.36767102976E11
[LOAD], MinLatency(ns), 536766054400
[LOAD], MaxLatency(ns), 536768151551
[LOAD], 95thPercentileLatency(ns), 536768151551
[LOAD], 99thPercentileLatency(ns), 536768151551
[USED_MEM_MB], Operations, 72
[USED_MEM_MB], AverageLatency(ns), 16217.847222222223
[USED_MEM_MB], MinLatency(ns), 56
[USED_MEM_MB], MaxLatency(ns), 25743
[USED_MEM_MB], 95thPercentileLatency(ns), 25162
[USED_MEM_MB], 99thPercentileLatency(ns), 25490
[MAIN_GCs_Count], Operations, 1
[MAIN_GCs_Count], AverageLatency(ns), 190.0
[MAIN_GCs_Count], MinLatency(ns), 190
[MAIN_GCs_Count], MaxLatency(ns), 190
[MAIN_GCs_Count], 95thPercentileLatency(ns), 190
[MAIN_GCs_Count], 99thPercentileLatency(ns), 190
[MAIN_GCs_Time(ms)], Operations, 1
[MAIN_GCs_Time(ms)], AverageLatency(ns), 8815.0
[MAIN_GCs_Time(ms)], MinLatency(ns), 8815
[MAIN_GCs_Time(ms)], MaxLatency(ns), 8815
[MAIN_GCs_Time(ms)], 95thPercentileLatency(ns), 8815
[MAIN_GCs_Time(ms)], 99thPercentileLatency(ns), 8815
[TRANSACTION], Operations, 1
[TRANSACTION], AverageLatency(ns), 1.7012883456E11
[TRANSACTION], MinLatency(ns), 170128310272
[TRANSACTION], MaxLatency(ns), 170129358847
[TRANSACTION], 95thPercentileLatency(ns), 170129358847
[TRANSACTION], 99thPercentileLatency(ns), 170129358847
[GCS_TIME], Operations, 72
[GCS_TIME], AverageLatency(ns), 492.47222222222223
[GCS_TIME], MinLatency(ns), 0
[GCS_TIME], MaxLatency(ns), 764
[GCS_TIME], 95thPercentileLatency(ns), 665
[GCS_TIME], 99thPercentileLatency(ns), 696
[LOAD_GCs_Time(ms)], Operations, 1
[LOAD_GCs_Time(ms)], AverageLatency(ns), 26542.0
[LOAD_GCs_Time(ms)], MinLatency(ns), 26542
[LOAD_GCs_Time(ms)], MaxLatency(ns), 26542
[LOAD_GCs_Time(ms)], 95thPercentileLatency(ns), 26542
[LOAD_GCs_Time(ms)], 99thPercentileLatency(ns), 26542
[READ], Operations, 3000000
[READ], AverageLatency(ns), 844.1123926666667
[READ], MinLatency(ns), 206
[READ], MaxLatency(ns), 26580479
[READ], 95thPercentileLatency(ns), 1951
[READ], 99thPercentileLatency(ns), 3016
[READ], Return=OK, 3000000
[INIT], Operations, 1
[INIT], AverageLatency(ns), 7.19640576E8
[INIT], MinLatency(ns), 719638528
[INIT], MaxLatency(ns), 719642623
[INIT], 95thPercentileLatency(ns), 719642623
[INIT], 99thPercentileLatency(ns), 719642623
[GCS], Operations, 72
[GCS], AverageLatency(ns), 17.77777777777778
[GCS], MinLatency(ns), 0
[GCS], MaxLatency(ns), 90
[GCS], 95thPercentileLatency(ns), 50
[GCS], 99thPercentileLatency(ns), 89
[LOAD_GCs_Count], Operations, 1
[LOAD_GCs_Count], AverageLatency(ns), 1086.0
[LOAD_GCs_Count], MinLatency(ns), 1086
[LOAD_GCs_Count], MaxLatency(ns), 1086
[LOAD_GCs_Count], 95thPercentileLatency(ns), 1086
[LOAD_GCs_Count], 99thPercentileLatency(ns), 1086
[CLEANUP], Operations, 1
[CLEANUP], AverageLatency(ns), 54062.0
[CLEANUP], MinLatency(ns), 54062
[CLEANUP], MaxLatency(ns), 54062
[CLEANUP], 95thPercentileLatency(ns), 54062
[CLEANUP], 99thPercentileLatency(ns), 54062
[INSERT], Operations, 1000000
[INSERT], AverageLatency(ns), 64830.17218
[INSERT], MinLatency(ns), 52059
[INSERT], MaxLatency(ns), 136194047
[INSERT], 95thPercentileLatency(ns), 72962
[INSERT], 99thPercentileLatency(ns), 88776
[INSERT], Return=OK, 1000000
[UPDATE], Operations, 1499705
[UPDATE], AverageLatency(ns), 60624.747327641104
[UPDATE], MinLatency(ns), 48682
[UPDATE], MaxLatency(ns), 155341823
[UPDATE], 95thPercentileLatency(ns), 69969
[UPDATE], 99thPercentileLatency(ns), 75714
[UPDATE], Return=OK, 1499705
