/home/anatole/jdk8u/build/linux-x86_64-normal-server-release/jdk/bin/java -Xmx100g -XX:+UseG1GC -XX:InitiatingHeapOccupancyPercent=15 -classpath /home/anatole/ycsb/conf:/home/anatole/ycsb/core/target/core-0.18.0-SNAPSHOT.jar:/home/anatole/ycsb/core/target/dependency/HdrHistogram-2.1.4.jar:/home/anatole/ycsb/core/target/dependency/guava-18.0.jar:/home/anatole/ycsb/core/target/dependency/htrace-core4-4.1.0-incubating.jar:/home/anatole/ycsb/core/target/dependency/jackson-core-asl-1.9.4.jar:/home/anatole/ycsb/core/target/dependency/jackson-mapper-asl-1.9.4.jar:/home/anatole/ycsb/core/target/dependency/javax.persistence-api-2.2.jar:/home/anatole/ycsb/core/target/dependency/jnvm-1.0-SNAPSHOT.jar:/home/anatole/ycsb/core/target/dependency/pcj-1.0.jar:/home/anatole/ycsb/core/target/dependency/unsafe-helper-1.0.jar:/home/anatole/ycsb/infinispan/src/main/conf:/home/anatole/ycsb/infinispan/target/infinispan-binding-0.18.0-SNAPSHOT.jar:/home/anatole/ycsb/infinispan/target/dependency/caffeine-2.6.2.jar:/home/anatole/ycsb/infinispan/target/dependency/gson-2.8.2.jar:/home/anatole/ycsb/infinispan/target/dependency/guava-18.0.jar:/home/anatole/ycsb/infinispan/target/dependency/infinispan-cachestore-jnvm-1.0-SNAPSHOT.jar:/home/anatole/ycsb/infinispan/target/dependency/infinispan-cachestore-pcj-1.0-SNAPSHOT.jar:/home/anatole/ycsb/infinispan/target/dependency/infinispan-client-hotrod-9.4.20.Final.jar:/home/anatole/ycsb/infinispan/target/dependency/infinispan-commons-9.4.20.Final.jar:/home/anatole/ycsb/infinispan/target/dependency/infinispan-core-9.4.20.Final.jar:/home/anatole/ycsb/infinispan/target/dependency/infinispan-persistence-soft-index-9.4.20.Final.jar:/home/anatole/ycsb/infinispan/target/dependency/javax.persistence-api-2.2.jar:/home/anatole/ycsb/infinispan/target/dependency/jboss-logging-3.3.2.Final.jar:/home/anatole/ycsb/infinispan/target/dependency/jboss-marshalling-osgi-2.0.6.Final.jar:/home/anatole/ycsb/infinispan/target/dependency/jboss-transaction-api_1.2_spec-1.1.1.Final.jar:/home/anatole/ycsb/infinispan/target/dependency/jgroups-4.0.21.Final.jar:/home/anatole/ycsb/infinispan/target/dependency/jnvm-1.0-SNAPSHOT.jar:/home/anatole/ycsb/infinispan/target/dependency/metainf-services-1.7.jar:/home/anatole/ycsb/infinispan/target/dependency/netty-buffer-4.1.51.Final.jar:/home/anatole/ycsb/infinispan/target/dependency/netty-codec-4.1.51.Final.jar:/home/anatole/ycsb/infinispan/target/dependency/netty-common-4.1.51.Final.jar:/home/anatole/ycsb/infinispan/target/dependency/netty-handler-4.1.51.Final.jar:/home/anatole/ycsb/infinispan/target/dependency/netty-resolver-4.1.51.Final.jar:/home/anatole/ycsb/infinispan/target/dependency/netty-transport-4.1.51.Final.jar:/home/anatole/ycsb/infinispan/target/dependency/netty-transport-native-epoll-4.1.51.Final-linux-x86_64.jar:/home/anatole/ycsb/infinispan/target/dependency/netty-transport-native-unix-common-4.1.51.Final.jar:/home/anatole/ycsb/infinispan/target/dependency/pcj-1.0.jar:/home/anatole/ycsb/infinispan/target/dependency/reactive-streams-1.0.2.jar:/home/anatole/ycsb/infinispan/target/dependency/rxjava-2.2.4.jar:/home/anatole/ycsb/infinispan/target/dependency/unsafe-helper-1.0.jar site.ycsb.Client -t -db site.ycsb.db.InfinispanClient -P ../workloads/workloadf -preload -s -threads 1 -p dataintegrity=true -p offheap=false -p recordcount=1000000 -p operationcount=3000000 -p fieldcount=10 -p fieldlength=800 -p requestdistribution=zipfian -p measurement.trackjvm=true -p measurementtype=hdrhistogram -p hdrhistogram.output.path=./out/exp7.marshalling.ref/log/infinispan.run.workloadf.true.1000000.1000000.10.800.zipfian.1.false.true.default.default.tmpfs.r6.hdr.log
[OVERALL], RunTime(ms), 506249
[OVERALL], Throughput(ops/sec), 7901.250175308988
[TOTAL_GCS_G1_Young_Generation], Count, 463
[TOTAL_GC_TIME_G1_Young_Generation], Time(ms), 19402
[TOTAL_GC_TIME_%_G1_Young_Generation], Time(%), 3.832501397533625
[TOTAL_GCS_G1_Old_Generation], Count, 0
[TOTAL_GC_TIME_G1_Old_Generation], Time(ms), 0
[TOTAL_GC_TIME_%_G1_Old_Generation], Time(%), 0.0
[TOTAL_GCs], Count, 463
[TOTAL_GC_TIME], Time(ms), 19402
[TOTAL_GC_TIME_%], Time(%), 3.832501397533625
[MAX_MEM_USED], MBs, 29460
[MIN_MEM_USED], MBs, 56
[MAX_THREADS], Count, 7
[MIN_THREADS], Count, 3
[MAX_SYS_LOAD_AVG], Load, 5.06
[MIN_SYS_LOAD_AVG], Load, 1.38
[THREAD_COUNT], Operations, 52
[THREAD_COUNT], AverageLatency(ns), 5.365384615384615
[THREAD_COUNT], MinLatency(ns), 3
[THREAD_COUNT], MaxLatency(ns), 7
[THREAD_COUNT], 95thPercentileLatency(ns), 7
[THREAD_COUNT], 99thPercentileLatency(ns), 7
[SYS_LOAD_AVG], Operations, 52
[SYS_LOAD_AVG], AverageLatency(ns), 2.1346153846153846
[SYS_LOAD_AVG], MinLatency(ns), 1
[SYS_LOAD_AVG], MaxLatency(ns), 5
[SYS_LOAD_AVG], 95thPercentileLatency(ns), 4
[SYS_LOAD_AVG], 99thPercentileLatency(ns), 4
[READ-MODIFY-WRITE], Operations, 1499166
[READ-MODIFY-WRITE], AverageLatency(ns), 61198.198938609865
[READ-MODIFY-WRITE], MinLatency(ns), 47890
[READ-MODIFY-WRITE], MaxLatency(ns), 164859903
[READ-MODIFY-WRITE], 95thPercentileLatency(ns), 68268
[READ-MODIFY-WRITE], 99thPercentileLatency(ns), 78278
[LOAD], Operations, 1
[LOAD], AverageLatency(ns), 3.6637769728E11
[LOAD], MinLatency(ns), 366376648704
[LOAD], MaxLatency(ns), 366378745855
[LOAD], 95thPercentileLatency(ns), 366378745855
[LOAD], 99thPercentileLatency(ns), 366378745855
[USED_MEM_MB], Operations, 52
[USED_MEM_MB], AverageLatency(ns), 15547.076923076924
[USED_MEM_MB], MinLatency(ns), 56
[USED_MEM_MB], MaxLatency(ns), 29460
[USED_MEM_MB], 95thPercentileLatency(ns), 24980
[USED_MEM_MB], 99thPercentileLatency(ns), 29451
[MAIN_GCs_Count], Operations, 1
[MAIN_GCs_Count], AverageLatency(ns), 31.0
[MAIN_GCs_Count], MinLatency(ns), 31
[MAIN_GCs_Count], MaxLatency(ns), 31
[MAIN_GCs_Count], 95thPercentileLatency(ns), 31
[MAIN_GCs_Count], 99thPercentileLatency(ns), 31
[MAIN_GCs_Time(ms)], Operations, 1
[MAIN_GCs_Time(ms)], AverageLatency(ns), 2533.0
[MAIN_GCs_Time(ms)], MinLatency(ns), 2533
[MAIN_GCs_Time(ms)], MaxLatency(ns), 2533
[MAIN_GCs_Time(ms)], 95thPercentileLatency(ns), 2533
[MAIN_GCs_Time(ms)], 99thPercentileLatency(ns), 2533
[TRANSACTION], Operations, 1
[TRANSACTION], AverageLatency(ns), 1.38864492544E11
[TRANSACTION], MinLatency(ns), 138863968256
[TRANSACTION], MaxLatency(ns), 138865016831
[TRANSACTION], 95thPercentileLatency(ns), 138865016831
[TRANSACTION], 99thPercentileLatency(ns), 138865016831
[GCS_TIME], Operations, 52
[GCS_TIME], AverageLatency(ns), 373.11538461538464
[GCS_TIME], MinLatency(ns), 0
[GCS_TIME], MaxLatency(ns), 790
[GCS_TIME], 95thPercentileLatency(ns), 682
[GCS_TIME], 99thPercentileLatency(ns), 738
[LOAD_GCs_Time(ms)], Operations, 1
[LOAD_GCs_Time(ms)], AverageLatency(ns), 16681.0
[LOAD_GCs_Time(ms)], MinLatency(ns), 16681
[LOAD_GCs_Time(ms)], MaxLatency(ns), 16681
[LOAD_GCs_Time(ms)], 95thPercentileLatency(ns), 16681
[LOAD_GCs_Time(ms)], 99thPercentileLatency(ns), 16681
[READ], Operations, 3000000
[READ], AverageLatency(ns), 942.720313
[READ], MinLatency(ns), 202
[READ], MaxLatency(ns), 15813055
[READ], 95thPercentileLatency(ns), 2588
[READ], 99thPercentileLatency(ns), 4735
[READ], Return=OK, 3000000
[INIT], Operations, 1
[INIT], AverageLatency(ns), 7.45097216E8
[INIT], MinLatency(ns), 745095168
[INIT], MaxLatency(ns), 745099263
[INIT], 95thPercentileLatency(ns), 745099263
[INIT], 99thPercentileLatency(ns), 745099263
[GCS], Operations, 52
[GCS], AverageLatency(ns), 8.903846153846153
[GCS], MinLatency(ns), 0
[GCS], MaxLatency(ns), 72
[GCS], 95thPercentileLatency(ns), 40
[GCS], 99thPercentileLatency(ns), 49
[LOAD_GCs_Count], Operations, 1
[LOAD_GCs_Count], AverageLatency(ns), 428.0
[LOAD_GCs_Count], MinLatency(ns), 428
[LOAD_GCs_Count], MaxLatency(ns), 428
[LOAD_GCs_Count], 95thPercentileLatency(ns), 428
[LOAD_GCs_Count], 99thPercentileLatency(ns), 428
[CLEANUP], Operations, 1
[CLEANUP], AverageLatency(ns), 20627.0
[CLEANUP], MinLatency(ns), 20627
[CLEANUP], MaxLatency(ns), 20627
[CLEANUP], 95thPercentileLatency(ns), 20627
[CLEANUP], 99thPercentileLatency(ns), 20627
[INSERT], Operations, 1000000
[INSERT], AverageLatency(ns), 58692.391194
[INSERT], MinLatency(ns), 48229
[INSERT], MaxLatency(ns), 204725247
[INSERT], 95thPercentileLatency(ns), 66559
[INSERT], 99thPercentileLatency(ns), 83847
[INSERT], Return=OK, 1000000
[UPDATE], Operations, 1499166
[UPDATE], AverageLatency(ns), 59417.26387538138
[UPDATE], MinLatency(ns), 47183
[UPDATE], MaxLatency(ns), 129960447
[UPDATE], 95thPercentileLatency(ns), 66528
[UPDATE], 99thPercentileLatency(ns), 76348
[UPDATE], Return=OK, 1499166
