/home/anatole/jdk8u/build/linux-x86_64-normal-server-release/jdk/bin/java -Xmx20g -XX:+UseG1GC -classpath /home/anatole/ycsb/conf:/home/anatole/ycsb/core/target/core-0.18.0-SNAPSHOT.jar:/home/anatole/ycsb/core/target/dependency/HdrHistogram-2.1.4.jar:/home/anatole/ycsb/core/target/dependency/guava-18.0.jar:/home/anatole/ycsb/core/target/dependency/htrace-core4-4.1.0-incubating.jar:/home/anatole/ycsb/core/target/dependency/jackson-core-asl-1.9.4.jar:/home/anatole/ycsb/core/target/dependency/jackson-mapper-asl-1.9.4.jar:/home/anatole/ycsb/core/target/dependency/javax.persistence-api-2.2.jar:/home/anatole/ycsb/core/target/dependency/jnvm-1.0-SNAPSHOT.jar:/home/anatole/ycsb/core/target/dependency/pcj-1.0.jar:/home/anatole/ycsb/core/target/dependency/unsafe-helper-1.0.jar:/home/anatole/ycsb/infinispan/src/main/conf:/home/anatole/ycsb/infinispan/target/infinispan-binding-0.18.0-SNAPSHOT.jar:/home/anatole/ycsb/infinispan/target/dependency/caffeine-2.6.2.jar:/home/anatole/ycsb/infinispan/target/dependency/gson-2.8.2.jar:/home/anatole/ycsb/infinispan/target/dependency/guava-18.0.jar:/home/anatole/ycsb/infinispan/target/dependency/infinispan-cachestore-jnvm-1.0-SNAPSHOT.jar:/home/anatole/ycsb/infinispan/target/dependency/infinispan-cachestore-pcj-1.0-SNAPSHOT.jar:/home/anatole/ycsb/infinispan/target/dependency/infinispan-client-hotrod-9.4.20.Final.jar:/home/anatole/ycsb/infinispan/target/dependency/infinispan-commons-9.4.20.Final.jar:/home/anatole/ycsb/infinispan/target/dependency/infinispan-core-9.4.20.Final.jar:/home/anatole/ycsb/infinispan/target/dependency/infinispan-persistence-soft-index-9.4.20.Final.jar:/home/anatole/ycsb/infinispan/target/dependency/javax.persistence-api-2.2.jar:/home/anatole/ycsb/infinispan/target/dependency/jboss-logging-3.3.2.Final.jar:/home/anatole/ycsb/infinispan/target/dependency/jboss-marshalling-osgi-2.0.6.Final.jar:/home/anatole/ycsb/infinispan/target/dependency/jboss-transaction-api_1.2_spec-1.1.1.Final.jar:/home/anatole/ycsb/infinispan/target/dependency/jgroups-4.0.21.Final.jar:/home/anatole/ycsb/infinispan/target/dependency/jnvm-1.0-SNAPSHOT.jar:/home/anatole/ycsb/infinispan/target/dependency/metainf-services-1.7.jar:/home/anatole/ycsb/infinispan/target/dependency/netty-buffer-4.1.51.Final.jar:/home/anatole/ycsb/infinispan/target/dependency/netty-codec-4.1.51.Final.jar:/home/anatole/ycsb/infinispan/target/dependency/netty-common-4.1.51.Final.jar:/home/anatole/ycsb/infinispan/target/dependency/netty-handler-4.1.51.Final.jar:/home/anatole/ycsb/infinispan/target/dependency/netty-resolver-4.1.51.Final.jar:/home/anatole/ycsb/infinispan/target/dependency/netty-transport-4.1.51.Final.jar:/home/anatole/ycsb/infinispan/target/dependency/netty-transport-native-epoll-4.1.51.Final-linux-x86_64.jar:/home/anatole/ycsb/infinispan/target/dependency/netty-transport-native-unix-common-4.1.51.Final.jar:/home/anatole/ycsb/infinispan/target/dependency/pcj-1.0.jar:/home/anatole/ycsb/infinispan/target/dependency/reactive-streams-1.0.2.jar:/home/anatole/ycsb/infinispan/target/dependency/rxjava-2.2.4.jar:/home/anatole/ycsb/infinispan/target/dependency/unsafe-helper-1.0.jar site.ycsb.Client -t -db site.ycsb.db.InfinispanClient -P ../workloads/workloadf -preload -s -threads 1 -p dataintegrity=true -p offheap=false -p recordcount=1000000 -p operationcount=3000000 -p fieldcount=10 -p fieldlength=800 -p requestdistribution=zipfian -p measurement.trackjvm=true -p measurementtype=hdrhistogram -p hdrhistogram.output.path=./out/exp7.marshalling.ref/log/infinispan.run.workloadf.true.1000000.100000.10.800.zipfian.1.false.true.default.default.pmem0.r6.hdr.log
[OVERALL], RunTime(ms), 590438
[OVERALL], Throughput(ops/sec), 6774.6317140834435
[TOTAL_GCS_G1_Young_Generation], Count, 414
[TOTAL_GC_TIME_G1_Young_Generation], Time(ms), 15603
[TOTAL_GC_TIME_%_G1_Young_Generation], Time(%), 2.642614465871099
[TOTAL_GCS_G1_Old_Generation], Count, 0
[TOTAL_GC_TIME_G1_Old_Generation], Time(ms), 0
[TOTAL_GC_TIME_%_G1_Old_Generation], Time(%), 0.0
[TOTAL_GCs], Count, 414
[TOTAL_GC_TIME], Time(ms), 15603
[TOTAL_GC_TIME_%], Time(%), 2.642614465871099
[MAX_MEM_USED], MBs, 6096
[MIN_MEM_USED], MBs, 48
[MAX_THREADS], Count, 7
[MIN_THREADS], Count, 3
[MAX_SYS_LOAD_AVG], Load, 6.99
[MIN_SYS_LOAD_AVG], Load, 1.06
[THREAD_COUNT], Operations, 61
[THREAD_COUNT], AverageLatency(ns), 5.295081967213115
[THREAD_COUNT], MinLatency(ns), 3
[THREAD_COUNT], MaxLatency(ns), 7
[THREAD_COUNT], 95thPercentileLatency(ns), 7
[THREAD_COUNT], 99thPercentileLatency(ns), 7
[SYS_LOAD_AVG], Operations, 61
[SYS_LOAD_AVG], AverageLatency(ns), 2.0327868852459017
[SYS_LOAD_AVG], MinLatency(ns), 1
[SYS_LOAD_AVG], MaxLatency(ns), 6
[SYS_LOAD_AVG], 95thPercentileLatency(ns), 5
[SYS_LOAD_AVG], 99thPercentileLatency(ns), 6
[READ-MODIFY-WRITE], Operations, 1498849
[READ-MODIFY-WRITE], AverageLatency(ns), 91552.57908902098
[READ-MODIFY-WRITE], MinLatency(ns), 55599
[READ-MODIFY-WRITE], MaxLatency(ns), 183123967
[READ-MODIFY-WRITE], 95thPercentileLatency(ns), 115221
[READ-MODIFY-WRITE], 99thPercentileLatency(ns), 129767
[LOAD], Operations, 1
[LOAD], AverageLatency(ns), 3.6270768128E11
[LOAD], MinLatency(ns), 362706632704
[LOAD], MaxLatency(ns), 362708729855
[LOAD], 95thPercentileLatency(ns), 362708729855
[LOAD], 99thPercentileLatency(ns), 362708729855
[USED_MEM_MB], Operations, 61
[USED_MEM_MB], AverageLatency(ns), 4296.098360655737
[USED_MEM_MB], MinLatency(ns), 48
[USED_MEM_MB], MaxLatency(ns), 6096
[USED_MEM_MB], 95thPercentileLatency(ns), 6004
[USED_MEM_MB], 99thPercentileLatency(ns), 6054
[MAIN_GCs_Count], Operations, 1
[MAIN_GCs_Count], AverageLatency(ns), 117.0
[MAIN_GCs_Count], MinLatency(ns), 117
[MAIN_GCs_Count], MaxLatency(ns), 117
[MAIN_GCs_Count], 95thPercentileLatency(ns), 117
[MAIN_GCs_Count], 99thPercentileLatency(ns), 117
[MAIN_GCs_Time(ms)], Operations, 1
[MAIN_GCs_Time(ms)], AverageLatency(ns), 8893.0
[MAIN_GCs_Time(ms)], MinLatency(ns), 8893
[MAIN_GCs_Time(ms)], MaxLatency(ns), 8893
[MAIN_GCs_Time(ms)], 95thPercentileLatency(ns), 8893
[MAIN_GCs_Time(ms)], 99thPercentileLatency(ns), 8893
[TRANSACTION], Operations, 1
[TRANSACTION], AverageLatency(ns), 2.27007791104E11
[TRANSACTION], MinLatency(ns), 227007266816
[TRANSACTION], MaxLatency(ns), 227008315391
[TRANSACTION], 95thPercentileLatency(ns), 227008315391
[TRANSACTION], 99thPercentileLatency(ns), 227008315391
[GCS_TIME], Operations, 61
[GCS_TIME], AverageLatency(ns), 254.27868852459017
[GCS_TIME], MinLatency(ns), 0
[GCS_TIME], MaxLatency(ns), 659
[GCS_TIME], 95thPercentileLatency(ns), 514
[GCS_TIME], 99thPercentileLatency(ns), 539
[LOAD_GCs_Time(ms)], Operations, 1
[LOAD_GCs_Time(ms)], AverageLatency(ns), 6596.0
[LOAD_GCs_Time(ms)], MinLatency(ns), 6596
[LOAD_GCs_Time(ms)], MaxLatency(ns), 6596
[LOAD_GCs_Time(ms)], 95thPercentileLatency(ns), 6596
[LOAD_GCs_Time(ms)], 99thPercentileLatency(ns), 6596
[READ], Operations, 3000000
[READ], AverageLatency(ns), 28097.982644666667
[READ], MinLatency(ns), 218
[READ], MaxLatency(ns), 139478015
[READ], 95thPercentileLatency(ns), 52890
[READ], 99thPercentileLatency(ns), 58751
[READ], Return=OK, 3000000
[INIT], Operations, 1
[INIT], AverageLatency(ns), 6.67092992E8
[INIT], MinLatency(ns), 667090944
[INIT], MaxLatency(ns), 667095039
[INIT], 95thPercentileLatency(ns), 667095039
[INIT], 99thPercentileLatency(ns), 667095039
[GCS], Operations, 61
[GCS], AverageLatency(ns), 6.770491803278689
[GCS], MinLatency(ns), 0
[GCS], MaxLatency(ns), 69
[GCS], 95thPercentileLatency(ns), 11
[GCS], 99thPercentileLatency(ns), 29
[LOAD_GCs_Count], Operations, 1
[LOAD_GCs_Count], AverageLatency(ns), 295.0
[LOAD_GCs_Count], MinLatency(ns), 295
[LOAD_GCs_Count], MaxLatency(ns), 295
[LOAD_GCs_Count], 95thPercentileLatency(ns), 295
[LOAD_GCs_Count], 99thPercentileLatency(ns), 295
[CLEANUP], Operations, 1
[CLEANUP], AverageLatency(ns), 17966.0
[CLEANUP], MinLatency(ns), 17966
[CLEANUP], MaxLatency(ns), 17966
[CLEANUP], 95thPercentileLatency(ns), 17966
[CLEANUP], 99thPercentileLatency(ns), 17966
[INSERT], Operations, 1000000
[INSERT], AverageLatency(ns), 74839.836456
[INSERT], MinLatency(ns), 63562
[INSERT], MaxLatency(ns), 83208191
[INSERT], 95thPercentileLatency(ns), 78300
[INSERT], 99thPercentileLatency(ns), 97935
[INSERT], Return=OK, 1000000
[UPDATE], Operations, 1498849
[UPDATE], AverageLatency(ns), 62948.876153635225
[UPDATE], MinLatency(ns), 54820
[UPDATE], MaxLatency(ns), 132981247
[UPDATE], 95thPercentileLatency(ns), 65739
[UPDATE], 99thPercentileLatency(ns), 75462
[UPDATE], Return=OK, 1498849
