/home/anatole/jdk8u/build/linux-x86_64-normal-server-release/jdk/bin/java -Xmx100g -XX:+UseG1GC -XX:InitiatingHeapOccupancyPercent=15 -classpath /home/anatole/ycsb/conf:/home/anatole/ycsb/core/target/core-0.18.0-SNAPSHOT.jar:/home/anatole/ycsb/core/target/dependency/HdrHistogram-2.1.4.jar:/home/anatole/ycsb/core/target/dependency/guava-18.0.jar:/home/anatole/ycsb/core/target/dependency/htrace-core4-4.1.0-incubating.jar:/home/anatole/ycsb/core/target/dependency/jackson-core-asl-1.9.4.jar:/home/anatole/ycsb/core/target/dependency/jackson-mapper-asl-1.9.4.jar:/home/anatole/ycsb/core/target/dependency/javax.persistence-api-2.2.jar:/home/anatole/ycsb/core/target/dependency/jnvm-1.0-SNAPSHOT.jar:/home/anatole/ycsb/core/target/dependency/pcj-1.0.jar:/home/anatole/ycsb/core/target/dependency/unsafe-helper-1.0.jar:/home/anatole/ycsb/infinispan/src/main/conf:/home/anatole/ycsb/infinispan/target/infinispan-binding-0.18.0-SNAPSHOT.jar:/home/anatole/ycsb/infinispan/target/dependency/caffeine-2.6.2.jar:/home/anatole/ycsb/infinispan/target/dependency/gson-2.8.2.jar:/home/anatole/ycsb/infinispan/target/dependency/guava-18.0.jar:/home/anatole/ycsb/infinispan/target/dependency/infinispan-cachestore-jnvm-1.0-SNAPSHOT.jar:/home/anatole/ycsb/infinispan/target/dependency/infinispan-cachestore-pcj-1.0-SNAPSHOT.jar:/home/anatole/ycsb/infinispan/target/dependency/infinispan-client-hotrod-9.4.20.Final.jar:/home/anatole/ycsb/infinispan/target/dependency/infinispan-commons-9.4.20.Final.jar:/home/anatole/ycsb/infinispan/target/dependency/infinispan-core-9.4.20.Final.jar:/home/anatole/ycsb/infinispan/target/dependency/infinispan-persistence-soft-index-9.4.20.Final.jar:/home/anatole/ycsb/infinispan/target/dependency/javax.persistence-api-2.2.jar:/home/anatole/ycsb/infinispan/target/dependency/jboss-logging-3.3.2.Final.jar:/home/anatole/ycsb/infinispan/target/dependency/jboss-marshalling-osgi-2.0.6.Final.jar:/home/anatole/ycsb/infinispan/target/dependency/jboss-transaction-api_1.2_spec-1.1.1.Final.jar:/home/anatole/ycsb/infinispan/target/dependency/jgroups-4.0.21.Final.jar:/home/anatole/ycsb/infinispan/target/dependency/jnvm-1.0-SNAPSHOT.jar:/home/anatole/ycsb/infinispan/target/dependency/metainf-services-1.7.jar:/home/anatole/ycsb/infinispan/target/dependency/netty-buffer-4.1.51.Final.jar:/home/anatole/ycsb/infinispan/target/dependency/netty-codec-4.1.51.Final.jar:/home/anatole/ycsb/infinispan/target/dependency/netty-common-4.1.51.Final.jar:/home/anatole/ycsb/infinispan/target/dependency/netty-handler-4.1.51.Final.jar:/home/anatole/ycsb/infinispan/target/dependency/netty-resolver-4.1.51.Final.jar:/home/anatole/ycsb/infinispan/target/dependency/netty-transport-4.1.51.Final.jar:/home/anatole/ycsb/infinispan/target/dependency/netty-transport-native-epoll-4.1.51.Final-linux-x86_64.jar:/home/anatole/ycsb/infinispan/target/dependency/netty-transport-native-unix-common-4.1.51.Final.jar:/home/anatole/ycsb/infinispan/target/dependency/pcj-1.0.jar:/home/anatole/ycsb/infinispan/target/dependency/reactive-streams-1.0.2.jar:/home/anatole/ycsb/infinispan/target/dependency/rxjava-2.2.4.jar:/home/anatole/ycsb/infinispan/target/dependency/unsafe-helper-1.0.jar site.ycsb.Client -t -db site.ycsb.db.InfinispanClient -P ../workloads/workloadf -preload -s -threads 1 -p dataintegrity=true -p offheap=false -p recordcount=1000000 -p operationcount=3000000 -p fieldcount=10 -p fieldlength=600 -p requestdistribution=zipfian -p measurement.trackjvm=true -p measurementtype=hdrhistogram -p hdrhistogram.output.path=./out/exp7.marshalling.ref/log/infinispan.run.workloadf.true.1000000.1000000.10.600.zipfian.1.false.true.default.default.tmpfs.r5.hdr.log
[OVERALL], RunTime(ms), 349382
[OVERALL], Throughput(ops/sec), 11448.786714827897
[TOTAL_GCS_G1_Young_Generation], Count, 596
[TOTAL_GC_TIME_G1_Young_Generation], Time(ms), 20768
[TOTAL_GC_TIME_%_G1_Young_Generation], Time(%), 5.944210062338644
[TOTAL_GCS_G1_Old_Generation], Count, 0
[TOTAL_GC_TIME_G1_Old_Generation], Time(ms), 0
[TOTAL_GC_TIME_%_G1_Old_Generation], Time(%), 0.0
[TOTAL_GCs], Count, 596
[TOTAL_GC_TIME], Time(ms), 20768
[TOTAL_GC_TIME_%], Time(%), 5.944210062338644
[MAX_MEM_USED], MBs, 26231
[MIN_MEM_USED], MBs, 56
[MAX_THREADS], Count, 7
[MIN_THREADS], Count, 3
[MAX_SYS_LOAD_AVG], Load, 6.15
[MIN_SYS_LOAD_AVG], Load, 1.84
[THREAD_COUNT], Operations, 36
[THREAD_COUNT], AverageLatency(ns), 5.527777777777778
[THREAD_COUNT], MinLatency(ns), 3
[THREAD_COUNT], MaxLatency(ns), 7
[THREAD_COUNT], 95thPercentileLatency(ns), 7
[THREAD_COUNT], 99thPercentileLatency(ns), 7
[SYS_LOAD_AVG], Operations, 36
[SYS_LOAD_AVG], AverageLatency(ns), 3.2222222222222223
[SYS_LOAD_AVG], MinLatency(ns), 1
[SYS_LOAD_AVG], MaxLatency(ns), 6
[SYS_LOAD_AVG], 95thPercentileLatency(ns), 5
[SYS_LOAD_AVG], 99thPercentileLatency(ns), 6
[READ-MODIFY-WRITE], Operations, 1500323
[READ-MODIFY-WRITE], AverageLatency(ns), 48677.97805739164
[READ-MODIFY-WRITE], MinLatency(ns), 33322
[READ-MODIFY-WRITE], MaxLatency(ns), 319565823
[READ-MODIFY-WRITE], 95thPercentileLatency(ns), 56446
[READ-MODIFY-WRITE], 99thPercentileLatency(ns), 64465
[LOAD], Operations, 1
[LOAD], AverageLatency(ns), 2.4356585472E11
[LOAD], MinLatency(ns), 243565330432
[LOAD], MaxLatency(ns), 243566379007
[LOAD], 95thPercentileLatency(ns), 243566379007
[LOAD], 99thPercentileLatency(ns), 243566379007
[USED_MEM_MB], Operations, 36
[USED_MEM_MB], AverageLatency(ns), 12240.416666666666
[USED_MEM_MB], MinLatency(ns), 56
[USED_MEM_MB], MaxLatency(ns), 26231
[USED_MEM_MB], 95thPercentileLatency(ns), 21741
[USED_MEM_MB], 99thPercentileLatency(ns), 26231
[MAIN_GCs_Count], Operations, 1
[MAIN_GCs_Count], AverageLatency(ns), 28.0
[MAIN_GCs_Count], MinLatency(ns), 28
[MAIN_GCs_Count], MaxLatency(ns), 28
[MAIN_GCs_Count], 95thPercentileLatency(ns), 28
[MAIN_GCs_Count], 99thPercentileLatency(ns), 28
[MAIN_GCs_Time(ms)], Operations, 1
[MAIN_GCs_Time(ms)], AverageLatency(ns), 3911.0
[MAIN_GCs_Time(ms)], MinLatency(ns), 3911
[MAIN_GCs_Time(ms)], MaxLatency(ns), 3911
[MAIN_GCs_Time(ms)], 95thPercentileLatency(ns), 3911
[MAIN_GCs_Time(ms)], 99thPercentileLatency(ns), 3911
[TRANSACTION], Operations, 1
[TRANSACTION], AverageLatency(ns), 1.04911863808E11
[TRANSACTION], MinLatency(ns), 104911601664
[TRANSACTION], MaxLatency(ns), 104912125951
[TRANSACTION], 95thPercentileLatency(ns), 104912125951
[TRANSACTION], 99thPercentileLatency(ns), 104912125951
[GCS_TIME], Operations, 36
[GCS_TIME], AverageLatency(ns), 576.8888888888889
[GCS_TIME], MinLatency(ns), 0
[GCS_TIME], MaxLatency(ns), 919
[GCS_TIME], 95thPercentileLatency(ns), 852
[GCS_TIME], 99thPercentileLatency(ns), 919
[LOAD_GCs_Time(ms)], Operations, 1
[LOAD_GCs_Time(ms)], AverageLatency(ns), 16667.0
[LOAD_GCs_Time(ms)], MinLatency(ns), 16667
[LOAD_GCs_Time(ms)], MaxLatency(ns), 16667
[LOAD_GCs_Time(ms)], 95thPercentileLatency(ns), 16667
[LOAD_GCs_Time(ms)], 99thPercentileLatency(ns), 16667
[READ], Operations, 3000000
[READ], AverageLatency(ns), 782.2567743333333
[READ], MinLatency(ns), 181
[READ], MaxLatency(ns), 13836607
[READ], 95thPercentileLatency(ns), 1873
[READ], 99thPercentileLatency(ns), 3215
[READ], Return=OK, 3000000
[INIT], Operations, 1
[INIT], AverageLatency(ns), 6.64553472E8
[INIT], MinLatency(ns), 664551424
[INIT], MaxLatency(ns), 664555519
[INIT], 95thPercentileLatency(ns), 664555519
[INIT], 99thPercentileLatency(ns), 664555519
[GCS], Operations, 36
[GCS], AverageLatency(ns), 16.555555555555557
[GCS], MinLatency(ns), 0
[GCS], MaxLatency(ns), 47
[GCS], 95thPercentileLatency(ns), 44
[GCS], 99thPercentileLatency(ns), 47
[LOAD_GCs_Count], Operations, 1
[LOAD_GCs_Count], AverageLatency(ns), 565.0
[LOAD_GCs_Count], MinLatency(ns), 565
[LOAD_GCs_Count], MaxLatency(ns), 565
[LOAD_GCs_Count], 95thPercentileLatency(ns), 565
[LOAD_GCs_Count], 99thPercentileLatency(ns), 565
[CLEANUP], Operations, 1
[CLEANUP], AverageLatency(ns), 15573.0
[CLEANUP], MinLatency(ns), 15573
[CLEANUP], MaxLatency(ns), 15573
[CLEANUP], 95thPercentileLatency(ns), 15573
[CLEANUP], 99thPercentileLatency(ns), 15573
[INSERT], Operations, 1000000
[INSERT], AverageLatency(ns), 42564.886129
[INSERT], MinLatency(ns), 32014
[INSERT], MaxLatency(ns), 138275839
[INSERT], 95thPercentileLatency(ns), 52363
[INSERT], 99thPercentileLatency(ns), 63522
[INSERT], Return=OK, 1000000
[UPDATE], Operations, 1500323
[UPDATE], AverageLatency(ns), 46843.32377228104
[UPDATE], MinLatency(ns), 32314
[UPDATE], MaxLatency(ns), 201520127
[UPDATE], 95thPercentileLatency(ns), 54844
[UPDATE], 99thPercentileLatency(ns), 62698
[UPDATE], Return=OK, 1500323
