/home/anatole/jdk8u/build/linux-x86_64-normal-server-release/jdk/bin/java -Xmx40g -XX:+UseG1GC -classpath /home/anatole/ycsb/conf:/home/anatole/ycsb/core/target/core-0.18.0-SNAPSHOT.jar:/home/anatole/ycsb/core/target/dependency/HdrHistogram-2.1.4.jar:/home/anatole/ycsb/core/target/dependency/guava-18.0.jar:/home/anatole/ycsb/core/target/dependency/htrace-core4-4.1.0-incubating.jar:/home/anatole/ycsb/core/target/dependency/jackson-core-asl-1.9.4.jar:/home/anatole/ycsb/core/target/dependency/jackson-mapper-asl-1.9.4.jar:/home/anatole/ycsb/core/target/dependency/javax.persistence-api-2.2.jar:/home/anatole/ycsb/core/target/dependency/jnvm-1.0-SNAPSHOT.jar:/home/anatole/ycsb/core/target/dependency/pcj-1.0.jar:/home/anatole/ycsb/core/target/dependency/unsafe-helper-1.0.jar:/home/anatole/ycsb/infinispan/src/main/conf:/home/anatole/ycsb/infinispan/target/infinispan-binding-0.18.0-SNAPSHOT.jar:/home/anatole/ycsb/infinispan/target/dependency/caffeine-2.6.2.jar:/home/anatole/ycsb/infinispan/target/dependency/gson-2.8.2.jar:/home/anatole/ycsb/infinispan/target/dependency/guava-18.0.jar:/home/anatole/ycsb/infinispan/target/dependency/infinispan-cachestore-jnvm-1.0-SNAPSHOT.jar:/home/anatole/ycsb/infinispan/target/dependency/infinispan-cachestore-pcj-1.0-SNAPSHOT.jar:/home/anatole/ycsb/infinispan/target/dependency/infinispan-client-hotrod-9.4.20.Final.jar:/home/anatole/ycsb/infinispan/target/dependency/infinispan-commons-9.4.20.Final.jar:/home/anatole/ycsb/infinispan/target/dependency/infinispan-core-9.4.20.Final.jar:/home/anatole/ycsb/infinispan/target/dependency/infinispan-persistence-soft-index-9.4.20.Final.jar:/home/anatole/ycsb/infinispan/target/dependency/javax.persistence-api-2.2.jar:/home/anatole/ycsb/infinispan/target/dependency/jboss-logging-3.3.2.Final.jar:/home/anatole/ycsb/infinispan/target/dependency/jboss-marshalling-osgi-2.0.6.Final.jar:/home/anatole/ycsb/infinispan/target/dependency/jboss-transaction-api_1.2_spec-1.1.1.Final.jar:/home/anatole/ycsb/infinispan/target/dependency/jgroups-4.0.21.Final.jar:/home/anatole/ycsb/infinispan/target/dependency/jnvm-1.0-SNAPSHOT.jar:/home/anatole/ycsb/infinispan/target/dependency/metainf-services-1.7.jar:/home/anatole/ycsb/infinispan/target/dependency/netty-buffer-4.1.51.Final.jar:/home/anatole/ycsb/infinispan/target/dependency/netty-codec-4.1.51.Final.jar:/home/anatole/ycsb/infinispan/target/dependency/netty-common-4.1.51.Final.jar:/home/anatole/ycsb/infinispan/target/dependency/netty-handler-4.1.51.Final.jar:/home/anatole/ycsb/infinispan/target/dependency/netty-resolver-4.1.51.Final.jar:/home/anatole/ycsb/infinispan/target/dependency/netty-transport-4.1.51.Final.jar:/home/anatole/ycsb/infinispan/target/dependency/netty-transport-native-epoll-4.1.51.Final-linux-x86_64.jar:/home/anatole/ycsb/infinispan/target/dependency/netty-transport-native-unix-common-4.1.51.Final.jar:/home/anatole/ycsb/infinispan/target/dependency/pcj-1.0.jar:/home/anatole/ycsb/infinispan/target/dependency/reactive-streams-1.0.2.jar:/home/anatole/ycsb/infinispan/target/dependency/rxjava-2.2.4.jar:/home/anatole/ycsb/infinispan/target/dependency/unsafe-helper-1.0.jar site.ycsb.Client -t -db site.ycsb.db.InfinispanClient -P ../workloads/workloadf -preload -s -threads 1 -p dataintegrity=true -p offheap=false -p recordcount=1000000 -p operationcount=3000000 -p fieldcount=10 -p fieldlength=500 -p requestdistribution=zipfian -p measurement.trackjvm=true -p measurementtype=hdrhistogram -p hdrhistogram.output.path=./out/exp7.marshalling.ref/log/infinispan.run.workloadf.true.1000000.1000000.10.500.zipfian.1.false.true.default.default.pmem0.r4.hdr.log
[OVERALL], RunTime(ms), 274573
[OVERALL], Throughput(ops/sec), 14568.074792495985
[TOTAL_GCS_G1_Young_Generation], Count, 431
[TOTAL_GC_TIME_G1_Young_Generation], Time(ms), 14678
[TOTAL_GC_TIME_%_G1_Young_Generation], Time(%), 5.345755045106402
[TOTAL_GCS_G1_Old_Generation], Count, 0
[TOTAL_GC_TIME_G1_Old_Generation], Time(ms), 0
[TOTAL_GC_TIME_%_G1_Old_Generation], Time(%), 0.0
[TOTAL_GCs], Count, 431
[TOTAL_GC_TIME], Time(ms), 14678
[TOTAL_GC_TIME_%], Time(%), 5.345755045106402
[MAX_MEM_USED], MBs, 19325
[MIN_MEM_USED], MBs, 52
[MAX_THREADS], Count, 7
[MIN_THREADS], Count, 3
[MAX_SYS_LOAD_AVG], Load, 6.37
[MIN_SYS_LOAD_AVG], Load, 2.86
[THREAD_COUNT], Operations, 29
[THREAD_COUNT], AverageLatency(ns), 5.655172413793103
[THREAD_COUNT], MinLatency(ns), 3
[THREAD_COUNT], MaxLatency(ns), 7
[THREAD_COUNT], 95thPercentileLatency(ns), 7
[THREAD_COUNT], 99thPercentileLatency(ns), 7
[SYS_LOAD_AVG], Operations, 29
[SYS_LOAD_AVG], AverageLatency(ns), 4.068965517241379
[SYS_LOAD_AVG], MinLatency(ns), 2
[SYS_LOAD_AVG], MaxLatency(ns), 6
[SYS_LOAD_AVG], 95thPercentileLatency(ns), 6
[SYS_LOAD_AVG], 99thPercentileLatency(ns), 6
[READ-MODIFY-WRITE], Operations, 1500250
[READ-MODIFY-WRITE], AverageLatency(ns), 43698.093574404265
[READ-MODIFY-WRITE], MinLatency(ns), 33662
[READ-MODIFY-WRITE], MaxLatency(ns), 264566783
[READ-MODIFY-WRITE], 95thPercentileLatency(ns), 51464
[READ-MODIFY-WRITE], 99thPercentileLatency(ns), 59457
[LOAD], Operations, 1
[LOAD], AverageLatency(ns), 1.85709625344E11
[LOAD], MinLatency(ns), 185709101056
[LOAD], MaxLatency(ns), 185710149631
[LOAD], 95thPercentileLatency(ns), 185710149631
[LOAD], 99thPercentileLatency(ns), 185710149631
[USED_MEM_MB], Operations, 29
[USED_MEM_MB], AverageLatency(ns), 10406.862068965518
[USED_MEM_MB], MinLatency(ns), 52
[USED_MEM_MB], MaxLatency(ns), 19325
[USED_MEM_MB], 95thPercentileLatency(ns), 19201
[USED_MEM_MB], 99thPercentileLatency(ns), 19325
[MAIN_GCs_Count], Operations, 1
[MAIN_GCs_Count], AverageLatency(ns), 34.0
[MAIN_GCs_Count], MinLatency(ns), 34
[MAIN_GCs_Count], MaxLatency(ns), 34
[MAIN_GCs_Count], 95thPercentileLatency(ns), 34
[MAIN_GCs_Count], 99thPercentileLatency(ns), 34
[MAIN_GCs_Time(ms)], Operations, 1
[MAIN_GCs_Time(ms)], AverageLatency(ns), 2532.0
[MAIN_GCs_Time(ms)], MinLatency(ns), 2532
[MAIN_GCs_Time(ms)], MaxLatency(ns), 2532
[MAIN_GCs_Time(ms)], 95thPercentileLatency(ns), 2532
[MAIN_GCs_Time(ms)], 99thPercentileLatency(ns), 2532
[TRANSACTION], Operations, 1
[TRANSACTION], AverageLatency(ns), 8.7842619392E10
[TRANSACTION], MinLatency(ns), 87842357248
[TRANSACTION], MaxLatency(ns), 87842881535
[TRANSACTION], 95thPercentileLatency(ns), 87842881535
[TRANSACTION], 99thPercentileLatency(ns), 87842881535
[GCS_TIME], Operations, 29
[GCS_TIME], AverageLatency(ns), 506.13793103448273
[GCS_TIME], MinLatency(ns), 0
[GCS_TIME], MaxLatency(ns), 849
[GCS_TIME], 95thPercentileLatency(ns), 847
[GCS_TIME], 99thPercentileLatency(ns), 849
[LOAD_GCs_Time(ms)], Operations, 1
[LOAD_GCs_Time(ms)], AverageLatency(ns), 11878.0
[LOAD_GCs_Time(ms)], MinLatency(ns), 11878
[LOAD_GCs_Time(ms)], MaxLatency(ns), 11878
[LOAD_GCs_Time(ms)], 95thPercentileLatency(ns), 11878
[LOAD_GCs_Time(ms)], 99thPercentileLatency(ns), 11878
[READ], Operations, 3000000
[READ], AverageLatency(ns), 768.3686723333333
[READ], MinLatency(ns), 197
[READ], MaxLatency(ns), 97272319
[READ], 95thPercentileLatency(ns), 1725
[READ], 99thPercentileLatency(ns), 2661
[READ], Return=OK, 3000000
[INIT], Operations, 1
[INIT], AverageLatency(ns), 7.2272896E8
[INIT], MinLatency(ns), 722726912
[INIT], MaxLatency(ns), 722731007
[INIT], 95thPercentileLatency(ns), 722731007
[INIT], 99thPercentileLatency(ns), 722731007
[GCS], Operations, 29
[GCS], AverageLatency(ns), 14.862068965517242
[GCS], MinLatency(ns), 0
[GCS], MaxLatency(ns), 44
[GCS], 95thPercentileLatency(ns), 43
[GCS], 99thPercentileLatency(ns), 44
[LOAD_GCs_Count], Operations, 1
[LOAD_GCs_Count], AverageLatency(ns), 393.0
[LOAD_GCs_Count], MinLatency(ns), 393
[LOAD_GCs_Count], MaxLatency(ns), 393
[LOAD_GCs_Count], 95thPercentileLatency(ns), 393
[LOAD_GCs_Count], 99thPercentileLatency(ns), 393
[CLEANUP], Operations, 1
[CLEANUP], AverageLatency(ns), 52589.0
[CLEANUP], MinLatency(ns), 52589
[CLEANUP], MaxLatency(ns), 52589
[CLEANUP], 95thPercentileLatency(ns), 52589
[CLEANUP], 99thPercentileLatency(ns), 52589
[INSERT], Operations, 1000000
[INSERT], AverageLatency(ns), 51204.921339
[INSERT], MinLatency(ns), 37898
[INSERT], MaxLatency(ns), 135095295
[INSERT], 95thPercentileLatency(ns), 58616
[INSERT], 99thPercentileLatency(ns), 73521
[INSERT], Return=OK, 1000000
[UPDATE], Operations, 1500250
[UPDATE], AverageLatency(ns), 42115.08580569905
[UPDATE], MinLatency(ns), 33019
[UPDATE], MaxLatency(ns), 141046783
[UPDATE], 95thPercentileLatency(ns), 49972
[UPDATE], 99thPercentileLatency(ns), 57748
[UPDATE], Return=OK, 1500250
