/home/anatole/jdk8u/build/linux-x86_64-normal-server-release/jdk/bin/java -Xmx20g -XX:+UseG1GC -classpath /home/anatole/ycsb/conf:/home/anatole/ycsb/core/target/core-0.18.0-SNAPSHOT.jar:/home/anatole/ycsb/core/target/dependency/HdrHistogram-2.1.4.jar:/home/anatole/ycsb/core/target/dependency/guava-18.0.jar:/home/anatole/ycsb/core/target/dependency/htrace-core4-4.1.0-incubating.jar:/home/anatole/ycsb/core/target/dependency/jackson-core-asl-1.9.4.jar:/home/anatole/ycsb/core/target/dependency/jackson-mapper-asl-1.9.4.jar:/home/anatole/ycsb/core/target/dependency/javax.persistence-api-2.2.jar:/home/anatole/ycsb/core/target/dependency/jnvm-1.0-SNAPSHOT.jar:/home/anatole/ycsb/core/target/dependency/pcj-1.0.jar:/home/anatole/ycsb/core/target/dependency/unsafe-helper-1.0.jar:/home/anatole/ycsb/infinispan/src/main/conf:/home/anatole/ycsb/infinispan/target/infinispan-binding-0.18.0-SNAPSHOT.jar:/home/anatole/ycsb/infinispan/target/dependency/caffeine-2.6.2.jar:/home/anatole/ycsb/infinispan/target/dependency/gson-2.8.2.jar:/home/anatole/ycsb/infinispan/target/dependency/guava-18.0.jar:/home/anatole/ycsb/infinispan/target/dependency/infinispan-cachestore-jnvm-1.0-SNAPSHOT.jar:/home/anatole/ycsb/infinispan/target/dependency/infinispan-cachestore-pcj-1.0-SNAPSHOT.jar:/home/anatole/ycsb/infinispan/target/dependency/infinispan-client-hotrod-9.4.20.Final.jar:/home/anatole/ycsb/infinispan/target/dependency/infinispan-commons-9.4.20.Final.jar:/home/anatole/ycsb/infinispan/target/dependency/infinispan-core-9.4.20.Final.jar:/home/anatole/ycsb/infinispan/target/dependency/infinispan-persistence-soft-index-9.4.20.Final.jar:/home/anatole/ycsb/infinispan/target/dependency/javax.persistence-api-2.2.jar:/home/anatole/ycsb/infinispan/target/dependency/jboss-logging-3.3.2.Final.jar:/home/anatole/ycsb/infinispan/target/dependency/jboss-marshalling-osgi-2.0.6.Final.jar:/home/anatole/ycsb/infinispan/target/dependency/jboss-transaction-api_1.2_spec-1.1.1.Final.jar:/home/anatole/ycsb/infinispan/target/dependency/jgroups-4.0.21.Final.jar:/home/anatole/ycsb/infinispan/target/dependency/jnvm-1.0-SNAPSHOT.jar:/home/anatole/ycsb/infinispan/target/dependency/metainf-services-1.7.jar:/home/anatole/ycsb/infinispan/target/dependency/netty-buffer-4.1.51.Final.jar:/home/anatole/ycsb/infinispan/target/dependency/netty-codec-4.1.51.Final.jar:/home/anatole/ycsb/infinispan/target/dependency/netty-common-4.1.51.Final.jar:/home/anatole/ycsb/infinispan/target/dependency/netty-handler-4.1.51.Final.jar:/home/anatole/ycsb/infinispan/target/dependency/netty-resolver-4.1.51.Final.jar:/home/anatole/ycsb/infinispan/target/dependency/netty-transport-4.1.51.Final.jar:/home/anatole/ycsb/infinispan/target/dependency/netty-transport-native-epoll-4.1.51.Final-linux-x86_64.jar:/home/anatole/ycsb/infinispan/target/dependency/netty-transport-native-unix-common-4.1.51.Final.jar:/home/anatole/ycsb/infinispan/target/dependency/pcj-1.0.jar:/home/anatole/ycsb/infinispan/target/dependency/reactive-streams-1.0.2.jar:/home/anatole/ycsb/infinispan/target/dependency/rxjava-2.2.4.jar:/home/anatole/ycsb/infinispan/target/dependency/unsafe-helper-1.0.jar site.ycsb.Client -t -db site.ycsb.db.InfinispanClient -P ../workloads/workloadf -preload -s -threads 1 -p dataintegrity=true -p offheap=false -p recordcount=1000000 -p operationcount=3000000 -p fieldcount=10 -p fieldlength=600 -p requestdistribution=zipfian -p measurement.trackjvm=true -p measurementtype=hdrhistogram -p hdrhistogram.output.path=./out/exp7.marshalling.ref/log/infinispan.run.workloadf.true.1000000.100000.10.600.zipfian.1.false.true.default.default.tmpfs.r6.hdr.log
[OVERALL], RunTime(ms), 380481
[OVERALL], Throughput(ops/sec), 10513.008533934677
[TOTAL_GCS_G1_Young_Generation], Count, 276
[TOTAL_GC_TIME_G1_Young_Generation], Time(ms), 11468
[TOTAL_GC_TIME_%_G1_Young_Generation], Time(%), 3.014079546679072
[TOTAL_GCS_G1_Old_Generation], Count, 0
[TOTAL_GC_TIME_G1_Old_Generation], Time(ms), 0
[TOTAL_GC_TIME_%_G1_Old_Generation], Time(%), 0.0
[TOTAL_GCs], Count, 276
[TOTAL_GC_TIME], Time(ms), 11468
[TOTAL_GC_TIME_%], Time(%), 3.014079546679072
[MAX_MEM_USED], MBs, 6148
[MIN_MEM_USED], MBs, 48
[MAX_THREADS], Count, 7
[MIN_THREADS], Count, 3
[MAX_SYS_LOAD_AVG], Load, 1.39
[MIN_SYS_LOAD_AVG], Load, 1.02
[THREAD_COUNT], Operations, 40
[THREAD_COUNT], AverageLatency(ns), 5.45
[THREAD_COUNT], MinLatency(ns), 3
[THREAD_COUNT], MaxLatency(ns), 7
[THREAD_COUNT], 95thPercentileLatency(ns), 7
[THREAD_COUNT], 99thPercentileLatency(ns), 7
[SYS_LOAD_AVG], Operations, 40
[SYS_LOAD_AVG], AverageLatency(ns), 1.0
[SYS_LOAD_AVG], MinLatency(ns), 1
[SYS_LOAD_AVG], MaxLatency(ns), 1
[SYS_LOAD_AVG], 95thPercentileLatency(ns), 1
[SYS_LOAD_AVG], 99thPercentileLatency(ns), 1
[READ-MODIFY-WRITE], Operations, 1501082
[READ-MODIFY-WRITE], AverageLatency(ns), 67636.30473551745
[READ-MODIFY-WRITE], MinLatency(ns), 35928
[READ-MODIFY-WRITE], MaxLatency(ns), 174003199
[READ-MODIFY-WRITE], 95thPercentileLatency(ns), 89550
[READ-MODIFY-WRITE], 99thPercentileLatency(ns), 97499
[LOAD], Operations, 1
[LOAD], AverageLatency(ns), 2.1190934528E11
[LOAD], MinLatency(ns), 211908820992
[LOAD], MaxLatency(ns), 211909869567
[LOAD], 95thPercentileLatency(ns), 211909869567
[LOAD], 99thPercentileLatency(ns), 211909869567
[USED_MEM_MB], Operations, 40
[USED_MEM_MB], AverageLatency(ns), 4147.85
[USED_MEM_MB], MinLatency(ns), 48
[USED_MEM_MB], MaxLatency(ns), 6148
[USED_MEM_MB], 95thPercentileLatency(ns), 6108
[USED_MEM_MB], 99thPercentileLatency(ns), 6148
[MAIN_GCs_Count], Operations, 1
[MAIN_GCs_Count], AverageLatency(ns), 75.0
[MAIN_GCs_Count], MinLatency(ns), 75
[MAIN_GCs_Count], MaxLatency(ns), 75
[MAIN_GCs_Count], 95thPercentileLatency(ns), 75
[MAIN_GCs_Count], 99thPercentileLatency(ns), 75
[MAIN_GCs_Time(ms)], Operations, 1
[MAIN_GCs_Time(ms)], AverageLatency(ns), 6367.0
[MAIN_GCs_Time(ms)], MinLatency(ns), 6367
[MAIN_GCs_Time(ms)], MaxLatency(ns), 6367
[MAIN_GCs_Time(ms)], 95thPercentileLatency(ns), 6367
[MAIN_GCs_Time(ms)], 99thPercentileLatency(ns), 6367
[TRANSACTION], Operations, 1
[TRANSACTION], AverageLatency(ns), 1.67854473216E11
[TRANSACTION], MinLatency(ns), 167853948928
[TRANSACTION], MaxLatency(ns), 167854997503
[TRANSACTION], 95thPercentileLatency(ns), 167854997503
[TRANSACTION], 99thPercentileLatency(ns), 167854997503
[GCS_TIME], Operations, 40
[GCS_TIME], AverageLatency(ns), 286.7
[GCS_TIME], MinLatency(ns), 0
[GCS_TIME], MaxLatency(ns), 626
[GCS_TIME], 95thPercentileLatency(ns), 563
[GCS_TIME], 99thPercentileLatency(ns), 626
[LOAD_GCs_Time(ms)], Operations, 1
[LOAD_GCs_Time(ms)], AverageLatency(ns), 5083.0
[LOAD_GCs_Time(ms)], MinLatency(ns), 5083
[LOAD_GCs_Time(ms)], MaxLatency(ns), 5083
[LOAD_GCs_Time(ms)], 95thPercentileLatency(ns), 5083
[LOAD_GCs_Time(ms)], 99thPercentileLatency(ns), 5083
[READ], Operations, 3000000
[READ], AverageLatency(ns), 25092.119177666667
[READ], MinLatency(ns), 218
[READ], MaxLatency(ns), 157582335
[READ], 95thPercentileLatency(ns), 48449
[READ], 99thPercentileLatency(ns), 52391
[READ], Return=OK, 3000000
[INIT], Operations, 1
[INIT], AverageLatency(ns), 6.61161984E8
[INIT], MinLatency(ns), 661159936
[INIT], MaxLatency(ns), 661164031
[INIT], 95thPercentileLatency(ns), 661164031
[INIT], 99thPercentileLatency(ns), 661164031
[GCS], Operations, 40
[GCS], AverageLatency(ns), 6.9
[GCS], MinLatency(ns), 0
[GCS], MaxLatency(ns), 40
[GCS], 95thPercentileLatency(ns), 24
[GCS], 99thPercentileLatency(ns), 40
[LOAD_GCs_Count], Operations, 1
[LOAD_GCs_Count], AverageLatency(ns), 200.0
[LOAD_GCs_Count], MinLatency(ns), 200
[LOAD_GCs_Count], MaxLatency(ns), 200
[LOAD_GCs_Count], 95thPercentileLatency(ns), 200
[LOAD_GCs_Count], 99thPercentileLatency(ns), 200
[CLEANUP], Operations, 1
[CLEANUP], AverageLatency(ns), 21189.0
[CLEANUP], MinLatency(ns), 21189
[CLEANUP], MaxLatency(ns), 21189
[CLEANUP], 95thPercentileLatency(ns), 21189
[CLEANUP], 99thPercentileLatency(ns), 21189
[INSERT], Operations, 1000000
[INSERT], AverageLatency(ns), 41300.531401
[INSERT], MinLatency(ns), 34991
[INSERT], MaxLatency(ns), 106672127
[INSERT], 95thPercentileLatency(ns), 42904
[INSERT], 99thPercentileLatency(ns), 57406
[INSERT], Return=OK, 1000000
[UPDATE], Operations, 1501082
[UPDATE], AverageLatency(ns), 41756.84671989938
[UPDATE], MinLatency(ns), 34990
[UPDATE], MaxLatency(ns), 133700607
[UPDATE], 95thPercentileLatency(ns), 44675
[UPDATE], 99thPercentileLatency(ns), 50541
[UPDATE], Return=OK, 1501082
