/home/anatole/jdk8u/build/linux-x86_64-normal-server-release/jdk/bin/java -Xmx20g -XX:+UseG1GC -classpath /home/anatole/ycsb/conf:/home/anatole/ycsb/core/target/core-0.18.0-SNAPSHOT.jar:/home/anatole/ycsb/core/target/dependency/HdrHistogram-2.1.4.jar:/home/anatole/ycsb/core/target/dependency/guava-18.0.jar:/home/anatole/ycsb/core/target/dependency/htrace-core4-4.1.0-incubating.jar:/home/anatole/ycsb/core/target/dependency/jackson-core-asl-1.9.4.jar:/home/anatole/ycsb/core/target/dependency/jackson-mapper-asl-1.9.4.jar:/home/anatole/ycsb/core/target/dependency/javax.persistence-api-2.2.jar:/home/anatole/ycsb/core/target/dependency/jnvm-1.0-SNAPSHOT.jar:/home/anatole/ycsb/core/target/dependency/pcj-1.0.jar:/home/anatole/ycsb/core/target/dependency/unsafe-helper-1.0.jar:/home/anatole/ycsb/infinispan/src/main/conf:/home/anatole/ycsb/infinispan/target/infinispan-binding-0.18.0-SNAPSHOT.jar:/home/anatole/ycsb/infinispan/target/dependency/caffeine-2.6.2.jar:/home/anatole/ycsb/infinispan/target/dependency/gson-2.8.2.jar:/home/anatole/ycsb/infinispan/target/dependency/guava-18.0.jar:/home/anatole/ycsb/infinispan/target/dependency/infinispan-cachestore-jnvm-1.0-SNAPSHOT.jar:/home/anatole/ycsb/infinispan/target/dependency/infinispan-cachestore-pcj-1.0-SNAPSHOT.jar:/home/anatole/ycsb/infinispan/target/dependency/infinispan-client-hotrod-9.4.20.Final.jar:/home/anatole/ycsb/infinispan/target/dependency/infinispan-commons-9.4.20.Final.jar:/home/anatole/ycsb/infinispan/target/dependency/infinispan-core-9.4.20.Final.jar:/home/anatole/ycsb/infinispan/target/dependency/infinispan-persistence-soft-index-9.4.20.Final.jar:/home/anatole/ycsb/infinispan/target/dependency/javax.persistence-api-2.2.jar:/home/anatole/ycsb/infinispan/target/dependency/jboss-logging-3.3.2.Final.jar:/home/anatole/ycsb/infinispan/target/dependency/jboss-marshalling-osgi-2.0.6.Final.jar:/home/anatole/ycsb/infinispan/target/dependency/jboss-transaction-api_1.2_spec-1.1.1.Final.jar:/home/anatole/ycsb/infinispan/target/dependency/jgroups-4.0.21.Final.jar:/home/anatole/ycsb/infinispan/target/dependency/jnvm-1.0-SNAPSHOT.jar:/home/anatole/ycsb/infinispan/target/dependency/metainf-services-1.7.jar:/home/anatole/ycsb/infinispan/target/dependency/netty-buffer-4.1.51.Final.jar:/home/anatole/ycsb/infinispan/target/dependency/netty-codec-4.1.51.Final.jar:/home/anatole/ycsb/infinispan/target/dependency/netty-common-4.1.51.Final.jar:/home/anatole/ycsb/infinispan/target/dependency/netty-handler-4.1.51.Final.jar:/home/anatole/ycsb/infinispan/target/dependency/netty-resolver-4.1.51.Final.jar:/home/anatole/ycsb/infinispan/target/dependency/netty-transport-4.1.51.Final.jar:/home/anatole/ycsb/infinispan/target/dependency/netty-transport-native-epoll-4.1.51.Final-linux-x86_64.jar:/home/anatole/ycsb/infinispan/target/dependency/netty-transport-native-unix-common-4.1.51.Final.jar:/home/anatole/ycsb/infinispan/target/dependency/pcj-1.0.jar:/home/anatole/ycsb/infinispan/target/dependency/reactive-streams-1.0.2.jar:/home/anatole/ycsb/infinispan/target/dependency/rxjava-2.2.4.jar:/home/anatole/ycsb/infinispan/target/dependency/unsafe-helper-1.0.jar site.ycsb.Client -t -db site.ycsb.db.InfinispanClient -P ../workloads/workloadf -preload -s -threads 1 -p dataintegrity=true -p offheap=false -p recordcount=1000000 -p operationcount=3000000 -p fieldcount=10 -p fieldlength=800 -p requestdistribution=zipfian -p measurement.trackjvm=true -p measurementtype=hdrhistogram -p hdrhistogram.output.path=./out/exp7.marshalling.ref/log/infinispan.run.workloadf.true.1000000.100000.10.800.zipfian.1.false.true.default.default.pmem0.r2.hdr.log
[OVERALL], RunTime(ms), 590930
[OVERALL], Throughput(ops/sec), 6768.991251078808
[TOTAL_GCS_G1_Young_Generation], Count, 418
[TOTAL_GC_TIME_G1_Young_Generation], Time(ms), 15342
[TOTAL_GC_TIME_%_G1_Young_Generation], Time(%), 2.596246594351277
[TOTAL_GCS_G1_Old_Generation], Count, 0
[TOTAL_GC_TIME_G1_Old_Generation], Time(ms), 0
[TOTAL_GC_TIME_%_G1_Old_Generation], Time(%), 0.0
[TOTAL_GCs], Count, 418
[TOTAL_GC_TIME], Time(ms), 15342
[TOTAL_GC_TIME_%], Time(%), 2.596246594351277
[MAX_MEM_USED], MBs, 6348
[MIN_MEM_USED], MBs, 48
[MAX_THREADS], Count, 7
[MIN_THREADS], Count, 3
[MAX_SYS_LOAD_AVG], Load, 4.1
[MIN_SYS_LOAD_AVG], Load, 1.01
[THREAD_COUNT], Operations, 61
[THREAD_COUNT], AverageLatency(ns), 5.311475409836065
[THREAD_COUNT], MinLatency(ns), 3
[THREAD_COUNT], MaxLatency(ns), 7
[THREAD_COUNT], 95thPercentileLatency(ns), 7
[THREAD_COUNT], 99thPercentileLatency(ns), 7
[SYS_LOAD_AVG], Operations, 61
[SYS_LOAD_AVG], AverageLatency(ns), 1.3114754098360655
[SYS_LOAD_AVG], MinLatency(ns), 1
[SYS_LOAD_AVG], MaxLatency(ns), 4
[SYS_LOAD_AVG], 95thPercentileLatency(ns), 3
[SYS_LOAD_AVG], 99thPercentileLatency(ns), 3
[READ-MODIFY-WRITE], Operations, 1499713
[READ-MODIFY-WRITE], AverageLatency(ns), 92118.37110233758
[READ-MODIFY-WRITE], MinLatency(ns), 55342
[READ-MODIFY-WRITE], MaxLatency(ns), 221606911
[READ-MODIFY-WRITE], 95thPercentileLatency(ns), 116351
[READ-MODIFY-WRITE], 99thPercentileLatency(ns), 130698
[LOAD], Operations, 1
[LOAD], AverageLatency(ns), 3.62514743296E11
[LOAD], MinLatency(ns), 362513694720
[LOAD], MaxLatency(ns), 362515791871
[LOAD], 95thPercentileLatency(ns), 362515791871
[LOAD], 99thPercentileLatency(ns), 362515791871
[USED_MEM_MB], Operations, 61
[USED_MEM_MB], AverageLatency(ns), 4396.508196721312
[USED_MEM_MB], MinLatency(ns), 48
[USED_MEM_MB], MaxLatency(ns), 6348
[USED_MEM_MB], 95thPercentileLatency(ns), 6146
[USED_MEM_MB], 99thPercentileLatency(ns), 6309
[MAIN_GCs_Count], Operations, 1
[MAIN_GCs_Count], AverageLatency(ns), 123.0
[MAIN_GCs_Count], MinLatency(ns), 123
[MAIN_GCs_Count], MaxLatency(ns), 123
[MAIN_GCs_Count], 95thPercentileLatency(ns), 123
[MAIN_GCs_Count], 99thPercentileLatency(ns), 123
[MAIN_GCs_Time(ms)], Operations, 1
[MAIN_GCs_Time(ms)], AverageLatency(ns), 8951.0
[MAIN_GCs_Time(ms)], MinLatency(ns), 8951
[MAIN_GCs_Time(ms)], MaxLatency(ns), 8951
[MAIN_GCs_Time(ms)], 95thPercentileLatency(ns), 8951
[MAIN_GCs_Time(ms)], 99thPercentileLatency(ns), 8951
[TRANSACTION], Operations, 1
[TRANSACTION], AverageLatency(ns), 2.27723968512E11
[TRANSACTION], MinLatency(ns), 227723444224
[TRANSACTION], MaxLatency(ns), 227724492799
[TRANSACTION], 95thPercentileLatency(ns), 227724492799
[TRANSACTION], 99thPercentileLatency(ns), 227724492799
[GCS_TIME], Operations, 61
[GCS_TIME], AverageLatency(ns), 251.50819672131146
[GCS_TIME], MinLatency(ns), 0
[GCS_TIME], MaxLatency(ns), 688
[GCS_TIME], 95thPercentileLatency(ns), 511
[GCS_TIME], 99thPercentileLatency(ns), 643
[LOAD_GCs_Time(ms)], Operations, 1
[LOAD_GCs_Time(ms)], AverageLatency(ns), 6374.0
[LOAD_GCs_Time(ms)], MinLatency(ns), 6374
[LOAD_GCs_Time(ms)], MaxLatency(ns), 6374
[LOAD_GCs_Time(ms)], 95thPercentileLatency(ns), 6374
[LOAD_GCs_Time(ms)], 99thPercentileLatency(ns), 6374
[READ], Operations, 3000000
[READ], AverageLatency(ns), 27889.284953
[READ], MinLatency(ns), 232
[READ], MaxLatency(ns), 149017599
[READ], 95thPercentileLatency(ns), 53291
[READ], 99thPercentileLatency(ns), 59385
[READ], Return=OK, 3000000
[INIT], Operations, 1
[INIT], AverageLatency(ns), 6.33329664E8
[INIT], MinLatency(ns), 633327616
[INIT], MaxLatency(ns), 633331711
[INIT], 95thPercentileLatency(ns), 633331711
[INIT], 99thPercentileLatency(ns), 633331711
[GCS], Operations, 61
[GCS], AverageLatency(ns), 6.852459016393443
[GCS], MinLatency(ns), 0
[GCS], MaxLatency(ns), 73
[GCS], 95thPercentileLatency(ns), 9
[GCS], 99thPercentileLatency(ns), 28
[LOAD_GCs_Count], Operations, 1
[LOAD_GCs_Count], AverageLatency(ns), 294.0
[LOAD_GCs_Count], MinLatency(ns), 294
[LOAD_GCs_Count], MaxLatency(ns), 294
[LOAD_GCs_Count], 95thPercentileLatency(ns), 294
[LOAD_GCs_Count], 99thPercentileLatency(ns), 294
[CLEANUP], Operations, 1
[CLEANUP], AverageLatency(ns), 15894.0
[CLEANUP], MinLatency(ns), 15894
[CLEANUP], MaxLatency(ns), 15894
[CLEANUP], 95thPercentileLatency(ns), 15894
[CLEANUP], 99thPercentileLatency(ns), 15894
[INSERT], Operations, 1000000
[INSERT], AverageLatency(ns), 74466.456005
[INSERT], MinLatency(ns), 63154
[INSERT], MaxLatency(ns), 71905791
[INSERT], 95thPercentileLatency(ns), 77953
[INSERT], 99thPercentileLatency(ns), 97271
[INSERT], Return=OK, 1000000
[UPDATE], Operations, 1499713
[UPDATE], AverageLatency(ns), 63309.62411741447
[UPDATE], MinLatency(ns), 54600
[UPDATE], MaxLatency(ns), 141778943
[UPDATE], 95thPercentileLatency(ns), 65938
[UPDATE], 99thPercentileLatency(ns), 74885
[UPDATE], Return=OK, 1499713
