/home/anatole/jdk8u/build/linux-x86_64-normal-server-release/jdk/bin/java -Xmx100g -XX:+UseG1GC -XX:InitiatingHeapOccupancyPercent=15 -classpath /home/anatole/ycsb/conf:/home/anatole/ycsb/core/target/core-0.18.0-SNAPSHOT.jar:/home/anatole/ycsb/core/target/dependency/HdrHistogram-2.1.4.jar:/home/anatole/ycsb/core/target/dependency/guava-18.0.jar:/home/anatole/ycsb/core/target/dependency/htrace-core4-4.1.0-incubating.jar:/home/anatole/ycsb/core/target/dependency/jackson-core-asl-1.9.4.jar:/home/anatole/ycsb/core/target/dependency/jackson-mapper-asl-1.9.4.jar:/home/anatole/ycsb/core/target/dependency/javax.persistence-api-2.2.jar:/home/anatole/ycsb/core/target/dependency/jnvm-1.0-SNAPSHOT.jar:/home/anatole/ycsb/core/target/dependency/pcj-1.0.jar:/home/anatole/ycsb/core/target/dependency/unsafe-helper-1.0.jar:/home/anatole/ycsb/infinispan/src/main/conf:/home/anatole/ycsb/infinispan/target/infinispan-binding-0.18.0-SNAPSHOT.jar:/home/anatole/ycsb/infinispan/target/dependency/caffeine-2.6.2.jar:/home/anatole/ycsb/infinispan/target/dependency/gson-2.8.2.jar:/home/anatole/ycsb/infinispan/target/dependency/guava-18.0.jar:/home/anatole/ycsb/infinispan/target/dependency/infinispan-cachestore-jnvm-1.0-SNAPSHOT.jar:/home/anatole/ycsb/infinispan/target/dependency/infinispan-cachestore-pcj-1.0-SNAPSHOT.jar:/home/anatole/ycsb/infinispan/target/dependency/infinispan-client-hotrod-9.4.20.Final.jar:/home/anatole/ycsb/infinispan/target/dependency/infinispan-commons-9.4.20.Final.jar:/home/anatole/ycsb/infinispan/target/dependency/infinispan-core-9.4.20.Final.jar:/home/anatole/ycsb/infinispan/target/dependency/infinispan-persistence-soft-index-9.4.20.Final.jar:/home/anatole/ycsb/infinispan/target/dependency/javax.persistence-api-2.2.jar:/home/anatole/ycsb/infinispan/target/dependency/jboss-logging-3.3.2.Final.jar:/home/anatole/ycsb/infinispan/target/dependency/jboss-marshalling-osgi-2.0.6.Final.jar:/home/anatole/ycsb/infinispan/target/dependency/jboss-transaction-api_1.2_spec-1.1.1.Final.jar:/home/anatole/ycsb/infinispan/target/dependency/jgroups-4.0.21.Final.jar:/home/anatole/ycsb/infinispan/target/dependency/jnvm-1.0-SNAPSHOT.jar:/home/anatole/ycsb/infinispan/target/dependency/metainf-services-1.7.jar:/home/anatole/ycsb/infinispan/target/dependency/netty-buffer-4.1.51.Final.jar:/home/anatole/ycsb/infinispan/target/dependency/netty-codec-4.1.51.Final.jar:/home/anatole/ycsb/infinispan/target/dependency/netty-common-4.1.51.Final.jar:/home/anatole/ycsb/infinispan/target/dependency/netty-handler-4.1.51.Final.jar:/home/anatole/ycsb/infinispan/target/dependency/netty-resolver-4.1.51.Final.jar:/home/anatole/ycsb/infinispan/target/dependency/netty-transport-4.1.51.Final.jar:/home/anatole/ycsb/infinispan/target/dependency/netty-transport-native-epoll-4.1.51.Final-linux-x86_64.jar:/home/anatole/ycsb/infinispan/target/dependency/netty-transport-native-unix-common-4.1.51.Final.jar:/home/anatole/ycsb/infinispan/target/dependency/pcj-1.0.jar:/home/anatole/ycsb/infinispan/target/dependency/reactive-streams-1.0.2.jar:/home/anatole/ycsb/infinispan/target/dependency/rxjava-2.2.4.jar:/home/anatole/ycsb/infinispan/target/dependency/unsafe-helper-1.0.jar site.ycsb.Client -t -db site.ycsb.db.InfinispanClient -P ../workloads/workloadf -preload -s -threads 1 -p dataintegrity=true -p offheap=false -p recordcount=1000000 -p operationcount=3000000 -p fieldcount=10 -p fieldlength=600 -p requestdistribution=zipfian -p measurement.trackjvm=true -p measurementtype=hdrhistogram -p hdrhistogram.output.path=./out/exp7.marshalling.ref/log/infinispan.run.workloadf.true.1000000.1000000.10.600.zipfian.1.false.true.default.default.tmpfs.r6.hdr.log
[OVERALL], RunTime(ms), 351936
[OVERALL], Throughput(ops/sec), 11365.702855064557
[TOTAL_GCS_G1_Young_Generation], Count, 591
[TOTAL_GC_TIME_G1_Young_Generation], Time(ms), 20312
[TOTAL_GC_TIME_%_G1_Young_Generation], Time(%), 5.7715039098017815
[TOTAL_GCS_G1_Old_Generation], Count, 0
[TOTAL_GC_TIME_G1_Old_Generation], Time(ms), 0
[TOTAL_GC_TIME_%_G1_Old_Generation], Time(%), 0.0
[TOTAL_GCs], Count, 591
[TOTAL_GC_TIME], Time(ms), 20312
[TOTAL_GC_TIME_%], Time(%), 5.7715039098017815
[MAX_MEM_USED], MBs, 30748
[MIN_MEM_USED], MBs, 56
[MAX_THREADS], Count, 7
[MIN_THREADS], Count, 3
[MAX_SYS_LOAD_AVG], Load, 8.16
[MIN_SYS_LOAD_AVG], Load, 1.27
[THREAD_COUNT], Operations, 37
[THREAD_COUNT], AverageLatency(ns), 5.513513513513513
[THREAD_COUNT], MinLatency(ns), 3
[THREAD_COUNT], MaxLatency(ns), 7
[THREAD_COUNT], 95thPercentileLatency(ns), 7
[THREAD_COUNT], 99thPercentileLatency(ns), 7
[SYS_LOAD_AVG], Operations, 37
[SYS_LOAD_AVG], AverageLatency(ns), 3.4864864864864864
[SYS_LOAD_AVG], MinLatency(ns), 1
[SYS_LOAD_AVG], MaxLatency(ns), 8
[SYS_LOAD_AVG], 95thPercentileLatency(ns), 7
[SYS_LOAD_AVG], 99thPercentileLatency(ns), 8
[READ-MODIFY-WRITE], Operations, 1500813
[READ-MODIFY-WRITE], AverageLatency(ns), 50127.805388812594
[READ-MODIFY-WRITE], MinLatency(ns), 33697
[READ-MODIFY-WRITE], MaxLatency(ns), 400676863
[READ-MODIFY-WRITE], 95thPercentileLatency(ns), 59134
[READ-MODIFY-WRITE], 99thPercentileLatency(ns), 67267
[LOAD], Operations, 1
[LOAD], AverageLatency(ns), 2.43624574976E11
[LOAD], MinLatency(ns), 243624050688
[LOAD], MaxLatency(ns), 243625099263
[LOAD], 95thPercentileLatency(ns), 243625099263
[LOAD], 99thPercentileLatency(ns), 243625099263
[USED_MEM_MB], Operations, 37
[USED_MEM_MB], AverageLatency(ns), 12708.135135135135
[USED_MEM_MB], MinLatency(ns), 56
[USED_MEM_MB], MaxLatency(ns), 30748
[USED_MEM_MB], 95thPercentileLatency(ns), 21868
[USED_MEM_MB], 99thPercentileLatency(ns), 30748
[MAIN_GCs_Count], Operations, 1
[MAIN_GCs_Count], AverageLatency(ns), 24.0
[MAIN_GCs_Count], MinLatency(ns), 24
[MAIN_GCs_Count], MaxLatency(ns), 24
[MAIN_GCs_Count], 95thPercentileLatency(ns), 24
[MAIN_GCs_Count], 99thPercentileLatency(ns), 24
[MAIN_GCs_Time(ms)], Operations, 1
[MAIN_GCs_Time(ms)], AverageLatency(ns), 3621.0
[MAIN_GCs_Time(ms)], MinLatency(ns), 3621
[MAIN_GCs_Time(ms)], MaxLatency(ns), 3621
[MAIN_GCs_Time(ms)], 95thPercentileLatency(ns), 3621
[MAIN_GCs_Time(ms)], 99thPercentileLatency(ns), 3621
[TRANSACTION], Operations, 1
[TRANSACTION], AverageLatency(ns), 1.07322540032E11
[TRANSACTION], MinLatency(ns), 107322277888
[TRANSACTION], MaxLatency(ns), 107322802175
[TRANSACTION], 95thPercentileLatency(ns), 107322802175
[TRANSACTION], 99thPercentileLatency(ns), 107322802175
[GCS_TIME], Operations, 37
[GCS_TIME], AverageLatency(ns), 548.972972972973
[GCS_TIME], MinLatency(ns), 0
[GCS_TIME], MaxLatency(ns), 899
[GCS_TIME], 95thPercentileLatency(ns), 845
[GCS_TIME], 99thPercentileLatency(ns), 899
[LOAD_GCs_Time(ms)], Operations, 1
[LOAD_GCs_Time(ms)], AverageLatency(ns), 16448.0
[LOAD_GCs_Time(ms)], MinLatency(ns), 16448
[LOAD_GCs_Time(ms)], MaxLatency(ns), 16448
[LOAD_GCs_Time(ms)], 95thPercentileLatency(ns), 16448
[LOAD_GCs_Time(ms)], 99thPercentileLatency(ns), 16448
[READ], Operations, 3000000
[READ], AverageLatency(ns), 870.5957653333334
[READ], MinLatency(ns), 196
[READ], MaxLatency(ns), 126022655
[READ], 95thPercentileLatency(ns), 2023
[READ], 99thPercentileLatency(ns), 3522
[READ], Return=OK, 3000000
[INIT], Operations, 1
[INIT], AverageLatency(ns), 6.66433536E8
[INIT], MinLatency(ns), 666431488
[INIT], MaxLatency(ns), 666435583
[INIT], 95thPercentileLatency(ns), 666435583
[INIT], 99thPercentileLatency(ns), 666435583
[GCS], Operations, 37
[GCS], AverageLatency(ns), 15.972972972972974
[GCS], MinLatency(ns), 0
[GCS], MaxLatency(ns), 46
[GCS], 95thPercentileLatency(ns), 45
[GCS], 99thPercentileLatency(ns), 46
[LOAD_GCs_Count], Operations, 1
[LOAD_GCs_Count], AverageLatency(ns), 564.0
[LOAD_GCs_Count], MinLatency(ns), 564
[LOAD_GCs_Count], MaxLatency(ns), 564
[LOAD_GCs_Count], 95thPercentileLatency(ns), 564
[LOAD_GCs_Count], 99thPercentileLatency(ns), 564
[CLEANUP], Operations, 1
[CLEANUP], AverageLatency(ns), 23718.0
[CLEANUP], MinLatency(ns), 23718
[CLEANUP], MaxLatency(ns), 23718
[CLEANUP], 95thPercentileLatency(ns), 23718
[CLEANUP], 99thPercentileLatency(ns), 23718
[INSERT], Operations, 1000000
[INSERT], AverageLatency(ns), 44068.052357
[INSERT], MinLatency(ns), 32649
[INSERT], MaxLatency(ns), 276903935
[INSERT], 95thPercentileLatency(ns), 52687
[INSERT], 99thPercentileLatency(ns), 65617
[INSERT], Return=OK, 1000000
[UPDATE], Operations, 1500813
[UPDATE], AverageLatency(ns), 47907.86330075766
[UPDATE], MinLatency(ns), 32891
[UPDATE], MaxLatency(ns), 207902719
[UPDATE], 95thPercentileLatency(ns), 57436
[UPDATE], 99thPercentileLatency(ns), 65486
[UPDATE], Return=OK, 1500813
