/home/anatole/jdk8u/build/linux-x86_64-normal-server-release/jdk/bin/java -Xmx100g -XX:+UseG1GC -XX:InitiatingHeapOccupancyPercent=15 -classpath /home/anatole/ycsb/conf:/home/anatole/ycsb/core/target/core-0.18.0-SNAPSHOT.jar:/home/anatole/ycsb/core/target/dependency/HdrHistogram-2.1.4.jar:/home/anatole/ycsb/core/target/dependency/guava-18.0.jar:/home/anatole/ycsb/core/target/dependency/htrace-core4-4.1.0-incubating.jar:/home/anatole/ycsb/core/target/dependency/jackson-core-asl-1.9.4.jar:/home/anatole/ycsb/core/target/dependency/jackson-mapper-asl-1.9.4.jar:/home/anatole/ycsb/core/target/dependency/javax.persistence-api-2.2.jar:/home/anatole/ycsb/core/target/dependency/jnvm-1.0-SNAPSHOT.jar:/home/anatole/ycsb/core/target/dependency/pcj-1.0.jar:/home/anatole/ycsb/core/target/dependency/unsafe-helper-1.0.jar:/home/anatole/ycsb/infinispan/src/main/conf:/home/anatole/ycsb/infinispan/target/infinispan-binding-0.18.0-SNAPSHOT.jar:/home/anatole/ycsb/infinispan/target/dependency/caffeine-2.6.2.jar:/home/anatole/ycsb/infinispan/target/dependency/gson-2.8.2.jar:/home/anatole/ycsb/infinispan/target/dependency/guava-18.0.jar:/home/anatole/ycsb/infinispan/target/dependency/infinispan-cachestore-jnvm-1.0-SNAPSHOT.jar:/home/anatole/ycsb/infinispan/target/dependency/infinispan-cachestore-pcj-1.0-SNAPSHOT.jar:/home/anatole/ycsb/infinispan/target/dependency/infinispan-client-hotrod-9.4.20.Final.jar:/home/anatole/ycsb/infinispan/target/dependency/infinispan-commons-9.4.20.Final.jar:/home/anatole/ycsb/infinispan/target/dependency/infinispan-core-9.4.20.Final.jar:/home/anatole/ycsb/infinispan/target/dependency/infinispan-persistence-soft-index-9.4.20.Final.jar:/home/anatole/ycsb/infinispan/target/dependency/javax.persistence-api-2.2.jar:/home/anatole/ycsb/infinispan/target/dependency/jboss-logging-3.3.2.Final.jar:/home/anatole/ycsb/infinispan/target/dependency/jboss-marshalling-osgi-2.0.6.Final.jar:/home/anatole/ycsb/infinispan/target/dependency/jboss-transaction-api_1.2_spec-1.1.1.Final.jar:/home/anatole/ycsb/infinispan/target/dependency/jgroups-4.0.21.Final.jar:/home/anatole/ycsb/infinispan/target/dependency/jnvm-1.0-SNAPSHOT.jar:/home/anatole/ycsb/infinispan/target/dependency/metainf-services-1.7.jar:/home/anatole/ycsb/infinispan/target/dependency/netty-buffer-4.1.51.Final.jar:/home/anatole/ycsb/infinispan/target/dependency/netty-codec-4.1.51.Final.jar:/home/anatole/ycsb/infinispan/target/dependency/netty-common-4.1.51.Final.jar:/home/anatole/ycsb/infinispan/target/dependency/netty-handler-4.1.51.Final.jar:/home/anatole/ycsb/infinispan/target/dependency/netty-resolver-4.1.51.Final.jar:/home/anatole/ycsb/infinispan/target/dependency/netty-transport-4.1.51.Final.jar:/home/anatole/ycsb/infinispan/target/dependency/netty-transport-native-epoll-4.1.51.Final-linux-x86_64.jar:/home/anatole/ycsb/infinispan/target/dependency/netty-transport-native-unix-common-4.1.51.Final.jar:/home/anatole/ycsb/infinispan/target/dependency/pcj-1.0.jar:/home/anatole/ycsb/infinispan/target/dependency/reactive-streams-1.0.2.jar:/home/anatole/ycsb/infinispan/target/dependency/rxjava-2.2.4.jar:/home/anatole/ycsb/infinispan/target/dependency/unsafe-helper-1.0.jar site.ycsb.Client -t -db site.ycsb.db.InfinispanClient -P ../workloads/workloadf -preload -s -threads 1 -p dataintegrity=true -p offheap=false -p recordcount=1000000 -p operationcount=3000000 -p fieldcount=10 -p fieldlength=400 -p requestdistribution=zipfian -p measurement.trackjvm=true -p measurementtype=hdrhistogram -p hdrhistogram.output.path=./out/exp7.marshalling.ref/log/infinispan.run.workloadf.true.1000000.1000000.10.400.zipfian.1.false.true.default.default.none.r10.hdr.log
[OVERALL], RunTime(ms), 110318
[OVERALL], Throughput(ops/sec), 36258.815424500084
[TOTAL_GCS_G1_Young_Generation], Count, 78
[TOTAL_GC_TIME_G1_Young_Generation], Time(ms), 8304
[TOTAL_GC_TIME_%_G1_Young_Generation], Time(%), 7.527330082126217
[TOTAL_GCS_G1_Old_Generation], Count, 0
[TOTAL_GC_TIME_G1_Old_Generation], Time(ms), 0
[TOTAL_GC_TIME_%_G1_Old_Generation], Time(%), 0.0
[TOTAL_GCs], Count, 78
[TOTAL_GC_TIME], Time(ms), 8304
[TOTAL_GC_TIME_%], Time(%), 7.527330082126217
[MAX_MEM_USED], MBs, 13558
[MIN_MEM_USED], MBs, 56
[MAX_THREADS], Count, 6
[MIN_THREADS], Count, 3
[MAX_SYS_LOAD_AVG], Load, 5.0
[MIN_SYS_LOAD_AVG], Load, 2.42
[THREAD_COUNT], Operations, 13
[THREAD_COUNT], AverageLatency(ns), 5.230769230769231
[THREAD_COUNT], MinLatency(ns), 3
[THREAD_COUNT], MaxLatency(ns), 6
[THREAD_COUNT], 95thPercentileLatency(ns), 6
[THREAD_COUNT], 99thPercentileLatency(ns), 6
[SYS_LOAD_AVG], Operations, 13
[SYS_LOAD_AVG], AverageLatency(ns), 2.923076923076923
[SYS_LOAD_AVG], MinLatency(ns), 2
[SYS_LOAD_AVG], MaxLatency(ns), 5
[SYS_LOAD_AVG], 95thPercentileLatency(ns), 5
[SYS_LOAD_AVG], 99thPercentileLatency(ns), 5
[READ-MODIFY-WRITE], Operations, 1500623
[READ-MODIFY-WRITE], AverageLatency(ns), 2978.6665744827314
[READ-MODIFY-WRITE], MinLatency(ns), 1443
[READ-MODIFY-WRITE], MaxLatency(ns), 44110847
[READ-MODIFY-WRITE], 95thPercentileLatency(ns), 4505
[READ-MODIFY-WRITE], 99thPercentileLatency(ns), 8200
[LOAD], Operations, 1
[LOAD], AverageLatency(ns), 8.8725520384E10
[LOAD], MinLatency(ns), 88725258240
[LOAD], MaxLatency(ns), 88725782527
[LOAD], 95thPercentileLatency(ns), 88725782527
[LOAD], 99thPercentileLatency(ns), 88725782527
[USED_MEM_MB], Operations, 13
[USED_MEM_MB], AverageLatency(ns), 8488.692307692309
[USED_MEM_MB], MinLatency(ns), 56
[USED_MEM_MB], MaxLatency(ns), 13558
[USED_MEM_MB], 95thPercentileLatency(ns), 13423
[USED_MEM_MB], 99thPercentileLatency(ns), 13558
[MAIN_GCs_Count], Operations, 1
[MAIN_GCs_Count], AverageLatency(ns), 16.0
[MAIN_GCs_Count], MinLatency(ns), 16
[MAIN_GCs_Count], MaxLatency(ns), 16
[MAIN_GCs_Count], 95thPercentileLatency(ns), 16
[MAIN_GCs_Count], 99thPercentileLatency(ns), 16
[MAIN_GCs_Time(ms)], Operations, 1
[MAIN_GCs_Time(ms)], AverageLatency(ns), 1480.0
[MAIN_GCs_Time(ms)], MinLatency(ns), 1480
[MAIN_GCs_Time(ms)], MaxLatency(ns), 1480
[MAIN_GCs_Time(ms)], 95thPercentileLatency(ns), 1480
[MAIN_GCs_Time(ms)], 99thPercentileLatency(ns), 1480
[TRANSACTION], Operations, 1
[TRANSACTION], AverageLatency(ns), 2.0942487552E10
[TRANSACTION], MinLatency(ns), 20942422016
[TRANSACTION], MaxLatency(ns), 20942553087
[TRANSACTION], 95thPercentileLatency(ns), 20942553087
[TRANSACTION], 99thPercentileLatency(ns), 20942553087
[GCS_TIME], Operations, 13
[GCS_TIME], AverageLatency(ns), 638.7692307692307
[GCS_TIME], MinLatency(ns), 0
[GCS_TIME], MaxLatency(ns), 968
[GCS_TIME], 95thPercentileLatency(ns), 835
[GCS_TIME], 99thPercentileLatency(ns), 968
[LOAD_GCs_Time(ms)], Operations, 1
[LOAD_GCs_Time(ms)], AverageLatency(ns), 6796.0
[LOAD_GCs_Time(ms)], MinLatency(ns), 6796
[LOAD_GCs_Time(ms)], MaxLatency(ns), 6796
[LOAD_GCs_Time(ms)], 95thPercentileLatency(ns), 6796
[LOAD_GCs_Time(ms)], 99thPercentileLatency(ns), 6796
[READ], Operations, 3000000
[READ], AverageLatency(ns), 649.1615346666666
[READ], MinLatency(ns), 158
[READ], MaxLatency(ns), 14950463
[READ], 95thPercentileLatency(ns), 1588
[READ], 99thPercentileLatency(ns), 2463
[READ], Return=OK, 3000000
[INIT], Operations, 1
[INIT], AverageLatency(ns), 5.94110464E8
[INIT], MinLatency(ns), 594108416
[INIT], MaxLatency(ns), 594112511
[INIT], 95thPercentileLatency(ns), 594112511
[INIT], 99thPercentileLatency(ns), 594112511
[GCS], Operations, 13
[GCS], AverageLatency(ns), 6.0
[GCS], MinLatency(ns), 0
[GCS], MaxLatency(ns), 18
[GCS], 95thPercentileLatency(ns), 9
[GCS], 99thPercentileLatency(ns), 18
[LOAD_GCs_Count], Operations, 1
[LOAD_GCs_Count], AverageLatency(ns), 60.0
[LOAD_GCs_Count], MinLatency(ns), 60
[LOAD_GCs_Count], MaxLatency(ns), 60
[LOAD_GCs_Count], 95thPercentileLatency(ns), 60
[LOAD_GCs_Count], 99thPercentileLatency(ns), 60
[CLEANUP], Operations, 1
[CLEANUP], AverageLatency(ns), 16887.0
[CLEANUP], MinLatency(ns), 16887
[CLEANUP], MaxLatency(ns), 16887
[CLEANUP], 95thPercentileLatency(ns), 16887
[CLEANUP], 99thPercentileLatency(ns), 16887
[INSERT], Operations, 1000000
[INSERT], AverageLatency(ns), 2583.336437
[INSERT], MinLatency(ns), 1180
[INSERT], MaxLatency(ns), 189600767
[INSERT], 95thPercentileLatency(ns), 2182
[INSERT], 99thPercentileLatency(ns), 3848
[INSERT], Return=OK, 1000000
[UPDATE], Operations, 1500623
[UPDATE], AverageLatency(ns), 1915.2337908988468
[UPDATE], MinLatency(ns), 979
[UPDATE], MaxLatency(ns), 437679
[UPDATE], 95thPercentileLatency(ns), 3370
[UPDATE], 99thPercentileLatency(ns), 4925
[UPDATE], Return=OK, 1500623
