/home/anatole/jdk8u/build/linux-x86_64-normal-server-release/jdk/bin/java -Xmx40g -XX:+UseG1GC -classpath /home/anatole/ycsb/conf:/home/anatole/ycsb/core/target/core-0.18.0-SNAPSHOT.jar:/home/anatole/ycsb/core/target/dependency/HdrHistogram-2.1.4.jar:/home/anatole/ycsb/core/target/dependency/guava-18.0.jar:/home/anatole/ycsb/core/target/dependency/htrace-core4-4.1.0-incubating.jar:/home/anatole/ycsb/core/target/dependency/jackson-core-asl-1.9.4.jar:/home/anatole/ycsb/core/target/dependency/jackson-mapper-asl-1.9.4.jar:/home/anatole/ycsb/core/target/dependency/javax.persistence-api-2.2.jar:/home/anatole/ycsb/core/target/dependency/jnvm-1.0-SNAPSHOT.jar:/home/anatole/ycsb/core/target/dependency/pcj-1.0.jar:/home/anatole/ycsb/core/target/dependency/unsafe-helper-1.0.jar:/home/anatole/ycsb/infinispan/src/main/conf:/home/anatole/ycsb/infinispan/target/infinispan-binding-0.18.0-SNAPSHOT.jar:/home/anatole/ycsb/infinispan/target/dependency/caffeine-2.6.2.jar:/home/anatole/ycsb/infinispan/target/dependency/gson-2.8.2.jar:/home/anatole/ycsb/infinispan/target/dependency/guava-18.0.jar:/home/anatole/ycsb/infinispan/target/dependency/infinispan-cachestore-jnvm-1.0-SNAPSHOT.jar:/home/anatole/ycsb/infinispan/target/dependency/infinispan-cachestore-pcj-1.0-SNAPSHOT.jar:/home/anatole/ycsb/infinispan/target/dependency/infinispan-client-hotrod-9.4.20.Final.jar:/home/anatole/ycsb/infinispan/target/dependency/infinispan-commons-9.4.20.Final.jar:/home/anatole/ycsb/infinispan/target/dependency/infinispan-core-9.4.20.Final.jar:/home/anatole/ycsb/infinispan/target/dependency/infinispan-persistence-soft-index-9.4.20.Final.jar:/home/anatole/ycsb/infinispan/target/dependency/javax.persistence-api-2.2.jar:/home/anatole/ycsb/infinispan/target/dependency/jboss-logging-3.3.2.Final.jar:/home/anatole/ycsb/infinispan/target/dependency/jboss-marshalling-osgi-2.0.6.Final.jar:/home/anatole/ycsb/infinispan/target/dependency/jboss-transaction-api_1.2_spec-1.1.1.Final.jar:/home/anatole/ycsb/infinispan/target/dependency/jgroups-4.0.21.Final.jar:/home/anatole/ycsb/infinispan/target/dependency/jnvm-1.0-SNAPSHOT.jar:/home/anatole/ycsb/infinispan/target/dependency/metainf-services-1.7.jar:/home/anatole/ycsb/infinispan/target/dependency/netty-buffer-4.1.51.Final.jar:/home/anatole/ycsb/infinispan/target/dependency/netty-codec-4.1.51.Final.jar:/home/anatole/ycsb/infinispan/target/dependency/netty-common-4.1.51.Final.jar:/home/anatole/ycsb/infinispan/target/dependency/netty-handler-4.1.51.Final.jar:/home/anatole/ycsb/infinispan/target/dependency/netty-resolver-4.1.51.Final.jar:/home/anatole/ycsb/infinispan/target/dependency/netty-transport-4.1.51.Final.jar:/home/anatole/ycsb/infinispan/target/dependency/netty-transport-native-epoll-4.1.51.Final-linux-x86_64.jar:/home/anatole/ycsb/infinispan/target/dependency/netty-transport-native-unix-common-4.1.51.Final.jar:/home/anatole/ycsb/infinispan/target/dependency/pcj-1.0.jar:/home/anatole/ycsb/infinispan/target/dependency/reactive-streams-1.0.2.jar:/home/anatole/ycsb/infinispan/target/dependency/rxjava-2.2.4.jar:/home/anatole/ycsb/infinispan/target/dependency/unsafe-helper-1.0.jar site.ycsb.Client -t -db site.ycsb.db.InfinispanClient -P ../workloads/workloadf -preload -s -threads 1 -p dataintegrity=true -p offheap=false -p recordcount=1000000 -p operationcount=3000000 -p fieldcount=10 -p fieldlength=700 -p requestdistribution=zipfian -p measurement.trackjvm=true -p measurementtype=hdrhistogram -p hdrhistogram.output.path=./out/exp7.marshalling.ref/log/infinispan.run.workloadf.true.1000000.1000000.10.700.zipfian.1.false.true.default.default.nullfsvfs.r4.hdr.log
[OVERALL], RunTime(ms), 389255
[OVERALL], Throughput(ops/sec), 10276.0401279367
[TOTAL_GCS_G1_Young_Generation], Count, 491
[TOTAL_GC_TIME_G1_Young_Generation], Time(ms), 21123
[TOTAL_GC_TIME_%_G1_Young_Generation], Time(%), 5.426519890560173
[TOTAL_GCS_G1_Old_Generation], Count, 0
[TOTAL_GC_TIME_G1_Old_Generation], Time(ms), 0
[TOTAL_GC_TIME_%_G1_Old_Generation], Time(%), 0.0
[TOTAL_GCs], Count, 491
[TOTAL_GC_TIME], Time(ms), 21123
[TOTAL_GC_TIME_%], Time(%), 5.426519890560173
[MAX_MEM_USED], MBs, 18642
[MIN_MEM_USED], MBs, 52
[MAX_THREADS], Count, 7
[MIN_THREADS], Count, 3
[MAX_SYS_LOAD_AVG], Load, 6.27
[MIN_SYS_LOAD_AVG], Load, 1.35
[THREAD_COUNT], Operations, 40
[THREAD_COUNT], AverageLatency(ns), 5.475
[THREAD_COUNT], MinLatency(ns), 3
[THREAD_COUNT], MaxLatency(ns), 7
[THREAD_COUNT], 95thPercentileLatency(ns), 7
[THREAD_COUNT], 99thPercentileLatency(ns), 7
[SYS_LOAD_AVG], Operations, 40
[SYS_LOAD_AVG], AverageLatency(ns), 2.825
[SYS_LOAD_AVG], MinLatency(ns), 1
[SYS_LOAD_AVG], MaxLatency(ns), 6
[SYS_LOAD_AVG], 95thPercentileLatency(ns), 5
[SYS_LOAD_AVG], 99thPercentileLatency(ns), 6
[READ-MODIFY-WRITE], Operations, 1499536
[READ-MODIFY-WRITE], AverageLatency(ns), 46671.16789927017
[READ-MODIFY-WRITE], MinLatency(ns), 34569
[READ-MODIFY-WRITE], MaxLatency(ns), 128357375
[READ-MODIFY-WRITE], 95thPercentileLatency(ns), 55363
[READ-MODIFY-WRITE], 99thPercentileLatency(ns), 61534
[LOAD], Operations, 1
[LOAD], AverageLatency(ns), 2.77506686976E11
[LOAD], MinLatency(ns), 277505638400
[LOAD], MaxLatency(ns), 277507735551
[LOAD], 95thPercentileLatency(ns), 277507735551
[LOAD], 99thPercentileLatency(ns), 277507735551
[USED_MEM_MB], Operations, 40
[USED_MEM_MB], AverageLatency(ns), 12467.975
[USED_MEM_MB], MinLatency(ns), 52
[USED_MEM_MB], MaxLatency(ns), 18642
[USED_MEM_MB], 95thPercentileLatency(ns), 18353
[USED_MEM_MB], 99thPercentileLatency(ns), 18642
[MAIN_GCs_Count], Operations, 1
[MAIN_GCs_Count], AverageLatency(ns), 153.0
[MAIN_GCs_Count], MinLatency(ns), 153
[MAIN_GCs_Count], MaxLatency(ns), 153
[MAIN_GCs_Count], 95thPercentileLatency(ns), 153
[MAIN_GCs_Count], 99thPercentileLatency(ns), 153
[MAIN_GCs_Time(ms)], Operations, 1
[MAIN_GCs_Time(ms)], AverageLatency(ns), 6640.0
[MAIN_GCs_Time(ms)], MinLatency(ns), 6640
[MAIN_GCs_Time(ms)], MaxLatency(ns), 6640
[MAIN_GCs_Time(ms)], 95thPercentileLatency(ns), 6640
[MAIN_GCs_Time(ms)], 99thPercentileLatency(ns), 6640
[TRANSACTION], Operations, 1
[TRANSACTION], AverageLatency(ns), 1.10979448832E11
[TRANSACTION], MinLatency(ns), 110979186688
[TRANSACTION], MaxLatency(ns), 110979710975
[TRANSACTION], 95thPercentileLatency(ns), 110979710975
[TRANSACTION], 99thPercentileLatency(ns), 110979710975
[GCS_TIME], Operations, 40
[GCS_TIME], AverageLatency(ns), 528.075
[GCS_TIME], MinLatency(ns), 0
[GCS_TIME], MaxLatency(ns), 696
[GCS_TIME], 95thPercentileLatency(ns), 677
[GCS_TIME], 99thPercentileLatency(ns), 696
[LOAD_GCs_Time(ms)], Operations, 1
[LOAD_GCs_Time(ms)], AverageLatency(ns), 14409.0
[LOAD_GCs_Time(ms)], MinLatency(ns), 14409
[LOAD_GCs_Time(ms)], MaxLatency(ns), 14409
[LOAD_GCs_Time(ms)], 95thPercentileLatency(ns), 14409
[LOAD_GCs_Time(ms)], 99thPercentileLatency(ns), 14409
[READ], Operations, 3000000
[READ], AverageLatency(ns), 790.6094423333333
[READ], MinLatency(ns), 184
[READ], MaxLatency(ns), 73286655
[READ], 95thPercentileLatency(ns), 1745
[READ], 99thPercentileLatency(ns), 2746
[READ], Return=OK, 3000000
[INIT], Operations, 1
[INIT], AverageLatency(ns), 6.75166208E8
[INIT], MinLatency(ns), 675164160
[INIT], MaxLatency(ns), 675168255
[INIT], 95thPercentileLatency(ns), 675168255
[INIT], 99thPercentileLatency(ns), 675168255
[GCS], Operations, 40
[GCS], AverageLatency(ns), 12.275
[GCS], MinLatency(ns), 0
[GCS], MaxLatency(ns), 44
[GCS], 95thPercentileLatency(ns), 36
[GCS], 99thPercentileLatency(ns), 44
[LOAD_GCs_Count], Operations, 1
[LOAD_GCs_Count], AverageLatency(ns), 335.0
[LOAD_GCs_Count], MinLatency(ns), 335
[LOAD_GCs_Count], MaxLatency(ns), 335
[LOAD_GCs_Count], 95thPercentileLatency(ns), 335
[LOAD_GCs_Count], 99thPercentileLatency(ns), 335
[CLEANUP], Operations, 1
[CLEANUP], AverageLatency(ns), 32107.0
[CLEANUP], MinLatency(ns), 32107
[CLEANUP], MaxLatency(ns), 32107
[CLEANUP], 95thPercentileLatency(ns), 32107
[CLEANUP], 99thPercentileLatency(ns), 32107
[INSERT], Operations, 1000000
[INSERT], AverageLatency(ns), 41278.245986
[INSERT], MinLatency(ns), 33513
[INSERT], MaxLatency(ns), 202463231
[INSERT], 95thPercentileLatency(ns), 45977
[INSERT], 99thPercentileLatency(ns), 57052
[INSERT], Return=OK, 1000000
[UPDATE], Operations, 1499536
[UPDATE], AverageLatency(ns), 45005.79373886322
[UPDATE], MinLatency(ns), 33921
[UPDATE], MaxLatency(ns), 92775423
[UPDATE], 95thPercentileLatency(ns), 53894
[UPDATE], 99thPercentileLatency(ns), 59790
[UPDATE], Return=OK, 1499536
