/home/anatole/jdk8u/build/linux-x86_64-normal-server-release/jdk/bin/java -Xmx100g -XX:+UseG1GC -XX:InitiatingHeapOccupancyPercent=15 -classpath /home/anatole/ycsb/conf:/home/anatole/ycsb/core/target/core-0.18.0-SNAPSHOT.jar:/home/anatole/ycsb/core/target/dependency/HdrHistogram-2.1.4.jar:/home/anatole/ycsb/core/target/dependency/guava-18.0.jar:/home/anatole/ycsb/core/target/dependency/htrace-core4-4.1.0-incubating.jar:/home/anatole/ycsb/core/target/dependency/jackson-core-asl-1.9.4.jar:/home/anatole/ycsb/core/target/dependency/jackson-mapper-asl-1.9.4.jar:/home/anatole/ycsb/core/target/dependency/javax.persistence-api-2.2.jar:/home/anatole/ycsb/core/target/dependency/jnvm-1.0-SNAPSHOT.jar:/home/anatole/ycsb/core/target/dependency/pcj-1.0.jar:/home/anatole/ycsb/core/target/dependency/unsafe-helper-1.0.jar:/home/anatole/ycsb/infinispan/src/main/conf:/home/anatole/ycsb/infinispan/target/infinispan-binding-0.18.0-SNAPSHOT.jar:/home/anatole/ycsb/infinispan/target/dependency/caffeine-2.6.2.jar:/home/anatole/ycsb/infinispan/target/dependency/gson-2.8.2.jar:/home/anatole/ycsb/infinispan/target/dependency/guava-18.0.jar:/home/anatole/ycsb/infinispan/target/dependency/infinispan-cachestore-jnvm-1.0-SNAPSHOT.jar:/home/anatole/ycsb/infinispan/target/dependency/infinispan-cachestore-pcj-1.0-SNAPSHOT.jar:/home/anatole/ycsb/infinispan/target/dependency/infinispan-client-hotrod-9.4.20.Final.jar:/home/anatole/ycsb/infinispan/target/dependency/infinispan-commons-9.4.20.Final.jar:/home/anatole/ycsb/infinispan/target/dependency/infinispan-core-9.4.20.Final.jar:/home/anatole/ycsb/infinispan/target/dependency/infinispan-persistence-soft-index-9.4.20.Final.jar:/home/anatole/ycsb/infinispan/target/dependency/javax.persistence-api-2.2.jar:/home/anatole/ycsb/infinispan/target/dependency/jboss-logging-3.3.2.Final.jar:/home/anatole/ycsb/infinispan/target/dependency/jboss-marshalling-osgi-2.0.6.Final.jar:/home/anatole/ycsb/infinispan/target/dependency/jboss-transaction-api_1.2_spec-1.1.1.Final.jar:/home/anatole/ycsb/infinispan/target/dependency/jgroups-4.0.21.Final.jar:/home/anatole/ycsb/infinispan/target/dependency/jnvm-1.0-SNAPSHOT.jar:/home/anatole/ycsb/infinispan/target/dependency/metainf-services-1.7.jar:/home/anatole/ycsb/infinispan/target/dependency/netty-buffer-4.1.51.Final.jar:/home/anatole/ycsb/infinispan/target/dependency/netty-codec-4.1.51.Final.jar:/home/anatole/ycsb/infinispan/target/dependency/netty-common-4.1.51.Final.jar:/home/anatole/ycsb/infinispan/target/dependency/netty-handler-4.1.51.Final.jar:/home/anatole/ycsb/infinispan/target/dependency/netty-resolver-4.1.51.Final.jar:/home/anatole/ycsb/infinispan/target/dependency/netty-transport-4.1.51.Final.jar:/home/anatole/ycsb/infinispan/target/dependency/netty-transport-native-epoll-4.1.51.Final-linux-x86_64.jar:/home/anatole/ycsb/infinispan/target/dependency/netty-transport-native-unix-common-4.1.51.Final.jar:/home/anatole/ycsb/infinispan/target/dependency/pcj-1.0.jar:/home/anatole/ycsb/infinispan/target/dependency/reactive-streams-1.0.2.jar:/home/anatole/ycsb/infinispan/target/dependency/rxjava-2.2.4.jar:/home/anatole/ycsb/infinispan/target/dependency/unsafe-helper-1.0.jar site.ycsb.Client -t -db site.ycsb.db.InfinispanClient -P ../workloads/workloadf -preload -s -threads 1 -p dataintegrity=true -p offheap=false -p recordcount=1000000 -p operationcount=3000000 -p fieldcount=10 -p fieldlength=600 -p requestdistribution=zipfian -p measurement.trackjvm=true -p measurementtype=hdrhistogram -p hdrhistogram.output.path=./out/exp7.marshalling.ref/log/infinispan.run.workloadf.true.1000000.1000000.10.600.zipfian.1.false.true.default.default.none.r12.hdr.log
[OVERALL], RunTime(ms), 221805
[OVERALL], Throughput(ops/sec), 18033.85856946417
[TOTAL_GCS_G1_Young_Generation], Count, 277
[TOTAL_GC_TIME_G1_Young_Generation], Time(ms), 11897
[TOTAL_GC_TIME_%_G1_Young_Generation], Time(%), 5.363720385022881
[TOTAL_GCS_G1_Old_Generation], Count, 0
[TOTAL_GC_TIME_G1_Old_Generation], Time(ms), 0
[TOTAL_GC_TIME_%_G1_Old_Generation], Time(%), 0.0
[TOTAL_GCs], Count, 277
[TOTAL_GC_TIME], Time(ms), 11897
[TOTAL_GC_TIME_%], Time(%), 5.363720385022881
[MAX_MEM_USED], MBs, 22352
[MIN_MEM_USED], MBs, 54
[MAX_THREADS], Count, 6
[MIN_THREADS], Count, 3
[MAX_SYS_LOAD_AVG], Load, 5.58
[MIN_SYS_LOAD_AVG], Load, 1.96
[THREAD_COUNT], Operations, 24
[THREAD_COUNT], AverageLatency(ns), 4.833333333333333
[THREAD_COUNT], MinLatency(ns), 3
[THREAD_COUNT], MaxLatency(ns), 6
[THREAD_COUNT], 95thPercentileLatency(ns), 6
[THREAD_COUNT], 99thPercentileLatency(ns), 6
[SYS_LOAD_AVG], Operations, 24
[SYS_LOAD_AVG], AverageLatency(ns), 2.5
[SYS_LOAD_AVG], MinLatency(ns), 1
[SYS_LOAD_AVG], MaxLatency(ns), 5
[SYS_LOAD_AVG], 95thPercentileLatency(ns), 5
[SYS_LOAD_AVG], 99thPercentileLatency(ns), 5
[READ-MODIFY-WRITE], Operations, 1499369
[READ-MODIFY-WRITE], AverageLatency(ns), 3255.98266470762
[READ-MODIFY-WRITE], MinLatency(ns), 1512
[READ-MODIFY-WRITE], MaxLatency(ns), 37126143
[READ-MODIFY-WRITE], 95thPercentileLatency(ns), 5258
[READ-MODIFY-WRITE], 99thPercentileLatency(ns), 7091
[LOAD], Operations, 1
[LOAD], AverageLatency(ns), 1.86194067456E11
[LOAD], MinLatency(ns), 186193543168
[LOAD], MaxLatency(ns), 186194591743
[LOAD], 95thPercentileLatency(ns), 186194591743
[LOAD], 99thPercentileLatency(ns), 186194591743
[USED_MEM_MB], Operations, 24
[USED_MEM_MB], AverageLatency(ns), 11618.208333333334
[USED_MEM_MB], MinLatency(ns), 54
[USED_MEM_MB], MaxLatency(ns), 22352
[USED_MEM_MB], 95thPercentileLatency(ns), 21471
[USED_MEM_MB], 99thPercentileLatency(ns), 22352
[MAIN_GCs_Count], Operations, 1
[MAIN_GCs_Count], AverageLatency(ns), 12.0
[MAIN_GCs_Count], MinLatency(ns), 12
[MAIN_GCs_Count], MaxLatency(ns), 12
[MAIN_GCs_Count], 95thPercentileLatency(ns), 12
[MAIN_GCs_Count], 99thPercentileLatency(ns), 12
[MAIN_GCs_Time(ms)], Operations, 1
[MAIN_GCs_Time(ms)], AverageLatency(ns), 1350.0
[MAIN_GCs_Time(ms)], MinLatency(ns), 1350
[MAIN_GCs_Time(ms)], MaxLatency(ns), 1350
[MAIN_GCs_Time(ms)], 95thPercentileLatency(ns), 1350
[MAIN_GCs_Time(ms)], 99thPercentileLatency(ns), 1350
[TRANSACTION], Operations, 1
[TRANSACTION], AverageLatency(ns), 3.4704850944E10
[TRANSACTION], MinLatency(ns), 34704719872
[TRANSACTION], MaxLatency(ns), 34704982015
[TRANSACTION], 95thPercentileLatency(ns), 34704982015
[TRANSACTION], 99thPercentileLatency(ns), 34704982015
[GCS_TIME], Operations, 24
[GCS_TIME], AverageLatency(ns), 495.7083333333333
[GCS_TIME], MinLatency(ns), 0
[GCS_TIME], MaxLatency(ns), 841
[GCS_TIME], 95thPercentileLatency(ns), 740
[GCS_TIME], 99thPercentileLatency(ns), 841
[LOAD_GCs_Time(ms)], Operations, 1
[LOAD_GCs_Time(ms)], AverageLatency(ns), 10423.0
[LOAD_GCs_Time(ms)], MinLatency(ns), 10423
[LOAD_GCs_Time(ms)], MaxLatency(ns), 10423
[LOAD_GCs_Time(ms)], 95thPercentileLatency(ns), 10423
[LOAD_GCs_Time(ms)], 99thPercentileLatency(ns), 10423
[READ], Operations, 3000000
[READ], AverageLatency(ns), 708.227066
[READ], MinLatency(ns), 159
[READ], MaxLatency(ns), 2576399
[READ], 95thPercentileLatency(ns), 1705
[READ], 99thPercentileLatency(ns), 2890
[READ], Return=OK, 3000000
[INIT], Operations, 1
[INIT], AverageLatency(ns), 7.59404544E8
[INIT], MinLatency(ns), 759402496
[INIT], MaxLatency(ns), 759406591
[INIT], 95thPercentileLatency(ns), 759406591
[INIT], 99thPercentileLatency(ns), 759406591
[GCS], Operations, 24
[GCS], AverageLatency(ns), 11.541666666666666
[GCS], MinLatency(ns), 0
[GCS], MaxLatency(ns), 58
[GCS], 95thPercentileLatency(ns), 51
[GCS], 99thPercentileLatency(ns), 58
[LOAD_GCs_Count], Operations, 1
[LOAD_GCs_Count], AverageLatency(ns), 262.0
[LOAD_GCs_Count], MinLatency(ns), 262
[LOAD_GCs_Count], MaxLatency(ns), 262
[LOAD_GCs_Count], 95thPercentileLatency(ns), 262
[LOAD_GCs_Count], 99thPercentileLatency(ns), 262
[CLEANUP], Operations, 1
[CLEANUP], AverageLatency(ns), 13307.0
[CLEANUP], MinLatency(ns), 13307
[CLEANUP], MaxLatency(ns), 13307
[CLEANUP], 95thPercentileLatency(ns), 13307
[CLEANUP], 99thPercentileLatency(ns), 13307
[INSERT], Operations, 1000000
[INSERT], AverageLatency(ns), 2445.40082
[INSERT], MinLatency(ns), 1167
[INSERT], MaxLatency(ns), 244264959
[INSERT], 95thPercentileLatency(ns), 2559
[INSERT], 99thPercentileLatency(ns), 4955
[INSERT], Return=OK, 1000000
[UPDATE], Operations, 1499369
[UPDATE], AverageLatency(ns), 2135.986325580961
[UPDATE], MinLatency(ns), 993
[UPDATE], MaxLatency(ns), 30743039
[UPDATE], 95thPercentileLatency(ns), 3992
[UPDATE], 99thPercentileLatency(ns), 5312
[UPDATE], Return=OK, 1499369
