/home/anatole/jdk8u/build/linux-x86_64-normal-server-release/jdk/bin/java -Xmx100g -XX:+UseG1GC -XX:InitiatingHeapOccupancyPercent=15 -classpath /home/anatole/ycsb/conf:/home/anatole/ycsb/core/target/core-0.18.0-SNAPSHOT.jar:/home/anatole/ycsb/core/target/dependency/HdrHistogram-2.1.4.jar:/home/anatole/ycsb/core/target/dependency/guava-18.0.jar:/home/anatole/ycsb/core/target/dependency/htrace-core4-4.1.0-incubating.jar:/home/anatole/ycsb/core/target/dependency/jackson-core-asl-1.9.4.jar:/home/anatole/ycsb/core/target/dependency/jackson-mapper-asl-1.9.4.jar:/home/anatole/ycsb/core/target/dependency/javax.persistence-api-2.2.jar:/home/anatole/ycsb/core/target/dependency/jnvm-1.0-SNAPSHOT.jar:/home/anatole/ycsb/core/target/dependency/pcj-1.0.jar:/home/anatole/ycsb/core/target/dependency/unsafe-helper-1.0.jar:/home/anatole/ycsb/infinispan/src/main/conf:/home/anatole/ycsb/infinispan/target/infinispan-binding-0.18.0-SNAPSHOT.jar:/home/anatole/ycsb/infinispan/target/dependency/caffeine-2.6.2.jar:/home/anatole/ycsb/infinispan/target/dependency/gson-2.8.2.jar:/home/anatole/ycsb/infinispan/target/dependency/guava-18.0.jar:/home/anatole/ycsb/infinispan/target/dependency/infinispan-cachestore-jnvm-1.0-SNAPSHOT.jar:/home/anatole/ycsb/infinispan/target/dependency/infinispan-cachestore-pcj-1.0-SNAPSHOT.jar:/home/anatole/ycsb/infinispan/target/dependency/infinispan-client-hotrod-9.4.20.Final.jar:/home/anatole/ycsb/infinispan/target/dependency/infinispan-commons-9.4.20.Final.jar:/home/anatole/ycsb/infinispan/target/dependency/infinispan-core-9.4.20.Final.jar:/home/anatole/ycsb/infinispan/target/dependency/infinispan-persistence-soft-index-9.4.20.Final.jar:/home/anatole/ycsb/infinispan/target/dependency/javax.persistence-api-2.2.jar:/home/anatole/ycsb/infinispan/target/dependency/jboss-logging-3.3.2.Final.jar:/home/anatole/ycsb/infinispan/target/dependency/jboss-marshalling-osgi-2.0.6.Final.jar:/home/anatole/ycsb/infinispan/target/dependency/jboss-transaction-api_1.2_spec-1.1.1.Final.jar:/home/anatole/ycsb/infinispan/target/dependency/jgroups-4.0.21.Final.jar:/home/anatole/ycsb/infinispan/target/dependency/jnvm-1.0-SNAPSHOT.jar:/home/anatole/ycsb/infinispan/target/dependency/metainf-services-1.7.jar:/home/anatole/ycsb/infinispan/target/dependency/netty-buffer-4.1.51.Final.jar:/home/anatole/ycsb/infinispan/target/dependency/netty-codec-4.1.51.Final.jar:/home/anatole/ycsb/infinispan/target/dependency/netty-common-4.1.51.Final.jar:/home/anatole/ycsb/infinispan/target/dependency/netty-handler-4.1.51.Final.jar:/home/anatole/ycsb/infinispan/target/dependency/netty-resolver-4.1.51.Final.jar:/home/anatole/ycsb/infinispan/target/dependency/netty-transport-4.1.51.Final.jar:/home/anatole/ycsb/infinispan/target/dependency/netty-transport-native-epoll-4.1.51.Final-linux-x86_64.jar:/home/anatole/ycsb/infinispan/target/dependency/netty-transport-native-unix-common-4.1.51.Final.jar:/home/anatole/ycsb/infinispan/target/dependency/pcj-1.0.jar:/home/anatole/ycsb/infinispan/target/dependency/reactive-streams-1.0.2.jar:/home/anatole/ycsb/infinispan/target/dependency/rxjava-2.2.4.jar:/home/anatole/ycsb/infinispan/target/dependency/unsafe-helper-1.0.jar site.ycsb.Client -t -db site.ycsb.db.InfinispanClient -P ../workloads/workloadf -preload -s -threads 1 -p dataintegrity=true -p offheap=false -p recordcount=1000000 -p operationcount=3000000 -p fieldcount=10 -p fieldlength=500 -p requestdistribution=zipfian -p measurement.trackjvm=true -p measurementtype=hdrhistogram -p hdrhistogram.output.path=./out/exp7.marshalling.ref/log/infinispan.run.workloadf.true.1000000.1000000.10.500.zipfian.1.false.true.default.default.tmpfs.r6.hdr.log
[OVERALL], RunTime(ms), 258986
[OVERALL], Throughput(ops/sec), 15444.85030078846
[TOTAL_GCS_G1_Young_Generation], Count, 266
[TOTAL_GC_TIME_G1_Young_Generation], Time(ms), 12187
[TOTAL_GC_TIME_%_G1_Young_Generation], Time(%), 4.705659765392724
[TOTAL_GCS_G1_Old_Generation], Count, 0
[TOTAL_GC_TIME_G1_Old_Generation], Time(ms), 0
[TOTAL_GC_TIME_%_G1_Old_Generation], Time(%), 0.0
[TOTAL_GCs], Count, 266
[TOTAL_GC_TIME], Time(ms), 12187
[TOTAL_GC_TIME_%], Time(%), 4.705659765392724
[MAX_MEM_USED], MBs, 24773
[MIN_MEM_USED], MBs, 54
[MAX_THREADS], Count, 7
[MIN_THREADS], Count, 3
[MAX_SYS_LOAD_AVG], Load, 5.27
[MIN_SYS_LOAD_AVG], Load, 1.56
[THREAD_COUNT], Operations, 27
[THREAD_COUNT], AverageLatency(ns), 5.703703703703703
[THREAD_COUNT], MinLatency(ns), 3
[THREAD_COUNT], MaxLatency(ns), 7
[THREAD_COUNT], 95thPercentileLatency(ns), 7
[THREAD_COUNT], 99thPercentileLatency(ns), 7
[SYS_LOAD_AVG], Operations, 27
[SYS_LOAD_AVG], AverageLatency(ns), 2.3333333333333335
[SYS_LOAD_AVG], MinLatency(ns), 1
[SYS_LOAD_AVG], MaxLatency(ns), 5
[SYS_LOAD_AVG], 95thPercentileLatency(ns), 4
[SYS_LOAD_AVG], 99thPercentileLatency(ns), 5
[READ-MODIFY-WRITE], Operations, 1500020
[READ-MODIFY-WRITE], AverageLatency(ns), 42600.17159104545
[READ-MODIFY-WRITE], MinLatency(ns), 31107
[READ-MODIFY-WRITE], MaxLatency(ns), 160979967
[READ-MODIFY-WRITE], 95thPercentileLatency(ns), 52931
[READ-MODIFY-WRITE], 99thPercentileLatency(ns), 60708
[LOAD], Operations, 1
[LOAD], AverageLatency(ns), 1.71826479104E11
[LOAD], MinLatency(ns), 171825954816
[LOAD], MaxLatency(ns), 171827003391
[LOAD], 95thPercentileLatency(ns), 171827003391
[LOAD], 99thPercentileLatency(ns), 171827003391
[USED_MEM_MB], Operations, 27
[USED_MEM_MB], AverageLatency(ns), 11810.481481481482
[USED_MEM_MB], MinLatency(ns), 54
[USED_MEM_MB], MaxLatency(ns), 24773
[USED_MEM_MB], 95thPercentileLatency(ns), 24526
[USED_MEM_MB], 99thPercentileLatency(ns), 24773
[MAIN_GCs_Count], Operations, 1
[MAIN_GCs_Count], AverageLatency(ns), 14.0
[MAIN_GCs_Count], MinLatency(ns), 14
[MAIN_GCs_Count], MaxLatency(ns), 14
[MAIN_GCs_Count], 95thPercentileLatency(ns), 14
[MAIN_GCs_Count], 99thPercentileLatency(ns), 14
[MAIN_GCs_Time(ms)], Operations, 1
[MAIN_GCs_Time(ms)], AverageLatency(ns), 1505.0
[MAIN_GCs_Time(ms)], MinLatency(ns), 1505
[MAIN_GCs_Time(ms)], MaxLatency(ns), 1505
[MAIN_GCs_Time(ms)], 95thPercentileLatency(ns), 1505
[MAIN_GCs_Time(ms)], 99thPercentileLatency(ns), 1505
[TRANSACTION], Operations, 1
[TRANSACTION], AverageLatency(ns), 8.6268182528E10
[TRANSACTION], MinLatency(ns), 86267920384
[TRANSACTION], MaxLatency(ns), 86268444671
[TRANSACTION], 95thPercentileLatency(ns), 86268444671
[TRANSACTION], 99thPercentileLatency(ns), 86268444671
[GCS_TIME], Operations, 27
[GCS_TIME], AverageLatency(ns), 451.3703703703704
[GCS_TIME], MinLatency(ns), 0
[GCS_TIME], MaxLatency(ns), 946
[GCS_TIME], 95thPercentileLatency(ns), 821
[GCS_TIME], 99thPercentileLatency(ns), 946
[LOAD_GCs_Time(ms)], Operations, 1
[LOAD_GCs_Time(ms)], AverageLatency(ns), 10541.0
[LOAD_GCs_Time(ms)], MinLatency(ns), 10541
[LOAD_GCs_Time(ms)], MaxLatency(ns), 10541
[LOAD_GCs_Time(ms)], 95thPercentileLatency(ns), 10541
[LOAD_GCs_Time(ms)], 99thPercentileLatency(ns), 10541
[READ], Operations, 3000000
[READ], AverageLatency(ns), 806.8725096666667
[READ], MinLatency(ns), 219
[READ], MaxLatency(ns), 2574111
[READ], 95thPercentileLatency(ns), 1833
[READ], 99thPercentileLatency(ns), 2871
[READ], Return=OK, 3000000
[INIT], Operations, 1
[INIT], AverageLatency(ns), 7.04448512E8
[INIT], MinLatency(ns), 704446464
[INIT], MaxLatency(ns), 704450559
[INIT], 95thPercentileLatency(ns), 704450559
[INIT], 99thPercentileLatency(ns), 704450559
[GCS], Operations, 27
[GCS], AverageLatency(ns), 9.851851851851851
[GCS], MinLatency(ns), 0
[GCS], MaxLatency(ns), 49
[GCS], 95thPercentileLatency(ns), 48
[GCS], 99thPercentileLatency(ns), 49
[LOAD_GCs_Count], Operations, 1
[LOAD_GCs_Count], AverageLatency(ns), 248.0
[LOAD_GCs_Count], MinLatency(ns), 248
[LOAD_GCs_Count], MaxLatency(ns), 248
[LOAD_GCs_Count], 95thPercentileLatency(ns), 248
[LOAD_GCs_Count], 99thPercentileLatency(ns), 248
[CLEANUP], Operations, 1
[CLEANUP], AverageLatency(ns), 32931.0
[CLEANUP], MinLatency(ns), 32931
[CLEANUP], MaxLatency(ns), 32931
[CLEANUP], 95thPercentileLatency(ns), 32931
[CLEANUP], 99thPercentileLatency(ns), 32931
[INSERT], Operations, 1000000
[INSERT], AverageLatency(ns), 39035.90946
[INSERT], MinLatency(ns), 30485
[INSERT], MaxLatency(ns), 309780479
[INSERT], 95thPercentileLatency(ns), 44740
[INSERT], 99thPercentileLatency(ns), 60154
[INSERT], Return=OK, 1000000
[UPDATE], Operations, 1500020
[UPDATE], AverageLatency(ns), 41203.75310195864
[UPDATE], MinLatency(ns), 30388
[UPDATE], MaxLatency(ns), 146111487
[UPDATE], 95thPercentileLatency(ns), 51514
[UPDATE], 99thPercentileLatency(ns), 59088
[UPDATE], Return=OK, 1500020
