/home/anatole/jdk8u/build/linux-x86_64-normal-server-release/jdk/bin/java -Xmx20g -XX:+UseG1GC -classpath /home/anatole/ycsb/conf:/home/anatole/ycsb/core/target/core-0.18.0-SNAPSHOT.jar:/home/anatole/ycsb/core/target/dependency/HdrHistogram-2.1.4.jar:/home/anatole/ycsb/core/target/dependency/guava-18.0.jar:/home/anatole/ycsb/core/target/dependency/htrace-core4-4.1.0-incubating.jar:/home/anatole/ycsb/core/target/dependency/jackson-core-asl-1.9.4.jar:/home/anatole/ycsb/core/target/dependency/jackson-mapper-asl-1.9.4.jar:/home/anatole/ycsb/core/target/dependency/javax.persistence-api-2.2.jar:/home/anatole/ycsb/core/target/dependency/jnvm-1.0-SNAPSHOT.jar:/home/anatole/ycsb/core/target/dependency/pcj-1.0.jar:/home/anatole/ycsb/core/target/dependency/unsafe-helper-1.0.jar:/home/anatole/ycsb/infinispan/src/main/conf:/home/anatole/ycsb/infinispan/target/infinispan-binding-0.18.0-SNAPSHOT.jar:/home/anatole/ycsb/infinispan/target/dependency/caffeine-2.6.2.jar:/home/anatole/ycsb/infinispan/target/dependency/gson-2.8.2.jar:/home/anatole/ycsb/infinispan/target/dependency/guava-18.0.jar:/home/anatole/ycsb/infinispan/target/dependency/infinispan-cachestore-jnvm-1.0-SNAPSHOT.jar:/home/anatole/ycsb/infinispan/target/dependency/infinispan-cachestore-pcj-1.0-SNAPSHOT.jar:/home/anatole/ycsb/infinispan/target/dependency/infinispan-client-hotrod-9.4.20.Final.jar:/home/anatole/ycsb/infinispan/target/dependency/infinispan-commons-9.4.20.Final.jar:/home/anatole/ycsb/infinispan/target/dependency/infinispan-core-9.4.20.Final.jar:/home/anatole/ycsb/infinispan/target/dependency/infinispan-persistence-soft-index-9.4.20.Final.jar:/home/anatole/ycsb/infinispan/target/dependency/javax.persistence-api-2.2.jar:/home/anatole/ycsb/infinispan/target/dependency/jboss-logging-3.3.2.Final.jar:/home/anatole/ycsb/infinispan/target/dependency/jboss-marshalling-osgi-2.0.6.Final.jar:/home/anatole/ycsb/infinispan/target/dependency/jboss-transaction-api_1.2_spec-1.1.1.Final.jar:/home/anatole/ycsb/infinispan/target/dependency/jgroups-4.0.21.Final.jar:/home/anatole/ycsb/infinispan/target/dependency/jnvm-1.0-SNAPSHOT.jar:/home/anatole/ycsb/infinispan/target/dependency/metainf-services-1.7.jar:/home/anatole/ycsb/infinispan/target/dependency/netty-buffer-4.1.51.Final.jar:/home/anatole/ycsb/infinispan/target/dependency/netty-codec-4.1.51.Final.jar:/home/anatole/ycsb/infinispan/target/dependency/netty-common-4.1.51.Final.jar:/home/anatole/ycsb/infinispan/target/dependency/netty-handler-4.1.51.Final.jar:/home/anatole/ycsb/infinispan/target/dependency/netty-resolver-4.1.51.Final.jar:/home/anatole/ycsb/infinispan/target/dependency/netty-transport-4.1.51.Final.jar:/home/anatole/ycsb/infinispan/target/dependency/netty-transport-native-epoll-4.1.51.Final-linux-x86_64.jar:/home/anatole/ycsb/infinispan/target/dependency/netty-transport-native-unix-common-4.1.51.Final.jar:/home/anatole/ycsb/infinispan/target/dependency/pcj-1.0.jar:/home/anatole/ycsb/infinispan/target/dependency/reactive-streams-1.0.2.jar:/home/anatole/ycsb/infinispan/target/dependency/rxjava-2.2.4.jar:/home/anatole/ycsb/infinispan/target/dependency/unsafe-helper-1.0.jar site.ycsb.Client -t -db site.ycsb.db.InfinispanClient -P ../workloads/workloadf -preload -s -threads 1 -p dataintegrity=true -p offheap=false -p recordcount=1000000 -p operationcount=3000000 -p fieldcount=10 -p fieldlength=700 -p requestdistribution=zipfian -p measurement.trackjvm=true -p measurementtype=hdrhistogram -p hdrhistogram.output.path=./out/exp7.marshalling.ref/log/infinispan.run.workloadf.true.1000000.100000.10.700.zipfian.1.false.true.default.default.tmpfs.r3.hdr.log
[OVERALL], RunTime(ms), 455568
[OVERALL], Throughput(ops/sec), 8780.247954202227
[TOTAL_GCS_G1_Young_Generation], Count, 335
[TOTAL_GC_TIME_G1_Young_Generation], Time(ms), 13411
[TOTAL_GC_TIME_%_G1_Young_Generation], Time(%), 2.943797632845152
[TOTAL_GCS_G1_Old_Generation], Count, 0
[TOTAL_GC_TIME_G1_Old_Generation], Time(ms), 0
[TOTAL_GC_TIME_%_G1_Old_Generation], Time(%), 0.0
[TOTAL_GCs], Count, 335
[TOTAL_GC_TIME], Time(ms), 13411
[TOTAL_GC_TIME_%], Time(%), 2.943797632845152
[MAX_MEM_USED], MBs, 6039
[MIN_MEM_USED], MBs, 48
[MAX_THREADS], Count, 7
[MIN_THREADS], Count, 3
[MAX_SYS_LOAD_AVG], Load, 3.38
[MIN_SYS_LOAD_AVG], Load, 1.02
[THREAD_COUNT], Operations, 47
[THREAD_COUNT], AverageLatency(ns), 5.404255319148936
[THREAD_COUNT], MinLatency(ns), 3
[THREAD_COUNT], MaxLatency(ns), 7
[THREAD_COUNT], 95thPercentileLatency(ns), 7
[THREAD_COUNT], 99thPercentileLatency(ns), 7
[SYS_LOAD_AVG], Operations, 47
[SYS_LOAD_AVG], AverageLatency(ns), 1.297872340425532
[SYS_LOAD_AVG], MinLatency(ns), 1
[SYS_LOAD_AVG], MaxLatency(ns), 3
[SYS_LOAD_AVG], 95thPercentileLatency(ns), 3
[SYS_LOAD_AVG], 99thPercentileLatency(ns), 3
[READ-MODIFY-WRITE], Operations, 1500555
[READ-MODIFY-WRITE], AverageLatency(ns), 72216.69342476617
[READ-MODIFY-WRITE], MinLatency(ns), 39476
[READ-MODIFY-WRITE], MaxLatency(ns), 257356799
[READ-MODIFY-WRITE], 95thPercentileLatency(ns), 94281
[READ-MODIFY-WRITE], 99thPercentileLatency(ns), 102635
[LOAD], Operations, 1
[LOAD], AverageLatency(ns), 2.70036107264E11
[LOAD], MinLatency(ns), 270035582976
[LOAD], MaxLatency(ns), 270036631551
[LOAD], 95thPercentileLatency(ns), 270036631551
[LOAD], 99thPercentileLatency(ns), 270036631551
[USED_MEM_MB], Operations, 47
[USED_MEM_MB], AverageLatency(ns), 4089.31914893617
[USED_MEM_MB], MinLatency(ns), 48
[USED_MEM_MB], MaxLatency(ns), 6039
[USED_MEM_MB], 95thPercentileLatency(ns), 5927
[USED_MEM_MB], 99thPercentileLatency(ns), 6039
[MAIN_GCs_Count], Operations, 1
[MAIN_GCs_Count], AverageLatency(ns), 100.0
[MAIN_GCs_Count], MinLatency(ns), 100
[MAIN_GCs_Count], MaxLatency(ns), 100
[MAIN_GCs_Count], 95thPercentileLatency(ns), 100
[MAIN_GCs_Count], 99thPercentileLatency(ns), 100
[MAIN_GCs_Time(ms)], Operations, 1
[MAIN_GCs_Time(ms)], AverageLatency(ns), 7781.0
[MAIN_GCs_Time(ms)], MinLatency(ns), 7781
[MAIN_GCs_Time(ms)], MaxLatency(ns), 7781
[MAIN_GCs_Time(ms)], 95thPercentileLatency(ns), 7781
[MAIN_GCs_Time(ms)], 99thPercentileLatency(ns), 7781
[TRANSACTION], Operations, 1
[TRANSACTION], AverageLatency(ns), 1.84809947136E11
[TRANSACTION], MinLatency(ns), 184809422848
[TRANSACTION], MaxLatency(ns), 184810471423
[TRANSACTION], 95thPercentileLatency(ns), 184810471423
[TRANSACTION], 99thPercentileLatency(ns), 184810471423
[GCS_TIME], Operations, 47
[GCS_TIME], AverageLatency(ns), 285.3404255319149
[GCS_TIME], MinLatency(ns), 0
[GCS_TIME], MaxLatency(ns), 594
[GCS_TIME], 95thPercentileLatency(ns), 573
[GCS_TIME], 99thPercentileLatency(ns), 594
[LOAD_GCs_Time(ms)], Operations, 1
[LOAD_GCs_Time(ms)], AverageLatency(ns), 5611.0
[LOAD_GCs_Time(ms)], MinLatency(ns), 5611
[LOAD_GCs_Time(ms)], MaxLatency(ns), 5611
[LOAD_GCs_Time(ms)], 95thPercentileLatency(ns), 5611
[LOAD_GCs_Time(ms)], 99thPercentileLatency(ns), 5611
[READ], Operations, 3000000
[READ], AverageLatency(ns), 25687.529944333335
[READ], MinLatency(ns), 225
[READ], MaxLatency(ns), 168240127
[READ], 95thPercentileLatency(ns), 49545
[READ], 99thPercentileLatency(ns), 53452
[READ], Return=OK, 3000000
[INIT], Operations, 1
[INIT], AverageLatency(ns), 6.65253888E8
[INIT], MinLatency(ns), 665251840
[INIT], MaxLatency(ns), 665255935
[INIT], 95thPercentileLatency(ns), 665255935
[INIT], 99thPercentileLatency(ns), 665255935
[GCS], Operations, 47
[GCS], AverageLatency(ns), 7.127659574468085
[GCS], MinLatency(ns), 0
[GCS], MaxLatency(ns), 53
[GCS], 95thPercentileLatency(ns), 21
[GCS], 99thPercentileLatency(ns), 53
[LOAD_GCs_Count], Operations, 1
[LOAD_GCs_Count], AverageLatency(ns), 234.0
[LOAD_GCs_Count], MinLatency(ns), 234
[LOAD_GCs_Count], MaxLatency(ns), 234
[LOAD_GCs_Count], 95thPercentileLatency(ns), 234
[LOAD_GCs_Count], 99thPercentileLatency(ns), 234
[CLEANUP], Operations, 1
[CLEANUP], AverageLatency(ns), 17087.0
[CLEANUP], MinLatency(ns), 17087
[CLEANUP], MaxLatency(ns), 17087
[CLEANUP], 95thPercentileLatency(ns), 17087
[CLEANUP], 99thPercentileLatency(ns), 17087
[INSERT], Operations, 1000000
[INSERT], AverageLatency(ns), 45370.098567
[INSERT], MinLatency(ns), 38985
[INSERT], MaxLatency(ns), 98370559
[INSERT], 95thPercentileLatency(ns), 46903
[INSERT], 99thPercentileLatency(ns), 61282
[INSERT], Return=OK, 1000000
[UPDATE], Operations, 1500555
[UPDATE], AverageLatency(ns), 45690.29661825125
[UPDATE], MinLatency(ns), 38680
[UPDATE], MaxLatency(ns), 167448575
[UPDATE], 95thPercentileLatency(ns), 48462
[UPDATE], 99thPercentileLatency(ns), 54659
[UPDATE], Return=OK, 1500555
