/home/anatole/jdk8u/build/linux-x86_64-normal-server-release/jdk/bin/java -Xmx20g -XX:+UseG1GC -classpath /home/anatole/ycsb/conf:/home/anatole/ycsb/core/target/core-0.18.0-SNAPSHOT.jar:/home/anatole/ycsb/core/target/dependency/HdrHistogram-2.1.4.jar:/home/anatole/ycsb/core/target/dependency/guava-18.0.jar:/home/anatole/ycsb/core/target/dependency/htrace-core4-4.1.0-incubating.jar:/home/anatole/ycsb/core/target/dependency/jackson-core-asl-1.9.4.jar:/home/anatole/ycsb/core/target/dependency/jackson-mapper-asl-1.9.4.jar:/home/anatole/ycsb/core/target/dependency/javax.persistence-api-2.2.jar:/home/anatole/ycsb/core/target/dependency/jnvm-1.0-SNAPSHOT.jar:/home/anatole/ycsb/core/target/dependency/pcj-1.0.jar:/home/anatole/ycsb/core/target/dependency/unsafe-helper-1.0.jar:/home/anatole/ycsb/infinispan/src/main/conf:/home/anatole/ycsb/infinispan/target/infinispan-binding-0.18.0-SNAPSHOT.jar:/home/anatole/ycsb/infinispan/target/dependency/caffeine-2.6.2.jar:/home/anatole/ycsb/infinispan/target/dependency/gson-2.8.2.jar:/home/anatole/ycsb/infinispan/target/dependency/guava-18.0.jar:/home/anatole/ycsb/infinispan/target/dependency/infinispan-cachestore-jnvm-1.0-SNAPSHOT.jar:/home/anatole/ycsb/infinispan/target/dependency/infinispan-cachestore-pcj-1.0-SNAPSHOT.jar:/home/anatole/ycsb/infinispan/target/dependency/infinispan-client-hotrod-9.4.20.Final.jar:/home/anatole/ycsb/infinispan/target/dependency/infinispan-commons-9.4.20.Final.jar:/home/anatole/ycsb/infinispan/target/dependency/infinispan-core-9.4.20.Final.jar:/home/anatole/ycsb/infinispan/target/dependency/infinispan-persistence-soft-index-9.4.20.Final.jar:/home/anatole/ycsb/infinispan/target/dependency/javax.persistence-api-2.2.jar:/home/anatole/ycsb/infinispan/target/dependency/jboss-logging-3.3.2.Final.jar:/home/anatole/ycsb/infinispan/target/dependency/jboss-marshalling-osgi-2.0.6.Final.jar:/home/anatole/ycsb/infinispan/target/dependency/jboss-transaction-api_1.2_spec-1.1.1.Final.jar:/home/anatole/ycsb/infinispan/target/dependency/jgroups-4.0.21.Final.jar:/home/anatole/ycsb/infinispan/target/dependency/jnvm-1.0-SNAPSHOT.jar:/home/anatole/ycsb/infinispan/target/dependency/metainf-services-1.7.jar:/home/anatole/ycsb/infinispan/target/dependency/netty-buffer-4.1.51.Final.jar:/home/anatole/ycsb/infinispan/target/dependency/netty-codec-4.1.51.Final.jar:/home/anatole/ycsb/infinispan/target/dependency/netty-common-4.1.51.Final.jar:/home/anatole/ycsb/infinispan/target/dependency/netty-handler-4.1.51.Final.jar:/home/anatole/ycsb/infinispan/target/dependency/netty-resolver-4.1.51.Final.jar:/home/anatole/ycsb/infinispan/target/dependency/netty-transport-4.1.51.Final.jar:/home/anatole/ycsb/infinispan/target/dependency/netty-transport-native-epoll-4.1.51.Final-linux-x86_64.jar:/home/anatole/ycsb/infinispan/target/dependency/netty-transport-native-unix-common-4.1.51.Final.jar:/home/anatole/ycsb/infinispan/target/dependency/pcj-1.0.jar:/home/anatole/ycsb/infinispan/target/dependency/reactive-streams-1.0.2.jar:/home/anatole/ycsb/infinispan/target/dependency/rxjava-2.2.4.jar:/home/anatole/ycsb/infinispan/target/dependency/unsafe-helper-1.0.jar site.ycsb.Client -t -db site.ycsb.db.InfinispanClient -P ../workloads/workloadf -preload -s -threads 1 -p dataintegrity=true -p offheap=false -p recordcount=1000000 -p operationcount=3000000 -p fieldcount=10 -p fieldlength=400 -p requestdistribution=zipfian -p measurement.trackjvm=true -p measurementtype=hdrhistogram -p hdrhistogram.output.path=./out/exp7.marshalling.ref/log/infinispan.run.workloadf.true.1000000.100000.10.400.zipfian.1.false.true.default.default.pmem0.r3.hdr.log
[OVERALL], RunTime(ms), 283321
[OVERALL], Throughput(ops/sec), 14118.26161844692
[TOTAL_GCS_G1_Young_Generation], Count, 717
[TOTAL_GC_TIME_G1_Young_Generation], Time(ms), 12389
[TOTAL_GC_TIME_%_G1_Young_Generation], Time(%), 4.372778579773472
[TOTAL_GCS_G1_Old_Generation], Count, 0
[TOTAL_GC_TIME_G1_Old_Generation], Time(ms), 0
[TOTAL_GC_TIME_%_G1_Old_Generation], Time(%), 0.0
[TOTAL_GCs], Count, 717
[TOTAL_GC_TIME], Time(ms), 12389
[TOTAL_GC_TIME_%], Time(%), 4.372778579773472
[MAX_MEM_USED], MBs, 6108
[MIN_MEM_USED], MBs, 48
[MAX_THREADS], Count, 7
[MIN_THREADS], Count, 3
[MAX_SYS_LOAD_AVG], Load, 6.16
[MIN_SYS_LOAD_AVG], Load, 1.54
[THREAD_COUNT], Operations, 30
[THREAD_COUNT], AverageLatency(ns), 5.633333333333334
[THREAD_COUNT], MinLatency(ns), 3
[THREAD_COUNT], MaxLatency(ns), 7
[THREAD_COUNT], 95thPercentileLatency(ns), 7
[THREAD_COUNT], 99thPercentileLatency(ns), 7
[SYS_LOAD_AVG], Operations, 30
[SYS_LOAD_AVG], AverageLatency(ns), 2.433333333333333
[SYS_LOAD_AVG], MinLatency(ns), 1
[SYS_LOAD_AVG], MaxLatency(ns), 6
[SYS_LOAD_AVG], 95thPercentileLatency(ns), 5
[SYS_LOAD_AVG], 99thPercentileLatency(ns), 6
[READ-MODIFY-WRITE], Operations, 1499664
[READ-MODIFY-WRITE], AverageLatency(ns), 62447.00956280874
[READ-MODIFY-WRITE], MinLatency(ns), 32138
[READ-MODIFY-WRITE], MaxLatency(ns), 180231167
[READ-MODIFY-WRITE], 95thPercentileLatency(ns), 82002
[READ-MODIFY-WRITE], 99thPercentileLatency(ns), 89765
[LOAD], Operations, 1
[LOAD], AverageLatency(ns), 1.39217862656E11
[LOAD], MinLatency(ns), 139217338368
[LOAD], MaxLatency(ns), 139218386943
[LOAD], 95thPercentileLatency(ns), 139218386943
[LOAD], 99thPercentileLatency(ns), 139218386943
[USED_MEM_MB], Operations, 30
[USED_MEM_MB], AverageLatency(ns), 2698.233333333333
[USED_MEM_MB], MinLatency(ns), 48
[USED_MEM_MB], MaxLatency(ns), 6108
[USED_MEM_MB], 95thPercentileLatency(ns), 5423
[USED_MEM_MB], 99thPercentileLatency(ns), 6108
[MAIN_GCs_Count], Operations, 1
[MAIN_GCs_Count], AverageLatency(ns), 64.0
[MAIN_GCs_Count], MinLatency(ns), 64
[MAIN_GCs_Count], MaxLatency(ns), 64
[MAIN_GCs_Count], 95thPercentileLatency(ns), 64
[MAIN_GCs_Count], 99thPercentileLatency(ns), 64
[MAIN_GCs_Time(ms)], Operations, 1
[MAIN_GCs_Time(ms)], AverageLatency(ns), 5033.0
[MAIN_GCs_Time(ms)], MinLatency(ns), 5033
[MAIN_GCs_Time(ms)], MaxLatency(ns), 5033
[MAIN_GCs_Time(ms)], 95thPercentileLatency(ns), 5033
[MAIN_GCs_Time(ms)], 99thPercentileLatency(ns), 5033
[TRANSACTION], Operations, 1
[TRANSACTION], AverageLatency(ns), 1.43397486592E11
[TRANSACTION], MinLatency(ns), 143396962304
[TRANSACTION], MaxLatency(ns), 143398010879
[TRANSACTION], 95thPercentileLatency(ns), 143398010879
[TRANSACTION], 99thPercentileLatency(ns), 143398010879
[GCS_TIME], Operations, 30
[GCS_TIME], AverageLatency(ns), 412.96666666666664
[GCS_TIME], MinLatency(ns), 0
[GCS_TIME], MaxLatency(ns), 721
[GCS_TIME], 95thPercentileLatency(ns), 646
[GCS_TIME], 99thPercentileLatency(ns), 721
[LOAD_GCs_Time(ms)], Operations, 1
[LOAD_GCs_Time(ms)], AverageLatency(ns), 7328.0
[LOAD_GCs_Time(ms)], MinLatency(ns), 7328
[LOAD_GCs_Time(ms)], MaxLatency(ns), 7328
[LOAD_GCs_Time(ms)], 95thPercentileLatency(ns), 7328
[LOAD_GCs_Time(ms)], 99thPercentileLatency(ns), 7328
[READ], Operations, 3000000
[READ], AverageLatency(ns), 22760.663963666666
[READ], MinLatency(ns), 221
[READ], MaxLatency(ns), 130235903
[READ], 95thPercentileLatency(ns), 43355
[READ], 99thPercentileLatency(ns), 47147
[READ], Return=OK, 3000000
[INIT], Operations, 1
[INIT], AverageLatency(ns), 6.384128E8
[INIT], MinLatency(ns), 638410752
[INIT], MaxLatency(ns), 638414847
[INIT], 95thPercentileLatency(ns), 638414847
[INIT], 99thPercentileLatency(ns), 638414847
[GCS], Operations, 30
[GCS], AverageLatency(ns), 23.9
[GCS], MinLatency(ns), 0
[GCS], MaxLatency(ns), 60
[GCS], 95thPercentileLatency(ns), 57
[GCS], 99thPercentileLatency(ns), 60
[LOAD_GCs_Count], Operations, 1
[LOAD_GCs_Count], AverageLatency(ns), 651.0
[LOAD_GCs_Count], MinLatency(ns), 651
[LOAD_GCs_Count], MaxLatency(ns), 651
[LOAD_GCs_Count], 95thPercentileLatency(ns), 651
[LOAD_GCs_Count], 99thPercentileLatency(ns), 651
[CLEANUP], Operations, 1
[CLEANUP], AverageLatency(ns), 18264.0
[CLEANUP], MinLatency(ns), 18264
[CLEANUP], MaxLatency(ns), 18264
[CLEANUP], 95thPercentileLatency(ns), 18264
[CLEANUP], 99thPercentileLatency(ns), 18264
[INSERT], Operations, 1000000
[INSERT], AverageLatency(ns), 50407.082091
[INSERT], MinLatency(ns), 37388
[INSERT], MaxLatency(ns), 88402943
[INSERT], 95thPercentileLatency(ns), 58435
[INSERT], 99thPercentileLatency(ns), 73857
[INSERT], Return=OK, 1000000
[UPDATE], Operations, 1499664
[UPDATE], AverageLatency(ns), 39205.75463637188
[UPDATE], MinLatency(ns), 31009
[UPDATE], MaxLatency(ns), 162705407
[UPDATE], 95thPercentileLatency(ns), 41469
[UPDATE], 99thPercentileLatency(ns), 47162
[UPDATE], Return=OK, 1499664
