/home/anatole/jdk8u/build/linux-x86_64-normal-server-release/jdk/bin/java -Xmx100g -XX:+UseG1GC -XX:InitiatingHeapOccupancyPercent=15 -classpath /home/anatole/ycsb/conf:/home/anatole/ycsb/core/target/core-0.18.0-SNAPSHOT.jar:/home/anatole/ycsb/core/target/dependency/HdrHistogram-2.1.4.jar:/home/anatole/ycsb/core/target/dependency/guava-18.0.jar:/home/anatole/ycsb/core/target/dependency/htrace-core4-4.1.0-incubating.jar:/home/anatole/ycsb/core/target/dependency/jackson-core-asl-1.9.4.jar:/home/anatole/ycsb/core/target/dependency/jackson-mapper-asl-1.9.4.jar:/home/anatole/ycsb/core/target/dependency/javax.persistence-api-2.2.jar:/home/anatole/ycsb/core/target/dependency/jnvm-1.0-SNAPSHOT.jar:/home/anatole/ycsb/core/target/dependency/pcj-1.0.jar:/home/anatole/ycsb/core/target/dependency/unsafe-helper-1.0.jar:/home/anatole/ycsb/infinispan/src/main/conf:/home/anatole/ycsb/infinispan/target/infinispan-binding-0.18.0-SNAPSHOT.jar:/home/anatole/ycsb/infinispan/target/dependency/caffeine-2.6.2.jar:/home/anatole/ycsb/infinispan/target/dependency/gson-2.8.2.jar:/home/anatole/ycsb/infinispan/target/dependency/guava-18.0.jar:/home/anatole/ycsb/infinispan/target/dependency/infinispan-cachestore-jnvm-1.0-SNAPSHOT.jar:/home/anatole/ycsb/infinispan/target/dependency/infinispan-cachestore-pcj-1.0-SNAPSHOT.jar:/home/anatole/ycsb/infinispan/target/dependency/infinispan-client-hotrod-9.4.20.Final.jar:/home/anatole/ycsb/infinispan/target/dependency/infinispan-commons-9.4.20.Final.jar:/home/anatole/ycsb/infinispan/target/dependency/infinispan-core-9.4.20.Final.jar:/home/anatole/ycsb/infinispan/target/dependency/infinispan-persistence-soft-index-9.4.20.Final.jar:/home/anatole/ycsb/infinispan/target/dependency/javax.persistence-api-2.2.jar:/home/anatole/ycsb/infinispan/target/dependency/jboss-logging-3.3.2.Final.jar:/home/anatole/ycsb/infinispan/target/dependency/jboss-marshalling-osgi-2.0.6.Final.jar:/home/anatole/ycsb/infinispan/target/dependency/jboss-transaction-api_1.2_spec-1.1.1.Final.jar:/home/anatole/ycsb/infinispan/target/dependency/jgroups-4.0.21.Final.jar:/home/anatole/ycsb/infinispan/target/dependency/jnvm-1.0-SNAPSHOT.jar:/home/anatole/ycsb/infinispan/target/dependency/metainf-services-1.7.jar:/home/anatole/ycsb/infinispan/target/dependency/netty-buffer-4.1.51.Final.jar:/home/anatole/ycsb/infinispan/target/dependency/netty-codec-4.1.51.Final.jar:/home/anatole/ycsb/infinispan/target/dependency/netty-common-4.1.51.Final.jar:/home/anatole/ycsb/infinispan/target/dependency/netty-handler-4.1.51.Final.jar:/home/anatole/ycsb/infinispan/target/dependency/netty-resolver-4.1.51.Final.jar:/home/anatole/ycsb/infinispan/target/dependency/netty-transport-4.1.51.Final.jar:/home/anatole/ycsb/infinispan/target/dependency/netty-transport-native-epoll-4.1.51.Final-linux-x86_64.jar:/home/anatole/ycsb/infinispan/target/dependency/netty-transport-native-unix-common-4.1.51.Final.jar:/home/anatole/ycsb/infinispan/target/dependency/pcj-1.0.jar:/home/anatole/ycsb/infinispan/target/dependency/reactive-streams-1.0.2.jar:/home/anatole/ycsb/infinispan/target/dependency/rxjava-2.2.4.jar:/home/anatole/ycsb/infinispan/target/dependency/unsafe-helper-1.0.jar site.ycsb.Client -t -db site.ycsb.db.InfinispanClient -P ../workloads/workloadf -preload -s -threads 1 -p dataintegrity=true -p offheap=false -p recordcount=1000000 -p operationcount=3000000 -p fieldcount=10 -p fieldlength=800 -p requestdistribution=zipfian -p measurement.trackjvm=true -p measurementtype=hdrhistogram -p hdrhistogram.output.path=./out/exp7.marshalling.ref/log/infinispan.run.workloadf.true.1000000.1000000.10.800.zipfian.1.false.true.default.default.none.r12.hdr.log
[OVERALL], RunTime(ms), 361230
[OVERALL], Throughput(ops/sec), 11073.277413282396
[TOTAL_GCS_G1_Young_Generation], Count, 399
[TOTAL_GC_TIME_G1_Young_Generation], Time(ms), 16602
[TOTAL_GC_TIME_%_G1_Young_Generation], Time(%), 4.595963790382859
[TOTAL_GCS_G1_Old_Generation], Count, 0
[TOTAL_GC_TIME_G1_Old_Generation], Time(ms), 0
[TOTAL_GC_TIME_%_G1_Old_Generation], Time(%), 0.0
[TOTAL_GCs], Count, 399
[TOTAL_GC_TIME], Time(ms), 16602
[TOTAL_GC_TIME_%], Time(%), 4.595963790382859
[MAX_MEM_USED], MBs, 26036
[MIN_MEM_USED], MBs, 56
[MAX_THREADS], Count, 6
[MIN_THREADS], Count, 3
[MAX_SYS_LOAD_AVG], Load, 6.98
[MIN_SYS_LOAD_AVG], Load, 1.05
[THREAD_COUNT], Operations, 38
[THREAD_COUNT], AverageLatency(ns), 4.526315789473684
[THREAD_COUNT], MinLatency(ns), 3
[THREAD_COUNT], MaxLatency(ns), 6
[THREAD_COUNT], 95thPercentileLatency(ns), 6
[THREAD_COUNT], 99thPercentileLatency(ns), 6
[SYS_LOAD_AVG], Operations, 38
[SYS_LOAD_AVG], AverageLatency(ns), 1.4473684210526316
[SYS_LOAD_AVG], MinLatency(ns), 1
[SYS_LOAD_AVG], MaxLatency(ns), 6
[SYS_LOAD_AVG], 95thPercentileLatency(ns), 5
[SYS_LOAD_AVG], 99thPercentileLatency(ns), 6
[READ-MODIFY-WRITE], Operations, 1499180
[READ-MODIFY-WRITE], AverageLatency(ns), 3549.2728831761365
[READ-MODIFY-WRITE], MinLatency(ns), 1520
[READ-MODIFY-WRITE], MaxLatency(ns), 145623039
[READ-MODIFY-WRITE], 95thPercentileLatency(ns), 5688
[READ-MODIFY-WRITE], 99thPercentileLatency(ns), 7229
[LOAD], Operations, 1
[LOAD], AverageLatency(ns), 3.07865059328E11
[LOAD], MinLatency(ns), 307864010752
[LOAD], MaxLatency(ns), 307866107903
[LOAD], 95thPercentileLatency(ns), 307866107903
[LOAD], 99thPercentileLatency(ns), 307866107903
[USED_MEM_MB], Operations, 38
[USED_MEM_MB], AverageLatency(ns), 14259.736842105263
[USED_MEM_MB], MinLatency(ns), 56
[USED_MEM_MB], MaxLatency(ns), 26036
[USED_MEM_MB], 95thPercentileLatency(ns), 24767
[USED_MEM_MB], 99thPercentileLatency(ns), 26036
[MAIN_GCs_Count], Operations, 1
[MAIN_GCs_Count], AverageLatency(ns), 22.0
[MAIN_GCs_Count], MinLatency(ns), 22
[MAIN_GCs_Count], MaxLatency(ns), 22
[MAIN_GCs_Count], 95thPercentileLatency(ns), 22
[MAIN_GCs_Count], 99thPercentileLatency(ns), 22
[MAIN_GCs_Time(ms)], Operations, 1
[MAIN_GCs_Time(ms)], AverageLatency(ns), 2093.0
[MAIN_GCs_Time(ms)], MinLatency(ns), 2093
[MAIN_GCs_Time(ms)], MaxLatency(ns), 2093
[MAIN_GCs_Time(ms)], 95thPercentileLatency(ns), 2093
[MAIN_GCs_Time(ms)], 99thPercentileLatency(ns), 2093
[TRANSACTION], Operations, 1
[TRANSACTION], AverageLatency(ns), 5.2524351488E10
[TRANSACTION], MinLatency(ns), 52524220416
[TRANSACTION], MaxLatency(ns), 52524482559
[TRANSACTION], 95thPercentileLatency(ns), 52524482559
[TRANSACTION], 99thPercentileLatency(ns), 52524482559
[GCS_TIME], Operations, 38
[GCS_TIME], AverageLatency(ns), 436.89473684210526
[GCS_TIME], MinLatency(ns), 0
[GCS_TIME], MaxLatency(ns), 747
[GCS_TIME], 95thPercentileLatency(ns), 655
[GCS_TIME], 99thPercentileLatency(ns), 747
[LOAD_GCs_Time(ms)], Operations, 1
[LOAD_GCs_Time(ms)], AverageLatency(ns), 14386.0
[LOAD_GCs_Time(ms)], MinLatency(ns), 14386
[LOAD_GCs_Time(ms)], MaxLatency(ns), 14386
[LOAD_GCs_Time(ms)], 95thPercentileLatency(ns), 14386
[LOAD_GCs_Time(ms)], 99thPercentileLatency(ns), 14386
[READ], Operations, 3000000
[READ], AverageLatency(ns), 755.405419
[READ], MinLatency(ns), 162
[READ], MaxLatency(ns), 1734647
[READ], 95thPercentileLatency(ns), 1847
[READ], 99thPercentileLatency(ns), 3262
[READ], Return=OK, 3000000
[INIT], Operations, 1
[INIT], AverageLatency(ns), 6.84312576E8
[INIT], MinLatency(ns), 684310528
[INIT], MaxLatency(ns), 684314623
[INIT], 95thPercentileLatency(ns), 684314623
[INIT], 99thPercentileLatency(ns), 684314623
[GCS], Operations, 38
[GCS], AverageLatency(ns), 10.5
[GCS], MinLatency(ns), 0
[GCS], MaxLatency(ns), 65
[GCS], 95thPercentileLatency(ns), 41
[GCS], 99thPercentileLatency(ns), 65
[LOAD_GCs_Count], Operations, 1
[LOAD_GCs_Count], AverageLatency(ns), 374.0
[LOAD_GCs_Count], MinLatency(ns), 374
[LOAD_GCs_Count], MaxLatency(ns), 374
[LOAD_GCs_Count], 95thPercentileLatency(ns), 374
[LOAD_GCs_Count], 99thPercentileLatency(ns), 374
[CLEANUP], Operations, 1
[CLEANUP], AverageLatency(ns), 23857.0
[CLEANUP], MinLatency(ns), 23857
[CLEANUP], MaxLatency(ns), 23857
[CLEANUP], 95thPercentileLatency(ns), 23857
[CLEANUP], 99thPercentileLatency(ns), 23857
[INSERT], Operations, 1000000
[INSERT], AverageLatency(ns), 2753.259924
[INSERT], MinLatency(ns), 1245
[INSERT], MaxLatency(ns), 253681663
[INSERT], 95thPercentileLatency(ns), 2780
[INSERT], 99thPercentileLatency(ns), 5067
[INSERT], Return=OK, 1000000
[UPDATE], Operations, 1499180
[UPDATE], AverageLatency(ns), 2305.32368428074
[UPDATE], MinLatency(ns), 998
[UPDATE], MaxLatency(ns), 82159103
[UPDATE], 95thPercentileLatency(ns), 4357
[UPDATE], 99thPercentileLatency(ns), 5550
[UPDATE], Return=OK, 1499180
