/home/anatole/jdk8u/build/linux-x86_64-normal-server-release/jdk/bin/java -Xmx100g -XX:+UseG1GC -XX:InitiatingHeapOccupancyPercent=15 -classpath /home/anatole/ycsb/conf:/home/anatole/ycsb/core/target/core-0.18.0-SNAPSHOT.jar:/home/anatole/ycsb/core/target/dependency/HdrHistogram-2.1.4.jar:/home/anatole/ycsb/core/target/dependency/guava-18.0.jar:/home/anatole/ycsb/core/target/dependency/htrace-core4-4.1.0-incubating.jar:/home/anatole/ycsb/core/target/dependency/jackson-core-asl-1.9.4.jar:/home/anatole/ycsb/core/target/dependency/jackson-mapper-asl-1.9.4.jar:/home/anatole/ycsb/core/target/dependency/javax.persistence-api-2.2.jar:/home/anatole/ycsb/core/target/dependency/jnvm-1.0-SNAPSHOT.jar:/home/anatole/ycsb/core/target/dependency/pcj-1.0.jar:/home/anatole/ycsb/core/target/dependency/unsafe-helper-1.0.jar:/home/anatole/ycsb/infinispan/src/main/conf:/home/anatole/ycsb/infinispan/target/infinispan-binding-0.18.0-SNAPSHOT.jar:/home/anatole/ycsb/infinispan/target/dependency/caffeine-2.6.2.jar:/home/anatole/ycsb/infinispan/target/dependency/gson-2.8.2.jar:/home/anatole/ycsb/infinispan/target/dependency/guava-18.0.jar:/home/anatole/ycsb/infinispan/target/dependency/infinispan-cachestore-jnvm-1.0-SNAPSHOT.jar:/home/anatole/ycsb/infinispan/target/dependency/infinispan-cachestore-pcj-1.0-SNAPSHOT.jar:/home/anatole/ycsb/infinispan/target/dependency/infinispan-client-hotrod-9.4.20.Final.jar:/home/anatole/ycsb/infinispan/target/dependency/infinispan-commons-9.4.20.Final.jar:/home/anatole/ycsb/infinispan/target/dependency/infinispan-core-9.4.20.Final.jar:/home/anatole/ycsb/infinispan/target/dependency/infinispan-persistence-soft-index-9.4.20.Final.jar:/home/anatole/ycsb/infinispan/target/dependency/javax.persistence-api-2.2.jar:/home/anatole/ycsb/infinispan/target/dependency/jboss-logging-3.3.2.Final.jar:/home/anatole/ycsb/infinispan/target/dependency/jboss-marshalling-osgi-2.0.6.Final.jar:/home/anatole/ycsb/infinispan/target/dependency/jboss-transaction-api_1.2_spec-1.1.1.Final.jar:/home/anatole/ycsb/infinispan/target/dependency/jgroups-4.0.21.Final.jar:/home/anatole/ycsb/infinispan/target/dependency/jnvm-1.0-SNAPSHOT.jar:/home/anatole/ycsb/infinispan/target/dependency/metainf-services-1.7.jar:/home/anatole/ycsb/infinispan/target/dependency/netty-buffer-4.1.51.Final.jar:/home/anatole/ycsb/infinispan/target/dependency/netty-codec-4.1.51.Final.jar:/home/anatole/ycsb/infinispan/target/dependency/netty-common-4.1.51.Final.jar:/home/anatole/ycsb/infinispan/target/dependency/netty-handler-4.1.51.Final.jar:/home/anatole/ycsb/infinispan/target/dependency/netty-resolver-4.1.51.Final.jar:/home/anatole/ycsb/infinispan/target/dependency/netty-transport-4.1.51.Final.jar:/home/anatole/ycsb/infinispan/target/dependency/netty-transport-native-epoll-4.1.51.Final-linux-x86_64.jar:/home/anatole/ycsb/infinispan/target/dependency/netty-transport-native-unix-common-4.1.51.Final.jar:/home/anatole/ycsb/infinispan/target/dependency/pcj-1.0.jar:/home/anatole/ycsb/infinispan/target/dependency/reactive-streams-1.0.2.jar:/home/anatole/ycsb/infinispan/target/dependency/rxjava-2.2.4.jar:/home/anatole/ycsb/infinispan/target/dependency/unsafe-helper-1.0.jar site.ycsb.Client -t -db site.ycsb.db.InfinispanClient -P ../workloads/workloadf -preload -s -threads 1 -p dataintegrity=true -p offheap=false -p recordcount=1000000 -p operationcount=3000000 -p fieldcount=10 -p fieldlength=700 -p requestdistribution=zipfian -p measurement.trackjvm=true -p measurementtype=hdrhistogram -p hdrhistogram.output.path=./out/exp7.marshalling.ref/log/infinispan.run.workloadf.true.1000000.1000000.10.700.zipfian.1.false.true.default.default.none.r9.hdr.log
[OVERALL], RunTime(ms), 298424
[OVERALL], Throughput(ops/sec), 13403.747687853524
[TOTAL_GCS_G1_Young_Generation], Count, 532
[TOTAL_GC_TIME_G1_Young_Generation], Time(ms), 17895
[TOTAL_GC_TIME_%_G1_Young_Generation], Time(%), 5.99650162185347
[TOTAL_GCS_G1_Old_Generation], Count, 0
[TOTAL_GC_TIME_G1_Old_Generation], Time(ms), 0
[TOTAL_GC_TIME_%_G1_Old_Generation], Time(%), 0.0
[TOTAL_GCs], Count, 532
[TOTAL_GC_TIME], Time(ms), 17895
[TOTAL_GC_TIME_%], Time(%), 5.99650162185347
[MAX_MEM_USED], MBs, 20434
[MIN_MEM_USED], MBs, 56
[MAX_THREADS], Count, 6
[MIN_THREADS], Count, 3
[MAX_SYS_LOAD_AVG], Load, 9.2
[MIN_SYS_LOAD_AVG], Load, 3.37
[THREAD_COUNT], Operations, 31
[THREAD_COUNT], AverageLatency(ns), 4.645161290322581
[THREAD_COUNT], MinLatency(ns), 3
[THREAD_COUNT], MaxLatency(ns), 6
[THREAD_COUNT], 95thPercentileLatency(ns), 6
[THREAD_COUNT], 99thPercentileLatency(ns), 6
[SYS_LOAD_AVG], Operations, 31
[SYS_LOAD_AVG], AverageLatency(ns), 5.129032258064516
[SYS_LOAD_AVG], MinLatency(ns), 3
[SYS_LOAD_AVG], MaxLatency(ns), 9
[SYS_LOAD_AVG], 95thPercentileLatency(ns), 8
[SYS_LOAD_AVG], 99thPercentileLatency(ns), 9
[READ-MODIFY-WRITE], Operations, 1500093
[READ-MODIFY-WRITE], AverageLatency(ns), 3592.068197771738
[READ-MODIFY-WRITE], MinLatency(ns), 1482
[READ-MODIFY-WRITE], MaxLatency(ns), 113236479
[READ-MODIFY-WRITE], 95thPercentileLatency(ns), 5231
[READ-MODIFY-WRITE], 99thPercentileLatency(ns), 13428
[LOAD], Operations, 1
[LOAD], AverageLatency(ns), 2.46991552512E11
[LOAD], MinLatency(ns), 246991028224
[LOAD], MaxLatency(ns), 246992076799
[LOAD], 95thPercentileLatency(ns), 246992076799
[LOAD], 99thPercentileLatency(ns), 246992076799
[USED_MEM_MB], Operations, 31
[USED_MEM_MB], AverageLatency(ns), 11379.483870967742
[USED_MEM_MB], MinLatency(ns), 56
[USED_MEM_MB], MaxLatency(ns), 20434
[USED_MEM_MB], 95thPercentileLatency(ns), 18580
[USED_MEM_MB], 99thPercentileLatency(ns), 20434
[MAIN_GCs_Count], Operations, 1
[MAIN_GCs_Count], AverageLatency(ns), 63.0
[MAIN_GCs_Count], MinLatency(ns), 63
[MAIN_GCs_Count], MaxLatency(ns), 63
[MAIN_GCs_Count], 95thPercentileLatency(ns), 63
[MAIN_GCs_Count], 99thPercentileLatency(ns), 63
[MAIN_GCs_Time(ms)], Operations, 1
[MAIN_GCs_Time(ms)], AverageLatency(ns), 3068.0
[MAIN_GCs_Time(ms)], MinLatency(ns), 3068
[MAIN_GCs_Time(ms)], MaxLatency(ns), 3068
[MAIN_GCs_Time(ms)], 95thPercentileLatency(ns), 3068
[MAIN_GCs_Time(ms)], 99thPercentileLatency(ns), 3068
[TRANSACTION], Operations, 1
[TRANSACTION], AverageLatency(ns), 5.0430083072E10
[TRANSACTION], MinLatency(ns), 50429952000
[TRANSACTION], MaxLatency(ns), 50430214143
[TRANSACTION], 95thPercentileLatency(ns), 50430214143
[TRANSACTION], 99thPercentileLatency(ns), 50430214143
[GCS_TIME], Operations, 31
[GCS_TIME], AverageLatency(ns), 577.258064516129
[GCS_TIME], MinLatency(ns), 0
[GCS_TIME], MaxLatency(ns), 914
[GCS_TIME], 95thPercentileLatency(ns), 792
[GCS_TIME], 99thPercentileLatency(ns), 914
[LOAD_GCs_Time(ms)], Operations, 1
[LOAD_GCs_Time(ms)], AverageLatency(ns), 14684.0
[LOAD_GCs_Time(ms)], MinLatency(ns), 14684
[LOAD_GCs_Time(ms)], MaxLatency(ns), 14684
[LOAD_GCs_Time(ms)], 95thPercentileLatency(ns), 14684
[LOAD_GCs_Time(ms)], 99thPercentileLatency(ns), 14684
[READ], Operations, 3000000
[READ], AverageLatency(ns), 725.9839223333333
[READ], MinLatency(ns), 161
[READ], MaxLatency(ns), 11379775
[READ], 95thPercentileLatency(ns), 1710
[READ], 99thPercentileLatency(ns), 2739
[READ], Return=OK, 3000000
[INIT], Operations, 1
[INIT], AverageLatency(ns), 8.30253056E8
[INIT], MinLatency(ns), 830251008
[INIT], MaxLatency(ns), 830255103
[INIT], 95thPercentileLatency(ns), 830255103
[INIT], 99thPercentileLatency(ns), 830255103
[GCS], Operations, 31
[GCS], AverageLatency(ns), 17.161290322580644
[GCS], MinLatency(ns), 0
[GCS], MaxLatency(ns), 57
[GCS], 95thPercentileLatency(ns), 45
[GCS], 99thPercentileLatency(ns), 57
[LOAD_GCs_Count], Operations, 1
[LOAD_GCs_Count], AverageLatency(ns), 465.0
[LOAD_GCs_Count], MinLatency(ns), 465
[LOAD_GCs_Count], MaxLatency(ns), 465
[LOAD_GCs_Count], 95thPercentileLatency(ns), 465
[LOAD_GCs_Count], 99thPercentileLatency(ns), 465
[CLEANUP], Operations, 1
[CLEANUP], AverageLatency(ns), 23067.0
[CLEANUP], MinLatency(ns), 23067
[CLEANUP], MaxLatency(ns), 23067
[CLEANUP], 95thPercentileLatency(ns), 23067
[CLEANUP], 99thPercentileLatency(ns), 23067
[INSERT], Operations, 1000000
[INSERT], AverageLatency(ns), 2430.929664
[INSERT], MinLatency(ns), 1193
[INSERT], MaxLatency(ns), 140157951
[INSERT], 95thPercentileLatency(ns), 2546
[INSERT], 99thPercentileLatency(ns), 5282
[INSERT], Return=OK, 1000000
[UPDATE], Operations, 1500093
[UPDATE], AverageLatency(ns), 2373.6578945438714
[UPDATE], MinLatency(ns), 957
[UPDATE], MaxLatency(ns), 100539903
[UPDATE], 95thPercentileLatency(ns), 3910
[UPDATE], 99thPercentileLatency(ns), 8458
[UPDATE], Return=OK, 1500093
