/home/anatole/jdk8u/build/linux-x86_64-normal-server-release/jdk/bin/java -Xmx100g -XX:+UseG1GC -XX:InitiatingHeapOccupancyPercent=15 -classpath /home/anatole/ycsb/conf:/home/anatole/ycsb/core/target/core-0.18.0-SNAPSHOT.jar:/home/anatole/ycsb/core/target/dependency/HdrHistogram-2.1.4.jar:/home/anatole/ycsb/core/target/dependency/guava-18.0.jar:/home/anatole/ycsb/core/target/dependency/htrace-core4-4.1.0-incubating.jar:/home/anatole/ycsb/core/target/dependency/jackson-core-asl-1.9.4.jar:/home/anatole/ycsb/core/target/dependency/jackson-mapper-asl-1.9.4.jar:/home/anatole/ycsb/core/target/dependency/javax.persistence-api-2.2.jar:/home/anatole/ycsb/core/target/dependency/jnvm-1.0-SNAPSHOT.jar:/home/anatole/ycsb/core/target/dependency/pcj-1.0.jar:/home/anatole/ycsb/core/target/dependency/unsafe-helper-1.0.jar:/home/anatole/ycsb/infinispan/src/main/conf:/home/anatole/ycsb/infinispan/target/infinispan-binding-0.18.0-SNAPSHOT.jar:/home/anatole/ycsb/infinispan/target/dependency/caffeine-2.6.2.jar:/home/anatole/ycsb/infinispan/target/dependency/gson-2.8.2.jar:/home/anatole/ycsb/infinispan/target/dependency/guava-18.0.jar:/home/anatole/ycsb/infinispan/target/dependency/infinispan-cachestore-jnvm-1.0-SNAPSHOT.jar:/home/anatole/ycsb/infinispan/target/dependency/infinispan-cachestore-pcj-1.0-SNAPSHOT.jar:/home/anatole/ycsb/infinispan/target/dependency/infinispan-client-hotrod-9.4.20.Final.jar:/home/anatole/ycsb/infinispan/target/dependency/infinispan-commons-9.4.20.Final.jar:/home/anatole/ycsb/infinispan/target/dependency/infinispan-core-9.4.20.Final.jar:/home/anatole/ycsb/infinispan/target/dependency/infinispan-persistence-soft-index-9.4.20.Final.jar:/home/anatole/ycsb/infinispan/target/dependency/javax.persistence-api-2.2.jar:/home/anatole/ycsb/infinispan/target/dependency/jboss-logging-3.3.2.Final.jar:/home/anatole/ycsb/infinispan/target/dependency/jboss-marshalling-osgi-2.0.6.Final.jar:/home/anatole/ycsb/infinispan/target/dependency/jboss-transaction-api_1.2_spec-1.1.1.Final.jar:/home/anatole/ycsb/infinispan/target/dependency/jgroups-4.0.21.Final.jar:/home/anatole/ycsb/infinispan/target/dependency/jnvm-1.0-SNAPSHOT.jar:/home/anatole/ycsb/infinispan/target/dependency/metainf-services-1.7.jar:/home/anatole/ycsb/infinispan/target/dependency/netty-buffer-4.1.51.Final.jar:/home/anatole/ycsb/infinispan/target/dependency/netty-codec-4.1.51.Final.jar:/home/anatole/ycsb/infinispan/target/dependency/netty-common-4.1.51.Final.jar:/home/anatole/ycsb/infinispan/target/dependency/netty-handler-4.1.51.Final.jar:/home/anatole/ycsb/infinispan/target/dependency/netty-resolver-4.1.51.Final.jar:/home/anatole/ycsb/infinispan/target/dependency/netty-transport-4.1.51.Final.jar:/home/anatole/ycsb/infinispan/target/dependency/netty-transport-native-epoll-4.1.51.Final-linux-x86_64.jar:/home/anatole/ycsb/infinispan/target/dependency/netty-transport-native-unix-common-4.1.51.Final.jar:/home/anatole/ycsb/infinispan/target/dependency/pcj-1.0.jar:/home/anatole/ycsb/infinispan/target/dependency/reactive-streams-1.0.2.jar:/home/anatole/ycsb/infinispan/target/dependency/rxjava-2.2.4.jar:/home/anatole/ycsb/infinispan/target/dependency/unsafe-helper-1.0.jar site.ycsb.Client -t -db site.ycsb.db.InfinispanClient -P ../workloads/workloadf -preload -s -threads 1 -p dataintegrity=true -p offheap=false -p recordcount=1000000 -p operationcount=3000000 -p fieldcount=10 -p fieldlength=700 -p requestdistribution=zipfian -p measurement.trackjvm=true -p measurementtype=hdrhistogram -p hdrhistogram.output.path=./out/exp7.marshalling.ref/log/infinispan.run.workloadf.true.1000000.1000000.10.700.zipfian.1.false.true.default.default.none.r11.hdr.log
[OVERALL], RunTime(ms), 286005
[OVERALL], Throughput(ops/sec), 13985.769479554554
[TOTAL_GCS_G1_Young_Generation], Count, 269
[TOTAL_GC_TIME_G1_Young_Generation], Time(ms), 13799
[TOTAL_GC_TIME_%_G1_Young_Generation], Time(%), 4.824740826209331
[TOTAL_GCS_G1_Old_Generation], Count, 0
[TOTAL_GC_TIME_G1_Old_Generation], Time(ms), 0
[TOTAL_GC_TIME_%_G1_Old_Generation], Time(%), 0.0
[TOTAL_GCs], Count, 269
[TOTAL_GC_TIME], Time(ms), 13799
[TOTAL_GC_TIME_%], Time(%), 4.824740826209331
[MAX_MEM_USED], MBs, 26961
[MIN_MEM_USED], MBs, 56
[MAX_THREADS], Count, 6
[MIN_THREADS], Count, 3
[MAX_SYS_LOAD_AVG], Load, 4.42
[MIN_SYS_LOAD_AVG], Load, 1.53
[THREAD_COUNT], Operations, 30
[THREAD_COUNT], AverageLatency(ns), 4.666666666666667
[THREAD_COUNT], MinLatency(ns), 3
[THREAD_COUNT], MaxLatency(ns), 6
[THREAD_COUNT], 95thPercentileLatency(ns), 6
[THREAD_COUNT], 99thPercentileLatency(ns), 6
[SYS_LOAD_AVG], Operations, 30
[SYS_LOAD_AVG], AverageLatency(ns), 1.9
[SYS_LOAD_AVG], MinLatency(ns), 1
[SYS_LOAD_AVG], MaxLatency(ns), 4
[SYS_LOAD_AVG], 95thPercentileLatency(ns), 3
[SYS_LOAD_AVG], 99thPercentileLatency(ns), 4
[READ-MODIFY-WRITE], Operations, 1498983
[READ-MODIFY-WRITE], AverageLatency(ns), 3344.791509977098
[READ-MODIFY-WRITE], MinLatency(ns), 1472
[READ-MODIFY-WRITE], MaxLatency(ns), 131028991
[READ-MODIFY-WRITE], 95thPercentileLatency(ns), 5311
[READ-MODIFY-WRITE], 99thPercentileLatency(ns), 7015
[LOAD], Operations, 1
[LOAD], AverageLatency(ns), 2.42007670784E11
[LOAD], MinLatency(ns), 242007146496
[LOAD], MaxLatency(ns), 242008195071
[LOAD], 95thPercentileLatency(ns), 242008195071
[LOAD], 99thPercentileLatency(ns), 242008195071
[USED_MEM_MB], Operations, 30
[USED_MEM_MB], AverageLatency(ns), 13989.0
[USED_MEM_MB], MinLatency(ns), 56
[USED_MEM_MB], MaxLatency(ns), 26961
[USED_MEM_MB], 95thPercentileLatency(ns), 26240
[USED_MEM_MB], 99thPercentileLatency(ns), 26961
[MAIN_GCs_Count], Operations, 1
[MAIN_GCs_Count], AverageLatency(ns), 21.0
[MAIN_GCs_Count], MinLatency(ns), 21
[MAIN_GCs_Count], MaxLatency(ns), 21
[MAIN_GCs_Count], 95thPercentileLatency(ns), 21
[MAIN_GCs_Count], 99thPercentileLatency(ns), 21
[MAIN_GCs_Time(ms)], Operations, 1
[MAIN_GCs_Time(ms)], AverageLatency(ns), 1747.0
[MAIN_GCs_Time(ms)], MinLatency(ns), 1747
[MAIN_GCs_Time(ms)], MaxLatency(ns), 1747
[MAIN_GCs_Time(ms)], 95thPercentileLatency(ns), 1747
[MAIN_GCs_Time(ms)], 99thPercentileLatency(ns), 1747
[TRANSACTION], Operations, 1
[TRANSACTION], AverageLatency(ns), 4.3107876864E10
[TRANSACTION], MinLatency(ns), 43107745792
[TRANSACTION], MaxLatency(ns), 43108007935
[TRANSACTION], 95thPercentileLatency(ns), 43108007935
[TRANSACTION], 99thPercentileLatency(ns), 43108007935
[GCS_TIME], Operations, 30
[GCS_TIME], AverageLatency(ns), 459.96666666666664
[GCS_TIME], MinLatency(ns), 0
[GCS_TIME], MaxLatency(ns), 760
[GCS_TIME], 95thPercentileLatency(ns), 688
[GCS_TIME], 99thPercentileLatency(ns), 760
[LOAD_GCs_Time(ms)], Operations, 1
[LOAD_GCs_Time(ms)], AverageLatency(ns), 11795.0
[LOAD_GCs_Time(ms)], MinLatency(ns), 11795
[LOAD_GCs_Time(ms)], MaxLatency(ns), 11795
[LOAD_GCs_Time(ms)], 95thPercentileLatency(ns), 11795
[LOAD_GCs_Time(ms)], 99thPercentileLatency(ns), 11795
[READ], Operations, 3000000
[READ], AverageLatency(ns), 728.493998
[READ], MinLatency(ns), 159
[READ], MaxLatency(ns), 17550207
[READ], 95thPercentileLatency(ns), 1766
[READ], 99thPercentileLatency(ns), 3036
[READ], Return=OK, 3000000
[INIT], Operations, 1
[INIT], AverageLatency(ns), 5.89559808E8
[INIT], MinLatency(ns), 589557760
[INIT], MaxLatency(ns), 589561855
[INIT], 95thPercentileLatency(ns), 589561855
[INIT], 99thPercentileLatency(ns), 589561855
[GCS], Operations, 30
[GCS], AverageLatency(ns), 8.966666666666667
[GCS], MinLatency(ns), 0
[GCS], MaxLatency(ns), 48
[GCS], 95thPercentileLatency(ns), 31
[GCS], 99thPercentileLatency(ns), 48
[LOAD_GCs_Count], Operations, 1
[LOAD_GCs_Count], AverageLatency(ns), 244.0
[LOAD_GCs_Count], MinLatency(ns), 244
[LOAD_GCs_Count], MaxLatency(ns), 244
[LOAD_GCs_Count], 95thPercentileLatency(ns), 244
[LOAD_GCs_Count], 99thPercentileLatency(ns), 244
[CLEANUP], Operations, 1
[CLEANUP], AverageLatency(ns), 39961.0
[CLEANUP], MinLatency(ns), 39961
[CLEANUP], MaxLatency(ns), 39961
[CLEANUP], 95thPercentileLatency(ns), 39961
[CLEANUP], 99thPercentileLatency(ns), 39961
[INSERT], Operations, 1000000
[INSERT], AverageLatency(ns), 2689.069386
[INSERT], MinLatency(ns), 1190
[INSERT], MaxLatency(ns), 291166207
[INSERT], 95thPercentileLatency(ns), 2472
[INSERT], 99thPercentileLatency(ns), 4259
[INSERT], Return=OK, 1000000
[UPDATE], Operations, 1498983
[UPDATE], AverageLatency(ns), 2177.8453257975575
[UPDATE], MinLatency(ns), 960
[UPDATE], MaxLatency(ns), 78182911
[UPDATE], 95thPercentileLatency(ns), 4037
[UPDATE], 99thPercentileLatency(ns), 5236
[UPDATE], Return=OK, 1498983
