/home/anatole/jdk8u/build/linux-x86_64-normal-server-release/jdk/bin/java -Xmx40g -XX:+UseG1GC -classpath /home/anatole/ycsb/conf:/home/anatole/ycsb/core/target/core-0.18.0-SNAPSHOT.jar:/home/anatole/ycsb/core/target/dependency/HdrHistogram-2.1.4.jar:/home/anatole/ycsb/core/target/dependency/guava-18.0.jar:/home/anatole/ycsb/core/target/dependency/htrace-core4-4.1.0-incubating.jar:/home/anatole/ycsb/core/target/dependency/jackson-core-asl-1.9.4.jar:/home/anatole/ycsb/core/target/dependency/jackson-mapper-asl-1.9.4.jar:/home/anatole/ycsb/core/target/dependency/javax.persistence-api-2.2.jar:/home/anatole/ycsb/core/target/dependency/jnvm-1.0-SNAPSHOT.jar:/home/anatole/ycsb/core/target/dependency/pcj-1.0.jar:/home/anatole/ycsb/core/target/dependency/unsafe-helper-1.0.jar:/home/anatole/ycsb/infinispan/src/main/conf:/home/anatole/ycsb/infinispan/target/infinispan-binding-0.18.0-SNAPSHOT.jar:/home/anatole/ycsb/infinispan/target/dependency/caffeine-2.6.2.jar:/home/anatole/ycsb/infinispan/target/dependency/gson-2.8.2.jar:/home/anatole/ycsb/infinispan/target/dependency/guava-18.0.jar:/home/anatole/ycsb/infinispan/target/dependency/infinispan-cachestore-jnvm-1.0-SNAPSHOT.jar:/home/anatole/ycsb/infinispan/target/dependency/infinispan-cachestore-pcj-1.0-SNAPSHOT.jar:/home/anatole/ycsb/infinispan/target/dependency/infinispan-client-hotrod-9.4.20.Final.jar:/home/anatole/ycsb/infinispan/target/dependency/infinispan-commons-9.4.20.Final.jar:/home/anatole/ycsb/infinispan/target/dependency/infinispan-core-9.4.20.Final.jar:/home/anatole/ycsb/infinispan/target/dependency/infinispan-persistence-soft-index-9.4.20.Final.jar:/home/anatole/ycsb/infinispan/target/dependency/javax.persistence-api-2.2.jar:/home/anatole/ycsb/infinispan/target/dependency/jboss-logging-3.3.2.Final.jar:/home/anatole/ycsb/infinispan/target/dependency/jboss-marshalling-osgi-2.0.6.Final.jar:/home/anatole/ycsb/infinispan/target/dependency/jboss-transaction-api_1.2_spec-1.1.1.Final.jar:/home/anatole/ycsb/infinispan/target/dependency/jgroups-4.0.21.Final.jar:/home/anatole/ycsb/infinispan/target/dependency/jnvm-1.0-SNAPSHOT.jar:/home/anatole/ycsb/infinispan/target/dependency/metainf-services-1.7.jar:/home/anatole/ycsb/infinispan/target/dependency/netty-buffer-4.1.51.Final.jar:/home/anatole/ycsb/infinispan/target/dependency/netty-codec-4.1.51.Final.jar:/home/anatole/ycsb/infinispan/target/dependency/netty-common-4.1.51.Final.jar:/home/anatole/ycsb/infinispan/target/dependency/netty-handler-4.1.51.Final.jar:/home/anatole/ycsb/infinispan/target/dependency/netty-resolver-4.1.51.Final.jar:/home/anatole/ycsb/infinispan/target/dependency/netty-transport-4.1.51.Final.jar:/home/anatole/ycsb/infinispan/target/dependency/netty-transport-native-epoll-4.1.51.Final-linux-x86_64.jar:/home/anatole/ycsb/infinispan/target/dependency/netty-transport-native-unix-common-4.1.51.Final.jar:/home/anatole/ycsb/infinispan/target/dependency/pcj-1.0.jar:/home/anatole/ycsb/infinispan/target/dependency/reactive-streams-1.0.2.jar:/home/anatole/ycsb/infinispan/target/dependency/rxjava-2.2.4.jar:/home/anatole/ycsb/infinispan/target/dependency/unsafe-helper-1.0.jar site.ycsb.Client -t -db site.ycsb.db.InfinispanClient -P ../workloads/workloadf -preload -s -threads 1 -p dataintegrity=true -p offheap=false -p recordcount=1000000 -p operationcount=3000000 -p fieldcount=10 -p fieldlength=600 -p requestdistribution=zipfian -p measurement.trackjvm=true -p measurementtype=hdrhistogram -p hdrhistogram.output.path=./out/exp7.marshalling.ref/log/infinispan.run.workloadf.true.1000000.1000000.10.600.zipfian.1.false.true.default.default.tmpfs.r4.hdr.log
[OVERALL], RunTime(ms), 337699
[OVERALL], Throughput(ops/sec), 11844.867766857467
[TOTAL_GCS_G1_Young_Generation], Count, 808
[TOTAL_GC_TIME_G1_Young_Generation], Time(ms), 23294
[TOTAL_GC_TIME_%_G1_Young_Generation], Time(%), 6.897858744029446
[TOTAL_GCS_G1_Old_Generation], Count, 0
[TOTAL_GC_TIME_G1_Old_Generation], Time(ms), 0
[TOTAL_GC_TIME_%_G1_Old_Generation], Time(%), 0.0
[TOTAL_GCs], Count, 808
[TOTAL_GC_TIME], Time(ms), 23294
[TOTAL_GC_TIME_%], Time(%), 6.897858744029446
[MAX_MEM_USED], MBs, 16181
[MIN_MEM_USED], MBs, 54
[MAX_THREADS], Count, 7
[MIN_THREADS], Count, 3
[MAX_SYS_LOAD_AVG], Load, 9.08
[MIN_SYS_LOAD_AVG], Load, 2.14
[THREAD_COUNT], Operations, 35
[THREAD_COUNT], AverageLatency(ns), 5.542857142857143
[THREAD_COUNT], MinLatency(ns), 3
[THREAD_COUNT], MaxLatency(ns), 7
[THREAD_COUNT], 95thPercentileLatency(ns), 7
[THREAD_COUNT], 99thPercentileLatency(ns), 7
[SYS_LOAD_AVG], Operations, 35
[SYS_LOAD_AVG], AverageLatency(ns), 5.142857142857143
[SYS_LOAD_AVG], MinLatency(ns), 2
[SYS_LOAD_AVG], MaxLatency(ns), 9
[SYS_LOAD_AVG], 95thPercentileLatency(ns), 8
[SYS_LOAD_AVG], 99thPercentileLatency(ns), 9
[READ-MODIFY-WRITE], Operations, 1500185
[READ-MODIFY-WRITE], AverageLatency(ns), 48668.18611837873
[READ-MODIFY-WRITE], MinLatency(ns), 33502
[READ-MODIFY-WRITE], MaxLatency(ns), 151241727
[READ-MODIFY-WRITE], 95thPercentileLatency(ns), 57230
[READ-MODIFY-WRITE], 99thPercentileLatency(ns), 64320
[LOAD], Operations, 1
[LOAD], AverageLatency(ns), 2.31511425024E11
[LOAD], MinLatency(ns), 231510900736
[LOAD], MaxLatency(ns), 231511949311
[LOAD], 95thPercentileLatency(ns), 231511949311
[LOAD], 99thPercentileLatency(ns), 231511949311
[USED_MEM_MB], Operations, 35
[USED_MEM_MB], AverageLatency(ns), 10686.257142857143
[USED_MEM_MB], MinLatency(ns), 54
[USED_MEM_MB], MaxLatency(ns), 16181
[USED_MEM_MB], 95thPercentileLatency(ns), 16164
[USED_MEM_MB], 99thPercentileLatency(ns), 16181
[MAIN_GCs_Count], Operations, 1
[MAIN_GCs_Count], AverageLatency(ns), 151.0
[MAIN_GCs_Count], MinLatency(ns), 151
[MAIN_GCs_Count], MaxLatency(ns), 151
[MAIN_GCs_Count], 95thPercentileLatency(ns), 151
[MAIN_GCs_Count], 99thPercentileLatency(ns), 151
[MAIN_GCs_Time(ms)], Operations, 1
[MAIN_GCs_Time(ms)], AverageLatency(ns), 6732.0
[MAIN_GCs_Time(ms)], MinLatency(ns), 6732
[MAIN_GCs_Time(ms)], MaxLatency(ns), 6732
[MAIN_GCs_Time(ms)], 95thPercentileLatency(ns), 6732
[MAIN_GCs_Time(ms)], 99thPercentileLatency(ns), 6732
[TRANSACTION], Operations, 1
[TRANSACTION], AverageLatency(ns), 1.05441394688E11
[TRANSACTION], MinLatency(ns), 105441132544
[TRANSACTION], MaxLatency(ns), 105441656831
[TRANSACTION], 95thPercentileLatency(ns), 105441656831
[TRANSACTION], 99thPercentileLatency(ns), 105441656831
[GCS_TIME], Operations, 35
[GCS_TIME], AverageLatency(ns), 665.5428571428571
[GCS_TIME], MinLatency(ns), 0
[GCS_TIME], MaxLatency(ns), 842
[GCS_TIME], 95thPercentileLatency(ns), 840
[GCS_TIME], 99thPercentileLatency(ns), 842
[LOAD_GCs_Time(ms)], Operations, 1
[LOAD_GCs_Time(ms)], AverageLatency(ns), 16506.0
[LOAD_GCs_Time(ms)], MinLatency(ns), 16506
[LOAD_GCs_Time(ms)], MaxLatency(ns), 16506
[LOAD_GCs_Time(ms)], 95thPercentileLatency(ns), 16506
[LOAD_GCs_Time(ms)], 99thPercentileLatency(ns), 16506
[READ], Operations, 3000000
[READ], AverageLatency(ns), 795.408085
[READ], MinLatency(ns), 211
[READ], MaxLatency(ns), 3682607
[READ], 95thPercentileLatency(ns), 1785
[READ], 99thPercentileLatency(ns), 2840
[READ], Return=OK, 3000000
[INIT], Operations, 1
[INIT], AverageLatency(ns), 6.58393088E8
[INIT], MinLatency(ns), 658391040
[INIT], MaxLatency(ns), 658395135
[INIT], 95thPercentileLatency(ns), 658395135
[INIT], 99thPercentileLatency(ns), 658395135
[GCS], Operations, 35
[GCS], AverageLatency(ns), 23.085714285714285
[GCS], MinLatency(ns), 0
[GCS], MaxLatency(ns), 50
[GCS], 95thPercentileLatency(ns), 43
[GCS], 99thPercentileLatency(ns), 50
[LOAD_GCs_Count], Operations, 1
[LOAD_GCs_Count], AverageLatency(ns), 654.0
[LOAD_GCs_Count], MinLatency(ns), 654
[LOAD_GCs_Count], MaxLatency(ns), 654
[LOAD_GCs_Count], 95thPercentileLatency(ns), 654
[LOAD_GCs_Count], 99thPercentileLatency(ns), 654
[CLEANUP], Operations, 1
[CLEANUP], AverageLatency(ns), 35229.0
[CLEANUP], MinLatency(ns), 35229
[CLEANUP], MaxLatency(ns), 35229
[CLEANUP], 95thPercentileLatency(ns), 35229
[CLEANUP], 99thPercentileLatency(ns), 35229
[INSERT], Operations, 1000000
[INSERT], AverageLatency(ns), 42708.885851
[INSERT], MinLatency(ns), 32438
[INSERT], MaxLatency(ns), 130479615
[INSERT], 95thPercentileLatency(ns), 49968
[INSERT], 99thPercentileLatency(ns), 61893
[INSERT], Return=OK, 1000000
[UPDATE], Operations, 1500185
[UPDATE], AverageLatency(ns), 46944.76324986585
[UPDATE], MinLatency(ns), 32759
[UPDATE], MaxLatency(ns), 92887039
[UPDATE], 95thPercentileLatency(ns), 55699
[UPDATE], 99thPercentileLatency(ns), 62469
[UPDATE], Return=OK, 1500185
