/home/anatole/jdk8u/build/linux-x86_64-normal-server-release/jdk/bin/java -Xmx20g -XX:+UseG1GC -classpath /home/anatole/ycsb/conf:/home/anatole/ycsb/core/target/core-0.18.0-SNAPSHOT.jar:/home/anatole/ycsb/core/target/dependency/HdrHistogram-2.1.4.jar:/home/anatole/ycsb/core/target/dependency/guava-18.0.jar:/home/anatole/ycsb/core/target/dependency/htrace-core4-4.1.0-incubating.jar:/home/anatole/ycsb/core/target/dependency/jackson-core-asl-1.9.4.jar:/home/anatole/ycsb/core/target/dependency/jackson-mapper-asl-1.9.4.jar:/home/anatole/ycsb/core/target/dependency/javax.persistence-api-2.2.jar:/home/anatole/ycsb/core/target/dependency/jnvm-1.0-SNAPSHOT.jar:/home/anatole/ycsb/core/target/dependency/pcj-1.0.jar:/home/anatole/ycsb/core/target/dependency/unsafe-helper-1.0.jar:/home/anatole/ycsb/infinispan/src/main/conf:/home/anatole/ycsb/infinispan/target/infinispan-binding-0.18.0-SNAPSHOT.jar:/home/anatole/ycsb/infinispan/target/dependency/caffeine-2.6.2.jar:/home/anatole/ycsb/infinispan/target/dependency/gson-2.8.2.jar:/home/anatole/ycsb/infinispan/target/dependency/guava-18.0.jar:/home/anatole/ycsb/infinispan/target/dependency/infinispan-cachestore-jnvm-1.0-SNAPSHOT.jar:/home/anatole/ycsb/infinispan/target/dependency/infinispan-cachestore-pcj-1.0-SNAPSHOT.jar:/home/anatole/ycsb/infinispan/target/dependency/infinispan-client-hotrod-9.4.20.Final.jar:/home/anatole/ycsb/infinispan/target/dependency/infinispan-commons-9.4.20.Final.jar:/home/anatole/ycsb/infinispan/target/dependency/infinispan-core-9.4.20.Final.jar:/home/anatole/ycsb/infinispan/target/dependency/infinispan-persistence-soft-index-9.4.20.Final.jar:/home/anatole/ycsb/infinispan/target/dependency/javax.persistence-api-2.2.jar:/home/anatole/ycsb/infinispan/target/dependency/jboss-logging-3.3.2.Final.jar:/home/anatole/ycsb/infinispan/target/dependency/jboss-marshalling-osgi-2.0.6.Final.jar:/home/anatole/ycsb/infinispan/target/dependency/jboss-transaction-api_1.2_spec-1.1.1.Final.jar:/home/anatole/ycsb/infinispan/target/dependency/jgroups-4.0.21.Final.jar:/home/anatole/ycsb/infinispan/target/dependency/jnvm-1.0-SNAPSHOT.jar:/home/anatole/ycsb/infinispan/target/dependency/metainf-services-1.7.jar:/home/anatole/ycsb/infinispan/target/dependency/netty-buffer-4.1.51.Final.jar:/home/anatole/ycsb/infinispan/target/dependency/netty-codec-4.1.51.Final.jar:/home/anatole/ycsb/infinispan/target/dependency/netty-common-4.1.51.Final.jar:/home/anatole/ycsb/infinispan/target/dependency/netty-handler-4.1.51.Final.jar:/home/anatole/ycsb/infinispan/target/dependency/netty-resolver-4.1.51.Final.jar:/home/anatole/ycsb/infinispan/target/dependency/netty-transport-4.1.51.Final.jar:/home/anatole/ycsb/infinispan/target/dependency/netty-transport-native-epoll-4.1.51.Final-linux-x86_64.jar:/home/anatole/ycsb/infinispan/target/dependency/netty-transport-native-unix-common-4.1.51.Final.jar:/home/anatole/ycsb/infinispan/target/dependency/pcj-1.0.jar:/home/anatole/ycsb/infinispan/target/dependency/reactive-streams-1.0.2.jar:/home/anatole/ycsb/infinispan/target/dependency/rxjava-2.2.4.jar:/home/anatole/ycsb/infinispan/target/dependency/unsafe-helper-1.0.jar site.ycsb.Client -t -db site.ycsb.db.InfinispanClient -P ../workloads/workloadf -preload -s -threads 1 -p dataintegrity=true -p offheap=false -p recordcount=1000000 -p operationcount=3000000 -p fieldcount=10 -p fieldlength=900 -p requestdistribution=zipfian -p measurement.trackjvm=true -p measurementtype=hdrhistogram -p hdrhistogram.output.path=./out/exp7.marshalling.ref/log/infinispan.run.workloadf.true.1000000.100000.10.900.zipfian.1.false.true.default.default.pmem0.r4.hdr.log
[OVERALL], RunTime(ms), 692216
[OVERALL], Throughput(ops/sec), 5778.543113710171
[TOTAL_GCS_G1_Young_Generation], Count, 507
[TOTAL_GC_TIME_G1_Young_Generation], Time(ms), 16923
[TOTAL_GC_TIME_%_G1_Young_Generation], Time(%), 2.444757127832931
[TOTAL_GCS_G1_Old_Generation], Count, 0
[TOTAL_GC_TIME_G1_Old_Generation], Time(ms), 0
[TOTAL_GC_TIME_%_G1_Old_Generation], Time(%), 0.0
[TOTAL_GCs], Count, 507
[TOTAL_GC_TIME], Time(ms), 16923
[TOTAL_GC_TIME_%], Time(%), 2.444757127832931
[MAX_MEM_USED], MBs, 8260
[MIN_MEM_USED], MBs, 48
[MAX_THREADS], Count, 7
[MIN_THREADS], Count, 3
[MAX_SYS_LOAD_AVG], Load, 2.4
[MIN_SYS_LOAD_AVG], Load, 1.0
[THREAD_COUNT], Operations, 71
[THREAD_COUNT], AverageLatency(ns), 5.267605633802817
[THREAD_COUNT], MinLatency(ns), 3
[THREAD_COUNT], MaxLatency(ns), 7
[THREAD_COUNT], 95thPercentileLatency(ns), 7
[THREAD_COUNT], 99thPercentileLatency(ns), 7
[SYS_LOAD_AVG], Operations, 71
[SYS_LOAD_AVG], AverageLatency(ns), 1.0422535211267605
[SYS_LOAD_AVG], MinLatency(ns), 1
[SYS_LOAD_AVG], MaxLatency(ns), 2
[SYS_LOAD_AVG], 95thPercentileLatency(ns), 1
[SYS_LOAD_AVG], 99thPercentileLatency(ns), 2
[READ-MODIFY-WRITE], Operations, 1499869
[READ-MODIFY-WRITE], AverageLatency(ns), 97147.87892075907
[READ-MODIFY-WRITE], MinLatency(ns), 57744
[READ-MODIFY-WRITE], MaxLatency(ns), 314427391
[READ-MODIFY-WRITE], 95thPercentileLatency(ns), 122889
[READ-MODIFY-WRITE], 99thPercentileLatency(ns), 132010
[LOAD], Operations, 1
[LOAD], AverageLatency(ns), 4.42762264576E11
[LOAD], MinLatency(ns), 442761216000
[LOAD], MaxLatency(ns), 442763313151
[LOAD], 95thPercentileLatency(ns), 442763313151
[LOAD], 99thPercentileLatency(ns), 442763313151
[USED_MEM_MB], Operations, 71
[USED_MEM_MB], AverageLatency(ns), 4808.760563380281
[USED_MEM_MB], MinLatency(ns), 48
[USED_MEM_MB], MaxLatency(ns), 8260
[USED_MEM_MB], 95thPercentileLatency(ns), 7763
[USED_MEM_MB], 99thPercentileLatency(ns), 8158
[MAIN_GCs_Count], Operations, 1
[MAIN_GCs_Count], AverageLatency(ns), 131.0
[MAIN_GCs_Count], MinLatency(ns), 131
[MAIN_GCs_Count], MaxLatency(ns), 131
[MAIN_GCs_Count], 95thPercentileLatency(ns), 131
[MAIN_GCs_Count], 99thPercentileLatency(ns), 131
[MAIN_GCs_Time(ms)], Operations, 1
[MAIN_GCs_Time(ms)], AverageLatency(ns), 9135.0
[MAIN_GCs_Time(ms)], MinLatency(ns), 9135
[MAIN_GCs_Time(ms)], MaxLatency(ns), 9135
[MAIN_GCs_Time(ms)], 95thPercentileLatency(ns), 9135
[MAIN_GCs_Time(ms)], 99thPercentileLatency(ns), 9135
[TRANSACTION], Operations, 1
[TRANSACTION], AverageLatency(ns), 2.48716460032E11
[TRANSACTION], MinLatency(ns), 248715935744
[TRANSACTION], MaxLatency(ns), 248716984319
[TRANSACTION], 95thPercentileLatency(ns), 248716984319
[TRANSACTION], 99thPercentileLatency(ns), 248716984319
[GCS_TIME], Operations, 71
[GCS_TIME], AverageLatency(ns), 238.35211267605635
[GCS_TIME], MinLatency(ns), 0
[GCS_TIME], MaxLatency(ns), 614
[GCS_TIME], 95thPercentileLatency(ns), 547
[GCS_TIME], 99thPercentileLatency(ns), 593
[LOAD_GCs_Time(ms)], Operations, 1
[LOAD_GCs_Time(ms)], AverageLatency(ns), 7765.0
[LOAD_GCs_Time(ms)], MinLatency(ns), 7765
[LOAD_GCs_Time(ms)], MaxLatency(ns), 7765
[LOAD_GCs_Time(ms)], 95thPercentileLatency(ns), 7765
[LOAD_GCs_Time(ms)], 99thPercentileLatency(ns), 7765
[READ], Operations, 3000000
[READ], AverageLatency(ns), 29352.324664
[READ], MinLatency(ns), 238
[READ], MaxLatency(ns), 170924031
[READ], 95thPercentileLatency(ns), 56126
[READ], 99thPercentileLatency(ns), 60237
[READ], Return=OK, 3000000
[INIT], Operations, 1
[INIT], AverageLatency(ns), 6.78336512E8
[INIT], MinLatency(ns), 678334464
[INIT], MaxLatency(ns), 678338559
[INIT], 95thPercentileLatency(ns), 678338559
[INIT], 99thPercentileLatency(ns), 678338559
[GCS], Operations, 71
[GCS], AverageLatency(ns), 7.140845070422535
[GCS], MinLatency(ns), 0
[GCS], MaxLatency(ns), 53
[GCS], 95thPercentileLatency(ns), 13
[GCS], 99thPercentileLatency(ns), 47
[LOAD_GCs_Count], Operations, 1
[LOAD_GCs_Count], AverageLatency(ns), 375.0
[LOAD_GCs_Count], MinLatency(ns), 375
[LOAD_GCs_Count], MaxLatency(ns), 375
[LOAD_GCs_Count], 95thPercentileLatency(ns), 375
[LOAD_GCs_Count], 99thPercentileLatency(ns), 375
[CLEANUP], Operations, 1
[CLEANUP], AverageLatency(ns), 15986.0
[CLEANUP], MinLatency(ns), 15986
[CLEANUP], MaxLatency(ns), 15986
[CLEANUP], 95thPercentileLatency(ns), 15986
[CLEANUP], 99thPercentileLatency(ns), 15986
[INSERT], Operations, 1000000
[INSERT], AverageLatency(ns), 84225.983124
[INSERT], MinLatency(ns), 70818
[INSERT], MaxLatency(ns), 93823487
[INSERT], 95thPercentileLatency(ns), 87186
[INSERT], 99thPercentileLatency(ns), 105506
[INSERT], Return=OK, 1000000
[UPDATE], Operations, 1499869
[UPDATE], AverageLatency(ns), 67154.72350651957
[UPDATE], MinLatency(ns), 56901
[UPDATE], MaxLatency(ns), 296833023
[UPDATE], 95thPercentileLatency(ns), 69872
[UPDATE], 99thPercentileLatency(ns), 76815
[UPDATE], Return=OK, 1499869
