/home/anatole/jdk8u/build/linux-x86_64-normal-server-release/jdk/bin/java -Xmx100g -XX:+UseG1GC -XX:InitiatingHeapOccupancyPercent=15 -classpath /home/anatole/ycsb/conf:/home/anatole/ycsb/core/target/core-0.18.0-SNAPSHOT.jar:/home/anatole/ycsb/core/target/dependency/HdrHistogram-2.1.4.jar:/home/anatole/ycsb/core/target/dependency/guava-18.0.jar:/home/anatole/ycsb/core/target/dependency/htrace-core4-4.1.0-incubating.jar:/home/anatole/ycsb/core/target/dependency/jackson-core-asl-1.9.4.jar:/home/anatole/ycsb/core/target/dependency/jackson-mapper-asl-1.9.4.jar:/home/anatole/ycsb/core/target/dependency/javax.persistence-api-2.2.jar:/home/anatole/ycsb/core/target/dependency/jnvm-1.0-SNAPSHOT.jar:/home/anatole/ycsb/core/target/dependency/pcj-1.0.jar:/home/anatole/ycsb/core/target/dependency/unsafe-helper-1.0.jar:/home/anatole/ycsb/infinispan/src/main/conf:/home/anatole/ycsb/infinispan/target/infinispan-binding-0.18.0-SNAPSHOT.jar:/home/anatole/ycsb/infinispan/target/dependency/caffeine-2.6.2.jar:/home/anatole/ycsb/infinispan/target/dependency/gson-2.8.2.jar:/home/anatole/ycsb/infinispan/target/dependency/guava-18.0.jar:/home/anatole/ycsb/infinispan/target/dependency/infinispan-cachestore-jnvm-1.0-SNAPSHOT.jar:/home/anatole/ycsb/infinispan/target/dependency/infinispan-cachestore-pcj-1.0-SNAPSHOT.jar:/home/anatole/ycsb/infinispan/target/dependency/infinispan-client-hotrod-9.4.20.Final.jar:/home/anatole/ycsb/infinispan/target/dependency/infinispan-commons-9.4.20.Final.jar:/home/anatole/ycsb/infinispan/target/dependency/infinispan-core-9.4.20.Final.jar:/home/anatole/ycsb/infinispan/target/dependency/infinispan-persistence-soft-index-9.4.20.Final.jar:/home/anatole/ycsb/infinispan/target/dependency/javax.persistence-api-2.2.jar:/home/anatole/ycsb/infinispan/target/dependency/jboss-logging-3.3.2.Final.jar:/home/anatole/ycsb/infinispan/target/dependency/jboss-marshalling-osgi-2.0.6.Final.jar:/home/anatole/ycsb/infinispan/target/dependency/jboss-transaction-api_1.2_spec-1.1.1.Final.jar:/home/anatole/ycsb/infinispan/target/dependency/jgroups-4.0.21.Final.jar:/home/anatole/ycsb/infinispan/target/dependency/jnvm-1.0-SNAPSHOT.jar:/home/anatole/ycsb/infinispan/target/dependency/metainf-services-1.7.jar:/home/anatole/ycsb/infinispan/target/dependency/netty-buffer-4.1.51.Final.jar:/home/anatole/ycsb/infinispan/target/dependency/netty-codec-4.1.51.Final.jar:/home/anatole/ycsb/infinispan/target/dependency/netty-common-4.1.51.Final.jar:/home/anatole/ycsb/infinispan/target/dependency/netty-handler-4.1.51.Final.jar:/home/anatole/ycsb/infinispan/target/dependency/netty-resolver-4.1.51.Final.jar:/home/anatole/ycsb/infinispan/target/dependency/netty-transport-4.1.51.Final.jar:/home/anatole/ycsb/infinispan/target/dependency/netty-transport-native-epoll-4.1.51.Final-linux-x86_64.jar:/home/anatole/ycsb/infinispan/target/dependency/netty-transport-native-unix-common-4.1.51.Final.jar:/home/anatole/ycsb/infinispan/target/dependency/pcj-1.0.jar:/home/anatole/ycsb/infinispan/target/dependency/reactive-streams-1.0.2.jar:/home/anatole/ycsb/infinispan/target/dependency/rxjava-2.2.4.jar:/home/anatole/ycsb/infinispan/target/dependency/unsafe-helper-1.0.jar site.ycsb.Client -t -db site.ycsb.db.InfinispanClient -P ../workloads/workloadf -preload -s -threads 1 -p dataintegrity=true -p offheap=false -p recordcount=1000000 -p operationcount=3000000 -p fieldcount=10 -p fieldlength=500 -p requestdistribution=zipfian -p measurement.trackjvm=true -p measurementtype=hdrhistogram -p hdrhistogram.output.path=./out/exp7.marshalling.ref/log/infinispan.run.workloadf.true.1000000.1000000.10.500.zipfian.1.false.true.default.default.none.r12.hdr.log
[OVERALL], RunTime(ms), 163639
[OVERALL], Throughput(ops/sec), 24444.050623628842
[TOTAL_GCS_G1_Young_Generation], Count, 192
[TOTAL_GC_TIME_G1_Young_Generation], Time(ms), 9999
[TOTAL_GC_TIME_%_G1_Young_Generation], Time(%), 6.110401554641619
[TOTAL_GCS_G1_Old_Generation], Count, 0
[TOTAL_GC_TIME_G1_Old_Generation], Time(ms), 0
[TOTAL_GC_TIME_%_G1_Old_Generation], Time(%), 0.0
[TOTAL_GCs], Count, 192
[TOTAL_GC_TIME], Time(ms), 9999
[TOTAL_GC_TIME_%], Time(%), 6.110401554641619
[MAX_MEM_USED], MBs, 27564
[MIN_MEM_USED], MBs, 56
[MAX_THREADS], Count, 6
[MIN_THREADS], Count, 3
[MAX_SYS_LOAD_AVG], Load, 5.49
[MIN_SYS_LOAD_AVG], Load, 2.57
[THREAD_COUNT], Operations, 18
[THREAD_COUNT], AverageLatency(ns), 5.111111111111111
[THREAD_COUNT], MinLatency(ns), 3
[THREAD_COUNT], MaxLatency(ns), 6
[THREAD_COUNT], 95thPercentileLatency(ns), 6
[THREAD_COUNT], 99thPercentileLatency(ns), 6
[SYS_LOAD_AVG], Operations, 18
[SYS_LOAD_AVG], AverageLatency(ns), 2.8333333333333335
[SYS_LOAD_AVG], MinLatency(ns), 2
[SYS_LOAD_AVG], MaxLatency(ns), 5
[SYS_LOAD_AVG], 95thPercentileLatency(ns), 4
[SYS_LOAD_AVG], 99thPercentileLatency(ns), 5
[READ-MODIFY-WRITE], Operations, 1500604
[READ-MODIFY-WRITE], AverageLatency(ns), 3028.946017736858
[READ-MODIFY-WRITE], MinLatency(ns), 1483
[READ-MODIFY-WRITE], MaxLatency(ns), 143717375
[READ-MODIFY-WRITE], 95thPercentileLatency(ns), 4472
[READ-MODIFY-WRITE], 99thPercentileLatency(ns), 5594
[LOAD], Operations, 1
[LOAD], AverageLatency(ns), 1.36535867392E11
[LOAD], MinLatency(ns), 136535605248
[LOAD], MaxLatency(ns), 136536129535
[LOAD], 95thPercentileLatency(ns), 136536129535
[LOAD], 99thPercentileLatency(ns), 136536129535
[USED_MEM_MB], Operations, 18
[USED_MEM_MB], AverageLatency(ns), 10912.5
[USED_MEM_MB], MinLatency(ns), 56
[USED_MEM_MB], MaxLatency(ns), 27564
[USED_MEM_MB], 95thPercentileLatency(ns), 23281
[USED_MEM_MB], 99thPercentileLatency(ns), 27564
[MAIN_GCs_Count], Operations, 1
[MAIN_GCs_Count], AverageLatency(ns), 10.0
[MAIN_GCs_Count], MinLatency(ns), 10
[MAIN_GCs_Count], MaxLatency(ns), 10
[MAIN_GCs_Count], 95thPercentileLatency(ns), 10
[MAIN_GCs_Count], 99thPercentileLatency(ns), 10
[MAIN_GCs_Time(ms)], Operations, 1
[MAIN_GCs_Time(ms)], AverageLatency(ns), 1226.0
[MAIN_GCs_Time(ms)], MinLatency(ns), 1226
[MAIN_GCs_Time(ms)], MaxLatency(ns), 1226
[MAIN_GCs_Time(ms)], 95thPercentileLatency(ns), 1226
[MAIN_GCs_Time(ms)], 99thPercentileLatency(ns), 1226
[TRANSACTION], Operations, 1
[TRANSACTION], AverageLatency(ns), 2.638708736E10
[TRANSACTION], MinLatency(ns), 26387021824
[TRANSACTION], MaxLatency(ns), 26387152895
[TRANSACTION], 95thPercentileLatency(ns), 26387152895
[TRANSACTION], 99thPercentileLatency(ns), 26387152895
[GCS_TIME], Operations, 18
[GCS_TIME], AverageLatency(ns), 555.5
[GCS_TIME], MinLatency(ns), 0
[GCS_TIME], MaxLatency(ns), 860
[GCS_TIME], 95thPercentileLatency(ns), 818
[GCS_TIME], 99thPercentileLatency(ns), 860
[LOAD_GCs_Time(ms)], Operations, 1
[LOAD_GCs_Time(ms)], AverageLatency(ns), 8679.0
[LOAD_GCs_Time(ms)], MinLatency(ns), 8679
[LOAD_GCs_Time(ms)], MaxLatency(ns), 8679
[LOAD_GCs_Time(ms)], 95thPercentileLatency(ns), 8679
[LOAD_GCs_Time(ms)], 99thPercentileLatency(ns), 8679
[READ], Operations, 3000000
[READ], AverageLatency(ns), 661.7455616666666
[READ], MinLatency(ns), 158
[READ], MaxLatency(ns), 1511015
[READ], 95thPercentileLatency(ns), 1601
[READ], 99thPercentileLatency(ns), 2502
[READ], Return=OK, 3000000
[INIT], Operations, 1
[INIT], AverageLatency(ns), 5.99472128E8
[INIT], MinLatency(ns), 599470080
[INIT], MaxLatency(ns), 599474175
[INIT], 95thPercentileLatency(ns), 599474175
[INIT], 99thPercentileLatency(ns), 599474175
[GCS], Operations, 18
[GCS], AverageLatency(ns), 10.666666666666666
[GCS], MinLatency(ns), 0
[GCS], MaxLatency(ns), 48
[GCS], 95thPercentileLatency(ns), 32
[GCS], 99thPercentileLatency(ns), 48
[LOAD_GCs_Count], Operations, 1
[LOAD_GCs_Count], AverageLatency(ns), 179.0
[LOAD_GCs_Count], MinLatency(ns), 179
[LOAD_GCs_Count], MaxLatency(ns), 179
[LOAD_GCs_Count], 95thPercentileLatency(ns), 179
[LOAD_GCs_Count], 99thPercentileLatency(ns), 179
[CLEANUP], Operations, 1
[CLEANUP], AverageLatency(ns), 44140.0
[CLEANUP], MinLatency(ns), 44140
[CLEANUP], MaxLatency(ns), 44140
[CLEANUP], 95thPercentileLatency(ns), 44140
[CLEANUP], 99thPercentileLatency(ns), 44140
[INSERT], Operations, 1000000
[INSERT], AverageLatency(ns), 2285.959881
[INSERT], MinLatency(ns), 1249
[INSERT], MaxLatency(ns), 124451839
[INSERT], 95thPercentileLatency(ns), 2484
[INSERT], 99thPercentileLatency(ns), 4522
[INSERT], Return=OK, 1000000
[UPDATE], Operations, 1500604
[UPDATE], AverageLatency(ns), 1896.8743919115236
[UPDATE], MinLatency(ns), 978
[UPDATE], MaxLatency(ns), 610187
[UPDATE], 95thPercentileLatency(ns), 3353
[UPDATE], 99thPercentileLatency(ns), 4149
[UPDATE], Return=OK, 1500604
