/home/anatole/jdk8u/build/linux-x86_64-normal-server-release/jdk/bin/java -Xmx40g -XX:+UseG1GC -classpath /home/anatole/ycsb/conf:/home/anatole/ycsb/core/target/core-0.18.0-SNAPSHOT.jar:/home/anatole/ycsb/core/target/dependency/HdrHistogram-2.1.4.jar:/home/anatole/ycsb/core/target/dependency/guava-18.0.jar:/home/anatole/ycsb/core/target/dependency/htrace-core4-4.1.0-incubating.jar:/home/anatole/ycsb/core/target/dependency/jackson-core-asl-1.9.4.jar:/home/anatole/ycsb/core/target/dependency/jackson-mapper-asl-1.9.4.jar:/home/anatole/ycsb/core/target/dependency/javax.persistence-api-2.2.jar:/home/anatole/ycsb/core/target/dependency/jnvm-1.0-SNAPSHOT.jar:/home/anatole/ycsb/core/target/dependency/pcj-1.0.jar:/home/anatole/ycsb/core/target/dependency/unsafe-helper-1.0.jar:/home/anatole/ycsb/infinispan/src/main/conf:/home/anatole/ycsb/infinispan/target/infinispan-binding-0.18.0-SNAPSHOT.jar:/home/anatole/ycsb/infinispan/target/dependency/caffeine-2.6.2.jar:/home/anatole/ycsb/infinispan/target/dependency/gson-2.8.2.jar:/home/anatole/ycsb/infinispan/target/dependency/guava-18.0.jar:/home/anatole/ycsb/infinispan/target/dependency/infinispan-cachestore-jnvm-1.0-SNAPSHOT.jar:/home/anatole/ycsb/infinispan/target/dependency/infinispan-cachestore-pcj-1.0-SNAPSHOT.jar:/home/anatole/ycsb/infinispan/target/dependency/infinispan-client-hotrod-9.4.20.Final.jar:/home/anatole/ycsb/infinispan/target/dependency/infinispan-commons-9.4.20.Final.jar:/home/anatole/ycsb/infinispan/target/dependency/infinispan-core-9.4.20.Final.jar:/home/anatole/ycsb/infinispan/target/dependency/infinispan-persistence-soft-index-9.4.20.Final.jar:/home/anatole/ycsb/infinispan/target/dependency/javax.persistence-api-2.2.jar:/home/anatole/ycsb/infinispan/target/dependency/jboss-logging-3.3.2.Final.jar:/home/anatole/ycsb/infinispan/target/dependency/jboss-marshalling-osgi-2.0.6.Final.jar:/home/anatole/ycsb/infinispan/target/dependency/jboss-transaction-api_1.2_spec-1.1.1.Final.jar:/home/anatole/ycsb/infinispan/target/dependency/jgroups-4.0.21.Final.jar:/home/anatole/ycsb/infinispan/target/dependency/jnvm-1.0-SNAPSHOT.jar:/home/anatole/ycsb/infinispan/target/dependency/metainf-services-1.7.jar:/home/anatole/ycsb/infinispan/target/dependency/netty-buffer-4.1.51.Final.jar:/home/anatole/ycsb/infinispan/target/dependency/netty-codec-4.1.51.Final.jar:/home/anatole/ycsb/infinispan/target/dependency/netty-common-4.1.51.Final.jar:/home/anatole/ycsb/infinispan/target/dependency/netty-handler-4.1.51.Final.jar:/home/anatole/ycsb/infinispan/target/dependency/netty-resolver-4.1.51.Final.jar:/home/anatole/ycsb/infinispan/target/dependency/netty-transport-4.1.51.Final.jar:/home/anatole/ycsb/infinispan/target/dependency/netty-transport-native-epoll-4.1.51.Final-linux-x86_64.jar:/home/anatole/ycsb/infinispan/target/dependency/netty-transport-native-unix-common-4.1.51.Final.jar:/home/anatole/ycsb/infinispan/target/dependency/pcj-1.0.jar:/home/anatole/ycsb/infinispan/target/dependency/reactive-streams-1.0.2.jar:/home/anatole/ycsb/infinispan/target/dependency/rxjava-2.2.4.jar:/home/anatole/ycsb/infinispan/target/dependency/unsafe-helper-1.0.jar site.ycsb.Client -t -db site.ycsb.db.InfinispanClient -P ../workloads/workloadf -preload -s -threads 1 -p dataintegrity=true -p offheap=false -p recordcount=1000000 -p operationcount=3000000 -p fieldcount=10 -p fieldlength=1000 -p requestdistribution=zipfian -p measurement.trackjvm=true -p measurementtype=hdrhistogram -p hdrhistogram.output.path=./out/exp7.marshalling.ref/log/infinispan.run.workloadf.true.1000000.1000000.10.1000.zipfian.1.false.true.default.default.nullfsvfs.r4.hdr.log
[OVERALL], RunTime(ms), 707751
[OVERALL], Throughput(ops/sec), 5651.705190102169
[TOTAL_GCS_G1_Young_Generation], Count, 1395
[TOTAL_GC_TIME_G1_Young_Generation], Time(ms), 37315
[TOTAL_GC_TIME_%_G1_Young_Generation], Time(%), 5.2723344792165605
[TOTAL_GCS_G1_Old_Generation], Count, 0
[TOTAL_GC_TIME_G1_Old_Generation], Time(ms), 0
[TOTAL_GC_TIME_%_G1_Old_Generation], Time(%), 0.0
[TOTAL_GCs], Count, 1395
[TOTAL_GC_TIME], Time(ms), 37315
[TOTAL_GC_TIME_%], Time(%), 5.2723344792165605
[MAX_MEM_USED], MBs, 25667
[MIN_MEM_USED], MBs, 54
[MAX_THREADS], Count, 7
[MIN_THREADS], Count, 3
[MAX_SYS_LOAD_AVG], Load, 7.22
[MIN_SYS_LOAD_AVG], Load, 1.67
[THREAD_COUNT], Operations, 72
[THREAD_COUNT], AverageLatency(ns), 5.263888888888889
[THREAD_COUNT], MinLatency(ns), 3
[THREAD_COUNT], MaxLatency(ns), 7
[THREAD_COUNT], 95thPercentileLatency(ns), 7
[THREAD_COUNT], 99thPercentileLatency(ns), 7
[SYS_LOAD_AVG], Operations, 72
[SYS_LOAD_AVG], AverageLatency(ns), 3.625
[SYS_LOAD_AVG], MinLatency(ns), 1
[SYS_LOAD_AVG], MaxLatency(ns), 7
[SYS_LOAD_AVG], 95thPercentileLatency(ns), 6
[SYS_LOAD_AVG], 99thPercentileLatency(ns), 7
[READ-MODIFY-WRITE], Operations, 1498920
[READ-MODIFY-WRITE], AverageLatency(ns), 62236.939361673736
[READ-MODIFY-WRITE], MinLatency(ns), 50902
[READ-MODIFY-WRITE], MaxLatency(ns), 138182655
[READ-MODIFY-WRITE], 95thPercentileLatency(ns), 72771
[READ-MODIFY-WRITE], 99thPercentileLatency(ns), 80362
[LOAD], Operations, 1
[LOAD], AverageLatency(ns), 5.36588845056E11
[LOAD], MinLatency(ns), 536587796480
[LOAD], MaxLatency(ns), 536589893631
[LOAD], 95thPercentileLatency(ns), 536589893631
[LOAD], 99thPercentileLatency(ns), 536589893631
[USED_MEM_MB], Operations, 72
[USED_MEM_MB], AverageLatency(ns), 15485.361111111111
[USED_MEM_MB], MinLatency(ns), 54
[USED_MEM_MB], MaxLatency(ns), 25667
[USED_MEM_MB], 95thPercentileLatency(ns), 25200
[USED_MEM_MB], 99thPercentileLatency(ns), 25618
[MAIN_GCs_Count], Operations, 1
[MAIN_GCs_Count], AverageLatency(ns), 187.0
[MAIN_GCs_Count], MinLatency(ns), 187
[MAIN_GCs_Count], MaxLatency(ns), 187
[MAIN_GCs_Count], 95thPercentileLatency(ns), 187
[MAIN_GCs_Count], 99thPercentileLatency(ns), 187
[MAIN_GCs_Time(ms)], Operations, 1
[MAIN_GCs_Time(ms)], AverageLatency(ns), 9217.0
[MAIN_GCs_Time(ms)], MinLatency(ns), 9217
[MAIN_GCs_Time(ms)], MaxLatency(ns), 9217
[MAIN_GCs_Time(ms)], 95thPercentileLatency(ns), 9217
[MAIN_GCs_Time(ms)], 99thPercentileLatency(ns), 9217
[TRANSACTION], Operations, 1
[TRANSACTION], AverageLatency(ns), 1.70397270016E11
[TRANSACTION], MinLatency(ns), 170396745728
[TRANSACTION], MaxLatency(ns), 170397794303
[TRANSACTION], 95thPercentileLatency(ns), 170397794303
[TRANSACTION], 99thPercentileLatency(ns), 170397794303
[GCS_TIME], Operations, 72
[GCS_TIME], AverageLatency(ns), 518.2638888888889
[GCS_TIME], MinLatency(ns), 0
[GCS_TIME], MaxLatency(ns), 733
[GCS_TIME], 95thPercentileLatency(ns), 657
[GCS_TIME], 99thPercentileLatency(ns), 705
[LOAD_GCs_Time(ms)], Operations, 1
[LOAD_GCs_Time(ms)], AverageLatency(ns), 28020.0
[LOAD_GCs_Time(ms)], MinLatency(ns), 28020
[LOAD_GCs_Time(ms)], MaxLatency(ns), 28020
[LOAD_GCs_Time(ms)], 95thPercentileLatency(ns), 28020
[LOAD_GCs_Time(ms)], 99thPercentileLatency(ns), 28020
[READ], Operations, 3000000
[READ], AverageLatency(ns), 806.8918346666667
[READ], MinLatency(ns), 187
[READ], MaxLatency(ns), 27196031
[READ], 95thPercentileLatency(ns), 1881
[READ], 99thPercentileLatency(ns), 2947
[READ], Return=OK, 3000000
[INIT], Operations, 1
[INIT], AverageLatency(ns), 6.62472704E8
[INIT], MinLatency(ns), 662470656
[INIT], MaxLatency(ns), 662474751
[INIT], 95thPercentileLatency(ns), 662474751
[INIT], 99thPercentileLatency(ns), 662474751
[GCS], Operations, 72
[GCS], AverageLatency(ns), 19.375
[GCS], MinLatency(ns), 0
[GCS], MaxLatency(ns), 62
[GCS], 95thPercentileLatency(ns), 50
[GCS], 99thPercentileLatency(ns), 52
[LOAD_GCs_Count], Operations, 1
[LOAD_GCs_Count], AverageLatency(ns), 1205.0
[LOAD_GCs_Count], MinLatency(ns), 1205
[LOAD_GCs_Count], MaxLatency(ns), 1205
[LOAD_GCs_Count], 95thPercentileLatency(ns), 1205
[LOAD_GCs_Count], 99thPercentileLatency(ns), 1205
[CLEANUP], Operations, 1
[CLEANUP], AverageLatency(ns), 57323.0
[CLEANUP], MinLatency(ns), 57323
[CLEANUP], MaxLatency(ns), 57323
[CLEANUP], 95thPercentileLatency(ns), 57323
[CLEANUP], 99thPercentileLatency(ns), 57323
[INSERT], Operations, 1000000
[INSERT], AverageLatency(ns), 65782.266399
[INSERT], MinLatency(ns), 52736
[INSERT], MaxLatency(ns), 140596223
[INSERT], 95thPercentileLatency(ns), 74018
[INSERT], 99thPercentileLatency(ns), 91791
[INSERT], Return=OK, 1000000
[UPDATE], Operations, 1498920
[UPDATE], AverageLatency(ns), 60522.22521949137
[UPDATE], MinLatency(ns), 50044
[UPDATE], MaxLatency(ns), 96870399
[UPDATE], 95thPercentileLatency(ns), 71273
[UPDATE], 99thPercentileLatency(ns), 78522
[UPDATE], Return=OK, 1498920
