/home/anatole/jdk8u/build/linux-x86_64-normal-server-release/jdk/bin/java -Xmx40g -XX:+UseG1GC -classpath /home/anatole/ycsb/conf:/home/anatole/ycsb/core/target/core-0.18.0-SNAPSHOT.jar:/home/anatole/ycsb/core/target/dependency/HdrHistogram-2.1.4.jar:/home/anatole/ycsb/core/target/dependency/guava-18.0.jar:/home/anatole/ycsb/core/target/dependency/htrace-core4-4.1.0-incubating.jar:/home/anatole/ycsb/core/target/dependency/jackson-core-asl-1.9.4.jar:/home/anatole/ycsb/core/target/dependency/jackson-mapper-asl-1.9.4.jar:/home/anatole/ycsb/core/target/dependency/javax.persistence-api-2.2.jar:/home/anatole/ycsb/core/target/dependency/jnvm-1.0-SNAPSHOT.jar:/home/anatole/ycsb/core/target/dependency/pcj-1.0.jar:/home/anatole/ycsb/core/target/dependency/unsafe-helper-1.0.jar:/home/anatole/ycsb/infinispan/src/main/conf:/home/anatole/ycsb/infinispan/target/infinispan-binding-0.18.0-SNAPSHOT.jar:/home/anatole/ycsb/infinispan/target/dependency/caffeine-2.6.2.jar:/home/anatole/ycsb/infinispan/target/dependency/gson-2.8.2.jar:/home/anatole/ycsb/infinispan/target/dependency/guava-18.0.jar:/home/anatole/ycsb/infinispan/target/dependency/infinispan-cachestore-jnvm-1.0-SNAPSHOT.jar:/home/anatole/ycsb/infinispan/target/dependency/infinispan-cachestore-pcj-1.0-SNAPSHOT.jar:/home/anatole/ycsb/infinispan/target/dependency/infinispan-client-hotrod-9.4.20.Final.jar:/home/anatole/ycsb/infinispan/target/dependency/infinispan-commons-9.4.20.Final.jar:/home/anatole/ycsb/infinispan/target/dependency/infinispan-core-9.4.20.Final.jar:/home/anatole/ycsb/infinispan/target/dependency/infinispan-persistence-soft-index-9.4.20.Final.jar:/home/anatole/ycsb/infinispan/target/dependency/javax.persistence-api-2.2.jar:/home/anatole/ycsb/infinispan/target/dependency/jboss-logging-3.3.2.Final.jar:/home/anatole/ycsb/infinispan/target/dependency/jboss-marshalling-osgi-2.0.6.Final.jar:/home/anatole/ycsb/infinispan/target/dependency/jboss-transaction-api_1.2_spec-1.1.1.Final.jar:/home/anatole/ycsb/infinispan/target/dependency/jgroups-4.0.21.Final.jar:/home/anatole/ycsb/infinispan/target/dependency/jnvm-1.0-SNAPSHOT.jar:/home/anatole/ycsb/infinispan/target/dependency/metainf-services-1.7.jar:/home/anatole/ycsb/infinispan/target/dependency/netty-buffer-4.1.51.Final.jar:/home/anatole/ycsb/infinispan/target/dependency/netty-codec-4.1.51.Final.jar:/home/anatole/ycsb/infinispan/target/dependency/netty-common-4.1.51.Final.jar:/home/anatole/ycsb/infinispan/target/dependency/netty-handler-4.1.51.Final.jar:/home/anatole/ycsb/infinispan/target/dependency/netty-resolver-4.1.51.Final.jar:/home/anatole/ycsb/infinispan/target/dependency/netty-transport-4.1.51.Final.jar:/home/anatole/ycsb/infinispan/target/dependency/netty-transport-native-epoll-4.1.51.Final-linux-x86_64.jar:/home/anatole/ycsb/infinispan/target/dependency/netty-transport-native-unix-common-4.1.51.Final.jar:/home/anatole/ycsb/infinispan/target/dependency/pcj-1.0.jar:/home/anatole/ycsb/infinispan/target/dependency/reactive-streams-1.0.2.jar:/home/anatole/ycsb/infinispan/target/dependency/rxjava-2.2.4.jar:/home/anatole/ycsb/infinispan/target/dependency/unsafe-helper-1.0.jar site.ycsb.Client -t -db site.ycsb.db.InfinispanClient -P ../workloads/workloadf -preload -s -threads 1 -p dataintegrity=true -p offheap=false -p recordcount=1000000 -p operationcount=3000000 -p fieldcount=10 -p fieldlength=300 -p requestdistribution=zipfian -p measurement.trackjvm=true -p measurementtype=hdrhistogram -p hdrhistogram.output.path=./out/exp7.marshalling.ref/log/infinispan.run.workloadf.true.1000000.1000000.10.300.zipfian.1.false.true.default.default.pmem0.r4.hdr.log
[OVERALL], RunTime(ms), 165662
[OVERALL], Throughput(ops/sec), 24145.549371612076
[TOTAL_GCS_G1_Young_Generation], Count, 152
[TOTAL_GC_TIME_G1_Young_Generation], Time(ms), 8356
[TOTAL_GC_TIME_%_G1_Young_Generation], Time(%), 5.044005263729763
[TOTAL_GCS_G1_Old_Generation], Count, 0
[TOTAL_GC_TIME_G1_Old_Generation], Time(ms), 0
[TOTAL_GC_TIME_%_G1_Old_Generation], Time(%), 0.0
[TOTAL_GCs], Count, 152
[TOTAL_GC_TIME], Time(ms), 8356
[TOTAL_GC_TIME_%], Time(%), 5.044005263729763
[MAX_MEM_USED], MBs, 12445
[MIN_MEM_USED], MBs, 54
[MAX_THREADS], Count, 7
[MIN_THREADS], Count, 3
[MAX_SYS_LOAD_AVG], Load, 5.31
[MIN_SYS_LOAD_AVG], Load, 2.37
[THREAD_COUNT], Operations, 18
[THREAD_COUNT], AverageLatency(ns), 6.055555555555555
[THREAD_COUNT], MinLatency(ns), 3
[THREAD_COUNT], MaxLatency(ns), 7
[THREAD_COUNT], 95thPercentileLatency(ns), 7
[THREAD_COUNT], 99thPercentileLatency(ns), 7
[SYS_LOAD_AVG], Operations, 18
[SYS_LOAD_AVG], AverageLatency(ns), 3.3333333333333335
[SYS_LOAD_AVG], MinLatency(ns), 2
[SYS_LOAD_AVG], MaxLatency(ns), 5
[SYS_LOAD_AVG], 95thPercentileLatency(ns), 5
[SYS_LOAD_AVG], 99thPercentileLatency(ns), 5
[READ-MODIFY-WRITE], Operations, 1500056
[READ-MODIFY-WRITE], AverageLatency(ns), 37233.84195323374
[READ-MODIFY-WRITE], MinLatency(ns), 28671
[READ-MODIFY-WRITE], MaxLatency(ns), 238968831
[READ-MODIFY-WRITE], 95thPercentileLatency(ns), 44312
[READ-MODIFY-WRITE], 99thPercentileLatency(ns), 52725
[LOAD], Operations, 1
[LOAD], AverageLatency(ns), 9.796714496E10
[LOAD], MinLatency(ns), 97966882816
[LOAD], MaxLatency(ns), 97967407103
[LOAD], 95thPercentileLatency(ns), 97967407103
[LOAD], 99thPercentileLatency(ns), 97967407103
[USED_MEM_MB], Operations, 18
[USED_MEM_MB], AverageLatency(ns), 7627.944444444444
[USED_MEM_MB], MinLatency(ns), 54
[USED_MEM_MB], MaxLatency(ns), 12445
[USED_MEM_MB], 95thPercentileLatency(ns), 11584
[USED_MEM_MB], 99thPercentileLatency(ns), 12445
[MAIN_GCs_Count], Operations, 1
[MAIN_GCs_Count], AverageLatency(ns), 27.0
[MAIN_GCs_Count], MinLatency(ns), 27
[MAIN_GCs_Count], MaxLatency(ns), 27
[MAIN_GCs_Count], 95thPercentileLatency(ns), 27
[MAIN_GCs_Count], 99thPercentileLatency(ns), 27
[MAIN_GCs_Time(ms)], Operations, 1
[MAIN_GCs_Time(ms)], AverageLatency(ns), 1914.0
[MAIN_GCs_Time(ms)], MinLatency(ns), 1914
[MAIN_GCs_Time(ms)], MaxLatency(ns), 1914
[MAIN_GCs_Time(ms)], 95thPercentileLatency(ns), 1914
[MAIN_GCs_Time(ms)], 99thPercentileLatency(ns), 1914
[TRANSACTION], Operations, 1
[TRANSACTION], AverageLatency(ns), 6.6972155904E10
[TRANSACTION], MinLatency(ns), 66972024832
[TRANSACTION], MaxLatency(ns), 66972286975
[TRANSACTION], 95thPercentileLatency(ns), 66972286975
[TRANSACTION], 99thPercentileLatency(ns), 66972286975
[GCS_TIME], Operations, 18
[GCS_TIME], AverageLatency(ns), 464.22222222222223
[GCS_TIME], MinLatency(ns), 0
[GCS_TIME], MaxLatency(ns), 855
[GCS_TIME], 95thPercentileLatency(ns), 813
[GCS_TIME], 99thPercentileLatency(ns), 855
[LOAD_GCs_Time(ms)], Operations, 1
[LOAD_GCs_Time(ms)], AverageLatency(ns), 6414.0
[LOAD_GCs_Time(ms)], MinLatency(ns), 6414
[LOAD_GCs_Time(ms)], MaxLatency(ns), 6414
[LOAD_GCs_Time(ms)], 95thPercentileLatency(ns), 6414
[LOAD_GCs_Time(ms)], 99thPercentileLatency(ns), 6414
[READ], Operations, 3000000
[READ], AverageLatency(ns), 713.8945043333333
[READ], MinLatency(ns), 204
[READ], MaxLatency(ns), 1518815
[READ], 95thPercentileLatency(ns), 1630
[READ], 99thPercentileLatency(ns), 2487
[READ], Return=OK, 3000000
[INIT], Operations, 1
[INIT], AverageLatency(ns), 6.6681856E8
[INIT], MinLatency(ns), 666816512
[INIT], MaxLatency(ns), 666820607
[INIT], 95thPercentileLatency(ns), 666820607
[INIT], 99thPercentileLatency(ns), 666820607
[GCS], Operations, 18
[GCS], AverageLatency(ns), 8.444444444444445
[GCS], MinLatency(ns), 0
[GCS], MaxLatency(ns), 32
[GCS], 95thPercentileLatency(ns), 31
[GCS], 99thPercentileLatency(ns), 32
[LOAD_GCs_Count], Operations, 1
[LOAD_GCs_Count], AverageLatency(ns), 123.0
[LOAD_GCs_Count], MinLatency(ns), 123
[LOAD_GCs_Count], MaxLatency(ns), 123
[LOAD_GCs_Count], 95thPercentileLatency(ns), 123
[LOAD_GCs_Count], 99thPercentileLatency(ns), 123
[CLEANUP], Operations, 1
[CLEANUP], AverageLatency(ns), 14791.0
[CLEANUP], MinLatency(ns), 14791
[CLEANUP], MaxLatency(ns), 14791
[CLEANUP], 95thPercentileLatency(ns), 14791
[CLEANUP], 99thPercentileLatency(ns), 14791
[INSERT], Operations, 1000000
[INSERT], AverageLatency(ns), 43739.040422
[INSERT], MinLatency(ns), 32238
[INSERT], MaxLatency(ns), 239938559
[INSERT], 95thPercentileLatency(ns), 47659
[INSERT], 99thPercentileLatency(ns), 61893
[INSERT], Return=OK, 1000000
[UPDATE], Operations, 1500056
[UPDATE], AverageLatency(ns), 35933.49837939384
[UPDATE], MinLatency(ns), 27842
[UPDATE], MaxLatency(ns), 130956799
[UPDATE], 95thPercentileLatency(ns), 42869
[UPDATE], 99thPercentileLatency(ns), 51034
[UPDATE], Return=OK, 1500056
