/home/anatole/jdk8u/build/linux-x86_64-normal-server-release/jdk/bin/java -Xmx40g -XX:+UseG1GC -classpath /home/anatole/ycsb/conf:/home/anatole/ycsb/core/target/core-0.18.0-SNAPSHOT.jar:/home/anatole/ycsb/core/target/dependency/HdrHistogram-2.1.4.jar:/home/anatole/ycsb/core/target/dependency/guava-18.0.jar:/home/anatole/ycsb/core/target/dependency/htrace-core4-4.1.0-incubating.jar:/home/anatole/ycsb/core/target/dependency/jackson-core-asl-1.9.4.jar:/home/anatole/ycsb/core/target/dependency/jackson-mapper-asl-1.9.4.jar:/home/anatole/ycsb/core/target/dependency/javax.persistence-api-2.2.jar:/home/anatole/ycsb/core/target/dependency/jnvm-1.0-SNAPSHOT.jar:/home/anatole/ycsb/core/target/dependency/pcj-1.0.jar:/home/anatole/ycsb/core/target/dependency/unsafe-helper-1.0.jar:/home/anatole/ycsb/infinispan/src/main/conf:/home/anatole/ycsb/infinispan/target/infinispan-binding-0.18.0-SNAPSHOT.jar:/home/anatole/ycsb/infinispan/target/dependency/caffeine-2.6.2.jar:/home/anatole/ycsb/infinispan/target/dependency/gson-2.8.2.jar:/home/anatole/ycsb/infinispan/target/dependency/guava-18.0.jar:/home/anatole/ycsb/infinispan/target/dependency/infinispan-cachestore-jnvm-1.0-SNAPSHOT.jar:/home/anatole/ycsb/infinispan/target/dependency/infinispan-cachestore-pcj-1.0-SNAPSHOT.jar:/home/anatole/ycsb/infinispan/target/dependency/infinispan-client-hotrod-9.4.20.Final.jar:/home/anatole/ycsb/infinispan/target/dependency/infinispan-commons-9.4.20.Final.jar:/home/anatole/ycsb/infinispan/target/dependency/infinispan-core-9.4.20.Final.jar:/home/anatole/ycsb/infinispan/target/dependency/infinispan-persistence-soft-index-9.4.20.Final.jar:/home/anatole/ycsb/infinispan/target/dependency/javax.persistence-api-2.2.jar:/home/anatole/ycsb/infinispan/target/dependency/jboss-logging-3.3.2.Final.jar:/home/anatole/ycsb/infinispan/target/dependency/jboss-marshalling-osgi-2.0.6.Final.jar:/home/anatole/ycsb/infinispan/target/dependency/jboss-transaction-api_1.2_spec-1.1.1.Final.jar:/home/anatole/ycsb/infinispan/target/dependency/jgroups-4.0.21.Final.jar:/home/anatole/ycsb/infinispan/target/dependency/jnvm-1.0-SNAPSHOT.jar:/home/anatole/ycsb/infinispan/target/dependency/metainf-services-1.7.jar:/home/anatole/ycsb/infinispan/target/dependency/netty-buffer-4.1.51.Final.jar:/home/anatole/ycsb/infinispan/target/dependency/netty-codec-4.1.51.Final.jar:/home/anatole/ycsb/infinispan/target/dependency/netty-common-4.1.51.Final.jar:/home/anatole/ycsb/infinispan/target/dependency/netty-handler-4.1.51.Final.jar:/home/anatole/ycsb/infinispan/target/dependency/netty-resolver-4.1.51.Final.jar:/home/anatole/ycsb/infinispan/target/dependency/netty-transport-4.1.51.Final.jar:/home/anatole/ycsb/infinispan/target/dependency/netty-transport-native-epoll-4.1.51.Final-linux-x86_64.jar:/home/anatole/ycsb/infinispan/target/dependency/netty-transport-native-unix-common-4.1.51.Final.jar:/home/anatole/ycsb/infinispan/target/dependency/pcj-1.0.jar:/home/anatole/ycsb/infinispan/target/dependency/reactive-streams-1.0.2.jar:/home/anatole/ycsb/infinispan/target/dependency/rxjava-2.2.4.jar:/home/anatole/ycsb/infinispan/target/dependency/unsafe-helper-1.0.jar site.ycsb.Client -t -db site.ycsb.db.InfinispanClient -P ../workloads/workloadf -preload -s -threads 1 -p dataintegrity=true -p offheap=false -p recordcount=1000000 -p operationcount=3000000 -p fieldcount=10 -p fieldlength=1000 -p requestdistribution=zipfian -p measurement.trackjvm=true -p measurementtype=hdrhistogram -p hdrhistogram.output.path=./out/exp7.marshalling.ref/log/infinispan.run.workloadf.true.1000000.1000000.10.1000.zipfian.1.false.true.default.default.tmpfs.r4.hdr.log
[OVERALL], RunTime(ms), 748285
[OVERALL], Throughput(ops/sec), 5345.556839974074
[TOTAL_GCS_G1_Young_Generation], Count, 1666
[TOTAL_GC_TIME_G1_Young_Generation], Time(ms), 44410
[TOTAL_GC_TIME_%_G1_Young_Generation], Time(%), 5.934904481581215
[TOTAL_GCS_G1_Old_Generation], Count, 0
[TOTAL_GC_TIME_G1_Old_Generation], Time(ms), 0
[TOTAL_GC_TIME_%_G1_Old_Generation], Time(%), 0.0
[TOTAL_GCs], Count, 1666
[TOTAL_GC_TIME], Time(ms), 44410
[TOTAL_GC_TIME_%], Time(%), 5.934904481581215
[MAX_MEM_USED], MBs, 25666
[MIN_MEM_USED], MBs, 54
[MAX_THREADS], Count, 7
[MIN_THREADS], Count, 3
[MAX_SYS_LOAD_AVG], Load, 7.45
[MIN_SYS_LOAD_AVG], Load, 1.4
[THREAD_COUNT], Operations, 76
[THREAD_COUNT], AverageLatency(ns), 5.25
[THREAD_COUNT], MinLatency(ns), 3
[THREAD_COUNT], MaxLatency(ns), 7
[THREAD_COUNT], 95thPercentileLatency(ns), 7
[THREAD_COUNT], 99thPercentileLatency(ns), 7
[SYS_LOAD_AVG], Operations, 76
[SYS_LOAD_AVG], AverageLatency(ns), 3.210526315789474
[SYS_LOAD_AVG], MinLatency(ns), 1
[SYS_LOAD_AVG], MaxLatency(ns), 7
[SYS_LOAD_AVG], 95thPercentileLatency(ns), 6
[SYS_LOAD_AVG], 99thPercentileLatency(ns), 6
[READ-MODIFY-WRITE], Operations, 1499679
[READ-MODIFY-WRITE], AverageLatency(ns), 73761.81983411117
[READ-MODIFY-WRITE], MinLatency(ns), 55222
[READ-MODIFY-WRITE], MaxLatency(ns), 203430911
[READ-MODIFY-WRITE], 95thPercentileLatency(ns), 84563
[READ-MODIFY-WRITE], 99thPercentileLatency(ns), 94258
[LOAD], Operations, 1
[LOAD], AverageLatency(ns), 5.54300342272E11
[LOAD], MinLatency(ns), 554298245120
[LOAD], MaxLatency(ns), 554302439423
[LOAD], 95thPercentileLatency(ns), 554302439423
[LOAD], 99thPercentileLatency(ns), 554302439423
[USED_MEM_MB], Operations, 76
[USED_MEM_MB], AverageLatency(ns), 15738.776315789473
[USED_MEM_MB], MinLatency(ns), 54
[USED_MEM_MB], MaxLatency(ns), 25666
[USED_MEM_MB], 95thPercentileLatency(ns), 25132
[USED_MEM_MB], 99thPercentileLatency(ns), 25599
[MAIN_GCs_Count], Operations, 1
[MAIN_GCs_Count], AverageLatency(ns), 200.0
[MAIN_GCs_Count], MinLatency(ns), 200
[MAIN_GCs_Count], MaxLatency(ns), 200
[MAIN_GCs_Count], 95thPercentileLatency(ns), 200
[MAIN_GCs_Count], 99thPercentileLatency(ns), 200
[MAIN_GCs_Time(ms)], Operations, 1
[MAIN_GCs_Time(ms)], AverageLatency(ns), 12104.0
[MAIN_GCs_Time(ms)], MinLatency(ns), 12104
[MAIN_GCs_Time(ms)], MaxLatency(ns), 12104
[MAIN_GCs_Time(ms)], 95thPercentileLatency(ns), 12104
[MAIN_GCs_Time(ms)], 99thPercentileLatency(ns), 12104
[TRANSACTION], Operations, 1
[TRANSACTION], AverageLatency(ns), 1.93141932032E11
[TRANSACTION], MinLatency(ns), 193141407744
[TRANSACTION], MaxLatency(ns), 193142456319
[TRANSACTION], 95thPercentileLatency(ns), 193142456319
[TRANSACTION], 99thPercentileLatency(ns), 193142456319
[GCS_TIME], Operations, 76
[GCS_TIME], AverageLatency(ns), 584.3421052631579
[GCS_TIME], MinLatency(ns), 0
[GCS_TIME], MaxLatency(ns), 762
[GCS_TIME], 95thPercentileLatency(ns), 735
[GCS_TIME], 99thPercentileLatency(ns), 760
[LOAD_GCs_Time(ms)], Operations, 1
[LOAD_GCs_Time(ms)], AverageLatency(ns), 32209.0
[LOAD_GCs_Time(ms)], MinLatency(ns), 32209
[LOAD_GCs_Time(ms)], MaxLatency(ns), 32209
[LOAD_GCs_Time(ms)], 95thPercentileLatency(ns), 32209
[LOAD_GCs_Time(ms)], 99thPercentileLatency(ns), 32209
[READ], Operations, 3000000
[READ], AverageLatency(ns), 951.0421863333333
[READ], MinLatency(ns), 208
[READ], MaxLatency(ns), 23811583
[READ], 95thPercentileLatency(ns), 2236
[READ], 99thPercentileLatency(ns), 3935
[READ], Return=OK, 3000000
[INIT], Operations, 1
[INIT], AverageLatency(ns), 6.9170176E8
[INIT], MinLatency(ns), 691699712
[INIT], MaxLatency(ns), 691703807
[INIT], 95thPercentileLatency(ns), 691703807
[INIT], 99thPercentileLatency(ns), 691703807
[GCS], Operations, 76
[GCS], AverageLatency(ns), 21.92105263157895
[GCS], MinLatency(ns), 0
[GCS], MaxLatency(ns), 52
[GCS], 95thPercentileLatency(ns), 49
[GCS], 99thPercentileLatency(ns), 51
[LOAD_GCs_Count], Operations, 1
[LOAD_GCs_Count], AverageLatency(ns), 1463.0
[LOAD_GCs_Count], MinLatency(ns), 1463
[LOAD_GCs_Count], MaxLatency(ns), 1463
[LOAD_GCs_Count], 95thPercentileLatency(ns), 1463
[LOAD_GCs_Count], 99thPercentileLatency(ns), 1463
[CLEANUP], Operations, 1
[CLEANUP], AverageLatency(ns), 29229.0
[CLEANUP], MinLatency(ns), 29229
[CLEANUP], MaxLatency(ns), 29229
[CLEANUP], 95thPercentileLatency(ns), 29229
[CLEANUP], 99thPercentileLatency(ns), 29229
[INSERT], Operations, 1000000
[INSERT], AverageLatency(ns), 73668.302003
[INSERT], MinLatency(ns), 56085
[INSERT], MaxLatency(ns), 94196735
[INSERT], 95thPercentileLatency(ns), 84992
[INSERT], 99thPercentileLatency(ns), 105396
[INSERT], Return=OK, 1000000
[UPDATE], Operations, 1499679
[UPDATE], AverageLatency(ns), 71203.02974303167
[UPDATE], MinLatency(ns), 54318
[UPDATE], MaxLatency(ns), 141328383
[UPDATE], 95thPercentileLatency(ns), 82679
[UPDATE], 99thPercentileLatency(ns), 92140
[UPDATE], Return=OK, 1499679
