/home/anatole/jdk8u/build/linux-x86_64-normal-server-release/jdk/bin/java -Xmx100g -XX:+UseG1GC -XX:InitiatingHeapOccupancyPercent=15 -classpath /home/anatole/ycsb/conf:/home/anatole/ycsb/core/target/core-0.18.0-SNAPSHOT.jar:/home/anatole/ycsb/core/target/dependency/HdrHistogram-2.1.4.jar:/home/anatole/ycsb/core/target/dependency/guava-18.0.jar:/home/anatole/ycsb/core/target/dependency/htrace-core4-4.1.0-incubating.jar:/home/anatole/ycsb/core/target/dependency/jackson-core-asl-1.9.4.jar:/home/anatole/ycsb/core/target/dependency/jackson-mapper-asl-1.9.4.jar:/home/anatole/ycsb/core/target/dependency/javax.persistence-api-2.2.jar:/home/anatole/ycsb/core/target/dependency/jnvm-1.0-SNAPSHOT.jar:/home/anatole/ycsb/core/target/dependency/pcj-1.0.jar:/home/anatole/ycsb/core/target/dependency/unsafe-helper-1.0.jar:/home/anatole/ycsb/infinispan/src/main/conf:/home/anatole/ycsb/infinispan/target/infinispan-binding-0.18.0-SNAPSHOT.jar:/home/anatole/ycsb/infinispan/target/dependency/caffeine-2.6.2.jar:/home/anatole/ycsb/infinispan/target/dependency/gson-2.8.2.jar:/home/anatole/ycsb/infinispan/target/dependency/guava-18.0.jar:/home/anatole/ycsb/infinispan/target/dependency/infinispan-cachestore-jnvm-1.0-SNAPSHOT.jar:/home/anatole/ycsb/infinispan/target/dependency/infinispan-cachestore-pcj-1.0-SNAPSHOT.jar:/home/anatole/ycsb/infinispan/target/dependency/infinispan-client-hotrod-9.4.20.Final.jar:/home/anatole/ycsb/infinispan/target/dependency/infinispan-commons-9.4.20.Final.jar:/home/anatole/ycsb/infinispan/target/dependency/infinispan-core-9.4.20.Final.jar:/home/anatole/ycsb/infinispan/target/dependency/infinispan-persistence-soft-index-9.4.20.Final.jar:/home/anatole/ycsb/infinispan/target/dependency/javax.persistence-api-2.2.jar:/home/anatole/ycsb/infinispan/target/dependency/jboss-logging-3.3.2.Final.jar:/home/anatole/ycsb/infinispan/target/dependency/jboss-marshalling-osgi-2.0.6.Final.jar:/home/anatole/ycsb/infinispan/target/dependency/jboss-transaction-api_1.2_spec-1.1.1.Final.jar:/home/anatole/ycsb/infinispan/target/dependency/jgroups-4.0.21.Final.jar:/home/anatole/ycsb/infinispan/target/dependency/jnvm-1.0-SNAPSHOT.jar:/home/anatole/ycsb/infinispan/target/dependency/metainf-services-1.7.jar:/home/anatole/ycsb/infinispan/target/dependency/netty-buffer-4.1.51.Final.jar:/home/anatole/ycsb/infinispan/target/dependency/netty-codec-4.1.51.Final.jar:/home/anatole/ycsb/infinispan/target/dependency/netty-common-4.1.51.Final.jar:/home/anatole/ycsb/infinispan/target/dependency/netty-handler-4.1.51.Final.jar:/home/anatole/ycsb/infinispan/target/dependency/netty-resolver-4.1.51.Final.jar:/home/anatole/ycsb/infinispan/target/dependency/netty-transport-4.1.51.Final.jar:/home/anatole/ycsb/infinispan/target/dependency/netty-transport-native-epoll-4.1.51.Final-linux-x86_64.jar:/home/anatole/ycsb/infinispan/target/dependency/netty-transport-native-unix-common-4.1.51.Final.jar:/home/anatole/ycsb/infinispan/target/dependency/pcj-1.0.jar:/home/anatole/ycsb/infinispan/target/dependency/reactive-streams-1.0.2.jar:/home/anatole/ycsb/infinispan/target/dependency/rxjava-2.2.4.jar:/home/anatole/ycsb/infinispan/target/dependency/unsafe-helper-1.0.jar site.ycsb.Client -t -db site.ycsb.db.InfinispanClient -P ../workloads/workloadf -preload -s -threads 1 -p dataintegrity=true -p offheap=false -p recordcount=1000000 -p operationcount=3000000 -p fieldcount=10 -p fieldlength=200 -p requestdistribution=zipfian -p measurement.trackjvm=true -p measurementtype=hdrhistogram -p hdrhistogram.output.path=./out/exp7.marshalling.ref/log/infinispan.run.workloadf.true.1000000.1000000.10.200.zipfian.1.false.true.default.default.none.r11.hdr.log
[OVERALL], RunTime(ms), 49670
[OVERALL], Throughput(ops/sec), 80531.50795248641
[TOTAL_GCS_G1_Young_Generation], Count, 32
[TOTAL_GC_TIME_G1_Young_Generation], Time(ms), 3609
[TOTAL_GC_TIME_%_G1_Young_Generation], Time(%), 7.265955305013086
[TOTAL_GCS_G1_Old_Generation], Count, 0
[TOTAL_GC_TIME_G1_Old_Generation], Time(ms), 0
[TOTAL_GC_TIME_%_G1_Old_Generation], Time(%), 0.0
[TOTAL_GCs], Count, 32
[TOTAL_GC_TIME], Time(ms), 3609
[TOTAL_GC_TIME_%], Time(%), 7.265955305013086
[MAX_MEM_USED], MBs, 11814
[MIN_MEM_USED], MBs, 54
[MAX_THREADS], Count, 6
[MIN_THREADS], Count, 3
[MAX_SYS_LOAD_AVG], Load, 3.4
[MIN_SYS_LOAD_AVG], Load, 2.37
[THREAD_COUNT], Operations, 6
[THREAD_COUNT], AverageLatency(ns), 5.333333333333333
[THREAD_COUNT], MinLatency(ns), 3
[THREAD_COUNT], MaxLatency(ns), 6
[THREAD_COUNT], 95thPercentileLatency(ns), 6
[THREAD_COUNT], 99thPercentileLatency(ns), 6
[SYS_LOAD_AVG], Operations, 6
[SYS_LOAD_AVG], AverageLatency(ns), 2.3333333333333335
[SYS_LOAD_AVG], MinLatency(ns), 2
[SYS_LOAD_AVG], MaxLatency(ns), 3
[SYS_LOAD_AVG], 95thPercentileLatency(ns), 3
[SYS_LOAD_AVG], 99thPercentileLatency(ns), 3
[READ-MODIFY-WRITE], Operations, 1500434
[READ-MODIFY-WRITE], AverageLatency(ns), 4002.0048366006104
[READ-MODIFY-WRITE], MinLatency(ns), 1364
[READ-MODIFY-WRITE], MaxLatency(ns), 29195391
[READ-MODIFY-WRITE], 95thPercentileLatency(ns), 7586
[READ-MODIFY-WRITE], 99thPercentileLatency(ns), 9386
[LOAD], Operations, 1
[LOAD], AverageLatency(ns), 3.5341074432E10
[LOAD], MinLatency(ns), 35340943360
[LOAD], MaxLatency(ns), 35341205503
[LOAD], 95thPercentileLatency(ns), 35341205503
[LOAD], 99thPercentileLatency(ns), 35341205503
[USED_MEM_MB], Operations, 6
[USED_MEM_MB], AverageLatency(ns), 6441.833333333333
[USED_MEM_MB], MinLatency(ns), 54
[USED_MEM_MB], MaxLatency(ns), 11814
[USED_MEM_MB], 95thPercentileLatency(ns), 11814
[USED_MEM_MB], 99thPercentileLatency(ns), 11814
[MAIN_GCs_Count], Operations, 1
[MAIN_GCs_Count], AverageLatency(ns), 4.0
[MAIN_GCs_Count], MinLatency(ns), 4
[MAIN_GCs_Count], MaxLatency(ns), 4
[MAIN_GCs_Count], 95thPercentileLatency(ns), 4
[MAIN_GCs_Count], 99thPercentileLatency(ns), 4
[MAIN_GCs_Time(ms)], Operations, 1
[MAIN_GCs_Time(ms)], AverageLatency(ns), 596.0
[MAIN_GCs_Time(ms)], MinLatency(ns), 596
[MAIN_GCs_Time(ms)], MaxLatency(ns), 596
[MAIN_GCs_Time(ms)], 95thPercentileLatency(ns), 596
[MAIN_GCs_Time(ms)], 99thPercentileLatency(ns), 596
[TRANSACTION], Operations, 1
[TRANSACTION], AverageLatency(ns), 1.3606682624E10
[TRANSACTION], MinLatency(ns), 13606649856
[TRANSACTION], MaxLatency(ns), 13606715391
[TRANSACTION], 95thPercentileLatency(ns), 13606715391
[TRANSACTION], 99thPercentileLatency(ns), 13606715391
[GCS_TIME], Operations, 6
[GCS_TIME], AverageLatency(ns), 601.5
[GCS_TIME], MinLatency(ns), 0
[GCS_TIME], MaxLatency(ns), 1109
[GCS_TIME], 95thPercentileLatency(ns), 1109
[GCS_TIME], 99thPercentileLatency(ns), 1109
[LOAD_GCs_Time(ms)], Operations, 1
[LOAD_GCs_Time(ms)], AverageLatency(ns), 2982.0
[LOAD_GCs_Time(ms)], MinLatency(ns), 2982
[LOAD_GCs_Time(ms)], MaxLatency(ns), 2982
[LOAD_GCs_Time(ms)], 95thPercentileLatency(ns), 2982
[LOAD_GCs_Time(ms)], 99thPercentileLatency(ns), 2982
[READ], Operations, 3000000
[READ], AverageLatency(ns), 957.6298056666667
[READ], MinLatency(ns), 157
[READ], MaxLatency(ns), 2114143
[READ], 95thPercentileLatency(ns), 2650
[READ], 99thPercentileLatency(ns), 4823
[READ], Return=OK, 3000000
[INIT], Operations, 1
[INIT], AverageLatency(ns), 6.1963264E8
[INIT], MinLatency(ns), 619630592
[INIT], MaxLatency(ns), 619634687
[INIT], 95thPercentileLatency(ns), 619634687
[INIT], 99thPercentileLatency(ns), 619634687
[GCS], Operations, 6
[GCS], AverageLatency(ns), 5.333333333333333
[GCS], MinLatency(ns), 0
[GCS], MaxLatency(ns), 17
[GCS], 95thPercentileLatency(ns), 17
[GCS], 99thPercentileLatency(ns), 17
[LOAD_GCs_Count], Operations, 1
[LOAD_GCs_Count], AverageLatency(ns), 26.0
[LOAD_GCs_Count], MinLatency(ns), 26
[LOAD_GCs_Count], MaxLatency(ns), 26
[LOAD_GCs_Count], 95thPercentileLatency(ns), 26
[LOAD_GCs_Count], 99thPercentileLatency(ns), 26
[CLEANUP], Operations, 1
[CLEANUP], AverageLatency(ns), 18088.0
[CLEANUP], MinLatency(ns), 18088
[CLEANUP], MaxLatency(ns), 18088
[CLEANUP], 95thPercentileLatency(ns), 18088
[CLEANUP], 99thPercentileLatency(ns), 18088
[INSERT], Operations, 1000000
[INSERT], AverageLatency(ns), 2833.12776
[INSERT], MinLatency(ns), 1158
[INSERT], MaxLatency(ns), 162604031
[INSERT], 95thPercentileLatency(ns), 3362
[INSERT], 99thPercentileLatency(ns), 5543
[INSERT], Return=OK, 1000000
[UPDATE], Operations, 1500434
[UPDATE], AverageLatency(ns), 2724.789672854654
[UPDATE], MinLatency(ns), 931
[UPDATE], MaxLatency(ns), 717335
[UPDATE], 95thPercentileLatency(ns), 6014
[UPDATE], 99thPercentileLatency(ns), 7543
[UPDATE], Return=OK, 1500434
