/home/anatole/jdk8u/build/linux-x86_64-normal-server-release/jdk/bin/java -Xmx20g -XX:+UseG1GC -classpath /home/anatole/ycsb/conf:/home/anatole/ycsb/core/target/core-0.18.0-SNAPSHOT.jar:/home/anatole/ycsb/core/target/dependency/HdrHistogram-2.1.4.jar:/home/anatole/ycsb/core/target/dependency/guava-18.0.jar:/home/anatole/ycsb/core/target/dependency/htrace-core4-4.1.0-incubating.jar:/home/anatole/ycsb/core/target/dependency/jackson-core-asl-1.9.4.jar:/home/anatole/ycsb/core/target/dependency/jackson-mapper-asl-1.9.4.jar:/home/anatole/ycsb/core/target/dependency/javax.persistence-api-2.2.jar:/home/anatole/ycsb/core/target/dependency/jnvm-1.0-SNAPSHOT.jar:/home/anatole/ycsb/core/target/dependency/pcj-1.0.jar:/home/anatole/ycsb/core/target/dependency/unsafe-helper-1.0.jar:/home/anatole/ycsb/infinispan/src/main/conf:/home/anatole/ycsb/infinispan/target/infinispan-binding-0.18.0-SNAPSHOT.jar:/home/anatole/ycsb/infinispan/target/dependency/caffeine-2.6.2.jar:/home/anatole/ycsb/infinispan/target/dependency/gson-2.8.2.jar:/home/anatole/ycsb/infinispan/target/dependency/guava-18.0.jar:/home/anatole/ycsb/infinispan/target/dependency/infinispan-cachestore-jnvm-1.0-SNAPSHOT.jar:/home/anatole/ycsb/infinispan/target/dependency/infinispan-cachestore-pcj-1.0-SNAPSHOT.jar:/home/anatole/ycsb/infinispan/target/dependency/infinispan-client-hotrod-9.4.20.Final.jar:/home/anatole/ycsb/infinispan/target/dependency/infinispan-commons-9.4.20.Final.jar:/home/anatole/ycsb/infinispan/target/dependency/infinispan-core-9.4.20.Final.jar:/home/anatole/ycsb/infinispan/target/dependency/infinispan-persistence-soft-index-9.4.20.Final.jar:/home/anatole/ycsb/infinispan/target/dependency/javax.persistence-api-2.2.jar:/home/anatole/ycsb/infinispan/target/dependency/jboss-logging-3.3.2.Final.jar:/home/anatole/ycsb/infinispan/target/dependency/jboss-marshalling-osgi-2.0.6.Final.jar:/home/anatole/ycsb/infinispan/target/dependency/jboss-transaction-api_1.2_spec-1.1.1.Final.jar:/home/anatole/ycsb/infinispan/target/dependency/jgroups-4.0.21.Final.jar:/home/anatole/ycsb/infinispan/target/dependency/jnvm-1.0-SNAPSHOT.jar:/home/anatole/ycsb/infinispan/target/dependency/metainf-services-1.7.jar:/home/anatole/ycsb/infinispan/target/dependency/netty-buffer-4.1.51.Final.jar:/home/anatole/ycsb/infinispan/target/dependency/netty-codec-4.1.51.Final.jar:/home/anatole/ycsb/infinispan/target/dependency/netty-common-4.1.51.Final.jar:/home/anatole/ycsb/infinispan/target/dependency/netty-handler-4.1.51.Final.jar:/home/anatole/ycsb/infinispan/target/dependency/netty-resolver-4.1.51.Final.jar:/home/anatole/ycsb/infinispan/target/dependency/netty-transport-4.1.51.Final.jar:/home/anatole/ycsb/infinispan/target/dependency/netty-transport-native-epoll-4.1.51.Final-linux-x86_64.jar:/home/anatole/ycsb/infinispan/target/dependency/netty-transport-native-unix-common-4.1.51.Final.jar:/home/anatole/ycsb/infinispan/target/dependency/pcj-1.0.jar:/home/anatole/ycsb/infinispan/target/dependency/reactive-streams-1.0.2.jar:/home/anatole/ycsb/infinispan/target/dependency/rxjava-2.2.4.jar:/home/anatole/ycsb/infinispan/target/dependency/unsafe-helper-1.0.jar site.ycsb.Client -t -db site.ycsb.db.InfinispanClient -P ../workloads/workloadf -preload -s -threads 1 -p dataintegrity=true -p offheap=false -p recordcount=1000000 -p operationcount=3000000 -p fieldcount=10 -p fieldlength=500 -p requestdistribution=zipfian -p measurement.trackjvm=true -p measurementtype=hdrhistogram -p hdrhistogram.output.path=./out/exp7.marshalling.ref/log/infinispan.run.workloadf.true.1000000.100000.10.500.zipfian.1.false.true.default.default.tmpfs.r5.hdr.log
[OVERALL], RunTime(ms), 315186
[OVERALL], Throughput(ops/sec), 12690.91901290032
[TOTAL_GCS_G1_Young_Generation], Count, 491
[TOTAL_GC_TIME_G1_Young_Generation], Time(ms), 13139
[TOTAL_GC_TIME_%_G1_Young_Generation], Time(%), 4.168649622762432
[TOTAL_GCS_G1_Old_Generation], Count, 0
[TOTAL_GC_TIME_G1_Old_Generation], Time(ms), 0
[TOTAL_GC_TIME_%_G1_Old_Generation], Time(%), 0.0
[TOTAL_GCs], Count, 491
[TOTAL_GC_TIME], Time(ms), 13139
[TOTAL_GC_TIME_%], Time(%), 4.168649622762432
[MAX_MEM_USED], MBs, 3375
[MIN_MEM_USED], MBs, 48
[MAX_THREADS], Count, 7
[MIN_THREADS], Count, 3
[MAX_SYS_LOAD_AVG], Load, 2.94
[MIN_SYS_LOAD_AVG], Load, 1.12
[THREAD_COUNT], Operations, 33
[THREAD_COUNT], AverageLatency(ns), 5.575757575757576
[THREAD_COUNT], MinLatency(ns), 3
[THREAD_COUNT], MaxLatency(ns), 7
[THREAD_COUNT], 95thPercentileLatency(ns), 7
[THREAD_COUNT], 99thPercentileLatency(ns), 7
[SYS_LOAD_AVG], Operations, 33
[SYS_LOAD_AVG], AverageLatency(ns), 1.1818181818181819
[SYS_LOAD_AVG], MinLatency(ns), 1
[SYS_LOAD_AVG], MaxLatency(ns), 2
[SYS_LOAD_AVG], 95thPercentileLatency(ns), 2
[SYS_LOAD_AVG], 99thPercentileLatency(ns), 2
[READ-MODIFY-WRITE], Operations, 1499547
[READ-MODIFY-WRITE], AverageLatency(ns), 63863.64443395239
[READ-MODIFY-WRITE], MinLatency(ns), 31417
[READ-MODIFY-WRITE], MaxLatency(ns), 126405119
[READ-MODIFY-WRITE], 95thPercentileLatency(ns), 84446
[READ-MODIFY-WRITE], 99thPercentileLatency(ns), 101988
[LOAD], Operations, 1
[LOAD], AverageLatency(ns), 1.59678726144E11
[LOAD], MinLatency(ns), 159678201856
[LOAD], MaxLatency(ns), 159679250431
[LOAD], 95thPercentileLatency(ns), 159679250431
[LOAD], 99thPercentileLatency(ns), 159679250431
[USED_MEM_MB], Operations, 33
[USED_MEM_MB], AverageLatency(ns), 2428.787878787879
[USED_MEM_MB], MinLatency(ns), 48
[USED_MEM_MB], MaxLatency(ns), 3375
[USED_MEM_MB], 95thPercentileLatency(ns), 3358
[USED_MEM_MB], 99thPercentileLatency(ns), 3375
[MAIN_GCs_Count], Operations, 1
[MAIN_GCs_Count], AverageLatency(ns), 210.0
[MAIN_GCs_Count], MinLatency(ns), 210
[MAIN_GCs_Count], MaxLatency(ns), 210
[MAIN_GCs_Count], 95thPercentileLatency(ns), 210
[MAIN_GCs_Count], 99thPercentileLatency(ns), 210
[MAIN_GCs_Time(ms)], Operations, 1
[MAIN_GCs_Time(ms)], AverageLatency(ns), 8478.0
[MAIN_GCs_Time(ms)], MinLatency(ns), 8478
[MAIN_GCs_Time(ms)], MaxLatency(ns), 8478
[MAIN_GCs_Time(ms)], 95thPercentileLatency(ns), 8478
[MAIN_GCs_Time(ms)], 99thPercentileLatency(ns), 8478
[TRANSACTION], Operations, 1
[TRANSACTION], AverageLatency(ns), 1.54742030336E11
[TRANSACTION], MinLatency(ns), 154741506048
[TRANSACTION], MaxLatency(ns), 154742554623
[TRANSACTION], 95thPercentileLatency(ns), 154742554623
[TRANSACTION], 99thPercentileLatency(ns), 154742554623
[GCS_TIME], Operations, 33
[GCS_TIME], AverageLatency(ns), 398.1515151515151
[GCS_TIME], MinLatency(ns), 0
[GCS_TIME], MaxLatency(ns), 847
[GCS_TIME], 95thPercentileLatency(ns), 684
[GCS_TIME], 99thPercentileLatency(ns), 847
[LOAD_GCs_Time(ms)], Operations, 1
[LOAD_GCs_Time(ms)], AverageLatency(ns), 4606.0
[LOAD_GCs_Time(ms)], MinLatency(ns), 4606
[LOAD_GCs_Time(ms)], MaxLatency(ns), 4606
[LOAD_GCs_Time(ms)], 95thPercentileLatency(ns), 4606
[LOAD_GCs_Time(ms)], 99thPercentileLatency(ns), 4606
[READ], Operations, 3000000
[READ], AverageLatency(ns), 24500.409847333332
[READ], MinLatency(ns), 219
[READ], MaxLatency(ns), 83874815
[READ], 95thPercentileLatency(ns), 47383
[READ], 99thPercentileLatency(ns), 56126
[READ], Return=OK, 3000000
[INIT], Operations, 1
[INIT], AverageLatency(ns), 6.58024448E8
[INIT], MinLatency(ns), 658022400
[INIT], MaxLatency(ns), 658026495
[INIT], 95thPercentileLatency(ns), 658026495
[INIT], 99thPercentileLatency(ns), 658026495
[GCS], Operations, 33
[GCS], AverageLatency(ns), 14.878787878787879
[GCS], MinLatency(ns), 0
[GCS], MaxLatency(ns), 64
[GCS], 95thPercentileLatency(ns), 25
[GCS], 99thPercentileLatency(ns), 64
[LOAD_GCs_Count], Operations, 1
[LOAD_GCs_Count], AverageLatency(ns), 279.0
[LOAD_GCs_Count], MinLatency(ns), 279
[LOAD_GCs_Count], MaxLatency(ns), 279
[LOAD_GCs_Count], 95thPercentileLatency(ns), 279
[LOAD_GCs_Count], 99thPercentileLatency(ns), 279
[CLEANUP], Operations, 1
[CLEANUP], AverageLatency(ns), 18004.0
[CLEANUP], MinLatency(ns), 18004
[CLEANUP], MaxLatency(ns), 18004
[CLEANUP], 95thPercentileLatency(ns), 18004
[CLEANUP], 99thPercentileLatency(ns), 18004
[INSERT], Operations, 1000000
[INSERT], AverageLatency(ns), 36474.17784
[INSERT], MinLatency(ns), 30393
[INSERT], MaxLatency(ns), 70225919
[INSERT], 95thPercentileLatency(ns), 39251
[INSERT], 99thPercentileLatency(ns), 53194
[INSERT], Return=OK, 1000000
[UPDATE], Operations, 1499547
[UPDATE], AverageLatency(ns), 37964.4046995526
[UPDATE], MinLatency(ns), 30587
[UPDATE], MaxLatency(ns), 100078079
[UPDATE], 95thPercentileLatency(ns), 43228
[UPDATE], 99thPercentileLatency(ns), 49849
[UPDATE], Return=OK, 1499547
