/home/anatole/jdk8u/build/linux-x86_64-normal-server-release/jdk/bin/java -Xmx100g -XX:+UseG1GC -XX:InitiatingHeapOccupancyPercent=15 -classpath /home/anatole/ycsb/conf:/home/anatole/ycsb/core/target/core-0.18.0-SNAPSHOT.jar:/home/anatole/ycsb/core/target/dependency/HdrHistogram-2.1.4.jar:/home/anatole/ycsb/core/target/dependency/guava-18.0.jar:/home/anatole/ycsb/core/target/dependency/htrace-core4-4.1.0-incubating.jar:/home/anatole/ycsb/core/target/dependency/jackson-core-asl-1.9.4.jar:/home/anatole/ycsb/core/target/dependency/jackson-mapper-asl-1.9.4.jar:/home/anatole/ycsb/core/target/dependency/javax.persistence-api-2.2.jar:/home/anatole/ycsb/core/target/dependency/jnvm-1.0-SNAPSHOT.jar:/home/anatole/ycsb/core/target/dependency/pcj-1.0.jar:/home/anatole/ycsb/core/target/dependency/unsafe-helper-1.0.jar:/home/anatole/ycsb/infinispan/src/main/conf:/home/anatole/ycsb/infinispan/target/infinispan-binding-0.18.0-SNAPSHOT.jar:/home/anatole/ycsb/infinispan/target/dependency/caffeine-2.6.2.jar:/home/anatole/ycsb/infinispan/target/dependency/gson-2.8.2.jar:/home/anatole/ycsb/infinispan/target/dependency/guava-18.0.jar:/home/anatole/ycsb/infinispan/target/dependency/infinispan-cachestore-jnvm-1.0-SNAPSHOT.jar:/home/anatole/ycsb/infinispan/target/dependency/infinispan-cachestore-pcj-1.0-SNAPSHOT.jar:/home/anatole/ycsb/infinispan/target/dependency/infinispan-client-hotrod-9.4.20.Final.jar:/home/anatole/ycsb/infinispan/target/dependency/infinispan-commons-9.4.20.Final.jar:/home/anatole/ycsb/infinispan/target/dependency/infinispan-core-9.4.20.Final.jar:/home/anatole/ycsb/infinispan/target/dependency/infinispan-persistence-soft-index-9.4.20.Final.jar:/home/anatole/ycsb/infinispan/target/dependency/javax.persistence-api-2.2.jar:/home/anatole/ycsb/infinispan/target/dependency/jboss-logging-3.3.2.Final.jar:/home/anatole/ycsb/infinispan/target/dependency/jboss-marshalling-osgi-2.0.6.Final.jar:/home/anatole/ycsb/infinispan/target/dependency/jboss-transaction-api_1.2_spec-1.1.1.Final.jar:/home/anatole/ycsb/infinispan/target/dependency/jgroups-4.0.21.Final.jar:/home/anatole/ycsb/infinispan/target/dependency/jnvm-1.0-SNAPSHOT.jar:/home/anatole/ycsb/infinispan/target/dependency/metainf-services-1.7.jar:/home/anatole/ycsb/infinispan/target/dependency/netty-buffer-4.1.51.Final.jar:/home/anatole/ycsb/infinispan/target/dependency/netty-codec-4.1.51.Final.jar:/home/anatole/ycsb/infinispan/target/dependency/netty-common-4.1.51.Final.jar:/home/anatole/ycsb/infinispan/target/dependency/netty-handler-4.1.51.Final.jar:/home/anatole/ycsb/infinispan/target/dependency/netty-resolver-4.1.51.Final.jar:/home/anatole/ycsb/infinispan/target/dependency/netty-transport-4.1.51.Final.jar:/home/anatole/ycsb/infinispan/target/dependency/netty-transport-native-epoll-4.1.51.Final-linux-x86_64.jar:/home/anatole/ycsb/infinispan/target/dependency/netty-transport-native-unix-common-4.1.51.Final.jar:/home/anatole/ycsb/infinispan/target/dependency/pcj-1.0.jar:/home/anatole/ycsb/infinispan/target/dependency/reactive-streams-1.0.2.jar:/home/anatole/ycsb/infinispan/target/dependency/rxjava-2.2.4.jar:/home/anatole/ycsb/infinispan/target/dependency/unsafe-helper-1.0.jar site.ycsb.Client -t -db site.ycsb.db.InfinispanClient -P ../workloads/workloadf -preload -s -threads 1 -p dataintegrity=true -p offheap=false -p recordcount=1000000 -p operationcount=3000000 -p fieldcount=10 -p fieldlength=500 -p requestdistribution=zipfian -p measurement.trackjvm=true -p measurementtype=hdrhistogram -p hdrhistogram.output.path=./out/exp7.marshalling.ref/log/infinispan.run.workloadf.true.1000000.1000000.10.500.zipfian.1.false.true.default.default.none.r11.hdr.log
[OVERALL], RunTime(ms), 161146
[OVERALL], Throughput(ops/sec), 24822.21091432614
[TOTAL_GCS_G1_Young_Generation], Count, 192
[TOTAL_GC_TIME_G1_Young_Generation], Time(ms), 10321
[TOTAL_GC_TIME_%_G1_Young_Generation], Time(%), 6.404750971169001
[TOTAL_GCS_G1_Old_Generation], Count, 0
[TOTAL_GC_TIME_G1_Old_Generation], Time(ms), 0
[TOTAL_GC_TIME_%_G1_Old_Generation], Time(%), 0.0
[TOTAL_GCs], Count, 192
[TOTAL_GC_TIME], Time(ms), 10321
[TOTAL_GC_TIME_%], Time(%), 6.404750971169001
[MAX_MEM_USED], MBs, 19780
[MIN_MEM_USED], MBs, 56
[MAX_THREADS], Count, 6
[MIN_THREADS], Count, 3
[MAX_SYS_LOAD_AVG], Load, 4.86
[MIN_SYS_LOAD_AVG], Load, 2.72
[THREAD_COUNT], Operations, 18
[THREAD_COUNT], AverageLatency(ns), 5.111111111111111
[THREAD_COUNT], MinLatency(ns), 3
[THREAD_COUNT], MaxLatency(ns), 6
[THREAD_COUNT], 95thPercentileLatency(ns), 6
[THREAD_COUNT], 99thPercentileLatency(ns), 6
[SYS_LOAD_AVG], Operations, 18
[SYS_LOAD_AVG], AverageLatency(ns), 3.111111111111111
[SYS_LOAD_AVG], MinLatency(ns), 2
[SYS_LOAD_AVG], MaxLatency(ns), 4
[SYS_LOAD_AVG], 95thPercentileLatency(ns), 4
[SYS_LOAD_AVG], 99thPercentileLatency(ns), 4
[READ-MODIFY-WRITE], Operations, 1499837
[READ-MODIFY-WRITE], AverageLatency(ns), 3146.4350252727463
[READ-MODIFY-WRITE], MinLatency(ns), 1518
[READ-MODIFY-WRITE], MaxLatency(ns), 156739583
[READ-MODIFY-WRITE], 95thPercentileLatency(ns), 4621
[READ-MODIFY-WRITE], 99thPercentileLatency(ns), 6027
[LOAD], Operations, 1
[LOAD], AverageLatency(ns), 1.33809045504E11
[LOAD], MinLatency(ns), 133808783360
[LOAD], MaxLatency(ns), 133809307647
[LOAD], 95thPercentileLatency(ns), 133809307647
[LOAD], 99thPercentileLatency(ns), 133809307647
[USED_MEM_MB], Operations, 18
[USED_MEM_MB], AverageLatency(ns), 10090.555555555555
[USED_MEM_MB], MinLatency(ns), 56
[USED_MEM_MB], MaxLatency(ns), 19780
[USED_MEM_MB], 95thPercentileLatency(ns), 19540
[USED_MEM_MB], 99thPercentileLatency(ns), 19780
[MAIN_GCs_Count], Operations, 1
[MAIN_GCs_Count], AverageLatency(ns), 10.0
[MAIN_GCs_Count], MinLatency(ns), 10
[MAIN_GCs_Count], MaxLatency(ns), 10
[MAIN_GCs_Count], 95thPercentileLatency(ns), 10
[MAIN_GCs_Count], 99thPercentileLatency(ns), 10
[MAIN_GCs_Time(ms)], Operations, 1
[MAIN_GCs_Time(ms)], AverageLatency(ns), 1063.0
[MAIN_GCs_Time(ms)], MinLatency(ns), 1063
[MAIN_GCs_Time(ms)], MaxLatency(ns), 1063
[MAIN_GCs_Time(ms)], 95thPercentileLatency(ns), 1063
[MAIN_GCs_Time(ms)], 99thPercentileLatency(ns), 1063
[TRANSACTION], Operations, 1
[TRANSACTION], AverageLatency(ns), 2.6409238528E10
[TRANSACTION], MinLatency(ns), 26409172992
[TRANSACTION], MaxLatency(ns), 26409304063
[TRANSACTION], 95thPercentileLatency(ns), 26409304063
[TRANSACTION], 99thPercentileLatency(ns), 26409304063
[GCS_TIME], Operations, 18
[GCS_TIME], AverageLatency(ns), 573.3888888888889
[GCS_TIME], MinLatency(ns), 0
[GCS_TIME], MaxLatency(ns), 865
[GCS_TIME], 95thPercentileLatency(ns), 835
[GCS_TIME], 99thPercentileLatency(ns), 865
[LOAD_GCs_Time(ms)], Operations, 1
[LOAD_GCs_Time(ms)], AverageLatency(ns), 8997.0
[LOAD_GCs_Time(ms)], MinLatency(ns), 8997
[LOAD_GCs_Time(ms)], MaxLatency(ns), 8997
[LOAD_GCs_Time(ms)], 95thPercentileLatency(ns), 8997
[LOAD_GCs_Time(ms)], 99thPercentileLatency(ns), 8997
[READ], Operations, 3000000
[READ], AverageLatency(ns), 693.6301016666666
[READ], MinLatency(ns), 162
[READ], MaxLatency(ns), 3165935
[READ], 95thPercentileLatency(ns), 1590
[READ], 99thPercentileLatency(ns), 2487
[READ], Return=OK, 3000000
[INIT], Operations, 1
[INIT], AverageLatency(ns), 6.39469568E8
[INIT], MinLatency(ns), 639467520
[INIT], MaxLatency(ns), 639471615
[INIT], 95thPercentileLatency(ns), 639471615
[INIT], 99thPercentileLatency(ns), 639471615
[GCS], Operations, 18
[GCS], AverageLatency(ns), 10.666666666666666
[GCS], MinLatency(ns), 0
[GCS], MaxLatency(ns), 52
[GCS], 95thPercentileLatency(ns), 32
[GCS], 99thPercentileLatency(ns), 52
[LOAD_GCs_Count], Operations, 1
[LOAD_GCs_Count], AverageLatency(ns), 178.0
[LOAD_GCs_Count], MinLatency(ns), 178
[LOAD_GCs_Count], MaxLatency(ns), 178
[LOAD_GCs_Count], 95thPercentileLatency(ns), 178
[LOAD_GCs_Count], 99thPercentileLatency(ns), 178
[CLEANUP], Operations, 1
[CLEANUP], AverageLatency(ns), 31559.0
[CLEANUP], MinLatency(ns), 31559
[CLEANUP], MaxLatency(ns), 31559
[CLEANUP], 95thPercentileLatency(ns), 31559
[CLEANUP], 99thPercentileLatency(ns), 31559
[INSERT], Operations, 1000000
[INSERT], AverageLatency(ns), 2158.592771
[INSERT], MinLatency(ns), 1240
[INSERT], MaxLatency(ns), 91007487
[INSERT], 95thPercentileLatency(ns), 2350
[INSERT], 99thPercentileLatency(ns), 4004
[INSERT], Return=OK, 1000000
[UPDATE], Operations, 1499837
[UPDATE], AverageLatency(ns), 2036.1334758377077
[UPDATE], MinLatency(ns), 986
[UPDATE], MaxLatency(ns), 141413375
[UPDATE], 95thPercentileLatency(ns), 3439
[UPDATE], 99thPercentileLatency(ns), 4370
[UPDATE], Return=OK, 1499837
