/home/anatole/jdk8u/build/linux-x86_64-normal-server-release/jdk/bin/java -Xmx100g -XX:+UseG1GC -XX:InitiatingHeapOccupancyPercent=15 -classpath /home/anatole/ycsb/conf:/home/anatole/ycsb/core/target/core-0.18.0-SNAPSHOT.jar:/home/anatole/ycsb/core/target/dependency/HdrHistogram-2.1.4.jar:/home/anatole/ycsb/core/target/dependency/guava-18.0.jar:/home/anatole/ycsb/core/target/dependency/htrace-core4-4.1.0-incubating.jar:/home/anatole/ycsb/core/target/dependency/jackson-core-asl-1.9.4.jar:/home/anatole/ycsb/core/target/dependency/jackson-mapper-asl-1.9.4.jar:/home/anatole/ycsb/core/target/dependency/javax.persistence-api-2.2.jar:/home/anatole/ycsb/core/target/dependency/jnvm-1.0-SNAPSHOT.jar:/home/anatole/ycsb/core/target/dependency/pcj-1.0.jar:/home/anatole/ycsb/core/target/dependency/unsafe-helper-1.0.jar:/home/anatole/ycsb/infinispan/src/main/conf:/home/anatole/ycsb/infinispan/target/infinispan-binding-0.18.0-SNAPSHOT.jar:/home/anatole/ycsb/infinispan/target/dependency/caffeine-2.6.2.jar:/home/anatole/ycsb/infinispan/target/dependency/gson-2.8.2.jar:/home/anatole/ycsb/infinispan/target/dependency/guava-18.0.jar:/home/anatole/ycsb/infinispan/target/dependency/infinispan-cachestore-jnvm-1.0-SNAPSHOT.jar:/home/anatole/ycsb/infinispan/target/dependency/infinispan-cachestore-pcj-1.0-SNAPSHOT.jar:/home/anatole/ycsb/infinispan/target/dependency/infinispan-client-hotrod-9.4.20.Final.jar:/home/anatole/ycsb/infinispan/target/dependency/infinispan-commons-9.4.20.Final.jar:/home/anatole/ycsb/infinispan/target/dependency/infinispan-core-9.4.20.Final.jar:/home/anatole/ycsb/infinispan/target/dependency/infinispan-persistence-soft-index-9.4.20.Final.jar:/home/anatole/ycsb/infinispan/target/dependency/javax.persistence-api-2.2.jar:/home/anatole/ycsb/infinispan/target/dependency/jboss-logging-3.3.2.Final.jar:/home/anatole/ycsb/infinispan/target/dependency/jboss-marshalling-osgi-2.0.6.Final.jar:/home/anatole/ycsb/infinispan/target/dependency/jboss-transaction-api_1.2_spec-1.1.1.Final.jar:/home/anatole/ycsb/infinispan/target/dependency/jgroups-4.0.21.Final.jar:/home/anatole/ycsb/infinispan/target/dependency/jnvm-1.0-SNAPSHOT.jar:/home/anatole/ycsb/infinispan/target/dependency/metainf-services-1.7.jar:/home/anatole/ycsb/infinispan/target/dependency/netty-buffer-4.1.51.Final.jar:/home/anatole/ycsb/infinispan/target/dependency/netty-codec-4.1.51.Final.jar:/home/anatole/ycsb/infinispan/target/dependency/netty-common-4.1.51.Final.jar:/home/anatole/ycsb/infinispan/target/dependency/netty-handler-4.1.51.Final.jar:/home/anatole/ycsb/infinispan/target/dependency/netty-resolver-4.1.51.Final.jar:/home/anatole/ycsb/infinispan/target/dependency/netty-transport-4.1.51.Final.jar:/home/anatole/ycsb/infinispan/target/dependency/netty-transport-native-epoll-4.1.51.Final-linux-x86_64.jar:/home/anatole/ycsb/infinispan/target/dependency/netty-transport-native-unix-common-4.1.51.Final.jar:/home/anatole/ycsb/infinispan/target/dependency/pcj-1.0.jar:/home/anatole/ycsb/infinispan/target/dependency/reactive-streams-1.0.2.jar:/home/anatole/ycsb/infinispan/target/dependency/rxjava-2.2.4.jar:/home/anatole/ycsb/infinispan/target/dependency/unsafe-helper-1.0.jar site.ycsb.Client -t -db site.ycsb.db.InfinispanClient -P ../workloads/workloadf -preload -s -threads 1 -p dataintegrity=true -p offheap=false -p recordcount=1000000 -p operationcount=3000000 -p fieldcount=10 -p fieldlength=200 -p requestdistribution=zipfian -p measurement.trackjvm=true -p measurementtype=hdrhistogram -p hdrhistogram.output.path=./out/exp7.marshalling.ref/log/infinispan.run.workloadf.true.1000000.1000000.10.200.zipfian.1.false.true.default.default.nullfsvfs.r5.hdr.log
[OVERALL], RunTime(ms), 109101
[OVERALL], Throughput(ops/sec), 36663.27531370015
[TOTAL_GCS_G1_Young_Generation], Count, 85
[TOTAL_GC_TIME_G1_Young_Generation], Time(ms), 5873
[TOTAL_GC_TIME_%_G1_Young_Generation], Time(%), 5.383085397934025
[TOTAL_GCS_G1_Old_Generation], Count, 0
[TOTAL_GC_TIME_G1_Old_Generation], Time(ms), 0
[TOTAL_GC_TIME_%_G1_Old_Generation], Time(%), 0.0
[TOTAL_GCs], Count, 85
[TOTAL_GC_TIME], Time(ms), 5873
[TOTAL_GC_TIME_%], Time(%), 5.383085397934025
[MAX_MEM_USED], MBs, 10791
[MIN_MEM_USED], MBs, 54
[MAX_THREADS], Count, 7
[MIN_THREADS], Count, 3
[MAX_SYS_LOAD_AVG], Load, 4.27
[MIN_SYS_LOAD_AVG], Load, 2.13
[THREAD_COUNT], Operations, 12
[THREAD_COUNT], AverageLatency(ns), 6.25
[THREAD_COUNT], MinLatency(ns), 3
[THREAD_COUNT], MaxLatency(ns), 7
[THREAD_COUNT], 95thPercentileLatency(ns), 7
[THREAD_COUNT], 99thPercentileLatency(ns), 7
[SYS_LOAD_AVG], Operations, 12
[SYS_LOAD_AVG], AverageLatency(ns), 2.5833333333333335
[SYS_LOAD_AVG], MinLatency(ns), 2
[SYS_LOAD_AVG], MaxLatency(ns), 4
[SYS_LOAD_AVG], 95thPercentileLatency(ns), 3
[SYS_LOAD_AVG], 99thPercentileLatency(ns), 4
[READ-MODIFY-WRITE], Operations, 1499923
[READ-MODIFY-WRITE], AverageLatency(ns), 30073.73222558758
[READ-MODIFY-WRITE], MinLatency(ns), 22804
[READ-MODIFY-WRITE], MaxLatency(ns), 179887103
[READ-MODIFY-WRITE], 95thPercentileLatency(ns), 36428
[READ-MODIFY-WRITE], 99thPercentileLatency(ns), 44648
[LOAD], Operations, 1
[LOAD], AverageLatency(ns), 5.6620351488E10
[LOAD], MinLatency(ns), 56620220416
[LOAD], MaxLatency(ns), 56620482559
[LOAD], 95thPercentileLatency(ns), 56620482559
[LOAD], 99thPercentileLatency(ns), 56620482559
[USED_MEM_MB], Operations, 12
[USED_MEM_MB], AverageLatency(ns), 6373.666666666667
[USED_MEM_MB], MinLatency(ns), 54
[USED_MEM_MB], MaxLatency(ns), 10791
[USED_MEM_MB], 95thPercentileLatency(ns), 10268
[USED_MEM_MB], 99thPercentileLatency(ns), 10791
[MAIN_GCs_Count], Operations, 1
[MAIN_GCs_Count], AverageLatency(ns), 18.0
[MAIN_GCs_Count], MinLatency(ns), 18
[MAIN_GCs_Count], MaxLatency(ns), 18
[MAIN_GCs_Count], 95thPercentileLatency(ns), 18
[MAIN_GCs_Count], 99thPercentileLatency(ns), 18
[MAIN_GCs_Time(ms)], Operations, 1
[MAIN_GCs_Time(ms)], AverageLatency(ns), 1546.0
[MAIN_GCs_Time(ms)], MinLatency(ns), 1546
[MAIN_GCs_Time(ms)], MaxLatency(ns), 1546
[MAIN_GCs_Time(ms)], 95thPercentileLatency(ns), 1546
[MAIN_GCs_Time(ms)], 99thPercentileLatency(ns), 1546
[TRANSACTION], Operations, 1
[TRANSACTION], AverageLatency(ns), 5.175312384E10
[TRANSACTION], MinLatency(ns), 51752992768
[TRANSACTION], MaxLatency(ns), 51753254911
[TRANSACTION], 95thPercentileLatency(ns), 51753254911
[TRANSACTION], 99thPercentileLatency(ns), 51753254911
[GCS_TIME], Operations, 12
[GCS_TIME], AverageLatency(ns), 489.4166666666667
[GCS_TIME], MinLatency(ns), 0
[GCS_TIME], MaxLatency(ns), 950
[GCS_TIME], 95thPercentileLatency(ns), 938
[GCS_TIME], 99thPercentileLatency(ns), 950
[LOAD_GCs_Time(ms)], Operations, 1
[LOAD_GCs_Time(ms)], AverageLatency(ns), 4292.0
[LOAD_GCs_Time(ms)], MinLatency(ns), 4292
[LOAD_GCs_Time(ms)], MaxLatency(ns), 4292
[LOAD_GCs_Time(ms)], 95thPercentileLatency(ns), 4292
[LOAD_GCs_Time(ms)], 99thPercentileLatency(ns), 4292
[READ], Operations, 3000000
[READ], AverageLatency(ns), 719.4941943333333
[READ], MinLatency(ns), 205
[READ], MaxLatency(ns), 1607239
[READ], 95thPercentileLatency(ns), 1651
[READ], 99thPercentileLatency(ns), 2530
[READ], Return=OK, 3000000
[INIT], Operations, 1
[INIT], AverageLatency(ns), 6.72970752E8
[INIT], MinLatency(ns), 672968704
[INIT], MaxLatency(ns), 672972799
[INIT], 95thPercentileLatency(ns), 672972799
[INIT], 99thPercentileLatency(ns), 672972799
[GCS], Operations, 12
[GCS], AverageLatency(ns), 7.083333333333333
[GCS], MinLatency(ns), 0
[GCS], MaxLatency(ns), 30
[GCS], 95thPercentileLatency(ns), 17
[GCS], 99thPercentileLatency(ns), 30
[LOAD_GCs_Count], Operations, 1
[LOAD_GCs_Count], AverageLatency(ns), 65.0
[LOAD_GCs_Count], MinLatency(ns), 65
[LOAD_GCs_Count], MaxLatency(ns), 65
[LOAD_GCs_Count], 95thPercentileLatency(ns), 65
[LOAD_GCs_Count], 99thPercentileLatency(ns), 65
[CLEANUP], Operations, 1
[CLEANUP], AverageLatency(ns), 15141.0
[CLEANUP], MinLatency(ns), 15141
[CLEANUP], MaxLatency(ns), 15141
[CLEANUP], 95thPercentileLatency(ns), 15141
[CLEANUP], 99thPercentileLatency(ns), 15141
[INSERT], Operations, 1000000
[INSERT], AverageLatency(ns), 27888.179725
[INSERT], MinLatency(ns), 21817
[INSERT], MaxLatency(ns), 261347327
[INSERT], 95thPercentileLatency(ns), 31516
[INSERT], 99thPercentileLatency(ns), 45913
[INSERT], Return=OK, 1000000
[UPDATE], Operations, 1499923
[UPDATE], AverageLatency(ns), 28831.74521292093
[UPDATE], MinLatency(ns), 22155
[UPDATE], MaxLatency(ns), 149201919
[UPDATE], 95thPercentileLatency(ns), 34979
[UPDATE], 99thPercentileLatency(ns), 42990
[UPDATE], Return=OK, 1499923
