/home/anatole/jdk8u/build/linux-x86_64-normal-server-release/jdk/bin/java -Xmx40g -XX:+UseG1GC -classpath /home/anatole/ycsb/conf:/home/anatole/ycsb/core/target/core-0.18.0-SNAPSHOT.jar:/home/anatole/ycsb/core/target/dependency/HdrHistogram-2.1.4.jar:/home/anatole/ycsb/core/target/dependency/guava-18.0.jar:/home/anatole/ycsb/core/target/dependency/htrace-core4-4.1.0-incubating.jar:/home/anatole/ycsb/core/target/dependency/jackson-core-asl-1.9.4.jar:/home/anatole/ycsb/core/target/dependency/jackson-mapper-asl-1.9.4.jar:/home/anatole/ycsb/core/target/dependency/javax.persistence-api-2.2.jar:/home/anatole/ycsb/core/target/dependency/jnvm-1.0-SNAPSHOT.jar:/home/anatole/ycsb/core/target/dependency/pcj-1.0.jar:/home/anatole/ycsb/core/target/dependency/unsafe-helper-1.0.jar:/home/anatole/ycsb/infinispan/src/main/conf:/home/anatole/ycsb/infinispan/target/infinispan-binding-0.18.0-SNAPSHOT.jar:/home/anatole/ycsb/infinispan/target/dependency/caffeine-2.6.2.jar:/home/anatole/ycsb/infinispan/target/dependency/gson-2.8.2.jar:/home/anatole/ycsb/infinispan/target/dependency/guava-18.0.jar:/home/anatole/ycsb/infinispan/target/dependency/infinispan-cachestore-jnvm-1.0-SNAPSHOT.jar:/home/anatole/ycsb/infinispan/target/dependency/infinispan-cachestore-pcj-1.0-SNAPSHOT.jar:/home/anatole/ycsb/infinispan/target/dependency/infinispan-client-hotrod-9.4.20.Final.jar:/home/anatole/ycsb/infinispan/target/dependency/infinispan-commons-9.4.20.Final.jar:/home/anatole/ycsb/infinispan/target/dependency/infinispan-core-9.4.20.Final.jar:/home/anatole/ycsb/infinispan/target/dependency/infinispan-persistence-soft-index-9.4.20.Final.jar:/home/anatole/ycsb/infinispan/target/dependency/javax.persistence-api-2.2.jar:/home/anatole/ycsb/infinispan/target/dependency/jboss-logging-3.3.2.Final.jar:/home/anatole/ycsb/infinispan/target/dependency/jboss-marshalling-osgi-2.0.6.Final.jar:/home/anatole/ycsb/infinispan/target/dependency/jboss-transaction-api_1.2_spec-1.1.1.Final.jar:/home/anatole/ycsb/infinispan/target/dependency/jgroups-4.0.21.Final.jar:/home/anatole/ycsb/infinispan/target/dependency/jnvm-1.0-SNAPSHOT.jar:/home/anatole/ycsb/infinispan/target/dependency/metainf-services-1.7.jar:/home/anatole/ycsb/infinispan/target/dependency/netty-buffer-4.1.51.Final.jar:/home/anatole/ycsb/infinispan/target/dependency/netty-codec-4.1.51.Final.jar:/home/anatole/ycsb/infinispan/target/dependency/netty-common-4.1.51.Final.jar:/home/anatole/ycsb/infinispan/target/dependency/netty-handler-4.1.51.Final.jar:/home/anatole/ycsb/infinispan/target/dependency/netty-resolver-4.1.51.Final.jar:/home/anatole/ycsb/infinispan/target/dependency/netty-transport-4.1.51.Final.jar:/home/anatole/ycsb/infinispan/target/dependency/netty-transport-native-epoll-4.1.51.Final-linux-x86_64.jar:/home/anatole/ycsb/infinispan/target/dependency/netty-transport-native-unix-common-4.1.51.Final.jar:/home/anatole/ycsb/infinispan/target/dependency/pcj-1.0.jar:/home/anatole/ycsb/infinispan/target/dependency/reactive-streams-1.0.2.jar:/home/anatole/ycsb/infinispan/target/dependency/rxjava-2.2.4.jar:/home/anatole/ycsb/infinispan/target/dependency/unsafe-helper-1.0.jar site.ycsb.Client -t -db site.ycsb.db.InfinispanClient -P ../workloads/workloadf -preload -s -threads 1 -p dataintegrity=true -p offheap=false -p recordcount=1000000 -p operationcount=3000000 -p fieldcount=10 -p fieldlength=700 -p requestdistribution=zipfian -p measurement.trackjvm=true -p measurementtype=hdrhistogram -p hdrhistogram.output.path=./out/exp7.marshalling.ref/log/infinispan.run.workloadf.true.1000000.1000000.10.700.zipfian.1.false.true.default.default.tmpfs.r3.hdr.log
[OVERALL], RunTime(ms), 412853
[OVERALL], Throughput(ops/sec), 9688.678536912654
[TOTAL_GCS_G1_Young_Generation], Count, 1014
[TOTAL_GC_TIME_G1_Young_Generation], Time(ms), 27034
[TOTAL_GC_TIME_%_G1_Young_Generation], Time(%), 6.548093389172418
[TOTAL_GCS_G1_Old_Generation], Count, 0
[TOTAL_GC_TIME_G1_Old_Generation], Time(ms), 0
[TOTAL_GC_TIME_%_G1_Old_Generation], Time(%), 0.0
[TOTAL_GCs], Count, 1014
[TOTAL_GC_TIME], Time(ms), 27034
[TOTAL_GC_TIME_%], Time(%), 6.548093389172418
[MAX_MEM_USED], MBs, 18791
[MIN_MEM_USED], MBs, 54
[MAX_THREADS], Count, 7
[MIN_THREADS], Count, 3
[MAX_SYS_LOAD_AVG], Load, 8.66
[MIN_SYS_LOAD_AVG], Load, 3.33
[THREAD_COUNT], Operations, 43
[THREAD_COUNT], AverageLatency(ns), 5.441860465116279
[THREAD_COUNT], MinLatency(ns), 3
[THREAD_COUNT], MaxLatency(ns), 7
[THREAD_COUNT], 95thPercentileLatency(ns), 7
[THREAD_COUNT], 99thPercentileLatency(ns), 7
[SYS_LOAD_AVG], Operations, 43
[SYS_LOAD_AVG], AverageLatency(ns), 4.930232558139535
[SYS_LOAD_AVG], MinLatency(ns), 3
[SYS_LOAD_AVG], MaxLatency(ns), 8
[SYS_LOAD_AVG], 95thPercentileLatency(ns), 7
[SYS_LOAD_AVG], 99thPercentileLatency(ns), 8
[READ-MODIFY-WRITE], Operations, 1499457
[READ-MODIFY-WRITE], AverageLatency(ns), 50890.18808742098
[READ-MODIFY-WRITE], MinLatency(ns), 35960
[READ-MODIFY-WRITE], MaxLatency(ns), 150898687
[READ-MODIFY-WRITE], 95thPercentileLatency(ns), 60016
[READ-MODIFY-WRITE], 99thPercentileLatency(ns), 67183
[LOAD], Operations, 1
[LOAD], AverageLatency(ns), 2.93912707072E11
[LOAD], MinLatency(ns), 293911658496
[LOAD], MaxLatency(ns), 293913755647
[LOAD], 95thPercentileLatency(ns), 293913755647
[LOAD], 99thPercentileLatency(ns), 293913755647
[USED_MEM_MB], Operations, 43
[USED_MEM_MB], AverageLatency(ns), 11933.0
[USED_MEM_MB], MinLatency(ns), 54
[USED_MEM_MB], MaxLatency(ns), 18791
[USED_MEM_MB], 95thPercentileLatency(ns), 18503
[USED_MEM_MB], 99thPercentileLatency(ns), 18791
[MAIN_GCs_Count], Operations, 1
[MAIN_GCs_Count], AverageLatency(ns), 164.0
[MAIN_GCs_Count], MinLatency(ns), 164
[MAIN_GCs_Count], MaxLatency(ns), 164
[MAIN_GCs_Count], 95thPercentileLatency(ns), 164
[MAIN_GCs_Count], 99thPercentileLatency(ns), 164
[MAIN_GCs_Time(ms)], Operations, 1
[MAIN_GCs_Time(ms)], AverageLatency(ns), 7384.0
[MAIN_GCs_Time(ms)], MinLatency(ns), 7384
[MAIN_GCs_Time(ms)], MaxLatency(ns), 7384
[MAIN_GCs_Time(ms)], 95thPercentileLatency(ns), 7384
[MAIN_GCs_Time(ms)], 99thPercentileLatency(ns), 7384
[TRANSACTION], Operations, 1
[TRANSACTION], AverageLatency(ns), 1.18235070464E11
[TRANSACTION], MinLatency(ns), 118234808320
[TRANSACTION], MaxLatency(ns), 118235332607
[TRANSACTION], 95thPercentileLatency(ns), 118235332607
[TRANSACTION], 99thPercentileLatency(ns), 118235332607
[GCS_TIME], Operations, 43
[GCS_TIME], AverageLatency(ns), 628.6976744186046
[GCS_TIME], MinLatency(ns), 0
[GCS_TIME], MaxLatency(ns), 792
[GCS_TIME], 95thPercentileLatency(ns), 781
[GCS_TIME], 99thPercentileLatency(ns), 792
[LOAD_GCs_Time(ms)], Operations, 1
[LOAD_GCs_Time(ms)], AverageLatency(ns), 19617.0
[LOAD_GCs_Time(ms)], MinLatency(ns), 19617
[LOAD_GCs_Time(ms)], MaxLatency(ns), 19617
[LOAD_GCs_Time(ms)], 95thPercentileLatency(ns), 19617
[LOAD_GCs_Time(ms)], 99thPercentileLatency(ns), 19617
[READ], Operations, 3000000
[READ], AverageLatency(ns), 811.0832313333333
[READ], MinLatency(ns), 209
[READ], MaxLatency(ns), 47981311
[READ], 95thPercentileLatency(ns), 1843
[READ], 99thPercentileLatency(ns), 2966
[READ], Return=OK, 3000000
[INIT], Operations, 1
[INIT], AverageLatency(ns), 6.50708992E8
[INIT], MinLatency(ns), 650706944
[INIT], MaxLatency(ns), 650711039
[INIT], 95thPercentileLatency(ns), 650711039
[INIT], 99thPercentileLatency(ns), 650711039
[GCS], Operations, 43
[GCS], AverageLatency(ns), 23.58139534883721
[GCS], MinLatency(ns), 0
[GCS], MaxLatency(ns), 50
[GCS], 95thPercentileLatency(ns), 49
[GCS], 99thPercentileLatency(ns), 50
[LOAD_GCs_Count], Operations, 1
[LOAD_GCs_Count], AverageLatency(ns), 848.0
[LOAD_GCs_Count], MinLatency(ns), 848
[LOAD_GCs_Count], MaxLatency(ns), 848
[LOAD_GCs_Count], 95thPercentileLatency(ns), 848
[LOAD_GCs_Count], 99thPercentileLatency(ns), 848
[CLEANUP], Operations, 1
[CLEANUP], AverageLatency(ns), 18743.0
[CLEANUP], MinLatency(ns), 18743
[CLEANUP], MaxLatency(ns), 18743
[CLEANUP], 95thPercentileLatency(ns), 18743
[CLEANUP], 99thPercentileLatency(ns), 18743
[INSERT], Operations, 1000000
[INSERT], AverageLatency(ns), 45954.489214
[INSERT], MinLatency(ns), 35739
[INSERT], MaxLatency(ns), 117383679
[INSERT], 95thPercentileLatency(ns), 52821
[INSERT], 99thPercentileLatency(ns), 68861
[INSERT], Return=OK, 1000000
[UPDATE], Operations, 1499457
[UPDATE], AverageLatency(ns), 49180.50405380081
[UPDATE], MinLatency(ns), 35266
[UPDATE], MaxLatency(ns), 92679167
[UPDATE], 95thPercentileLatency(ns), 58496
[UPDATE], 99thPercentileLatency(ns), 65341
[UPDATE], Return=OK, 1499457
