/home/anatole/jdk8u/build/linux-x86_64-normal-server-release/jdk/bin/java -Xmx20g -XX:+UseG1GC -classpath /home/anatole/ycsb/conf:/home/anatole/ycsb/core/target/core-0.18.0-SNAPSHOT.jar:/home/anatole/ycsb/core/target/dependency/HdrHistogram-2.1.4.jar:/home/anatole/ycsb/core/target/dependency/guava-18.0.jar:/home/anatole/ycsb/core/target/dependency/htrace-core4-4.1.0-incubating.jar:/home/anatole/ycsb/core/target/dependency/jackson-core-asl-1.9.4.jar:/home/anatole/ycsb/core/target/dependency/jackson-mapper-asl-1.9.4.jar:/home/anatole/ycsb/core/target/dependency/javax.persistence-api-2.2.jar:/home/anatole/ycsb/core/target/dependency/jnvm-1.0-SNAPSHOT.jar:/home/anatole/ycsb/core/target/dependency/pcj-1.0.jar:/home/anatole/ycsb/core/target/dependency/unsafe-helper-1.0.jar:/home/anatole/ycsb/infinispan/src/main/conf:/home/anatole/ycsb/infinispan/target/infinispan-binding-0.18.0-SNAPSHOT.jar:/home/anatole/ycsb/infinispan/target/dependency/caffeine-2.6.2.jar:/home/anatole/ycsb/infinispan/target/dependency/gson-2.8.2.jar:/home/anatole/ycsb/infinispan/target/dependency/guava-18.0.jar:/home/anatole/ycsb/infinispan/target/dependency/infinispan-cachestore-jnvm-1.0-SNAPSHOT.jar:/home/anatole/ycsb/infinispan/target/dependency/infinispan-cachestore-pcj-1.0-SNAPSHOT.jar:/home/anatole/ycsb/infinispan/target/dependency/infinispan-client-hotrod-9.4.20.Final.jar:/home/anatole/ycsb/infinispan/target/dependency/infinispan-commons-9.4.20.Final.jar:/home/anatole/ycsb/infinispan/target/dependency/infinispan-core-9.4.20.Final.jar:/home/anatole/ycsb/infinispan/target/dependency/infinispan-persistence-soft-index-9.4.20.Final.jar:/home/anatole/ycsb/infinispan/target/dependency/javax.persistence-api-2.2.jar:/home/anatole/ycsb/infinispan/target/dependency/jboss-logging-3.3.2.Final.jar:/home/anatole/ycsb/infinispan/target/dependency/jboss-marshalling-osgi-2.0.6.Final.jar:/home/anatole/ycsb/infinispan/target/dependency/jboss-transaction-api_1.2_spec-1.1.1.Final.jar:/home/anatole/ycsb/infinispan/target/dependency/jgroups-4.0.21.Final.jar:/home/anatole/ycsb/infinispan/target/dependency/jnvm-1.0-SNAPSHOT.jar:/home/anatole/ycsb/infinispan/target/dependency/metainf-services-1.7.jar:/home/anatole/ycsb/infinispan/target/dependency/netty-buffer-4.1.51.Final.jar:/home/anatole/ycsb/infinispan/target/dependency/netty-codec-4.1.51.Final.jar:/home/anatole/ycsb/infinispan/target/dependency/netty-common-4.1.51.Final.jar:/home/anatole/ycsb/infinispan/target/dependency/netty-handler-4.1.51.Final.jar:/home/anatole/ycsb/infinispan/target/dependency/netty-resolver-4.1.51.Final.jar:/home/anatole/ycsb/infinispan/target/dependency/netty-transport-4.1.51.Final.jar:/home/anatole/ycsb/infinispan/target/dependency/netty-transport-native-epoll-4.1.51.Final-linux-x86_64.jar:/home/anatole/ycsb/infinispan/target/dependency/netty-transport-native-unix-common-4.1.51.Final.jar:/home/anatole/ycsb/infinispan/target/dependency/pcj-1.0.jar:/home/anatole/ycsb/infinispan/target/dependency/reactive-streams-1.0.2.jar:/home/anatole/ycsb/infinispan/target/dependency/rxjava-2.2.4.jar:/home/anatole/ycsb/infinispan/target/dependency/unsafe-helper-1.0.jar site.ycsb.Client -t -db site.ycsb.db.InfinispanClient -P ../workloads/workloadf -preload -s -threads 1 -p dataintegrity=true -p offheap=false -p recordcount=1000000 -p operationcount=3000000 -p fieldcount=10 -p fieldlength=300 -p requestdistribution=zipfian -p measurement.trackjvm=true -p measurementtype=hdrhistogram -p hdrhistogram.output.path=./out/exp7.marshalling.ref/log/infinispan.run.workloadf.true.1000000.100000.10.300.zipfian.1.false.true.default.default.pmem0.r3.hdr.log
[OVERALL], RunTime(ms), 230392
[OVERALL], Throughput(ops/sec), 17361.713948400986
[TOTAL_GCS_G1_Young_Generation], Count, 323
[TOTAL_GC_TIME_G1_Young_Generation], Time(ms), 7698
[TOTAL_GC_TIME_%_G1_Young_Generation], Time(%), 3.34126184936977
[TOTAL_GCS_G1_Old_Generation], Count, 0
[TOTAL_GC_TIME_G1_Old_Generation], Time(ms), 0
[TOTAL_GC_TIME_%_G1_Old_Generation], Time(%), 0.0
[TOTAL_GCs], Count, 323
[TOTAL_GC_TIME], Time(ms), 7698
[TOTAL_GC_TIME_%], Time(%), 3.34126184936977
[MAX_MEM_USED], MBs, 6102
[MIN_MEM_USED], MBs, 48
[MAX_THREADS], Count, 7
[MIN_THREADS], Count, 3
[MAX_SYS_LOAD_AVG], Load, 4.69
[MIN_SYS_LOAD_AVG], Load, 2.25
[THREAD_COUNT], Operations, 25
[THREAD_COUNT], AverageLatency(ns), 5.72
[THREAD_COUNT], MinLatency(ns), 3
[THREAD_COUNT], MaxLatency(ns), 7
[THREAD_COUNT], 95thPercentileLatency(ns), 7
[THREAD_COUNT], 99thPercentileLatency(ns), 7
[SYS_LOAD_AVG], Operations, 25
[SYS_LOAD_AVG], AverageLatency(ns), 2.84
[SYS_LOAD_AVG], MinLatency(ns), 2
[SYS_LOAD_AVG], MaxLatency(ns), 4
[SYS_LOAD_AVG], 95thPercentileLatency(ns), 4
[SYS_LOAD_AVG], 99thPercentileLatency(ns), 4
[READ-MODIFY-WRITE], Operations, 1499153
[READ-MODIFY-WRITE], AverageLatency(ns), 59411.674041275306
[READ-MODIFY-WRITE], MinLatency(ns), 29928
[READ-MODIFY-WRITE], MaxLatency(ns), 153711615
[READ-MODIFY-WRITE], 95thPercentileLatency(ns), 78437
[READ-MODIFY-WRITE], 99thPercentileLatency(ns), 85558
[LOAD], Operations, 1
[LOAD], AverageLatency(ns), 9.7447051264E10
[LOAD], MinLatency(ns), 97446789120
[LOAD], MaxLatency(ns), 97447313407
[LOAD], 95thPercentileLatency(ns), 97447313407
[LOAD], 99thPercentileLatency(ns), 97447313407
[USED_MEM_MB], Operations, 25
[USED_MEM_MB], AverageLatency(ns), 2570.68
[USED_MEM_MB], MinLatency(ns), 48
[USED_MEM_MB], MaxLatency(ns), 6102
[USED_MEM_MB], 95thPercentileLatency(ns), 5050
[USED_MEM_MB], 99thPercentileLatency(ns), 6102
[MAIN_GCs_Count], Operations, 1
[MAIN_GCs_Count], AverageLatency(ns), 48.0
[MAIN_GCs_Count], MinLatency(ns), 48
[MAIN_GCs_Count], MaxLatency(ns), 48
[MAIN_GCs_Count], 95thPercentileLatency(ns), 48
[MAIN_GCs_Count], 99thPercentileLatency(ns), 48
[MAIN_GCs_Time(ms)], Operations, 1
[MAIN_GCs_Time(ms)], AverageLatency(ns), 3920.0
[MAIN_GCs_Time(ms)], MinLatency(ns), 3920
[MAIN_GCs_Time(ms)], MaxLatency(ns), 3920
[MAIN_GCs_Time(ms)], 95thPercentileLatency(ns), 3920
[MAIN_GCs_Time(ms)], 99thPercentileLatency(ns), 3920
[TRANSACTION], Operations, 1
[TRANSACTION], AverageLatency(ns), 1.32208918528E11
[TRANSACTION], MinLatency(ns), 132208656384
[TRANSACTION], MaxLatency(ns), 132209180671
[TRANSACTION], 95thPercentileLatency(ns), 132209180671
[TRANSACTION], 99thPercentileLatency(ns), 132209180671
[GCS_TIME], Operations, 25
[GCS_TIME], AverageLatency(ns), 307.92
[GCS_TIME], MinLatency(ns), 0
[GCS_TIME], MaxLatency(ns), 749
[GCS_TIME], 95thPercentileLatency(ns), 540
[GCS_TIME], 99thPercentileLatency(ns), 749
[LOAD_GCs_Time(ms)], Operations, 1
[LOAD_GCs_Time(ms)], AverageLatency(ns), 3741.0
[LOAD_GCs_Time(ms)], MinLatency(ns), 3741
[LOAD_GCs_Time(ms)], MaxLatency(ns), 3741
[LOAD_GCs_Time(ms)], 95thPercentileLatency(ns), 3741
[LOAD_GCs_Time(ms)], 99thPercentileLatency(ns), 3741
[READ], Operations, 3000000
[READ], AverageLatency(ns), 22458.742478333334
[READ], MinLatency(ns), 239
[READ], MaxLatency(ns), 126190591
[READ], 95thPercentileLatency(ns), 42458
[READ], 99thPercentileLatency(ns), 46269
[READ], Return=OK, 3000000
[INIT], Operations, 1
[INIT], AverageLatency(ns), 6.63177216E8
[INIT], MinLatency(ns), 663175168
[INIT], MaxLatency(ns), 663179263
[INIT], 95thPercentileLatency(ns), 663179263
[INIT], 99thPercentileLatency(ns), 663179263
[GCS], Operations, 25
[GCS], AverageLatency(ns), 12.92
[GCS], MinLatency(ns), 0
[GCS], MaxLatency(ns), 34
[GCS], 95thPercentileLatency(ns), 33
[GCS], 99thPercentileLatency(ns), 34
[LOAD_GCs_Count], Operations, 1
[LOAD_GCs_Count], AverageLatency(ns), 273.0
[LOAD_GCs_Count], MinLatency(ns), 273
[LOAD_GCs_Count], MaxLatency(ns), 273
[LOAD_GCs_Count], 95thPercentileLatency(ns), 273
[LOAD_GCs_Count], 99thPercentileLatency(ns), 273
[CLEANUP], Operations, 1
[CLEANUP], AverageLatency(ns), 17906.0
[CLEANUP], MinLatency(ns), 17906
[CLEANUP], MaxLatency(ns), 17906
[CLEANUP], 95thPercentileLatency(ns), 17906
[CLEANUP], 99thPercentileLatency(ns), 17906
[INSERT], Operations, 1000000
[INSERT], AverageLatency(ns), 46361.220471
[INSERT], MinLatency(ns), 34526
[INSERT], MaxLatency(ns), 64323071
[INSERT], 95thPercentileLatency(ns), 53863
[INSERT], 99thPercentileLatency(ns), 68441
[INSERT], Return=OK, 1000000
[UPDATE], Operations, 1499153
[UPDATE], AverageLatency(ns), 36433.754927615795
[UPDATE], MinLatency(ns), 28899
[UPDATE], MaxLatency(ns), 145884159
[UPDATE], 95thPercentileLatency(ns), 38560
[UPDATE], 99thPercentileLatency(ns), 44027
[UPDATE], Return=OK, 1499153
