/home/anatole/jdk8u/build/linux-x86_64-normal-server-release/jdk/bin/java -Xmx100g -XX:+UseG1GC -XX:InitiatingHeapOccupancyPercent=15 -classpath /home/anatole/ycsb/conf:/home/anatole/ycsb/core/target/core-0.18.0-SNAPSHOT.jar:/home/anatole/ycsb/core/target/dependency/HdrHistogram-2.1.4.jar:/home/anatole/ycsb/core/target/dependency/guava-18.0.jar:/home/anatole/ycsb/core/target/dependency/htrace-core4-4.1.0-incubating.jar:/home/anatole/ycsb/core/target/dependency/jackson-core-asl-1.9.4.jar:/home/anatole/ycsb/core/target/dependency/jackson-mapper-asl-1.9.4.jar:/home/anatole/ycsb/core/target/dependency/javax.persistence-api-2.2.jar:/home/anatole/ycsb/core/target/dependency/jnvm-1.0-SNAPSHOT.jar:/home/anatole/ycsb/core/target/dependency/pcj-1.0.jar:/home/anatole/ycsb/core/target/dependency/unsafe-helper-1.0.jar:/home/anatole/ycsb/infinispan/src/main/conf:/home/anatole/ycsb/infinispan/target/infinispan-binding-0.18.0-SNAPSHOT.jar:/home/anatole/ycsb/infinispan/target/dependency/caffeine-2.6.2.jar:/home/anatole/ycsb/infinispan/target/dependency/gson-2.8.2.jar:/home/anatole/ycsb/infinispan/target/dependency/guava-18.0.jar:/home/anatole/ycsb/infinispan/target/dependency/infinispan-cachestore-jnvm-1.0-SNAPSHOT.jar:/home/anatole/ycsb/infinispan/target/dependency/infinispan-cachestore-pcj-1.0-SNAPSHOT.jar:/home/anatole/ycsb/infinispan/target/dependency/infinispan-client-hotrod-9.4.20.Final.jar:/home/anatole/ycsb/infinispan/target/dependency/infinispan-commons-9.4.20.Final.jar:/home/anatole/ycsb/infinispan/target/dependency/infinispan-core-9.4.20.Final.jar:/home/anatole/ycsb/infinispan/target/dependency/infinispan-persistence-soft-index-9.4.20.Final.jar:/home/anatole/ycsb/infinispan/target/dependency/javax.persistence-api-2.2.jar:/home/anatole/ycsb/infinispan/target/dependency/jboss-logging-3.3.2.Final.jar:/home/anatole/ycsb/infinispan/target/dependency/jboss-marshalling-osgi-2.0.6.Final.jar:/home/anatole/ycsb/infinispan/target/dependency/jboss-transaction-api_1.2_spec-1.1.1.Final.jar:/home/anatole/ycsb/infinispan/target/dependency/jgroups-4.0.21.Final.jar:/home/anatole/ycsb/infinispan/target/dependency/jnvm-1.0-SNAPSHOT.jar:/home/anatole/ycsb/infinispan/target/dependency/metainf-services-1.7.jar:/home/anatole/ycsb/infinispan/target/dependency/netty-buffer-4.1.51.Final.jar:/home/anatole/ycsb/infinispan/target/dependency/netty-codec-4.1.51.Final.jar:/home/anatole/ycsb/infinispan/target/dependency/netty-common-4.1.51.Final.jar:/home/anatole/ycsb/infinispan/target/dependency/netty-handler-4.1.51.Final.jar:/home/anatole/ycsb/infinispan/target/dependency/netty-resolver-4.1.51.Final.jar:/home/anatole/ycsb/infinispan/target/dependency/netty-transport-4.1.51.Final.jar:/home/anatole/ycsb/infinispan/target/dependency/netty-transport-native-epoll-4.1.51.Final-linux-x86_64.jar:/home/anatole/ycsb/infinispan/target/dependency/netty-transport-native-unix-common-4.1.51.Final.jar:/home/anatole/ycsb/infinispan/target/dependency/pcj-1.0.jar:/home/anatole/ycsb/infinispan/target/dependency/reactive-streams-1.0.2.jar:/home/anatole/ycsb/infinispan/target/dependency/rxjava-2.2.4.jar:/home/anatole/ycsb/infinispan/target/dependency/unsafe-helper-1.0.jar site.ycsb.Client -t -db site.ycsb.db.InfinispanClient -P ../workloads/workloadf -preload -s -threads 1 -p dataintegrity=true -p offheap=false -p recordcount=1000000 -p operationcount=3000000 -p fieldcount=10 -p fieldlength=300 -p requestdistribution=zipfian -p measurement.trackjvm=true -p measurementtype=hdrhistogram -p hdrhistogram.output.path=./out/exp7.marshalling.ref/log/infinispan.run.workloadf.true.1000000.1000000.10.300.zipfian.1.false.true.default.default.none.r12.hdr.log
[OVERALL], RunTime(ms), 81432
[OVERALL], Throughput(ops/sec), 49120.73877591119
[TOTAL_GCS_G1_Young_Generation], Count, 48
[TOTAL_GC_TIME_G1_Young_Generation], Time(ms), 6740
[TOTAL_GC_TIME_%_G1_Young_Generation], Time(%), 8.276844483741035
[TOTAL_GCS_G1_Old_Generation], Count, 0
[TOTAL_GC_TIME_G1_Old_Generation], Time(ms), 0
[TOTAL_GC_TIME_%_G1_Old_Generation], Time(%), 0.0
[TOTAL_GCs], Count, 48
[TOTAL_GC_TIME], Time(ms), 6740
[TOTAL_GC_TIME_%], Time(%), 8.276844483741035
[MAX_MEM_USED], MBs, 14548
[MIN_MEM_USED], MBs, 54
[MAX_THREADS], Count, 6
[MIN_THREADS], Count, 3
[MAX_SYS_LOAD_AVG], Load, 5.14
[MIN_SYS_LOAD_AVG], Load, 2.21
[THREAD_COUNT], Operations, 10
[THREAD_COUNT], AverageLatency(ns), 5.4
[THREAD_COUNT], MinLatency(ns), 3
[THREAD_COUNT], MaxLatency(ns), 6
[THREAD_COUNT], 95thPercentileLatency(ns), 6
[THREAD_COUNT], 99thPercentileLatency(ns), 6
[SYS_LOAD_AVG], Operations, 10
[SYS_LOAD_AVG], AverageLatency(ns), 2.8
[SYS_LOAD_AVG], MinLatency(ns), 2
[SYS_LOAD_AVG], MaxLatency(ns), 5
[SYS_LOAD_AVG], 95thPercentileLatency(ns), 5
[SYS_LOAD_AVG], 99thPercentileLatency(ns), 5
[READ-MODIFY-WRITE], Operations, 1500986
[READ-MODIFY-WRITE], AverageLatency(ns), 3608.650717594968
[READ-MODIFY-WRITE], MinLatency(ns), 1424
[READ-MODIFY-WRITE], MaxLatency(ns), 256116735
[READ-MODIFY-WRITE], 95thPercentileLatency(ns), 6052
[READ-MODIFY-WRITE], 99thPercentileLatency(ns), 7439
[LOAD], Operations, 1
[LOAD], AverageLatency(ns), 6.3150620672E10
[LOAD], MinLatency(ns), 63150489600
[LOAD], MaxLatency(ns), 63150751743
[LOAD], 95thPercentileLatency(ns), 63150751743
[LOAD], 99thPercentileLatency(ns), 63150751743
[USED_MEM_MB], Operations, 10
[USED_MEM_MB], AverageLatency(ns), 8660.2
[USED_MEM_MB], MinLatency(ns), 54
[USED_MEM_MB], MaxLatency(ns), 14548
[USED_MEM_MB], 95thPercentileLatency(ns), 14548
[USED_MEM_MB], 99thPercentileLatency(ns), 14548
[MAIN_GCs_Count], Operations, 1
[MAIN_GCs_Count], AverageLatency(ns), 6.0
[MAIN_GCs_Count], MinLatency(ns), 6
[MAIN_GCs_Count], MaxLatency(ns), 6
[MAIN_GCs_Count], 95thPercentileLatency(ns), 6
[MAIN_GCs_Count], 99thPercentileLatency(ns), 6
[MAIN_GCs_Time(ms)], Operations, 1
[MAIN_GCs_Time(ms)], AverageLatency(ns), 1096.0
[MAIN_GCs_Time(ms)], MinLatency(ns), 1096
[MAIN_GCs_Time(ms)], MaxLatency(ns), 1096
[MAIN_GCs_Time(ms)], 95thPercentileLatency(ns), 1096
[MAIN_GCs_Time(ms)], 99thPercentileLatency(ns), 1096
[TRANSACTION], Operations, 1
[TRANSACTION], AverageLatency(ns), 1.7161027584E10
[TRANSACTION], MinLatency(ns), 17160994816
[TRANSACTION], MaxLatency(ns), 17161060351
[TRANSACTION], 95thPercentileLatency(ns), 17161060351
[TRANSACTION], 99thPercentileLatency(ns), 17161060351
[GCS_TIME], Operations, 10
[GCS_TIME], AverageLatency(ns), 674.0
[GCS_TIME], MinLatency(ns), 0
[GCS_TIME], MaxLatency(ns), 1028
[GCS_TIME], 95thPercentileLatency(ns), 1028
[GCS_TIME], 99thPercentileLatency(ns), 1028
[LOAD_GCs_Time(ms)], Operations, 1
[LOAD_GCs_Time(ms)], AverageLatency(ns), 5608.0
[LOAD_GCs_Time(ms)], MinLatency(ns), 5608
[LOAD_GCs_Time(ms)], MaxLatency(ns), 5608
[LOAD_GCs_Time(ms)], 95thPercentileLatency(ns), 5608
[LOAD_GCs_Time(ms)], 99thPercentileLatency(ns), 5608
[READ], Operations, 3000000
[READ], AverageLatency(ns), 759.491464
[READ], MinLatency(ns), 160
[READ], MaxLatency(ns), 1970919
[READ], 95thPercentileLatency(ns), 1844
[READ], 99thPercentileLatency(ns), 3378
[READ], Return=OK, 3000000
[INIT], Operations, 1
[INIT], AverageLatency(ns), 1.000712192E9
[INIT], MinLatency(ns), 1000710144
[INIT], MaxLatency(ns), 1000714239
[INIT], 95thPercentileLatency(ns), 1000714239
[INIT], 99thPercentileLatency(ns), 1000714239
[GCS], Operations, 10
[GCS], AverageLatency(ns), 4.8
[GCS], MinLatency(ns), 0
[GCS], MaxLatency(ns), 18
[GCS], 95thPercentileLatency(ns), 18
[GCS], 99thPercentileLatency(ns), 18
[LOAD_GCs_Count], Operations, 1
[LOAD_GCs_Count], AverageLatency(ns), 40.0
[LOAD_GCs_Count], MinLatency(ns), 40
[LOAD_GCs_Count], MaxLatency(ns), 40
[LOAD_GCs_Count], 95thPercentileLatency(ns), 40
[LOAD_GCs_Count], 99thPercentileLatency(ns), 40
[CLEANUP], Operations, 1
[CLEANUP], AverageLatency(ns), 13008.0
[CLEANUP], MinLatency(ns), 13008
[CLEANUP], MaxLatency(ns), 13008
[CLEANUP], 95thPercentileLatency(ns), 13008
[CLEANUP], 99thPercentileLatency(ns), 13008
[INSERT], Operations, 1000000
[INSERT], AverageLatency(ns), 2451.237663
[INSERT], MinLatency(ns), 1189
[INSERT], MaxLatency(ns), 208296959
[INSERT], 95thPercentileLatency(ns), 3469
[INSERT], 99thPercentileLatency(ns), 5194
[INSERT], Return=OK, 1000000
[UPDATE], Operations, 1500986
[UPDATE], AverageLatency(ns), 2507.616325535348
[UPDATE], MinLatency(ns), 997
[UPDATE], MaxLatency(ns), 229953535
[UPDATE], 95thPercentileLatency(ns), 4701
[UPDATE], 99thPercentileLatency(ns), 5828
[UPDATE], Return=OK, 1500986
