/home/anatole/jdk8u/build/linux-x86_64-normal-server-release/jdk/bin/java -Xmx100g -XX:+UseG1GC -XX:InitiatingHeapOccupancyPercent=15 -classpath /home/anatole/ycsb/conf:/home/anatole/ycsb/core/target/core-0.18.0-SNAPSHOT.jar:/home/anatole/ycsb/core/target/dependency/HdrHistogram-2.1.4.jar:/home/anatole/ycsb/core/target/dependency/guava-18.0.jar:/home/anatole/ycsb/core/target/dependency/htrace-core4-4.1.0-incubating.jar:/home/anatole/ycsb/core/target/dependency/jackson-core-asl-1.9.4.jar:/home/anatole/ycsb/core/target/dependency/jackson-mapper-asl-1.9.4.jar:/home/anatole/ycsb/core/target/dependency/javax.persistence-api-2.2.jar:/home/anatole/ycsb/core/target/dependency/jnvm-1.0-SNAPSHOT.jar:/home/anatole/ycsb/core/target/dependency/pcj-1.0.jar:/home/anatole/ycsb/core/target/dependency/unsafe-helper-1.0.jar:/home/anatole/ycsb/infinispan/src/main/conf:/home/anatole/ycsb/infinispan/target/infinispan-binding-0.18.0-SNAPSHOT.jar:/home/anatole/ycsb/infinispan/target/dependency/caffeine-2.6.2.jar:/home/anatole/ycsb/infinispan/target/dependency/gson-2.8.2.jar:/home/anatole/ycsb/infinispan/target/dependency/guava-18.0.jar:/home/anatole/ycsb/infinispan/target/dependency/infinispan-cachestore-jnvm-1.0-SNAPSHOT.jar:/home/anatole/ycsb/infinispan/target/dependency/infinispan-cachestore-pcj-1.0-SNAPSHOT.jar:/home/anatole/ycsb/infinispan/target/dependency/infinispan-client-hotrod-9.4.20.Final.jar:/home/anatole/ycsb/infinispan/target/dependency/infinispan-commons-9.4.20.Final.jar:/home/anatole/ycsb/infinispan/target/dependency/infinispan-core-9.4.20.Final.jar:/home/anatole/ycsb/infinispan/target/dependency/infinispan-persistence-soft-index-9.4.20.Final.jar:/home/anatole/ycsb/infinispan/target/dependency/javax.persistence-api-2.2.jar:/home/anatole/ycsb/infinispan/target/dependency/jboss-logging-3.3.2.Final.jar:/home/anatole/ycsb/infinispan/target/dependency/jboss-marshalling-osgi-2.0.6.Final.jar:/home/anatole/ycsb/infinispan/target/dependency/jboss-transaction-api_1.2_spec-1.1.1.Final.jar:/home/anatole/ycsb/infinispan/target/dependency/jgroups-4.0.21.Final.jar:/home/anatole/ycsb/infinispan/target/dependency/jnvm-1.0-SNAPSHOT.jar:/home/anatole/ycsb/infinispan/target/dependency/metainf-services-1.7.jar:/home/anatole/ycsb/infinispan/target/dependency/netty-buffer-4.1.51.Final.jar:/home/anatole/ycsb/infinispan/target/dependency/netty-codec-4.1.51.Final.jar:/home/anatole/ycsb/infinispan/target/dependency/netty-common-4.1.51.Final.jar:/home/anatole/ycsb/infinispan/target/dependency/netty-handler-4.1.51.Final.jar:/home/anatole/ycsb/infinispan/target/dependency/netty-resolver-4.1.51.Final.jar:/home/anatole/ycsb/infinispan/target/dependency/netty-transport-4.1.51.Final.jar:/home/anatole/ycsb/infinispan/target/dependency/netty-transport-native-epoll-4.1.51.Final-linux-x86_64.jar:/home/anatole/ycsb/infinispan/target/dependency/netty-transport-native-unix-common-4.1.51.Final.jar:/home/anatole/ycsb/infinispan/target/dependency/pcj-1.0.jar:/home/anatole/ycsb/infinispan/target/dependency/reactive-streams-1.0.2.jar:/home/anatole/ycsb/infinispan/target/dependency/rxjava-2.2.4.jar:/home/anatole/ycsb/infinispan/target/dependency/unsafe-helper-1.0.jar site.ycsb.Client -t -db site.ycsb.db.InfinispanClient -P ../workloads/workloadf -preload -s -threads 1 -p dataintegrity=true -p offheap=false -p recordcount=1000000 -p operationcount=3000000 -p fieldcount=10 -p fieldlength=300 -p requestdistribution=zipfian -p measurement.trackjvm=true -p measurementtype=hdrhistogram -p hdrhistogram.output.path=./out/exp7.marshalling.ref/log/infinispan.run.workloadf.true.1000000.1000000.10.300.zipfian.1.false.true.default.default.none.r7.hdr.log
[OVERALL], RunTime(ms), 74289
[OVERALL], Throughput(ops/sec), 53843.77229468697
[TOTAL_GCS_G1_Young_Generation], Count, 50
[TOTAL_GC_TIME_G1_Young_Generation], Time(ms), 6296
[TOTAL_GC_TIME_%_G1_Young_Generation], Time(%), 8.47500975918373
[TOTAL_GCS_G1_Old_Generation], Count, 0
[TOTAL_GC_TIME_G1_Old_Generation], Time(ms), 0
[TOTAL_GC_TIME_%_G1_Old_Generation], Time(%), 0.0
[TOTAL_GCs], Count, 50
[TOTAL_GC_TIME], Time(ms), 6296
[TOTAL_GC_TIME_%], Time(%), 8.47500975918373
[MAX_MEM_USED], MBs, 16747
[MIN_MEM_USED], MBs, 52
[MAX_THREADS], Count, 6
[MIN_THREADS], Count, 3
[MAX_SYS_LOAD_AVG], Load, 3.44
[MIN_SYS_LOAD_AVG], Load, 2.25
[THREAD_COUNT], Operations, 9
[THREAD_COUNT], AverageLatency(ns), 5.555555555555555
[THREAD_COUNT], MinLatency(ns), 3
[THREAD_COUNT], MaxLatency(ns), 6
[THREAD_COUNT], 95thPercentileLatency(ns), 6
[THREAD_COUNT], 99thPercentileLatency(ns), 6
[SYS_LOAD_AVG], Operations, 9
[SYS_LOAD_AVG], AverageLatency(ns), 2.4444444444444446
[SYS_LOAD_AVG], MinLatency(ns), 2
[SYS_LOAD_AVG], MaxLatency(ns), 3
[SYS_LOAD_AVG], 95thPercentileLatency(ns), 3
[SYS_LOAD_AVG], 99thPercentileLatency(ns), 3
[READ-MODIFY-WRITE], Operations, 1500468
[READ-MODIFY-WRITE], AverageLatency(ns), 3721.453407203619
[READ-MODIFY-WRITE], MinLatency(ns), 1376
[READ-MODIFY-WRITE], MaxLatency(ns), 301768703
[READ-MODIFY-WRITE], 95thPercentileLatency(ns), 5874
[READ-MODIFY-WRITE], 99thPercentileLatency(ns), 12587
[LOAD], Operations, 1
[LOAD], AverageLatency(ns), 5.6526241792E10
[LOAD], MinLatency(ns), 56526110720
[LOAD], MaxLatency(ns), 56526372863
[LOAD], 95thPercentileLatency(ns), 56526372863
[LOAD], 99thPercentileLatency(ns), 56526372863
[USED_MEM_MB], Operations, 9
[USED_MEM_MB], AverageLatency(ns), 8777.333333333334
[USED_MEM_MB], MinLatency(ns), 52
[USED_MEM_MB], MaxLatency(ns), 16747
[USED_MEM_MB], 95thPercentileLatency(ns), 16747
[USED_MEM_MB], 99thPercentileLatency(ns), 16747
[MAIN_GCs_Count], Operations, 1
[MAIN_GCs_Count], AverageLatency(ns), 10.0
[MAIN_GCs_Count], MinLatency(ns), 10
[MAIN_GCs_Count], MaxLatency(ns), 10
[MAIN_GCs_Count], 95thPercentileLatency(ns), 10
[MAIN_GCs_Count], 99thPercentileLatency(ns), 10
[MAIN_GCs_Time(ms)], Operations, 1
[MAIN_GCs_Time(ms)], AverageLatency(ns), 1268.0
[MAIN_GCs_Time(ms)], MinLatency(ns), 1268
[MAIN_GCs_Time(ms)], MaxLatency(ns), 1268
[MAIN_GCs_Time(ms)], 95thPercentileLatency(ns), 1268
[MAIN_GCs_Time(ms)], 99thPercentileLatency(ns), 1268
[TRANSACTION], Operations, 1
[TRANSACTION], AverageLatency(ns), 1.7037688832E10
[TRANSACTION], MinLatency(ns), 17037656064
[TRANSACTION], MaxLatency(ns), 17037721599
[TRANSACTION], 95thPercentileLatency(ns), 17037721599
[TRANSACTION], 99thPercentileLatency(ns), 17037721599
[GCS_TIME], Operations, 9
[GCS_TIME], AverageLatency(ns), 699.5555555555555
[GCS_TIME], MinLatency(ns), 0
[GCS_TIME], MaxLatency(ns), 1037
[GCS_TIME], 95thPercentileLatency(ns), 1037
[GCS_TIME], 99thPercentileLatency(ns), 1037
[LOAD_GCs_Time(ms)], Operations, 1
[LOAD_GCs_Time(ms)], AverageLatency(ns), 4999.0
[LOAD_GCs_Time(ms)], MinLatency(ns), 4999
[LOAD_GCs_Time(ms)], MaxLatency(ns), 4999
[LOAD_GCs_Time(ms)], 95thPercentileLatency(ns), 4999
[LOAD_GCs_Time(ms)], 99thPercentileLatency(ns), 4999
[READ], Operations, 3000000
[READ], AverageLatency(ns), 757.134605
[READ], MinLatency(ns), 159
[READ], MaxLatency(ns), 1564375
[READ], 95thPercentileLatency(ns), 1907
[READ], 99thPercentileLatency(ns), 3352
[READ], Return=OK, 3000000
[INIT], Operations, 1
[INIT], AverageLatency(ns), 6.32850432E8
[INIT], MinLatency(ns), 632848384
[INIT], MaxLatency(ns), 632852479
[INIT], 95thPercentileLatency(ns), 632852479
[INIT], 99thPercentileLatency(ns), 632852479
[GCS], Operations, 9
[GCS], AverageLatency(ns), 5.555555555555555
[GCS], MinLatency(ns), 0
[GCS], MaxLatency(ns), 18
[GCS], 95thPercentileLatency(ns), 18
[GCS], 99thPercentileLatency(ns), 18
[LOAD_GCs_Count], Operations, 1
[LOAD_GCs_Count], AverageLatency(ns), 38.0
[LOAD_GCs_Count], MinLatency(ns), 38
[LOAD_GCs_Count], MaxLatency(ns), 38
[LOAD_GCs_Count], 95thPercentileLatency(ns), 38
[LOAD_GCs_Count], 99thPercentileLatency(ns), 38
[CLEANUP], Operations, 1
[CLEANUP], AverageLatency(ns), 13615.0
[CLEANUP], MinLatency(ns), 13615
[CLEANUP], MaxLatency(ns), 13615
[CLEANUP], 95thPercentileLatency(ns), 13615
[CLEANUP], 99thPercentileLatency(ns), 13615
[INSERT], Operations, 1000000
[INSERT], AverageLatency(ns), 1965.684753
[INSERT], MinLatency(ns), 1185
[INSERT], MaxLatency(ns), 84289023
[INSERT], 95thPercentileLatency(ns), 2076
[INSERT], 99thPercentileLatency(ns), 4045
[INSERT], Return=OK, 1000000
[UPDATE], Operations, 1500468
[UPDATE], AverageLatency(ns), 2437.163950847336
[UPDATE], MinLatency(ns), 941
[UPDATE], MaxLatency(ns), 139805695
[UPDATE], 95thPercentileLatency(ns), 4446
[UPDATE], 99thPercentileLatency(ns), 6983
[UPDATE], Return=OK, 1500468
