/home/anatole/jdk8u/build/linux-x86_64-normal-server-release/jdk/bin/java -Xmx20g -XX:+UseG1GC -classpath /home/anatole/ycsb/conf:/home/anatole/ycsb/core/target/core-0.18.0-SNAPSHOT.jar:/home/anatole/ycsb/core/target/dependency/HdrHistogram-2.1.4.jar:/home/anatole/ycsb/core/target/dependency/guava-18.0.jar:/home/anatole/ycsb/core/target/dependency/htrace-core4-4.1.0-incubating.jar:/home/anatole/ycsb/core/target/dependency/jackson-core-asl-1.9.4.jar:/home/anatole/ycsb/core/target/dependency/jackson-mapper-asl-1.9.4.jar:/home/anatole/ycsb/core/target/dependency/javax.persistence-api-2.2.jar:/home/anatole/ycsb/core/target/dependency/jnvm-1.0-SNAPSHOT.jar:/home/anatole/ycsb/core/target/dependency/pcj-1.0.jar:/home/anatole/ycsb/core/target/dependency/unsafe-helper-1.0.jar:/home/anatole/ycsb/infinispan/src/main/conf:/home/anatole/ycsb/infinispan/target/infinispan-binding-0.18.0-SNAPSHOT.jar:/home/anatole/ycsb/infinispan/target/dependency/caffeine-2.6.2.jar:/home/anatole/ycsb/infinispan/target/dependency/gson-2.8.2.jar:/home/anatole/ycsb/infinispan/target/dependency/guava-18.0.jar:/home/anatole/ycsb/infinispan/target/dependency/infinispan-cachestore-jnvm-1.0-SNAPSHOT.jar:/home/anatole/ycsb/infinispan/target/dependency/infinispan-cachestore-pcj-1.0-SNAPSHOT.jar:/home/anatole/ycsb/infinispan/target/dependency/infinispan-client-hotrod-9.4.20.Final.jar:/home/anatole/ycsb/infinispan/target/dependency/infinispan-commons-9.4.20.Final.jar:/home/anatole/ycsb/infinispan/target/dependency/infinispan-core-9.4.20.Final.jar:/home/anatole/ycsb/infinispan/target/dependency/infinispan-persistence-soft-index-9.4.20.Final.jar:/home/anatole/ycsb/infinispan/target/dependency/javax.persistence-api-2.2.jar:/home/anatole/ycsb/infinispan/target/dependency/jboss-logging-3.3.2.Final.jar:/home/anatole/ycsb/infinispan/target/dependency/jboss-marshalling-osgi-2.0.6.Final.jar:/home/anatole/ycsb/infinispan/target/dependency/jboss-transaction-api_1.2_spec-1.1.1.Final.jar:/home/anatole/ycsb/infinispan/target/dependency/jgroups-4.0.21.Final.jar:/home/anatole/ycsb/infinispan/target/dependency/jnvm-1.0-SNAPSHOT.jar:/home/anatole/ycsb/infinispan/target/dependency/metainf-services-1.7.jar:/home/anatole/ycsb/infinispan/target/dependency/netty-buffer-4.1.51.Final.jar:/home/anatole/ycsb/infinispan/target/dependency/netty-codec-4.1.51.Final.jar:/home/anatole/ycsb/infinispan/target/dependency/netty-common-4.1.51.Final.jar:/home/anatole/ycsb/infinispan/target/dependency/netty-handler-4.1.51.Final.jar:/home/anatole/ycsb/infinispan/target/dependency/netty-resolver-4.1.51.Final.jar:/home/anatole/ycsb/infinispan/target/dependency/netty-transport-4.1.51.Final.jar:/home/anatole/ycsb/infinispan/target/dependency/netty-transport-native-epoll-4.1.51.Final-linux-x86_64.jar:/home/anatole/ycsb/infinispan/target/dependency/netty-transport-native-unix-common-4.1.51.Final.jar:/home/anatole/ycsb/infinispan/target/dependency/pcj-1.0.jar:/home/anatole/ycsb/infinispan/target/dependency/reactive-streams-1.0.2.jar:/home/anatole/ycsb/infinispan/target/dependency/rxjava-2.2.4.jar:/home/anatole/ycsb/infinispan/target/dependency/unsafe-helper-1.0.jar site.ycsb.Client -t -db site.ycsb.db.InfinispanClient -P ../workloads/workloadf -preload -s -threads 1 -p dataintegrity=true -p offheap=false -p recordcount=1000000 -p operationcount=3000000 -p fieldcount=10 -p fieldlength=100 -p requestdistribution=zipfian -p measurement.trackjvm=true -p measurementtype=hdrhistogram -p hdrhistogram.output.path=./out/exp7.marshalling.ref/log/infinispan.run.workloadf.true.1000000.100000.10.100.zipfian.1.false.true.default.default.pmem0.r3.hdr.log
[OVERALL], RunTime(ms), 158353
[OVERALL], Throughput(ops/sec), 25260.02033431637
[TOTAL_GCS_G1_Young_Generation], Count, 266
[TOTAL_GC_TIME_G1_Young_Generation], Time(ms), 6565
[TOTAL_GC_TIME_%_G1_Young_Generation], Time(%), 4.1458008373696735
[TOTAL_GCS_G1_Old_Generation], Count, 0
[TOTAL_GC_TIME_G1_Old_Generation], Time(ms), 0
[TOTAL_GC_TIME_%_G1_Old_Generation], Time(%), 0.0
[TOTAL_GCs], Count, 266
[TOTAL_GC_TIME], Time(ms), 6565
[TOTAL_GC_TIME_%], Time(%), 4.1458008373696735
[MAX_MEM_USED], MBs, 1755
[MIN_MEM_USED], MBs, 48
[MAX_THREADS], Count, 7
[MIN_THREADS], Count, 3
[MAX_SYS_LOAD_AVG], Load, 6.8
[MIN_SYS_LOAD_AVG], Load, 2.29
[THREAD_COUNT], Operations, 17
[THREAD_COUNT], AverageLatency(ns), 6.117647058823529
[THREAD_COUNT], MinLatency(ns), 3
[THREAD_COUNT], MaxLatency(ns), 7
[THREAD_COUNT], 95thPercentileLatency(ns), 7
[THREAD_COUNT], 99thPercentileLatency(ns), 7
[SYS_LOAD_AVG], Operations, 17
[SYS_LOAD_AVG], AverageLatency(ns), 3.7058823529411766
[SYS_LOAD_AVG], MinLatency(ns), 2
[SYS_LOAD_AVG], MaxLatency(ns), 6
[SYS_LOAD_AVG], 95thPercentileLatency(ns), 5
[SYS_LOAD_AVG], 99thPercentileLatency(ns), 6
[READ-MODIFY-WRITE], Operations, 1500382
[READ-MODIFY-WRITE], AverageLatency(ns), 52277.88546916719
[READ-MODIFY-WRITE], MinLatency(ns), 24223
[READ-MODIFY-WRITE], MaxLatency(ns), 111990271
[READ-MODIFY-WRITE], 95thPercentileLatency(ns), 73467
[READ-MODIFY-WRITE], 99thPercentileLatency(ns), 88463
[LOAD], Operations, 1
[LOAD], AverageLatency(ns), 4.3261493248E10
[LOAD], MinLatency(ns), 43261362176
[LOAD], MaxLatency(ns), 43261624319
[LOAD], 95thPercentileLatency(ns), 43261624319
[LOAD], 99thPercentileLatency(ns), 43261624319
[USED_MEM_MB], Operations, 17
[USED_MEM_MB], AverageLatency(ns), 1329.5294117647059
[USED_MEM_MB], MinLatency(ns), 48
[USED_MEM_MB], MaxLatency(ns), 1755
[USED_MEM_MB], 95thPercentileLatency(ns), 1666
[USED_MEM_MB], 99thPercentileLatency(ns), 1755
[MAIN_GCs_Count], Operations, 1
[MAIN_GCs_Count], AverageLatency(ns), 207.0
[MAIN_GCs_Count], MinLatency(ns), 207
[MAIN_GCs_Count], MaxLatency(ns), 207
[MAIN_GCs_Count], 95thPercentileLatency(ns), 207
[MAIN_GCs_Count], 99thPercentileLatency(ns), 207
[MAIN_GCs_Time(ms)], Operations, 1
[MAIN_GCs_Time(ms)], AverageLatency(ns), 4991.0
[MAIN_GCs_Time(ms)], MinLatency(ns), 4991
[MAIN_GCs_Time(ms)], MaxLatency(ns), 4991
[MAIN_GCs_Time(ms)], 95thPercentileLatency(ns), 4991
[MAIN_GCs_Time(ms)], 99thPercentileLatency(ns), 4991
[TRANSACTION], Operations, 1
[TRANSACTION], AverageLatency(ns), 1.14344853504E11
[TRANSACTION], MinLatency(ns), 114344591360
[TRANSACTION], MaxLatency(ns), 114345115647
[TRANSACTION], 95thPercentileLatency(ns), 114345115647
[TRANSACTION], 99thPercentileLatency(ns), 114345115647
[GCS_TIME], Operations, 17
[GCS_TIME], AverageLatency(ns), 386.1764705882353
[GCS_TIME], MinLatency(ns), 0
[GCS_TIME], MaxLatency(ns), 638
[GCS_TIME], 95thPercentileLatency(ns), 514
[GCS_TIME], 99thPercentileLatency(ns), 638
[LOAD_GCs_Time(ms)], Operations, 1
[LOAD_GCs_Time(ms)], AverageLatency(ns), 1544.0
[LOAD_GCs_Time(ms)], MinLatency(ns), 1544
[LOAD_GCs_Time(ms)], MaxLatency(ns), 1544
[LOAD_GCs_Time(ms)], 95thPercentileLatency(ns), 1544
[LOAD_GCs_Time(ms)], 99thPercentileLatency(ns), 1544
[READ], Operations, 3000000
[READ], AverageLatency(ns), 20945.252201666666
[READ], MinLatency(ns), 179
[READ], MaxLatency(ns), 94775295
[READ], 95thPercentileLatency(ns), 41056
[READ], 99thPercentileLatency(ns), 50019
[READ], Return=OK, 3000000
[INIT], Operations, 1
[INIT], AverageLatency(ns), 6.78991872E8
[INIT], MinLatency(ns), 678989824
[INIT], MaxLatency(ns), 678993919
[INIT], 95thPercentileLatency(ns), 678993919
[INIT], 99thPercentileLatency(ns), 678993919
[GCS], Operations, 17
[GCS], AverageLatency(ns), 15.647058823529411
[GCS], MinLatency(ns), 0
[GCS], MaxLatency(ns), 21
[GCS], 95thPercentileLatency(ns), 20
[GCS], 99thPercentileLatency(ns), 21
[LOAD_GCs_Count], Operations, 1
[LOAD_GCs_Count], AverageLatency(ns), 57.0
[LOAD_GCs_Count], MinLatency(ns), 57
[LOAD_GCs_Count], MaxLatency(ns), 57
[LOAD_GCs_Count], 95thPercentileLatency(ns), 57
[LOAD_GCs_Count], 99thPercentileLatency(ns), 57
[CLEANUP], Operations, 1
[CLEANUP], AverageLatency(ns), 15741.0
[CLEANUP], MinLatency(ns), 15741
[CLEANUP], MaxLatency(ns), 15741
[CLEANUP], 95thPercentileLatency(ns), 15741
[CLEANUP], 99thPercentileLatency(ns), 15741
[INSERT], Operations, 1000000
[INSERT], AverageLatency(ns), 34868.896076
[INSERT], MinLatency(ns), 22857
[INSERT], MaxLatency(ns), 98795007
[INSERT], 95thPercentileLatency(ns), 39543
[INSERT], 99thPercentileLatency(ns), 46778
[INSERT], Return=OK, 1000000
[UPDATE], Operations, 1500382
[UPDATE], AverageLatency(ns), 30766.87115214659
[UPDATE], MinLatency(ns), 23384
[UPDATE], MaxLatency(ns), 69381119
[UPDATE], 95thPercentileLatency(ns), 36829
[UPDATE], 99thPercentileLatency(ns), 41723
[UPDATE], Return=OK, 1500382
