/home/anatole/jdk8u/build/linux-x86_64-normal-server-release/jdk/bin/java -Xmx20g -XX:+UseG1GC -classpath /home/anatole/ycsb/conf:/home/anatole/ycsb/core/target/core-0.18.0-SNAPSHOT.jar:/home/anatole/ycsb/core/target/dependency/HdrHistogram-2.1.4.jar:/home/anatole/ycsb/core/target/dependency/guava-18.0.jar:/home/anatole/ycsb/core/target/dependency/htrace-core4-4.1.0-incubating.jar:/home/anatole/ycsb/core/target/dependency/jackson-core-asl-1.9.4.jar:/home/anatole/ycsb/core/target/dependency/jackson-mapper-asl-1.9.4.jar:/home/anatole/ycsb/core/target/dependency/javax.persistence-api-2.2.jar:/home/anatole/ycsb/core/target/dependency/jnvm-1.0-SNAPSHOT.jar:/home/anatole/ycsb/core/target/dependency/pcj-1.0.jar:/home/anatole/ycsb/core/target/dependency/unsafe-helper-1.0.jar:/home/anatole/ycsb/infinispan/src/main/conf:/home/anatole/ycsb/infinispan/target/infinispan-binding-0.18.0-SNAPSHOT.jar:/home/anatole/ycsb/infinispan/target/dependency/caffeine-2.6.2.jar:/home/anatole/ycsb/infinispan/target/dependency/gson-2.8.2.jar:/home/anatole/ycsb/infinispan/target/dependency/guava-18.0.jar:/home/anatole/ycsb/infinispan/target/dependency/infinispan-cachestore-jnvm-1.0-SNAPSHOT.jar:/home/anatole/ycsb/infinispan/target/dependency/infinispan-cachestore-pcj-1.0-SNAPSHOT.jar:/home/anatole/ycsb/infinispan/target/dependency/infinispan-client-hotrod-9.4.20.Final.jar:/home/anatole/ycsb/infinispan/target/dependency/infinispan-commons-9.4.20.Final.jar:/home/anatole/ycsb/infinispan/target/dependency/infinispan-core-9.4.20.Final.jar:/home/anatole/ycsb/infinispan/target/dependency/infinispan-persistence-soft-index-9.4.20.Final.jar:/home/anatole/ycsb/infinispan/target/dependency/javax.persistence-api-2.2.jar:/home/anatole/ycsb/infinispan/target/dependency/jboss-logging-3.3.2.Final.jar:/home/anatole/ycsb/infinispan/target/dependency/jboss-marshalling-osgi-2.0.6.Final.jar:/home/anatole/ycsb/infinispan/target/dependency/jboss-transaction-api_1.2_spec-1.1.1.Final.jar:/home/anatole/ycsb/infinispan/target/dependency/jgroups-4.0.21.Final.jar:/home/anatole/ycsb/infinispan/target/dependency/jnvm-1.0-SNAPSHOT.jar:/home/anatole/ycsb/infinispan/target/dependency/metainf-services-1.7.jar:/home/anatole/ycsb/infinispan/target/dependency/netty-buffer-4.1.51.Final.jar:/home/anatole/ycsb/infinispan/target/dependency/netty-codec-4.1.51.Final.jar:/home/anatole/ycsb/infinispan/target/dependency/netty-common-4.1.51.Final.jar:/home/anatole/ycsb/infinispan/target/dependency/netty-handler-4.1.51.Final.jar:/home/anatole/ycsb/infinispan/target/dependency/netty-resolver-4.1.51.Final.jar:/home/anatole/ycsb/infinispan/target/dependency/netty-transport-4.1.51.Final.jar:/home/anatole/ycsb/infinispan/target/dependency/netty-transport-native-epoll-4.1.51.Final-linux-x86_64.jar:/home/anatole/ycsb/infinispan/target/dependency/netty-transport-native-unix-common-4.1.51.Final.jar:/home/anatole/ycsb/infinispan/target/dependency/pcj-1.0.jar:/home/anatole/ycsb/infinispan/target/dependency/reactive-streams-1.0.2.jar:/home/anatole/ycsb/infinispan/target/dependency/rxjava-2.2.4.jar:/home/anatole/ycsb/infinispan/target/dependency/unsafe-helper-1.0.jar site.ycsb.Client -t -db site.ycsb.db.InfinispanClient -P ../workloads/workloadf -preload -s -threads 1 -p dataintegrity=true -p offheap=false -p recordcount=1000000 -p operationcount=3000000 -p fieldcount=10 -p fieldlength=800 -p requestdistribution=zipfian -p measurement.trackjvm=true -p measurementtype=hdrhistogram -p hdrhistogram.output.path=./out/exp7.marshalling.ref/log/infinispan.run.workloadf.true.1000000.100000.10.800.zipfian.1.false.true.default.default.tmpfs.r4.hdr.log
[OVERALL], RunTime(ms), 561135
[OVERALL], Throughput(ops/sec), 7128.409384550955
[TOTAL_GCS_G1_Young_Generation], Count, 416
[TOTAL_GC_TIME_G1_Young_Generation], Time(ms), 15220
[TOTAL_GC_TIME_%_G1_Young_Generation], Time(%), 2.7123597708216383
[TOTAL_GCS_G1_Old_Generation], Count, 0
[TOTAL_GC_TIME_G1_Old_Generation], Time(ms), 0
[TOTAL_GC_TIME_%_G1_Old_Generation], Time(%), 0.0
[TOTAL_GCs], Count, 416
[TOTAL_GC_TIME], Time(ms), 15220
[TOTAL_GC_TIME_%], Time(%), 2.7123597708216383
[MAX_MEM_USED], MBs, 6343
[MIN_MEM_USED], MBs, 50
[MAX_THREADS], Count, 7
[MIN_THREADS], Count, 3
[MAX_SYS_LOAD_AVG], Load, 3.79
[MIN_SYS_LOAD_AVG], Load, 1.04
[THREAD_COUNT], Operations, 58
[THREAD_COUNT], AverageLatency(ns), 5.327586206896552
[THREAD_COUNT], MinLatency(ns), 3
[THREAD_COUNT], MaxLatency(ns), 7
[THREAD_COUNT], 95thPercentileLatency(ns), 7
[THREAD_COUNT], 99thPercentileLatency(ns), 7
[SYS_LOAD_AVG], Operations, 58
[SYS_LOAD_AVG], AverageLatency(ns), 1.4137931034482758
[SYS_LOAD_AVG], MinLatency(ns), 1
[SYS_LOAD_AVG], MaxLatency(ns), 3
[SYS_LOAD_AVG], 95thPercentileLatency(ns), 3
[SYS_LOAD_AVG], 99thPercentileLatency(ns), 3
[READ-MODIFY-WRITE], Operations, 1498463
[READ-MODIFY-WRITE], AverageLatency(ns), 85474.12991712174
[READ-MODIFY-WRITE], MinLatency(ns), 50974
[READ-MODIFY-WRITE], MaxLatency(ns), 211962879
[READ-MODIFY-WRITE], 95thPercentileLatency(ns), 107878
[READ-MODIFY-WRITE], 99thPercentileLatency(ns), 122617
[LOAD], Operations, 1
[LOAD], AverageLatency(ns), 3.44676368384E11
[LOAD], MinLatency(ns), 344675319808
[LOAD], MaxLatency(ns), 344677416959
[LOAD], 95thPercentileLatency(ns), 344677416959
[LOAD], 99thPercentileLatency(ns), 344677416959
[USED_MEM_MB], Operations, 58
[USED_MEM_MB], AverageLatency(ns), 4196.551724137931
[USED_MEM_MB], MinLatency(ns), 50
[USED_MEM_MB], MaxLatency(ns), 6343
[USED_MEM_MB], 95thPercentileLatency(ns), 6137
[USED_MEM_MB], 99thPercentileLatency(ns), 6320
[MAIN_GCs_Count], Operations, 1
[MAIN_GCs_Count], AverageLatency(ns), 122.0
[MAIN_GCs_Count], MinLatency(ns), 122
[MAIN_GCs_Count], MaxLatency(ns), 122
[MAIN_GCs_Count], 95thPercentileLatency(ns), 122
[MAIN_GCs_Count], 99thPercentileLatency(ns), 122
[MAIN_GCs_Time(ms)], Operations, 1
[MAIN_GCs_Time(ms)], AverageLatency(ns), 8828.0
[MAIN_GCs_Time(ms)], MinLatency(ns), 8828
[MAIN_GCs_Time(ms)], MaxLatency(ns), 8828
[MAIN_GCs_Time(ms)], 95thPercentileLatency(ns), 8828
[MAIN_GCs_Time(ms)], 99thPercentileLatency(ns), 8828
[TRANSACTION], Operations, 1
[TRANSACTION], AverageLatency(ns), 2.15737696256E11
[TRANSACTION], MinLatency(ns), 215737171968
[TRANSACTION], MaxLatency(ns), 215738220543
[TRANSACTION], 95thPercentileLatency(ns), 215738220543
[TRANSACTION], 99thPercentileLatency(ns), 215738220543
[GCS_TIME], Operations, 58
[GCS_TIME], AverageLatency(ns), 262.41379310344826
[GCS_TIME], MinLatency(ns), 0
[GCS_TIME], MaxLatency(ns), 671
[GCS_TIME], 95thPercentileLatency(ns), 577
[GCS_TIME], 99thPercentileLatency(ns), 605
[LOAD_GCs_Time(ms)], Operations, 1
[LOAD_GCs_Time(ms)], AverageLatency(ns), 6374.0
[LOAD_GCs_Time(ms)], MinLatency(ns), 6374
[LOAD_GCs_Time(ms)], MaxLatency(ns), 6374
[LOAD_GCs_Time(ms)], 95thPercentileLatency(ns), 6374
[LOAD_GCs_Time(ms)], 99thPercentileLatency(ns), 6374
[READ], Operations, 3000000
[READ], AverageLatency(ns), 26603.679305333335
[READ], MinLatency(ns), 232
[READ], MaxLatency(ns), 115012607
[READ], 95thPercentileLatency(ns), 51118
[READ], 99thPercentileLatency(ns), 56800
[READ], Return=OK, 3000000
[INIT], Operations, 1
[INIT], AverageLatency(ns), 6.61727232E8
[INIT], MinLatency(ns), 661725184
[INIT], MaxLatency(ns), 661729279
[INIT], 95thPercentileLatency(ns), 661729279
[INIT], 99thPercentileLatency(ns), 661729279
[GCS], Operations, 58
[GCS], AverageLatency(ns), 7.172413793103448
[GCS], MinLatency(ns), 0
[GCS], MaxLatency(ns), 70
[GCS], 95thPercentileLatency(ns), 8
[GCS], 99thPercentileLatency(ns), 32
[LOAD_GCs_Count], Operations, 1
[LOAD_GCs_Count], AverageLatency(ns), 293.0
[LOAD_GCs_Count], MinLatency(ns), 293
[LOAD_GCs_Count], MaxLatency(ns), 293
[LOAD_GCs_Count], 95thPercentileLatency(ns), 293
[LOAD_GCs_Count], 99thPercentileLatency(ns), 293
[CLEANUP], Operations, 1
[CLEANUP], AverageLatency(ns), 23701.0
[CLEANUP], MinLatency(ns), 23701
[CLEANUP], MaxLatency(ns), 23701
[CLEANUP], 95thPercentileLatency(ns), 23701
[CLEANUP], 99thPercentileLatency(ns), 23701
[INSERT], Operations, 1000000
[INSERT], AverageLatency(ns), 58243.026585
[INSERT], MinLatency(ns), 51617
[INSERT], MaxLatency(ns), 75580415
[INSERT], 95thPercentileLatency(ns), 60338
[INSERT], 99thPercentileLatency(ns), 74533
[INSERT], Return=OK, 1000000
[UPDATE], Operations, 1498463
[UPDATE], AverageLatency(ns), 57954.48828566338
[UPDATE], MinLatency(ns), 50213
[UPDATE], MaxLatency(ns), 135109631
[UPDATE], 95thPercentileLatency(ns), 60405
[UPDATE], 99thPercentileLatency(ns), 69751
[UPDATE], Return=OK, 1498463
