/home/anatole/jdk8u/build/linux-x86_64-normal-server-release/jdk/bin/java -Xmx20g -XX:+UseG1GC -classpath /home/anatole/ycsb/conf:/home/anatole/ycsb/core/target/core-0.18.0-SNAPSHOT.jar:/home/anatole/ycsb/core/target/dependency/HdrHistogram-2.1.4.jar:/home/anatole/ycsb/core/target/dependency/guava-18.0.jar:/home/anatole/ycsb/core/target/dependency/htrace-core4-4.1.0-incubating.jar:/home/anatole/ycsb/core/target/dependency/jackson-core-asl-1.9.4.jar:/home/anatole/ycsb/core/target/dependency/jackson-mapper-asl-1.9.4.jar:/home/anatole/ycsb/core/target/dependency/javax.persistence-api-2.2.jar:/home/anatole/ycsb/core/target/dependency/jnvm-1.0-SNAPSHOT.jar:/home/anatole/ycsb/core/target/dependency/pcj-1.0.jar:/home/anatole/ycsb/core/target/dependency/unsafe-helper-1.0.jar:/home/anatole/ycsb/infinispan/src/main/conf:/home/anatole/ycsb/infinispan/target/infinispan-binding-0.18.0-SNAPSHOT.jar:/home/anatole/ycsb/infinispan/target/dependency/caffeine-2.6.2.jar:/home/anatole/ycsb/infinispan/target/dependency/gson-2.8.2.jar:/home/anatole/ycsb/infinispan/target/dependency/guava-18.0.jar:/home/anatole/ycsb/infinispan/target/dependency/infinispan-cachestore-jnvm-1.0-SNAPSHOT.jar:/home/anatole/ycsb/infinispan/target/dependency/infinispan-cachestore-pcj-1.0-SNAPSHOT.jar:/home/anatole/ycsb/infinispan/target/dependency/infinispan-client-hotrod-9.4.20.Final.jar:/home/anatole/ycsb/infinispan/target/dependency/infinispan-commons-9.4.20.Final.jar:/home/anatole/ycsb/infinispan/target/dependency/infinispan-core-9.4.20.Final.jar:/home/anatole/ycsb/infinispan/target/dependency/infinispan-persistence-soft-index-9.4.20.Final.jar:/home/anatole/ycsb/infinispan/target/dependency/javax.persistence-api-2.2.jar:/home/anatole/ycsb/infinispan/target/dependency/jboss-logging-3.3.2.Final.jar:/home/anatole/ycsb/infinispan/target/dependency/jboss-marshalling-osgi-2.0.6.Final.jar:/home/anatole/ycsb/infinispan/target/dependency/jboss-transaction-api_1.2_spec-1.1.1.Final.jar:/home/anatole/ycsb/infinispan/target/dependency/jgroups-4.0.21.Final.jar:/home/anatole/ycsb/infinispan/target/dependency/jnvm-1.0-SNAPSHOT.jar:/home/anatole/ycsb/infinispan/target/dependency/metainf-services-1.7.jar:/home/anatole/ycsb/infinispan/target/dependency/netty-buffer-4.1.51.Final.jar:/home/anatole/ycsb/infinispan/target/dependency/netty-codec-4.1.51.Final.jar:/home/anatole/ycsb/infinispan/target/dependency/netty-common-4.1.51.Final.jar:/home/anatole/ycsb/infinispan/target/dependency/netty-handler-4.1.51.Final.jar:/home/anatole/ycsb/infinispan/target/dependency/netty-resolver-4.1.51.Final.jar:/home/anatole/ycsb/infinispan/target/dependency/netty-transport-4.1.51.Final.jar:/home/anatole/ycsb/infinispan/target/dependency/netty-transport-native-epoll-4.1.51.Final-linux-x86_64.jar:/home/anatole/ycsb/infinispan/target/dependency/netty-transport-native-unix-common-4.1.51.Final.jar:/home/anatole/ycsb/infinispan/target/dependency/pcj-1.0.jar:/home/anatole/ycsb/infinispan/target/dependency/reactive-streams-1.0.2.jar:/home/anatole/ycsb/infinispan/target/dependency/rxjava-2.2.4.jar:/home/anatole/ycsb/infinispan/target/dependency/unsafe-helper-1.0.jar site.ycsb.Client -t -db site.ycsb.db.InfinispanClient -P ../workloads/workloadf -preload -s -threads 1 -p dataintegrity=true -p offheap=false -p recordcount=1000000 -p operationcount=3000000 -p fieldcount=10 -p fieldlength=800 -p requestdistribution=zipfian -p measurement.trackjvm=true -p measurementtype=hdrhistogram -p hdrhistogram.output.path=./out/exp7.marshalling.ref/log/infinispan.run.workloadf.true.1000000.100000.10.800.zipfian.1.false.true.default.default.pmem0.r3.hdr.log
[OVERALL], RunTime(ms), 588009
[OVERALL], Throughput(ops/sec), 6802.616966747108
[TOTAL_GCS_G1_Young_Generation], Count, 404
[TOTAL_GC_TIME_G1_Young_Generation], Time(ms), 15084
[TOTAL_GC_TIME_%_G1_Young_Generation], Time(%), 2.565266858160334
[TOTAL_GCS_G1_Old_Generation], Count, 0
[TOTAL_GC_TIME_G1_Old_Generation], Time(ms), 0
[TOTAL_GC_TIME_%_G1_Old_Generation], Time(%), 0.0
[TOTAL_GCs], Count, 404
[TOTAL_GC_TIME], Time(ms), 15084
[TOTAL_GC_TIME_%], Time(%), 2.565266858160334
[MAX_MEM_USED], MBs, 6300
[MIN_MEM_USED], MBs, 48
[MAX_THREADS], Count, 7
[MIN_THREADS], Count, 3
[MAX_SYS_LOAD_AVG], Load, 4.77
[MIN_SYS_LOAD_AVG], Load, 1.01
[THREAD_COUNT], Operations, 60
[THREAD_COUNT], AverageLatency(ns), 5.316666666666666
[THREAD_COUNT], MinLatency(ns), 3
[THREAD_COUNT], MaxLatency(ns), 7
[THREAD_COUNT], 95thPercentileLatency(ns), 7
[THREAD_COUNT], 99thPercentileLatency(ns), 7
[SYS_LOAD_AVG], Operations, 60
[SYS_LOAD_AVG], AverageLatency(ns), 1.3166666666666667
[SYS_LOAD_AVG], MinLatency(ns), 1
[SYS_LOAD_AVG], MaxLatency(ns), 4
[SYS_LOAD_AVG], 95thPercentileLatency(ns), 3
[SYS_LOAD_AVG], 99thPercentileLatency(ns), 4
[READ-MODIFY-WRITE], Operations, 1500208
[READ-MODIFY-WRITE], AverageLatency(ns), 91570.23074800294
[READ-MODIFY-WRITE], MinLatency(ns), 55494
[READ-MODIFY-WRITE], MaxLatency(ns), 251803647
[READ-MODIFY-WRITE], 95thPercentileLatency(ns), 115362
[READ-MODIFY-WRITE], 99thPercentileLatency(ns), 128207
[LOAD], Operations, 1
[LOAD], AverageLatency(ns), 3.6091461632E11
[LOAD], MinLatency(ns), 360913567744
[LOAD], MaxLatency(ns), 360915664895
[LOAD], 95thPercentileLatency(ns), 360915664895
[LOAD], 99thPercentileLatency(ns), 360915664895
[USED_MEM_MB], Operations, 60
[USED_MEM_MB], AverageLatency(ns), 4268.6
[USED_MEM_MB], MinLatency(ns), 48
[USED_MEM_MB], MaxLatency(ns), 6300
[USED_MEM_MB], 95thPercentileLatency(ns), 6051
[USED_MEM_MB], 99thPercentileLatency(ns), 6257
[MAIN_GCs_Count], Operations, 1
[MAIN_GCs_Count], AverageLatency(ns), 117.0
[MAIN_GCs_Count], MinLatency(ns), 117
[MAIN_GCs_Count], MaxLatency(ns), 117
[MAIN_GCs_Count], 95thPercentileLatency(ns), 117
[MAIN_GCs_Count], 99thPercentileLatency(ns), 117
[MAIN_GCs_Time(ms)], Operations, 1
[MAIN_GCs_Time(ms)], AverageLatency(ns), 8829.0
[MAIN_GCs_Time(ms)], MinLatency(ns), 8829
[MAIN_GCs_Time(ms)], MaxLatency(ns), 8829
[MAIN_GCs_Time(ms)], 95thPercentileLatency(ns), 8829
[MAIN_GCs_Time(ms)], 99thPercentileLatency(ns), 8829
[TRANSACTION], Operations, 1
[TRANSACTION], AverageLatency(ns), 2.2637969408E11
[TRANSACTION], MinLatency(ns), 226379169792
[TRANSACTION], MaxLatency(ns), 226380218367
[TRANSACTION], 95thPercentileLatency(ns), 226380218367
[TRANSACTION], 99thPercentileLatency(ns), 226380218367
[GCS_TIME], Operations, 60
[GCS_TIME], AverageLatency(ns), 250.55
[GCS_TIME], MinLatency(ns), 0
[GCS_TIME], MaxLatency(ns), 686
[GCS_TIME], 95thPercentileLatency(ns), 515
[GCS_TIME], 99thPercentileLatency(ns), 616
[LOAD_GCs_Time(ms)], Operations, 1
[LOAD_GCs_Time(ms)], AverageLatency(ns), 6187.0
[LOAD_GCs_Time(ms)], MinLatency(ns), 6187
[LOAD_GCs_Time(ms)], MaxLatency(ns), 6187
[LOAD_GCs_Time(ms)], 95thPercentileLatency(ns), 6187
[LOAD_GCs_Time(ms)], 99thPercentileLatency(ns), 6187
[READ], Operations, 3000000
[READ], AverageLatency(ns), 27669.526742666665
[READ], MinLatency(ns), 216
[READ], MaxLatency(ns), 117130751
[READ], 95thPercentileLatency(ns), 52722
[READ], 99thPercentileLatency(ns), 57822
[READ], Return=OK, 3000000
[INIT], Operations, 1
[INIT], AverageLatency(ns), 6.57455104E8
[INIT], MinLatency(ns), 657453056
[INIT], MaxLatency(ns), 657457151
[INIT], 95thPercentileLatency(ns), 657457151
[INIT], 99thPercentileLatency(ns), 657457151
[GCS], Operations, 60
[GCS], AverageLatency(ns), 6.716666666666667
[GCS], MinLatency(ns), 0
[GCS], MaxLatency(ns), 70
[GCS], 95thPercentileLatency(ns), 8
[GCS], 99thPercentileLatency(ns), 28
[LOAD_GCs_Count], Operations, 1
[LOAD_GCs_Count], AverageLatency(ns), 285.0
[LOAD_GCs_Count], MinLatency(ns), 285
[LOAD_GCs_Count], MaxLatency(ns), 285
[LOAD_GCs_Count], 95thPercentileLatency(ns), 285
[LOAD_GCs_Count], 99thPercentileLatency(ns), 285
[CLEANUP], Operations, 1
[CLEANUP], AverageLatency(ns), 15501.0
[CLEANUP], MinLatency(ns), 15501
[CLEANUP], MaxLatency(ns), 15501
[CLEANUP], 95thPercentileLatency(ns), 15501
[CLEANUP], 99thPercentileLatency(ns), 15501
[INSERT], Operations, 1000000
[INSERT], AverageLatency(ns), 74022.124076
[INSERT], MinLatency(ns), 63706
[INSERT], MaxLatency(ns), 78862335
[INSERT], 95thPercentileLatency(ns), 77283
[INSERT], 99thPercentileLatency(ns), 97716
[INSERT], Return=OK, 1000000
[UPDATE], Operations, 1500208
[UPDATE], AverageLatency(ns), 62926.36434747715
[UPDATE], MinLatency(ns), 54707
[UPDATE], MaxLatency(ns), 168994815
[UPDATE], 95thPercentileLatency(ns), 65612
[UPDATE], 99thPercentileLatency(ns), 73806
[UPDATE], Return=OK, 1500208
