/home/anatole/jdk8u/build/linux-x86_64-normal-server-release/jdk/bin/java -Xmx20g -XX:+UseG1GC -classpath /home/anatole/ycsb/conf:/home/anatole/ycsb/core/target/core-0.18.0-SNAPSHOT.jar:/home/anatole/ycsb/core/target/dependency/HdrHistogram-2.1.4.jar:/home/anatole/ycsb/core/target/dependency/guava-18.0.jar:/home/anatole/ycsb/core/target/dependency/htrace-core4-4.1.0-incubating.jar:/home/anatole/ycsb/core/target/dependency/jackson-core-asl-1.9.4.jar:/home/anatole/ycsb/core/target/dependency/jackson-mapper-asl-1.9.4.jar:/home/anatole/ycsb/core/target/dependency/javax.persistence-api-2.2.jar:/home/anatole/ycsb/core/target/dependency/jnvm-1.0-SNAPSHOT.jar:/home/anatole/ycsb/core/target/dependency/pcj-1.0.jar:/home/anatole/ycsb/core/target/dependency/unsafe-helper-1.0.jar:/home/anatole/ycsb/infinispan/src/main/conf:/home/anatole/ycsb/infinispan/target/infinispan-binding-0.18.0-SNAPSHOT.jar:/home/anatole/ycsb/infinispan/target/dependency/caffeine-2.6.2.jar:/home/anatole/ycsb/infinispan/target/dependency/gson-2.8.2.jar:/home/anatole/ycsb/infinispan/target/dependency/guava-18.0.jar:/home/anatole/ycsb/infinispan/target/dependency/infinispan-cachestore-jnvm-1.0-SNAPSHOT.jar:/home/anatole/ycsb/infinispan/target/dependency/infinispan-cachestore-pcj-1.0-SNAPSHOT.jar:/home/anatole/ycsb/infinispan/target/dependency/infinispan-client-hotrod-9.4.20.Final.jar:/home/anatole/ycsb/infinispan/target/dependency/infinispan-commons-9.4.20.Final.jar:/home/anatole/ycsb/infinispan/target/dependency/infinispan-core-9.4.20.Final.jar:/home/anatole/ycsb/infinispan/target/dependency/infinispan-persistence-soft-index-9.4.20.Final.jar:/home/anatole/ycsb/infinispan/target/dependency/javax.persistence-api-2.2.jar:/home/anatole/ycsb/infinispan/target/dependency/jboss-logging-3.3.2.Final.jar:/home/anatole/ycsb/infinispan/target/dependency/jboss-marshalling-osgi-2.0.6.Final.jar:/home/anatole/ycsb/infinispan/target/dependency/jboss-transaction-api_1.2_spec-1.1.1.Final.jar:/home/anatole/ycsb/infinispan/target/dependency/jgroups-4.0.21.Final.jar:/home/anatole/ycsb/infinispan/target/dependency/jnvm-1.0-SNAPSHOT.jar:/home/anatole/ycsb/infinispan/target/dependency/metainf-services-1.7.jar:/home/anatole/ycsb/infinispan/target/dependency/netty-buffer-4.1.51.Final.jar:/home/anatole/ycsb/infinispan/target/dependency/netty-codec-4.1.51.Final.jar:/home/anatole/ycsb/infinispan/target/dependency/netty-common-4.1.51.Final.jar:/home/anatole/ycsb/infinispan/target/dependency/netty-handler-4.1.51.Final.jar:/home/anatole/ycsb/infinispan/target/dependency/netty-resolver-4.1.51.Final.jar:/home/anatole/ycsb/infinispan/target/dependency/netty-transport-4.1.51.Final.jar:/home/anatole/ycsb/infinispan/target/dependency/netty-transport-native-epoll-4.1.51.Final-linux-x86_64.jar:/home/anatole/ycsb/infinispan/target/dependency/netty-transport-native-unix-common-4.1.51.Final.jar:/home/anatole/ycsb/infinispan/target/dependency/pcj-1.0.jar:/home/anatole/ycsb/infinispan/target/dependency/reactive-streams-1.0.2.jar:/home/anatole/ycsb/infinispan/target/dependency/rxjava-2.2.4.jar:/home/anatole/ycsb/infinispan/target/dependency/unsafe-helper-1.0.jar site.ycsb.Client -t -db site.ycsb.db.InfinispanClient -P ../workloads/workloadf -preload -s -threads 1 -p dataintegrity=true -p offheap=false -p recordcount=1000000 -p operationcount=3000000 -p fieldcount=10 -p fieldlength=100 -p requestdistribution=zipfian -p measurement.trackjvm=true -p measurementtype=hdrhistogram -p hdrhistogram.output.path=./out/exp7.marshalling.ref/log/infinispan.run.workloadf.true.1000000.100000.10.100.zipfian.1.false.true.default.default.tmpfs.r5.hdr.log
[OVERALL], RunTime(ms), 142404
[OVERALL], Throughput(ops/sec), 28089.098620825258
[TOTAL_GCS_G1_Young_Generation], Count, 272
[TOTAL_GC_TIME_G1_Young_Generation], Time(ms), 6325
[TOTAL_GC_TIME_%_G1_Young_Generation], Time(%), 4.441588719417994
[TOTAL_GCS_G1_Old_Generation], Count, 0
[TOTAL_GC_TIME_G1_Old_Generation], Time(ms), 0
[TOTAL_GC_TIME_%_G1_Old_Generation], Time(%), 0.0
[TOTAL_GCs], Count, 272
[TOTAL_GC_TIME], Time(ms), 6325
[TOTAL_GC_TIME_%], Time(%), 4.441588719417994
[MAX_MEM_USED], MBs, 1683
[MIN_MEM_USED], MBs, 52
[MAX_THREADS], Count, 7
[MIN_THREADS], Count, 3
[MAX_SYS_LOAD_AVG], Load, 5.85
[MIN_SYS_LOAD_AVG], Load, 1.73
[THREAD_COUNT], Operations, 16
[THREAD_COUNT], AverageLatency(ns), 6.1875
[THREAD_COUNT], MinLatency(ns), 3
[THREAD_COUNT], MaxLatency(ns), 7
[THREAD_COUNT], 95thPercentileLatency(ns), 7
[THREAD_COUNT], 99thPercentileLatency(ns), 7
[SYS_LOAD_AVG], Operations, 16
[SYS_LOAD_AVG], AverageLatency(ns), 2.75
[SYS_LOAD_AVG], MinLatency(ns), 1
[SYS_LOAD_AVG], MaxLatency(ns), 5
[SYS_LOAD_AVG], 95thPercentileLatency(ns), 5
[SYS_LOAD_AVG], 99thPercentileLatency(ns), 5
[READ-MODIFY-WRITE], Operations, 1499968
[READ-MODIFY-WRITE], AverageLatency(ns), 48590.27059643939
[READ-MODIFY-WRITE], MinLatency(ns), 21619
[READ-MODIFY-WRITE], MaxLatency(ns), 122822143
[READ-MODIFY-WRITE], 95thPercentileLatency(ns), 70976
[READ-MODIFY-WRITE], 99thPercentileLatency(ns), 82804
[LOAD], Operations, 1
[LOAD], AverageLatency(ns), 3.4299117568E10
[LOAD], MinLatency(ns), 34299052032
[LOAD], MaxLatency(ns), 34299183103
[LOAD], 95thPercentileLatency(ns), 34299183103
[LOAD], 99thPercentileLatency(ns), 34299183103
[USED_MEM_MB], Operations, 16
[USED_MEM_MB], AverageLatency(ns), 1410.5625
[USED_MEM_MB], MinLatency(ns), 52
[USED_MEM_MB], MaxLatency(ns), 1683
[USED_MEM_MB], 95thPercentileLatency(ns), 1680
[USED_MEM_MB], 99thPercentileLatency(ns), 1683
[MAIN_GCs_Count], Operations, 1
[MAIN_GCs_Count], AverageLatency(ns), 211.0
[MAIN_GCs_Count], MinLatency(ns), 211
[MAIN_GCs_Count], MaxLatency(ns), 211
[MAIN_GCs_Count], 95thPercentileLatency(ns), 211
[MAIN_GCs_Count], 99thPercentileLatency(ns), 211
[MAIN_GCs_Time(ms)], Operations, 1
[MAIN_GCs_Time(ms)], AverageLatency(ns), 4803.0
[MAIN_GCs_Time(ms)], MinLatency(ns), 4803
[MAIN_GCs_Time(ms)], MaxLatency(ns), 4803
[MAIN_GCs_Time(ms)], 95thPercentileLatency(ns), 4803
[MAIN_GCs_Time(ms)], 99thPercentileLatency(ns), 4803
[TRANSACTION], Operations, 1
[TRANSACTION], AverageLatency(ns), 1.07348230144E11
[TRANSACTION], MinLatency(ns), 107347968000
[TRANSACTION], MaxLatency(ns), 107348492287
[TRANSACTION], 95thPercentileLatency(ns), 107348492287
[TRANSACTION], 99thPercentileLatency(ns), 107348492287
[GCS_TIME], Operations, 16
[GCS_TIME], AverageLatency(ns), 395.3125
[GCS_TIME], MinLatency(ns), 0
[GCS_TIME], MaxLatency(ns), 675
[GCS_TIME], 95thPercentileLatency(ns), 503
[GCS_TIME], 99thPercentileLatency(ns), 675
[LOAD_GCs_Time(ms)], Operations, 1
[LOAD_GCs_Time(ms)], AverageLatency(ns), 1464.0
[LOAD_GCs_Time(ms)], MinLatency(ns), 1464
[LOAD_GCs_Time(ms)], MaxLatency(ns), 1464
[LOAD_GCs_Time(ms)], 95thPercentileLatency(ns), 1464
[LOAD_GCs_Time(ms)], 99thPercentileLatency(ns), 1464
[READ], Operations, 3000000
[READ], AverageLatency(ns), 20388.716236
[READ], MinLatency(ns), 242
[READ], MaxLatency(ns), 140574719
[READ], 95thPercentileLatency(ns), 40523
[READ], 99thPercentileLatency(ns), 48298
[READ], Return=OK, 3000000
[INIT], Operations, 1
[INIT], AverageLatency(ns), 6.60211712E8
[INIT], MinLatency(ns), 660209664
[INIT], MaxLatency(ns), 660213759
[INIT], 95thPercentileLatency(ns), 660213759
[INIT], 99thPercentileLatency(ns), 660213759
[GCS], Operations, 16
[GCS], AverageLatency(ns), 17.0
[GCS], MinLatency(ns), 0
[GCS], MaxLatency(ns), 23
[GCS], 95thPercentileLatency(ns), 21
[GCS], 99thPercentileLatency(ns), 23
[LOAD_GCs_Count], Operations, 1
[LOAD_GCs_Count], AverageLatency(ns), 58.0
[LOAD_GCs_Count], MinLatency(ns), 58
[LOAD_GCs_Count], MaxLatency(ns), 58
[LOAD_GCs_Count], 95thPercentileLatency(ns), 58
[LOAD_GCs_Count], 99thPercentileLatency(ns), 58
[CLEANUP], Operations, 1
[CLEANUP], AverageLatency(ns), 18790.0
[CLEANUP], MinLatency(ns), 18790
[CLEANUP], MaxLatency(ns), 18790
[CLEANUP], 95thPercentileLatency(ns), 18790
[CLEANUP], 99thPercentileLatency(ns), 18790
[INSERT], Operations, 1000000
[INSERT], AverageLatency(ns), 25507.431669
[INSERT], MinLatency(ns), 20301
[INSERT], MaxLatency(ns), 70693887
[INSERT], 95thPercentileLatency(ns), 26887
[INSERT], 99thPercentileLatency(ns), 34331
[INSERT], Return=OK, 1000000
[UPDATE], Operations, 1499968
[UPDATE], AverageLatency(ns), 27552.282066017407
[UPDATE], MinLatency(ns), 20767
[UPDATE], MaxLatency(ns), 113593343
[UPDATE], 95thPercentileLatency(ns), 33555
[UPDATE], 99thPercentileLatency(ns), 38224
[UPDATE], Return=OK, 1499968
