/home/anatole/jdk8u/build/linux-x86_64-normal-server-release/jdk/bin/java -Xmx40g -XX:+UseG1GC -classpath /home/anatole/ycsb/conf:/home/anatole/ycsb/core/target/core-0.18.0-SNAPSHOT.jar:/home/anatole/ycsb/core/target/dependency/HdrHistogram-2.1.4.jar:/home/anatole/ycsb/core/target/dependency/guava-18.0.jar:/home/anatole/ycsb/core/target/dependency/htrace-core4-4.1.0-incubating.jar:/home/anatole/ycsb/core/target/dependency/jackson-core-asl-1.9.4.jar:/home/anatole/ycsb/core/target/dependency/jackson-mapper-asl-1.9.4.jar:/home/anatole/ycsb/core/target/dependency/javax.persistence-api-2.2.jar:/home/anatole/ycsb/core/target/dependency/jnvm-1.0-SNAPSHOT.jar:/home/anatole/ycsb/core/target/dependency/pcj-1.0.jar:/home/anatole/ycsb/core/target/dependency/unsafe-helper-1.0.jar:/home/anatole/ycsb/infinispan/src/main/conf:/home/anatole/ycsb/infinispan/target/infinispan-binding-0.18.0-SNAPSHOT.jar:/home/anatole/ycsb/infinispan/target/dependency/caffeine-2.6.2.jar:/home/anatole/ycsb/infinispan/target/dependency/gson-2.8.2.jar:/home/anatole/ycsb/infinispan/target/dependency/guava-18.0.jar:/home/anatole/ycsb/infinispan/target/dependency/infinispan-cachestore-jnvm-1.0-SNAPSHOT.jar:/home/anatole/ycsb/infinispan/target/dependency/infinispan-cachestore-pcj-1.0-SNAPSHOT.jar:/home/anatole/ycsb/infinispan/target/dependency/infinispan-client-hotrod-9.4.20.Final.jar:/home/anatole/ycsb/infinispan/target/dependency/infinispan-commons-9.4.20.Final.jar:/home/anatole/ycsb/infinispan/target/dependency/infinispan-core-9.4.20.Final.jar:/home/anatole/ycsb/infinispan/target/dependency/infinispan-persistence-soft-index-9.4.20.Final.jar:/home/anatole/ycsb/infinispan/target/dependency/javax.persistence-api-2.2.jar:/home/anatole/ycsb/infinispan/target/dependency/jboss-logging-3.3.2.Final.jar:/home/anatole/ycsb/infinispan/target/dependency/jboss-marshalling-osgi-2.0.6.Final.jar:/home/anatole/ycsb/infinispan/target/dependency/jboss-transaction-api_1.2_spec-1.1.1.Final.jar:/home/anatole/ycsb/infinispan/target/dependency/jgroups-4.0.21.Final.jar:/home/anatole/ycsb/infinispan/target/dependency/jnvm-1.0-SNAPSHOT.jar:/home/anatole/ycsb/infinispan/target/dependency/metainf-services-1.7.jar:/home/anatole/ycsb/infinispan/target/dependency/netty-buffer-4.1.51.Final.jar:/home/anatole/ycsb/infinispan/target/dependency/netty-codec-4.1.51.Final.jar:/home/anatole/ycsb/infinispan/target/dependency/netty-common-4.1.51.Final.jar:/home/anatole/ycsb/infinispan/target/dependency/netty-handler-4.1.51.Final.jar:/home/anatole/ycsb/infinispan/target/dependency/netty-resolver-4.1.51.Final.jar:/home/anatole/ycsb/infinispan/target/dependency/netty-transport-4.1.51.Final.jar:/home/anatole/ycsb/infinispan/target/dependency/netty-transport-native-epoll-4.1.51.Final-linux-x86_64.jar:/home/anatole/ycsb/infinispan/target/dependency/netty-transport-native-unix-common-4.1.51.Final.jar:/home/anatole/ycsb/infinispan/target/dependency/pcj-1.0.jar:/home/anatole/ycsb/infinispan/target/dependency/reactive-streams-1.0.2.jar:/home/anatole/ycsb/infinispan/target/dependency/rxjava-2.2.4.jar:/home/anatole/ycsb/infinispan/target/dependency/unsafe-helper-1.0.jar site.ycsb.Client -t -db site.ycsb.db.InfinispanClient -P ../workloads/workloadf -preload -s -threads 1 -p dataintegrity=true -p offheap=false -p recordcount=1000000 -p operationcount=3000000 -p fieldcount=10 -p fieldlength=800 -p requestdistribution=zipfian -p measurement.trackjvm=true -p measurementtype=hdrhistogram -p hdrhistogram.output.path=./out/exp7.marshalling.ref/log/infinispan.run.workloadf.true.1000000.1000000.10.800.zipfian.1.false.true.default.default.pmem0.r4.hdr.log
[OVERALL], RunTime(ms), 529214
[OVERALL], Throughput(ops/sec), 7558.379030033219
[TOTAL_GCS_G1_Young_Generation], Count, 720
[TOTAL_GC_TIME_G1_Young_Generation], Time(ms), 25384
[TOTAL_GC_TIME_%_G1_Young_Generation], Time(%), 4.796547332459081
[TOTAL_GCS_G1_Old_Generation], Count, 0
[TOTAL_GC_TIME_G1_Old_Generation], Time(ms), 0
[TOTAL_GC_TIME_%_G1_Old_Generation], Time(%), 0.0
[TOTAL_GCs], Count, 720
[TOTAL_GC_TIME], Time(ms), 25384
[TOTAL_GC_TIME_%], Time(%), 4.796547332459081
[MAX_MEM_USED], MBs, 21010
[MIN_MEM_USED], MBs, 54
[MAX_THREADS], Count, 7
[MIN_THREADS], Count, 3
[MAX_SYS_LOAD_AVG], Load, 7.12
[MIN_SYS_LOAD_AVG], Load, 1.72
[THREAD_COUNT], Operations, 54
[THREAD_COUNT], AverageLatency(ns), 5.351851851851852
[THREAD_COUNT], MinLatency(ns), 3
[THREAD_COUNT], MaxLatency(ns), 7
[THREAD_COUNT], 95thPercentileLatency(ns), 7
[THREAD_COUNT], 99thPercentileLatency(ns), 7
[SYS_LOAD_AVG], Operations, 54
[SYS_LOAD_AVG], AverageLatency(ns), 3.7222222222222223
[SYS_LOAD_AVG], MinLatency(ns), 1
[SYS_LOAD_AVG], MaxLatency(ns), 7
[SYS_LOAD_AVG], 95thPercentileLatency(ns), 6
[SYS_LOAD_AVG], 99thPercentileLatency(ns), 6
[READ-MODIFY-WRITE], Operations, 1499784
[READ-MODIFY-WRITE], AverageLatency(ns), 66160.52639180042
[READ-MODIFY-WRITE], MinLatency(ns), 52333
[READ-MODIFY-WRITE], MaxLatency(ns), 158663679
[READ-MODIFY-WRITE], 95thPercentileLatency(ns), 76244
[READ-MODIFY-WRITE], 99thPercentileLatency(ns), 83385
[LOAD], Operations, 1
[LOAD], AverageLatency(ns), 3.77819758592E11
[LOAD], MinLatency(ns), 377818710016
[LOAD], MaxLatency(ns), 377820807167
[LOAD], 95thPercentileLatency(ns), 377820807167
[LOAD], 99thPercentileLatency(ns), 377820807167
[USED_MEM_MB], Operations, 54
[USED_MEM_MB], AverageLatency(ns), 14086.925925925925
[USED_MEM_MB], MinLatency(ns), 54
[USED_MEM_MB], MaxLatency(ns), 21010
[USED_MEM_MB], 95thPercentileLatency(ns), 20796
[USED_MEM_MB], 99thPercentileLatency(ns), 20978
[MAIN_GCs_Count], Operations, 1
[MAIN_GCs_Count], AverageLatency(ns), 168.0
[MAIN_GCs_Count], MinLatency(ns), 168
[MAIN_GCs_Count], MaxLatency(ns), 168
[MAIN_GCs_Count], 95thPercentileLatency(ns), 168
[MAIN_GCs_Count], 99thPercentileLatency(ns), 168
[MAIN_GCs_Time(ms)], Operations, 1
[MAIN_GCs_Time(ms)], AverageLatency(ns), 7600.0
[MAIN_GCs_Time(ms)], MinLatency(ns), 7600
[MAIN_GCs_Time(ms)], MaxLatency(ns), 7600
[MAIN_GCs_Time(ms)], 95thPercentileLatency(ns), 7600
[MAIN_GCs_Time(ms)], 99thPercentileLatency(ns), 7600
[TRANSACTION], Operations, 1
[TRANSACTION], AverageLatency(ns), 1.50636855296E11
[TRANSACTION], MinLatency(ns), 150636331008
[TRANSACTION], MaxLatency(ns), 150637379583
[TRANSACTION], 95thPercentileLatency(ns), 150637379583
[TRANSACTION], 99thPercentileLatency(ns), 150637379583
[GCS_TIME], Operations, 54
[GCS_TIME], AverageLatency(ns), 470.0740740740741
[GCS_TIME], MinLatency(ns), 0
[GCS_TIME], MaxLatency(ns), 721
[GCS_TIME], 95thPercentileLatency(ns), 586
[GCS_TIME], 99thPercentileLatency(ns), 715
[LOAD_GCs_Time(ms)], Operations, 1
[LOAD_GCs_Time(ms)], AverageLatency(ns), 17748.0
[LOAD_GCs_Time(ms)], MinLatency(ns), 17748
[LOAD_GCs_Time(ms)], MaxLatency(ns), 17748
[LOAD_GCs_Time(ms)], 95thPercentileLatency(ns), 17748
[LOAD_GCs_Time(ms)], 99thPercentileLatency(ns), 17748
[READ], Operations, 3000000
[READ], AverageLatency(ns), 801.881149
[READ], MinLatency(ns), 206
[READ], MaxLatency(ns), 20607871
[READ], 95thPercentileLatency(ns), 1845
[READ], 99thPercentileLatency(ns), 2834
[READ], Return=OK, 3000000
[INIT], Operations, 1
[INIT], AverageLatency(ns), 7.0255616E8
[INIT], MinLatency(ns), 702554112
[INIT], MaxLatency(ns), 702558207
[INIT], 95thPercentileLatency(ns), 702558207
[INIT], 99thPercentileLatency(ns), 702558207
[GCS], Operations, 54
[GCS], AverageLatency(ns), 13.333333333333334
[GCS], MinLatency(ns), 0
[GCS], MaxLatency(ns), 71
[GCS], 95thPercentileLatency(ns), 33
[GCS], 99thPercentileLatency(ns), 49
[LOAD_GCs_Count], Operations, 1
[LOAD_GCs_Count], AverageLatency(ns), 550.0
[LOAD_GCs_Count], MinLatency(ns), 550
[LOAD_GCs_Count], MaxLatency(ns), 550
[LOAD_GCs_Count], 95thPercentileLatency(ns), 550
[LOAD_GCs_Count], 99thPercentileLatency(ns), 550
[CLEANUP], Operations, 1
[CLEANUP], AverageLatency(ns), 15441.0
[CLEANUP], MinLatency(ns), 15441
[CLEANUP], MaxLatency(ns), 15441
[CLEANUP], 95thPercentileLatency(ns), 15441
[CLEANUP], 99thPercentileLatency(ns), 15441
[INSERT], Operations, 1000000
[INSERT], AverageLatency(ns), 74286.348002
[INSERT], MinLatency(ns), 59303
[INSERT], MaxLatency(ns), 104526847
[INSERT], 95thPercentileLatency(ns), 84467
[INSERT], 99thPercentileLatency(ns), 100178
[INSERT], Return=OK, 1000000
[UPDATE], Operations, 1499784
[UPDATE], AverageLatency(ns), 64473.11866242072
[UPDATE], MinLatency(ns), 51486
[UPDATE], MaxLatency(ns), 95545855
[UPDATE], 95thPercentileLatency(ns), 74737
[UPDATE], 99thPercentileLatency(ns), 81608
[UPDATE], Return=OK, 1499784
