/home/anatole/jdk8u/build/linux-x86_64-normal-server-release/jdk/bin/java -Xmx20g -XX:+UseG1GC -classpath /home/anatole/ycsb/conf:/home/anatole/ycsb/core/target/core-0.18.0-SNAPSHOT.jar:/home/anatole/ycsb/core/target/dependency/HdrHistogram-2.1.4.jar:/home/anatole/ycsb/core/target/dependency/guava-18.0.jar:/home/anatole/ycsb/core/target/dependency/htrace-core4-4.1.0-incubating.jar:/home/anatole/ycsb/core/target/dependency/jackson-core-asl-1.9.4.jar:/home/anatole/ycsb/core/target/dependency/jackson-mapper-asl-1.9.4.jar:/home/anatole/ycsb/core/target/dependency/javax.persistence-api-2.2.jar:/home/anatole/ycsb/core/target/dependency/jnvm-1.0-SNAPSHOT.jar:/home/anatole/ycsb/core/target/dependency/pcj-1.0.jar:/home/anatole/ycsb/core/target/dependency/unsafe-helper-1.0.jar:/home/anatole/ycsb/infinispan/src/main/conf:/home/anatole/ycsb/infinispan/target/infinispan-binding-0.18.0-SNAPSHOT.jar:/home/anatole/ycsb/infinispan/target/dependency/caffeine-2.6.2.jar:/home/anatole/ycsb/infinispan/target/dependency/gson-2.8.2.jar:/home/anatole/ycsb/infinispan/target/dependency/guava-18.0.jar:/home/anatole/ycsb/infinispan/target/dependency/infinispan-cachestore-jnvm-1.0-SNAPSHOT.jar:/home/anatole/ycsb/infinispan/target/dependency/infinispan-cachestore-pcj-1.0-SNAPSHOT.jar:/home/anatole/ycsb/infinispan/target/dependency/infinispan-client-hotrod-9.4.20.Final.jar:/home/anatole/ycsb/infinispan/target/dependency/infinispan-commons-9.4.20.Final.jar:/home/anatole/ycsb/infinispan/target/dependency/infinispan-core-9.4.20.Final.jar:/home/anatole/ycsb/infinispan/target/dependency/infinispan-persistence-soft-index-9.4.20.Final.jar:/home/anatole/ycsb/infinispan/target/dependency/javax.persistence-api-2.2.jar:/home/anatole/ycsb/infinispan/target/dependency/jboss-logging-3.3.2.Final.jar:/home/anatole/ycsb/infinispan/target/dependency/jboss-marshalling-osgi-2.0.6.Final.jar:/home/anatole/ycsb/infinispan/target/dependency/jboss-transaction-api_1.2_spec-1.1.1.Final.jar:/home/anatole/ycsb/infinispan/target/dependency/jgroups-4.0.21.Final.jar:/home/anatole/ycsb/infinispan/target/dependency/jnvm-1.0-SNAPSHOT.jar:/home/anatole/ycsb/infinispan/target/dependency/metainf-services-1.7.jar:/home/anatole/ycsb/infinispan/target/dependency/netty-buffer-4.1.51.Final.jar:/home/anatole/ycsb/infinispan/target/dependency/netty-codec-4.1.51.Final.jar:/home/anatole/ycsb/infinispan/target/dependency/netty-common-4.1.51.Final.jar:/home/anatole/ycsb/infinispan/target/dependency/netty-handler-4.1.51.Final.jar:/home/anatole/ycsb/infinispan/target/dependency/netty-resolver-4.1.51.Final.jar:/home/anatole/ycsb/infinispan/target/dependency/netty-transport-4.1.51.Final.jar:/home/anatole/ycsb/infinispan/target/dependency/netty-transport-native-epoll-4.1.51.Final-linux-x86_64.jar:/home/anatole/ycsb/infinispan/target/dependency/netty-transport-native-unix-common-4.1.51.Final.jar:/home/anatole/ycsb/infinispan/target/dependency/pcj-1.0.jar:/home/anatole/ycsb/infinispan/target/dependency/reactive-streams-1.0.2.jar:/home/anatole/ycsb/infinispan/target/dependency/rxjava-2.2.4.jar:/home/anatole/ycsb/infinispan/target/dependency/unsafe-helper-1.0.jar site.ycsb.Client -t -db site.ycsb.db.InfinispanClient -P ../workloads/workloadf -preload -s -threads 1 -p dataintegrity=true -p offheap=false -p recordcount=1000000 -p operationcount=3000000 -p fieldcount=10 -p fieldlength=700 -p requestdistribution=zipfian -p measurement.trackjvm=true -p measurementtype=hdrhistogram -p hdrhistogram.output.path=./out/exp7.marshalling.ref/log/infinispan.run.workloadf.true.1000000.100000.10.700.zipfian.1.false.true.default.default.tmpfs.r5.hdr.log
[OVERALL], RunTime(ms), 456708
[OVERALL], Throughput(ops/sec), 8758.331362708777
[TOTAL_GCS_G1_Young_Generation], Count, 349
[TOTAL_GC_TIME_G1_Young_Generation], Time(ms), 13559
[TOTAL_GC_TIME_%_G1_Young_Generation], Time(%), 2.9688553736742076
[TOTAL_GCS_G1_Old_Generation], Count, 0
[TOTAL_GC_TIME_G1_Old_Generation], Time(ms), 0
[TOTAL_GC_TIME_%_G1_Old_Generation], Time(%), 0.0
[TOTAL_GCs], Count, 349
[TOTAL_GC_TIME], Time(ms), 13559
[TOTAL_GC_TIME_%], Time(%), 2.9688553736742076
[MAX_MEM_USED], MBs, 6086
[MIN_MEM_USED], MBs, 48
[MAX_THREADS], Count, 7
[MIN_THREADS], Count, 3
[MAX_SYS_LOAD_AVG], Load, 4.82
[MIN_SYS_LOAD_AVG], Load, 1.07
[THREAD_COUNT], Operations, 47
[THREAD_COUNT], AverageLatency(ns), 5.404255319148936
[THREAD_COUNT], MinLatency(ns), 3
[THREAD_COUNT], MaxLatency(ns), 7
[THREAD_COUNT], 95thPercentileLatency(ns), 7
[THREAD_COUNT], 99thPercentileLatency(ns), 7
[SYS_LOAD_AVG], Operations, 47
[SYS_LOAD_AVG], AverageLatency(ns), 1.6170212765957446
[SYS_LOAD_AVG], MinLatency(ns), 1
[SYS_LOAD_AVG], MaxLatency(ns), 4
[SYS_LOAD_AVG], 95thPercentileLatency(ns), 3
[SYS_LOAD_AVG], 99thPercentileLatency(ns), 4
[READ-MODIFY-WRITE], Operations, 1499368
[READ-MODIFY-WRITE], AverageLatency(ns), 72586.6182791683
[READ-MODIFY-WRITE], MinLatency(ns), 39339
[READ-MODIFY-WRITE], MaxLatency(ns), 280786943
[READ-MODIFY-WRITE], 95thPercentileLatency(ns), 94610
[READ-MODIFY-WRITE], 99thPercentileLatency(ns), 103467
[LOAD], Operations, 1
[LOAD], AverageLatency(ns), 2.70411497472E11
[LOAD], MinLatency(ns), 270410973184
[LOAD], MaxLatency(ns), 270412021759
[LOAD], 95thPercentileLatency(ns), 270412021759
[LOAD], 99thPercentileLatency(ns), 270412021759
[USED_MEM_MB], Operations, 47
[USED_MEM_MB], AverageLatency(ns), 4075.2127659574467
[USED_MEM_MB], MinLatency(ns), 48
[USED_MEM_MB], MaxLatency(ns), 6086
[USED_MEM_MB], 95thPercentileLatency(ns), 5914
[USED_MEM_MB], 99thPercentileLatency(ns), 6086
[MAIN_GCs_Count], Operations, 1
[MAIN_GCs_Count], AverageLatency(ns), 112.0
[MAIN_GCs_Count], MinLatency(ns), 112
[MAIN_GCs_Count], MaxLatency(ns), 112
[MAIN_GCs_Count], 95thPercentileLatency(ns), 112
[MAIN_GCs_Count], 99thPercentileLatency(ns), 112
[MAIN_GCs_Time(ms)], Operations, 1
[MAIN_GCs_Time(ms)], AverageLatency(ns), 7920.0
[MAIN_GCs_Time(ms)], MinLatency(ns), 7920
[MAIN_GCs_Time(ms)], MaxLatency(ns), 7920
[MAIN_GCs_Time(ms)], 95thPercentileLatency(ns), 7920
[MAIN_GCs_Time(ms)], 99thPercentileLatency(ns), 7920
[TRANSACTION], Operations, 1
[TRANSACTION], AverageLatency(ns), 1.85565970432E11
[TRANSACTION], MinLatency(ns), 185565446144
[TRANSACTION], MaxLatency(ns), 185566494719
[TRANSACTION], 95thPercentileLatency(ns), 185566494719
[TRANSACTION], 99thPercentileLatency(ns), 185566494719
[GCS_TIME], Operations, 47
[GCS_TIME], AverageLatency(ns), 288.48936170212767
[GCS_TIME], MinLatency(ns), 0
[GCS_TIME], MaxLatency(ns), 663
[GCS_TIME], 95thPercentileLatency(ns), 563
[GCS_TIME], 99thPercentileLatency(ns), 663
[LOAD_GCs_Time(ms)], Operations, 1
[LOAD_GCs_Time(ms)], AverageLatency(ns), 5618.0
[LOAD_GCs_Time(ms)], MinLatency(ns), 5618
[LOAD_GCs_Time(ms)], MaxLatency(ns), 5618
[LOAD_GCs_Time(ms)], 95thPercentileLatency(ns), 5618
[LOAD_GCs_Time(ms)], 99thPercentileLatency(ns), 5618
[READ], Operations, 3000000
[READ], AverageLatency(ns), 26233.489281666665
[READ], MinLatency(ns), 223
[READ], MaxLatency(ns), 140676095
[READ], 95thPercentileLatency(ns), 50007
[READ], 99thPercentileLatency(ns), 54146
[READ], Return=OK, 3000000
[INIT], Operations, 1
[INIT], AverageLatency(ns), 6.73318912E8
[INIT], MinLatency(ns), 673316864
[INIT], MaxLatency(ns), 673320959
[INIT], 95thPercentileLatency(ns), 673320959
[INIT], 99thPercentileLatency(ns), 673320959
[GCS], Operations, 47
[GCS], AverageLatency(ns), 7.425531914893617
[GCS], MinLatency(ns), 0
[GCS], MaxLatency(ns), 53
[GCS], 95thPercentileLatency(ns), 23
[GCS], 99thPercentileLatency(ns), 53
[LOAD_GCs_Count], Operations, 1
[LOAD_GCs_Count], AverageLatency(ns), 236.0
[LOAD_GCs_Count], MinLatency(ns), 236
[LOAD_GCs_Count], MaxLatency(ns), 236
[LOAD_GCs_Count], 95thPercentileLatency(ns), 236
[LOAD_GCs_Count], 99thPercentileLatency(ns), 236
[CLEANUP], Operations, 1
[CLEANUP], AverageLatency(ns), 14987.0
[CLEANUP], MinLatency(ns), 14987
[CLEANUP], MaxLatency(ns), 14987
[CLEANUP], 95thPercentileLatency(ns), 14987
[CLEANUP], 99thPercentileLatency(ns), 14987
[INSERT], Operations, 1000000
[INSERT], AverageLatency(ns), 45234.96779
[INSERT], MinLatency(ns), 39109
[INSERT], MaxLatency(ns), 79854079
[INSERT], 95thPercentileLatency(ns), 47052
[INSERT], 99thPercentileLatency(ns), 66529
[INSERT], Return=OK, 1000000
[UPDATE], Operations, 1499368
[UPDATE], AverageLatency(ns), 45312.952361928496
[UPDATE], MinLatency(ns), 38596
[UPDATE], MaxLatency(ns), 185970687
[UPDATE], 95thPercentileLatency(ns), 48354
[UPDATE], 99thPercentileLatency(ns), 54602
[UPDATE], Return=OK, 1499368
