/home/anatole/jdk8u/build/linux-x86_64-normal-server-release/jdk/bin/java -Xmx40g -XX:+UseG1GC -classpath /home/anatole/ycsb/conf:/home/anatole/ycsb/core/target/core-0.18.0-SNAPSHOT.jar:/home/anatole/ycsb/core/target/dependency/HdrHistogram-2.1.4.jar:/home/anatole/ycsb/core/target/dependency/guava-18.0.jar:/home/anatole/ycsb/core/target/dependency/htrace-core4-4.1.0-incubating.jar:/home/anatole/ycsb/core/target/dependency/jackson-core-asl-1.9.4.jar:/home/anatole/ycsb/core/target/dependency/jackson-mapper-asl-1.9.4.jar:/home/anatole/ycsb/core/target/dependency/javax.persistence-api-2.2.jar:/home/anatole/ycsb/core/target/dependency/jnvm-1.0-SNAPSHOT.jar:/home/anatole/ycsb/core/target/dependency/pcj-1.0.jar:/home/anatole/ycsb/core/target/dependency/unsafe-helper-1.0.jar:/home/anatole/ycsb/infinispan/src/main/conf:/home/anatole/ycsb/infinispan/target/infinispan-binding-0.18.0-SNAPSHOT.jar:/home/anatole/ycsb/infinispan/target/dependency/caffeine-2.6.2.jar:/home/anatole/ycsb/infinispan/target/dependency/gson-2.8.2.jar:/home/anatole/ycsb/infinispan/target/dependency/guava-18.0.jar:/home/anatole/ycsb/infinispan/target/dependency/infinispan-cachestore-jnvm-1.0-SNAPSHOT.jar:/home/anatole/ycsb/infinispan/target/dependency/infinispan-cachestore-pcj-1.0-SNAPSHOT.jar:/home/anatole/ycsb/infinispan/target/dependency/infinispan-client-hotrod-9.4.20.Final.jar:/home/anatole/ycsb/infinispan/target/dependency/infinispan-commons-9.4.20.Final.jar:/home/anatole/ycsb/infinispan/target/dependency/infinispan-core-9.4.20.Final.jar:/home/anatole/ycsb/infinispan/target/dependency/infinispan-persistence-soft-index-9.4.20.Final.jar:/home/anatole/ycsb/infinispan/target/dependency/javax.persistence-api-2.2.jar:/home/anatole/ycsb/infinispan/target/dependency/jboss-logging-3.3.2.Final.jar:/home/anatole/ycsb/infinispan/target/dependency/jboss-marshalling-osgi-2.0.6.Final.jar:/home/anatole/ycsb/infinispan/target/dependency/jboss-transaction-api_1.2_spec-1.1.1.Final.jar:/home/anatole/ycsb/infinispan/target/dependency/jgroups-4.0.21.Final.jar:/home/anatole/ycsb/infinispan/target/dependency/jnvm-1.0-SNAPSHOT.jar:/home/anatole/ycsb/infinispan/target/dependency/metainf-services-1.7.jar:/home/anatole/ycsb/infinispan/target/dependency/netty-buffer-4.1.51.Final.jar:/home/anatole/ycsb/infinispan/target/dependency/netty-codec-4.1.51.Final.jar:/home/anatole/ycsb/infinispan/target/dependency/netty-common-4.1.51.Final.jar:/home/anatole/ycsb/infinispan/target/dependency/netty-handler-4.1.51.Final.jar:/home/anatole/ycsb/infinispan/target/dependency/netty-resolver-4.1.51.Final.jar:/home/anatole/ycsb/infinispan/target/dependency/netty-transport-4.1.51.Final.jar:/home/anatole/ycsb/infinispan/target/dependency/netty-transport-native-epoll-4.1.51.Final-linux-x86_64.jar:/home/anatole/ycsb/infinispan/target/dependency/netty-transport-native-unix-common-4.1.51.Final.jar:/home/anatole/ycsb/infinispan/target/dependency/pcj-1.0.jar:/home/anatole/ycsb/infinispan/target/dependency/reactive-streams-1.0.2.jar:/home/anatole/ycsb/infinispan/target/dependency/rxjava-2.2.4.jar:/home/anatole/ycsb/infinispan/target/dependency/unsafe-helper-1.0.jar site.ycsb.Client -t -db site.ycsb.db.InfinispanClient -P ../workloads/workloadf -preload -s -threads 1 -p dataintegrity=true -p offheap=false -p recordcount=1000000 -p operationcount=3000000 -p fieldcount=10 -p fieldlength=900 -p requestdistribution=zipfian -p measurement.trackjvm=true -p measurementtype=hdrhistogram -p hdrhistogram.output.path=./out/exp7.marshalling.ref/log/infinispan.run.workloadf.true.1000000.1000000.10.900.zipfian.1.false.true.default.default.tmpfs.r3.hdr.log
[OVERALL], RunTime(ms), 621919
[OVERALL], Throughput(ops/sec), 6431.7057365991395
[TOTAL_GCS_G1_Young_Generation], Count, 873
[TOTAL_GC_TIME_G1_Young_Generation], Time(ms), 31616
[TOTAL_GC_TIME_%_G1_Young_Generation], Time(%), 5.08362021420796
[TOTAL_GCS_G1_Old_Generation], Count, 0
[TOTAL_GC_TIME_G1_Old_Generation], Time(ms), 0
[TOTAL_GC_TIME_%_G1_Old_Generation], Time(%), 0.0
[TOTAL_GCs], Count, 873
[TOTAL_GC_TIME], Time(ms), 31616
[TOTAL_GC_TIME_%], Time(%), 5.08362021420796
[MAX_MEM_USED], MBs, 23577
[MIN_MEM_USED], MBs, 54
[MAX_THREADS], Count, 7
[MIN_THREADS], Count, 3
[MAX_SYS_LOAD_AVG], Load, 6.33
[MIN_SYS_LOAD_AVG], Load, 1.69
[THREAD_COUNT], Operations, 64
[THREAD_COUNT], AverageLatency(ns), 5.296875
[THREAD_COUNT], MinLatency(ns), 3
[THREAD_COUNT], MaxLatency(ns), 7
[THREAD_COUNT], 95thPercentileLatency(ns), 7
[THREAD_COUNT], 99thPercentileLatency(ns), 7
[SYS_LOAD_AVG], Operations, 64
[SYS_LOAD_AVG], AverageLatency(ns), 2.34375
[SYS_LOAD_AVG], MinLatency(ns), 1
[SYS_LOAD_AVG], MaxLatency(ns), 6
[SYS_LOAD_AVG], 95thPercentileLatency(ns), 4
[SYS_LOAD_AVG], 99thPercentileLatency(ns), 5
[READ-MODIFY-WRITE], Operations, 1499588
[READ-MODIFY-WRITE], AverageLatency(ns), 71551.52423065536
[READ-MODIFY-WRITE], MinLatency(ns), 52781
[READ-MODIFY-WRITE], MaxLatency(ns), 158785535
[READ-MODIFY-WRITE], 95thPercentileLatency(ns), 81919
[READ-MODIFY-WRITE], 99thPercentileLatency(ns), 91597
[LOAD], Operations, 1
[LOAD], AverageLatency(ns), 4.46444863488E11
[LOAD], MinLatency(ns), 446443814912
[LOAD], MaxLatency(ns), 446445912063
[LOAD], 95thPercentileLatency(ns), 446445912063
[LOAD], 99thPercentileLatency(ns), 446445912063
[USED_MEM_MB], Operations, 64
[USED_MEM_MB], AverageLatency(ns), 15070.59375
[USED_MEM_MB], MinLatency(ns), 54
[USED_MEM_MB], MaxLatency(ns), 23577
[USED_MEM_MB], 95thPercentileLatency(ns), 23023
[USED_MEM_MB], 99thPercentileLatency(ns), 23375
[MAIN_GCs_Count], Operations, 1
[MAIN_GCs_Count], AverageLatency(ns), 184.0
[MAIN_GCs_Count], MinLatency(ns), 184
[MAIN_GCs_Count], MaxLatency(ns), 184
[MAIN_GCs_Count], 95thPercentileLatency(ns), 184
[MAIN_GCs_Count], 99thPercentileLatency(ns), 184
[MAIN_GCs_Time(ms)], Operations, 1
[MAIN_GCs_Time(ms)], AverageLatency(ns), 10181.0
[MAIN_GCs_Time(ms)], MinLatency(ns), 10181
[MAIN_GCs_Time(ms)], MaxLatency(ns), 10181
[MAIN_GCs_Time(ms)], 95thPercentileLatency(ns), 10181
[MAIN_GCs_Time(ms)], 99thPercentileLatency(ns), 10181
[TRANSACTION], Operations, 1
[TRANSACTION], AverageLatency(ns), 1.747320832E11
[TRANSACTION], MinLatency(ns), 174731558912
[TRANSACTION], MaxLatency(ns), 174732607487
[TRANSACTION], 95thPercentileLatency(ns), 174732607487
[TRANSACTION], 99thPercentileLatency(ns), 174732607487
[GCS_TIME], Operations, 64
[GCS_TIME], AverageLatency(ns), 494.0
[GCS_TIME], MinLatency(ns), 0
[GCS_TIME], MaxLatency(ns), 730
[GCS_TIME], 95thPercentileLatency(ns), 634
[GCS_TIME], 99thPercentileLatency(ns), 728
[LOAD_GCs_Time(ms)], Operations, 1
[LOAD_GCs_Time(ms)], AverageLatency(ns), 21402.0
[LOAD_GCs_Time(ms)], MinLatency(ns), 21402
[LOAD_GCs_Time(ms)], MaxLatency(ns), 21402
[LOAD_GCs_Time(ms)], 95thPercentileLatency(ns), 21402
[LOAD_GCs_Time(ms)], 99thPercentileLatency(ns), 21402
[READ], Operations, 3000000
[READ], AverageLatency(ns), 882.1973796666666
[READ], MinLatency(ns), 199
[READ], MaxLatency(ns), 22058751
[READ], 95thPercentileLatency(ns), 2005
[READ], 99thPercentileLatency(ns), 3279
[READ], Return=OK, 3000000
[INIT], Operations, 1
[INIT], AverageLatency(ns), 6.59310592E8
[INIT], MinLatency(ns), 659308544
[INIT], MaxLatency(ns), 659312639
[INIT], 95thPercentileLatency(ns), 659312639
[INIT], 99thPercentileLatency(ns), 659312639
[GCS], Operations, 64
[GCS], AverageLatency(ns), 13.640625
[GCS], MinLatency(ns), 0
[GCS], MaxLatency(ns), 58
[GCS], 95thPercentileLatency(ns), 38
[GCS], 99thPercentileLatency(ns), 51
[LOAD_GCs_Count], Operations, 1
[LOAD_GCs_Count], AverageLatency(ns), 687.0
[LOAD_GCs_Count], MinLatency(ns), 687
[LOAD_GCs_Count], MaxLatency(ns), 687
[LOAD_GCs_Count], 95thPercentileLatency(ns), 687
[LOAD_GCs_Count], 99thPercentileLatency(ns), 687
[CLEANUP], Operations, 1
[CLEANUP], AverageLatency(ns), 15400.0
[CLEANUP], MinLatency(ns), 15400
[CLEANUP], MaxLatency(ns), 15400
[CLEANUP], 95thPercentileLatency(ns), 15400
[CLEANUP], 99thPercentileLatency(ns), 15400
[INSERT], Operations, 1000000
[INSERT], AverageLatency(ns), 65817.120425
[INSERT], MinLatency(ns), 53237
[INSERT], MaxLatency(ns), 124164095
[INSERT], 95thPercentileLatency(ns), 77814
[INSERT], 99thPercentileLatency(ns), 93437
[INSERT], Return=OK, 1000000
[UPDATE], Operations, 1499588
[UPDATE], AverageLatency(ns), 69384.3791781476
[UPDATE], MinLatency(ns), 51959
[UPDATE], MaxLatency(ns), 91989503
[UPDATE], 95thPercentileLatency(ns), 80167
[UPDATE], 99thPercentileLatency(ns), 89618
[UPDATE], Return=OK, 1499588
