/home/anatole/jdk8u/build/linux-x86_64-normal-server-release/jdk/bin/java -Xmx20g -classpath /home/anatole/ycsb/conf:/home/anatole/ycsb/core/target/core-0.18.0-SNAPSHOT.jar:/home/anatole/ycsb/core/target/dependency/HdrHistogram-2.1.4.jar:/home/anatole/ycsb/core/target/dependency/guava-18.0.jar:/home/anatole/ycsb/core/target/dependency/htrace-core4-4.1.0-incubating.jar:/home/anatole/ycsb/core/target/dependency/jackson-core-asl-1.9.4.jar:/home/anatole/ycsb/core/target/dependency/jackson-mapper-asl-1.9.4.jar:/home/anatole/ycsb/core/target/dependency/javax.persistence-api-2.2.jar:/home/anatole/ycsb/core/target/dependency/jnvm-1.0-SNAPSHOT.jar:/home/anatole/ycsb/core/target/dependency/unsafe-helper-1.0.jar:/home/anatole/ycsb/infinispan/src/main/conf:/home/anatole/ycsb/infinispan/target/infinispan-binding-0.18.0-SNAPSHOT.jar:/home/anatole/ycsb/infinispan/target/dependency/caffeine-2.6.2.jar:/home/anatole/ycsb/infinispan/target/dependency/gson-2.8.2.jar:/home/anatole/ycsb/infinispan/target/dependency/guava-18.0.jar:/home/anatole/ycsb/infinispan/target/dependency/infinispan-cachestore-jnvm-1.0-SNAPSHOT.jar:/home/anatole/ycsb/infinispan/target/dependency/infinispan-client-hotrod-9.4.17.Final.jar:/home/anatole/ycsb/infinispan/target/dependency/infinispan-commons-9.4.17.Final.jar:/home/anatole/ycsb/infinispan/target/dependency/infinispan-core-9.4.17.Final.jar:/home/anatole/ycsb/infinispan/target/dependency/infinispan-embedded-9.0.1.Final.jar:/home/anatole/ycsb/infinispan/target/dependency/javax.persistence-api-2.2.jar:/home/anatole/ycsb/infinispan/target/dependency/jboss-logging-3.3.2.Final.jar:/home/anatole/ycsb/infinispan/target/dependency/jboss-marshalling-osgi-2.0.6.Final.jar:/home/anatole/ycsb/infinispan/target/dependency/jboss-transaction-api_1.1_spec-1.0.1.Final.jar:/home/anatole/ycsb/infinispan/target/dependency/jboss-transaction-api_1.2_spec-1.1.1.Final.jar:/home/anatole/ycsb/infinispan/target/dependency/jgroups-4.0.20.Final.jar:/home/anatole/ycsb/infinispan/target/dependency/jnvm-1.0-SNAPSHOT.jar:/home/anatole/ycsb/infinispan/target/dependency/metainf-services-1.7.jar:/home/anatole/ycsb/infinispan/target/dependency/netty-buffer-4.1.42.Final.jar:/home/anatole/ycsb/infinispan/target/dependency/netty-codec-4.1.42.Final.jar:/home/anatole/ycsb/infinispan/target/dependency/netty-common-4.1.42.Final.jar:/home/anatole/ycsb/infinispan/target/dependency/netty-handler-4.1.42.Final.jar:/home/anatole/ycsb/infinispan/target/dependency/netty-resolver-4.1.42.Final.jar:/home/anatole/ycsb/infinispan/target/dependency/netty-transport-4.1.42.Final.jar:/home/anatole/ycsb/infinispan/target/dependency/netty-transport-native-epoll-4.1.42.Final-linux-x86_64.jar:/home/anatole/ycsb/infinispan/target/dependency/netty-transport-native-unix-common-4.1.42.Final.jar:/home/anatole/ycsb/infinispan/target/dependency/reactive-streams-1.0.2.jar:/home/anatole/ycsb/infinispan/target/dependency/rxjava-2.2.4.jar:/home/anatole/ycsb/infinispan/target/dependency/unsafe-helper-1.0.jar site.ycsb.Client -t -db site.ycsb.db.InfinispanClient -P ../workloads/workloadb -threads 1 -p dataintegrity=true -p offheap=false -p recordcount=3000000 -p operationcount=3000000 -p fieldcount=10 -p requestdistribution=uniform -p measurementtype=hdrhistogram -p hdrhistogram.output.path=./out/exp3.distribution.ref/log/infinispan.run.workloadb.true.3000000.300000.10.uniform.1.hdr.log
[OVERALL], RunTime(ms), 134808
[OVERALL], Throughput(ops/sec), 22253.872173758235
[TOTAL_GCS_PS_Scavenge], Count, 21
[TOTAL_GC_TIME_PS_Scavenge], Time(ms), 10898
[TOTAL_GC_TIME_%_PS_Scavenge], Time(%), 8.08408996498724
[TOTAL_GCS_PS_MarkSweep], Count, 2
[TOTAL_GC_TIME_PS_MarkSweep], Time(ms), 5575
[TOTAL_GC_TIME_%_PS_MarkSweep], Time(%), 4.135511245623405
[TOTAL_GCs], Count, 23
[TOTAL_GC_TIME], Time(ms), 16473
[TOTAL_GC_TIME_%], Time(%), 12.219601210610646
[READ], Operations, 2849653
[READ], AverageLatency(ns), 26232.07275833233
[READ], MinLatency(ns), 128
[READ], MaxLatency(ns), 2147483647
[READ], 95thPercentileLatency(ns), 65535
[READ], 99thPercentileLatency(ns), 65535
[READ], Return=OK, 2849653
[INIT], Operations, 1
[INIT], AverageLatency(ns), 2.5769803776E10
[INIT], MinLatency(ns), 17179869184
[INIT], MaxLatency(ns), 34359738367
[INIT], 95thPercentileLatency(ns), 34359738367
[INIT], 99thPercentileLatency(ns), 34359738367
[CLEANUP], Operations, 1
[CLEANUP], AverageLatency(ns), 1.00663296E8
[CLEANUP], MinLatency(ns), 67108864
[CLEANUP], MaxLatency(ns), 134217727
[CLEANUP], 95thPercentileLatency(ns), 134217727
[CLEANUP], 99thPercentileLatency(ns), 134217727
[UPDATE], Operations, 150347
[UPDATE], AverageLatency(ns), 95798.78356069626
[UPDATE], MinLatency(ns), 32768
[UPDATE], MaxLatency(ns), 268435455
[UPDATE], 95thPercentileLatency(ns), 131071
[UPDATE], 99thPercentileLatency(ns), 131071
[UPDATE], Return=OK, 150347
