/home/anatole/jdk8u/build/linux-x86_64-normal-server-release/jdk/bin/java -Xmx20g -XX:+UseG1GC -classpath /home/anatole/ycsb/conf:/home/anatole/ycsb/core/target/core-0.18.0-SNAPSHOT.jar:/home/anatole/ycsb/core/target/dependency/HdrHistogram-2.1.4.jar:/home/anatole/ycsb/core/target/dependency/guava-18.0.jar:/home/anatole/ycsb/core/target/dependency/htrace-core4-4.1.0-incubating.jar:/home/anatole/ycsb/core/target/dependency/jackson-core-asl-1.9.4.jar:/home/anatole/ycsb/core/target/dependency/jackson-mapper-asl-1.9.4.jar:/home/anatole/ycsb/core/target/dependency/javax.persistence-api-2.2.jar:/home/anatole/ycsb/core/target/dependency/jnvm-1.0-SNAPSHOT.jar:/home/anatole/ycsb/core/target/dependency/pcj-1.0.jar:/home/anatole/ycsb/core/target/dependency/unsafe-helper-1.0.jar:/home/anatole/ycsb/infinispan/src/main/conf:/home/anatole/ycsb/infinispan/target/infinispan-binding-0.18.0-SNAPSHOT.jar:/home/anatole/ycsb/infinispan/target/dependency/caffeine-2.6.2.jar:/home/anatole/ycsb/infinispan/target/dependency/gson-2.8.2.jar:/home/anatole/ycsb/infinispan/target/dependency/guava-18.0.jar:/home/anatole/ycsb/infinispan/target/dependency/infinispan-cachestore-jnvm-1.0-SNAPSHOT.jar:/home/anatole/ycsb/infinispan/target/dependency/infinispan-cachestore-pcj-1.0-SNAPSHOT.jar:/home/anatole/ycsb/infinispan/target/dependency/infinispan-client-hotrod-9.4.17.Final.jar:/home/anatole/ycsb/infinispan/target/dependency/infinispan-commons-9.4.17.Final.jar:/home/anatole/ycsb/infinispan/target/dependency/infinispan-core-9.4.17.Final.jar:/home/anatole/ycsb/infinispan/target/dependency/infinispan-persistence-soft-index-9.4.17.Final.jar:/home/anatole/ycsb/infinispan/target/dependency/javax.persistence-api-2.2.jar:/home/anatole/ycsb/infinispan/target/dependency/jboss-logging-3.3.2.Final.jar:/home/anatole/ycsb/infinispan/target/dependency/jboss-marshalling-osgi-2.0.6.Final.jar:/home/anatole/ycsb/infinispan/target/dependency/jboss-transaction-api_1.2_spec-1.1.1.Final.jar:/home/anatole/ycsb/infinispan/target/dependency/jgroups-4.0.20.Final.jar:/home/anatole/ycsb/infinispan/target/dependency/jnvm-1.0-SNAPSHOT.jar:/home/anatole/ycsb/infinispan/target/dependency/metainf-services-1.7.jar:/home/anatole/ycsb/infinispan/target/dependency/netty-buffer-4.1.42.Final.jar:/home/anatole/ycsb/infinispan/target/dependency/netty-codec-4.1.42.Final.jar:/home/anatole/ycsb/infinispan/target/dependency/netty-common-4.1.42.Final.jar:/home/anatole/ycsb/infinispan/target/dependency/netty-handler-4.1.42.Final.jar:/home/anatole/ycsb/infinispan/target/dependency/netty-resolver-4.1.42.Final.jar:/home/anatole/ycsb/infinispan/target/dependency/netty-transport-4.1.42.Final.jar:/home/anatole/ycsb/infinispan/target/dependency/netty-transport-native-epoll-4.1.42.Final-linux-x86_64.jar:/home/anatole/ycsb/infinispan/target/dependency/netty-transport-native-unix-common-4.1.42.Final.jar:/home/anatole/ycsb/infinispan/target/dependency/pcj-1.0.jar:/home/anatole/ycsb/infinispan/target/dependency/reactive-streams-1.0.2.jar:/home/anatole/ycsb/infinispan/target/dependency/rxjava-2.2.4.jar:/home/anatole/ycsb/infinispan/target/dependency/unsafe-helper-1.0.jar site.ycsb.Client -load -db site.ycsb.db.InfinispanClient -P ../workloads/workloadf -threads 10 -p dataintegrity=true -p offheap=false -p recordcount=15000000 -p operationcount=100000000 -p fieldcount=10 -p requestdistribution=zipfian -p measurementtype=hdrhistogram -p hdrhistogram.output.path=./out/exp00.heapsize.ref/log/infinispan.load.workloadf.true.15000000.150000.10.zipfian.10.hdr.log
[OVERALL], RunTime(ms), 193287
[OVERALL], Throughput(ops/sec), 77604.80528954352
[TOTAL_GCS_G1_Young_Generation], Count, 93
[TOTAL_GC_TIME_G1_Young_Generation], Time(ms), 12895
[TOTAL_GC_TIME_%_G1_Young_Generation], Time(%), 6.671426428057758
[TOTAL_GCS_G1_Old_Generation], Count, 0
[TOTAL_GC_TIME_G1_Old_Generation], Time(ms), 0
[TOTAL_GC_TIME_%_G1_Old_Generation], Time(%), 0.0
[TOTAL_GCs], Count, 93
[TOTAL_GC_TIME], Time(ms), 12895
[TOTAL_GC_TIME_%], Time(%), 6.671426428057758
[INIT], Operations, 10
[INIT], AverageLatency(ns), 1.8202345472E9
[INIT], MinLatency(ns), 1817853952
[INIT], MaxLatency(ns), 1823891455
[INIT], 95thPercentileLatency(ns), 1823891455
[INIT], 99thPercentileLatency(ns), 1823891455
[LOAD], Operations, 10
[LOAD], AverageLatency(ns), 1.891313385472E11
[LOAD], MinLatency(ns), 185747898368
[LOAD], MaxLatency(ns), 191209930751
[LOAD], 95thPercentileLatency(ns), 191209930751
[LOAD], 99thPercentileLatency(ns), 191209930751
[CLEANUP], Operations, 10
[CLEANUP], AverageLatency(ns), 2.1596901632E9
[CLEANUP], MinLatency(ns), 82933760
[CLEANUP], MaxLatency(ns), 5529370623
[CLEANUP], 95thPercentileLatency(ns), 5529370623
[CLEANUP], 99thPercentileLatency(ns), 5529370623
[MAIN_GCs_Count], Operations, 10
[MAIN_GCs_Count], AverageLatency(ns), 91.3
[MAIN_GCs_Count], MinLatency(ns), 89
[MAIN_GCs_Count], MaxLatency(ns), 92
[MAIN_GCs_Count], 95thPercentileLatency(ns), 92
[MAIN_GCs_Count], 99thPercentileLatency(ns), 92
[INSERT], Operations, 15000000
[INSERT], AverageLatency(ns), 115524.8659578
[INSERT], MinLatency(ns), 23390
[INSERT], MaxLatency(ns), 1127120895
[INSERT], 95thPercentileLatency(ns), 119188
[INSERT], 99thPercentileLatency(ns), 134417
[INSERT], Return=OK, 15000000
[MAIN_GCs_Time(ms)], Operations, 10
[MAIN_GCs_Time(ms)], AverageLatency(ns), 12806.1
[MAIN_GCs_Time(ms)], MinLatency(ns), 12493
[MAIN_GCs_Time(ms)], MaxLatency(ns), 12876
[MAIN_GCs_Time(ms)], 95thPercentileLatency(ns), 12876
[MAIN_GCs_Time(ms)], 99thPercentileLatency(ns), 12876
