/home/anatole/jdk8u/build/linux-x86_64-normal-server-release/jdk/bin/java -Xmx20g -XX:+UseG1GC -classpath /home/anatole/ycsb/conf:/home/anatole/ycsb/core/target/core-0.18.0-SNAPSHOT.jar:/home/anatole/ycsb/core/target/dependency/HdrHistogram-2.1.4.jar:/home/anatole/ycsb/core/target/dependency/guava-18.0.jar:/home/anatole/ycsb/core/target/dependency/htrace-core4-4.1.0-incubating.jar:/home/anatole/ycsb/core/target/dependency/jackson-core-asl-1.9.4.jar:/home/anatole/ycsb/core/target/dependency/jackson-mapper-asl-1.9.4.jar:/home/anatole/ycsb/core/target/dependency/javax.persistence-api-2.2.jar:/home/anatole/ycsb/core/target/dependency/jnvm-1.0-SNAPSHOT.jar:/home/anatole/ycsb/core/target/dependency/pcj-1.0.jar:/home/anatole/ycsb/core/target/dependency/unsafe-helper-1.0.jar:/home/anatole/ycsb/infinispan/src/main/conf:/home/anatole/ycsb/infinispan/target/infinispan-binding-0.18.0-SNAPSHOT.jar:/home/anatole/ycsb/infinispan/target/dependency/caffeine-2.6.2.jar:/home/anatole/ycsb/infinispan/target/dependency/gson-2.8.2.jar:/home/anatole/ycsb/infinispan/target/dependency/guava-18.0.jar:/home/anatole/ycsb/infinispan/target/dependency/infinispan-cachestore-jnvm-1.0-SNAPSHOT.jar:/home/anatole/ycsb/infinispan/target/dependency/infinispan-cachestore-pcj-1.0-SNAPSHOT.jar:/home/anatole/ycsb/infinispan/target/dependency/infinispan-client-hotrod-9.4.17.Final.jar:/home/anatole/ycsb/infinispan/target/dependency/infinispan-commons-9.4.17.Final.jar:/home/anatole/ycsb/infinispan/target/dependency/infinispan-core-9.4.17.Final.jar:/home/anatole/ycsb/infinispan/target/dependency/infinispan-embedded-9.0.1.Final.jar:/home/anatole/ycsb/infinispan/target/dependency/javax.persistence-api-2.2.jar:/home/anatole/ycsb/infinispan/target/dependency/jboss-logging-3.3.2.Final.jar:/home/anatole/ycsb/infinispan/target/dependency/jboss-marshalling-osgi-2.0.6.Final.jar:/home/anatole/ycsb/infinispan/target/dependency/jboss-transaction-api_1.1_spec-1.0.1.Final.jar:/home/anatole/ycsb/infinispan/target/dependency/jboss-transaction-api_1.2_spec-1.1.1.Final.jar:/home/anatole/ycsb/infinispan/target/dependency/jgroups-4.0.20.Final.jar:/home/anatole/ycsb/infinispan/target/dependency/jnvm-1.0-SNAPSHOT.jar:/home/anatole/ycsb/infinispan/target/dependency/metainf-services-1.7.jar:/home/anatole/ycsb/infinispan/target/dependency/netty-buffer-4.1.42.Final.jar:/home/anatole/ycsb/infinispan/target/dependency/netty-codec-4.1.42.Final.jar:/home/anatole/ycsb/infinispan/target/dependency/netty-common-4.1.42.Final.jar:/home/anatole/ycsb/infinispan/target/dependency/netty-handler-4.1.42.Final.jar:/home/anatole/ycsb/infinispan/target/dependency/netty-resolver-4.1.42.Final.jar:/home/anatole/ycsb/infinispan/target/dependency/netty-transport-4.1.42.Final.jar:/home/anatole/ycsb/infinispan/target/dependency/netty-transport-native-epoll-4.1.42.Final-linux-x86_64.jar:/home/anatole/ycsb/infinispan/target/dependency/netty-transport-native-unix-common-4.1.42.Final.jar:/home/anatole/ycsb/infinispan/target/dependency/pcj-1.0.jar:/home/anatole/ycsb/infinispan/target/dependency/reactive-streams-1.0.2.jar:/home/anatole/ycsb/infinispan/target/dependency/rxjava-2.2.4.jar:/home/anatole/ycsb/infinispan/target/dependency/unsafe-helper-1.0.jar site.ycsb.Client -t -db site.ycsb.db.InfinispanClient -P ../workloads/workloada -threads 1 -p dataintegrity=true -p offheap=false -p recordcount=3000000 -p operationcount=3000000 -p fieldcount=10 -p requestdistribution=zipfian -p measurementtype=hdrhistogram -p hdrhistogram.output.path=./out/exp1.cachesize.ref/log/infinispan.run.workloada.true.3000000.2400000.10.zipfian.1.hdr.log
[OVERALL], RunTime(ms), 203373
[OVERALL], Throughput(ops/sec), 14751.220663509905
[TOTAL_GCS_G1_Young_Generation], Count, 144
[TOTAL_GC_TIME_G1_Young_Generation], Time(ms), 11445
[TOTAL_GC_TIME_%_G1_Young_Generation], Time(%), 5.6275906831290285
[TOTAL_GCS_G1_Old_Generation], Count, 0
[TOTAL_GC_TIME_G1_Old_Generation], Time(ms), 0
[TOTAL_GC_TIME_%_G1_Old_Generation], Time(%), 0.0
[TOTAL_GCs], Count, 144
[TOTAL_GC_TIME], Time(ms), 11445
[TOTAL_GC_TIME_%], Time(%), 5.6275906831290285
[READ], Operations, 1500170
[READ], AverageLatency(ns), 4663.174240252772
[READ], MinLatency(ns), 195
[READ], MaxLatency(ns), 91884543
[READ], 95thPercentileLatency(ns), 35027
[READ], 99thPercentileLatency(ns), 42947
[READ], Return=OK, 1500170
[INIT], Operations, 1
[INIT], AverageLatency(ns), 1.00674568192E11
[INIT], MinLatency(ns), 100674306048
[INIT], MaxLatency(ns), 100674830335
[INIT], 95thPercentileLatency(ns), 100674830335
[INIT], 99thPercentileLatency(ns), 100674830335
[CLEANUP], Operations, 1
[CLEANUP], AverageLatency(ns), 1.022183424E9
[CLEANUP], MinLatency(ns), 1022181376
[CLEANUP], MaxLatency(ns), 1022185471
[CLEANUP], 95thPercentileLatency(ns), 1022185471
[CLEANUP], 99thPercentileLatency(ns), 1022185471
[UPDATE], Operations, 1499830
[UPDATE], AverageLatency(ns), 60716.32949800978
[UPDATE], MinLatency(ns), 45475
[UPDATE], MaxLatency(ns), 235909119
[UPDATE], 95thPercentileLatency(ns), 87214
[UPDATE], 99thPercentileLatency(ns), 105231
[UPDATE], Return=OK, 1499830
[TRANSACTION], Operations, 1
[TRANSACTION], AverageLatency(ns), 1.0162405376E11
[TRANSACTION], MinLatency(ns), 101623791616
[TRANSACTION], MaxLatency(ns), 101624315903
[TRANSACTION], 95thPercentileLatency(ns), 101624315903
[TRANSACTION], 99thPercentileLatency(ns), 101624315903
