/home/anatole/jdk8u/build/linux-x86_64-normal-server-release/jdk/bin/java -Xmx20g -XX:+UseG1GC -classpath /home/anatole/ycsb/conf:/home/anatole/ycsb/core/target/core-0.18.0-SNAPSHOT.jar:/home/anatole/ycsb/core/target/dependency/HdrHistogram-2.1.4.jar:/home/anatole/ycsb/core/target/dependency/guava-18.0.jar:/home/anatole/ycsb/core/target/dependency/htrace-core4-4.1.0-incubating.jar:/home/anatole/ycsb/core/target/dependency/jackson-core-asl-1.9.4.jar:/home/anatole/ycsb/core/target/dependency/jackson-mapper-asl-1.9.4.jar:/home/anatole/ycsb/core/target/dependency/javax.persistence-api-2.2.jar:/home/anatole/ycsb/core/target/dependency/jnvm-1.0-SNAPSHOT.jar:/home/anatole/ycsb/core/target/dependency/pcj-1.0.jar:/home/anatole/ycsb/core/target/dependency/unsafe-helper-1.0.jar:/home/anatole/ycsb/infinispan/src/main/conf:/home/anatole/ycsb/infinispan/target/infinispan-binding-0.18.0-SNAPSHOT.jar:/home/anatole/ycsb/infinispan/target/dependency/caffeine-2.6.2.jar:/home/anatole/ycsb/infinispan/target/dependency/gson-2.8.2.jar:/home/anatole/ycsb/infinispan/target/dependency/guava-18.0.jar:/home/anatole/ycsb/infinispan/target/dependency/infinispan-cachestore-jnvm-1.0-SNAPSHOT.jar:/home/anatole/ycsb/infinispan/target/dependency/infinispan-cachestore-pcj-1.0-SNAPSHOT.jar:/home/anatole/ycsb/infinispan/target/dependency/infinispan-client-hotrod-9.4.17.Final.jar:/home/anatole/ycsb/infinispan/target/dependency/infinispan-commons-9.4.17.Final.jar:/home/anatole/ycsb/infinispan/target/dependency/infinispan-core-9.4.17.Final.jar:/home/anatole/ycsb/infinispan/target/dependency/infinispan-embedded-9.0.1.Final.jar:/home/anatole/ycsb/infinispan/target/dependency/javax.persistence-api-2.2.jar:/home/anatole/ycsb/infinispan/target/dependency/jboss-logging-3.3.2.Final.jar:/home/anatole/ycsb/infinispan/target/dependency/jboss-marshalling-osgi-2.0.6.Final.jar:/home/anatole/ycsb/infinispan/target/dependency/jboss-transaction-api_1.1_spec-1.0.1.Final.jar:/home/anatole/ycsb/infinispan/target/dependency/jboss-transaction-api_1.2_spec-1.1.1.Final.jar:/home/anatole/ycsb/infinispan/target/dependency/jgroups-4.0.20.Final.jar:/home/anatole/ycsb/infinispan/target/dependency/jnvm-1.0-SNAPSHOT.jar:/home/anatole/ycsb/infinispan/target/dependency/metainf-services-1.7.jar:/home/anatole/ycsb/infinispan/target/dependency/netty-buffer-4.1.42.Final.jar:/home/anatole/ycsb/infinispan/target/dependency/netty-codec-4.1.42.Final.jar:/home/anatole/ycsb/infinispan/target/dependency/netty-common-4.1.42.Final.jar:/home/anatole/ycsb/infinispan/target/dependency/netty-handler-4.1.42.Final.jar:/home/anatole/ycsb/infinispan/target/dependency/netty-resolver-4.1.42.Final.jar:/home/anatole/ycsb/infinispan/target/dependency/netty-transport-4.1.42.Final.jar:/home/anatole/ycsb/infinispan/target/dependency/netty-transport-native-epoll-4.1.42.Final-linux-x86_64.jar:/home/anatole/ycsb/infinispan/target/dependency/netty-transport-native-unix-common-4.1.42.Final.jar:/home/anatole/ycsb/infinispan/target/dependency/pcj-1.0.jar:/home/anatole/ycsb/infinispan/target/dependency/reactive-streams-1.0.2.jar:/home/anatole/ycsb/infinispan/target/dependency/rxjava-2.2.4.jar:/home/anatole/ycsb/infinispan/target/dependency/unsafe-helper-1.0.jar site.ycsb.Client -t -db site.ycsb.db.InfinispanJNVMClient -P ../workloads/workloada -threads 1 -p dataintegrity=true -p offheap=true -p recordcount=3000000 -p operationcount=3000000 -p fieldcount=10 -p requestdistribution=zipfian -p measurementtype=hdrhistogram -p hdrhistogram.output.path=./out/exp1.cachesize.ref/log/infinispan-jnvm.run.workloada.true.3000000.900000.10.zipfian.1.hdr.log
[OVERALL], RunTime(ms), 27249
[OVERALL], Throughput(ops/sec), 110095.7833314984
[TOTAL_GCS_G1_Young_Generation], Count, 52
[TOTAL_GC_TIME_G1_Young_Generation], Time(ms), 7027
[TOTAL_GC_TIME_%_G1_Young_Generation], Time(%), 25.78810231568131
[TOTAL_GCS_G1_Old_Generation], Count, 0
[TOTAL_GC_TIME_G1_Old_Generation], Time(ms), 0
[TOTAL_GC_TIME_%_G1_Old_Generation], Time(%), 0.0
[TOTAL_GCs], Count, 52
[TOTAL_GC_TIME], Time(ms), 7027
[TOTAL_GC_TIME_%], Time(%), 25.78810231568131
[READ], Operations, 1499463
[READ], AverageLatency(ns), 1537.0144304994521
[READ], MinLatency(ns), 154
[READ], MaxLatency(ns), 170511359
[READ], 95thPercentileLatency(ns), 3282
[READ], 99thPercentileLatency(ns), 4880
[READ], Return=OK, 1499463
[INIT], Operations, 1
[INIT], AverageLatency(ns), 1.506820096E10
[INIT], MinLatency(ns), 15068168192
[INIT], MaxLatency(ns), 15068233727
[INIT], 95thPercentileLatency(ns), 15068233727
[INIT], 99thPercentileLatency(ns), 15068233727
[CLEANUP], Operations, 1
[CLEANUP], AverageLatency(ns), 4.87629824E8
[CLEANUP], MinLatency(ns), 487628800
[CLEANUP], MaxLatency(ns), 487630847
[CLEANUP], 95thPercentileLatency(ns), 487630847
[CLEANUP], 99thPercentileLatency(ns), 487630847
[UPDATE], Operations, 1500537
[UPDATE], AverageLatency(ns), 2333.7890948373815
[UPDATE], MinLatency(ns), 216
[UPDATE], MaxLatency(ns), 55171327
[UPDATE], 95thPercentileLatency(ns), 4254
[UPDATE], 99thPercentileLatency(ns), 6218
[UPDATE], Return=OK, 1500537
[TRANSACTION], Operations, 1
[TRANSACTION], AverageLatency(ns), 1.1639226368E10
[TRANSACTION], MinLatency(ns), 11639193600
[TRANSACTION], MaxLatency(ns), 11639259135
[TRANSACTION], 95thPercentileLatency(ns), 11639259135
[TRANSACTION], 99thPercentileLatency(ns), 11639259135
