/home/anatole/jdk8u/build/linux-x86_64-normal-server-release/jdk/bin/java -Xmx20g -XX:+UseG1GC -classpath /home/anatole/ycsb/conf:/home/anatole/ycsb/core/target/core-0.18.0-SNAPSHOT.jar:/home/anatole/ycsb/core/target/dependency/HdrHistogram-2.1.4.jar:/home/anatole/ycsb/core/target/dependency/guava-18.0.jar:/home/anatole/ycsb/core/target/dependency/htrace-core4-4.1.0-incubating.jar:/home/anatole/ycsb/core/target/dependency/jackson-core-asl-1.9.4.jar:/home/anatole/ycsb/core/target/dependency/jackson-mapper-asl-1.9.4.jar:/home/anatole/ycsb/core/target/dependency/javax.persistence-api-2.2.jar:/home/anatole/ycsb/core/target/dependency/jnvm-1.0-SNAPSHOT.jar:/home/anatole/ycsb/core/target/dependency/pcj-1.0.jar:/home/anatole/ycsb/core/target/dependency/unsafe-helper-1.0.jar:/home/anatole/ycsb/infinispan/src/main/conf:/home/anatole/ycsb/infinispan/target/infinispan-binding-0.18.0-SNAPSHOT.jar:/home/anatole/ycsb/infinispan/target/dependency/caffeine-2.6.2.jar:/home/anatole/ycsb/infinispan/target/dependency/gson-2.8.2.jar:/home/anatole/ycsb/infinispan/target/dependency/guava-18.0.jar:/home/anatole/ycsb/infinispan/target/dependency/infinispan-cachestore-jnvm-1.0-SNAPSHOT.jar:/home/anatole/ycsb/infinispan/target/dependency/infinispan-cachestore-pcj-1.0-SNAPSHOT.jar:/home/anatole/ycsb/infinispan/target/dependency/infinispan-client-hotrod-9.4.17.Final.jar:/home/anatole/ycsb/infinispan/target/dependency/infinispan-commons-9.4.17.Final.jar:/home/anatole/ycsb/infinispan/target/dependency/infinispan-core-9.4.17.Final.jar:/home/anatole/ycsb/infinispan/target/dependency/infinispan-embedded-9.0.1.Final.jar:/home/anatole/ycsb/infinispan/target/dependency/javax.persistence-api-2.2.jar:/home/anatole/ycsb/infinispan/target/dependency/jboss-logging-3.3.2.Final.jar:/home/anatole/ycsb/infinispan/target/dependency/jboss-marshalling-osgi-2.0.6.Final.jar:/home/anatole/ycsb/infinispan/target/dependency/jboss-transaction-api_1.1_spec-1.0.1.Final.jar:/home/anatole/ycsb/infinispan/target/dependency/jboss-transaction-api_1.2_spec-1.1.1.Final.jar:/home/anatole/ycsb/infinispan/target/dependency/jgroups-4.0.20.Final.jar:/home/anatole/ycsb/infinispan/target/dependency/jnvm-1.0-SNAPSHOT.jar:/home/anatole/ycsb/infinispan/target/dependency/metainf-services-1.7.jar:/home/anatole/ycsb/infinispan/target/dependency/netty-buffer-4.1.42.Final.jar:/home/anatole/ycsb/infinispan/target/dependency/netty-codec-4.1.42.Final.jar:/home/anatole/ycsb/infinispan/target/dependency/netty-common-4.1.42.Final.jar:/home/anatole/ycsb/infinispan/target/dependency/netty-handler-4.1.42.Final.jar:/home/anatole/ycsb/infinispan/target/dependency/netty-resolver-4.1.42.Final.jar:/home/anatole/ycsb/infinispan/target/dependency/netty-transport-4.1.42.Final.jar:/home/anatole/ycsb/infinispan/target/dependency/netty-transport-native-epoll-4.1.42.Final-linux-x86_64.jar:/home/anatole/ycsb/infinispan/target/dependency/netty-transport-native-unix-common-4.1.42.Final.jar:/home/anatole/ycsb/infinispan/target/dependency/pcj-1.0.jar:/home/anatole/ycsb/infinispan/target/dependency/reactive-streams-1.0.2.jar:/home/anatole/ycsb/infinispan/target/dependency/rxjava-2.2.4.jar:/home/anatole/ycsb/infinispan/target/dependency/unsafe-helper-1.0.jar site.ycsb.Client -t -db site.ycsb.db.InfinispanClient -P ../workloads/workloada -threads 1 -p dataintegrity=true -p offheap=false -p recordcount=3000000 -p operationcount=3000000 -p fieldcount=10 -p requestdistribution=zipfian -p measurementtype=hdrhistogram -p hdrhistogram.output.path=./out/exp1.cachesize.ref/log/infinispan.run.workloada.true.3000000.3000000.10.zipfian.1.hdr.log
[OVERALL], RunTime(ms), 229215
[OVERALL], Throughput(ops/sec), 13088.14868136902
[TOTAL_GCS_G1_Young_Generation], Count, 152
[TOTAL_GC_TIME_G1_Young_Generation], Time(ms), 23688
[TOTAL_GC_TIME_%_G1_Young_Generation], Time(%), 10.334402198808979
[TOTAL_GCS_G1_Old_Generation], Count, 0
[TOTAL_GC_TIME_G1_Old_Generation], Time(ms), 0
[TOTAL_GC_TIME_%_G1_Old_Generation], Time(%), 0.0
[TOTAL_GCs], Count, 152
[TOTAL_GC_TIME], Time(ms), 23688
[TOTAL_GC_TIME_%], Time(%), 10.334402198808979
[READ], Operations, 1499895
[READ], AverageLatency(ns), 797.6379373222792
[READ], MinLatency(ns), 217
[READ], MaxLatency(ns), 1641911
[READ], 95thPercentileLatency(ns), 2067
[READ], 99thPercentileLatency(ns), 3099
[READ], Return=OK, 1499895
[INIT], Operations, 1
[INIT], AverageLatency(ns), 1.22219134976E11
[INIT], MinLatency(ns), 122218872832
[INIT], MaxLatency(ns), 122219397119
[INIT], 95thPercentileLatency(ns), 122219397119
[INIT], 99thPercentileLatency(ns), 122219397119
[CLEANUP], Operations, 1
[CLEANUP], AverageLatency(ns), 2.588188672E9
[CLEANUP], MinLatency(ns), 2588180480
[CLEANUP], MaxLatency(ns), 2588196863
[CLEANUP], 95thPercentileLatency(ns), 2588196863
[CLEANUP], 99thPercentileLatency(ns), 2588196863
[UPDATE], Operations, 1500105
[UPDATE], AverageLatency(ns), 65252.36523510021
[UPDATE], MinLatency(ns), 44599
[UPDATE], MaxLatency(ns), 491708415
[UPDATE], 95thPercentileLatency(ns), 67337
[UPDATE], 99thPercentileLatency(ns), 97791
[UPDATE], Return=OK, 1500105
[TRANSACTION], Operations, 1
[TRANSACTION], AverageLatency(ns), 1.03940358144E11
[TRANSACTION], MinLatency(ns), 103940096000
[TRANSACTION], MaxLatency(ns), 103940620287
[TRANSACTION], 95thPercentileLatency(ns), 103940620287
[TRANSACTION], 99thPercentileLatency(ns), 103940620287
