/home/anatole/jdk8u/build/linux-x86_64-normal-server-release/jdk/bin/java -Xmx20g -XX:+UseG1GC -classpath /home/anatole/ycsb/conf:/home/anatole/ycsb/core/target/core-0.18.0-SNAPSHOT.jar:/home/anatole/ycsb/core/target/dependency/HdrHistogram-2.1.4.jar:/home/anatole/ycsb/core/target/dependency/guava-18.0.jar:/home/anatole/ycsb/core/target/dependency/htrace-core4-4.1.0-incubating.jar:/home/anatole/ycsb/core/target/dependency/jackson-core-asl-1.9.4.jar:/home/anatole/ycsb/core/target/dependency/jackson-mapper-asl-1.9.4.jar:/home/anatole/ycsb/core/target/dependency/javax.persistence-api-2.2.jar:/home/anatole/ycsb/core/target/dependency/jnvm-1.0-SNAPSHOT.jar:/home/anatole/ycsb/core/target/dependency/pcj-1.0.jar:/home/anatole/ycsb/core/target/dependency/unsafe-helper-1.0.jar:/home/anatole/ycsb/infinispan/src/main/conf:/home/anatole/ycsb/infinispan/target/infinispan-binding-0.18.0-SNAPSHOT.jar:/home/anatole/ycsb/infinispan/target/dependency/caffeine-2.6.2.jar:/home/anatole/ycsb/infinispan/target/dependency/gson-2.8.2.jar:/home/anatole/ycsb/infinispan/target/dependency/guava-18.0.jar:/home/anatole/ycsb/infinispan/target/dependency/infinispan-cachestore-jnvm-1.0-SNAPSHOT.jar:/home/anatole/ycsb/infinispan/target/dependency/infinispan-cachestore-pcj-1.0-SNAPSHOT.jar:/home/anatole/ycsb/infinispan/target/dependency/infinispan-client-hotrod-9.4.17.Final.jar:/home/anatole/ycsb/infinispan/target/dependency/infinispan-commons-9.4.17.Final.jar:/home/anatole/ycsb/infinispan/target/dependency/infinispan-core-9.4.17.Final.jar:/home/anatole/ycsb/infinispan/target/dependency/infinispan-embedded-9.0.1.Final.jar:/home/anatole/ycsb/infinispan/target/dependency/javax.persistence-api-2.2.jar:/home/anatole/ycsb/infinispan/target/dependency/jboss-logging-3.3.2.Final.jar:/home/anatole/ycsb/infinispan/target/dependency/jboss-marshalling-osgi-2.0.6.Final.jar:/home/anatole/ycsb/infinispan/target/dependency/jboss-transaction-api_1.1_spec-1.0.1.Final.jar:/home/anatole/ycsb/infinispan/target/dependency/jboss-transaction-api_1.2_spec-1.1.1.Final.jar:/home/anatole/ycsb/infinispan/target/dependency/jgroups-4.0.20.Final.jar:/home/anatole/ycsb/infinispan/target/dependency/jnvm-1.0-SNAPSHOT.jar:/home/anatole/ycsb/infinispan/target/dependency/metainf-services-1.7.jar:/home/anatole/ycsb/infinispan/target/dependency/netty-buffer-4.1.42.Final.jar:/home/anatole/ycsb/infinispan/target/dependency/netty-codec-4.1.42.Final.jar:/home/anatole/ycsb/infinispan/target/dependency/netty-common-4.1.42.Final.jar:/home/anatole/ycsb/infinispan/target/dependency/netty-handler-4.1.42.Final.jar:/home/anatole/ycsb/infinispan/target/dependency/netty-resolver-4.1.42.Final.jar:/home/anatole/ycsb/infinispan/target/dependency/netty-transport-4.1.42.Final.jar:/home/anatole/ycsb/infinispan/target/dependency/netty-transport-native-epoll-4.1.42.Final-linux-x86_64.jar:/home/anatole/ycsb/infinispan/target/dependency/netty-transport-native-unix-common-4.1.42.Final.jar:/home/anatole/ycsb/infinispan/target/dependency/pcj-1.0.jar:/home/anatole/ycsb/infinispan/target/dependency/reactive-streams-1.0.2.jar:/home/anatole/ycsb/infinispan/target/dependency/rxjava-2.2.4.jar:/home/anatole/ycsb/infinispan/target/dependency/unsafe-helper-1.0.jar site.ycsb.Client -t -db site.ycsb.db.InfinispanClient -P ../workloads/workloada -threads 1 -p dataintegrity=true -p offheap=false -p recordcount=3000000 -p operationcount=10000000 -p fieldcount=10 -p requestdistribution=latest -p measurementtype=hdrhistogram -p hdrhistogram.output.path=./out/exp3.distribution.ref/log/infinispan.run.workloada.true.3000000.300000.10.latest.1.hdr.log
[OVERALL], RunTime(ms), 372908
[OVERALL], Throughput(ops/sec), 26816.265674107286
[TOTAL_GCS_G1_Young_Generation], Count, 70
[TOTAL_GC_TIME_G1_Young_Generation], Time(ms), 7659
[TOTAL_GC_TIME_%_G1_Young_Generation], Time(%), 2.053857787979877
[TOTAL_GCS_G1_Old_Generation], Count, 0
[TOTAL_GC_TIME_G1_Old_Generation], Time(ms), 0
[TOTAL_GC_TIME_%_G1_Old_Generation], Time(%), 0.0
[TOTAL_GCs], Count, 70
[TOTAL_GC_TIME], Time(ms), 7659
[TOTAL_GC_TIME_%], Time(%), 2.053857787979877
[READ], Operations, 5000223
[READ], AverageLatency(ns), 7467.487662850237
[READ], MinLatency(ns), 209
[READ], MaxLatency(ns), 190895103
[READ], 95thPercentileLatency(ns), 34144
[READ], 99thPercentileLatency(ns), 35862
[READ], Return=OK, 5000223
[INIT], Operations, 1
[INIT], AverageLatency(ns), 2.4799543296E10
[INIT], MinLatency(ns), 24799477760
[INIT], MaxLatency(ns), 24799608831
[INIT], 95thPercentileLatency(ns), 24799608831
[INIT], 99thPercentileLatency(ns), 24799608831
[CLEANUP], Operations, 1
[CLEANUP], AverageLatency(ns), 1.37245184E8
[CLEANUP], MinLatency(ns), 137244672
[CLEANUP], MaxLatency(ns), 137245695
[CLEANUP], 95thPercentileLatency(ns), 137245695
[CLEANUP], 99thPercentileLatency(ns), 137245695
[UPDATE], Operations, 4999777
[UPDATE], AverageLatency(ns), 59936.321677746826
[UPDATE], MinLatency(ns), 45304
[UPDATE], MaxLatency(ns), 241342463
[UPDATE], 95thPercentileLatency(ns), 86979
[UPDATE], 99thPercentileLatency(ns), 91299
[UPDATE], Return=OK, 4999777
[TRANSACTION], Operations, 1
[TRANSACTION], AverageLatency(ns), 3.47924856832E11
[TRANSACTION], MinLatency(ns), 347923808256
[TRANSACTION], MaxLatency(ns), 347925905407
[TRANSACTION], 95thPercentileLatency(ns), 347925905407
[TRANSACTION], 99thPercentileLatency(ns), 347925905407
