/home/anatole/jdk8u/build/linux-x86_64-normal-server-release/jdk/bin/java -Xmx20g -XX:+UseG1GC -classpath /home/anatole/ycsb/conf:/home/anatole/ycsb/core/target/core-0.18.0-SNAPSHOT.jar:/home/anatole/ycsb/core/target/dependency/HdrHistogram-2.1.4.jar:/home/anatole/ycsb/core/target/dependency/guava-18.0.jar:/home/anatole/ycsb/core/target/dependency/htrace-core4-4.1.0-incubating.jar:/home/anatole/ycsb/core/target/dependency/jackson-core-asl-1.9.4.jar:/home/anatole/ycsb/core/target/dependency/jackson-mapper-asl-1.9.4.jar:/home/anatole/ycsb/core/target/dependency/javax.persistence-api-2.2.jar:/home/anatole/ycsb/core/target/dependency/jnvm-1.0-SNAPSHOT.jar:/home/anatole/ycsb/core/target/dependency/pcj-1.0.jar:/home/anatole/ycsb/core/target/dependency/unsafe-helper-1.0.jar:/home/anatole/ycsb/infinispan/src/main/conf:/home/anatole/ycsb/infinispan/target/infinispan-binding-0.18.0-SNAPSHOT.jar:/home/anatole/ycsb/infinispan/target/dependency/caffeine-2.6.2.jar:/home/anatole/ycsb/infinispan/target/dependency/gson-2.8.2.jar:/home/anatole/ycsb/infinispan/target/dependency/guava-18.0.jar:/home/anatole/ycsb/infinispan/target/dependency/infinispan-cachestore-jnvm-1.0-SNAPSHOT.jar:/home/anatole/ycsb/infinispan/target/dependency/infinispan-cachestore-pcj-1.0-SNAPSHOT.jar:/home/anatole/ycsb/infinispan/target/dependency/infinispan-client-hotrod-9.4.17.Final.jar:/home/anatole/ycsb/infinispan/target/dependency/infinispan-commons-9.4.17.Final.jar:/home/anatole/ycsb/infinispan/target/dependency/infinispan-core-9.4.17.Final.jar:/home/anatole/ycsb/infinispan/target/dependency/infinispan-embedded-9.0.1.Final.jar:/home/anatole/ycsb/infinispan/target/dependency/javax.persistence-api-2.2.jar:/home/anatole/ycsb/infinispan/target/dependency/jboss-logging-3.3.2.Final.jar:/home/anatole/ycsb/infinispan/target/dependency/jboss-marshalling-osgi-2.0.6.Final.jar:/home/anatole/ycsb/infinispan/target/dependency/jboss-transaction-api_1.1_spec-1.0.1.Final.jar:/home/anatole/ycsb/infinispan/target/dependency/jboss-transaction-api_1.2_spec-1.1.1.Final.jar:/home/anatole/ycsb/infinispan/target/dependency/jgroups-4.0.20.Final.jar:/home/anatole/ycsb/infinispan/target/dependency/jnvm-1.0-SNAPSHOT.jar:/home/anatole/ycsb/infinispan/target/dependency/metainf-services-1.7.jar:/home/anatole/ycsb/infinispan/target/dependency/netty-buffer-4.1.42.Final.jar:/home/anatole/ycsb/infinispan/target/dependency/netty-codec-4.1.42.Final.jar:/home/anatole/ycsb/infinispan/target/dependency/netty-common-4.1.42.Final.jar:/home/anatole/ycsb/infinispan/target/dependency/netty-handler-4.1.42.Final.jar:/home/anatole/ycsb/infinispan/target/dependency/netty-resolver-4.1.42.Final.jar:/home/anatole/ycsb/infinispan/target/dependency/netty-transport-4.1.42.Final.jar:/home/anatole/ycsb/infinispan/target/dependency/netty-transport-native-epoll-4.1.42.Final-linux-x86_64.jar:/home/anatole/ycsb/infinispan/target/dependency/netty-transport-native-unix-common-4.1.42.Final.jar:/home/anatole/ycsb/infinispan/target/dependency/pcj-1.0.jar:/home/anatole/ycsb/infinispan/target/dependency/reactive-streams-1.0.2.jar:/home/anatole/ycsb/infinispan/target/dependency/rxjava-2.2.4.jar:/home/anatole/ycsb/infinispan/target/dependency/unsafe-helper-1.0.jar site.ycsb.Client -t -db site.ycsb.db.InfinispanClient -P ../workloads/workloada -threads 1 -p dataintegrity=true -p offheap=false -p recordcount=3000000 -p operationcount=10000000 -p fieldcount=10 -p requestdistribution=exponential -p measurementtype=hdrhistogram -p hdrhistogram.output.path=./out/exp3.distribution.ref/log/infinispan.run.workloada.true.3000000.300000.10.exponential.1.hdr.log
[OVERALL], RunTime(ms), 585193
[OVERALL], Throughput(ops/sec), 17088.37938936385
[TOTAL_GCS_G1_Young_Generation], Count, 370
[TOTAL_GC_TIME_G1_Young_Generation], Time(ms), 23491
[TOTAL_GC_TIME_%_G1_Young_Generation], Time(%), 4.014231202355463
[TOTAL_GCS_G1_Old_Generation], Count, 0
[TOTAL_GC_TIME_G1_Old_Generation], Time(ms), 0
[TOTAL_GC_TIME_%_G1_Old_Generation], Time(%), 0.0
[TOTAL_GCs], Count, 370
[TOTAL_GC_TIME], Time(ms), 23491
[TOTAL_GC_TIME_%], Time(%), 4.014231202355463
[READ], Operations, 4999898
[READ], AverageLatency(ns), 27570.576306556653
[READ], MinLatency(ns), 269
[READ], MaxLatency(ns), 220523519
[READ], 95thPercentileLatency(ns), 37081
[READ], 99thPercentileLatency(ns), 42114
[READ], Return=OK, 4999898
[INIT], Operations, 1
[INIT], AverageLatency(ns), 2.461827072E10
[INIT], MinLatency(ns), 24618205184
[INIT], MaxLatency(ns), 24618336255
[INIT], 95thPercentileLatency(ns), 24618336255
[INIT], 99thPercentileLatency(ns), 24618336255
[CLEANUP], Operations, 1
[CLEANUP], AverageLatency(ns), 2.76452352E8
[CLEANUP], MinLatency(ns), 276451328
[CLEANUP], MaxLatency(ns), 276453375
[CLEANUP], 95thPercentileLatency(ns), 276453375
[CLEANUP], 99thPercentileLatency(ns), 276453375
[UPDATE], Operations, 5000102
[UPDATE], AverageLatency(ns), 82195.28405180534
[UPDATE], MinLatency(ns), 47370
[UPDATE], MaxLatency(ns), 243126271
[UPDATE], 95thPercentileLatency(ns), 98552
[UPDATE], 99thPercentileLatency(ns), 106620
[UPDATE], Return=OK, 5000102
[TRANSACTION], Operations, 1
[TRANSACTION], AverageLatency(ns), 5.60247865344E11
[TRANSACTION], MinLatency(ns), 560245768192
[TRANSACTION], MaxLatency(ns), 560249962495
[TRANSACTION], 95thPercentileLatency(ns), 560249962495
[TRANSACTION], 99thPercentileLatency(ns), 560249962495
