/home/anatole/jdk8u/build/linux-x86_64-normal-server-release/jdk/bin/java -Xmx20g -XX:+UseG1GC -classpath /home/anatole/ycsb/conf:/home/anatole/ycsb/core/target/core-0.18.0-SNAPSHOT.jar:/home/anatole/ycsb/core/target/dependency/HdrHistogram-2.1.4.jar:/home/anatole/ycsb/core/target/dependency/guava-18.0.jar:/home/anatole/ycsb/core/target/dependency/htrace-core4-4.1.0-incubating.jar:/home/anatole/ycsb/core/target/dependency/jackson-core-asl-1.9.4.jar:/home/anatole/ycsb/core/target/dependency/jackson-mapper-asl-1.9.4.jar:/home/anatole/ycsb/core/target/dependency/javax.persistence-api-2.2.jar:/home/anatole/ycsb/core/target/dependency/jnvm-1.0-SNAPSHOT.jar:/home/anatole/ycsb/core/target/dependency/pcj-1.0.jar:/home/anatole/ycsb/core/target/dependency/unsafe-helper-1.0.jar:/home/anatole/ycsb/infinispan/src/main/conf:/home/anatole/ycsb/infinispan/target/infinispan-binding-0.18.0-SNAPSHOT.jar:/home/anatole/ycsb/infinispan/target/dependency/caffeine-2.6.2.jar:/home/anatole/ycsb/infinispan/target/dependency/gson-2.8.2.jar:/home/anatole/ycsb/infinispan/target/dependency/guava-18.0.jar:/home/anatole/ycsb/infinispan/target/dependency/infinispan-cachestore-jnvm-1.0-SNAPSHOT.jar:/home/anatole/ycsb/infinispan/target/dependency/infinispan-cachestore-pcj-1.0-SNAPSHOT.jar:/home/anatole/ycsb/infinispan/target/dependency/infinispan-client-hotrod-9.4.17.Final.jar:/home/anatole/ycsb/infinispan/target/dependency/infinispan-commons-9.4.17.Final.jar:/home/anatole/ycsb/infinispan/target/dependency/infinispan-core-9.4.17.Final.jar:/home/anatole/ycsb/infinispan/target/dependency/infinispan-embedded-9.0.1.Final.jar:/home/anatole/ycsb/infinispan/target/dependency/javax.persistence-api-2.2.jar:/home/anatole/ycsb/infinispan/target/dependency/jboss-logging-3.3.2.Final.jar:/home/anatole/ycsb/infinispan/target/dependency/jboss-marshalling-osgi-2.0.6.Final.jar:/home/anatole/ycsb/infinispan/target/dependency/jboss-transaction-api_1.1_spec-1.0.1.Final.jar:/home/anatole/ycsb/infinispan/target/dependency/jboss-transaction-api_1.2_spec-1.1.1.Final.jar:/home/anatole/ycsb/infinispan/target/dependency/jgroups-4.0.20.Final.jar:/home/anatole/ycsb/infinispan/target/dependency/jnvm-1.0-SNAPSHOT.jar:/home/anatole/ycsb/infinispan/target/dependency/metainf-services-1.7.jar:/home/anatole/ycsb/infinispan/target/dependency/netty-buffer-4.1.42.Final.jar:/home/anatole/ycsb/infinispan/target/dependency/netty-codec-4.1.42.Final.jar:/home/anatole/ycsb/infinispan/target/dependency/netty-common-4.1.42.Final.jar:/home/anatole/ycsb/infinispan/target/dependency/netty-handler-4.1.42.Final.jar:/home/anatole/ycsb/infinispan/target/dependency/netty-resolver-4.1.42.Final.jar:/home/anatole/ycsb/infinispan/target/dependency/netty-transport-4.1.42.Final.jar:/home/anatole/ycsb/infinispan/target/dependency/netty-transport-native-epoll-4.1.42.Final-linux-x86_64.jar:/home/anatole/ycsb/infinispan/target/dependency/netty-transport-native-unix-common-4.1.42.Final.jar:/home/anatole/ycsb/infinispan/target/dependency/pcj-1.0.jar:/home/anatole/ycsb/infinispan/target/dependency/reactive-streams-1.0.2.jar:/home/anatole/ycsb/infinispan/target/dependency/rxjava-2.2.4.jar:/home/anatole/ycsb/infinispan/target/dependency/unsafe-helper-1.0.jar site.ycsb.Client -t -db site.ycsb.db.InfinispanJNVMClient -P ../workloads/workloada -threads 1 -p dataintegrity=true -p offheap=true -p recordcount=3000000 -p operationcount=10000000 -p fieldcount=10 -p requestdistribution=zipfian -p measurementtype=hdrhistogram -p hdrhistogram.output.path=./out/exp3.distribution.ref/log/infinispan-jnvm.run.workloada.true.3000000.1.10.zipfian.1.hdr.log
[OVERALL], RunTime(ms), 70649
[OVERALL], Throughput(ops/sec), 141544.82016730597
[TOTAL_GCS_G1_Young_Generation], Count, 72
[TOTAL_GC_TIME_G1_Young_Generation], Time(ms), 25424
[TOTAL_GC_TIME_%_G1_Young_Generation], Time(%), 35.98635507933587
[TOTAL_GCS_G1_Old_Generation], Count, 0
[TOTAL_GC_TIME_G1_Old_Generation], Time(ms), 0
[TOTAL_GC_TIME_%_G1_Old_Generation], Time(%), 0.0
[TOTAL_GCs], Count, 72
[TOTAL_GC_TIME], Time(ms), 25424
[TOTAL_GC_TIME_%], Time(%), 35.98635507933587
[READ], Operations, 4999246
[READ], AverageLatency(ns), 2169.7724494853824
[READ], MinLatency(ns), 186
[READ], MaxLatency(ns), 802689023
[READ], 95thPercentileLatency(ns), 2345
[READ], 99thPercentileLatency(ns), 5345
[READ], Return=OK, 4999246
[INIT], Operations, 1
[INIT], AverageLatency(ns), 1.5122137088E10
[INIT], MinLatency(ns), 15122104320
[INIT], MaxLatency(ns), 15122169855
[INIT], 95thPercentileLatency(ns), 15122169855
[INIT], 99thPercentileLatency(ns), 15122169855
[CLEANUP], Operations, 1
[CLEANUP], AverageLatency(ns), 3.45242624E8
[CLEANUP], MinLatency(ns), 345241600
[CLEANUP], MaxLatency(ns), 345243647
[CLEANUP], 95thPercentileLatency(ns), 345243647
[CLEANUP], 99thPercentileLatency(ns), 345243647
[UPDATE], Operations, 5000754
[UPDATE], AverageLatency(ns), 3371.425238873978
[UPDATE], MinLatency(ns), 259
[UPDATE], MaxLatency(ns), 967700479
[UPDATE], 95thPercentileLatency(ns), 3438
[UPDATE], 99thPercentileLatency(ns), 6392
[UPDATE], Return=OK, 5000754
[TRANSACTION], Operations, 1
[TRANSACTION], AverageLatency(ns), 5.439291392E10
[TRANSACTION], MinLatency(ns), 54392782848
[TRANSACTION], MaxLatency(ns), 54393044991
[TRANSACTION], 95thPercentileLatency(ns), 54393044991
[TRANSACTION], 99thPercentileLatency(ns), 54393044991
