/home/anatole/jdk8u/build/linux-x86_64-normal-server-release/jdk/bin/java -Xmx20g -classpath /home/anatole/ycsb/conf:/home/anatole/ycsb/core/target/core-0.18.0-SNAPSHOT.jar:/home/anatole/ycsb/core/target/dependency/HdrHistogram-2.1.4.jar:/home/anatole/ycsb/core/target/dependency/guava-18.0.jar:/home/anatole/ycsb/core/target/dependency/htrace-core4-4.1.0-incubating.jar:/home/anatole/ycsb/core/target/dependency/jackson-core-asl-1.9.4.jar:/home/anatole/ycsb/core/target/dependency/jackson-mapper-asl-1.9.4.jar:/home/anatole/ycsb/core/target/dependency/javax.persistence-api-2.2.jar:/home/anatole/ycsb/core/target/dependency/jnvm-1.0-SNAPSHOT.jar:/home/anatole/ycsb/core/target/dependency/unsafe-helper-1.0.jar:/home/anatole/ycsb/infinispan/src/main/conf:/home/anatole/ycsb/infinispan/target/infinispan-binding-0.18.0-SNAPSHOT.jar:/home/anatole/ycsb/infinispan/target/dependency/caffeine-2.6.2.jar:/home/anatole/ycsb/infinispan/target/dependency/gson-2.8.2.jar:/home/anatole/ycsb/infinispan/target/dependency/guava-18.0.jar:/home/anatole/ycsb/infinispan/target/dependency/infinispan-cachestore-jnvm-1.0-SNAPSHOT.jar:/home/anatole/ycsb/infinispan/target/dependency/infinispan-client-hotrod-9.4.17.Final.jar:/home/anatole/ycsb/infinispan/target/dependency/infinispan-commons-9.4.17.Final.jar:/home/anatole/ycsb/infinispan/target/dependency/infinispan-core-9.4.17.Final.jar:/home/anatole/ycsb/infinispan/target/dependency/infinispan-embedded-9.0.1.Final.jar:/home/anatole/ycsb/infinispan/target/dependency/javax.persistence-api-2.2.jar:/home/anatole/ycsb/infinispan/target/dependency/jboss-logging-3.3.2.Final.jar:/home/anatole/ycsb/infinispan/target/dependency/jboss-marshalling-osgi-2.0.6.Final.jar:/home/anatole/ycsb/infinispan/target/dependency/jboss-transaction-api_1.1_spec-1.0.1.Final.jar:/home/anatole/ycsb/infinispan/target/dependency/jboss-transaction-api_1.2_spec-1.1.1.Final.jar:/home/anatole/ycsb/infinispan/target/dependency/jgroups-4.0.20.Final.jar:/home/anatole/ycsb/infinispan/target/dependency/jnvm-1.0-SNAPSHOT.jar:/home/anatole/ycsb/infinispan/target/dependency/metainf-services-1.7.jar:/home/anatole/ycsb/infinispan/target/dependency/netty-buffer-4.1.42.Final.jar:/home/anatole/ycsb/infinispan/target/dependency/netty-codec-4.1.42.Final.jar:/home/anatole/ycsb/infinispan/target/dependency/netty-common-4.1.42.Final.jar:/home/anatole/ycsb/infinispan/target/dependency/netty-handler-4.1.42.Final.jar:/home/anatole/ycsb/infinispan/target/dependency/netty-resolver-4.1.42.Final.jar:/home/anatole/ycsb/infinispan/target/dependency/netty-transport-4.1.42.Final.jar:/home/anatole/ycsb/infinispan/target/dependency/netty-transport-native-epoll-4.1.42.Final-linux-x86_64.jar:/home/anatole/ycsb/infinispan/target/dependency/netty-transport-native-unix-common-4.1.42.Final.jar:/home/anatole/ycsb/infinispan/target/dependency/reactive-streams-1.0.2.jar:/home/anatole/ycsb/infinispan/target/dependency/rxjava-2.2.4.jar:/home/anatole/ycsb/infinispan/target/dependency/unsafe-helper-1.0.jar site.ycsb.Client -t -db site.ycsb.db.InfinispanClient -P ../workloads/workloadb -threads 1 -p dataintegrity=true -p offheap=false -p recordcount=3000000 -p operationcount=3000000 -p fieldcount=10 -p requestdistribution=uniform -p measurementtype=hdrhistogram -p hdrhistogram.output.path=./out/exp3.distribution.ref/log/infinispan.run.workloadb.true.3000000.300000.10.uniform.1.hdr.log
[OVERALL], RunTime(ms), 166633
[OVERALL], Throughput(ops/sec), 18003.63673462039
[TOTAL_GCS_PS_Scavenge], Count, 41
[TOTAL_GC_TIME_PS_Scavenge], Time(ms), 16170
[TOTAL_GC_TIME_%_PS_Scavenge], Time(%), 9.703960199960392
[TOTAL_GCS_PS_MarkSweep], Count, 2
[TOTAL_GC_TIME_PS_MarkSweep], Time(ms), 6505
[TOTAL_GC_TIME_%_PS_MarkSweep], Time(%), 3.9037885652901885
[TOTAL_GCs], Count, 43
[TOTAL_GC_TIME], Time(ms), 22675
[TOTAL_GC_TIME_%], Time(%), 13.60774876525058
[READ], Operations, 2850162
[READ], AverageLatency(ns), 34562.495723400985
[READ], MinLatency(ns), 256
[READ], MaxLatency(ns), 1073741823
[READ], 95thPercentileLatency(ns), 65535
[READ], 99thPercentileLatency(ns), 65535
[READ], Return=OK, 2850162
[INIT], Operations, 1
[INIT], AverageLatency(ns), 2.5769803776E10
[INIT], MinLatency(ns), 17179869184
[INIT], MaxLatency(ns), 34359738367
[INIT], 95thPercentileLatency(ns), 34359738367
[INIT], 99thPercentileLatency(ns), 34359738367
[CLEANUP], Operations, 1
[CLEANUP], AverageLatency(ns), 2.01326592E8
[CLEANUP], MinLatency(ns), 134217728
[CLEANUP], MaxLatency(ns), 268435455
[CLEANUP], 95thPercentileLatency(ns), 268435455
[CLEANUP], 99thPercentileLatency(ns), 268435455
[VERIFY], Operations, 2850162
[VERIFY], AverageLatency(ns), 9230.177821471201
[VERIFY], MinLatency(ns), 4096
[VERIFY], MaxLatency(ns), 4294967295
[VERIFY], 95thPercentileLatency(ns), 8191
[VERIFY], 99thPercentileLatency(ns), 16383
[VERIFY], Return=OK, 2850162
[UPDATE], Operations, 149838
[UPDATE], AverageLatency(ns), 98004.50470508149
[UPDATE], MinLatency(ns), 32768
[UPDATE], MaxLatency(ns), 536870911
[UPDATE], 95thPercentileLatency(ns), 131071
[UPDATE], 99thPercentileLatency(ns), 131071
[UPDATE], Return=OK, 149838
