/home/anatole/jdk8u/build/linux-x86_64-normal-server-release/jdk/bin/java -Xmx20g -classpath /home/anatole/ycsb/conf:/home/anatole/ycsb/core/target/core-0.18.0-SNAPSHOT.jar:/home/anatole/ycsb/core/target/dependency/HdrHistogram-2.1.4.jar:/home/anatole/ycsb/core/target/dependency/guava-18.0.jar:/home/anatole/ycsb/core/target/dependency/htrace-core4-4.1.0-incubating.jar:/home/anatole/ycsb/core/target/dependency/jackson-core-asl-1.9.4.jar:/home/anatole/ycsb/core/target/dependency/jackson-mapper-asl-1.9.4.jar:/home/anatole/ycsb/core/target/dependency/javax.persistence-api-2.2.jar:/home/anatole/ycsb/core/target/dependency/jnvm-1.0-SNAPSHOT.jar:/home/anatole/ycsb/core/target/dependency/unsafe-helper-1.0.jar:/home/anatole/ycsb/infinispan/src/main/conf:/home/anatole/ycsb/infinispan/target/infinispan-binding-0.18.0-SNAPSHOT.jar:/home/anatole/ycsb/infinispan/target/dependency/caffeine-2.6.2.jar:/home/anatole/ycsb/infinispan/target/dependency/gson-2.8.2.jar:/home/anatole/ycsb/infinispan/target/dependency/guava-18.0.jar:/home/anatole/ycsb/infinispan/target/dependency/infinispan-cachestore-jnvm-1.0-SNAPSHOT.jar:/home/anatole/ycsb/infinispan/target/dependency/infinispan-client-hotrod-9.4.17.Final.jar:/home/anatole/ycsb/infinispan/target/dependency/infinispan-commons-9.4.17.Final.jar:/home/anatole/ycsb/infinispan/target/dependency/infinispan-core-9.4.17.Final.jar:/home/anatole/ycsb/infinispan/target/dependency/infinispan-embedded-9.0.1.Final.jar:/home/anatole/ycsb/infinispan/target/dependency/javax.persistence-api-2.2.jar:/home/anatole/ycsb/infinispan/target/dependency/jboss-logging-3.3.2.Final.jar:/home/anatole/ycsb/infinispan/target/dependency/jboss-marshalling-osgi-2.0.6.Final.jar:/home/anatole/ycsb/infinispan/target/dependency/jboss-transaction-api_1.1_spec-1.0.1.Final.jar:/home/anatole/ycsb/infinispan/target/dependency/jboss-transaction-api_1.2_spec-1.1.1.Final.jar:/home/anatole/ycsb/infinispan/target/dependency/jgroups-4.0.20.Final.jar:/home/anatole/ycsb/infinispan/target/dependency/jnvm-1.0-SNAPSHOT.jar:/home/anatole/ycsb/infinispan/target/dependency/metainf-services-1.7.jar:/home/anatole/ycsb/infinispan/target/dependency/netty-buffer-4.1.42.Final.jar:/home/anatole/ycsb/infinispan/target/dependency/netty-codec-4.1.42.Final.jar:/home/anatole/ycsb/infinispan/target/dependency/netty-common-4.1.42.Final.jar:/home/anatole/ycsb/infinispan/target/dependency/netty-handler-4.1.42.Final.jar:/home/anatole/ycsb/infinispan/target/dependency/netty-resolver-4.1.42.Final.jar:/home/anatole/ycsb/infinispan/target/dependency/netty-transport-4.1.42.Final.jar:/home/anatole/ycsb/infinispan/target/dependency/netty-transport-native-epoll-4.1.42.Final-linux-x86_64.jar:/home/anatole/ycsb/infinispan/target/dependency/netty-transport-native-unix-common-4.1.42.Final.jar:/home/anatole/ycsb/infinispan/target/dependency/reactive-streams-1.0.2.jar:/home/anatole/ycsb/infinispan/target/dependency/rxjava-2.2.4.jar:/home/anatole/ycsb/infinispan/target/dependency/unsafe-helper-1.0.jar site.ycsb.Client -t -db site.ycsb.db.InfinispanJNVMClient -P ../workloads/workloadb -threads 1 -p dataintegrity=true -p offheap=true -p recordcount=300000 -p operationcount=300000 -p fieldcount=100 -p requestdistribution=uniform -p measurementtype=hdrhistogram -p hdrhistogram.output.path=./out/exp3.distribution.ref/log/infinispan-jnvm.run.workloadb.true.300000.1.100.uniform.1.hdr.log
[OVERALL], RunTime(ms), 80193
[OVERALL], Throughput(ops/sec), 3740.974898058434
[TOTAL_GCS_PS_Scavenge], Count, 25
[TOTAL_GC_TIME_PS_Scavenge], Time(ms), 842
[TOTAL_GC_TIME_%_PS_Scavenge], Time(%), 1.0499669547217338
[TOTAL_GCS_PS_MarkSweep], Count, 0
[TOTAL_GC_TIME_PS_MarkSweep], Time(ms), 0
[TOTAL_GC_TIME_%_PS_MarkSweep], Time(%), 0.0
[TOTAL_GCs], Count, 25
[TOTAL_GC_TIME], Time(ms), 842
[TOTAL_GC_TIME_%], Time(%), 1.0499669547217338
[READ], Operations, 285043
[READ], AverageLatency(ns), 163659.22839711903
[READ], MinLatency(ns), 32768
[READ], MaxLatency(ns), 67108863
[READ], 95thPercentileLatency(ns), 262143
[READ], 99thPercentileLatency(ns), 262143
[READ], Return=OK, 285043
[INIT], Operations, 1
[INIT], AverageLatency(ns), 1.610612736E9
[INIT], MinLatency(ns), 1073741824
[INIT], MaxLatency(ns), 2147483647
[INIT], 95thPercentileLatency(ns), 2147483647
[INIT], 99thPercentileLatency(ns), 2147483647
[CLEANUP], Operations, 1
[CLEANUP], AverageLatency(ns), 6291456.0
[CLEANUP], MinLatency(ns), 4194304
[CLEANUP], MaxLatency(ns), 8388607
[CLEANUP], 95thPercentileLatency(ns), 8388607
[CLEANUP], 99thPercentileLatency(ns), 8388607
[VERIFY], Operations, 285043
[VERIFY], AverageLatency(ns), 103450.214037882
[VERIFY], MinLatency(ns), 65536
[VERIFY], MaxLatency(ns), 134217727
[VERIFY], 95thPercentileLatency(ns), 131071
[VERIFY], 99thPercentileLatency(ns), 262143
[VERIFY], Return=OK, 285043
[UPDATE], Operations, 14957
[UPDATE], AverageLatency(ns), 83479.85933007956
[UPDATE], MinLatency(ns), 32768
[UPDATE], MaxLatency(ns), 33554431
[UPDATE], 95thPercentileLatency(ns), 131071
[UPDATE], 99thPercentileLatency(ns), 131071
[UPDATE], Return=OK, 14957
