/home/anatole/jdk8u/build/linux-x86_64-normal-server-release/jdk/bin/java -Xmx20g -classpath /home/anatole/ycsb/conf:/home/anatole/ycsb/core/target/core-0.18.0-SNAPSHOT.jar:/home/anatole/ycsb/core/target/dependency/HdrHistogram-2.1.4.jar:/home/anatole/ycsb/core/target/dependency/guava-18.0.jar:/home/anatole/ycsb/core/target/dependency/htrace-core4-4.1.0-incubating.jar:/home/anatole/ycsb/core/target/dependency/jackson-core-asl-1.9.4.jar:/home/anatole/ycsb/core/target/dependency/jackson-mapper-asl-1.9.4.jar:/home/anatole/ycsb/core/target/dependency/javax.persistence-api-2.2.jar:/home/anatole/ycsb/core/target/dependency/jnvm-1.0-SNAPSHOT.jar:/home/anatole/ycsb/core/target/dependency/unsafe-helper-1.0.jar:/home/anatole/ycsb/infinispan/src/main/conf:/home/anatole/ycsb/infinispan/target/infinispan-binding-0.18.0-SNAPSHOT.jar:/home/anatole/ycsb/infinispan/target/dependency/caffeine-2.6.2.jar:/home/anatole/ycsb/infinispan/target/dependency/gson-2.8.2.jar:/home/anatole/ycsb/infinispan/target/dependency/guava-18.0.jar:/home/anatole/ycsb/infinispan/target/dependency/infinispan-cachestore-jnvm-1.0-SNAPSHOT.jar:/home/anatole/ycsb/infinispan/target/dependency/infinispan-client-hotrod-9.4.17.Final.jar:/home/anatole/ycsb/infinispan/target/dependency/infinispan-commons-9.4.17.Final.jar:/home/anatole/ycsb/infinispan/target/dependency/infinispan-core-9.4.17.Final.jar:/home/anatole/ycsb/infinispan/target/dependency/infinispan-embedded-9.0.1.Final.jar:/home/anatole/ycsb/infinispan/target/dependency/javax.persistence-api-2.2.jar:/home/anatole/ycsb/infinispan/target/dependency/jboss-logging-3.3.2.Final.jar:/home/anatole/ycsb/infinispan/target/dependency/jboss-marshalling-osgi-2.0.6.Final.jar:/home/anatole/ycsb/infinispan/target/dependency/jboss-transaction-api_1.1_spec-1.0.1.Final.jar:/home/anatole/ycsb/infinispan/target/dependency/jboss-transaction-api_1.2_spec-1.1.1.Final.jar:/home/anatole/ycsb/infinispan/target/dependency/jgroups-4.0.20.Final.jar:/home/anatole/ycsb/infinispan/target/dependency/jnvm-1.0-SNAPSHOT.jar:/home/anatole/ycsb/infinispan/target/dependency/metainf-services-1.7.jar:/home/anatole/ycsb/infinispan/target/dependency/netty-buffer-4.1.42.Final.jar:/home/anatole/ycsb/infinispan/target/dependency/netty-codec-4.1.42.Final.jar:/home/anatole/ycsb/infinispan/target/dependency/netty-common-4.1.42.Final.jar:/home/anatole/ycsb/infinispan/target/dependency/netty-handler-4.1.42.Final.jar:/home/anatole/ycsb/infinispan/target/dependency/netty-resolver-4.1.42.Final.jar:/home/anatole/ycsb/infinispan/target/dependency/netty-transport-4.1.42.Final.jar:/home/anatole/ycsb/infinispan/target/dependency/netty-transport-native-epoll-4.1.42.Final-linux-x86_64.jar:/home/anatole/ycsb/infinispan/target/dependency/netty-transport-native-unix-common-4.1.42.Final.jar:/home/anatole/ycsb/infinispan/target/dependency/reactive-streams-1.0.2.jar:/home/anatole/ycsb/infinispan/target/dependency/rxjava-2.2.4.jar:/home/anatole/ycsb/infinispan/target/dependency/unsafe-helper-1.0.jar site.ycsb.Client -load -db site.ycsb.db.InfinispanClient -P ../workloads/workloada -threads 1 -p dataintegrity=true -p offheap=false -p recordcount=5000000 -p operationcount=5000000 -p fieldcount=10 -p requestdistribution=zipfian -p measurementtype=hdrhistogram -p hdrhistogram.output.path=./out/exp2.keycount.ref/log/infinispan.load.workloada.true.5000000.500000.10.zipfian.1.hdr.log
[OVERALL], RunTime(ms), 328672
[OVERALL], Throughput(ops/sec), 15212.73488462662
[TOTAL_GCS_PS_Scavenge], Count, 41
[TOTAL_GC_TIME_PS_Scavenge], Time(ms), 13271
[TOTAL_GC_TIME_%_PS_Scavenge], Time(%), 4.037764093077597
[TOTAL_GCS_PS_MarkSweep], Count, 3
[TOTAL_GC_TIME_PS_MarkSweep], Time(ms), 1346
[TOTAL_GC_TIME_%_PS_MarkSweep], Time(%), 0.40952682309414856
[TOTAL_GCs], Count, 44
[TOTAL_GC_TIME], Time(ms), 14617
[TOTAL_GC_TIME_%], Time(%), 4.447290916171745
[INIT], Operations, 1
[INIT], AverageLatency(ns), 8.05306368E8
[INIT], MinLatency(ns), 536870912
[INIT], MaxLatency(ns), 1073741823
[INIT], 95thPercentileLatency(ns), 1073741823
[INIT], 99thPercentileLatency(ns), 1073741823
[CLEANUP], Operations, 1
[CLEANUP], AverageLatency(ns), 2.01326592E8
[CLEANUP], MinLatency(ns), 134217728
[CLEANUP], MaxLatency(ns), 268435455
[CLEANUP], 95thPercentileLatency(ns), 268435455
[CLEANUP], 99thPercentileLatency(ns), 268435455
[INSERT], Operations, 5000000
[INSERT], AverageLatency(ns), 51444.5574144
[INSERT], MinLatency(ns), 32768
[INSERT], MaxLatency(ns), 2147483647
[INSERT], 95thPercentileLatency(ns), 65535
[INSERT], 99thPercentileLatency(ns), 65535
[INSERT], Return=OK, 5000000
