/home/anatole/jdk8u/build/linux-x86_64-normal-server-release/jdk/bin/java -Xmx100g -XX:+UseG1GC -XX:+UseNUMA -classpath /home/anatole/ycsb/conf:/home/anatole/ycsb/core/target/core-0.18.0-SNAPSHOT.jar:/home/anatole/ycsb/core/target/dependency/HdrHistogram-2.1.4.jar:/home/anatole/ycsb/core/target/dependency/guava-18.0.jar:/home/anatole/ycsb/core/target/dependency/htrace-core4-4.1.0-incubating.jar:/home/anatole/ycsb/core/target/dependency/jackson-core-asl-1.9.4.jar:/home/anatole/ycsb/core/target/dependency/jackson-mapper-asl-1.9.4.jar:/home/anatole/ycsb/core/target/dependency/javax.persistence-api-2.2.jar:/home/anatole/ycsb/core/target/dependency/jnvm-1.0-SNAPSHOT.jar:/home/anatole/ycsb/core/target/dependency/unsafe-helper-1.0.jar:/home/anatole/ycsb/infinispan/src/main/conf:/home/anatole/ycsb/infinispan/target/infinispan-binding-0.18.0-SNAPSHOT.jar:/home/anatole/ycsb/infinispan/target/dependency/caffeine-2.6.2.jar:/home/anatole/ycsb/infinispan/target/dependency/gson-2.8.2.jar:/home/anatole/ycsb/infinispan/target/dependency/guava-18.0.jar:/home/anatole/ycsb/infinispan/target/dependency/infinispan-cachestore-jnvm-1.0-SNAPSHOT.jar:/home/anatole/ycsb/infinispan/target/dependency/infinispan-client-hotrod-9.4.17.Final.jar:/home/anatole/ycsb/infinispan/target/dependency/infinispan-commons-9.4.17.Final.jar:/home/anatole/ycsb/infinispan/target/dependency/infinispan-core-9.4.17.Final.jar:/home/anatole/ycsb/infinispan/target/dependency/javax.persistence-api-2.2.jar:/home/anatole/ycsb/infinispan/target/dependency/jboss-logging-3.3.2.Final.jar:/home/anatole/ycsb/infinispan/target/dependency/jboss-marshalling-osgi-2.0.6.Final.jar:/home/anatole/ycsb/infinispan/target/dependency/jboss-transaction-api_1.2_spec-1.1.1.Final.jar:/home/anatole/ycsb/infinispan/target/dependency/jgroups-4.0.20.Final.jar:/home/anatole/ycsb/infinispan/target/dependency/jnvm-1.0-SNAPSHOT.jar:/home/anatole/ycsb/infinispan/target/dependency/metainf-services-1.7.jar:/home/anatole/ycsb/infinispan/target/dependency/netty-buffer-4.1.42.Final.jar:/home/anatole/ycsb/infinispan/target/dependency/netty-codec-4.1.42.Final.jar:/home/anatole/ycsb/infinispan/target/dependency/netty-common-4.1.42.Final.jar:/home/anatole/ycsb/infinispan/target/dependency/netty-handler-4.1.42.Final.jar:/home/anatole/ycsb/infinispan/target/dependency/netty-resolver-4.1.42.Final.jar:/home/anatole/ycsb/infinispan/target/dependency/netty-transport-4.1.42.Final.jar:/home/anatole/ycsb/infinispan/target/dependency/netty-transport-native-epoll-4.1.42.Final-linux-x86_64.jar:/home/anatole/ycsb/infinispan/target/dependency/netty-transport-native-unix-common-4.1.42.Final.jar:/home/anatole/ycsb/infinispan/target/dependency/reactive-streams-1.0.2.jar:/home/anatole/ycsb/infinispan/target/dependency/rxjava-2.2.4.jar:/home/anatole/ycsb/infinispan/target/dependency/unsafe-helper-1.0.jar site.ycsb.Client -t -db site.ycsb.db.InfinispanClient -P ../workloads/workloadf -threads 10 -p dataintegrity=true -p offheap=false -p recordcount=10000000 -p operationcount=100000000 -p fieldcount=10 -p requestdistribution=zipfian -p measurement.histogram.verbose=true -p measurementtype=hdrhistogram -p hdrhistogram.output.path=./out/exp00.heapsize.ref/log/infinispan.run.workloadf.true.10000000.10000000.10.zipfian.10.hdr.log
[OVERALL], RunTime(ms), 1107658
[OVERALL], Throughput(ops/sec), 90280.57396777706
[TOTAL_GCS_G1_Young_Generation], Count, 405
[TOTAL_GC_TIME_G1_Young_Generation], Time(ms), 343058
[TOTAL_GC_TIME_%_G1_Young_Generation], Time(%), 30.97147314423766
[TOTAL_GCS_G1_Old_Generation], Count, 0
[TOTAL_GC_TIME_G1_Old_Generation], Time(ms), 0
[TOTAL_GC_TIME_%_G1_Old_Generation], Time(%), 0.0
[TOTAL_GCs], Count, 405
[TOTAL_GC_TIME], Time(ms), 343058
[TOTAL_GC_TIME_%], Time(%), 30.97147314423766
[READ], Operations, 100000000
[READ], AverageLatency(ns), 7578.33485952
[READ], MinLatency(ns), 128
[READ], MaxLatency(ns), 4294967295
[READ], 95thPercentileLatency(ns), 8191
[READ], 99thPercentileLatency(ns), 65535
[READ], Return=OK, 100000000
[READ], 255, 41924.0
[READ], 511, 1468739.0
[READ], 1023, 1.0694087E7
[READ], 2047, 4.2925449E7
[READ], 4095, 3.2908517E7
[READ], 8191, 7994760.0
[READ], 16383, 1413773.0
[READ], 32767, 1092209.0
[READ], 65535, 802141.0
[READ], 131071, 415996.0
[READ], 262143, 228238.0
[READ], 524287, 13464.0
[READ], 1048575, 223.0
[READ], 2097151, 70.0
[READ], 4194303, 53.0
[READ], 8388607, 24.0
[READ], 16777215, 3.0
[READ], 268435455, 86.0
[READ], 536870911, 45.0
[READ], 1073741823, 92.0
[READ], 2147483647, 60.0
[READ], 4294967295, 47.0
[INIT], Operations, 10
[INIT], AverageLatency(ns), 4.12316860416E11
[INIT], MinLatency(ns), 274877906944
[INIT], MaxLatency(ns), 549755813887
[INIT], 95thPercentileLatency(ns), 549755813887
[INIT], 99thPercentileLatency(ns), 549755813887
[INIT], 549755813887, 10.0
[READ-MODIFY-WRITE], Operations, 50001415
[READ-MODIFY-WRITE], AverageLatency(ns), 63.63006826906798
[READ-MODIFY-WRITE], MinLatency(ns), 1
[READ-MODIFY-WRITE], MaxLatency(ns), 8388607
[READ-MODIFY-WRITE], 95thPercentileLatency(ns), 63
[READ-MODIFY-WRITE], 99thPercentileLatency(ns), 255
[READ-MODIFY-WRITE], 1, 1335.0
[READ-MODIFY-WRITE], 3, 166535.0
[READ-MODIFY-WRITE], 7, 6875529.0
[READ-MODIFY-WRITE], 15, 2.6873316E7
[READ-MODIFY-WRITE], 31, 1.1930331E7
[READ-MODIFY-WRITE], 63, 2347477.0
[READ-MODIFY-WRITE], 127, 1073074.0
[READ-MODIFY-WRITE], 255, 662042.0
[READ-MODIFY-WRITE], 511, 66562.0
[READ-MODIFY-WRITE], 1023, 2271.0
[READ-MODIFY-WRITE], 2047, 742.0
[READ-MODIFY-WRITE], 4095, 498.0
[READ-MODIFY-WRITE], 8191, 124.0
[READ-MODIFY-WRITE], 16383, 15.0
[READ-MODIFY-WRITE], 32767, 11.0
[READ-MODIFY-WRITE], 65535, 1.0
[READ-MODIFY-WRITE], 131071, 4.0
[READ-MODIFY-WRITE], 262143, 219.0
[READ-MODIFY-WRITE], 524287, 189.0
[READ-MODIFY-WRITE], 1048575, 403.0
[READ-MODIFY-WRITE], 2097151, 429.0
[READ-MODIFY-WRITE], 4194303, 283.0
[READ-MODIFY-WRITE], 8388607, 25.0
[CLEANUP], Operations, 10
[CLEANUP], AverageLatency(ns), 2.19043332096E10
[CLEANUP], MinLatency(ns), 8589934592
[CLEANUP], MaxLatency(ns), 34359738367
[CLEANUP], 95thPercentileLatency(ns), 34359738367
[CLEANUP], 99thPercentileLatency(ns), 34359738367
[CLEANUP], 17179869183, 3.0
[CLEANUP], 34359738367, 7.0
[UPDATE], Operations, 50001415
[UPDATE], AverageLatency(ns), 52746.30905353378
[UPDATE], MinLatency(ns), 1024
[UPDATE], MaxLatency(ns), 8589934591
[UPDATE], 95thPercentileLatency(ns), 32767
[UPDATE], 99thPercentileLatency(ns), 262143
[UPDATE], Return=OK, 50001415
[UPDATE], 2047, 16869.0
[UPDATE], 4095, 2188895.0
[UPDATE], 8191, 2.1261931E7
[UPDATE], 16383, 1.9278289E7
[UPDATE], 32767, 4967312.0
[UPDATE], 65535, 1042948.0
[UPDATE], 131071, 737226.0
[UPDATE], 262143, 462902.0
[UPDATE], 524287, 40894.0
[UPDATE], 1048575, 1581.0
[UPDATE], 2097151, 664.0
[UPDATE], 4194303, 461.0
[UPDATE], 8388607, 104.0
[UPDATE], 16777215, 11.0
[UPDATE], 33554431, 11.0
[UPDATE], 67108863, 1.0
[UPDATE], 134217727, 4.0
[UPDATE], 268435455, 168.0
[UPDATE], 536870911, 143.0
[UPDATE], 1073741823, 360.0
[UPDATE], 2147483647, 374.0
[UPDATE], 4294967295, 248.0
[UPDATE], 8589934591, 19.0
[VERIFY], Operations, 50001415
[VERIFY], AverageLatency(ns), 50601.068577279264
[VERIFY], MinLatency(ns), 4096
[VERIFY], MaxLatency(ns), 8589934591
[VERIFY], 95thPercentileLatency(ns), 65535
[VERIFY], 99thPercentileLatency(ns), 65535
[VERIFY], Return=OK, 50001415
[VERIFY], 8191, 27764.0
[VERIFY], 16383, 1.9144602E7
[VERIFY], 32767, 2.7446995E7
[VERIFY], 65535, 3305777.0
[VERIFY], 131071, 68071.0
[VERIFY], 262143, 1494.0
[VERIFY], 524287, 820.0
[VERIFY], 1048575, 1163.0
[VERIFY], 2097151, 1450.0
[VERIFY], 4194303, 1828.0
[VERIFY], 8388607, 285.0
[VERIFY], 16777215, 34.0
[VERIFY], 33554431, 5.0
[VERIFY], 134217727, 6.0
[VERIFY], 268435455, 205.0
[VERIFY], 536870911, 160.0
[VERIFY], 1073741823, 303.0
[VERIFY], 2147483647, 268.0
[VERIFY], 4294967295, 166.0
[VERIFY], 8589934591, 19.0
