/home/anatole/jdk8u/build/linux-x86_64-normal-server-release/jdk/bin/java -Xmx25g -XX:+UseG1GC -classpath /home/anatole/ycsb/conf:/home/anatole/ycsb/core/target/core-0.18.0-SNAPSHOT.jar:/home/anatole/ycsb/core/target/dependency/HdrHistogram-2.1.4.jar:/home/anatole/ycsb/core/target/dependency/guava-18.0.jar:/home/anatole/ycsb/core/target/dependency/htrace-core4-4.1.0-incubating.jar:/home/anatole/ycsb/core/target/dependency/jackson-core-asl-1.9.4.jar:/home/anatole/ycsb/core/target/dependency/jackson-mapper-asl-1.9.4.jar:/home/anatole/ycsb/core/target/dependency/javax.persistence-api-2.2.jar:/home/anatole/ycsb/core/target/dependency/jnvm-1.0-SNAPSHOT.jar:/home/anatole/ycsb/core/target/dependency/unsafe-helper-1.0.jar:/home/anatole/ycsb/infinispan/src/main/conf:/home/anatole/ycsb/infinispan/target/infinispan-binding-0.18.0-SNAPSHOT.jar:/home/anatole/ycsb/infinispan/target/dependency/caffeine-2.6.2.jar:/home/anatole/ycsb/infinispan/target/dependency/gson-2.8.2.jar:/home/anatole/ycsb/infinispan/target/dependency/guava-18.0.jar:/home/anatole/ycsb/infinispan/target/dependency/infinispan-cachestore-jnvm-1.0-SNAPSHOT.jar:/home/anatole/ycsb/infinispan/target/dependency/infinispan-client-hotrod-9.4.17.Final.jar:/home/anatole/ycsb/infinispan/target/dependency/infinispan-commons-9.4.17.Final.jar:/home/anatole/ycsb/infinispan/target/dependency/infinispan-core-9.4.17.Final.jar:/home/anatole/ycsb/infinispan/target/dependency/javax.persistence-api-2.2.jar:/home/anatole/ycsb/infinispan/target/dependency/jboss-logging-3.3.2.Final.jar:/home/anatole/ycsb/infinispan/target/dependency/jboss-marshalling-osgi-2.0.6.Final.jar:/home/anatole/ycsb/infinispan/target/dependency/jboss-transaction-api_1.2_spec-1.1.1.Final.jar:/home/anatole/ycsb/infinispan/target/dependency/jgroups-4.0.20.Final.jar:/home/anatole/ycsb/infinispan/target/dependency/jnvm-1.0-SNAPSHOT.jar:/home/anatole/ycsb/infinispan/target/dependency/metainf-services-1.7.jar:/home/anatole/ycsb/infinispan/target/dependency/netty-buffer-4.1.42.Final.jar:/home/anatole/ycsb/infinispan/target/dependency/netty-codec-4.1.42.Final.jar:/home/anatole/ycsb/infinispan/target/dependency/netty-common-4.1.42.Final.jar:/home/anatole/ycsb/infinispan/target/dependency/netty-handler-4.1.42.Final.jar:/home/anatole/ycsb/infinispan/target/dependency/netty-resolver-4.1.42.Final.jar:/home/anatole/ycsb/infinispan/target/dependency/netty-transport-4.1.42.Final.jar:/home/anatole/ycsb/infinispan/target/dependency/netty-transport-native-epoll-4.1.42.Final-linux-x86_64.jar:/home/anatole/ycsb/infinispan/target/dependency/netty-transport-native-unix-common-4.1.42.Final.jar:/home/anatole/ycsb/infinispan/target/dependency/reactive-streams-1.0.2.jar:/home/anatole/ycsb/infinispan/target/dependency/rxjava-2.2.4.jar:/home/anatole/ycsb/infinispan/target/dependency/unsafe-helper-1.0.jar site.ycsb.Client -t -db site.ycsb.db.InfinispanClient -P ../workloads/workloadf -threads 10 -p dataintegrity=true -p offheap=false -p recordcount=10000000 -p operationcount=100000000 -p fieldcount=10 -p requestdistribution=zipfian -p measurement.histogram.verbose=true -p measurementtype=hdrhistogram -p hdrhistogram.output.path=./out/exp00.heapsize.ref/log/infinispan.run.workloadf.true.10000000.1000000.10.zipfian.10.hdr.log
[OVERALL], RunTime(ms), 508796
[OVERALL], Throughput(ops/sec), 196542.42564800038
[TOTAL_GCS_G1_Young_Generation], Count, 548
[TOTAL_GC_TIME_G1_Young_Generation], Time(ms), 82149
[TOTAL_GC_TIME_%_G1_Young_Generation], Time(%), 16.145763724557582
[TOTAL_GCS_G1_Old_Generation], Count, 0
[TOTAL_GC_TIME_G1_Old_Generation], Time(ms), 0
[TOTAL_GC_TIME_%_G1_Old_Generation], Time(%), 0.0
[TOTAL_GCs], Count, 548
[TOTAL_GC_TIME], Time(ms), 82149
[TOTAL_GC_TIME_%], Time(%), 16.145763724557582
[READ], Operations, 100000000
[READ], AverageLatency(ns), 29781.67982016
[READ], MinLatency(ns), 128
[READ], MaxLatency(ns), 1073741823
[READ], 95thPercentileLatency(ns), 65535
[READ], 99thPercentileLatency(ns), 131071
[READ], Return=OK, 100000000
[READ], 255, 17551.0
[READ], 511, 4131189.0
[READ], 1023, 2.3626625E7
[READ], 2047, 2.3792607E7
[READ], 4095, 5629834.0
[READ], 8191, 1352845.0
[READ], 16383, 433652.0
[READ], 32767, 79782.0
[READ], 65535, 3.7762748E7
[READ], 131071, 3151892.0
[READ], 262143, 12689.0
[READ], 524287, 1830.0
[READ], 1048575, 1991.0
[READ], 2097151, 691.0
[READ], 4194303, 63.0
[READ], 8388607, 9.0
[READ], 16777215, 17.0
[READ], 33554431, 1.0
[READ], 67108863, 579.0
[READ], 134217727, 736.0
[READ], 268435455, 2445.0
[READ], 536870911, 147.0
[READ], 1073741823, 77.0
[INIT], Operations, 10
[INIT], AverageLatency(ns), 1.03079215104E11
[INIT], MinLatency(ns), 68719476736
[INIT], MaxLatency(ns), 137438953471
[INIT], 95thPercentileLatency(ns), 137438953471
[INIT], 99thPercentileLatency(ns), 137438953471
[INIT], 137438953471, 10.0
[READ-MODIFY-WRITE], Operations, 50007030
[READ-MODIFY-WRITE], AverageLatency(ns), 35.04908267897534
[READ-MODIFY-WRITE], MinLatency(ns), 1
[READ-MODIFY-WRITE], MaxLatency(ns), 1048575
[READ-MODIFY-WRITE], 95thPercentileLatency(ns), 127
[READ-MODIFY-WRITE], 99thPercentileLatency(ns), 127
[READ-MODIFY-WRITE], 1, 98.0
[READ-MODIFY-WRITE], 3, 2429621.0
[READ-MODIFY-WRITE], 7, 2.2786182E7
[READ-MODIFY-WRITE], 15, 3694129.0
[READ-MODIFY-WRITE], 31, 573824.0
[READ-MODIFY-WRITE], 63, 1.6927752E7
[READ-MODIFY-WRITE], 127, 3561720.0
[READ-MODIFY-WRITE], 255, 27900.0
[READ-MODIFY-WRITE], 511, 1660.0
[READ-MODIFY-WRITE], 1023, 1423.0
[READ-MODIFY-WRITE], 2047, 497.0
[READ-MODIFY-WRITE], 4095, 73.0
[READ-MODIFY-WRITE], 8191, 15.0
[READ-MODIFY-WRITE], 16383, 9.0
[READ-MODIFY-WRITE], 32767, 8.0
[READ-MODIFY-WRITE], 65535, 299.0
[READ-MODIFY-WRITE], 131071, 344.0
[READ-MODIFY-WRITE], 262143, 1341.0
[READ-MODIFY-WRITE], 524287, 78.0
[READ-MODIFY-WRITE], 1048575, 57.0
[CLEANUP], Operations, 10
[CLEANUP], AverageLatency(ns), 3.9460012032E9
[CLEANUP], MinLatency(ns), 536870912
[CLEANUP], MaxLatency(ns), 8589934591
[CLEANUP], 95thPercentileLatency(ns), 8589934591
[CLEANUP], 99thPercentileLatency(ns), 8589934591
[CLEANUP], 1073741823, 1.0
[CLEANUP], 2147483647, 2.0
[CLEANUP], 4294967295, 3.0
[CLEANUP], 8589934591, 4.0
[UPDATE], Operations, 50007030
[UPDATE], AverageLatency(ns), 5201.063996962027
[UPDATE], MinLatency(ns), 1024
[UPDATE], MaxLatency(ns), 1073741823
[UPDATE], 95thPercentileLatency(ns), 16383
[UPDATE], 99thPercentileLatency(ns), 32767
[UPDATE], Return=OK, 50007030
[UPDATE], 2047, 34087.0
[UPDATE], 4095, 3.5052949E7
[UPDATE], 8191, 1.166826E7
[UPDATE], 16383, 2725601.0
[UPDATE], 32767, 474429.0
[UPDATE], 65535, 42030.0
[UPDATE], 131071, 4718.0
[UPDATE], 262143, 3817.0
[UPDATE], 524287, 547.0
[UPDATE], 1048575, 341.0
[UPDATE], 2097151, 84.0
[UPDATE], 4194303, 35.0
[UPDATE], 8388607, 4.0
[UPDATE], 16777215, 6.0
[UPDATE], 33554431, 8.0
[UPDATE], 67108863, 10.0
[UPDATE], 134217727, 21.0
[UPDATE], 268435455, 60.0
[UPDATE], 536870911, 5.0
[UPDATE], 1073741823, 18.0
[VERIFY], Operations, 50007030
[VERIFY], AverageLatency(ns), 15908.517689292885
[VERIFY], MinLatency(ns), 4096
[VERIFY], MaxLatency(ns), 1073741823
[VERIFY], 95thPercentileLatency(ns), 32767
[VERIFY], 99thPercentileLatency(ns), 32767
[VERIFY], Return=OK, 50007030
[VERIFY], 8191, 117135.0
[VERIFY], 16383, 4.5341028E7
[VERIFY], 32767, 4419331.0
[VERIFY], 65535, 124462.0
[VERIFY], 131071, 1213.0
[VERIFY], 262143, 413.0
[VERIFY], 524287, 946.0
[VERIFY], 1048575, 1427.0
[VERIFY], 2097151, 514.0
[VERIFY], 4194303, 18.0
[VERIFY], 16777215, 1.0
[VERIFY], 33554431, 1.0
[VERIFY], 67108863, 65.0
[VERIFY], 134217727, 79.0
[VERIFY], 268435455, 330.0
[VERIFY], 536870911, 28.0
[VERIFY], 1073741823, 39.0
