/home/anatole/jdk8u/build/linux-x86_64-normal-server-release/jdk/bin/java -Xmx100g -XX:+UseG1GC -XX:+UseNUMA -XX:InitiatingHeapOccupancyPercent=0 -classpath /home/anatole/ycsb/conf:/home/anatole/ycsb/core/target/core-0.18.0-SNAPSHOT.jar:/home/anatole/ycsb/core/target/dependency/HdrHistogram-2.1.4.jar:/home/anatole/ycsb/core/target/dependency/guava-18.0.jar:/home/anatole/ycsb/core/target/dependency/htrace-core4-4.1.0-incubating.jar:/home/anatole/ycsb/core/target/dependency/jackson-core-asl-1.9.4.jar:/home/anatole/ycsb/core/target/dependency/jackson-mapper-asl-1.9.4.jar:/home/anatole/ycsb/core/target/dependency/javax.persistence-api-2.2.jar:/home/anatole/ycsb/core/target/dependency/jnvm-1.0-SNAPSHOT.jar:/home/anatole/ycsb/core/target/dependency/unsafe-helper-1.0.jar:/home/anatole/ycsb/infinispan/src/main/conf:/home/anatole/ycsb/infinispan/target/infinispan-binding-0.18.0-SNAPSHOT.jar:/home/anatole/ycsb/infinispan/target/dependency/caffeine-2.6.2.jar:/home/anatole/ycsb/infinispan/target/dependency/gson-2.8.2.jar:/home/anatole/ycsb/infinispan/target/dependency/guava-18.0.jar:/home/anatole/ycsb/infinispan/target/dependency/infinispan-cachestore-jnvm-1.0-SNAPSHOT.jar:/home/anatole/ycsb/infinispan/target/dependency/infinispan-client-hotrod-9.4.17.Final.jar:/home/anatole/ycsb/infinispan/target/dependency/infinispan-commons-9.4.17.Final.jar:/home/anatole/ycsb/infinispan/target/dependency/infinispan-core-9.4.17.Final.jar:/home/anatole/ycsb/infinispan/target/dependency/javax.persistence-api-2.2.jar:/home/anatole/ycsb/infinispan/target/dependency/jboss-logging-3.3.2.Final.jar:/home/anatole/ycsb/infinispan/target/dependency/jboss-marshalling-osgi-2.0.6.Final.jar:/home/anatole/ycsb/infinispan/target/dependency/jboss-transaction-api_1.2_spec-1.1.1.Final.jar:/home/anatole/ycsb/infinispan/target/dependency/jgroups-4.0.20.Final.jar:/home/anatole/ycsb/infinispan/target/dependency/jnvm-1.0-SNAPSHOT.jar:/home/anatole/ycsb/infinispan/target/dependency/metainf-services-1.7.jar:/home/anatole/ycsb/infinispan/target/dependency/netty-buffer-4.1.42.Final.jar:/home/anatole/ycsb/infinispan/target/dependency/netty-codec-4.1.42.Final.jar:/home/anatole/ycsb/infinispan/target/dependency/netty-common-4.1.42.Final.jar:/home/anatole/ycsb/infinispan/target/dependency/netty-handler-4.1.42.Final.jar:/home/anatole/ycsb/infinispan/target/dependency/netty-resolver-4.1.42.Final.jar:/home/anatole/ycsb/infinispan/target/dependency/netty-transport-4.1.42.Final.jar:/home/anatole/ycsb/infinispan/target/dependency/netty-transport-native-epoll-4.1.42.Final-linux-x86_64.jar:/home/anatole/ycsb/infinispan/target/dependency/netty-transport-native-unix-common-4.1.42.Final.jar:/home/anatole/ycsb/infinispan/target/dependency/reactive-streams-1.0.2.jar:/home/anatole/ycsb/infinispan/target/dependency/rxjava-2.2.4.jar:/home/anatole/ycsb/infinispan/target/dependency/unsafe-helper-1.0.jar site.ycsb.Client -t -db site.ycsb.db.InfinispanClient -P ../workloads/workloadf -threads 10 -p dataintegrity=true -p offheap=false -p recordcount=15000000 -p operationcount=100000000 -p fieldcount=10 -p requestdistribution=zipfian -p measurement.histogram.verbose=true -p measurementtype=hdrhistogram -p hdrhistogram.output.path=./out/exp00.heapsize.ref/log/infinispan.run.workloadf.true.15000000.15000000.10.zipfian.10.false.false.hdr.log
[OVERALL], RunTime(ms), 1122730
[OVERALL], Throughput(ops/sec), 89068.60954993631
[TOTAL_GCS_G1_Young_Generation], Count, 477
[TOTAL_GC_TIME_G1_Young_Generation], Time(ms), 111920
[TOTAL_GC_TIME_%_G1_Young_Generation], Time(%), 9.968558780828872
[TOTAL_GCS_G1_Old_Generation], Count, 0
[TOTAL_GC_TIME_G1_Old_Generation], Time(ms), 0
[TOTAL_GC_TIME_%_G1_Old_Generation], Time(%), 0.0
[TOTAL_GCs], Count, 477
[TOTAL_GC_TIME], Time(ms), 111920
[TOTAL_GC_TIME_%], Time(%), 9.968558780828872
[READ], Operations, 100000000
[READ], AverageLatency(ns), 20830.00645632
[READ], MinLatency(ns), 128
[READ], MaxLatency(ns), 4294967295
[READ], 95thPercentileLatency(ns), 131071
[READ], 99thPercentileLatency(ns), 262143
[READ], Return=OK, 100000000
[READ], 255, 185174.0
[READ], 511, 3168141.0
[READ], 1023, 2.3191878E7
[READ], 2047, 5.2563917E7
[READ], 4095, 5615263.0
[READ], 8191, 573074.0
[READ], 16383, 429726.0
[READ], 32767, 291286.0
[READ], 65535, 2370486.0
[READ], 131071, 9050187.0
[READ], 262143, 2470449.0
[READ], 524287, 82228.0
[READ], 1048575, 5770.0
[READ], 2097151, 1097.0
[READ], 4194303, 219.0
[READ], 8388607, 52.0
[READ], 16777215, 4.0
[READ], 33554431, 23.0
[READ], 67108863, 14.0
[READ], 134217727, 76.0
[READ], 268435455, 584.0
[READ], 536870911, 209.0
[READ], 1073741823, 76.0
[READ], 2147483647, 43.0
[READ], 4294967295, 24.0
[INIT], Operations, 10
[INIT], AverageLatency(ns), 5.1539607552E10
[INIT], MinLatency(ns), 34359738368
[INIT], MaxLatency(ns), 68719476735
[INIT], 95thPercentileLatency(ns), 68719476735
[INIT], 99thPercentileLatency(ns), 68719476735
[INIT], 68719476735, 10.0
[READ-MODIFY-WRITE], Operations, 49994039
[READ-MODIFY-WRITE], AverageLatency(ns), 179.88006610148062
[READ-MODIFY-WRITE], MinLatency(ns), 16
[READ-MODIFY-WRITE], MaxLatency(ns), 4194303
[READ-MODIFY-WRITE], 95thPercentileLatency(ns), 255
[READ-MODIFY-WRITE], 99thPercentileLatency(ns), 511
[READ-MODIFY-WRITE], 31, 27866.0
[READ-MODIFY-WRITE], 63, 8613013.0
[READ-MODIFY-WRITE], 127, 2.8617468E7
[READ-MODIFY-WRITE], 255, 1.0775948E7
[READ-MODIFY-WRITE], 511, 1832526.0
[READ-MODIFY-WRITE], 1023, 116132.0
[READ-MODIFY-WRITE], 2047, 5050.0
[READ-MODIFY-WRITE], 4095, 932.0
[READ-MODIFY-WRITE], 8191, 243.0
[READ-MODIFY-WRITE], 16383, 21.0
[READ-MODIFY-WRITE], 32767, 8.0
[READ-MODIFY-WRITE], 65535, 13.0
[READ-MODIFY-WRITE], 131071, 107.0
[READ-MODIFY-WRITE], 262143, 2308.0
[READ-MODIFY-WRITE], 524287, 896.0
[READ-MODIFY-WRITE], 1048575, 675.0
[READ-MODIFY-WRITE], 2097151, 643.0
[READ-MODIFY-WRITE], 4194303, 190.0
[CLEANUP], Operations, 10
[CLEANUP], AverageLatency(ns), 2.70582939648E10
[CLEANUP], MinLatency(ns), 8589934592
[CLEANUP], MaxLatency(ns), 68719476735
[CLEANUP], 95thPercentileLatency(ns), 68719476735
[CLEANUP], 99thPercentileLatency(ns), 68719476735
[CLEANUP], 17179869183, 1.0
[CLEANUP], 34359738367, 8.0
[CLEANUP], 68719476735, 1.0
[UPDATE], Operations, 49994039
[UPDATE], AverageLatency(ns), 158329.06496520515
[UPDATE], MinLatency(ns), 16384
[UPDATE], MaxLatency(ns), 4294967295
[UPDATE], 95thPercentileLatency(ns), 262143
[UPDATE], 99thPercentileLatency(ns), 524287
[UPDATE], Return=OK, 49994039
[UPDATE], 32767, 45080.0
[UPDATE], 65535, 1.356011E7
[UPDATE], 131071, 2.9669297E7
[UPDATE], 262143, 5730246.0
[UPDATE], 524287, 893425.0
[UPDATE], 1048575, 87211.0
[UPDATE], 2097151, 3388.0
[UPDATE], 4194303, 727.0
[UPDATE], 8388607, 190.0
[UPDATE], 16777215, 18.0
[UPDATE], 67108863, 15.0
[UPDATE], 134217727, 87.0
[UPDATE], 268435455, 2068.0
[UPDATE], 536870911, 768.0
[UPDATE], 1073741823, 608.0
[UPDATE], 2147483647, 639.0
[UPDATE], 4294967295, 162.0
[VERIFY], Operations, 49994039
[VERIFY], AverageLatency(ns), 15763.0019786959
[VERIFY], MinLatency(ns), 4096
[VERIFY], MaxLatency(ns), 4294967295
[VERIFY], 95thPercentileLatency(ns), 16383
[VERIFY], 99thPercentileLatency(ns), 32767
[VERIFY], Return=OK, 49994039
[VERIFY], 8191, 6787261.0
[VERIFY], 16383, 4.1752234E7
[VERIFY], 32767, 1311318.0
[VERIFY], 65535, 128196.0
[VERIFY], 131071, 10961.0
[VERIFY], 262143, 364.0
[VERIFY], 524287, 812.0
[VERIFY], 1048575, 2257.0
[VERIFY], 2097151, 359.0
[VERIFY], 4194303, 61.0
[VERIFY], 8388607, 15.0
[VERIFY], 16777215, 2.0
[VERIFY], 268435455, 53.0
[VERIFY], 536870911, 37.0
[VERIFY], 1073741823, 39.0
[VERIFY], 2147483647, 57.0
[VERIFY], 4294967295, 13.0
