/home/anatole/jdk8u/build/linux-x86_64-normal-server-release/jdk/bin/java -Xmx25g -XX:+UseG1GC -classpath /home/anatole/ycsb/conf:/home/anatole/ycsb/core/target/core-0.18.0-SNAPSHOT.jar:/home/anatole/ycsb/core/target/dependency/HdrHistogram-2.1.4.jar:/home/anatole/ycsb/core/target/dependency/guava-18.0.jar:/home/anatole/ycsb/core/target/dependency/htrace-core4-4.1.0-incubating.jar:/home/anatole/ycsb/core/target/dependency/jackson-core-asl-1.9.4.jar:/home/anatole/ycsb/core/target/dependency/jackson-mapper-asl-1.9.4.jar:/home/anatole/ycsb/core/target/dependency/javax.persistence-api-2.2.jar:/home/anatole/ycsb/core/target/dependency/jnvm-1.0-SNAPSHOT.jar:/home/anatole/ycsb/core/target/dependency/unsafe-helper-1.0.jar:/home/anatole/ycsb/infinispan/src/main/conf:/home/anatole/ycsb/infinispan/target/infinispan-binding-0.18.0-SNAPSHOT.jar:/home/anatole/ycsb/infinispan/target/dependency/caffeine-2.6.2.jar:/home/anatole/ycsb/infinispan/target/dependency/gson-2.8.2.jar:/home/anatole/ycsb/infinispan/target/dependency/guava-18.0.jar:/home/anatole/ycsb/infinispan/target/dependency/infinispan-cachestore-jnvm-1.0-SNAPSHOT.jar:/home/anatole/ycsb/infinispan/target/dependency/infinispan-client-hotrod-9.4.17.Final.jar:/home/anatole/ycsb/infinispan/target/dependency/infinispan-commons-9.4.17.Final.jar:/home/anatole/ycsb/infinispan/target/dependency/infinispan-core-9.4.17.Final.jar:/home/anatole/ycsb/infinispan/target/dependency/javax.persistence-api-2.2.jar:/home/anatole/ycsb/infinispan/target/dependency/jboss-logging-3.3.2.Final.jar:/home/anatole/ycsb/infinispan/target/dependency/jboss-marshalling-osgi-2.0.6.Final.jar:/home/anatole/ycsb/infinispan/target/dependency/jboss-transaction-api_1.2_spec-1.1.1.Final.jar:/home/anatole/ycsb/infinispan/target/dependency/jgroups-4.0.20.Final.jar:/home/anatole/ycsb/infinispan/target/dependency/jnvm-1.0-SNAPSHOT.jar:/home/anatole/ycsb/infinispan/target/dependency/metainf-services-1.7.jar:/home/anatole/ycsb/infinispan/target/dependency/netty-buffer-4.1.42.Final.jar:/home/anatole/ycsb/infinispan/target/dependency/netty-codec-4.1.42.Final.jar:/home/anatole/ycsb/infinispan/target/dependency/netty-common-4.1.42.Final.jar:/home/anatole/ycsb/infinispan/target/dependency/netty-handler-4.1.42.Final.jar:/home/anatole/ycsb/infinispan/target/dependency/netty-resolver-4.1.42.Final.jar:/home/anatole/ycsb/infinispan/target/dependency/netty-transport-4.1.42.Final.jar:/home/anatole/ycsb/infinispan/target/dependency/netty-transport-native-epoll-4.1.42.Final-linux-x86_64.jar:/home/anatole/ycsb/infinispan/target/dependency/netty-transport-native-unix-common-4.1.42.Final.jar:/home/anatole/ycsb/infinispan/target/dependency/reactive-streams-1.0.2.jar:/home/anatole/ycsb/infinispan/target/dependency/rxjava-2.2.4.jar:/home/anatole/ycsb/infinispan/target/dependency/unsafe-helper-1.0.jar site.ycsb.Client -t -db site.ycsb.db.InfinispanClient -P ../workloads/workloadf -threads 10 -p dataintegrity=true -p offheap=false -p recordcount=10000000 -p operationcount=100000000 -p fieldcount=10 -p requestdistribution=zipfian -p measurement.histogram.verbose=true -p measurementtype=hdrhistogram -p hdrhistogram.output.path=./out/exp00.heapsize.ref/log/infinispan.run.workloadf.true.10000000.1000000.10.zipfian.10.hdr.log
[OVERALL], RunTime(ms), 834222
[OVERALL], Throughput(ops/sec), 119872.16831970387
[TOTAL_GCS_G1_Young_Generation], Count, 761
[TOTAL_GC_TIME_G1_Young_Generation], Time(ms), 110438
[TOTAL_GC_TIME_%_G1_Young_Generation], Time(%), 13.238442524891456
[TOTAL_GCS_G1_Old_Generation], Count, 0
[TOTAL_GC_TIME_G1_Old_Generation], Time(ms), 0
[TOTAL_GC_TIME_%_G1_Old_Generation], Time(%), 0.0
[TOTAL_GCs], Count, 761
[TOTAL_GC_TIME], Time(ms), 110438
[TOTAL_GC_TIME_%], Time(%), 13.238442524891456
[READ], Operations, 100000000
[READ], AverageLatency(ns), 31961.65387008
[READ], MinLatency(ns), 128
[READ], MaxLatency(ns), 2147483647
[READ], 95thPercentileLatency(ns), 131071
[READ], 99thPercentileLatency(ns), 131071
[READ], Return=OK, 100000000
[READ], 255, 38072.0
[READ], 511, 5590146.0
[READ], 1023, 3.2714186E7
[READ], 2047, 1.8105118E7
[READ], 4095, 1863791.0
[READ], 8191, 630160.0
[READ], 16383, 88988.0
[READ], 32767, 30909.0
[READ], 65535, 2.9683209E7
[READ], 131071, 1.1180495E7
[READ], 262143, 67403.0
[READ], 524287, 2719.0
[READ], 1048575, 1352.0
[READ], 2097151, 365.0
[READ], 4194303, 66.0
[READ], 8388607, 2.0
[READ], 16777215, 13.0
[READ], 33554431, 4.0
[READ], 67108863, 779.0
[READ], 134217727, 363.0
[READ], 268435455, 1659.0
[READ], 536870911, 101.0
[READ], 1073741823, 70.0
[READ], 2147483647, 30.0
[INIT], Operations, 10
[INIT], AverageLatency(ns), 1.03079215104E11
[INIT], MinLatency(ns), 68719476736
[INIT], MaxLatency(ns), 137438953471
[INIT], 95thPercentileLatency(ns), 137438953471
[INIT], 99thPercentileLatency(ns), 137438953471
[INIT], 137438953471, 10.0
[READ-MODIFY-WRITE], Operations, 49999738
[READ-MODIFY-WRITE], AverageLatency(ns), 107.64493637946663
[READ-MODIFY-WRITE], MinLatency(ns), 16
[READ-MODIFY-WRITE], MaxLatency(ns), 2097151
[READ-MODIFY-WRITE], 95thPercentileLatency(ns), 255
[READ-MODIFY-WRITE], 99thPercentileLatency(ns), 255
[READ-MODIFY-WRITE], 31, 22797.0
[READ-MODIFY-WRITE], 63, 2.0840734E7
[READ-MODIFY-WRITE], 127, 2.3166065E7
[READ-MODIFY-WRITE], 255, 5705431.0
[READ-MODIFY-WRITE], 511, 244218.0
[READ-MODIFY-WRITE], 1023, 13924.0
[READ-MODIFY-WRITE], 2047, 1203.0
[READ-MODIFY-WRITE], 4095, 217.0
[READ-MODIFY-WRITE], 8191, 13.0
[READ-MODIFY-WRITE], 16383, 1.0
[READ-MODIFY-WRITE], 32767, 19.0
[READ-MODIFY-WRITE], 65535, 1397.0
[READ-MODIFY-WRITE], 131071, 532.0
[READ-MODIFY-WRITE], 262143, 2759.0
[READ-MODIFY-WRITE], 524287, 208.0
[READ-MODIFY-WRITE], 1048575, 174.0
[READ-MODIFY-WRITE], 2097151, 46.0
[CLEANUP], Operations, 10
[CLEANUP], AverageLatency(ns), 5.838471168E9
[CLEANUP], MinLatency(ns), 268435456
[CLEANUP], MaxLatency(ns), 8589934591
[CLEANUP], 95thPercentileLatency(ns), 8589934591
[CLEANUP], 99thPercentileLatency(ns), 8589934591
[CLEANUP], 536870911, 1.0
[CLEANUP], 8589934591, 9.0
[UPDATE], Operations, 49999738
[UPDATE], AverageLatency(ns), 76472.02111659065
[UPDATE], MinLatency(ns), 16384
[UPDATE], MaxLatency(ns), 2147483647
[UPDATE], 95thPercentileLatency(ns), 131071
[UPDATE], 99thPercentileLatency(ns), 262143
[UPDATE], Return=OK, 49999738
[UPDATE], 32767, 66248.0
[UPDATE], 65535, 3.7985345E7
[UPDATE], 131071, 1.1365827E7
[UPDATE], 262143, 352684.0
[UPDATE], 524287, 214490.0
[UPDATE], 1048575, 10638.0
[UPDATE], 2097151, 775.0
[UPDATE], 4194303, 150.0
[UPDATE], 8388607, 4.0
[UPDATE], 16777215, 1.0
[UPDATE], 33554431, 21.0
[UPDATE], 67108863, 979.0
[UPDATE], 134217727, 387.0
[UPDATE], 268435455, 1876.0
[UPDATE], 536870911, 165.0
[UPDATE], 1073741823, 121.0
[UPDATE], 2147483647, 27.0
[VERIFY], Operations, 49999738
[VERIFY], AverageLatency(ns), 13348.603972924819
[VERIFY], MinLatency(ns), 4096
[VERIFY], MaxLatency(ns), 2147483647
[VERIFY], 95thPercentileLatency(ns), 16383
[VERIFY], 99thPercentileLatency(ns), 32767
[VERIFY], Return=OK, 49999738
[VERIFY], 8191, 262504.0
[VERIFY], 16383, 4.879452E7
[VERIFY], 32767, 915534.0
[VERIFY], 65535, 24847.0
[VERIFY], 131071, 449.0
[VERIFY], 262143, 187.0
[VERIFY], 524287, 713.0
[VERIFY], 1048575, 631.0
[VERIFY], 2097151, 131.0
[VERIFY], 4194303, 6.0
[VERIFY], 67108863, 53.0
[VERIFY], 134217727, 25.0
[VERIFY], 268435455, 114.0
[VERIFY], 536870911, 19.0
[VERIFY], 1073741823, 3.0
[VERIFY], 2147483647, 2.0
