/home/anatole/jdk8u/build/linux-x86_64-normal-server-release/jdk/bin/java -Xmx100g -XX:+UseG1GC -XX:+UseNUMA -classpath /home/anatole/ycsb/conf:/home/anatole/ycsb/core/target/core-0.18.0-SNAPSHOT.jar:/home/anatole/ycsb/core/target/dependency/HdrHistogram-2.1.4.jar:/home/anatole/ycsb/core/target/dependency/guava-18.0.jar:/home/anatole/ycsb/core/target/dependency/htrace-core4-4.1.0-incubating.jar:/home/anatole/ycsb/core/target/dependency/jackson-core-asl-1.9.4.jar:/home/anatole/ycsb/core/target/dependency/jackson-mapper-asl-1.9.4.jar:/home/anatole/ycsb/core/target/dependency/javax.persistence-api-2.2.jar:/home/anatole/ycsb/core/target/dependency/jnvm-1.0-SNAPSHOT.jar:/home/anatole/ycsb/core/target/dependency/unsafe-helper-1.0.jar:/home/anatole/ycsb/infinispan/src/main/conf:/home/anatole/ycsb/infinispan/target/infinispan-binding-0.18.0-SNAPSHOT.jar:/home/anatole/ycsb/infinispan/target/dependency/caffeine-2.6.2.jar:/home/anatole/ycsb/infinispan/target/dependency/gson-2.8.2.jar:/home/anatole/ycsb/infinispan/target/dependency/guava-18.0.jar:/home/anatole/ycsb/infinispan/target/dependency/infinispan-cachestore-jnvm-1.0-SNAPSHOT.jar:/home/anatole/ycsb/infinispan/target/dependency/infinispan-client-hotrod-9.4.17.Final.jar:/home/anatole/ycsb/infinispan/target/dependency/infinispan-commons-9.4.17.Final.jar:/home/anatole/ycsb/infinispan/target/dependency/infinispan-core-9.4.17.Final.jar:/home/anatole/ycsb/infinispan/target/dependency/javax.persistence-api-2.2.jar:/home/anatole/ycsb/infinispan/target/dependency/jboss-logging-3.3.2.Final.jar:/home/anatole/ycsb/infinispan/target/dependency/jboss-marshalling-osgi-2.0.6.Final.jar:/home/anatole/ycsb/infinispan/target/dependency/jboss-transaction-api_1.2_spec-1.1.1.Final.jar:/home/anatole/ycsb/infinispan/target/dependency/jgroups-4.0.20.Final.jar:/home/anatole/ycsb/infinispan/target/dependency/jnvm-1.0-SNAPSHOT.jar:/home/anatole/ycsb/infinispan/target/dependency/metainf-services-1.7.jar:/home/anatole/ycsb/infinispan/target/dependency/netty-buffer-4.1.42.Final.jar:/home/anatole/ycsb/infinispan/target/dependency/netty-codec-4.1.42.Final.jar:/home/anatole/ycsb/infinispan/target/dependency/netty-common-4.1.42.Final.jar:/home/anatole/ycsb/infinispan/target/dependency/netty-handler-4.1.42.Final.jar:/home/anatole/ycsb/infinispan/target/dependency/netty-resolver-4.1.42.Final.jar:/home/anatole/ycsb/infinispan/target/dependency/netty-transport-4.1.42.Final.jar:/home/anatole/ycsb/infinispan/target/dependency/netty-transport-native-epoll-4.1.42.Final-linux-x86_64.jar:/home/anatole/ycsb/infinispan/target/dependency/netty-transport-native-unix-common-4.1.42.Final.jar:/home/anatole/ycsb/infinispan/target/dependency/reactive-streams-1.0.2.jar:/home/anatole/ycsb/infinispan/target/dependency/rxjava-2.2.4.jar:/home/anatole/ycsb/infinispan/target/dependency/unsafe-helper-1.0.jar site.ycsb.Client -t -db site.ycsb.db.InfinispanClient -P ../workloads/workloadf -threads 10 -p dataintegrity=true -p offheap=false -p recordcount=10000000 -p operationcount=100000000 -p fieldcount=10 -p requestdistribution=zipfian -p measurement.histogram.verbose=true -p measurementtype=hdrhistogram -p hdrhistogram.output.path=./out/exp00.heapsize.ref/log/infinispan.run.workloadf.true.10000000.10000000.10.zipfian.10.hdr.log
[OVERALL], RunTime(ms), 2082777
[OVERALL], Throughput(ops/sec), 48012.82134381165
[TOTAL_GCS_G1_Young_Generation], Count, 618
[TOTAL_GC_TIME_G1_Young_Generation], Time(ms), 765939
[TOTAL_GC_TIME_%_G1_Young_Generation], Time(%), 36.77489236725775
[TOTAL_GCS_G1_Old_Generation], Count, 0
[TOTAL_GC_TIME_G1_Old_Generation], Time(ms), 0
[TOTAL_GC_TIME_%_G1_Old_Generation], Time(%), 0.0
[TOTAL_GCs], Count, 618
[TOTAL_GC_TIME], Time(ms), 765939
[TOTAL_GC_TIME_%], Time(%), 36.77489236725775
[READ], Operations, 100000000
[READ], AverageLatency(ns), 2332.43894976
[READ], MinLatency(ns), 128
[READ], MaxLatency(ns), 2147483647
[READ], 95thPercentileLatency(ns), 4095
[READ], 99thPercentileLatency(ns), 32767
[READ], Return=OK, 100000000
[READ], 255, 143533.0
[READ], 511, 2176506.0
[READ], 1023, 3.433505E7
[READ], 2047, 5.6115605E7
[READ], 4095, 4627702.0
[READ], 8191, 644027.0
[READ], 16383, 388384.0
[READ], 32767, 824638.0
[READ], 65535, 688545.0
[READ], 131071, 54047.0
[READ], 262143, 1529.0
[READ], 524287, 110.0
[READ], 1048575, 50.0
[READ], 2097151, 46.0
[READ], 4194303, 34.0
[READ], 8388607, 63.0
[READ], 16777215, 34.0
[READ], 33554431, 29.0
[READ], 67108863, 20.0
[READ], 134217727, 13.0
[READ], 268435455, 8.0
[READ], 536870911, 4.0
[READ], 1073741823, 9.0
[READ], 2147483647, 14.0
[INIT], Operations, 10
[INIT], AverageLatency(ns), 4.12316860416E11
[INIT], MinLatency(ns), 274877906944
[INIT], MaxLatency(ns), 549755813887
[INIT], 95thPercentileLatency(ns), 549755813887
[INIT], 99thPercentileLatency(ns), 549755813887
[INIT], 549755813887, 10.0
[READ-MODIFY-WRITE], Operations, 50007723
[READ-MODIFY-WRITE], AverageLatency(ns), 316.711900679821
[READ-MODIFY-WRITE], MinLatency(ns), 16
[READ-MODIFY-WRITE], MaxLatency(ns), 8388607
[READ-MODIFY-WRITE], 95thPercentileLatency(ns), 255
[READ-MODIFY-WRITE], 99thPercentileLatency(ns), 511
[READ-MODIFY-WRITE], 31, 17.0
[READ-MODIFY-WRITE], 63, 1509503.0
[READ-MODIFY-WRITE], 127, 3.1061416E7
[READ-MODIFY-WRITE], 255, 1.6436639E7
[READ-MODIFY-WRITE], 511, 879880.0
[READ-MODIFY-WRITE], 1023, 103404.0
[READ-MODIFY-WRITE], 2047, 6344.0
[READ-MODIFY-WRITE], 4095, 1815.0
[READ-MODIFY-WRITE], 8191, 1120.0
[READ-MODIFY-WRITE], 16383, 543.0
[READ-MODIFY-WRITE], 32767, 440.0
[READ-MODIFY-WRITE], 65535, 444.0
[READ-MODIFY-WRITE], 131071, 319.0
[READ-MODIFY-WRITE], 262143, 311.0
[READ-MODIFY-WRITE], 524287, 106.0
[READ-MODIFY-WRITE], 1048575, 1173.0
[READ-MODIFY-WRITE], 2097151, 3391.0
[READ-MODIFY-WRITE], 4194303, 839.0
[READ-MODIFY-WRITE], 8388607, 19.0
[CLEANUP], Operations, 10
[CLEANUP], AverageLatency(ns), 2.31928233984E10
[CLEANUP], MinLatency(ns), 8589934592
[CLEANUP], MaxLatency(ns), 68719476735
[CLEANUP], 95thPercentileLatency(ns), 68719476735
[CLEANUP], 99thPercentileLatency(ns), 68719476735
[CLEANUP], 17179869183, 4.0
[CLEANUP], 34359738367, 5.0
[CLEANUP], 68719476735, 1.0
[UPDATE], Operations, 50007723
[UPDATE], AverageLatency(ns), 311812.7510050398
[UPDATE], MinLatency(ns), 16384
[UPDATE], MaxLatency(ns), 8589934591
[UPDATE], 95thPercentileLatency(ns), 262143
[UPDATE], 99thPercentileLatency(ns), 524287
[UPDATE], Return=OK, 50007723
[UPDATE], 32767, 87.0
[UPDATE], 65535, 2347873.0
[UPDATE], 131071, 3.3394241E7
[UPDATE], 262143, 1.3364002E7
[UPDATE], 524287, 795001.0
[UPDATE], 1048575, 90369.0
[UPDATE], 2097151, 5864.0
[UPDATE], 4194303, 1768.0
[UPDATE], 8388607, 1049.0
[UPDATE], 16777215, 508.0
[UPDATE], 33554431, 426.0
[UPDATE], 67108863, 427.0
[UPDATE], 134217727, 306.0
[UPDATE], 268435455, 299.0
[UPDATE], 536870911, 121.0
[UPDATE], 1073741823, 1286.0
[UPDATE], 2147483647, 3291.0
[UPDATE], 4294967295, 788.0
[UPDATE], 8589934591, 17.0
[VERIFY], Operations, 50007723
[VERIFY], AverageLatency(ns), 18310.184278696313
[VERIFY], MinLatency(ns), 4096
[VERIFY], MaxLatency(ns), 4294967295
[VERIFY], 95thPercentileLatency(ns), 32767
[VERIFY], 99thPercentileLatency(ns), 32767
[VERIFY], Return=OK, 50007723
[VERIFY], 8191, 7023639.0
[VERIFY], 16383, 3.9259101E7
[VERIFY], 32767, 3450839.0
[VERIFY], 65535, 266920.0
[VERIFY], 131071, 4881.0
[VERIFY], 262143, 198.0
[VERIFY], 524287, 277.0
[VERIFY], 1048575, 627.0
[VERIFY], 2097151, 474.0
[VERIFY], 4194303, 458.0
[VERIFY], 8388607, 93.0
[VERIFY], 16777215, 17.0
[VERIFY], 33554431, 14.0
[VERIFY], 67108863, 10.0
[VERIFY], 134217727, 5.0
[VERIFY], 268435455, 6.0
[VERIFY], 536870911, 9.0
[VERIFY], 1073741823, 24.0
[VERIFY], 2147483647, 99.0
[VERIFY], 4294967295, 32.0
