/home/anatole/jdk8u/build/linux-x86_64-normal-server-release/jdk/bin/java -Xmx100g -XX:+UseG1GC -XX:+UseNUMA -XX:InitiatingHeapOccupancyPercent=0 -classpath /home/anatole/ycsb/conf:/home/anatole/ycsb/core/target/core-0.18.0-SNAPSHOT.jar:/home/anatole/ycsb/core/target/dependency/HdrHistogram-2.1.4.jar:/home/anatole/ycsb/core/target/dependency/guava-18.0.jar:/home/anatole/ycsb/core/target/dependency/htrace-core4-4.1.0-incubating.jar:/home/anatole/ycsb/core/target/dependency/jackson-core-asl-1.9.4.jar:/home/anatole/ycsb/core/target/dependency/jackson-mapper-asl-1.9.4.jar:/home/anatole/ycsb/core/target/dependency/javax.persistence-api-2.2.jar:/home/anatole/ycsb/core/target/dependency/jnvm-1.0-SNAPSHOT.jar:/home/anatole/ycsb/core/target/dependency/unsafe-helper-1.0.jar:/home/anatole/ycsb/infinispan/src/main/conf:/home/anatole/ycsb/infinispan/target/infinispan-binding-0.18.0-SNAPSHOT.jar:/home/anatole/ycsb/infinispan/target/dependency/caffeine-2.6.2.jar:/home/anatole/ycsb/infinispan/target/dependency/gson-2.8.2.jar:/home/anatole/ycsb/infinispan/target/dependency/guava-18.0.jar:/home/anatole/ycsb/infinispan/target/dependency/infinispan-cachestore-jnvm-1.0-SNAPSHOT.jar:/home/anatole/ycsb/infinispan/target/dependency/infinispan-client-hotrod-9.4.17.Final.jar:/home/anatole/ycsb/infinispan/target/dependency/infinispan-commons-9.4.17.Final.jar:/home/anatole/ycsb/infinispan/target/dependency/infinispan-core-9.4.17.Final.jar:/home/anatole/ycsb/infinispan/target/dependency/javax.persistence-api-2.2.jar:/home/anatole/ycsb/infinispan/target/dependency/jboss-logging-3.3.2.Final.jar:/home/anatole/ycsb/infinispan/target/dependency/jboss-marshalling-osgi-2.0.6.Final.jar:/home/anatole/ycsb/infinispan/target/dependency/jboss-transaction-api_1.2_spec-1.1.1.Final.jar:/home/anatole/ycsb/infinispan/target/dependency/jgroups-4.0.20.Final.jar:/home/anatole/ycsb/infinispan/target/dependency/jnvm-1.0-SNAPSHOT.jar:/home/anatole/ycsb/infinispan/target/dependency/metainf-services-1.7.jar:/home/anatole/ycsb/infinispan/target/dependency/netty-buffer-4.1.42.Final.jar:/home/anatole/ycsb/infinispan/target/dependency/netty-codec-4.1.42.Final.jar:/home/anatole/ycsb/infinispan/target/dependency/netty-common-4.1.42.Final.jar:/home/anatole/ycsb/infinispan/target/dependency/netty-handler-4.1.42.Final.jar:/home/anatole/ycsb/infinispan/target/dependency/netty-resolver-4.1.42.Final.jar:/home/anatole/ycsb/infinispan/target/dependency/netty-transport-4.1.42.Final.jar:/home/anatole/ycsb/infinispan/target/dependency/netty-transport-native-epoll-4.1.42.Final-linux-x86_64.jar:/home/anatole/ycsb/infinispan/target/dependency/netty-transport-native-unix-common-4.1.42.Final.jar:/home/anatole/ycsb/infinispan/target/dependency/reactive-streams-1.0.2.jar:/home/anatole/ycsb/infinispan/target/dependency/rxjava-2.2.4.jar:/home/anatole/ycsb/infinispan/target/dependency/unsafe-helper-1.0.jar site.ycsb.Client -t -db site.ycsb.db.InfinispanClient -P ../workloads/workloadf -threads 10 -p dataintegrity=true -p offheap=false -p recordcount=15000000 -p operationcount=100000000 -p fieldcount=10 -p requestdistribution=zipfian -p measurement.histogram.verbose=true -p measurementtype=hdrhistogram -p hdrhistogram.output.path=./out/exp00.heapsize.ref/log/infinispan.run.workloadf.true.15000000.1500000.10.zipfian.10.false.false.hdr.log
[OVERALL], RunTime(ms), 986121
[OVERALL], Throughput(ops/sec), 101407.43377334019
[TOTAL_GCS_G1_Young_Generation], Count, 515
[TOTAL_GC_TIME_G1_Young_Generation], Time(ms), 89871
[TOTAL_GC_TIME_%_G1_Young_Generation], Time(%), 9.113587480643856
[TOTAL_GCS_G1_Old_Generation], Count, 0
[TOTAL_GC_TIME_G1_Old_Generation], Time(ms), 0
[TOTAL_GC_TIME_%_G1_Old_Generation], Time(%), 0.0
[TOTAL_GCs], Count, 515
[TOTAL_GC_TIME], Time(ms), 89871
[TOTAL_GC_TIME_%], Time(%), 9.113587480643856
[READ], Operations, 100000000
[READ], AverageLatency(ns), 39308.25759936
[READ], MinLatency(ns), 128
[READ], MaxLatency(ns), 4294967295
[READ], 95thPercentileLatency(ns), 131071
[READ], 99thPercentileLatency(ns), 131071
[READ], Return=OK, 100000000
[READ], 255, 96833.0
[READ], 511, 3352940.0
[READ], 1023, 2.0504892E7
[READ], 2047, 3.3355597E7
[READ], 4095, 1475264.0
[READ], 8191, 923059.0
[READ], 16383, 259610.0
[READ], 32767, 33399.0
[READ], 65535, 2.0485732E7
[READ], 131071, 1.9291395E7
[READ], 262143, 178653.0
[READ], 524287, 21749.0
[READ], 1048575, 11608.0
[READ], 2097151, 5936.0
[READ], 4194303, 861.0
[READ], 8388607, 130.0
[READ], 16777215, 70.0
[READ], 33554431, 42.0
[READ], 67108863, 38.0
[READ], 134217727, 261.0
[READ], 268435455, 1254.0
[READ], 536870911, 444.0
[READ], 1073741823, 45.0
[READ], 2147483647, 139.0
[READ], 4294967295, 49.0
[INIT], Operations, 10
[INIT], AverageLatency(ns), 5.1539607552E10
[INIT], MinLatency(ns), 34359738368
[INIT], MaxLatency(ns), 68719476735
[INIT], 95thPercentileLatency(ns), 68719476735
[INIT], 99thPercentileLatency(ns), 68719476735
[INIT], 68719476735, 10.0
[READ-MODIFY-WRITE], Operations, 49994794
[READ-MODIFY-WRITE], AverageLatency(ns), 139.72756331389223
[READ-MODIFY-WRITE], MinLatency(ns), 16
[READ-MODIFY-WRITE], MaxLatency(ns), 4194303
[READ-MODIFY-WRITE], 95thPercentileLatency(ns), 255
[READ-MODIFY-WRITE], 99thPercentileLatency(ns), 255
[READ-MODIFY-WRITE], 31, 24769.0
[READ-MODIFY-WRITE], 63, 1.7342634E7
[READ-MODIFY-WRITE], 127, 2.3050826E7
[READ-MODIFY-WRITE], 255, 9296766.0
[READ-MODIFY-WRITE], 511, 231268.0
[READ-MODIFY-WRITE], 1023, 26212.0
[READ-MODIFY-WRITE], 2047, 14554.0
[READ-MODIFY-WRITE], 4095, 2848.0
[READ-MODIFY-WRITE], 8191, 407.0
[READ-MODIFY-WRITE], 16383, 110.0
[READ-MODIFY-WRITE], 32767, 54.0
[READ-MODIFY-WRITE], 65535, 54.0
[READ-MODIFY-WRITE], 131071, 367.0
[READ-MODIFY-WRITE], 262143, 2284.0
[READ-MODIFY-WRITE], 524287, 912.0
[READ-MODIFY-WRITE], 1048575, 193.0
[READ-MODIFY-WRITE], 2097151, 429.0
[READ-MODIFY-WRITE], 4194303, 107.0
[CLEANUP], Operations, 10
[CLEANUP], AverageLatency(ns), 1.17574729728E10
[CLEANUP], MinLatency(ns), 1073741824
[CLEANUP], MaxLatency(ns), 17179869183
[CLEANUP], 95thPercentileLatency(ns), 17179869183
[CLEANUP], 99thPercentileLatency(ns), 17179869183
[CLEANUP], 2147483647, 1.0
[CLEANUP], 17179869183, 9.0
[UPDATE], Operations, 49994794
[UPDATE], AverageLatency(ns), 99555.96494787036
[UPDATE], MinLatency(ns), 16384
[UPDATE], MaxLatency(ns), 4294967295
[UPDATE], 95thPercentileLatency(ns), 131071
[UPDATE], 99thPercentileLatency(ns), 262143
[UPDATE], Return=OK, 49994794
[UPDATE], 32767, 90668.0
[UPDATE], 65535, 3.3551834E7
[UPDATE], 131071, 1.571529E7
[UPDATE], 262143, 441044.0
[UPDATE], 524287, 164039.0
[UPDATE], 1048575, 18422.0
[UPDATE], 2097151, 8001.0
[UPDATE], 4194303, 1916.0
[UPDATE], 8388607, 256.0
[UPDATE], 16777215, 66.0
[UPDATE], 33554431, 51.0
[UPDATE], 67108863, 32.0
[UPDATE], 134217727, 327.0
[UPDATE], 268435455, 1549.0
[UPDATE], 536870911, 694.0
[UPDATE], 1073741823, 163.0
[UPDATE], 2147483647, 365.0
[UPDATE], 4294967295, 77.0
[VERIFY], Operations, 49994794
[VERIFY], AverageLatency(ns), 14638.707281082106
[VERIFY], MinLatency(ns), 4096
[VERIFY], MaxLatency(ns), 2147483647
[VERIFY], 95thPercentileLatency(ns), 16383
[VERIFY], 99thPercentileLatency(ns), 32767
[VERIFY], Return=OK, 49994794
[VERIFY], 8191, 791609.0
[VERIFY], 16383, 4.819421E7
[VERIFY], 32767, 959660.0
[VERIFY], 65535, 41469.0
[VERIFY], 131071, 625.0
[VERIFY], 262143, 165.0
[VERIFY], 524287, 1059.0
[VERIFY], 1048575, 3536.0
[VERIFY], 2097151, 2053.0
[VERIFY], 4194303, 203.0
[VERIFY], 8388607, 37.0
[VERIFY], 16777215, 4.0
[VERIFY], 67108863, 1.0
[VERIFY], 134217727, 6.0
[VERIFY], 268435455, 50.0
[VERIFY], 536870911, 50.0
[VERIFY], 1073741823, 26.0
[VERIFY], 2147483647, 31.0
