/home/anatole/jdk8u/build/linux-x86_64-normal-server-release/jdk/bin/java -Xmx100g -XX:+UseG1GC -XX:+UseNUMA -XX:InitiatingHeapOccupancyPercent=0 -classpath /home/anatole/ycsb/conf:/home/anatole/ycsb/core/target/core-0.18.0-SNAPSHOT.jar:/home/anatole/ycsb/core/target/dependency/HdrHistogram-2.1.4.jar:/home/anatole/ycsb/core/target/dependency/guava-18.0.jar:/home/anatole/ycsb/core/target/dependency/htrace-core4-4.1.0-incubating.jar:/home/anatole/ycsb/core/target/dependency/jackson-core-asl-1.9.4.jar:/home/anatole/ycsb/core/target/dependency/jackson-mapper-asl-1.9.4.jar:/home/anatole/ycsb/core/target/dependency/javax.persistence-api-2.2.jar:/home/anatole/ycsb/core/target/dependency/jnvm-1.0-SNAPSHOT.jar:/home/anatole/ycsb/core/target/dependency/unsafe-helper-1.0.jar:/home/anatole/ycsb/infinispan/src/main/conf:/home/anatole/ycsb/infinispan/target/infinispan-binding-0.18.0-SNAPSHOT.jar:/home/anatole/ycsb/infinispan/target/dependency/caffeine-2.6.2.jar:/home/anatole/ycsb/infinispan/target/dependency/gson-2.8.2.jar:/home/anatole/ycsb/infinispan/target/dependency/guava-18.0.jar:/home/anatole/ycsb/infinispan/target/dependency/infinispan-cachestore-jnvm-1.0-SNAPSHOT.jar:/home/anatole/ycsb/infinispan/target/dependency/infinispan-client-hotrod-9.4.17.Final.jar:/home/anatole/ycsb/infinispan/target/dependency/infinispan-commons-9.4.17.Final.jar:/home/anatole/ycsb/infinispan/target/dependency/infinispan-core-9.4.17.Final.jar:/home/anatole/ycsb/infinispan/target/dependency/javax.persistence-api-2.2.jar:/home/anatole/ycsb/infinispan/target/dependency/jboss-logging-3.3.2.Final.jar:/home/anatole/ycsb/infinispan/target/dependency/jboss-marshalling-osgi-2.0.6.Final.jar:/home/anatole/ycsb/infinispan/target/dependency/jboss-transaction-api_1.2_spec-1.1.1.Final.jar:/home/anatole/ycsb/infinispan/target/dependency/jgroups-4.0.20.Final.jar:/home/anatole/ycsb/infinispan/target/dependency/jnvm-1.0-SNAPSHOT.jar:/home/anatole/ycsb/infinispan/target/dependency/metainf-services-1.7.jar:/home/anatole/ycsb/infinispan/target/dependency/netty-buffer-4.1.42.Final.jar:/home/anatole/ycsb/infinispan/target/dependency/netty-codec-4.1.42.Final.jar:/home/anatole/ycsb/infinispan/target/dependency/netty-common-4.1.42.Final.jar:/home/anatole/ycsb/infinispan/target/dependency/netty-handler-4.1.42.Final.jar:/home/anatole/ycsb/infinispan/target/dependency/netty-resolver-4.1.42.Final.jar:/home/anatole/ycsb/infinispan/target/dependency/netty-transport-4.1.42.Final.jar:/home/anatole/ycsb/infinispan/target/dependency/netty-transport-native-epoll-4.1.42.Final-linux-x86_64.jar:/home/anatole/ycsb/infinispan/target/dependency/netty-transport-native-unix-common-4.1.42.Final.jar:/home/anatole/ycsb/infinispan/target/dependency/reactive-streams-1.0.2.jar:/home/anatole/ycsb/infinispan/target/dependency/rxjava-2.2.4.jar:/home/anatole/ycsb/infinispan/target/dependency/unsafe-helper-1.0.jar site.ycsb.Client -t -db site.ycsb.db.InfinispanClient -P ../workloads/workloadf -threads 10 -p dataintegrity=true -p offheap=false -p recordcount=15000000 -p operationcount=100000000 -p fieldcount=10 -p requestdistribution=zipfian -p measurement.histogram.verbose=true -p measurementtype=hdrhistogram -p hdrhistogram.output.path=./out/exp00.heapsize.ref/log/infinispan.run.workloadf.true.15000000.15000000.10.zipfian.10.hdr.log
[OVERALL], RunTime(ms), 1371769
[OVERALL], Throughput(ops/sec), 72898.57111510757
[TOTAL_GCS_G1_Young_Generation], Count, 450
[TOTAL_GC_TIME_G1_Young_Generation], Time(ms), 357140
[TOTAL_GC_TIME_%_G1_Young_Generation], Time(%), 26.034995688049516
[TOTAL_GCS_G1_Old_Generation], Count, 0
[TOTAL_GC_TIME_G1_Old_Generation], Time(ms), 0
[TOTAL_GC_TIME_%_G1_Old_Generation], Time(%), 0.0
[TOTAL_GCs], Count, 450
[TOTAL_GC_TIME], Time(ms), 357140
[TOTAL_GC_TIME_%], Time(%), 26.034995688049516
[READ], Operations, 100000000
[READ], AverageLatency(ns), 6176.44885248
[READ], MinLatency(ns), 128
[READ], MaxLatency(ns), 4294967295
[READ], 95thPercentileLatency(ns), 8191
[READ], 99thPercentileLatency(ns), 65535
[READ], Return=OK, 100000000
[READ], 255, 71484.0
[READ], 511, 1913074.0
[READ], 1023, 1.4453211E7
[READ], 2047, 4.5697434E7
[READ], 4095, 2.7916744E7
[READ], 8191, 5736334.0
[READ], 16383, 1338863.0
[READ], 32767, 1224290.0
[READ], 65535, 1007139.0
[READ], 131071, 524773.0
[READ], 262143, 114665.0
[READ], 524287, 1605.0
[READ], 1048575, 82.0
[READ], 2097151, 40.0
[READ], 4194303, 24.0
[READ], 8388607, 8.0
[READ], 16777215, 3.0
[READ], 134217727, 1.0
[READ], 268435455, 5.0
[READ], 536870911, 40.0
[READ], 1073741823, 109.0
[READ], 2147483647, 58.0
[READ], 4294967295, 14.0
[INIT], Operations, 10
[INIT], AverageLatency(ns), 8.24633720832E11
[INIT], MinLatency(ns), 549755813888
[INIT], MaxLatency(ns), 1099511627775
[INIT], 95thPercentileLatency(ns), 1099511627775
[INIT], 99thPercentileLatency(ns), 1099511627775
[INIT], 1099511627775, 10.0
[READ-MODIFY-WRITE], Operations, 50005189
[READ-MODIFY-WRITE], AverageLatency(ns), 63.996963335145075
[READ-MODIFY-WRITE], MinLatency(ns), 1
[READ-MODIFY-WRITE], MaxLatency(ns), 8388607
[READ-MODIFY-WRITE], 95thPercentileLatency(ns), 63
[READ-MODIFY-WRITE], 99thPercentileLatency(ns), 255
[READ-MODIFY-WRITE], 1, 7956.0
[READ-MODIFY-WRITE], 3, 165647.0
[READ-MODIFY-WRITE], 7, 8478279.0
[READ-MODIFY-WRITE], 15, 2.6351505E7
[READ-MODIFY-WRITE], 31, 1.0078984E7
[READ-MODIFY-WRITE], 63, 2857108.0
[READ-MODIFY-WRITE], 127, 1468653.0
[READ-MODIFY-WRITE], 255, 560812.0
[READ-MODIFY-WRITE], 511, 31814.0
[READ-MODIFY-WRITE], 1023, 1760.0
[READ-MODIFY-WRITE], 2047, 586.0
[READ-MODIFY-WRITE], 4095, 352.0
[READ-MODIFY-WRITE], 8191, 213.0
[READ-MODIFY-WRITE], 16383, 22.0
[READ-MODIFY-WRITE], 32767, 20.0
[READ-MODIFY-WRITE], 131071, 2.0
[READ-MODIFY-WRITE], 262143, 14.0
[READ-MODIFY-WRITE], 524287, 147.0
[READ-MODIFY-WRITE], 1048575, 494.0
[READ-MODIFY-WRITE], 2097151, 543.0
[READ-MODIFY-WRITE], 4194303, 275.0
[READ-MODIFY-WRITE], 8388607, 3.0
[CLEANUP], Operations, 10
[CLEANUP], AverageLatency(ns), 4.12316860416E10
[CLEANUP], MinLatency(ns), 17179869184
[CLEANUP], MaxLatency(ns), 68719476735
[CLEANUP], 95thPercentileLatency(ns), 68719476735
[CLEANUP], 99thPercentileLatency(ns), 68719476735
[CLEANUP], 34359738367, 4.0
[CLEANUP], 68719476735, 6.0
[UPDATE], Operations, 50005189
[UPDATE], AverageLatency(ns), 53232.49170609074
[UPDATE], MinLatency(ns), 1024
[UPDATE], MaxLatency(ns), 8589934591
[UPDATE], 95thPercentileLatency(ns), 65535
[UPDATE], 99thPercentileLatency(ns), 131071
[UPDATE], Return=OK, 50005189
[UPDATE], 2047, 42411.0
[UPDATE], 4095, 2725890.0
[UPDATE], 8191, 2.7015175E7
[UPDATE], 16383, 1.4460501E7
[UPDATE], 32767, 3210268.0
[UPDATE], 65535, 1147163.0
[UPDATE], 131071, 1000769.0
[UPDATE], 262143, 379732.0
[UPDATE], 524287, 19638.0
[UPDATE], 1048575, 1231.0
[UPDATE], 2097151, 542.0
[UPDATE], 4194303, 339.0
[UPDATE], 8388607, 193.0
[UPDATE], 16777215, 19.0
[UPDATE], 33554431, 20.0
[UPDATE], 134217727, 2.0
[UPDATE], 268435455, 8.0
[UPDATE], 536870911, 127.0
[UPDATE], 1073741823, 400.0
[UPDATE], 2147483647, 526.0
[UPDATE], 4294967295, 232.0
[UPDATE], 8589934591, 3.0
[VERIFY], Operations, 50005189
[VERIFY], AverageLatency(ns), 52447.97489220569
[VERIFY], MinLatency(ns), 4096
[VERIFY], MaxLatency(ns), 8589934591
[VERIFY], 95thPercentileLatency(ns), 65535
[VERIFY], 99thPercentileLatency(ns), 65535
[VERIFY], Return=OK, 50005189
[VERIFY], 8191, 82156.0
[VERIFY], 16383, 2.1736298E7
[VERIFY], 32767, 2.218801E7
[VERIFY], 65535, 5875209.0
[VERIFY], 131071, 117091.0
[VERIFY], 262143, 1071.0
[VERIFY], 524287, 952.0
[VERIFY], 1048575, 831.0
[VERIFY], 2097151, 1520.0
[VERIFY], 4194303, 546.0
[VERIFY], 8388607, 401.0
[VERIFY], 16777215, 34.0
[VERIFY], 134217727, 5.0
[VERIFY], 268435455, 36.0
[VERIFY], 536870911, 139.0
[VERIFY], 1073741823, 405.0
[VERIFY], 2147483647, 308.0
[VERIFY], 4294967295, 163.0
[VERIFY], 8589934591, 14.0
