/home/anatole/jdk8u/build/linux-x86_64-normal-server-release/jdk/bin/java -Xmx25g -XX:+UseG1GC -classpath /home/anatole/ycsb/conf:/home/anatole/ycsb/core/target/core-0.18.0-SNAPSHOT.jar:/home/anatole/ycsb/core/target/dependency/HdrHistogram-2.1.4.jar:/home/anatole/ycsb/core/target/dependency/guava-18.0.jar:/home/anatole/ycsb/core/target/dependency/htrace-core4-4.1.0-incubating.jar:/home/anatole/ycsb/core/target/dependency/jackson-core-asl-1.9.4.jar:/home/anatole/ycsb/core/target/dependency/jackson-mapper-asl-1.9.4.jar:/home/anatole/ycsb/core/target/dependency/javax.persistence-api-2.2.jar:/home/anatole/ycsb/core/target/dependency/jnvm-1.0-SNAPSHOT.jar:/home/anatole/ycsb/core/target/dependency/unsafe-helper-1.0.jar:/home/anatole/ycsb/infinispan/src/main/conf:/home/anatole/ycsb/infinispan/target/infinispan-binding-0.18.0-SNAPSHOT.jar:/home/anatole/ycsb/infinispan/target/dependency/caffeine-2.6.2.jar:/home/anatole/ycsb/infinispan/target/dependency/gson-2.8.2.jar:/home/anatole/ycsb/infinispan/target/dependency/guava-18.0.jar:/home/anatole/ycsb/infinispan/target/dependency/infinispan-cachestore-jnvm-1.0-SNAPSHOT.jar:/home/anatole/ycsb/infinispan/target/dependency/infinispan-client-hotrod-9.4.17.Final.jar:/home/anatole/ycsb/infinispan/target/dependency/infinispan-commons-9.4.17.Final.jar:/home/anatole/ycsb/infinispan/target/dependency/infinispan-core-9.4.17.Final.jar:/home/anatole/ycsb/infinispan/target/dependency/javax.persistence-api-2.2.jar:/home/anatole/ycsb/infinispan/target/dependency/jboss-logging-3.3.2.Final.jar:/home/anatole/ycsb/infinispan/target/dependency/jboss-marshalling-osgi-2.0.6.Final.jar:/home/anatole/ycsb/infinispan/target/dependency/jboss-transaction-api_1.2_spec-1.1.1.Final.jar:/home/anatole/ycsb/infinispan/target/dependency/jgroups-4.0.20.Final.jar:/home/anatole/ycsb/infinispan/target/dependency/jnvm-1.0-SNAPSHOT.jar:/home/anatole/ycsb/infinispan/target/dependency/metainf-services-1.7.jar:/home/anatole/ycsb/infinispan/target/dependency/netty-buffer-4.1.42.Final.jar:/home/anatole/ycsb/infinispan/target/dependency/netty-codec-4.1.42.Final.jar:/home/anatole/ycsb/infinispan/target/dependency/netty-common-4.1.42.Final.jar:/home/anatole/ycsb/infinispan/target/dependency/netty-handler-4.1.42.Final.jar:/home/anatole/ycsb/infinispan/target/dependency/netty-resolver-4.1.42.Final.jar:/home/anatole/ycsb/infinispan/target/dependency/netty-transport-4.1.42.Final.jar:/home/anatole/ycsb/infinispan/target/dependency/netty-transport-native-epoll-4.1.42.Final-linux-x86_64.jar:/home/anatole/ycsb/infinispan/target/dependency/netty-transport-native-unix-common-4.1.42.Final.jar:/home/anatole/ycsb/infinispan/target/dependency/reactive-streams-1.0.2.jar:/home/anatole/ycsb/infinispan/target/dependency/rxjava-2.2.4.jar:/home/anatole/ycsb/infinispan/target/dependency/unsafe-helper-1.0.jar site.ycsb.Client -load -db site.ycsb.db.InfinispanClient -P ../workloads/workloadf -threads 10 -p dataintegrity=true -p offheap=false -p recordcount=10000000 -p operationcount=100000000 -p fieldcount=10 -p requestdistribution=zipfian -p measurementtype=hdrhistogram -p hdrhistogram.output.path=./out/exp00.heapsize.ref/log/infinispan.load.workloadf.true.10000000.1000000.10.zipfian.10.hdr.log
[OVERALL], RunTime(ms), 130214
[OVERALL], Throughput(ops/sec), 76796.65780945214
[TOTAL_GCS_G1_Young_Generation], Count, 77
[TOTAL_GC_TIME_G1_Young_Generation], Time(ms), 10966
[TOTAL_GC_TIME_%_G1_Young_Generation], Time(%), 8.421521495384521
[TOTAL_GCS_G1_Old_Generation], Count, 0
[TOTAL_GC_TIME_G1_Old_Generation], Time(ms), 0
[TOTAL_GC_TIME_%_G1_Old_Generation], Time(%), 0.0
[TOTAL_GCs], Count, 77
[TOTAL_GC_TIME], Time(ms), 10966
[TOTAL_GC_TIME_%], Time(%), 8.421521495384521
[INIT], Operations, 10
[INIT], AverageLatency(ns), 8.05306368E8
[INIT], MinLatency(ns), 536870912
[INIT], MaxLatency(ns), 1073741823
[INIT], 95thPercentileLatency(ns), 1073741823
[INIT], 99thPercentileLatency(ns), 1073741823
[CLEANUP], Operations, 10
[CLEANUP], AverageLatency(ns), 1.6508780544E9
[CLEANUP], MinLatency(ns), 268435456
[CLEANUP], MaxLatency(ns), 4294967295
[CLEANUP], 95thPercentileLatency(ns), 4294967295
[CLEANUP], 99thPercentileLatency(ns), 4294967295
[INSERT], Operations, 10000000
[INSERT], AverageLatency(ns), 121119.68256
[INSERT], MinLatency(ns), 16384
[INSERT], MaxLatency(ns), 2147483647
[INSERT], 95thPercentileLatency(ns), 131071
[INSERT], 99thPercentileLatency(ns), 262143
[INSERT], Return=OK, 10000000
/home/anatole/jdk8u/build/linux-x86_64-normal-server-release/jdk/bin/java -Xmx25g -XX:+UseG1GC -classpath /home/anatole/ycsb/conf:/home/anatole/ycsb/core/target/core-0.18.0-SNAPSHOT.jar:/home/anatole/ycsb/core/target/dependency/HdrHistogram-2.1.4.jar:/home/anatole/ycsb/core/target/dependency/guava-18.0.jar:/home/anatole/ycsb/core/target/dependency/htrace-core4-4.1.0-incubating.jar:/home/anatole/ycsb/core/target/dependency/jackson-core-asl-1.9.4.jar:/home/anatole/ycsb/core/target/dependency/jackson-mapper-asl-1.9.4.jar:/home/anatole/ycsb/core/target/dependency/javax.persistence-api-2.2.jar:/home/anatole/ycsb/core/target/dependency/jnvm-1.0-SNAPSHOT.jar:/home/anatole/ycsb/core/target/dependency/unsafe-helper-1.0.jar:/home/anatole/ycsb/infinispan/src/main/conf:/home/anatole/ycsb/infinispan/target/infinispan-binding-0.18.0-SNAPSHOT.jar:/home/anatole/ycsb/infinispan/target/dependency/caffeine-2.6.2.jar:/home/anatole/ycsb/infinispan/target/dependency/gson-2.8.2.jar:/home/anatole/ycsb/infinispan/target/dependency/guava-18.0.jar:/home/anatole/ycsb/infinispan/target/dependency/infinispan-cachestore-jnvm-1.0-SNAPSHOT.jar:/home/anatole/ycsb/infinispan/target/dependency/infinispan-client-hotrod-9.4.17.Final.jar:/home/anatole/ycsb/infinispan/target/dependency/infinispan-commons-9.4.17.Final.jar:/home/anatole/ycsb/infinispan/target/dependency/infinispan-core-9.4.17.Final.jar:/home/anatole/ycsb/infinispan/target/dependency/javax.persistence-api-2.2.jar:/home/anatole/ycsb/infinispan/target/dependency/jboss-logging-3.3.2.Final.jar:/home/anatole/ycsb/infinispan/target/dependency/jboss-marshalling-osgi-2.0.6.Final.jar:/home/anatole/ycsb/infinispan/target/dependency/jboss-transaction-api_1.2_spec-1.1.1.Final.jar:/home/anatole/ycsb/infinispan/target/dependency/jgroups-4.0.20.Final.jar:/home/anatole/ycsb/infinispan/target/dependency/jnvm-1.0-SNAPSHOT.jar:/home/anatole/ycsb/infinispan/target/dependency/metainf-services-1.7.jar:/home/anatole/ycsb/infinispan/target/dependency/netty-buffer-4.1.42.Final.jar:/home/anatole/ycsb/infinispan/target/dependency/netty-codec-4.1.42.Final.jar:/home/anatole/ycsb/infinispan/target/dependency/netty-common-4.1.42.Final.jar:/home/anatole/ycsb/infinispan/target/dependency/netty-handler-4.1.42.Final.jar:/home/anatole/ycsb/infinispan/target/dependency/netty-resolver-4.1.42.Final.jar:/home/anatole/ycsb/infinispan/target/dependency/netty-transport-4.1.42.Final.jar:/home/anatole/ycsb/infinispan/target/dependency/netty-transport-native-epoll-4.1.42.Final-linux-x86_64.jar:/home/anatole/ycsb/infinispan/target/dependency/netty-transport-native-unix-common-4.1.42.Final.jar:/home/anatole/ycsb/infinispan/target/dependency/reactive-streams-1.0.2.jar:/home/anatole/ycsb/infinispan/target/dependency/rxjava-2.2.4.jar:/home/anatole/ycsb/infinispan/target/dependency/unsafe-helper-1.0.jar site.ycsb.Client -load -db site.ycsb.db.InfinispanClient -P ../workloads/workloadf -threads 10 -p dataintegrity=true -p offheap=false -p recordcount=10000000 -p operationcount=100000000 -p fieldcount=10 -p requestdistribution=zipfian -p measurementtype=hdrhistogram -p hdrhistogram.output.path=./out/exp00.heapsize.ref/log/infinispan.load.workloadf.true.10000000.1000000.10.zipfian.10.hdr.log
[OVERALL], RunTime(ms), 131929
[OVERALL], Throughput(ops/sec), 75798.34608008854
[TOTAL_GCS_G1_Young_Generation], Count, 75
[TOTAL_GC_TIME_G1_Young_Generation], Time(ms), 10643
[TOTAL_GC_TIME_%_G1_Young_Generation], Time(%), 8.067217973303823
[TOTAL_GCS_G1_Old_Generation], Count, 0
[TOTAL_GC_TIME_G1_Old_Generation], Time(ms), 0
[TOTAL_GC_TIME_%_G1_Old_Generation], Time(%), 0.0
[TOTAL_GCs], Count, 75
[TOTAL_GC_TIME], Time(ms), 10643
[TOTAL_GC_TIME_%], Time(%), 8.067217973303823
[INIT], Operations, 10
[INIT], AverageLatency(ns), 1.610612736E9
[INIT], MinLatency(ns), 1073741824
[INIT], MaxLatency(ns), 2147483647
[INIT], 95thPercentileLatency(ns), 2147483647
[INIT], 99thPercentileLatency(ns), 2147483647
[CLEANUP], Operations, 10
[CLEANUP], AverageLatency(ns), 3.4628173824E9
[CLEANUP], MinLatency(ns), 536870912
[CLEANUP], MaxLatency(ns), 8589934591
[CLEANUP], 95thPercentileLatency(ns), 8589934591
[CLEANUP], 99thPercentileLatency(ns), 8589934591
[INSERT], Operations, 10000000
[INSERT], AverageLatency(ns), 120068.898816
[INSERT], MinLatency(ns), 16384
[INSERT], MaxLatency(ns), 2147483647
[INSERT], 95thPercentileLatency(ns), 131071
[INSERT], 99thPercentileLatency(ns), 262143
[INSERT], Return=OK, 10000000
