/home/anatole/jdk8u/build/linux-x86_64-normal-server-release/jdk/bin/java -Xmx20g -XX:+UseG1GC -classpath /home/anatole/ycsb/conf:/home/anatole/ycsb/core/target/core-0.18.0-SNAPSHOT.jar:/home/anatole/ycsb/core/target/dependency/HdrHistogram-2.1.4.jar:/home/anatole/ycsb/core/target/dependency/guava-18.0.jar:/home/anatole/ycsb/core/target/dependency/htrace-core4-4.1.0-incubating.jar:/home/anatole/ycsb/core/target/dependency/jackson-core-asl-1.9.4.jar:/home/anatole/ycsb/core/target/dependency/jackson-mapper-asl-1.9.4.jar:/home/anatole/ycsb/core/target/dependency/javax.persistence-api-2.2.jar:/home/anatole/ycsb/core/target/dependency/jnvm-1.0-SNAPSHOT.jar:/home/anatole/ycsb/core/target/dependency/pcj-1.0.jar:/home/anatole/ycsb/core/target/dependency/unsafe-helper-1.0.jar:/home/anatole/ycsb/infinispan/src/main/conf:/home/anatole/ycsb/infinispan/target/infinispan-binding-0.18.0-SNAPSHOT.jar:/home/anatole/ycsb/infinispan/target/dependency/caffeine-2.6.2.jar:/home/anatole/ycsb/infinispan/target/dependency/gson-2.8.2.jar:/home/anatole/ycsb/infinispan/target/dependency/guava-18.0.jar:/home/anatole/ycsb/infinispan/target/dependency/infinispan-cachestore-jnvm-1.0-SNAPSHOT.jar:/home/anatole/ycsb/infinispan/target/dependency/infinispan-cachestore-pcj-1.0-SNAPSHOT.jar:/home/anatole/ycsb/infinispan/target/dependency/infinispan-client-hotrod-9.4.17.Final.jar:/home/anatole/ycsb/infinispan/target/dependency/infinispan-commons-9.4.17.Final.jar:/home/anatole/ycsb/infinispan/target/dependency/infinispan-core-9.4.17.Final.jar:/home/anatole/ycsb/infinispan/target/dependency/infinispan-embedded-9.0.1.Final.jar:/home/anatole/ycsb/infinispan/target/dependency/javax.persistence-api-2.2.jar:/home/anatole/ycsb/infinispan/target/dependency/jboss-logging-3.3.2.Final.jar:/home/anatole/ycsb/infinispan/target/dependency/jboss-marshalling-osgi-2.0.6.Final.jar:/home/anatole/ycsb/infinispan/target/dependency/jboss-transaction-api_1.1_spec-1.0.1.Final.jar:/home/anatole/ycsb/infinispan/target/dependency/jboss-transaction-api_1.2_spec-1.1.1.Final.jar:/home/anatole/ycsb/infinispan/target/dependency/jgroups-4.0.20.Final.jar:/home/anatole/ycsb/infinispan/target/dependency/jnvm-1.0-SNAPSHOT.jar:/home/anatole/ycsb/infinispan/target/dependency/metainf-services-1.7.jar:/home/anatole/ycsb/infinispan/target/dependency/netty-buffer-4.1.42.Final.jar:/home/anatole/ycsb/infinispan/target/dependency/netty-codec-4.1.42.Final.jar:/home/anatole/ycsb/infinispan/target/dependency/netty-common-4.1.42.Final.jar:/home/anatole/ycsb/infinispan/target/dependency/netty-handler-4.1.42.Final.jar:/home/anatole/ycsb/infinispan/target/dependency/netty-resolver-4.1.42.Final.jar:/home/anatole/ycsb/infinispan/target/dependency/netty-transport-4.1.42.Final.jar:/home/anatole/ycsb/infinispan/target/dependency/netty-transport-native-epoll-4.1.42.Final-linux-x86_64.jar:/home/anatole/ycsb/infinispan/target/dependency/netty-transport-native-unix-common-4.1.42.Final.jar:/home/anatole/ycsb/infinispan/target/dependency/pcj-1.0.jar:/home/anatole/ycsb/infinispan/target/dependency/reactive-streams-1.0.2.jar:/home/anatole/ycsb/infinispan/target/dependency/rxjava-2.2.4.jar:/home/anatole/ycsb/infinispan/target/dependency/unsafe-helper-1.0.jar site.ycsb.Client -t -db site.ycsb.db.InfinispanClient -P ../workloads/workloada -threads 1 -p dataintegrity=true -p offheap=false -p recordcount=3000 -p operationcount=3000 -p fieldcount=10000 -p requestdistribution=zipfian -p measurementtype=hdrhistogram -p hdrhistogram.output.path=./out/exp6.fieldcount.ref/log/infinispan.run.workloada.true.3000.300.10000.zipfian.1.hdr.log
[OVERALL], RunTime(ms), 152254
[OVERALL], Throughput(ops/sec), 19.703915824871597
[TOTAL_GCS_G1_Young_Generation], Count, 223
[TOTAL_GC_TIME_G1_Young_Generation], Time(ms), 7157
[TOTAL_GC_TIME_%_G1_Young_Generation], Time(%), 4.700697518620201
[TOTAL_GCS_G1_Old_Generation], Count, 0
[TOTAL_GC_TIME_G1_Old_Generation], Time(ms), 0
[TOTAL_GC_TIME_%_G1_Old_Generation], Time(%), 0.0
[TOTAL_GCs], Count, 223
[TOTAL_GC_TIME], Time(ms), 7157
[TOTAL_GC_TIME_%], Time(%), 4.700697518620201
[READ], Operations, 1482
[READ], AverageLatency(ns), 2.2280535041160595E7
[READ], MinLatency(ns), 3137
[READ], MaxLatency(ns), 139317247
[READ], 95thPercentileLatency(ns), 32455807
[READ], 99thPercentileLatency(ns), 66514687
[READ], Return=OK, 1482
[INIT], Operations, 1
[INIT], AverageLatency(ns), 1.0245668864E10
[INIT], MinLatency(ns), 10245636096
[INIT], MaxLatency(ns), 10245701631
[INIT], 95thPercentileLatency(ns), 10245701631
[INIT], 99thPercentileLatency(ns), 10245701631
[CLEANUP], Operations, 1
[CLEANUP], AverageLatency(ns), 7253648.0
[CLEANUP], MinLatency(ns), 7253632
[CLEANUP], MaxLatency(ns), 7253663
[CLEANUP], 95thPercentileLatency(ns), 7253663
[CLEANUP], 99thPercentileLatency(ns), 7253663
[UPDATE], Operations, 1518
[UPDATE], AverageLatency(ns), 7.136432510144928E7
[UPDATE], MinLatency(ns), 41105408
[UPDATE], MaxLatency(ns), 239547391
[UPDATE], 95thPercentileLatency(ns), 104297983
[UPDATE], 99thPercentileLatency(ns), 139321343
[UPDATE], Return=OK, 1518
[TRANSACTION], Operations, 1
[TRANSACTION], AverageLatency(ns), 1.4195359744E11
[TRANSACTION], MinLatency(ns), 141953073152
[TRANSACTION], MaxLatency(ns), 141954121727
[TRANSACTION], 95thPercentileLatency(ns), 141954121727
[TRANSACTION], 99thPercentileLatency(ns), 141954121727
