/home/anatole/jdk8u/build/linux-x86_64-normal-server-release/jdk/bin/java -Xmx20g -XX:+UseG1GC -classpath /home/anatole/ycsb/conf:/home/anatole/ycsb/core/target/core-0.18.0-SNAPSHOT.jar:/home/anatole/ycsb/core/target/dependency/HdrHistogram-2.1.4.jar:/home/anatole/ycsb/core/target/dependency/guava-18.0.jar:/home/anatole/ycsb/core/target/dependency/htrace-core4-4.1.0-incubating.jar:/home/anatole/ycsb/core/target/dependency/jackson-core-asl-1.9.4.jar:/home/anatole/ycsb/core/target/dependency/jackson-mapper-asl-1.9.4.jar:/home/anatole/ycsb/core/target/dependency/javax.persistence-api-2.2.jar:/home/anatole/ycsb/core/target/dependency/jnvm-1.0-SNAPSHOT.jar:/home/anatole/ycsb/core/target/dependency/pcj-1.0.jar:/home/anatole/ycsb/core/target/dependency/unsafe-helper-1.0.jar:/home/anatole/ycsb/infinispan/src/main/conf:/home/anatole/ycsb/infinispan/target/infinispan-binding-0.18.0-SNAPSHOT.jar:/home/anatole/ycsb/infinispan/target/dependency/caffeine-2.6.2.jar:/home/anatole/ycsb/infinispan/target/dependency/gson-2.8.2.jar:/home/anatole/ycsb/infinispan/target/dependency/guava-18.0.jar:/home/anatole/ycsb/infinispan/target/dependency/infinispan-cachestore-jnvm-1.0-SNAPSHOT.jar:/home/anatole/ycsb/infinispan/target/dependency/infinispan-cachestore-pcj-1.0-SNAPSHOT.jar:/home/anatole/ycsb/infinispan/target/dependency/infinispan-client-hotrod-9.4.17.Final.jar:/home/anatole/ycsb/infinispan/target/dependency/infinispan-commons-9.4.17.Final.jar:/home/anatole/ycsb/infinispan/target/dependency/infinispan-core-9.4.17.Final.jar:/home/anatole/ycsb/infinispan/target/dependency/infinispan-embedded-9.0.1.Final.jar:/home/anatole/ycsb/infinispan/target/dependency/javax.persistence-api-2.2.jar:/home/anatole/ycsb/infinispan/target/dependency/jboss-logging-3.3.2.Final.jar:/home/anatole/ycsb/infinispan/target/dependency/jboss-marshalling-osgi-2.0.6.Final.jar:/home/anatole/ycsb/infinispan/target/dependency/jboss-transaction-api_1.1_spec-1.0.1.Final.jar:/home/anatole/ycsb/infinispan/target/dependency/jboss-transaction-api_1.2_spec-1.1.1.Final.jar:/home/anatole/ycsb/infinispan/target/dependency/jgroups-4.0.20.Final.jar:/home/anatole/ycsb/infinispan/target/dependency/jnvm-1.0-SNAPSHOT.jar:/home/anatole/ycsb/infinispan/target/dependency/metainf-services-1.7.jar:/home/anatole/ycsb/infinispan/target/dependency/netty-buffer-4.1.42.Final.jar:/home/anatole/ycsb/infinispan/target/dependency/netty-codec-4.1.42.Final.jar:/home/anatole/ycsb/infinispan/target/dependency/netty-common-4.1.42.Final.jar:/home/anatole/ycsb/infinispan/target/dependency/netty-handler-4.1.42.Final.jar:/home/anatole/ycsb/infinispan/target/dependency/netty-resolver-4.1.42.Final.jar:/home/anatole/ycsb/infinispan/target/dependency/netty-transport-4.1.42.Final.jar:/home/anatole/ycsb/infinispan/target/dependency/netty-transport-native-epoll-4.1.42.Final-linux-x86_64.jar:/home/anatole/ycsb/infinispan/target/dependency/netty-transport-native-unix-common-4.1.42.Final.jar:/home/anatole/ycsb/infinispan/target/dependency/pcj-1.0.jar:/home/anatole/ycsb/infinispan/target/dependency/reactive-streams-1.0.2.jar:/home/anatole/ycsb/infinispan/target/dependency/rxjava-2.2.4.jar:/home/anatole/ycsb/infinispan/target/dependency/unsafe-helper-1.0.jar site.ycsb.Client -load -db site.ycsb.db.InfinispanClient -P ../workloads/workloada -threads 1 -p dataintegrity=true -p offheap=false -p recordcount=3000000 -p operationcount=3000000 -p fieldcount=10 -p requestdistribution=zipfian -p measurementtype=hdrhistogram -p hdrhistogram.output.path=./out/exp6.fieldcount.ref/log/infinispan.load.workloada.true.3000000.300000.10.zipfian.1.hdr.log
[OVERALL], RunTime(ms), 215118
[OVERALL], Throughput(ops/sec), 13945.834379270911
[TOTAL_GCS_G1_Young_Generation], Count, 599
[TOTAL_GC_TIME_G1_Young_Generation], Time(ms), 8458
[TOTAL_GC_TIME_%_G1_Young_Generation], Time(%), 3.9317955726624456
[TOTAL_GCS_G1_Old_Generation], Count, 0
[TOTAL_GC_TIME_G1_Old_Generation], Time(ms), 0
[TOTAL_GC_TIME_%_G1_Old_Generation], Time(%), 0.0
[TOTAL_GCs], Count, 599
[TOTAL_GC_TIME], Time(ms), 8458
[TOTAL_GC_TIME_%], Time(%), 3.9317955726624456
[INIT], Operations, 1
[INIT], AverageLatency(ns), 6.98136576E8
[INIT], MinLatency(ns), 698134528
[INIT], MaxLatency(ns), 698138623
[INIT], 95thPercentileLatency(ns), 698138623
[INIT], 99thPercentileLatency(ns), 698138623
[LOAD], Operations, 1
[LOAD], AverageLatency(ns), 2.14243475456E11
[LOAD], MinLatency(ns), 214242951168
[LOAD], MaxLatency(ns), 214243999743
[LOAD], 95thPercentileLatency(ns), 214243999743
[LOAD], 99thPercentileLatency(ns), 214243999743
[CLEANUP], Operations, 1
[CLEANUP], AverageLatency(ns), 1.22496768E8
[CLEANUP], MinLatency(ns), 122496512
[CLEANUP], MaxLatency(ns), 122497023
[CLEANUP], 95thPercentileLatency(ns), 122497023
[CLEANUP], 99thPercentileLatency(ns), 122497023
[INSERT], Operations, 3000000
[INSERT], AverageLatency(ns), 61348.704021
[INSERT], MinLatency(ns), 44803
[INSERT], MaxLatency(ns), 173968383
[INSERT], 95thPercentileLatency(ns), 69583
[INSERT], 99thPercentileLatency(ns), 85961
[INSERT], Return=OK, 3000000
