/home/anatole/jdk8u/build/linux-x86_64-normal-server-release/jdk/bin/java -Xmx20g -XX:+UseG1GC -classpath /home/anatole/ycsb/conf:/home/anatole/ycsb/core/target/core-0.18.0-SNAPSHOT.jar:/home/anatole/ycsb/core/target/dependency/HdrHistogram-2.1.4.jar:/home/anatole/ycsb/core/target/dependency/guava-18.0.jar:/home/anatole/ycsb/core/target/dependency/htrace-core4-4.1.0-incubating.jar:/home/anatole/ycsb/core/target/dependency/jackson-core-asl-1.9.4.jar:/home/anatole/ycsb/core/target/dependency/jackson-mapper-asl-1.9.4.jar:/home/anatole/ycsb/core/target/dependency/javax.persistence-api-2.2.jar:/home/anatole/ycsb/core/target/dependency/jnvm-1.0-SNAPSHOT.jar:/home/anatole/ycsb/core/target/dependency/pcj-1.0.jar:/home/anatole/ycsb/core/target/dependency/unsafe-helper-1.0.jar:/home/anatole/ycsb/infinispan/src/main/conf:/home/anatole/ycsb/infinispan/target/infinispan-binding-0.18.0-SNAPSHOT.jar:/home/anatole/ycsb/infinispan/target/dependency/caffeine-2.6.2.jar:/home/anatole/ycsb/infinispan/target/dependency/gson-2.8.2.jar:/home/anatole/ycsb/infinispan/target/dependency/guava-18.0.jar:/home/anatole/ycsb/infinispan/target/dependency/infinispan-cachestore-jnvm-1.0-SNAPSHOT.jar:/home/anatole/ycsb/infinispan/target/dependency/infinispan-cachestore-pcj-1.0-SNAPSHOT.jar:/home/anatole/ycsb/infinispan/target/dependency/infinispan-client-hotrod-9.4.17.Final.jar:/home/anatole/ycsb/infinispan/target/dependency/infinispan-commons-9.4.17.Final.jar:/home/anatole/ycsb/infinispan/target/dependency/infinispan-core-9.4.17.Final.jar:/home/anatole/ycsb/infinispan/target/dependency/infinispan-embedded-9.0.1.Final.jar:/home/anatole/ycsb/infinispan/target/dependency/javax.persistence-api-2.2.jar:/home/anatole/ycsb/infinispan/target/dependency/jboss-logging-3.3.2.Final.jar:/home/anatole/ycsb/infinispan/target/dependency/jboss-marshalling-osgi-2.0.6.Final.jar:/home/anatole/ycsb/infinispan/target/dependency/jboss-transaction-api_1.1_spec-1.0.1.Final.jar:/home/anatole/ycsb/infinispan/target/dependency/jboss-transaction-api_1.2_spec-1.1.1.Final.jar:/home/anatole/ycsb/infinispan/target/dependency/jgroups-4.0.20.Final.jar:/home/anatole/ycsb/infinispan/target/dependency/jnvm-1.0-SNAPSHOT.jar:/home/anatole/ycsb/infinispan/target/dependency/metainf-services-1.7.jar:/home/anatole/ycsb/infinispan/target/dependency/netty-buffer-4.1.42.Final.jar:/home/anatole/ycsb/infinispan/target/dependency/netty-codec-4.1.42.Final.jar:/home/anatole/ycsb/infinispan/target/dependency/netty-common-4.1.42.Final.jar:/home/anatole/ycsb/infinispan/target/dependency/netty-handler-4.1.42.Final.jar:/home/anatole/ycsb/infinispan/target/dependency/netty-resolver-4.1.42.Final.jar:/home/anatole/ycsb/infinispan/target/dependency/netty-transport-4.1.42.Final.jar:/home/anatole/ycsb/infinispan/target/dependency/netty-transport-native-epoll-4.1.42.Final-linux-x86_64.jar:/home/anatole/ycsb/infinispan/target/dependency/netty-transport-native-unix-common-4.1.42.Final.jar:/home/anatole/ycsb/infinispan/target/dependency/pcj-1.0.jar:/home/anatole/ycsb/infinispan/target/dependency/reactive-streams-1.0.2.jar:/home/anatole/ycsb/infinispan/target/dependency/rxjava-2.2.4.jar:/home/anatole/ycsb/infinispan/target/dependency/unsafe-helper-1.0.jar site.ycsb.Client -t -db site.ycsb.db.InfinispanJNVMClient -P ../workloads/workloada -threads 1 -p dataintegrity=true -p offheap=true -p recordcount=3000 -p operationcount=100000 -p fieldcount=10000 -p requestdistribution=zipfian -p measurementtype=hdrhistogram -p hdrhistogram.output.path=./out/exp6.fieldcount.ref/log/infinispan-jnvm.run.workloada.true.3000.1.10000.zipfian.1.hdr.log
[OVERALL], RunTime(ms), 27884
[OVERALL], Throughput(ops/sec), 3586.2860421747237
[TOTAL_GCS_G1_Young_Generation], Count, 44
[TOTAL_GC_TIME_G1_Young_Generation], Time(ms), 5339
[TOTAL_GC_TIME_%_G1_Young_Generation], Time(%), 19.14718117917085
[TOTAL_GCS_G1_Old_Generation], Count, 0
[TOTAL_GC_TIME_G1_Old_Generation], Time(ms), 0
[TOTAL_GC_TIME_%_G1_Old_Generation], Time(%), 0.0
[TOTAL_GCs], Count, 44
[TOTAL_GC_TIME], Time(ms), 5339
[TOTAL_GC_TIME_%], Time(%), 19.14718117917085
[READ], Operations, 49917
[READ], AverageLatency(ns), 7026.692729931687
[READ], MinLatency(ns), 1572
[READ], MaxLatency(ns), 112221183
[READ], 95thPercentileLatency(ns), 11112
[READ], 99thPercentileLatency(ns), 27205
[READ], Return=OK, 49917
[INIT], Operations, 1
[INIT], AverageLatency(ns), 1.5723102208E10
[INIT], MinLatency(ns), 15723069440
[INIT], MaxLatency(ns), 15723134975
[INIT], 95thPercentileLatency(ns), 15723134975
[INIT], 99thPercentileLatency(ns), 15723134975
[CLEANUP], Operations, 1
[CLEANUP], AverageLatency(ns), 1.108688E7
[CLEANUP], MinLatency(ns), 11086848
[CLEANUP], MaxLatency(ns), 11086911
[CLEANUP], 95thPercentileLatency(ns), 11086911
[CLEANUP], 99thPercentileLatency(ns), 11086911
[UPDATE], Operations, 50083
[UPDATE], AverageLatency(ns), 4109.528163249007
[UPDATE], MinLatency(ns), 1672
[UPDATE], MaxLatency(ns), 3241967
[UPDATE], 95thPercentileLatency(ns), 7994
[UPDATE], 99thPercentileLatency(ns), 21039
[UPDATE], Return=OK, 50083
[TRANSACTION], Operations, 1
[TRANSACTION], AverageLatency(ns), 1.210007552E10
[TRANSACTION], MinLatency(ns), 12100042752
[TRANSACTION], MaxLatency(ns), 12100108287
[TRANSACTION], 95thPercentileLatency(ns), 12100108287
[TRANSACTION], 99thPercentileLatency(ns), 12100108287
