/home/anatole/jdk8u/build/linux-x86_64-normal-server-release/jdk/bin/java -Xmx20g -XX:+UseG1GC -classpath /home/anatole/ycsb/conf:/home/anatole/ycsb/core/target/core-0.18.0-SNAPSHOT.jar:/home/anatole/ycsb/core/target/dependency/HdrHistogram-2.1.4.jar:/home/anatole/ycsb/core/target/dependency/guava-18.0.jar:/home/anatole/ycsb/core/target/dependency/htrace-core4-4.1.0-incubating.jar:/home/anatole/ycsb/core/target/dependency/jackson-core-asl-1.9.4.jar:/home/anatole/ycsb/core/target/dependency/jackson-mapper-asl-1.9.4.jar:/home/anatole/ycsb/core/target/dependency/javax.persistence-api-2.2.jar:/home/anatole/ycsb/core/target/dependency/jnvm-1.0-SNAPSHOT.jar:/home/anatole/ycsb/core/target/dependency/pcj-1.0.jar:/home/anatole/ycsb/core/target/dependency/unsafe-helper-1.0.jar:/home/anatole/ycsb/infinispan/src/main/conf:/home/anatole/ycsb/infinispan/target/infinispan-binding-0.18.0-SNAPSHOT.jar:/home/anatole/ycsb/infinispan/target/dependency/caffeine-2.6.2.jar:/home/anatole/ycsb/infinispan/target/dependency/gson-2.8.2.jar:/home/anatole/ycsb/infinispan/target/dependency/guava-18.0.jar:/home/anatole/ycsb/infinispan/target/dependency/infinispan-cachestore-jnvm-1.0-SNAPSHOT.jar:/home/anatole/ycsb/infinispan/target/dependency/infinispan-cachestore-pcj-1.0-SNAPSHOT.jar:/home/anatole/ycsb/infinispan/target/dependency/infinispan-client-hotrod-9.4.17.Final.jar:/home/anatole/ycsb/infinispan/target/dependency/infinispan-commons-9.4.17.Final.jar:/home/anatole/ycsb/infinispan/target/dependency/infinispan-core-9.4.17.Final.jar:/home/anatole/ycsb/infinispan/target/dependency/infinispan-embedded-9.0.1.Final.jar:/home/anatole/ycsb/infinispan/target/dependency/javax.persistence-api-2.2.jar:/home/anatole/ycsb/infinispan/target/dependency/jboss-logging-3.3.2.Final.jar:/home/anatole/ycsb/infinispan/target/dependency/jboss-marshalling-osgi-2.0.6.Final.jar:/home/anatole/ycsb/infinispan/target/dependency/jboss-transaction-api_1.1_spec-1.0.1.Final.jar:/home/anatole/ycsb/infinispan/target/dependency/jboss-transaction-api_1.2_spec-1.1.1.Final.jar:/home/anatole/ycsb/infinispan/target/dependency/jgroups-4.0.20.Final.jar:/home/anatole/ycsb/infinispan/target/dependency/jnvm-1.0-SNAPSHOT.jar:/home/anatole/ycsb/infinispan/target/dependency/metainf-services-1.7.jar:/home/anatole/ycsb/infinispan/target/dependency/netty-buffer-4.1.42.Final.jar:/home/anatole/ycsb/infinispan/target/dependency/netty-codec-4.1.42.Final.jar:/home/anatole/ycsb/infinispan/target/dependency/netty-common-4.1.42.Final.jar:/home/anatole/ycsb/infinispan/target/dependency/netty-handler-4.1.42.Final.jar:/home/anatole/ycsb/infinispan/target/dependency/netty-resolver-4.1.42.Final.jar:/home/anatole/ycsb/infinispan/target/dependency/netty-transport-4.1.42.Final.jar:/home/anatole/ycsb/infinispan/target/dependency/netty-transport-native-epoll-4.1.42.Final-linux-x86_64.jar:/home/anatole/ycsb/infinispan/target/dependency/netty-transport-native-unix-common-4.1.42.Final.jar:/home/anatole/ycsb/infinispan/target/dependency/pcj-1.0.jar:/home/anatole/ycsb/infinispan/target/dependency/reactive-streams-1.0.2.jar:/home/anatole/ycsb/infinispan/target/dependency/rxjava-2.2.4.jar:/home/anatole/ycsb/infinispan/target/dependency/unsafe-helper-1.0.jar site.ycsb.Client -t -db site.ycsb.db.InfinispanJNVMClient -P ../workloads/workloada -threads 1 -p dataintegrity=true -p offheap=true -p recordcount=30000 -p operationcount=100000 -p fieldlength=10000 -p requestdistribution=zipfian -p measurementtype=hdrhistogram -p hdrhistogram.output.path=./out/exp4.objsize.ref/log/infinispan-jnvm.run.workloada.true.30000.1.10000.zipfian.1.hdr.log
[OVERALL], RunTime(ms), 235395
[OVERALL], Throughput(ops/sec), 424.8178593428068
[TOTAL_GCS_G1_Young_Generation], Count, 53
[TOTAL_GC_TIME_G1_Young_Generation], Time(ms), 1362
[TOTAL_GC_TIME_%_G1_Young_Generation], Time(%), 0.5786019244249028
[TOTAL_GCS_G1_Old_Generation], Count, 0
[TOTAL_GC_TIME_G1_Old_Generation], Time(ms), 0
[TOTAL_GC_TIME_%_G1_Old_Generation], Time(%), 0.0
[TOTAL_GCs], Count, 53
[TOTAL_GC_TIME], Time(ms), 1362
[TOTAL_GC_TIME_%], Time(%), 0.5786019244249028
[READ], Operations, 49767
[READ], AverageLatency(ns), 2882.0716539072077
[READ], MinLatency(ns), 783
[READ], MaxLatency(ns), 21981823
[READ], 95thPercentileLatency(ns), 4628
[READ], 99thPercentileLatency(ns), 12337
[READ], Return=OK, 49767
[INIT], Operations, 1
[INIT], AverageLatency(ns), 2.247073792E9
[INIT], MinLatency(ns), 2247065600
[INIT], MaxLatency(ns), 2247081983
[INIT], 95thPercentileLatency(ns), 2247081983
[INIT], 99thPercentileLatency(ns), 2247081983
[CLEANUP], Operations, 1
[CLEANUP], AverageLatency(ns), 9789344.0
[CLEANUP], MinLatency(ns), 9789312
[CLEANUP], MaxLatency(ns), 9789375
[CLEANUP], 95thPercentileLatency(ns), 9789375
[CLEANUP], 99thPercentileLatency(ns), 9789375
[UPDATE], Operations, 50233
[UPDATE], AverageLatency(ns), 6409.091095494993
[UPDATE], MinLatency(ns), 2924
[UPDATE], MaxLatency(ns), 6718815
[UPDATE], 95thPercentileLatency(ns), 14898
[UPDATE], 99thPercentileLatency(ns), 25563
[UPDATE], Return=OK, 50233
[TRANSACTION], Operations, 1
[TRANSACTION], AverageLatency(ns), 2.33076948992E11
[TRANSACTION], MinLatency(ns), 233076424704
[TRANSACTION], MaxLatency(ns), 233077473279
[TRANSACTION], 95thPercentileLatency(ns), 233077473279
[TRANSACTION], 99thPercentileLatency(ns), 233077473279
