/home/anatole/jdk8u/build/linux-x86_64-normal-server-release/jdk/bin/java -Xmx20g -XX:+UseG1GC -classpath /home/anatole/ycsb/conf:/home/anatole/ycsb/core/target/core-0.18.0-SNAPSHOT.jar:/home/anatole/ycsb/core/target/dependency/HdrHistogram-2.1.4.jar:/home/anatole/ycsb/core/target/dependency/guava-18.0.jar:/home/anatole/ycsb/core/target/dependency/htrace-core4-4.1.0-incubating.jar:/home/anatole/ycsb/core/target/dependency/jackson-core-asl-1.9.4.jar:/home/anatole/ycsb/core/target/dependency/jackson-mapper-asl-1.9.4.jar:/home/anatole/ycsb/core/target/dependency/javax.persistence-api-2.2.jar:/home/anatole/ycsb/core/target/dependency/jnvm-1.0-SNAPSHOT.jar:/home/anatole/ycsb/core/target/dependency/pcj-1.0.jar:/home/anatole/ycsb/core/target/dependency/unsafe-helper-1.0.jar:/home/anatole/ycsb/infinispan/src/main/conf:/home/anatole/ycsb/infinispan/target/infinispan-binding-0.18.0-SNAPSHOT.jar:/home/anatole/ycsb/infinispan/target/dependency/caffeine-2.6.2.jar:/home/anatole/ycsb/infinispan/target/dependency/gson-2.8.2.jar:/home/anatole/ycsb/infinispan/target/dependency/guava-18.0.jar:/home/anatole/ycsb/infinispan/target/dependency/infinispan-cachestore-jnvm-1.0-SNAPSHOT.jar:/home/anatole/ycsb/infinispan/target/dependency/infinispan-cachestore-pcj-1.0-SNAPSHOT.jar:/home/anatole/ycsb/infinispan/target/dependency/infinispan-client-hotrod-9.4.17.Final.jar:/home/anatole/ycsb/infinispan/target/dependency/infinispan-commons-9.4.17.Final.jar:/home/anatole/ycsb/infinispan/target/dependency/infinispan-core-9.4.17.Final.jar:/home/anatole/ycsb/infinispan/target/dependency/infinispan-embedded-9.0.1.Final.jar:/home/anatole/ycsb/infinispan/target/dependency/javax.persistence-api-2.2.jar:/home/anatole/ycsb/infinispan/target/dependency/jboss-logging-3.3.2.Final.jar:/home/anatole/ycsb/infinispan/target/dependency/jboss-marshalling-osgi-2.0.6.Final.jar:/home/anatole/ycsb/infinispan/target/dependency/jboss-transaction-api_1.1_spec-1.0.1.Final.jar:/home/anatole/ycsb/infinispan/target/dependency/jboss-transaction-api_1.2_spec-1.1.1.Final.jar:/home/anatole/ycsb/infinispan/target/dependency/jgroups-4.0.20.Final.jar:/home/anatole/ycsb/infinispan/target/dependency/jnvm-1.0-SNAPSHOT.jar:/home/anatole/ycsb/infinispan/target/dependency/metainf-services-1.7.jar:/home/anatole/ycsb/infinispan/target/dependency/netty-buffer-4.1.42.Final.jar:/home/anatole/ycsb/infinispan/target/dependency/netty-codec-4.1.42.Final.jar:/home/anatole/ycsb/infinispan/target/dependency/netty-common-4.1.42.Final.jar:/home/anatole/ycsb/infinispan/target/dependency/netty-handler-4.1.42.Final.jar:/home/anatole/ycsb/infinispan/target/dependency/netty-resolver-4.1.42.Final.jar:/home/anatole/ycsb/infinispan/target/dependency/netty-transport-4.1.42.Final.jar:/home/anatole/ycsb/infinispan/target/dependency/netty-transport-native-epoll-4.1.42.Final-linux-x86_64.jar:/home/anatole/ycsb/infinispan/target/dependency/netty-transport-native-unix-common-4.1.42.Final.jar:/home/anatole/ycsb/infinispan/target/dependency/pcj-1.0.jar:/home/anatole/ycsb/infinispan/target/dependency/reactive-streams-1.0.2.jar:/home/anatole/ycsb/infinispan/target/dependency/rxjava-2.2.4.jar:/home/anatole/ycsb/infinispan/target/dependency/unsafe-helper-1.0.jar site.ycsb.Client -t -db site.ycsb.db.InfinispanClient -P ../workloads/workloada -threads 1 -p dataintegrity=true -p offheap=false -p recordcount=300000 -p operationcount=300000 -p fieldlength=1000 -p requestdistribution=zipfian -p measurementtype=hdrhistogram -p hdrhistogram.output.path=./out/exp4.objsize.ref/log/infinispan.run.workloada.true.300000.30000.1000.zipfian.1.hdr.log
[OVERALL], RunTime(ms), 36415
[OVERALL], Throughput(ops/sec), 8238.363311822051
[TOTAL_GCS_G1_Young_Generation], Count, 21
[TOTAL_GC_TIME_G1_Young_Generation], Time(ms), 1358
[TOTAL_GC_TIME_%_G1_Young_Generation], Time(%), 3.7292324591514485
[TOTAL_GCS_G1_Old_Generation], Count, 0
[TOTAL_GC_TIME_G1_Old_Generation], Time(ms), 0
[TOTAL_GC_TIME_%_G1_Old_Generation], Time(%), 0.0
[TOTAL_GCs], Count, 21
[TOTAL_GC_TIME], Time(ms), 1358
[TOTAL_GC_TIME_%], Time(%), 3.7292324591514485
[READ], Operations, 149789
[READ], AverageLatency(ns), 32984.6537395937
[READ], MinLatency(ns), 218
[READ], MaxLatency(ns), 69073407
[READ], 95thPercentileLatency(ns), 55902
[READ], 99thPercentileLatency(ns), 68270
[READ], Return=OK, 149789
[INIT], Operations, 1
[INIT], AverageLatency(ns), 4.372578304E9
[INIT], MinLatency(ns), 4372561920
[INIT], MaxLatency(ns), 4372594687
[INIT], 95thPercentileLatency(ns), 4372594687
[INIT], 99thPercentileLatency(ns), 4372594687
[CLEANUP], Operations, 1
[CLEANUP], AverageLatency(ns), 3.1107904E7
[CLEANUP], MinLatency(ns), 31107840
[CLEANUP], MaxLatency(ns), 31107967
[CLEANUP], 95thPercentileLatency(ns), 31107967
[CLEANUP], 99thPercentileLatency(ns), 31107967
[UPDATE], Operations, 150211
[UPDATE], AverageLatency(ns), 128487.33788470885
[UPDATE], MinLatency(ns), 81730
[UPDATE], MaxLatency(ns), 116423679
[UPDATE], 95thPercentileLatency(ns), 151207
[UPDATE], 99thPercentileLatency(ns), 301879
[UPDATE], Return=OK, 150211
[TRANSACTION], Operations, 1
[TRANSACTION], AverageLatency(ns), 3.1951486976E10
[TRANSACTION], MinLatency(ns), 31951421440
[TRANSACTION], MaxLatency(ns), 31951552511
[TRANSACTION], 95thPercentileLatency(ns), 31951552511
[TRANSACTION], 99thPercentileLatency(ns), 31951552511
