/home/anatole/jdk8u/build/linux-x86_64-normal-server-release/jdk/bin/java -Xmx20g -XX:+UseG1GC -classpath /home/anatole/ycsb/conf:/home/anatole/ycsb/core/target/core-0.18.0-SNAPSHOT.jar:/home/anatole/ycsb/core/target/dependency/HdrHistogram-2.1.4.jar:/home/anatole/ycsb/core/target/dependency/guava-18.0.jar:/home/anatole/ycsb/core/target/dependency/htrace-core4-4.1.0-incubating.jar:/home/anatole/ycsb/core/target/dependency/jackson-core-asl-1.9.4.jar:/home/anatole/ycsb/core/target/dependency/jackson-mapper-asl-1.9.4.jar:/home/anatole/ycsb/core/target/dependency/javax.persistence-api-2.2.jar:/home/anatole/ycsb/core/target/dependency/jnvm-1.0-SNAPSHOT.jar:/home/anatole/ycsb/core/target/dependency/pcj-1.0.jar:/home/anatole/ycsb/core/target/dependency/unsafe-helper-1.0.jar:/home/anatole/ycsb/infinispan/src/main/conf:/home/anatole/ycsb/infinispan/target/infinispan-binding-0.18.0-SNAPSHOT.jar:/home/anatole/ycsb/infinispan/target/dependency/caffeine-2.6.2.jar:/home/anatole/ycsb/infinispan/target/dependency/gson-2.8.2.jar:/home/anatole/ycsb/infinispan/target/dependency/guava-18.0.jar:/home/anatole/ycsb/infinispan/target/dependency/infinispan-cachestore-jnvm-1.0-SNAPSHOT.jar:/home/anatole/ycsb/infinispan/target/dependency/infinispan-cachestore-pcj-1.0-SNAPSHOT.jar:/home/anatole/ycsb/infinispan/target/dependency/infinispan-client-hotrod-9.4.17.Final.jar:/home/anatole/ycsb/infinispan/target/dependency/infinispan-commons-9.4.17.Final.jar:/home/anatole/ycsb/infinispan/target/dependency/infinispan-core-9.4.17.Final.jar:/home/anatole/ycsb/infinispan/target/dependency/infinispan-embedded-9.0.1.Final.jar:/home/anatole/ycsb/infinispan/target/dependency/javax.persistence-api-2.2.jar:/home/anatole/ycsb/infinispan/target/dependency/jboss-logging-3.3.2.Final.jar:/home/anatole/ycsb/infinispan/target/dependency/jboss-marshalling-osgi-2.0.6.Final.jar:/home/anatole/ycsb/infinispan/target/dependency/jboss-transaction-api_1.1_spec-1.0.1.Final.jar:/home/anatole/ycsb/infinispan/target/dependency/jboss-transaction-api_1.2_spec-1.1.1.Final.jar:/home/anatole/ycsb/infinispan/target/dependency/jgroups-4.0.20.Final.jar:/home/anatole/ycsb/infinispan/target/dependency/jnvm-1.0-SNAPSHOT.jar:/home/anatole/ycsb/infinispan/target/dependency/metainf-services-1.7.jar:/home/anatole/ycsb/infinispan/target/dependency/netty-buffer-4.1.42.Final.jar:/home/anatole/ycsb/infinispan/target/dependency/netty-codec-4.1.42.Final.jar:/home/anatole/ycsb/infinispan/target/dependency/netty-common-4.1.42.Final.jar:/home/anatole/ycsb/infinispan/target/dependency/netty-handler-4.1.42.Final.jar:/home/anatole/ycsb/infinispan/target/dependency/netty-resolver-4.1.42.Final.jar:/home/anatole/ycsb/infinispan/target/dependency/netty-transport-4.1.42.Final.jar:/home/anatole/ycsb/infinispan/target/dependency/netty-transport-native-epoll-4.1.42.Final-linux-x86_64.jar:/home/anatole/ycsb/infinispan/target/dependency/netty-transport-native-unix-common-4.1.42.Final.jar:/home/anatole/ycsb/infinispan/target/dependency/pcj-1.0.jar:/home/anatole/ycsb/infinispan/target/dependency/reactive-streams-1.0.2.jar:/home/anatole/ycsb/infinispan/target/dependency/rxjava-2.2.4.jar:/home/anatole/ycsb/infinispan/target/dependency/unsafe-helper-1.0.jar site.ycsb.Client -t -db site.ycsb.db.InfinispanJNVMClient -P ../workloads/workloada -threads 1 -p dataintegrity=true -p offheap=true -p recordcount=3000 -p operationcount=100000 -p fieldlength=100000 -p requestdistribution=zipfian -p measurementtype=hdrhistogram -p hdrhistogram.output.path=./out/exp4.objsize.ref/log/infinispan-jnvm.run.workloada.true.3000.1.100000.zipfian.1.hdr.log
[OVERALL], RunTime(ms), 23739408
[OVERALL], Throughput(ops/sec), 4.212404959719299
[TOTAL_GCS_G1_Young_Generation], Count, 39155
[TOTAL_GC_TIME_G1_Young_Generation], Time(ms), 206862
[TOTAL_GC_TIME_%_G1_Young_Generation], Time(%), 0.8713865147774535
[TOTAL_GCS_G1_Old_Generation], Count, 0
[TOTAL_GC_TIME_G1_Old_Generation], Time(ms), 0
[TOTAL_GC_TIME_%_G1_Old_Generation], Time(%), 0.0
[TOTAL_GCs], Count, 39155
[TOTAL_GC_TIME], Time(ms), 206862
[TOTAL_GC_TIME_%], Time(%), 0.8713865147774535
[READ], Operations, 50034
[READ], AverageLatency(ns), 3997.4467162329615
[READ], MinLatency(ns), 373
[READ], MaxLatency(ns), 3137983
[READ], 95thPercentileLatency(ns), 7021
[READ], 99thPercentileLatency(ns), 38252
[READ], Return=OK, 50034
[INIT], Operations, 1
[INIT], AverageLatency(ns), 2.145366016E9
[INIT], MinLatency(ns), 2145361920
[INIT], MaxLatency(ns), 2145370111
[INIT], 95thPercentileLatency(ns), 2145370111
[INIT], 99thPercentileLatency(ns), 2145370111
[CLEANUP], Operations, 1
[CLEANUP], AverageLatency(ns), 2.365728E7
[CLEANUP], MinLatency(ns), 23657216
[CLEANUP], MaxLatency(ns), 23657343
[CLEANUP], 95thPercentileLatency(ns), 23657343
[CLEANUP], 99thPercentileLatency(ns), 23657343
[UPDATE], Operations, 49966
[UPDATE], AverageLatency(ns), 14644.968838810391
[UPDATE], MinLatency(ns), 6763
[UPDATE], MaxLatency(ns), 7130911
[UPDATE], 95thPercentileLatency(ns), 34467
[UPDATE], 99thPercentileLatency(ns), 66266
[UPDATE], Return=OK, 49966
[TRANSACTION], Operations, 1
[TRANSACTION], AverageLatency(ns), 2.3737143394304E13
[TRANSACTION], MinLatency(ns), 23737076285440
[TRANSACTION], MaxLatency(ns), 23737210503167
[TRANSACTION], 95thPercentileLatency(ns), 23737210503167
[TRANSACTION], 99thPercentileLatency(ns), 23737210503167
