/home/anatole/jdk8u/build/linux-x86_64-normal-server-release/jdk/bin/java -Xmx20g -XX:+UseG1GC -classpath /home/anatole/ycsb/conf:/home/anatole/ycsb/core/target/core-0.18.0-SNAPSHOT.jar:/home/anatole/ycsb/core/target/dependency/HdrHistogram-2.1.4.jar:/home/anatole/ycsb/core/target/dependency/guava-18.0.jar:/home/anatole/ycsb/core/target/dependency/htrace-core4-4.1.0-incubating.jar:/home/anatole/ycsb/core/target/dependency/jackson-core-asl-1.9.4.jar:/home/anatole/ycsb/core/target/dependency/jackson-mapper-asl-1.9.4.jar:/home/anatole/ycsb/core/target/dependency/javax.persistence-api-2.2.jar:/home/anatole/ycsb/core/target/dependency/jnvm-1.0-SNAPSHOT.jar:/home/anatole/ycsb/core/target/dependency/pcj-1.0.jar:/home/anatole/ycsb/core/target/dependency/unsafe-helper-1.0.jar:/home/anatole/ycsb/infinispan/src/main/conf:/home/anatole/ycsb/infinispan/target/infinispan-binding-0.18.0-SNAPSHOT.jar:/home/anatole/ycsb/infinispan/target/dependency/caffeine-2.6.2.jar:/home/anatole/ycsb/infinispan/target/dependency/gson-2.8.2.jar:/home/anatole/ycsb/infinispan/target/dependency/guava-18.0.jar:/home/anatole/ycsb/infinispan/target/dependency/infinispan-cachestore-jnvm-1.0-SNAPSHOT.jar:/home/anatole/ycsb/infinispan/target/dependency/infinispan-cachestore-pcj-1.0-SNAPSHOT.jar:/home/anatole/ycsb/infinispan/target/dependency/infinispan-client-hotrod-9.4.17.Final.jar:/home/anatole/ycsb/infinispan/target/dependency/infinispan-commons-9.4.17.Final.jar:/home/anatole/ycsb/infinispan/target/dependency/infinispan-core-9.4.17.Final.jar:/home/anatole/ycsb/infinispan/target/dependency/infinispan-embedded-9.0.1.Final.jar:/home/anatole/ycsb/infinispan/target/dependency/javax.persistence-api-2.2.jar:/home/anatole/ycsb/infinispan/target/dependency/jboss-logging-3.3.2.Final.jar:/home/anatole/ycsb/infinispan/target/dependency/jboss-marshalling-osgi-2.0.6.Final.jar:/home/anatole/ycsb/infinispan/target/dependency/jboss-transaction-api_1.1_spec-1.0.1.Final.jar:/home/anatole/ycsb/infinispan/target/dependency/jboss-transaction-api_1.2_spec-1.1.1.Final.jar:/home/anatole/ycsb/infinispan/target/dependency/jgroups-4.0.20.Final.jar:/home/anatole/ycsb/infinispan/target/dependency/jnvm-1.0-SNAPSHOT.jar:/home/anatole/ycsb/infinispan/target/dependency/metainf-services-1.7.jar:/home/anatole/ycsb/infinispan/target/dependency/netty-buffer-4.1.42.Final.jar:/home/anatole/ycsb/infinispan/target/dependency/netty-codec-4.1.42.Final.jar:/home/anatole/ycsb/infinispan/target/dependency/netty-common-4.1.42.Final.jar:/home/anatole/ycsb/infinispan/target/dependency/netty-handler-4.1.42.Final.jar:/home/anatole/ycsb/infinispan/target/dependency/netty-resolver-4.1.42.Final.jar:/home/anatole/ycsb/infinispan/target/dependency/netty-transport-4.1.42.Final.jar:/home/anatole/ycsb/infinispan/target/dependency/netty-transport-native-epoll-4.1.42.Final-linux-x86_64.jar:/home/anatole/ycsb/infinispan/target/dependency/netty-transport-native-unix-common-4.1.42.Final.jar:/home/anatole/ycsb/infinispan/target/dependency/pcj-1.0.jar:/home/anatole/ycsb/infinispan/target/dependency/reactive-streams-1.0.2.jar:/home/anatole/ycsb/infinispan/target/dependency/rxjava-2.2.4.jar:/home/anatole/ycsb/infinispan/target/dependency/unsafe-helper-1.0.jar site.ycsb.Client -t -db site.ycsb.db.InfinispanClient -P ../workloads/workloada -threads 1 -p dataintegrity=true -p offheap=false -p recordcount=3000 -p operationcount=3000 -p fieldlength=100000 -p requestdistribution=zipfian -p measurementtype=hdrhistogram -p hdrhistogram.output.path=./out/exp4.objsize.ref/log/infinispan.run.workloada.true.3000.300.100000.zipfian.1.hdr.log
[OVERALL], RunTime(ms), 713608
[OVERALL], Throughput(ops/sec), 4.203988744520801
[TOTAL_GCS_G1_Young_Generation], Count, 133
[TOTAL_GC_TIME_G1_Young_Generation], Time(ms), 5760
[TOTAL_GC_TIME_%_G1_Young_Generation], Time(%), 0.8071658389479939
[TOTAL_GCS_G1_Old_Generation], Count, 0
[TOTAL_GC_TIME_G1_Old_Generation], Time(ms), 0
[TOTAL_GC_TIME_%_G1_Old_Generation], Time(%), 0.0
[TOTAL_GCs], Count, 133
[TOTAL_GC_TIME], Time(ms), 5760
[TOTAL_GC_TIME_%], Time(%), 0.8071658389479939
[READ], Operations, 1529
[READ], AverageLatency(ns), 1555019.3158927404
[READ], MinLatency(ns), 678
[READ], MaxLatency(ns), 8748543
[READ], 95thPercentileLatency(ns), 2242703
[READ], 99thPercentileLatency(ns), 2404751
[READ], Return=OK, 1529
[INIT], Operations, 1
[INIT], AverageLatency(ns), 2.205310976E9
[INIT], MinLatency(ns), 2205302784
[INIT], MaxLatency(ns), 2205319167
[INIT], 95thPercentileLatency(ns), 2205319167
[INIT], 99thPercentileLatency(ns), 2205319167
[CLEANUP], Operations, 1
[CLEANUP], AverageLatency(ns), 8643296.0
[CLEANUP], MinLatency(ns), 8643264
[CLEANUP], MaxLatency(ns), 8643327
[CLEANUP], 95thPercentileLatency(ns), 8643327
[CLEANUP], 99thPercentileLatency(ns), 8643327
[UPDATE], Operations, 1471
[UPDATE], AverageLatency(ns), 6494488.473147519
[UPDATE], MinLatency(ns), 4743072
[UPDATE], MaxLatency(ns), 42281727
[UPDATE], 95thPercentileLatency(ns), 7400223
[UPDATE], 99thPercentileLatency(ns), 8214527
[UPDATE], Return=OK, 1471
[TRANSACTION], Operations, 1
[TRANSACTION], AverageLatency(ns), 7.11330889728E11
[TRANSACTION], MinLatency(ns), 711328792576
[TRANSACTION], MaxLatency(ns), 711332986879
[TRANSACTION], 95thPercentileLatency(ns), 711332986879
[TRANSACTION], 99thPercentileLatency(ns), 711332986879
