/home/anatole/jdk8u/build/linux-x86_64-normal-server-release/jdk/bin/java -Xmx20g -XX:+UseG1GC -classpath /home/anatole/ycsb/conf:/home/anatole/ycsb/core/target/core-0.18.0-SNAPSHOT.jar:/home/anatole/ycsb/core/target/dependency/HdrHistogram-2.1.4.jar:/home/anatole/ycsb/core/target/dependency/guava-18.0.jar:/home/anatole/ycsb/core/target/dependency/htrace-core4-4.1.0-incubating.jar:/home/anatole/ycsb/core/target/dependency/jackson-core-asl-1.9.4.jar:/home/anatole/ycsb/core/target/dependency/jackson-mapper-asl-1.9.4.jar:/home/anatole/ycsb/core/target/dependency/javax.persistence-api-2.2.jar:/home/anatole/ycsb/core/target/dependency/jnvm-1.0-SNAPSHOT.jar:/home/anatole/ycsb/core/target/dependency/pcj-1.0.jar:/home/anatole/ycsb/core/target/dependency/unsafe-helper-1.0.jar:/home/anatole/ycsb/jnvm/target/jnvm-binding-0.18.0-SNAPSHOT.jar:/home/anatole/ycsb/jnvm/target/dependency/guava-18.0.jar:/home/anatole/ycsb/jnvm/target/dependency/javax.persistence-api-2.2.jar:/home/anatole/ycsb/jnvm/target/dependency/jnvm-1.0-SNAPSHOT.jar:/home/anatole/ycsb/jnvm/target/dependency/unsafe-helper-1.0.jar site.ycsb.Client -t -db site.ycsb.db.RecoverableSkipListMapClient -P ../workloads/workloada -s -threads 1 -p dataintegrity=false -p offheap=true -p recordcount=1000000 -p operationcount=3000000 -p fieldcount=10 -p fieldlength=100 -p requestdistribution=zipfian -p measurement.trackjvm=true -p measurementtype=hdrhistogram -p hdrhistogram.output.path=./out/exp8.pdt.ref/log/jnvm-rslmap.run.workloada.false.1000000.1.10.100.zipfian.1.false.true.default.default.none.r2.hdr.log
[OVERALL], RunTime(ms), 19034
[OVERALL], Throughput(ops/sec), 157612.69307554903
[TOTAL_GCS_G1_Young_Generation], Count, 28
[TOTAL_GC_TIME_G1_Young_Generation], Time(ms), 3223
[TOTAL_GC_TIME_%_G1_Young_Generation], Time(%), 16.932856992749816
[TOTAL_GCS_G1_Old_Generation], Count, 0
[TOTAL_GC_TIME_G1_Old_Generation], Time(ms), 0
[TOTAL_GC_TIME_%_G1_Old_Generation], Time(%), 0.0
[TOTAL_GCs], Count, 28
[TOTAL_GC_TIME], Time(ms), 3223
[TOTAL_GC_TIME_%], Time(%), 16.932856992749816
[MAX_MEM_USED], MBs, 5273
[MIN_MEM_USED], MBs, 28
[MAX_THREADS], Count, 41
[MIN_THREADS], Count, 3
[MAX_SYS_LOAD_AVG], Load, 7.78
[MIN_SYS_LOAD_AVG], Load, 6.75
[THREAD_COUNT], Operations, 3
[THREAD_COUNT], AverageLatency(ns), 27.333333333333332
[THREAD_COUNT], MinLatency(ns), 3
[THREAD_COUNT], MaxLatency(ns), 41
[THREAD_COUNT], 95thPercentileLatency(ns), 41
[THREAD_COUNT], 99thPercentileLatency(ns), 41
[SYS_LOAD_AVG], Operations, 3
[SYS_LOAD_AVG], AverageLatency(ns), 6.666666666666667
[SYS_LOAD_AVG], MinLatency(ns), 6
[SYS_LOAD_AVG], MaxLatency(ns), 7
[SYS_LOAD_AVG], 95thPercentileLatency(ns), 7
[SYS_LOAD_AVG], 99thPercentileLatency(ns), 7
[USED_MEM_MB], Operations, 3
[USED_MEM_MB], AverageLatency(ns), 3472.3333333333335
[USED_MEM_MB], MinLatency(ns), 28
[USED_MEM_MB], MaxLatency(ns), 5273
[USED_MEM_MB], 95thPercentileLatency(ns), 5273
[USED_MEM_MB], 99thPercentileLatency(ns), 5273
[MAIN_GCs_Count], Operations, 1
[MAIN_GCs_Count], AverageLatency(ns), 3.0
[MAIN_GCs_Count], MinLatency(ns), 3
[MAIN_GCs_Count], MaxLatency(ns), 3
[MAIN_GCs_Count], 95thPercentileLatency(ns), 3
[MAIN_GCs_Count], 99thPercentileLatency(ns), 3
[MAIN_GCs_Time(ms)], Operations, 1
[MAIN_GCs_Time(ms)], AverageLatency(ns), 842.0
[MAIN_GCs_Time(ms)], MinLatency(ns), 842
[MAIN_GCs_Time(ms)], MaxLatency(ns), 842
[MAIN_GCs_Time(ms)], 95thPercentileLatency(ns), 842
[MAIN_GCs_Time(ms)], 99thPercentileLatency(ns), 842
[TRANSACTION], Operations, 1
[TRANSACTION], AverageLatency(ns), 1.292156928E10
[TRANSACTION], MinLatency(ns), 12921536512
[TRANSACTION], MaxLatency(ns), 12921602047
[TRANSACTION], 95thPercentileLatency(ns), 12921602047
[TRANSACTION], 99thPercentileLatency(ns), 12921602047
[GCS_TIME], Operations, 3
[GCS_TIME], AverageLatency(ns), 1074.3333333333333
[GCS_TIME], MinLatency(ns), 0
[GCS_TIME], MaxLatency(ns), 2510
[GCS_TIME], 95thPercentileLatency(ns), 2510
[GCS_TIME], 99thPercentileLatency(ns), 2510
[READ], Operations, 1500251
[READ], AverageLatency(ns), 2590.893915751431
[READ], MinLatency(ns), 375
[READ], MaxLatency(ns), 470237
[READ], 95thPercentileLatency(ns), 4478
[READ], 99thPercentileLatency(ns), 5676
[READ], Return=OK, 1500251
[INIT], Operations, 1
[INIT], AverageLatency(ns), 6.058000384E9
[INIT], MinLatency(ns), 6057984000
[INIT], MaxLatency(ns), 6058016767
[INIT], 95thPercentileLatency(ns), 6058016767
[INIT], 99thPercentileLatency(ns), 6058016767
[GCS], Operations, 3
[GCS], AverageLatency(ns), 9.333333333333334
[GCS], MinLatency(ns), 0
[GCS], MaxLatency(ns), 26
[GCS], 95thPercentileLatency(ns), 26
[GCS], 99thPercentileLatency(ns), 26
[CLEANUP], Operations, 1
[CLEANUP], AverageLatency(ns), 21003.0
[CLEANUP], MinLatency(ns), 21003
[CLEANUP], MaxLatency(ns), 21003
[CLEANUP], 95thPercentileLatency(ns), 21003
[CLEANUP], 99thPercentileLatency(ns), 21003
[UPDATE], Operations, 1499749
[UPDATE], AverageLatency(ns), 4768.473962643082
[UPDATE], MinLatency(ns), 992
[UPDATE], MaxLatency(ns), 365615103
[UPDATE], 95thPercentileLatency(ns), 6428
[UPDATE], 99thPercentileLatency(ns), 7924
[UPDATE], Return=OK, 1499749
