/home/anatole/jdk8u/build/linux-x86_64-normal-server-release/jdk/bin/java -Xmx20g -XX:+UseG1GC -classpath /home/anatole/ycsb/conf:/home/anatole/ycsb/core/target/core-0.18.0-SNAPSHOT.jar:/home/anatole/ycsb/core/target/dependency/HdrHistogram-2.1.4.jar:/home/anatole/ycsb/core/target/dependency/guava-18.0.jar:/home/anatole/ycsb/core/target/dependency/htrace-core4-4.1.0-incubating.jar:/home/anatole/ycsb/core/target/dependency/jackson-core-asl-1.9.4.jar:/home/anatole/ycsb/core/target/dependency/jackson-mapper-asl-1.9.4.jar:/home/anatole/ycsb/core/target/dependency/javax.persistence-api-2.2.jar:/home/anatole/ycsb/core/target/dependency/jnvm-1.0-SNAPSHOT.jar:/home/anatole/ycsb/core/target/dependency/pcj-1.0.jar:/home/anatole/ycsb/core/target/dependency/unsafe-helper-1.0.jar:/home/anatole/ycsb/jnvm/target/jnvm-binding-0.18.0-SNAPSHOT.jar:/home/anatole/ycsb/jnvm/target/dependency/guava-18.0.jar:/home/anatole/ycsb/jnvm/target/dependency/javax.persistence-api-2.2.jar:/home/anatole/ycsb/jnvm/target/dependency/jnvm-1.0-SNAPSHOT.jar:/home/anatole/ycsb/jnvm/target/dependency/unsafe-helper-1.0.jar site.ycsb.Client -t -db site.ycsb.db.VolatileTreeMapClient -P ../workloads/workloada -preload -s -threads 1 -p dataintegrity=false -p offheap=false -p recordcount=1000000 -p operationcount=3000000 -p fieldcount=10 -p fieldlength=100 -p requestdistribution=zipfian -p measurement.trackjvm=true -p measurementtype=hdrhistogram -p hdrhistogram.output.path=./out/exp8.pdt.ref/log/jnvm-vtmap.run.workloada.false.1000000.1.10.100.zipfian.1.false.true.default.default.none.r2.hdr.log
[OVERALL], RunTime(ms), 7970
[OVERALL], Throughput(ops/sec), 501882.0577164366
[TOTAL_GCS_G1_Young_Generation], Count, 7
[TOTAL_GC_TIME_G1_Young_Generation], Time(ms), 850
[TOTAL_GC_TIME_%_G1_Young_Generation], Time(%), 10.664993726474279
[TOTAL_GCS_G1_Old_Generation], Count, 0
[TOTAL_GC_TIME_G1_Old_Generation], Time(ms), 0
[TOTAL_GC_TIME_%_G1_Old_Generation], Time(%), 0.0
[TOTAL_GCs], Count, 7
[TOTAL_GC_TIME], Time(ms), 850
[TOTAL_GC_TIME_%], Time(%), 10.664993726474279
[MAX_MEM_USED], MBs, 2242
[MIN_MEM_USED], MBs, 74
[MAX_THREADS], Count, 3
[MIN_THREADS], Count, 2
[MAX_SYS_LOAD_AVG], Load, 5.12
[MIN_SYS_LOAD_AVG], Load, 3.32
[THREAD_COUNT], Operations, 2
[THREAD_COUNT], AverageLatency(ns), 2.5
[THREAD_COUNT], MinLatency(ns), 2
[THREAD_COUNT], MaxLatency(ns), 3
[THREAD_COUNT], 95thPercentileLatency(ns), 3
[THREAD_COUNT], 99thPercentileLatency(ns), 3
[SYS_LOAD_AVG], Operations, 2
[SYS_LOAD_AVG], AverageLatency(ns), 4.0
[SYS_LOAD_AVG], MinLatency(ns), 3
[SYS_LOAD_AVG], MaxLatency(ns), 5
[SYS_LOAD_AVG], 95thPercentileLatency(ns), 5
[SYS_LOAD_AVG], 99thPercentileLatency(ns), 5
[LOAD], Operations, 1
[LOAD], AverageLatency(ns), 3.082264576E9
[LOAD], MinLatency(ns), 3082256384
[LOAD], MaxLatency(ns), 3082272767
[LOAD], 95thPercentileLatency(ns), 3082272767
[LOAD], 99thPercentileLatency(ns), 3082272767
[USED_MEM_MB], Operations, 2
[USED_MEM_MB], AverageLatency(ns), 1158.0
[USED_MEM_MB], MinLatency(ns), 74
[USED_MEM_MB], MaxLatency(ns), 2242
[USED_MEM_MB], 95thPercentileLatency(ns), 2242
[USED_MEM_MB], 99thPercentileLatency(ns), 2242
[MAIN_GCs_Count], Operations, 1
[MAIN_GCs_Count], AverageLatency(ns), 1.0
[MAIN_GCs_Count], MinLatency(ns), 1
[MAIN_GCs_Count], MaxLatency(ns), 1
[MAIN_GCs_Count], 95thPercentileLatency(ns), 1
[MAIN_GCs_Count], 99thPercentileLatency(ns), 1
[MAIN_GCs_Time(ms)], Operations, 1
[MAIN_GCs_Time(ms)], AverageLatency(ns), 93.0
[MAIN_GCs_Time(ms)], MinLatency(ns), 93
[MAIN_GCs_Time(ms)], MaxLatency(ns), 93
[MAIN_GCs_Time(ms)], 95thPercentileLatency(ns), 93
[MAIN_GCs_Time(ms)], 99thPercentileLatency(ns), 93
[TRANSACTION], Operations, 1
[TRANSACTION], AverageLatency(ns), 4.770676736E9
[TRANSACTION], MinLatency(ns), 4770660352
[TRANSACTION], MaxLatency(ns), 4770693119
[TRANSACTION], 95thPercentileLatency(ns), 4770693119
[TRANSACTION], 99thPercentileLatency(ns), 4770693119
[GCS_TIME], Operations, 2
[GCS_TIME], AverageLatency(ns), 425.0
[GCS_TIME], MinLatency(ns), 0
[GCS_TIME], MaxLatency(ns), 850
[GCS_TIME], 95thPercentileLatency(ns), 850
[GCS_TIME], 99thPercentileLatency(ns), 850
[LOAD_GCs_Time(ms)], Operations, 1
[LOAD_GCs_Time(ms)], AverageLatency(ns), 757.0
[LOAD_GCs_Time(ms)], MinLatency(ns), 757
[LOAD_GCs_Time(ms)], MaxLatency(ns), 757
[LOAD_GCs_Time(ms)], 95thPercentileLatency(ns), 757
[LOAD_GCs_Time(ms)], 99thPercentileLatency(ns), 757
[READ], Operations, 1500295
[READ], AverageLatency(ns), 971.2963443856041
[READ], MinLatency(ns), 60
[READ], MaxLatency(ns), 95711
[READ], 95thPercentileLatency(ns), 1700
[READ], 99thPercentileLatency(ns), 2021
[READ], Return=OK, 1500295
[INIT], Operations, 1
[INIT], AverageLatency(ns), 270435.0
[INIT], MinLatency(ns), 270434
[INIT], MaxLatency(ns), 270435
[INIT], 95thPercentileLatency(ns), 270435
[INIT], 99thPercentileLatency(ns), 270435
[GCS], Operations, 2
[GCS], AverageLatency(ns), 3.5
[GCS], MinLatency(ns), 0
[GCS], MaxLatency(ns), 7
[GCS], 95thPercentileLatency(ns), 7
[GCS], 99thPercentileLatency(ns), 7
[LOAD_GCs_Count], Operations, 1
[LOAD_GCs_Count], AverageLatency(ns), 6.0
[LOAD_GCs_Count], MinLatency(ns), 6
[LOAD_GCs_Count], MaxLatency(ns), 6
[LOAD_GCs_Count], 95thPercentileLatency(ns), 6
[LOAD_GCs_Count], 99thPercentileLatency(ns), 6
[CLEANUP], Operations, 1
[CLEANUP], AverageLatency(ns), 21312.0
[CLEANUP], MinLatency(ns), 21312
[CLEANUP], MaxLatency(ns), 21312
[CLEANUP], 95thPercentileLatency(ns), 21312
[CLEANUP], 99thPercentileLatency(ns), 21312
[INSERT], Operations, 1000000
[INSERT], AverageLatency(ns), 1962.972733
[INSERT], MinLatency(ns), 372
[INSERT], MaxLatency(ns), 171712511
[INSERT], 95thPercentileLatency(ns), 2183
[INSERT], 99thPercentileLatency(ns), 2689
[INSERT], Return=OK, 1000000
[UPDATE], Operations, 1499705
[UPDATE], AverageLatency(ns), 1169.7364668384782
[UPDATE], MinLatency(ns), 141
[UPDATE], MaxLatency(ns), 454509
[UPDATE], 95thPercentileLatency(ns), 1940
[UPDATE], 99thPercentileLatency(ns), 2288
[UPDATE], Return=OK, 1499705
