/home/anatole/jdk8u/build/linux-x86_64-normal-server-release/jdk/bin/java -Xmx20g -XX:+UseG1GC -classpath /home/anatole/ycsb/conf:/home/anatole/ycsb/core/target/core-0.18.0-SNAPSHOT.jar:/home/anatole/ycsb/core/target/dependency/HdrHistogram-2.1.4.jar:/home/anatole/ycsb/core/target/dependency/guava-18.0.jar:/home/anatole/ycsb/core/target/dependency/htrace-core4-4.1.0-incubating.jar:/home/anatole/ycsb/core/target/dependency/jackson-core-asl-1.9.4.jar:/home/anatole/ycsb/core/target/dependency/jackson-mapper-asl-1.9.4.jar:/home/anatole/ycsb/core/target/dependency/javax.persistence-api-2.2.jar:/home/anatole/ycsb/core/target/dependency/jnvm-1.0-SNAPSHOT.jar:/home/anatole/ycsb/core/target/dependency/pcj-1.0.jar:/home/anatole/ycsb/core/target/dependency/unsafe-helper-1.0.jar:/home/anatole/ycsb/jnvm/target/jnvm-binding-0.18.0-SNAPSHOT.jar:/home/anatole/ycsb/jnvm/target/dependency/guava-18.0.jar:/home/anatole/ycsb/jnvm/target/dependency/javax.persistence-api-2.2.jar:/home/anatole/ycsb/jnvm/target/dependency/jnvm-1.0-SNAPSHOT.jar:/home/anatole/ycsb/jnvm/target/dependency/unsafe-helper-1.0.jar site.ycsb.Client -t -db site.ycsb.db.VolatileHashMapClient -P ../workloads/workloada -preload -s -threads 1 -p dataintegrity=false -p offheap=false -p recordcount=1000000 -p operationcount=3000000 -p fieldcount=10 -p fieldlength=100 -p requestdistribution=zipfian -p measurement.trackjvm=true -p measurementtype=hdrhistogram -p hdrhistogram.output.path=./out/exp8.pdt.ref/log/jnvm-vhmap.run.workloada.false.1000000.1.10.100.zipfian.1.false.true.default.default.none.r6.hdr.log
[OVERALL], RunTime(ms), 4708
[OVERALL], Throughput(ops/sec), 849617.6720475786
[TOTAL_GCS_G1_Young_Generation], Count, 7
[TOTAL_GC_TIME_G1_Young_Generation], Time(ms), 827
[TOTAL_GC_TIME_%_G1_Young_Generation], Time(%), 17.565845369583688
[TOTAL_GCS_G1_Old_Generation], Count, 0
[TOTAL_GC_TIME_G1_Old_Generation], Time(ms), 0
[TOTAL_GC_TIME_%_G1_Old_Generation], Time(%), 0.0
[TOTAL_GCs], Count, 7
[TOTAL_GC_TIME], Time(ms), 827
[TOTAL_GC_TIME_%], Time(%), 17.565845369583688
[MAX_MEM_USED], MBs, 2323
[MIN_MEM_USED], MBs, 90
[MAX_THREADS], Count, 3
[MIN_THREADS], Count, 2
[MAX_SYS_LOAD_AVG], Load, 2.81
[MIN_SYS_LOAD_AVG], Load, 1.84
[THREAD_COUNT], Operations, 2
[THREAD_COUNT], AverageLatency(ns), 2.5
[THREAD_COUNT], MinLatency(ns), 2
[THREAD_COUNT], MaxLatency(ns), 3
[THREAD_COUNT], 95thPercentileLatency(ns), 3
[THREAD_COUNT], 99thPercentileLatency(ns), 3
[SYS_LOAD_AVG], Operations, 2
[SYS_LOAD_AVG], AverageLatency(ns), 1.5
[SYS_LOAD_AVG], MinLatency(ns), 1
[SYS_LOAD_AVG], MaxLatency(ns), 2
[SYS_LOAD_AVG], 95thPercentileLatency(ns), 2
[SYS_LOAD_AVG], 99thPercentileLatency(ns), 2
[LOAD], Operations, 1
[LOAD], AverageLatency(ns), 2.000146432E9
[LOAD], MinLatency(ns), 2000142336
[LOAD], MaxLatency(ns), 2000150527
[LOAD], 95thPercentileLatency(ns), 2000150527
[LOAD], 99thPercentileLatency(ns), 2000150527
[USED_MEM_MB], Operations, 2
[USED_MEM_MB], AverageLatency(ns), 1206.5
[USED_MEM_MB], MinLatency(ns), 90
[USED_MEM_MB], MaxLatency(ns), 2323
[USED_MEM_MB], 95thPercentileLatency(ns), 2323
[USED_MEM_MB], 99thPercentileLatency(ns), 2323
[MAIN_GCs_Count], Operations, 1
[MAIN_GCs_Count], AverageLatency(ns), 1.0
[MAIN_GCs_Count], MinLatency(ns), 1
[MAIN_GCs_Count], MaxLatency(ns), 1
[MAIN_GCs_Count], 95thPercentileLatency(ns), 1
[MAIN_GCs_Count], 99thPercentileLatency(ns), 1
[MAIN_GCs_Time(ms)], Operations, 1
[MAIN_GCs_Time(ms)], AverageLatency(ns), 85.0
[MAIN_GCs_Time(ms)], MinLatency(ns), 85
[MAIN_GCs_Time(ms)], MaxLatency(ns), 85
[MAIN_GCs_Time(ms)], 95thPercentileLatency(ns), 85
[MAIN_GCs_Time(ms)], 99thPercentileLatency(ns), 85
[TRANSACTION], Operations, 1
[TRANSACTION], AverageLatency(ns), 2.595414016E9
[TRANSACTION], MinLatency(ns), 2595405824
[TRANSACTION], MaxLatency(ns), 2595422207
[TRANSACTION], 95thPercentileLatency(ns), 2595422207
[TRANSACTION], 99thPercentileLatency(ns), 2595422207
[GCS_TIME], Operations, 2
[GCS_TIME], AverageLatency(ns), 413.5
[GCS_TIME], MinLatency(ns), 0
[GCS_TIME], MaxLatency(ns), 827
[GCS_TIME], 95thPercentileLatency(ns), 827
[GCS_TIME], 99thPercentileLatency(ns), 827
[LOAD_GCs_Time(ms)], Operations, 1
[LOAD_GCs_Time(ms)], AverageLatency(ns), 742.0
[LOAD_GCs_Time(ms)], MinLatency(ns), 742
[LOAD_GCs_Time(ms)], MaxLatency(ns), 742
[LOAD_GCs_Time(ms)], 95thPercentileLatency(ns), 742
[LOAD_GCs_Time(ms)], 99thPercentileLatency(ns), 742
[READ], Operations, 1500872
[READ], AverageLatency(ns), 273.61058971051494
[READ], MinLatency(ns), 50
[READ], MaxLatency(ns), 358071
[READ], 95thPercentileLatency(ns), 547
[READ], 99thPercentileLatency(ns), 698
[READ], Return=OK, 1500872
[INIT], Operations, 1
[INIT], AverageLatency(ns), 275527.0
[INIT], MinLatency(ns), 275526
[INIT], MaxLatency(ns), 275527
[INIT], 95thPercentileLatency(ns), 275527
[INIT], 99thPercentileLatency(ns), 275527
[GCS], Operations, 2
[GCS], AverageLatency(ns), 3.5
[GCS], MinLatency(ns), 0
[GCS], MaxLatency(ns), 7
[GCS], 95thPercentileLatency(ns), 7
[GCS], 99thPercentileLatency(ns), 7
[LOAD_GCs_Count], Operations, 1
[LOAD_GCs_Count], AverageLatency(ns), 6.0
[LOAD_GCs_Count], MinLatency(ns), 6
[LOAD_GCs_Count], MaxLatency(ns), 6
[LOAD_GCs_Count], 95thPercentileLatency(ns), 6
[LOAD_GCs_Count], 99thPercentileLatency(ns), 6
[CLEANUP], Operations, 1
[CLEANUP], AverageLatency(ns), 17896.0
[CLEANUP], MinLatency(ns), 17896
[CLEANUP], MaxLatency(ns), 17896
[CLEANUP], 95thPercentileLatency(ns), 17896
[CLEANUP], 99thPercentileLatency(ns), 17896
[INSERT], Operations, 1000000
[INSERT], AverageLatency(ns), 806.331355
[INSERT], MinLatency(ns), 203
[INSERT], MaxLatency(ns), 195166207
[INSERT], 95thPercentileLatency(ns), 672
[INSERT], 99thPercentileLatency(ns), 1074
[INSERT], Return=OK, 1000000
[UPDATE], Operations, 1499128
[UPDATE], AverageLatency(ns), 415.3234453629043
[UPDATE], MinLatency(ns), 74
[UPDATE], MaxLatency(ns), 438299
[UPDATE], 95thPercentileLatency(ns), 747
[UPDATE], 99thPercentileLatency(ns), 886
[UPDATE], Return=OK, 1499128
