/home/anatole/jdk8u/build/linux-x86_64-normal-server-release/jdk/bin/java -Xmx20g -XX:+UseG1GC -classpath /home/anatole/ycsb/conf:/home/anatole/ycsb/core/target/core-0.18.0-SNAPSHOT.jar:/home/anatole/ycsb/core/target/dependency/HdrHistogram-2.1.4.jar:/home/anatole/ycsb/core/target/dependency/guava-18.0.jar:/home/anatole/ycsb/core/target/dependency/htrace-core4-4.1.0-incubating.jar:/home/anatole/ycsb/core/target/dependency/jackson-core-asl-1.9.4.jar:/home/anatole/ycsb/core/target/dependency/jackson-mapper-asl-1.9.4.jar:/home/anatole/ycsb/core/target/dependency/javax.persistence-api-2.2.jar:/home/anatole/ycsb/core/target/dependency/jnvm-1.0-SNAPSHOT.jar:/home/anatole/ycsb/core/target/dependency/pcj-1.0.jar:/home/anatole/ycsb/core/target/dependency/unsafe-helper-1.0.jar:/home/anatole/ycsb/jnvm/target/jnvm-binding-0.18.0-SNAPSHOT.jar:/home/anatole/ycsb/jnvm/target/dependency/guava-18.0.jar:/home/anatole/ycsb/jnvm/target/dependency/javax.persistence-api-2.2.jar:/home/anatole/ycsb/jnvm/target/dependency/jnvm-1.0-SNAPSHOT.jar:/home/anatole/ycsb/jnvm/target/dependency/unsafe-helper-1.0.jar site.ycsb.Client -t -db site.ycsb.db.VolatileTreeMapClient -P ../workloads/workloada -preload -s -threads 1 -p dataintegrity=true -p offheap=false -p recordcount=3000000 -p operationcount=10000000 -p fieldcount=10 -p fieldlength=100 -p requestdistribution=zipfian -p measurement.trackjvm=true -p measurementtype=hdrhistogram -p hdrhistogram.output.path=./out/exp8.pdt.ref/log/jnvm-vtmap.run.workloada.true.3000000.1.10.100.zipfian.1.false.true.default.default.none.r1.hdr.log
[OVERALL], RunTime(ms), 60465
[OVERALL], Throughput(ops/sec), 215000.41346233358
[TOTAL_GCS_G1_Young_Generation], Count, 55
[TOTAL_GC_TIME_G1_Young_Generation], Time(ms), 7203
[TOTAL_GC_TIME_%_G1_Young_Generation], Time(%), 11.912676755147606
[TOTAL_GCS_G1_Old_Generation], Count, 0
[TOTAL_GC_TIME_G1_Old_Generation], Time(ms), 0
[TOTAL_GC_TIME_%_G1_Old_Generation], Time(%), 0.0
[TOTAL_GCs], Count, 55
[TOTAL_GC_TIME], Time(ms), 7203
[TOTAL_GC_TIME_%], Time(%), 11.912676755147606
[MAX_MEM_USED], MBs, 11831
[MIN_MEM_USED], MBs, 114
[MAX_THREADS], Count, 3
[MIN_THREADS], Count, 2
[MAX_SYS_LOAD_AVG], Load, 8.7
[MIN_SYS_LOAD_AVG], Load, 6.05
[THREAD_COUNT], Operations, 8
[THREAD_COUNT], AverageLatency(ns), 2.75
[THREAD_COUNT], MinLatency(ns), 2
[THREAD_COUNT], MaxLatency(ns), 3
[THREAD_COUNT], 95thPercentileLatency(ns), 3
[THREAD_COUNT], 99thPercentileLatency(ns), 3
[SYS_LOAD_AVG], Operations, 8
[SYS_LOAD_AVG], AverageLatency(ns), 6.75
[SYS_LOAD_AVG], MinLatency(ns), 6
[SYS_LOAD_AVG], MaxLatency(ns), 8
[SYS_LOAD_AVG], 95thPercentileLatency(ns), 8
[SYS_LOAD_AVG], 99thPercentileLatency(ns), 8
[LOAD], Operations, 1
[LOAD], AverageLatency(ns), 3.7061525504E10
[LOAD], MinLatency(ns), 37061394432
[LOAD], MaxLatency(ns), 37061656575
[LOAD], 95thPercentileLatency(ns), 37061656575
[LOAD], 99thPercentileLatency(ns), 37061656575
[USED_MEM_MB], Operations, 8
[USED_MEM_MB], AverageLatency(ns), 8201.375
[USED_MEM_MB], MinLatency(ns), 114
[USED_MEM_MB], MaxLatency(ns), 11831
[USED_MEM_MB], 95thPercentileLatency(ns), 11831
[USED_MEM_MB], 99thPercentileLatency(ns), 11831
[MAIN_GCs_Count], Operations, 1
[MAIN_GCs_Count], AverageLatency(ns), 9.0
[MAIN_GCs_Count], MinLatency(ns), 9
[MAIN_GCs_Count], MaxLatency(ns), 9
[MAIN_GCs_Count], 95thPercentileLatency(ns), 9
[MAIN_GCs_Count], 99thPercentileLatency(ns), 9
[MAIN_GCs_Time(ms)], Operations, 1
[MAIN_GCs_Time(ms)], AverageLatency(ns), 1159.0
[MAIN_GCs_Time(ms)], MinLatency(ns), 1159
[MAIN_GCs_Time(ms)], MaxLatency(ns), 1159
[MAIN_GCs_Time(ms)], 95thPercentileLatency(ns), 1159
[MAIN_GCs_Time(ms)], 99thPercentileLatency(ns), 1159
[TRANSACTION], Operations, 1
[TRANSACTION], AverageLatency(ns), 2.330492928E10
[TRANSACTION], MinLatency(ns), 23304863744
[TRANSACTION], MaxLatency(ns), 23304994815
[TRANSACTION], 95thPercentileLatency(ns), 23304994815
[TRANSACTION], 99thPercentileLatency(ns), 23304994815
[GCS_TIME], Operations, 8
[GCS_TIME], AverageLatency(ns), 900.375
[GCS_TIME], MinLatency(ns), 0
[GCS_TIME], MaxLatency(ns), 1702
[GCS_TIME], 95thPercentileLatency(ns), 1702
[GCS_TIME], 99thPercentileLatency(ns), 1702
[LOAD_GCs_Time(ms)], Operations, 1
[LOAD_GCs_Time(ms)], AverageLatency(ns), 6044.0
[LOAD_GCs_Time(ms)], MinLatency(ns), 6044
[LOAD_GCs_Time(ms)], MaxLatency(ns), 6044
[LOAD_GCs_Time(ms)], 95thPercentileLatency(ns), 6044
[LOAD_GCs_Time(ms)], 99thPercentileLatency(ns), 6044
[READ], Operations, 4999140
[READ], AverageLatency(ns), 1223.7847067695643
[READ], MinLatency(ns), 52
[READ], MaxLatency(ns), 94779903
[READ], 95thPercentileLatency(ns), 2070
[READ], 99thPercentileLatency(ns), 2577
[READ], Return=OK, 4999140
[INIT], Operations, 1
[INIT], AverageLatency(ns), 278045.0
[INIT], MinLatency(ns), 278044
[INIT], MaxLatency(ns), 278045
[INIT], 95thPercentileLatency(ns), 278045
[INIT], 99thPercentileLatency(ns), 278045
[GCS], Operations, 8
[GCS], AverageLatency(ns), 6.875
[GCS], MinLatency(ns), 0
[GCS], MaxLatency(ns), 22
[GCS], 95thPercentileLatency(ns), 22
[GCS], 99thPercentileLatency(ns), 22
[LOAD_GCs_Count], Operations, 1
[LOAD_GCs_Count], AverageLatency(ns), 46.0
[LOAD_GCs_Count], MinLatency(ns), 46
[LOAD_GCs_Count], MaxLatency(ns), 46
[LOAD_GCs_Count], 95thPercentileLatency(ns), 46
[LOAD_GCs_Count], 99thPercentileLatency(ns), 46
[CLEANUP], Operations, 1
[CLEANUP], AverageLatency(ns), 19871.0
[CLEANUP], MinLatency(ns), 19871
[CLEANUP], MaxLatency(ns), 19871
[CLEANUP], 95thPercentileLatency(ns), 19871
[CLEANUP], 99thPercentileLatency(ns), 19871
[INSERT], Operations, 3000000
[INSERT], AverageLatency(ns), 1928.2099866666667
[INSERT], MinLatency(ns), 317
[INSERT], MaxLatency(ns), 13214591
[INSERT], 95thPercentileLatency(ns), 2739
[INSERT], 99thPercentileLatency(ns), 3801
[INSERT], Return=OK, 3000000
[UPDATE], Operations, 5000860
[UPDATE], AverageLatency(ns), 1426.0477415884468
[UPDATE], MinLatency(ns), 136
[UPDATE], MaxLatency(ns), 96221695
[UPDATE], 95thPercentileLatency(ns), 2321
[UPDATE], 99thPercentileLatency(ns), 2900
[UPDATE], Return=OK, 5000860
