/home/anatole/jdk8u/build/linux-x86_64-normal-server-release/jdk/bin/java -Xmx20g -XX:+UseG1GC -classpath /home/anatole/ycsb/conf:/home/anatole/ycsb/core/target/core-0.18.0-SNAPSHOT.jar:/home/anatole/ycsb/core/target/dependency/HdrHistogram-2.1.4.jar:/home/anatole/ycsb/core/target/dependency/guava-18.0.jar:/home/anatole/ycsb/core/target/dependency/htrace-core4-4.1.0-incubating.jar:/home/anatole/ycsb/core/target/dependency/jackson-core-asl-1.9.4.jar:/home/anatole/ycsb/core/target/dependency/jackson-mapper-asl-1.9.4.jar:/home/anatole/ycsb/core/target/dependency/javax.persistence-api-2.2.jar:/home/anatole/ycsb/core/target/dependency/jnvm-1.0-SNAPSHOT.jar:/home/anatole/ycsb/core/target/dependency/pcj-1.0.jar:/home/anatole/ycsb/core/target/dependency/unsafe-helper-1.0.jar:/home/anatole/ycsb/jnvm/target/jnvm-binding-0.18.0-SNAPSHOT.jar:/home/anatole/ycsb/jnvm/target/dependency/guava-18.0.jar:/home/anatole/ycsb/jnvm/target/dependency/javax.persistence-api-2.2.jar:/home/anatole/ycsb/jnvm/target/dependency/jnvm-1.0-SNAPSHOT.jar:/home/anatole/ycsb/jnvm/target/dependency/unsafe-helper-1.0.jar site.ycsb.Client -t -db site.ycsb.db.RecoverableSkipListMapClient -P ../workloads/workloada -s -threads 1 -p dataintegrity=true -p offheap=true -p recordcount=1000000 -p operationcount=3000000 -p fieldcount=10 -p fieldlength=100 -p requestdistribution=zipfian -p measurement.trackjvm=true -p measurementtype=hdrhistogram -p hdrhistogram.output.path=./out/exp8.pdt.ref/log/jnvm-rslmap.run.workloada.true.1000000.1.10.100.zipfian.1.false.true.default.default.none.r1.hdr.log
[OVERALL], RunTime(ms), 20589
[OVERALL], Throughput(ops/sec), 145708.87367040652
[TOTAL_GCS_G1_Young_Generation], Count, 30
[TOTAL_GC_TIME_G1_Young_Generation], Time(ms), 3824
[TOTAL_GC_TIME_%_G1_Young_Generation], Time(%), 18.57302443052115
[TOTAL_GCS_G1_Old_Generation], Count, 0
[TOTAL_GC_TIME_G1_Old_Generation], Time(ms), 0
[TOTAL_GC_TIME_%_G1_Old_Generation], Time(%), 0.0
[TOTAL_GCs], Count, 30
[TOTAL_GC_TIME], Time(ms), 3824
[TOTAL_GC_TIME_%], Time(%), 18.57302443052115
[MAX_MEM_USED], MBs, 5687
[MIN_MEM_USED], MBs, 32
[MAX_THREADS], Count, 41
[MIN_THREADS], Count, 3
[MAX_SYS_LOAD_AVG], Load, 8.47
[MIN_SYS_LOAD_AVG], Load, 6.26
[THREAD_COUNT], Operations, 4
[THREAD_COUNT], AverageLatency(ns), 30.25
[THREAD_COUNT], MinLatency(ns), 3
[THREAD_COUNT], MaxLatency(ns), 41
[THREAD_COUNT], 95thPercentileLatency(ns), 41
[THREAD_COUNT], 99thPercentileLatency(ns), 41
[SYS_LOAD_AVG], Operations, 4
[SYS_LOAD_AVG], AverageLatency(ns), 7.0
[SYS_LOAD_AVG], MinLatency(ns), 6
[SYS_LOAD_AVG], MaxLatency(ns), 8
[SYS_LOAD_AVG], 95thPercentileLatency(ns), 8
[SYS_LOAD_AVG], 99thPercentileLatency(ns), 8
[USED_MEM_MB], Operations, 4
[USED_MEM_MB], AverageLatency(ns), 3986.0
[USED_MEM_MB], MinLatency(ns), 32
[USED_MEM_MB], MaxLatency(ns), 5687
[USED_MEM_MB], 95thPercentileLatency(ns), 5687
[USED_MEM_MB], 99thPercentileLatency(ns), 5687
[MAIN_GCs_Count], Operations, 1
[MAIN_GCs_Count], AverageLatency(ns), 5.0
[MAIN_GCs_Count], MinLatency(ns), 5
[MAIN_GCs_Count], MaxLatency(ns), 5
[MAIN_GCs_Count], 95thPercentileLatency(ns), 5
[MAIN_GCs_Count], 99thPercentileLatency(ns), 5
[MAIN_GCs_Time(ms)], Operations, 1
[MAIN_GCs_Time(ms)], AverageLatency(ns), 1389.0
[MAIN_GCs_Time(ms)], MinLatency(ns), 1389
[MAIN_GCs_Time(ms)], MaxLatency(ns), 1389
[MAIN_GCs_Time(ms)], 95thPercentileLatency(ns), 1389
[MAIN_GCs_Time(ms)], 99thPercentileLatency(ns), 1389
[TRANSACTION], Operations, 1
[TRANSACTION], AverageLatency(ns), 1.4311391232E10
[TRANSACTION], MinLatency(ns), 14311358464
[TRANSACTION], MaxLatency(ns), 14311423999
[TRANSACTION], 95thPercentileLatency(ns), 14311423999
[TRANSACTION], 99thPercentileLatency(ns), 14311423999
[GCS_TIME], Operations, 4
[GCS_TIME], AverageLatency(ns), 956.0
[GCS_TIME], MinLatency(ns), 0
[GCS_TIME], MaxLatency(ns), 2812
[GCS_TIME], 95thPercentileLatency(ns), 2812
[GCS_TIME], 99thPercentileLatency(ns), 2812
[READ], Operations, 1500099
[READ], AverageLatency(ns), 2552.4086830269202
[READ], MinLatency(ns), 308
[READ], MaxLatency(ns), 759539
[READ], 95thPercentileLatency(ns), 4381
[READ], 99thPercentileLatency(ns), 5571
[READ], Return=OK, 1500099
[INIT], Operations, 1
[INIT], AverageLatency(ns), 6.218727424E9
[INIT], MinLatency(ns), 6218711040
[INIT], MaxLatency(ns), 6218743807
[INIT], 95thPercentileLatency(ns), 6218743807
[INIT], 99thPercentileLatency(ns), 6218743807
[GCS], Operations, 4
[GCS], AverageLatency(ns), 7.5
[GCS], MinLatency(ns), 0
[GCS], MaxLatency(ns), 27
[GCS], 95thPercentileLatency(ns), 27
[GCS], 99thPercentileLatency(ns), 27
[CLEANUP], Operations, 1
[CLEANUP], AverageLatency(ns), 31603.0
[CLEANUP], MinLatency(ns), 31603
[CLEANUP], MaxLatency(ns), 31603
[CLEANUP], 95thPercentileLatency(ns), 31603
[CLEANUP], 99thPercentileLatency(ns), 31603
[UPDATE], Operations, 1499901
[UPDATE], AverageLatency(ns), 3239.9809174072157
[UPDATE], MinLatency(ns), 411
[UPDATE], MaxLatency(ns), 338379
[UPDATE], 95thPercentileLatency(ns), 5193
[UPDATE], 99thPercentileLatency(ns), 6455
[UPDATE], Return=OK, 1499901
