/home/anatole/jdk8u/build/linux-x86_64-normal-server-release/jdk/bin/java -Xmx20g -XX:+UseG1GC -classpath /home/anatole/ycsb/conf:/home/anatole/ycsb/core/target/core-0.18.0-SNAPSHOT.jar:/home/anatole/ycsb/core/target/dependency/HdrHistogram-2.1.4.jar:/home/anatole/ycsb/core/target/dependency/guava-18.0.jar:/home/anatole/ycsb/core/target/dependency/htrace-core4-4.1.0-incubating.jar:/home/anatole/ycsb/core/target/dependency/jackson-core-asl-1.9.4.jar:/home/anatole/ycsb/core/target/dependency/jackson-mapper-asl-1.9.4.jar:/home/anatole/ycsb/core/target/dependency/javax.persistence-api-2.2.jar:/home/anatole/ycsb/core/target/dependency/jnvm-1.0-SNAPSHOT.jar:/home/anatole/ycsb/core/target/dependency/pcj-1.0.jar:/home/anatole/ycsb/core/target/dependency/unsafe-helper-1.0.jar:/home/anatole/ycsb/jnvm/target/jnvm-binding-0.18.0-SNAPSHOT.jar:/home/anatole/ycsb/jnvm/target/dependency/guava-18.0.jar:/home/anatole/ycsb/jnvm/target/dependency/javax.persistence-api-2.2.jar:/home/anatole/ycsb/jnvm/target/dependency/jnvm-1.0-SNAPSHOT.jar:/home/anatole/ycsb/jnvm/target/dependency/unsafe-helper-1.0.jar site.ycsb.Client -t -db site.ycsb.db.VolatileHashMapClient -P ../workloads/workloada -preload -s -threads 1 -p dataintegrity=true -p offheap=false -p recordcount=3000000 -p operationcount=10000000 -p fieldcount=10 -p fieldlength=100 -p requestdistribution=zipfian -p measurement.trackjvm=true -p measurementtype=hdrhistogram -p hdrhistogram.output.path=./out/exp8.pdt.ref/log/jnvm-vhmap.run.workloada.true.3000000.1.10.100.zipfian.1.false.true.default.default.none.r2.hdr.log
[OVERALL], RunTime(ms), 46145
[OVERALL], Throughput(ops/sec), 281720.66312709934
[TOTAL_GCS_G1_Young_Generation], Count, 55
[TOTAL_GC_TIME_G1_Young_Generation], Time(ms), 7201
[TOTAL_GC_TIME_%_G1_Young_Generation], Time(%), 15.60515765521725
[TOTAL_GCS_G1_Old_Generation], Count, 0
[TOTAL_GC_TIME_G1_Old_Generation], Time(ms), 0
[TOTAL_GC_TIME_%_G1_Old_Generation], Time(%), 0.0
[TOTAL_GCs], Count, 55
[TOTAL_GC_TIME], Time(ms), 7201
[TOTAL_GC_TIME_%], Time(%), 15.60515765521725
[MAX_MEM_USED], MBs, 13783
[MIN_MEM_USED], MBs, 116
[MAX_THREADS], Count, 3
[MIN_THREADS], Count, 2
[MAX_SYS_LOAD_AVG], Load, 6.52
[MIN_SYS_LOAD_AVG], Load, 4.56
[THREAD_COUNT], Operations, 6
[THREAD_COUNT], AverageLatency(ns), 2.8333333333333335
[THREAD_COUNT], MinLatency(ns), 2
[THREAD_COUNT], MaxLatency(ns), 3
[THREAD_COUNT], 95thPercentileLatency(ns), 3
[THREAD_COUNT], 99thPercentileLatency(ns), 3
[SYS_LOAD_AVG], Operations, 6
[SYS_LOAD_AVG], AverageLatency(ns), 4.5
[SYS_LOAD_AVG], MinLatency(ns), 4
[SYS_LOAD_AVG], MaxLatency(ns), 6
[SYS_LOAD_AVG], 95thPercentileLatency(ns), 6
[SYS_LOAD_AVG], 99thPercentileLatency(ns), 6
[LOAD], Operations, 1
[LOAD], AverageLatency(ns), 3.2067878912E10
[LOAD], MinLatency(ns), 32067813376
[LOAD], MaxLatency(ns), 32067944447
[LOAD], 95thPercentileLatency(ns), 32067944447
[LOAD], 99thPercentileLatency(ns), 32067944447
[USED_MEM_MB], Operations, 6
[USED_MEM_MB], AverageLatency(ns), 7763.0
[USED_MEM_MB], MinLatency(ns), 116
[USED_MEM_MB], MaxLatency(ns), 13783
[USED_MEM_MB], 95thPercentileLatency(ns), 13783
[USED_MEM_MB], 99thPercentileLatency(ns), 13783
[MAIN_GCs_Count], Operations, 1
[MAIN_GCs_Count], AverageLatency(ns), 7.0
[MAIN_GCs_Count], MinLatency(ns), 7
[MAIN_GCs_Count], MaxLatency(ns), 7
[MAIN_GCs_Count], 95thPercentileLatency(ns), 7
[MAIN_GCs_Count], 99thPercentileLatency(ns), 7
[MAIN_GCs_Time(ms)], Operations, 1
[MAIN_GCs_Time(ms)], AverageLatency(ns), 930.0
[MAIN_GCs_Time(ms)], MinLatency(ns), 930
[MAIN_GCs_Time(ms)], MaxLatency(ns), 930
[MAIN_GCs_Time(ms)], 95thPercentileLatency(ns), 930
[MAIN_GCs_Time(ms)], 99thPercentileLatency(ns), 930
[TRANSACTION], Operations, 1
[TRANSACTION], AverageLatency(ns), 1.3753745408E10
[TRANSACTION], MinLatency(ns), 13753712640
[TRANSACTION], MaxLatency(ns), 13753778175
[TRANSACTION], 95thPercentileLatency(ns), 13753778175
[TRANSACTION], 99thPercentileLatency(ns), 13753778175
[GCS_TIME], Operations, 6
[GCS_TIME], AverageLatency(ns), 1200.1666666666667
[GCS_TIME], MinLatency(ns), 0
[GCS_TIME], MaxLatency(ns), 2008
[GCS_TIME], 95thPercentileLatency(ns), 2008
[GCS_TIME], 99thPercentileLatency(ns), 2008
[LOAD_GCs_Time(ms)], Operations, 1
[LOAD_GCs_Time(ms)], AverageLatency(ns), 6014.0
[LOAD_GCs_Time(ms)], MinLatency(ns), 6014
[LOAD_GCs_Time(ms)], MaxLatency(ns), 6014
[LOAD_GCs_Time(ms)], 95thPercentileLatency(ns), 6014
[LOAD_GCs_Time(ms)], 99thPercentileLatency(ns), 6014
[READ], Operations, 5002058
[READ], AverageLatency(ns), 290.7628973914337
[READ], MinLatency(ns), 51
[READ], MaxLatency(ns), 11574783
[READ], 95thPercentileLatency(ns), 540
[READ], 99thPercentileLatency(ns), 733
[READ], Return=OK, 5002058
[INIT], Operations, 1
[INIT], AverageLatency(ns), 257075.0
[INIT], MinLatency(ns), 257075
[INIT], MaxLatency(ns), 257075
[INIT], 95thPercentileLatency(ns), 257075
[INIT], 99thPercentileLatency(ns), 257075
[GCS], Operations, 6
[GCS], AverageLatency(ns), 9.166666666666666
[GCS], MinLatency(ns), 0
[GCS], MaxLatency(ns), 23
[GCS], 95thPercentileLatency(ns), 23
[GCS], 99thPercentileLatency(ns), 23
[LOAD_GCs_Count], Operations, 1
[LOAD_GCs_Count], AverageLatency(ns), 46.0
[LOAD_GCs_Count], MinLatency(ns), 46
[LOAD_GCs_Count], MaxLatency(ns), 46
[LOAD_GCs_Count], 95thPercentileLatency(ns), 46
[LOAD_GCs_Count], 99thPercentileLatency(ns), 46
[CLEANUP], Operations, 1
[CLEANUP], AverageLatency(ns), 78349.0
[CLEANUP], MinLatency(ns), 78349
[CLEANUP], MaxLatency(ns), 78349
[CLEANUP], 95thPercentileLatency(ns), 78349
[CLEANUP], 99thPercentileLatency(ns), 78349
[INSERT], Operations, 3000000
[INSERT], AverageLatency(ns), 460.9549626666667
[INSERT], MinLatency(ns), 222
[INSERT], MaxLatency(ns), 190579711
[INSERT], 95thPercentileLatency(ns), 590
[INSERT], 99thPercentileLatency(ns), 795
[INSERT], Return=OK, 3000000
[UPDATE], Operations, 4997942
[UPDATE], AverageLatency(ns), 454.85182381068046
[UPDATE], MinLatency(ns), 75
[UPDATE], MaxLatency(ns), 296097
[UPDATE], 95thPercentileLatency(ns), 806
[UPDATE], 99thPercentileLatency(ns), 995
[UPDATE], Return=OK, 4997942
