/home/anatole/jdk8u/build/linux-x86_64-normal-server-release/jdk/bin/java -Xmx20g -XX:+UseG1GC -classpath /home/anatole/ycsb/conf:/home/anatole/ycsb/core/target/core-0.18.0-SNAPSHOT.jar:/home/anatole/ycsb/core/target/dependency/HdrHistogram-2.1.4.jar:/home/anatole/ycsb/core/target/dependency/guava-18.0.jar:/home/anatole/ycsb/core/target/dependency/htrace-core4-4.1.0-incubating.jar:/home/anatole/ycsb/core/target/dependency/jackson-core-asl-1.9.4.jar:/home/anatole/ycsb/core/target/dependency/jackson-mapper-asl-1.9.4.jar:/home/anatole/ycsb/core/target/dependency/javax.persistence-api-2.2.jar:/home/anatole/ycsb/core/target/dependency/jnvm-1.0-SNAPSHOT.jar:/home/anatole/ycsb/core/target/dependency/pcj-1.0.jar:/home/anatole/ycsb/core/target/dependency/unsafe-helper-1.0.jar:/home/anatole/ycsb/jnvm/target/jnvm-binding-0.18.0-SNAPSHOT.jar:/home/anatole/ycsb/jnvm/target/dependency/guava-18.0.jar:/home/anatole/ycsb/jnvm/target/dependency/javax.persistence-api-2.2.jar:/home/anatole/ycsb/jnvm/target/dependency/jnvm-1.0-SNAPSHOT.jar:/home/anatole/ycsb/jnvm/target/dependency/unsafe-helper-1.0.jar site.ycsb.Client -t -db site.ycsb.db.RecoverableHashMapClient -P ../workloads/workloada -s -threads 1 -p dataintegrity=false -p offheap=true -p recordcount=1000000 -p operationcount=3000000 -p fieldcount=10 -p fieldlength=100 -p requestdistribution=zipfian -p measurement.trackjvm=true -p measurementtype=hdrhistogram -p hdrhistogram.output.path=./out/exp8.pdt.ref/log/jnvm-rhmap.run.workloada.false.1000000.1.10.100.zipfian.1.false.true.default.default.none.r3.hdr.log
[OVERALL], RunTime(ms), 11258
[OVERALL], Throughput(ops/sec), 266477.1717889501
[TOTAL_GCS_G1_Young_Generation], Count, 28
[TOTAL_GC_TIME_G1_Young_Generation], Time(ms), 3135
[TOTAL_GC_TIME_%_G1_Young_Generation], Time(%), 27.846864451945287
[TOTAL_GCS_G1_Old_Generation], Count, 0
[TOTAL_GC_TIME_G1_Old_Generation], Time(ms), 0
[TOTAL_GC_TIME_%_G1_Old_Generation], Time(%), 0.0
[TOTAL_GCs], Count, 28
[TOTAL_GC_TIME], Time(ms), 3135
[TOTAL_GC_TIME_%], Time(%), 27.846864451945287
[MAX_MEM_USED], MBs, 5564
[MIN_MEM_USED], MBs, 24
[MAX_THREADS], Count, 41
[MIN_THREADS], Count, 3
[MAX_SYS_LOAD_AVG], Load, 9.58
[MIN_SYS_LOAD_AVG], Load, 6.23
[THREAD_COUNT], Operations, 3
[THREAD_COUNT], AverageLatency(ns), 28.0
[THREAD_COUNT], MinLatency(ns), 3
[THREAD_COUNT], MaxLatency(ns), 41
[THREAD_COUNT], 95thPercentileLatency(ns), 41
[THREAD_COUNT], 99thPercentileLatency(ns), 41
[SYS_LOAD_AVG], Operations, 3
[SYS_LOAD_AVG], AverageLatency(ns), 8.0
[SYS_LOAD_AVG], MinLatency(ns), 6
[SYS_LOAD_AVG], MaxLatency(ns), 9
[SYS_LOAD_AVG], 95thPercentileLatency(ns), 9
[SYS_LOAD_AVG], 99thPercentileLatency(ns), 9
[USED_MEM_MB], Operations, 3
[USED_MEM_MB], AverageLatency(ns), 3557.3333333333335
[USED_MEM_MB], MinLatency(ns), 24
[USED_MEM_MB], MaxLatency(ns), 5564
[USED_MEM_MB], 95thPercentileLatency(ns), 5564
[USED_MEM_MB], 99thPercentileLatency(ns), 5564
[MAIN_GCs_Count], Operations, 1
[MAIN_GCs_Count], AverageLatency(ns), 3.0
[MAIN_GCs_Count], MinLatency(ns), 3
[MAIN_GCs_Count], MaxLatency(ns), 3
[MAIN_GCs_Count], 95thPercentileLatency(ns), 3
[MAIN_GCs_Count], 99thPercentileLatency(ns), 3
[MAIN_GCs_Time(ms)], Operations, 1
[MAIN_GCs_Time(ms)], AverageLatency(ns), 640.0
[MAIN_GCs_Time(ms)], MinLatency(ns), 640
[MAIN_GCs_Time(ms)], MaxLatency(ns), 640
[MAIN_GCs_Time(ms)], 95thPercentileLatency(ns), 640
[MAIN_GCs_Time(ms)], 99thPercentileLatency(ns), 640
[TRANSACTION], Operations, 1
[TRANSACTION], AverageLatency(ns), 5.488754688E9
[TRANSACTION], MinLatency(ns), 5488738304
[TRANSACTION], MaxLatency(ns), 5488771071
[TRANSACTION], 95thPercentileLatency(ns), 5488771071
[TRANSACTION], 99thPercentileLatency(ns), 5488771071
[GCS_TIME], Operations, 3
[GCS_TIME], AverageLatency(ns), 1045.0
[GCS_TIME], MinLatency(ns), 0
[GCS_TIME], MaxLatency(ns), 3135
[GCS_TIME], 95thPercentileLatency(ns), 3135
[GCS_TIME], 99thPercentileLatency(ns), 3135
[READ], Operations, 1501488
[READ], AverageLatency(ns), 371.1859775103098
[READ], MinLatency(ns), 70
[READ], MaxLatency(ns), 128615
[READ], 95thPercentileLatency(ns), 718
[READ], 99thPercentileLatency(ns), 861
[READ], Return=OK, 1501488
[INIT], Operations, 1
[INIT], AverageLatency(ns), 5.709283328E9
[INIT], MinLatency(ns), 5709266944
[INIT], MaxLatency(ns), 5709299711
[INIT], 95thPercentileLatency(ns), 5709299711
[INIT], 99thPercentileLatency(ns), 5709299711
[GCS], Operations, 3
[GCS], AverageLatency(ns), 9.333333333333334
[GCS], MinLatency(ns), 0
[GCS], MaxLatency(ns), 28
[GCS], 95thPercentileLatency(ns), 28
[GCS], 99thPercentileLatency(ns), 28
[CLEANUP], Operations, 1
[CLEANUP], AverageLatency(ns), 24351.0
[CLEANUP], MinLatency(ns), 24351
[CLEANUP], MaxLatency(ns), 24351
[CLEANUP], 95thPercentileLatency(ns), 24351
[CLEANUP], 99thPercentileLatency(ns), 24351
[UPDATE], Operations, 1498512
[UPDATE], AverageLatency(ns), 1988.1975366229967
[UPDATE], MinLatency(ns), 587
[UPDATE], MaxLatency(ns), 1453247
[UPDATE], 95thPercentileLatency(ns), 2808
[UPDATE], 99thPercentileLatency(ns), 3439
[UPDATE], Return=OK, 1498512
