/home/anatole/jdk8u/build/linux-x86_64-normal-server-release/jdk/bin/java -Xmx20g -XX:+UseG1GC -classpath /home/anatole/ycsb/conf:/home/anatole/ycsb/core/target/core-0.18.0-SNAPSHOT.jar:/home/anatole/ycsb/core/target/dependency/HdrHistogram-2.1.4.jar:/home/anatole/ycsb/core/target/dependency/guava-18.0.jar:/home/anatole/ycsb/core/target/dependency/htrace-core4-4.1.0-incubating.jar:/home/anatole/ycsb/core/target/dependency/jackson-core-asl-1.9.4.jar:/home/anatole/ycsb/core/target/dependency/jackson-mapper-asl-1.9.4.jar:/home/anatole/ycsb/core/target/dependency/javax.persistence-api-2.2.jar:/home/anatole/ycsb/core/target/dependency/jnvm-1.0-SNAPSHOT.jar:/home/anatole/ycsb/core/target/dependency/pcj-1.0.jar:/home/anatole/ycsb/core/target/dependency/unsafe-helper-1.0.jar:/home/anatole/ycsb/jnvm/target/jnvm-binding-0.18.0-SNAPSHOT.jar:/home/anatole/ycsb/jnvm/target/dependency/guava-18.0.jar:/home/anatole/ycsb/jnvm/target/dependency/javax.persistence-api-2.2.jar:/home/anatole/ycsb/jnvm/target/dependency/jnvm-1.0-SNAPSHOT.jar:/home/anatole/ycsb/jnvm/target/dependency/unsafe-helper-1.0.jar site.ycsb.Client -load -db site.ycsb.db.RecoverableHashMapClient -P ../workloads/workloada -threads 1 -p dataintegrity=true -p offheap=true -p recordcount=1000000 -p operationcount=3000000 -p fieldcount=10 -p requestdistribution=zipfian -p measurementtype=hdrhistogram -p hdrhistogram.output.path=./out/exp8.pdt.ref/log/jnvm-rhmap.load.workloada.true.1000000.1.10.zipfian.1.hdr.log
[OVERALL], RunTime(ms), 21071
[OVERALL], Throughput(ops/sec), 47458.59237815006
[TOTAL_GCS_G1_Young_Generation], Count, 25
[TOTAL_GC_TIME_G1_Young_Generation], Time(ms), 1917
[TOTAL_GC_TIME_%_G1_Young_Generation], Time(%), 9.097812158891367
[TOTAL_GCS_G1_Old_Generation], Count, 0
[TOTAL_GC_TIME_G1_Old_Generation], Time(ms), 0
[TOTAL_GC_TIME_%_G1_Old_Generation], Time(%), 0.0
[TOTAL_GCs], Count, 25
[TOTAL_GC_TIME], Time(ms), 1917
[TOTAL_GC_TIME_%], Time(%), 9.097812158891367
[INIT], Operations, 1
[INIT], AverageLatency(ns), 3.9289984E7
[INIT], MinLatency(ns), 39289856
[INIT], MaxLatency(ns), 39290111
[INIT], 95thPercentileLatency(ns), 39290111
[INIT], 99thPercentileLatency(ns), 39290111
[LOAD], Operations, 1
[LOAD], AverageLatency(ns), 2.0956643328E10
[LOAD], MinLatency(ns), 20956577792
[LOAD], MaxLatency(ns), 20956708863
[LOAD], 95thPercentileLatency(ns), 20956708863
[LOAD], 99thPercentileLatency(ns), 20956708863
[LOAD_GCs_Count], Operations, 1
[LOAD_GCs_Count], AverageLatency(ns), 25.0
[LOAD_GCs_Count], MinLatency(ns), 25
[LOAD_GCs_Count], MaxLatency(ns), 25
[LOAD_GCs_Count], 95thPercentileLatency(ns), 25
[LOAD_GCs_Count], 99thPercentileLatency(ns), 25
[CLEANUP], Operations, 1
[CLEANUP], AverageLatency(ns), 12359.0
[CLEANUP], MinLatency(ns), 12359
[CLEANUP], MaxLatency(ns), 12359
[CLEANUP], 95thPercentileLatency(ns), 12359
[CLEANUP], 99thPercentileLatency(ns), 12359
[INSERT], Operations, 1000000
[INSERT], AverageLatency(ns), 4377.995225
[INSERT], MinLatency(ns), 956
[INSERT], MaxLatency(ns), 37520639
[INSERT], 95thPercentileLatency(ns), 3922
[INSERT], 99thPercentileLatency(ns), 5328
[INSERT], Return=OK, 1000000
[LOAD_GCs_Time(ms)], Operations, 1
[LOAD_GCs_Time(ms)], AverageLatency(ns), 1917.0
[LOAD_GCs_Time(ms)], MinLatency(ns), 1917
[LOAD_GCs_Time(ms)], MaxLatency(ns), 1917
[LOAD_GCs_Time(ms)], 95thPercentileLatency(ns), 1917
[LOAD_GCs_Time(ms)], 99thPercentileLatency(ns), 1917
