/home/anatole/jdk8u/build/linux-x86_64-normal-server-release/jdk/bin/java -Xmx20g -XX:+UseG1GC -classpath /home/anatole/ycsb/conf:/home/anatole/ycsb/core/target/core-0.18.0-SNAPSHOT.jar:/home/anatole/ycsb/core/target/dependency/HdrHistogram-2.1.4.jar:/home/anatole/ycsb/core/target/dependency/guava-18.0.jar:/home/anatole/ycsb/core/target/dependency/htrace-core4-4.1.0-incubating.jar:/home/anatole/ycsb/core/target/dependency/jackson-core-asl-1.9.4.jar:/home/anatole/ycsb/core/target/dependency/jackson-mapper-asl-1.9.4.jar:/home/anatole/ycsb/core/target/dependency/javax.persistence-api-2.2.jar:/home/anatole/ycsb/core/target/dependency/jnvm-1.0-SNAPSHOT.jar:/home/anatole/ycsb/core/target/dependency/pcj-1.0.jar:/home/anatole/ycsb/core/target/dependency/unsafe-helper-1.0.jar:/home/anatole/ycsb/jnvm/target/jnvm-binding-0.18.0-SNAPSHOT.jar:/home/anatole/ycsb/jnvm/target/dependency/guava-18.0.jar:/home/anatole/ycsb/jnvm/target/dependency/javax.persistence-api-2.2.jar:/home/anatole/ycsb/jnvm/target/dependency/jnvm-1.0-SNAPSHOT.jar:/home/anatole/ycsb/jnvm/target/dependency/unsafe-helper-1.0.jar site.ycsb.Client -t -db site.ycsb.db.VolatileTreeMapClient -P ../workloads/workloada -preload -s -threads 1 -p dataintegrity=true -p offheap=false -p recordcount=1000000 -p operationcount=3000000 -p fieldcount=10 -p fieldlength=100 -p requestdistribution=zipfian -p measurement.trackjvm=true -p measurementtype=hdrhistogram -p hdrhistogram.output.path=./out/exp8.pdt.ref/log/jnvm-vtmap.run.workloada.true.1000000.1.10.100.zipfian.1.false.true.default.default.none.r6.hdr.log
[OVERALL], RunTime(ms), 20108
[OVERALL], Throughput(ops/sec), 198925.80067634772
[TOTAL_GCS_G1_Young_Generation], Count, 29
[TOTAL_GC_TIME_G1_Young_Generation], Time(ms), 2861
[TOTAL_GC_TIME_%_G1_Young_Generation], Time(%), 14.22816789337577
[TOTAL_GCS_G1_Old_Generation], Count, 0
[TOTAL_GC_TIME_G1_Old_Generation], Time(ms), 0
[TOTAL_GC_TIME_%_G1_Old_Generation], Time(%), 0.0
[TOTAL_GCs], Count, 29
[TOTAL_GC_TIME], Time(ms), 2861
[TOTAL_GC_TIME_%], Time(%), 14.22816789337577
[MAX_MEM_USED], MBs, 4546
[MIN_MEM_USED], MBs, 80
[MAX_THREADS], Count, 3
[MIN_THREADS], Count, 2
[MAX_SYS_LOAD_AVG], Load, 3.98
[MIN_SYS_LOAD_AVG], Load, 3.13
[THREAD_COUNT], Operations, 4
[THREAD_COUNT], AverageLatency(ns), 2.5
[THREAD_COUNT], MinLatency(ns), 2
[THREAD_COUNT], MaxLatency(ns), 3
[THREAD_COUNT], 95thPercentileLatency(ns), 3
[THREAD_COUNT], 99thPercentileLatency(ns), 3
[SYS_LOAD_AVG], Operations, 4
[SYS_LOAD_AVG], AverageLatency(ns), 3.0
[SYS_LOAD_AVG], MinLatency(ns), 3
[SYS_LOAD_AVG], MaxLatency(ns), 3
[SYS_LOAD_AVG], 95thPercentileLatency(ns), 3
[SYS_LOAD_AVG], 99thPercentileLatency(ns), 3
[LOAD], Operations, 1
[LOAD], AverageLatency(ns), 1.3189480448E10
[LOAD], MinLatency(ns), 13189447680
[LOAD], MaxLatency(ns), 13189513215
[LOAD], 95thPercentileLatency(ns), 13189513215
[LOAD], 99thPercentileLatency(ns), 13189513215
[USED_MEM_MB], Operations, 4
[USED_MEM_MB], AverageLatency(ns), 3043.5
[USED_MEM_MB], MinLatency(ns), 80
[USED_MEM_MB], MaxLatency(ns), 4546
[USED_MEM_MB], 95thPercentileLatency(ns), 4546
[USED_MEM_MB], 99thPercentileLatency(ns), 4546
[MAIN_GCs_Count], Operations, 1
[MAIN_GCs_Count], AverageLatency(ns), 5.0
[MAIN_GCs_Count], MinLatency(ns), 5
[MAIN_GCs_Count], MaxLatency(ns), 5
[MAIN_GCs_Count], 95thPercentileLatency(ns), 5
[MAIN_GCs_Count], 99thPercentileLatency(ns), 5
[MAIN_GCs_Time(ms)], Operations, 1
[MAIN_GCs_Time(ms)], AverageLatency(ns), 830.0
[MAIN_GCs_Time(ms)], MinLatency(ns), 830
[MAIN_GCs_Time(ms)], MaxLatency(ns), 830
[MAIN_GCs_Time(ms)], 95thPercentileLatency(ns), 830
[MAIN_GCs_Time(ms)], 99thPercentileLatency(ns), 830
[TRANSACTION], Operations, 1
[TRANSACTION], AverageLatency(ns), 6.847643648E9
[TRANSACTION], MinLatency(ns), 6847627264
[TRANSACTION], MaxLatency(ns), 6847660031
[TRANSACTION], 95thPercentileLatency(ns), 6847660031
[TRANSACTION], 99thPercentileLatency(ns), 6847660031
[GCS_TIME], Operations, 4
[GCS_TIME], AverageLatency(ns), 715.25
[GCS_TIME], MinLatency(ns), 0
[GCS_TIME], MaxLatency(ns), 1598
[GCS_TIME], 95thPercentileLatency(ns), 1598
[GCS_TIME], 99thPercentileLatency(ns), 1598
[LOAD_GCs_Time(ms)], Operations, 1
[LOAD_GCs_Time(ms)], AverageLatency(ns), 2031.0
[LOAD_GCs_Time(ms)], MinLatency(ns), 2031
[LOAD_GCs_Time(ms)], MaxLatency(ns), 2031
[LOAD_GCs_Time(ms)], 95thPercentileLatency(ns), 2031
[LOAD_GCs_Time(ms)], 99thPercentileLatency(ns), 2031
[READ], Operations, 1502006
[READ], AverageLatency(ns), 1000.993265672707
[READ], MinLatency(ns), 60
[READ], MaxLatency(ns), 243619
[READ], 95thPercentileLatency(ns), 1764
[READ], 99thPercentileLatency(ns), 2196
[READ], Return=OK, 1502006
[INIT], Operations, 1
[INIT], AverageLatency(ns), 121454.0
[INIT], MinLatency(ns), 121454
[INIT], MaxLatency(ns), 121454
[INIT], 95thPercentileLatency(ns), 121454
[INIT], 99thPercentileLatency(ns), 121454
[GCS], Operations, 4
[GCS], AverageLatency(ns), 7.25
[GCS], MinLatency(ns), 0
[GCS], MaxLatency(ns), 21
[GCS], 95thPercentileLatency(ns), 21
[GCS], 99thPercentileLatency(ns), 21
[LOAD_GCs_Count], Operations, 1
[LOAD_GCs_Count], AverageLatency(ns), 24.0
[LOAD_GCs_Count], MinLatency(ns), 24
[LOAD_GCs_Count], MaxLatency(ns), 24
[LOAD_GCs_Count], 95thPercentileLatency(ns), 24
[LOAD_GCs_Count], 99thPercentileLatency(ns), 24
[CLEANUP], Operations, 1
[CLEANUP], AverageLatency(ns), 17044.0
[CLEANUP], MinLatency(ns), 17044
[CLEANUP], MaxLatency(ns), 17044
[CLEANUP], 95thPercentileLatency(ns), 17044
[CLEANUP], 99thPercentileLatency(ns), 17044
[INSERT], Operations, 1000000
[INSERT], AverageLatency(ns), 1700.302909
[INSERT], MinLatency(ns), 342
[INSERT], MaxLatency(ns), 645187
[INSERT], 95thPercentileLatency(ns), 2417
[INSERT], 99thPercentileLatency(ns), 3168
[INSERT], Return=OK, 1000000
[UPDATE], Operations, 1497994
[UPDATE], AverageLatency(ns), 1209.2631799593323
[UPDATE], MinLatency(ns), 145
[UPDATE], MaxLatency(ns), 417043
[UPDATE], 95thPercentileLatency(ns), 2022
[UPDATE], 99thPercentileLatency(ns), 2513
[UPDATE], Return=OK, 1497994
