/home/anatole/jdk8u/build/linux-x86_64-normal-server-release/jdk/bin/java -Xmx20g -XX:+UseG1GC -classpath /home/anatole/ycsb/conf:/home/anatole/ycsb/core/target/core-0.18.0-SNAPSHOT.jar:/home/anatole/ycsb/core/target/dependency/HdrHistogram-2.1.4.jar:/home/anatole/ycsb/core/target/dependency/guava-18.0.jar:/home/anatole/ycsb/core/target/dependency/htrace-core4-4.1.0-incubating.jar:/home/anatole/ycsb/core/target/dependency/jackson-core-asl-1.9.4.jar:/home/anatole/ycsb/core/target/dependency/jackson-mapper-asl-1.9.4.jar:/home/anatole/ycsb/core/target/dependency/javax.persistence-api-2.2.jar:/home/anatole/ycsb/core/target/dependency/jnvm-1.0-SNAPSHOT.jar:/home/anatole/ycsb/core/target/dependency/pcj-1.0.jar:/home/anatole/ycsb/core/target/dependency/unsafe-helper-1.0.jar:/home/anatole/ycsb/jnvm/target/jnvm-binding-0.18.0-SNAPSHOT.jar:/home/anatole/ycsb/jnvm/target/dependency/guava-18.0.jar:/home/anatole/ycsb/jnvm/target/dependency/javax.persistence-api-2.2.jar:/home/anatole/ycsb/jnvm/target/dependency/jnvm-1.0-SNAPSHOT.jar:/home/anatole/ycsb/jnvm/target/dependency/unsafe-helper-1.0.jar site.ycsb.Client -t -db site.ycsb.db.VolatileSkipListMapClient -P ../workloads/workloada -preload -s -threads 1 -p dataintegrity=true -p offheap=false -p recordcount=1000000 -p operationcount=3000000 -p fieldcount=10 -p fieldlength=100 -p requestdistribution=zipfian -p measurement.trackjvm=true -p measurementtype=hdrhistogram -p hdrhistogram.output.path=./out/exp8.pdt.ref/log/jnvm-vslmap.run.workloada.true.1000000.1.10.100.zipfian.1.false.true.default.default.none.r6.hdr.log
[OVERALL], RunTime(ms), 23441
[OVERALL], Throughput(ops/sec), 170641.1842498187
[TOTAL_GCS_G1_Young_Generation], Count, 29
[TOTAL_GC_TIME_G1_Young_Generation], Time(ms), 2742
[TOTAL_GC_TIME_%_G1_Young_Generation], Time(%), 11.697453180325072
[TOTAL_GCS_G1_Old_Generation], Count, 0
[TOTAL_GC_TIME_G1_Old_Generation], Time(ms), 0
[TOTAL_GC_TIME_%_G1_Old_Generation], Time(%), 0.0
[TOTAL_GCs], Count, 29
[TOTAL_GC_TIME], Time(ms), 2742
[TOTAL_GC_TIME_%], Time(%), 11.697453180325072
[MAX_MEM_USED], MBs, 5046
[MIN_MEM_USED], MBs, 38
[MAX_THREADS], Count, 3
[MIN_THREADS], Count, 2
[MAX_SYS_LOAD_AVG], Load, 3.97
[MIN_SYS_LOAD_AVG], Load, 3.13
[THREAD_COUNT], Operations, 4
[THREAD_COUNT], AverageLatency(ns), 2.75
[THREAD_COUNT], MinLatency(ns), 2
[THREAD_COUNT], MaxLatency(ns), 3
[THREAD_COUNT], 95thPercentileLatency(ns), 3
[THREAD_COUNT], 99thPercentileLatency(ns), 3
[SYS_LOAD_AVG], Operations, 4
[SYS_LOAD_AVG], AverageLatency(ns), 3.0
[SYS_LOAD_AVG], MinLatency(ns), 3
[SYS_LOAD_AVG], MaxLatency(ns), 3
[SYS_LOAD_AVG], 95thPercentileLatency(ns), 3
[SYS_LOAD_AVG], 99thPercentileLatency(ns), 3
[LOAD], Operations, 1
[LOAD], AverageLatency(ns), 1.3934886912E10
[LOAD], MinLatency(ns), 13934854144
[LOAD], MaxLatency(ns), 13934919679
[LOAD], 95thPercentileLatency(ns), 13934919679
[LOAD], 99thPercentileLatency(ns), 13934919679
[USED_MEM_MB], Operations, 4
[USED_MEM_MB], AverageLatency(ns), 3205.75
[USED_MEM_MB], MinLatency(ns), 38
[USED_MEM_MB], MaxLatency(ns), 5046
[USED_MEM_MB], 95thPercentileLatency(ns), 5046
[USED_MEM_MB], 99thPercentileLatency(ns), 5046
[MAIN_GCs_Count], Operations, 1
[MAIN_GCs_Count], AverageLatency(ns), 5.0
[MAIN_GCs_Count], MinLatency(ns), 5
[MAIN_GCs_Count], MaxLatency(ns), 5
[MAIN_GCs_Count], 95thPercentileLatency(ns), 5
[MAIN_GCs_Count], 99thPercentileLatency(ns), 5
[MAIN_GCs_Time(ms)], Operations, 1
[MAIN_GCs_Time(ms)], AverageLatency(ns), 813.0
[MAIN_GCs_Time(ms)], MinLatency(ns), 813
[MAIN_GCs_Time(ms)], MaxLatency(ns), 813
[MAIN_GCs_Time(ms)], 95thPercentileLatency(ns), 813
[MAIN_GCs_Time(ms)], 99thPercentileLatency(ns), 813
[TRANSACTION], Operations, 1
[TRANSACTION], AverageLatency(ns), 9.403793408E9
[TRANSACTION], MinLatency(ns), 9403760640
[TRANSACTION], MaxLatency(ns), 9403826175
[TRANSACTION], 95thPercentileLatency(ns), 9403826175
[TRANSACTION], 99thPercentileLatency(ns), 9403826175
[GCS_TIME], Operations, 4
[GCS_TIME], AverageLatency(ns), 685.5
[GCS_TIME], MinLatency(ns), 0
[GCS_TIME], MaxLatency(ns), 1489
[GCS_TIME], 95thPercentileLatency(ns), 1489
[GCS_TIME], 99thPercentileLatency(ns), 1489
[LOAD_GCs_Time(ms)], Operations, 1
[LOAD_GCs_Time(ms)], AverageLatency(ns), 1929.0
[LOAD_GCs_Time(ms)], MinLatency(ns), 1929
[LOAD_GCs_Time(ms)], MaxLatency(ns), 1929
[LOAD_GCs_Time(ms)], 95thPercentileLatency(ns), 1929
[LOAD_GCs_Time(ms)], 99thPercentileLatency(ns), 1929
[READ], Operations, 1500161
[READ], AverageLatency(ns), 1929.014600432887
[READ], MinLatency(ns), 241
[READ], MaxLatency(ns), 161574911
[READ], 95thPercentileLatency(ns), 3196
[READ], 99thPercentileLatency(ns), 4162
[READ], Return=OK, 1500161
[INIT], Operations, 1
[INIT], AverageLatency(ns), 3113016.0
[INIT], MinLatency(ns), 3113008
[INIT], MaxLatency(ns), 3113023
[INIT], 95thPercentileLatency(ns), 3113023
[INIT], 99thPercentileLatency(ns), 3113023
[GCS], Operations, 4
[GCS], AverageLatency(ns), 7.25
[GCS], MinLatency(ns), 0
[GCS], MaxLatency(ns), 21
[GCS], 95thPercentileLatency(ns), 21
[GCS], 99thPercentileLatency(ns), 21
[LOAD_GCs_Count], Operations, 1
[LOAD_GCs_Count], AverageLatency(ns), 24.0
[LOAD_GCs_Count], MinLatency(ns), 24
[LOAD_GCs_Count], MaxLatency(ns), 24
[LOAD_GCs_Count], 95thPercentileLatency(ns), 24
[LOAD_GCs_Count], 99thPercentileLatency(ns), 24
[CLEANUP], Operations, 1
[CLEANUP], AverageLatency(ns), 18223.0
[CLEANUP], MinLatency(ns), 18223
[CLEANUP], MaxLatency(ns), 18223
[CLEANUP], 95thPercentileLatency(ns), 18223
[CLEANUP], 99thPercentileLatency(ns), 18223
[INSERT], Operations, 1000000
[INSERT], AverageLatency(ns), 2798.160989
[INSERT], MinLatency(ns), 396
[INSERT], MaxLatency(ns), 78254591
[INSERT], 95thPercentileLatency(ns), 4366
[INSERT], 99thPercentileLatency(ns), 5822
[INSERT], Return=OK, 1000000
[UPDATE], Operations, 1499839
[UPDATE], AverageLatency(ns), 2051.197971248914
[UPDATE], MinLatency(ns), 280
[UPDATE], MaxLatency(ns), 237853
[UPDATE], 95thPercentileLatency(ns), 3480
[UPDATE], 99thPercentileLatency(ns), 4480
[UPDATE], Return=OK, 1499839
