/home/anatole/jdk8u/build/linux-x86_64-normal-server-release/jdk/bin/java -Xmx20g -XX:+UseG1GC -classpath /home/anatole/ycsb/conf:/home/anatole/ycsb/core/target/core-0.18.0-SNAPSHOT.jar:/home/anatole/ycsb/core/target/dependency/HdrHistogram-2.1.4.jar:/home/anatole/ycsb/core/target/dependency/guava-18.0.jar:/home/anatole/ycsb/core/target/dependency/htrace-core4-4.1.0-incubating.jar:/home/anatole/ycsb/core/target/dependency/jackson-core-asl-1.9.4.jar:/home/anatole/ycsb/core/target/dependency/jackson-mapper-asl-1.9.4.jar:/home/anatole/ycsb/core/target/dependency/javax.persistence-api-2.2.jar:/home/anatole/ycsb/core/target/dependency/jnvm-1.0-SNAPSHOT.jar:/home/anatole/ycsb/core/target/dependency/pcj-1.0.jar:/home/anatole/ycsb/core/target/dependency/unsafe-helper-1.0.jar:/home/anatole/ycsb/jnvm/target/jnvm-binding-0.18.0-SNAPSHOT.jar:/home/anatole/ycsb/jnvm/target/dependency/guava-18.0.jar:/home/anatole/ycsb/jnvm/target/dependency/javax.persistence-api-2.2.jar:/home/anatole/ycsb/jnvm/target/dependency/jnvm-1.0-SNAPSHOT.jar:/home/anatole/ycsb/jnvm/target/dependency/unsafe-helper-1.0.jar site.ycsb.Client -load -db site.ycsb.db.RecoverableSkipListMapClient -P ../workloads/workloada -threads 1 -p dataintegrity=true -p offheap=true -p recordcount=1000000 -p operationcount=3000000 -p fieldcount=10 -p requestdistribution=zipfian -p measurementtype=hdrhistogram -p hdrhistogram.output.path=./out/exp8.pdt.ref/log/jnvm-rslmap.load.workloada.true.1000000.1.10.zipfian.1.hdr.log
[OVERALL], RunTime(ms), 24874
[OVERALL], Throughput(ops/sec), 40202.62121090295
[TOTAL_GCS_G1_Young_Generation], Count, 43
[TOTAL_GC_TIME_G1_Young_Generation], Time(ms), 1971
[TOTAL_GC_TIME_%_G1_Young_Generation], Time(%), 7.9239366406689715
[TOTAL_GCS_G1_Old_Generation], Count, 0
[TOTAL_GC_TIME_G1_Old_Generation], Time(ms), 0
[TOTAL_GC_TIME_%_G1_Old_Generation], Time(%), 0.0
[TOTAL_GCs], Count, 43
[TOTAL_GC_TIME], Time(ms), 1971
[TOTAL_GC_TIME_%], Time(%), 7.9239366406689715
[INIT], Operations, 1
[INIT], AverageLatency(ns), 3.9606912E7
[INIT], MinLatency(ns), 39606784
[INIT], MaxLatency(ns), 39607039
[INIT], 95thPercentileLatency(ns), 39607039
[INIT], 99thPercentileLatency(ns), 39607039
[LOAD], Operations, 1
[LOAD], AverageLatency(ns), 2.4770576384E10
[LOAD], MinLatency(ns), 24770510848
[LOAD], MaxLatency(ns), 24770641919
[LOAD], 95thPercentileLatency(ns), 24770641919
[LOAD], 99thPercentileLatency(ns), 24770641919
[LOAD_GCs_Count], Operations, 1
[LOAD_GCs_Count], AverageLatency(ns), 43.0
[LOAD_GCs_Count], MinLatency(ns), 43
[LOAD_GCs_Count], MaxLatency(ns), 43
[LOAD_GCs_Count], 95thPercentileLatency(ns), 43
[LOAD_GCs_Count], 99thPercentileLatency(ns), 43
[CLEANUP], Operations, 1
[CLEANUP], AverageLatency(ns), 11745.0
[CLEANUP], MinLatency(ns), 11745
[CLEANUP], MaxLatency(ns), 11745
[CLEANUP], 95thPercentileLatency(ns), 11745
[CLEANUP], 99thPercentileLatency(ns), 11745
[INSERT], Operations, 1000000
[INSERT], AverageLatency(ns), 7993.853291
[INSERT], MinLatency(ns), 1743
[INSERT], MaxLatency(ns), 42619903
[INSERT], 95thPercentileLatency(ns), 8871
[INSERT], 99thPercentileLatency(ns), 11773
[INSERT], Return=OK, 1000000
[LOAD_GCs_Time(ms)], Operations, 1
[LOAD_GCs_Time(ms)], AverageLatency(ns), 1971.0
[LOAD_GCs_Time(ms)], MinLatency(ns), 1971
[LOAD_GCs_Time(ms)], MaxLatency(ns), 1971
[LOAD_GCs_Time(ms)], 95thPercentileLatency(ns), 1971
[LOAD_GCs_Time(ms)], 99thPercentileLatency(ns), 1971
