/home/anatole/jdk8u/build/linux-x86_64-normal-server-release/jdk/bin/java -Xmx20g -XX:+UseG1GC -classpath /home/anatole/ycsb/conf:/home/anatole/ycsb/core/target/core-0.18.0-SNAPSHOT.jar:/home/anatole/ycsb/core/target/dependency/HdrHistogram-2.1.4.jar:/home/anatole/ycsb/core/target/dependency/guava-18.0.jar:/home/anatole/ycsb/core/target/dependency/htrace-core4-4.1.0-incubating.jar:/home/anatole/ycsb/core/target/dependency/jackson-core-asl-1.9.4.jar:/home/anatole/ycsb/core/target/dependency/jackson-mapper-asl-1.9.4.jar:/home/anatole/ycsb/core/target/dependency/javax.persistence-api-2.2.jar:/home/anatole/ycsb/core/target/dependency/jnvm-1.0-SNAPSHOT.jar:/home/anatole/ycsb/core/target/dependency/pcj-1.0.jar:/home/anatole/ycsb/core/target/dependency/unsafe-helper-1.0.jar:/home/anatole/ycsb/jnvm/target/jnvm-binding-0.18.0-SNAPSHOT.jar:/home/anatole/ycsb/jnvm/target/dependency/guava-18.0.jar:/home/anatole/ycsb/jnvm/target/dependency/javax.persistence-api-2.2.jar:/home/anatole/ycsb/jnvm/target/dependency/jnvm-1.0-SNAPSHOT.jar:/home/anatole/ycsb/jnvm/target/dependency/unsafe-helper-1.0.jar site.ycsb.Client -t -db site.ycsb.db.RecoverableSkipListMapClient -P ../workloads/workloada -s -threads 1 -p dataintegrity=true -p offheap=true -p recordcount=3000000 -p operationcount=10000000 -p fieldcount=10 -p fieldlength=100 -p requestdistribution=zipfian -p measurement.trackjvm=true -p measurementtype=hdrhistogram -p hdrhistogram.output.path=./out/exp8.pdt.ref/log/jnvm-rslmap.run.workloada.true.3000000.1.10.100.zipfian.1.false.true.default.default.none.r6.hdr.log
[OVERALL], RunTime(ms), 86258
[OVERALL], Throughput(ops/sec), 115931.275939623
[TOTAL_GCS_G1_Young_Generation], Count, 74
[TOTAL_GC_TIME_G1_Young_Generation], Time(ms), 24067
[TOTAL_GC_TIME_%_G1_Young_Generation], Time(%), 27.90118018038907
[TOTAL_GCS_G1_Old_Generation], Count, 0
[TOTAL_GC_TIME_G1_Old_Generation], Time(ms), 0
[TOTAL_GC_TIME_%_G1_Old_Generation], Time(%), 0.0
[TOTAL_GCs], Count, 74
[TOTAL_GC_TIME], Time(ms), 24067
[TOTAL_GC_TIME_%], Time(%), 27.90118018038907
[MAX_MEM_USED], MBs, 13372
[MIN_MEM_USED], MBs, 26
[MAX_THREADS], Count, 42
[MIN_THREADS], Count, 3
[MAX_SYS_LOAD_AVG], Load, 22.42
[MIN_SYS_LOAD_AVG], Load, 13.39
[THREAD_COUNT], Operations, 10
[THREAD_COUNT], AverageLatency(ns), 34.1
[THREAD_COUNT], MinLatency(ns), 3
[THREAD_COUNT], MaxLatency(ns), 42
[THREAD_COUNT], 95thPercentileLatency(ns), 42
[THREAD_COUNT], 99thPercentileLatency(ns), 42
[SYS_LOAD_AVG], Operations, 10
[SYS_LOAD_AVG], AverageLatency(ns), 16.4
[SYS_LOAD_AVG], MinLatency(ns), 13
[SYS_LOAD_AVG], MaxLatency(ns), 22
[SYS_LOAD_AVG], 95thPercentileLatency(ns), 22
[SYS_LOAD_AVG], 99thPercentileLatency(ns), 22
[USED_MEM_MB], Operations, 10
[USED_MEM_MB], AverageLatency(ns), 11241.0
[USED_MEM_MB], MinLatency(ns), 26
[USED_MEM_MB], MaxLatency(ns), 13372
[USED_MEM_MB], 95thPercentileLatency(ns), 13372
[USED_MEM_MB], 99thPercentileLatency(ns), 13372
[MAIN_GCs_Count], Operations, 1
[MAIN_GCs_Count], AverageLatency(ns), 22.0
[MAIN_GCs_Count], MinLatency(ns), 22
[MAIN_GCs_Count], MaxLatency(ns), 22
[MAIN_GCs_Count], 95thPercentileLatency(ns), 22
[MAIN_GCs_Count], 99thPercentileLatency(ns), 22
[MAIN_GCs_Time(ms)], Operations, 1
[MAIN_GCs_Time(ms)], AverageLatency(ns), 16789.0
[MAIN_GCs_Time(ms)], MinLatency(ns), 16789
[MAIN_GCs_Time(ms)], MaxLatency(ns), 16789
[MAIN_GCs_Time(ms)], 95thPercentileLatency(ns), 16789
[MAIN_GCs_Time(ms)], 99thPercentileLatency(ns), 16789
[TRANSACTION], Operations, 1
[TRANSACTION], AverageLatency(ns), 6.8925259776E10
[TRANSACTION], MinLatency(ns), 68924997632
[TRANSACTION], MaxLatency(ns), 68925521919
[TRANSACTION], 95thPercentileLatency(ns), 68925521919
[TRANSACTION], 99thPercentileLatency(ns), 68925521919
[GCS_TIME], Operations, 10
[GCS_TIME], AverageLatency(ns), 2406.7
[GCS_TIME], MinLatency(ns), 0
[GCS_TIME], MaxLatency(ns), 4321
[GCS_TIME], 95thPercentileLatency(ns), 4321
[GCS_TIME], 99thPercentileLatency(ns), 4321
[READ], Operations, 4998991
[READ], AverageLatency(ns), 3557.073525437433
[READ], MinLatency(ns), 348
[READ], MaxLatency(ns), 821387263
[READ], 95thPercentileLatency(ns), 5812
[READ], 99thPercentileLatency(ns), 7324
[READ], Return=OK, 4998991
[INIT], Operations, 1
[INIT], AverageLatency(ns), 1.7285054464E10
[INIT], MinLatency(ns), 17284988928
[INIT], MaxLatency(ns), 17285119999
[INIT], 95thPercentileLatency(ns), 17285119999
[INIT], 99thPercentileLatency(ns), 17285119999
[GCS], Operations, 10
[GCS], AverageLatency(ns), 7.4
[GCS], MinLatency(ns), 0
[GCS], MaxLatency(ns), 37
[GCS], 95thPercentileLatency(ns), 37
[GCS], 99thPercentileLatency(ns), 37
[CLEANUP], Operations, 1
[CLEANUP], AverageLatency(ns), 21569.0
[CLEANUP], MinLatency(ns), 21569
[CLEANUP], MaxLatency(ns), 21569
[CLEANUP], 95thPercentileLatency(ns), 21569
[CLEANUP], 99thPercentileLatency(ns), 21569
[UPDATE], Operations, 5001009
[UPDATE], AverageLatency(ns), 4125.1933143891565
[UPDATE], MinLatency(ns), 420
[UPDATE], MaxLatency(ns), 20800383
[UPDATE], 95thPercentileLatency(ns), 6663
[UPDATE], 99thPercentileLatency(ns), 8299
[UPDATE], Return=OK, 5001009
