/home/anatole/jdk8u/build/linux-x86_64-normal-server-release/jdk/bin/java -Xmx20g -XX:+UseG1GC -classpath /home/anatole/ycsb/conf:/home/anatole/ycsb/core/target/core-0.18.0-SNAPSHOT.jar:/home/anatole/ycsb/core/target/dependency/HdrHistogram-2.1.4.jar:/home/anatole/ycsb/core/target/dependency/guava-18.0.jar:/home/anatole/ycsb/core/target/dependency/htrace-core4-4.1.0-incubating.jar:/home/anatole/ycsb/core/target/dependency/jackson-core-asl-1.9.4.jar:/home/anatole/ycsb/core/target/dependency/jackson-mapper-asl-1.9.4.jar:/home/anatole/ycsb/core/target/dependency/javax.persistence-api-2.2.jar:/home/anatole/ycsb/core/target/dependency/jnvm-1.0-SNAPSHOT.jar:/home/anatole/ycsb/core/target/dependency/pcj-1.0.jar:/home/anatole/ycsb/core/target/dependency/unsafe-helper-1.0.jar:/home/anatole/ycsb/jnvm/target/jnvm-binding-0.18.0-SNAPSHOT.jar:/home/anatole/ycsb/jnvm/target/dependency/guava-18.0.jar:/home/anatole/ycsb/jnvm/target/dependency/javax.persistence-api-2.2.jar:/home/anatole/ycsb/jnvm/target/dependency/jnvm-1.0-SNAPSHOT.jar:/home/anatole/ycsb/jnvm/target/dependency/unsafe-helper-1.0.jar site.ycsb.Client -load -db site.ycsb.db.RecoverableTreeMapClient -P ../workloads/workloada -threads 1 -p dataintegrity=true -p offheap=true -p recordcount=3000000 -p operationcount=10000000 -p fieldcount=10 -p requestdistribution=zipfian -p measurementtype=hdrhistogram -p hdrhistogram.output.path=./out/exp8.pdt.ref/log/jnvm-rtmap.load.workloada.true.3000000.1.10.zipfian.1.hdr.log
[OVERALL], RunTime(ms), 70527
[OVERALL], Throughput(ops/sec), 42536.90076141052
[TOTAL_GCS_G1_Young_Generation], Count, 46
[TOTAL_GC_TIME_G1_Young_Generation], Time(ms), 6053
[TOTAL_GC_TIME_%_G1_Young_Generation], Time(%), 8.582528676960596
[TOTAL_GCS_G1_Old_Generation], Count, 0
[TOTAL_GC_TIME_G1_Old_Generation], Time(ms), 0
[TOTAL_GC_TIME_%_G1_Old_Generation], Time(%), 0.0
[TOTAL_GCs], Count, 46
[TOTAL_GC_TIME], Time(ms), 6053
[TOTAL_GC_TIME_%], Time(%), 8.582528676960596
[INIT], Operations, 1
[INIT], AverageLatency(ns), 9.8774272E7
[INIT], MinLatency(ns), 98774016
[INIT], MaxLatency(ns), 98774527
[INIT], 95thPercentileLatency(ns), 98774527
[INIT], 99thPercentileLatency(ns), 98774527
[LOAD], Operations, 1
[LOAD], AverageLatency(ns), 7.0340837376E10
[LOAD], MinLatency(ns), 70340575232
[LOAD], MaxLatency(ns), 70341099519
[LOAD], 95thPercentileLatency(ns), 70341099519
[LOAD], 99thPercentileLatency(ns), 70341099519
[LOAD_GCs_Count], Operations, 1
[LOAD_GCs_Count], AverageLatency(ns), 46.0
[LOAD_GCs_Count], MinLatency(ns), 46
[LOAD_GCs_Count], MaxLatency(ns), 46
[LOAD_GCs_Count], 95thPercentileLatency(ns), 46
[LOAD_GCs_Count], 99thPercentileLatency(ns), 46
[CLEANUP], Operations, 1
[CLEANUP], AverageLatency(ns), 26153.0
[CLEANUP], MinLatency(ns), 26153
[CLEANUP], MaxLatency(ns), 26153
[CLEANUP], 95thPercentileLatency(ns), 26153
[CLEANUP], 99thPercentileLatency(ns), 26153
[INSERT], Operations, 3000000
[INSERT], AverageLatency(ns), 6637.811571
[INSERT], MinLatency(ns), 1471
[INSERT], MaxLatency(ns), 187285503
[INSERT], 95thPercentileLatency(ns), 6451
[INSERT], 99thPercentileLatency(ns), 8276
[INSERT], Return=OK, 3000000
[LOAD_GCs_Time(ms)], Operations, 1
[LOAD_GCs_Time(ms)], AverageLatency(ns), 6053.0
[LOAD_GCs_Time(ms)], MinLatency(ns), 6053
[LOAD_GCs_Time(ms)], MaxLatency(ns), 6053
[LOAD_GCs_Time(ms)], 95thPercentileLatency(ns), 6053
[LOAD_GCs_Time(ms)], 99thPercentileLatency(ns), 6053
