/home/anatole/jdk8u/build/linux-x86_64-normal-server-release/jdk/bin/java -Xmx20g -XX:+UseG1GC -classpath /home/anatole/ycsb/conf:/home/anatole/ycsb/core/target/core-0.18.0-SNAPSHOT.jar:/home/anatole/ycsb/core/target/dependency/HdrHistogram-2.1.4.jar:/home/anatole/ycsb/core/target/dependency/guava-18.0.jar:/home/anatole/ycsb/core/target/dependency/htrace-core4-4.1.0-incubating.jar:/home/anatole/ycsb/core/target/dependency/jackson-core-asl-1.9.4.jar:/home/anatole/ycsb/core/target/dependency/jackson-mapper-asl-1.9.4.jar:/home/anatole/ycsb/core/target/dependency/javax.persistence-api-2.2.jar:/home/anatole/ycsb/core/target/dependency/jnvm-1.0-SNAPSHOT.jar:/home/anatole/ycsb/core/target/dependency/pcj-1.0.jar:/home/anatole/ycsb/core/target/dependency/unsafe-helper-1.0.jar:/home/anatole/ycsb/jnvm/target/jnvm-binding-0.18.0-SNAPSHOT.jar:/home/anatole/ycsb/jnvm/target/dependency/guava-18.0.jar:/home/anatole/ycsb/jnvm/target/dependency/javax.persistence-api-2.2.jar:/home/anatole/ycsb/jnvm/target/dependency/jnvm-1.0-SNAPSHOT.jar:/home/anatole/ycsb/jnvm/target/dependency/unsafe-helper-1.0.jar site.ycsb.Client -t -db site.ycsb.db.RecoverableTreeMapClient -P ../workloads/workloada -s -threads 1 -p dataintegrity=true -p offheap=true -p recordcount=3000000 -p operationcount=10000000 -p fieldcount=10 -p fieldlength=100 -p requestdistribution=zipfian -p measurement.trackjvm=true -p measurementtype=hdrhistogram -p hdrhistogram.output.path=./out/exp8.pdt.ref/log/jnvm-rtmap.run.workloada.true.3000000.1.10.100.zipfian.1.false.true.default.default.none.r2.hdr.log
[OVERALL], RunTime(ms), 147879
[OVERALL], Throughput(ops/sec), 67622.8538196769
[TOTAL_GCS_G1_Young_Generation], Count, 103
[TOTAL_GC_TIME_G1_Young_Generation], Time(ms), 29313
[TOTAL_GC_TIME_%_G1_Young_Generation], Time(%), 19.82228714016189
[TOTAL_GCS_G1_Old_Generation], Count, 0
[TOTAL_GC_TIME_G1_Old_Generation], Time(ms), 0
[TOTAL_GC_TIME_%_G1_Old_Generation], Time(%), 0.0
[TOTAL_GCs], Count, 103
[TOTAL_GC_TIME], Time(ms), 29313
[TOTAL_GC_TIME_%], Time(%), 19.82228714016189
[MAX_MEM_USED], MBs, 12359
[MIN_MEM_USED], MBs, 26
[MAX_THREADS], Count, 42
[MIN_THREADS], Count, 3
[MAX_SYS_LOAD_AVG], Load, 14.04
[MIN_SYS_LOAD_AVG], Load, 8.87
[THREAD_COUNT], Operations, 16
[THREAD_COUNT], AverageLatency(ns), 37.6875
[THREAD_COUNT], MinLatency(ns), 3
[THREAD_COUNT], MaxLatency(ns), 42
[THREAD_COUNT], 95thPercentileLatency(ns), 42
[THREAD_COUNT], 99thPercentileLatency(ns), 42
[SYS_LOAD_AVG], Operations, 16
[SYS_LOAD_AVG], AverageLatency(ns), 10.625
[SYS_LOAD_AVG], MinLatency(ns), 8
[SYS_LOAD_AVG], MaxLatency(ns), 14
[SYS_LOAD_AVG], 95thPercentileLatency(ns), 13
[SYS_LOAD_AVG], 99thPercentileLatency(ns), 14
[USED_MEM_MB], Operations, 16
[USED_MEM_MB], AverageLatency(ns), 8550.875
[USED_MEM_MB], MinLatency(ns), 26
[USED_MEM_MB], MaxLatency(ns), 12359
[USED_MEM_MB], 95thPercentileLatency(ns), 12310
[USED_MEM_MB], 99thPercentileLatency(ns), 12359
[MAIN_GCs_Count], Operations, 1
[MAIN_GCs_Count], AverageLatency(ns), 26.0
[MAIN_GCs_Count], MinLatency(ns), 26
[MAIN_GCs_Count], MaxLatency(ns), 26
[MAIN_GCs_Count], 95thPercentileLatency(ns), 26
[MAIN_GCs_Count], 99thPercentileLatency(ns), 26
[MAIN_GCs_Time(ms)], Operations, 1
[MAIN_GCs_Time(ms)], AverageLatency(ns), 20887.0
[MAIN_GCs_Time(ms)], MinLatency(ns), 20887
[MAIN_GCs_Time(ms)], MaxLatency(ns), 20887
[MAIN_GCs_Time(ms)], 95thPercentileLatency(ns), 20887
[MAIN_GCs_Time(ms)], 99thPercentileLatency(ns), 20887
[TRANSACTION], Operations, 1
[TRANSACTION], AverageLatency(ns), 5.7680723968E10
[TRANSACTION], MinLatency(ns), 57680592896
[TRANSACTION], MaxLatency(ns), 57680855039
[TRANSACTION], 95thPercentileLatency(ns), 57680855039
[TRANSACTION], 99thPercentileLatency(ns), 57680855039
[GCS_TIME], Operations, 16
[GCS_TIME], AverageLatency(ns), 1832.0625
[GCS_TIME], MinLatency(ns), 0
[GCS_TIME], MaxLatency(ns), 4040
[GCS_TIME], 95thPercentileLatency(ns), 3875
[GCS_TIME], 99thPercentileLatency(ns), 4040
[READ], Operations, 4999712
[READ], AverageLatency(ns), 1953.1948052207806
[READ], MinLatency(ns), 78
[READ], MaxLatency(ns), 852086783
[READ], 95thPercentileLatency(ns), 2736
[READ], 99thPercentileLatency(ns), 3594
[READ], Return=OK, 4999712
[INIT], Operations, 1
[INIT], AverageLatency(ns), 8.9291751424E10
[INIT], MinLatency(ns), 89291489280
[INIT], MaxLatency(ns), 89292013567
[INIT], 95thPercentileLatency(ns), 89292013567
[INIT], 99thPercentileLatency(ns), 89292013567
[GCS], Operations, 16
[GCS], AverageLatency(ns), 6.4375
[GCS], MinLatency(ns), 0
[GCS], MaxLatency(ns), 17
[GCS], 95thPercentileLatency(ns), 14
[GCS], 99thPercentileLatency(ns), 17
[CLEANUP], Operations, 1
[CLEANUP], AverageLatency(ns), 41972.0
[CLEANUP], MinLatency(ns), 41972
[CLEANUP], MaxLatency(ns), 41972
[CLEANUP], 95thPercentileLatency(ns), 41972
[CLEANUP], 99thPercentileLatency(ns), 41972
[UPDATE], Operations, 5000288
[UPDATE], AverageLatency(ns), 2723.5717602666086
[UPDATE], MinLatency(ns), 187
[UPDATE], MaxLatency(ns), 843370495
[UPDATE], 95thPercentileLatency(ns), 3668
[UPDATE], 99thPercentileLatency(ns), 4714
[UPDATE], Return=OK, 5000288
