/home/anatole/jdk8u/build/linux-x86_64-normal-server-release/jdk/bin/java -Xmx20g -XX:+UseG1GC -classpath /home/anatole/ycsb/conf:/home/anatole/ycsb/core/target/core-0.18.0-SNAPSHOT.jar:/home/anatole/ycsb/core/target/dependency/HdrHistogram-2.1.4.jar:/home/anatole/ycsb/core/target/dependency/guava-18.0.jar:/home/anatole/ycsb/core/target/dependency/htrace-core4-4.1.0-incubating.jar:/home/anatole/ycsb/core/target/dependency/jackson-core-asl-1.9.4.jar:/home/anatole/ycsb/core/target/dependency/jackson-mapper-asl-1.9.4.jar:/home/anatole/ycsb/core/target/dependency/javax.persistence-api-2.2.jar:/home/anatole/ycsb/core/target/dependency/jnvm-1.0-SNAPSHOT.jar:/home/anatole/ycsb/core/target/dependency/pcj-1.0.jar:/home/anatole/ycsb/core/target/dependency/unsafe-helper-1.0.jar:/home/anatole/ycsb/jnvm/target/jnvm-binding-0.18.0-SNAPSHOT.jar:/home/anatole/ycsb/jnvm/target/dependency/guava-18.0.jar:/home/anatole/ycsb/jnvm/target/dependency/javax.persistence-api-2.2.jar:/home/anatole/ycsb/jnvm/target/dependency/jnvm-1.0-SNAPSHOT.jar:/home/anatole/ycsb/jnvm/target/dependency/unsafe-helper-1.0.jar site.ycsb.Client -t -db site.ycsb.db.VolatileTreeMapClient -P ../workloads/workloada -preload -s -threads 1 -p dataintegrity=true -p offheap=false -p recordcount=1000000 -p operationcount=3000000 -p fieldcount=10 -p fieldlength=100 -p requestdistribution=zipfian -p measurement.trackjvm=true -p measurementtype=hdrhistogram -p hdrhistogram.output.path=./out/exp8.pdt.ref/log/jnvm-vtmap.run.workloada.true.1000000.1.10.100.zipfian.1.false.true.default.default.none.r4.hdr.log
[OVERALL], RunTime(ms), 19702
[OVERALL], Throughput(ops/sec), 203025.07359658918
[TOTAL_GCS_G1_Young_Generation], Count, 29
[TOTAL_GC_TIME_G1_Young_Generation], Time(ms), 2812
[TOTAL_GC_TIME_%_G1_Young_Generation], Time(%), 14.27266267384022
[TOTAL_GCS_G1_Old_Generation], Count, 0
[TOTAL_GC_TIME_G1_Old_Generation], Time(ms), 0
[TOTAL_GC_TIME_%_G1_Old_Generation], Time(%), 0.0
[TOTAL_GCs], Count, 29
[TOTAL_GC_TIME], Time(ms), 2812
[TOTAL_GC_TIME_%], Time(%), 14.27266267384022
[MAX_MEM_USED], MBs, 4603
[MIN_MEM_USED], MBs, 88
[MAX_THREADS], Count, 3
[MIN_THREADS], Count, 2
[MAX_SYS_LOAD_AVG], Load, 5.99
[MIN_SYS_LOAD_AVG], Load, 4.97
[THREAD_COUNT], Operations, 3
[THREAD_COUNT], AverageLatency(ns), 2.6666666666666665
[THREAD_COUNT], MinLatency(ns), 2
[THREAD_COUNT], MaxLatency(ns), 3
[THREAD_COUNT], 95thPercentileLatency(ns), 3
[THREAD_COUNT], 99thPercentileLatency(ns), 3
[SYS_LOAD_AVG], Operations, 3
[SYS_LOAD_AVG], AverageLatency(ns), 4.666666666666667
[SYS_LOAD_AVG], MinLatency(ns), 4
[SYS_LOAD_AVG], MaxLatency(ns), 5
[SYS_LOAD_AVG], 95thPercentileLatency(ns), 5
[SYS_LOAD_AVG], 99thPercentileLatency(ns), 5
[LOAD], Operations, 1
[LOAD], AverageLatency(ns), 1.2988547072E10
[LOAD], MinLatency(ns), 12988514304
[LOAD], MaxLatency(ns), 12988579839
[LOAD], 95thPercentileLatency(ns), 12988579839
[LOAD], 99thPercentileLatency(ns), 12988579839
[USED_MEM_MB], Operations, 3
[USED_MEM_MB], AverageLatency(ns), 2708.3333333333335
[USED_MEM_MB], MinLatency(ns), 88
[USED_MEM_MB], MaxLatency(ns), 4603
[USED_MEM_MB], 95thPercentileLatency(ns), 4603
[USED_MEM_MB], 99thPercentileLatency(ns), 4603
[MAIN_GCs_Count], Operations, 1
[MAIN_GCs_Count], AverageLatency(ns), 5.0
[MAIN_GCs_Count], MinLatency(ns), 5
[MAIN_GCs_Count], MaxLatency(ns), 5
[MAIN_GCs_Count], 95thPercentileLatency(ns), 5
[MAIN_GCs_Count], 99thPercentileLatency(ns), 5
[MAIN_GCs_Time(ms)], Operations, 1
[MAIN_GCs_Time(ms)], AverageLatency(ns), 802.0
[MAIN_GCs_Time(ms)], MinLatency(ns), 802
[MAIN_GCs_Time(ms)], MaxLatency(ns), 802
[MAIN_GCs_Time(ms)], 95thPercentileLatency(ns), 802
[MAIN_GCs_Time(ms)], 99thPercentileLatency(ns), 802
[TRANSACTION], Operations, 1
[TRANSACTION], AverageLatency(ns), 6.641664E9
[TRANSACTION], MinLatency(ns), 6641647616
[TRANSACTION], MaxLatency(ns), 6641680383
[TRANSACTION], 95thPercentileLatency(ns), 6641680383
[TRANSACTION], 99thPercentileLatency(ns), 6641680383
[GCS_TIME], Operations, 3
[GCS_TIME], AverageLatency(ns), 937.3333333333334
[GCS_TIME], MinLatency(ns), 0
[GCS_TIME], MaxLatency(ns), 1569
[GCS_TIME], 95thPercentileLatency(ns), 1569
[GCS_TIME], 99thPercentileLatency(ns), 1569
[LOAD_GCs_Time(ms)], Operations, 1
[LOAD_GCs_Time(ms)], AverageLatency(ns), 2010.0
[LOAD_GCs_Time(ms)], MinLatency(ns), 2010
[LOAD_GCs_Time(ms)], MaxLatency(ns), 2010
[LOAD_GCs_Time(ms)], 95thPercentileLatency(ns), 2010
[LOAD_GCs_Time(ms)], 99thPercentileLatency(ns), 2010
[READ], Operations, 1499799
[READ], AverageLatency(ns), 950.6629174976114
[READ], MinLatency(ns), 57
[READ], MaxLatency(ns), 26297
[READ], 95thPercentileLatency(ns), 1680
[READ], 99thPercentileLatency(ns), 2094
[READ], Return=OK, 1499799
[INIT], Operations, 1
[INIT], AverageLatency(ns), 250636.0
[INIT], MinLatency(ns), 250636
[INIT], MaxLatency(ns), 250636
[INIT], 95thPercentileLatency(ns), 250636
[INIT], 99thPercentileLatency(ns), 250636
[GCS], Operations, 3
[GCS], AverageLatency(ns), 9.666666666666666
[GCS], MinLatency(ns), 0
[GCS], MaxLatency(ns), 21
[GCS], 95thPercentileLatency(ns), 21
[GCS], 99thPercentileLatency(ns), 21
[LOAD_GCs_Count], Operations, 1
[LOAD_GCs_Count], AverageLatency(ns), 24.0
[LOAD_GCs_Count], MinLatency(ns), 24
[LOAD_GCs_Count], MaxLatency(ns), 24
[LOAD_GCs_Count], 95thPercentileLatency(ns), 24
[LOAD_GCs_Count], 99thPercentileLatency(ns), 24
[CLEANUP], Operations, 1
[CLEANUP], AverageLatency(ns), 17334.0
[CLEANUP], MinLatency(ns), 17334
[CLEANUP], MaxLatency(ns), 17334
[CLEANUP], 95thPercentileLatency(ns), 17334
[CLEANUP], 99thPercentileLatency(ns), 17334
[INSERT], Operations, 1000000
[INSERT], AverageLatency(ns), 1826.988502
[INSERT], MinLatency(ns), 331
[INSERT], MaxLatency(ns), 127340543
[INSERT], 95thPercentileLatency(ns), 2347
[INSERT], 99thPercentileLatency(ns), 3200
[INSERT], Return=OK, 1000000
[UPDATE], Operations, 1500201
[UPDATE], AverageLatency(ns), 1143.7723185093198
[UPDATE], MinLatency(ns), 150
[UPDATE], MaxLatency(ns), 462941
[UPDATE], 95thPercentileLatency(ns), 1917
[UPDATE], 99thPercentileLatency(ns), 2375
[UPDATE], Return=OK, 1500201
