/home/anatole/jdk8u/build/linux-x86_64-normal-server-release/jdk/bin/java -Xmx20g -XX:+UseG1GC -classpath /home/anatole/ycsb/conf:/home/anatole/ycsb/core/target/core-0.18.0-SNAPSHOT.jar:/home/anatole/ycsb/core/target/dependency/HdrHistogram-2.1.4.jar:/home/anatole/ycsb/core/target/dependency/guava-18.0.jar:/home/anatole/ycsb/core/target/dependency/htrace-core4-4.1.0-incubating.jar:/home/anatole/ycsb/core/target/dependency/jackson-core-asl-1.9.4.jar:/home/anatole/ycsb/core/target/dependency/jackson-mapper-asl-1.9.4.jar:/home/anatole/ycsb/core/target/dependency/javax.persistence-api-2.2.jar:/home/anatole/ycsb/core/target/dependency/jnvm-1.0-SNAPSHOT.jar:/home/anatole/ycsb/core/target/dependency/pcj-1.0.jar:/home/anatole/ycsb/core/target/dependency/unsafe-helper-1.0.jar:/home/anatole/ycsb/jnvm/target/jnvm-binding-0.18.0-SNAPSHOT.jar:/home/anatole/ycsb/jnvm/target/dependency/guava-18.0.jar:/home/anatole/ycsb/jnvm/target/dependency/javax.persistence-api-2.2.jar:/home/anatole/ycsb/jnvm/target/dependency/jnvm-1.0-SNAPSHOT.jar:/home/anatole/ycsb/jnvm/target/dependency/unsafe-helper-1.0.jar site.ycsb.Client -t -db site.ycsb.db.BlackholeClient -P ../workloads/workloada -preload -s -threads 1 -p dataintegrity=false -p offheap=true -p recordcount=1000000 -p operationcount=3000000 -p fieldcount=10 -p fieldlength=100 -p requestdistribution=zipfian -p measurement.trackjvm=true -p measurementtype=hdrhistogram -p hdrhistogram.output.path=./out/exp8.pdt.ref/log/jnvm-blackhole-offheap.run.workloada.false.1000000.1.10.100.zipfian.1.false.true.default.default.none.r5.hdr.log
[OVERALL], RunTime(ms), 2365
[OVERALL], Throughput(ops/sec), 1691331.9238900635
[TOTAL_GCS_G1_Young_Generation], Count, 3
[TOTAL_GC_TIME_G1_Young_Generation], Time(ms), 17
[TOTAL_GC_TIME_%_G1_Young_Generation], Time(%), 0.718816067653277
[TOTAL_GCS_G1_Old_Generation], Count, 0
[TOTAL_GC_TIME_G1_Old_Generation], Time(ms), 0
[TOTAL_GC_TIME_%_G1_Old_Generation], Time(%), 0.0
[TOTAL_GCs], Count, 3
[TOTAL_GC_TIME], Time(ms), 17
[TOTAL_GC_TIME_%], Time(%), 0.718816067653277
[MAX_MEM_USED], MBs, 1354
[MIN_MEM_USED], MBs, 52
[MAX_THREADS], Count, 3
[MIN_THREADS], Count, 2
[MAX_SYS_LOAD_AVG], Load, 1.07
[MIN_SYS_LOAD_AVG], Load, 1.07
[THREAD_COUNT], Operations, 2
[THREAD_COUNT], AverageLatency(ns), 2.5
[THREAD_COUNT], MinLatency(ns), 2
[THREAD_COUNT], MaxLatency(ns), 3
[THREAD_COUNT], 95thPercentileLatency(ns), 3
[THREAD_COUNT], 99thPercentileLatency(ns), 3
[SYS_LOAD_AVG], Operations, 2
[SYS_LOAD_AVG], AverageLatency(ns), 1.0
[SYS_LOAD_AVG], MinLatency(ns), 1
[SYS_LOAD_AVG], MaxLatency(ns), 1
[SYS_LOAD_AVG], 95thPercentileLatency(ns), 1
[SYS_LOAD_AVG], 99thPercentileLatency(ns), 1
[LOAD], Operations, 1
[LOAD], AverageLatency(ns), 1.044310016E9
[LOAD], MinLatency(ns), 1044307968
[LOAD], MaxLatency(ns), 1044312063
[LOAD], 95thPercentileLatency(ns), 1044312063
[LOAD], 99thPercentileLatency(ns), 1044312063
[USED_MEM_MB], Operations, 2
[USED_MEM_MB], AverageLatency(ns), 703.0
[USED_MEM_MB], MinLatency(ns), 52
[USED_MEM_MB], MaxLatency(ns), 1354
[USED_MEM_MB], 95thPercentileLatency(ns), 1354
[USED_MEM_MB], 99thPercentileLatency(ns), 1354
[MAIN_GCs_Count], Operations, 1
[MAIN_GCs_Count], AverageLatency(ns), 1.0
[MAIN_GCs_Count], MinLatency(ns), 1
[MAIN_GCs_Count], MaxLatency(ns), 1
[MAIN_GCs_Count], 95thPercentileLatency(ns), 1
[MAIN_GCs_Count], 99thPercentileLatency(ns), 1
[MAIN_GCs_Time(ms)], Operations, 1
[MAIN_GCs_Time(ms)], AverageLatency(ns), 5.0
[MAIN_GCs_Time(ms)], MinLatency(ns), 5
[MAIN_GCs_Time(ms)], MaxLatency(ns), 5
[MAIN_GCs_Time(ms)], 95thPercentileLatency(ns), 5
[MAIN_GCs_Time(ms)], 99thPercentileLatency(ns), 5
[TRANSACTION], Operations, 1
[TRANSACTION], AverageLatency(ns), 1.22365952E9
[TRANSACTION], MinLatency(ns), 1223655424
[TRANSACTION], MaxLatency(ns), 1223663615
[TRANSACTION], 95thPercentileLatency(ns), 1223663615
[TRANSACTION], 99thPercentileLatency(ns), 1223663615
[GCS_TIME], Operations, 2
[GCS_TIME], AverageLatency(ns), 8.5
[GCS_TIME], MinLatency(ns), 0
[GCS_TIME], MaxLatency(ns), 17
[GCS_TIME], 95thPercentileLatency(ns), 17
[GCS_TIME], 99thPercentileLatency(ns), 17
[LOAD_GCs_Time(ms)], Operations, 1
[LOAD_GCs_Time(ms)], AverageLatency(ns), 12.0
[LOAD_GCs_Time(ms)], MinLatency(ns), 12
[LOAD_GCs_Time(ms)], MaxLatency(ns), 12
[LOAD_GCs_Time(ms)], 95thPercentileLatency(ns), 12
[LOAD_GCs_Time(ms)], 99thPercentileLatency(ns), 12
[READ], Operations, 1500022
[READ], AverageLatency(ns), 19.384569692977838
[READ], MinLatency(ns), 18
[READ], MaxLatency(ns), 10910
[READ], 95thPercentileLatency(ns), 20
[READ], 99thPercentileLatency(ns), 30
[READ], Return=OK, 1500022
[INIT], Operations, 1
[INIT], AverageLatency(ns), 5325.0
[INIT], MinLatency(ns), 5325
[INIT], MaxLatency(ns), 5325
[INIT], 95thPercentileLatency(ns), 5325
[INIT], 99thPercentileLatency(ns), 5325
[GCS], Operations, 2
[GCS], AverageLatency(ns), 1.5
[GCS], MinLatency(ns), 0
[GCS], MaxLatency(ns), 3
[GCS], 95thPercentileLatency(ns), 3
[GCS], 99thPercentileLatency(ns), 3
[LOAD_GCs_Count], Operations, 1
[LOAD_GCs_Count], AverageLatency(ns), 2.0
[LOAD_GCs_Count], MinLatency(ns), 2
[LOAD_GCs_Count], MaxLatency(ns), 2
[LOAD_GCs_Count], 95thPercentileLatency(ns), 2
[LOAD_GCs_Count], 99thPercentileLatency(ns), 2
[CLEANUP], Operations, 1
[CLEANUP], AverageLatency(ns), 2051.0
[CLEANUP], MinLatency(ns), 2051
[CLEANUP], MaxLatency(ns), 2051
[CLEANUP], 95thPercentileLatency(ns), 2051
[CLEANUP], 99thPercentileLatency(ns), 2051
[INSERT], Operations, 1000000
[INSERT], AverageLatency(ns), 20.807391
[INSERT], MinLatency(ns), 18
[INSERT], MaxLatency(ns), 15882
[INSERT], 95thPercentileLatency(ns), 25
[INSERT], 99thPercentileLatency(ns), 51
[INSERT], Return=OK, 1000000
[UPDATE], Operations, 1499978
[UPDATE], AverageLatency(ns), 19.68292068283668
[UPDATE], MinLatency(ns), 17
[UPDATE], MaxLatency(ns), 16146
[UPDATE], 95thPercentileLatency(ns), 21
[UPDATE], 99thPercentileLatency(ns), 31
[UPDATE], Return=OK, 1499978
