/home/anatole/jdk8u/build/linux-x86_64-normal-server-release/jdk/bin/java -Xmx20g -XX:+UseG1GC -classpath /home/anatole/ycsb/conf:/home/anatole/ycsb/core/target/core-0.18.0-SNAPSHOT.jar:/home/anatole/ycsb/core/target/dependency/HdrHistogram-2.1.4.jar:/home/anatole/ycsb/core/target/dependency/guava-18.0.jar:/home/anatole/ycsb/core/target/dependency/htrace-core4-4.1.0-incubating.jar:/home/anatole/ycsb/core/target/dependency/jackson-core-asl-1.9.4.jar:/home/anatole/ycsb/core/target/dependency/jackson-mapper-asl-1.9.4.jar:/home/anatole/ycsb/core/target/dependency/javax.persistence-api-2.2.jar:/home/anatole/ycsb/core/target/dependency/jnvm-1.0-SNAPSHOT.jar:/home/anatole/ycsb/core/target/dependency/pcj-1.0.jar:/home/anatole/ycsb/core/target/dependency/unsafe-helper-1.0.jar:/home/anatole/ycsb/jnvm/target/jnvm-binding-0.18.0-SNAPSHOT.jar:/home/anatole/ycsb/jnvm/target/dependency/guava-18.0.jar:/home/anatole/ycsb/jnvm/target/dependency/javax.persistence-api-2.2.jar:/home/anatole/ycsb/jnvm/target/dependency/jnvm-1.0-SNAPSHOT.jar:/home/anatole/ycsb/jnvm/target/dependency/unsafe-helper-1.0.jar site.ycsb.Client -t -db site.ycsb.db.VolatileTreeMapClient -P ../workloads/workloada -preload -s -threads 1 -p dataintegrity=true -p offheap=false -p recordcount=1000000 -p operationcount=3000000 -p fieldcount=10 -p fieldlength=100 -p requestdistribution=zipfian -p measurement.trackjvm=true -p measurementtype=hdrhistogram -p hdrhistogram.output.path=./out/exp8.pdt.ref/log/jnvm-vtmap.run.workloada.true.1000000.1.10.100.zipfian.1.false.true.default.default.none.r1.hdr.log
[OVERALL], RunTime(ms), 19738
[OVERALL], Throughput(ops/sec), 202654.7775863816
[TOTAL_GCS_G1_Young_Generation], Count, 30
[TOTAL_GC_TIME_G1_Young_Generation], Time(ms), 2836
[TOTAL_GC_TIME_%_G1_Young_Generation], Time(%), 14.368223730874455
[TOTAL_GCS_G1_Old_Generation], Count, 0
[TOTAL_GC_TIME_G1_Old_Generation], Time(ms), 0
[TOTAL_GC_TIME_%_G1_Old_Generation], Time(%), 0.0
[TOTAL_GCs], Count, 30
[TOTAL_GC_TIME], Time(ms), 2836
[TOTAL_GC_TIME_%], Time(%), 14.368223730874455
[MAX_MEM_USED], MBs, 4579
[MIN_MEM_USED], MBs, 33
[MAX_THREADS], Count, 3
[MIN_THREADS], Count, 2
[MAX_SYS_LOAD_AVG], Load, 4.74
[MIN_SYS_LOAD_AVG], Load, 3.68
[THREAD_COUNT], Operations, 3
[THREAD_COUNT], AverageLatency(ns), 2.6666666666666665
[THREAD_COUNT], MinLatency(ns), 2
[THREAD_COUNT], MaxLatency(ns), 3
[THREAD_COUNT], 95thPercentileLatency(ns), 3
[THREAD_COUNT], 99thPercentileLatency(ns), 3
[SYS_LOAD_AVG], Operations, 3
[SYS_LOAD_AVG], AverageLatency(ns), 3.6666666666666665
[SYS_LOAD_AVG], MinLatency(ns), 3
[SYS_LOAD_AVG], MaxLatency(ns), 4
[SYS_LOAD_AVG], 95thPercentileLatency(ns), 4
[SYS_LOAD_AVG], 99thPercentileLatency(ns), 4
[LOAD], Operations, 1
[LOAD], AverageLatency(ns), 1.2929957888E10
[LOAD], MinLatency(ns), 12929925120
[LOAD], MaxLatency(ns), 12929990655
[LOAD], 95thPercentileLatency(ns), 12929990655
[LOAD], 99thPercentileLatency(ns), 12929990655
[USED_MEM_MB], Operations, 3
[USED_MEM_MB], AverageLatency(ns), 2660.6666666666665
[USED_MEM_MB], MinLatency(ns), 33
[USED_MEM_MB], MaxLatency(ns), 4579
[USED_MEM_MB], 95thPercentileLatency(ns), 4579
[USED_MEM_MB], 99thPercentileLatency(ns), 4579
[MAIN_GCs_Count], Operations, 1
[MAIN_GCs_Count], AverageLatency(ns), 5.0
[MAIN_GCs_Count], MinLatency(ns), 5
[MAIN_GCs_Count], MaxLatency(ns), 5
[MAIN_GCs_Count], 95thPercentileLatency(ns), 5
[MAIN_GCs_Count], 99thPercentileLatency(ns), 5
[MAIN_GCs_Time(ms)], Operations, 1
[MAIN_GCs_Time(ms)], AverageLatency(ns), 825.0
[MAIN_GCs_Time(ms)], MinLatency(ns), 825
[MAIN_GCs_Time(ms)], MaxLatency(ns), 825
[MAIN_GCs_Time(ms)], 95thPercentileLatency(ns), 825
[MAIN_GCs_Time(ms)], 99thPercentileLatency(ns), 825
[TRANSACTION], Operations, 1
[TRANSACTION], AverageLatency(ns), 6.70851072E9
[TRANSACTION], MinLatency(ns), 6708494336
[TRANSACTION], MaxLatency(ns), 6708527103
[TRANSACTION], 95thPercentileLatency(ns), 6708527103
[TRANSACTION], 99thPercentileLatency(ns), 6708527103
[GCS_TIME], Operations, 3
[GCS_TIME], AverageLatency(ns), 945.3333333333334
[GCS_TIME], MinLatency(ns), 0
[GCS_TIME], MaxLatency(ns), 1561
[GCS_TIME], 95thPercentileLatency(ns), 1561
[GCS_TIME], 99thPercentileLatency(ns), 1561
[LOAD_GCs_Time(ms)], Operations, 1
[LOAD_GCs_Time(ms)], AverageLatency(ns), 2011.0
[LOAD_GCs_Time(ms)], MinLatency(ns), 2011
[LOAD_GCs_Time(ms)], MaxLatency(ns), 2011
[LOAD_GCs_Time(ms)], 95thPercentileLatency(ns), 2011
[LOAD_GCs_Time(ms)], 99thPercentileLatency(ns), 2011
[READ], Operations, 1499381
[READ], AverageLatency(ns), 952.2448997286214
[READ], MinLatency(ns), 61
[READ], MaxLatency(ns), 25988
[READ], 95thPercentileLatency(ns), 1684
[READ], 99thPercentileLatency(ns), 2102
[READ], Return=OK, 1499381
[INIT], Operations, 1
[INIT], AverageLatency(ns), 304015.0
[INIT], MinLatency(ns), 304014
[INIT], MaxLatency(ns), 304015
[INIT], 95thPercentileLatency(ns), 304015
[INIT], 99thPercentileLatency(ns), 304015
[GCS], Operations, 3
[GCS], AverageLatency(ns), 10.0
[GCS], MinLatency(ns), 0
[GCS], MaxLatency(ns), 22
[GCS], 95thPercentileLatency(ns), 22
[GCS], 99thPercentileLatency(ns), 22
[LOAD_GCs_Count], Operations, 1
[LOAD_GCs_Count], AverageLatency(ns), 25.0
[LOAD_GCs_Count], MinLatency(ns), 25
[LOAD_GCs_Count], MaxLatency(ns), 25
[LOAD_GCs_Count], 95thPercentileLatency(ns), 25
[LOAD_GCs_Count], 99thPercentileLatency(ns), 25
[CLEANUP], Operations, 1
[CLEANUP], AverageLatency(ns), 14281.0
[CLEANUP], MinLatency(ns), 14281
[CLEANUP], MaxLatency(ns), 14281
[CLEANUP], 95thPercentileLatency(ns), 14281
[CLEANUP], 99thPercentileLatency(ns), 14281
[INSERT], Operations, 1000000
[INSERT], AverageLatency(ns), 1673.291223
[INSERT], MinLatency(ns), 341
[INSERT], MaxLatency(ns), 417383
[INSERT], 95thPercentileLatency(ns), 2330
[INSERT], 99thPercentileLatency(ns), 2984
[INSERT], Return=OK, 1000000
[UPDATE], Operations, 1500619
[UPDATE], AverageLatency(ns), 1161.5012065021167
[UPDATE], MinLatency(ns), 141
[UPDATE], MaxLatency(ns), 391627
[UPDATE], 95thPercentileLatency(ns), 1949
[UPDATE], 99thPercentileLatency(ns), 2426
[UPDATE], Return=OK, 1500619
