/home/anatole/jdk8u/build/linux-x86_64-normal-server-release/jdk/bin/java -Xmx20g -XX:+UseG1GC -classpath /home/anatole/ycsb/conf:/home/anatole/ycsb/core/target/core-0.18.0-SNAPSHOT.jar:/home/anatole/ycsb/core/target/dependency/HdrHistogram-2.1.4.jar:/home/anatole/ycsb/core/target/dependency/guava-18.0.jar:/home/anatole/ycsb/core/target/dependency/htrace-core4-4.1.0-incubating.jar:/home/anatole/ycsb/core/target/dependency/jackson-core-asl-1.9.4.jar:/home/anatole/ycsb/core/target/dependency/jackson-mapper-asl-1.9.4.jar:/home/anatole/ycsb/core/target/dependency/javax.persistence-api-2.2.jar:/home/anatole/ycsb/core/target/dependency/jnvm-1.0-SNAPSHOT.jar:/home/anatole/ycsb/core/target/dependency/pcj-1.0.jar:/home/anatole/ycsb/core/target/dependency/unsafe-helper-1.0.jar:/home/anatole/ycsb/jnvm/target/jnvm-binding-0.18.0-SNAPSHOT.jar:/home/anatole/ycsb/jnvm/target/dependency/guava-18.0.jar:/home/anatole/ycsb/jnvm/target/dependency/javax.persistence-api-2.2.jar:/home/anatole/ycsb/jnvm/target/dependency/jnvm-1.0-SNAPSHOT.jar:/home/anatole/ycsb/jnvm/target/dependency/unsafe-helper-1.0.jar site.ycsb.Client -t -db site.ycsb.db.RecoverableSkipListMapClient -P ../workloads/workloada -s -threads 1 -p dataintegrity=false -p offheap=true -p recordcount=1000000 -p operationcount=3000000 -p fieldcount=10 -p fieldlength=100 -p requestdistribution=zipfian -p measurement.trackjvm=true -p measurementtype=hdrhistogram -p hdrhistogram.output.path=./out/exp8.pdt.ref/log/jnvm-rslmap.run.workloada.false.1000000.1.10.100.zipfian.1.false.true.default.default.none.r4.hdr.log
[OVERALL], RunTime(ms), 18643
[OVERALL], Throughput(ops/sec), 160918.3071394089
[TOTAL_GCS_G1_Young_Generation], Count, 29
[TOTAL_GC_TIME_G1_Young_Generation], Time(ms), 3282
[TOTAL_GC_TIME_%_G1_Young_Generation], Time(%), 17.604462801051334
[TOTAL_GCS_G1_Old_Generation], Count, 0
[TOTAL_GC_TIME_G1_Old_Generation], Time(ms), 0
[TOTAL_GC_TIME_%_G1_Old_Generation], Time(%), 0.0
[TOTAL_GCs], Count, 29
[TOTAL_GC_TIME], Time(ms), 3282
[TOTAL_GC_TIME_%], Time(%), 17.604462801051334
[MAX_MEM_USED], MBs, 5164
[MIN_MEM_USED], MBs, 28
[MAX_THREADS], Count, 41
[MIN_THREADS], Count, 3
[MAX_SYS_LOAD_AVG], Load, 8.99
[MIN_SYS_LOAD_AVG], Load, 6.79
[THREAD_COUNT], Operations, 3
[THREAD_COUNT], AverageLatency(ns), 27.333333333333332
[THREAD_COUNT], MinLatency(ns), 3
[THREAD_COUNT], MaxLatency(ns), 41
[THREAD_COUNT], 95thPercentileLatency(ns), 41
[THREAD_COUNT], 99thPercentileLatency(ns), 41
[SYS_LOAD_AVG], Operations, 3
[SYS_LOAD_AVG], AverageLatency(ns), 7.0
[SYS_LOAD_AVG], MinLatency(ns), 6
[SYS_LOAD_AVG], MaxLatency(ns), 8
[SYS_LOAD_AVG], 95thPercentileLatency(ns), 8
[SYS_LOAD_AVG], 99thPercentileLatency(ns), 8
[USED_MEM_MB], Operations, 3
[USED_MEM_MB], AverageLatency(ns), 3408.6666666666665
[USED_MEM_MB], MinLatency(ns), 28
[USED_MEM_MB], MaxLatency(ns), 5164
[USED_MEM_MB], 95thPercentileLatency(ns), 5164
[USED_MEM_MB], 99thPercentileLatency(ns), 5164
[MAIN_GCs_Count], Operations, 1
[MAIN_GCs_Count], AverageLatency(ns), 3.0
[MAIN_GCs_Count], MinLatency(ns), 3
[MAIN_GCs_Count], MaxLatency(ns), 3
[MAIN_GCs_Count], 95thPercentileLatency(ns), 3
[MAIN_GCs_Count], 99thPercentileLatency(ns), 3
[MAIN_GCs_Time(ms)], Operations, 1
[MAIN_GCs_Time(ms)], AverageLatency(ns), 860.0
[MAIN_GCs_Time(ms)], MinLatency(ns), 860
[MAIN_GCs_Time(ms)], MaxLatency(ns), 860
[MAIN_GCs_Time(ms)], 95thPercentileLatency(ns), 860
[MAIN_GCs_Time(ms)], 99thPercentileLatency(ns), 860
[TRANSACTION], Operations, 1
[TRANSACTION], AverageLatency(ns), 1.2421726208E10
[TRANSACTION], MinLatency(ns), 12421693440
[TRANSACTION], MaxLatency(ns), 12421758975
[TRANSACTION], 95thPercentileLatency(ns), 12421758975
[TRANSACTION], 99thPercentileLatency(ns), 12421758975
[GCS_TIME], Operations, 3
[GCS_TIME], AverageLatency(ns), 1094.0
[GCS_TIME], MinLatency(ns), 0
[GCS_TIME], MaxLatency(ns), 2540
[GCS_TIME], 95thPercentileLatency(ns), 2540
[GCS_TIME], 99thPercentileLatency(ns), 2540
[READ], Operations, 1498016
[READ], AverageLatency(ns), 2494.362020165339
[READ], MinLatency(ns), 283
[READ], MaxLatency(ns), 187063
[READ], 95thPercentileLatency(ns), 4309
[READ], 99thPercentileLatency(ns), 5391
[READ], Return=OK, 1498016
[INIT], Operations, 1
[INIT], AverageLatency(ns), 6.169280512E9
[INIT], MinLatency(ns), 6169264128
[INIT], MaxLatency(ns), 6169296895
[INIT], 95thPercentileLatency(ns), 6169296895
[INIT], 99thPercentileLatency(ns), 6169296895
[GCS], Operations, 3
[GCS], AverageLatency(ns), 9.666666666666666
[GCS], MinLatency(ns), 0
[GCS], MaxLatency(ns), 27
[GCS], 95thPercentileLatency(ns), 27
[GCS], 99thPercentileLatency(ns), 27
[CLEANUP], Operations, 1
[CLEANUP], AverageLatency(ns), 23407.0
[CLEANUP], MinLatency(ns), 23407
[CLEANUP], MaxLatency(ns), 23407
[CLEANUP], 95thPercentileLatency(ns), 23407
[CLEANUP], 99thPercentileLatency(ns), 23407
[UPDATE], Operations, 1501984
[UPDATE], AverageLatency(ns), 4563.1283975062315
[UPDATE], MinLatency(ns), 994
[UPDATE], MaxLatency(ns), 382117887
[UPDATE], 95thPercentileLatency(ns), 6119
[UPDATE], 99thPercentileLatency(ns), 7375
[UPDATE], Return=OK, 1501984
