/home/anatole/jdk8u/build/linux-x86_64-normal-server-release/jdk/bin/java -Xmx20g -XX:+UseG1GC -classpath /home/anatole/ycsb/conf:/home/anatole/ycsb/core/target/core-0.18.0-SNAPSHOT.jar:/home/anatole/ycsb/core/target/dependency/HdrHistogram-2.1.4.jar:/home/anatole/ycsb/core/target/dependency/guava-18.0.jar:/home/anatole/ycsb/core/target/dependency/htrace-core4-4.1.0-incubating.jar:/home/anatole/ycsb/core/target/dependency/jackson-core-asl-1.9.4.jar:/home/anatole/ycsb/core/target/dependency/jackson-mapper-asl-1.9.4.jar:/home/anatole/ycsb/core/target/dependency/javax.persistence-api-2.2.jar:/home/anatole/ycsb/core/target/dependency/jnvm-1.0-SNAPSHOT.jar:/home/anatole/ycsb/core/target/dependency/pcj-1.0.jar:/home/anatole/ycsb/core/target/dependency/unsafe-helper-1.0.jar:/home/anatole/ycsb/jnvm/target/jnvm-binding-0.18.0-SNAPSHOT.jar:/home/anatole/ycsb/jnvm/target/dependency/guava-18.0.jar:/home/anatole/ycsb/jnvm/target/dependency/javax.persistence-api-2.2.jar:/home/anatole/ycsb/jnvm/target/dependency/jnvm-1.0-SNAPSHOT.jar:/home/anatole/ycsb/jnvm/target/dependency/unsafe-helper-1.0.jar site.ycsb.Client -t -db site.ycsb.db.RecoverableHashMapClient -P ../workloads/workloada -s -threads 1 -p dataintegrity=true -p offheap=true -p recordcount=1000000 -p operationcount=3000000 -p fieldcount=10 -p fieldlength=100 -p requestdistribution=zipfian -p measurement.trackjvm=true -p measurementtype=hdrhistogram -p hdrhistogram.output.path=./out/exp8.pdt.ref/log/jnvm-rhmap.run.workloada.true.1000000.1.10.100.zipfian.1.false.true.default.default.none.r6.hdr.log
[OVERALL], RunTime(ms), 13143
[OVERALL], Throughput(ops/sec), 228258.3884957772
[TOTAL_GCS_G1_Young_Generation], Count, 31
[TOTAL_GC_TIME_G1_Young_Generation], Time(ms), 4059
[TOTAL_GC_TIME_%_G1_Young_Generation], Time(%), 30.883359963478657
[TOTAL_GCS_G1_Old_Generation], Count, 0
[TOTAL_GC_TIME_G1_Old_Generation], Time(ms), 0
[TOTAL_GC_TIME_%_G1_Old_Generation], Time(%), 0.0
[TOTAL_GCs], Count, 31
[TOTAL_GC_TIME], Time(ms), 4059
[TOTAL_GC_TIME_%], Time(%), 30.883359963478657
[MAX_MEM_USED], MBs, 5191
[MIN_MEM_USED], MBs, 28
[MAX_THREADS], Count, 41
[MIN_THREADS], Count, 3
[MAX_SYS_LOAD_AVG], Load, 14.58
[MIN_SYS_LOAD_AVG], Load, 11.95
[THREAD_COUNT], Operations, 3
[THREAD_COUNT], AverageLatency(ns), 27.666666666666668
[THREAD_COUNT], MinLatency(ns), 3
[THREAD_COUNT], MaxLatency(ns), 41
[THREAD_COUNT], 95thPercentileLatency(ns), 41
[THREAD_COUNT], 99thPercentileLatency(ns), 41
[SYS_LOAD_AVG], Operations, 3
[SYS_LOAD_AVG], AverageLatency(ns), 13.0
[SYS_LOAD_AVG], MinLatency(ns), 11
[SYS_LOAD_AVG], MaxLatency(ns), 14
[SYS_LOAD_AVG], 95thPercentileLatency(ns), 14
[SYS_LOAD_AVG], 99thPercentileLatency(ns), 14
[USED_MEM_MB], Operations, 3
[USED_MEM_MB], AverageLatency(ns), 3394.6666666666665
[USED_MEM_MB], MinLatency(ns), 28
[USED_MEM_MB], MaxLatency(ns), 5191
[USED_MEM_MB], 95thPercentileLatency(ns), 5191
[USED_MEM_MB], 99thPercentileLatency(ns), 5191
[MAIN_GCs_Count], Operations, 1
[MAIN_GCs_Count], AverageLatency(ns), 6.0
[MAIN_GCs_Count], MinLatency(ns), 6
[MAIN_GCs_Count], MaxLatency(ns), 6
[MAIN_GCs_Count], 95thPercentileLatency(ns), 6
[MAIN_GCs_Count], 99thPercentileLatency(ns), 6
[MAIN_GCs_Time(ms)], Operations, 1
[MAIN_GCs_Time(ms)], AverageLatency(ns), 1523.0
[MAIN_GCs_Time(ms)], MinLatency(ns), 1523
[MAIN_GCs_Time(ms)], MaxLatency(ns), 1523
[MAIN_GCs_Time(ms)], 95thPercentileLatency(ns), 1523
[MAIN_GCs_Time(ms)], 99thPercentileLatency(ns), 1523
[TRANSACTION], Operations, 1
[TRANSACTION], AverageLatency(ns), 7.451754496E9
[TRANSACTION], MinLatency(ns), 7451738112
[TRANSACTION], MaxLatency(ns), 7451770879
[TRANSACTION], 95thPercentileLatency(ns), 7451770879
[TRANSACTION], 99thPercentileLatency(ns), 7451770879
[GCS_TIME], Operations, 3
[GCS_TIME], AverageLatency(ns), 1353.0
[GCS_TIME], MinLatency(ns), 0
[GCS_TIME], MaxLatency(ns), 3375
[GCS_TIME], 95thPercentileLatency(ns), 3375
[GCS_TIME], 99thPercentileLatency(ns), 3375
[READ], Operations, 1501994
[READ], AverageLatency(ns), 383.6764434478433
[READ], MinLatency(ns), 75
[READ], MaxLatency(ns), 40352
[READ], 95thPercentileLatency(ns), 741
[READ], 99thPercentileLatency(ns), 884
[READ], Return=OK, 1501994
[INIT], Operations, 1
[INIT], AverageLatency(ns), 5.631492096E9
[INIT], MinLatency(ns), 5631475712
[INIT], MaxLatency(ns), 5631508479
[INIT], 95thPercentileLatency(ns), 5631508479
[INIT], 99thPercentileLatency(ns), 5631508479
[GCS], Operations, 3
[GCS], AverageLatency(ns), 10.333333333333334
[GCS], MinLatency(ns), 0
[GCS], MaxLatency(ns), 29
[GCS], 95thPercentileLatency(ns), 29
[GCS], 99thPercentileLatency(ns), 29
[CLEANUP], Operations, 1
[CLEANUP], AverageLatency(ns), 20423.0
[CLEANUP], MinLatency(ns), 20423
[CLEANUP], MaxLatency(ns), 20423
[CLEANUP], 95thPercentileLatency(ns), 20423
[CLEANUP], 99thPercentileLatency(ns), 20423
[UPDATE], Operations, 1498006
[UPDATE], AverageLatency(ns), 1039.2187047314897
[UPDATE], MinLatency(ns), 118
[UPDATE], MaxLatency(ns), 80320
[UPDATE], 95thPercentileLatency(ns), 1644
[UPDATE], 99thPercentileLatency(ns), 2232
[UPDATE], Return=OK, 1498006
