/home/anatole/jdk8u/build/linux-x86_64-normal-server-release/jdk/bin/java -Xmx20g -XX:+UseG1GC -classpath /home/anatole/ycsb/conf:/home/anatole/ycsb/core/target/core-0.18.0-SNAPSHOT.jar:/home/anatole/ycsb/core/target/dependency/HdrHistogram-2.1.4.jar:/home/anatole/ycsb/core/target/dependency/guava-18.0.jar:/home/anatole/ycsb/core/target/dependency/htrace-core4-4.1.0-incubating.jar:/home/anatole/ycsb/core/target/dependency/jackson-core-asl-1.9.4.jar:/home/anatole/ycsb/core/target/dependency/jackson-mapper-asl-1.9.4.jar:/home/anatole/ycsb/core/target/dependency/javax.persistence-api-2.2.jar:/home/anatole/ycsb/core/target/dependency/jnvm-1.0-SNAPSHOT.jar:/home/anatole/ycsb/core/target/dependency/pcj-1.0.jar:/home/anatole/ycsb/core/target/dependency/unsafe-helper-1.0.jar:/home/anatole/ycsb/jnvm/target/jnvm-binding-0.18.0-SNAPSHOT.jar:/home/anatole/ycsb/jnvm/target/dependency/guava-18.0.jar:/home/anatole/ycsb/jnvm/target/dependency/javax.persistence-api-2.2.jar:/home/anatole/ycsb/jnvm/target/dependency/jnvm-1.0-SNAPSHOT.jar:/home/anatole/ycsb/jnvm/target/dependency/unsafe-helper-1.0.jar site.ycsb.Client -t -db site.ycsb.db.RecoverableTreeMapClient -P ../workloads/workloada -s -threads 1 -p dataintegrity=true -p offheap=true -p recordcount=1000000 -p operationcount=3000000 -p fieldcount=10 -p fieldlength=100 -p requestdistribution=zipfian -p measurement.trackjvm=true -p measurementtype=hdrhistogram -p hdrhistogram.output.path=./out/exp8.pdt.ref/log/jnvm-rtmap.run.workloada.true.1000000.1.10.100.zipfian.1.false.true.default.default.none.r6.hdr.log
[OVERALL], RunTime(ms), 42067
[OVERALL], Throughput(ops/sec), 71314.8073311622
[TOTAL_GCS_G1_Young_Generation], Count, 47
[TOTAL_GC_TIME_G1_Young_Generation], Time(ms), 4491
[TOTAL_GC_TIME_%_G1_Young_Generation], Time(%), 10.67582665747498
[TOTAL_GCS_G1_Old_Generation], Count, 0
[TOTAL_GC_TIME_G1_Old_Generation], Time(ms), 0
[TOTAL_GC_TIME_%_G1_Old_Generation], Time(%), 0.0
[TOTAL_GCs], Count, 47
[TOTAL_GC_TIME], Time(ms), 4491
[TOTAL_GC_TIME_%], Time(%), 10.67582665747498
[MAX_MEM_USED], MBs, 5178
[MIN_MEM_USED], MBs, 28
[MAX_THREADS], Count, 42
[MIN_THREADS], Count, 3
[MAX_SYS_LOAD_AVG], Load, 9.28
[MIN_SYS_LOAD_AVG], Load, 6.57
[THREAD_COUNT], Operations, 6
[THREAD_COUNT], AverageLatency(ns), 34.5
[THREAD_COUNT], MinLatency(ns), 3
[THREAD_COUNT], MaxLatency(ns), 42
[THREAD_COUNT], 95thPercentileLatency(ns), 42
[THREAD_COUNT], 99thPercentileLatency(ns), 42
[SYS_LOAD_AVG], Operations, 6
[SYS_LOAD_AVG], AverageLatency(ns), 7.5
[SYS_LOAD_AVG], MinLatency(ns), 6
[SYS_LOAD_AVG], MaxLatency(ns), 9
[SYS_LOAD_AVG], 95thPercentileLatency(ns), 9
[SYS_LOAD_AVG], 99thPercentileLatency(ns), 9
[USED_MEM_MB], Operations, 6
[USED_MEM_MB], AverageLatency(ns), 3130.8333333333335
[USED_MEM_MB], MinLatency(ns), 28
[USED_MEM_MB], MaxLatency(ns), 5178
[USED_MEM_MB], 95thPercentileLatency(ns), 5178
[USED_MEM_MB], 99thPercentileLatency(ns), 5178
[MAIN_GCs_Count], Operations, 1
[MAIN_GCs_Count], AverageLatency(ns), 7.0
[MAIN_GCs_Count], MinLatency(ns), 7
[MAIN_GCs_Count], MaxLatency(ns), 7
[MAIN_GCs_Count], 95thPercentileLatency(ns), 7
[MAIN_GCs_Count], 99thPercentileLatency(ns), 7
[MAIN_GCs_Time(ms)], Operations, 1
[MAIN_GCs_Time(ms)], AverageLatency(ns), 1843.0
[MAIN_GCs_Time(ms)], MinLatency(ns), 1843
[MAIN_GCs_Time(ms)], MaxLatency(ns), 1843
[MAIN_GCs_Time(ms)], 95thPercentileLatency(ns), 1843
[MAIN_GCs_Time(ms)], 99thPercentileLatency(ns), 1843
[TRANSACTION], Operations, 1
[TRANSACTION], AverageLatency(ns), 1.1978244096E10
[TRANSACTION], MinLatency(ns), 11978211328
[TRANSACTION], MaxLatency(ns), 11978276863
[TRANSACTION], 95thPercentileLatency(ns), 11978276863
[TRANSACTION], 99thPercentileLatency(ns), 11978276863
[GCS_TIME], Operations, 6
[GCS_TIME], AverageLatency(ns), 748.5
[GCS_TIME], MinLatency(ns), 0
[GCS_TIME], MaxLatency(ns), 1843
[GCS_TIME], 95thPercentileLatency(ns), 1843
[GCS_TIME], 99thPercentileLatency(ns), 1843
[READ], Operations, 1499633
[READ], AverageLatency(ns), 1387.72595961812
[READ], MinLatency(ns), 62
[READ], MaxLatency(ns), 115349
[READ], 95thPercentileLatency(ns), 2313
[READ], 99thPercentileLatency(ns), 2891
[READ], Return=OK, 1499633
[INIT], Operations, 1
[INIT], AverageLatency(ns), 2.990047232E10
[INIT], MinLatency(ns), 29900406784
[INIT], MaxLatency(ns), 29900537855
[INIT], 95thPercentileLatency(ns), 29900537855
[INIT], 99thPercentileLatency(ns), 29900537855
[GCS], Operations, 6
[GCS], AverageLatency(ns), 7.833333333333333
[GCS], MinLatency(ns), 0
[GCS], MaxLatency(ns), 17
[GCS], 95thPercentileLatency(ns), 17
[GCS], 99thPercentileLatency(ns), 17
[CLEANUP], Operations, 1
[CLEANUP], AverageLatency(ns), 26102.0
[CLEANUP], MinLatency(ns), 26102
[CLEANUP], MaxLatency(ns), 26102
[CLEANUP], 95thPercentileLatency(ns), 26102
[CLEANUP], 99thPercentileLatency(ns), 26102
[UPDATE], Operations, 1500367
[UPDATE], AverageLatency(ns), 2081.4613424582117
[UPDATE], MinLatency(ns), 191
[UPDATE], MaxLatency(ns), 10689023
[UPDATE], 95thPercentileLatency(ns), 3154
[UPDATE], 99thPercentileLatency(ns), 3986
[UPDATE], Return=OK, 1500367
