/home/anatole/jdk8u/build/linux-x86_64-normal-server-release/jdk/bin/java -Xmx20g -XX:+UseG1GC -classpath /home/anatole/ycsb/conf:/home/anatole/ycsb/core/target/core-0.18.0-SNAPSHOT.jar:/home/anatole/ycsb/core/target/dependency/HdrHistogram-2.1.4.jar:/home/anatole/ycsb/core/target/dependency/guava-18.0.jar:/home/anatole/ycsb/core/target/dependency/htrace-core4-4.1.0-incubating.jar:/home/anatole/ycsb/core/target/dependency/jackson-core-asl-1.9.4.jar:/home/anatole/ycsb/core/target/dependency/jackson-mapper-asl-1.9.4.jar:/home/anatole/ycsb/core/target/dependency/javax.persistence-api-2.2.jar:/home/anatole/ycsb/core/target/dependency/jnvm-1.0-SNAPSHOT.jar:/home/anatole/ycsb/core/target/dependency/pcj-1.0.jar:/home/anatole/ycsb/core/target/dependency/unsafe-helper-1.0.jar:/home/anatole/ycsb/jnvm/target/jnvm-binding-0.18.0-SNAPSHOT.jar:/home/anatole/ycsb/jnvm/target/dependency/guava-18.0.jar:/home/anatole/ycsb/jnvm/target/dependency/javax.persistence-api-2.2.jar:/home/anatole/ycsb/jnvm/target/dependency/jnvm-1.0-SNAPSHOT.jar:/home/anatole/ycsb/jnvm/target/dependency/unsafe-helper-1.0.jar site.ycsb.Client -t -db site.ycsb.db.VolatileTreeMapClient -P ../workloads/workloada -preload -s -threads 1 -p dataintegrity=true -p offheap=false -p recordcount=1000000 -p operationcount=3000000 -p fieldcount=10 -p fieldlength=100 -p requestdistribution=zipfian -p measurement.trackjvm=true -p measurementtype=hdrhistogram -p hdrhistogram.output.path=./out/exp8.pdt.ref/log/jnvm-vtmap.run.workloada.true.1000000.1.10.100.zipfian.1.false.true.default.default.none.r3.hdr.log
[OVERALL], RunTime(ms), 19920
[OVERALL], Throughput(ops/sec), 200803.2128514056
[TOTAL_GCS_G1_Young_Generation], Count, 29
[TOTAL_GC_TIME_G1_Young_Generation], Time(ms), 2886
[TOTAL_GC_TIME_%_G1_Young_Generation], Time(%), 14.487951807228916
[TOTAL_GCS_G1_Old_Generation], Count, 0
[TOTAL_GC_TIME_G1_Old_Generation], Time(ms), 0
[TOTAL_GC_TIME_%_G1_Old_Generation], Time(%), 0.0
[TOTAL_GCs], Count, 29
[TOTAL_GC_TIME], Time(ms), 2886
[TOTAL_GC_TIME_%], Time(%), 14.487951807228916
[MAX_MEM_USED], MBs, 4577
[MIN_MEM_USED], MBs, 93
[MAX_THREADS], Count, 3
[MIN_THREADS], Count, 2
[MAX_SYS_LOAD_AVG], Load, 6.9
[MIN_SYS_LOAD_AVG], Load, 4.98
[THREAD_COUNT], Operations, 3
[THREAD_COUNT], AverageLatency(ns), 2.6666666666666665
[THREAD_COUNT], MinLatency(ns), 2
[THREAD_COUNT], MaxLatency(ns), 3
[THREAD_COUNT], 95thPercentileLatency(ns), 3
[THREAD_COUNT], 99thPercentileLatency(ns), 3
[SYS_LOAD_AVG], Operations, 3
[SYS_LOAD_AVG], AverageLatency(ns), 5.333333333333333
[SYS_LOAD_AVG], MinLatency(ns), 4
[SYS_LOAD_AVG], MaxLatency(ns), 6
[SYS_LOAD_AVG], 95thPercentileLatency(ns), 6
[SYS_LOAD_AVG], 99thPercentileLatency(ns), 6
[LOAD], Operations, 1
[LOAD], AverageLatency(ns), 1.3129121792E10
[LOAD], MinLatency(ns), 13129089024
[LOAD], MaxLatency(ns), 13129154559
[LOAD], 95thPercentileLatency(ns), 13129154559
[LOAD], 99thPercentileLatency(ns), 13129154559
[USED_MEM_MB], Operations, 3
[USED_MEM_MB], AverageLatency(ns), 2558.0
[USED_MEM_MB], MinLatency(ns), 93
[USED_MEM_MB], MaxLatency(ns), 4577
[USED_MEM_MB], 95thPercentileLatency(ns), 4577
[USED_MEM_MB], 99thPercentileLatency(ns), 4577
[MAIN_GCs_Count], Operations, 1
[MAIN_GCs_Count], AverageLatency(ns), 5.0
[MAIN_GCs_Count], MinLatency(ns), 5
[MAIN_GCs_Count], MaxLatency(ns), 5
[MAIN_GCs_Count], 95thPercentileLatency(ns), 5
[MAIN_GCs_Count], 99thPercentileLatency(ns), 5
[MAIN_GCs_Time(ms)], Operations, 1
[MAIN_GCs_Time(ms)], AverageLatency(ns), 857.0
[MAIN_GCs_Time(ms)], MinLatency(ns), 857
[MAIN_GCs_Time(ms)], MaxLatency(ns), 857
[MAIN_GCs_Time(ms)], 95thPercentileLatency(ns), 857
[MAIN_GCs_Time(ms)], 99thPercentileLatency(ns), 857
[TRANSACTION], Operations, 1
[TRANSACTION], AverageLatency(ns), 6.720438272E9
[TRANSACTION], MinLatency(ns), 6720421888
[TRANSACTION], MaxLatency(ns), 6720454655
[TRANSACTION], 95thPercentileLatency(ns), 6720454655
[TRANSACTION], 99thPercentileLatency(ns), 6720454655
[GCS_TIME], Operations, 3
[GCS_TIME], AverageLatency(ns), 962.0
[GCS_TIME], MinLatency(ns), 29
[GCS_TIME], MaxLatency(ns), 1571
[GCS_TIME], 95thPercentileLatency(ns), 1571
[GCS_TIME], 99thPercentileLatency(ns), 1571
[LOAD_GCs_Time(ms)], Operations, 1
[LOAD_GCs_Time(ms)], AverageLatency(ns), 2029.0
[LOAD_GCs_Time(ms)], MinLatency(ns), 2029
[LOAD_GCs_Time(ms)], MaxLatency(ns), 2029
[LOAD_GCs_Time(ms)], 95thPercentileLatency(ns), 2029
[LOAD_GCs_Time(ms)], 99thPercentileLatency(ns), 2029
[READ], Operations, 1499490
[READ], AverageLatency(ns), 965.3004168083816
[READ], MinLatency(ns), 56
[READ], MaxLatency(ns), 63947
[READ], 95thPercentileLatency(ns), 1706
[READ], 99thPercentileLatency(ns), 2129
[READ], Return=OK, 1499490
[INIT], Operations, 1
[INIT], AverageLatency(ns), 261941.0
[INIT], MinLatency(ns), 261941
[INIT], MaxLatency(ns), 261941
[INIT], 95thPercentileLatency(ns), 261941
[INIT], 99thPercentileLatency(ns), 261941
[GCS], Operations, 3
[GCS], AverageLatency(ns), 9.666666666666666
[GCS], MinLatency(ns), 1
[GCS], MaxLatency(ns), 20
[GCS], 95thPercentileLatency(ns), 20
[GCS], 99thPercentileLatency(ns), 20
[LOAD_GCs_Count], Operations, 1
[LOAD_GCs_Count], AverageLatency(ns), 24.0
[LOAD_GCs_Count], MinLatency(ns), 24
[LOAD_GCs_Count], MaxLatency(ns), 24
[LOAD_GCs_Count], 95thPercentileLatency(ns), 24
[LOAD_GCs_Count], 99thPercentileLatency(ns), 24
[CLEANUP], Operations, 1
[CLEANUP], AverageLatency(ns), 16040.0
[CLEANUP], MinLatency(ns), 16040
[CLEANUP], MaxLatency(ns), 16040
[CLEANUP], 95thPercentileLatency(ns), 16040
[CLEANUP], 99thPercentileLatency(ns), 16040
[INSERT], Operations, 1000000
[INSERT], AverageLatency(ns), 1694.635677
[INSERT], MinLatency(ns), 377
[INSERT], MaxLatency(ns), 590095
[INSERT], 95thPercentileLatency(ns), 2348
[INSERT], 99thPercentileLatency(ns), 3032
[INSERT], Return=OK, 1000000
[UPDATE], Operations, 1500510
[UPDATE], AverageLatency(ns), 1162.3297385555577
[UPDATE], MinLatency(ns), 149
[UPDATE], MaxLatency(ns), 245316
[UPDATE], 95thPercentileLatency(ns), 1950
[UPDATE], 99thPercentileLatency(ns), 2421
[UPDATE], Return=OK, 1500510
