/home/anatole/jdk8u/build/linux-x86_64-normal-server-release/jdk/bin/java -Xmx20g -XX:+UseG1GC -classpath /home/anatole/ycsb/conf:/home/anatole/ycsb/core/target/core-0.18.0-SNAPSHOT.jar:/home/anatole/ycsb/core/target/dependency/HdrHistogram-2.1.4.jar:/home/anatole/ycsb/core/target/dependency/guava-18.0.jar:/home/anatole/ycsb/core/target/dependency/htrace-core4-4.1.0-incubating.jar:/home/anatole/ycsb/core/target/dependency/jackson-core-asl-1.9.4.jar:/home/anatole/ycsb/core/target/dependency/jackson-mapper-asl-1.9.4.jar:/home/anatole/ycsb/core/target/dependency/javax.persistence-api-2.2.jar:/home/anatole/ycsb/core/target/dependency/jnvm-1.0-SNAPSHOT.jar:/home/anatole/ycsb/core/target/dependency/pcj-1.0.jar:/home/anatole/ycsb/core/target/dependency/unsafe-helper-1.0.jar:/home/anatole/ycsb/jnvm/target/jnvm-binding-0.18.0-SNAPSHOT.jar:/home/anatole/ycsb/jnvm/target/dependency/guava-18.0.jar:/home/anatole/ycsb/jnvm/target/dependency/javax.persistence-api-2.2.jar:/home/anatole/ycsb/jnvm/target/dependency/jnvm-1.0-SNAPSHOT.jar:/home/anatole/ycsb/jnvm/target/dependency/unsafe-helper-1.0.jar site.ycsb.Client -t -db site.ycsb.db.VolatileHashMapClient -P ../workloads/workloada -preload -s -threads 1 -p dataintegrity=false -p offheap=false -p recordcount=1000000 -p operationcount=3000000 -p fieldcount=10 -p fieldlength=100 -p requestdistribution=zipfian -p measurement.trackjvm=true -p measurementtype=hdrhistogram -p hdrhistogram.output.path=./out/exp8.pdt.ref/log/jnvm-vhmap.run.workloada.false.1000000.1.10.100.zipfian.1.false.true.default.default.none.r3.hdr.log
[OVERALL], RunTime(ms), 4742
[OVERALL], Throughput(ops/sec), 843525.9384226064
[TOTAL_GCS_G1_Young_Generation], Count, 7
[TOTAL_GC_TIME_G1_Young_Generation], Time(ms), 811
[TOTAL_GC_TIME_%_G1_Young_Generation], Time(%), 17.102488401518347
[TOTAL_GCS_G1_Old_Generation], Count, 0
[TOTAL_GC_TIME_G1_Old_Generation], Time(ms), 0
[TOTAL_GC_TIME_%_G1_Old_Generation], Time(%), 0.0
[TOTAL_GCs], Count, 7
[TOTAL_GC_TIME], Time(ms), 811
[TOTAL_GC_TIME_%], Time(%), 17.102488401518347
[MAX_MEM_USED], MBs, 2271
[MIN_MEM_USED], MBs, 74
[MAX_THREADS], Count, 3
[MIN_THREADS], Count, 2
[MAX_SYS_LOAD_AVG], Load, 1.51
[MIN_SYS_LOAD_AVG], Load, 1.51
[THREAD_COUNT], Operations, 2
[THREAD_COUNT], AverageLatency(ns), 2.5
[THREAD_COUNT], MinLatency(ns), 2
[THREAD_COUNT], MaxLatency(ns), 3
[THREAD_COUNT], 95thPercentileLatency(ns), 3
[THREAD_COUNT], 99thPercentileLatency(ns), 3
[SYS_LOAD_AVG], Operations, 2
[SYS_LOAD_AVG], AverageLatency(ns), 1.0
[SYS_LOAD_AVG], MinLatency(ns), 1
[SYS_LOAD_AVG], MaxLatency(ns), 1
[SYS_LOAD_AVG], 95thPercentileLatency(ns), 1
[SYS_LOAD_AVG], 99thPercentileLatency(ns), 1
[LOAD], Operations, 1
[LOAD], AverageLatency(ns), 1.96151296E9
[LOAD], MinLatency(ns), 1961508864
[LOAD], MaxLatency(ns), 1961517055
[LOAD], 95thPercentileLatency(ns), 1961517055
[LOAD], 99thPercentileLatency(ns), 1961517055
[USED_MEM_MB], Operations, 2
[USED_MEM_MB], AverageLatency(ns), 1172.5
[USED_MEM_MB], MinLatency(ns), 74
[USED_MEM_MB], MaxLatency(ns), 2271
[USED_MEM_MB], 95thPercentileLatency(ns), 2271
[USED_MEM_MB], 99thPercentileLatency(ns), 2271
[MAIN_GCs_Count], Operations, 1
[MAIN_GCs_Count], AverageLatency(ns), 1.0
[MAIN_GCs_Count], MinLatency(ns), 1
[MAIN_GCs_Count], MaxLatency(ns), 1
[MAIN_GCs_Count], 95thPercentileLatency(ns), 1
[MAIN_GCs_Count], 99thPercentileLatency(ns), 1
[MAIN_GCs_Time(ms)], Operations, 1
[MAIN_GCs_Time(ms)], AverageLatency(ns), 82.0
[MAIN_GCs_Time(ms)], MinLatency(ns), 82
[MAIN_GCs_Time(ms)], MaxLatency(ns), 82
[MAIN_GCs_Time(ms)], 95thPercentileLatency(ns), 82
[MAIN_GCs_Time(ms)], 99thPercentileLatency(ns), 82
[TRANSACTION], Operations, 1
[TRANSACTION], AverageLatency(ns), 2.701697024E9
[TRANSACTION], MinLatency(ns), 2701688832
[TRANSACTION], MaxLatency(ns), 2701705215
[TRANSACTION], 95thPercentileLatency(ns), 2701705215
[TRANSACTION], 99thPercentileLatency(ns), 2701705215
[GCS_TIME], Operations, 2
[GCS_TIME], AverageLatency(ns), 405.5
[GCS_TIME], MinLatency(ns), 0
[GCS_TIME], MaxLatency(ns), 811
[GCS_TIME], 95thPercentileLatency(ns), 811
[GCS_TIME], 99thPercentileLatency(ns), 811
[LOAD_GCs_Time(ms)], Operations, 1
[LOAD_GCs_Time(ms)], AverageLatency(ns), 729.0
[LOAD_GCs_Time(ms)], MinLatency(ns), 729
[LOAD_GCs_Time(ms)], MaxLatency(ns), 729
[LOAD_GCs_Time(ms)], 95thPercentileLatency(ns), 729
[LOAD_GCs_Time(ms)], 99thPercentileLatency(ns), 729
[READ], Operations, 1499212
[READ], AverageLatency(ns), 285.8193150801888
[READ], MinLatency(ns), 51
[READ], MaxLatency(ns), 38900
[READ], 95thPercentileLatency(ns), 566
[READ], 99thPercentileLatency(ns), 720
[READ], Return=OK, 1499212
[INIT], Operations, 1
[INIT], AverageLatency(ns), 235033.0
[INIT], MinLatency(ns), 235033
[INIT], MaxLatency(ns), 235033
[INIT], 95thPercentileLatency(ns), 235033
[INIT], 99thPercentileLatency(ns), 235033
[GCS], Operations, 2
[GCS], AverageLatency(ns), 3.5
[GCS], MinLatency(ns), 0
[GCS], MaxLatency(ns), 7
[GCS], 95thPercentileLatency(ns), 7
[GCS], 99thPercentileLatency(ns), 7
[LOAD_GCs_Count], Operations, 1
[LOAD_GCs_Count], AverageLatency(ns), 6.0
[LOAD_GCs_Count], MinLatency(ns), 6
[LOAD_GCs_Count], MaxLatency(ns), 6
[LOAD_GCs_Count], 95thPercentileLatency(ns), 6
[LOAD_GCs_Count], 99thPercentileLatency(ns), 6
[CLEANUP], Operations, 1
[CLEANUP], AverageLatency(ns), 17776.0
[CLEANUP], MinLatency(ns), 17776
[CLEANUP], MaxLatency(ns), 17776
[CLEANUP], 95thPercentileLatency(ns), 17776
[CLEANUP], 99thPercentileLatency(ns), 17776
[INSERT], Operations, 1000000
[INSERT], AverageLatency(ns), 496.731961
[INSERT], MinLatency(ns), 214
[INSERT], MaxLatency(ns), 2757887
[INSERT], 95thPercentileLatency(ns), 708
[INSERT], 99thPercentileLatency(ns), 1080
[INSERT], Return=OK, 1000000
[UPDATE], Operations, 1500788
[UPDATE], AverageLatency(ns), 461.5628236633022
[UPDATE], MinLatency(ns), 73
[UPDATE], MaxLatency(ns), 410097
[UPDATE], 95thPercentileLatency(ns), 827
[UPDATE], 99thPercentileLatency(ns), 944
[UPDATE], Return=OK, 1500788
