/home/anatole/jdk8u/build/linux-x86_64-normal-server-release/jdk/bin/java -Xmx20g -XX:+UseG1GC -classpath /home/anatole/ycsb/conf:/home/anatole/ycsb/core/target/core-0.18.0-SNAPSHOT.jar:/home/anatole/ycsb/core/target/dependency/HdrHistogram-2.1.4.jar:/home/anatole/ycsb/core/target/dependency/guava-18.0.jar:/home/anatole/ycsb/core/target/dependency/htrace-core4-4.1.0-incubating.jar:/home/anatole/ycsb/core/target/dependency/jackson-core-asl-1.9.4.jar:/home/anatole/ycsb/core/target/dependency/jackson-mapper-asl-1.9.4.jar:/home/anatole/ycsb/core/target/dependency/javax.persistence-api-2.2.jar:/home/anatole/ycsb/core/target/dependency/jnvm-1.0-SNAPSHOT.jar:/home/anatole/ycsb/core/target/dependency/pcj-1.0.jar:/home/anatole/ycsb/core/target/dependency/unsafe-helper-1.0.jar:/home/anatole/ycsb/jnvm/target/jnvm-binding-0.18.0-SNAPSHOT.jar:/home/anatole/ycsb/jnvm/target/dependency/guava-18.0.jar:/home/anatole/ycsb/jnvm/target/dependency/javax.persistence-api-2.2.jar:/home/anatole/ycsb/jnvm/target/dependency/jnvm-1.0-SNAPSHOT.jar:/home/anatole/ycsb/jnvm/target/dependency/unsafe-helper-1.0.jar site.ycsb.Client -t -db site.ycsb.db.RecoverableTreeMapClient -P ../workloads/workloada -s -threads 1 -p dataintegrity=true -p offheap=true -p recordcount=3000000 -p operationcount=10000000 -p fieldcount=10 -p fieldlength=100 -p requestdistribution=zipfian -p measurement.trackjvm=true -p measurementtype=hdrhistogram -p hdrhistogram.output.path=./out/exp8.pdt.ref/log/jnvm-rtmap.run.workloada.true.3000000.1.10.100.zipfian.1.false.true.default.default.none.r4.hdr.log
[OVERALL], RunTime(ms), 144954
[OVERALL], Throughput(ops/sec), 68987.40290023042
[TOTAL_GCS_G1_Young_Generation], Count, 103
[TOTAL_GC_TIME_G1_Young_Generation], Time(ms), 26268
[TOTAL_GC_TIME_%_G1_Young_Generation], Time(%), 18.121610993832526
[TOTAL_GCS_G1_Old_Generation], Count, 0
[TOTAL_GC_TIME_G1_Old_Generation], Time(ms), 0
[TOTAL_GC_TIME_%_G1_Old_Generation], Time(%), 0.0
[TOTAL_GCs], Count, 103
[TOTAL_GC_TIME], Time(ms), 26268
[TOTAL_GC_TIME_%], Time(%), 18.121610993832526
[MAX_MEM_USED], MBs, 12661
[MIN_MEM_USED], MBs, 26
[MAX_THREADS], Count, 42
[MIN_THREADS], Count, 3
[MAX_SYS_LOAD_AVG], Load, 16.76
[MIN_SYS_LOAD_AVG], Load, 8.73
[THREAD_COUNT], Operations, 16
[THREAD_COUNT], AverageLatency(ns), 37.75
[THREAD_COUNT], MinLatency(ns), 3
[THREAD_COUNT], MaxLatency(ns), 42
[THREAD_COUNT], 95thPercentileLatency(ns), 42
[THREAD_COUNT], 99thPercentileLatency(ns), 42
[SYS_LOAD_AVG], Operations, 16
[SYS_LOAD_AVG], AverageLatency(ns), 11.25
[SYS_LOAD_AVG], MinLatency(ns), 8
[SYS_LOAD_AVG], MaxLatency(ns), 16
[SYS_LOAD_AVG], 95thPercentileLatency(ns), 15
[SYS_LOAD_AVG], 99thPercentileLatency(ns), 16
[USED_MEM_MB], Operations, 16
[USED_MEM_MB], AverageLatency(ns), 8516.8125
[USED_MEM_MB], MinLatency(ns), 26
[USED_MEM_MB], MaxLatency(ns), 12661
[USED_MEM_MB], 95thPercentileLatency(ns), 12337
[USED_MEM_MB], 99thPercentileLatency(ns), 12661
[MAIN_GCs_Count], Operations, 1
[MAIN_GCs_Count], AverageLatency(ns), 23.0
[MAIN_GCs_Count], MinLatency(ns), 23
[MAIN_GCs_Count], MaxLatency(ns), 23
[MAIN_GCs_Count], 95thPercentileLatency(ns), 23
[MAIN_GCs_Count], 99thPercentileLatency(ns), 23
[MAIN_GCs_Time(ms)], Operations, 1
[MAIN_GCs_Time(ms)], AverageLatency(ns), 18343.0
[MAIN_GCs_Time(ms)], MinLatency(ns), 18343
[MAIN_GCs_Time(ms)], MaxLatency(ns), 18343
[MAIN_GCs_Time(ms)], 95thPercentileLatency(ns), 18343
[MAIN_GCs_Time(ms)], 99thPercentileLatency(ns), 18343
[TRANSACTION], Operations, 1
[TRANSACTION], AverageLatency(ns), 5.5132946432E10
[TRANSACTION], MinLatency(ns), 55132815360
[TRANSACTION], MaxLatency(ns), 55133077503
[TRANSACTION], 95thPercentileLatency(ns), 55133077503
[TRANSACTION], 99thPercentileLatency(ns), 55133077503
[GCS_TIME], Operations, 16
[GCS_TIME], AverageLatency(ns), 1641.75
[GCS_TIME], MinLatency(ns), 0
[GCS_TIME], MaxLatency(ns), 3797
[GCS_TIME], 95thPercentileLatency(ns), 3792
[GCS_TIME], 99thPercentileLatency(ns), 3797
[READ], Operations, 4997488
[READ], AverageLatency(ns), 1865.2535253711465
[READ], MinLatency(ns), 79
[READ], MaxLatency(ns), 973303807
[READ], 95thPercentileLatency(ns), 2754
[READ], 99thPercentileLatency(ns), 3548
[READ], Return=OK, 4997488
[INIT], Operations, 1
[INIT], AverageLatency(ns), 8.973058048E10
[INIT], MinLatency(ns), 89730318336
[INIT], MaxLatency(ns), 89730842623
[INIT], 95thPercentileLatency(ns), 89730842623
[INIT], 99thPercentileLatency(ns), 89730842623
[GCS], Operations, 16
[GCS], AverageLatency(ns), 6.4375
[GCS], MinLatency(ns), 0
[GCS], MaxLatency(ns), 17
[GCS], 95thPercentileLatency(ns), 15
[GCS], 99thPercentileLatency(ns), 17
[CLEANUP], Operations, 1
[CLEANUP], AverageLatency(ns), 20832.0
[CLEANUP], MinLatency(ns), 20832
[CLEANUP], MaxLatency(ns), 20832
[CLEANUP], 95thPercentileLatency(ns), 20832
[CLEANUP], 99thPercentileLatency(ns), 20832
[UPDATE], Operations, 5002512
[UPDATE], AverageLatency(ns), 2585.0800397880107
[UPDATE], MinLatency(ns), 186
[UPDATE], MaxLatency(ns), 965369855
[UPDATE], 95thPercentileLatency(ns), 3674
[UPDATE], 99thPercentileLatency(ns), 4650
[UPDATE], Return=OK, 5002512
