/home/anatole/jdk8u/build/linux-x86_64-normal-server-release/jdk/bin/java -Xmx20g -XX:+UseG1GC -classpath /home/anatole/ycsb/conf:/home/anatole/ycsb/core/target/core-0.18.0-SNAPSHOT.jar:/home/anatole/ycsb/core/target/dependency/HdrHistogram-2.1.4.jar:/home/anatole/ycsb/core/target/dependency/guava-18.0.jar:/home/anatole/ycsb/core/target/dependency/htrace-core4-4.1.0-incubating.jar:/home/anatole/ycsb/core/target/dependency/jackson-core-asl-1.9.4.jar:/home/anatole/ycsb/core/target/dependency/jackson-mapper-asl-1.9.4.jar:/home/anatole/ycsb/core/target/dependency/javax.persistence-api-2.2.jar:/home/anatole/ycsb/core/target/dependency/jnvm-1.0-SNAPSHOT.jar:/home/anatole/ycsb/core/target/dependency/pcj-1.0.jar:/home/anatole/ycsb/core/target/dependency/unsafe-helper-1.0.jar:/home/anatole/ycsb/jnvm/target/jnvm-binding-0.18.0-SNAPSHOT.jar:/home/anatole/ycsb/jnvm/target/dependency/guava-18.0.jar:/home/anatole/ycsb/jnvm/target/dependency/javax.persistence-api-2.2.jar:/home/anatole/ycsb/jnvm/target/dependency/jnvm-1.0-SNAPSHOT.jar:/home/anatole/ycsb/jnvm/target/dependency/unsafe-helper-1.0.jar site.ycsb.Client -t -db site.ycsb.db.RecoverableHashMapClient -P ../workloads/workloada -s -threads 1 -p dataintegrity=true -p offheap=true -p recordcount=3000000 -p operationcount=10000000 -p fieldcount=10 -p fieldlength=100 -p requestdistribution=zipfian -p measurement.trackjvm=true -p measurementtype=hdrhistogram -p hdrhistogram.output.path=./out/exp8.pdt.ref/log/jnvm-rhmap.run.workloada.true.3000000.1.10.100.zipfian.1.false.true.default.default.none.r1.hdr.log
[OVERALL], RunTime(ms), 53224
[OVERALL], Throughput(ops/sec), 187885.16458740417
[TOTAL_GCS_G1_Young_Generation], Count, 73
[TOTAL_GC_TIME_G1_Young_Generation], Time(ms), 22884
[TOTAL_GC_TIME_%_G1_Young_Generation], Time(%), 42.99564106418157
[TOTAL_GCS_G1_Old_Generation], Count, 0
[TOTAL_GC_TIME_G1_Old_Generation], Time(ms), 0
[TOTAL_GC_TIME_%_G1_Old_Generation], Time(%), 0.0
[TOTAL_GCs], Count, 73
[TOTAL_GC_TIME], Time(ms), 22884
[TOTAL_GC_TIME_%], Time(%), 42.99564106418157
[MAX_MEM_USED], MBs, 13543
[MIN_MEM_USED], MBs, 26
[MAX_THREADS], Count, 42
[MIN_THREADS], Count, 3
[MAX_SYS_LOAD_AVG], Load, 9.61
[MIN_SYS_LOAD_AVG], Load, 1.57
[THREAD_COUNT], Operations, 7
[THREAD_COUNT], AverageLatency(ns), 33.714285714285715
[THREAD_COUNT], MinLatency(ns), 3
[THREAD_COUNT], MaxLatency(ns), 42
[THREAD_COUNT], 95thPercentileLatency(ns), 42
[THREAD_COUNT], 99thPercentileLatency(ns), 42
[SYS_LOAD_AVG], Operations, 7
[SYS_LOAD_AVG], AverageLatency(ns), 5.857142857142857
[SYS_LOAD_AVG], MinLatency(ns), 1
[SYS_LOAD_AVG], MaxLatency(ns), 9
[SYS_LOAD_AVG], 95thPercentileLatency(ns), 9
[SYS_LOAD_AVG], 99thPercentileLatency(ns), 9
[USED_MEM_MB], Operations, 7
[USED_MEM_MB], AverageLatency(ns), 10764.0
[USED_MEM_MB], MinLatency(ns), 26
[USED_MEM_MB], MaxLatency(ns), 13543
[USED_MEM_MB], 95thPercentileLatency(ns), 13543
[USED_MEM_MB], 99thPercentileLatency(ns), 13543
[MAIN_GCs_Count], Operations, 1
[MAIN_GCs_Count], AverageLatency(ns), 21.0
[MAIN_GCs_Count], MinLatency(ns), 21
[MAIN_GCs_Count], MaxLatency(ns), 21
[MAIN_GCs_Count], 95thPercentileLatency(ns), 21
[MAIN_GCs_Count], 99thPercentileLatency(ns), 21
[MAIN_GCs_Time(ms)], Operations, 1
[MAIN_GCs_Time(ms)], AverageLatency(ns), 15510.0
[MAIN_GCs_Time(ms)], MinLatency(ns), 15510
[MAIN_GCs_Time(ms)], MaxLatency(ns), 15510
[MAIN_GCs_Time(ms)], 95thPercentileLatency(ns), 15510
[MAIN_GCs_Time(ms)], 99thPercentileLatency(ns), 15510
[TRANSACTION], Operations, 1
[TRANSACTION], AverageLatency(ns), 3.7248958464E10
[TRANSACTION], MinLatency(ns), 37248827392
[TRANSACTION], MaxLatency(ns), 37249089535
[TRANSACTION], 95thPercentileLatency(ns), 37249089535
[TRANSACTION], 99thPercentileLatency(ns), 37249089535
[GCS_TIME], Operations, 7
[GCS_TIME], AverageLatency(ns), 3269.1428571428573
[GCS_TIME], MinLatency(ns), 0
[GCS_TIME], MaxLatency(ns), 4868
[GCS_TIME], 95thPercentileLatency(ns), 4868
[GCS_TIME], 99thPercentileLatency(ns), 4868
[READ], Operations, 5003139
[READ], AverageLatency(ns), 429.159913606238
[READ], MinLatency(ns), 78
[READ], MaxLatency(ns), 339053
[READ], 95thPercentileLatency(ns), 772
[READ], 99thPercentileLatency(ns), 991
[READ], Return=OK, 5003139
[INIT], Operations, 1
[INIT], AverageLatency(ns), 1.5927246848E10
[INIT], MinLatency(ns), 15927214080
[INIT], MaxLatency(ns), 15927279615
[INIT], 95thPercentileLatency(ns), 15927279615
[INIT], 99thPercentileLatency(ns), 15927279615
[GCS], Operations, 7
[GCS], AverageLatency(ns), 10.428571428571429
[GCS], MinLatency(ns), 0
[GCS], MaxLatency(ns), 39
[GCS], 95thPercentileLatency(ns), 39
[GCS], 99thPercentileLatency(ns), 39
[CLEANUP], Operations, 1
[CLEANUP], AverageLatency(ns), 21023.0
[CLEANUP], MinLatency(ns), 21023
[CLEANUP], MaxLatency(ns), 21023
[CLEANUP], 95thPercentileLatency(ns), 21023
[CLEANUP], 99thPercentileLatency(ns), 21023
[UPDATE], Operations, 4996861
[UPDATE], AverageLatency(ns), 1346.9747945760348
[UPDATE], MinLatency(ns), 118
[UPDATE], MaxLatency(ns), 911880191
[UPDATE], 95thPercentileLatency(ns), 1831
[UPDATE], 99thPercentileLatency(ns), 2438
[UPDATE], Return=OK, 4996861
