/home/anatole/jdk8u/build/linux-x86_64-normal-server-release/jdk/bin/java -Xmx20g -XX:+UseG1GC -classpath /home/anatole/ycsb/conf:/home/anatole/ycsb/core/target/core-0.18.0-SNAPSHOT.jar:/home/anatole/ycsb/core/target/dependency/HdrHistogram-2.1.4.jar:/home/anatole/ycsb/core/target/dependency/guava-18.0.jar:/home/anatole/ycsb/core/target/dependency/htrace-core4-4.1.0-incubating.jar:/home/anatole/ycsb/core/target/dependency/jackson-core-asl-1.9.4.jar:/home/anatole/ycsb/core/target/dependency/jackson-mapper-asl-1.9.4.jar:/home/anatole/ycsb/core/target/dependency/javax.persistence-api-2.2.jar:/home/anatole/ycsb/core/target/dependency/jnvm-1.0-SNAPSHOT.jar:/home/anatole/ycsb/core/target/dependency/pcj-1.0.jar:/home/anatole/ycsb/core/target/dependency/unsafe-helper-1.0.jar:/home/anatole/ycsb/jnvm/target/jnvm-binding-0.18.0-SNAPSHOT.jar:/home/anatole/ycsb/jnvm/target/dependency/guava-18.0.jar:/home/anatole/ycsb/jnvm/target/dependency/javax.persistence-api-2.2.jar:/home/anatole/ycsb/jnvm/target/dependency/jnvm-1.0-SNAPSHOT.jar:/home/anatole/ycsb/jnvm/target/dependency/unsafe-helper-1.0.jar site.ycsb.Client -t -db site.ycsb.db.VolatileHashMapClient -P ../workloads/workloada -preload -s -threads 1 -p dataintegrity=true -p offheap=false -p recordcount=3000000 -p operationcount=10000000 -p fieldcount=10 -p fieldlength=100 -p requestdistribution=zipfian -p measurement.trackjvm=true -p measurementtype=hdrhistogram -p hdrhistogram.output.path=./out/exp8.pdt.ref/log/jnvm-vhmap.run.workloada.true.3000000.1.10.100.zipfian.1.false.true.default.default.none.r4.hdr.log
[OVERALL], RunTime(ms), 46051
[OVERALL], Throughput(ops/sec), 282295.7156196391
[TOTAL_GCS_G1_Young_Generation], Count, 55
[TOTAL_GC_TIME_G1_Young_Generation], Time(ms), 7271
[TOTAL_GC_TIME_%_G1_Young_Generation], Time(%), 15.78901652515689
[TOTAL_GCS_G1_Old_Generation], Count, 0
[TOTAL_GC_TIME_G1_Old_Generation], Time(ms), 0
[TOTAL_GC_TIME_%_G1_Old_Generation], Time(%), 0.0
[TOTAL_GCs], Count, 55
[TOTAL_GC_TIME], Time(ms), 7271
[TOTAL_GC_TIME_%], Time(%), 15.78901652515689
[MAX_MEM_USED], MBs, 13073
[MIN_MEM_USED], MBs, 114
[MAX_THREADS], Count, 3
[MIN_THREADS], Count, 2
[MAX_SYS_LOAD_AVG], Load, 4.89
[MIN_SYS_LOAD_AVG], Load, 3.16
[THREAD_COUNT], Operations, 6
[THREAD_COUNT], AverageLatency(ns), 2.8333333333333335
[THREAD_COUNT], MinLatency(ns), 2
[THREAD_COUNT], MaxLatency(ns), 3
[THREAD_COUNT], 95thPercentileLatency(ns), 3
[THREAD_COUNT], 99thPercentileLatency(ns), 3
[SYS_LOAD_AVG], Operations, 6
[SYS_LOAD_AVG], AverageLatency(ns), 3.6666666666666665
[SYS_LOAD_AVG], MinLatency(ns), 3
[SYS_LOAD_AVG], MaxLatency(ns), 4
[SYS_LOAD_AVG], 95thPercentileLatency(ns), 4
[SYS_LOAD_AVG], 99thPercentileLatency(ns), 4
[LOAD], Operations, 1
[LOAD], AverageLatency(ns), 3.2052543488E10
[LOAD], MinLatency(ns), 32052477952
[LOAD], MaxLatency(ns), 32052609023
[LOAD], 95thPercentileLatency(ns), 32052609023
[LOAD], 99thPercentileLatency(ns), 32052609023
[USED_MEM_MB], Operations, 6
[USED_MEM_MB], AverageLatency(ns), 8038.5
[USED_MEM_MB], MinLatency(ns), 114
[USED_MEM_MB], MaxLatency(ns), 13073
[USED_MEM_MB], 95thPercentileLatency(ns), 13073
[USED_MEM_MB], 99thPercentileLatency(ns), 13073
[MAIN_GCs_Count], Operations, 1
[MAIN_GCs_Count], AverageLatency(ns), 7.0
[MAIN_GCs_Count], MinLatency(ns), 7
[MAIN_GCs_Count], MaxLatency(ns), 7
[MAIN_GCs_Count], 95thPercentileLatency(ns), 7
[MAIN_GCs_Count], 99thPercentileLatency(ns), 7
[MAIN_GCs_Time(ms)], Operations, 1
[MAIN_GCs_Time(ms)], AverageLatency(ns), 964.0
[MAIN_GCs_Time(ms)], MinLatency(ns), 964
[MAIN_GCs_Time(ms)], MaxLatency(ns), 964
[MAIN_GCs_Time(ms)], 95thPercentileLatency(ns), 964
[MAIN_GCs_Time(ms)], 99thPercentileLatency(ns), 964
[TRANSACTION], Operations, 1
[TRANSACTION], AverageLatency(ns), 1.3757022208E10
[TRANSACTION], MinLatency(ns), 13756989440
[TRANSACTION], MaxLatency(ns), 13757054975
[TRANSACTION], 95thPercentileLatency(ns), 13757054975
[TRANSACTION], 99thPercentileLatency(ns), 13757054975
[GCS_TIME], Operations, 6
[GCS_TIME], AverageLatency(ns), 1211.8333333333333
[GCS_TIME], MinLatency(ns), 0
[GCS_TIME], MaxLatency(ns), 2006
[GCS_TIME], 95thPercentileLatency(ns), 2006
[GCS_TIME], 99thPercentileLatency(ns), 2006
[LOAD_GCs_Time(ms)], Operations, 1
[LOAD_GCs_Time(ms)], AverageLatency(ns), 6127.0
[LOAD_GCs_Time(ms)], MinLatency(ns), 6127
[LOAD_GCs_Time(ms)], MaxLatency(ns), 6127
[LOAD_GCs_Time(ms)], 95thPercentileLatency(ns), 6127
[LOAD_GCs_Time(ms)], 99thPercentileLatency(ns), 6127
[READ], Operations, 5004309
[READ], AverageLatency(ns), 277.1657261771805
[READ], MinLatency(ns), 49
[READ], MaxLatency(ns), 15263423
[READ], 95thPercentileLatency(ns), 520
[READ], 99thPercentileLatency(ns), 712
[READ], Return=OK, 5004309
[INIT], Operations, 1
[INIT], AverageLatency(ns), 253024.0
[INIT], MinLatency(ns), 253024
[INIT], MaxLatency(ns), 253024
[INIT], 95thPercentileLatency(ns), 253024
[INIT], 99thPercentileLatency(ns), 253024
[GCS], Operations, 6
[GCS], AverageLatency(ns), 9.166666666666666
[GCS], MinLatency(ns), 0
[GCS], MaxLatency(ns), 22
[GCS], 95thPercentileLatency(ns), 22
[GCS], 99thPercentileLatency(ns), 22
[LOAD_GCs_Count], Operations, 1
[LOAD_GCs_Count], AverageLatency(ns), 46.0
[LOAD_GCs_Count], MinLatency(ns), 46
[LOAD_GCs_Count], MaxLatency(ns), 46
[LOAD_GCs_Count], 95thPercentileLatency(ns), 46
[LOAD_GCs_Count], 99thPercentileLatency(ns), 46
[CLEANUP], Operations, 1
[CLEANUP], AverageLatency(ns), 83320.0
[CLEANUP], MinLatency(ns), 83320
[CLEANUP], MaxLatency(ns), 83320
[CLEANUP], 95thPercentileLatency(ns), 83320
[CLEANUP], 99thPercentileLatency(ns), 83320
[INSERT], Operations, 3000000
[INSERT], AverageLatency(ns), 417.815676
[INSERT], MinLatency(ns), 221
[INSERT], MaxLatency(ns), 55125503
[INSERT], 95thPercentileLatency(ns), 597
[INSERT], 99thPercentileLatency(ns), 790
[INSERT], Return=OK, 3000000
[UPDATE], Operations, 4995691
[UPDATE], AverageLatency(ns), 464.42128466312266
[UPDATE], MinLatency(ns), 72
[UPDATE], MaxLatency(ns), 253799
[UPDATE], 95thPercentileLatency(ns), 831
[UPDATE], 99thPercentileLatency(ns), 1003
[UPDATE], Return=OK, 4995691
