/home/anatole/jdk8u/build/linux-x86_64-normal-server-release/jdk/bin/java -Xmx20g -XX:+UseG1GC -classpath /home/anatole/ycsb/conf:/home/anatole/ycsb/core/target/core-0.18.0-SNAPSHOT.jar:/home/anatole/ycsb/core/target/dependency/HdrHistogram-2.1.4.jar:/home/anatole/ycsb/core/target/dependency/guava-18.0.jar:/home/anatole/ycsb/core/target/dependency/htrace-core4-4.1.0-incubating.jar:/home/anatole/ycsb/core/target/dependency/jackson-core-asl-1.9.4.jar:/home/anatole/ycsb/core/target/dependency/jackson-mapper-asl-1.9.4.jar:/home/anatole/ycsb/core/target/dependency/javax.persistence-api-2.2.jar:/home/anatole/ycsb/core/target/dependency/jnvm-1.0-SNAPSHOT.jar:/home/anatole/ycsb/core/target/dependency/pcj-1.0.jar:/home/anatole/ycsb/core/target/dependency/unsafe-helper-1.0.jar:/home/anatole/ycsb/jnvm/target/jnvm-binding-0.18.0-SNAPSHOT.jar:/home/anatole/ycsb/jnvm/target/dependency/guava-18.0.jar:/home/anatole/ycsb/jnvm/target/dependency/javax.persistence-api-2.2.jar:/home/anatole/ycsb/jnvm/target/dependency/jnvm-1.0-SNAPSHOT.jar:/home/anatole/ycsb/jnvm/target/dependency/unsafe-helper-1.0.jar site.ycsb.Client -t -db site.ycsb.db.VolatileHashMapClient -P ../workloads/workloada -preload -s -threads 1 -p dataintegrity=true -p offheap=false -p recordcount=1000000 -p operationcount=3000000 -p fieldcount=10 -p fieldlength=100 -p requestdistribution=zipfian -p measurement.trackjvm=true -p measurementtype=hdrhistogram -p hdrhistogram.output.path=./out/exp8.pdt.ref/log/jnvm-vhmap.run.workloada.true.1000000.1.10.100.zipfian.1.false.true.default.default.none.r4.hdr.log
[OVERALL], RunTime(ms), 16136
[OVERALL], Throughput(ops/sec), 247892.9102627665
[TOTAL_GCS_G1_Young_Generation], Count, 29
[TOTAL_GC_TIME_G1_Young_Generation], Time(ms), 2714
[TOTAL_GC_TIME_%_G1_Young_Generation], Time(%), 16.819533961328705
[TOTAL_GCS_G1_Old_Generation], Count, 0
[TOTAL_GC_TIME_G1_Old_Generation], Time(ms), 0
[TOTAL_GC_TIME_%_G1_Old_Generation], Time(%), 0.0
[TOTAL_GCs], Count, 29
[TOTAL_GC_TIME], Time(ms), 2714
[TOTAL_GC_TIME_%], Time(%), 16.819533961328705
[MAX_MEM_USED], MBs, 4708
[MIN_MEM_USED], MBs, 74
[MAX_THREADS], Count, 3
[MIN_THREADS], Count, 2
[MAX_SYS_LOAD_AVG], Load, 5.3
[MIN_SYS_LOAD_AVG], Load, 4.77
[THREAD_COUNT], Operations, 3
[THREAD_COUNT], AverageLatency(ns), 2.6666666666666665
[THREAD_COUNT], MinLatency(ns), 2
[THREAD_COUNT], MaxLatency(ns), 3
[THREAD_COUNT], 95thPercentileLatency(ns), 3
[THREAD_COUNT], 99thPercentileLatency(ns), 3
[SYS_LOAD_AVG], Operations, 3
[SYS_LOAD_AVG], AverageLatency(ns), 4.333333333333333
[SYS_LOAD_AVG], MinLatency(ns), 4
[SYS_LOAD_AVG], MaxLatency(ns), 5
[SYS_LOAD_AVG], 95thPercentileLatency(ns), 5
[SYS_LOAD_AVG], 99thPercentileLatency(ns), 5
[LOAD], Operations, 1
[LOAD], AverageLatency(ns), 1.1501600768E10
[LOAD], MinLatency(ns), 11501568000
[LOAD], MaxLatency(ns), 11501633535
[LOAD], 95thPercentileLatency(ns), 11501633535
[LOAD], 99thPercentileLatency(ns), 11501633535
[USED_MEM_MB], Operations, 3
[USED_MEM_MB], AverageLatency(ns), 2695.3333333333335
[USED_MEM_MB], MinLatency(ns), 74
[USED_MEM_MB], MaxLatency(ns), 4708
[USED_MEM_MB], 95thPercentileLatency(ns), 4708
[USED_MEM_MB], 99thPercentileLatency(ns), 4708
[MAIN_GCs_Count], Operations, 1
[MAIN_GCs_Count], AverageLatency(ns), 5.0
[MAIN_GCs_Count], MinLatency(ns), 5
[MAIN_GCs_Count], MaxLatency(ns), 5
[MAIN_GCs_Count], 95thPercentileLatency(ns), 5
[MAIN_GCs_Count], 99thPercentileLatency(ns), 5
[MAIN_GCs_Time(ms)], Operations, 1
[MAIN_GCs_Time(ms)], AverageLatency(ns), 760.0
[MAIN_GCs_Time(ms)], MinLatency(ns), 760
[MAIN_GCs_Time(ms)], MaxLatency(ns), 760
[MAIN_GCs_Time(ms)], 95thPercentileLatency(ns), 760
[MAIN_GCs_Time(ms)], 99thPercentileLatency(ns), 760
[TRANSACTION], Operations, 1
[TRANSACTION], AverageLatency(ns), 4.556111872E9
[TRANSACTION], MinLatency(ns), 4556095488
[TRANSACTION], MaxLatency(ns), 4556128255
[TRANSACTION], 95thPercentileLatency(ns), 4556128255
[TRANSACTION], 99thPercentileLatency(ns), 4556128255
[GCS_TIME], Operations, 3
[GCS_TIME], AverageLatency(ns), 904.6666666666666
[GCS_TIME], MinLatency(ns), 0
[GCS_TIME], MaxLatency(ns), 1797
[GCS_TIME], 95thPercentileLatency(ns), 1797
[GCS_TIME], 99thPercentileLatency(ns), 1797
[LOAD_GCs_Time(ms)], Operations, 1
[LOAD_GCs_Time(ms)], AverageLatency(ns), 1954.0
[LOAD_GCs_Time(ms)], MinLatency(ns), 1954
[LOAD_GCs_Time(ms)], MaxLatency(ns), 1954
[LOAD_GCs_Time(ms)], 95thPercentileLatency(ns), 1954
[LOAD_GCs_Time(ms)], 99thPercentileLatency(ns), 1954
[READ], Operations, 1500708
[READ], AverageLatency(ns), 266.3385948498975
[READ], MinLatency(ns), 51
[READ], MaxLatency(ns), 38205
[READ], 95thPercentileLatency(ns), 510
[READ], 99thPercentileLatency(ns), 703
[READ], Return=OK, 1500708
[INIT], Operations, 1
[INIT], AverageLatency(ns), 230903.0
[INIT], MinLatency(ns), 230903
[INIT], MaxLatency(ns), 230903
[INIT], 95thPercentileLatency(ns), 230903
[INIT], 99thPercentileLatency(ns), 230903
[GCS], Operations, 3
[GCS], AverageLatency(ns), 9.666666666666666
[GCS], MinLatency(ns), 0
[GCS], MaxLatency(ns), 23
[GCS], 95thPercentileLatency(ns), 23
[GCS], 99thPercentileLatency(ns), 23
[LOAD_GCs_Count], Operations, 1
[LOAD_GCs_Count], AverageLatency(ns), 24.0
[LOAD_GCs_Count], MinLatency(ns), 24
[LOAD_GCs_Count], MaxLatency(ns), 24
[LOAD_GCs_Count], 95thPercentileLatency(ns), 24
[LOAD_GCs_Count], 99thPercentileLatency(ns), 24
[CLEANUP], Operations, 1
[CLEANUP], AverageLatency(ns), 15118.0
[CLEANUP], MinLatency(ns), 15118
[CLEANUP], MaxLatency(ns), 15118
[CLEANUP], 95thPercentileLatency(ns), 15118
[CLEANUP], 99thPercentileLatency(ns), 15118
[INSERT], Operations, 1000000
[INSERT], AverageLatency(ns), 445.648243
[INSERT], MinLatency(ns), 222
[INSERT], MaxLatency(ns), 2431647
[INSERT], 95thPercentileLatency(ns), 631
[INSERT], 99thPercentileLatency(ns), 840
[INSERT], Return=OK, 1000000
[UPDATE], Operations, 1499292
[UPDATE], AverageLatency(ns), 429.9991982882587
[UPDATE], MinLatency(ns), 70
[UPDATE], MaxLatency(ns), 83994
[UPDATE], 95thPercentileLatency(ns), 803
[UPDATE], 99thPercentileLatency(ns), 937
[UPDATE], Return=OK, 1499292
