/home/anatole/jdk8u/build/linux-x86_64-normal-server-release/jdk/bin/java -Xmx20g -XX:+UseG1GC -classpath /home/anatole/ycsb/conf:/home/anatole/ycsb/core/target/core-0.18.0-SNAPSHOT.jar:/home/anatole/ycsb/core/target/dependency/HdrHistogram-2.1.4.jar:/home/anatole/ycsb/core/target/dependency/guava-18.0.jar:/home/anatole/ycsb/core/target/dependency/htrace-core4-4.1.0-incubating.jar:/home/anatole/ycsb/core/target/dependency/jackson-core-asl-1.9.4.jar:/home/anatole/ycsb/core/target/dependency/jackson-mapper-asl-1.9.4.jar:/home/anatole/ycsb/core/target/dependency/javax.persistence-api-2.2.jar:/home/anatole/ycsb/core/target/dependency/jnvm-1.0-SNAPSHOT.jar:/home/anatole/ycsb/core/target/dependency/pcj-1.0.jar:/home/anatole/ycsb/core/target/dependency/unsafe-helper-1.0.jar:/home/anatole/ycsb/jnvm/target/jnvm-binding-0.18.0-SNAPSHOT.jar:/home/anatole/ycsb/jnvm/target/dependency/guava-18.0.jar:/home/anatole/ycsb/jnvm/target/dependency/javax.persistence-api-2.2.jar:/home/anatole/ycsb/jnvm/target/dependency/jnvm-1.0-SNAPSHOT.jar:/home/anatole/ycsb/jnvm/target/dependency/unsafe-helper-1.0.jar site.ycsb.Client -t -db site.ycsb.db.VolatileTreeMapClient -P ../workloads/workloada -preload -s -threads 1 -p dataintegrity=false -p offheap=false -p recordcount=1000000 -p operationcount=3000000 -p fieldcount=10 -p fieldlength=100 -p requestdistribution=zipfian -p measurement.trackjvm=true -p measurementtype=hdrhistogram -p hdrhistogram.output.path=./out/exp8.pdt.ref/log/jnvm-vtmap.run.workloada.false.1000000.1.10.100.zipfian.1.false.true.default.default.none.r5.hdr.log
[OVERALL], RunTime(ms), 8135
[OVERALL], Throughput(ops/sec), 491702.51997541485
[TOTAL_GCS_G1_Young_Generation], Count, 7
[TOTAL_GC_TIME_G1_Young_Generation], Time(ms), 853
[TOTAL_GC_TIME_%_G1_Young_Generation], Time(%), 10.485556238475722
[TOTAL_GCS_G1_Old_Generation], Count, 0
[TOTAL_GC_TIME_G1_Old_Generation], Time(ms), 0
[TOTAL_GC_TIME_%_G1_Old_Generation], Time(%), 0.0
[TOTAL_GCs], Count, 7
[TOTAL_GC_TIME], Time(ms), 853
[TOTAL_GC_TIME_%], Time(%), 10.485556238475722
[MAX_MEM_USED], MBs, 2324
[MIN_MEM_USED], MBs, 30
[MAX_THREADS], Count, 3
[MIN_THREADS], Count, 2
[MAX_SYS_LOAD_AVG], Load, 5.63
[MIN_SYS_LOAD_AVG], Load, 5.3
[THREAD_COUNT], Operations, 2
[THREAD_COUNT], AverageLatency(ns), 2.5
[THREAD_COUNT], MinLatency(ns), 2
[THREAD_COUNT], MaxLatency(ns), 3
[THREAD_COUNT], 95thPercentileLatency(ns), 3
[THREAD_COUNT], 99thPercentileLatency(ns), 3
[SYS_LOAD_AVG], Operations, 2
[SYS_LOAD_AVG], AverageLatency(ns), 5.0
[SYS_LOAD_AVG], MinLatency(ns), 5
[SYS_LOAD_AVG], MaxLatency(ns), 5
[SYS_LOAD_AVG], 95thPercentileLatency(ns), 5
[SYS_LOAD_AVG], 99thPercentileLatency(ns), 5
[LOAD], Operations, 1
[LOAD], AverageLatency(ns), 3.196248064E9
[LOAD], MinLatency(ns), 3196239872
[LOAD], MaxLatency(ns), 3196256255
[LOAD], 95thPercentileLatency(ns), 3196256255
[LOAD], 99thPercentileLatency(ns), 3196256255
[USED_MEM_MB], Operations, 2
[USED_MEM_MB], AverageLatency(ns), 1177.0
[USED_MEM_MB], MinLatency(ns), 30
[USED_MEM_MB], MaxLatency(ns), 2324
[USED_MEM_MB], 95thPercentileLatency(ns), 2324
[USED_MEM_MB], 99thPercentileLatency(ns), 2324
[MAIN_GCs_Count], Operations, 1
[MAIN_GCs_Count], AverageLatency(ns), 1.0
[MAIN_GCs_Count], MinLatency(ns), 1
[MAIN_GCs_Count], MaxLatency(ns), 1
[MAIN_GCs_Count], 95thPercentileLatency(ns), 1
[MAIN_GCs_Count], 99thPercentileLatency(ns), 1
[MAIN_GCs_Time(ms)], Operations, 1
[MAIN_GCs_Time(ms)], AverageLatency(ns), 92.0
[MAIN_GCs_Time(ms)], MinLatency(ns), 92
[MAIN_GCs_Time(ms)], MaxLatency(ns), 92
[MAIN_GCs_Time(ms)], 95thPercentileLatency(ns), 92
[MAIN_GCs_Time(ms)], 99thPercentileLatency(ns), 92
[TRANSACTION], Operations, 1
[TRANSACTION], AverageLatency(ns), 4.862951424E9
[TRANSACTION], MinLatency(ns), 4862935040
[TRANSACTION], MaxLatency(ns), 4862967807
[TRANSACTION], 95thPercentileLatency(ns), 4862967807
[TRANSACTION], 99thPercentileLatency(ns), 4862967807
[GCS_TIME], Operations, 2
[GCS_TIME], AverageLatency(ns), 426.5
[GCS_TIME], MinLatency(ns), 0
[GCS_TIME], MaxLatency(ns), 853
[GCS_TIME], 95thPercentileLatency(ns), 853
[GCS_TIME], 99thPercentileLatency(ns), 853
[LOAD_GCs_Time(ms)], Operations, 1
[LOAD_GCs_Time(ms)], AverageLatency(ns), 761.0
[LOAD_GCs_Time(ms)], MinLatency(ns), 761
[LOAD_GCs_Time(ms)], MaxLatency(ns), 761
[LOAD_GCs_Time(ms)], 95thPercentileLatency(ns), 761
[LOAD_GCs_Time(ms)], 99thPercentileLatency(ns), 761
[READ], Operations, 1498616
[READ], AverageLatency(ns), 992.1324815696616
[READ], MinLatency(ns), 62
[READ], MaxLatency(ns), 158958
[READ], 95thPercentileLatency(ns), 1728
[READ], 99thPercentileLatency(ns), 2038
[READ], Return=OK, 1498616
[INIT], Operations, 1
[INIT], AverageLatency(ns), 256585.0
[INIT], MinLatency(ns), 256585
[INIT], MaxLatency(ns), 256585
[INIT], 95thPercentileLatency(ns), 256585
[INIT], 99thPercentileLatency(ns), 256585
[GCS], Operations, 2
[GCS], AverageLatency(ns), 3.5
[GCS], MinLatency(ns), 0
[GCS], MaxLatency(ns), 7
[GCS], 95thPercentileLatency(ns), 7
[GCS], 99thPercentileLatency(ns), 7
[LOAD_GCs_Count], Operations, 1
[LOAD_GCs_Count], AverageLatency(ns), 6.0
[LOAD_GCs_Count], MinLatency(ns), 6
[LOAD_GCs_Count], MaxLatency(ns), 6
[LOAD_GCs_Count], 95thPercentileLatency(ns), 6
[LOAD_GCs_Count], 99thPercentileLatency(ns), 6
[CLEANUP], Operations, 1
[CLEANUP], AverageLatency(ns), 18810.0
[CLEANUP], MinLatency(ns), 18810
[CLEANUP], MaxLatency(ns), 18810
[CLEANUP], 95thPercentileLatency(ns), 18810
[CLEANUP], 99thPercentileLatency(ns), 18810
[INSERT], Operations, 1000000
[INSERT], AverageLatency(ns), 1895.501907
[INSERT], MinLatency(ns), 356
[INSERT], MaxLatency(ns), 210885631
[INSERT], 95thPercentileLatency(ns), 2261
[INSERT], 99thPercentileLatency(ns), 2815
[INSERT], Return=OK, 1000000
[UPDATE], Operations, 1501384
[UPDATE], AverageLatency(ns), 1185.6802317062125
[UPDATE], MinLatency(ns), 141
[UPDATE], MaxLatency(ns), 387467
[UPDATE], 95thPercentileLatency(ns), 1965
[UPDATE], 99thPercentileLatency(ns), 2296
[UPDATE], Return=OK, 1501384
