/home/anatole/jdk8u/build/linux-x86_64-normal-server-release/jdk/bin/java -Xmx20g -XX:+UseG1GC -classpath /home/anatole/ycsb/conf:/home/anatole/ycsb/core/target/core-0.18.0-SNAPSHOT.jar:/home/anatole/ycsb/core/target/dependency/HdrHistogram-2.1.4.jar:/home/anatole/ycsb/core/target/dependency/guava-18.0.jar:/home/anatole/ycsb/core/target/dependency/htrace-core4-4.1.0-incubating.jar:/home/anatole/ycsb/core/target/dependency/jackson-core-asl-1.9.4.jar:/home/anatole/ycsb/core/target/dependency/jackson-mapper-asl-1.9.4.jar:/home/anatole/ycsb/core/target/dependency/javax.persistence-api-2.2.jar:/home/anatole/ycsb/core/target/dependency/jnvm-1.0-SNAPSHOT.jar:/home/anatole/ycsb/core/target/dependency/pcj-1.0.jar:/home/anatole/ycsb/core/target/dependency/unsafe-helper-1.0.jar:/home/anatole/ycsb/jnvm/target/jnvm-binding-0.18.0-SNAPSHOT.jar:/home/anatole/ycsb/jnvm/target/dependency/guava-18.0.jar:/home/anatole/ycsb/jnvm/target/dependency/javax.persistence-api-2.2.jar:/home/anatole/ycsb/jnvm/target/dependency/jnvm-1.0-SNAPSHOT.jar:/home/anatole/ycsb/jnvm/target/dependency/unsafe-helper-1.0.jar site.ycsb.Client -t -db site.ycsb.db.VolatileHashMapClient -P ../workloads/workloada -preload -s -threads 1 -p dataintegrity=true -p offheap=false -p recordcount=1000000 -p operationcount=3000000 -p fieldcount=10 -p fieldlength=100 -p requestdistribution=zipfian -p measurement.trackjvm=true -p measurementtype=hdrhistogram -p hdrhistogram.output.path=./out/exp8.pdt.ref/log/jnvm-vhmap.run.workloada.true.1000000.1.10.100.zipfian.1.false.true.default.default.none.r6.hdr.log
[OVERALL], RunTime(ms), 15923
[OVERALL], Throughput(ops/sec), 251208.94303837218
[TOTAL_GCS_G1_Young_Generation], Count, 28
[TOTAL_GC_TIME_G1_Young_Generation], Time(ms), 2699
[TOTAL_GC_TIME_%_G1_Young_Generation], Time(%), 16.95032343151416
[TOTAL_GCS_G1_Old_Generation], Count, 0
[TOTAL_GC_TIME_G1_Old_Generation], Time(ms), 0
[TOTAL_GC_TIME_%_G1_Old_Generation], Time(%), 0.0
[TOTAL_GCs], Count, 28
[TOTAL_GC_TIME], Time(ms), 2699
[TOTAL_GC_TIME_%], Time(%), 16.95032343151416
[MAX_MEM_USED], MBs, 4791
[MIN_MEM_USED], MBs, 28
[MAX_THREADS], Count, 3
[MIN_THREADS], Count, 2
[MAX_SYS_LOAD_AVG], Load, 5.04
[MIN_SYS_LOAD_AVG], Load, 3.95
[THREAD_COUNT], Operations, 3
[THREAD_COUNT], AverageLatency(ns), 2.6666666666666665
[THREAD_COUNT], MinLatency(ns), 2
[THREAD_COUNT], MaxLatency(ns), 3
[THREAD_COUNT], 95thPercentileLatency(ns), 3
[THREAD_COUNT], 99thPercentileLatency(ns), 3
[SYS_LOAD_AVG], Operations, 3
[SYS_LOAD_AVG], AverageLatency(ns), 4.0
[SYS_LOAD_AVG], MinLatency(ns), 3
[SYS_LOAD_AVG], MaxLatency(ns), 5
[SYS_LOAD_AVG], 95thPercentileLatency(ns), 5
[SYS_LOAD_AVG], 99thPercentileLatency(ns), 5
[LOAD], Operations, 1
[LOAD], AverageLatency(ns), 1.1520802816E10
[LOAD], MinLatency(ns), 11520770048
[LOAD], MaxLatency(ns), 11520835583
[LOAD], 95thPercentileLatency(ns), 11520835583
[LOAD], 99thPercentileLatency(ns), 11520835583
[USED_MEM_MB], Operations, 3
[USED_MEM_MB], AverageLatency(ns), 2909.0
[USED_MEM_MB], MinLatency(ns), 28
[USED_MEM_MB], MaxLatency(ns), 4791
[USED_MEM_MB], 95thPercentileLatency(ns), 4791
[USED_MEM_MB], 99thPercentileLatency(ns), 4791
[MAIN_GCs_Count], Operations, 1
[MAIN_GCs_Count], AverageLatency(ns), 4.0
[MAIN_GCs_Count], MinLatency(ns), 4
[MAIN_GCs_Count], MaxLatency(ns), 4
[MAIN_GCs_Count], 95thPercentileLatency(ns), 4
[MAIN_GCs_Count], 99thPercentileLatency(ns), 4
[MAIN_GCs_Time(ms)], Operations, 1
[MAIN_GCs_Time(ms)], AverageLatency(ns), 637.0
[MAIN_GCs_Time(ms)], MinLatency(ns), 637
[MAIN_GCs_Time(ms)], MaxLatency(ns), 637
[MAIN_GCs_Time(ms)], 95thPercentileLatency(ns), 637
[MAIN_GCs_Time(ms)], 99thPercentileLatency(ns), 637
[TRANSACTION], Operations, 1
[TRANSACTION], AverageLatency(ns), 4.328112128E9
[TRANSACTION], MinLatency(ns), 4328095744
[TRANSACTION], MaxLatency(ns), 4328128511
[TRANSACTION], 95thPercentileLatency(ns), 4328128511
[TRANSACTION], 99thPercentileLatency(ns), 4328128511
[GCS_TIME], Operations, 3
[GCS_TIME], AverageLatency(ns), 899.6666666666666
[GCS_TIME], MinLatency(ns), 0
[GCS_TIME], MaxLatency(ns), 1753
[GCS_TIME], 95thPercentileLatency(ns), 1753
[GCS_TIME], 99thPercentileLatency(ns), 1753
[LOAD_GCs_Time(ms)], Operations, 1
[LOAD_GCs_Time(ms)], AverageLatency(ns), 2062.0
[LOAD_GCs_Time(ms)], MinLatency(ns), 2062
[LOAD_GCs_Time(ms)], MaxLatency(ns), 2062
[LOAD_GCs_Time(ms)], 95thPercentileLatency(ns), 2062
[LOAD_GCs_Time(ms)], 99thPercentileLatency(ns), 2062
[READ], Operations, 1500082
[READ], AverageLatency(ns), 265.94439503973786
[READ], MinLatency(ns), 51
[READ], MaxLatency(ns), 63740
[READ], 95thPercentileLatency(ns), 504
[READ], 99thPercentileLatency(ns), 705
[READ], Return=OK, 1500082
[INIT], Operations, 1
[INIT], AverageLatency(ns), 223049.0
[INIT], MinLatency(ns), 223049
[INIT], MaxLatency(ns), 223049
[INIT], 95thPercentileLatency(ns), 223049
[INIT], 99thPercentileLatency(ns), 223049
[GCS], Operations, 3
[GCS], AverageLatency(ns), 9.333333333333334
[GCS], MinLatency(ns), 0
[GCS], MaxLatency(ns), 22
[GCS], 95thPercentileLatency(ns), 22
[GCS], 99thPercentileLatency(ns), 22
[LOAD_GCs_Count], Operations, 1
[LOAD_GCs_Count], AverageLatency(ns), 24.0
[LOAD_GCs_Count], MinLatency(ns), 24
[LOAD_GCs_Count], MaxLatency(ns), 24
[LOAD_GCs_Count], 95thPercentileLatency(ns), 24
[LOAD_GCs_Count], 99thPercentileLatency(ns), 24
[CLEANUP], Operations, 1
[CLEANUP], AverageLatency(ns), 16949.0
[CLEANUP], MinLatency(ns), 16949
[CLEANUP], MaxLatency(ns), 16949
[CLEANUP], 95thPercentileLatency(ns), 16949
[CLEANUP], 99thPercentileLatency(ns), 16949
[INSERT], Operations, 1000000
[INSERT], AverageLatency(ns), 559.204193
[INSERT], MinLatency(ns), 219
[INSERT], MaxLatency(ns), 130267135
[INSERT], 95thPercentileLatency(ns), 610
[INSERT], 99thPercentileLatency(ns), 802
[INSERT], Return=OK, 1000000
[UPDATE], Operations, 1499918
[UPDATE], AverageLatency(ns), 423.4717817907379
[UPDATE], MinLatency(ns), 69
[UPDATE], MaxLatency(ns), 53969
[UPDATE], 95thPercentileLatency(ns), 782
[UPDATE], 99thPercentileLatency(ns), 925
[UPDATE], Return=OK, 1499918
