/home/anatole/jdk8u/build/linux-x86_64-normal-server-release/jdk/bin/java -Xmx20g -XX:+UseG1GC -classpath /home/anatole/ycsb/conf:/home/anatole/ycsb/core/target/core-0.18.0-SNAPSHOT.jar:/home/anatole/ycsb/core/target/dependency/HdrHistogram-2.1.4.jar:/home/anatole/ycsb/core/target/dependency/guava-18.0.jar:/home/anatole/ycsb/core/target/dependency/htrace-core4-4.1.0-incubating.jar:/home/anatole/ycsb/core/target/dependency/jackson-core-asl-1.9.4.jar:/home/anatole/ycsb/core/target/dependency/jackson-mapper-asl-1.9.4.jar:/home/anatole/ycsb/core/target/dependency/javax.persistence-api-2.2.jar:/home/anatole/ycsb/core/target/dependency/jnvm-1.0-SNAPSHOT.jar:/home/anatole/ycsb/core/target/dependency/pcj-1.0.jar:/home/anatole/ycsb/core/target/dependency/unsafe-helper-1.0.jar:/home/anatole/ycsb/jnvm/target/jnvm-binding-0.18.0-SNAPSHOT.jar:/home/anatole/ycsb/jnvm/target/dependency/guava-18.0.jar:/home/anatole/ycsb/jnvm/target/dependency/javax.persistence-api-2.2.jar:/home/anatole/ycsb/jnvm/target/dependency/jnvm-1.0-SNAPSHOT.jar:/home/anatole/ycsb/jnvm/target/dependency/unsafe-helper-1.0.jar site.ycsb.Client -t -db site.ycsb.db.BlackholeClient -P ../workloads/workloada -preload -s -threads 1 -p dataintegrity=true -p offheap=true -p recordcount=1000000 -p operationcount=3000000 -p fieldcount=10 -p fieldlength=100 -p requestdistribution=zipfian -p measurement.trackjvm=true -p measurementtype=hdrhistogram -p hdrhistogram.output.path=./out/exp8.pdt.ref/log/jnvm-blackhole-offheap.run.workloada.true.1000000.1.10.100.zipfian.1.false.true.default.default.none.r6.hdr.log
[OVERALL], RunTime(ms), 16546
[OVERALL], Throughput(ops/sec), 241750.27196905596
[TOTAL_GCS_G1_Young_Generation], Count, 24
[TOTAL_GC_TIME_G1_Young_Generation], Time(ms), 145
[TOTAL_GC_TIME_%_G1_Young_Generation], Time(%), 0.8763447358878278
[TOTAL_GCS_G1_Old_Generation], Count, 0
[TOTAL_GC_TIME_G1_Old_Generation], Time(ms), 0
[TOTAL_GC_TIME_%_G1_Old_Generation], Time(%), 0.0
[TOTAL_GCs], Count, 24
[TOTAL_GC_TIME], Time(ms), 145
[TOTAL_GC_TIME_%], Time(%), 0.8763447358878278
[MAX_MEM_USED], MBs, 1396
[MIN_MEM_USED], MBs, 36
[MAX_THREADS], Count, 3
[MIN_THREADS], Count, 2
[MAX_SYS_LOAD_AVG], Load, 1.0
[MIN_SYS_LOAD_AVG], Load, 1.0
[THREAD_COUNT], Operations, 3
[THREAD_COUNT], AverageLatency(ns), 2.6666666666666665
[THREAD_COUNT], MinLatency(ns), 2
[THREAD_COUNT], MaxLatency(ns), 3
[THREAD_COUNT], 95thPercentileLatency(ns), 3
[THREAD_COUNT], 99thPercentileLatency(ns), 3
[SYS_LOAD_AVG], Operations, 3
[SYS_LOAD_AVG], AverageLatency(ns), 1.0
[SYS_LOAD_AVG], MinLatency(ns), 1
[SYS_LOAD_AVG], MaxLatency(ns), 1
[SYS_LOAD_AVG], 95thPercentileLatency(ns), 1
[SYS_LOAD_AVG], 99thPercentileLatency(ns), 1
[LOAD], Operations, 1
[LOAD], AverageLatency(ns), 1.308049408E10
[LOAD], MinLatency(ns), 13080461312
[LOAD], MaxLatency(ns), 13080526847
[LOAD], 95thPercentileLatency(ns), 13080526847
[LOAD], 99thPercentileLatency(ns), 13080526847
[USED_MEM_MB], Operations, 3
[USED_MEM_MB], AverageLatency(ns), 616.6666666666666
[USED_MEM_MB], MinLatency(ns), 36
[USED_MEM_MB], MaxLatency(ns), 1396
[USED_MEM_MB], 95thPercentileLatency(ns), 1396
[USED_MEM_MB], 99thPercentileLatency(ns), 1396
[MAIN_GCs_Count], Operations, 1
[MAIN_GCs_Count], AverageLatency(ns), 4.0
[MAIN_GCs_Count], MinLatency(ns), 4
[MAIN_GCs_Count], MaxLatency(ns), 4
[MAIN_GCs_Count], 95thPercentileLatency(ns), 4
[MAIN_GCs_Count], 99thPercentileLatency(ns), 4
[MAIN_GCs_Time(ms)], Operations, 1
[MAIN_GCs_Time(ms)], AverageLatency(ns), 19.0
[MAIN_GCs_Time(ms)], MinLatency(ns), 19
[MAIN_GCs_Time(ms)], MaxLatency(ns), 19
[MAIN_GCs_Time(ms)], 95thPercentileLatency(ns), 19
[MAIN_GCs_Time(ms)], 99thPercentileLatency(ns), 19
[TRANSACTION], Operations, 1
[TRANSACTION], AverageLatency(ns), 3.377258496E9
[TRANSACTION], MinLatency(ns), 3377250304
[TRANSACTION], MaxLatency(ns), 3377266687
[TRANSACTION], 95thPercentileLatency(ns), 3377266687
[TRANSACTION], 99thPercentileLatency(ns), 3377266687
[GCS_TIME], Operations, 3
[GCS_TIME], AverageLatency(ns), 48.333333333333336
[GCS_TIME], MinLatency(ns), 0
[GCS_TIME], MaxLatency(ns), 102
[GCS_TIME], 95thPercentileLatency(ns), 102
[GCS_TIME], 99thPercentileLatency(ns), 102
[LOAD_GCs_Time(ms)], Operations, 1
[LOAD_GCs_Time(ms)], AverageLatency(ns), 126.0
[LOAD_GCs_Time(ms)], MinLatency(ns), 126
[LOAD_GCs_Time(ms)], MaxLatency(ns), 126
[LOAD_GCs_Time(ms)], 95thPercentileLatency(ns), 126
[LOAD_GCs_Time(ms)], 99thPercentileLatency(ns), 126
[READ], Operations, 1501193
[READ], AverageLatency(ns), 19.381613157002462
[READ], MinLatency(ns), 17
[READ], MaxLatency(ns), 15467
[READ], 95thPercentileLatency(ns), 21
[READ], 99thPercentileLatency(ns), 24
[READ], Return=OK, 1501193
[INIT], Operations, 1
[INIT], AverageLatency(ns), 5293.0
[INIT], MinLatency(ns), 5293
[INIT], MaxLatency(ns), 5293
[INIT], 95thPercentileLatency(ns), 5293
[INIT], 99thPercentileLatency(ns), 5293
[GCS], Operations, 3
[GCS], AverageLatency(ns), 8.0
[GCS], MinLatency(ns), 0
[GCS], MaxLatency(ns), 16
[GCS], 95thPercentileLatency(ns), 16
[GCS], 99thPercentileLatency(ns), 16
[LOAD_GCs_Count], Operations, 1
[LOAD_GCs_Count], AverageLatency(ns), 20.0
[LOAD_GCs_Count], MinLatency(ns), 20
[LOAD_GCs_Count], MaxLatency(ns), 20
[LOAD_GCs_Count], 95thPercentileLatency(ns), 20
[LOAD_GCs_Count], 99thPercentileLatency(ns), 20
[CLEANUP], Operations, 1
[CLEANUP], AverageLatency(ns), 2392.0
[CLEANUP], MinLatency(ns), 2392
[CLEANUP], MaxLatency(ns), 2392
[CLEANUP], 95thPercentileLatency(ns), 2392
[CLEANUP], 99thPercentileLatency(ns), 2392
[INSERT], Operations, 1000000
[INSERT], AverageLatency(ns), 20.132603
[INSERT], MinLatency(ns), 17
[INSERT], MaxLatency(ns), 12441
[INSERT], 95thPercentileLatency(ns), 24
[INSERT], 99thPercentileLatency(ns), 28
[INSERT], Return=OK, 1000000
[UPDATE], Operations, 1498807
[UPDATE], AverageLatency(ns), 19.263918569902597
[UPDATE], MinLatency(ns), 17
[UPDATE], MaxLatency(ns), 15265
[UPDATE], 95thPercentileLatency(ns), 21
[UPDATE], 99thPercentileLatency(ns), 24
[UPDATE], Return=OK, 1498807
