/home/anatole/jdk8u/build/linux-x86_64-normal-server-release/jdk/bin/java -Xmx20g -XX:+UseG1GC -classpath /home/anatole/ycsb/conf:/home/anatole/ycsb/core/target/core-0.18.0-SNAPSHOT.jar:/home/anatole/ycsb/core/target/dependency/HdrHistogram-2.1.4.jar:/home/anatole/ycsb/core/target/dependency/guava-18.0.jar:/home/anatole/ycsb/core/target/dependency/htrace-core4-4.1.0-incubating.jar:/home/anatole/ycsb/core/target/dependency/jackson-core-asl-1.9.4.jar:/home/anatole/ycsb/core/target/dependency/jackson-mapper-asl-1.9.4.jar:/home/anatole/ycsb/core/target/dependency/javax.persistence-api-2.2.jar:/home/anatole/ycsb/core/target/dependency/jnvm-1.0-SNAPSHOT.jar:/home/anatole/ycsb/core/target/dependency/pcj-1.0.jar:/home/anatole/ycsb/core/target/dependency/unsafe-helper-1.0.jar:/home/anatole/ycsb/jnvm/target/jnvm-binding-0.18.0-SNAPSHOT.jar:/home/anatole/ycsb/jnvm/target/dependency/guava-18.0.jar:/home/anatole/ycsb/jnvm/target/dependency/javax.persistence-api-2.2.jar:/home/anatole/ycsb/jnvm/target/dependency/jnvm-1.0-SNAPSHOT.jar:/home/anatole/ycsb/jnvm/target/dependency/unsafe-helper-1.0.jar site.ycsb.Client -t -db site.ycsb.db.RecoverableTreeMapClient -P ../workloads/workloada -s -threads 1 -p dataintegrity=true -p offheap=true -p recordcount=3000000 -p operationcount=10000000 -p fieldcount=10 -p fieldlength=100 -p requestdistribution=zipfian -p measurement.trackjvm=true -p measurementtype=hdrhistogram -p hdrhistogram.output.path=./out/exp8.pdt.ref/log/jnvm-rtmap.run.workloada.true.3000000.1.10.100.zipfian.1.false.true.default.default.none.r5.hdr.log
[OVERALL], RunTime(ms), 145452
[OVERALL], Throughput(ops/sec), 68751.20314605505
[TOTAL_GCS_G1_Young_Generation], Count, 95
[TOTAL_GC_TIME_G1_Young_Generation], Time(ms), 27649
[TOTAL_GC_TIME_%_G1_Young_Generation], Time(%), 19.009020157852763
[TOTAL_GCS_G1_Old_Generation], Count, 0
[TOTAL_GC_TIME_G1_Old_Generation], Time(ms), 0
[TOTAL_GC_TIME_%_G1_Old_Generation], Time(%), 0.0
[TOTAL_GCs], Count, 95
[TOTAL_GC_TIME], Time(ms), 27649
[TOTAL_GC_TIME_%], Time(%), 19.009020157852763
[MAX_MEM_USED], MBs, 12901
[MIN_MEM_USED], MBs, 26
[MAX_THREADS], Count, 42
[MIN_THREADS], Count, 3
[MAX_SYS_LOAD_AVG], Load, 18.9
[MIN_SYS_LOAD_AVG], Load, 9.81
[THREAD_COUNT], Operations, 16
[THREAD_COUNT], AverageLatency(ns), 37.5625
[THREAD_COUNT], MinLatency(ns), 3
[THREAD_COUNT], MaxLatency(ns), 42
[THREAD_COUNT], 95thPercentileLatency(ns), 42
[THREAD_COUNT], 99thPercentileLatency(ns), 42
[SYS_LOAD_AVG], Operations, 16
[SYS_LOAD_AVG], AverageLatency(ns), 12.3125
[SYS_LOAD_AVG], MinLatency(ns), 9
[SYS_LOAD_AVG], MaxLatency(ns), 18
[SYS_LOAD_AVG], 95thPercentileLatency(ns), 18
[SYS_LOAD_AVG], 99thPercentileLatency(ns), 18
[USED_MEM_MB], Operations, 16
[USED_MEM_MB], AverageLatency(ns), 8620.0625
[USED_MEM_MB], MinLatency(ns), 26
[USED_MEM_MB], MaxLatency(ns), 12901
[USED_MEM_MB], 95thPercentileLatency(ns), 12407
[USED_MEM_MB], 99thPercentileLatency(ns), 12901
[MAIN_GCs_Count], Operations, 1
[MAIN_GCs_Count], AverageLatency(ns), 25.0
[MAIN_GCs_Count], MinLatency(ns), 25
[MAIN_GCs_Count], MaxLatency(ns), 25
[MAIN_GCs_Count], 95thPercentileLatency(ns), 25
[MAIN_GCs_Count], 99thPercentileLatency(ns), 25
[MAIN_GCs_Time(ms)], Operations, 1
[MAIN_GCs_Time(ms)], AverageLatency(ns), 19936.0
[MAIN_GCs_Time(ms)], MinLatency(ns), 19936
[MAIN_GCs_Time(ms)], MaxLatency(ns), 19936
[MAIN_GCs_Time(ms)], 95thPercentileLatency(ns), 19936
[MAIN_GCs_Time(ms)], 99thPercentileLatency(ns), 19936
[TRANSACTION], Operations, 1
[TRANSACTION], AverageLatency(ns), 5.7115017216E10
[TRANSACTION], MinLatency(ns), 57114886144
[TRANSACTION], MaxLatency(ns), 57115148287
[TRANSACTION], 95thPercentileLatency(ns), 57115148287
[TRANSACTION], 99thPercentileLatency(ns), 57115148287
[GCS_TIME], Operations, 16
[GCS_TIME], AverageLatency(ns), 1728.0625
[GCS_TIME], MinLatency(ns), 0
[GCS_TIME], MaxLatency(ns), 3970
[GCS_TIME], 95thPercentileLatency(ns), 3860
[GCS_TIME], 99thPercentileLatency(ns), 3970
[READ], Operations, 4998765
[READ], AverageLatency(ns), 2062.3212339447846
[READ], MinLatency(ns), 78
[READ], MaxLatency(ns), 945688575
[READ], 95thPercentileLatency(ns), 2758
[READ], 99thPercentileLatency(ns), 3592
[READ], Return=OK, 4998765
[INIT], Operations, 1
[INIT], AverageLatency(ns), 8.8292982784E10
[INIT], MinLatency(ns), 88292720640
[INIT], MaxLatency(ns), 88293244927
[INIT], 95thPercentileLatency(ns), 88293244927
[INIT], 99thPercentileLatency(ns), 88293244927
[GCS], Operations, 16
[GCS], AverageLatency(ns), 5.9375
[GCS], MinLatency(ns), 0
[GCS], MaxLatency(ns), 17
[GCS], 95thPercentileLatency(ns), 12
[GCS], 99thPercentileLatency(ns), 17
[CLEANUP], Operations, 1
[CLEANUP], AverageLatency(ns), 22929.0
[CLEANUP], MinLatency(ns), 22929
[CLEANUP], MaxLatency(ns), 22929
[CLEANUP], 95thPercentileLatency(ns), 22929
[CLEANUP], 99thPercentileLatency(ns), 22929
[UPDATE], Operations, 5001235
[UPDATE], AverageLatency(ns), 2791.6296740705047
[UPDATE], MinLatency(ns), 190
[UPDATE], MaxLatency(ns), 945827839
[UPDATE], 95thPercentileLatency(ns), 3694
[UPDATE], 99thPercentileLatency(ns), 4790
[UPDATE], Return=OK, 5001235
