/home/anatole/jdk8u/build/linux-x86_64-normal-server-release/jdk/bin/java -Xmx20g -XX:+UseG1GC -classpath /home/anatole/ycsb/conf:/home/anatole/ycsb/core/target/core-0.18.0-SNAPSHOT.jar:/home/anatole/ycsb/core/target/dependency/HdrHistogram-2.1.4.jar:/home/anatole/ycsb/core/target/dependency/guava-18.0.jar:/home/anatole/ycsb/core/target/dependency/htrace-core4-4.1.0-incubating.jar:/home/anatole/ycsb/core/target/dependency/jackson-core-asl-1.9.4.jar:/home/anatole/ycsb/core/target/dependency/jackson-mapper-asl-1.9.4.jar:/home/anatole/ycsb/core/target/dependency/javax.persistence-api-2.2.jar:/home/anatole/ycsb/core/target/dependency/jnvm-1.0-SNAPSHOT.jar:/home/anatole/ycsb/core/target/dependency/pcj-1.0.jar:/home/anatole/ycsb/core/target/dependency/unsafe-helper-1.0.jar:/home/anatole/ycsb/jnvm/target/jnvm-binding-0.18.0-SNAPSHOT.jar:/home/anatole/ycsb/jnvm/target/dependency/guava-18.0.jar:/home/anatole/ycsb/jnvm/target/dependency/javax.persistence-api-2.2.jar:/home/anatole/ycsb/jnvm/target/dependency/jnvm-1.0-SNAPSHOT.jar:/home/anatole/ycsb/jnvm/target/dependency/unsafe-helper-1.0.jar site.ycsb.Client -t -db site.ycsb.db.RecoverableHashMapClient -P ../workloads/workloada -s -threads 1 -p dataintegrity=true -p offheap=true -p recordcount=3000000 -p operationcount=10000000 -p fieldcount=10 -p fieldlength=100 -p requestdistribution=zipfian -p measurement.trackjvm=true -p measurementtype=hdrhistogram -p hdrhistogram.output.path=./out/exp8.pdt.ref/log/jnvm-rhmap.run.workloada.true.3000000.1.10.100.zipfian.1.false.true.default.default.none.r2.hdr.log
[OVERALL], RunTime(ms), 53279
[OVERALL], Throughput(ops/sec), 187691.210420616
[TOTAL_GCS_G1_Young_Generation], Count, 73
[TOTAL_GC_TIME_G1_Young_Generation], Time(ms), 22799
[TOTAL_GC_TIME_%_G1_Young_Generation], Time(%), 42.79171906379624
[TOTAL_GCS_G1_Old_Generation], Count, 0
[TOTAL_GC_TIME_G1_Old_Generation], Time(ms), 0
[TOTAL_GC_TIME_%_G1_Old_Generation], Time(%), 0.0
[TOTAL_GCs], Count, 73
[TOTAL_GC_TIME], Time(ms), 22799
[TOTAL_GC_TIME_%], Time(%), 42.79171906379624
[MAX_MEM_USED], MBs, 13570
[MIN_MEM_USED], MBs, 26
[MAX_THREADS], Count, 42
[MIN_THREADS], Count, 3
[MAX_SYS_LOAD_AVG], Load, 16.39
[MIN_SYS_LOAD_AVG], Load, 8.8
[THREAD_COUNT], Operations, 7
[THREAD_COUNT], AverageLatency(ns), 33.714285714285715
[THREAD_COUNT], MinLatency(ns), 3
[THREAD_COUNT], MaxLatency(ns), 42
[THREAD_COUNT], 95thPercentileLatency(ns), 42
[THREAD_COUNT], 99thPercentileLatency(ns), 42
[SYS_LOAD_AVG], Operations, 7
[SYS_LOAD_AVG], AverageLatency(ns), 13.428571428571429
[SYS_LOAD_AVG], MinLatency(ns), 8
[SYS_LOAD_AVG], MaxLatency(ns), 16
[SYS_LOAD_AVG], 95thPercentileLatency(ns), 16
[SYS_LOAD_AVG], 99thPercentileLatency(ns), 16
[USED_MEM_MB], Operations, 7
[USED_MEM_MB], AverageLatency(ns), 10775.285714285714
[USED_MEM_MB], MinLatency(ns), 26
[USED_MEM_MB], MaxLatency(ns), 13570
[USED_MEM_MB], 95thPercentileLatency(ns), 13570
[USED_MEM_MB], 99thPercentileLatency(ns), 13570
[MAIN_GCs_Count], Operations, 1
[MAIN_GCs_Count], AverageLatency(ns), 21.0
[MAIN_GCs_Count], MinLatency(ns), 21
[MAIN_GCs_Count], MaxLatency(ns), 21
[MAIN_GCs_Count], 95thPercentileLatency(ns), 21
[MAIN_GCs_Count], 99thPercentileLatency(ns), 21
[MAIN_GCs_Time(ms)], Operations, 1
[MAIN_GCs_Time(ms)], AverageLatency(ns), 15430.0
[MAIN_GCs_Time(ms)], MinLatency(ns), 15430
[MAIN_GCs_Time(ms)], MaxLatency(ns), 15430
[MAIN_GCs_Time(ms)], 95thPercentileLatency(ns), 15430
[MAIN_GCs_Time(ms)], 99thPercentileLatency(ns), 15430
[TRANSACTION], Operations, 1
[TRANSACTION], AverageLatency(ns), 3.728146432E10
[TRANSACTION], MinLatency(ns), 37281333248
[TRANSACTION], MaxLatency(ns), 37281595391
[TRANSACTION], 95thPercentileLatency(ns), 37281595391
[TRANSACTION], 99thPercentileLatency(ns), 37281595391
[GCS_TIME], Operations, 7
[GCS_TIME], AverageLatency(ns), 3257.0
[GCS_TIME], MinLatency(ns), 0
[GCS_TIME], MaxLatency(ns), 4952
[GCS_TIME], 95thPercentileLatency(ns), 4952
[GCS_TIME], 99thPercentileLatency(ns), 4952
[READ], Operations, 5001330
[READ], AverageLatency(ns), 439.72231826334195
[READ], MinLatency(ns), 79
[READ], MaxLatency(ns), 19254015
[READ], 95thPercentileLatency(ns), 780
[READ], 99thPercentileLatency(ns), 996
[READ], Return=OK, 5001330
[INIT], Operations, 1
[INIT], AverageLatency(ns), 1.5948611584E10
[INIT], MinLatency(ns), 15948578816
[INIT], MaxLatency(ns), 15948644351
[INIT], 95thPercentileLatency(ns), 15948644351
[INIT], 99thPercentileLatency(ns), 15948644351
[GCS], Operations, 7
[GCS], AverageLatency(ns), 10.428571428571429
[GCS], MinLatency(ns), 0
[GCS], MaxLatency(ns), 39
[GCS], 95thPercentileLatency(ns), 39
[GCS], 99thPercentileLatency(ns), 39
[CLEANUP], Operations, 1
[CLEANUP], AverageLatency(ns), 21163.0
[CLEANUP], MinLatency(ns), 21163
[CLEANUP], MaxLatency(ns), 21163
[CLEANUP], 95thPercentileLatency(ns), 21163
[CLEANUP], 99thPercentileLatency(ns), 21163
[UPDATE], Operations, 4998670
[UPDATE], AverageLatency(ns), 1160.3126517653695
[UPDATE], MinLatency(ns), 118
[UPDATE], MaxLatency(ns), 9842111
[UPDATE], 95thPercentileLatency(ns), 1842
[UPDATE], 99thPercentileLatency(ns), 2440
[UPDATE], Return=OK, 4998670
