/home/anatole/jdk8u/build/linux-x86_64-normal-server-release/jdk/bin/java -Xmx20g -XX:+UseG1GC -classpath /home/anatole/ycsb/conf:/home/anatole/ycsb/core/target/core-0.18.0-SNAPSHOT.jar:/home/anatole/ycsb/core/target/dependency/HdrHistogram-2.1.4.jar:/home/anatole/ycsb/core/target/dependency/guava-18.0.jar:/home/anatole/ycsb/core/target/dependency/htrace-core4-4.1.0-incubating.jar:/home/anatole/ycsb/core/target/dependency/jackson-core-asl-1.9.4.jar:/home/anatole/ycsb/core/target/dependency/jackson-mapper-asl-1.9.4.jar:/home/anatole/ycsb/core/target/dependency/javax.persistence-api-2.2.jar:/home/anatole/ycsb/core/target/dependency/jnvm-1.0-SNAPSHOT.jar:/home/anatole/ycsb/core/target/dependency/pcj-1.0.jar:/home/anatole/ycsb/core/target/dependency/unsafe-helper-1.0.jar:/home/anatole/ycsb/jnvm/target/jnvm-binding-0.18.0-SNAPSHOT.jar:/home/anatole/ycsb/jnvm/target/dependency/guava-18.0.jar:/home/anatole/ycsb/jnvm/target/dependency/javax.persistence-api-2.2.jar:/home/anatole/ycsb/jnvm/target/dependency/jnvm-1.0-SNAPSHOT.jar:/home/anatole/ycsb/jnvm/target/dependency/unsafe-helper-1.0.jar site.ycsb.Client -load -db site.ycsb.db.RecoverableSkipListMapClient -P ../workloads/workloada -threads 1 -p dataintegrity=false -p offheap=true -p recordcount=1000000 -p operationcount=3000000 -p fieldcount=10 -p requestdistribution=zipfian -p measurementtype=hdrhistogram -p hdrhistogram.output.path=./out/exp8.pdt.ref/log/jnvm-rslmap.load.workloada.false.1000000.1.10.zipfian.1.hdr.log
[OVERALL], RunTime(ms), 20378
[OVERALL], Throughput(ops/sec), 49072.52919815487
[TOTAL_GCS_G1_Young_Generation], Count, 24
[TOTAL_GC_TIME_G1_Young_Generation], Time(ms), 1744
[TOTAL_GC_TIME_%_G1_Young_Generation], Time(%), 8.55824909215821
[TOTAL_GCS_G1_Old_Generation], Count, 0
[TOTAL_GC_TIME_G1_Old_Generation], Time(ms), 0
[TOTAL_GC_TIME_%_G1_Old_Generation], Time(%), 0.0
[TOTAL_GCs], Count, 24
[TOTAL_GC_TIME], Time(ms), 1744
[TOTAL_GC_TIME_%], Time(%), 8.55824909215821
[INIT], Operations, 1
[INIT], AverageLatency(ns), 3.6902528E7
[INIT], MinLatency(ns), 36902400
[INIT], MaxLatency(ns), 36902655
[INIT], 95thPercentileLatency(ns), 36902655
[INIT], 99thPercentileLatency(ns), 36902655
[LOAD], Operations, 1
[LOAD], AverageLatency(ns), 2.0266156032E10
[LOAD], MinLatency(ns), 20266090496
[LOAD], MaxLatency(ns), 20266221567
[LOAD], 95thPercentileLatency(ns), 20266221567
[LOAD], 99thPercentileLatency(ns), 20266221567
[LOAD_GCs_Count], Operations, 1
[LOAD_GCs_Count], AverageLatency(ns), 24.0
[LOAD_GCs_Count], MinLatency(ns), 24
[LOAD_GCs_Count], MaxLatency(ns), 24
[LOAD_GCs_Count], 95thPercentileLatency(ns), 24
[LOAD_GCs_Count], 99thPercentileLatency(ns), 24
[CLEANUP], Operations, 1
[CLEANUP], AverageLatency(ns), 12148.0
[CLEANUP], MinLatency(ns), 12148
[CLEANUP], MaxLatency(ns), 12148
[CLEANUP], 95thPercentileLatency(ns), 12148
[CLEANUP], 99thPercentileLatency(ns), 12148
[INSERT], Operations, 1000000
[INSERT], AverageLatency(ns), 18910.625948
[INSERT], MinLatency(ns), 7037
[INSERT], MaxLatency(ns), 157630463
[INSERT], 95thPercentileLatency(ns), 17070
[INSERT], 99thPercentileLatency(ns), 27324
[INSERT], Return=OK, 1000000
[LOAD_GCs_Time(ms)], Operations, 1
[LOAD_GCs_Time(ms)], AverageLatency(ns), 1744.0
[LOAD_GCs_Time(ms)], MinLatency(ns), 1744
[LOAD_GCs_Time(ms)], MaxLatency(ns), 1744
[LOAD_GCs_Time(ms)], 95thPercentileLatency(ns), 1744
[LOAD_GCs_Time(ms)], 99thPercentileLatency(ns), 1744
