/home/anatole/jdk8u/build/linux-x86_64-normal-server-release/jdk/bin/java -Xmx20g -XX:+UseG1GC -classpath /home/anatole/ycsb/conf:/home/anatole/ycsb/core/target/core-0.18.0-SNAPSHOT.jar:/home/anatole/ycsb/core/target/dependency/HdrHistogram-2.1.4.jar:/home/anatole/ycsb/core/target/dependency/guava-18.0.jar:/home/anatole/ycsb/core/target/dependency/htrace-core4-4.1.0-incubating.jar:/home/anatole/ycsb/core/target/dependency/jackson-core-asl-1.9.4.jar:/home/anatole/ycsb/core/target/dependency/jackson-mapper-asl-1.9.4.jar:/home/anatole/ycsb/core/target/dependency/javax.persistence-api-2.2.jar:/home/anatole/ycsb/core/target/dependency/jnvm-1.0-SNAPSHOT.jar:/home/anatole/ycsb/core/target/dependency/pcj-1.0.jar:/home/anatole/ycsb/core/target/dependency/unsafe-helper-1.0.jar:/home/anatole/ycsb/jnvm/target/jnvm-binding-0.18.0-SNAPSHOT.jar:/home/anatole/ycsb/jnvm/target/dependency/guava-18.0.jar:/home/anatole/ycsb/jnvm/target/dependency/javax.persistence-api-2.2.jar:/home/anatole/ycsb/jnvm/target/dependency/jnvm-1.0-SNAPSHOT.jar:/home/anatole/ycsb/jnvm/target/dependency/unsafe-helper-1.0.jar site.ycsb.Client -t -db site.ycsb.db.VolatileSkipListMapClient -P ../workloads/workloada -preload -s -threads 1 -p dataintegrity=false -p offheap=false -p recordcount=1000000 -p operationcount=3000000 -p fieldcount=10 -p fieldlength=100 -p requestdistribution=zipfian -p measurement.trackjvm=true -p measurementtype=hdrhistogram -p hdrhistogram.output.path=./out/exp8.pdt.ref/log/jnvm-vslmap.run.workloada.false.1000000.1.10.100.zipfian.1.false.true.default.default.none.r5.hdr.log
[OVERALL], RunTime(ms), 11312
[OVERALL], Throughput(ops/sec), 353606.7892503536
[TOTAL_GCS_G1_Young_Generation], Count, 7
[TOTAL_GC_TIME_G1_Young_Generation], Time(ms), 871
[TOTAL_GC_TIME_%_G1_Young_Generation], Time(%), 7.6997878359264496
[TOTAL_GCS_G1_Old_Generation], Count, 0
[TOTAL_GC_TIME_G1_Old_Generation], Time(ms), 0
[TOTAL_GC_TIME_%_G1_Old_Generation], Time(%), 0.0
[TOTAL_GCs], Count, 7
[TOTAL_GC_TIME], Time(ms), 871
[TOTAL_GC_TIME_%], Time(%), 7.6997878359264496
[MAX_MEM_USED], MBs, 2264
[MIN_MEM_USED], MBs, 142
[MAX_THREADS], Count, 3
[MIN_THREADS], Count, 2
[MAX_SYS_LOAD_AVG], Load, 4.29
[MIN_SYS_LOAD_AVG], Load, 3.84
[THREAD_COUNT], Operations, 3
[THREAD_COUNT], AverageLatency(ns), 2.6666666666666665
[THREAD_COUNT], MinLatency(ns), 2
[THREAD_COUNT], MaxLatency(ns), 3
[THREAD_COUNT], 95thPercentileLatency(ns), 3
[THREAD_COUNT], 99thPercentileLatency(ns), 3
[SYS_LOAD_AVG], Operations, 3
[SYS_LOAD_AVG], AverageLatency(ns), 3.6666666666666665
[SYS_LOAD_AVG], MinLatency(ns), 3
[SYS_LOAD_AVG], MaxLatency(ns), 4
[SYS_LOAD_AVG], 95thPercentileLatency(ns), 4
[SYS_LOAD_AVG], 99thPercentileLatency(ns), 4
[LOAD], Operations, 1
[LOAD], AverageLatency(ns), 3.934035968E9
[LOAD], MinLatency(ns), 3934027776
[LOAD], MaxLatency(ns), 3934044159
[LOAD], 95thPercentileLatency(ns), 3934044159
[LOAD], 99thPercentileLatency(ns), 3934044159
[USED_MEM_MB], Operations, 3
[USED_MEM_MB], AverageLatency(ns), 1488.0
[USED_MEM_MB], MinLatency(ns), 142
[USED_MEM_MB], MaxLatency(ns), 2264
[USED_MEM_MB], 95thPercentileLatency(ns), 2264
[USED_MEM_MB], 99thPercentileLatency(ns), 2264
[MAIN_GCs_Count], Operations, 1
[MAIN_GCs_Count], AverageLatency(ns), 1.0
[MAIN_GCs_Count], MinLatency(ns), 1
[MAIN_GCs_Count], MaxLatency(ns), 1
[MAIN_GCs_Count], 95thPercentileLatency(ns), 1
[MAIN_GCs_Count], 99thPercentileLatency(ns), 1
[MAIN_GCs_Time(ms)], Operations, 1
[MAIN_GCs_Time(ms)], AverageLatency(ns), 96.0
[MAIN_GCs_Time(ms)], MinLatency(ns), 96
[MAIN_GCs_Time(ms)], MaxLatency(ns), 96
[MAIN_GCs_Time(ms)], 95thPercentileLatency(ns), 96
[MAIN_GCs_Time(ms)], 99thPercentileLatency(ns), 96
[TRANSACTION], Operations, 1
[TRANSACTION], AverageLatency(ns), 7.257341952E9
[TRANSACTION], MinLatency(ns), 7257325568
[TRANSACTION], MaxLatency(ns), 7257358335
[TRANSACTION], 95thPercentileLatency(ns), 7257358335
[TRANSACTION], 99thPercentileLatency(ns), 7257358335
[GCS_TIME], Operations, 3
[GCS_TIME], AverageLatency(ns), 290.3333333333333
[GCS_TIME], MinLatency(ns), 0
[GCS_TIME], MaxLatency(ns), 755
[GCS_TIME], 95thPercentileLatency(ns), 755
[GCS_TIME], 99thPercentileLatency(ns), 755
[LOAD_GCs_Time(ms)], Operations, 1
[LOAD_GCs_Time(ms)], AverageLatency(ns), 775.0
[LOAD_GCs_Time(ms)], MinLatency(ns), 775
[LOAD_GCs_Time(ms)], MaxLatency(ns), 775
[LOAD_GCs_Time(ms)], 95thPercentileLatency(ns), 775
[LOAD_GCs_Time(ms)], 99thPercentileLatency(ns), 775
[READ], Operations, 1501098
[READ], AverageLatency(ns), 1792.0783373237457
[READ], MinLatency(ns), 192
[READ], MaxLatency(ns), 29225
[READ], 95thPercentileLatency(ns), 3154
[READ], 99thPercentileLatency(ns), 3958
[READ], Return=OK, 1501098
[INIT], Operations, 1
[INIT], AverageLatency(ns), 3016408.0
[INIT], MinLatency(ns), 3016400
[INIT], MaxLatency(ns), 3016415
[INIT], 95thPercentileLatency(ns), 3016415
[INIT], 99thPercentileLatency(ns), 3016415
[GCS], Operations, 3
[GCS], AverageLatency(ns), 2.3333333333333335
[GCS], MinLatency(ns), 0
[GCS], MaxLatency(ns), 7
[GCS], 95thPercentileLatency(ns), 7
[GCS], 99thPercentileLatency(ns), 7
[LOAD_GCs_Count], Operations, 1
[LOAD_GCs_Count], AverageLatency(ns), 6.0
[LOAD_GCs_Count], MinLatency(ns), 6
[LOAD_GCs_Count], MaxLatency(ns), 6
[LOAD_GCs_Count], 95thPercentileLatency(ns), 6
[LOAD_GCs_Count], 99thPercentileLatency(ns), 6
[CLEANUP], Operations, 1
[CLEANUP], AverageLatency(ns), 13962.0
[CLEANUP], MinLatency(ns), 13962
[CLEANUP], MaxLatency(ns), 13962
[CLEANUP], 95thPercentileLatency(ns), 13962
[CLEANUP], 99thPercentileLatency(ns), 13962
[INSERT], Operations, 1000000
[INSERT], AverageLatency(ns), 2584.039297
[INSERT], MinLatency(ns), 407
[INSERT], MaxLatency(ns), 117295615
[INSERT], 95thPercentileLatency(ns), 3997
[INSERT], 99thPercentileLatency(ns), 5297
[INSERT], Return=OK, 1000000
[UPDATE], Operations, 1498902
[UPDATE], AverageLatency(ns), 1981.6981697269068
[UPDATE], MinLatency(ns), 225
[UPDATE], MaxLatency(ns), 390721
[UPDATE], 95thPercentileLatency(ns), 3365
[UPDATE], 99thPercentileLatency(ns), 4186
[UPDATE], Return=OK, 1498902
