/home/anatole/jdk8u/build/linux-x86_64-normal-server-release/jdk/bin/java -Xmx20g -XX:+UseG1GC -classpath /home/anatole/ycsb/conf:/home/anatole/ycsb/core/target/core-0.18.0-SNAPSHOT.jar:/home/anatole/ycsb/core/target/dependency/HdrHistogram-2.1.4.jar:/home/anatole/ycsb/core/target/dependency/guava-18.0.jar:/home/anatole/ycsb/core/target/dependency/htrace-core4-4.1.0-incubating.jar:/home/anatole/ycsb/core/target/dependency/jackson-core-asl-1.9.4.jar:/home/anatole/ycsb/core/target/dependency/jackson-mapper-asl-1.9.4.jar:/home/anatole/ycsb/core/target/dependency/javax.persistence-api-2.2.jar:/home/anatole/ycsb/core/target/dependency/jnvm-1.0-SNAPSHOT.jar:/home/anatole/ycsb/core/target/dependency/pcj-1.0.jar:/home/anatole/ycsb/core/target/dependency/unsafe-helper-1.0.jar:/home/anatole/ycsb/jnvm/target/jnvm-binding-0.18.0-SNAPSHOT.jar:/home/anatole/ycsb/jnvm/target/dependency/guava-18.0.jar:/home/anatole/ycsb/jnvm/target/dependency/javax.persistence-api-2.2.jar:/home/anatole/ycsb/jnvm/target/dependency/jnvm-1.0-SNAPSHOT.jar:/home/anatole/ycsb/jnvm/target/dependency/unsafe-helper-1.0.jar site.ycsb.Client -t -db site.ycsb.db.VolatileSkipListMapClient -P ../workloads/workloada -preload -s -threads 1 -p dataintegrity=true -p offheap=false -p recordcount=3000000 -p operationcount=10000000 -p fieldcount=10 -p fieldlength=100 -p requestdistribution=zipfian -p measurement.trackjvm=true -p measurementtype=hdrhistogram -p hdrhistogram.output.path=./out/exp8.pdt.ref/log/jnvm-vslmap.run.workloada.true.3000000.1.10.100.zipfian.1.false.true.default.default.none.r6.hdr.log
[OVERALL], RunTime(ms), 77366
[OVERALL], Throughput(ops/sec), 168032.46904324897
[TOTAL_GCS_G1_Young_Generation], Count, 57
[TOTAL_GC_TIME_G1_Young_Generation], Time(ms), 7425
[TOTAL_GC_TIME_%_G1_Young_Generation], Time(%), 9.597239097277873
[TOTAL_GCS_G1_Old_Generation], Count, 0
[TOTAL_GC_TIME_G1_Old_Generation], Time(ms), 0
[TOTAL_GC_TIME_%_G1_Old_Generation], Time(%), 0.0
[TOTAL_GCs], Count, 57
[TOTAL_GC_TIME], Time(ms), 7425
[TOTAL_GC_TIME_%], Time(%), 9.597239097277873
[MAX_MEM_USED], MBs, 14529
[MIN_MEM_USED], MBs, 34
[MAX_THREADS], Count, 3
[MIN_THREADS], Count, 2
[MAX_SYS_LOAD_AVG], Load, 3.3
[MIN_SYS_LOAD_AVG], Load, 1.83
[THREAD_COUNT], Operations, 9
[THREAD_COUNT], AverageLatency(ns), 2.888888888888889
[THREAD_COUNT], MinLatency(ns), 2
[THREAD_COUNT], MaxLatency(ns), 3
[THREAD_COUNT], 95thPercentileLatency(ns), 3
[THREAD_COUNT], 99thPercentileLatency(ns), 3
[SYS_LOAD_AVG], Operations, 9
[SYS_LOAD_AVG], AverageLatency(ns), 1.8888888888888888
[SYS_LOAD_AVG], MinLatency(ns), 1
[SYS_LOAD_AVG], MaxLatency(ns), 3
[SYS_LOAD_AVG], 95thPercentileLatency(ns), 3
[SYS_LOAD_AVG], 99thPercentileLatency(ns), 3
[LOAD], Operations, 1
[LOAD], AverageLatency(ns), 4.1404203008E10
[LOAD], MinLatency(ns), 41404071936
[LOAD], MaxLatency(ns), 41404334079
[LOAD], 95thPercentileLatency(ns), 41404334079
[LOAD], 99thPercentileLatency(ns), 41404334079
[USED_MEM_MB], Operations, 9
[USED_MEM_MB], AverageLatency(ns), 8669.333333333334
[USED_MEM_MB], MinLatency(ns), 34
[USED_MEM_MB], MaxLatency(ns), 14529
[USED_MEM_MB], 95thPercentileLatency(ns), 14529
[USED_MEM_MB], 99thPercentileLatency(ns), 14529
[MAIN_GCs_Count], Operations, 1
[MAIN_GCs_Count], AverageLatency(ns), 9.0
[MAIN_GCs_Count], MinLatency(ns), 9
[MAIN_GCs_Count], MaxLatency(ns), 9
[MAIN_GCs_Count], 95thPercentileLatency(ns), 9
[MAIN_GCs_Count], 99thPercentileLatency(ns), 9
[MAIN_GCs_Time(ms)], Operations, 1
[MAIN_GCs_Time(ms)], AverageLatency(ns), 1052.0
[MAIN_GCs_Time(ms)], MinLatency(ns), 1052
[MAIN_GCs_Time(ms)], MaxLatency(ns), 1052
[MAIN_GCs_Time(ms)], 95thPercentileLatency(ns), 1052
[MAIN_GCs_Time(ms)], 99thPercentileLatency(ns), 1052
[TRANSACTION], Operations, 1
[TRANSACTION], AverageLatency(ns), 3.5821584384E10
[TRANSACTION], MinLatency(ns), 35821453312
[TRANSACTION], MaxLatency(ns), 35821715455
[TRANSACTION], 95thPercentileLatency(ns), 35821715455
[TRANSACTION], 99thPercentileLatency(ns), 35821715455
[GCS_TIME], Operations, 9
[GCS_TIME], AverageLatency(ns), 809.1111111111111
[GCS_TIME], MinLatency(ns), 0
[GCS_TIME], MaxLatency(ns), 1562
[GCS_TIME], 95thPercentileLatency(ns), 1562
[GCS_TIME], 99thPercentileLatency(ns), 1562
[LOAD_GCs_Time(ms)], Operations, 1
[LOAD_GCs_Time(ms)], AverageLatency(ns), 6179.0
[LOAD_GCs_Time(ms)], MinLatency(ns), 6179
[LOAD_GCs_Time(ms)], MaxLatency(ns), 6179
[LOAD_GCs_Time(ms)], 95thPercentileLatency(ns), 6179
[LOAD_GCs_Time(ms)], 99thPercentileLatency(ns), 6179
[READ], Operations, 4999171
[READ], AverageLatency(ns), 2437.6493208573984
[READ], MinLatency(ns), 197
[READ], MaxLatency(ns), 60300031
[READ], 95thPercentileLatency(ns), 4260
[READ], 99thPercentileLatency(ns), 5310
[READ], Return=OK, 4999171
[INIT], Operations, 1
[INIT], AverageLatency(ns), 3220264.0
[INIT], MinLatency(ns), 3220256
[INIT], MaxLatency(ns), 3220271
[INIT], 95thPercentileLatency(ns), 3220271
[INIT], 99thPercentileLatency(ns), 3220271
[GCS], Operations, 9
[GCS], AverageLatency(ns), 6.222222222222222
[GCS], MinLatency(ns), 0
[GCS], MaxLatency(ns), 20
[GCS], 95thPercentileLatency(ns), 20
[GCS], 99thPercentileLatency(ns), 20
[LOAD_GCs_Count], Operations, 1
[LOAD_GCs_Count], AverageLatency(ns), 46.0
[LOAD_GCs_Count], MinLatency(ns), 46
[LOAD_GCs_Count], MaxLatency(ns), 46
[LOAD_GCs_Count], 95thPercentileLatency(ns), 46
[LOAD_GCs_Count], 99thPercentileLatency(ns), 46
[CLEANUP], Operations, 1
[CLEANUP], AverageLatency(ns), 17132.0
[CLEANUP], MinLatency(ns), 17132
[CLEANUP], MaxLatency(ns), 17132
[CLEANUP], 95thPercentileLatency(ns), 17132
[CLEANUP], 99thPercentileLatency(ns), 17132
[INSERT], Operations, 3000000
[INSERT], AverageLatency(ns), 3298.211955333333
[INSERT], MinLatency(ns), 378
[INSERT], MaxLatency(ns), 202479615
[INSERT], 95thPercentileLatency(ns), 5205
[INSERT], 99thPercentileLatency(ns), 6916
[INSERT], Return=OK, 3000000
[UPDATE], Operations, 5000829
[UPDATE], AverageLatency(ns), 2661.9731992435654
[UPDATE], MinLatency(ns), 235
[UPDATE], MaxLatency(ns), 56010751
[UPDATE], 95thPercentileLatency(ns), 4520
[UPDATE], 99thPercentileLatency(ns), 5600
[UPDATE], Return=OK, 5000829
