/home/anatole/jdk8u/build/linux-x86_64-normal-server-release/jdk/bin/java -Xmx20g -XX:+UseG1GC -classpath /home/anatole/ycsb/conf:/home/anatole/ycsb/core/target/core-0.18.0-SNAPSHOT.jar:/home/anatole/ycsb/core/target/dependency/HdrHistogram-2.1.4.jar:/home/anatole/ycsb/core/target/dependency/guava-18.0.jar:/home/anatole/ycsb/core/target/dependency/htrace-core4-4.1.0-incubating.jar:/home/anatole/ycsb/core/target/dependency/jackson-core-asl-1.9.4.jar:/home/anatole/ycsb/core/target/dependency/jackson-mapper-asl-1.9.4.jar:/home/anatole/ycsb/core/target/dependency/javax.persistence-api-2.2.jar:/home/anatole/ycsb/core/target/dependency/jnvm-1.0-SNAPSHOT.jar:/home/anatole/ycsb/core/target/dependency/pcj-1.0.jar:/home/anatole/ycsb/core/target/dependency/unsafe-helper-1.0.jar:/home/anatole/ycsb/jnvm/target/jnvm-binding-0.18.0-SNAPSHOT.jar:/home/anatole/ycsb/jnvm/target/dependency/guava-18.0.jar:/home/anatole/ycsb/jnvm/target/dependency/javax.persistence-api-2.2.jar:/home/anatole/ycsb/jnvm/target/dependency/jnvm-1.0-SNAPSHOT.jar:/home/anatole/ycsb/jnvm/target/dependency/unsafe-helper-1.0.jar site.ycsb.Client -t -db site.ycsb.db.RecoverableHashMapClient -P ../workloads/workloada -s -threads 1 -p dataintegrity=false -p offheap=true -p recordcount=1000000 -p operationcount=3000000 -p fieldcount=10 -p fieldlength=100 -p requestdistribution=zipfian -p measurement.trackjvm=true -p measurementtype=hdrhistogram -p hdrhistogram.output.path=./out/exp8.pdt.ref/log/jnvm-rhmap.run.workloada.false.1000000.1.10.100.zipfian.1.false.true.default.default.none.r5.hdr.log
[OVERALL], RunTime(ms), 11655
[OVERALL], Throughput(ops/sec), 257400.2574002574
[TOTAL_GCS_G1_Young_Generation], Count, 29
[TOTAL_GC_TIME_G1_Young_Generation], Time(ms), 3559
[TOTAL_GC_TIME_%_G1_Young_Generation], Time(%), 30.536250536250538
[TOTAL_GCS_G1_Old_Generation], Count, 0
[TOTAL_GC_TIME_G1_Old_Generation], Time(ms), 0
[TOTAL_GC_TIME_%_G1_Old_Generation], Time(%), 0.0
[TOTAL_GCs], Count, 29
[TOTAL_GC_TIME], Time(ms), 3559
[TOTAL_GC_TIME_%], Time(%), 30.536250536250538
[MAX_MEM_USED], MBs, 5626
[MIN_MEM_USED], MBs, 28
[MAX_THREADS], Count, 41
[MIN_THREADS], Count, 3
[MAX_SYS_LOAD_AVG], Load, 13.91
[MIN_SYS_LOAD_AVG], Load, 10.49
[THREAD_COUNT], Operations, 3
[THREAD_COUNT], AverageLatency(ns), 28.0
[THREAD_COUNT], MinLatency(ns), 3
[THREAD_COUNT], MaxLatency(ns), 41
[THREAD_COUNT], 95thPercentileLatency(ns), 41
[THREAD_COUNT], 99thPercentileLatency(ns), 41
[SYS_LOAD_AVG], Operations, 3
[SYS_LOAD_AVG], AverageLatency(ns), 12.0
[SYS_LOAD_AVG], MinLatency(ns), 10
[SYS_LOAD_AVG], MaxLatency(ns), 13
[SYS_LOAD_AVG], 95thPercentileLatency(ns), 13
[SYS_LOAD_AVG], 99thPercentileLatency(ns), 13
[USED_MEM_MB], Operations, 3
[USED_MEM_MB], AverageLatency(ns), 3595.6666666666665
[USED_MEM_MB], MinLatency(ns), 28
[USED_MEM_MB], MaxLatency(ns), 5626
[USED_MEM_MB], 95thPercentileLatency(ns), 5626
[USED_MEM_MB], 99thPercentileLatency(ns), 5626
[MAIN_GCs_Count], Operations, 1
[MAIN_GCs_Count], AverageLatency(ns), 3.0
[MAIN_GCs_Count], MinLatency(ns), 3
[MAIN_GCs_Count], MaxLatency(ns), 3
[MAIN_GCs_Count], 95thPercentileLatency(ns), 3
[MAIN_GCs_Count], 99thPercentileLatency(ns), 3
[MAIN_GCs_Time(ms)], Operations, 1
[MAIN_GCs_Time(ms)], AverageLatency(ns), 936.0
[MAIN_GCs_Time(ms)], MinLatency(ns), 936
[MAIN_GCs_Time(ms)], MaxLatency(ns), 936
[MAIN_GCs_Time(ms)], 95thPercentileLatency(ns), 936
[MAIN_GCs_Time(ms)], 99thPercentileLatency(ns), 936
[TRANSACTION], Operations, 1
[TRANSACTION], AverageLatency(ns), 5.788188672E9
[TRANSACTION], MinLatency(ns), 5788172288
[TRANSACTION], MaxLatency(ns), 5788205055
[TRANSACTION], 95thPercentileLatency(ns), 5788205055
[TRANSACTION], 99thPercentileLatency(ns), 5788205055
[GCS_TIME], Operations, 3
[GCS_TIME], AverageLatency(ns), 1186.3333333333333
[GCS_TIME], MinLatency(ns), 0
[GCS_TIME], MaxLatency(ns), 3122
[GCS_TIME], 95thPercentileLatency(ns), 3122
[GCS_TIME], 99thPercentileLatency(ns), 3122
[READ], Operations, 1500350
[READ], AverageLatency(ns), 368.22265271436663
[READ], MinLatency(ns), 69
[READ], MaxLatency(ns), 404387
[READ], 95thPercentileLatency(ns), 709
[READ], 99thPercentileLatency(ns), 848
[READ], Return=OK, 1500350
[INIT], Operations, 1
[INIT], AverageLatency(ns), 5.814796288E9
[INIT], MinLatency(ns), 5814779904
[INIT], MaxLatency(ns), 5814812671
[INIT], 95thPercentileLatency(ns), 5814812671
[INIT], 99thPercentileLatency(ns), 5814812671
[GCS], Operations, 3
[GCS], AverageLatency(ns), 9.666666666666666
[GCS], MinLatency(ns), 0
[GCS], MaxLatency(ns), 28
[GCS], 95thPercentileLatency(ns), 28
[GCS], 99thPercentileLatency(ns), 28
[CLEANUP], Operations, 1
[CLEANUP], AverageLatency(ns), 21380.0
[CLEANUP], MinLatency(ns), 21380
[CLEANUP], MaxLatency(ns), 21380
[CLEANUP], 95thPercentileLatency(ns), 21380
[CLEANUP], 99thPercentileLatency(ns), 21380
[UPDATE], Operations, 1499650
[UPDATE], AverageLatency(ns), 2617.2407961857766
[UPDATE], MinLatency(ns), 616
[UPDATE], MaxLatency(ns), 437053439
[UPDATE], 95thPercentileLatency(ns), 2784
[UPDATE], 99thPercentileLatency(ns), 3344
[UPDATE], Return=OK, 1499650
