/home/anatole/jdk8u/build/linux-x86_64-normal-server-release/jdk/bin/java -Xmx20g -XX:+UseG1GC -classpath /home/anatole/ycsb/conf:/home/anatole/ycsb/core/target/core-0.18.0-SNAPSHOT.jar:/home/anatole/ycsb/core/target/dependency/HdrHistogram-2.1.4.jar:/home/anatole/ycsb/core/target/dependency/guava-18.0.jar:/home/anatole/ycsb/core/target/dependency/htrace-core4-4.1.0-incubating.jar:/home/anatole/ycsb/core/target/dependency/jackson-core-asl-1.9.4.jar:/home/anatole/ycsb/core/target/dependency/jackson-mapper-asl-1.9.4.jar:/home/anatole/ycsb/core/target/dependency/javax.persistence-api-2.2.jar:/home/anatole/ycsb/core/target/dependency/jnvm-1.0-SNAPSHOT.jar:/home/anatole/ycsb/core/target/dependency/pcj-1.0.jar:/home/anatole/ycsb/core/target/dependency/unsafe-helper-1.0.jar:/home/anatole/ycsb/jnvm/target/jnvm-binding-0.18.0-SNAPSHOT.jar:/home/anatole/ycsb/jnvm/target/dependency/guava-18.0.jar:/home/anatole/ycsb/jnvm/target/dependency/javax.persistence-api-2.2.jar:/home/anatole/ycsb/jnvm/target/dependency/jnvm-1.0-SNAPSHOT.jar:/home/anatole/ycsb/jnvm/target/dependency/unsafe-helper-1.0.jar site.ycsb.Client -t -db site.ycsb.db.VolatileTreeMapClient -P ../workloads/workloada -preload -s -threads 1 -p dataintegrity=true -p offheap=false -p recordcount=1000000 -p operationcount=3000000 -p fieldcount=10 -p fieldlength=100 -p requestdistribution=zipfian -p measurement.trackjvm=true -p measurementtype=hdrhistogram -p hdrhistogram.output.path=./out/exp8.pdt.ref/log/jnvm-vtmap.run.workloada.true.1000000.1.10.100.zipfian.1.false.true.default.default.none.r5.hdr.log
[OVERALL], RunTime(ms), 19947
[OVERALL], Throughput(ops/sec), 200531.4082318143
[TOTAL_GCS_G1_Young_Generation], Count, 29
[TOTAL_GC_TIME_G1_Young_Generation], Time(ms), 2839
[TOTAL_GC_TIME_%_G1_Young_Generation], Time(%), 14.23271669925302
[TOTAL_GCS_G1_Old_Generation], Count, 0
[TOTAL_GC_TIME_G1_Old_Generation], Time(ms), 0
[TOTAL_GC_TIME_%_G1_Old_Generation], Time(%), 0.0
[TOTAL_GCs], Count, 29
[TOTAL_GC_TIME], Time(ms), 2839
[TOTAL_GC_TIME_%], Time(%), 14.23271669925302
[MAX_MEM_USED], MBs, 4730
[MIN_MEM_USED], MBs, 30
[MAX_THREADS], Count, 3
[MIN_THREADS], Count, 2
[MAX_SYS_LOAD_AVG], Load, 4.97
[MIN_SYS_LOAD_AVG], Load, 3.98
[THREAD_COUNT], Operations, 3
[THREAD_COUNT], AverageLatency(ns), 2.6666666666666665
[THREAD_COUNT], MinLatency(ns), 2
[THREAD_COUNT], MaxLatency(ns), 3
[THREAD_COUNT], 95thPercentileLatency(ns), 3
[THREAD_COUNT], 99thPercentileLatency(ns), 3
[SYS_LOAD_AVG], Operations, 3
[SYS_LOAD_AVG], AverageLatency(ns), 3.6666666666666665
[SYS_LOAD_AVG], MinLatency(ns), 3
[SYS_LOAD_AVG], MaxLatency(ns), 4
[SYS_LOAD_AVG], 95thPercentileLatency(ns), 4
[SYS_LOAD_AVG], 99thPercentileLatency(ns), 4
[LOAD], Operations, 1
[LOAD], AverageLatency(ns), 1.3100351488E10
[LOAD], MinLatency(ns), 13100318720
[LOAD], MaxLatency(ns), 13100384255
[LOAD], 95thPercentileLatency(ns), 13100384255
[LOAD], 99thPercentileLatency(ns), 13100384255
[USED_MEM_MB], Operations, 3
[USED_MEM_MB], AverageLatency(ns), 2657.3333333333335
[USED_MEM_MB], MinLatency(ns), 30
[USED_MEM_MB], MaxLatency(ns), 4730
[USED_MEM_MB], 95thPercentileLatency(ns), 4730
[USED_MEM_MB], 99thPercentileLatency(ns), 4730
[MAIN_GCs_Count], Operations, 1
[MAIN_GCs_Count], AverageLatency(ns), 5.0
[MAIN_GCs_Count], MinLatency(ns), 5
[MAIN_GCs_Count], MaxLatency(ns), 5
[MAIN_GCs_Count], 95thPercentileLatency(ns), 5
[MAIN_GCs_Count], 99thPercentileLatency(ns), 5
[MAIN_GCs_Time(ms)], Operations, 1
[MAIN_GCs_Time(ms)], AverageLatency(ns), 831.0
[MAIN_GCs_Time(ms)], MinLatency(ns), 831
[MAIN_GCs_Time(ms)], MaxLatency(ns), 831
[MAIN_GCs_Time(ms)], 95thPercentileLatency(ns), 831
[MAIN_GCs_Time(ms)], 99thPercentileLatency(ns), 831
[TRANSACTION], Operations, 1
[TRANSACTION], AverageLatency(ns), 6.745767936E9
[TRANSACTION], MinLatency(ns), 6745751552
[TRANSACTION], MaxLatency(ns), 6745784319
[TRANSACTION], 95thPercentileLatency(ns), 6745784319
[TRANSACTION], 99thPercentileLatency(ns), 6745784319
[GCS_TIME], Operations, 3
[GCS_TIME], AverageLatency(ns), 946.3333333333334
[GCS_TIME], MinLatency(ns), 0
[GCS_TIME], MaxLatency(ns), 1570
[GCS_TIME], 95thPercentileLatency(ns), 1570
[GCS_TIME], 99thPercentileLatency(ns), 1570
[LOAD_GCs_Time(ms)], Operations, 1
[LOAD_GCs_Time(ms)], AverageLatency(ns), 2008.0
[LOAD_GCs_Time(ms)], MinLatency(ns), 2008
[LOAD_GCs_Time(ms)], MaxLatency(ns), 2008
[LOAD_GCs_Time(ms)], 95thPercentileLatency(ns), 2008
[LOAD_GCs_Time(ms)], 99thPercentileLatency(ns), 2008
[READ], Operations, 1501678
[READ], AverageLatency(ns), 975.4925083806248
[READ], MinLatency(ns), 63
[READ], MaxLatency(ns), 126456
[READ], 95thPercentileLatency(ns), 1719
[READ], 99thPercentileLatency(ns), 2145
[READ], Return=OK, 1501678
[INIT], Operations, 1
[INIT], AverageLatency(ns), 266105.0
[INIT], MinLatency(ns), 266104
[INIT], MaxLatency(ns), 266105
[INIT], 95thPercentileLatency(ns), 266105
[INIT], 99thPercentileLatency(ns), 266105
[GCS], Operations, 3
[GCS], AverageLatency(ns), 9.666666666666666
[GCS], MinLatency(ns), 0
[GCS], MaxLatency(ns), 21
[GCS], 95thPercentileLatency(ns), 21
[GCS], 99thPercentileLatency(ns), 21
[LOAD_GCs_Count], Operations, 1
[LOAD_GCs_Count], AverageLatency(ns), 24.0
[LOAD_GCs_Count], MinLatency(ns), 24
[LOAD_GCs_Count], MaxLatency(ns), 24
[LOAD_GCs_Count], 95thPercentileLatency(ns), 24
[LOAD_GCs_Count], 99thPercentileLatency(ns), 24
[CLEANUP], Operations, 1
[CLEANUP], AverageLatency(ns), 14977.0
[CLEANUP], MinLatency(ns), 14977
[CLEANUP], MaxLatency(ns), 14977
[CLEANUP], 95thPercentileLatency(ns), 14977
[CLEANUP], 99thPercentileLatency(ns), 14977
[INSERT], Operations, 1000000
[INSERT], AverageLatency(ns), 1778.718257
[INSERT], MinLatency(ns), 339
[INSERT], MaxLatency(ns), 83673087
[INSERT], 95thPercentileLatency(ns), 2352
[INSERT], 99thPercentileLatency(ns), 3023
[INSERT], Return=OK, 1000000
[UPDATE], Operations, 1498322
[UPDATE], AverageLatency(ns), 1272.3288919204283
[UPDATE], MinLatency(ns), 143
[UPDATE], MaxLatency(ns), 166206463
[UPDATE], 95thPercentileLatency(ns), 1952
[UPDATE], 99thPercentileLatency(ns), 2425
[UPDATE], Return=OK, 1498322
