/home/anatole/jdk8u/build/linux-x86_64-normal-server-release/jdk/bin/java -Xmx20g -XX:+UseG1GC -classpath /home/anatole/ycsb/conf:/home/anatole/ycsb/core/target/core-0.18.0-SNAPSHOT.jar:/home/anatole/ycsb/core/target/dependency/HdrHistogram-2.1.4.jar:/home/anatole/ycsb/core/target/dependency/guava-18.0.jar:/home/anatole/ycsb/core/target/dependency/htrace-core4-4.1.0-incubating.jar:/home/anatole/ycsb/core/target/dependency/jackson-core-asl-1.9.4.jar:/home/anatole/ycsb/core/target/dependency/jackson-mapper-asl-1.9.4.jar:/home/anatole/ycsb/core/target/dependency/javax.persistence-api-2.2.jar:/home/anatole/ycsb/core/target/dependency/jnvm-1.0-SNAPSHOT.jar:/home/anatole/ycsb/core/target/dependency/pcj-1.0.jar:/home/anatole/ycsb/core/target/dependency/unsafe-helper-1.0.jar:/home/anatole/ycsb/jnvm/target/jnvm-binding-0.18.0-SNAPSHOT.jar:/home/anatole/ycsb/jnvm/target/dependency/guava-18.0.jar:/home/anatole/ycsb/jnvm/target/dependency/javax.persistence-api-2.2.jar:/home/anatole/ycsb/jnvm/target/dependency/jnvm-1.0-SNAPSHOT.jar:/home/anatole/ycsb/jnvm/target/dependency/unsafe-helper-1.0.jar site.ycsb.Client -t -db site.ycsb.db.VolatileSkipListMapClient -P ../workloads/workloada -preload -s -threads 1 -p dataintegrity=true -p offheap=false -p recordcount=1000000 -p operationcount=3000000 -p fieldcount=10 -p fieldlength=100 -p requestdistribution=zipfian -p measurement.trackjvm=true -p measurementtype=hdrhistogram -p hdrhistogram.output.path=./out/exp8.pdt.ref/log/jnvm-vslmap.run.workloada.true.1000000.1.10.100.zipfian.1.false.true.default.default.none.r4.hdr.log
[OVERALL], RunTime(ms), 23530
[OVERALL], Throughput(ops/sec), 169995.75010624735
[TOTAL_GCS_G1_Young_Generation], Count, 29
[TOTAL_GC_TIME_G1_Young_Generation], Time(ms), 2797
[TOTAL_GC_TIME_%_G1_Young_Generation], Time(%), 11.886952826179344
[TOTAL_GCS_G1_Old_Generation], Count, 0
[TOTAL_GC_TIME_G1_Old_Generation], Time(ms), 0
[TOTAL_GC_TIME_%_G1_Old_Generation], Time(%), 0.0
[TOTAL_GCs], Count, 29
[TOTAL_GC_TIME], Time(ms), 2797
[TOTAL_GC_TIME_%], Time(%), 11.886952826179344
[MAX_MEM_USED], MBs, 4700
[MIN_MEM_USED], MBs, 55
[MAX_THREADS], Count, 3
[MIN_THREADS], Count, 2
[MAX_SYS_LOAD_AVG], Load, 5.9
[MIN_SYS_LOAD_AVG], Load, 4.15
[THREAD_COUNT], Operations, 4
[THREAD_COUNT], AverageLatency(ns), 2.75
[THREAD_COUNT], MinLatency(ns), 2
[THREAD_COUNT], MaxLatency(ns), 3
[THREAD_COUNT], 95thPercentileLatency(ns), 3
[THREAD_COUNT], 99thPercentileLatency(ns), 3
[SYS_LOAD_AVG], Operations, 4
[SYS_LOAD_AVG], AverageLatency(ns), 4.5
[SYS_LOAD_AVG], MinLatency(ns), 4
[SYS_LOAD_AVG], MaxLatency(ns), 5
[SYS_LOAD_AVG], 95thPercentileLatency(ns), 5
[SYS_LOAD_AVG], 99thPercentileLatency(ns), 5
[LOAD], Operations, 1
[LOAD], AverageLatency(ns), 1.4042431488E10
[LOAD], MinLatency(ns), 14042398720
[LOAD], MaxLatency(ns), 14042464255
[LOAD], 95thPercentileLatency(ns), 14042464255
[LOAD], 99thPercentileLatency(ns), 14042464255
[USED_MEM_MB], Operations, 4
[USED_MEM_MB], AverageLatency(ns), 3112.0
[USED_MEM_MB], MinLatency(ns), 55
[USED_MEM_MB], MaxLatency(ns), 4700
[USED_MEM_MB], 95thPercentileLatency(ns), 4700
[USED_MEM_MB], 99thPercentileLatency(ns), 4700
[MAIN_GCs_Count], Operations, 1
[MAIN_GCs_Count], AverageLatency(ns), 5.0
[MAIN_GCs_Count], MinLatency(ns), 5
[MAIN_GCs_Count], MaxLatency(ns), 5
[MAIN_GCs_Count], 95thPercentileLatency(ns), 5
[MAIN_GCs_Count], 99thPercentileLatency(ns), 5
[MAIN_GCs_Time(ms)], Operations, 1
[MAIN_GCs_Time(ms)], AverageLatency(ns), 809.0
[MAIN_GCs_Time(ms)], MinLatency(ns), 809
[MAIN_GCs_Time(ms)], MaxLatency(ns), 809
[MAIN_GCs_Time(ms)], 95thPercentileLatency(ns), 809
[MAIN_GCs_Time(ms)], 99thPercentileLatency(ns), 809
[TRANSACTION], Operations, 1
[TRANSACTION], AverageLatency(ns), 9.3872128E9
[TRANSACTION], MinLatency(ns), 9387180032
[TRANSACTION], MaxLatency(ns), 9387245567
[TRANSACTION], 95thPercentileLatency(ns), 9387245567
[TRANSACTION], 99thPercentileLatency(ns), 9387245567
[GCS_TIME], Operations, 4
[GCS_TIME], AverageLatency(ns), 699.25
[GCS_TIME], MinLatency(ns), 29
[GCS_TIME], MaxLatency(ns), 1410
[GCS_TIME], 95thPercentileLatency(ns), 1410
[GCS_TIME], 99thPercentileLatency(ns), 1410
[LOAD_GCs_Time(ms)], Operations, 1
[LOAD_GCs_Time(ms)], AverageLatency(ns), 1988.0
[LOAD_GCs_Time(ms)], MinLatency(ns), 1988
[LOAD_GCs_Time(ms)], MaxLatency(ns), 1988
[LOAD_GCs_Time(ms)], 95thPercentileLatency(ns), 1988
[LOAD_GCs_Time(ms)], 99thPercentileLatency(ns), 1988
[READ], Operations, 1500028
[READ], AverageLatency(ns), 1839.0503590599642
[READ], MinLatency(ns), 247
[READ], MaxLatency(ns), 108717
[READ], 95thPercentileLatency(ns), 3214
[READ], 99thPercentileLatency(ns), 4107
[READ], Return=OK, 1500028
[INIT], Operations, 1
[INIT], AverageLatency(ns), 3172888.0
[INIT], MinLatency(ns), 3172880
[INIT], MaxLatency(ns), 3172895
[INIT], 95thPercentileLatency(ns), 3172895
[INIT], 99thPercentileLatency(ns), 3172895
[GCS], Operations, 4
[GCS], AverageLatency(ns), 7.25
[GCS], MinLatency(ns), 1
[GCS], MaxLatency(ns), 19
[GCS], 95thPercentileLatency(ns), 19
[GCS], 99thPercentileLatency(ns), 19
[LOAD_GCs_Count], Operations, 1
[LOAD_GCs_Count], AverageLatency(ns), 24.0
[LOAD_GCs_Count], MinLatency(ns), 24
[LOAD_GCs_Count], MaxLatency(ns), 24
[LOAD_GCs_Count], 95thPercentileLatency(ns), 24
[LOAD_GCs_Count], 99thPercentileLatency(ns), 24
[CLEANUP], Operations, 1
[CLEANUP], AverageLatency(ns), 18849.0
[CLEANUP], MinLatency(ns), 18849
[CLEANUP], MaxLatency(ns), 18849
[CLEANUP], 95thPercentileLatency(ns), 18849
[CLEANUP], 99thPercentileLatency(ns), 18849
[INSERT], Operations, 1000000
[INSERT], AverageLatency(ns), 2696.111113
[INSERT], MinLatency(ns), 398
[INSERT], MaxLatency(ns), 432475
[INSERT], 95thPercentileLatency(ns), 4287
[INSERT], 99thPercentileLatency(ns), 5522
[INSERT], Return=OK, 1000000
[UPDATE], Operations, 1499972
[UPDATE], AverageLatency(ns), 2051.338184312774
[UPDATE], MinLatency(ns), 308
[UPDATE], MaxLatency(ns), 111396
[UPDATE], 95thPercentileLatency(ns), 3472
[UPDATE], 99thPercentileLatency(ns), 4376
[UPDATE], Return=OK, 1499972
