/home/anatole/jdk8u/build/linux-x86_64-normal-server-release/jdk/bin/java -Xmx20g -XX:+UseG1GC -classpath /home/anatole/ycsb/conf:/home/anatole/ycsb/core/target/core-0.18.0-SNAPSHOT.jar:/home/anatole/ycsb/core/target/dependency/HdrHistogram-2.1.4.jar:/home/anatole/ycsb/core/target/dependency/guava-18.0.jar:/home/anatole/ycsb/core/target/dependency/htrace-core4-4.1.0-incubating.jar:/home/anatole/ycsb/core/target/dependency/jackson-core-asl-1.9.4.jar:/home/anatole/ycsb/core/target/dependency/jackson-mapper-asl-1.9.4.jar:/home/anatole/ycsb/core/target/dependency/javax.persistence-api-2.2.jar:/home/anatole/ycsb/core/target/dependency/jnvm-1.0-SNAPSHOT.jar:/home/anatole/ycsb/core/target/dependency/pcj-1.0.jar:/home/anatole/ycsb/core/target/dependency/unsafe-helper-1.0.jar:/home/anatole/ycsb/jnvm/target/jnvm-binding-0.18.0-SNAPSHOT.jar:/home/anatole/ycsb/jnvm/target/dependency/guava-18.0.jar:/home/anatole/ycsb/jnvm/target/dependency/javax.persistence-api-2.2.jar:/home/anatole/ycsb/jnvm/target/dependency/jnvm-1.0-SNAPSHOT.jar:/home/anatole/ycsb/jnvm/target/dependency/unsafe-helper-1.0.jar site.ycsb.Client -load -db site.ycsb.db.RecoverableTreeMapClient -P ../workloads/workloada -threads 1 -p dataintegrity=false -p offheap=true -p recordcount=1000000 -p operationcount=3000000 -p fieldcount=10 -p requestdistribution=zipfian -p measurementtype=hdrhistogram -p hdrhistogram.output.path=./out/exp8.pdt.ref/log/jnvm-rtmap.load.workloada.false.1000000.1.10.zipfian.1.hdr.log
[OVERALL], RunTime(ms), 20105
[OVERALL], Throughput(ops/sec), 49738.87092762994
[TOTAL_GCS_G1_Young_Generation], Count, 22
[TOTAL_GC_TIME_G1_Young_Generation], Time(ms), 1902
[TOTAL_GC_TIME_%_G1_Young_Generation], Time(%), 9.460333250435216
[TOTAL_GCS_G1_Old_Generation], Count, 0
[TOTAL_GC_TIME_G1_Old_Generation], Time(ms), 0
[TOTAL_GC_TIME_%_G1_Old_Generation], Time(%), 0.0
[TOTAL_GCs], Count, 22
[TOTAL_GC_TIME], Time(ms), 1902
[TOTAL_GC_TIME_%], Time(%), 9.460333250435216
[INIT], Operations, 1
[INIT], AverageLatency(ns), 3.7249408E7
[INIT], MinLatency(ns), 37249280
[INIT], MaxLatency(ns), 37249535
[INIT], 95thPercentileLatency(ns), 37249535
[INIT], 99thPercentileLatency(ns), 37249535
[LOAD], Operations, 1
[LOAD], AverageLatency(ns), 2.0005060608E10
[LOAD], MinLatency(ns), 20004995072
[LOAD], MaxLatency(ns), 20005126143
[LOAD], 95thPercentileLatency(ns), 20005126143
[LOAD], 99thPercentileLatency(ns), 20005126143
[LOAD_GCs_Count], Operations, 1
[LOAD_GCs_Count], AverageLatency(ns), 22.0
[LOAD_GCs_Count], MinLatency(ns), 22
[LOAD_GCs_Count], MaxLatency(ns), 22
[LOAD_GCs_Count], 95thPercentileLatency(ns), 22
[LOAD_GCs_Count], 99thPercentileLatency(ns), 22
[CLEANUP], Operations, 1
[CLEANUP], AverageLatency(ns), 11843.0
[CLEANUP], MinLatency(ns), 11843
[CLEANUP], MaxLatency(ns), 11843
[CLEANUP], 95thPercentileLatency(ns), 11843
[CLEANUP], 99thPercentileLatency(ns), 11843
[INSERT], Operations, 1000000
[INSERT], AverageLatency(ns), 18541.804226
[INSERT], MinLatency(ns), 6708
[INSERT], MaxLatency(ns), 149253119
[INSERT], 95thPercentileLatency(ns), 15800
[INSERT], 99thPercentileLatency(ns), 27043
[INSERT], Return=OK, 1000000
[LOAD_GCs_Time(ms)], Operations, 1
[LOAD_GCs_Time(ms)], AverageLatency(ns), 1902.0
[LOAD_GCs_Time(ms)], MinLatency(ns), 1902
[LOAD_GCs_Time(ms)], MaxLatency(ns), 1902
[LOAD_GCs_Time(ms)], 95thPercentileLatency(ns), 1902
[LOAD_GCs_Time(ms)], 99thPercentileLatency(ns), 1902
