/home/anatole/jdk8u/build/linux-x86_64-normal-server-release/jdk/bin/java -Xmx20g -XX:+UseG1GC -classpath /home/anatole/ycsb/conf:/home/anatole/ycsb/core/target/core-0.18.0-SNAPSHOT.jar:/home/anatole/ycsb/core/target/dependency/HdrHistogram-2.1.4.jar:/home/anatole/ycsb/core/target/dependency/guava-18.0.jar:/home/anatole/ycsb/core/target/dependency/htrace-core4-4.1.0-incubating.jar:/home/anatole/ycsb/core/target/dependency/jackson-core-asl-1.9.4.jar:/home/anatole/ycsb/core/target/dependency/jackson-mapper-asl-1.9.4.jar:/home/anatole/ycsb/core/target/dependency/javax.persistence-api-2.2.jar:/home/anatole/ycsb/core/target/dependency/jnvm-1.0-SNAPSHOT.jar:/home/anatole/ycsb/core/target/dependency/pcj-1.0.jar:/home/anatole/ycsb/core/target/dependency/unsafe-helper-1.0.jar:/home/anatole/ycsb/jnvm/target/jnvm-binding-0.18.0-SNAPSHOT.jar:/home/anatole/ycsb/jnvm/target/dependency/guava-18.0.jar:/home/anatole/ycsb/jnvm/target/dependency/javax.persistence-api-2.2.jar:/home/anatole/ycsb/jnvm/target/dependency/jnvm-1.0-SNAPSHOT.jar:/home/anatole/ycsb/jnvm/target/dependency/unsafe-helper-1.0.jar site.ycsb.Client -t -db site.ycsb.db.RecoverableTreeMapClient -P ../workloads/workloada -s -threads 1 -p dataintegrity=true -p offheap=true -p recordcount=1000000 -p operationcount=3000000 -p fieldcount=10 -p fieldlength=100 -p requestdistribution=zipfian -p measurement.trackjvm=true -p measurementtype=hdrhistogram -p hdrhistogram.output.path=./out/exp8.pdt.ref/log/jnvm-rtmap.run.workloada.true.1000000.1.10.100.zipfian.1.false.true.default.default.none.r3.hdr.log
[OVERALL], RunTime(ms), 40744
[OVERALL], Throughput(ops/sec), 73630.47319850775
[TOTAL_GCS_G1_Young_Generation], Count, 38
[TOTAL_GC_TIME_G1_Young_Generation], Time(ms), 5044
[TOTAL_GC_TIME_%_G1_Young_Generation], Time(%), 12.379736893775771
[TOTAL_GCS_G1_Old_Generation], Count, 0
[TOTAL_GC_TIME_G1_Old_Generation], Time(ms), 0
[TOTAL_GC_TIME_%_G1_Old_Generation], Time(%), 0.0
[TOTAL_GCs], Count, 38
[TOTAL_GC_TIME], Time(ms), 5044
[TOTAL_GC_TIME_%], Time(%), 12.379736893775771
[MAX_MEM_USED], MBs, 5083
[MIN_MEM_USED], MBs, 28
[MAX_THREADS], Count, 42
[MIN_THREADS], Count, 3
[MAX_SYS_LOAD_AVG], Load, 7.13
[MIN_SYS_LOAD_AVG], Load, 5.7
[THREAD_COUNT], Operations, 6
[THREAD_COUNT], AverageLatency(ns), 34.166666666666664
[THREAD_COUNT], MinLatency(ns), 3
[THREAD_COUNT], MaxLatency(ns), 42
[THREAD_COUNT], 95thPercentileLatency(ns), 42
[THREAD_COUNT], 99thPercentileLatency(ns), 42
[SYS_LOAD_AVG], Operations, 6
[SYS_LOAD_AVG], AverageLatency(ns), 5.666666666666667
[SYS_LOAD_AVG], MinLatency(ns), 5
[SYS_LOAD_AVG], MaxLatency(ns), 7
[SYS_LOAD_AVG], 95thPercentileLatency(ns), 7
[SYS_LOAD_AVG], 99thPercentileLatency(ns), 7
[USED_MEM_MB], Operations, 6
[USED_MEM_MB], AverageLatency(ns), 3375.1666666666665
[USED_MEM_MB], MinLatency(ns), 28
[USED_MEM_MB], MaxLatency(ns), 5083
[USED_MEM_MB], 95thPercentileLatency(ns), 5083
[USED_MEM_MB], 99thPercentileLatency(ns), 5083
[MAIN_GCs_Count], Operations, 1
[MAIN_GCs_Count], AverageLatency(ns), 9.0
[MAIN_GCs_Count], MinLatency(ns), 9
[MAIN_GCs_Count], MaxLatency(ns), 9
[MAIN_GCs_Count], 95thPercentileLatency(ns), 9
[MAIN_GCs_Count], 99thPercentileLatency(ns), 9
[MAIN_GCs_Time(ms)], Operations, 1
[MAIN_GCs_Time(ms)], AverageLatency(ns), 2529.0
[MAIN_GCs_Time(ms)], MinLatency(ns), 2529
[MAIN_GCs_Time(ms)], MaxLatency(ns), 2529
[MAIN_GCs_Time(ms)], 95thPercentileLatency(ns), 2529
[MAIN_GCs_Time(ms)], 99thPercentileLatency(ns), 2529
[TRANSACTION], Operations, 1
[TRANSACTION], AverageLatency(ns), 1.2615450624E10
[TRANSACTION], MinLatency(ns), 12615417856
[TRANSACTION], MaxLatency(ns), 12615483391
[TRANSACTION], 95thPercentileLatency(ns), 12615483391
[TRANSACTION], 99thPercentileLatency(ns), 12615483391
[GCS_TIME], Operations, 6
[GCS_TIME], AverageLatency(ns), 840.6666666666666
[GCS_TIME], MinLatency(ns), 0
[GCS_TIME], MaxLatency(ns), 2132
[GCS_TIME], 95thPercentileLatency(ns), 2132
[GCS_TIME], 99thPercentileLatency(ns), 2132
[READ], Operations, 1500360
[READ], AverageLatency(ns), 1375.752549388147
[READ], MinLatency(ns), 61
[READ], MaxLatency(ns), 33603
[READ], 95thPercentileLatency(ns), 2301
[READ], 99thPercentileLatency(ns), 2774
[READ], Return=OK, 1500360
[INIT], Operations, 1
[INIT], AverageLatency(ns), 2.8000976896E10
[INIT], MinLatency(ns), 28000911360
[INIT], MaxLatency(ns), 28001042431
[INIT], 95thPercentileLatency(ns), 28001042431
[INIT], 99thPercentileLatency(ns), 28001042431
[GCS], Operations, 6
[GCS], AverageLatency(ns), 6.333333333333333
[GCS], MinLatency(ns), 0
[GCS], MaxLatency(ns), 17
[GCS], 95thPercentileLatency(ns), 17
[GCS], 99thPercentileLatency(ns), 17
[CLEANUP], Operations, 1
[CLEANUP], AverageLatency(ns), 20249.0
[CLEANUP], MinLatency(ns), 20249
[CLEANUP], MaxLatency(ns), 20249
[CLEANUP], 95thPercentileLatency(ns), 20249
[CLEANUP], 99thPercentileLatency(ns), 20249
[UPDATE], Operations, 1499640
[UPDATE], AverageLatency(ns), 2058.710948627671
[UPDATE], MinLatency(ns), 205
[UPDATE], MaxLatency(ns), 417637
[UPDATE], 95thPercentileLatency(ns), 3146
[UPDATE], 99thPercentileLatency(ns), 3754
[UPDATE], Return=OK, 1499640
