/home/anatole/jdk8u/build/linux-x86_64-normal-server-release/jdk/bin/java -Xmx20g -XX:+UseG1GC -classpath /home/anatole/ycsb/conf:/home/anatole/ycsb/core/target/core-0.18.0-SNAPSHOT.jar:/home/anatole/ycsb/core/target/dependency/HdrHistogram-2.1.4.jar:/home/anatole/ycsb/core/target/dependency/guava-18.0.jar:/home/anatole/ycsb/core/target/dependency/htrace-core4-4.1.0-incubating.jar:/home/anatole/ycsb/core/target/dependency/jackson-core-asl-1.9.4.jar:/home/anatole/ycsb/core/target/dependency/jackson-mapper-asl-1.9.4.jar:/home/anatole/ycsb/core/target/dependency/javax.persistence-api-2.2.jar:/home/anatole/ycsb/core/target/dependency/jnvm-1.0-SNAPSHOT.jar:/home/anatole/ycsb/core/target/dependency/pcj-1.0.jar:/home/anatole/ycsb/core/target/dependency/unsafe-helper-1.0.jar:/home/anatole/ycsb/jnvm/target/jnvm-binding-0.18.0-SNAPSHOT.jar:/home/anatole/ycsb/jnvm/target/dependency/guava-18.0.jar:/home/anatole/ycsb/jnvm/target/dependency/javax.persistence-api-2.2.jar:/home/anatole/ycsb/jnvm/target/dependency/jnvm-1.0-SNAPSHOT.jar:/home/anatole/ycsb/jnvm/target/dependency/unsafe-helper-1.0.jar site.ycsb.Client -t -db site.ycsb.db.RecoverableTreeMapClient -P ../workloads/workloada -s -threads 1 -p dataintegrity=false -p offheap=true -p recordcount=1000000 -p operationcount=3000000 -p fieldcount=10 -p fieldlength=100 -p requestdistribution=zipfian -p measurement.trackjvm=true -p measurementtype=hdrhistogram -p hdrhistogram.output.path=./out/exp8.pdt.ref/log/jnvm-rtmap.run.workloada.false.1000000.1.10.100.zipfian.1.false.true.default.default.none.r1.hdr.log
[OVERALL], RunTime(ms), 38273
[OVERALL], Throughput(ops/sec), 78384.23954223604
[TOTAL_GCS_G1_Young_Generation], Count, 44
[TOTAL_GC_TIME_G1_Young_Generation], Time(ms), 3905
[TOTAL_GC_TIME_%_G1_Young_Generation], Time(%), 10.203015180414392
[TOTAL_GCS_G1_Old_Generation], Count, 0
[TOTAL_GC_TIME_G1_Old_Generation], Time(ms), 0
[TOTAL_GC_TIME_%_G1_Old_Generation], Time(%), 0.0
[TOTAL_GCs], Count, 44
[TOTAL_GC_TIME], Time(ms), 3905
[TOTAL_GC_TIME_%], Time(%), 10.203015180414392
[MAX_MEM_USED], MBs, 5048
[MIN_MEM_USED], MBs, 28
[MAX_THREADS], Count, 42
[MIN_THREADS], Count, 3
[MAX_SYS_LOAD_AVG], Load, 10.61
[MIN_SYS_LOAD_AVG], Load, 8.6
[THREAD_COUNT], Operations, 5
[THREAD_COUNT], AverageLatency(ns), 33.6
[THREAD_COUNT], MinLatency(ns), 3
[THREAD_COUNT], MaxLatency(ns), 42
[THREAD_COUNT], 95thPercentileLatency(ns), 42
[THREAD_COUNT], 99thPercentileLatency(ns), 42
[SYS_LOAD_AVG], Operations, 5
[SYS_LOAD_AVG], AverageLatency(ns), 9.0
[SYS_LOAD_AVG], MinLatency(ns), 8
[SYS_LOAD_AVG], MaxLatency(ns), 10
[SYS_LOAD_AVG], 95thPercentileLatency(ns), 10
[SYS_LOAD_AVG], 99thPercentileLatency(ns), 10
[USED_MEM_MB], Operations, 5
[USED_MEM_MB], AverageLatency(ns), 2934.8
[USED_MEM_MB], MinLatency(ns), 28
[USED_MEM_MB], MaxLatency(ns), 5048
[USED_MEM_MB], 95thPercentileLatency(ns), 5048
[USED_MEM_MB], 99thPercentileLatency(ns), 5048
[MAIN_GCs_Count], Operations, 1
[MAIN_GCs_Count], AverageLatency(ns), 4.0
[MAIN_GCs_Count], MinLatency(ns), 4
[MAIN_GCs_Count], MaxLatency(ns), 4
[MAIN_GCs_Count], 95thPercentileLatency(ns), 4
[MAIN_GCs_Count], 99thPercentileLatency(ns), 4
[MAIN_GCs_Time(ms)], Operations, 1
[MAIN_GCs_Time(ms)], AverageLatency(ns), 1263.0
[MAIN_GCs_Time(ms)], MinLatency(ns), 1263
[MAIN_GCs_Time(ms)], MaxLatency(ns), 1263
[MAIN_GCs_Time(ms)], 95thPercentileLatency(ns), 1263
[MAIN_GCs_Time(ms)], 99thPercentileLatency(ns), 1263
[TRANSACTION], Operations, 1
[TRANSACTION], AverageLatency(ns), 9.45700864E9
[TRANSACTION], MinLatency(ns), 9456975872
[TRANSACTION], MaxLatency(ns), 9457041407
[TRANSACTION], 95thPercentileLatency(ns), 9457041407
[TRANSACTION], 99thPercentileLatency(ns), 9457041407
[GCS_TIME], Operations, 5
[GCS_TIME], AverageLatency(ns), 781.0
[GCS_TIME], MinLatency(ns), 0
[GCS_TIME], MaxLatency(ns), 1263
[GCS_TIME], 95thPercentileLatency(ns), 1263
[GCS_TIME], 99thPercentileLatency(ns), 1263
[READ], Operations, 1500324
[READ], AverageLatency(ns), 1254.688242672916
[READ], MinLatency(ns), 58
[READ], MaxLatency(ns), 27309
[READ], 95thPercentileLatency(ns), 2120
[READ], 99thPercentileLatency(ns), 2563
[READ], Return=OK, 1500324
[INIT], Operations, 1
[INIT], AverageLatency(ns), 2.8629467136E10
[INIT], MinLatency(ns), 28629401600
[INIT], MaxLatency(ns), 28629532671
[INIT], 95thPercentileLatency(ns), 28629532671
[INIT], 99thPercentileLatency(ns), 28629532671
[GCS], Operations, 5
[GCS], AverageLatency(ns), 8.8
[GCS], MinLatency(ns), 0
[GCS], MaxLatency(ns), 18
[GCS], 95thPercentileLatency(ns), 18
[GCS], 99thPercentileLatency(ns), 18
[CLEANUP], Operations, 1
[CLEANUP], AverageLatency(ns), 18474.0
[CLEANUP], MinLatency(ns), 18474
[CLEANUP], MaxLatency(ns), 18474
[CLEANUP], 95thPercentileLatency(ns), 18474
[CLEANUP], 99thPercentileLatency(ns), 18474
[UPDATE], Operations, 1499676
[UPDATE], AverageLatency(ns), 3729.6531064043165
[UPDATE], MinLatency(ns), 740
[UPDATE], MaxLatency(ns), 405762047
[UPDATE], 95thPercentileLatency(ns), 4019
[UPDATE], 99thPercentileLatency(ns), 5019
[UPDATE], Return=OK, 1499676
