/home/anatole/jdk8u/build/linux-x86_64-normal-server-release/jdk/bin/java -Xmx20g -XX:+UseG1GC -classpath /home/anatole/ycsb/conf:/home/anatole/ycsb/core/target/core-0.18.0-SNAPSHOT.jar:/home/anatole/ycsb/core/target/dependency/HdrHistogram-2.1.4.jar:/home/anatole/ycsb/core/target/dependency/guava-18.0.jar:/home/anatole/ycsb/core/target/dependency/htrace-core4-4.1.0-incubating.jar:/home/anatole/ycsb/core/target/dependency/jackson-core-asl-1.9.4.jar:/home/anatole/ycsb/core/target/dependency/jackson-mapper-asl-1.9.4.jar:/home/anatole/ycsb/core/target/dependency/javax.persistence-api-2.2.jar:/home/anatole/ycsb/core/target/dependency/jnvm-1.0-SNAPSHOT.jar:/home/anatole/ycsb/core/target/dependency/pcj-1.0.jar:/home/anatole/ycsb/core/target/dependency/unsafe-helper-1.0.jar:/home/anatole/ycsb/jnvm/target/jnvm-binding-0.18.0-SNAPSHOT.jar:/home/anatole/ycsb/jnvm/target/dependency/guava-18.0.jar:/home/anatole/ycsb/jnvm/target/dependency/javax.persistence-api-2.2.jar:/home/anatole/ycsb/jnvm/target/dependency/jnvm-1.0-SNAPSHOT.jar:/home/anatole/ycsb/jnvm/target/dependency/unsafe-helper-1.0.jar site.ycsb.Client -t -db site.ycsb.db.VolatileSkipListMapClient -P ../workloads/workloada -preload -s -threads 1 -p dataintegrity=true -p offheap=false -p recordcount=1000000 -p operationcount=3000000 -p fieldcount=10 -p fieldlength=100 -p requestdistribution=zipfian -p measurement.trackjvm=true -p measurementtype=hdrhistogram -p hdrhistogram.output.path=./out/exp8.pdt.ref/log/jnvm-vslmap.run.workloada.true.1000000.1.10.100.zipfian.1.false.true.default.default.none.r1.hdr.log
[OVERALL], RunTime(ms), 23520
[OVERALL], Throughput(ops/sec), 170068.02721088435
[TOTAL_GCS_G1_Young_Generation], Count, 29
[TOTAL_GC_TIME_G1_Young_Generation], Time(ms), 2776
[TOTAL_GC_TIME_%_G1_Young_Generation], Time(%), 11.802721088435373
[TOTAL_GCS_G1_Old_Generation], Count, 0
[TOTAL_GC_TIME_G1_Old_Generation], Time(ms), 0
[TOTAL_GC_TIME_%_G1_Old_Generation], Time(%), 0.0
[TOTAL_GCs], Count, 29
[TOTAL_GC_TIME], Time(ms), 2776
[TOTAL_GC_TIME_%], Time(%), 11.802721088435373
[MAX_MEM_USED], MBs, 4905
[MIN_MEM_USED], MBs, 83
[MAX_THREADS], Count, 3
[MIN_THREADS], Count, 2
[MAX_SYS_LOAD_AVG], Load, 4.65
[MIN_SYS_LOAD_AVG], Load, 2.96
[THREAD_COUNT], Operations, 4
[THREAD_COUNT], AverageLatency(ns), 2.75
[THREAD_COUNT], MinLatency(ns), 2
[THREAD_COUNT], MaxLatency(ns), 3
[THREAD_COUNT], 95thPercentileLatency(ns), 3
[THREAD_COUNT], 99thPercentileLatency(ns), 3
[SYS_LOAD_AVG], Operations, 4
[SYS_LOAD_AVG], AverageLatency(ns), 3.5
[SYS_LOAD_AVG], MinLatency(ns), 2
[SYS_LOAD_AVG], MaxLatency(ns), 4
[SYS_LOAD_AVG], 95thPercentileLatency(ns), 4
[SYS_LOAD_AVG], 99thPercentileLatency(ns), 4
[LOAD], Operations, 1
[LOAD], AverageLatency(ns), 1.4012416E10
[LOAD], MinLatency(ns), 14012383232
[LOAD], MaxLatency(ns), 14012448767
[LOAD], 95thPercentileLatency(ns), 14012448767
[LOAD], 99thPercentileLatency(ns), 14012448767
[USED_MEM_MB], Operations, 4
[USED_MEM_MB], AverageLatency(ns), 3094.75
[USED_MEM_MB], MinLatency(ns), 83
[USED_MEM_MB], MaxLatency(ns), 4905
[USED_MEM_MB], 95thPercentileLatency(ns), 4905
[USED_MEM_MB], 99thPercentileLatency(ns), 4905
[MAIN_GCs_Count], Operations, 1
[MAIN_GCs_Count], AverageLatency(ns), 5.0
[MAIN_GCs_Count], MinLatency(ns), 5
[MAIN_GCs_Count], MaxLatency(ns), 5
[MAIN_GCs_Count], 95thPercentileLatency(ns), 5
[MAIN_GCs_Count], 99thPercentileLatency(ns), 5
[MAIN_GCs_Time(ms)], Operations, 1
[MAIN_GCs_Time(ms)], AverageLatency(ns), 792.0
[MAIN_GCs_Time(ms)], MinLatency(ns), 792
[MAIN_GCs_Time(ms)], MaxLatency(ns), 792
[MAIN_GCs_Time(ms)], 95thPercentileLatency(ns), 792
[MAIN_GCs_Time(ms)], 99thPercentileLatency(ns), 792
[TRANSACTION], Operations, 1
[TRANSACTION], AverageLatency(ns), 9.400516608E9
[TRANSACTION], MinLatency(ns), 9400483840
[TRANSACTION], MaxLatency(ns), 9400549375
[TRANSACTION], 95thPercentileLatency(ns), 9400549375
[TRANSACTION], 99thPercentileLatency(ns), 9400549375
[GCS_TIME], Operations, 4
[GCS_TIME], AverageLatency(ns), 694.0
[GCS_TIME], MinLatency(ns), 47
[GCS_TIME], MaxLatency(ns), 1385
[GCS_TIME], 95thPercentileLatency(ns), 1385
[GCS_TIME], 99thPercentileLatency(ns), 1385
[LOAD_GCs_Time(ms)], Operations, 1
[LOAD_GCs_Time(ms)], AverageLatency(ns), 1984.0
[LOAD_GCs_Time(ms)], MinLatency(ns), 1984
[LOAD_GCs_Time(ms)], MaxLatency(ns), 1984
[LOAD_GCs_Time(ms)], 95thPercentileLatency(ns), 1984
[LOAD_GCs_Time(ms)], 99thPercentileLatency(ns), 1984
[READ], Operations, 1501735
[READ], AverageLatency(ns), 1842.617088900505
[READ], MinLatency(ns), 200
[READ], MaxLatency(ns), 58831
[READ], 95thPercentileLatency(ns), 3254
[READ], 99thPercentileLatency(ns), 4261
[READ], Return=OK, 1501735
[INIT], Operations, 1
[INIT], AverageLatency(ns), 3347384.0
[INIT], MinLatency(ns), 3347376
[INIT], MaxLatency(ns), 3347391
[INIT], 95thPercentileLatency(ns), 3347391
[INIT], 99thPercentileLatency(ns), 3347391
[GCS], Operations, 4
[GCS], AverageLatency(ns), 7.25
[GCS], MinLatency(ns), 1
[GCS], MaxLatency(ns), 18
[GCS], 95thPercentileLatency(ns), 18
[GCS], 99thPercentileLatency(ns), 18
[LOAD_GCs_Count], Operations, 1
[LOAD_GCs_Count], AverageLatency(ns), 24.0
[LOAD_GCs_Count], MinLatency(ns), 24
[LOAD_GCs_Count], MaxLatency(ns), 24
[LOAD_GCs_Count], 95thPercentileLatency(ns), 24
[LOAD_GCs_Count], 99thPercentileLatency(ns), 24
[CLEANUP], Operations, 1
[CLEANUP], AverageLatency(ns), 16081.0
[CLEANUP], MinLatency(ns), 16081
[CLEANUP], MaxLatency(ns), 16081
[CLEANUP], 95thPercentileLatency(ns), 16081
[CLEANUP], 99thPercentileLatency(ns), 16081
[INSERT], Operations, 1000000
[INSERT], AverageLatency(ns), 2926.553631
[INSERT], MinLatency(ns), 398
[INSERT], MaxLatency(ns), 97183743
[INSERT], 95thPercentileLatency(ns), 4395
[INSERT], 99thPercentileLatency(ns), 5884
[INSERT], Return=OK, 1000000
[UPDATE], Operations, 1498265
[UPDATE], AverageLatency(ns), 2054.7504146462743
[UPDATE], MinLatency(ns), 239
[UPDATE], MaxLatency(ns), 428611
[UPDATE], 95thPercentileLatency(ns), 3511
[UPDATE], 99thPercentileLatency(ns), 4550
[UPDATE], Return=OK, 1498265
