/home/anatole/jdk8u/build/linux-x86_64-normal-server-release/jdk/bin/java -Xmx20g -XX:+UseG1GC -classpath /home/anatole/ycsb/conf:/home/anatole/ycsb/core/target/core-0.18.0-SNAPSHOT.jar:/home/anatole/ycsb/core/target/dependency/HdrHistogram-2.1.4.jar:/home/anatole/ycsb/core/target/dependency/guava-18.0.jar:/home/anatole/ycsb/core/target/dependency/htrace-core4-4.1.0-incubating.jar:/home/anatole/ycsb/core/target/dependency/jackson-core-asl-1.9.4.jar:/home/anatole/ycsb/core/target/dependency/jackson-mapper-asl-1.9.4.jar:/home/anatole/ycsb/core/target/dependency/javax.persistence-api-2.2.jar:/home/anatole/ycsb/core/target/dependency/jnvm-1.0-SNAPSHOT.jar:/home/anatole/ycsb/core/target/dependency/pcj-1.0.jar:/home/anatole/ycsb/core/target/dependency/unsafe-helper-1.0.jar:/home/anatole/ycsb/jnvm/target/jnvm-binding-0.18.0-SNAPSHOT.jar:/home/anatole/ycsb/jnvm/target/dependency/guava-18.0.jar:/home/anatole/ycsb/jnvm/target/dependency/javax.persistence-api-2.2.jar:/home/anatole/ycsb/jnvm/target/dependency/jnvm-1.0-SNAPSHOT.jar:/home/anatole/ycsb/jnvm/target/dependency/unsafe-helper-1.0.jar site.ycsb.Client -t -db site.ycsb.db.RecoverableSkipListMapClient -P ../workloads/workloada -s -threads 1 -p dataintegrity=false -p offheap=true -p recordcount=1000000 -p operationcount=3000000 -p fieldcount=10 -p fieldlength=100 -p requestdistribution=zipfian -p measurement.trackjvm=true -p measurementtype=hdrhistogram -p hdrhistogram.output.path=./out/exp8.pdt.ref/log/jnvm-rslmap.run.workloada.false.1000000.1.10.100.zipfian.1.false.true.default.default.none.r6.hdr.log
[OVERALL], RunTime(ms), 19699
[OVERALL], Throughput(ops/sec), 152291.9945174882
[TOTAL_GCS_G1_Young_Generation], Count, 29
[TOTAL_GC_TIME_G1_Young_Generation], Time(ms), 3260
[TOTAL_GC_TIME_%_G1_Young_Generation], Time(%), 16.549063404233717
[TOTAL_GCS_G1_Old_Generation], Count, 0
[TOTAL_GC_TIME_G1_Old_Generation], Time(ms), 0
[TOTAL_GC_TIME_%_G1_Old_Generation], Time(%), 0.0
[TOTAL_GCs], Count, 29
[TOTAL_GC_TIME], Time(ms), 3260
[TOTAL_GC_TIME_%], Time(%), 16.549063404233717
[MAX_MEM_USED], MBs, 5217
[MIN_MEM_USED], MBs, 28
[MAX_THREADS], Count, 41
[MIN_THREADS], Count, 3
[MAX_SYS_LOAD_AVG], Load, 11.0
[MIN_SYS_LOAD_AVG], Load, 9.46
[THREAD_COUNT], Operations, 3
[THREAD_COUNT], AverageLatency(ns), 27.333333333333332
[THREAD_COUNT], MinLatency(ns), 3
[THREAD_COUNT], MaxLatency(ns), 41
[THREAD_COUNT], 95thPercentileLatency(ns), 41
[THREAD_COUNT], 99thPercentileLatency(ns), 41
[SYS_LOAD_AVG], Operations, 3
[SYS_LOAD_AVG], AverageLatency(ns), 10.0
[SYS_LOAD_AVG], MinLatency(ns), 9
[SYS_LOAD_AVG], MaxLatency(ns), 11
[SYS_LOAD_AVG], 95thPercentileLatency(ns), 11
[SYS_LOAD_AVG], 99thPercentileLatency(ns), 11
[USED_MEM_MB], Operations, 3
[USED_MEM_MB], AverageLatency(ns), 3433.6666666666665
[USED_MEM_MB], MinLatency(ns), 28
[USED_MEM_MB], MaxLatency(ns), 5217
[USED_MEM_MB], 95thPercentileLatency(ns), 5217
[USED_MEM_MB], 99thPercentileLatency(ns), 5217
[MAIN_GCs_Count], Operations, 1
[MAIN_GCs_Count], AverageLatency(ns), 3.0
[MAIN_GCs_Count], MinLatency(ns), 3
[MAIN_GCs_Count], MaxLatency(ns), 3
[MAIN_GCs_Count], 95thPercentileLatency(ns), 3
[MAIN_GCs_Count], 99thPercentileLatency(ns), 3
[MAIN_GCs_Time(ms)], Operations, 1
[MAIN_GCs_Time(ms)], AverageLatency(ns), 870.0
[MAIN_GCs_Time(ms)], MinLatency(ns), 870
[MAIN_GCs_Time(ms)], MaxLatency(ns), 870
[MAIN_GCs_Time(ms)], 95thPercentileLatency(ns), 870
[MAIN_GCs_Time(ms)], 99thPercentileLatency(ns), 870
[TRANSACTION], Operations, 1
[TRANSACTION], AverageLatency(ns), 1.338261504E10
[TRANSACTION], MinLatency(ns), 13382582272
[TRANSACTION], MaxLatency(ns), 13382647807
[TRANSACTION], 95thPercentileLatency(ns), 13382647807
[TRANSACTION], 99thPercentileLatency(ns), 13382647807
[GCS_TIME], Operations, 3
[GCS_TIME], AverageLatency(ns), 1086.6666666666667
[GCS_TIME], MinLatency(ns), 0
[GCS_TIME], MaxLatency(ns), 2525
[GCS_TIME], 95thPercentileLatency(ns), 2525
[GCS_TIME], 99thPercentileLatency(ns), 2525
[READ], Operations, 1498971
[READ], AverageLatency(ns), 2556.0925961876515
[READ], MinLatency(ns), 295
[READ], MaxLatency(ns), 179434
[READ], 95thPercentileLatency(ns), 4429
[READ], 99thPercentileLatency(ns), 5551
[READ], Return=OK, 1498971
[INIT], Operations, 1
[INIT], AverageLatency(ns), 6.264733696E9
[INIT], MinLatency(ns), 6264717312
[INIT], MaxLatency(ns), 6264750079
[INIT], 95thPercentileLatency(ns), 6264750079
[INIT], 99thPercentileLatency(ns), 6264750079
[GCS], Operations, 3
[GCS], AverageLatency(ns), 9.666666666666666
[GCS], MinLatency(ns), 0
[GCS], MaxLatency(ns), 27
[GCS], 95thPercentileLatency(ns), 27
[GCS], 99thPercentileLatency(ns), 27
[CLEANUP], Operations, 1
[CLEANUP], AverageLatency(ns), 24350.0
[CLEANUP], MinLatency(ns), 24350
[CLEANUP], MaxLatency(ns), 24350
[CLEANUP], 95thPercentileLatency(ns), 24350
[CLEANUP], 99thPercentileLatency(ns), 24350
[UPDATE], Operations, 1501029
[UPDATE], AverageLatency(ns), 4891.4813331388
[UPDATE], MinLatency(ns), 913
[UPDATE], MaxLatency(ns), 1382279
[UPDATE], 95thPercentileLatency(ns), 6752
[UPDATE], 99thPercentileLatency(ns), 8042
[UPDATE], Return=OK, 1501029
