/home/anatole/jdk8u/build/linux-x86_64-normal-server-release/jdk/bin/java -Xmx20g -XX:+UseG1GC -classpath /home/anatole/ycsb/conf:/home/anatole/ycsb/core/target/core-0.18.0-SNAPSHOT.jar:/home/anatole/ycsb/core/target/dependency/HdrHistogram-2.1.4.jar:/home/anatole/ycsb/core/target/dependency/guava-18.0.jar:/home/anatole/ycsb/core/target/dependency/htrace-core4-4.1.0-incubating.jar:/home/anatole/ycsb/core/target/dependency/jackson-core-asl-1.9.4.jar:/home/anatole/ycsb/core/target/dependency/jackson-mapper-asl-1.9.4.jar:/home/anatole/ycsb/core/target/dependency/javax.persistence-api-2.2.jar:/home/anatole/ycsb/core/target/dependency/jnvm-1.0-SNAPSHOT.jar:/home/anatole/ycsb/core/target/dependency/pcj-1.0.jar:/home/anatole/ycsb/core/target/dependency/unsafe-helper-1.0.jar:/home/anatole/ycsb/jnvm/target/jnvm-binding-0.18.0-SNAPSHOT.jar:/home/anatole/ycsb/jnvm/target/dependency/guava-18.0.jar:/home/anatole/ycsb/jnvm/target/dependency/javax.persistence-api-2.2.jar:/home/anatole/ycsb/jnvm/target/dependency/jnvm-1.0-SNAPSHOT.jar:/home/anatole/ycsb/jnvm/target/dependency/unsafe-helper-1.0.jar site.ycsb.Client -t -db site.ycsb.db.RecoverableHashMapClient -P ../workloads/workloada -s -threads 1 -p dataintegrity=true -p offheap=true -p recordcount=1000000 -p operationcount=3000000 -p fieldcount=10 -p fieldlength=100 -p requestdistribution=zipfian -p measurement.trackjvm=true -p measurementtype=hdrhistogram -p hdrhistogram.output.path=./out/exp8.pdt.ref/log/jnvm-rhmap.run.workloada.true.1000000.1.10.100.zipfian.1.false.true.default.default.none.r1.hdr.log
[OVERALL], RunTime(ms), 13134
[OVERALL], Throughput(ops/sec), 228414.80127912288
[TOTAL_GCS_G1_Young_Generation], Count, 30
[TOTAL_GC_TIME_G1_Young_Generation], Time(ms), 3933
[TOTAL_GC_TIME_%_G1_Young_Generation], Time(%), 29.94518044769301
[TOTAL_GCS_G1_Old_Generation], Count, 0
[TOTAL_GC_TIME_G1_Old_Generation], Time(ms), 0
[TOTAL_GC_TIME_%_G1_Old_Generation], Time(%), 0.0
[TOTAL_GCs], Count, 30
[TOTAL_GC_TIME], Time(ms), 3933
[TOTAL_GC_TIME_%], Time(%), 29.94518044769301
[MAX_MEM_USED], MBs, 5731
[MIN_MEM_USED], MBs, 28
[MAX_THREADS], Count, 41
[MIN_THREADS], Count, 3
[MAX_SYS_LOAD_AVG], Load, 6.62
[MIN_SYS_LOAD_AVG], Load, 2.4
[THREAD_COUNT], Operations, 3
[THREAD_COUNT], AverageLatency(ns), 27.666666666666668
[THREAD_COUNT], MinLatency(ns), 3
[THREAD_COUNT], MaxLatency(ns), 41
[THREAD_COUNT], 95thPercentileLatency(ns), 41
[THREAD_COUNT], 99thPercentileLatency(ns), 41
[SYS_LOAD_AVG], Operations, 3
[SYS_LOAD_AVG], AverageLatency(ns), 4.0
[SYS_LOAD_AVG], MinLatency(ns), 2
[SYS_LOAD_AVG], MaxLatency(ns), 6
[SYS_LOAD_AVG], 95thPercentileLatency(ns), 6
[SYS_LOAD_AVG], 99thPercentileLatency(ns), 6
[USED_MEM_MB], Operations, 3
[USED_MEM_MB], AverageLatency(ns), 3560.0
[USED_MEM_MB], MinLatency(ns), 28
[USED_MEM_MB], MaxLatency(ns), 5731
[USED_MEM_MB], 95thPercentileLatency(ns), 5731
[USED_MEM_MB], 99thPercentileLatency(ns), 5731
[MAIN_GCs_Count], Operations, 1
[MAIN_GCs_Count], AverageLatency(ns), 5.0
[MAIN_GCs_Count], MinLatency(ns), 5
[MAIN_GCs_Count], MaxLatency(ns), 5
[MAIN_GCs_Count], 95thPercentileLatency(ns), 5
[MAIN_GCs_Count], 99thPercentileLatency(ns), 5
[MAIN_GCs_Time(ms)], Operations, 1
[MAIN_GCs_Time(ms)], AverageLatency(ns), 1355.0
[MAIN_GCs_Time(ms)], MinLatency(ns), 1355
[MAIN_GCs_Time(ms)], MaxLatency(ns), 1355
[MAIN_GCs_Time(ms)], 95thPercentileLatency(ns), 1355
[MAIN_GCs_Time(ms)], 99thPercentileLatency(ns), 1355
[TRANSACTION], Operations, 1
[TRANSACTION], AverageLatency(ns), 7.323697152E9
[TRANSACTION], MinLatency(ns), 7323680768
[TRANSACTION], MaxLatency(ns), 7323713535
[TRANSACTION], 95thPercentileLatency(ns), 7323713535
[TRANSACTION], 99thPercentileLatency(ns), 7323713535
[GCS_TIME], Operations, 3
[GCS_TIME], AverageLatency(ns), 1311.0
[GCS_TIME], MinLatency(ns), 0
[GCS_TIME], MaxLatency(ns), 3557
[GCS_TIME], 95thPercentileLatency(ns), 3557
[GCS_TIME], 99thPercentileLatency(ns), 3557
[READ], Operations, 1499339
[READ], AverageLatency(ns), 378.1435892750072
[READ], MinLatency(ns), 73
[READ], MaxLatency(ns), 88227
[READ], 95thPercentileLatency(ns), 733
[READ], 99thPercentileLatency(ns), 871
[READ], Return=OK, 1499339
[INIT], Operations, 1
[INIT], AverageLatency(ns), 5.750505472E9
[INIT], MinLatency(ns), 5750489088
[INIT], MaxLatency(ns), 5750521855
[INIT], 95thPercentileLatency(ns), 5750521855
[INIT], 99thPercentileLatency(ns), 5750521855
[GCS], Operations, 3
[GCS], AverageLatency(ns), 10.0
[GCS], MinLatency(ns), 0
[GCS], MaxLatency(ns), 29
[GCS], 95thPercentileLatency(ns), 29
[GCS], 99thPercentileLatency(ns), 29
[CLEANUP], Operations, 1
[CLEANUP], AverageLatency(ns), 15008.0
[CLEANUP], MinLatency(ns), 15008
[CLEANUP], MaxLatency(ns), 15008
[CLEANUP], 95thPercentileLatency(ns), 15008
[CLEANUP], 99thPercentileLatency(ns), 15008
[UPDATE], Operations, 1500661
[UPDATE], AverageLatency(ns), 1070.2297760786746
[UPDATE], MinLatency(ns), 129
[UPDATE], MaxLatency(ns), 425109
[UPDATE], 95thPercentileLatency(ns), 1671
[UPDATE], 99thPercentileLatency(ns), 2247
[UPDATE], Return=OK, 1500661
