/home/anatole/jdk8u/build/linux-x86_64-normal-server-release/jdk/bin/java -Xmx20g -XX:+UseG1GC -classpath /home/anatole/ycsb/conf:/home/anatole/ycsb/core/target/core-0.18.0-SNAPSHOT.jar:/home/anatole/ycsb/core/target/dependency/HdrHistogram-2.1.4.jar:/home/anatole/ycsb/core/target/dependency/guava-18.0.jar:/home/anatole/ycsb/core/target/dependency/htrace-core4-4.1.0-incubating.jar:/home/anatole/ycsb/core/target/dependency/jackson-core-asl-1.9.4.jar:/home/anatole/ycsb/core/target/dependency/jackson-mapper-asl-1.9.4.jar:/home/anatole/ycsb/core/target/dependency/javax.persistence-api-2.2.jar:/home/anatole/ycsb/core/target/dependency/jnvm-1.0-SNAPSHOT.jar:/home/anatole/ycsb/core/target/dependency/pcj-1.0.jar:/home/anatole/ycsb/core/target/dependency/unsafe-helper-1.0.jar:/home/anatole/ycsb/jnvm/target/jnvm-binding-0.18.0-SNAPSHOT.jar:/home/anatole/ycsb/jnvm/target/dependency/guava-18.0.jar:/home/anatole/ycsb/jnvm/target/dependency/javax.persistence-api-2.2.jar:/home/anatole/ycsb/jnvm/target/dependency/jnvm-1.0-SNAPSHOT.jar:/home/anatole/ycsb/jnvm/target/dependency/unsafe-helper-1.0.jar site.ycsb.Client -t -db site.ycsb.db.RecoverableSkipListMapClient -P ../workloads/workloada -s -threads 1 -p dataintegrity=true -p offheap=true -p recordcount=1000000 -p operationcount=3000000 -p fieldcount=10 -p fieldlength=100 -p requestdistribution=zipfian -p measurement.trackjvm=true -p measurementtype=hdrhistogram -p hdrhistogram.output.path=./out/exp8.pdt.ref/log/jnvm-rslmap.run.workloada.true.1000000.1.10.100.zipfian.1.false.true.default.default.none.r5.hdr.log
[OVERALL], RunTime(ms), 20508
[OVERALL], Throughput(ops/sec), 146284.3768285547
[TOTAL_GCS_G1_Young_Generation], Count, 31
[TOTAL_GC_TIME_G1_Young_Generation], Time(ms), 3944
[TOTAL_GC_TIME_%_G1_Young_Generation], Time(%), 19.23151940706066
[TOTAL_GCS_G1_Old_Generation], Count, 0
[TOTAL_GC_TIME_G1_Old_Generation], Time(ms), 0
[TOTAL_GC_TIME_%_G1_Old_Generation], Time(%), 0.0
[TOTAL_GCs], Count, 31
[TOTAL_GC_TIME], Time(ms), 3944
[TOTAL_GC_TIME_%], Time(%), 19.23151940706066
[MAX_MEM_USED], MBs, 5316
[MIN_MEM_USED], MBs, 32
[MAX_THREADS], Count, 41
[MIN_THREADS], Count, 3
[MAX_SYS_LOAD_AVG], Load, 9.98
[MIN_SYS_LOAD_AVG], Load, 8.63
[THREAD_COUNT], Operations, 4
[THREAD_COUNT], AverageLatency(ns), 30.25
[THREAD_COUNT], MinLatency(ns), 3
[THREAD_COUNT], MaxLatency(ns), 41
[THREAD_COUNT], 95thPercentileLatency(ns), 41
[THREAD_COUNT], 99thPercentileLatency(ns), 41
[SYS_LOAD_AVG], Operations, 4
[SYS_LOAD_AVG], AverageLatency(ns), 8.25
[SYS_LOAD_AVG], MinLatency(ns), 8
[SYS_LOAD_AVG], MaxLatency(ns), 9
[SYS_LOAD_AVG], 95thPercentileLatency(ns), 9
[SYS_LOAD_AVG], 99thPercentileLatency(ns), 9
[USED_MEM_MB], Operations, 4
[USED_MEM_MB], AverageLatency(ns), 3895.5
[USED_MEM_MB], MinLatency(ns), 32
[USED_MEM_MB], MaxLatency(ns), 5316
[USED_MEM_MB], 95thPercentileLatency(ns), 5316
[USED_MEM_MB], 99thPercentileLatency(ns), 5316
[MAIN_GCs_Count], Operations, 1
[MAIN_GCs_Count], AverageLatency(ns), 6.0
[MAIN_GCs_Count], MinLatency(ns), 6
[MAIN_GCs_Count], MaxLatency(ns), 6
[MAIN_GCs_Count], 95thPercentileLatency(ns), 6
[MAIN_GCs_Count], 99thPercentileLatency(ns), 6
[MAIN_GCs_Time(ms)], Operations, 1
[MAIN_GCs_Time(ms)], AverageLatency(ns), 1598.0
[MAIN_GCs_Time(ms)], MinLatency(ns), 1598
[MAIN_GCs_Time(ms)], MaxLatency(ns), 1598
[MAIN_GCs_Time(ms)], 95thPercentileLatency(ns), 1598
[MAIN_GCs_Time(ms)], 99thPercentileLatency(ns), 1598
[TRANSACTION], Operations, 1
[TRANSACTION], AverageLatency(ns), 1.4399537152E10
[TRANSACTION], MinLatency(ns), 14399504384
[TRANSACTION], MaxLatency(ns), 14399569919
[TRANSACTION], 95thPercentileLatency(ns), 14399569919
[TRANSACTION], 99thPercentileLatency(ns), 14399569919
[GCS_TIME], Operations, 4
[GCS_TIME], AverageLatency(ns), 986.0
[GCS_TIME], MinLatency(ns), 0
[GCS_TIME], MaxLatency(ns), 2572
[GCS_TIME], 95thPercentileLatency(ns), 2572
[GCS_TIME], 99thPercentileLatency(ns), 2572
[READ], Operations, 1500266
[READ], AverageLatency(ns), 2540.821774272029
[READ], MinLatency(ns), 357
[READ], MaxLatency(ns), 73320
[READ], 95thPercentileLatency(ns), 4378
[READ], 99thPercentileLatency(ns), 5625
[READ], Return=OK, 1500266
[INIT], Operations, 1
[INIT], AverageLatency(ns), 6.050627584E9
[INIT], MinLatency(ns), 6050611200
[INIT], MaxLatency(ns), 6050643967
[INIT], 95thPercentileLatency(ns), 6050643967
[INIT], 99thPercentileLatency(ns), 6050643967
[GCS], Operations, 4
[GCS], AverageLatency(ns), 7.75
[GCS], MinLatency(ns), 0
[GCS], MaxLatency(ns), 27
[GCS], 95thPercentileLatency(ns), 27
[GCS], 99thPercentileLatency(ns), 27
[CLEANUP], Operations, 1
[CLEANUP], AverageLatency(ns), 24068.0
[CLEANUP], MinLatency(ns), 24068
[CLEANUP], MaxLatency(ns), 24068
[CLEANUP], 95thPercentileLatency(ns), 24068
[CLEANUP], 99thPercentileLatency(ns), 24068
[UPDATE], Operations, 1499734
[UPDATE], AverageLatency(ns), 3225.287715021464
[UPDATE], MinLatency(ns), 465
[UPDATE], MaxLatency(ns), 459035
[UPDATE], 95thPercentileLatency(ns), 5191
[UPDATE], 99thPercentileLatency(ns), 6522
[UPDATE], Return=OK, 1499734
