/home/anatole/jdk8u/build/linux-x86_64-normal-server-release/jdk/bin/java -Xmx20g -XX:+UseG1GC -classpath /home/anatole/ycsb/conf:/home/anatole/ycsb/core/target/core-0.18.0-SNAPSHOT.jar:/home/anatole/ycsb/core/target/dependency/HdrHistogram-2.1.4.jar:/home/anatole/ycsb/core/target/dependency/guava-18.0.jar:/home/anatole/ycsb/core/target/dependency/htrace-core4-4.1.0-incubating.jar:/home/anatole/ycsb/core/target/dependency/jackson-core-asl-1.9.4.jar:/home/anatole/ycsb/core/target/dependency/jackson-mapper-asl-1.9.4.jar:/home/anatole/ycsb/core/target/dependency/javax.persistence-api-2.2.jar:/home/anatole/ycsb/core/target/dependency/jnvm-1.0-SNAPSHOT.jar:/home/anatole/ycsb/core/target/dependency/pcj-1.0.jar:/home/anatole/ycsb/core/target/dependency/unsafe-helper-1.0.jar:/home/anatole/ycsb/jnvm/target/jnvm-binding-0.18.0-SNAPSHOT.jar:/home/anatole/ycsb/jnvm/target/dependency/guava-18.0.jar:/home/anatole/ycsb/jnvm/target/dependency/javax.persistence-api-2.2.jar:/home/anatole/ycsb/jnvm/target/dependency/jnvm-1.0-SNAPSHOT.jar:/home/anatole/ycsb/jnvm/target/dependency/unsafe-helper-1.0.jar site.ycsb.Client -t -db site.ycsb.db.RecoverableHashMapClient -P ../workloads/workloada -s -threads 1 -p dataintegrity=false -p offheap=true -p recordcount=1000000 -p operationcount=3000000 -p fieldcount=10 -p fieldlength=100 -p requestdistribution=zipfian -p measurement.trackjvm=true -p measurementtype=hdrhistogram -p hdrhistogram.output.path=./out/exp8.pdt.ref/log/jnvm-rhmap.run.workloada.false.1000000.1.10.100.zipfian.1.false.true.default.default.none.r2.hdr.log
[OVERALL], RunTime(ms), 11366
[OVERALL], Throughput(ops/sec), 263945.09941932076
[TOTAL_GCS_G1_Young_Generation], Count, 29
[TOTAL_GC_TIME_G1_Young_Generation], Time(ms), 3469
[TOTAL_GC_TIME_%_G1_Young_Generation], Time(%), 30.520851662854128
[TOTAL_GCS_G1_Old_Generation], Count, 0
[TOTAL_GC_TIME_G1_Old_Generation], Time(ms), 0
[TOTAL_GC_TIME_%_G1_Old_Generation], Time(%), 0.0
[TOTAL_GCs], Count, 29
[TOTAL_GC_TIME], Time(ms), 3469
[TOTAL_GC_TIME_%], Time(%), 30.520851662854128
[MAX_MEM_USED], MBs, 5788
[MIN_MEM_USED], MBs, 28
[MAX_THREADS], Count, 41
[MIN_THREADS], Count, 3
[MAX_SYS_LOAD_AVG], Load, 6.68
[MIN_SYS_LOAD_AVG], Load, 4.39
[THREAD_COUNT], Operations, 3
[THREAD_COUNT], AverageLatency(ns), 28.0
[THREAD_COUNT], MinLatency(ns), 3
[THREAD_COUNT], MaxLatency(ns), 41
[THREAD_COUNT], 95thPercentileLatency(ns), 41
[THREAD_COUNT], 99thPercentileLatency(ns), 41
[SYS_LOAD_AVG], Operations, 3
[SYS_LOAD_AVG], AverageLatency(ns), 5.333333333333333
[SYS_LOAD_AVG], MinLatency(ns), 4
[SYS_LOAD_AVG], MaxLatency(ns), 6
[SYS_LOAD_AVG], 95thPercentileLatency(ns), 6
[SYS_LOAD_AVG], 99thPercentileLatency(ns), 6
[USED_MEM_MB], Operations, 3
[USED_MEM_MB], AverageLatency(ns), 3663.0
[USED_MEM_MB], MinLatency(ns), 28
[USED_MEM_MB], MaxLatency(ns), 5788
[USED_MEM_MB], 95thPercentileLatency(ns), 5788
[USED_MEM_MB], 99thPercentileLatency(ns), 5788
[MAIN_GCs_Count], Operations, 1
[MAIN_GCs_Count], AverageLatency(ns), 3.0
[MAIN_GCs_Count], MinLatency(ns), 3
[MAIN_GCs_Count], MaxLatency(ns), 3
[MAIN_GCs_Count], 95thPercentileLatency(ns), 3
[MAIN_GCs_Count], 99thPercentileLatency(ns), 3
[MAIN_GCs_Time(ms)], Operations, 1
[MAIN_GCs_Time(ms)], AverageLatency(ns), 859.0
[MAIN_GCs_Time(ms)], MinLatency(ns), 859
[MAIN_GCs_Time(ms)], MaxLatency(ns), 859
[MAIN_GCs_Time(ms)], 95thPercentileLatency(ns), 859
[MAIN_GCs_Time(ms)], 99thPercentileLatency(ns), 859
[TRANSACTION], Operations, 1
[TRANSACTION], AverageLatency(ns), 5.525225472E9
[TRANSACTION], MinLatency(ns), 5525209088
[TRANSACTION], MaxLatency(ns), 5525241855
[TRANSACTION], 95thPercentileLatency(ns), 5525241855
[TRANSACTION], 99thPercentileLatency(ns), 5525241855
[GCS_TIME], Operations, 3
[GCS_TIME], AverageLatency(ns), 1156.3333333333333
[GCS_TIME], MinLatency(ns), 0
[GCS_TIME], MaxLatency(ns), 3087
[GCS_TIME], 95thPercentileLatency(ns), 3087
[GCS_TIME], 99thPercentileLatency(ns), 3087
[READ], Operations, 1502932
[READ], AverageLatency(ns), 373.8277639973066
[READ], MinLatency(ns), 75
[READ], MaxLatency(ns), 131956
[READ], 95thPercentileLatency(ns), 717
[READ], 99thPercentileLatency(ns), 866
[READ], Return=OK, 1502932
[INIT], Operations, 1
[INIT], AverageLatency(ns), 5.791891456E9
[INIT], MinLatency(ns), 5791875072
[INIT], MaxLatency(ns), 5791907839
[INIT], 95thPercentileLatency(ns), 5791907839
[INIT], 99thPercentileLatency(ns), 5791907839
[GCS], Operations, 3
[GCS], AverageLatency(ns), 9.666666666666666
[GCS], MinLatency(ns), 0
[GCS], MaxLatency(ns), 28
[GCS], 95thPercentileLatency(ns), 28
[GCS], 99thPercentileLatency(ns), 28
[CLEANUP], Operations, 1
[CLEANUP], AverageLatency(ns), 22273.0
[CLEANUP], MinLatency(ns), 22273
[CLEANUP], MaxLatency(ns), 22273
[CLEANUP], 95thPercentileLatency(ns), 22273
[CLEANUP], 99thPercentileLatency(ns), 22273
[UPDATE], Operations, 1497068
[UPDATE], AverageLatency(ns), 2190.2104587099584
[UPDATE], MinLatency(ns), 623
[UPDATE], MaxLatency(ns), 368381951
[UPDATE], 95thPercentileLatency(ns), 2658
[UPDATE], 99thPercentileLatency(ns), 3295
[UPDATE], Return=OK, 1497068
