/home/anatole/jdk8u/build/linux-x86_64-normal-server-release/jdk/bin/java -Xmx20g -XX:+UseG1GC -classpath /home/anatole/ycsb/conf:/home/anatole/ycsb/core/target/core-0.18.0-SNAPSHOT.jar:/home/anatole/ycsb/core/target/dependency/HdrHistogram-2.1.4.jar:/home/anatole/ycsb/core/target/dependency/guava-18.0.jar:/home/anatole/ycsb/core/target/dependency/htrace-core4-4.1.0-incubating.jar:/home/anatole/ycsb/core/target/dependency/jackson-core-asl-1.9.4.jar:/home/anatole/ycsb/core/target/dependency/jackson-mapper-asl-1.9.4.jar:/home/anatole/ycsb/core/target/dependency/javax.persistence-api-2.2.jar:/home/anatole/ycsb/core/target/dependency/jnvm-1.0-SNAPSHOT.jar:/home/anatole/ycsb/core/target/dependency/pcj-1.0.jar:/home/anatole/ycsb/core/target/dependency/unsafe-helper-1.0.jar:/home/anatole/ycsb/jnvm/target/jnvm-binding-0.18.0-SNAPSHOT.jar:/home/anatole/ycsb/jnvm/target/dependency/guava-18.0.jar:/home/anatole/ycsb/jnvm/target/dependency/javax.persistence-api-2.2.jar:/home/anatole/ycsb/jnvm/target/dependency/jnvm-1.0-SNAPSHOT.jar:/home/anatole/ycsb/jnvm/target/dependency/unsafe-helper-1.0.jar site.ycsb.Client -t -db site.ycsb.db.VolatileTreeMapClient -P ../workloads/workloada -preload -s -threads 1 -p dataintegrity=true -p offheap=false -p recordcount=3000000 -p operationcount=10000000 -p fieldcount=10 -p fieldlength=100 -p requestdistribution=zipfian -p measurement.trackjvm=true -p measurementtype=hdrhistogram -p hdrhistogram.output.path=./out/exp8.pdt.ref/log/jnvm-vtmap.run.workloada.true.3000000.1.10.100.zipfian.1.false.true.default.default.none.r3.hdr.log
[OVERALL], RunTime(ms), 60917
[OVERALL], Throughput(ops/sec), 213405.12500615593
[TOTAL_GCS_G1_Young_Generation], Count, 54
[TOTAL_GC_TIME_G1_Young_Generation], Time(ms), 7118
[TOTAL_GC_TIME_%_G1_Young_Generation], Time(%), 11.684751383029369
[TOTAL_GCS_G1_Old_Generation], Count, 0
[TOTAL_GC_TIME_G1_Old_Generation], Time(ms), 0
[TOTAL_GC_TIME_%_G1_Old_Generation], Time(%), 0.0
[TOTAL_GCs], Count, 54
[TOTAL_GC_TIME], Time(ms), 7118
[TOTAL_GC_TIME_%], Time(%), 11.684751383029369
[MAX_MEM_USED], MBs, 12718
[MIN_MEM_USED], MBs, 90
[MAX_THREADS], Count, 3
[MIN_THREADS], Count, 2
[MAX_SYS_LOAD_AVG], Load, 8.15
[MIN_SYS_LOAD_AVG], Load, 4.78
[THREAD_COUNT], Operations, 8
[THREAD_COUNT], AverageLatency(ns), 2.875
[THREAD_COUNT], MinLatency(ns), 2
[THREAD_COUNT], MaxLatency(ns), 3
[THREAD_COUNT], 95thPercentileLatency(ns), 3
[THREAD_COUNT], 99thPercentileLatency(ns), 3
[SYS_LOAD_AVG], Operations, 8
[SYS_LOAD_AVG], AverageLatency(ns), 5.75
[SYS_LOAD_AVG], MinLatency(ns), 4
[SYS_LOAD_AVG], MaxLatency(ns), 8
[SYS_LOAD_AVG], 95thPercentileLatency(ns), 8
[SYS_LOAD_AVG], 99thPercentileLatency(ns), 8
[LOAD], Operations, 1
[LOAD], AverageLatency(ns), 3.7113430016E10
[LOAD], MinLatency(ns), 37113298944
[LOAD], MaxLatency(ns), 37113561087
[LOAD], 95thPercentileLatency(ns), 37113561087
[LOAD], 99thPercentileLatency(ns), 37113561087
[USED_MEM_MB], Operations, 8
[USED_MEM_MB], AverageLatency(ns), 8524.875
[USED_MEM_MB], MinLatency(ns), 90
[USED_MEM_MB], MaxLatency(ns), 12718
[USED_MEM_MB], 95thPercentileLatency(ns), 12718
[USED_MEM_MB], 99thPercentileLatency(ns), 12718
[MAIN_GCs_Count], Operations, 1
[MAIN_GCs_Count], AverageLatency(ns), 7.0
[MAIN_GCs_Count], MinLatency(ns), 7
[MAIN_GCs_Count], MaxLatency(ns), 7
[MAIN_GCs_Count], 95thPercentileLatency(ns), 7
[MAIN_GCs_Count], 99thPercentileLatency(ns), 7
[MAIN_GCs_Time(ms)], Operations, 1
[MAIN_GCs_Time(ms)], AverageLatency(ns), 969.0
[MAIN_GCs_Time(ms)], MinLatency(ns), 969
[MAIN_GCs_Time(ms)], MaxLatency(ns), 969
[MAIN_GCs_Time(ms)], 95thPercentileLatency(ns), 969
[MAIN_GCs_Time(ms)], 99thPercentileLatency(ns), 969
[TRANSACTION], Operations, 1
[TRANSACTION], AverageLatency(ns), 2.3659741184E10
[TRANSACTION], MinLatency(ns), 23659675648
[TRANSACTION], MaxLatency(ns), 23659806719
[TRANSACTION], 95thPercentileLatency(ns), 23659806719
[TRANSACTION], 99thPercentileLatency(ns), 23659806719
[GCS_TIME], Operations, 8
[GCS_TIME], AverageLatency(ns), 889.75
[GCS_TIME], MinLatency(ns), 0
[GCS_TIME], MaxLatency(ns), 1810
[GCS_TIME], 95thPercentileLatency(ns), 1810
[GCS_TIME], 99thPercentileLatency(ns), 1810
[LOAD_GCs_Time(ms)], Operations, 1
[LOAD_GCs_Time(ms)], AverageLatency(ns), 6069.0
[LOAD_GCs_Time(ms)], MinLatency(ns), 6069
[LOAD_GCs_Time(ms)], MaxLatency(ns), 6069
[LOAD_GCs_Time(ms)], 95thPercentileLatency(ns), 6069
[LOAD_GCs_Time(ms)], 99thPercentileLatency(ns), 6069
[READ], Operations, 4999571
[READ], AverageLatency(ns), 1255.7711221622815
[READ], MinLatency(ns), 51
[READ], MaxLatency(ns), 14311551
[READ], 95thPercentileLatency(ns), 2146
[READ], 99thPercentileLatency(ns), 2636
[READ], Return=OK, 4999571
[INIT], Operations, 1
[INIT], AverageLatency(ns), 256091.0
[INIT], MinLatency(ns), 256091
[INIT], MaxLatency(ns), 256091
[INIT], 95thPercentileLatency(ns), 256091
[INIT], 99thPercentileLatency(ns), 256091
[GCS], Operations, 8
[GCS], AverageLatency(ns), 6.75
[GCS], MinLatency(ns), 0
[GCS], MaxLatency(ns), 21
[GCS], 95thPercentileLatency(ns), 21
[GCS], 99thPercentileLatency(ns), 21
[LOAD_GCs_Count], Operations, 1
[LOAD_GCs_Count], AverageLatency(ns), 46.0
[LOAD_GCs_Count], MinLatency(ns), 46
[LOAD_GCs_Count], MaxLatency(ns), 46
[LOAD_GCs_Count], 95thPercentileLatency(ns), 46
[LOAD_GCs_Count], 99thPercentileLatency(ns), 46
[CLEANUP], Operations, 1
[CLEANUP], AverageLatency(ns), 25358.0
[CLEANUP], MinLatency(ns), 25358
[CLEANUP], MaxLatency(ns), 25358
[CLEANUP], 95thPercentileLatency(ns), 25358
[CLEANUP], 99thPercentileLatency(ns), 25358
[INSERT], Operations, 3000000
[INSERT], AverageLatency(ns), 2000.3658596666667
[INSERT], MinLatency(ns), 339
[INSERT], MaxLatency(ns), 509155
[INSERT], 95thPercentileLatency(ns), 2849
[INSERT], 99thPercentileLatency(ns), 4049
[INSERT], Return=OK, 3000000
[UPDATE], Operations, 5000429
[UPDATE], AverageLatency(ns), 1456.5683168384153
[UPDATE], MinLatency(ns), 138
[UPDATE], MaxLatency(ns), 12965759
[UPDATE], 95thPercentileLatency(ns), 2394
[UPDATE], 99thPercentileLatency(ns), 2936
[UPDATE], Return=OK, 5000429
