/home/anatole/jdk8u/build/linux-x86_64-normal-server-release/jdk/bin/java -Xmx20g -XX:+UseG1GC -classpath /home/anatole/ycsb/conf:/home/anatole/ycsb/core/target/core-0.18.0-SNAPSHOT.jar:/home/anatole/ycsb/core/target/dependency/HdrHistogram-2.1.4.jar:/home/anatole/ycsb/core/target/dependency/guava-18.0.jar:/home/anatole/ycsb/core/target/dependency/htrace-core4-4.1.0-incubating.jar:/home/anatole/ycsb/core/target/dependency/jackson-core-asl-1.9.4.jar:/home/anatole/ycsb/core/target/dependency/jackson-mapper-asl-1.9.4.jar:/home/anatole/ycsb/core/target/dependency/javax.persistence-api-2.2.jar:/home/anatole/ycsb/core/target/dependency/jnvm-1.0-SNAPSHOT.jar:/home/anatole/ycsb/core/target/dependency/pcj-1.0.jar:/home/anatole/ycsb/core/target/dependency/unsafe-helper-1.0.jar:/home/anatole/ycsb/jnvm/target/jnvm-binding-0.18.0-SNAPSHOT.jar:/home/anatole/ycsb/jnvm/target/dependency/guava-18.0.jar:/home/anatole/ycsb/jnvm/target/dependency/javax.persistence-api-2.2.jar:/home/anatole/ycsb/jnvm/target/dependency/jnvm-1.0-SNAPSHOT.jar:/home/anatole/ycsb/jnvm/target/dependency/unsafe-helper-1.0.jar site.ycsb.Client -load -db site.ycsb.db.RecoverableSkipListMapClient -P ../workloads/workloada -threads 1 -p dataintegrity=true -p offheap=true -p recordcount=3000000 -p operationcount=10000000 -p fieldcount=10 -p requestdistribution=zipfian -p measurementtype=hdrhistogram -p hdrhistogram.output.path=./out/exp8.pdt.ref/log/jnvm-rslmap.load.workloada.true.3000000.1.10.zipfian.1.hdr.log
[OVERALL], RunTime(ms), 76772
[OVERALL], Throughput(ops/sec), 39076.74673057886
[TOTAL_GCS_G1_Young_Generation], Count, 47
[TOTAL_GC_TIME_G1_Young_Generation], Time(ms), 5577
[TOTAL_GC_TIME_%_G1_Young_Generation], Time(%), 7.26436721721461
[TOTAL_GCS_G1_Old_Generation], Count, 0
[TOTAL_GC_TIME_G1_Old_Generation], Time(ms), 0
[TOTAL_GC_TIME_%_G1_Old_Generation], Time(%), 0.0
[TOTAL_GCs], Count, 47
[TOTAL_GC_TIME], Time(ms), 5577
[TOTAL_GC_TIME_%], Time(%), 7.26436721721461
[INIT], Operations, 1
[INIT], AverageLatency(ns), 1.10195968E8
[INIT], MinLatency(ns), 110195712
[INIT], MaxLatency(ns), 110196223
[INIT], 95thPercentileLatency(ns), 110196223
[INIT], 99thPercentileLatency(ns), 110196223
[LOAD], Operations, 1
[LOAD], AverageLatency(ns), 7.6601884672E10
[LOAD], MinLatency(ns), 76601622528
[LOAD], MaxLatency(ns), 76602146815
[LOAD], 95thPercentileLatency(ns), 76602146815
[LOAD], 99thPercentileLatency(ns), 76602146815
[LOAD_GCs_Count], Operations, 1
[LOAD_GCs_Count], AverageLatency(ns), 47.0
[LOAD_GCs_Count], MinLatency(ns), 47
[LOAD_GCs_Count], MaxLatency(ns), 47
[LOAD_GCs_Count], 95thPercentileLatency(ns), 47
[LOAD_GCs_Count], 99thPercentileLatency(ns), 47
[CLEANUP], Operations, 1
[CLEANUP], AverageLatency(ns), 12773.0
[CLEANUP], MinLatency(ns), 12773
[CLEANUP], MaxLatency(ns), 12773
[CLEANUP], 95thPercentileLatency(ns), 12773
[CLEANUP], 99thPercentileLatency(ns), 12773
[INSERT], Operations, 3000000
[INSERT], AverageLatency(ns), 8723.164435
[INSERT], MinLatency(ns), 1630
[INSERT], MaxLatency(ns), 178404351
[INSERT], 95thPercentileLatency(ns), 9703
[INSERT], 99thPercentileLatency(ns), 12538
[INSERT], Return=OK, 3000000
[LOAD_GCs_Time(ms)], Operations, 1
[LOAD_GCs_Time(ms)], AverageLatency(ns), 5577.0
[LOAD_GCs_Time(ms)], MinLatency(ns), 5577
[LOAD_GCs_Time(ms)], MaxLatency(ns), 5577
[LOAD_GCs_Time(ms)], 95thPercentileLatency(ns), 5577
[LOAD_GCs_Time(ms)], 99thPercentileLatency(ns), 5577
