/home/anatole/jdk8u/build/linux-x86_64-normal-server-release/jdk/bin/java -Xmx20g -XX:+UseG1GC -classpath /home/anatole/ycsb/conf:/home/anatole/ycsb/core/target/core-0.18.0-SNAPSHOT.jar:/home/anatole/ycsb/core/target/dependency/HdrHistogram-2.1.4.jar:/home/anatole/ycsb/core/target/dependency/guava-18.0.jar:/home/anatole/ycsb/core/target/dependency/htrace-core4-4.1.0-incubating.jar:/home/anatole/ycsb/core/target/dependency/jackson-core-asl-1.9.4.jar:/home/anatole/ycsb/core/target/dependency/jackson-mapper-asl-1.9.4.jar:/home/anatole/ycsb/core/target/dependency/javax.persistence-api-2.2.jar:/home/anatole/ycsb/core/target/dependency/jnvm-1.0-SNAPSHOT.jar:/home/anatole/ycsb/core/target/dependency/pcj-1.0.jar:/home/anatole/ycsb/core/target/dependency/unsafe-helper-1.0.jar:/home/anatole/ycsb/jnvm/target/jnvm-binding-0.18.0-SNAPSHOT.jar:/home/anatole/ycsb/jnvm/target/dependency/guava-18.0.jar:/home/anatole/ycsb/jnvm/target/dependency/javax.persistence-api-2.2.jar:/home/anatole/ycsb/jnvm/target/dependency/jnvm-1.0-SNAPSHOT.jar:/home/anatole/ycsb/jnvm/target/dependency/unsafe-helper-1.0.jar site.ycsb.Client -t -db site.ycsb.db.RecoverableSkipListMapClient -P ../workloads/workloada -s -threads 1 -p dataintegrity=true -p offheap=true -p recordcount=1000000 -p operationcount=3000000 -p fieldcount=10 -p fieldlength=100 -p requestdistribution=zipfian -p measurement.trackjvm=true -p measurementtype=hdrhistogram -p hdrhistogram.output.path=./out/exp8.pdt.ref/log/jnvm-rslmap.run.workloada.true.1000000.1.10.100.zipfian.1.false.true.default.default.none.r2.hdr.log
[OVERALL], RunTime(ms), 20630
[OVERALL], Throughput(ops/sec), 145419.2922927775
[TOTAL_GCS_G1_Young_Generation], Count, 31
[TOTAL_GC_TIME_G1_Young_Generation], Time(ms), 4023
[TOTAL_GC_TIME_%_G1_Young_Generation], Time(%), 19.500727096461464
[TOTAL_GCS_G1_Old_Generation], Count, 0
[TOTAL_GC_TIME_G1_Old_Generation], Time(ms), 0
[TOTAL_GC_TIME_%_G1_Old_Generation], Time(%), 0.0
[TOTAL_GCs], Count, 31
[TOTAL_GC_TIME], Time(ms), 4023
[TOTAL_GC_TIME_%], Time(%), 19.500727096461464
[MAX_MEM_USED], MBs, 5406
[MIN_MEM_USED], MBs, 28
[MAX_THREADS], Count, 41
[MIN_THREADS], Count, 3
[MAX_SYS_LOAD_AVG], Load, 9.08
[MIN_SYS_LOAD_AVG], Load, 6.81
[THREAD_COUNT], Operations, 4
[THREAD_COUNT], AverageLatency(ns), 30.25
[THREAD_COUNT], MinLatency(ns), 3
[THREAD_COUNT], MaxLatency(ns), 41
[THREAD_COUNT], 95thPercentileLatency(ns), 41
[THREAD_COUNT], 99thPercentileLatency(ns), 41
[SYS_LOAD_AVG], Operations, 4
[SYS_LOAD_AVG], AverageLatency(ns), 7.75
[SYS_LOAD_AVG], MinLatency(ns), 6
[SYS_LOAD_AVG], MaxLatency(ns), 9
[SYS_LOAD_AVG], 95thPercentileLatency(ns), 9
[SYS_LOAD_AVG], 99thPercentileLatency(ns), 9
[USED_MEM_MB], Operations, 4
[USED_MEM_MB], AverageLatency(ns), 3967.0
[USED_MEM_MB], MinLatency(ns), 28
[USED_MEM_MB], MaxLatency(ns), 5406
[USED_MEM_MB], 95thPercentileLatency(ns), 5406
[USED_MEM_MB], 99thPercentileLatency(ns), 5406
[MAIN_GCs_Count], Operations, 1
[MAIN_GCs_Count], AverageLatency(ns), 6.0
[MAIN_GCs_Count], MinLatency(ns), 6
[MAIN_GCs_Count], MaxLatency(ns), 6
[MAIN_GCs_Count], 95thPercentileLatency(ns), 6
[MAIN_GCs_Count], 99thPercentileLatency(ns), 6
[MAIN_GCs_Time(ms)], Operations, 1
[MAIN_GCs_Time(ms)], AverageLatency(ns), 1691.0
[MAIN_GCs_Time(ms)], MinLatency(ns), 1691
[MAIN_GCs_Time(ms)], MaxLatency(ns), 1691
[MAIN_GCs_Time(ms)], 95thPercentileLatency(ns), 1691
[MAIN_GCs_Time(ms)], 99thPercentileLatency(ns), 1691
[TRANSACTION], Operations, 1
[TRANSACTION], AverageLatency(ns), 1.4515929088E10
[TRANSACTION], MinLatency(ns), 14515896320
[TRANSACTION], MaxLatency(ns), 14515961855
[TRANSACTION], 95thPercentileLatency(ns), 14515961855
[TRANSACTION], 99thPercentileLatency(ns), 14515961855
[GCS_TIME], Operations, 4
[GCS_TIME], AverageLatency(ns), 1005.75
[GCS_TIME], MinLatency(ns), 0
[GCS_TIME], MaxLatency(ns), 2569
[GCS_TIME], 95thPercentileLatency(ns), 2569
[GCS_TIME], 99thPercentileLatency(ns), 2569
[READ], Operations, 1499609
[READ], AverageLatency(ns), 2520.9074472079055
[READ], MinLatency(ns), 329
[READ], MaxLatency(ns), 602199
[READ], 95thPercentileLatency(ns), 4316
[READ], 99thPercentileLatency(ns), 5513
[READ], Return=OK, 1499609
[INIT], Operations, 1
[INIT], AverageLatency(ns), 6.056624128E9
[INIT], MinLatency(ns), 6056607744
[INIT], MaxLatency(ns), 6056640511
[INIT], 95thPercentileLatency(ns), 6056640511
[INIT], 99thPercentileLatency(ns), 6056640511
[GCS], Operations, 4
[GCS], AverageLatency(ns), 7.75
[GCS], MinLatency(ns), 0
[GCS], MaxLatency(ns), 27
[GCS], 95thPercentileLatency(ns), 27
[GCS], 99thPercentileLatency(ns), 27
[CLEANUP], Operations, 1
[CLEANUP], AverageLatency(ns), 21318.0
[CLEANUP], MinLatency(ns), 21318
[CLEANUP], MaxLatency(ns), 21318
[CLEANUP], 95thPercentileLatency(ns), 21318
[CLEANUP], 99thPercentileLatency(ns), 21318
[UPDATE], Operations, 1500391
[UPDATE], AverageLatency(ns), 3211.8376249924186
[UPDATE], MinLatency(ns), 422
[UPDATE], MaxLatency(ns), 628403
[UPDATE], 95thPercentileLatency(ns), 5139
[UPDATE], 99thPercentileLatency(ns), 6375
[UPDATE], Return=OK, 1500391
