/home/anatole/jdk8u/build/linux-x86_64-normal-server-release/jdk/bin/java -Xmx20g -XX:+UseG1GC -classpath /home/anatole/ycsb/conf:/home/anatole/ycsb/core/target/core-0.18.0-SNAPSHOT.jar:/home/anatole/ycsb/core/target/dependency/HdrHistogram-2.1.4.jar:/home/anatole/ycsb/core/target/dependency/guava-18.0.jar:/home/anatole/ycsb/core/target/dependency/htrace-core4-4.1.0-incubating.jar:/home/anatole/ycsb/core/target/dependency/jackson-core-asl-1.9.4.jar:/home/anatole/ycsb/core/target/dependency/jackson-mapper-asl-1.9.4.jar:/home/anatole/ycsb/core/target/dependency/javax.persistence-api-2.2.jar:/home/anatole/ycsb/core/target/dependency/jnvm-1.0-SNAPSHOT.jar:/home/anatole/ycsb/core/target/dependency/pcj-1.0.jar:/home/anatole/ycsb/core/target/dependency/unsafe-helper-1.0.jar:/home/anatole/ycsb/jnvm/target/jnvm-binding-0.18.0-SNAPSHOT.jar:/home/anatole/ycsb/jnvm/target/dependency/guava-18.0.jar:/home/anatole/ycsb/jnvm/target/dependency/javax.persistence-api-2.2.jar:/home/anatole/ycsb/jnvm/target/dependency/jnvm-1.0-SNAPSHOT.jar:/home/anatole/ycsb/jnvm/target/dependency/unsafe-helper-1.0.jar site.ycsb.Client -t -db site.ycsb.db.VolatileSkipListMapClient -P ../workloads/workloada -preload -s -threads 1 -p dataintegrity=true -p offheap=false -p recordcount=1000000 -p operationcount=3000000 -p fieldcount=10 -p fieldlength=100 -p requestdistribution=zipfian -p measurement.trackjvm=true -p measurementtype=hdrhistogram -p hdrhistogram.output.path=./out/exp8.pdt.ref/log/jnvm-vslmap.run.workloada.true.1000000.1.10.100.zipfian.1.false.true.default.default.none.r3.hdr.log
[OVERALL], RunTime(ms), 23350
[OVERALL], Throughput(ops/sec), 171306.20985010706
[TOTAL_GCS_G1_Young_Generation], Count, 29
[TOTAL_GC_TIME_G1_Young_Generation], Time(ms), 2724
[TOTAL_GC_TIME_%_G1_Young_Generation], Time(%), 11.665952890792292
[TOTAL_GCS_G1_Old_Generation], Count, 0
[TOTAL_GC_TIME_G1_Old_Generation], Time(ms), 0
[TOTAL_GC_TIME_%_G1_Old_Generation], Time(%), 0.0
[TOTAL_GCs], Count, 29
[TOTAL_GC_TIME], Time(ms), 2724
[TOTAL_GC_TIME_%], Time(%), 11.665952890792292
[MAX_MEM_USED], MBs, 5111
[MIN_MEM_USED], MBs, 88
[MAX_THREADS], Count, 3
[MIN_THREADS], Count, 2
[MAX_SYS_LOAD_AVG], Load, 6.51
[MIN_SYS_LOAD_AVG], Load, 4.94
[THREAD_COUNT], Operations, 4
[THREAD_COUNT], AverageLatency(ns), 2.75
[THREAD_COUNT], MinLatency(ns), 2
[THREAD_COUNT], MaxLatency(ns), 3
[THREAD_COUNT], 95thPercentileLatency(ns), 3
[THREAD_COUNT], 99thPercentileLatency(ns), 3
[SYS_LOAD_AVG], Operations, 4
[SYS_LOAD_AVG], AverageLatency(ns), 4.75
[SYS_LOAD_AVG], MinLatency(ns), 4
[SYS_LOAD_AVG], MaxLatency(ns), 6
[SYS_LOAD_AVG], 95thPercentileLatency(ns), 6
[SYS_LOAD_AVG], 99thPercentileLatency(ns), 6
[LOAD], Operations, 1
[LOAD], AverageLatency(ns), 1.4047084544E10
[LOAD], MinLatency(ns), 14047051776
[LOAD], MaxLatency(ns), 14047117311
[LOAD], 95thPercentileLatency(ns), 14047117311
[LOAD], 99thPercentileLatency(ns), 14047117311
[USED_MEM_MB], Operations, 4
[USED_MEM_MB], AverageLatency(ns), 3131.75
[USED_MEM_MB], MinLatency(ns), 88
[USED_MEM_MB], MaxLatency(ns), 5111
[USED_MEM_MB], 95thPercentileLatency(ns), 5111
[USED_MEM_MB], 99thPercentileLatency(ns), 5111
[MAIN_GCs_Count], Operations, 1
[MAIN_GCs_Count], AverageLatency(ns), 4.0
[MAIN_GCs_Count], MinLatency(ns), 4
[MAIN_GCs_Count], MaxLatency(ns), 4
[MAIN_GCs_Count], 95thPercentileLatency(ns), 4
[MAIN_GCs_Count], 99thPercentileLatency(ns), 4
[MAIN_GCs_Time(ms)], Operations, 1
[MAIN_GCs_Time(ms)], AverageLatency(ns), 678.0
[MAIN_GCs_Time(ms)], MinLatency(ns), 678
[MAIN_GCs_Time(ms)], MaxLatency(ns), 678
[MAIN_GCs_Time(ms)], 95thPercentileLatency(ns), 678
[MAIN_GCs_Time(ms)], 99thPercentileLatency(ns), 678
[TRANSACTION], Operations, 1
[TRANSACTION], AverageLatency(ns), 9.205284864E9
[TRANSACTION], MinLatency(ns), 9205252096
[TRANSACTION], MaxLatency(ns), 9205317631
[TRANSACTION], 95thPercentileLatency(ns), 9205317631
[TRANSACTION], 99thPercentileLatency(ns), 9205317631
[GCS_TIME], Operations, 4
[GCS_TIME], AverageLatency(ns), 681.0
[GCS_TIME], MinLatency(ns), 39
[GCS_TIME], MaxLatency(ns), 1431
[GCS_TIME], 95thPercentileLatency(ns), 1431
[GCS_TIME], 99thPercentileLatency(ns), 1431
[LOAD_GCs_Time(ms)], Operations, 1
[LOAD_GCs_Time(ms)], AverageLatency(ns), 2046.0
[LOAD_GCs_Time(ms)], MinLatency(ns), 2046
[LOAD_GCs_Time(ms)], MaxLatency(ns), 2046
[LOAD_GCs_Time(ms)], 95thPercentileLatency(ns), 2046
[LOAD_GCs_Time(ms)], 99thPercentileLatency(ns), 2046
[READ], Operations, 1498707
[READ], AverageLatency(ns), 1818.3031232922779
[READ], MinLatency(ns), 206
[READ], MaxLatency(ns), 64906
[READ], 95thPercentileLatency(ns), 3190
[READ], 99thPercentileLatency(ns), 4098
[READ], Return=OK, 1498707
[INIT], Operations, 1
[INIT], AverageLatency(ns), 3083880.0
[INIT], MinLatency(ns), 3083872
[INIT], MaxLatency(ns), 3083887
[INIT], 95thPercentileLatency(ns), 3083887
[INIT], 99thPercentileLatency(ns), 3083887
[GCS], Operations, 4
[GCS], AverageLatency(ns), 7.25
[GCS], MinLatency(ns), 1
[GCS], MaxLatency(ns), 19
[GCS], 95thPercentileLatency(ns), 19
[GCS], 99thPercentileLatency(ns), 19
[LOAD_GCs_Count], Operations, 1
[LOAD_GCs_Count], AverageLatency(ns), 25.0
[LOAD_GCs_Count], MinLatency(ns), 25
[LOAD_GCs_Count], MaxLatency(ns), 25
[LOAD_GCs_Count], 95thPercentileLatency(ns), 25
[LOAD_GCs_Count], 99thPercentileLatency(ns), 25
[CLEANUP], Operations, 1
[CLEANUP], AverageLatency(ns), 19570.0
[CLEANUP], MinLatency(ns), 19570
[CLEANUP], MaxLatency(ns), 19570
[CLEANUP], 95thPercentileLatency(ns), 19570
[CLEANUP], 99thPercentileLatency(ns), 19570
[INSERT], Operations, 1000000
[INSERT], AverageLatency(ns), 2723.368564
[INSERT], MinLatency(ns), 357
[INSERT], MaxLatency(ns), 436695
[INSERT], 95thPercentileLatency(ns), 4387
[INSERT], 99thPercentileLatency(ns), 5934
[INSERT], Return=OK, 1000000
[UPDATE], Operations, 1501293
[UPDATE], AverageLatency(ns), 2033.6895969008049
[UPDATE], MinLatency(ns), 289
[UPDATE], MaxLatency(ns), 507337
[UPDATE], 95thPercentileLatency(ns), 3441
[UPDATE], 99thPercentileLatency(ns), 4377
[UPDATE], Return=OK, 1501293
