/home/anatole/jdk8u/build/linux-x86_64-normal-server-release/jdk/bin/java -Xmx20g -XX:+UseG1GC -classpath /home/anatole/ycsb/conf:/home/anatole/ycsb/core/target/core-0.18.0-SNAPSHOT.jar:/home/anatole/ycsb/core/target/dependency/HdrHistogram-2.1.4.jar:/home/anatole/ycsb/core/target/dependency/guava-18.0.jar:/home/anatole/ycsb/core/target/dependency/htrace-core4-4.1.0-incubating.jar:/home/anatole/ycsb/core/target/dependency/jackson-core-asl-1.9.4.jar:/home/anatole/ycsb/core/target/dependency/jackson-mapper-asl-1.9.4.jar:/home/anatole/ycsb/core/target/dependency/javax.persistence-api-2.2.jar:/home/anatole/ycsb/core/target/dependency/jnvm-1.0-SNAPSHOT.jar:/home/anatole/ycsb/core/target/dependency/pcj-1.0.jar:/home/anatole/ycsb/core/target/dependency/unsafe-helper-1.0.jar:/home/anatole/ycsb/jnvm/target/jnvm-binding-0.18.0-SNAPSHOT.jar:/home/anatole/ycsb/jnvm/target/dependency/guava-18.0.jar:/home/anatole/ycsb/jnvm/target/dependency/javax.persistence-api-2.2.jar:/home/anatole/ycsb/jnvm/target/dependency/jnvm-1.0-SNAPSHOT.jar:/home/anatole/ycsb/jnvm/target/dependency/unsafe-helper-1.0.jar site.ycsb.Client -t -db site.ycsb.db.VolatileSkipListMapClient -P ../workloads/workloada -preload -s -threads 1 -p dataintegrity=true -p offheap=false -p recordcount=3000000 -p operationcount=10000000 -p fieldcount=10 -p fieldlength=100 -p requestdistribution=zipfian -p measurement.trackjvm=true -p measurementtype=hdrhistogram -p hdrhistogram.output.path=./out/exp8.pdt.ref/log/jnvm-vslmap.run.workloada.true.3000000.1.10.100.zipfian.1.false.true.default.default.none.r2.hdr.log
[OVERALL], RunTime(ms), 78037
[OVERALL], Throughput(ops/sec), 166587.64432256494
[TOTAL_GCS_G1_Young_Generation], Count, 57
[TOTAL_GC_TIME_G1_Young_Generation], Time(ms), 7447
[TOTAL_GC_TIME_%_G1_Young_Generation], Time(%), 9.542909132847239
[TOTAL_GCS_G1_Old_Generation], Count, 0
[TOTAL_GC_TIME_G1_Old_Generation], Time(ms), 0
[TOTAL_GC_TIME_%_G1_Old_Generation], Time(%), 0.0
[TOTAL_GCs], Count, 57
[TOTAL_GC_TIME], Time(ms), 7447
[TOTAL_GC_TIME_%], Time(%), 9.542909132847239
[MAX_MEM_USED], MBs, 11702
[MIN_MEM_USED], MBs, 140
[MAX_THREADS], Count, 3
[MIN_THREADS], Count, 2
[MAX_SYS_LOAD_AVG], Load, 5.08
[MIN_SYS_LOAD_AVG], Load, 3.16
[THREAD_COUNT], Operations, 9
[THREAD_COUNT], AverageLatency(ns), 2.888888888888889
[THREAD_COUNT], MinLatency(ns), 2
[THREAD_COUNT], MaxLatency(ns), 3
[THREAD_COUNT], 95thPercentileLatency(ns), 3
[THREAD_COUNT], 99thPercentileLatency(ns), 3
[SYS_LOAD_AVG], Operations, 9
[SYS_LOAD_AVG], AverageLatency(ns), 3.5555555555555554
[SYS_LOAD_AVG], MinLatency(ns), 3
[SYS_LOAD_AVG], MaxLatency(ns), 5
[SYS_LOAD_AVG], 95thPercentileLatency(ns), 5
[SYS_LOAD_AVG], 99thPercentileLatency(ns), 5
[LOAD], Operations, 1
[LOAD], AverageLatency(ns), 4.1437495296E10
[LOAD], MinLatency(ns), 41437364224
[LOAD], MaxLatency(ns), 41437626367
[LOAD], 95thPercentileLatency(ns), 41437626367
[LOAD], 99thPercentileLatency(ns), 41437626367
[USED_MEM_MB], Operations, 9
[USED_MEM_MB], AverageLatency(ns), 8296.222222222223
[USED_MEM_MB], MinLatency(ns), 140
[USED_MEM_MB], MaxLatency(ns), 11702
[USED_MEM_MB], 95thPercentileLatency(ns), 11702
[USED_MEM_MB], 99thPercentileLatency(ns), 11702
[MAIN_GCs_Count], Operations, 1
[MAIN_GCs_Count], AverageLatency(ns), 10.0
[MAIN_GCs_Count], MinLatency(ns), 10
[MAIN_GCs_Count], MaxLatency(ns), 10
[MAIN_GCs_Count], 95thPercentileLatency(ns), 10
[MAIN_GCs_Count], 99thPercentileLatency(ns), 10
[MAIN_GCs_Time(ms)], Operations, 1
[MAIN_GCs_Time(ms)], AverageLatency(ns), 1224.0
[MAIN_GCs_Time(ms)], MinLatency(ns), 1224
[MAIN_GCs_Time(ms)], MaxLatency(ns), 1224
[MAIN_GCs_Time(ms)], 95thPercentileLatency(ns), 1224
[MAIN_GCs_Time(ms)], 99thPercentileLatency(ns), 1224
[TRANSACTION], Operations, 1
[TRANSACTION], AverageLatency(ns), 3.6448370688E10
[TRANSACTION], MinLatency(ns), 36448239616
[TRANSACTION], MaxLatency(ns), 36448501759
[TRANSACTION], 95thPercentileLatency(ns), 36448501759
[TRANSACTION], 99thPercentileLatency(ns), 36448501759
[GCS_TIME], Operations, 9
[GCS_TIME], AverageLatency(ns), 827.4444444444445
[GCS_TIME], MinLatency(ns), 28
[GCS_TIME], MaxLatency(ns), 1568
[GCS_TIME], 95thPercentileLatency(ns), 1568
[GCS_TIME], 99thPercentileLatency(ns), 1568
[LOAD_GCs_Time(ms)], Operations, 1
[LOAD_GCs_Time(ms)], AverageLatency(ns), 6157.0
[LOAD_GCs_Time(ms)], MinLatency(ns), 6157
[LOAD_GCs_Time(ms)], MaxLatency(ns), 6157
[LOAD_GCs_Time(ms)], 95thPercentileLatency(ns), 6157
[LOAD_GCs_Time(ms)], 99thPercentileLatency(ns), 6157
[READ], Operations, 4998857
[READ], AverageLatency(ns), 2495.267280100231
[READ], MinLatency(ns), 195
[READ], MaxLatency(ns), 69174783
[READ], 95thPercentileLatency(ns), 4322
[READ], 99thPercentileLatency(ns), 5373
[READ], Return=OK, 4998857
[INIT], Operations, 1
[INIT], AverageLatency(ns), 3200712.0
[INIT], MinLatency(ns), 3200704
[INIT], MaxLatency(ns), 3200719
[INIT], 95thPercentileLatency(ns), 3200719
[INIT], 99thPercentileLatency(ns), 3200719
[GCS], Operations, 9
[GCS], AverageLatency(ns), 6.333333333333333
[GCS], MinLatency(ns), 1
[GCS], MaxLatency(ns), 19
[GCS], 95thPercentileLatency(ns), 19
[GCS], 99thPercentileLatency(ns), 19
[LOAD_GCs_Count], Operations, 1
[LOAD_GCs_Count], AverageLatency(ns), 46.0
[LOAD_GCs_Count], MinLatency(ns), 46
[LOAD_GCs_Count], MaxLatency(ns), 46
[LOAD_GCs_Count], 95thPercentileLatency(ns), 46
[LOAD_GCs_Count], 99thPercentileLatency(ns), 46
[CLEANUP], Operations, 1
[CLEANUP], AverageLatency(ns), 17839.0
[CLEANUP], MinLatency(ns), 17839
[CLEANUP], MaxLatency(ns), 17839
[CLEANUP], 95thPercentileLatency(ns), 17839
[CLEANUP], 99thPercentileLatency(ns), 17839
[INSERT], Operations, 3000000
[INSERT], AverageLatency(ns), 3230.5498456666664
[INSERT], MinLatency(ns), 395
[INSERT], MaxLatency(ns), 490691
[INSERT], 95thPercentileLatency(ns), 5250
[INSERT], 99thPercentileLatency(ns), 7035
[INSERT], Return=OK, 3000000
[UPDATE], Operations, 5001143
[UPDATE], AverageLatency(ns), 2704.095112257338
[UPDATE], MinLatency(ns), 243
[UPDATE], MaxLatency(ns), 68935679
[UPDATE], 95thPercentileLatency(ns), 4580
[UPDATE], 99thPercentileLatency(ns), 5669
[UPDATE], Return=OK, 5001143
