/home/anatole/jdk8u/build/linux-x86_64-normal-server-release/jdk/bin/java -Xmx20g -XX:+UseG1GC -classpath /home/anatole/ycsb/conf:/home/anatole/ycsb/core/target/core-0.18.0-SNAPSHOT.jar:/home/anatole/ycsb/core/target/dependency/HdrHistogram-2.1.4.jar:/home/anatole/ycsb/core/target/dependency/guava-18.0.jar:/home/anatole/ycsb/core/target/dependency/htrace-core4-4.1.0-incubating.jar:/home/anatole/ycsb/core/target/dependency/jackson-core-asl-1.9.4.jar:/home/anatole/ycsb/core/target/dependency/jackson-mapper-asl-1.9.4.jar:/home/anatole/ycsb/core/target/dependency/javax.persistence-api-2.2.jar:/home/anatole/ycsb/core/target/dependency/jnvm-1.0-SNAPSHOT.jar:/home/anatole/ycsb/core/target/dependency/pcj-1.0.jar:/home/anatole/ycsb/core/target/dependency/unsafe-helper-1.0.jar:/home/anatole/ycsb/jnvm/target/jnvm-binding-0.18.0-SNAPSHOT.jar:/home/anatole/ycsb/jnvm/target/dependency/guava-18.0.jar:/home/anatole/ycsb/jnvm/target/dependency/javax.persistence-api-2.2.jar:/home/anatole/ycsb/jnvm/target/dependency/jnvm-1.0-SNAPSHOT.jar:/home/anatole/ycsb/jnvm/target/dependency/unsafe-helper-1.0.jar site.ycsb.Client -t -db site.ycsb.db.VolatileSkipListMapClient -P ../workloads/workloada -preload -s -threads 1 -p dataintegrity=false -p offheap=false -p recordcount=1000000 -p operationcount=3000000 -p fieldcount=10 -p fieldlength=100 -p requestdistribution=zipfian -p measurement.trackjvm=true -p measurementtype=hdrhistogram -p hdrhistogram.output.path=./out/exp8.pdt.ref/log/jnvm-vslmap.run.workloada.false.1000000.1.10.100.zipfian.1.false.true.default.default.none.r1.hdr.log
[OVERALL], RunTime(ms), 11617
[OVERALL], Throughput(ops/sec), 344322.97495050356
[TOTAL_GCS_G1_Young_Generation], Count, 7
[TOTAL_GC_TIME_G1_Young_Generation], Time(ms), 861
[TOTAL_GC_TIME_%_G1_Young_Generation], Time(%), 7.411552035809589
[TOTAL_GCS_G1_Old_Generation], Count, 0
[TOTAL_GC_TIME_G1_Old_Generation], Time(ms), 0
[TOTAL_GC_TIME_%_G1_Old_Generation], Time(%), 0.0
[TOTAL_GCs], Count, 7
[TOTAL_GC_TIME], Time(ms), 861
[TOTAL_GC_TIME_%], Time(%), 7.411552035809589
[MAX_MEM_USED], MBs, 2324
[MIN_MEM_USED], MBs, 36
[MAX_THREADS], Count, 3
[MIN_THREADS], Count, 2
[MAX_SYS_LOAD_AVG], Load, 4.79
[MIN_SYS_LOAD_AVG], Load, 4.28
[THREAD_COUNT], Operations, 3
[THREAD_COUNT], AverageLatency(ns), 2.6666666666666665
[THREAD_COUNT], MinLatency(ns), 2
[THREAD_COUNT], MaxLatency(ns), 3
[THREAD_COUNT], 95thPercentileLatency(ns), 3
[THREAD_COUNT], 99thPercentileLatency(ns), 3
[SYS_LOAD_AVG], Operations, 3
[SYS_LOAD_AVG], AverageLatency(ns), 4.0
[SYS_LOAD_AVG], MinLatency(ns), 4
[SYS_LOAD_AVG], MaxLatency(ns), 4
[SYS_LOAD_AVG], 95thPercentileLatency(ns), 4
[SYS_LOAD_AVG], 99thPercentileLatency(ns), 4
[LOAD], Operations, 1
[LOAD], AverageLatency(ns), 3.990249472E9
[LOAD], MinLatency(ns), 3990241280
[LOAD], MaxLatency(ns), 3990257663
[LOAD], 95thPercentileLatency(ns), 3990257663
[LOAD], 99thPercentileLatency(ns), 3990257663
[USED_MEM_MB], Operations, 3
[USED_MEM_MB], AverageLatency(ns), 1478.6666666666667
[USED_MEM_MB], MinLatency(ns), 36
[USED_MEM_MB], MaxLatency(ns), 2324
[USED_MEM_MB], 95thPercentileLatency(ns), 2324
[USED_MEM_MB], 99thPercentileLatency(ns), 2324
[MAIN_GCs_Count], Operations, 1
[MAIN_GCs_Count], AverageLatency(ns), 1.0
[MAIN_GCs_Count], MinLatency(ns), 1
[MAIN_GCs_Count], MaxLatency(ns), 1
[MAIN_GCs_Count], 95thPercentileLatency(ns), 1
[MAIN_GCs_Count], 99thPercentileLatency(ns), 1
[MAIN_GCs_Time(ms)], Operations, 1
[MAIN_GCs_Time(ms)], AverageLatency(ns), 95.0
[MAIN_GCs_Time(ms)], MinLatency(ns), 95
[MAIN_GCs_Time(ms)], MaxLatency(ns), 95
[MAIN_GCs_Time(ms)], 95thPercentileLatency(ns), 95
[MAIN_GCs_Time(ms)], 99thPercentileLatency(ns), 95
[TRANSACTION], Operations, 1
[TRANSACTION], AverageLatency(ns), 7.520272384E9
[TRANSACTION], MinLatency(ns), 7520256000
[TRANSACTION], MaxLatency(ns), 7520288767
[TRANSACTION], 95thPercentileLatency(ns), 7520288767
[TRANSACTION], 99thPercentileLatency(ns), 7520288767
[GCS_TIME], Operations, 3
[GCS_TIME], AverageLatency(ns), 287.0
[GCS_TIME], MinLatency(ns), 0
[GCS_TIME], MaxLatency(ns), 861
[GCS_TIME], 95thPercentileLatency(ns), 861
[GCS_TIME], 99thPercentileLatency(ns), 861
[LOAD_GCs_Time(ms)], Operations, 1
[LOAD_GCs_Time(ms)], AverageLatency(ns), 766.0
[LOAD_GCs_Time(ms)], MinLatency(ns), 766
[LOAD_GCs_Time(ms)], MaxLatency(ns), 766
[LOAD_GCs_Time(ms)], 95thPercentileLatency(ns), 766
[LOAD_GCs_Time(ms)], 99thPercentileLatency(ns), 766
[READ], Operations, 1499884
[READ], AverageLatency(ns), 1869.8763344365298
[READ], MinLatency(ns), 235
[READ], MaxLatency(ns), 336701
[READ], 95thPercentileLatency(ns), 3273
[READ], 99thPercentileLatency(ns), 4085
[READ], Return=OK, 1499884
[INIT], Operations, 1
[INIT], AverageLatency(ns), 3094168.0
[INIT], MinLatency(ns), 3094160
[INIT], MaxLatency(ns), 3094175
[INIT], 95thPercentileLatency(ns), 3094175
[INIT], 99thPercentileLatency(ns), 3094175
[GCS], Operations, 3
[GCS], AverageLatency(ns), 2.3333333333333335
[GCS], MinLatency(ns), 0
[GCS], MaxLatency(ns), 7
[GCS], 95thPercentileLatency(ns), 7
[GCS], 99thPercentileLatency(ns), 7
[LOAD_GCs_Count], Operations, 1
[LOAD_GCs_Count], AverageLatency(ns), 6.0
[LOAD_GCs_Count], MinLatency(ns), 6
[LOAD_GCs_Count], MaxLatency(ns), 6
[LOAD_GCs_Count], 95thPercentileLatency(ns), 6
[LOAD_GCs_Count], 99thPercentileLatency(ns), 6
[CLEANUP], Operations, 1
[CLEANUP], AverageLatency(ns), 18631.0
[CLEANUP], MinLatency(ns), 18631
[CLEANUP], MaxLatency(ns), 18631
[CLEANUP], 95thPercentileLatency(ns), 18631
[CLEANUP], 99thPercentileLatency(ns), 18631
[INSERT], Operations, 1000000
[INSERT], AverageLatency(ns), 2674.085454
[INSERT], MinLatency(ns), 401
[INSERT], MaxLatency(ns), 116395007
[INSERT], 95thPercentileLatency(ns), 4056
[INSERT], 99thPercentileLatency(ns), 5169
[INSERT], Return=OK, 1000000
[UPDATE], Operations, 1500116
[UPDATE], AverageLatency(ns), 2061.1943163062056
[UPDATE], MinLatency(ns), 282
[UPDATE], MaxLatency(ns), 415237
[UPDATE], 95thPercentileLatency(ns), 3518
[UPDATE], 99thPercentileLatency(ns), 4367
[UPDATE], Return=OK, 1500116
