/home/anatole/jdk8u/build/linux-x86_64-normal-server-release/jdk/bin/java -Xmx20g -XX:+UseG1GC -classpath /home/anatole/ycsb/conf:/home/anatole/ycsb/core/target/core-0.18.0-SNAPSHOT.jar:/home/anatole/ycsb/core/target/dependency/HdrHistogram-2.1.4.jar:/home/anatole/ycsb/core/target/dependency/guava-18.0.jar:/home/anatole/ycsb/core/target/dependency/htrace-core4-4.1.0-incubating.jar:/home/anatole/ycsb/core/target/dependency/jackson-core-asl-1.9.4.jar:/home/anatole/ycsb/core/target/dependency/jackson-mapper-asl-1.9.4.jar:/home/anatole/ycsb/core/target/dependency/javax.persistence-api-2.2.jar:/home/anatole/ycsb/core/target/dependency/jnvm-1.0-SNAPSHOT.jar:/home/anatole/ycsb/core/target/dependency/pcj-1.0.jar:/home/anatole/ycsb/core/target/dependency/unsafe-helper-1.0.jar:/home/anatole/ycsb/jnvm/target/jnvm-binding-0.18.0-SNAPSHOT.jar:/home/anatole/ycsb/jnvm/target/dependency/guava-18.0.jar:/home/anatole/ycsb/jnvm/target/dependency/javax.persistence-api-2.2.jar:/home/anatole/ycsb/jnvm/target/dependency/jnvm-1.0-SNAPSHOT.jar:/home/anatole/ycsb/jnvm/target/dependency/unsafe-helper-1.0.jar site.ycsb.Client -t -db site.ycsb.db.VolatileHashMapClient -P ../workloads/workloada -preload -s -threads 1 -p dataintegrity=true -p offheap=false -p recordcount=1000000 -p operationcount=3000000 -p fieldcount=10 -p fieldlength=100 -p requestdistribution=zipfian -p measurement.trackjvm=true -p measurementtype=hdrhistogram -p hdrhistogram.output.path=./out/exp8.pdt.ref/log/jnvm-vhmap.run.workloada.true.1000000.1.10.100.zipfian.1.false.true.default.default.none.r1.hdr.log
[OVERALL], RunTime(ms), 15960
[OVERALL], Throughput(ops/sec), 250626.5664160401
[TOTAL_GCS_G1_Young_Generation], Count, 29
[TOTAL_GC_TIME_G1_Young_Generation], Time(ms), 2748
[TOTAL_GC_TIME_%_G1_Young_Generation], Time(%), 17.218045112781954
[TOTAL_GCS_G1_Old_Generation], Count, 0
[TOTAL_GC_TIME_G1_Old_Generation], Time(ms), 0
[TOTAL_GC_TIME_%_G1_Old_Generation], Time(%), 0.0
[TOTAL_GCs], Count, 29
[TOTAL_GC_TIME], Time(ms), 2748
[TOTAL_GC_TIME_%], Time(%), 17.218045112781954
[MAX_MEM_USED], MBs, 4799
[MIN_MEM_USED], MBs, 100
[MAX_THREADS], Count, 3
[MIN_THREADS], Count, 2
[MAX_SYS_LOAD_AVG], Load, 0.64
[MIN_SYS_LOAD_AVG], Load, 0.12
[THREAD_COUNT], Operations, 3
[THREAD_COUNT], AverageLatency(ns), 2.6666666666666665
[THREAD_COUNT], MinLatency(ns), 2
[THREAD_COUNT], MaxLatency(ns), 3
[THREAD_COUNT], 95thPercentileLatency(ns), 3
[THREAD_COUNT], 99thPercentileLatency(ns), 3
[SYS_LOAD_AVG], Operations, 3
[SYS_LOAD_AVG], AverageLatency(ns), 0.0
[SYS_LOAD_AVG], MinLatency(ns), 0
[SYS_LOAD_AVG], MaxLatency(ns), 0
[SYS_LOAD_AVG], 95thPercentileLatency(ns), 0
[SYS_LOAD_AVG], 99thPercentileLatency(ns), 0
[LOAD], Operations, 1
[LOAD], AverageLatency(ns), 1.136181248E10
[LOAD], MinLatency(ns), 11361779712
[LOAD], MaxLatency(ns), 11361845247
[LOAD], 95thPercentileLatency(ns), 11361845247
[LOAD], 99thPercentileLatency(ns), 11361845247
[USED_MEM_MB], Operations, 3
[USED_MEM_MB], AverageLatency(ns), 2841.6666666666665
[USED_MEM_MB], MinLatency(ns), 100
[USED_MEM_MB], MaxLatency(ns), 4799
[USED_MEM_MB], 95thPercentileLatency(ns), 4799
[USED_MEM_MB], 99thPercentileLatency(ns), 4799
[MAIN_GCs_Count], Operations, 1
[MAIN_GCs_Count], AverageLatency(ns), 5.0
[MAIN_GCs_Count], MinLatency(ns), 5
[MAIN_GCs_Count], MaxLatency(ns), 5
[MAIN_GCs_Count], 95thPercentileLatency(ns), 5
[MAIN_GCs_Count], 99thPercentileLatency(ns), 5
[MAIN_GCs_Time(ms)], Operations, 1
[MAIN_GCs_Time(ms)], AverageLatency(ns), 780.0
[MAIN_GCs_Time(ms)], MinLatency(ns), 780
[MAIN_GCs_Time(ms)], MaxLatency(ns), 780
[MAIN_GCs_Time(ms)], 95thPercentileLatency(ns), 780
[MAIN_GCs_Time(ms)], 99thPercentileLatency(ns), 780
[TRANSACTION], Operations, 1
[TRANSACTION], AverageLatency(ns), 4.523802624E9
[TRANSACTION], MinLatency(ns), 4523786240
[TRANSACTION], MaxLatency(ns), 4523819007
[TRANSACTION], 95thPercentileLatency(ns), 4523819007
[TRANSACTION], 99thPercentileLatency(ns), 4523819007
[GCS_TIME], Operations, 3
[GCS_TIME], AverageLatency(ns), 916.0
[GCS_TIME], MinLatency(ns), 0
[GCS_TIME], MaxLatency(ns), 1813
[GCS_TIME], 95thPercentileLatency(ns), 1813
[GCS_TIME], 99thPercentileLatency(ns), 1813
[LOAD_GCs_Time(ms)], Operations, 1
[LOAD_GCs_Time(ms)], AverageLatency(ns), 1968.0
[LOAD_GCs_Time(ms)], MinLatency(ns), 1968
[LOAD_GCs_Time(ms)], MaxLatency(ns), 1968
[LOAD_GCs_Time(ms)], 95thPercentileLatency(ns), 1968
[LOAD_GCs_Time(ms)], 99thPercentileLatency(ns), 1968
[READ], Operations, 1500368
[READ], AverageLatency(ns), 270.4612488402845
[READ], MinLatency(ns), 50
[READ], MaxLatency(ns), 45114
[READ], 95thPercentileLatency(ns), 518
[READ], 99thPercentileLatency(ns), 710
[READ], Return=OK, 1500368
[INIT], Operations, 1
[INIT], AverageLatency(ns), 228272.0
[INIT], MinLatency(ns), 228272
[INIT], MaxLatency(ns), 228272
[INIT], 95thPercentileLatency(ns), 228272
[INIT], 99thPercentileLatency(ns), 228272
[GCS], Operations, 3
[GCS], AverageLatency(ns), 9.666666666666666
[GCS], MinLatency(ns), 0
[GCS], MaxLatency(ns), 23
[GCS], 95thPercentileLatency(ns), 23
[GCS], 99thPercentileLatency(ns), 23
[LOAD_GCs_Count], Operations, 1
[LOAD_GCs_Count], AverageLatency(ns), 24.0
[LOAD_GCs_Count], MinLatency(ns), 24
[LOAD_GCs_Count], MaxLatency(ns), 24
[LOAD_GCs_Count], 95thPercentileLatency(ns), 24
[LOAD_GCs_Count], 99thPercentileLatency(ns), 24
[CLEANUP], Operations, 1
[CLEANUP], AverageLatency(ns), 16850.0
[CLEANUP], MinLatency(ns), 16850
[CLEANUP], MaxLatency(ns), 16850
[CLEANUP], 95thPercentileLatency(ns), 16850
[CLEANUP], 99thPercentileLatency(ns), 16850
[INSERT], Operations, 1000000
[INSERT], AverageLatency(ns), 643.98124
[INSERT], MinLatency(ns), 221
[INSERT], MaxLatency(ns), 128121343
[INSERT], 95thPercentileLatency(ns), 615
[INSERT], 99thPercentileLatency(ns), 808
[INSERT], Return=OK, 1000000
[UPDATE], Operations, 1499632
[UPDATE], AverageLatency(ns), 432.922496319097
[UPDATE], MinLatency(ns), 69
[UPDATE], MaxLatency(ns), 433593
[UPDATE], 95thPercentileLatency(ns), 793
[UPDATE], 99thPercentileLatency(ns), 938
[UPDATE], Return=OK, 1499632
