/home/anatole/jdk8u/build/linux-x86_64-normal-server-release/jdk/bin/java -Xmx20g -XX:+UseG1GC -classpath /home/anatole/ycsb/conf:/home/anatole/ycsb/core/target/core-0.18.0-SNAPSHOT.jar:/home/anatole/ycsb/core/target/dependency/HdrHistogram-2.1.4.jar:/home/anatole/ycsb/core/target/dependency/guava-18.0.jar:/home/anatole/ycsb/core/target/dependency/htrace-core4-4.1.0-incubating.jar:/home/anatole/ycsb/core/target/dependency/jackson-core-asl-1.9.4.jar:/home/anatole/ycsb/core/target/dependency/jackson-mapper-asl-1.9.4.jar:/home/anatole/ycsb/core/target/dependency/javax.persistence-api-2.2.jar:/home/anatole/ycsb/core/target/dependency/jnvm-1.0-SNAPSHOT.jar:/home/anatole/ycsb/core/target/dependency/pcj-1.0.jar:/home/anatole/ycsb/core/target/dependency/unsafe-helper-1.0.jar:/home/anatole/ycsb/jnvm/target/jnvm-binding-0.18.0-SNAPSHOT.jar:/home/anatole/ycsb/jnvm/target/dependency/guava-18.0.jar:/home/anatole/ycsb/jnvm/target/dependency/javax.persistence-api-2.2.jar:/home/anatole/ycsb/jnvm/target/dependency/jnvm-1.0-SNAPSHOT.jar:/home/anatole/ycsb/jnvm/target/dependency/unsafe-helper-1.0.jar site.ycsb.Client -t -db site.ycsb.db.BlackholeClient -P ../workloads/workloada -preload -s -threads 1 -p dataintegrity=true -p offheap=false -p recordcount=1000000 -p operationcount=3000000 -p fieldcount=10 -p fieldlength=100 -p requestdistribution=zipfian -p measurement.trackjvm=true -p measurementtype=hdrhistogram -p hdrhistogram.output.path=./out/exp8.pdt.ref/log/jnvm-blackhole.run.workloada.true.1000000.1.10.100.zipfian.1.false.true.default.default.none.r5.hdr.log
[OVERALL], RunTime(ms), 10496
[OVERALL], Throughput(ops/sec), 381097.56097560975
[TOTAL_GCS_G1_Young_Generation], Count, 21
[TOTAL_GC_TIME_G1_Young_Generation], Time(ms), 126
[TOTAL_GC_TIME_%_G1_Young_Generation], Time(%), 1.2004573170731707
[TOTAL_GCS_G1_Old_Generation], Count, 0
[TOTAL_GC_TIME_G1_Old_Generation], Time(ms), 0
[TOTAL_GC_TIME_%_G1_Old_Generation], Time(%), 0.0
[TOTAL_GCs], Count, 21
[TOTAL_GC_TIME], Time(ms), 126
[TOTAL_GC_TIME_%], Time(%), 1.2004573170731707
[MAX_MEM_USED], MBs, 634
[MIN_MEM_USED], MBs, 28
[MAX_THREADS], Count, 3
[MIN_THREADS], Count, 2
[MAX_SYS_LOAD_AVG], Load, 1.01
[MIN_SYS_LOAD_AVG], Load, 0.92
[THREAD_COUNT], Operations, 3
[THREAD_COUNT], AverageLatency(ns), 2.6666666666666665
[THREAD_COUNT], MinLatency(ns), 2
[THREAD_COUNT], MaxLatency(ns), 3
[THREAD_COUNT], 95thPercentileLatency(ns), 3
[THREAD_COUNT], 99thPercentileLatency(ns), 3
[SYS_LOAD_AVG], Operations, 3
[SYS_LOAD_AVG], AverageLatency(ns), 0.6666666666666666
[SYS_LOAD_AVG], MinLatency(ns), 0
[SYS_LOAD_AVG], MaxLatency(ns), 1
[SYS_LOAD_AVG], 95thPercentileLatency(ns), 1
[SYS_LOAD_AVG], 99thPercentileLatency(ns), 1
[LOAD], Operations, 1
[LOAD], AverageLatency(ns), 7.769505792E9
[LOAD], MinLatency(ns), 7769489408
[LOAD], MaxLatency(ns), 7769522175
[LOAD], 95thPercentileLatency(ns), 7769522175
[LOAD], 99thPercentileLatency(ns), 7769522175
[USED_MEM_MB], Operations, 3
[USED_MEM_MB], AverageLatency(ns), 353.3333333333333
[USED_MEM_MB], MinLatency(ns), 28
[USED_MEM_MB], MaxLatency(ns), 634
[USED_MEM_MB], 95thPercentileLatency(ns), 634
[USED_MEM_MB], 99thPercentileLatency(ns), 634
[MAIN_GCs_Count], Operations, 1
[MAIN_GCs_Count], AverageLatency(ns), 4.0
[MAIN_GCs_Count], MinLatency(ns), 4
[MAIN_GCs_Count], MaxLatency(ns), 4
[MAIN_GCs_Count], 95thPercentileLatency(ns), 4
[MAIN_GCs_Count], 99thPercentileLatency(ns), 4
[MAIN_GCs_Time(ms)], Operations, 1
[MAIN_GCs_Time(ms)], AverageLatency(ns), 21.0
[MAIN_GCs_Time(ms)], MinLatency(ns), 21
[MAIN_GCs_Time(ms)], MaxLatency(ns), 21
[MAIN_GCs_Time(ms)], 95thPercentileLatency(ns), 21
[MAIN_GCs_Time(ms)], 99thPercentileLatency(ns), 21
[TRANSACTION], Operations, 1
[TRANSACTION], AverageLatency(ns), 2.634244096E9
[TRANSACTION], MinLatency(ns), 2634235904
[TRANSACTION], MaxLatency(ns), 2634252287
[TRANSACTION], 95thPercentileLatency(ns), 2634252287
[TRANSACTION], 99thPercentileLatency(ns), 2634252287
[GCS_TIME], Operations, 3
[GCS_TIME], AverageLatency(ns), 42.0
[GCS_TIME], MinLatency(ns), 0
[GCS_TIME], MaxLatency(ns), 126
[GCS_TIME], 95thPercentileLatency(ns), 126
[GCS_TIME], 99thPercentileLatency(ns), 126
[LOAD_GCs_Time(ms)], Operations, 1
[LOAD_GCs_Time(ms)], AverageLatency(ns), 105.0
[LOAD_GCs_Time(ms)], MinLatency(ns), 105
[LOAD_GCs_Time(ms)], MaxLatency(ns), 105
[LOAD_GCs_Time(ms)], 95thPercentileLatency(ns), 105
[LOAD_GCs_Time(ms)], 99thPercentileLatency(ns), 105
[READ], Operations, 1500296
[READ], AverageLatency(ns), 19.74275476306009
[READ], MinLatency(ns), 17
[READ], MaxLatency(ns), 16071
[READ], 95thPercentileLatency(ns), 22
[READ], 99thPercentileLatency(ns), 26
[READ], Return=OK, 1500296
[INIT], Operations, 1
[INIT], AverageLatency(ns), 5579.0
[INIT], MinLatency(ns), 5579
[INIT], MaxLatency(ns), 5579
[INIT], 95thPercentileLatency(ns), 5579
[INIT], 99thPercentileLatency(ns), 5579
[GCS], Operations, 3
[GCS], AverageLatency(ns), 7.0
[GCS], MinLatency(ns), 0
[GCS], MaxLatency(ns), 21
[GCS], 95thPercentileLatency(ns), 21
[GCS], 99thPercentileLatency(ns), 21
[LOAD_GCs_Count], Operations, 1
[LOAD_GCs_Count], AverageLatency(ns), 17.0
[LOAD_GCs_Count], MinLatency(ns), 17
[LOAD_GCs_Count], MaxLatency(ns), 17
[LOAD_GCs_Count], 95thPercentileLatency(ns), 17
[LOAD_GCs_Count], 99thPercentileLatency(ns), 17
[CLEANUP], Operations, 1
[CLEANUP], AverageLatency(ns), 1834.0
[CLEANUP], MinLatency(ns), 1834
[CLEANUP], MaxLatency(ns), 1834
[CLEANUP], 95thPercentileLatency(ns), 1834
[CLEANUP], 99thPercentileLatency(ns), 1834
[INSERT], Operations, 1000000
[INSERT], AverageLatency(ns), 20.812047
[INSERT], MinLatency(ns), 17
[INSERT], MaxLatency(ns), 29404
[INSERT], 95thPercentileLatency(ns), 26
[INSERT], 99thPercentileLatency(ns), 41
[INSERT], Return=OK, 1000000
[UPDATE], Operations, 1499704
[UPDATE], AverageLatency(ns), 19.77607781268837
[UPDATE], MinLatency(ns), 17
[UPDATE], MaxLatency(ns), 16005
[UPDATE], 95thPercentileLatency(ns), 21
[UPDATE], 99thPercentileLatency(ns), 26
[UPDATE], Return=OK, 1499704
