/home/anatole/jdk8u/build/linux-x86_64-normal-server-release/jdk/bin/java -Xmx20g -XX:+UseG1GC -classpath /home/anatole/ycsb/conf:/home/anatole/ycsb/core/target/core-0.18.0-SNAPSHOT.jar:/home/anatole/ycsb/core/target/dependency/HdrHistogram-2.1.4.jar:/home/anatole/ycsb/core/target/dependency/guava-18.0.jar:/home/anatole/ycsb/core/target/dependency/htrace-core4-4.1.0-incubating.jar:/home/anatole/ycsb/core/target/dependency/jackson-core-asl-1.9.4.jar:/home/anatole/ycsb/core/target/dependency/jackson-mapper-asl-1.9.4.jar:/home/anatole/ycsb/core/target/dependency/javax.persistence-api-2.2.jar:/home/anatole/ycsb/core/target/dependency/jnvm-1.0-SNAPSHOT.jar:/home/anatole/ycsb/core/target/dependency/pcj-1.0.jar:/home/anatole/ycsb/core/target/dependency/unsafe-helper-1.0.jar:/home/anatole/ycsb/jnvm/target/jnvm-binding-0.18.0-SNAPSHOT.jar:/home/anatole/ycsb/jnvm/target/dependency/guava-18.0.jar:/home/anatole/ycsb/jnvm/target/dependency/javax.persistence-api-2.2.jar:/home/anatole/ycsb/jnvm/target/dependency/jnvm-1.0-SNAPSHOT.jar:/home/anatole/ycsb/jnvm/target/dependency/unsafe-helper-1.0.jar site.ycsb.Client -t -db site.ycsb.db.RecoverableTreeMapClient -P ../workloads/workloada -s -threads 1 -p dataintegrity=true -p offheap=true -p recordcount=3000000 -p operationcount=10000000 -p fieldcount=10 -p fieldlength=100 -p requestdistribution=zipfian -p measurement.trackjvm=true -p measurementtype=hdrhistogram -p hdrhistogram.output.path=./out/exp8.pdt.ref/log/jnvm-rtmap.run.workloada.true.3000000.1.10.100.zipfian.1.false.true.default.default.none.r1.hdr.log
[OVERALL], RunTime(ms), 148751
[OVERALL], Throughput(ops/sec), 67226.43881385672
[TOTAL_GCS_G1_Young_Generation], Count, 102
[TOTAL_GC_TIME_G1_Young_Generation], Time(ms), 27173
[TOTAL_GC_TIME_%_G1_Young_Generation], Time(%), 18.267440218889284
[TOTAL_GCS_G1_Old_Generation], Count, 0
[TOTAL_GC_TIME_G1_Old_Generation], Time(ms), 0
[TOTAL_GC_TIME_%_G1_Old_Generation], Time(%), 0.0
[TOTAL_GCs], Count, 102
[TOTAL_GC_TIME], Time(ms), 27173
[TOTAL_GC_TIME_%], Time(%), 18.267440218889284
[MAX_MEM_USED], MBs, 12530
[MIN_MEM_USED], MBs, 30
[MAX_THREADS], Count, 42
[MIN_THREADS], Count, 3
[MAX_SYS_LOAD_AVG], Load, 13.37
[MIN_SYS_LOAD_AVG], Load, 8.39
[THREAD_COUNT], Operations, 16
[THREAD_COUNT], AverageLatency(ns), 37.875
[THREAD_COUNT], MinLatency(ns), 3
[THREAD_COUNT], MaxLatency(ns), 42
[THREAD_COUNT], 95thPercentileLatency(ns), 42
[THREAD_COUNT], 99thPercentileLatency(ns), 42
[SYS_LOAD_AVG], Operations, 16
[SYS_LOAD_AVG], AverageLatency(ns), 10.3125
[SYS_LOAD_AVG], MinLatency(ns), 8
[SYS_LOAD_AVG], MaxLatency(ns), 13
[SYS_LOAD_AVG], 95thPercentileLatency(ns), 12
[SYS_LOAD_AVG], 99thPercentileLatency(ns), 13
[USED_MEM_MB], Operations, 16
[USED_MEM_MB], AverageLatency(ns), 8421.5
[USED_MEM_MB], MinLatency(ns), 30
[USED_MEM_MB], MaxLatency(ns), 12530
[USED_MEM_MB], 95thPercentileLatency(ns), 12452
[USED_MEM_MB], 99thPercentileLatency(ns), 12530
[MAIN_GCs_Count], Operations, 1
[MAIN_GCs_Count], AverageLatency(ns), 23.0
[MAIN_GCs_Count], MinLatency(ns), 23
[MAIN_GCs_Count], MaxLatency(ns), 23
[MAIN_GCs_Count], 95thPercentileLatency(ns), 23
[MAIN_GCs_Count], 99thPercentileLatency(ns), 23
[MAIN_GCs_Time(ms)], Operations, 1
[MAIN_GCs_Time(ms)], AverageLatency(ns), 18478.0
[MAIN_GCs_Time(ms)], MinLatency(ns), 18478
[MAIN_GCs_Time(ms)], MaxLatency(ns), 18478
[MAIN_GCs_Time(ms)], 95thPercentileLatency(ns), 18478
[MAIN_GCs_Time(ms)], 99thPercentileLatency(ns), 18478
[TRANSACTION], Operations, 1
[TRANSACTION], AverageLatency(ns), 5.4406807552E10
[TRANSACTION], MinLatency(ns), 54406676480
[TRANSACTION], MaxLatency(ns), 54406938623
[TRANSACTION], 95thPercentileLatency(ns), 54406938623
[TRANSACTION], 99thPercentileLatency(ns), 54406938623
[GCS_TIME], Operations, 16
[GCS_TIME], AverageLatency(ns), 1698.3125
[GCS_TIME], MinLatency(ns), 0
[GCS_TIME], MaxLatency(ns), 3846
[GCS_TIME], 95thPercentileLatency(ns), 3792
[GCS_TIME], 99thPercentileLatency(ns), 3846
[READ], Operations, 4997609
[READ], AverageLatency(ns), 1835.060100740174
[READ], MinLatency(ns), 69
[READ], MaxLatency(ns), 1003728895
[READ], 95thPercentileLatency(ns), 2685
[READ], 99thPercentileLatency(ns), 3504
[READ], Return=OK, 4997609
[INIT], Operations, 1
[INIT], AverageLatency(ns), 9.330622464E10
[INIT], MinLatency(ns), 93305962496
[INIT], MaxLatency(ns), 93306486783
[INIT], 95thPercentileLatency(ns), 93306486783
[INIT], 99thPercentileLatency(ns), 93306486783
[GCS], Operations, 16
[GCS], AverageLatency(ns), 6.375
[GCS], MinLatency(ns), 0
[GCS], MaxLatency(ns), 17
[GCS], 95thPercentileLatency(ns), 16
[GCS], 99thPercentileLatency(ns), 17
[CLEANUP], Operations, 1
[CLEANUP], AverageLatency(ns), 90285.0
[CLEANUP], MinLatency(ns), 90285
[CLEANUP], MaxLatency(ns), 90285
[CLEANUP], 95thPercentileLatency(ns), 90285
[CLEANUP], 99thPercentileLatency(ns), 90285
[UPDATE], Operations, 5002391
[UPDATE], AverageLatency(ns), 2493.8550707051886
[UPDATE], MinLatency(ns), 185
[UPDATE], MaxLatency(ns), 780677119
[UPDATE], 95thPercentileLatency(ns), 3607
[UPDATE], 99thPercentileLatency(ns), 4624
[UPDATE], Return=OK, 5002391
