/home/anatole/jdk8u/build/linux-x86_64-normal-server-release/jdk/bin/java -Xmx20g -XX:+UseG1GC -classpath /home/anatole/ycsb/conf:/home/anatole/ycsb/core/target/core-0.18.0-SNAPSHOT.jar:/home/anatole/ycsb/core/target/dependency/HdrHistogram-2.1.4.jar:/home/anatole/ycsb/core/target/dependency/guava-18.0.jar:/home/anatole/ycsb/core/target/dependency/htrace-core4-4.1.0-incubating.jar:/home/anatole/ycsb/core/target/dependency/jackson-core-asl-1.9.4.jar:/home/anatole/ycsb/core/target/dependency/jackson-mapper-asl-1.9.4.jar:/home/anatole/ycsb/core/target/dependency/javax.persistence-api-2.2.jar:/home/anatole/ycsb/core/target/dependency/jnvm-1.0-SNAPSHOT.jar:/home/anatole/ycsb/core/target/dependency/pcj-1.0.jar:/home/anatole/ycsb/core/target/dependency/unsafe-helper-1.0.jar:/home/anatole/ycsb/jnvm/target/jnvm-binding-0.18.0-SNAPSHOT.jar:/home/anatole/ycsb/jnvm/target/dependency/guava-18.0.jar:/home/anatole/ycsb/jnvm/target/dependency/javax.persistence-api-2.2.jar:/home/anatole/ycsb/jnvm/target/dependency/jnvm-1.0-SNAPSHOT.jar:/home/anatole/ycsb/jnvm/target/dependency/unsafe-helper-1.0.jar site.ycsb.Client -t -db site.ycsb.db.VolatileHashMapClient -P ../workloads/workloada -preload -s -threads 1 -p dataintegrity=true -p offheap=false -p recordcount=1000000 -p operationcount=3000000 -p fieldcount=10 -p fieldlength=100 -p requestdistribution=zipfian -p measurement.trackjvm=true -p measurementtype=hdrhistogram -p hdrhistogram.output.path=./out/exp8.pdt.ref/log/jnvm-vhmap.run.workloada.true.1000000.1.10.100.zipfian.1.false.true.default.default.none.r2.hdr.log
[OVERALL], RunTime(ms), 16099
[OVERALL], Throughput(ops/sec), 248462.63743089634
[TOTAL_GCS_G1_Young_Generation], Count, 29
[TOTAL_GC_TIME_G1_Young_Generation], Time(ms), 2761
[TOTAL_GC_TIME_%_G1_Young_Generation], Time(%), 17.150133548667622
[TOTAL_GCS_G1_Old_Generation], Count, 0
[TOTAL_GC_TIME_G1_Old_Generation], Time(ms), 0
[TOTAL_GC_TIME_%_G1_Old_Generation], Time(%), 0.0
[TOTAL_GCs], Count, 29
[TOTAL_GC_TIME], Time(ms), 2761
[TOTAL_GC_TIME_%], Time(%), 17.150133548667622
[MAX_MEM_USED], MBs, 4693
[MIN_MEM_USED], MBs, 104
[MAX_THREADS], Count, 3
[MIN_THREADS], Count, 2
[MAX_SYS_LOAD_AVG], Load, 2.9
[MIN_SYS_LOAD_AVG], Load, 0.64
[THREAD_COUNT], Operations, 3
[THREAD_COUNT], AverageLatency(ns), 2.6666666666666665
[THREAD_COUNT], MinLatency(ns), 2
[THREAD_COUNT], MaxLatency(ns), 3
[THREAD_COUNT], 95thPercentileLatency(ns), 3
[THREAD_COUNT], 99thPercentileLatency(ns), 3
[SYS_LOAD_AVG], Operations, 3
[SYS_LOAD_AVG], AverageLatency(ns), 0.6666666666666666
[SYS_LOAD_AVG], MinLatency(ns), 0
[SYS_LOAD_AVG], MaxLatency(ns), 2
[SYS_LOAD_AVG], 95thPercentileLatency(ns), 2
[SYS_LOAD_AVG], 99thPercentileLatency(ns), 2
[LOAD], Operations, 1
[LOAD], AverageLatency(ns), 1.1471519744E10
[LOAD], MinLatency(ns), 11471486976
[LOAD], MaxLatency(ns), 11471552511
[LOAD], 95thPercentileLatency(ns), 11471552511
[LOAD], 99thPercentileLatency(ns), 11471552511
[USED_MEM_MB], Operations, 3
[USED_MEM_MB], AverageLatency(ns), 2715.6666666666665
[USED_MEM_MB], MinLatency(ns), 104
[USED_MEM_MB], MaxLatency(ns), 4693
[USED_MEM_MB], 95thPercentileLatency(ns), 4693
[USED_MEM_MB], 99thPercentileLatency(ns), 4693
[MAIN_GCs_Count], Operations, 1
[MAIN_GCs_Count], AverageLatency(ns), 5.0
[MAIN_GCs_Count], MinLatency(ns), 5
[MAIN_GCs_Count], MaxLatency(ns), 5
[MAIN_GCs_Count], 95thPercentileLatency(ns), 5
[MAIN_GCs_Count], 99thPercentileLatency(ns), 5
[MAIN_GCs_Time(ms)], Operations, 1
[MAIN_GCs_Time(ms)], AverageLatency(ns), 794.0
[MAIN_GCs_Time(ms)], MinLatency(ns), 794
[MAIN_GCs_Time(ms)], MaxLatency(ns), 794
[MAIN_GCs_Time(ms)], 95thPercentileLatency(ns), 794
[MAIN_GCs_Time(ms)], 99thPercentileLatency(ns), 794
[TRANSACTION], Operations, 1
[TRANSACTION], AverageLatency(ns), 4.547690496E9
[TRANSACTION], MinLatency(ns), 4547674112
[TRANSACTION], MaxLatency(ns), 4547706879
[TRANSACTION], 95thPercentileLatency(ns), 4547706879
[TRANSACTION], 99thPercentileLatency(ns), 4547706879
[GCS_TIME], Operations, 3
[GCS_TIME], AverageLatency(ns), 920.3333333333334
[GCS_TIME], MinLatency(ns), 0
[GCS_TIME], MaxLatency(ns), 1813
[GCS_TIME], 95thPercentileLatency(ns), 1813
[GCS_TIME], 99thPercentileLatency(ns), 1813
[LOAD_GCs_Time(ms)], Operations, 1
[LOAD_GCs_Time(ms)], AverageLatency(ns), 1967.0
[LOAD_GCs_Time(ms)], MinLatency(ns), 1967
[LOAD_GCs_Time(ms)], MaxLatency(ns), 1967
[LOAD_GCs_Time(ms)], 95thPercentileLatency(ns), 1967
[LOAD_GCs_Time(ms)], 99thPercentileLatency(ns), 1967
[READ], Operations, 1500302
[READ], AverageLatency(ns), 267.51783707546883
[READ], MinLatency(ns), 52
[READ], MaxLatency(ns), 41811
[READ], 95thPercentileLatency(ns), 510
[READ], 99thPercentileLatency(ns), 705
[READ], Return=OK, 1500302
[INIT], Operations, 1
[INIT], AverageLatency(ns), 259939.0
[INIT], MinLatency(ns), 259939
[INIT], MaxLatency(ns), 259939
[INIT], 95thPercentileLatency(ns), 259939
[INIT], 99thPercentileLatency(ns), 259939
[GCS], Operations, 3
[GCS], AverageLatency(ns), 9.666666666666666
[GCS], MinLatency(ns), 0
[GCS], MaxLatency(ns), 23
[GCS], 95thPercentileLatency(ns), 23
[GCS], 99thPercentileLatency(ns), 23
[LOAD_GCs_Count], Operations, 1
[LOAD_GCs_Count], AverageLatency(ns), 24.0
[LOAD_GCs_Count], MinLatency(ns), 24
[LOAD_GCs_Count], MaxLatency(ns), 24
[LOAD_GCs_Count], 95thPercentileLatency(ns), 24
[LOAD_GCs_Count], 99thPercentileLatency(ns), 24
[CLEANUP], Operations, 1
[CLEANUP], AverageLatency(ns), 20497.0
[CLEANUP], MinLatency(ns), 20497
[CLEANUP], MaxLatency(ns), 20497
[CLEANUP], 95thPercentileLatency(ns), 20497
[CLEANUP], 99thPercentileLatency(ns), 20497
[INSERT], Operations, 1000000
[INSERT], AverageLatency(ns), 433.870864
[INSERT], MinLatency(ns), 226
[INSERT], MaxLatency(ns), 2475279
[INSERT], 95thPercentileLatency(ns), 628
[INSERT], 99thPercentileLatency(ns), 831
[INSERT], Return=OK, 1000000
[UPDATE], Operations, 1499698
[UPDATE], AverageLatency(ns), 428.55010675482663
[UPDATE], MinLatency(ns), 72
[UPDATE], MaxLatency(ns), 578183
[UPDATE], 95thPercentileLatency(ns), 792
[UPDATE], 99thPercentileLatency(ns), 937
[UPDATE], Return=OK, 1499698
