/home/anatole/jdk8u/build/linux-x86_64-normal-server-release/jdk/bin/java -Xmx20g -XX:+UseG1GC -classpath /home/anatole/ycsb/conf:/home/anatole/ycsb/core/target/core-0.18.0-SNAPSHOT.jar:/home/anatole/ycsb/core/target/dependency/HdrHistogram-2.1.4.jar:/home/anatole/ycsb/core/target/dependency/guava-18.0.jar:/home/anatole/ycsb/core/target/dependency/htrace-core4-4.1.0-incubating.jar:/home/anatole/ycsb/core/target/dependency/jackson-core-asl-1.9.4.jar:/home/anatole/ycsb/core/target/dependency/jackson-mapper-asl-1.9.4.jar:/home/anatole/ycsb/core/target/dependency/javax.persistence-api-2.2.jar:/home/anatole/ycsb/core/target/dependency/jnvm-1.0-SNAPSHOT.jar:/home/anatole/ycsb/core/target/dependency/pcj-1.0.jar:/home/anatole/ycsb/core/target/dependency/unsafe-helper-1.0.jar:/home/anatole/ycsb/jnvm/target/jnvm-binding-0.18.0-SNAPSHOT.jar:/home/anatole/ycsb/jnvm/target/dependency/guava-18.0.jar:/home/anatole/ycsb/jnvm/target/dependency/javax.persistence-api-2.2.jar:/home/anatole/ycsb/jnvm/target/dependency/jnvm-1.0-SNAPSHOT.jar:/home/anatole/ycsb/jnvm/target/dependency/unsafe-helper-1.0.jar site.ycsb.Client -t -db site.ycsb.db.VolatileHashMapClient -P ../workloads/workloada -preload -s -threads 1 -p dataintegrity=true -p offheap=false -p recordcount=3000000 -p operationcount=10000000 -p fieldcount=10 -p fieldlength=100 -p requestdistribution=zipfian -p measurement.trackjvm=true -p measurementtype=hdrhistogram -p hdrhistogram.output.path=./out/exp8.pdt.ref/log/jnvm-vhmap.run.workloada.true.3000000.1.10.100.zipfian.1.false.true.default.default.none.r3.hdr.log
[OVERALL], RunTime(ms), 46037
[OVERALL], Throughput(ops/sec), 282381.5626561244
[TOTAL_GCS_G1_Young_Generation], Count, 54
[TOTAL_GC_TIME_G1_Young_Generation], Time(ms), 7145
[TOTAL_GC_TIME_%_G1_Young_Generation], Time(%), 15.520125116753917
[TOTAL_GCS_G1_Old_Generation], Count, 0
[TOTAL_GC_TIME_G1_Old_Generation], Time(ms), 0
[TOTAL_GC_TIME_%_G1_Old_Generation], Time(%), 0.0
[TOTAL_GCs], Count, 54
[TOTAL_GC_TIME], Time(ms), 7145
[TOTAL_GC_TIME_%], Time(%), 15.520125116753917
[MAX_MEM_USED], MBs, 12905
[MIN_MEM_USED], MBs, 146
[MAX_THREADS], Count, 3
[MIN_THREADS], Count, 2
[MAX_SYS_LOAD_AVG], Load, 4.56
[MIN_SYS_LOAD_AVG], Load, 2.74
[THREAD_COUNT], Operations, 6
[THREAD_COUNT], AverageLatency(ns), 2.8333333333333335
[THREAD_COUNT], MinLatency(ns), 2
[THREAD_COUNT], MaxLatency(ns), 3
[THREAD_COUNT], 95thPercentileLatency(ns), 3
[THREAD_COUNT], 99thPercentileLatency(ns), 3
[SYS_LOAD_AVG], Operations, 6
[SYS_LOAD_AVG], AverageLatency(ns), 3.0
[SYS_LOAD_AVG], MinLatency(ns), 2
[SYS_LOAD_AVG], MaxLatency(ns), 4
[SYS_LOAD_AVG], 95thPercentileLatency(ns), 4
[SYS_LOAD_AVG], 99thPercentileLatency(ns), 4
[LOAD], Operations, 1
[LOAD], AverageLatency(ns), 3.227090944E10
[LOAD], MinLatency(ns), 32270843904
[LOAD], MaxLatency(ns), 32270974975
[LOAD], 95thPercentileLatency(ns), 32270974975
[LOAD], 99thPercentileLatency(ns), 32270974975
[USED_MEM_MB], Operations, 6
[USED_MEM_MB], AverageLatency(ns), 7981.166666666667
[USED_MEM_MB], MinLatency(ns), 146
[USED_MEM_MB], MaxLatency(ns), 12905
[USED_MEM_MB], 95thPercentileLatency(ns), 12905
[USED_MEM_MB], 99thPercentileLatency(ns), 12905
[MAIN_GCs_Count], Operations, 1
[MAIN_GCs_Count], AverageLatency(ns), 6.0
[MAIN_GCs_Count], MinLatency(ns), 6
[MAIN_GCs_Count], MaxLatency(ns), 6
[MAIN_GCs_Count], 95thPercentileLatency(ns), 6
[MAIN_GCs_Count], 99thPercentileLatency(ns), 6
[MAIN_GCs_Time(ms)], Operations, 1
[MAIN_GCs_Time(ms)], AverageLatency(ns), 810.0
[MAIN_GCs_Time(ms)], MinLatency(ns), 810
[MAIN_GCs_Time(ms)], MaxLatency(ns), 810
[MAIN_GCs_Time(ms)], 95thPercentileLatency(ns), 810
[MAIN_GCs_Time(ms)], 99thPercentileLatency(ns), 810
[TRANSACTION], Operations, 1
[TRANSACTION], AverageLatency(ns), 1.3504512E10
[TRANSACTION], MinLatency(ns), 13504479232
[TRANSACTION], MaxLatency(ns), 13504544767
[TRANSACTION], 95thPercentileLatency(ns), 13504544767
[TRANSACTION], 99thPercentileLatency(ns), 13504544767
[GCS_TIME], Operations, 6
[GCS_TIME], AverageLatency(ns), 1190.8333333333333
[GCS_TIME], MinLatency(ns), 0
[GCS_TIME], MaxLatency(ns), 2002
[GCS_TIME], 95thPercentileLatency(ns), 2002
[GCS_TIME], 99thPercentileLatency(ns), 2002
[LOAD_GCs_Time(ms)], Operations, 1
[LOAD_GCs_Time(ms)], AverageLatency(ns), 6135.0
[LOAD_GCs_Time(ms)], MinLatency(ns), 6135
[LOAD_GCs_Time(ms)], MaxLatency(ns), 6135
[LOAD_GCs_Time(ms)], 95thPercentileLatency(ns), 6135
[LOAD_GCs_Time(ms)], 99thPercentileLatency(ns), 6135
[READ], Operations, 5000905
[READ], AverageLatency(ns), 280.3590552110068
[READ], MinLatency(ns), 51
[READ], MaxLatency(ns), 56971
[READ], 95thPercentileLatency(ns), 525
[READ], 99thPercentileLatency(ns), 726
[READ], Return=OK, 5000905
[INIT], Operations, 1
[INIT], AverageLatency(ns), 230394.0
[INIT], MinLatency(ns), 230394
[INIT], MaxLatency(ns), 230394
[INIT], 95thPercentileLatency(ns), 230394
[INIT], 99thPercentileLatency(ns), 230394
[GCS], Operations, 6
[GCS], AverageLatency(ns), 9.0
[GCS], MinLatency(ns), 0
[GCS], MaxLatency(ns), 22
[GCS], 95thPercentileLatency(ns), 22
[GCS], 99thPercentileLatency(ns), 22
[LOAD_GCs_Count], Operations, 1
[LOAD_GCs_Count], AverageLatency(ns), 46.0
[LOAD_GCs_Count], MinLatency(ns), 46
[LOAD_GCs_Count], MaxLatency(ns), 46
[LOAD_GCs_Count], 95thPercentileLatency(ns), 46
[LOAD_GCs_Count], 99thPercentileLatency(ns), 46
[CLEANUP], Operations, 1
[CLEANUP], AverageLatency(ns), 79928.0
[CLEANUP], MinLatency(ns), 79928
[CLEANUP], MaxLatency(ns), 79928
[CLEANUP], 95thPercentileLatency(ns), 79928
[CLEANUP], 99thPercentileLatency(ns), 79928
[INSERT], Operations, 3000000
[INSERT], AverageLatency(ns), 467.753868
[INSERT], MinLatency(ns), 226
[INSERT], MaxLatency(ns), 205636607
[INSERT], 95thPercentileLatency(ns), 605
[INSERT], 99thPercentileLatency(ns), 824
[INSERT], Return=OK, 3000000
[UPDATE], Operations, 4999095
[UPDATE], AverageLatency(ns), 447.8551903894605
[UPDATE], MinLatency(ns), 77
[UPDATE], MaxLatency(ns), 11042303
[UPDATE], 95thPercentileLatency(ns), 796
[UPDATE], 99thPercentileLatency(ns), 986
[UPDATE], Return=OK, 4999095
