/home/anatole/jdk8u/build/linux-x86_64-normal-server-release/jdk/bin/java -Xmx20g -XX:+UseG1GC -classpath /home/anatole/ycsb/conf:/home/anatole/ycsb/core/target/core-0.18.0-SNAPSHOT.jar:/home/anatole/ycsb/core/target/dependency/HdrHistogram-2.1.4.jar:/home/anatole/ycsb/core/target/dependency/guava-18.0.jar:/home/anatole/ycsb/core/target/dependency/htrace-core4-4.1.0-incubating.jar:/home/anatole/ycsb/core/target/dependency/jackson-core-asl-1.9.4.jar:/home/anatole/ycsb/core/target/dependency/jackson-mapper-asl-1.9.4.jar:/home/anatole/ycsb/core/target/dependency/javax.persistence-api-2.2.jar:/home/anatole/ycsb/core/target/dependency/jnvm-1.0-SNAPSHOT.jar:/home/anatole/ycsb/core/target/dependency/pcj-1.0.jar:/home/anatole/ycsb/core/target/dependency/unsafe-helper-1.0.jar:/home/anatole/ycsb/jnvm/target/jnvm-binding-0.18.0-SNAPSHOT.jar:/home/anatole/ycsb/jnvm/target/dependency/guava-18.0.jar:/home/anatole/ycsb/jnvm/target/dependency/javax.persistence-api-2.2.jar:/home/anatole/ycsb/jnvm/target/dependency/jnvm-1.0-SNAPSHOT.jar:/home/anatole/ycsb/jnvm/target/dependency/unsafe-helper-1.0.jar site.ycsb.Client -t -db site.ycsb.db.VolatileTreeMapClient -P ../workloads/workloada -preload -s -threads 1 -p dataintegrity=false -p offheap=false -p recordcount=1000000 -p operationcount=3000000 -p fieldcount=10 -p fieldlength=100 -p requestdistribution=zipfian -p measurement.trackjvm=true -p measurementtype=hdrhistogram -p hdrhistogram.output.path=./out/exp8.pdt.ref/log/jnvm-vtmap.run.workloada.false.1000000.1.10.100.zipfian.1.false.true.default.default.none.r1.hdr.log
[OVERALL], RunTime(ms), 7944
[OVERALL], Throughput(ops/sec), 503524.67270896275
[TOTAL_GCS_G1_Young_Generation], Count, 7
[TOTAL_GC_TIME_G1_Young_Generation], Time(ms), 854
[TOTAL_GC_TIME_%_G1_Young_Generation], Time(%), 10.750251762336354
[TOTAL_GCS_G1_Old_Generation], Count, 0
[TOTAL_GC_TIME_G1_Old_Generation], Time(ms), 0
[TOTAL_GC_TIME_%_G1_Old_Generation], Time(%), 0.0
[TOTAL_GCs], Count, 7
[TOTAL_GC_TIME], Time(ms), 854
[TOTAL_GC_TIME_%], Time(%), 10.750251762336354
[MAX_MEM_USED], MBs, 2244
[MIN_MEM_USED], MBs, 138
[MAX_THREADS], Count, 3
[MIN_THREADS], Count, 2
[MAX_SYS_LOAD_AVG], Load, 3.32
[MIN_SYS_LOAD_AVG], Load, 2.91
[THREAD_COUNT], Operations, 2
[THREAD_COUNT], AverageLatency(ns), 2.5
[THREAD_COUNT], MinLatency(ns), 2
[THREAD_COUNT], MaxLatency(ns), 3
[THREAD_COUNT], 95thPercentileLatency(ns), 3
[THREAD_COUNT], 99thPercentileLatency(ns), 3
[SYS_LOAD_AVG], Operations, 2
[SYS_LOAD_AVG], AverageLatency(ns), 2.5
[SYS_LOAD_AVG], MinLatency(ns), 2
[SYS_LOAD_AVG], MaxLatency(ns), 3
[SYS_LOAD_AVG], 95thPercentileLatency(ns), 3
[SYS_LOAD_AVG], 99thPercentileLatency(ns), 3
[LOAD], Operations, 1
[LOAD], AverageLatency(ns), 3.09219328E9
[LOAD], MinLatency(ns), 3092185088
[LOAD], MaxLatency(ns), 3092201471
[LOAD], 95thPercentileLatency(ns), 3092201471
[LOAD], 99thPercentileLatency(ns), 3092201471
[USED_MEM_MB], Operations, 2
[USED_MEM_MB], AverageLatency(ns), 1191.0
[USED_MEM_MB], MinLatency(ns), 138
[USED_MEM_MB], MaxLatency(ns), 2244
[USED_MEM_MB], 95thPercentileLatency(ns), 2244
[USED_MEM_MB], 99thPercentileLatency(ns), 2244
[MAIN_GCs_Count], Operations, 1
[MAIN_GCs_Count], AverageLatency(ns), 1.0
[MAIN_GCs_Count], MinLatency(ns), 1
[MAIN_GCs_Count], MaxLatency(ns), 1
[MAIN_GCs_Count], 95thPercentileLatency(ns), 1
[MAIN_GCs_Count], 99thPercentileLatency(ns), 1
[MAIN_GCs_Time(ms)], Operations, 1
[MAIN_GCs_Time(ms)], AverageLatency(ns), 94.0
[MAIN_GCs_Time(ms)], MinLatency(ns), 94
[MAIN_GCs_Time(ms)], MaxLatency(ns), 94
[MAIN_GCs_Time(ms)], 95thPercentileLatency(ns), 94
[MAIN_GCs_Time(ms)], 99thPercentileLatency(ns), 94
[TRANSACTION], Operations, 1
[TRANSACTION], AverageLatency(ns), 4.786733056E9
[TRANSACTION], MinLatency(ns), 4786716672
[TRANSACTION], MaxLatency(ns), 4786749439
[TRANSACTION], 95thPercentileLatency(ns), 4786749439
[TRANSACTION], 99thPercentileLatency(ns), 4786749439
[GCS_TIME], Operations, 2
[GCS_TIME], AverageLatency(ns), 427.0
[GCS_TIME], MinLatency(ns), 121
[GCS_TIME], MaxLatency(ns), 733
[GCS_TIME], 95thPercentileLatency(ns), 733
[GCS_TIME], 99thPercentileLatency(ns), 733
[LOAD_GCs_Time(ms)], Operations, 1
[LOAD_GCs_Time(ms)], AverageLatency(ns), 760.0
[LOAD_GCs_Time(ms)], MinLatency(ns), 760
[LOAD_GCs_Time(ms)], MaxLatency(ns), 760
[LOAD_GCs_Time(ms)], 95thPercentileLatency(ns), 760
[LOAD_GCs_Time(ms)], 99thPercentileLatency(ns), 760
[READ], Operations, 1498738
[READ], AverageLatency(ns), 972.4416022013187
[READ], MinLatency(ns), 64
[READ], MaxLatency(ns), 234641
[READ], 95thPercentileLatency(ns), 1686
[READ], 99thPercentileLatency(ns), 1995
[READ], Return=OK, 1498738
[INIT], Operations, 1
[INIT], AverageLatency(ns), 252338.0
[INIT], MinLatency(ns), 252338
[INIT], MaxLatency(ns), 252338
[INIT], 95thPercentileLatency(ns), 252338
[INIT], 99thPercentileLatency(ns), 252338
[GCS], Operations, 2
[GCS], AverageLatency(ns), 3.5
[GCS], MinLatency(ns), 0
[GCS], MaxLatency(ns), 7
[GCS], 95thPercentileLatency(ns), 7
[GCS], 99thPercentileLatency(ns), 7
[LOAD_GCs_Count], Operations, 1
[LOAD_GCs_Count], AverageLatency(ns), 6.0
[LOAD_GCs_Count], MinLatency(ns), 6
[LOAD_GCs_Count], MaxLatency(ns), 6
[LOAD_GCs_Count], 95thPercentileLatency(ns), 6
[LOAD_GCs_Count], 99thPercentileLatency(ns), 6
[CLEANUP], Operations, 1
[CLEANUP], AverageLatency(ns), 16041.0
[CLEANUP], MinLatency(ns), 16041
[CLEANUP], MaxLatency(ns), 16041
[CLEANUP], 95thPercentileLatency(ns), 16041
[CLEANUP], 99thPercentileLatency(ns), 16041
[INSERT], Operations, 1000000
[INSERT], AverageLatency(ns), 1756.470207
[INSERT], MinLatency(ns), 377
[INSERT], MaxLatency(ns), 173895679
[INSERT], 95thPercentileLatency(ns), 2178
[INSERT], 99thPercentileLatency(ns), 2778
[INSERT], Return=OK, 1000000
[UPDATE], Operations, 1501262
[UPDATE], AverageLatency(ns), 1162.6123175035405
[UPDATE], MinLatency(ns), 147
[UPDATE], MaxLatency(ns), 387437
[UPDATE], 95thPercentileLatency(ns), 1914
[UPDATE], 99thPercentileLatency(ns), 2244
[UPDATE], Return=OK, 1501262
