/home/anatole/jdk8u/build/linux-x86_64-normal-server-release/jdk/bin/java -Xmx20g -XX:+UseG1GC -classpath /home/anatole/ycsb/conf:/home/anatole/ycsb/core/target/core-0.18.0-SNAPSHOT.jar:/home/anatole/ycsb/core/target/dependency/HdrHistogram-2.1.4.jar:/home/anatole/ycsb/core/target/dependency/guava-18.0.jar:/home/anatole/ycsb/core/target/dependency/htrace-core4-4.1.0-incubating.jar:/home/anatole/ycsb/core/target/dependency/jackson-core-asl-1.9.4.jar:/home/anatole/ycsb/core/target/dependency/jackson-mapper-asl-1.9.4.jar:/home/anatole/ycsb/core/target/dependency/javax.persistence-api-2.2.jar:/home/anatole/ycsb/core/target/dependency/jnvm-1.0-SNAPSHOT.jar:/home/anatole/ycsb/core/target/dependency/pcj-1.0.jar:/home/anatole/ycsb/core/target/dependency/unsafe-helper-1.0.jar:/home/anatole/ycsb/jnvm/target/jnvm-binding-0.18.0-SNAPSHOT.jar:/home/anatole/ycsb/jnvm/target/dependency/guava-18.0.jar:/home/anatole/ycsb/jnvm/target/dependency/javax.persistence-api-2.2.jar:/home/anatole/ycsb/jnvm/target/dependency/jnvm-1.0-SNAPSHOT.jar:/home/anatole/ycsb/jnvm/target/dependency/unsafe-helper-1.0.jar site.ycsb.Client -t -db site.ycsb.db.BlackholeClient -P ../workloads/workloada -preload -s -threads 1 -p dataintegrity=true -p offheap=false -p recordcount=1000000 -p operationcount=3000000 -p fieldcount=10 -p fieldlength=100 -p requestdistribution=zipfian -p measurement.trackjvm=true -p measurementtype=hdrhistogram -p hdrhistogram.output.path=./out/exp8.pdt.ref/log/jnvm-blackhole.run.workloada.true.1000000.1.10.100.zipfian.1.false.true.default.default.none.r3.hdr.log
[OVERALL], RunTime(ms), 10766
[OVERALL], Throughput(ops/sec), 371540.033438603
[TOTAL_GCS_G1_Young_Generation], Count, 21
[TOTAL_GC_TIME_G1_Young_Generation], Time(ms), 124
[TOTAL_GC_TIME_%_G1_Young_Generation], Time(%), 1.1517741036596691
[TOTAL_GCS_G1_Old_Generation], Count, 0
[TOTAL_GC_TIME_G1_Old_Generation], Time(ms), 0
[TOTAL_GC_TIME_%_G1_Old_Generation], Time(%), 0.0
[TOTAL_GCs], Count, 21
[TOTAL_GC_TIME], Time(ms), 124
[TOTAL_GC_TIME_%], Time(%), 1.1517741036596691
[MAX_MEM_USED], MBs, 860
[MIN_MEM_USED], MBs, 54
[MAX_THREADS], Count, 3
[MIN_THREADS], Count, 2
[MAX_SYS_LOAD_AVG], Load, 0.89
[MIN_SYS_LOAD_AVG], Load, 0.87
[THREAD_COUNT], Operations, 3
[THREAD_COUNT], AverageLatency(ns), 2.6666666666666665
[THREAD_COUNT], MinLatency(ns), 2
[THREAD_COUNT], MaxLatency(ns), 3
[THREAD_COUNT], 95thPercentileLatency(ns), 3
[THREAD_COUNT], 99thPercentileLatency(ns), 3
[SYS_LOAD_AVG], Operations, 3
[SYS_LOAD_AVG], AverageLatency(ns), 0.0
[SYS_LOAD_AVG], MinLatency(ns), 0
[SYS_LOAD_AVG], MaxLatency(ns), 0
[SYS_LOAD_AVG], 95thPercentileLatency(ns), 0
[SYS_LOAD_AVG], 99thPercentileLatency(ns), 0
[LOAD], Operations, 1
[LOAD], AverageLatency(ns), 8.005107712E9
[LOAD], MinLatency(ns), 8005091328
[LOAD], MaxLatency(ns), 8005124095
[LOAD], 95thPercentileLatency(ns), 8005124095
[LOAD], 99thPercentileLatency(ns), 8005124095
[USED_MEM_MB], Operations, 3
[USED_MEM_MB], AverageLatency(ns), 400.6666666666667
[USED_MEM_MB], MinLatency(ns), 54
[USED_MEM_MB], MaxLatency(ns), 860
[USED_MEM_MB], 95thPercentileLatency(ns), 860
[USED_MEM_MB], 99thPercentileLatency(ns), 860
[MAIN_GCs_Count], Operations, 1
[MAIN_GCs_Count], AverageLatency(ns), 4.0
[MAIN_GCs_Count], MinLatency(ns), 4
[MAIN_GCs_Count], MaxLatency(ns), 4
[MAIN_GCs_Count], 95thPercentileLatency(ns), 4
[MAIN_GCs_Count], 99thPercentileLatency(ns), 4
[MAIN_GCs_Time(ms)], Operations, 1
[MAIN_GCs_Time(ms)], AverageLatency(ns), 21.0
[MAIN_GCs_Time(ms)], MinLatency(ns), 21
[MAIN_GCs_Time(ms)], MaxLatency(ns), 21
[MAIN_GCs_Time(ms)], 95thPercentileLatency(ns), 21
[MAIN_GCs_Time(ms)], 99thPercentileLatency(ns), 21
[TRANSACTION], Operations, 1
[TRANSACTION], AverageLatency(ns), 2.661146624E9
[TRANSACTION], MinLatency(ns), 2661138432
[TRANSACTION], MaxLatency(ns), 2661154815
[TRANSACTION], 95thPercentileLatency(ns), 2661154815
[TRANSACTION], 99thPercentileLatency(ns), 2661154815
[GCS_TIME], Operations, 3
[GCS_TIME], AverageLatency(ns), 41.333333333333336
[GCS_TIME], MinLatency(ns), 0
[GCS_TIME], MaxLatency(ns), 124
[GCS_TIME], 95thPercentileLatency(ns), 124
[GCS_TIME], 99thPercentileLatency(ns), 124
[LOAD_GCs_Time(ms)], Operations, 1
[LOAD_GCs_Time(ms)], AverageLatency(ns), 103.0
[LOAD_GCs_Time(ms)], MinLatency(ns), 103
[LOAD_GCs_Time(ms)], MaxLatency(ns), 103
[LOAD_GCs_Time(ms)], 95thPercentileLatency(ns), 103
[LOAD_GCs_Time(ms)], 99thPercentileLatency(ns), 103
[READ], Operations, 1499364
[READ], AverageLatency(ns), 19.62461950533693
[READ], MinLatency(ns), 17
[READ], MaxLatency(ns), 15811
[READ], 95thPercentileLatency(ns), 22
[READ], 99thPercentileLatency(ns), 27
[READ], Return=OK, 1499364
[INIT], Operations, 1
[INIT], AverageLatency(ns), 5511.0
[INIT], MinLatency(ns), 5511
[INIT], MaxLatency(ns), 5511
[INIT], 95thPercentileLatency(ns), 5511
[INIT], 99thPercentileLatency(ns), 5511
[GCS], Operations, 3
[GCS], AverageLatency(ns), 7.0
[GCS], MinLatency(ns), 0
[GCS], MaxLatency(ns), 21
[GCS], 95thPercentileLatency(ns), 21
[GCS], 99thPercentileLatency(ns), 21
[LOAD_GCs_Count], Operations, 1
[LOAD_GCs_Count], AverageLatency(ns), 17.0
[LOAD_GCs_Count], MinLatency(ns), 17
[LOAD_GCs_Count], MaxLatency(ns), 17
[LOAD_GCs_Count], 95thPercentileLatency(ns), 17
[LOAD_GCs_Count], 99thPercentileLatency(ns), 17
[CLEANUP], Operations, 1
[CLEANUP], AverageLatency(ns), 2498.0
[CLEANUP], MinLatency(ns), 2498
[CLEANUP], MaxLatency(ns), 2498
[CLEANUP], 95thPercentileLatency(ns), 2498
[CLEANUP], 99thPercentileLatency(ns), 2498
[INSERT], Operations, 1000000
[INSERT], AverageLatency(ns), 20.690974
[INSERT], MinLatency(ns), 18
[INSERT], MaxLatency(ns), 7260
[INSERT], 95thPercentileLatency(ns), 23
[INSERT], 99thPercentileLatency(ns), 47
[INSERT], Return=OK, 1000000
[UPDATE], Operations, 1500636
[UPDATE], AverageLatency(ns), 19.90141446693269
[UPDATE], MinLatency(ns), 17
[UPDATE], MaxLatency(ns), 15834
[UPDATE], 95thPercentileLatency(ns), 22
[UPDATE], 99thPercentileLatency(ns), 27
[UPDATE], Return=OK, 1500636
