/home/anatole/jdk8u/build/linux-x86_64-normal-server-release/jdk/bin/java -Xmx20g -XX:+UseG1GC -classpath /home/anatole/ycsb/conf:/home/anatole/ycsb/core/target/core-0.18.0-SNAPSHOT.jar:/home/anatole/ycsb/core/target/dependency/HdrHistogram-2.1.4.jar:/home/anatole/ycsb/core/target/dependency/guava-18.0.jar:/home/anatole/ycsb/core/target/dependency/htrace-core4-4.1.0-incubating.jar:/home/anatole/ycsb/core/target/dependency/jackson-core-asl-1.9.4.jar:/home/anatole/ycsb/core/target/dependency/jackson-mapper-asl-1.9.4.jar:/home/anatole/ycsb/core/target/dependency/javax.persistence-api-2.2.jar:/home/anatole/ycsb/core/target/dependency/jnvm-1.0-SNAPSHOT.jar:/home/anatole/ycsb/core/target/dependency/pcj-1.0.jar:/home/anatole/ycsb/core/target/dependency/unsafe-helper-1.0.jar:/home/anatole/ycsb/jnvm/target/jnvm-binding-0.18.0-SNAPSHOT.jar:/home/anatole/ycsb/jnvm/target/dependency/guava-18.0.jar:/home/anatole/ycsb/jnvm/target/dependency/javax.persistence-api-2.2.jar:/home/anatole/ycsb/jnvm/target/dependency/jnvm-1.0-SNAPSHOT.jar:/home/anatole/ycsb/jnvm/target/dependency/unsafe-helper-1.0.jar site.ycsb.Client -t -db site.ycsb.db.RecoverableHashMapClient -P ../workloads/workloada -s -threads 1 -p dataintegrity=true -p offheap=true -p recordcount=3000000 -p operationcount=10000000 -p fieldcount=10 -p fieldlength=100 -p requestdistribution=zipfian -p measurement.trackjvm=true -p measurementtype=hdrhistogram -p hdrhistogram.output.path=./out/exp8.pdt.ref/log/jnvm-rhmap.run.workloada.true.3000000.1.10.100.zipfian.1.false.true.default.default.none.r6.hdr.log
[OVERALL], RunTime(ms), 51455
[OVERALL], Throughput(ops/sec), 194344.572927801
[TOTAL_GCS_G1_Young_Generation], Count, 70
[TOTAL_GC_TIME_G1_Young_Generation], Time(ms), 21922
[TOTAL_GC_TIME_%_G1_Young_Generation], Time(%), 42.60421727723253
[TOTAL_GCS_G1_Old_Generation], Count, 0
[TOTAL_GC_TIME_G1_Old_Generation], Time(ms), 0
[TOTAL_GC_TIME_%_G1_Old_Generation], Time(%), 0.0
[TOTAL_GCs], Count, 70
[TOTAL_GC_TIME], Time(ms), 21922
[TOTAL_GC_TIME_%], Time(%), 42.60421727723253
[MAX_MEM_USED], MBs, 13823
[MIN_MEM_USED], MBs, 26
[MAX_THREADS], Count, 42
[MIN_THREADS], Count, 3
[MAX_SYS_LOAD_AVG], Load, 21.52
[MIN_SYS_LOAD_AVG], Load, 16.77
[THREAD_COUNT], Operations, 7
[THREAD_COUNT], AverageLatency(ns), 33.714285714285715
[THREAD_COUNT], MinLatency(ns), 3
[THREAD_COUNT], MaxLatency(ns), 42
[THREAD_COUNT], 95thPercentileLatency(ns), 42
[THREAD_COUNT], 99thPercentileLatency(ns), 42
[SYS_LOAD_AVG], Operations, 7
[SYS_LOAD_AVG], AverageLatency(ns), 19.571428571428573
[SYS_LOAD_AVG], MinLatency(ns), 16
[SYS_LOAD_AVG], MaxLatency(ns), 21
[SYS_LOAD_AVG], 95thPercentileLatency(ns), 21
[SYS_LOAD_AVG], 99thPercentileLatency(ns), 21
[USED_MEM_MB], Operations, 7
[USED_MEM_MB], AverageLatency(ns), 10951.857142857143
[USED_MEM_MB], MinLatency(ns), 26
[USED_MEM_MB], MaxLatency(ns), 13823
[USED_MEM_MB], 95thPercentileLatency(ns), 13823
[USED_MEM_MB], 99thPercentileLatency(ns), 13823
[MAIN_GCs_Count], Operations, 1
[MAIN_GCs_Count], AverageLatency(ns), 19.0
[MAIN_GCs_Count], MinLatency(ns), 19
[MAIN_GCs_Count], MaxLatency(ns), 19
[MAIN_GCs_Count], 95thPercentileLatency(ns), 19
[MAIN_GCs_Count], 99thPercentileLatency(ns), 19
[MAIN_GCs_Time(ms)], Operations, 1
[MAIN_GCs_Time(ms)], AverageLatency(ns), 14682.0
[MAIN_GCs_Time(ms)], MinLatency(ns), 14682
[MAIN_GCs_Time(ms)], MaxLatency(ns), 14682
[MAIN_GCs_Time(ms)], 95thPercentileLatency(ns), 14682
[MAIN_GCs_Time(ms)], 99thPercentileLatency(ns), 14682
[TRANSACTION], Operations, 1
[TRANSACTION], AverageLatency(ns), 3.5795369984E10
[TRANSACTION], MinLatency(ns), 35795238912
[TRANSACTION], MaxLatency(ns), 35795501055
[TRANSACTION], 95thPercentileLatency(ns), 35795501055
[TRANSACTION], 99thPercentileLatency(ns), 35795501055
[GCS_TIME], Operations, 7
[GCS_TIME], AverageLatency(ns), 3131.714285714286
[GCS_TIME], MinLatency(ns), 0
[GCS_TIME], MaxLatency(ns), 4947
[GCS_TIME], 95thPercentileLatency(ns), 4947
[GCS_TIME], 99thPercentileLatency(ns), 4947
[READ], Operations, 5002802
[READ], AverageLatency(ns), 410.8359729207752
[READ], MinLatency(ns), 77
[READ], MaxLatency(ns), 9841535
[READ], 95thPercentileLatency(ns), 754
[READ], 99thPercentileLatency(ns), 952
[READ], Return=OK, 5002802
[INIT], Operations, 1
[INIT], AverageLatency(ns), 1.5612346368E10
[INIT], MinLatency(ns), 15612313600
[INIT], MaxLatency(ns), 15612379135
[INIT], 95thPercentileLatency(ns), 15612379135
[INIT], 99thPercentileLatency(ns), 15612379135
[GCS], Operations, 7
[GCS], AverageLatency(ns), 10.0
[GCS], MinLatency(ns), 0
[GCS], MaxLatency(ns), 38
[GCS], 95thPercentileLatency(ns), 38
[GCS], 99thPercentileLatency(ns), 38
[CLEANUP], Operations, 1
[CLEANUP], AverageLatency(ns), 23937.0
[CLEANUP], MinLatency(ns), 23937
[CLEANUP], MaxLatency(ns), 23937
[CLEANUP], 95thPercentileLatency(ns), 23937
[CLEANUP], 99thPercentileLatency(ns), 23937
[UPDATE], Operations, 4997198
[UPDATE], AverageLatency(ns), 1123.1963998624828
[UPDATE], MinLatency(ns), 119
[UPDATE], MaxLatency(ns), 17936639
[UPDATE], 95thPercentileLatency(ns), 1803
[UPDATE], 99thPercentileLatency(ns), 2396
[UPDATE], Return=OK, 4997198
