/home/anatole/jdk8u/build/linux-x86_64-normal-server-release/jdk/bin/java -Xmx20g -classpath /home/anatole/ycsb/conf:/home/anatole/ycsb/core/target/core-0.18.0-SNAPSHOT.jar:/home/anatole/ycsb/core/target/dependency/HdrHistogram-2.1.4.jar:/home/anatole/ycsb/core/target/dependency/guava-18.0.jar:/home/anatole/ycsb/core/target/dependency/htrace-core4-4.1.0-incubating.jar:/home/anatole/ycsb/core/target/dependency/jackson-core-asl-1.9.4.jar:/home/anatole/ycsb/core/target/dependency/jackson-mapper-asl-1.9.4.jar:/home/anatole/ycsb/core/target/dependency/javax.persistence-api-2.2.jar:/home/anatole/ycsb/core/target/dependency/jnvm-1.0-SNAPSHOT.jar:/home/anatole/ycsb/core/target/dependency/unsafe-helper-1.0.jar:/home/anatole/ycsb/infinispan/src/main/conf:/home/anatole/ycsb/infinispan/target/infinispan-binding-0.18.0-SNAPSHOT.jar:/home/anatole/ycsb/infinispan/target/dependency/caffeine-2.6.2.jar:/home/anatole/ycsb/infinispan/target/dependency/gson-2.8.2.jar:/home/anatole/ycsb/infinispan/target/dependency/guava-18.0.jar:/home/anatole/ycsb/infinispan/target/dependency/infinispan-cachestore-jnvm-1.0-SNAPSHOT.jar:/home/anatole/ycsb/infinispan/target/dependency/infinispan-client-hotrod-9.4.17.Final.jar:/home/anatole/ycsb/infinispan/target/dependency/infinispan-commons-9.4.17.Final.jar:/home/anatole/ycsb/infinispan/target/dependency/infinispan-core-9.4.17.Final.jar:/home/anatole/ycsb/infinispan/target/dependency/infinispan-embedded-9.0.1.Final.jar:/home/anatole/ycsb/infinispan/target/dependency/javax.persistence-api-2.2.jar:/home/anatole/ycsb/infinispan/target/dependency/jboss-logging-3.3.2.Final.jar:/home/anatole/ycsb/infinispan/target/dependency/jboss-marshalling-osgi-2.0.6.Final.jar:/home/anatole/ycsb/infinispan/target/dependency/jboss-transaction-api_1.1_spec-1.0.1.Final.jar:/home/anatole/ycsb/infinispan/target/dependency/jboss-transaction-api_1.2_spec-1.1.1.Final.jar:/home/anatole/ycsb/infinispan/target/dependency/jgroups-4.0.20.Final.jar:/home/anatole/ycsb/infinispan/target/dependency/jnvm-1.0-SNAPSHOT.jar:/home/anatole/ycsb/infinispan/target/dependency/metainf-services-1.7.jar:/home/anatole/ycsb/infinispan/target/dependency/netty-buffer-4.1.42.Final.jar:/home/anatole/ycsb/infinispan/target/dependency/netty-codec-4.1.42.Final.jar:/home/anatole/ycsb/infinispan/target/dependency/netty-common-4.1.42.Final.jar:/home/anatole/ycsb/infinispan/target/dependency/netty-handler-4.1.42.Final.jar:/home/anatole/ycsb/infinispan/target/dependency/netty-resolver-4.1.42.Final.jar:/home/anatole/ycsb/infinispan/target/dependency/netty-transport-4.1.42.Final.jar:/home/anatole/ycsb/infinispan/target/dependency/netty-transport-native-epoll-4.1.42.Final-linux-x86_64.jar:/home/anatole/ycsb/infinispan/target/dependency/netty-transport-native-unix-common-4.1.42.Final.jar:/home/anatole/ycsb/infinispan/target/dependency/reactive-streams-1.0.2.jar:/home/anatole/ycsb/infinispan/target/dependency/rxjava-2.2.4.jar:/home/anatole/ycsb/infinispan/target/dependency/unsafe-helper-1.0.jar site.ycsb.Client -t -db site.ycsb.db.InfinispanJNVMClient -P ../workloads/workloada -threads 1 -p dataintegrity=true -p offheap=true -p recordcount=3000000 -p operationcount=3000000 -p fieldcount=10 -p requestdistribution=zipfian -p measurementtype=hdrhistogram -p hdrhistogram.output.path=./out/exp1.cachesize.ref/log/infinispan-jnvm.run.workloada.true.3000000.900000.10.zipfian.1.hdr.log
[OVERALL], RunTime(ms), 54877
[OVERALL], Throughput(ops/sec), 54667.71142737394
[TOTAL_GCS_PS_Scavenge], Count, 12
[TOTAL_GC_TIME_PS_Scavenge], Time(ms), 16947
[TOTAL_GC_TIME_%_PS_Scavenge], Time(%), 30.881790185323542
[TOTAL_GCS_PS_MarkSweep], Count, 3
[TOTAL_GC_TIME_PS_MarkSweep], Time(ms), 19886
[TOTAL_GC_TIME_%_PS_MarkSweep], Time(%), 36.23740364815861
[TOTAL_GCs], Count, 15
[TOTAL_GC_TIME], Time(ms), 36833
[TOTAL_GC_TIME_%], Time(%), 67.11919383348214
[READ], Operations, 1501545
[READ], AverageLatency(ns), 1359.1145440196597
[READ], MinLatency(ns), 128
[READ], MaxLatency(ns), 33554431
[READ], 95thPercentileLatency(ns), 4095
[READ], 99thPercentileLatency(ns), 4095
[READ], Return=OK, 1501545
[INIT], Operations, 1
[INIT], AverageLatency(ns), 2.5769803776E10
[INIT], MinLatency(ns), 17179869184
[INIT], MaxLatency(ns), 34359738367
[INIT], 95thPercentileLatency(ns), 34359738367
[INIT], 99thPercentileLatency(ns), 34359738367
[CLEANUP], Operations, 1
[CLEANUP], AverageLatency(ns), 4.02653184E8
[CLEANUP], MinLatency(ns), 268435456
[CLEANUP], MaxLatency(ns), 536870911
[CLEANUP], 95thPercentileLatency(ns), 536870911
[CLEANUP], 99thPercentileLatency(ns), 536870911
[UPDATE], Operations, 1498455
[UPDATE], AverageLatency(ns), 4506.822379050422
[UPDATE], MinLatency(ns), 256
[UPDATE], MaxLatency(ns), 2147483647
[UPDATE], 95thPercentileLatency(ns), 8191
[UPDATE], 99thPercentileLatency(ns), 8191
[UPDATE], Return=OK, 1498455
