/home/anatole/jdk8u/build/linux-x86_64-normal-server-release/jdk/bin/java -Xmx20g -classpath /home/anatole/ycsb/conf:/home/anatole/ycsb/core/target/core-0.18.0-SNAPSHOT.jar:/home/anatole/ycsb/core/target/dependency/HdrHistogram-2.1.4.jar:/home/anatole/ycsb/core/target/dependency/guava-18.0.jar:/home/anatole/ycsb/core/target/dependency/htrace-core4-4.1.0-incubating.jar:/home/anatole/ycsb/core/target/dependency/jackson-core-asl-1.9.4.jar:/home/anatole/ycsb/core/target/dependency/jackson-mapper-asl-1.9.4.jar:/home/anatole/ycsb/core/target/dependency/javax.persistence-api-2.2.jar:/home/anatole/ycsb/core/target/dependency/jnvm-1.0-SNAPSHOT.jar:/home/anatole/ycsb/core/target/dependency/unsafe-helper-1.0.jar:/home/anatole/ycsb/infinispan/src/main/conf:/home/anatole/ycsb/infinispan/target/infinispan-binding-0.18.0-SNAPSHOT.jar:/home/anatole/ycsb/infinispan/target/dependency/caffeine-2.6.2.jar:/home/anatole/ycsb/infinispan/target/dependency/gson-2.8.2.jar:/home/anatole/ycsb/infinispan/target/dependency/guava-18.0.jar:/home/anatole/ycsb/infinispan/target/dependency/infinispan-cachestore-jnvm-1.0-SNAPSHOT.jar:/home/anatole/ycsb/infinispan/target/dependency/infinispan-client-hotrod-9.4.17.Final.jar:/home/anatole/ycsb/infinispan/target/dependency/infinispan-commons-9.4.17.Final.jar:/home/anatole/ycsb/infinispan/target/dependency/infinispan-core-9.4.17.Final.jar:/home/anatole/ycsb/infinispan/target/dependency/infinispan-embedded-9.0.1.Final.jar:/home/anatole/ycsb/infinispan/target/dependency/javax.persistence-api-2.2.jar:/home/anatole/ycsb/infinispan/target/dependency/jboss-logging-3.3.2.Final.jar:/home/anatole/ycsb/infinispan/target/dependency/jboss-marshalling-osgi-2.0.6.Final.jar:/home/anatole/ycsb/infinispan/target/dependency/jboss-transaction-api_1.1_spec-1.0.1.Final.jar:/home/anatole/ycsb/infinispan/target/dependency/jboss-transaction-api_1.2_spec-1.1.1.Final.jar:/home/anatole/ycsb/infinispan/target/dependency/jgroups-4.0.20.Final.jar:/home/anatole/ycsb/infinispan/target/dependency/jnvm-1.0-SNAPSHOT.jar:/home/anatole/ycsb/infinispan/target/dependency/metainf-services-1.7.jar:/home/anatole/ycsb/infinispan/target/dependency/netty-buffer-4.1.42.Final.jar:/home/anatole/ycsb/infinispan/target/dependency/netty-codec-4.1.42.Final.jar:/home/anatole/ycsb/infinispan/target/dependency/netty-common-4.1.42.Final.jar:/home/anatole/ycsb/infinispan/target/dependency/netty-handler-4.1.42.Final.jar:/home/anatole/ycsb/infinispan/target/dependency/netty-resolver-4.1.42.Final.jar:/home/anatole/ycsb/infinispan/target/dependency/netty-transport-4.1.42.Final.jar:/home/anatole/ycsb/infinispan/target/dependency/netty-transport-native-epoll-4.1.42.Final-linux-x86_64.jar:/home/anatole/ycsb/infinispan/target/dependency/netty-transport-native-unix-common-4.1.42.Final.jar:/home/anatole/ycsb/infinispan/target/dependency/reactive-streams-1.0.2.jar:/home/anatole/ycsb/infinispan/target/dependency/rxjava-2.2.4.jar:/home/anatole/ycsb/infinispan/target/dependency/unsafe-helper-1.0.jar site.ycsb.Client -t -db site.ycsb.db.InfinispanJNVMClient -P ../workloads/workloadb -threads 1 -p dataintegrity=true -p offheap=true -p recordcount=5000000 -p operationcount=5000000 -p fieldcount=10 -p requestdistribution=zipfian -p measurementtype=hdrhistogram -p hdrhistogram.output.path=./out/exp2.keycount.ref/log/infinispan-jnvm.run.workloadb.true.5000000.1.10.zipfian.1.hdr.log
[OVERALL], RunTime(ms), 274027
[OVERALL], Throughput(ops/sec), 18246.377181810552
[TOTAL_GCS_PS_Scavenge], Count, 66
[TOTAL_GC_TIME_PS_Scavenge], Time(ms), 47037
[TOTAL_GC_TIME_%_PS_Scavenge], Time(%), 17.16509687001646
[TOTAL_GCS_PS_MarkSweep], Count, 4
[TOTAL_GC_TIME_PS_MarkSweep], Time(ms), 52295
[TOTAL_GC_TIME_%_PS_MarkSweep], Time(%), 19.08388589445566
[TOTAL_GCs], Count, 70
[TOTAL_GC_TIME], Time(ms), 99332
[TOTAL_GC_TIME_%], Time(%), 36.24898276447212
[READ], Operations, 4749561
[READ], AverageLatency(ns), 2628.833632413606
[READ], MinLatency(ns), 128
[READ], MaxLatency(ns), 4194303
[READ], 95thPercentileLatency(ns), 4095
[READ], 99thPercentileLatency(ns), 4095
[READ], Return=OK, 4749561
[INIT], Operations, 1
[INIT], AverageLatency(ns), 2.06158430208E11
[INIT], MinLatency(ns), 137438953472
[INIT], MaxLatency(ns), 274877906943
[INIT], 95thPercentileLatency(ns), 274877906943
[INIT], 99thPercentileLatency(ns), 274877906943
[CLEANUP], Operations, 1
[CLEANUP], AverageLatency(ns), 1.2582912E7
[CLEANUP], MinLatency(ns), 8388608
[CLEANUP], MaxLatency(ns), 16777215
[CLEANUP], 95thPercentileLatency(ns), 16777215
[CLEANUP], 99thPercentileLatency(ns), 16777215
[UPDATE], Operations, 250439
[UPDATE], AverageLatency(ns), 4948.093739393625
[UPDATE], MinLatency(ns), 512
[UPDATE], MaxLatency(ns), 16777215
[UPDATE], 95thPercentileLatency(ns), 8191
[UPDATE], 99thPercentileLatency(ns), 16383
[UPDATE], Return=OK, 250439
[VERIFY], Operations, 4749561
[VERIFY], AverageLatency(ns), 24796.681832278813
[VERIFY], MinLatency(ns), 8192
[VERIFY], MaxLatency(ns), 4294967295
[VERIFY], 95thPercentileLatency(ns), 32767
[VERIFY], 99thPercentileLatency(ns), 32767
[VERIFY], Return=OK, 4749561
